/raid/jupyter-linjimmy1003.md10/.conda/envs/stress/lib/python3.11/site-packages/timm/models/layers/__init__.py:49: FutureWarning: Importing from timm.models.layers is deprecated, please import via timm.layers
  warnings.warn(f"Importing from {__name__} is deprecated, please import via timm.layers", FutureWarning)
Mode: FT | Extractor: reve | Folds: 5
LR: 1e-05 | WD: 0.05 | Beta2: 0.999 | Grad clip: 2.0
Head: hidden=128, dropout=0.0 | Norm: none | Loss: focal
Full FT: encoder_lr_scale=0.1
Augmentation: 75% overlap for increase class

Results → results/hp_sweep/20260410_dass/reve/reve_encoderlrscale0.1_lr1e-5_s42/
Dataset: 70 recordings loaded (14 increase, 56 normal)
Cache: 70 recordings ready (70 cached, 0 new)

============================================================
Fold 1/5
============================================================
  Train:  45 samples, 12 subjects [1, 2, 3, 4, 6, 7, 9, 10, 13, 14, 16, 18], label_0=34, label_1=11
    Val:  12 samples,  2 subjects [5, 11], label_0=11, label_1=1
   Test:  13 samples,  3 subjects [8, 12, 17], label_0=11, label_1=2
  Building window datasets...
    WindowDataset: 2802 windows (class_0=1311, class_1=1491)
    WindowDataset: 478 windows (class_0=448, class_1=30)
    WindowDataset: 588 windows (class_0=526, class_1=62)
[PosBank] Loaded 543 positions from weights/reve-positions
[REVE] Loaded 140/140 encoder params from weights/reve-base/model.safetensors
  Trainable parameters: 69,321,347
  Class weights: [1.0686498880386353, 0.9396378397941589]
  Fold 1 | Ep   1/50 | t_loss=0.3037 t_acc=0.553 | v_win_bal=0.416 v_rec_bal=0.182 | lr=3.3e-06 | 11.8s
  Fold 1 | Ep   2/50 | t_loss=0.2142 t_acc=0.600 | v_win_bal=0.433 v_rec_bal=0.182 | lr=6.7e-06 | 11.3s
  Fold 1 | Ep   3/50 | t_loss=0.1625 t_acc=0.695 | v_win_bal=0.391 v_rec_bal=0.591 | lr=1.0e-05 | 10.4s
  Fold 1 | Ep   4/50 | t_loss=0.1317 t_acc=0.759 | v_win_bal=0.398 v_rec_bal=0.500 | lr=1.0e-05 | 10.3s
  Fold 1 | Ep   5/50 | t_loss=0.1141 t_acc=0.808 | v_win_bal=0.387 v_rec_bal=0.591 | lr=1.0e-05 | 12.0s
  Fold 1 | Ep   6/50 | t_loss=0.1030 t_acc=0.831 | v_win_bal=0.355 v_rec_bal=0.136 | lr=9.9e-06 | 10.3s
  Fold 1 | Ep   7/50 | t_loss=0.0934 t_acc=0.854 | v_win_bal=0.362 v_rec_bal=0.591 | lr=9.8e-06 | 10.4s
  Fold 1 | Ep   8/50 | t_loss=0.0839 t_acc=0.873 | v_win_bal=0.335 v_rec_bal=0.136 | lr=9.7e-06 | 10.3s
  Fold 1 | Ep   9/50 | t_loss=0.0751 t_acc=0.893 | v_win_bal=0.324 v_rec_bal=0.136 | lr=9.6e-06 | 10.4s
  Fold 1 | Ep  10/50 | t_loss=0.0661 t_acc=0.909 | v_win_bal=0.308 v_rec_bal=0.136 | lr=9.5e-06 | 10.4s
  Fold 1 | Ep  11/50 | t_loss=0.0567 t_acc=0.926 | v_win_bal=0.295 v_rec_bal=0.136 | lr=9.3e-06 | 10.3s
  Fold 1 | Ep  12/50 | t_loss=0.0471 t_acc=0.941 | v_win_bal=0.280 v_rec_bal=0.136 | lr=9.1e-06 | 10.3s
  Fold 1 | Ep  13/50 | t_loss=0.0383 t_acc=0.954 | v_win_bal=0.262 v_rec_bal=0.136 | lr=8.9e-06 | 11.4s
  Fold 1 | Ep  14/50 | t_loss=0.0301 t_acc=0.967 | v_win_bal=0.303 v_rec_bal=0.227 | lr=8.7e-06 | 10.3s
  Fold 1 | Ep  15/50 | t_loss=0.0229 t_acc=0.978 | v_win_bal=0.291 v_rec_bal=0.227 | lr=8.5e-06 | 11.3s
  Fold 1 | Ep  16/50 | t_loss=0.0174 t_acc=0.985 | v_win_bal=0.303 v_rec_bal=0.227 | lr=8.2e-06 | 10.5s
  Fold 1 | Ep  17/50 | t_loss=0.0134 t_acc=0.990 | v_win_bal=0.296 v_rec_bal=0.227 | lr=8.0e-06 | 10.4s
  Fold 1 | Ep  18/50 | t_loss=0.0101 t_acc=0.995 | v_win_bal=0.292 v_rec_bal=0.227 | lr=7.7e-06 | 10.3s
  Fold 1 | Ep  19/50 | t_loss=0.0077 t_acc=0.996 | v_win_bal=0.286 v_rec_bal=0.227 | lr=7.4e-06 | 10.4s
  Fold 1 | Ep  20/50 | t_loss=0.0061 t_acc=0.998 | v_win_bal=0.293 v_rec_bal=0.227 | lr=7.1e-06 | 11.4s
  Early stop at epoch 20
  -> Test (best @ epoch 3): acc=0.8462, bal_acc=0.5000

============================================================
Fold 2/5
============================================================
  Train:  41 samples, 11 subjects [1, 2, 4, 6, 7, 9, 10, 13, 14, 17, 18], label_0=31, label_1=10
    Val:  17 samples,  4 subjects [3, 8, 12, 16], label_0=14, label_1=3
   Test:  12 samples,  2 subjects [5, 11], label_0=11, label_1=1
  Building window datasets...
    WindowDataset: 2588 windows (class_0=1222, class_1=1366)
    WindowDataset: 709 windows (class_0=615, class_1=94)
    WindowDataset: 478 windows (class_0=448, class_1=30)
[PosBank] Loaded 543 positions from weights/reve-positions
[REVE] Loaded 140/140 encoder params from weights/reve-base/model.safetensors
  Fold 2 | Ep   1/50 | t_loss=0.2432 t_acc=0.539 | v_win_bal=0.568 v_rec_bal=0.750 | lr=3.3e-06 | 10.1s
  Fold 2 | Ep   2/50 | t_loss=0.2026 t_acc=0.609 | v_win_bal=0.645 v_rec_bal=0.690 | lr=6.7e-06 | 10.2s
  Fold 2 | Ep   3/50 | t_loss=0.1568 t_acc=0.693 | v_win_bal=0.707 v_rec_bal=0.857 | lr=1.0e-05 | 10.0s
  Fold 2 | Ep   4/50 | t_loss=0.1208 t_acc=0.778 | v_win_bal=0.721 v_rec_bal=0.690 | lr=1.0e-05 | 10.1s
  Fold 2 | Ep   5/50 | t_loss=0.0988 t_acc=0.843 | v_win_bal=0.745 v_rec_bal=0.690 | lr=1.0e-05 | 10.1s
  Fold 2 | Ep   6/50 | t_loss=0.0828 t_acc=0.881 | v_win_bal=0.757 v_rec_bal=0.857 | lr=9.9e-06 | 10.1s
  Fold 2 | Ep   7/50 | t_loss=0.0686 t_acc=0.904 | v_win_bal=0.767 v_rec_bal=0.893 | lr=9.8e-06 | 10.2s
  Fold 2 | Ep   8/50 | t_loss=0.0568 t_acc=0.920 | v_win_bal=0.769 v_rec_bal=0.857 | lr=9.7e-06 | 10.1s
  Fold 2 | Ep   9/50 | t_loss=0.0471 t_acc=0.936 | v_win_bal=0.728 v_rec_bal=0.726 | lr=9.6e-06 | 10.4s
  Fold 2 | Ep  10/50 | t_loss=0.0386 t_acc=0.948 | v_win_bal=0.729 v_rec_bal=0.726 | lr=9.5e-06 | 10.3s
  Fold 2 | Ep  11/50 | t_loss=0.0307 t_acc=0.962 | v_win_bal=0.720 v_rec_bal=0.726 | lr=9.3e-06 | 10.2s
  Fold 2 | Ep  12/50 | t_loss=0.0247 t_acc=0.972 | v_win_bal=0.716 v_rec_bal=0.726 | lr=9.1e-06 | 10.2s
  Fold 2 | Ep  13/50 | t_loss=0.0196 t_acc=0.979 | v_win_bal=0.717 v_rec_bal=0.762 | lr=8.9e-06 | 10.5s
  Fold 2 | Ep  14/50 | t_loss=0.0157 t_acc=0.984 | v_win_bal=0.730 v_rec_bal=0.726 | lr=8.7e-06 | 10.2s
  Fold 2 | Ep  15/50 | t_loss=0.0124 t_acc=0.989 | v_win_bal=0.715 v_rec_bal=0.762 | lr=8.5e-06 | 10.2s
  Fold 2 | Ep  16/50 | t_loss=0.0098 t_acc=0.994 | v_win_bal=0.734 v_rec_bal=0.762 | lr=8.2e-06 | 10.1s
  Fold 2 | Ep  17/50 | t_loss=0.0077 t_acc=0.997 | v_win_bal=0.731 v_rec_bal=0.762 | lr=8.0e-06 | 10.1s
  Fold 2 | Ep  18/50 | t_loss=0.0063 t_acc=0.998 | v_win_bal=0.724 v_rec_bal=0.762 | lr=7.7e-06 | 10.1s
  Fold 2 | Ep  19/50 | t_loss=0.0050 t_acc=0.999 | v_win_bal=0.729 v_rec_bal=0.762 | lr=7.4e-06 | 11.4s
  Fold 2 | Ep  20/50 | t_loss=0.0041 t_acc=1.000 | v_win_bal=0.719 v_rec_bal=0.762 | lr=7.1e-06 | 14.6s
  Fold 2 | Ep  21/50 | t_loss=0.0035 t_acc=0.999 | v_win_bal=0.729 v_rec_bal=0.762 | lr=6.8e-06 | 20.0s
  Fold 2 | Ep  22/50 | t_loss=0.0029 t_acc=1.000 | v_win_bal=0.714 v_rec_bal=0.762 | lr=6.5e-06 | 19.7s
  Fold 2 | Ep  23/50 | t_loss=0.0025 t_acc=1.000 | v_win_bal=0.715 v_rec_bal=0.762 | lr=6.2e-06 | 19.9s
  Early stop at epoch 23
  -> Test (best @ epoch 7): acc=0.2500, bal_acc=0.1364

============================================================
Fold 3/5
============================================================
  Train:  45 samples, 11 subjects [1, 2, 3, 5, 6, 7, 8, 13, 16, 17, 18], label_0=35, label_1=10
    Val:  12 samples,  2 subjects [11, 12], label_0=11, label_1=1
   Test:  13 samples,  4 subjects [4, 9, 10, 14], label_0=10, label_1=3
  Building window datasets...
    WindowDataset: 2407 windows (class_0=1185, class_1=1222)
    WindowDataset: 651 windows (class_0=621, class_1=30)
    WindowDataset: 609 windows (class_0=479, class_1=130)
[PosBank] Loaded 543 positions from weights/reve-positions
[REVE] Loaded 140/140 encoder params from weights/reve-base/model.safetensors
  Fold 3 | Ep   1/50 | t_loss=0.2614 t_acc=0.481 | v_win_bal=0.459 v_rec_bal=0.227 | lr=3.3e-06 | 18.6s
  Fold 3 | Ep   2/50 | t_loss=0.2307 t_acc=0.512 | v_win_bal=0.539 v_rec_bal=0.455 | lr=6.7e-06 | 18.5s
  Fold 3 | Ep   3/50 | t_loss=0.1916 t_acc=0.582 | v_win_bal=0.589 v_rec_bal=0.773 | lr=1.0e-05 | 18.5s
  Fold 3 | Ep   4/50 | t_loss=0.1590 t_acc=0.660 | v_win_bal=0.630 v_rec_bal=0.773 | lr=1.0e-05 | 18.4s
  Fold 3 | Ep   5/50 | t_loss=0.1364 t_acc=0.726 | v_win_bal=0.673 v_rec_bal=0.818 | lr=1.0e-05 | 18.4s
  Fold 3 | Ep   6/50 | t_loss=0.1189 t_acc=0.777 | v_win_bal=0.646 v_rec_bal=0.864 | lr=9.9e-06 | 18.3s
  Fold 3 | Ep   7/50 | t_loss=0.1040 t_acc=0.817 | v_win_bal=0.637 v_rec_bal=0.864 | lr=9.8e-06 | 18.5s
  Fold 3 | Ep   8/50 | t_loss=0.0908 t_acc=0.845 | v_win_bal=0.633 v_rec_bal=0.818 | lr=9.7e-06 | 18.5s
  Fold 3 | Ep   9/50 | t_loss=0.0793 t_acc=0.865 | v_win_bal=0.636 v_rec_bal=0.818 | lr=9.6e-06 | 19.9s
  Fold 3 | Ep  10/50 | t_loss=0.0664 t_acc=0.898 | v_win_bal=0.518 v_rec_bal=0.409 | lr=9.5e-06 | 18.4s
  Fold 3 | Ep  11/50 | t_loss=0.0563 t_acc=0.924 | v_win_bal=0.535 v_rec_bal=0.364 | lr=9.3e-06 | 18.5s
  Fold 3 | Ep  12/50 | t_loss=0.0466 t_acc=0.941 | v_win_bal=0.517 v_rec_bal=0.364 | lr=9.1e-06 | 18.6s
  Fold 3 | Ep  13/50 | t_loss=0.0385 t_acc=0.953 | v_win_bal=0.507 v_rec_bal=0.318 | lr=8.9e-06 | 18.5s
  Fold 3 | Ep  14/50 | t_loss=0.0320 t_acc=0.965 | v_win_bal=0.504 v_rec_bal=0.364 | lr=8.7e-06 | 18.4s
  Fold 3 | Ep  15/50 | t_loss=0.0259 t_acc=0.979 | v_win_bal=0.501 v_rec_bal=0.364 | lr=8.5e-06 | 18.5s
  Fold 3 | Ep  16/50 | t_loss=0.0212 t_acc=0.983 | v_win_bal=0.483 v_rec_bal=0.364 | lr=8.2e-06 | 18.5s
  Fold 3 | Ep  17/50 | t_loss=0.0169 t_acc=0.990 | v_win_bal=0.481 v_rec_bal=0.364 | lr=8.0e-06 | 18.4s
  Fold 3 | Ep  18/50 | t_loss=0.0139 t_acc=0.994 | v_win_bal=0.475 v_rec_bal=0.364 | lr=7.7e-06 | 19.0s
  Fold 3 | Ep  19/50 | t_loss=0.0115 t_acc=0.996 | v_win_bal=0.470 v_rec_bal=0.364 | lr=7.4e-06 | 18.2s
  Fold 3 | Ep  20/50 | t_loss=0.0095 t_acc=0.997 | v_win_bal=0.473 v_rec_bal=0.364 | lr=7.1e-06 | 18.4s
  Fold 3 | Ep  21/50 | t_loss=0.0077 t_acc=0.998 | v_win_bal=0.474 v_rec_bal=0.364 | lr=6.8e-06 | 18.5s
  Fold 3 | Ep  22/50 | t_loss=0.0064 t_acc=0.999 | v_win_bal=0.470 v_rec_bal=0.364 | lr=6.5e-06 | 18.2s
  Early stop at epoch 22
  -> Test (best @ epoch 6): acc=0.7692, bal_acc=0.6167

============================================================
Fold 4/5
============================================================
  Train:  40 samples, 10 subjects [1, 2, 4, 5, 9, 10, 11, 13, 14, 18], label_0=31, label_1=9
    Val:  13 samples,  3 subjects [8, 12, 17], label_0=11, label_1=2
   Test:  17 samples,  4 subjects [3, 6, 7, 16], label_0=14, label_1=3
  Building window datasets...
    WindowDataset: 2589 windows (class_0=1348, class_1=1241)
    WindowDataset: 588 windows (class_0=526, class_1=62)
    WindowDataset: 505 windows (class_0=411, class_1=94)
[PosBank] Loaded 543 positions from weights/reve-positions
[REVE] Loaded 140/140 encoder params from weights/reve-base/model.safetensors
  Fold 4 | Ep   1/50 | t_loss=0.2961 t_acc=0.448 | v_win_bal=0.544 v_rec_bal=0.591 | lr=3.3e-06 | 19.2s
  Fold 4 | Ep   2/50 | t_loss=0.2126 t_acc=0.505 | v_win_bal=0.515 v_rec_bal=0.500 | lr=6.7e-06 | 19.0s
  Fold 4 | Ep   3/50 | t_loss=0.1781 t_acc=0.602 | v_win_bal=0.556 v_rec_bal=0.500 | lr=1.0e-05 | 19.2s
  Fold 4 | Ep   4/50 | t_loss=0.1524 t_acc=0.691 | v_win_bal=0.556 v_rec_bal=0.500 | lr=1.0e-05 | 19.2s
  Fold 4 | Ep   5/50 | t_loss=0.1323 t_acc=0.743 | v_win_bal=0.595 v_rec_bal=0.500 | lr=1.0e-05 | 19.0s
  Fold 4 | Ep   6/50 | t_loss=0.1167 t_acc=0.799 | v_win_bal=0.620 v_rec_bal=0.500 | lr=9.9e-06 | 19.1s
  Fold 4 | Ep   7/50 | t_loss=0.1028 t_acc=0.839 | v_win_bal=0.631 v_rec_bal=0.750 | lr=9.8e-06 | 19.2s
  Fold 4 | Ep   8/50 | t_loss=0.0906 t_acc=0.862 | v_win_bal=0.668 v_rec_bal=0.750 | lr=9.7e-06 | 19.2s
  Fold 4 | Ep   9/50 | t_loss=0.0798 t_acc=0.880 | v_win_bal=0.685 v_rec_bal=0.750 | lr=9.6e-06 | 22.2s
  Fold 4 | Ep  10/50 | t_loss=0.0705 t_acc=0.897 | v_win_bal=0.654 v_rec_bal=0.750 | lr=9.5e-06 | 19.2s
  Fold 4 | Ep  11/50 | t_loss=0.0614 t_acc=0.918 | v_win_bal=0.632 v_rec_bal=0.750 | lr=9.3e-06 | 19.1s
  Fold 4 | Ep  12/50 | t_loss=0.0536 t_acc=0.930 | v_win_bal=0.718 v_rec_bal=0.750 | lr=9.1e-06 | 19.1s
  Fold 4 | Ep  13/50 | t_loss=0.0460 t_acc=0.942 | v_win_bal=0.703 v_rec_bal=0.750 | lr=8.9e-06 | 19.2s
  Fold 4 | Ep  14/50 | t_loss=0.0391 t_acc=0.955 | v_win_bal=0.703 v_rec_bal=0.750 | lr=8.7e-06 | 19.1s
  Fold 4 | Ep  15/50 | t_loss=0.0331 t_acc=0.962 | v_win_bal=0.675 v_rec_bal=0.750 | lr=8.5e-06 | 19.2s
  Fold 4 | Ep  16/50 | t_loss=0.0280 t_acc=0.970 | v_win_bal=0.675 v_rec_bal=0.750 | lr=8.2e-06 | 19.0s
  Fold 4 | Ep  17/50 | t_loss=0.0233 t_acc=0.975 | v_win_bal=0.653 v_rec_bal=0.750 | lr=8.0e-06 | 19.2s
  Fold 4 | Ep  18/50 | t_loss=0.0195 t_acc=0.981 | v_win_bal=0.646 v_rec_bal=0.750 | lr=7.7e-06 | 19.2s
  Fold 4 | Ep  19/50 | t_loss=0.0160 t_acc=0.987 | v_win_bal=0.668 v_rec_bal=0.750 | lr=7.4e-06 | 19.2s
  Fold 4 | Ep  20/50 | t_loss=0.0131 t_acc=0.991 | v_win_bal=0.661 v_rec_bal=0.750 | lr=7.1e-06 | 19.2s
  Fold 4 | Ep  21/50 | t_loss=0.0109 t_acc=0.991 | v_win_bal=0.661 v_rec_bal=0.750 | lr=6.8e-06 | 20.7s
  Fold 4 | Ep  22/50 | t_loss=0.0090 t_acc=0.995 | v_win_bal=0.669 v_rec_bal=0.750 | lr=6.5e-06 | 19.2s
  Fold 4 | Ep  23/50 | t_loss=0.0073 t_acc=0.997 | v_win_bal=0.669 v_rec_bal=0.750 | lr=6.2e-06 | 19.1s
  Fold 4 | Ep  24/50 | t_loss=0.0061 t_acc=0.998 | v_win_bal=0.677 v_rec_bal=0.750 | lr=5.8e-06 | 19.5s
  Early stop at epoch 24
  -> Test (best @ epoch 7): acc=0.6471, bal_acc=0.3929

============================================================
Fold 5/5
============================================================
  Train:  43 samples, 11 subjects [3, 4, 5, 6, 7, 8, 9, 10, 14, 16, 17], label_0=35, label_1=8
    Val:  12 samples,  2 subjects [11, 12], label_0=11, label_1=1
   Test:  15 samples,  4 subjects [1, 2, 13, 18], label_0=10, label_1=5
  Building window datasets...
    WindowDataset: 2363 windows (class_0=1243, class_1=1120)
    WindowDataset: 651 windows (class_0=621, class_1=30)
    WindowDataset: 578 windows (class_0=421, class_1=157)
[PosBank] Loaded 543 positions from weights/reve-positions
[REVE] Loaded 140/140 encoder params from weights/reve-base/model.safetensors
  Fold 5 | Ep   1/50 | t_loss=0.2455 t_acc=0.545 | v_win_bal=0.462 v_rec_bal=0.409 | lr=3.3e-06 | 18.2s
  Fold 5 | Ep   2/50 | t_loss=0.2025 t_acc=0.590 | v_win_bal=0.482 v_rec_bal=0.364 | lr=6.7e-06 | 17.8s
  Fold 5 | Ep   3/50 | t_loss=0.1719 t_acc=0.658 | v_win_bal=0.518 v_rec_bal=0.318 | lr=1.0e-05 | 18.1s
  Fold 5 | Ep   4/50 | t_loss=0.1456 t_acc=0.722 | v_win_bal=0.570 v_rec_bal=0.318 | lr=1.0e-05 | 18.0s
  Fold 5 | Ep   5/50 | t_loss=0.1263 t_acc=0.777 | v_win_bal=0.597 v_rec_bal=0.318 | lr=1.0e-05 | 17.9s
  Fold 5 | Ep   6/50 | t_loss=0.1097 t_acc=0.819 | v_win_bal=0.575 v_rec_bal=0.364 | lr=9.9e-06 | 18.1s
  Fold 5 | Ep   7/50 | t_loss=0.0955 t_acc=0.853 | v_win_bal=0.629 v_rec_bal=0.864 | lr=9.8e-06 | 18.7s
  Fold 5 | Ep   8/50 | t_loss=0.0827 t_acc=0.878 | v_win_bal=0.599 v_rec_bal=0.364 | lr=9.7e-06 | 18.2s
  Fold 5 | Ep   9/50 | t_loss=0.0705 t_acc=0.898 | v_win_bal=0.583 v_rec_bal=0.364 | lr=9.6e-06 | 17.9s
  Fold 5 | Ep  10/50 | t_loss=0.0597 t_acc=0.916 | v_win_bal=0.495 v_rec_bal=0.455 | lr=9.5e-06 | 18.2s
  Fold 5 | Ep  11/50 | t_loss=0.0499 t_acc=0.934 | v_win_bal=0.531 v_rec_bal=0.409 | lr=9.3e-06 | 18.1s
  Fold 5 | Ep  12/50 | t_loss=0.0411 t_acc=0.949 | v_win_bal=0.474 v_rec_bal=0.409 | lr=9.1e-06 | 17.9s
  Fold 5 | Ep  13/50 | t_loss=0.0331 t_acc=0.961 | v_win_bal=0.497 v_rec_bal=0.409 | lr=8.9e-06 | 17.7s
  Fold 5 | Ep  14/50 | t_loss=0.0265 t_acc=0.972 | v_win_bal=0.435 v_rec_bal=0.409 | lr=8.7e-06 | 18.1s
  Fold 5 | Ep  15/50 | t_loss=0.0213 t_acc=0.981 | v_win_bal=0.432 v_rec_bal=0.455 | lr=8.5e-06 | 17.8s
  Fold 5 | Ep  16/50 | t_loss=0.0166 t_acc=0.990 | v_win_bal=0.437 v_rec_bal=0.409 | lr=8.2e-06 | 18.1s
  Fold 5 | Ep  17/50 | t_loss=0.0134 t_acc=0.994 | v_win_bal=0.440 v_rec_bal=0.455 | lr=8.0e-06 | 18.2s
  Fold 5 | Ep  18/50 | t_loss=0.0109 t_acc=0.996 | v_win_bal=0.431 v_rec_bal=0.409 | lr=7.7e-06 | 18.4s
  Fold 5 | Ep  19/50 | t_loss=0.0088 t_acc=0.997 | v_win_bal=0.440 v_rec_bal=0.455 | lr=7.4e-06 | 18.1s
  Fold 5 | Ep  20/50 | t_loss=0.0074 t_acc=0.998 | v_win_bal=0.436 v_rec_bal=0.455 | lr=7.1e-06 | 18.9s
  Fold 5 | Ep  21/50 | t_loss=0.0060 t_acc=0.999 | v_win_bal=0.436 v_rec_bal=0.455 | lr=6.8e-06 | 18.2s
  Fold 5 | Ep  22/50 | t_loss=0.0051 t_acc=0.999 | v_win_bal=0.425 v_rec_bal=0.455 | lr=6.5e-06 | 19.4s
  Fold 5 | Ep  23/50 | t_loss=0.0043 t_acc=1.000 | v_win_bal=0.436 v_rec_bal=0.455 | lr=6.2e-06 | 18.7s
  Early stop at epoch 23
  -> Test (best @ epoch 7): acc=0.6667, bal_acc=0.5500

============================================================
Global Results (5-Fold, subject-level CV)
Mode: FT | Extractor: reve | Loss: focal
============================================================
              acc: 0.6429
          bal_acc: 0.4554
               f1: 0.6474
            kappa: -0.0870
  Total predictions: 70 (should equal dataset size: 70)

Results saved to results/hp_sweep/20260410_dass/reve/reve_encoderlrscale0.1_lr1e-5_s42/
