/raid/jupyter-linjimmy1003.md10/.conda/envs/stress/lib/python3.11/site-packages/timm/models/layers/__init__.py:49: FutureWarning: Importing from timm.models.layers is deprecated, please import via timm.layers
  warnings.warn(f"Importing from {__name__} is deprecated, please import via timm.layers", FutureWarning)
Mode: FT | Extractor: cbramod | Folds: 5
LR: 1e-05 | WD: 0.05 | Beta2: 0.999 | Grad clip: 2.0
Head: hidden=128, dropout=0.0 | Norm: none | Loss: focal
Full FT: encoder_lr_scale=0.1
Augmentation: 75% overlap for increase class

Results → results/studies/exp17_eegmat_cbramod_reve_ft/cbramod_s123/
EEGMAT: 72 recordings from 36 subjects (rest=36, task=36)
EEGMAT: 72 recordings, 36 subjects (task=36, rest=36)

============================================================
Fold 1/5
============================================================
  Train:  42 samples, 21 subjects [0, 3, 4, 5, 8, 10, 11, 13, 14, 17, 18, 19, 21, 22, 23, 24, 25, 26, 28, 31, 35], label_0=21, label_1=21
    Val:  14 samples,  7 subjects [1, 9, 12, 15, 20, 29, 30], label_0=7, label_1=7
   Test:  16 samples,  8 subjects [2, 6, 7, 16, 27, 32, 33, 34], label_0=8, label_1=8
  Building window datasets...
    WindowDataset: 1680 windows (class_0=735, class_1=945)
    WindowDataset: 336 windows (class_0=252, class_1=84)
    WindowDataset: 384 windows (class_0=288, class_1=96)
[CBraMod] Loaded 209/209 params from weights/cbramod-base/pretrained_weights.pth
  Trainable parameters: 4,935,443
  Class weights: [1.1428571939468384, 0.8888888955116272]
  Fold 1 | Ep   1/50 | t_loss=0.1733 t_acc=0.564 | v_win_bal=0.558 v_rec_bal=0.643 | lr=3.3e-06 | 6.2s
  Fold 1 | Ep   2/50 | t_loss=0.1733 t_acc=0.562 | v_win_bal=0.530 v_rec_bal=0.500 | lr=6.7e-06 | 4.7s
  Fold 1 | Ep   3/50 | t_loss=0.1733 t_acc=0.562 | v_win_bal=0.500 v_rec_bal=0.500 | lr=1.0e-05 | 4.4s
  Fold 1 | Ep   4/50 | t_loss=0.1732 t_acc=0.578 | v_win_bal=0.500 v_rec_bal=0.500 | lr=1.0e-05 | 3.5s
  Fold 1 | Ep   5/50 | t_loss=0.1731 t_acc=0.540 | v_win_bal=0.500 v_rec_bal=0.500 | lr=1.0e-05 | 4.6s
  Fold 1 | Ep   6/50 | t_loss=0.1729 t_acc=0.625 | v_win_bal=0.532 v_rec_bal=0.500 | lr=9.9e-06 | 3.6s
  Fold 1 | Ep   7/50 | t_loss=0.1729 t_acc=0.606 | v_win_bal=0.562 v_rec_bal=0.500 | lr=9.8e-06 | 4.4s
  Fold 1 | Ep   8/50 | t_loss=0.1727 t_acc=0.630 | v_win_bal=0.587 v_rec_bal=0.571 | lr=9.7e-06 | 5.0s
  Fold 1 | Ep   9/50 | t_loss=0.1725 t_acc=0.558 | v_win_bal=0.623 v_rec_bal=0.643 | lr=9.6e-06 | 3.7s
  Fold 1 | Ep  10/50 | t_loss=0.1721 t_acc=0.624 | v_win_bal=0.655 v_rec_bal=0.714 | lr=9.5e-06 | 4.4s
  Fold 1 | Ep  11/50 | t_loss=0.1716 t_acc=0.585 | v_win_bal=0.651 v_rec_bal=0.643 | lr=9.3e-06 | 5.0s
  Fold 1 | Ep  12/50 | t_loss=0.1707 t_acc=0.630 | v_win_bal=0.671 v_rec_bal=0.714 | lr=9.1e-06 | 4.0s
  Fold 1 | Ep  13/50 | t_loss=0.1694 t_acc=0.615 | v_win_bal=0.679 v_rec_bal=0.714 | lr=8.9e-06 | 5.3s
  Fold 1 | Ep  14/50 | t_loss=0.1684 t_acc=0.619 | v_win_bal=0.675 v_rec_bal=0.714 | lr=8.7e-06 | 3.8s
  Fold 1 | Ep  15/50 | t_loss=0.1667 t_acc=0.620 | v_win_bal=0.675 v_rec_bal=0.786 | lr=8.5e-06 | 3.3s
  Fold 1 | Ep  16/50 | t_loss=0.1651 t_acc=0.640 | v_win_bal=0.675 v_rec_bal=0.714 | lr=8.2e-06 | 5.6s
  Fold 1 | Ep  17/50 | t_loss=0.1641 t_acc=0.644 | v_win_bal=0.688 v_rec_bal=0.786 | lr=8.0e-06 | 3.4s
  Fold 1 | Ep  18/50 | t_loss=0.1634 t_acc=0.641 | v_win_bal=0.692 v_rec_bal=0.786 | lr=7.7e-06 | 3.8s
  Fold 1 | Ep  19/50 | t_loss=0.1628 t_acc=0.636 | v_win_bal=0.687 v_rec_bal=0.786 | lr=7.4e-06 | 6.1s
  Fold 1 | Ep  20/50 | t_loss=0.1628 t_acc=0.635 | v_win_bal=0.688 v_rec_bal=0.786 | lr=7.1e-06 | 3.3s
  Fold 1 | Ep  21/50 | t_loss=0.1620 t_acc=0.647 | v_win_bal=0.653 v_rec_bal=0.643 | lr=6.8e-06 | 3.5s
  Fold 1 | Ep  22/50 | t_loss=0.1618 t_acc=0.650 | v_win_bal=0.659 v_rec_bal=0.643 | lr=6.5e-06 | 3.4s
  Fold 1 | Ep  23/50 | t_loss=0.1610 t_acc=0.647 | v_win_bal=0.667 v_rec_bal=0.643 | lr=6.2e-06 | 4.6s
  Fold 1 | Ep  24/50 | t_loss=0.1612 t_acc=0.645 | v_win_bal=0.667 v_rec_bal=0.643 | lr=5.8e-06 | 3.8s
  Fold 1 | Ep  25/50 | t_loss=0.1612 t_acc=0.645 | v_win_bal=0.649 v_rec_bal=0.643 | lr=5.5e-06 | 3.9s
  Fold 1 | Ep  26/50 | t_loss=0.1604 t_acc=0.657 | v_win_bal=0.657 v_rec_bal=0.643 | lr=5.2e-06 | 3.5s
  Fold 1 | Ep  27/50 | t_loss=0.1604 t_acc=0.655 | v_win_bal=0.661 v_rec_bal=0.643 | lr=4.8e-06 | 4.8s
  Fold 1 | Ep  28/50 | t_loss=0.1601 t_acc=0.660 | v_win_bal=0.657 v_rec_bal=0.643 | lr=4.5e-06 | 3.4s
  Fold 1 | Ep  29/50 | t_loss=0.1598 t_acc=0.660 | v_win_bal=0.659 v_rec_bal=0.643 | lr=4.2e-06 | 3.2s
  Fold 1 | Ep  30/50 | t_loss=0.1598 t_acc=0.654 | v_win_bal=0.659 v_rec_bal=0.643 | lr=3.8e-06 | 3.8s
  Fold 1 | Ep  31/50 | t_loss=0.1594 t_acc=0.659 | v_win_bal=0.659 v_rec_bal=0.643 | lr=3.5e-06 | 4.2s
  Fold 1 | Ep  32/50 | t_loss=0.1595 t_acc=0.661 | v_win_bal=0.655 v_rec_bal=0.643 | lr=3.2e-06 | 3.5s
  Fold 1 | Ep  33/50 | t_loss=0.1587 t_acc=0.674 | v_win_bal=0.659 v_rec_bal=0.643 | lr=2.9e-06 | 4.3s
  Fold 1 | Ep  34/50 | t_loss=0.1591 t_acc=0.665 | v_win_bal=0.659 v_rec_bal=0.643 | lr=2.6e-06 | 4.2s
  Early stop at epoch 34
  Extracting test-fold features (16 recordings)...
  Features shape: (16, 200)
  Saved features → results/studies/exp17_eegmat_cbramod_reve_ft/cbramod_s123/fold1_features.npz
  -> Test (best @ epoch 15): acc=0.7500, bal_acc=0.7500

============================================================
Fold 2/5
============================================================
  Train:  42 samples, 21 subjects [2, 3, 6, 7, 9, 13, 15, 17, 19, 20, 21, 24, 25, 27, 28, 29, 31, 32, 33, 34, 35], label_0=21, label_1=21
    Val:  16 samples,  8 subjects [1, 5, 11, 12, 16, 18, 22, 26], label_0=8, label_1=8
   Test:  14 samples,  7 subjects [0, 4, 8, 10, 14, 23, 30], label_0=7, label_1=7
  Building window datasets...
    WindowDataset: 1681 windows (class_0=736, class_1=945)
    WindowDataset: 384 windows (class_0=288, class_1=96)
    WindowDataset: 335 windows (class_0=251, class_1=84)
[CBraMod] Loaded 209/209 params from weights/cbramod-base/pretrained_weights.pth
  Fold 2 | Ep   1/50 | t_loss=0.1762 t_acc=0.436 | v_win_bal=0.500 v_rec_bal=0.500 | lr=3.3e-06 | 4.6s
  Fold 2 | Ep   2/50 | t_loss=0.1753 t_acc=0.438 | v_win_bal=0.500 v_rec_bal=0.500 | lr=6.7e-06 | 4.5s
  Fold 2 | Ep   3/50 | t_loss=0.1742 t_acc=0.438 | v_win_bal=0.500 v_rec_bal=0.500 | lr=1.0e-05 | 3.3s
  Fold 2 | Ep   4/50 | t_loss=0.1733 t_acc=0.438 | v_win_bal=0.500 v_rec_bal=0.500 | lr=1.0e-05 | 4.4s
  Fold 2 | Ep   5/50 | t_loss=0.1731 t_acc=0.451 | v_win_bal=0.500 v_rec_bal=0.500 | lr=1.0e-05 | 3.3s
  Fold 2 | Ep   6/50 | t_loss=0.1728 t_acc=0.595 | v_win_bal=0.500 v_rec_bal=0.500 | lr=9.9e-06 | 3.3s
  Fold 2 | Ep   7/50 | t_loss=0.1724 t_acc=0.625 | v_win_bal=0.500 v_rec_bal=0.500 | lr=9.8e-06 | 4.5s
  Fold 2 | Ep   8/50 | t_loss=0.1721 t_acc=0.627 | v_win_bal=0.500 v_rec_bal=0.500 | lr=9.7e-06 | 4.9s
  Fold 2 | Ep   9/50 | t_loss=0.1717 t_acc=0.603 | v_win_bal=0.502 v_rec_bal=0.500 | lr=9.6e-06 | 3.3s
  Fold 2 | Ep  10/50 | t_loss=0.1711 t_acc=0.659 | v_win_bal=0.545 v_rec_bal=0.500 | lr=9.5e-06 | 5.1s
  Fold 2 | Ep  11/50 | t_loss=0.1705 t_acc=0.650 | v_win_bal=0.526 v_rec_bal=0.562 | lr=9.3e-06 | 3.2s
  Fold 2 | Ep  12/50 | t_loss=0.1690 t_acc=0.689 | v_win_bal=0.566 v_rec_bal=0.562 | lr=9.1e-06 | 3.3s
  Fold 2 | Ep  13/50 | t_loss=0.1676 t_acc=0.672 | v_win_bal=0.595 v_rec_bal=0.625 | lr=8.9e-06 | 5.2s
  Fold 2 | Ep  14/50 | t_loss=0.1665 t_acc=0.669 | v_win_bal=0.649 v_rec_bal=0.688 | lr=8.7e-06 | 3.2s
  Fold 2 | Ep  15/50 | t_loss=0.1637 t_acc=0.689 | v_win_bal=0.648 v_rec_bal=0.688 | lr=8.5e-06 | 3.4s
  Fold 2 | Ep  16/50 | t_loss=0.1614 t_acc=0.688 | v_win_bal=0.663 v_rec_bal=0.688 | lr=8.2e-06 | 3.3s
  Fold 2 | Ep  17/50 | t_loss=0.1607 t_acc=0.696 | v_win_bal=0.668 v_rec_bal=0.688 | lr=8.0e-06 | 3.2s
  Fold 2 | Ep  18/50 | t_loss=0.1596 t_acc=0.688 | v_win_bal=0.653 v_rec_bal=0.750 | lr=7.7e-06 | 4.8s
  Fold 2 | Ep  19/50 | t_loss=0.1584 t_acc=0.696 | v_win_bal=0.655 v_rec_bal=0.750 | lr=7.4e-06 | 4.8s
  Fold 2 | Ep  20/50 | t_loss=0.1584 t_acc=0.686 | v_win_bal=0.661 v_rec_bal=0.750 | lr=7.1e-06 | 3.7s
  Fold 2 | Ep  21/50 | t_loss=0.1568 t_acc=0.694 | v_win_bal=0.658 v_rec_bal=0.750 | lr=6.8e-06 | 3.4s
  Fold 2 | Ep  22/50 | t_loss=0.1570 t_acc=0.701 | v_win_bal=0.656 v_rec_bal=0.750 | lr=6.5e-06 | 5.2s
  Fold 2 | Ep  23/50 | t_loss=0.1573 t_acc=0.691 | v_win_bal=0.651 v_rec_bal=0.688 | lr=6.2e-06 | 3.2s
  Fold 2 | Ep  24/50 | t_loss=0.1562 t_acc=0.698 | v_win_bal=0.655 v_rec_bal=0.688 | lr=5.8e-06 | 3.3s
  Fold 2 | Ep  25/50 | t_loss=0.1558 t_acc=0.700 | v_win_bal=0.663 v_rec_bal=0.625 | lr=5.5e-06 | 4.1s
  Fold 2 | Ep  26/50 | t_loss=0.1564 t_acc=0.695 | v_win_bal=0.660 v_rec_bal=0.625 | lr=5.2e-06 | 4.6s
  Fold 2 | Ep  27/50 | t_loss=0.1562 t_acc=0.684 | v_win_bal=0.648 v_rec_bal=0.625 | lr=4.8e-06 | 3.3s
  Fold 2 | Ep  28/50 | t_loss=0.1556 t_acc=0.699 | v_win_bal=0.667 v_rec_bal=0.625 | lr=4.5e-06 | 3.9s
  Fold 2 | Ep  29/50 | t_loss=0.1556 t_acc=0.694 | v_win_bal=0.681 v_rec_bal=0.625 | lr=4.2e-06 | 4.0s
  Fold 2 | Ep  30/50 | t_loss=0.1551 t_acc=0.686 | v_win_bal=0.661 v_rec_bal=0.625 | lr=3.8e-06 | 3.5s
  Fold 2 | Ep  31/50 | t_loss=0.1547 t_acc=0.696 | v_win_bal=0.679 v_rec_bal=0.625 | lr=3.5e-06 | 3.9s
  Fold 2 | Ep  32/50 | t_loss=0.1541 t_acc=0.696 | v_win_bal=0.681 v_rec_bal=0.625 | lr=3.2e-06 | 3.3s
  Fold 2 | Ep  33/50 | t_loss=0.1540 t_acc=0.702 | v_win_bal=0.675 v_rec_bal=0.625 | lr=2.9e-06 | 3.3s
  Fold 2 | Ep  34/50 | t_loss=0.1544 t_acc=0.700 | v_win_bal=0.672 v_rec_bal=0.625 | lr=2.6e-06 | 3.6s
  Fold 2 | Ep  35/50 | t_loss=0.1547 t_acc=0.694 | v_win_bal=0.674 v_rec_bal=0.625 | lr=2.3e-06 | 3.6s
  Early stop at epoch 35
  Extracting test-fold features (14 recordings)...
  Features shape: (14, 200)
  Saved features → results/studies/exp17_eegmat_cbramod_reve_ft/cbramod_s123/fold2_features.npz
  -> Test (best @ epoch 18): acc=0.5714, bal_acc=0.5714

============================================================
Fold 3/5
============================================================
  Train:  42 samples, 21 subjects [2, 3, 5, 6, 7, 10, 11, 14, 16, 17, 18, 22, 23, 25, 27, 28, 29, 30, 32, 33, 34], label_0=21, label_1=21
    Val:  16 samples,  8 subjects [0, 4, 8, 9, 12, 15, 21, 24], label_0=8, label_1=8
   Test:  14 samples,  7 subjects [1, 13, 19, 20, 26, 31, 35], label_0=7, label_1=7
  Building window datasets...
    WindowDataset: 1702 windows (class_0=757, class_1=945)
    WindowDataset: 382 windows (class_0=286, class_1=96)
    WindowDataset: 316 windows (class_0=232, class_1=84)
[CBraMod] Loaded 209/209 params from weights/cbramod-base/pretrained_weights.pth
  Fold 3 | Ep   1/50 | t_loss=0.1735 t_acc=0.446 | v_win_bal=0.500 v_rec_bal=0.500 | lr=3.3e-06 | 3.6s
  Fold 3 | Ep   2/50 | t_loss=0.1734 t_acc=0.446 | v_win_bal=0.500 v_rec_bal=0.500 | lr=6.7e-06 | 3.7s
  Fold 3 | Ep   3/50 | t_loss=0.1733 t_acc=0.448 | v_win_bal=0.500 v_rec_bal=0.500 | lr=1.0e-05 | 3.3s
  Fold 3 | Ep   4/50 | t_loss=0.1731 t_acc=0.452 | v_win_bal=0.500 v_rec_bal=0.500 | lr=1.0e-05 | 4.6s
  Fold 3 | Ep   5/50 | t_loss=0.1729 t_acc=0.536 | v_win_bal=0.514 v_rec_bal=0.500 | lr=1.0e-05 | 3.7s
  Fold 3 | Ep   6/50 | t_loss=0.1728 t_acc=0.563 | v_win_bal=0.547 v_rec_bal=0.562 | lr=9.9e-06 | 3.7s
  Fold 3 | Ep   7/50 | t_loss=0.1727 t_acc=0.576 | v_win_bal=0.559 v_rec_bal=0.562 | lr=9.8e-06 | 4.3s
  Fold 3 | Ep   8/50 | t_loss=0.1723 t_acc=0.616 | v_win_bal=0.626 v_rec_bal=0.625 | lr=9.7e-06 | 3.4s
  Fold 3 | Ep   9/50 | t_loss=0.1718 t_acc=0.627 | v_win_bal=0.631 v_rec_bal=0.688 | lr=9.6e-06 | 3.3s
  Fold 3 | Ep  10/50 | t_loss=0.1711 t_acc=0.644 | v_win_bal=0.622 v_rec_bal=0.625 | lr=9.5e-06 | 4.5s
  Fold 3 | Ep  11/50 | t_loss=0.1702 t_acc=0.646 | v_win_bal=0.613 v_rec_bal=0.625 | lr=9.3e-06 | 3.4s
  Fold 3 | Ep  12/50 | t_loss=0.1689 t_acc=0.647 | v_win_bal=0.643 v_rec_bal=0.688 | lr=9.1e-06 | 3.7s
  Fold 3 | Ep  13/50 | t_loss=0.1670 t_acc=0.641 | v_win_bal=0.615 v_rec_bal=0.562 | lr=8.9e-06 | 4.2s
  Fold 3 | Ep  14/50 | t_loss=0.1648 t_acc=0.644 | v_win_bal=0.617 v_rec_bal=0.562 | lr=8.7e-06 | 3.7s
  Fold 3 | Ep  15/50 | t_loss=0.1627 t_acc=0.640 | v_win_bal=0.594 v_rec_bal=0.625 | lr=8.5e-06 | 4.0s
  Fold 3 | Ep  16/50 | t_loss=0.1616 t_acc=0.643 | v_win_bal=0.615 v_rec_bal=0.625 | lr=8.2e-06 | 5.3s
  Fold 3 | Ep  17/50 | t_loss=0.1606 t_acc=0.652 | v_win_bal=0.605 v_rec_bal=0.625 | lr=8.0e-06 | 3.3s
  Fold 3 | Ep  18/50 | t_loss=0.1603 t_acc=0.648 | v_win_bal=0.617 v_rec_bal=0.625 | lr=7.7e-06 | 3.6s
  Fold 3 | Ep  19/50 | t_loss=0.1584 t_acc=0.650 | v_win_bal=0.613 v_rec_bal=0.625 | lr=7.4e-06 | 3.7s
  Fold 3 | Ep  20/50 | t_loss=0.1591 t_acc=0.644 | v_win_bal=0.627 v_rec_bal=0.625 | lr=7.1e-06 | 3.3s
  Fold 3 | Ep  21/50 | t_loss=0.1589 t_acc=0.652 | v_win_bal=0.639 v_rec_bal=0.688 | lr=6.8e-06 | 3.3s
  Fold 3 | Ep  22/50 | t_loss=0.1587 t_acc=0.661 | v_win_bal=0.636 v_rec_bal=0.688 | lr=6.5e-06 | 3.7s
  Fold 3 | Ep  23/50 | t_loss=0.1580 t_acc=0.653 | v_win_bal=0.644 v_rec_bal=0.688 | lr=6.2e-06 | 3.4s
  Fold 3 | Ep  24/50 | t_loss=0.1582 t_acc=0.657 | v_win_bal=0.625 v_rec_bal=0.688 | lr=5.8e-06 | 3.4s
  Fold 3 | Ep  25/50 | t_loss=0.1570 t_acc=0.658 | v_win_bal=0.641 v_rec_bal=0.688 | lr=5.5e-06 | 3.8s
  Fold 3 | Ep  26/50 | t_loss=0.1567 t_acc=0.659 | v_win_bal=0.632 v_rec_bal=0.688 | lr=5.2e-06 | 3.5s
  Fold 3 | Ep  27/50 | t_loss=0.1564 t_acc=0.652 | v_win_bal=0.630 v_rec_bal=0.688 | lr=4.8e-06 | 4.9s
  Fold 3 | Ep  28/50 | t_loss=0.1567 t_acc=0.652 | v_win_bal=0.629 v_rec_bal=0.688 | lr=4.5e-06 | 3.7s
  Fold 3 | Ep  29/50 | t_loss=0.1579 t_acc=0.653 | v_win_bal=0.629 v_rec_bal=0.688 | lr=4.2e-06 | 3.8s
  Fold 3 | Ep  30/50 | t_loss=0.1572 t_acc=0.660 | v_win_bal=0.632 v_rec_bal=0.625 | lr=3.8e-06 | 4.4s
  Fold 3 | Ep  31/50 | t_loss=0.1571 t_acc=0.663 | v_win_bal=0.630 v_rec_bal=0.625 | lr=3.5e-06 | 4.3s
  Fold 3 | Ep  32/50 | t_loss=0.1563 t_acc=0.655 | v_win_bal=0.630 v_rec_bal=0.625 | lr=3.2e-06 | 3.7s
  Fold 3 | Ep  33/50 | t_loss=0.1564 t_acc=0.647 | v_win_bal=0.630 v_rec_bal=0.625 | lr=2.9e-06 | 3.7s
  Fold 3 | Ep  34/50 | t_loss=0.1569 t_acc=0.652 | v_win_bal=0.618 v_rec_bal=0.625 | lr=2.6e-06 | 4.4s
  Fold 3 | Ep  35/50 | t_loss=0.1565 t_acc=0.659 | v_win_bal=0.620 v_rec_bal=0.625 | lr=2.3e-06 | 3.4s
  Fold 3 | Ep  36/50 | t_loss=0.1557 t_acc=0.656 | v_win_bal=0.625 v_rec_bal=0.625 | lr=2.0e-06 | 4.2s
  Fold 3 | Ep  37/50 | t_loss=0.1570 t_acc=0.655 | v_win_bal=0.623 v_rec_bal=0.625 | lr=1.8e-06 | 4.2s
  Fold 3 | Ep  38/50 | t_loss=0.1571 t_acc=0.649 | v_win_bal=0.625 v_rec_bal=0.625 | lr=1.5e-06 | 3.7s
  Early stop at epoch 38
  Extracting test-fold features (14 recordings)...
  Features shape: (14, 200)
  Saved features → results/studies/exp17_eegmat_cbramod_reve_ft/cbramod_s123/fold3_features.npz
  -> Test (best @ epoch 9): acc=0.7857, bal_acc=0.7857

============================================================
Fold 4/5
============================================================
  Train:  42 samples, 21 subjects [1, 2, 5, 6, 7, 13, 14, 16, 19, 20, 23, 25, 26, 28, 29, 30, 31, 32, 33, 34, 35], label_0=21, label_1=21
    Val:  16 samples,  8 subjects [0, 4, 8, 10, 15, 18, 24, 27], label_0=8, label_1=8
   Test:  14 samples,  7 subjects [3, 9, 11, 12, 17, 21, 22], label_0=7, label_1=7
  Building window datasets...
    WindowDataset: 1681 windows (class_0=736, class_1=945)
    WindowDataset: 383 windows (class_0=287, class_1=96)
    WindowDataset: 336 windows (class_0=252, class_1=84)
[CBraMod] Loaded 209/209 params from weights/cbramod-base/pretrained_weights.pth
  Fold 4 | Ep   1/50 | t_loss=0.1742 t_acc=0.561 | v_win_bal=0.500 v_rec_bal=0.500 | lr=3.3e-06 | 3.3s
  Fold 4 | Ep   2/50 | t_loss=0.1739 t_acc=0.561 | v_win_bal=0.500 v_rec_bal=0.500 | lr=6.7e-06 | 3.7s
  Fold 4 | Ep   3/50 | t_loss=0.1736 t_acc=0.561 | v_win_bal=0.500 v_rec_bal=0.500 | lr=1.0e-05 | 3.3s
  Fold 4 | Ep   4/50 | t_loss=0.1733 t_acc=0.562 | v_win_bal=0.500 v_rec_bal=0.500 | lr=1.0e-05 | 3.3s
  Fold 4 | Ep   5/50 | t_loss=0.1730 t_acc=0.599 | v_win_bal=0.500 v_rec_bal=0.500 | lr=1.0e-05 | 3.4s
  Fold 4 | Ep   6/50 | t_loss=0.1728 t_acc=0.602 | v_win_bal=0.500 v_rec_bal=0.500 | lr=9.9e-06 | 3.4s
  Fold 4 | Ep   7/50 | t_loss=0.1727 t_acc=0.522 | v_win_bal=0.540 v_rec_bal=0.500 | lr=9.8e-06 | 3.3s
  Fold 4 | Ep   8/50 | t_loss=0.1722 t_acc=0.501 | v_win_bal=0.544 v_rec_bal=0.562 | lr=9.7e-06 | 3.4s
  Fold 4 | Ep   9/50 | t_loss=0.1721 t_acc=0.548 | v_win_bal=0.549 v_rec_bal=0.562 | lr=9.6e-06 | 3.5s
  Fold 4 | Ep  10/50 | t_loss=0.1712 t_acc=0.624 | v_win_bal=0.573 v_rec_bal=0.625 | lr=9.5e-06 | 3.3s
  Fold 4 | Ep  11/50 | t_loss=0.1703 t_acc=0.615 | v_win_bal=0.575 v_rec_bal=0.625 | lr=9.3e-06 | 3.3s
  Fold 4 | Ep  12/50 | t_loss=0.1688 t_acc=0.626 | v_win_bal=0.579 v_rec_bal=0.625 | lr=9.1e-06 | 4.2s
  Fold 4 | Ep  13/50 | t_loss=0.1670 t_acc=0.643 | v_win_bal=0.598 v_rec_bal=0.625 | lr=8.9e-06 | 3.4s
  Fold 4 | Ep  14/50 | t_loss=0.1642 t_acc=0.661 | v_win_bal=0.617 v_rec_bal=0.625 | lr=8.7e-06 | 3.5s
  Fold 4 | Ep  15/50 | t_loss=0.1614 t_acc=0.647 | v_win_bal=0.580 v_rec_bal=0.625 | lr=8.5e-06 | 3.9s
  Fold 4 | Ep  16/50 | t_loss=0.1600 t_acc=0.660 | v_win_bal=0.600 v_rec_bal=0.625 | lr=8.2e-06 | 3.3s
  Fold 4 | Ep  17/50 | t_loss=0.1584 t_acc=0.665 | v_win_bal=0.612 v_rec_bal=0.625 | lr=8.0e-06 | 3.6s
  Fold 4 | Ep  18/50 | t_loss=0.1581 t_acc=0.659 | v_win_bal=0.615 v_rec_bal=0.625 | lr=7.7e-06 | 3.8s
  Fold 4 | Ep  19/50 | t_loss=0.1569 t_acc=0.677 | v_win_bal=0.615 v_rec_bal=0.625 | lr=7.4e-06 | 3.6s
  Fold 4 | Ep  20/50 | t_loss=0.1559 t_acc=0.669 | v_win_bal=0.610 v_rec_bal=0.625 | lr=7.1e-06 | 3.5s
  Fold 4 | Ep  21/50 | t_loss=0.1553 t_acc=0.678 | v_win_bal=0.608 v_rec_bal=0.625 | lr=6.8e-06 | 3.6s
  Fold 4 | Ep  22/50 | t_loss=0.1553 t_acc=0.677 | v_win_bal=0.615 v_rec_bal=0.625 | lr=6.5e-06 | 4.5s
  Fold 4 | Ep  23/50 | t_loss=0.1555 t_acc=0.672 | v_win_bal=0.624 v_rec_bal=0.625 | lr=6.2e-06 | 3.4s
  Fold 4 | Ep  24/50 | t_loss=0.1537 t_acc=0.684 | v_win_bal=0.626 v_rec_bal=0.625 | lr=5.8e-06 | 3.4s
  Fold 4 | Ep  25/50 | t_loss=0.1550 t_acc=0.671 | v_win_bal=0.620 v_rec_bal=0.625 | lr=5.5e-06 | 3.8s
  Fold 4 | Ep  26/50 | t_loss=0.1532 t_acc=0.690 | v_win_bal=0.627 v_rec_bal=0.625 | lr=5.2e-06 | 3.4s
  Fold 4 | Ep  27/50 | t_loss=0.1541 t_acc=0.679 | v_win_bal=0.627 v_rec_bal=0.625 | lr=4.8e-06 | 3.4s
  Early stop at epoch 27
  Extracting test-fold features (14 recordings)...
  Features shape: (14, 200)
  Saved features → results/studies/exp17_eegmat_cbramod_reve_ft/cbramod_s123/fold4_features.npz
  -> Test (best @ epoch 10): acc=0.6429, bal_acc=0.6429

============================================================
Fold 5/5
============================================================
  Train:  42 samples, 21 subjects [1, 2, 4, 6, 7, 10, 11, 13, 16, 17, 19, 21, 22, 26, 27, 30, 31, 32, 33, 34, 35], label_0=21, label_1=21
    Val:  16 samples,  8 subjects [0, 3, 8, 9, 12, 14, 20, 23], label_0=8, label_1=8
   Test:  14 samples,  7 subjects [5, 15, 18, 24, 25, 28, 29], label_0=7, label_1=7
  Building window datasets...
    WindowDataset: 1680 windows (class_0=735, class_1=945)
    WindowDataset: 384 windows (class_0=288, class_1=96)
    WindowDataset: 336 windows (class_0=252, class_1=84)
[CBraMod] Loaded 209/209 params from weights/cbramod-base/pretrained_weights.pth
  Fold 5 | Ep   1/50 | t_loss=0.1735 t_acc=0.436 | v_win_bal=0.500 v_rec_bal=0.500 | lr=3.3e-06 | 3.7s
  Fold 5 | Ep   2/50 | t_loss=0.1734 t_acc=0.436 | v_win_bal=0.500 v_rec_bal=0.500 | lr=6.7e-06 | 3.3s
  Fold 5 | Ep   3/50 | t_loss=0.1733 t_acc=0.437 | v_win_bal=0.500 v_rec_bal=0.500 | lr=1.0e-05 | 3.6s
  Fold 5 | Ep   4/50 | t_loss=0.1731 t_acc=0.446 | v_win_bal=0.500 v_rec_bal=0.500 | lr=1.0e-05 | 4.4s
  Fold 5 | Ep   5/50 | t_loss=0.1731 t_acc=0.547 | v_win_bal=0.519 v_rec_bal=0.500 | lr=1.0e-05 | 3.3s
  Fold 5 | Ep   6/50 | t_loss=0.1730 t_acc=0.572 | v_win_bal=0.550 v_rec_bal=0.562 | lr=9.9e-06 | 3.7s
  Fold 5 | Ep   7/50 | t_loss=0.1726 t_acc=0.532 | v_win_bal=0.649 v_rec_bal=0.812 | lr=9.8e-06 | 4.0s
  Fold 5 | Ep   8/50 | t_loss=0.1725 t_acc=0.597 | v_win_bal=0.648 v_rec_bal=0.688 | lr=9.7e-06 | 3.2s
  Fold 5 | Ep   9/50 | t_loss=0.1721 t_acc=0.574 | v_win_bal=0.661 v_rec_bal=0.750 | lr=9.6e-06 | 3.5s
  Fold 5 | Ep  10/50 | t_loss=0.1713 t_acc=0.575 | v_win_bal=0.620 v_rec_bal=0.562 | lr=9.5e-06 | 3.7s
  Fold 5 | Ep  11/50 | t_loss=0.1707 t_acc=0.603 | v_win_bal=0.644 v_rec_bal=0.625 | lr=9.3e-06 | 3.5s
  Fold 5 | Ep  12/50 | t_loss=0.1694 t_acc=0.590 | v_win_bal=0.616 v_rec_bal=0.562 | lr=9.1e-06 | 3.3s
  Fold 5 | Ep  13/50 | t_loss=0.1673 t_acc=0.618 | v_win_bal=0.632 v_rec_bal=0.625 | lr=8.9e-06 | 3.8s
  Fold 5 | Ep  14/50 | t_loss=0.1653 t_acc=0.609 | v_win_bal=0.637 v_rec_bal=0.625 | lr=8.7e-06 | 4.6s
  Fold 5 | Ep  15/50 | t_loss=0.1628 t_acc=0.636 | v_win_bal=0.623 v_rec_bal=0.562 | lr=8.5e-06 | 3.4s
  Fold 5 | Ep  16/50 | t_loss=0.1609 t_acc=0.647 | v_win_bal=0.620 v_rec_bal=0.562 | lr=8.2e-06 | 3.3s
  Fold 5 | Ep  17/50 | t_loss=0.1596 t_acc=0.657 | v_win_bal=0.635 v_rec_bal=0.625 | lr=8.0e-06 | 3.7s
  Fold 5 | Ep  18/50 | t_loss=0.1584 t_acc=0.663 | v_win_bal=0.623 v_rec_bal=0.625 | lr=7.7e-06 | 3.4s
  Fold 5 | Ep  19/50 | t_loss=0.1569 t_acc=0.648 | v_win_bal=0.620 v_rec_bal=0.562 | lr=7.4e-06 | 3.2s
  Fold 5 | Ep  20/50 | t_loss=0.1568 t_acc=0.666 | v_win_bal=0.632 v_rec_bal=0.625 | lr=7.1e-06 | 4.4s
  Fold 5 | Ep  21/50 | t_loss=0.1558 t_acc=0.648 | v_win_bal=0.620 v_rec_bal=0.562 | lr=6.8e-06 | 3.3s
  Fold 5 | Ep  22/50 | t_loss=0.1555 t_acc=0.662 | v_win_bal=0.625 v_rec_bal=0.625 | lr=6.5e-06 | 3.3s
  Fold 5 | Ep  23/50 | t_loss=0.1546 t_acc=0.669 | v_win_bal=0.622 v_rec_bal=0.562 | lr=6.2e-06 | 3.6s
  Fold 5 | Ep  24/50 | t_loss=0.1544 t_acc=0.656 | v_win_bal=0.623 v_rec_bal=0.562 | lr=5.8e-06 | 3.3s
  Early stop at epoch 24
  Extracting test-fold features (14 recordings)...
  Features shape: (14, 200)
  Saved features → results/studies/exp17_eegmat_cbramod_reve_ft/cbramod_s123/fold5_features.npz
  -> Test (best @ epoch 7): acc=0.5714, bal_acc=0.5714

============================================================
Global Results (5-Fold, subject-level CV)
Mode: FT | Extractor: cbramod | Loss: focal
============================================================
              acc: 0.6667
          bal_acc: 0.6667
               f1: 0.6664
            kappa: 0.3333
  Total predictions: 72 (should equal dataset size: 72)

Results saved to results/studies/exp17_eegmat_cbramod_reve_ft/cbramod_s123/
