/raid/jupyter-linjimmy1003.md10/.conda/envs/stress/lib/python3.11/site-packages/timm/models/layers/__init__.py:49: FutureWarning: Importing from timm.models.layers is deprecated, please import via timm.layers
  warnings.warn(f"Importing from {__name__} is deprecated, please import via timm.layers", FutureWarning)
Mode: FT | Extractor: cbramod | Folds: 5
LR: 1e-05 | WD: 0.05 | Beta2: 0.999 | Grad clip: 2.0
Head: hidden=128, dropout=0.0 | Norm: none | Loss: focal
Full FT: encoder_lr_scale=0.1
Augmentation: 75% overlap for increase class

Results → results/studies/exp17_eegmat_cbramod_reve_ft/cbramod_s2024/
EEGMAT: 72 recordings from 36 subjects (rest=36, task=36)
EEGMAT: 72 recordings, 36 subjects (task=36, rest=36)

============================================================
Fold 1/5
============================================================
  Train:  42 samples, 21 subjects [0, 1, 2, 4, 7, 9, 11, 13, 14, 16, 17, 18, 20, 21, 22, 23, 27, 28, 32, 34, 35], label_0=21, label_1=21
    Val:  14 samples,  7 subjects [3, 5, 24, 25, 26, 31, 33], label_0=7, label_1=7
   Test:  16 samples,  8 subjects [6, 8, 10, 12, 15, 19, 29, 30], label_0=8, label_1=8
  Building window datasets...
    WindowDataset: 1699 windows (class_0=754, class_1=945)
    WindowDataset: 316 windows (class_0=232, class_1=84)
    WindowDataset: 385 windows (class_0=289, class_1=96)
[CBraMod] Loaded 209/209 params from weights/cbramod-base/pretrained_weights.pth
  Trainable parameters: 4,935,443
  Class weights: [1.1266578435897827, 0.8989418148994446]
  Fold 1 | Ep   1/50 | t_loss=0.1734 t_acc=0.444 | v_win_bal=0.500 v_rec_bal=0.500 | lr=3.3e-06 | 6.1s
  Fold 1 | Ep   2/50 | t_loss=0.1733 t_acc=0.444 | v_win_bal=0.500 v_rec_bal=0.500 | lr=6.7e-06 | 3.8s
  Fold 1 | Ep   3/50 | t_loss=0.1732 t_acc=0.472 | v_win_bal=0.500 v_rec_bal=0.500 | lr=1.0e-05 | 3.8s
  Fold 1 | Ep   4/50 | t_loss=0.1732 t_acc=0.498 | v_win_bal=0.500 v_rec_bal=0.500 | lr=1.0e-05 | 3.7s
  Fold 1 | Ep   5/50 | t_loss=0.1731 t_acc=0.498 | v_win_bal=0.506 v_rec_bal=0.500 | lr=1.0e-05 | 3.6s
  Fold 1 | Ep   6/50 | t_loss=0.1730 t_acc=0.572 | v_win_bal=0.521 v_rec_bal=0.500 | lr=9.9e-06 | 3.9s
  Fold 1 | Ep   7/50 | t_loss=0.1728 t_acc=0.587 | v_win_bal=0.553 v_rec_bal=0.571 | lr=9.8e-06 | 3.7s
  Fold 1 | Ep   8/50 | t_loss=0.1727 t_acc=0.527 | v_win_bal=0.555 v_rec_bal=0.643 | lr=9.7e-06 | 3.9s
  Fold 1 | Ep   9/50 | t_loss=0.1724 t_acc=0.603 | v_win_bal=0.644 v_rec_bal=0.714 | lr=9.6e-06 | 3.9s
  Fold 1 | Ep  10/50 | t_loss=0.1719 t_acc=0.610 | v_win_bal=0.694 v_rec_bal=0.714 | lr=9.5e-06 | 3.6s
  Fold 1 | Ep  11/50 | t_loss=0.1713 t_acc=0.623 | v_win_bal=0.682 v_rec_bal=0.643 | lr=9.3e-06 | 3.8s
  Fold 1 | Ep  12/50 | t_loss=0.1705 t_acc=0.599 | v_win_bal=0.690 v_rec_bal=0.643 | lr=9.1e-06 | 3.4s
  Fold 1 | Ep  13/50 | t_loss=0.1693 t_acc=0.639 | v_win_bal=0.694 v_rec_bal=0.643 | lr=8.9e-06 | 3.4s
  Fold 1 | Ep  14/50 | t_loss=0.1676 t_acc=0.601 | v_win_bal=0.704 v_rec_bal=0.643 | lr=8.7e-06 | 3.6s
  Fold 1 | Ep  15/50 | t_loss=0.1661 t_acc=0.634 | v_win_bal=0.697 v_rec_bal=0.643 | lr=8.5e-06 | 3.4s
  Fold 1 | Ep  16/50 | t_loss=0.1642 t_acc=0.636 | v_win_bal=0.705 v_rec_bal=0.643 | lr=8.2e-06 | 3.4s
  Fold 1 | Ep  17/50 | t_loss=0.1625 t_acc=0.639 | v_win_bal=0.705 v_rec_bal=0.643 | lr=8.0e-06 | 3.6s
  Fold 1 | Ep  18/50 | t_loss=0.1614 t_acc=0.636 | v_win_bal=0.707 v_rec_bal=0.643 | lr=7.7e-06 | 3.5s
  Fold 1 | Ep  19/50 | t_loss=0.1606 t_acc=0.639 | v_win_bal=0.687 v_rec_bal=0.714 | lr=7.4e-06 | 3.9s
  Fold 1 | Ep  20/50 | t_loss=0.1600 t_acc=0.653 | v_win_bal=0.705 v_rec_bal=0.714 | lr=7.1e-06 | 4.4s
  Fold 1 | Ep  21/50 | t_loss=0.1589 t_acc=0.647 | v_win_bal=0.689 v_rec_bal=0.714 | lr=6.8e-06 | 3.5s
  Fold 1 | Ep  22/50 | t_loss=0.1589 t_acc=0.663 | v_win_bal=0.700 v_rec_bal=0.714 | lr=6.5e-06 | 3.3s
  Fold 1 | Ep  23/50 | t_loss=0.1590 t_acc=0.653 | v_win_bal=0.698 v_rec_bal=0.714 | lr=6.2e-06 | 3.7s
  Fold 1 | Ep  24/50 | t_loss=0.1583 t_acc=0.655 | v_win_bal=0.688 v_rec_bal=0.714 | lr=5.8e-06 | 3.4s
  Fold 1 | Ep  25/50 | t_loss=0.1582 t_acc=0.659 | v_win_bal=0.691 v_rec_bal=0.714 | lr=5.5e-06 | 3.4s
  Fold 1 | Ep  26/50 | t_loss=0.1568 t_acc=0.659 | v_win_bal=0.695 v_rec_bal=0.714 | lr=5.2e-06 | 3.7s
  Fold 1 | Ep  27/50 | t_loss=0.1571 t_acc=0.655 | v_win_bal=0.697 v_rec_bal=0.714 | lr=4.8e-06 | 3.4s
  Fold 1 | Ep  28/50 | t_loss=0.1569 t_acc=0.659 | v_win_bal=0.697 v_rec_bal=0.714 | lr=4.5e-06 | 3.4s
  Fold 1 | Ep  29/50 | t_loss=0.1562 t_acc=0.671 | v_win_bal=0.704 v_rec_bal=0.714 | lr=4.2e-06 | 3.7s
  Fold 1 | Ep  30/50 | t_loss=0.1557 t_acc=0.657 | v_win_bal=0.693 v_rec_bal=0.714 | lr=3.8e-06 | 3.3s
  Fold 1 | Ep  31/50 | t_loss=0.1560 t_acc=0.673 | v_win_bal=0.692 v_rec_bal=0.714 | lr=3.5e-06 | 3.3s
  Fold 1 | Ep  32/50 | t_loss=0.1557 t_acc=0.665 | v_win_bal=0.693 v_rec_bal=0.714 | lr=3.2e-06 | 4.0s
  Fold 1 | Ep  33/50 | t_loss=0.1551 t_acc=0.666 | v_win_bal=0.689 v_rec_bal=0.714 | lr=2.9e-06 | 3.5s
  Fold 1 | Ep  34/50 | t_loss=0.1551 t_acc=0.659 | v_win_bal=0.704 v_rec_bal=0.714 | lr=2.6e-06 | 3.4s
  Fold 1 | Ep  35/50 | t_loss=0.1554 t_acc=0.666 | v_win_bal=0.702 v_rec_bal=0.714 | lr=2.3e-06 | 3.8s
  Fold 1 | Ep  36/50 | t_loss=0.1549 t_acc=0.670 | v_win_bal=0.698 v_rec_bal=0.714 | lr=2.0e-06 | 3.5s
  Early stop at epoch 36
  Extracting test-fold features (16 recordings)...
  Features shape: (16, 200)
  Saved features → results/studies/exp17_eegmat_cbramod_reve_ft/cbramod_s2024/fold1_features.npz
  -> Test (best @ epoch 10): acc=0.5000, bal_acc=0.5000

============================================================
Fold 2/5
============================================================
  Train:  42 samples, 21 subjects [0, 1, 2, 9, 10, 12, 13, 14, 15, 16, 18, 19, 21, 22, 26, 27, 28, 30, 32, 33, 34], label_0=21, label_1=21
    Val:  16 samples,  8 subjects [5, 6, 8, 11, 23, 24, 25, 29], label_0=8, label_1=8
   Test:  14 samples,  7 subjects [3, 4, 7, 17, 20, 31, 35], label_0=7, label_1=7
  Building window datasets...
    WindowDataset: 1702 windows (class_0=757, class_1=945)
    WindowDataset: 384 windows (class_0=288, class_1=96)
    WindowDataset: 314 windows (class_0=230, class_1=84)
[CBraMod] Loaded 209/209 params from weights/cbramod-base/pretrained_weights.pth
  Fold 2 | Ep   1/50 | t_loss=0.1734 t_acc=0.555 | v_win_bal=0.509 v_rec_bal=0.500 | lr=3.3e-06 | 4.0s
  Fold 2 | Ep   2/50 | t_loss=0.1733 t_acc=0.555 | v_win_bal=0.510 v_rec_bal=0.500 | lr=6.7e-06 | 5.4s
  Fold 2 | Ep   3/50 | t_loss=0.1733 t_acc=0.555 | v_win_bal=0.500 v_rec_bal=0.500 | lr=1.0e-05 | 3.5s
  Fold 2 | Ep   4/50 | t_loss=0.1731 t_acc=0.573 | v_win_bal=0.500 v_rec_bal=0.500 | lr=1.0e-05 | 3.5s
  Fold 2 | Ep   5/50 | t_loss=0.1730 t_acc=0.591 | v_win_bal=0.505 v_rec_bal=0.500 | lr=1.0e-05 | 3.5s
  Fold 2 | Ep   6/50 | t_loss=0.1729 t_acc=0.608 | v_win_bal=0.502 v_rec_bal=0.500 | lr=9.9e-06 | 3.3s
  Fold 2 | Ep   7/50 | t_loss=0.1726 t_acc=0.544 | v_win_bal=0.545 v_rec_bal=0.562 | lr=9.8e-06 | 3.9s
  Fold 2 | Ep   8/50 | t_loss=0.1724 t_acc=0.612 | v_win_bal=0.615 v_rec_bal=0.688 | lr=9.7e-06 | 3.4s
  Fold 2 | Ep   9/50 | t_loss=0.1720 t_acc=0.639 | v_win_bal=0.615 v_rec_bal=0.625 | lr=9.6e-06 | 3.3s
  Fold 2 | Ep  10/50 | t_loss=0.1714 t_acc=0.640 | v_win_bal=0.616 v_rec_bal=0.625 | lr=9.5e-06 | 3.6s
  Fold 2 | Ep  11/50 | t_loss=0.1705 t_acc=0.659 | v_win_bal=0.595 v_rec_bal=0.562 | lr=9.3e-06 | 3.4s
  Fold 2 | Ep  12/50 | t_loss=0.1690 t_acc=0.662 | v_win_bal=0.575 v_rec_bal=0.562 | lr=9.1e-06 | 3.4s
  Fold 2 | Ep  13/50 | t_loss=0.1667 t_acc=0.666 | v_win_bal=0.559 v_rec_bal=0.562 | lr=8.9e-06 | 3.7s
  Fold 2 | Ep  14/50 | t_loss=0.1640 t_acc=0.666 | v_win_bal=0.566 v_rec_bal=0.562 | lr=8.7e-06 | 3.3s
  Fold 2 | Ep  15/50 | t_loss=0.1599 t_acc=0.680 | v_win_bal=0.556 v_rec_bal=0.562 | lr=8.5e-06 | 3.9s
  Fold 2 | Ep  16/50 | t_loss=0.1580 t_acc=0.686 | v_win_bal=0.568 v_rec_bal=0.562 | lr=8.2e-06 | 3.6s
  Fold 2 | Ep  17/50 | t_loss=0.1558 t_acc=0.692 | v_win_bal=0.569 v_rec_bal=0.625 | lr=8.0e-06 | 3.3s
  Fold 2 | Ep  18/50 | t_loss=0.1565 t_acc=0.684 | v_win_bal=0.568 v_rec_bal=0.562 | lr=7.7e-06 | 3.5s
  Fold 2 | Ep  19/50 | t_loss=0.1552 t_acc=0.684 | v_win_bal=0.571 v_rec_bal=0.562 | lr=7.4e-06 | 3.4s
  Fold 2 | Ep  20/50 | t_loss=0.1546 t_acc=0.693 | v_win_bal=0.552 v_rec_bal=0.562 | lr=7.1e-06 | 3.4s
  Fold 2 | Ep  21/50 | t_loss=0.1539 t_acc=0.690 | v_win_bal=0.569 v_rec_bal=0.562 | lr=6.8e-06 | 3.6s
  Fold 2 | Ep  22/50 | t_loss=0.1541 t_acc=0.693 | v_win_bal=0.562 v_rec_bal=0.562 | lr=6.5e-06 | 3.4s
  Fold 2 | Ep  23/50 | t_loss=0.1528 t_acc=0.692 | v_win_bal=0.554 v_rec_bal=0.562 | lr=6.2e-06 | 3.6s
  Fold 2 | Ep  24/50 | t_loss=0.1536 t_acc=0.685 | v_win_bal=0.557 v_rec_bal=0.562 | lr=5.8e-06 | 3.7s
  Fold 2 | Ep  25/50 | t_loss=0.1520 t_acc=0.699 | v_win_bal=0.557 v_rec_bal=0.562 | lr=5.5e-06 | 3.4s
  Early stop at epoch 25
  Extracting test-fold features (14 recordings)...
  Features shape: (14, 200)
  Saved features → results/studies/exp17_eegmat_cbramod_reve_ft/cbramod_s2024/fold2_features.npz
  -> Test (best @ epoch 8): acc=0.5714, bal_acc=0.5714

============================================================
Fold 3/5
============================================================
  Train:  42 samples, 21 subjects [0, 2, 3, 8, 9, 12, 14, 15, 16, 17, 19, 20, 21, 22, 28, 29, 30, 32, 33, 34, 35], label_0=21, label_1=21
    Val:  16 samples,  8 subjects [4, 6, 7, 10, 23, 24, 25, 31], label_0=8, label_1=8
   Test:  14 samples,  7 subjects [1, 5, 11, 13, 18, 26, 27], label_0=7, label_1=7
  Building window datasets...
    WindowDataset: 1701 windows (class_0=756, class_1=945)
    WindowDataset: 363 windows (class_0=267, class_1=96)
    WindowDataset: 336 windows (class_0=252, class_1=84)
[CBraMod] Loaded 209/209 params from weights/cbramod-base/pretrained_weights.pth
  Fold 3 | Ep   1/50 | t_loss=0.1733 t_acc=0.508 | v_win_bal=0.462 v_rec_bal=0.500 | lr=3.3e-06 | 5.5s
  Fold 3 | Ep   2/50 | t_loss=0.1733 t_acc=0.522 | v_win_bal=0.479 v_rec_bal=0.500 | lr=6.7e-06 | 3.3s
  Fold 3 | Ep   3/50 | t_loss=0.1732 t_acc=0.512 | v_win_bal=0.519 v_rec_bal=0.500 | lr=1.0e-05 | 3.3s
  Fold 3 | Ep   4/50 | t_loss=0.1731 t_acc=0.502 | v_win_bal=0.498 v_rec_bal=0.438 | lr=1.0e-05 | 3.6s
  Fold 3 | Ep   5/50 | t_loss=0.1730 t_acc=0.583 | v_win_bal=0.515 v_rec_bal=0.562 | lr=1.0e-05 | 3.3s
  Fold 3 | Ep   6/50 | t_loss=0.1727 t_acc=0.608 | v_win_bal=0.549 v_rec_bal=0.500 | lr=9.9e-06 | 3.7s
  Fold 3 | Ep   7/50 | t_loss=0.1725 t_acc=0.598 | v_win_bal=0.530 v_rec_bal=0.562 | lr=9.8e-06 | 3.7s
  Fold 3 | Ep   8/50 | t_loss=0.1720 t_acc=0.630 | v_win_bal=0.528 v_rec_bal=0.500 | lr=9.7e-06 | 3.5s
  Fold 3 | Ep   9/50 | t_loss=0.1715 t_acc=0.653 | v_win_bal=0.545 v_rec_bal=0.500 | lr=9.6e-06 | 3.7s
  Fold 3 | Ep  10/50 | t_loss=0.1703 t_acc=0.661 | v_win_bal=0.541 v_rec_bal=0.500 | lr=9.5e-06 | 3.3s
  Fold 3 | Ep  11/50 | t_loss=0.1687 t_acc=0.650 | v_win_bal=0.543 v_rec_bal=0.500 | lr=9.3e-06 | 3.3s
  Fold 3 | Ep  12/50 | t_loss=0.1658 t_acc=0.676 | v_win_bal=0.545 v_rec_bal=0.438 | lr=9.1e-06 | 3.9s
  Fold 3 | Ep  13/50 | t_loss=0.1617 t_acc=0.684 | v_win_bal=0.539 v_rec_bal=0.500 | lr=8.9e-06 | 3.3s
  Fold 3 | Ep  14/50 | t_loss=0.1581 t_acc=0.690 | v_win_bal=0.547 v_rec_bal=0.438 | lr=8.7e-06 | 3.4s
  Fold 3 | Ep  15/50 | t_loss=0.1570 t_acc=0.680 | v_win_bal=0.539 v_rec_bal=0.438 | lr=8.5e-06 | 3.8s
  Fold 3 | Ep  16/50 | t_loss=0.1543 t_acc=0.692 | v_win_bal=0.544 v_rec_bal=0.438 | lr=8.2e-06 | 3.3s
  Fold 3 | Ep  17/50 | t_loss=0.1533 t_acc=0.695 | v_win_bal=0.542 v_rec_bal=0.438 | lr=8.0e-06 | 4.0s
  Fold 3 | Ep  18/50 | t_loss=0.1532 t_acc=0.693 | v_win_bal=0.541 v_rec_bal=0.438 | lr=7.7e-06 | 3.6s
  Fold 3 | Ep  19/50 | t_loss=0.1531 t_acc=0.693 | v_win_bal=0.561 v_rec_bal=0.500 | lr=7.4e-06 | 3.4s
  Fold 3 | Ep  20/50 | t_loss=0.1528 t_acc=0.698 | v_win_bal=0.560 v_rec_bal=0.500 | lr=7.1e-06 | 3.9s
  Fold 3 | Ep  21/50 | t_loss=0.1533 t_acc=0.693 | v_win_bal=0.544 v_rec_bal=0.438 | lr=6.8e-06 | 4.1s
  Fold 3 | Ep  22/50 | t_loss=0.1522 t_acc=0.690 | v_win_bal=0.564 v_rec_bal=0.500 | lr=6.5e-06 | 3.3s
  Early stop at epoch 22
  Extracting test-fold features (14 recordings)...
  Features shape: (14, 200)
  Saved features → results/studies/exp17_eegmat_cbramod_reve_ft/cbramod_s2024/fold3_features.npz
  -> Test (best @ epoch 5): acc=0.7857, bal_acc=0.7857

============================================================
Fold 4/5
============================================================
  Train:  42 samples, 21 subjects [1, 2, 3, 7, 8, 11, 12, 13, 15, 16, 17, 18, 19, 20, 27, 28, 29, 31, 32, 34, 35], label_0=21, label_1=21
    Val:  16 samples,  8 subjects [4, 5, 6, 10, 23, 25, 26, 30], label_0=8, label_1=8
   Test:  14 samples,  7 subjects [0, 9, 14, 21, 22, 24, 33], label_0=7, label_1=7
  Building window datasets...
    WindowDataset: 1681 windows (class_0=736, class_1=945)
    WindowDataset: 383 windows (class_0=287, class_1=96)
    WindowDataset: 336 windows (class_0=252, class_1=84)
[CBraMod] Loaded 209/209 params from weights/cbramod-base/pretrained_weights.pth
  Fold 4 | Ep   1/50 | t_loss=0.1737 t_acc=0.439 | v_win_bal=0.500 v_rec_bal=0.500 | lr=3.3e-06 | 3.7s
  Fold 4 | Ep   2/50 | t_loss=0.1736 t_acc=0.438 | v_win_bal=0.500 v_rec_bal=0.500 | lr=6.7e-06 | 3.3s
  Fold 4 | Ep   3/50 | t_loss=0.1733 t_acc=0.437 | v_win_bal=0.505 v_rec_bal=0.500 | lr=1.0e-05 | 3.4s
  Fold 4 | Ep   4/50 | t_loss=0.1731 t_acc=0.437 | v_win_bal=0.531 v_rec_bal=0.625 | lr=1.0e-05 | 3.7s
  Fold 4 | Ep   5/50 | t_loss=0.1730 t_acc=0.502 | v_win_bal=0.569 v_rec_bal=0.562 | lr=1.0e-05 | 3.3s
  Fold 4 | Ep   6/50 | t_loss=0.1729 t_acc=0.469 | v_win_bal=0.536 v_rec_bal=0.500 | lr=9.9e-06 | 3.8s
  Fold 4 | Ep   7/50 | t_loss=0.1726 t_acc=0.582 | v_win_bal=0.596 v_rec_bal=0.562 | lr=9.8e-06 | 3.3s
  Fold 4 | Ep   8/50 | t_loss=0.1723 t_acc=0.546 | v_win_bal=0.593 v_rec_bal=0.562 | lr=9.7e-06 | 3.3s
  Fold 4 | Ep   9/50 | t_loss=0.1719 t_acc=0.596 | v_win_bal=0.598 v_rec_bal=0.688 | lr=9.6e-06 | 4.1s
  Fold 4 | Ep  10/50 | t_loss=0.1711 t_acc=0.634 | v_win_bal=0.588 v_rec_bal=0.625 | lr=9.5e-06 | 3.5s
  Fold 4 | Ep  11/50 | t_loss=0.1701 t_acc=0.633 | v_win_bal=0.581 v_rec_bal=0.625 | lr=9.3e-06 | 4.0s
  Fold 4 | Ep  12/50 | t_loss=0.1683 t_acc=0.620 | v_win_bal=0.584 v_rec_bal=0.625 | lr=9.1e-06 | 3.9s
  Fold 4 | Ep  13/50 | t_loss=0.1661 t_acc=0.642 | v_win_bal=0.586 v_rec_bal=0.562 | lr=8.9e-06 | 3.3s
  Fold 4 | Ep  14/50 | t_loss=0.1636 t_acc=0.657 | v_win_bal=0.567 v_rec_bal=0.625 | lr=8.7e-06 | 4.2s
  Fold 4 | Ep  15/50 | t_loss=0.1618 t_acc=0.648 | v_win_bal=0.576 v_rec_bal=0.562 | lr=8.5e-06 | 3.3s
  Fold 4 | Ep  16/50 | t_loss=0.1601 t_acc=0.662 | v_win_bal=0.586 v_rec_bal=0.562 | lr=8.2e-06 | 3.4s
  Fold 4 | Ep  17/50 | t_loss=0.1596 t_acc=0.654 | v_win_bal=0.558 v_rec_bal=0.562 | lr=8.0e-06 | 4.3s
  Fold 4 | Ep  18/50 | t_loss=0.1584 t_acc=0.655 | v_win_bal=0.565 v_rec_bal=0.562 | lr=7.7e-06 | 3.3s
  Fold 4 | Ep  19/50 | t_loss=0.1581 t_acc=0.666 | v_win_bal=0.586 v_rec_bal=0.562 | lr=7.4e-06 | 3.6s
  Fold 4 | Ep  20/50 | t_loss=0.1574 t_acc=0.663 | v_win_bal=0.586 v_rec_bal=0.625 | lr=7.1e-06 | 3.4s
  Fold 4 | Ep  21/50 | t_loss=0.1570 t_acc=0.674 | v_win_bal=0.579 v_rec_bal=0.625 | lr=6.8e-06 | 3.3s
  Fold 4 | Ep  22/50 | t_loss=0.1565 t_acc=0.672 | v_win_bal=0.614 v_rec_bal=0.688 | lr=6.5e-06 | 4.2s
  Fold 4 | Ep  23/50 | t_loss=0.1566 t_acc=0.662 | v_win_bal=0.597 v_rec_bal=0.688 | lr=6.2e-06 | 3.3s
  Fold 4 | Ep  24/50 | t_loss=0.1562 t_acc=0.670 | v_win_bal=0.588 v_rec_bal=0.688 | lr=5.8e-06 | 4.1s
  Fold 4 | Ep  25/50 | t_loss=0.1555 t_acc=0.656 | v_win_bal=0.591 v_rec_bal=0.688 | lr=5.5e-06 | 3.6s
  Fold 4 | Ep  26/50 | t_loss=0.1557 t_acc=0.662 | v_win_bal=0.612 v_rec_bal=0.688 | lr=5.2e-06 | 3.3s
  Fold 4 | Ep  27/50 | t_loss=0.1550 t_acc=0.661 | v_win_bal=0.619 v_rec_bal=0.688 | lr=4.8e-06 | 5.1s
  Fold 4 | Ep  28/50 | t_loss=0.1550 t_acc=0.666 | v_win_bal=0.593 v_rec_bal=0.625 | lr=4.5e-06 | 3.4s
  Fold 4 | Ep  29/50 | t_loss=0.1564 t_acc=0.660 | v_win_bal=0.598 v_rec_bal=0.625 | lr=4.2e-06 | 3.5s
  Fold 4 | Ep  30/50 | t_loss=0.1554 t_acc=0.660 | v_win_bal=0.585 v_rec_bal=0.625 | lr=3.8e-06 | 3.8s
  Fold 4 | Ep  31/50 | t_loss=0.1537 t_acc=0.661 | v_win_bal=0.605 v_rec_bal=0.625 | lr=3.5e-06 | 3.5s
  Fold 4 | Ep  32/50 | t_loss=0.1554 t_acc=0.663 | v_win_bal=0.607 v_rec_bal=0.625 | lr=3.2e-06 | 4.3s
  Fold 4 | Ep  33/50 | t_loss=0.1536 t_acc=0.682 | v_win_bal=0.618 v_rec_bal=0.625 | lr=2.9e-06 | 3.6s
  Fold 4 | Ep  34/50 | t_loss=0.1552 t_acc=0.661 | v_win_bal=0.605 v_rec_bal=0.625 | lr=2.6e-06 | 3.3s
  Fold 4 | Ep  35/50 | t_loss=0.1534 t_acc=0.667 | v_win_bal=0.604 v_rec_bal=0.625 | lr=2.3e-06 | 4.0s
  Fold 4 | Ep  36/50 | t_loss=0.1549 t_acc=0.657 | v_win_bal=0.605 v_rec_bal=0.562 | lr=2.0e-06 | 3.3s
  Fold 4 | Ep  37/50 | t_loss=0.1551 t_acc=0.660 | v_win_bal=0.597 v_rec_bal=0.562 | lr=1.8e-06 | 3.3s
  Fold 4 | Ep  38/50 | t_loss=0.1543 t_acc=0.655 | v_win_bal=0.597 v_rec_bal=0.562 | lr=1.5e-06 | 4.3s
  Fold 4 | Ep  39/50 | t_loss=0.1552 t_acc=0.654 | v_win_bal=0.604 v_rec_bal=0.562 | lr=1.3e-06 | 3.5s
  Early stop at epoch 39
  Extracting test-fold features (14 recordings)...
  Features shape: (14, 200)
  Saved features → results/studies/exp17_eegmat_cbramod_reve_ft/cbramod_s2024/fold4_features.npz
  -> Test (best @ epoch 9): acc=0.7143, bal_acc=0.7143

============================================================
Fold 5/5
============================================================
  Train:  42 samples, 21 subjects [0, 1, 3, 7, 8, 10, 11, 12, 13, 14, 15, 17, 18, 19, 24, 26, 27, 30, 31, 33, 35], label_0=21, label_1=21
    Val:  16 samples,  8 subjects [4, 5, 6, 9, 20, 21, 22, 29], label_0=8, label_1=8
   Test:  14 samples,  7 subjects [2, 16, 23, 25, 28, 32, 34], label_0=7, label_1=7
  Building window datasets...
    WindowDataset: 1682 windows (class_0=737, class_1=945)
    WindowDataset: 382 windows (class_0=286, class_1=96)
    WindowDataset: 336 windows (class_0=252, class_1=84)
[CBraMod] Loaded 209/209 params from weights/cbramod-base/pretrained_weights.pth
  Fold 5 | Ep   1/50 | t_loss=0.1740 t_acc=0.563 | v_win_bal=0.500 v_rec_bal=0.500 | lr=3.3e-06 | 3.8s
  Fold 5 | Ep   2/50 | t_loss=0.1739 t_acc=0.561 | v_win_bal=0.500 v_rec_bal=0.500 | lr=6.7e-06 | 3.3s
  Fold 5 | Ep   3/50 | t_loss=0.1734 t_acc=0.561 | v_win_bal=0.500 v_rec_bal=0.500 | lr=1.0e-05 | 3.6s
  Fold 5 | Ep   4/50 | t_loss=0.1731 t_acc=0.579 | v_win_bal=0.509 v_rec_bal=0.500 | lr=1.0e-05 | 4.1s
  Fold 5 | Ep   5/50 | t_loss=0.1729 t_acc=0.591 | v_win_bal=0.554 v_rec_bal=0.562 | lr=1.0e-05 | 3.3s
  Fold 5 | Ep   6/50 | t_loss=0.1728 t_acc=0.534 | v_win_bal=0.581 v_rec_bal=0.562 | lr=9.9e-06 | 4.7s
  Fold 5 | Ep   7/50 | t_loss=0.1726 t_acc=0.630 | v_win_bal=0.572 v_rec_bal=0.562 | lr=9.8e-06 | 3.5s
  Fold 5 | Ep   8/50 | t_loss=0.1723 t_acc=0.528 | v_win_bal=0.662 v_rec_bal=0.688 | lr=9.7e-06 | 3.5s
  Fold 5 | Ep   9/50 | t_loss=0.1719 t_acc=0.596 | v_win_bal=0.653 v_rec_bal=0.625 | lr=9.6e-06 | 6.3s
  Fold 5 | Ep  10/50 | t_loss=0.1712 t_acc=0.584 | v_win_bal=0.653 v_rec_bal=0.625 | lr=9.5e-06 | 3.4s
  Fold 5 | Ep  11/50 | t_loss=0.1705 t_acc=0.615 | v_win_bal=0.655 v_rec_bal=0.688 | lr=9.3e-06 | 3.4s
  Fold 5 | Ep  12/50 | t_loss=0.1694 t_acc=0.588 | v_win_bal=0.684 v_rec_bal=0.688 | lr=9.1e-06 | 3.6s
  Fold 5 | Ep  13/50 | t_loss=0.1672 t_acc=0.656 | v_win_bal=0.669 v_rec_bal=0.750 | lr=8.9e-06 | 3.6s
  Fold 5 | Ep  14/50 | t_loss=0.1650 t_acc=0.662 | v_win_bal=0.669 v_rec_bal=0.688 | lr=8.7e-06 | 3.8s
  Fold 5 | Ep  15/50 | t_loss=0.1624 t_acc=0.663 | v_win_bal=0.650 v_rec_bal=0.625 | lr=8.5e-06 | 4.2s
  Fold 5 | Ep  16/50 | t_loss=0.1605 t_acc=0.680 | v_win_bal=0.650 v_rec_bal=0.625 | lr=8.2e-06 | 4.2s
  Fold 5 | Ep  17/50 | t_loss=0.1596 t_acc=0.679 | v_win_bal=0.669 v_rec_bal=0.688 | lr=8.0e-06 | 3.6s
  Fold 5 | Ep  18/50 | t_loss=0.1585 t_acc=0.684 | v_win_bal=0.648 v_rec_bal=0.688 | lr=7.7e-06 | 4.3s
  Fold 5 | Ep  19/50 | t_loss=0.1583 t_acc=0.681 | v_win_bal=0.655 v_rec_bal=0.688 | lr=7.4e-06 | 3.3s
  Fold 5 | Ep  20/50 | t_loss=0.1574 t_acc=0.692 | v_win_bal=0.660 v_rec_bal=0.688 | lr=7.1e-06 | 4.0s
  Fold 5 | Ep  21/50 | t_loss=0.1569 t_acc=0.687 | v_win_bal=0.662 v_rec_bal=0.688 | lr=6.8e-06 | 3.4s
  Fold 5 | Ep  22/50 | t_loss=0.1569 t_acc=0.691 | v_win_bal=0.667 v_rec_bal=0.750 | lr=6.5e-06 | 3.4s
  Fold 5 | Ep  23/50 | t_loss=0.1565 t_acc=0.688 | v_win_bal=0.677 v_rec_bal=0.750 | lr=6.2e-06 | 5.0s
  Fold 5 | Ep  24/50 | t_loss=0.1570 t_acc=0.689 | v_win_bal=0.671 v_rec_bal=0.688 | lr=5.8e-06 | 3.7s
  Fold 5 | Ep  25/50 | t_loss=0.1562 t_acc=0.684 | v_win_bal=0.672 v_rec_bal=0.750 | lr=5.5e-06 | 3.8s
  Fold 5 | Ep  26/50 | t_loss=0.1561 t_acc=0.681 | v_win_bal=0.679 v_rec_bal=0.688 | lr=5.2e-06 | 4.4s
  Fold 5 | Ep  27/50 | t_loss=0.1551 t_acc=0.683 | v_win_bal=0.665 v_rec_bal=0.688 | lr=4.8e-06 | 3.3s
  Fold 5 | Ep  28/50 | t_loss=0.1552 t_acc=0.696 | v_win_bal=0.683 v_rec_bal=0.688 | lr=4.5e-06 | 3.3s
  Fold 5 | Ep  29/50 | t_loss=0.1552 t_acc=0.693 | v_win_bal=0.679 v_rec_bal=0.688 | lr=4.2e-06 | 5.1s
  Fold 5 | Ep  30/50 | t_loss=0.1558 t_acc=0.688 | v_win_bal=0.677 v_rec_bal=0.688 | lr=3.8e-06 | 4.1s
  Fold 5 | Ep  31/50 | t_loss=0.1550 t_acc=0.688 | v_win_bal=0.679 v_rec_bal=0.688 | lr=3.5e-06 | 3.3s
  Fold 5 | Ep  32/50 | t_loss=0.1543 t_acc=0.694 | v_win_bal=0.676 v_rec_bal=0.688 | lr=3.2e-06 | 3.5s
  Fold 5 | Ep  33/50 | t_loss=0.1546 t_acc=0.692 | v_win_bal=0.679 v_rec_bal=0.688 | lr=2.9e-06 | 3.7s
  Fold 5 | Ep  34/50 | t_loss=0.1546 t_acc=0.696 | v_win_bal=0.674 v_rec_bal=0.688 | lr=2.6e-06 | 3.3s
  Fold 5 | Ep  35/50 | t_loss=0.1544 t_acc=0.685 | v_win_bal=0.679 v_rec_bal=0.688 | lr=2.3e-06 | 4.3s
  Fold 5 | Ep  36/50 | t_loss=0.1549 t_acc=0.683 | v_win_bal=0.676 v_rec_bal=0.688 | lr=2.0e-06 | 3.3s
  Fold 5 | Ep  37/50 | t_loss=0.1538 t_acc=0.692 | v_win_bal=0.677 v_rec_bal=0.688 | lr=1.8e-06 | 3.4s
  Fold 5 | Ep  38/50 | t_loss=0.1545 t_acc=0.693 | v_win_bal=0.674 v_rec_bal=0.688 | lr=1.5e-06 | 4.1s
  Early stop at epoch 38
  Extracting test-fold features (14 recordings)...
  Features shape: (14, 200)
  Saved features → results/studies/exp17_eegmat_cbramod_reve_ft/cbramod_s2024/fold5_features.npz
  -> Test (best @ epoch 13): acc=0.6429, bal_acc=0.6429

============================================================
Global Results (5-Fold, subject-level CV)
Mode: FT | Extractor: cbramod | Loss: focal
============================================================
              acc: 0.6389
          bal_acc: 0.6389
               f1: 0.6378
            kappa: 0.2778
  Total predictions: 72 (should equal dataset size: 72)

Results saved to results/studies/exp17_eegmat_cbramod_reve_ft/cbramod_s2024/
