CMD: /raid/jupyter-linjimmy1003.md10/.conda/envs/stress/bin/python train_ft.py --extractor cbramod --seed 123 --device cuda:3 --run-id hp_sweep/20260409_main/cbramod/cbramod_encoderlrscale1_lr1e-4_s123 --mode ft --folds 5 --epochs 100 --patience 20 --batch-size 32 --label subject-dass --loss focal --head-hidden 128 --csv data/comprehensive_labels.csv --weight-decay 0.05 --grad-clip 2.0 --warmup-epochs 3 --aug-overlap 0.75 --norm none --encoder-lr-scale 1.0 --lr 0.0001

/raid/jupyter-linjimmy1003.md10/.conda/envs/stress/lib/python3.11/site-packages/timm/models/layers/__init__.py:49: FutureWarning: Importing from timm.models.layers is deprecated, please import via timm.layers
  warnings.warn(f"Importing from {__name__} is deprecated, please import via timm.layers", FutureWarning)
Mode: FT | Extractor: cbramod | Folds: 5
LR: 0.0001 | WD: 0.05 | Beta2: 0.999 | Grad clip: 2.0
Head: hidden=128, dropout=0.0 | Norm: none | Loss: focal
Full FT: encoder_lr_scale=1.0
Augmentation: 75% overlap for increase class

Results → results/hp_sweep/20260409_main/cbramod/cbramod_encoderlrscale1_lr1e-4_s123/
Dataset: 70 recordings loaded (14 increase, 56 normal)
Cache: 70 recordings ready (70 cached, 0 new)
Subject-DASS labels: increase=23 (5 subjects), normal=47

============================================================
Fold 1/5
============================================================
  Train:  43 samples, 10 subjects [2, 3, 4, 6, 7, 8, 9, 10, 11, 13], label_0=28, label_1=15
    Val:  13 samples,  3 subjects [12, 17, 18], label_0=10, label_1=3
   Test:  14 samples,  4 subjects [1, 5, 14, 16], label_0=9, label_1=5
  Building window datasets...
    WindowDataset: 6870 windows (class_0=2063, class_1=4807)
    WindowDataset: 1166 windows (class_0=980, class_1=186)
    WindowDataset: 1116 windows (class_0=799, class_1=317)
[CBraMod] Loaded 209/209 params from weights/cbramod-base/pretrained_weights.pth
  Trainable parameters: 4,935,443
  Class weights: [1.6650508642196655, 0.7145829200744629]
  Fold 1 | Ep   1/100 | t_loss=0.1362 t_acc=0.717 | v_win_bal=0.478 v_rec_bal=0.500 | lr=3.3e-05 | 15.7s
  Fold 1 | Ep   2/100 | t_loss=0.0955 t_acc=0.853 | v_win_bal=0.491 v_rec_bal=0.500 | lr=6.7e-05 | 14.1s
  Fold 1 | Ep   3/100 | t_loss=0.0884 t_acc=0.865 | v_win_bal=0.498 v_rec_bal=0.500 | lr=1.0e-04 | 13.7s
  Fold 1 | Ep   4/100 | t_loss=0.0869 t_acc=0.874 | v_win_bal=0.498 v_rec_bal=0.500 | lr=1.0e-04 | 13.9s
  Fold 1 | Ep   5/100 | t_loss=0.0752 t_acc=0.897 | v_win_bal=0.499 v_rec_bal=0.500 | lr=1.0e-04 | 13.7s
  Fold 1 | Ep   6/100 | t_loss=0.0717 t_acc=0.899 | v_win_bal=0.495 v_rec_bal=0.500 | lr=1.0e-04 | 13.7s
  Fold 1 | Ep   7/100 | t_loss=0.0700 t_acc=0.904 | v_win_bal=0.508 v_rec_bal=0.500 | lr=1.0e-04 | 13.7s
  Fold 1 | Ep   8/100 | t_loss=0.0590 t_acc=0.918 | v_win_bal=0.500 v_rec_bal=0.500 | lr=9.9e-05 | 13.9s
  Fold 1 | Ep   9/100 | t_loss=0.0579 t_acc=0.924 | v_win_bal=0.503 v_rec_bal=0.500 | lr=9.9e-05 | 13.7s
  Fold 1 | Ep  10/100 | t_loss=0.0485 t_acc=0.937 | v_win_bal=0.507 v_rec_bal=0.500 | lr=9.9e-05 | 13.7s
  Fold 1 | Ep  11/100 | t_loss=0.0490 t_acc=0.935 | v_win_bal=0.500 v_rec_bal=0.500 | lr=9.8e-05 | 13.6s
  Fold 1 | Ep  12/100 | t_loss=0.0481 t_acc=0.941 | v_win_bal=0.600 v_rec_bal=0.617 | lr=9.8e-05 | 14.2s
  Fold 1 | Ep  13/100 | t_loss=0.0483 t_acc=0.943 | v_win_bal=0.514 v_rec_bal=0.500 | lr=9.7e-05 | 13.6s
  Fold 1 | Ep  14/100 | t_loss=0.0458 t_acc=0.946 | v_win_bal=0.501 v_rec_bal=0.500 | lr=9.7e-05 | 13.6s
  Fold 1 | Ep  15/100 | t_loss=0.0410 t_acc=0.950 | v_win_bal=0.522 v_rec_bal=0.500 | lr=9.6e-05 | 13.6s
  Fold 1 | Ep  16/100 | t_loss=0.0396 t_acc=0.955 | v_win_bal=0.575 v_rec_bal=0.500 | lr=9.6e-05 | 13.6s
  Fold 1 | Ep  17/100 | t_loss=0.0344 t_acc=0.961 | v_win_bal=0.503 v_rec_bal=0.500 | lr=9.5e-05 | 13.7s
  Fold 1 | Ep  18/100 | t_loss=0.0358 t_acc=0.962 | v_win_bal=0.551 v_rec_bal=0.500 | lr=9.4e-05 | 13.8s
  Fold 1 | Ep  19/100 | t_loss=0.0353 t_acc=0.959 | v_win_bal=0.511 v_rec_bal=0.500 | lr=9.3e-05 | 13.7s
  Fold 1 | Ep  20/100 | t_loss=0.0304 t_acc=0.966 | v_win_bal=0.574 v_rec_bal=0.500 | lr=9.3e-05 | 13.7s
  Fold 1 | Ep  21/100 | t_loss=0.0379 t_acc=0.956 | v_win_bal=0.578 v_rec_bal=0.667 | lr=9.2e-05 | 13.6s
  Fold 1 | Ep  22/100 | t_loss=0.0325 t_acc=0.966 | v_win_bal=0.515 v_rec_bal=0.500 | lr=9.1e-05 | 13.8s
  Fold 1 | Ep  23/100 | t_loss=0.0288 t_acc=0.969 | v_win_bal=0.493 v_rec_bal=0.500 | lr=9.0e-05 | 13.6s
  Fold 1 | Ep  24/100 | t_loss=0.0266 t_acc=0.972 | v_win_bal=0.545 v_rec_bal=0.500 | lr=8.9e-05 | 13.6s
  Fold 1 | Ep  25/100 | t_loss=0.0284 t_acc=0.972 | v_win_bal=0.567 v_rec_bal=0.500 | lr=8.8e-05 | 13.8s
  Fold 1 | Ep  26/100 | t_loss=0.0348 t_acc=0.967 | v_win_bal=0.514 v_rec_bal=0.500 | lr=8.7e-05 | 14.0s
  Fold 1 | Ep  27/100 | t_loss=0.0321 t_acc=0.973 | v_win_bal=0.611 v_rec_bal=0.667 | lr=8.6e-05 | 13.7s
  Fold 1 | Ep  28/100 | t_loss=0.0243 t_acc=0.976 | v_win_bal=0.542 v_rec_bal=0.500 | lr=8.4e-05 | 15.5s
  Fold 1 | Ep  29/100 | t_loss=0.0262 t_acc=0.977 | v_win_bal=0.531 v_rec_bal=0.500 | lr=8.3e-05 | 15.6s
  Fold 1 | Ep  30/100 | t_loss=0.0219 t_acc=0.981 | v_win_bal=0.540 v_rec_bal=0.500 | lr=8.2e-05 | 19.2s
  Fold 1 | Ep  31/100 | t_loss=0.0260 t_acc=0.974 | v_win_bal=0.545 v_rec_bal=0.500 | lr=8.1e-05 | 19.6s
  Fold 1 | Ep  32/100 | t_loss=0.0219 t_acc=0.980 | v_win_bal=0.531 v_rec_bal=0.500 | lr=8.0e-05 | 22.2s
  Fold 1 | Ep  33/100 | t_loss=0.0181 t_acc=0.984 | v_win_bal=0.520 v_rec_bal=0.500 | lr=7.8e-05 | 18.7s
  Fold 1 | Ep  34/100 | t_loss=0.0233 t_acc=0.979 | v_win_bal=0.538 v_rec_bal=0.500 | lr=7.7e-05 | 17.0s
  Fold 1 | Ep  35/100 | t_loss=0.0266 t_acc=0.979 | v_win_bal=0.609 v_rec_bal=0.617 | lr=7.5e-05 | 18.2s
  Fold 1 | Ep  36/100 | t_loss=0.0187 t_acc=0.984 | v_win_bal=0.528 v_rec_bal=0.450 | lr=7.4e-05 | 15.9s
  Fold 1 | Ep  37/100 | t_loss=0.0236 t_acc=0.981 | v_win_bal=0.624 v_rec_bal=0.617 | lr=7.3e-05 | 17.8s
  Fold 1 | Ep  38/100 | t_loss=0.0161 t_acc=0.987 | v_win_bal=0.581 v_rec_bal=0.617 | lr=7.1e-05 | 18.5s
  Fold 1 | Ep  39/100 | t_loss=0.0138 t_acc=0.990 | v_win_bal=0.595 v_rec_bal=0.667 | lr=7.0e-05 | 18.0s
  Fold 1 | Ep  40/100 | t_loss=0.0200 t_acc=0.987 | v_win_bal=0.579 v_rec_bal=0.617 | lr=6.8e-05 | 17.5s
  Fold 1 | Ep  41/100 | t_loss=0.0115 t_acc=0.991 | v_win_bal=0.572 v_rec_bal=0.500 | lr=6.7e-05 | 19.9s
  Fold 1 | Ep  42/100 | t_loss=0.0110 t_acc=0.992 | v_win_bal=0.524 v_rec_bal=0.500 | lr=6.5e-05 | 18.8s
  Fold 1 | Ep  43/100 | t_loss=0.0142 t_acc=0.990 | v_win_bal=0.523 v_rec_bal=0.500 | lr=6.4e-05 | 19.0s
  Fold 1 | Ep  44/100 | t_loss=0.0111 t_acc=0.992 | v_win_bal=0.549 v_rec_bal=0.500 | lr=6.2e-05 | 18.6s
  Fold 1 | Ep  45/100 | t_loss=0.0150 t_acc=0.992 | v_win_bal=0.552 v_rec_bal=0.500 | lr=6.0e-05 | 19.4s
  Fold 1 | Ep  46/100 | t_loss=0.0090 t_acc=0.994 | v_win_bal=0.540 v_rec_bal=0.500 | lr=5.9e-05 | 18.4s
  Fold 1 | Ep  47/100 | t_loss=0.0182 t_acc=0.990 | v_win_bal=0.524 v_rec_bal=0.500 | lr=5.7e-05 | 16.8s
  Fold 1 | Ep  48/100 | t_loss=0.0108 t_acc=0.992 | v_win_bal=0.550 v_rec_bal=0.500 | lr=5.6e-05 | 19.2s
  Fold 1 | Ep  49/100 | t_loss=0.0117 t_acc=0.993 | v_win_bal=0.539 v_rec_bal=0.500 | lr=5.4e-05 | 18.8s
  Fold 1 | Ep  50/100 | t_loss=0.0057 t_acc=0.996 | v_win_bal=0.525 v_rec_bal=0.500 | lr=5.2e-05 | 18.7s
  Fold 1 | Ep  51/100 | t_loss=0.0105 t_acc=0.995 | v_win_bal=0.543 v_rec_bal=0.500 | lr=5.1e-05 | 22.6s
  Fold 1 | Ep  52/100 | t_loss=0.0074 t_acc=0.995 | v_win_bal=0.583 v_rec_bal=0.667 | lr=4.9e-05 | 20.8s
  Fold 1 | Ep  53/100 | t_loss=0.0088 t_acc=0.994 | v_win_bal=0.561 v_rec_bal=0.500 | lr=4.8e-05 | 18.1s
  Fold 1 | Ep  54/100 | t_loss=0.0029 t_acc=0.998 | v_win_bal=0.541 v_rec_bal=0.450 | lr=4.6e-05 | 16.1s
  Fold 1 | Ep  55/100 | t_loss=0.0070 t_acc=0.996 | v_win_bal=0.505 v_rec_bal=0.500 | lr=4.4e-05 | 18.4s
  Fold 1 | Ep  56/100 | t_loss=0.0048 t_acc=0.997 | v_win_bal=0.528 v_rec_bal=0.500 | lr=4.3e-05 | 18.6s
  Fold 1 | Ep  57/100 | t_loss=0.0060 t_acc=0.996 | v_win_bal=0.545 v_rec_bal=0.500 | lr=4.1e-05 | 19.9s
  Fold 1 | Ep  58/100 | t_loss=0.0063 t_acc=0.997 | v_win_bal=0.566 v_rec_bal=0.500 | lr=4.0e-05 | 19.3s
  Fold 1 | Ep  59/100 | t_loss=0.0031 t_acc=0.997 | v_win_bal=0.555 v_rec_bal=0.500 | lr=3.8e-05 | 19.6s
  Early stop at epoch 59
  -> Test (best @ epoch 21): acc=0.4286, bal_acc=0.5111

============================================================
Fold 2/5
============================================================
  Train:  43 samples, 10 subjects [2, 3, 4, 6, 7, 9, 10, 11, 13, 18], label_0=28, label_1=15
    Val:  14 samples,  4 subjects [1, 5, 14, 16], label_0=9, label_1=5
   Test:  13 samples,  3 subjects [8, 12, 17], label_0=10, label_1=3
  Building window datasets...
    WindowDataset: 6852 windows (class_0=2045, class_1=4807)
    WindowDataset: 1116 windows (class_0=799, class_1=317)
    WindowDataset: 1184 windows (class_0=998, class_1=186)
[CBraMod] Loaded 209/209 params from weights/cbramod-base/pretrained_weights.pth
  Fold 2 | Ep   1/100 | t_loss=0.1362 t_acc=0.684 | v_win_bal=0.545 v_rec_bal=0.456 | lr=3.3e-05 | 25.7s
  Fold 2 | Ep   2/100 | t_loss=0.0950 t_acc=0.864 | v_win_bal=0.499 v_rec_bal=0.322 | lr=6.7e-05 | 23.7s
  Fold 2 | Ep   3/100 | t_loss=0.0848 t_acc=0.874 | v_win_bal=0.522 v_rec_bal=0.367 | lr=1.0e-04 | 19.2s
  Fold 2 | Ep   4/100 | t_loss=0.0778 t_acc=0.888 | v_win_bal=0.539 v_rec_bal=0.411 | lr=1.0e-04 | 19.5s
  Fold 2 | Ep   5/100 | t_loss=0.0733 t_acc=0.887 | v_win_bal=0.471 v_rec_bal=0.267 | lr=1.0e-04 | 18.5s
  Fold 2 | Ep   6/100 | t_loss=0.0665 t_acc=0.901 | v_win_bal=0.433 v_rec_bal=0.267 | lr=1.0e-04 | 17.6s
  Fold 2 | Ep   7/100 | t_loss=0.0627 t_acc=0.912 | v_win_bal=0.549 v_rec_bal=0.511 | lr=1.0e-04 | 22.2s
  Fold 2 | Ep   8/100 | t_loss=0.0589 t_acc=0.921 | v_win_bal=0.505 v_rec_bal=0.378 | lr=9.9e-05 | 21.4s
  Fold 2 | Ep   9/100 | t_loss=0.0655 t_acc=0.921 | v_win_bal=0.516 v_rec_bal=0.367 | lr=9.9e-05 | 17.0s
  Fold 2 | Ep  10/100 | t_loss=0.0558 t_acc=0.927 | v_win_bal=0.561 v_rec_bal=0.567 | lr=9.9e-05 | 23.3s
  Fold 2 | Ep  11/100 | t_loss=0.0523 t_acc=0.932 | v_win_bal=0.555 v_rec_bal=0.467 | lr=9.8e-05 | 19.1s
  Fold 2 | Ep  12/100 | t_loss=0.0560 t_acc=0.932 | v_win_bal=0.530 v_rec_bal=0.467 | lr=9.8e-05 | 46.6s
  Fold 2 | Ep  13/100 | t_loss=0.0505 t_acc=0.941 | v_win_bal=0.567 v_rec_bal=0.411 | lr=9.7e-05 | 77.7s
  Fold 2 | Ep  14/100 | t_loss=0.0431 t_acc=0.950 | v_win_bal=0.521 v_rec_bal=0.367 | lr=9.7e-05 | 114.9s
  Fold 2 | Ep  15/100 | t_loss=0.0507 t_acc=0.947 | v_win_bal=0.529 v_rec_bal=0.367 | lr=9.6e-05 | 107.9s
  Fold 2 | Ep  16/100 | t_loss=0.0424 t_acc=0.955 | v_win_bal=0.580 v_rec_bal=0.511 | lr=9.6e-05 | 110.5s
  Fold 2 | Ep  17/100 | t_loss=0.0350 t_acc=0.956 | v_win_bal=0.524 v_rec_bal=0.367 | lr=9.5e-05 | 116.2s
  Fold 2 | Ep  18/100 | t_loss=0.0361 t_acc=0.959 | v_win_bal=0.555 v_rec_bal=0.511 | lr=9.4e-05 | 113.6s
  Fold 2 | Ep  19/100 | t_loss=0.0398 t_acc=0.956 | v_win_bal=0.631 v_rec_bal=0.511 | lr=9.3e-05 | 117.2s
  Fold 2 | Ep  20/100 | t_loss=0.0383 t_acc=0.959 | v_win_bal=0.603 v_rec_bal=0.567 | lr=9.3e-05 | 114.2s
  Fold 2 | Ep  21/100 | t_loss=0.0352 t_acc=0.963 | v_win_bal=0.586 v_rec_bal=0.611 | lr=9.2e-05 | 116.7s
  Fold 2 | Ep  22/100 | t_loss=0.0310 t_acc=0.969 | v_win_bal=0.562 v_rec_bal=0.467 | lr=9.1e-05 | 119.8s
  Fold 2 | Ep  23/100 | t_loss=0.0284 t_acc=0.972 | v_win_bal=0.598 v_rec_bal=0.567 | lr=9.0e-05 | 117.0s
  Fold 2 | Ep  24/100 | t_loss=0.0305 t_acc=0.971 | v_win_bal=0.490 v_rec_bal=0.367 | lr=8.9e-05 | 108.5s
  Fold 2 | Ep  25/100 | t_loss=0.0271 t_acc=0.972 | v_win_bal=0.590 v_rec_bal=0.511 | lr=8.8e-05 | 113.8s
  Fold 2 | Ep  26/100 | t_loss=0.0297 t_acc=0.973 | v_win_bal=0.585 v_rec_bal=0.567 | lr=8.7e-05 | 120.4s
  Fold 2 | Ep  27/100 | t_loss=0.0239 t_acc=0.978 | v_win_bal=0.510 v_rec_bal=0.367 | lr=8.6e-05 | 117.9s
  Fold 2 | Ep  28/100 | t_loss=0.0267 t_acc=0.979 | v_win_bal=0.596 v_rec_bal=0.511 | lr=8.4e-05 | 116.4s
  Fold 2 | Ep  29/100 | t_loss=0.0192 t_acc=0.981 | v_win_bal=0.581 v_rec_bal=0.611 | lr=8.3e-05 | 115.4s
  Fold 2 | Ep  30/100 | t_loss=0.0256 t_acc=0.980 | v_win_bal=0.600 v_rec_bal=0.511 | lr=8.2e-05 | 116.5s
  Fold 2 | Ep  31/100 | t_loss=0.0223 t_acc=0.981 | v_win_bal=0.634 v_rec_bal=0.611 | lr=8.1e-05 | 117.3s
  Fold 2 | Ep  32/100 | t_loss=0.0208 t_acc=0.984 | v_win_bal=0.567 v_rec_bal=0.467 | lr=8.0e-05 | 119.5s
  Fold 2 | Ep  33/100 | t_loss=0.0163 t_acc=0.987 | v_win_bal=0.607 v_rec_bal=0.567 | lr=7.8e-05 | 115.7s
  Fold 2 | Ep  34/100 | t_loss=0.0195 t_acc=0.985 | v_win_bal=0.605 v_rec_bal=0.567 | lr=7.7e-05 | 112.7s
  Fold 2 | Ep  35/100 | t_loss=0.0196 t_acc=0.987 | v_win_bal=0.616 v_rec_bal=0.511 | lr=7.5e-05 | 120.2s
  Fold 2 | Ep  36/100 | t_loss=0.0160 t_acc=0.988 | v_win_bal=0.557 v_rec_bal=0.511 | lr=7.4e-05 | 116.9s
  Fold 2 | Ep  37/100 | t_loss=0.0166 t_acc=0.986 | v_win_bal=0.596 v_rec_bal=0.567 | lr=7.3e-05 | 116.2s
  Fold 2 | Ep  38/100 | t_loss=0.0164 t_acc=0.989 | v_win_bal=0.620 v_rec_bal=0.667 | lr=7.1e-05 | 113.5s
  Fold 2 | Ep  39/100 | t_loss=0.0144 t_acc=0.990 | v_win_bal=0.591 v_rec_bal=0.567 | lr=7.0e-05 | 117.6s
  Fold 2 | Ep  40/100 | t_loss=0.0156 t_acc=0.989 | v_win_bal=0.604 v_rec_bal=0.511 | lr=6.8e-05 | 121.3s
  Fold 2 | Ep  41/100 | t_loss=0.0168 t_acc=0.989 | v_win_bal=0.630 v_rec_bal=0.611 | lr=6.7e-05 | 134.0s
  Fold 2 | Ep  42/100 | t_loss=0.0141 t_acc=0.991 | v_win_bal=0.599 v_rec_bal=0.511 | lr=6.5e-05 | 134.1s
  Fold 2 | Ep  43/100 | t_loss=0.0131 t_acc=0.990 | v_win_bal=0.581 v_rec_bal=0.667 | lr=6.4e-05 | 130.1s
  Fold 2 | Ep  44/100 | t_loss=0.0090 t_acc=0.994 | v_win_bal=0.571 v_rec_bal=0.467 | lr=6.2e-05 | 131.2s
  Fold 2 | Ep  45/100 | t_loss=0.0132 t_acc=0.992 | v_win_bal=0.613 v_rec_bal=0.611 | lr=6.0e-05 | 131.7s
  Fold 2 | Ep  46/100 | t_loss=0.0064 t_acc=0.996 | v_win_bal=0.609 v_rec_bal=0.611 | lr=5.9e-05 | 131.1s
  Fold 2 | Ep  47/100 | t_loss=0.0121 t_acc=0.992 | v_win_bal=0.579 v_rec_bal=0.511 | lr=5.7e-05 | 135.0s
  Fold 2 | Ep  48/100 | t_loss=0.0061 t_acc=0.997 | v_win_bal=0.584 v_rec_bal=0.611 | lr=5.6e-05 | 128.3s
  Fold 2 | Ep  49/100 | t_loss=0.0121 t_acc=0.992 | v_win_bal=0.567 v_rec_bal=0.567 | lr=5.4e-05 | 133.0s
  Fold 2 | Ep  50/100 | t_loss=0.0093 t_acc=0.994 | v_win_bal=0.598 v_rec_bal=0.611 | lr=5.2e-05 | 132.0s
  Fold 2 | Ep  51/100 | t_loss=0.0066 t_acc=0.996 | v_win_bal=0.571 v_rec_bal=0.467 | lr=5.1e-05 | 137.8s
  Fold 2 | Ep  52/100 | t_loss=0.0072 t_acc=0.997 | v_win_bal=0.619 v_rec_bal=0.611 | lr=4.9e-05 | 134.8s
  Fold 2 | Ep  53/100 | t_loss=0.0110 t_acc=0.994 | v_win_bal=0.645 v_rec_bal=0.611 | lr=4.8e-05 | 131.2s
  Fold 2 | Ep  54/100 | t_loss=0.0083 t_acc=0.995 | v_win_bal=0.624 v_rec_bal=0.611 | lr=4.6e-05 | 132.6s
  Fold 2 | Ep  55/100 | t_loss=0.0050 t_acc=0.998 | v_win_bal=0.593 v_rec_bal=0.567 | lr=4.4e-05 | 130.1s
  Fold 2 | Ep  56/100 | t_loss=0.0052 t_acc=0.997 | v_win_bal=0.633 v_rec_bal=0.611 | lr=4.3e-05 | 134.1s
  Fold 2 | Ep  57/100 | t_loss=0.0038 t_acc=0.997 | v_win_bal=0.606 v_rec_bal=0.511 | lr=4.1e-05 | 131.1s
  Fold 2 | Ep  58/100 | t_loss=0.0029 t_acc=0.998 | v_win_bal=0.619 v_rec_bal=0.611 | lr=4.0e-05 | 135.5s
  Fold 2 | Ep  59/100 | t_loss=0.0032 t_acc=0.998 | v_win_bal=0.576 v_rec_bal=0.567 | lr=3.8e-05 | 129.8s
  Fold 2 | Ep  60/100 | t_loss=0.0044 t_acc=0.998 | v_win_bal=0.609 v_rec_bal=0.567 | lr=3.6e-05 | 132.6s
  Fold 2 | Ep  61/100 | t_loss=0.0019 t_acc=0.999 | v_win_bal=0.618 v_rec_bal=0.611 | lr=3.5e-05 | 137.2s
  Fold 2 | Ep  62/100 | t_loss=0.0019 t_acc=0.999 | v_win_bal=0.597 v_rec_bal=0.667 | lr=3.3e-05 | 138.2s
  Fold 2 | Ep  63/100 | t_loss=0.0028 t_acc=0.999 | v_win_bal=0.630 v_rec_bal=0.611 | lr=3.2e-05 | 130.5s
  Fold 2 | Ep  64/100 | t_loss=0.0049 t_acc=0.998 | v_win_bal=0.625 v_rec_bal=0.667 | lr=3.0e-05 | 135.7s
  Fold 2 | Ep  65/100 | t_loss=0.0046 t_acc=0.997 | v_win_bal=0.599 v_rec_bal=0.667 | lr=2.9e-05 | 134.0s
  Fold 2 | Ep  66/100 | t_loss=0.0009 t_acc=1.000 | v_win_bal=0.601 v_rec_bal=0.667 | lr=2.7e-05 | 134.3s
  Fold 2 | Ep  67/100 | t_loss=0.0033 t_acc=0.998 | v_win_bal=0.614 v_rec_bal=0.611 | lr=2.6e-05 | 130.8s
  Fold 2 | Ep  68/100 | t_loss=0.0016 t_acc=0.999 | v_win_bal=0.607 v_rec_bal=0.567 | lr=2.5e-05 | 135.9s
  Fold 2 | Ep  69/100 | t_loss=0.0021 t_acc=0.999 | v_win_bal=0.597 v_rec_bal=0.511 | lr=2.3e-05 | 133.5s
  Fold 2 | Ep  70/100 | t_loss=0.0015 t_acc=0.999 | v_win_bal=0.625 v_rec_bal=0.611 | lr=2.2e-05 | 132.7s
  Fold 2 | Ep  71/100 | t_loss=0.0011 t_acc=0.999 | v_win_bal=0.588 v_rec_bal=0.567 | lr=2.0e-05 | 131.5s
  Fold 2 | Ep  72/100 | t_loss=0.0012 t_acc=0.999 | v_win_bal=0.608 v_rec_bal=0.511 | lr=1.9e-05 | 134.3s
  Fold 2 | Ep  73/100 | t_loss=0.0026 t_acc=0.999 | v_win_bal=0.604 v_rec_bal=0.667 | lr=1.8e-05 | 137.1s
  Fold 2 | Ep  74/100 | t_loss=0.0018 t_acc=0.999 | v_win_bal=0.585 v_rec_bal=0.567 | lr=1.7e-05 | 135.0s
  Fold 2 | Ep  75/100 | t_loss=0.0001 t_acc=1.000 | v_win_bal=0.609 v_rec_bal=0.611 | lr=1.6e-05 | 136.3s
  Fold 2 | Ep  76/100 | t_loss=0.0011 t_acc=1.000 | v_win_bal=0.576 v_rec_bal=0.567 | lr=1.4e-05 | 135.7s
  Fold 2 | Ep  77/100 | t_loss=0.0017 t_acc=0.999 | v_win_bal=0.605 v_rec_bal=0.511 | lr=1.3e-05 | 134.4s
  Fold 2 | Ep  78/100 | t_loss=0.0000 t_acc=1.000 | v_win_bal=0.599 v_rec_bal=0.567 | lr=1.2e-05 | 136.2s
  Fold 2 | Ep  79/100 | t_loss=0.0001 t_acc=1.000 | v_win_bal=0.603 v_rec_bal=0.567 | lr=1.1e-05 | 131.1s
  Fold 2 | Ep  80/100 | t_loss=0.0003 t_acc=1.000 | v_win_bal=0.599 v_rec_bal=0.567 | lr=1.0e-05 | 132.4s
  Fold 2 | Ep  81/100 | t_loss=0.0002 t_acc=1.000 | v_win_bal=0.590 v_rec_bal=0.567 | lr=9.2e-06 | 129.6s
  Fold 2 | Ep  82/100 | t_loss=0.0002 t_acc=1.000 | v_win_bal=0.603 v_rec_bal=0.511 | lr=8.3e-06 | 138.0s
  Fold 2 | Ep  83/100 | t_loss=0.0011 t_acc=1.000 | v_win_bal=0.583 v_rec_bal=0.567 | lr=7.4e-06 | 133.0s
  Fold 2 | Ep  84/100 | t_loss=0.0009 t_acc=1.000 | v_win_bal=0.574 v_rec_bal=0.567 | lr=6.6e-06 | 132.6s
  Fold 2 | Ep  85/100 | t_loss=0.0001 t_acc=1.000 | v_win_bal=0.604 v_rec_bal=0.667 | lr=5.8e-06 | 126.4s
  Fold 2 | Ep  86/100 | t_loss=0.0000 t_acc=1.000 | v_win_bal=0.589 v_rec_bal=0.567 | lr=5.1e-06 | 130.8s
  Early stop at epoch 86
  -> Test (best @ epoch 38): acc=0.7692, bal_acc=0.5000

============================================================
Fold 3/5
============================================================
  Train:  40 samples, 10 subjects [3, 4, 7, 8, 9, 10, 12, 16, 17, 18], label_0=28, label_1=12
    Val:  14 samples,  4 subjects [1, 2, 5, 14], label_0=9, label_1=5
   Test:  16 samples,  3 subjects [6, 11, 13], label_0=10, label_1=6
  Building window datasets...
    WindowDataset: 5447 windows (class_0=2211, class_1=3236)
    WindowDataset: 1110 windows (class_0=793, class_1=317)
    WindowDataset: 1419 windows (class_0=838, class_1=581)
[CBraMod] Loaded 209/209 params from weights/cbramod-base/pretrained_weights.pth
  Fold 3 | Ep   1/100 | t_loss=0.1450 t_acc=0.691 | v_win_bal=0.395 v_rec_bal=0.400 | lr=3.3e-05 | 108.2s
  Fold 3 | Ep   2/100 | t_loss=0.1008 t_acc=0.830 | v_win_bal=0.469 v_rec_bal=0.356 | lr=6.7e-05 | 116.7s
  Fold 3 | Ep   3/100 | t_loss=0.0867 t_acc=0.856 | v_win_bal=0.428 v_rec_bal=0.211 | lr=1.0e-04 | 110.4s
  Fold 3 | Ep   4/100 | t_loss=0.0760 t_acc=0.892 | v_win_bal=0.400 v_rec_bal=0.211 | lr=1.0e-04 | 107.3s
  Fold 3 | Ep   5/100 | t_loss=0.0551 t_acc=0.922 | v_win_bal=0.473 v_rec_bal=0.311 | lr=1.0e-04 | 109.4s
  Fold 3 | Ep   6/100 | t_loss=0.0520 t_acc=0.931 | v_win_bal=0.388 v_rec_bal=0.211 | lr=1.0e-04 | 106.9s
  Fold 3 | Ep   7/100 | t_loss=0.0482 t_acc=0.934 | v_win_bal=0.450 v_rec_bal=0.311 | lr=1.0e-04 | 109.1s
  Fold 3 | Ep   8/100 | t_loss=0.0513 t_acc=0.935 | v_win_bal=0.409 v_rec_bal=0.211 | lr=9.9e-05 | 107.3s
  Fold 3 | Ep   9/100 | t_loss=0.0417 t_acc=0.947 | v_win_bal=0.412 v_rec_bal=0.211 | lr=9.9e-05 | 107.1s
  Fold 3 | Ep  10/100 | t_loss=0.0425 t_acc=0.952 | v_win_bal=0.528 v_rec_bal=0.411 | lr=9.9e-05 | 109.8s
  Fold 3 | Ep  11/100 | t_loss=0.0496 t_acc=0.944 | v_win_bal=0.453 v_rec_bal=0.311 | lr=9.8e-05 | 111.6s
  Fold 3 | Ep  12/100 | t_loss=0.0313 t_acc=0.964 | v_win_bal=0.454 v_rec_bal=0.211 | lr=9.8e-05 | 130.0s
  Fold 3 | Ep  13/100 | t_loss=0.0496 t_acc=0.942 | v_win_bal=0.427 v_rec_bal=0.211 | lr=9.7e-05 | 119.3s
  Fold 3 | Ep  14/100 | t_loss=0.0312 t_acc=0.968 | v_win_bal=0.519 v_rec_bal=0.311 | lr=9.7e-05 | 135.5s
  Fold 3 | Ep  15/100 | t_loss=0.0281 t_acc=0.968 | v_win_bal=0.419 v_rec_bal=0.211 | lr=9.6e-05 | 140.0s
  Fold 3 | Ep  16/100 | t_loss=0.0262 t_acc=0.973 | v_win_bal=0.442 v_rec_bal=0.211 | lr=9.6e-05 | 132.6s
  Fold 3 | Ep  17/100 | t_loss=0.0299 t_acc=0.973 | v_win_bal=0.452 v_rec_bal=0.311 | lr=9.5e-05 | 142.7s
  Fold 3 | Ep  18/100 | t_loss=0.0197 t_acc=0.983 | v_win_bal=0.466 v_rec_bal=0.311 | lr=9.4e-05 | 147.3s
  Fold 3 | Ep  19/100 | t_loss=0.0235 t_acc=0.979 | v_win_bal=0.412 v_rec_bal=0.211 | lr=9.3e-05 | 144.3s
  Fold 3 | Ep  20/100 | t_loss=0.0231 t_acc=0.981 | v_win_bal=0.509 v_rec_bal=0.411 | lr=9.3e-05 | 146.4s
  Fold 3 | Ep  21/100 | t_loss=0.0144 t_acc=0.987 | v_win_bal=0.501 v_rec_bal=0.311 | lr=9.2e-05 | 149.5s
  Early stop at epoch 21
  -> Test (best @ epoch 10): acc=1.0000, bal_acc=1.0000

============================================================
Fold 4/5
============================================================
  Train:  44 samples,  9 subjects [3, 5, 6, 7, 8, 11, 13, 17, 18], label_0=29, label_1=15
    Val:  14 samples,  4 subjects [1, 12, 14, 16], label_0=9, label_1=5
   Test:  12 samples,  4 subjects [2, 4, 9, 10], label_0=9, label_1=3
  Building window datasets...
    WindowDataset: 6535 windows (class_0=2032, class_1=4503)
    WindowDataset: 1463 windows (class_0=1146, class_1=317)
    WindowDataset: 926 windows (class_0=664, class_1=262)
[CBraMod] Loaded 209/209 params from weights/cbramod-base/pretrained_weights.pth
  Fold 4 | Ep   1/100 | t_loss=0.1611 t_acc=0.609 | v_win_bal=0.752 v_rec_bal=0.833 | lr=3.3e-05 | 178.0s
  Fold 4 | Ep   2/100 | t_loss=0.1338 t_acc=0.777 | v_win_bal=0.795 v_rec_bal=0.744 | lr=6.7e-05 | 174.2s
  Fold 4 | Ep   3/100 | t_loss=0.1201 t_acc=0.790 | v_win_bal=0.828 v_rec_bal=0.900 | lr=1.0e-04 | 180.3s
  Fold 4 | Ep   4/100 | t_loss=0.0925 t_acc=0.846 | v_win_bal=0.561 v_rec_bal=0.500 | lr=1.0e-04 | 179.3s
  Fold 4 | Ep   5/100 | t_loss=0.0864 t_acc=0.872 | v_win_bal=0.666 v_rec_bal=0.700 | lr=1.0e-04 | 172.1s
  Fold 4 | Ep   6/100 | t_loss=0.0832 t_acc=0.878 | v_win_bal=0.759 v_rec_bal=0.700 | lr=1.0e-04 | 176.7s
  Fold 4 | Ep   7/100 | t_loss=0.0694 t_acc=0.901 | v_win_bal=0.598 v_rec_bal=0.500 | lr=1.0e-04 | 168.1s
  Fold 4 | Ep   8/100 | t_loss=0.0598 t_acc=0.911 | v_win_bal=0.606 v_rec_bal=0.500 | lr=9.9e-05 | 170.7s
  Fold 4 | Ep   9/100 | t_loss=0.0553 t_acc=0.926 | v_win_bal=0.660 v_rec_bal=0.700 | lr=9.9e-05 | 173.7s
  Fold 4 | Ep  10/100 | t_loss=0.0544 t_acc=0.934 | v_win_bal=0.758 v_rec_bal=0.900 | lr=9.9e-05 | 176.6s
  Fold 4 | Ep  11/100 | t_loss=0.0428 t_acc=0.945 | v_win_bal=0.858 v_rec_bal=0.900 | lr=9.8e-05 | 163.8s
  Fold 4 | Ep  12/100 | t_loss=0.0539 t_acc=0.942 | v_win_bal=0.806 v_rec_bal=0.800 | lr=9.8e-05 | 168.3s
  Fold 4 | Ep  13/100 | t_loss=0.0442 t_acc=0.948 | v_win_bal=0.836 v_rec_bal=0.900 | lr=9.7e-05 | 175.0s
  Fold 4 | Ep  14/100 | t_loss=0.0380 t_acc=0.958 | v_win_bal=0.858 v_rec_bal=0.900 | lr=9.7e-05 | 176.7s
  Fold 4 | Ep  15/100 | t_loss=0.0373 t_acc=0.963 | v_win_bal=0.780 v_rec_bal=0.800 | lr=9.6e-05 | 185.6s
  Fold 4 | Ep  16/100 | t_loss=0.0359 t_acc=0.962 | v_win_bal=0.815 v_rec_bal=0.900 | lr=9.6e-05 | 175.6s
  Fold 4 | Ep  17/100 | t_loss=0.0249 t_acc=0.973 | v_win_bal=0.787 v_rec_bal=0.800 | lr=9.5e-05 | 166.9s
  Fold 4 | Ep  18/100 | t_loss=0.0303 t_acc=0.973 | v_win_bal=0.793 v_rec_bal=0.800 | lr=9.4e-05 | 172.3s
  Fold 4 | Ep  19/100 | t_loss=0.0282 t_acc=0.973 | v_win_bal=0.813 v_rec_bal=0.800 | lr=9.3e-05 | 170.4s
  Fold 4 | Ep  20/100 | t_loss=0.0271 t_acc=0.974 | v_win_bal=0.889 v_rec_bal=0.944 | lr=9.3e-05 | 162.9s
  Fold 4 | Ep  21/100 | t_loss=0.0268 t_acc=0.976 | v_win_bal=0.771 v_rec_bal=0.800 | lr=9.2e-05 | 170.5s
  Fold 4 | Ep  22/100 | t_loss=0.0279 t_acc=0.973 | v_win_bal=0.835 v_rec_bal=0.900 | lr=9.1e-05 | 166.9s
  Fold 4 | Ep  23/100 | t_loss=0.0199 t_acc=0.979 | v_win_bal=0.790 v_rec_bal=0.900 | lr=9.0e-05 | 164.2s
  Fold 4 | Ep  24/100 | t_loss=0.0196 t_acc=0.983 | v_win_bal=0.836 v_rec_bal=0.900 | lr=8.9e-05 | 179.0s
  Fold 4 | Ep  25/100 | t_loss=0.0189 t_acc=0.985 | v_win_bal=0.759 v_rec_bal=0.800 | lr=8.8e-05 | 171.6s
  Fold 4 | Ep  26/100 | t_loss=0.0181 t_acc=0.986 | v_win_bal=0.751 v_rec_bal=0.700 | lr=8.7e-05 | 171.7s
  Fold 4 | Ep  27/100 | t_loss=0.0198 t_acc=0.983 | v_win_bal=0.858 v_rec_bal=1.000 | lr=8.6e-05 | 163.5s
  Fold 4 | Ep  28/100 | t_loss=0.0130 t_acc=0.990 | v_win_bal=0.843 v_rec_bal=0.900 | lr=8.4e-05 | 168.2s
  Fold 4 | Ep  29/100 | t_loss=0.0166 t_acc=0.988 | v_win_bal=0.860 v_rec_bal=1.000 | lr=8.3e-05 | 163.0s
  Fold 4 | Ep  30/100 | t_loss=0.0137 t_acc=0.990 | v_win_bal=0.880 v_rec_bal=1.000 | lr=8.2e-05 | 177.1s
  Fold 4 | Ep  31/100 | t_loss=0.0115 t_acc=0.990 | v_win_bal=0.884 v_rec_bal=0.900 | lr=8.1e-05 | 170.2s
  Fold 4 | Ep  32/100 | t_loss=0.0155 t_acc=0.988 | v_win_bal=0.903 v_rec_bal=1.000 | lr=8.0e-05 | 176.4s
  Fold 4 | Ep  33/100 | t_loss=0.0197 t_acc=0.984 | v_win_bal=0.819 v_rec_bal=0.900 | lr=7.8e-05 | 167.4s
  Fold 4 | Ep  34/100 | t_loss=0.0092 t_acc=0.990 | v_win_bal=0.791 v_rec_bal=0.800 | lr=7.7e-05 | 166.3s
  Fold 4 | Ep  35/100 | t_loss=0.0157 t_acc=0.990 | v_win_bal=0.876 v_rec_bal=1.000 | lr=7.5e-05 | 174.7s
  Fold 4 | Ep  36/100 | t_loss=0.0108 t_acc=0.992 | v_win_bal=0.893 v_rec_bal=1.000 | lr=7.4e-05 | 176.0s
  Fold 4 | Ep  37/100 | t_loss=0.0157 t_acc=0.987 | v_win_bal=0.851 v_rec_bal=1.000 | lr=7.3e-05 | 160.0s
  Fold 4 | Ep  38/100 | t_loss=0.0092 t_acc=0.993 | v_win_bal=0.878 v_rec_bal=0.944 | lr=7.1e-05 | 161.4s
  Fold 4 | Ep  39/100 | t_loss=0.0090 t_acc=0.993 | v_win_bal=0.907 v_rec_bal=0.944 | lr=7.0e-05 | 161.4s
  Fold 4 | Ep  40/100 | t_loss=0.0093 t_acc=0.992 | v_win_bal=0.887 v_rec_bal=0.900 | lr=6.8e-05 | 161.6s
  Fold 4 | Ep  41/100 | t_loss=0.0086 t_acc=0.994 | v_win_bal=0.912 v_rec_bal=0.944 | lr=6.7e-05 | 164.0s
  Fold 4 | Ep  42/100 | t_loss=0.0069 t_acc=0.996 | v_win_bal=0.888 v_rec_bal=0.900 | lr=6.5e-05 | 158.6s
  Fold 4 | Ep  43/100 | t_loss=0.0099 t_acc=0.992 | v_win_bal=0.880 v_rec_bal=0.944 | lr=6.4e-05 | 164.0s
  Fold 4 | Ep  44/100 | t_loss=0.0063 t_acc=0.996 | v_win_bal=0.892 v_rec_bal=1.000 | lr=6.2e-05 | 168.1s
  Fold 4 | Ep  45/100 | t_loss=0.0071 t_acc=0.995 | v_win_bal=0.890 v_rec_bal=1.000 | lr=6.0e-05 | 169.1s
  Fold 4 | Ep  46/100 | t_loss=0.0071 t_acc=0.994 | v_win_bal=0.865 v_rec_bal=0.900 | lr=5.9e-05 | 183.6s
  Fold 4 | Ep  47/100 | t_loss=0.0059 t_acc=0.996 | v_win_bal=0.872 v_rec_bal=0.900 | lr=5.7e-05 | 173.4s
  Fold 4 | Ep  48/100 | t_loss=0.0032 t_acc=0.998 | v_win_bal=0.846 v_rec_bal=0.900 | lr=5.6e-05 | 172.1s
  Fold 4 | Ep  49/100 | t_loss=0.0064 t_acc=0.997 | v_win_bal=0.878 v_rec_bal=1.000 | lr=5.4e-05 | 176.6s
  Fold 4 | Ep  50/100 | t_loss=0.0057 t_acc=0.996 | v_win_bal=0.903 v_rec_bal=0.944 | lr=5.2e-05 | 172.1s
  Fold 4 | Ep  51/100 | t_loss=0.0033 t_acc=0.997 | v_win_bal=0.887 v_rec_bal=0.900 | lr=5.1e-05 | 174.9s
  Fold 4 | Ep  52/100 | t_loss=0.0059 t_acc=0.997 | v_win_bal=0.859 v_rec_bal=0.900 | lr=4.9e-05 | 170.8s
  Fold 4 | Ep  53/100 | t_loss=0.0076 t_acc=0.996 | v_win_bal=0.901 v_rec_bal=1.000 | lr=4.8e-05 | 168.9s
  Fold 4 | Ep  54/100 | t_loss=0.0039 t_acc=0.998 | v_win_bal=0.909 v_rec_bal=0.944 | lr=4.6e-05 | 161.3s
  Fold 4 | Ep  55/100 | t_loss=0.0034 t_acc=0.998 | v_win_bal=0.852 v_rec_bal=0.900 | lr=4.4e-05 | 172.6s
  Fold 4 | Ep  56/100 | t_loss=0.0039 t_acc=0.997 | v_win_bal=0.887 v_rec_bal=1.000 | lr=4.3e-05 | 171.0s
  Fold 4 | Ep  57/100 | t_loss=0.0052 t_acc=0.998 | v_win_bal=0.879 v_rec_bal=1.000 | lr=4.1e-05 | 171.7s
  Early stop at epoch 57
  -> Test (best @ epoch 27): acc=0.7500, bal_acc=0.7222

============================================================
Fold 5/5
============================================================
  Train:  41 samples, 10 subjects [2, 4, 5, 6, 8, 10, 11, 13, 14, 17], label_0=29, label_1=12
    Val:  14 samples,  4 subjects [1, 9, 12, 16], label_0=9, label_1=5
   Test:  15 samples,  3 subjects [3, 7, 18], label_0=9, label_1=6
  Building window datasets...
    WindowDataset: 6349 windows (class_0=2269, class_1=4080)
    WindowDataset: 1347 windows (class_0=1030, class_1=317)
    WindowDataset: 913 windows (class_0=543, class_1=370)
[CBraMod] Loaded 209/209 params from weights/cbramod-base/pretrained_weights.pth
  Fold 5 | Ep   1/100 | t_loss=0.1612 t_acc=0.637 | v_win_bal=0.683 v_rec_bal=0.589 | lr=3.3e-05 | 167.8s
  Fold 5 | Ep   2/100 | t_loss=0.1124 t_acc=0.812 | v_win_bal=0.660 v_rec_bal=0.700 | lr=6.7e-05 | 167.4s
  Fold 5 | Ep   3/100 | t_loss=0.0859 t_acc=0.873 | v_win_bal=0.579 v_rec_bal=0.500 | lr=1.0e-04 | 170.9s
  Fold 5 | Ep   4/100 | t_loss=0.0739 t_acc=0.896 | v_win_bal=0.736 v_rec_bal=0.689 | lr=1.0e-04 | 160.5s
  Fold 5 | Ep   5/100 | t_loss=0.0691 t_acc=0.906 | v_win_bal=0.632 v_rec_bal=0.600 | lr=1.0e-04 | 164.6s
  Fold 5 | Ep   6/100 | t_loss=0.0552 t_acc=0.921 | v_win_bal=0.756 v_rec_bal=0.800 | lr=1.0e-04 | 164.3s
  Fold 5 | Ep   7/100 | t_loss=0.0490 t_acc=0.931 | v_win_bal=0.838 v_rec_bal=0.900 | lr=1.0e-04 | 163.3s
  Fold 5 | Ep   8/100 | t_loss=0.0447 t_acc=0.941 | v_win_bal=0.751 v_rec_bal=0.789 | lr=9.9e-05 | 167.4s
  Fold 5 | Ep   9/100 | t_loss=0.0407 t_acc=0.948 | v_win_bal=0.814 v_rec_bal=0.944 | lr=9.9e-05 | 160.1s
  Fold 5 | Ep  10/100 | t_loss=0.0382 t_acc=0.946 | v_win_bal=0.798 v_rec_bal=0.844 | lr=9.9e-05 | 164.7s
  Fold 5 | Ep  11/100 | t_loss=0.0357 t_acc=0.955 | v_win_bal=0.834 v_rec_bal=0.889 | lr=9.8e-05 | 161.6s
  Fold 5 | Ep  12/100 | t_loss=0.0370 t_acc=0.961 | v_win_bal=0.778 v_rec_bal=0.800 | lr=9.8e-05 | 165.7s
  Fold 5 | Ep  13/100 | t_loss=0.0310 t_acc=0.966 | v_win_bal=0.777 v_rec_bal=0.744 | lr=9.7e-05 | 159.1s
  Fold 5 | Ep  14/100 | t_loss=0.0298 t_acc=0.969 | v_win_bal=0.728 v_rec_bal=0.800 | lr=9.7e-05 | 164.9s
  Fold 5 | Ep  15/100 | t_loss=0.0225 t_acc=0.977 | v_win_bal=0.786 v_rec_bal=0.800 | lr=9.6e-05 | 168.1s
  Fold 5 | Ep  16/100 | t_loss=0.0199 t_acc=0.981 | v_win_bal=0.788 v_rec_bal=0.800 | lr=9.6e-05 | 162.2s
  Fold 5 | Ep  17/100 | t_loss=0.0193 t_acc=0.981 | v_win_bal=0.814 v_rec_bal=0.844 | lr=9.5e-05 | 168.5s
  Fold 5 | Ep  18/100 | t_loss=0.0188 t_acc=0.985 | v_win_bal=0.771 v_rec_bal=0.800 | lr=9.4e-05 | 174.2s
  Fold 5 | Ep  19/100 | t_loss=0.0126 t_acc=0.988 | v_win_bal=0.718 v_rec_bal=0.644 | lr=9.3e-05 | 159.8s
  Fold 5 | Ep  20/100 | t_loss=0.0168 t_acc=0.985 | v_win_bal=0.838 v_rec_bal=0.844 | lr=9.3e-05 | 161.6s
  Fold 5 | Ep  21/100 | t_loss=0.0177 t_acc=0.984 | v_win_bal=0.752 v_rec_bal=0.800 | lr=9.2e-05 | 164.4s
  Fold 5 | Ep  22/100 | t_loss=0.0153 t_acc=0.987 | v_win_bal=0.756 v_rec_bal=0.800 | lr=9.1e-05 | 159.7s
  Fold 5 | Ep  23/100 | t_loss=0.0170 t_acc=0.985 | v_win_bal=0.730 v_rec_bal=0.744 | lr=9.0e-05 | 155.5s
  Fold 5 | Ep  24/100 | t_loss=0.0174 t_acc=0.986 | v_win_bal=0.751 v_rec_bal=0.800 | lr=8.9e-05 | 161.6s
  Fold 5 | Ep  25/100 | t_loss=0.0124 t_acc=0.990 | v_win_bal=0.778 v_rec_bal=0.800 | lr=8.8e-05 | 164.5s
  Fold 5 | Ep  26/100 | t_loss=0.0094 t_acc=0.994 | v_win_bal=0.821 v_rec_bal=0.844 | lr=8.7e-05 | 161.5s
  Fold 5 | Ep  27/100 | t_loss=0.0076 t_acc=0.993 | v_win_bal=0.804 v_rec_bal=0.900 | lr=8.6e-05 | 161.5s
  Fold 5 | Ep  28/100 | t_loss=0.0068 t_acc=0.995 | v_win_bal=0.797 v_rec_bal=0.900 | lr=8.4e-05 | 163.2s
  Fold 5 | Ep  29/100 | t_loss=0.0143 t_acc=0.988 | v_win_bal=0.792 v_rec_bal=0.844 | lr=8.3e-05 | 167.9s
  Fold 5 | Ep  30/100 | t_loss=0.0084 t_acc=0.992 | v_win_bal=0.826 v_rec_bal=0.844 | lr=8.2e-05 | 163.1s
  Fold 5 | Ep  31/100 | t_loss=0.0099 t_acc=0.992 | v_win_bal=0.721 v_rec_bal=0.800 | lr=8.1e-05 | 165.3s
  Early stop at epoch 31
  -> Test (best @ epoch 9): acc=0.6000, bal_acc=0.5000

============================================================
Global Results (5-Fold, subject-level CV)
Mode: FT | Extractor: cbramod | Loss: focal
============================================================
              acc: 0.7143
          bal_acc: 0.6651
               f1: 0.7108
            kappa: 0.3377
  Total predictions: 70 (should equal dataset size: 70)

Results saved to results/hp_sweep/20260409_main/cbramod/cbramod_encoderlrscale1_lr1e-4_s123/
