CMD: /raid/jupyter-linjimmy1003.md10/.conda/envs/stress/bin/python train_ft.py --extractor cbramod --seed 2024 --device cuda:5 --run-id hp_sweep/20260409_main/cbramod/cbramod_encoderlrscale1_lr1e-5_s2024 --mode ft --folds 5 --epochs 100 --patience 20 --batch-size 32 --label subject-dass --loss focal --head-hidden 128 --csv data/comprehensive_labels.csv --weight-decay 0.05 --grad-clip 2.0 --warmup-epochs 3 --aug-overlap 0.75 --norm none --encoder-lr-scale 1.0 --lr 1e-05

/raid/jupyter-linjimmy1003.md10/.conda/envs/stress/lib/python3.11/site-packages/timm/models/layers/__init__.py:49: FutureWarning: Importing from timm.models.layers is deprecated, please import via timm.layers
  warnings.warn(f"Importing from {__name__} is deprecated, please import via timm.layers", FutureWarning)
Mode: FT | Extractor: cbramod | Folds: 5
LR: 1e-05 | WD: 0.05 | Beta2: 0.999 | Grad clip: 2.0
Head: hidden=128, dropout=0.0 | Norm: none | Loss: focal
Full FT: encoder_lr_scale=1.0
Augmentation: 75% overlap for increase class

Results → results/hp_sweep/20260409_main/cbramod/cbramod_encoderlrscale1_lr1e-5_s2024/
Dataset: 70 recordings loaded (14 increase, 56 normal)
Cache: 70 recordings ready (70 cached, 0 new)
Subject-DASS labels: increase=23 (5 subjects), normal=47

============================================================
Fold 1/5
============================================================
  Train:  43 samples, 10 subjects [2, 3, 6, 7, 8, 10, 11, 12, 13, 14], label_0=28, label_1=15
    Val:  13 samples,  3 subjects [5, 17, 18], label_0=10, label_1=3
   Test:  14 samples,  4 subjects [1, 4, 9, 16], label_0=9, label_1=5
  Building window datasets...
    WindowDataset: 7346 windows (class_0=2539, class_1=4807)
    WindowDataset: 819 windows (class_0=633, class_1=186)
    WindowDataset: 987 windows (class_0=670, class_1=317)
[CBraMod] Loaded 209/209 params from weights/cbramod-base/pretrained_weights.pth
  Trainable parameters: 4,935,443
  Class weights: [1.4466325044631958, 0.7640940546989441]
  Fold 1 | Ep   1/100 | t_loss=0.1694 t_acc=0.516 | v_win_bal=0.304 v_rec_bal=0.300 | lr=3.3e-06 | 17.1s
  Fold 1 | Ep   2/100 | t_loss=0.0939 t_acc=0.869 | v_win_bal=0.205 v_rec_bal=0.150 | lr=6.7e-06 | 14.5s
  Fold 1 | Ep   3/100 | t_loss=0.0764 t_acc=0.897 | v_win_bal=0.201 v_rec_bal=0.200 | lr=1.0e-05 | 14.9s
  Fold 1 | Ep   4/100 | t_loss=0.0756 t_acc=0.901 | v_win_bal=0.224 v_rec_bal=0.200 | lr=1.0e-05 | 13.8s
  Fold 1 | Ep   5/100 | t_loss=0.0683 t_acc=0.910 | v_win_bal=0.219 v_rec_bal=0.200 | lr=1.0e-05 | 14.3s
  Fold 1 | Ep   6/100 | t_loss=0.0626 t_acc=0.926 | v_win_bal=0.246 v_rec_bal=0.200 | lr=1.0e-05 | 13.7s
  Fold 1 | Ep   7/100 | t_loss=0.0645 t_acc=0.918 | v_win_bal=0.282 v_rec_bal=0.300 | lr=1.0e-05 | 13.7s
  Fold 1 | Ep   8/100 | t_loss=0.0622 t_acc=0.924 | v_win_bal=0.269 v_rec_bal=0.250 | lr=9.9e-06 | 13.4s
  Fold 1 | Ep   9/100 | t_loss=0.0579 t_acc=0.929 | v_win_bal=0.275 v_rec_bal=0.300 | lr=9.9e-06 | 13.3s
  Fold 1 | Ep  10/100 | t_loss=0.0582 t_acc=0.927 | v_win_bal=0.309 v_rec_bal=0.300 | lr=9.9e-06 | 13.2s
  Fold 1 | Ep  11/100 | t_loss=0.0561 t_acc=0.930 | v_win_bal=0.299 v_rec_bal=0.300 | lr=9.8e-06 | 13.3s
  Fold 1 | Ep  12/100 | t_loss=0.0531 t_acc=0.932 | v_win_bal=0.324 v_rec_bal=0.300 | lr=9.8e-06 | 13.4s
  Fold 1 | Ep  13/100 | t_loss=0.0473 t_acc=0.934 | v_win_bal=0.355 v_rec_bal=0.300 | lr=9.7e-06 | 13.5s
  Fold 1 | Ep  14/100 | t_loss=0.0454 t_acc=0.937 | v_win_bal=0.342 v_rec_bal=0.300 | lr=9.7e-06 | 13.4s
  Fold 1 | Ep  15/100 | t_loss=0.0437 t_acc=0.940 | v_win_bal=0.341 v_rec_bal=0.300 | lr=9.6e-06 | 13.7s
  Fold 1 | Ep  16/100 | t_loss=0.0503 t_acc=0.935 | v_win_bal=0.321 v_rec_bal=0.300 | lr=9.6e-06 | 14.3s
  Fold 1 | Ep  17/100 | t_loss=0.0425 t_acc=0.942 | v_win_bal=0.337 v_rec_bal=0.300 | lr=9.5e-06 | 14.3s
  Fold 1 | Ep  18/100 | t_loss=0.0408 t_acc=0.947 | v_win_bal=0.361 v_rec_bal=0.300 | lr=9.4e-06 | 13.8s
  Fold 1 | Ep  19/100 | t_loss=0.0410 t_acc=0.946 | v_win_bal=0.342 v_rec_bal=0.300 | lr=9.3e-06 | 13.3s
  Fold 1 | Ep  20/100 | t_loss=0.0393 t_acc=0.947 | v_win_bal=0.363 v_rec_bal=0.350 | lr=9.3e-06 | 13.3s
  Fold 1 | Ep  21/100 | t_loss=0.0363 t_acc=0.951 | v_win_bal=0.374 v_rec_bal=0.300 | lr=9.2e-06 | 13.3s
  Fold 1 | Ep  22/100 | t_loss=0.0371 t_acc=0.952 | v_win_bal=0.389 v_rec_bal=0.400 | lr=9.1e-06 | 14.0s
  Fold 1 | Ep  23/100 | t_loss=0.0373 t_acc=0.952 | v_win_bal=0.367 v_rec_bal=0.300 | lr=9.0e-06 | 13.9s
  Fold 1 | Ep  24/100 | t_loss=0.0367 t_acc=0.952 | v_win_bal=0.378 v_rec_bal=0.350 | lr=8.9e-06 | 13.9s
  Fold 1 | Ep  25/100 | t_loss=0.0343 t_acc=0.954 | v_win_bal=0.376 v_rec_bal=0.350 | lr=8.8e-06 | 13.4s
  Fold 1 | Ep  26/100 | t_loss=0.0344 t_acc=0.954 | v_win_bal=0.389 v_rec_bal=0.400 | lr=8.7e-06 | 13.4s
  Fold 1 | Ep  27/100 | t_loss=0.0344 t_acc=0.957 | v_win_bal=0.352 v_rec_bal=0.300 | lr=8.6e-06 | 13.8s
  Fold 1 | Ep  28/100 | t_loss=0.0346 t_acc=0.958 | v_win_bal=0.337 v_rec_bal=0.300 | lr=8.4e-06 | 13.4s
  Fold 1 | Ep  29/100 | t_loss=0.0300 t_acc=0.958 | v_win_bal=0.363 v_rec_bal=0.350 | lr=8.3e-06 | 13.5s
  Fold 1 | Ep  30/100 | t_loss=0.0332 t_acc=0.958 | v_win_bal=0.308 v_rec_bal=0.300 | lr=8.2e-06 | 13.4s
  Fold 1 | Ep  31/100 | t_loss=0.0297 t_acc=0.961 | v_win_bal=0.347 v_rec_bal=0.300 | lr=8.1e-06 | 14.0s
  Fold 1 | Ep  32/100 | t_loss=0.0313 t_acc=0.962 | v_win_bal=0.355 v_rec_bal=0.300 | lr=8.0e-06 | 13.8s
  Fold 1 | Ep  33/100 | t_loss=0.0294 t_acc=0.963 | v_win_bal=0.343 v_rec_bal=0.300 | lr=7.8e-06 | 13.5s
  Fold 1 | Ep  34/100 | t_loss=0.0299 t_acc=0.963 | v_win_bal=0.383 v_rec_bal=0.400 | lr=7.7e-06 | 13.5s
  Fold 1 | Ep  35/100 | t_loss=0.0285 t_acc=0.967 | v_win_bal=0.310 v_rec_bal=0.300 | lr=7.5e-06 | 13.3s
  Fold 1 | Ep  36/100 | t_loss=0.0294 t_acc=0.966 | v_win_bal=0.363 v_rec_bal=0.400 | lr=7.4e-06 | 13.4s
  Fold 1 | Ep  37/100 | t_loss=0.0281 t_acc=0.967 | v_win_bal=0.336 v_rec_bal=0.300 | lr=7.3e-06 | 13.3s
  Fold 1 | Ep  38/100 | t_loss=0.0287 t_acc=0.969 | v_win_bal=0.371 v_rec_bal=0.400 | lr=7.1e-06 | 13.2s
  Fold 1 | Ep  39/100 | t_loss=0.0280 t_acc=0.966 | v_win_bal=0.360 v_rec_bal=0.300 | lr=7.0e-06 | 13.6s
  Fold 1 | Ep  40/100 | t_loss=0.0259 t_acc=0.967 | v_win_bal=0.312 v_rec_bal=0.300 | lr=6.8e-06 | 13.3s
  Fold 1 | Ep  41/100 | t_loss=0.0284 t_acc=0.968 | v_win_bal=0.345 v_rec_bal=0.300 | lr=6.7e-06 | 13.3s
  Fold 1 | Ep  42/100 | t_loss=0.0272 t_acc=0.968 | v_win_bal=0.344 v_rec_bal=0.300 | lr=6.5e-06 | 13.3s
  Fold 1 | Ep  43/100 | t_loss=0.0252 t_acc=0.972 | v_win_bal=0.352 v_rec_bal=0.300 | lr=6.4e-06 | 13.4s
  Fold 1 | Ep  44/100 | t_loss=0.0275 t_acc=0.972 | v_win_bal=0.370 v_rec_bal=0.350 | lr=6.2e-06 | 13.3s
  Fold 1 | Ep  45/100 | t_loss=0.0260 t_acc=0.972 | v_win_bal=0.378 v_rec_bal=0.400 | lr=6.0e-06 | 13.4s
  Fold 1 | Ep  46/100 | t_loss=0.0252 t_acc=0.972 | v_win_bal=0.360 v_rec_bal=0.350 | lr=5.9e-06 | 13.5s
  Early stop at epoch 46
  -> Test (best @ epoch 22): acc=0.7857, bal_acc=0.7000

============================================================
Fold 2/5
============================================================
  Train:  41 samples, 11 subjects [1, 2, 4, 9, 11, 12, 13, 14, 16, 17, 18], label_0=27, label_1=14
    Val:  16 samples,  3 subjects [3, 6, 7], label_0=10, label_1=6
   Test:  13 samples,  3 subjects [5, 8, 10], label_0=10, label_1=3
  Building window datasets...
    WindowDataset: 6895 windows (class_0=2601, class_1=4294)
    WindowDataset: 960 windows (class_0=590, class_1=370)
    WindowDataset: 913 windows (class_0=651, class_1=262)
[CBraMod] Loaded 209/209 params from weights/cbramod-base/pretrained_weights.pth
  Fold 2 | Ep   1/100 | t_loss=0.1729 t_acc=0.479 | v_win_bal=0.494 v_rec_bal=0.450 | lr=3.3e-06 | 13.0s
  Fold 2 | Ep   2/100 | t_loss=0.1377 t_acc=0.732 | v_win_bal=0.595 v_rec_bal=0.600 | lr=6.7e-06 | 13.1s
  Fold 2 | Ep   3/100 | t_loss=0.1111 t_acc=0.806 | v_win_bal=0.665 v_rec_bal=0.650 | lr=1.0e-05 | 13.0s
  Fold 2 | Ep   4/100 | t_loss=0.0946 t_acc=0.834 | v_win_bal=0.711 v_rec_bal=0.750 | lr=1.0e-05 | 12.9s
  Fold 2 | Ep   5/100 | t_loss=0.0801 t_acc=0.869 | v_win_bal=0.665 v_rec_bal=0.667 | lr=1.0e-05 | 12.9s
  Fold 2 | Ep   6/100 | t_loss=0.0726 t_acc=0.887 | v_win_bal=0.627 v_rec_bal=0.583 | lr=1.0e-05 | 13.1s
  Fold 2 | Ep   7/100 | t_loss=0.0699 t_acc=0.891 | v_win_bal=0.655 v_rec_bal=0.667 | lr=1.0e-05 | 13.0s
  Fold 2 | Ep   8/100 | t_loss=0.0672 t_acc=0.897 | v_win_bal=0.674 v_rec_bal=0.667 | lr=9.9e-06 | 13.0s
  Fold 2 | Ep   9/100 | t_loss=0.0674 t_acc=0.898 | v_win_bal=0.642 v_rec_bal=0.667 | lr=9.9e-06 | 13.0s
  Fold 2 | Ep  10/100 | t_loss=0.0658 t_acc=0.901 | v_win_bal=0.649 v_rec_bal=0.667 | lr=9.9e-06 | 12.9s
  Fold 2 | Ep  11/100 | t_loss=0.0635 t_acc=0.904 | v_win_bal=0.625 v_rec_bal=0.583 | lr=9.8e-06 | 13.0s
  Fold 2 | Ep  12/100 | t_loss=0.0642 t_acc=0.903 | v_win_bal=0.654 v_rec_bal=0.667 | lr=9.8e-06 | 13.0s
  Fold 2 | Ep  13/100 | t_loss=0.0576 t_acc=0.912 | v_win_bal=0.629 v_rec_bal=0.583 | lr=9.7e-06 | 13.1s
  Fold 2 | Ep  14/100 | t_loss=0.0583 t_acc=0.912 | v_win_bal=0.607 v_rec_bal=0.583 | lr=9.7e-06 | 12.9s
  Fold 2 | Ep  15/100 | t_loss=0.0585 t_acc=0.912 | v_win_bal=0.620 v_rec_bal=0.583 | lr=9.6e-06 | 13.1s
  Fold 2 | Ep  16/100 | t_loss=0.0566 t_acc=0.916 | v_win_bal=0.600 v_rec_bal=0.583 | lr=9.6e-06 | 12.8s
  Fold 2 | Ep  17/100 | t_loss=0.0544 t_acc=0.914 | v_win_bal=0.603 v_rec_bal=0.583 | lr=9.5e-06 | 12.8s
  Fold 2 | Ep  18/100 | t_loss=0.0539 t_acc=0.921 | v_win_bal=0.596 v_rec_bal=0.583 | lr=9.4e-06 | 12.9s
  Fold 2 | Ep  19/100 | t_loss=0.0533 t_acc=0.919 | v_win_bal=0.625 v_rec_bal=0.583 | lr=9.3e-06 | 13.3s
  Fold 2 | Ep  20/100 | t_loss=0.0502 t_acc=0.927 | v_win_bal=0.604 v_rec_bal=0.583 | lr=9.3e-06 | 13.1s
  Fold 2 | Ep  21/100 | t_loss=0.0507 t_acc=0.921 | v_win_bal=0.591 v_rec_bal=0.583 | lr=9.2e-06 | 12.9s
  Fold 2 | Ep  22/100 | t_loss=0.0488 t_acc=0.927 | v_win_bal=0.650 v_rec_bal=0.667 | lr=9.1e-06 | 12.9s
  Fold 2 | Ep  23/100 | t_loss=0.0485 t_acc=0.926 | v_win_bal=0.603 v_rec_bal=0.583 | lr=9.0e-06 | 13.0s
  Fold 2 | Ep  24/100 | t_loss=0.0467 t_acc=0.933 | v_win_bal=0.600 v_rec_bal=0.583 | lr=8.9e-06 | 12.9s
  Fold 2 | Ep  25/100 | t_loss=0.0469 t_acc=0.927 | v_win_bal=0.601 v_rec_bal=0.583 | lr=8.8e-06 | 13.0s
  Early stop at epoch 25
  -> Test (best @ epoch 4): acc=0.1538, bal_acc=0.3333

============================================================
Fold 3/5
============================================================
  Train:  40 samples, 10 subjects [2, 5, 6, 8, 9, 10, 11, 12, 17, 18], label_0=28, label_1=12
    Val:  14 samples,  4 subjects [1, 4, 14, 16], label_0=9, label_1=5
   Test:  16 samples,  3 subjects [3, 7, 13], label_0=10, label_1=6
  Building window datasets...
    WindowDataset: 6302 windows (class_0=2222, class_1=4080)
    WindowDataset: 1103 windows (class_0=786, class_1=317)
    WindowDataset: 1204 windows (class_0=834, class_1=370)
[CBraMod] Loaded 209/209 params from weights/cbramod-base/pretrained_weights.pth
  Fold 3 | Ep   1/100 | t_loss=0.1731 t_acc=0.639 | v_win_bal=0.564 v_rec_bal=0.478 | lr=3.3e-06 | 12.4s
  Fold 3 | Ep   2/100 | t_loss=0.1575 t_acc=0.661 | v_win_bal=0.500 v_rec_bal=0.500 | lr=6.7e-06 | 12.5s
  Fold 3 | Ep   3/100 | t_loss=0.1212 t_acc=0.786 | v_win_bal=0.653 v_rec_bal=0.556 | lr=1.0e-05 | 12.5s
  Fold 3 | Ep   4/100 | t_loss=0.0959 t_acc=0.849 | v_win_bal=0.595 v_rec_bal=0.644 | lr=1.0e-05 | 12.4s
  Fold 3 | Ep   5/100 | t_loss=0.0829 t_acc=0.876 | v_win_bal=0.590 v_rec_bal=0.644 | lr=1.0e-05 | 12.5s
  Fold 3 | Ep   6/100 | t_loss=0.0800 t_acc=0.880 | v_win_bal=0.660 v_rec_bal=0.700 | lr=1.0e-05 | 12.4s
  Fold 3 | Ep   7/100 | t_loss=0.0758 t_acc=0.888 | v_win_bal=0.553 v_rec_bal=0.500 | lr=1.0e-05 | 12.4s
  Fold 3 | Ep   8/100 | t_loss=0.0744 t_acc=0.891 | v_win_bal=0.605 v_rec_bal=0.600 | lr=9.9e-06 | 12.5s
  Fold 3 | Ep   9/100 | t_loss=0.0698 t_acc=0.894 | v_win_bal=0.597 v_rec_bal=0.600 | lr=9.9e-06 | 12.1s
  Fold 3 | Ep  10/100 | t_loss=0.0665 t_acc=0.906 | v_win_bal=0.516 v_rec_bal=0.367 | lr=9.9e-06 | 12.1s
  Fold 3 | Ep  11/100 | t_loss=0.0613 t_acc=0.908 | v_win_bal=0.601 v_rec_bal=0.578 | lr=9.8e-06 | 12.2s
  Fold 3 | Ep  12/100 | t_loss=0.0597 t_acc=0.915 | v_win_bal=0.634 v_rec_bal=0.589 | lr=9.8e-06 | 12.0s
  Fold 3 | Ep  13/100 | t_loss=0.0616 t_acc=0.910 | v_win_bal=0.639 v_rec_bal=0.589 | lr=9.7e-06 | 12.2s
  Fold 3 | Ep  14/100 | t_loss=0.0562 t_acc=0.920 | v_win_bal=0.668 v_rec_bal=0.744 | lr=9.7e-06 | 12.0s
  Fold 3 | Ep  15/100 | t_loss=0.0541 t_acc=0.918 | v_win_bal=0.587 v_rec_bal=0.522 | lr=9.6e-06 | 12.0s
  Fold 3 | Ep  16/100 | t_loss=0.0564 t_acc=0.918 | v_win_bal=0.620 v_rec_bal=0.622 | lr=9.6e-06 | 12.2s
  Fold 3 | Ep  17/100 | t_loss=0.0537 t_acc=0.926 | v_win_bal=0.638 v_rec_bal=0.578 | lr=9.5e-06 | 12.0s
  Fold 3 | Ep  18/100 | t_loss=0.0482 t_acc=0.931 | v_win_bal=0.656 v_rec_bal=0.578 | lr=9.4e-06 | 12.0s
  Fold 3 | Ep  19/100 | t_loss=0.0510 t_acc=0.921 | v_win_bal=0.659 v_rec_bal=0.633 | lr=9.3e-06 | 12.0s
  Fold 3 | Ep  20/100 | t_loss=0.0490 t_acc=0.933 | v_win_bal=0.627 v_rec_bal=0.478 | lr=9.3e-06 | 12.0s
  Fold 3 | Ep  21/100 | t_loss=0.0471 t_acc=0.932 | v_win_bal=0.604 v_rec_bal=0.589 | lr=9.2e-06 | 12.1s
  Fold 3 | Ep  22/100 | t_loss=0.0430 t_acc=0.943 | v_win_bal=0.640 v_rec_bal=0.589 | lr=9.1e-06 | 12.2s
  Fold 3 | Ep  23/100 | t_loss=0.0416 t_acc=0.944 | v_win_bal=0.656 v_rec_bal=0.644 | lr=9.0e-06 | 12.5s
  Fold 3 | Ep  24/100 | t_loss=0.0445 t_acc=0.939 | v_win_bal=0.664 v_rec_bal=0.689 | lr=8.9e-06 | 12.1s
  Fold 3 | Ep  25/100 | t_loss=0.0397 t_acc=0.944 | v_win_bal=0.661 v_rec_bal=0.689 | lr=8.8e-06 | 12.1s
  Fold 3 | Ep  26/100 | t_loss=0.0377 t_acc=0.946 | v_win_bal=0.611 v_rec_bal=0.367 | lr=8.7e-06 | 12.1s
  Fold 3 | Ep  27/100 | t_loss=0.0407 t_acc=0.944 | v_win_bal=0.670 v_rec_bal=0.644 | lr=8.6e-06 | 12.1s
  Fold 3 | Ep  28/100 | t_loss=0.0396 t_acc=0.948 | v_win_bal=0.668 v_rec_bal=0.678 | lr=8.4e-06 | 12.1s
  Fold 3 | Ep  29/100 | t_loss=0.0398 t_acc=0.946 | v_win_bal=0.691 v_rec_bal=0.844 | lr=8.3e-06 | 12.1s
  Fold 3 | Ep  30/100 | t_loss=0.0372 t_acc=0.953 | v_win_bal=0.623 v_rec_bal=0.533 | lr=8.2e-06 | 12.1s
  Fold 3 | Ep  31/100 | t_loss=0.0351 t_acc=0.952 | v_win_bal=0.717 v_rec_bal=0.844 | lr=8.1e-06 | 12.0s
  Fold 3 | Ep  32/100 | t_loss=0.0365 t_acc=0.950 | v_win_bal=0.661 v_rec_bal=0.644 | lr=8.0e-06 | 12.1s
  Fold 3 | Ep  33/100 | t_loss=0.0374 t_acc=0.952 | v_win_bal=0.681 v_rec_bal=0.644 | lr=7.8e-06 | 12.0s
  Fold 3 | Ep  34/100 | t_loss=0.0333 t_acc=0.954 | v_win_bal=0.668 v_rec_bal=0.678 | lr=7.7e-06 | 12.0s
  Fold 3 | Ep  35/100 | t_loss=0.0358 t_acc=0.953 | v_win_bal=0.629 v_rec_bal=0.644 | lr=7.5e-06 | 12.0s
  Fold 3 | Ep  36/100 | t_loss=0.0352 t_acc=0.956 | v_win_bal=0.650 v_rec_bal=0.644 | lr=7.4e-06 | 12.0s
  Fold 3 | Ep  37/100 | t_loss=0.0345 t_acc=0.954 | v_win_bal=0.631 v_rec_bal=0.533 | lr=7.3e-06 | 12.3s
  Fold 3 | Ep  38/100 | t_loss=0.0321 t_acc=0.960 | v_win_bal=0.655 v_rec_bal=0.644 | lr=7.1e-06 | 12.2s
  Fold 3 | Ep  39/100 | t_loss=0.0303 t_acc=0.961 | v_win_bal=0.643 v_rec_bal=0.533 | lr=7.0e-06 | 12.1s
  Fold 3 | Ep  40/100 | t_loss=0.0305 t_acc=0.963 | v_win_bal=0.675 v_rec_bal=0.744 | lr=6.8e-06 | 12.0s
  Fold 3 | Ep  41/100 | t_loss=0.0317 t_acc=0.961 | v_win_bal=0.653 v_rec_bal=0.644 | lr=6.7e-06 | 12.0s
  Fold 3 | Ep  42/100 | t_loss=0.0285 t_acc=0.963 | v_win_bal=0.670 v_rec_bal=0.578 | lr=6.5e-06 | 12.1s
  Fold 3 | Ep  43/100 | t_loss=0.0283 t_acc=0.966 | v_win_bal=0.637 v_rec_bal=0.644 | lr=6.4e-06 | 12.1s
  Fold 3 | Ep  44/100 | t_loss=0.0259 t_acc=0.969 | v_win_bal=0.650 v_rec_bal=0.644 | lr=6.2e-06 | 12.1s
  Fold 3 | Ep  45/100 | t_loss=0.0277 t_acc=0.966 | v_win_bal=0.650 v_rec_bal=0.644 | lr=6.0e-06 | 12.6s
  Fold 3 | Ep  46/100 | t_loss=0.0280 t_acc=0.967 | v_win_bal=0.688 v_rec_bal=0.789 | lr=5.9e-06 | 12.5s
  Fold 3 | Ep  47/100 | t_loss=0.0280 t_acc=0.965 | v_win_bal=0.687 v_rec_bal=0.622 | lr=5.7e-06 | 12.4s
  Fold 3 | Ep  48/100 | t_loss=0.0259 t_acc=0.970 | v_win_bal=0.694 v_rec_bal=0.644 | lr=5.6e-06 | 12.4s
  Fold 3 | Ep  49/100 | t_loss=0.0269 t_acc=0.968 | v_win_bal=0.651 v_rec_bal=0.478 | lr=5.4e-06 | 12.5s
  Fold 3 | Ep  50/100 | t_loss=0.0259 t_acc=0.969 | v_win_bal=0.662 v_rec_bal=0.644 | lr=5.2e-06 | 12.5s
  Fold 3 | Ep  51/100 | t_loss=0.0257 t_acc=0.972 | v_win_bal=0.667 v_rec_bal=0.644 | lr=5.1e-06 | 12.5s
  Early stop at epoch 51
  -> Test (best @ epoch 29): acc=0.6250, bal_acc=0.5000

============================================================
Fold 4/5
============================================================
  Train:  42 samples, 10 subjects [1, 3, 4, 5, 7, 8, 9, 10, 16, 18], label_0=28, label_1=14
    Val:  16 samples,  3 subjects [6, 11, 13], label_0=10, label_1=6
   Test:  12 samples,  4 subjects [2, 12, 14, 17], label_0=9, label_1=3
  Building window datasets...
    WindowDataset: 5618 windows (class_0=1864, class_1=3754)
    WindowDataset: 1419 windows (class_0=838, class_1=581)
    WindowDataset: 1326 windows (class_0=1140, class_1=186)
[CBraMod] Loaded 209/209 params from weights/cbramod-base/pretrained_weights.pth
  Fold 4 | Ep   1/100 | t_loss=0.1729 t_acc=0.451 | v_win_bal=0.568 v_rec_bal=0.483 | lr=3.3e-06 | 11.6s
  Fold 4 | Ep   2/100 | t_loss=0.1600 t_acc=0.696 | v_win_bal=0.725 v_rec_bal=0.733 | lr=6.7e-06 | 11.4s
  Fold 4 | Ep   3/100 | t_loss=0.1412 t_acc=0.769 | v_win_bal=0.754 v_rec_bal=0.800 | lr=1.0e-05 | 11.9s
  Fold 4 | Ep   4/100 | t_loss=0.1371 t_acc=0.783 | v_win_bal=0.770 v_rec_bal=0.583 | lr=1.0e-05 | 11.8s
  Fold 4 | Ep   5/100 | t_loss=0.1324 t_acc=0.797 | v_win_bal=0.681 v_rec_bal=0.583 | lr=1.0e-05 | 11.8s
  Fold 4 | Ep   6/100 | t_loss=0.1300 t_acc=0.801 | v_win_bal=0.636 v_rec_bal=0.583 | lr=1.0e-05 | 11.7s
  Fold 4 | Ep   7/100 | t_loss=0.1262 t_acc=0.812 | v_win_bal=0.561 v_rec_bal=0.500 | lr=1.0e-05 | 11.7s
  Fold 4 | Ep   8/100 | t_loss=0.1213 t_acc=0.813 | v_win_bal=0.534 v_rec_bal=0.500 | lr=9.9e-06 | 11.6s
  Fold 4 | Ep   9/100 | t_loss=0.1139 t_acc=0.822 | v_win_bal=0.509 v_rec_bal=0.500 | lr=9.9e-06 | 11.8s
  Fold 4 | Ep  10/100 | t_loss=0.1025 t_acc=0.840 | v_win_bal=0.500 v_rec_bal=0.500 | lr=9.9e-06 | 12.1s
  Fold 4 | Ep  11/100 | t_loss=0.0976 t_acc=0.850 | v_win_bal=0.500 v_rec_bal=0.500 | lr=9.8e-06 | 11.6s
  Fold 4 | Ep  12/100 | t_loss=0.0872 t_acc=0.859 | v_win_bal=0.500 v_rec_bal=0.500 | lr=9.8e-06 | 11.6s
  Fold 4 | Ep  13/100 | t_loss=0.0821 t_acc=0.866 | v_win_bal=0.500 v_rec_bal=0.500 | lr=9.7e-06 | 12.0s
  Fold 4 | Ep  14/100 | t_loss=0.0802 t_acc=0.875 | v_win_bal=0.501 v_rec_bal=0.500 | lr=9.7e-06 | 11.7s
  Fold 4 | Ep  15/100 | t_loss=0.0769 t_acc=0.879 | v_win_bal=0.500 v_rec_bal=0.500 | lr=9.6e-06 | 11.3s
  Fold 4 | Ep  16/100 | t_loss=0.0693 t_acc=0.892 | v_win_bal=0.500 v_rec_bal=0.500 | lr=9.6e-06 | 11.6s
  Fold 4 | Ep  17/100 | t_loss=0.0685 t_acc=0.893 | v_win_bal=0.500 v_rec_bal=0.500 | lr=9.5e-06 | 11.7s
  Fold 4 | Ep  18/100 | t_loss=0.0652 t_acc=0.898 | v_win_bal=0.500 v_rec_bal=0.500 | lr=9.4e-06 | 11.6s
  Fold 4 | Ep  19/100 | t_loss=0.0651 t_acc=0.901 | v_win_bal=0.500 v_rec_bal=0.500 | lr=9.3e-06 | 11.6s
  Fold 4 | Ep  20/100 | t_loss=0.0697 t_acc=0.895 | v_win_bal=0.503 v_rec_bal=0.500 | lr=9.3e-06 | 11.5s
  Fold 4 | Ep  21/100 | t_loss=0.0628 t_acc=0.907 | v_win_bal=0.502 v_rec_bal=0.500 | lr=9.2e-06 | 11.5s
  Fold 4 | Ep  22/100 | t_loss=0.0574 t_acc=0.916 | v_win_bal=0.509 v_rec_bal=0.500 | lr=9.1e-06 | 11.4s
  Fold 4 | Ep  23/100 | t_loss=0.0557 t_acc=0.915 | v_win_bal=0.510 v_rec_bal=0.500 | lr=9.0e-06 | 11.4s
  Fold 4 | Ep  24/100 | t_loss=0.0540 t_acc=0.920 | v_win_bal=0.505 v_rec_bal=0.500 | lr=8.9e-06 | 11.4s
  Early stop at epoch 24
  -> Test (best @ epoch 3): acc=0.6667, bal_acc=0.4444

============================================================
Fold 5/5
============================================================
  Train:  39 samples, 11 subjects [1, 2, 4, 5, 8, 9, 10, 12, 14, 16, 17], label_0=28, label_1=11
    Val:  16 samples,  3 subjects [3, 7, 13], label_0=10, label_1=6
   Test:  15 samples,  3 subjects [6, 11, 18], label_0=9, label_1=6
  Building window datasets...
    WindowDataset: 5488 windows (class_0=2461, class_1=3027)
    WindowDataset: 1204 windows (class_0=834, class_1=370)
    WindowDataset: 1128 windows (class_0=547, class_1=581)
[CBraMod] Loaded 209/209 params from weights/cbramod-base/pretrained_weights.pth
  Fold 5 | Ep   1/100 | t_loss=0.1730 t_acc=0.520 | v_win_bal=0.500 v_rec_bal=0.500 | lr=3.3e-06 | 10.6s
  Fold 5 | Ep   2/100 | t_loss=0.1633 t_acc=0.643 | v_win_bal=0.500 v_rec_bal=0.500 | lr=6.7e-06 | 10.7s
  Fold 5 | Ep   3/100 | t_loss=0.1346 t_acc=0.739 | v_win_bal=0.492 v_rec_bal=0.500 | lr=1.0e-05 | 10.6s
  Fold 5 | Ep   4/100 | t_loss=0.0859 t_acc=0.868 | v_win_bal=0.490 v_rec_bal=0.500 | lr=1.0e-05 | 10.6s
  Fold 5 | Ep   5/100 | t_loss=0.0684 t_acc=0.901 | v_win_bal=0.476 v_rec_bal=0.450 | lr=1.0e-05 | 10.6s
  Fold 5 | Ep   6/100 | t_loss=0.0615 t_acc=0.908 | v_win_bal=0.500 v_rec_bal=0.500 | lr=1.0e-05 | 10.7s
  Fold 5 | Ep   7/100 | t_loss=0.0592 t_acc=0.911 | v_win_bal=0.498 v_rec_bal=0.500 | lr=1.0e-05 | 10.7s
  Fold 5 | Ep   8/100 | t_loss=0.0549 t_acc=0.924 | v_win_bal=0.499 v_rec_bal=0.500 | lr=9.9e-06 | 10.7s
  Fold 5 | Ep   9/100 | t_loss=0.0531 t_acc=0.922 | v_win_bal=0.495 v_rec_bal=0.500 | lr=9.9e-06 | 10.7s
  Fold 5 | Ep  10/100 | t_loss=0.0515 t_acc=0.928 | v_win_bal=0.499 v_rec_bal=0.500 | lr=9.9e-06 | 11.0s
  Fold 5 | Ep  11/100 | t_loss=0.0489 t_acc=0.930 | v_win_bal=0.497 v_rec_bal=0.500 | lr=9.8e-06 | 11.0s
  Fold 5 | Ep  12/100 | t_loss=0.0455 t_acc=0.938 | v_win_bal=0.490 v_rec_bal=0.500 | lr=9.8e-06 | 10.9s
  Fold 5 | Ep  13/100 | t_loss=0.0506 t_acc=0.930 | v_win_bal=0.496 v_rec_bal=0.500 | lr=9.7e-06 | 10.9s
  Fold 5 | Ep  14/100 | t_loss=0.0476 t_acc=0.933 | v_win_bal=0.490 v_rec_bal=0.500 | lr=9.7e-06 | 10.8s
  Fold 5 | Ep  15/100 | t_loss=0.0436 t_acc=0.941 | v_win_bal=0.496 v_rec_bal=0.500 | lr=9.6e-06 | 10.7s
  Fold 5 | Ep  16/100 | t_loss=0.0420 t_acc=0.944 | v_win_bal=0.496 v_rec_bal=0.500 | lr=9.6e-06 | 10.7s
  Fold 5 | Ep  17/100 | t_loss=0.0442 t_acc=0.940 | v_win_bal=0.498 v_rec_bal=0.500 | lr=9.5e-06 | 11.1s
  Fold 5 | Ep  18/100 | t_loss=0.0401 t_acc=0.944 | v_win_bal=0.496 v_rec_bal=0.500 | lr=9.4e-06 | 11.1s
  Fold 5 | Ep  19/100 | t_loss=0.0386 t_acc=0.946 | v_win_bal=0.464 v_rec_bal=0.500 | lr=9.3e-06 | 10.8s
  Fold 5 | Ep  20/100 | t_loss=0.0388 t_acc=0.950 | v_win_bal=0.492 v_rec_bal=0.500 | lr=9.3e-06 | 11.0s
  Fold 5 | Ep  21/100 | t_loss=0.0360 t_acc=0.954 | v_win_bal=0.488 v_rec_bal=0.500 | lr=9.2e-06 | 12.6s
  Early stop at epoch 21
  -> Test (best @ epoch 1): acc=0.4000, bal_acc=0.5000

============================================================
Global Results (5-Fold, subject-level CV)
Mode: FT | Extractor: cbramod | Loss: focal
============================================================
              acc: 0.5286
          bal_acc: 0.5046
               f1: 0.5407
            kappa: 0.0086
  Total predictions: 70 (should equal dataset size: 70)

Results saved to results/hp_sweep/20260409_main/cbramod/cbramod_encoderlrscale1_lr1e-5_s2024/
