CMD: /raid/jupyter-linjimmy1003.md10/.conda/envs/stress/bin/python train_ft.py --extractor cbramod --seed 2024 --device cuda:4 --run-id hp_sweep/20260409_main/cbramod/cbramod_encoderlrscale1_lr3e-5_s2024 --mode ft --folds 5 --epochs 100 --patience 20 --batch-size 32 --label subject-dass --loss focal --head-hidden 128 --csv data/comprehensive_labels.csv --weight-decay 0.05 --grad-clip 2.0 --warmup-epochs 3 --aug-overlap 0.75 --norm none --encoder-lr-scale 1.0 --lr 3e-05

/raid/jupyter-linjimmy1003.md10/.conda/envs/stress/lib/python3.11/site-packages/timm/models/layers/__init__.py:49: FutureWarning: Importing from timm.models.layers is deprecated, please import via timm.layers
  warnings.warn(f"Importing from {__name__} is deprecated, please import via timm.layers", FutureWarning)
Mode: FT | Extractor: cbramod | Folds: 5
LR: 3e-05 | WD: 0.05 | Beta2: 0.999 | Grad clip: 2.0
Head: hidden=128, dropout=0.0 | Norm: none | Loss: focal
Full FT: encoder_lr_scale=1.0
Augmentation: 75% overlap for increase class

Results → results/hp_sweep/20260409_main/cbramod/cbramod_encoderlrscale1_lr3e-5_s2024/
Dataset: 70 recordings loaded (14 increase, 56 normal)
Cache: 70 recordings ready (70 cached, 0 new)
Subject-DASS labels: increase=23 (5 subjects), normal=47

============================================================
Fold 1/5
============================================================
  Train:  43 samples, 10 subjects [2, 3, 6, 7, 8, 10, 11, 12, 13, 14], label_0=28, label_1=15
    Val:  13 samples,  3 subjects [5, 17, 18], label_0=10, label_1=3
   Test:  14 samples,  4 subjects [1, 4, 9, 16], label_0=9, label_1=5
  Building window datasets...
    WindowDataset: 7346 windows (class_0=2539, class_1=4807)
    WindowDataset: 819 windows (class_0=633, class_1=186)
    WindowDataset: 987 windows (class_0=670, class_1=317)
[CBraMod] Loaded 209/209 params from weights/cbramod-base/pretrained_weights.pth
  Trainable parameters: 4,935,443
  Class weights: [1.4466325044631958, 0.7640940546989441]
  Fold 1 | Ep   1/100 | t_loss=0.1430 t_acc=0.641 | v_win_bal=0.205 v_rec_bal=0.200 | lr=1.0e-05 | 15.7s
  Fold 1 | Ep   2/100 | t_loss=0.0818 t_acc=0.884 | v_win_bal=0.185 v_rec_bal=0.150 | lr=2.0e-05 | 13.5s
  Fold 1 | Ep   3/100 | t_loss=0.0767 t_acc=0.897 | v_win_bal=0.205 v_rec_bal=0.200 | lr=3.0e-05 | 13.4s
  Fold 1 | Ep   4/100 | t_loss=0.0714 t_acc=0.910 | v_win_bal=0.215 v_rec_bal=0.200 | lr=3.0e-05 | 13.4s
  Fold 1 | Ep   5/100 | t_loss=0.0676 t_acc=0.915 | v_win_bal=0.234 v_rec_bal=0.200 | lr=3.0e-05 | 13.4s
  Fold 1 | Ep   6/100 | t_loss=0.0618 t_acc=0.922 | v_win_bal=0.342 v_rec_bal=0.300 | lr=3.0e-05 | 13.3s
  Fold 1 | Ep   7/100 | t_loss=0.0601 t_acc=0.924 | v_win_bal=0.256 v_rec_bal=0.250 | lr=3.0e-05 | 13.3s
  Fold 1 | Ep   8/100 | t_loss=0.0537 t_acc=0.934 | v_win_bal=0.241 v_rec_bal=0.200 | lr=3.0e-05 | 13.4s
  Fold 1 | Ep   9/100 | t_loss=0.0492 t_acc=0.935 | v_win_bal=0.241 v_rec_bal=0.200 | lr=3.0e-05 | 13.3s
  Fold 1 | Ep  10/100 | t_loss=0.0449 t_acc=0.943 | v_win_bal=0.242 v_rec_bal=0.200 | lr=3.0e-05 | 13.2s
  Fold 1 | Ep  11/100 | t_loss=0.0461 t_acc=0.941 | v_win_bal=0.246 v_rec_bal=0.200 | lr=2.9e-05 | 13.2s
  Fold 1 | Ep  12/100 | t_loss=0.0414 t_acc=0.946 | v_win_bal=0.249 v_rec_bal=0.200 | lr=2.9e-05 | 13.3s
  Fold 1 | Ep  13/100 | t_loss=0.0379 t_acc=0.955 | v_win_bal=0.268 v_rec_bal=0.250 | lr=2.9e-05 | 13.8s
  Fold 1 | Ep  14/100 | t_loss=0.0370 t_acc=0.951 | v_win_bal=0.245 v_rec_bal=0.200 | lr=2.9e-05 | 13.3s
  Fold 1 | Ep  15/100 | t_loss=0.0352 t_acc=0.955 | v_win_bal=0.315 v_rec_bal=0.300 | lr=2.9e-05 | 13.4s
  Fold 1 | Ep  16/100 | t_loss=0.0357 t_acc=0.956 | v_win_bal=0.291 v_rec_bal=0.300 | lr=2.9e-05 | 13.3s
  Fold 1 | Ep  17/100 | t_loss=0.0349 t_acc=0.956 | v_win_bal=0.233 v_rec_bal=0.200 | lr=2.8e-05 | 13.3s
  Fold 1 | Ep  18/100 | t_loss=0.0310 t_acc=0.963 | v_win_bal=0.241 v_rec_bal=0.200 | lr=2.8e-05 | 13.4s
  Fold 1 | Ep  19/100 | t_loss=0.0293 t_acc=0.965 | v_win_bal=0.242 v_rec_bal=0.200 | lr=2.8e-05 | 13.8s
  Fold 1 | Ep  20/100 | t_loss=0.0309 t_acc=0.966 | v_win_bal=0.266 v_rec_bal=0.300 | lr=2.8e-05 | 13.9s
  Fold 1 | Ep  21/100 | t_loss=0.0286 t_acc=0.966 | v_win_bal=0.276 v_rec_bal=0.300 | lr=2.8e-05 | 13.8s
  Fold 1 | Ep  22/100 | t_loss=0.0266 t_acc=0.969 | v_win_bal=0.276 v_rec_bal=0.300 | lr=2.7e-05 | 13.4s
  Fold 1 | Ep  23/100 | t_loss=0.0310 t_acc=0.968 | v_win_bal=0.242 v_rec_bal=0.200 | lr=2.7e-05 | 13.3s
  Fold 1 | Ep  24/100 | t_loss=0.0276 t_acc=0.968 | v_win_bal=0.276 v_rec_bal=0.300 | lr=2.7e-05 | 13.2s
  Fold 1 | Ep  25/100 | t_loss=0.0269 t_acc=0.971 | v_win_bal=0.221 v_rec_bal=0.200 | lr=2.6e-05 | 13.2s
  Fold 1 | Ep  26/100 | t_loss=0.0263 t_acc=0.973 | v_win_bal=0.291 v_rec_bal=0.300 | lr=2.6e-05 | 13.5s
  Fold 1 | Ep  27/100 | t_loss=0.0272 t_acc=0.969 | v_win_bal=0.273 v_rec_bal=0.300 | lr=2.6e-05 | 13.4s
  Fold 1 | Ep  28/100 | t_loss=0.0253 t_acc=0.975 | v_win_bal=0.258 v_rec_bal=0.200 | lr=2.5e-05 | 13.3s
  Fold 1 | Ep  29/100 | t_loss=0.0249 t_acc=0.974 | v_win_bal=0.255 v_rec_bal=0.200 | lr=2.5e-05 | 13.2s
  Fold 1 | Ep  30/100 | t_loss=0.0239 t_acc=0.976 | v_win_bal=0.222 v_rec_bal=0.200 | lr=2.5e-05 | 13.2s
  Fold 1 | Ep  31/100 | t_loss=0.0232 t_acc=0.979 | v_win_bal=0.244 v_rec_bal=0.200 | lr=2.4e-05 | 13.2s
  Fold 1 | Ep  32/100 | t_loss=0.0248 t_acc=0.977 | v_win_bal=0.244 v_rec_bal=0.200 | lr=2.4e-05 | 13.2s
  Fold 1 | Ep  33/100 | t_loss=0.0215 t_acc=0.979 | v_win_bal=0.225 v_rec_bal=0.200 | lr=2.3e-05 | 13.3s
  Fold 1 | Ep  34/100 | t_loss=0.0221 t_acc=0.979 | v_win_bal=0.258 v_rec_bal=0.200 | lr=2.3e-05 | 13.4s
  Fold 1 | Ep  35/100 | t_loss=0.0186 t_acc=0.983 | v_win_bal=0.241 v_rec_bal=0.200 | lr=2.3e-05 | 13.4s
  Fold 1 | Ep  36/100 | t_loss=0.0141 t_acc=0.988 | v_win_bal=0.267 v_rec_bal=0.250 | lr=2.2e-05 | 13.2s
  Fold 1 | Ep  37/100 | t_loss=0.0215 t_acc=0.982 | v_win_bal=0.255 v_rec_bal=0.200 | lr=2.2e-05 | 13.8s
  Fold 1 | Ep  38/100 | t_loss=0.0160 t_acc=0.984 | v_win_bal=0.242 v_rec_bal=0.200 | lr=2.1e-05 | 13.8s
  Fold 1 | Ep  39/100 | t_loss=0.0195 t_acc=0.984 | v_win_bal=0.261 v_rec_bal=0.250 | lr=2.1e-05 | 13.8s
  Fold 1 | Ep  40/100 | t_loss=0.0170 t_acc=0.983 | v_win_bal=0.231 v_rec_bal=0.200 | lr=2.0e-05 | 13.7s
  Fold 1 | Ep  41/100 | t_loss=0.0164 t_acc=0.986 | v_win_bal=0.235 v_rec_bal=0.200 | lr=2.0e-05 | 13.4s
  Fold 1 | Ep  42/100 | t_loss=0.0187 t_acc=0.987 | v_win_bal=0.237 v_rec_bal=0.200 | lr=2.0e-05 | 13.2s
  Early stop at epoch 42
  -> Test (best @ epoch 6): acc=0.7857, bal_acc=0.7444

============================================================
Fold 2/5
============================================================
  Train:  41 samples, 11 subjects [1, 2, 4, 9, 11, 12, 13, 14, 16, 17, 18], label_0=27, label_1=14
    Val:  16 samples,  3 subjects [3, 6, 7], label_0=10, label_1=6
   Test:  13 samples,  3 subjects [5, 8, 10], label_0=10, label_1=3
  Building window datasets...
    WindowDataset: 6895 windows (class_0=2601, class_1=4294)
    WindowDataset: 960 windows (class_0=590, class_1=370)
    WindowDataset: 913 windows (class_0=651, class_1=262)
[CBraMod] Loaded 209/209 params from weights/cbramod-base/pretrained_weights.pth
  Fold 2 | Ep   1/100 | t_loss=0.1611 t_acc=0.650 | v_win_bal=0.548 v_rec_bal=0.550 | lr=1.0e-05 | 12.8s
  Fold 2 | Ep   2/100 | t_loss=0.1122 t_acc=0.799 | v_win_bal=0.720 v_rec_bal=0.750 | lr=2.0e-05 | 12.9s
  Fold 2 | Ep   3/100 | t_loss=0.0888 t_acc=0.858 | v_win_bal=0.714 v_rec_bal=0.750 | lr=3.0e-05 | 12.9s
  Fold 2 | Ep   4/100 | t_loss=0.0814 t_acc=0.874 | v_win_bal=0.712 v_rec_bal=0.667 | lr=3.0e-05 | 12.8s
  Fold 2 | Ep   5/100 | t_loss=0.0713 t_acc=0.895 | v_win_bal=0.700 v_rec_bal=0.667 | lr=3.0e-05 | 13.3s
  Fold 2 | Ep   6/100 | t_loss=0.0647 t_acc=0.902 | v_win_bal=0.721 v_rec_bal=0.750 | lr=3.0e-05 | 12.8s
  Fold 2 | Ep   7/100 | t_loss=0.0642 t_acc=0.905 | v_win_bal=0.665 v_rec_bal=0.667 | lr=3.0e-05 | 12.8s
  Fold 2 | Ep   8/100 | t_loss=0.0641 t_acc=0.903 | v_win_bal=0.674 v_rec_bal=0.667 | lr=3.0e-05 | 12.8s
  Fold 2 | Ep   9/100 | t_loss=0.0542 t_acc=0.921 | v_win_bal=0.725 v_rec_bal=0.750 | lr=3.0e-05 | 12.8s
  Fold 2 | Ep  10/100 | t_loss=0.0535 t_acc=0.919 | v_win_bal=0.669 v_rec_bal=0.667 | lr=3.0e-05 | 12.8s
  Fold 2 | Ep  11/100 | t_loss=0.0545 t_acc=0.923 | v_win_bal=0.651 v_rec_bal=0.583 | lr=2.9e-05 | 12.8s
  Fold 2 | Ep  12/100 | t_loss=0.0512 t_acc=0.926 | v_win_bal=0.668 v_rec_bal=0.583 | lr=2.9e-05 | 12.8s
  Fold 2 | Ep  13/100 | t_loss=0.0488 t_acc=0.933 | v_win_bal=0.601 v_rec_bal=0.583 | lr=2.9e-05 | 12.8s
  Fold 2 | Ep  14/100 | t_loss=0.0481 t_acc=0.932 | v_win_bal=0.629 v_rec_bal=0.583 | lr=2.9e-05 | 12.8s
  Fold 2 | Ep  15/100 | t_loss=0.0423 t_acc=0.938 | v_win_bal=0.626 v_rec_bal=0.583 | lr=2.9e-05 | 12.7s
  Fold 2 | Ep  16/100 | t_loss=0.0404 t_acc=0.945 | v_win_bal=0.665 v_rec_bal=0.667 | lr=2.9e-05 | 13.0s
  Fold 2 | Ep  17/100 | t_loss=0.0409 t_acc=0.945 | v_win_bal=0.622 v_rec_bal=0.583 | lr=2.8e-05 | 12.7s
  Fold 2 | Ep  18/100 | t_loss=0.0384 t_acc=0.953 | v_win_bal=0.628 v_rec_bal=0.583 | lr=2.8e-05 | 12.8s
  Fold 2 | Ep  19/100 | t_loss=0.0355 t_acc=0.957 | v_win_bal=0.631 v_rec_bal=0.533 | lr=2.8e-05 | 13.1s
  Fold 2 | Ep  20/100 | t_loss=0.0366 t_acc=0.954 | v_win_bal=0.630 v_rec_bal=0.667 | lr=2.8e-05 | 12.9s
  Fold 2 | Ep  21/100 | t_loss=0.0353 t_acc=0.956 | v_win_bal=0.613 v_rec_bal=0.583 | lr=2.8e-05 | 13.1s
  Fold 2 | Ep  22/100 | t_loss=0.0296 t_acc=0.965 | v_win_bal=0.626 v_rec_bal=0.583 | lr=2.7e-05 | 14.5s
  Fold 2 | Ep  23/100 | t_loss=0.0304 t_acc=0.961 | v_win_bal=0.640 v_rec_bal=0.667 | lr=2.7e-05 | 17.7s
  Fold 2 | Ep  24/100 | t_loss=0.0261 t_acc=0.970 | v_win_bal=0.638 v_rec_bal=0.583 | lr=2.7e-05 | 18.2s
  Early stop at epoch 24
  -> Test (best @ epoch 2): acc=0.1538, bal_acc=0.3333

============================================================
Fold 3/5
============================================================
  Train:  40 samples, 10 subjects [2, 5, 6, 8, 9, 10, 11, 12, 17, 18], label_0=28, label_1=12
    Val:  14 samples,  4 subjects [1, 4, 14, 16], label_0=9, label_1=5
   Test:  16 samples,  3 subjects [3, 7, 13], label_0=10, label_1=6
  Building window datasets...
    WindowDataset: 6302 windows (class_0=2222, class_1=4080)
    WindowDataset: 1103 windows (class_0=786, class_1=317)
    WindowDataset: 1204 windows (class_0=834, class_1=370)
[CBraMod] Loaded 209/209 params from weights/cbramod-base/pretrained_weights.pth
  Fold 3 | Ep   1/100 | t_loss=0.1699 t_acc=0.619 | v_win_bal=0.550 v_rec_bal=0.500 | lr=1.0e-05 | 18.4s
  Fold 3 | Ep   2/100 | t_loss=0.1282 t_acc=0.766 | v_win_bal=0.678 v_rec_bal=0.522 | lr=2.0e-05 | 20.8s
  Fold 3 | Ep   3/100 | t_loss=0.0909 t_acc=0.857 | v_win_bal=0.564 v_rec_bal=0.500 | lr=3.0e-05 | 17.9s
  Fold 3 | Ep   4/100 | t_loss=0.0789 t_acc=0.883 | v_win_bal=0.537 v_rec_bal=0.500 | lr=3.0e-05 | 16.6s
  Fold 3 | Ep   5/100 | t_loss=0.0750 t_acc=0.893 | v_win_bal=0.628 v_rec_bal=0.700 | lr=3.0e-05 | 18.2s
  Fold 3 | Ep   6/100 | t_loss=0.0670 t_acc=0.899 | v_win_bal=0.634 v_rec_bal=0.700 | lr=3.0e-05 | 16.2s
  Fold 3 | Ep   7/100 | t_loss=0.0597 t_acc=0.913 | v_win_bal=0.601 v_rec_bal=0.444 | lr=3.0e-05 | 17.3s
  Fold 3 | Ep   8/100 | t_loss=0.0543 t_acc=0.922 | v_win_bal=0.661 v_rec_bal=0.511 | lr=3.0e-05 | 17.6s
  Fold 3 | Ep   9/100 | t_loss=0.0519 t_acc=0.925 | v_win_bal=0.697 v_rec_bal=0.789 | lr=3.0e-05 | 17.0s
  Fold 3 | Ep  10/100 | t_loss=0.0526 t_acc=0.934 | v_win_bal=0.680 v_rec_bal=0.744 | lr=3.0e-05 | 16.4s
  Fold 3 | Ep  11/100 | t_loss=0.0479 t_acc=0.940 | v_win_bal=0.742 v_rec_bal=0.800 | lr=2.9e-05 | 17.5s
  Fold 3 | Ep  12/100 | t_loss=0.0446 t_acc=0.941 | v_win_bal=0.661 v_rec_bal=0.633 | lr=2.9e-05 | 17.6s
  Fold 3 | Ep  13/100 | t_loss=0.0449 t_acc=0.943 | v_win_bal=0.733 v_rec_bal=0.800 | lr=2.9e-05 | 17.1s
  Fold 3 | Ep  14/100 | t_loss=0.0358 t_acc=0.953 | v_win_bal=0.677 v_rec_bal=0.700 | lr=2.9e-05 | 18.8s
  Fold 3 | Ep  15/100 | t_loss=0.0367 t_acc=0.951 | v_win_bal=0.607 v_rec_bal=0.311 | lr=2.9e-05 | 17.6s
  Fold 3 | Ep  16/100 | t_loss=0.0350 t_acc=0.956 | v_win_bal=0.669 v_rec_bal=0.700 | lr=2.9e-05 | 18.8s
  Fold 3 | Ep  17/100 | t_loss=0.0339 t_acc=0.960 | v_win_bal=0.624 v_rec_bal=0.600 | lr=2.8e-05 | 19.2s
  Fold 3 | Ep  18/100 | t_loss=0.0335 t_acc=0.963 | v_win_bal=0.693 v_rec_bal=0.700 | lr=2.8e-05 | 18.8s
  Fold 3 | Ep  19/100 | t_loss=0.0346 t_acc=0.962 | v_win_bal=0.609 v_rec_bal=0.600 | lr=2.8e-05 | 18.4s
  Fold 3 | Ep  20/100 | t_loss=0.0276 t_acc=0.970 | v_win_bal=0.563 v_rec_bal=0.489 | lr=2.8e-05 | 15.3s
  Fold 3 | Ep  21/100 | t_loss=0.0322 t_acc=0.966 | v_win_bal=0.682 v_rec_bal=0.644 | lr=2.8e-05 | 22.1s
  Fold 3 | Ep  22/100 | t_loss=0.0263 t_acc=0.973 | v_win_bal=0.662 v_rec_bal=0.644 | lr=2.7e-05 | 18.4s
  Fold 3 | Ep  23/100 | t_loss=0.0262 t_acc=0.972 | v_win_bal=0.619 v_rec_bal=0.600 | lr=2.7e-05 | 18.0s
  Fold 3 | Ep  24/100 | t_loss=0.0294 t_acc=0.973 | v_win_bal=0.722 v_rec_bal=0.700 | lr=2.7e-05 | 16.7s
  Fold 3 | Ep  25/100 | t_loss=0.0234 t_acc=0.976 | v_win_bal=0.634 v_rec_bal=0.600 | lr=2.6e-05 | 15.2s
  Fold 3 | Ep  26/100 | t_loss=0.0220 t_acc=0.980 | v_win_bal=0.646 v_rec_bal=0.700 | lr=2.6e-05 | 17.4s
  Fold 3 | Ep  27/100 | t_loss=0.0220 t_acc=0.978 | v_win_bal=0.633 v_rec_bal=0.622 | lr=2.6e-05 | 18.4s
  Fold 3 | Ep  28/100 | t_loss=0.0185 t_acc=0.980 | v_win_bal=0.653 v_rec_bal=0.700 | lr=2.5e-05 | 18.6s
  Fold 3 | Ep  29/100 | t_loss=0.0230 t_acc=0.978 | v_win_bal=0.656 v_rec_bal=0.700 | lr=2.5e-05 | 18.2s
  Fold 3 | Ep  30/100 | t_loss=0.0170 t_acc=0.985 | v_win_bal=0.646 v_rec_bal=0.700 | lr=2.5e-05 | 17.1s
  Fold 3 | Ep  31/100 | t_loss=0.0174 t_acc=0.985 | v_win_bal=0.662 v_rec_bal=0.644 | lr=2.4e-05 | 23.8s
  Early stop at epoch 31
  -> Test (best @ epoch 11): acc=0.6250, bal_acc=0.5000

============================================================
Fold 4/5
============================================================
  Train:  42 samples, 10 subjects [1, 3, 4, 5, 7, 8, 9, 10, 16, 18], label_0=28, label_1=14
    Val:  16 samples,  3 subjects [6, 11, 13], label_0=10, label_1=6
   Test:  12 samples,  4 subjects [2, 12, 14, 17], label_0=9, label_1=3
  Building window datasets...
    WindowDataset: 5618 windows (class_0=1864, class_1=3754)
    WindowDataset: 1419 windows (class_0=838, class_1=581)
    WindowDataset: 1326 windows (class_0=1140, class_1=186)
[CBraMod] Loaded 209/209 params from weights/cbramod-base/pretrained_weights.pth
  Fold 4 | Ep   1/100 | t_loss=0.1685 t_acc=0.511 | v_win_bal=0.565 v_rec_bal=0.417 | lr=1.0e-05 | 22.3s
  Fold 4 | Ep   2/100 | t_loss=0.1458 t_acc=0.743 | v_win_bal=0.745 v_rec_bal=0.750 | lr=2.0e-05 | 15.5s
  Fold 4 | Ep   3/100 | t_loss=0.1359 t_acc=0.781 | v_win_bal=0.779 v_rec_bal=0.667 | lr=3.0e-05 | 15.8s
  Fold 4 | Ep   4/100 | t_loss=0.1301 t_acc=0.779 | v_win_bal=0.551 v_rec_bal=0.500 | lr=3.0e-05 | 16.6s
  Fold 4 | Ep   5/100 | t_loss=0.1147 t_acc=0.808 | v_win_bal=0.563 v_rec_bal=0.500 | lr=3.0e-05 | 17.0s
  Fold 4 | Ep   6/100 | t_loss=0.0958 t_acc=0.845 | v_win_bal=0.509 v_rec_bal=0.500 | lr=3.0e-05 | 15.7s
  Fold 4 | Ep   7/100 | t_loss=0.0890 t_acc=0.853 | v_win_bal=0.522 v_rec_bal=0.500 | lr=3.0e-05 | 19.6s
  Fold 4 | Ep   8/100 | t_loss=0.0847 t_acc=0.865 | v_win_bal=0.516 v_rec_bal=0.500 | lr=3.0e-05 | 18.4s
  Fold 4 | Ep   9/100 | t_loss=0.0818 t_acc=0.869 | v_win_bal=0.550 v_rec_bal=0.500 | lr=3.0e-05 | 15.8s
  Fold 4 | Ep  10/100 | t_loss=0.0721 t_acc=0.889 | v_win_bal=0.536 v_rec_bal=0.500 | lr=3.0e-05 | 15.0s
  Fold 4 | Ep  11/100 | t_loss=0.0682 t_acc=0.893 | v_win_bal=0.589 v_rec_bal=0.583 | lr=2.9e-05 | 19.9s
  Fold 4 | Ep  12/100 | t_loss=0.0581 t_acc=0.917 | v_win_bal=0.582 v_rec_bal=0.583 | lr=2.9e-05 | 16.9s
  Fold 4 | Ep  13/100 | t_loss=0.0521 t_acc=0.927 | v_win_bal=0.597 v_rec_bal=0.583 | lr=2.9e-05 | 46.7s
  Fold 4 | Ep  14/100 | t_loss=0.0444 t_acc=0.940 | v_win_bal=0.624 v_rec_bal=0.583 | lr=2.9e-05 | 62.2s
  Fold 4 | Ep  15/100 | t_loss=0.0432 t_acc=0.945 | v_win_bal=0.627 v_rec_bal=0.583 | lr=2.9e-05 | 100.4s
  Fold 4 | Ep  16/100 | t_loss=0.0509 t_acc=0.938 | v_win_bal=0.623 v_rec_bal=0.583 | lr=2.9e-05 | 93.1s
  Fold 4 | Ep  17/100 | t_loss=0.0402 t_acc=0.951 | v_win_bal=0.629 v_rec_bal=0.583 | lr=2.8e-05 | 98.5s
  Fold 4 | Ep  18/100 | t_loss=0.0387 t_acc=0.954 | v_win_bal=0.629 v_rec_bal=0.583 | lr=2.8e-05 | 97.7s
  Fold 4 | Ep  19/100 | t_loss=0.0346 t_acc=0.960 | v_win_bal=0.621 v_rec_bal=0.583 | lr=2.8e-05 | 98.2s
  Fold 4 | Ep  20/100 | t_loss=0.0416 t_acc=0.957 | v_win_bal=0.590 v_rec_bal=0.583 | lr=2.8e-05 | 102.6s
  Fold 4 | Ep  21/100 | t_loss=0.0355 t_acc=0.964 | v_win_bal=0.626 v_rec_bal=0.583 | lr=2.8e-05 | 101.1s
  Fold 4 | Ep  22/100 | t_loss=0.0351 t_acc=0.964 | v_win_bal=0.641 v_rec_bal=0.583 | lr=2.7e-05 | 100.1s
  Fold 4 | Ep  23/100 | t_loss=0.0264 t_acc=0.973 | v_win_bal=0.640 v_rec_bal=0.583 | lr=2.7e-05 | 99.6s
  Fold 4 | Ep  24/100 | t_loss=0.0307 t_acc=0.970 | v_win_bal=0.652 v_rec_bal=0.583 | lr=2.7e-05 | 102.6s
  Early stop at epoch 24
  -> Test (best @ epoch 2): acc=0.6667, bal_acc=0.4444

============================================================
Fold 5/5
============================================================
  Train:  39 samples, 11 subjects [1, 2, 4, 5, 8, 9, 10, 12, 14, 16, 17], label_0=28, label_1=11
    Val:  16 samples,  3 subjects [3, 7, 13], label_0=10, label_1=6
   Test:  15 samples,  3 subjects [6, 11, 18], label_0=9, label_1=6
  Building window datasets...
    WindowDataset: 5488 windows (class_0=2461, class_1=3027)
    WindowDataset: 1204 windows (class_0=834, class_1=370)
    WindowDataset: 1128 windows (class_0=547, class_1=581)
[CBraMod] Loaded 209/209 params from weights/cbramod-base/pretrained_weights.pth
  Fold 5 | Ep   1/100 | t_loss=0.1722 t_acc=0.553 | v_win_bal=0.565 v_rec_bal=0.550 | lr=1.0e-05 | 100.0s
  Fold 5 | Ep   2/100 | t_loss=0.1402 t_acc=0.720 | v_win_bal=0.493 v_rec_bal=0.500 | lr=2.0e-05 | 91.2s
  Fold 5 | Ep   3/100 | t_loss=0.0960 t_acc=0.849 | v_win_bal=0.487 v_rec_bal=0.500 | lr=3.0e-05 | 93.7s
  Fold 5 | Ep   4/100 | t_loss=0.0772 t_acc=0.883 | v_win_bal=0.500 v_rec_bal=0.500 | lr=3.0e-05 | 94.0s
  Fold 5 | Ep   5/100 | t_loss=0.0637 t_acc=0.912 | v_win_bal=0.498 v_rec_bal=0.500 | lr=3.0e-05 | 103.4s
  Fold 5 | Ep   6/100 | t_loss=0.0511 t_acc=0.931 | v_win_bal=0.493 v_rec_bal=0.500 | lr=3.0e-05 | 96.7s
  Fold 5 | Ep   7/100 | t_loss=0.0532 t_acc=0.926 | v_win_bal=0.475 v_rec_bal=0.500 | lr=3.0e-05 | 97.3s
  Fold 5 | Ep   8/100 | t_loss=0.0471 t_acc=0.934 | v_win_bal=0.489 v_rec_bal=0.500 | lr=3.0e-05 | 94.8s
  Fold 5 | Ep   9/100 | t_loss=0.0486 t_acc=0.936 | v_win_bal=0.474 v_rec_bal=0.500 | lr=3.0e-05 | 100.5s
  Fold 5 | Ep  10/100 | t_loss=0.0412 t_acc=0.947 | v_win_bal=0.450 v_rec_bal=0.500 | lr=3.0e-05 | 100.1s
  Fold 5 | Ep  11/100 | t_loss=0.0368 t_acc=0.953 | v_win_bal=0.469 v_rec_bal=0.500 | lr=2.9e-05 | 98.5s
  Fold 5 | Ep  12/100 | t_loss=0.0385 t_acc=0.945 | v_win_bal=0.472 v_rec_bal=0.500 | lr=2.9e-05 | 95.7s
  Fold 5 | Ep  13/100 | t_loss=0.0375 t_acc=0.952 | v_win_bal=0.456 v_rec_bal=0.500 | lr=2.9e-05 | 99.1s
  Fold 5 | Ep  14/100 | t_loss=0.0400 t_acc=0.948 | v_win_bal=0.469 v_rec_bal=0.500 | lr=2.9e-05 | 98.0s
  Fold 5 | Ep  15/100 | t_loss=0.0370 t_acc=0.948 | v_win_bal=0.454 v_rec_bal=0.500 | lr=2.9e-05 | 95.3s
  Fold 5 | Ep  16/100 | t_loss=0.0315 t_acc=0.963 | v_win_bal=0.474 v_rec_bal=0.500 | lr=2.9e-05 | 99.7s
  Fold 5 | Ep  17/100 | t_loss=0.0344 t_acc=0.957 | v_win_bal=0.436 v_rec_bal=0.500 | lr=2.8e-05 | 97.6s
  Fold 5 | Ep  18/100 | t_loss=0.0288 t_acc=0.963 | v_win_bal=0.459 v_rec_bal=0.500 | lr=2.8e-05 | 97.0s
  Fold 5 | Ep  19/100 | t_loss=0.0274 t_acc=0.967 | v_win_bal=0.434 v_rec_bal=0.500 | lr=2.8e-05 | 95.8s
  Fold 5 | Ep  20/100 | t_loss=0.0281 t_acc=0.967 | v_win_bal=0.457 v_rec_bal=0.500 | lr=2.8e-05 | 94.9s
  Fold 5 | Ep  21/100 | t_loss=0.0250 t_acc=0.973 | v_win_bal=0.447 v_rec_bal=0.500 | lr=2.8e-05 | 95.1s
  Early stop at epoch 21
  -> Test (best @ epoch 1): acc=0.4000, bal_acc=0.5000

============================================================
Global Results (5-Fold, subject-level CV)
Mode: FT | Extractor: cbramod | Loss: focal
============================================================
              acc: 0.5286
          bal_acc: 0.5157
               f1: 0.5422
            kappa: 0.0286
  Total predictions: 70 (should equal dataset size: 70)

Results saved to results/hp_sweep/20260409_main/cbramod/cbramod_encoderlrscale1_lr3e-5_s2024/
