CMD: /raid/jupyter-linjimmy1003.md10/.conda/envs/stress/bin/python train_ft.py --extractor cbramod --seed 2024 --device cuda:2 --run-id hp_sweep/20260409_main/cbramod/cbramod_encoderlrscale1_lr1e-4_s2024 --mode ft --folds 5 --epochs 100 --patience 20 --batch-size 32 --label subject-dass --loss focal --head-hidden 128 --csv data/comprehensive_labels.csv --weight-decay 0.05 --grad-clip 2.0 --warmup-epochs 3 --aug-overlap 0.75 --norm none --encoder-lr-scale 1.0 --lr 0.0001

/raid/jupyter-linjimmy1003.md10/.conda/envs/stress/lib/python3.11/site-packages/timm/models/layers/__init__.py:49: FutureWarning: Importing from timm.models.layers is deprecated, please import via timm.layers
  warnings.warn(f"Importing from {__name__} is deprecated, please import via timm.layers", FutureWarning)
Mode: FT | Extractor: cbramod | Folds: 5
LR: 0.0001 | WD: 0.05 | Beta2: 0.999 | Grad clip: 2.0
Head: hidden=128, dropout=0.0 | Norm: none | Loss: focal
Full FT: encoder_lr_scale=1.0
Augmentation: 75% overlap for increase class

Results → results/hp_sweep/20260409_main/cbramod/cbramod_encoderlrscale1_lr1e-4_s2024/
Dataset: 70 recordings loaded (14 increase, 56 normal)
Cache: 70 recordings ready (70 cached, 0 new)
Subject-DASS labels: increase=23 (5 subjects), normal=47

============================================================
Fold 1/5
============================================================
  Train:  43 samples, 10 subjects [2, 3, 6, 7, 8, 10, 11, 12, 13, 14], label_0=28, label_1=15
    Val:  13 samples,  3 subjects [5, 17, 18], label_0=10, label_1=3
   Test:  14 samples,  4 subjects [1, 4, 9, 16], label_0=9, label_1=5
  Building window datasets...
    WindowDataset: 7346 windows (class_0=2539, class_1=4807)
    WindowDataset: 819 windows (class_0=633, class_1=186)
    WindowDataset: 987 windows (class_0=670, class_1=317)
[CBraMod] Loaded 209/209 params from weights/cbramod-base/pretrained_weights.pth
  Trainable parameters: 4,935,443
  Class weights: [1.4466325044631958, 0.7640940546989441]
  Fold 1 | Ep   1/100 | t_loss=0.1198 t_acc=0.742 | v_win_bal=0.455 v_rec_bal=0.550 | lr=3.3e-05 | 15.7s
  Fold 1 | Ep   2/100 | t_loss=0.0859 t_acc=0.882 | v_win_bal=0.190 v_rec_bal=0.200 | lr=6.7e-05 | 13.8s
  Fold 1 | Ep   3/100 | t_loss=0.0824 t_acc=0.895 | v_win_bal=0.223 v_rec_bal=0.200 | lr=1.0e-04 | 15.1s
  Fold 1 | Ep   4/100 | t_loss=0.0761 t_acc=0.900 | v_win_bal=0.234 v_rec_bal=0.200 | lr=1.0e-04 | 20.9s
  Fold 1 | Ep   5/100 | t_loss=0.0608 t_acc=0.925 | v_win_bal=0.230 v_rec_bal=0.200 | lr=1.0e-04 | 19.9s
  Fold 1 | Ep   6/100 | t_loss=0.0566 t_acc=0.927 | v_win_bal=0.233 v_rec_bal=0.200 | lr=1.0e-04 | 21.9s
  Fold 1 | Ep   7/100 | t_loss=0.0494 t_acc=0.937 | v_win_bal=0.213 v_rec_bal=0.200 | lr=1.0e-04 | 18.2s
  Fold 1 | Ep   8/100 | t_loss=0.0462 t_acc=0.939 | v_win_bal=0.205 v_rec_bal=0.200 | lr=9.9e-05 | 20.3s
  Fold 1 | Ep   9/100 | t_loss=0.0383 t_acc=0.949 | v_win_bal=0.241 v_rec_bal=0.200 | lr=9.9e-05 | 19.1s
  Fold 1 | Ep  10/100 | t_loss=0.0393 t_acc=0.949 | v_win_bal=0.215 v_rec_bal=0.200 | lr=9.9e-05 | 16.9s
  Fold 1 | Ep  11/100 | t_loss=0.0377 t_acc=0.956 | v_win_bal=0.231 v_rec_bal=0.200 | lr=9.8e-05 | 18.9s
  Fold 1 | Ep  12/100 | t_loss=0.0402 t_acc=0.952 | v_win_bal=0.238 v_rec_bal=0.200 | lr=9.8e-05 | 19.5s
  Fold 1 | Ep  13/100 | t_loss=0.0330 t_acc=0.959 | v_win_bal=0.203 v_rec_bal=0.200 | lr=9.7e-05 | 18.3s
  Fold 1 | Ep  14/100 | t_loss=0.0301 t_acc=0.964 | v_win_bal=0.232 v_rec_bal=0.200 | lr=9.7e-05 | 20.0s
  Fold 1 | Ep  15/100 | t_loss=0.0308 t_acc=0.965 | v_win_bal=0.216 v_rec_bal=0.200 | lr=9.6e-05 | 18.3s
  Fold 1 | Ep  16/100 | t_loss=0.0293 t_acc=0.969 | v_win_bal=0.217 v_rec_bal=0.200 | lr=9.6e-05 | 20.1s
  Fold 1 | Ep  17/100 | t_loss=0.0272 t_acc=0.968 | v_win_bal=0.254 v_rec_bal=0.200 | lr=9.5e-05 | 19.8s
  Fold 1 | Ep  18/100 | t_loss=0.0254 t_acc=0.973 | v_win_bal=0.220 v_rec_bal=0.200 | lr=9.4e-05 | 18.1s
  Fold 1 | Ep  19/100 | t_loss=0.0214 t_acc=0.975 | v_win_bal=0.229 v_rec_bal=0.200 | lr=9.3e-05 | 20.4s
  Fold 1 | Ep  20/100 | t_loss=0.0231 t_acc=0.977 | v_win_bal=0.214 v_rec_bal=0.200 | lr=9.3e-05 | 19.0s
  Fold 1 | Ep  21/100 | t_loss=0.0208 t_acc=0.982 | v_win_bal=0.254 v_rec_bal=0.250 | lr=9.2e-05 | 22.8s
  Early stop at epoch 21
  -> Test (best @ epoch 1): acc=0.3571, bal_acc=0.5000

============================================================
Fold 2/5
============================================================
  Train:  41 samples, 11 subjects [1, 2, 4, 9, 11, 12, 13, 14, 16, 17, 18], label_0=27, label_1=14
    Val:  16 samples,  3 subjects [3, 6, 7], label_0=10, label_1=6
   Test:  13 samples,  3 subjects [5, 8, 10], label_0=10, label_1=3
  Building window datasets...
    WindowDataset: 6895 windows (class_0=2601, class_1=4294)
    WindowDataset: 960 windows (class_0=590, class_1=370)
    WindowDataset: 913 windows (class_0=651, class_1=262)
[CBraMod] Loaded 209/209 params from weights/cbramod-base/pretrained_weights.pth
  Fold 2 | Ep   1/100 | t_loss=0.1482 t_acc=0.651 | v_win_bal=0.650 v_rec_bal=0.650 | lr=3.3e-05 | 19.6s
  Fold 2 | Ep   2/100 | t_loss=0.1002 t_acc=0.830 | v_win_bal=0.713 v_rec_bal=0.750 | lr=6.7e-05 | 16.5s
  Fold 2 | Ep   3/100 | t_loss=0.0830 t_acc=0.873 | v_win_bal=0.726 v_rec_bal=0.750 | lr=1.0e-04 | 24.7s
  Fold 2 | Ep   4/100 | t_loss=0.0760 t_acc=0.891 | v_win_bal=0.718 v_rec_bal=0.750 | lr=1.0e-04 | 18.5s
  Fold 2 | Ep   5/100 | t_loss=0.0679 t_acc=0.906 | v_win_bal=0.713 v_rec_bal=0.667 | lr=1.0e-04 | 20.2s
  Fold 2 | Ep   6/100 | t_loss=0.0564 t_acc=0.919 | v_win_bal=0.674 v_rec_bal=0.583 | lr=1.0e-04 | 18.5s
  Fold 2 | Ep   7/100 | t_loss=0.0541 t_acc=0.921 | v_win_bal=0.721 v_rec_bal=0.833 | lr=1.0e-04 | 18.3s
  Fold 2 | Ep   8/100 | t_loss=0.0540 t_acc=0.925 | v_win_bal=0.698 v_rec_bal=0.783 | lr=9.9e-05 | 18.6s
  Fold 2 | Ep   9/100 | t_loss=0.0476 t_acc=0.935 | v_win_bal=0.769 v_rec_bal=0.833 | lr=9.9e-05 | 20.1s
  Fold 2 | Ep  10/100 | t_loss=0.0458 t_acc=0.938 | v_win_bal=0.738 v_rec_bal=0.833 | lr=9.9e-05 | 20.8s
  Fold 2 | Ep  11/100 | t_loss=0.0372 t_acc=0.949 | v_win_bal=0.657 v_rec_bal=0.783 | lr=9.8e-05 | 20.7s
  Fold 2 | Ep  12/100 | t_loss=0.0347 t_acc=0.956 | v_win_bal=0.707 v_rec_bal=0.833 | lr=9.8e-05 | 32.2s
  Fold 2 | Ep  13/100 | t_loss=0.0326 t_acc=0.958 | v_win_bal=0.723 v_rec_bal=0.833 | lr=9.7e-05 | 23.4s
  Fold 2 | Ep  14/100 | t_loss=0.0305 t_acc=0.960 | v_win_bal=0.699 v_rec_bal=0.667 | lr=9.7e-05 | 19.6s
  Fold 2 | Ep  15/100 | t_loss=0.0349 t_acc=0.956 | v_win_bal=0.692 v_rec_bal=0.667 | lr=9.6e-05 | 20.0s
  Fold 2 | Ep  16/100 | t_loss=0.0284 t_acc=0.966 | v_win_bal=0.697 v_rec_bal=0.750 | lr=9.6e-05 | 19.0s
  Fold 2 | Ep  17/100 | t_loss=0.0295 t_acc=0.963 | v_win_bal=0.657 v_rec_bal=0.583 | lr=9.5e-05 | 18.0s
  Fold 2 | Ep  18/100 | t_loss=0.0304 t_acc=0.965 | v_win_bal=0.676 v_rec_bal=0.733 | lr=9.4e-05 | 22.7s
  Fold 2 | Ep  19/100 | t_loss=0.0262 t_acc=0.972 | v_win_bal=0.605 v_rec_bal=0.533 | lr=9.3e-05 | 21.6s
  Fold 2 | Ep  20/100 | t_loss=0.0281 t_acc=0.969 | v_win_bal=0.710 v_rec_bal=0.833 | lr=9.3e-05 | 17.9s
  Fold 2 | Ep  21/100 | t_loss=0.0218 t_acc=0.976 | v_win_bal=0.677 v_rec_bal=0.667 | lr=9.2e-05 | 22.8s
  Fold 2 | Ep  22/100 | t_loss=0.0251 t_acc=0.972 | v_win_bal=0.636 v_rec_bal=0.650 | lr=9.1e-05 | 19.0s
  Fold 2 | Ep  23/100 | t_loss=0.0260 t_acc=0.973 | v_win_bal=0.585 v_rec_bal=0.533 | lr=9.0e-05 | 52.8s
  Fold 2 | Ep  24/100 | t_loss=0.0241 t_acc=0.977 | v_win_bal=0.624 v_rec_bal=0.617 | lr=8.9e-05 | 81.0s
  Fold 2 | Ep  25/100 | t_loss=0.0200 t_acc=0.980 | v_win_bal=0.648 v_rec_bal=0.783 | lr=8.8e-05 | 113.6s
  Fold 2 | Ep  26/100 | t_loss=0.0199 t_acc=0.981 | v_win_bal=0.649 v_rec_bal=0.583 | lr=8.7e-05 | 108.7s
  Fold 2 | Ep  27/100 | t_loss=0.0160 t_acc=0.985 | v_win_bal=0.631 v_rec_bal=0.583 | lr=8.6e-05 | 111.9s
  Fold 2 | Ep  28/100 | t_loss=0.0158 t_acc=0.984 | v_win_bal=0.618 v_rec_bal=0.583 | lr=8.4e-05 | 115.4s
  Fold 2 | Ep  29/100 | t_loss=0.0125 t_acc=0.988 | v_win_bal=0.564 v_rec_bal=0.517 | lr=8.3e-05 | 116.0s
  Early stop at epoch 29
  -> Test (best @ epoch 7): acc=0.5385, bal_acc=0.5833

============================================================
Fold 3/5
============================================================
  Train:  40 samples, 10 subjects [2, 5, 6, 8, 9, 10, 11, 12, 17, 18], label_0=28, label_1=12
    Val:  14 samples,  4 subjects [1, 4, 14, 16], label_0=9, label_1=5
   Test:  16 samples,  3 subjects [3, 7, 13], label_0=10, label_1=6
  Building window datasets...
    WindowDataset: 6302 windows (class_0=2222, class_1=4080)
    WindowDataset: 1103 windows (class_0=786, class_1=317)
    WindowDataset: 1204 windows (class_0=834, class_1=370)
[CBraMod] Loaded 209/209 params from weights/cbramod-base/pretrained_weights.pth
  Fold 3 | Ep   1/100 | t_loss=0.1582 t_acc=0.568 | v_win_bal=0.601 v_rec_bal=0.556 | lr=3.3e-05 | 110.0s
  Fold 3 | Ep   2/100 | t_loss=0.0950 t_acc=0.845 | v_win_bal=0.656 v_rec_bal=0.700 | lr=6.7e-05 | 106.6s
  Fold 3 | Ep   3/100 | t_loss=0.0864 t_acc=0.866 | v_win_bal=0.651 v_rec_bal=0.644 | lr=1.0e-04 | 108.3s
  Fold 3 | Ep   4/100 | t_loss=0.0744 t_acc=0.892 | v_win_bal=0.733 v_rec_bal=0.733 | lr=1.0e-04 | 109.4s
  Fold 3 | Ep   5/100 | t_loss=0.0614 t_acc=0.911 | v_win_bal=0.690 v_rec_bal=0.611 | lr=1.0e-04 | 110.2s
  Fold 3 | Ep   6/100 | t_loss=0.0526 t_acc=0.925 | v_win_bal=0.725 v_rec_bal=0.889 | lr=1.0e-04 | 102.8s
  Fold 3 | Ep   7/100 | t_loss=0.0418 t_acc=0.945 | v_win_bal=0.736 v_rec_bal=0.633 | lr=1.0e-04 | 104.1s
  Fold 3 | Ep   8/100 | t_loss=0.0338 t_acc=0.963 | v_win_bal=0.709 v_rec_bal=0.700 | lr=9.9e-05 | 113.0s
  Fold 3 | Ep   9/100 | t_loss=0.0342 t_acc=0.958 | v_win_bal=0.712 v_rec_bal=0.800 | lr=9.9e-05 | 106.7s
  Fold 3 | Ep  10/100 | t_loss=0.0381 t_acc=0.956 | v_win_bal=0.690 v_rec_bal=0.700 | lr=9.9e-05 | 108.6s
  Fold 3 | Ep  11/100 | t_loss=0.0294 t_acc=0.969 | v_win_bal=0.561 v_rec_bal=0.467 | lr=9.8e-05 | 104.0s
  Fold 3 | Ep  12/100 | t_loss=0.0306 t_acc=0.966 | v_win_bal=0.716 v_rec_bal=0.733 | lr=9.8e-05 | 105.9s
  Fold 3 | Ep  13/100 | t_loss=0.0237 t_acc=0.975 | v_win_bal=0.544 v_rec_bal=0.367 | lr=9.7e-05 | 109.4s
  Fold 3 | Ep  14/100 | t_loss=0.0222 t_acc=0.979 | v_win_bal=0.757 v_rec_bal=0.744 | lr=9.7e-05 | 106.5s
  Fold 3 | Ep  15/100 | t_loss=0.0190 t_acc=0.985 | v_win_bal=0.676 v_rec_bal=0.644 | lr=9.6e-05 | 112.2s
  Fold 3 | Ep  16/100 | t_loss=0.0126 t_acc=0.989 | v_win_bal=0.660 v_rec_bal=0.622 | lr=9.6e-05 | 104.6s
  Fold 3 | Ep  17/100 | t_loss=0.0162 t_acc=0.985 | v_win_bal=0.658 v_rec_bal=0.589 | lr=9.5e-05 | 106.4s
  Fold 3 | Ep  18/100 | t_loss=0.0157 t_acc=0.986 | v_win_bal=0.770 v_rec_bal=0.844 | lr=9.4e-05 | 110.8s
  Fold 3 | Ep  19/100 | t_loss=0.0123 t_acc=0.989 | v_win_bal=0.672 v_rec_bal=0.633 | lr=9.3e-05 | 106.1s
  Fold 3 | Ep  20/100 | t_loss=0.0151 t_acc=0.988 | v_win_bal=0.612 v_rec_bal=0.644 | lr=9.3e-05 | 108.8s
  Fold 3 | Ep  21/100 | t_loss=0.0107 t_acc=0.991 | v_win_bal=0.758 v_rec_bal=0.789 | lr=9.2e-05 | 102.4s
  Fold 3 | Ep  22/100 | t_loss=0.0139 t_acc=0.988 | v_win_bal=0.716 v_rec_bal=0.644 | lr=9.1e-05 | 106.9s
  Fold 3 | Ep  23/100 | t_loss=0.0130 t_acc=0.989 | v_win_bal=0.732 v_rec_bal=0.733 | lr=9.0e-05 | 110.1s
  Fold 3 | Ep  24/100 | t_loss=0.0149 t_acc=0.986 | v_win_bal=0.730 v_rec_bal=0.644 | lr=8.9e-05 | 119.5s
  Fold 3 | Ep  25/100 | t_loss=0.0070 t_acc=0.995 | v_win_bal=0.687 v_rec_bal=0.678 | lr=8.8e-05 | 128.5s
  Fold 3 | Ep  26/100 | t_loss=0.0084 t_acc=0.994 | v_win_bal=0.722 v_rec_bal=0.789 | lr=8.7e-05 | 120.8s
  Early stop at epoch 26
  -> Test (best @ epoch 6): acc=0.6250, bal_acc=0.5000

============================================================
Fold 4/5
============================================================
  Train:  42 samples, 10 subjects [1, 3, 4, 5, 7, 8, 9, 10, 16, 18], label_0=28, label_1=14
    Val:  16 samples,  3 subjects [6, 11, 13], label_0=10, label_1=6
   Test:  12 samples,  4 subjects [2, 12, 14, 17], label_0=9, label_1=3
  Building window datasets...
    WindowDataset: 5618 windows (class_0=1864, class_1=3754)
    WindowDataset: 1419 windows (class_0=838, class_1=581)
    WindowDataset: 1326 windows (class_0=1140, class_1=186)
[CBraMod] Loaded 209/209 params from weights/cbramod-base/pretrained_weights.pth
  Fold 4 | Ep   1/100 | t_loss=0.1616 t_acc=0.654 | v_win_bal=0.649 v_rec_bal=0.550 | lr=3.3e-05 | 119.4s
  Fold 4 | Ep   2/100 | t_loss=0.1405 t_acc=0.765 | v_win_bal=0.697 v_rec_bal=0.533 | lr=6.7e-05 | 116.3s
  Fold 4 | Ep   3/100 | t_loss=0.1373 t_acc=0.762 | v_win_bal=0.720 v_rec_bal=0.517 | lr=1.0e-04 | 114.8s
  Fold 4 | Ep   4/100 | t_loss=0.1212 t_acc=0.782 | v_win_bal=0.607 v_rec_bal=0.583 | lr=1.0e-04 | 112.2s
  Fold 4 | Ep   5/100 | t_loss=0.1089 t_acc=0.821 | v_win_bal=0.751 v_rec_bal=0.733 | lr=1.0e-04 | 115.7s
  Fold 4 | Ep   6/100 | t_loss=0.0973 t_acc=0.842 | v_win_bal=0.660 v_rec_bal=0.533 | lr=1.0e-04 | 116.0s
  Fold 4 | Ep   7/100 | t_loss=0.0697 t_acc=0.899 | v_win_bal=0.663 v_rec_bal=0.567 | lr=1.0e-04 | 112.2s
  Fold 4 | Ep   8/100 | t_loss=0.0533 t_acc=0.926 | v_win_bal=0.691 v_rec_bal=0.717 | lr=9.9e-05 | 113.1s
  Fold 4 | Ep   9/100 | t_loss=0.0535 t_acc=0.922 | v_win_bal=0.690 v_rec_bal=0.617 | lr=9.9e-05 | 113.9s
  Fold 4 | Ep  10/100 | t_loss=0.0463 t_acc=0.948 | v_win_bal=0.665 v_rec_bal=0.617 | lr=9.9e-05 | 117.0s
  Fold 4 | Ep  11/100 | t_loss=0.0422 t_acc=0.949 | v_win_bal=0.601 v_rec_bal=0.500 | lr=9.8e-05 | 118.8s
  Fold 4 | Ep  12/100 | t_loss=0.0417 t_acc=0.952 | v_win_bal=0.699 v_rec_bal=0.583 | lr=9.8e-05 | 116.9s
  Fold 4 | Ep  13/100 | t_loss=0.0346 t_acc=0.962 | v_win_bal=0.665 v_rec_bal=0.650 | lr=9.7e-05 | 116.2s
  Fold 4 | Ep  14/100 | t_loss=0.0294 t_acc=0.968 | v_win_bal=0.674 v_rec_bal=0.583 | lr=9.7e-05 | 114.3s
  Fold 4 | Ep  15/100 | t_loss=0.0318 t_acc=0.969 | v_win_bal=0.763 v_rec_bal=0.867 | lr=9.6e-05 | 115.8s
  Fold 4 | Ep  16/100 | t_loss=0.0279 t_acc=0.976 | v_win_bal=0.733 v_rec_bal=0.867 | lr=9.6e-05 | 116.9s
  Fold 4 | Ep  17/100 | t_loss=0.0264 t_acc=0.972 | v_win_bal=0.721 v_rec_bal=0.767 | lr=9.5e-05 | 114.7s
  Fold 4 | Ep  18/100 | t_loss=0.0330 t_acc=0.971 | v_win_bal=0.788 v_rec_bal=0.950 | lr=9.4e-05 | 115.3s
  Fold 4 | Ep  19/100 | t_loss=0.0256 t_acc=0.979 | v_win_bal=0.717 v_rec_bal=0.900 | lr=9.3e-05 | 111.9s
  Fold 4 | Ep  20/100 | t_loss=0.0209 t_acc=0.984 | v_win_bal=0.801 v_rec_bal=0.950 | lr=9.3e-05 | 114.5s
  Fold 4 | Ep  21/100 | t_loss=0.0202 t_acc=0.981 | v_win_bal=0.765 v_rec_bal=0.867 | lr=9.2e-05 | 117.9s
  Fold 4 | Ep  22/100 | t_loss=0.0277 t_acc=0.976 | v_win_bal=0.804 v_rec_bal=0.900 | lr=9.1e-05 | 118.9s
  Fold 4 | Ep  23/100 | t_loss=0.0335 t_acc=0.970 | v_win_bal=0.734 v_rec_bal=0.783 | lr=9.0e-05 | 117.5s
  Fold 4 | Ep  24/100 | t_loss=0.0186 t_acc=0.987 | v_win_bal=0.771 v_rec_bal=0.900 | lr=8.9e-05 | 114.3s
  Fold 4 | Ep  25/100 | t_loss=0.0168 t_acc=0.985 | v_win_bal=0.739 v_rec_bal=0.833 | lr=8.8e-05 | 113.8s
  Fold 4 | Ep  26/100 | t_loss=0.0209 t_acc=0.984 | v_win_bal=0.781 v_rec_bal=0.950 | lr=8.7e-05 | 113.4s
  Fold 4 | Ep  27/100 | t_loss=0.0165 t_acc=0.987 | v_win_bal=0.766 v_rec_bal=0.950 | lr=8.6e-05 | 114.9s
  Fold 4 | Ep  28/100 | t_loss=0.0210 t_acc=0.983 | v_win_bal=0.778 v_rec_bal=0.867 | lr=8.4e-05 | 115.6s
  Fold 4 | Ep  29/100 | t_loss=0.0261 t_acc=0.985 | v_win_bal=0.732 v_rec_bal=0.783 | lr=8.3e-05 | 114.2s
  Fold 4 | Ep  30/100 | t_loss=0.0141 t_acc=0.989 | v_win_bal=0.768 v_rec_bal=0.850 | lr=8.2e-05 | 113.3s
  Fold 4 | Ep  31/100 | t_loss=0.0142 t_acc=0.991 | v_win_bal=0.746 v_rec_bal=0.900 | lr=8.1e-05 | 111.2s
  Fold 4 | Ep  32/100 | t_loss=0.0156 t_acc=0.990 | v_win_bal=0.725 v_rec_bal=0.783 | lr=8.0e-05 | 116.4s
  Fold 4 | Ep  33/100 | t_loss=0.0130 t_acc=0.989 | v_win_bal=0.772 v_rec_bal=0.900 | lr=7.8e-05 | 113.1s
  Fold 4 | Ep  34/100 | t_loss=0.0113 t_acc=0.994 | v_win_bal=0.768 v_rec_bal=0.917 | lr=7.7e-05 | 120.2s
  Fold 4 | Ep  35/100 | t_loss=0.0068 t_acc=0.995 | v_win_bal=0.786 v_rec_bal=0.900 | lr=7.5e-05 | 116.5s
  Fold 4 | Ep  36/100 | t_loss=0.0113 t_acc=0.993 | v_win_bal=0.741 v_rec_bal=0.700 | lr=7.4e-05 | 113.5s
  Fold 4 | Ep  37/100 | t_loss=0.0125 t_acc=0.991 | v_win_bal=0.789 v_rec_bal=1.000 | lr=7.3e-05 | 115.7s
  Fold 4 | Ep  38/100 | t_loss=0.0103 t_acc=0.994 | v_win_bal=0.780 v_rec_bal=0.950 | lr=7.1e-05 | 115.4s
  Fold 4 | Ep  39/100 | t_loss=0.0136 t_acc=0.991 | v_win_bal=0.729 v_rec_bal=0.850 | lr=7.0e-05 | 115.5s
  Fold 4 | Ep  40/100 | t_loss=0.0059 t_acc=0.996 | v_win_bal=0.715 v_rec_bal=0.867 | lr=6.8e-05 | 116.0s
  Early stop at epoch 40
  -> Test (best @ epoch 37): acc=0.6667, bal_acc=0.4444

============================================================
Fold 5/5
============================================================
  Train:  39 samples, 11 subjects [1, 2, 4, 5, 8, 9, 10, 12, 14, 16, 17], label_0=28, label_1=11
    Val:  16 samples,  3 subjects [3, 7, 13], label_0=10, label_1=6
   Test:  15 samples,  3 subjects [6, 11, 18], label_0=9, label_1=6
  Building window datasets...
    WindowDataset: 5488 windows (class_0=2461, class_1=3027)
    WindowDataset: 1204 windows (class_0=834, class_1=370)
    WindowDataset: 1128 windows (class_0=547, class_1=581)
[CBraMod] Loaded 209/209 params from weights/cbramod-base/pretrained_weights.pth
  Fold 5 | Ep   1/100 | t_loss=0.1636 t_acc=0.596 | v_win_bal=0.776 v_rec_bal=0.833 | lr=3.3e-05 | 108.5s
  Fold 5 | Ep   2/100 | t_loss=0.1092 t_acc=0.808 | v_win_bal=0.475 v_rec_bal=0.500 | lr=6.7e-05 | 109.6s
  Fold 5 | Ep   3/100 | t_loss=0.0727 t_acc=0.891 | v_win_bal=0.469 v_rec_bal=0.500 | lr=1.0e-04 | 110.4s
  Fold 5 | Ep   4/100 | t_loss=0.0707 t_acc=0.897 | v_win_bal=0.492 v_rec_bal=0.500 | lr=1.0e-04 | 106.1s
  Fold 5 | Ep   5/100 | t_loss=0.0571 t_acc=0.919 | v_win_bal=0.420 v_rec_bal=0.500 | lr=1.0e-04 | 109.4s
  Fold 5 | Ep   6/100 | t_loss=0.0473 t_acc=0.936 | v_win_bal=0.443 v_rec_bal=0.500 | lr=1.0e-04 | 107.3s
  Fold 5 | Ep   7/100 | t_loss=0.0450 t_acc=0.939 | v_win_bal=0.435 v_rec_bal=0.500 | lr=1.0e-04 | 109.6s
  Fold 5 | Ep   8/100 | t_loss=0.0375 t_acc=0.953 | v_win_bal=0.409 v_rec_bal=0.450 | lr=9.9e-05 | 102.8s
  Fold 5 | Ep   9/100 | t_loss=0.0472 t_acc=0.942 | v_win_bal=0.419 v_rec_bal=0.433 | lr=9.9e-05 | 104.6s
  Fold 5 | Ep  10/100 | t_loss=0.0394 t_acc=0.952 | v_win_bal=0.429 v_rec_bal=0.450 | lr=9.9e-05 | 105.3s
  Fold 5 | Ep  11/100 | t_loss=0.0367 t_acc=0.959 | v_win_bal=0.442 v_rec_bal=0.500 | lr=9.8e-05 | 109.2s
  Fold 5 | Ep  12/100 | t_loss=0.0331 t_acc=0.962 | v_win_bal=0.483 v_rec_bal=0.500 | lr=9.8e-05 | 109.1s
  Fold 5 | Ep  13/100 | t_loss=0.0278 t_acc=0.967 | v_win_bal=0.448 v_rec_bal=0.500 | lr=9.7e-05 | 111.6s
  Fold 5 | Ep  14/100 | t_loss=0.0237 t_acc=0.975 | v_win_bal=0.425 v_rec_bal=0.500 | lr=9.7e-05 | 114.0s
  Fold 5 | Ep  15/100 | t_loss=0.0288 t_acc=0.966 | v_win_bal=0.409 v_rec_bal=0.400 | lr=9.6e-05 | 108.4s
  Fold 5 | Ep  16/100 | t_loss=0.0192 t_acc=0.978 | v_win_bal=0.415 v_rec_bal=0.450 | lr=9.6e-05 | 107.0s
  Fold 5 | Ep  17/100 | t_loss=0.0270 t_acc=0.976 | v_win_bal=0.433 v_rec_bal=0.500 | lr=9.5e-05 | 107.4s
  Fold 5 | Ep  18/100 | t_loss=0.0226 t_acc=0.982 | v_win_bal=0.437 v_rec_bal=0.500 | lr=9.4e-05 | 109.4s
  Fold 5 | Ep  19/100 | t_loss=0.0153 t_acc=0.984 | v_win_bal=0.466 v_rec_bal=0.500 | lr=9.3e-05 | 109.9s
  Fold 5 | Ep  20/100 | t_loss=0.0165 t_acc=0.985 | v_win_bal=0.508 v_rec_bal=0.500 | lr=9.3e-05 | 109.4s
  Fold 5 | Ep  21/100 | t_loss=0.0152 t_acc=0.986 | v_win_bal=0.503 v_rec_bal=0.500 | lr=9.2e-05 | 112.0s
  Early stop at epoch 21
  -> Test (best @ epoch 1): acc=0.9333, bal_acc=0.9444

============================================================
Global Results (5-Fold, subject-level CV)
Mode: FT | Extractor: cbramod | Loss: focal
============================================================
              acc: 0.6286
          bal_acc: 0.6124
               f1: 0.6373
            kappa: 0.2108
  Total predictions: 70 (should equal dataset size: 70)

Results saved to results/hp_sweep/20260409_main/cbramod/cbramod_encoderlrscale1_lr1e-4_s2024/
