CMD: /raid/jupyter-linjimmy1003.md10/.conda/envs/stress/bin/python train_ft.py --extractor cbramod --seed 2024 --device cuda:2 --run-id hp_sweep/20260409_main/cbramod/cbramod_encoderlrscale0.1_lr3e-5_s2024 --mode ft --folds 5 --epochs 100 --patience 20 --batch-size 32 --label subject-dass --loss focal --head-hidden 128 --csv data/comprehensive_labels.csv --weight-decay 0.05 --grad-clip 2.0 --warmup-epochs 3 --aug-overlap 0.75 --norm none --encoder-lr-scale 0.1 --lr 3e-05

/raid/jupyter-linjimmy1003.md10/.conda/envs/stress/lib/python3.11/site-packages/timm/models/layers/__init__.py:49: FutureWarning: Importing from timm.models.layers is deprecated, please import via timm.layers
  warnings.warn(f"Importing from {__name__} is deprecated, please import via timm.layers", FutureWarning)
Mode: FT | Extractor: cbramod | Folds: 5
LR: 3e-05 | WD: 0.05 | Beta2: 0.999 | Grad clip: 2.0
Head: hidden=128, dropout=0.0 | Norm: none | Loss: focal
Full FT: encoder_lr_scale=0.1
Augmentation: 75% overlap for increase class

Results → results/hp_sweep/20260409_main/cbramod/cbramod_encoderlrscale0.1_lr3e-5_s2024/
Dataset: 70 recordings loaded (14 increase, 56 normal)
Cache: 70 recordings ready (70 cached, 0 new)
Subject-DASS labels: increase=23 (5 subjects), normal=47

============================================================
Fold 1/5
============================================================
  Train:  43 samples, 10 subjects [2, 3, 6, 7, 8, 10, 11, 12, 13, 14], label_0=28, label_1=15
    Val:  13 samples,  3 subjects [5, 17, 18], label_0=10, label_1=3
   Test:  14 samples,  4 subjects [1, 4, 9, 16], label_0=9, label_1=5
  Building window datasets...
    WindowDataset: 7346 windows (class_0=2539, class_1=4807)
    WindowDataset: 819 windows (class_0=633, class_1=186)
    WindowDataset: 987 windows (class_0=670, class_1=317)
[CBraMod] Loaded 209/209 params from weights/cbramod-base/pretrained_weights.pth
  Trainable parameters: 4,935,443
  Class weights: [1.4466325044631958, 0.7640940546989441]
  Fold 1 | Ep   1/100 | t_loss=0.1728 t_acc=0.418 | v_win_bal=0.472 v_rec_bal=0.500 | lr=1.0e-05 | 16.0s
  Fold 1 | Ep   2/100 | t_loss=0.1443 t_acc=0.784 | v_win_bal=0.227 v_rec_bal=0.200 | lr=2.0e-05 | 13.6s
  Fold 1 | Ep   3/100 | t_loss=0.0836 t_acc=0.875 | v_win_bal=0.236 v_rec_bal=0.150 | lr=3.0e-05 | 13.6s
  Fold 1 | Ep   4/100 | t_loss=0.0745 t_acc=0.895 | v_win_bal=0.193 v_rec_bal=0.200 | lr=3.0e-05 | 13.6s
  Fold 1 | Ep   5/100 | t_loss=0.0716 t_acc=0.900 | v_win_bal=0.196 v_rec_bal=0.200 | lr=3.0e-05 | 13.7s
  Fold 1 | Ep   6/100 | t_loss=0.0674 t_acc=0.914 | v_win_bal=0.208 v_rec_bal=0.200 | lr=3.0e-05 | 13.5s
  Fold 1 | Ep   7/100 | t_loss=0.0674 t_acc=0.909 | v_win_bal=0.227 v_rec_bal=0.200 | lr=3.0e-05 | 13.5s
  Fold 1 | Ep   8/100 | t_loss=0.0643 t_acc=0.919 | v_win_bal=0.215 v_rec_bal=0.200 | lr=3.0e-05 | 13.6s
  Fold 1 | Ep   9/100 | t_loss=0.0638 t_acc=0.920 | v_win_bal=0.261 v_rec_bal=0.250 | lr=3.0e-05 | 13.5s
  Fold 1 | Ep  10/100 | t_loss=0.0623 t_acc=0.918 | v_win_bal=0.271 v_rec_bal=0.250 | lr=3.0e-05 | 13.9s
  Fold 1 | Ep  11/100 | t_loss=0.0626 t_acc=0.919 | v_win_bal=0.300 v_rec_bal=0.300 | lr=2.9e-05 | 13.5s
  Fold 1 | Ep  12/100 | t_loss=0.0609 t_acc=0.922 | v_win_bal=0.276 v_rec_bal=0.250 | lr=2.9e-05 | 13.6s
  Fold 1 | Ep  13/100 | t_loss=0.0590 t_acc=0.925 | v_win_bal=0.273 v_rec_bal=0.250 | lr=2.9e-05 | 13.6s
  Fold 1 | Ep  14/100 | t_loss=0.0588 t_acc=0.924 | v_win_bal=0.329 v_rec_bal=0.300 | lr=2.9e-05 | 13.5s
  Fold 1 | Ep  15/100 | t_loss=0.0571 t_acc=0.925 | v_win_bal=0.357 v_rec_bal=0.300 | lr=2.9e-05 | 13.6s
  Fold 1 | Ep  16/100 | t_loss=0.0577 t_acc=0.925 | v_win_bal=0.316 v_rec_bal=0.300 | lr=2.9e-05 | 13.5s
  Fold 1 | Ep  17/100 | t_loss=0.0550 t_acc=0.927 | v_win_bal=0.335 v_rec_bal=0.300 | lr=2.8e-05 | 13.5s
  Fold 1 | Ep  18/100 | t_loss=0.0543 t_acc=0.927 | v_win_bal=0.352 v_rec_bal=0.300 | lr=2.8e-05 | 13.6s
  Fold 1 | Ep  19/100 | t_loss=0.0536 t_acc=0.925 | v_win_bal=0.379 v_rec_bal=0.300 | lr=2.8e-05 | 13.7s
  Fold 1 | Ep  20/100 | t_loss=0.0525 t_acc=0.929 | v_win_bal=0.399 v_rec_bal=0.500 | lr=2.8e-05 | 13.5s
  Fold 1 | Ep  21/100 | t_loss=0.0509 t_acc=0.927 | v_win_bal=0.430 v_rec_bal=0.500 | lr=2.8e-05 | 13.7s
  Early stop at epoch 21
  -> Test (best @ epoch 1): acc=0.6429, bal_acc=0.5000

============================================================
Fold 2/5
============================================================
  Train:  41 samples, 11 subjects [1, 2, 4, 9, 11, 12, 13, 14, 16, 17, 18], label_0=27, label_1=14
    Val:  16 samples,  3 subjects [3, 6, 7], label_0=10, label_1=6
   Test:  13 samples,  3 subjects [5, 8, 10], label_0=10, label_1=3
  Building window datasets...
    WindowDataset: 6895 windows (class_0=2601, class_1=4294)
    WindowDataset: 960 windows (class_0=590, class_1=370)
    WindowDataset: 913 windows (class_0=651, class_1=262)
[CBraMod] Loaded 209/209 params from weights/cbramod-base/pretrained_weights.pth
  Fold 2 | Ep   1/100 | t_loss=0.1739 t_acc=0.379 | v_win_bal=0.402 v_rec_bal=0.250 | lr=1.0e-05 | 13.2s
  Fold 2 | Ep   2/100 | t_loss=0.1653 t_acc=0.679 | v_win_bal=0.597 v_rec_bal=0.633 | lr=2.0e-05 | 13.2s
  Fold 2 | Ep   3/100 | t_loss=0.1292 t_acc=0.747 | v_win_bal=0.587 v_rec_bal=0.600 | lr=3.0e-05 | 13.4s
  Fold 2 | Ep   4/100 | t_loss=0.1083 t_acc=0.804 | v_win_bal=0.636 v_rec_bal=0.650 | lr=3.0e-05 | 13.2s
  Fold 2 | Ep   5/100 | t_loss=0.0978 t_acc=0.827 | v_win_bal=0.714 v_rec_bal=0.750 | lr=3.0e-05 | 13.2s
  Fold 2 | Ep   6/100 | t_loss=0.0942 t_acc=0.836 | v_win_bal=0.714 v_rec_bal=0.750 | lr=3.0e-05 | 13.4s
  Fold 2 | Ep   7/100 | t_loss=0.0898 t_acc=0.848 | v_win_bal=0.737 v_rec_bal=0.750 | lr=3.0e-05 | 13.2s
  Fold 2 | Ep   8/100 | t_loss=0.0882 t_acc=0.858 | v_win_bal=0.735 v_rec_bal=0.750 | lr=3.0e-05 | 13.2s
  Fold 2 | Ep   9/100 | t_loss=0.0829 t_acc=0.862 | v_win_bal=0.700 v_rec_bal=0.767 | lr=3.0e-05 | 13.2s
  Fold 2 | Ep  10/100 | t_loss=0.0787 t_acc=0.871 | v_win_bal=0.658 v_rec_bal=0.767 | lr=3.0e-05 | 13.2s
  Fold 2 | Ep  11/100 | t_loss=0.0745 t_acc=0.880 | v_win_bal=0.590 v_rec_bal=0.617 | lr=2.9e-05 | 13.3s
  Fold 2 | Ep  12/100 | t_loss=0.0734 t_acc=0.884 | v_win_bal=0.589 v_rec_bal=0.583 | lr=2.9e-05 | 13.2s
  Fold 2 | Ep  13/100 | t_loss=0.0710 t_acc=0.883 | v_win_bal=0.588 v_rec_bal=0.583 | lr=2.9e-05 | 13.7s
  Fold 2 | Ep  14/100 | t_loss=0.0693 t_acc=0.890 | v_win_bal=0.575 v_rec_bal=0.583 | lr=2.9e-05 | 13.2s
  Fold 2 | Ep  15/100 | t_loss=0.0684 t_acc=0.892 | v_win_bal=0.577 v_rec_bal=0.583 | lr=2.9e-05 | 13.3s
  Fold 2 | Ep  16/100 | t_loss=0.0673 t_acc=0.892 | v_win_bal=0.595 v_rec_bal=0.583 | lr=2.9e-05 | 13.2s
  Fold 2 | Ep  17/100 | t_loss=0.0675 t_acc=0.894 | v_win_bal=0.591 v_rec_bal=0.583 | lr=2.8e-05 | 13.2s
  Fold 2 | Ep  18/100 | t_loss=0.0648 t_acc=0.900 | v_win_bal=0.588 v_rec_bal=0.583 | lr=2.8e-05 | 13.2s
  Fold 2 | Ep  19/100 | t_loss=0.0671 t_acc=0.896 | v_win_bal=0.585 v_rec_bal=0.583 | lr=2.8e-05 | 13.5s
  Fold 2 | Ep  20/100 | t_loss=0.0645 t_acc=0.900 | v_win_bal=0.581 v_rec_bal=0.583 | lr=2.8e-05 | 13.2s
  Fold 2 | Ep  21/100 | t_loss=0.0634 t_acc=0.900 | v_win_bal=0.595 v_rec_bal=0.583 | lr=2.8e-05 | 13.2s
  Fold 2 | Ep  22/100 | t_loss=0.0624 t_acc=0.906 | v_win_bal=0.594 v_rec_bal=0.583 | lr=2.7e-05 | 13.4s
  Fold 2 | Ep  23/100 | t_loss=0.0630 t_acc=0.903 | v_win_bal=0.585 v_rec_bal=0.583 | lr=2.7e-05 | 13.2s
  Fold 2 | Ep  24/100 | t_loss=0.0612 t_acc=0.905 | v_win_bal=0.600 v_rec_bal=0.583 | lr=2.7e-05 | 13.2s
  Fold 2 | Ep  25/100 | t_loss=0.0626 t_acc=0.901 | v_win_bal=0.581 v_rec_bal=0.583 | lr=2.6e-05 | 13.2s
  Fold 2 | Ep  26/100 | t_loss=0.0624 t_acc=0.905 | v_win_bal=0.586 v_rec_bal=0.583 | lr=2.6e-05 | 13.2s
  Fold 2 | Ep  27/100 | t_loss=0.0629 t_acc=0.902 | v_win_bal=0.574 v_rec_bal=0.583 | lr=2.6e-05 | 13.2s
  Fold 2 | Ep  28/100 | t_loss=0.0617 t_acc=0.905 | v_win_bal=0.574 v_rec_bal=0.583 | lr=2.5e-05 | 13.2s
  Fold 2 | Ep  29/100 | t_loss=0.0601 t_acc=0.910 | v_win_bal=0.562 v_rec_bal=0.583 | lr=2.5e-05 | 13.2s
  Fold 2 | Ep  30/100 | t_loss=0.0591 t_acc=0.908 | v_win_bal=0.551 v_rec_bal=0.583 | lr=2.5e-05 | 13.2s
  Early stop at epoch 30
  -> Test (best @ epoch 9): acc=0.1538, bal_acc=0.3333

============================================================
Fold 3/5
============================================================
  Train:  40 samples, 10 subjects [2, 5, 6, 8, 9, 10, 11, 12, 17, 18], label_0=28, label_1=12
    Val:  14 samples,  4 subjects [1, 4, 14, 16], label_0=9, label_1=5
   Test:  16 samples,  3 subjects [3, 7, 13], label_0=10, label_1=6
  Building window datasets...
    WindowDataset: 6302 windows (class_0=2222, class_1=4080)
    WindowDataset: 1103 windows (class_0=786, class_1=317)
    WindowDataset: 1204 windows (class_0=834, class_1=370)
[CBraMod] Loaded 209/209 params from weights/cbramod-base/pretrained_weights.pth
  Fold 3 | Ep   1/100 | t_loss=0.1759 t_acc=0.647 | v_win_bal=0.541 v_rec_bal=0.500 | lr=1.0e-05 | 12.3s
  Fold 3 | Ep   2/100 | t_loss=0.1706 t_acc=0.553 | v_win_bal=0.557 v_rec_bal=0.456 | lr=2.0e-05 | 12.3s
  Fold 3 | Ep   3/100 | t_loss=0.1562 t_acc=0.678 | v_win_bal=0.500 v_rec_bal=0.500 | lr=3.0e-05 | 12.3s
  Fold 3 | Ep   4/100 | t_loss=0.1344 t_acc=0.739 | v_win_bal=0.511 v_rec_bal=0.500 | lr=3.0e-05 | 13.2s
  Fold 3 | Ep   5/100 | t_loss=0.1199 t_acc=0.789 | v_win_bal=0.559 v_rec_bal=0.500 | lr=3.0e-05 | 12.3s
  Fold 3 | Ep   6/100 | t_loss=0.1088 t_acc=0.819 | v_win_bal=0.580 v_rec_bal=0.556 | lr=3.0e-05 | 12.3s
  Fold 3 | Ep   7/100 | t_loss=0.0983 t_acc=0.840 | v_win_bal=0.548 v_rec_bal=0.511 | lr=3.0e-05 | 12.3s
  Fold 3 | Ep   8/100 | t_loss=0.0933 t_acc=0.849 | v_win_bal=0.490 v_rec_bal=0.311 | lr=3.0e-05 | 12.5s
  Fold 3 | Ep   9/100 | t_loss=0.0859 t_acc=0.862 | v_win_bal=0.506 v_rec_bal=0.367 | lr=3.0e-05 | 12.9s
  Fold 3 | Ep  10/100 | t_loss=0.0843 t_acc=0.864 | v_win_bal=0.508 v_rec_bal=0.489 | lr=3.0e-05 | 13.1s
  Fold 3 | Ep  11/100 | t_loss=0.0815 t_acc=0.871 | v_win_bal=0.492 v_rec_bal=0.444 | lr=2.9e-05 | 12.8s
  Fold 3 | Ep  12/100 | t_loss=0.0768 t_acc=0.880 | v_win_bal=0.532 v_rec_bal=0.489 | lr=2.9e-05 | 12.9s
  Fold 3 | Ep  13/100 | t_loss=0.0769 t_acc=0.881 | v_win_bal=0.491 v_rec_bal=0.444 | lr=2.9e-05 | 13.3s
  Fold 3 | Ep  14/100 | t_loss=0.0761 t_acc=0.886 | v_win_bal=0.495 v_rec_bal=0.500 | lr=2.9e-05 | 12.9s
  Fold 3 | Ep  15/100 | t_loss=0.0743 t_acc=0.884 | v_win_bal=0.465 v_rec_bal=0.444 | lr=2.9e-05 | 12.9s
  Fold 3 | Ep  16/100 | t_loss=0.0735 t_acc=0.891 | v_win_bal=0.486 v_rec_bal=0.444 | lr=2.9e-05 | 12.5s
  Fold 3 | Ep  17/100 | t_loss=0.0725 t_acc=0.890 | v_win_bal=0.469 v_rec_bal=0.389 | lr=2.8e-05 | 12.5s
  Fold 3 | Ep  18/100 | t_loss=0.0700 t_acc=0.897 | v_win_bal=0.449 v_rec_bal=0.333 | lr=2.8e-05 | 12.5s
  Fold 3 | Ep  19/100 | t_loss=0.0691 t_acc=0.896 | v_win_bal=0.463 v_rec_bal=0.333 | lr=2.8e-05 | 12.5s
  Fold 3 | Ep  20/100 | t_loss=0.0688 t_acc=0.899 | v_win_bal=0.465 v_rec_bal=0.389 | lr=2.8e-05 | 12.3s
  Fold 3 | Ep  21/100 | t_loss=0.0673 t_acc=0.897 | v_win_bal=0.464 v_rec_bal=0.389 | lr=2.8e-05 | 12.3s
  Fold 3 | Ep  22/100 | t_loss=0.0663 t_acc=0.900 | v_win_bal=0.436 v_rec_bal=0.333 | lr=2.7e-05 | 12.3s
  Fold 3 | Ep  23/100 | t_loss=0.0657 t_acc=0.904 | v_win_bal=0.442 v_rec_bal=0.278 | lr=2.7e-05 | 12.3s
  Fold 3 | Ep  24/100 | t_loss=0.0643 t_acc=0.903 | v_win_bal=0.458 v_rec_bal=0.322 | lr=2.7e-05 | 12.3s
  Fold 3 | Ep  25/100 | t_loss=0.0622 t_acc=0.905 | v_win_bal=0.467 v_rec_bal=0.322 | lr=2.6e-05 | 12.3s
  Fold 3 | Ep  26/100 | t_loss=0.0627 t_acc=0.907 | v_win_bal=0.466 v_rec_bal=0.322 | lr=2.6e-05 | 12.7s
  Fold 3 | Ep  27/100 | t_loss=0.0619 t_acc=0.905 | v_win_bal=0.457 v_rec_bal=0.267 | lr=2.6e-05 | 13.5s
  Early stop at epoch 27
  -> Test (best @ epoch 6): acc=0.3125, bal_acc=0.2500

============================================================
Fold 4/5
============================================================
  Train:  42 samples, 10 subjects [1, 3, 4, 5, 7, 8, 9, 10, 16, 18], label_0=28, label_1=14
    Val:  16 samples,  3 subjects [6, 11, 13], label_0=10, label_1=6
   Test:  12 samples,  4 subjects [2, 12, 14, 17], label_0=9, label_1=3
  Building window datasets...
    WindowDataset: 5618 windows (class_0=1864, class_1=3754)
    WindowDataset: 1419 windows (class_0=838, class_1=581)
    WindowDataset: 1326 windows (class_0=1140, class_1=186)
[CBraMod] Loaded 209/209 params from weights/cbramod-base/pretrained_weights.pth
  Fold 4 | Ep   1/100 | t_loss=0.1748 t_acc=0.332 | v_win_bal=0.500 v_rec_bal=0.500 | lr=1.0e-05 | 12.1s
  Fold 4 | Ep   2/100 | t_loss=0.1725 t_acc=0.468 | v_win_bal=0.677 v_rec_bal=0.700 | lr=2.0e-05 | 12.3s
  Fold 4 | Ep   3/100 | t_loss=0.1598 t_acc=0.681 | v_win_bal=0.638 v_rec_bal=0.383 | lr=3.0e-05 | 11.6s
  Fold 4 | Ep   4/100 | t_loss=0.1431 t_acc=0.751 | v_win_bal=0.696 v_rec_bal=0.600 | lr=3.0e-05 | 11.5s
  Fold 4 | Ep   5/100 | t_loss=0.1383 t_acc=0.774 | v_win_bal=0.761 v_rec_bal=0.700 | lr=3.0e-05 | 11.5s
  Fold 4 | Ep   6/100 | t_loss=0.1343 t_acc=0.786 | v_win_bal=0.757 v_rec_bal=0.583 | lr=3.0e-05 | 11.5s
  Fold 4 | Ep   7/100 | t_loss=0.1332 t_acc=0.791 | v_win_bal=0.697 v_rec_bal=0.583 | lr=3.0e-05 | 11.5s
  Fold 4 | Ep   8/100 | t_loss=0.1305 t_acc=0.796 | v_win_bal=0.706 v_rec_bal=0.583 | lr=3.0e-05 | 11.5s
  Fold 4 | Ep   9/100 | t_loss=0.1291 t_acc=0.804 | v_win_bal=0.661 v_rec_bal=0.583 | lr=3.0e-05 | 11.5s
  Fold 4 | Ep  10/100 | t_loss=0.1275 t_acc=0.808 | v_win_bal=0.636 v_rec_bal=0.583 | lr=3.0e-05 | 11.4s
  Fold 4 | Ep  11/100 | t_loss=0.1265 t_acc=0.810 | v_win_bal=0.616 v_rec_bal=0.583 | lr=2.9e-05 | 11.5s
  Fold 4 | Ep  12/100 | t_loss=0.1235 t_acc=0.815 | v_win_bal=0.595 v_rec_bal=0.500 | lr=2.9e-05 | 11.5s
  Fold 4 | Ep  13/100 | t_loss=0.1233 t_acc=0.812 | v_win_bal=0.587 v_rec_bal=0.500 | lr=2.9e-05 | 11.4s
  Fold 4 | Ep  14/100 | t_loss=0.1221 t_acc=0.813 | v_win_bal=0.565 v_rec_bal=0.500 | lr=2.9e-05 | 11.4s
  Fold 4 | Ep  15/100 | t_loss=0.1188 t_acc=0.819 | v_win_bal=0.565 v_rec_bal=0.500 | lr=2.9e-05 | 11.8s
  Fold 4 | Ep  16/100 | t_loss=0.1160 t_acc=0.819 | v_win_bal=0.541 v_rec_bal=0.500 | lr=2.9e-05 | 11.7s
  Fold 4 | Ep  17/100 | t_loss=0.1141 t_acc=0.820 | v_win_bal=0.521 v_rec_bal=0.500 | lr=2.8e-05 | 11.9s
  Fold 4 | Ep  18/100 | t_loss=0.1071 t_acc=0.828 | v_win_bal=0.505 v_rec_bal=0.500 | lr=2.8e-05 | 11.9s
  Fold 4 | Ep  19/100 | t_loss=0.1022 t_acc=0.837 | v_win_bal=0.500 v_rec_bal=0.500 | lr=2.8e-05 | 11.8s
  Fold 4 | Ep  20/100 | t_loss=0.0964 t_acc=0.849 | v_win_bal=0.500 v_rec_bal=0.500 | lr=2.8e-05 | 12.1s
  Fold 4 | Ep  21/100 | t_loss=0.0940 t_acc=0.847 | v_win_bal=0.500 v_rec_bal=0.500 | lr=2.8e-05 | 12.1s
  Fold 4 | Ep  22/100 | t_loss=0.0897 t_acc=0.851 | v_win_bal=0.500 v_rec_bal=0.500 | lr=2.7e-05 | 11.9s
  Fold 4 | Ep  23/100 | t_loss=0.0900 t_acc=0.854 | v_win_bal=0.500 v_rec_bal=0.500 | lr=2.7e-05 | 11.9s
  Fold 4 | Ep  24/100 | t_loss=0.0844 t_acc=0.864 | v_win_bal=0.500 v_rec_bal=0.500 | lr=2.7e-05 | 11.8s
  Fold 4 | Ep  25/100 | t_loss=0.0831 t_acc=0.866 | v_win_bal=0.500 v_rec_bal=0.500 | lr=2.6e-05 | 11.9s
  Fold 4 | Ep  26/100 | t_loss=0.0814 t_acc=0.873 | v_win_bal=0.500 v_rec_bal=0.500 | lr=2.6e-05 | 11.9s
  Early stop at epoch 26
  -> Test (best @ epoch 2): acc=0.5000, bal_acc=0.3333

============================================================
Fold 5/5
============================================================
  Train:  39 samples, 11 subjects [1, 2, 4, 5, 8, 9, 10, 12, 14, 16, 17], label_0=28, label_1=11
    Val:  16 samples,  3 subjects [3, 7, 13], label_0=10, label_1=6
   Test:  15 samples,  3 subjects [6, 11, 18], label_0=9, label_1=6
  Building window datasets...
    WindowDataset: 5488 windows (class_0=2461, class_1=3027)
    WindowDataset: 1204 windows (class_0=834, class_1=370)
    WindowDataset: 1128 windows (class_0=547, class_1=581)
[CBraMod] Loaded 209/209 params from weights/cbramod-base/pretrained_weights.pth
  Fold 5 | Ep   1/100 | t_loss=0.1742 t_acc=0.551 | v_win_bal=0.500 v_rec_bal=0.500 | lr=1.0e-05 | 11.3s
  Fold 5 | Ep   2/100 | t_loss=0.1724 t_acc=0.565 | v_win_bal=0.511 v_rec_bal=0.500 | lr=2.0e-05 | 11.3s
  Fold 5 | Ep   3/100 | t_loss=0.1621 t_acc=0.615 | v_win_bal=0.500 v_rec_bal=0.500 | lr=3.0e-05 | 11.3s
  Fold 5 | Ep   4/100 | t_loss=0.1456 t_acc=0.699 | v_win_bal=0.500 v_rec_bal=0.500 | lr=3.0e-05 | 10.9s
  Fold 5 | Ep   5/100 | t_loss=0.1356 t_acc=0.725 | v_win_bal=0.562 v_rec_bal=0.550 | lr=3.0e-05 | 11.0s
  Fold 5 | Ep   6/100 | t_loss=0.1093 t_acc=0.818 | v_win_bal=0.494 v_rec_bal=0.500 | lr=3.0e-05 | 11.0s
  Fold 5 | Ep   7/100 | t_loss=0.0866 t_acc=0.863 | v_win_bal=0.500 v_rec_bal=0.500 | lr=3.0e-05 | 11.0s
  Fold 5 | Ep   8/100 | t_loss=0.0768 t_acc=0.885 | v_win_bal=0.500 v_rec_bal=0.500 | lr=3.0e-05 | 11.1s
  Fold 5 | Ep   9/100 | t_loss=0.0742 t_acc=0.887 | v_win_bal=0.500 v_rec_bal=0.500 | lr=3.0e-05 | 11.4s
  Fold 5 | Ep  10/100 | t_loss=0.0680 t_acc=0.900 | v_win_bal=0.500 v_rec_bal=0.500 | lr=3.0e-05 | 11.4s
  Fold 5 | Ep  11/100 | t_loss=0.0637 t_acc=0.905 | v_win_bal=0.500 v_rec_bal=0.500 | lr=2.9e-05 | 11.4s
  Fold 5 | Ep  12/100 | t_loss=0.0642 t_acc=0.902 | v_win_bal=0.500 v_rec_bal=0.500 | lr=2.9e-05 | 11.4s
  Fold 5 | Ep  13/100 | t_loss=0.0615 t_acc=0.905 | v_win_bal=0.500 v_rec_bal=0.500 | lr=2.9e-05 | 11.1s
  Fold 5 | Ep  14/100 | t_loss=0.0600 t_acc=0.908 | v_win_bal=0.500 v_rec_bal=0.500 | lr=2.9e-05 | 11.3s
  Fold 5 | Ep  15/100 | t_loss=0.0594 t_acc=0.915 | v_win_bal=0.500 v_rec_bal=0.500 | lr=2.9e-05 | 11.2s
  Fold 5 | Ep  16/100 | t_loss=0.0568 t_acc=0.911 | v_win_bal=0.500 v_rec_bal=0.500 | lr=2.9e-05 | 11.8s
  Fold 5 | Ep  17/100 | t_loss=0.0537 t_acc=0.921 | v_win_bal=0.500 v_rec_bal=0.500 | lr=2.8e-05 | 11.5s
  Fold 5 | Ep  18/100 | t_loss=0.0537 t_acc=0.920 | v_win_bal=0.500 v_rec_bal=0.500 | lr=2.8e-05 | 11.4s
  Fold 5 | Ep  19/100 | t_loss=0.0538 t_acc=0.923 | v_win_bal=0.500 v_rec_bal=0.500 | lr=2.8e-05 | 11.4s
  Fold 5 | Ep  20/100 | t_loss=0.0520 t_acc=0.923 | v_win_bal=0.500 v_rec_bal=0.500 | lr=2.8e-05 | 11.7s
  Fold 5 | Ep  21/100 | t_loss=0.0520 t_acc=0.923 | v_win_bal=0.500 v_rec_bal=0.500 | lr=2.8e-05 | 11.4s
  Fold 5 | Ep  22/100 | t_loss=0.0511 t_acc=0.924 | v_win_bal=0.500 v_rec_bal=0.500 | lr=2.7e-05 | 11.7s
  Fold 5 | Ep  23/100 | t_loss=0.0498 t_acc=0.927 | v_win_bal=0.500 v_rec_bal=0.500 | lr=2.7e-05 | 11.9s
  Fold 5 | Ep  24/100 | t_loss=0.0527 t_acc=0.922 | v_win_bal=0.500 v_rec_bal=0.500 | lr=2.7e-05 | 11.9s
  Fold 5 | Ep  25/100 | t_loss=0.0503 t_acc=0.925 | v_win_bal=0.500 v_rec_bal=0.500 | lr=2.6e-05 | 11.5s
  Early stop at epoch 25
  -> Test (best @ epoch 5): acc=0.4667, bal_acc=0.5556

============================================================
Global Results (5-Fold, subject-level CV)
Mode: FT | Extractor: cbramod | Loss: focal
============================================================
              acc: 0.4143
          bal_acc: 0.3973
               f1: 0.4320
            kappa: -0.1830
  Total predictions: 70 (should equal dataset size: 70)

Results saved to results/hp_sweep/20260409_main/cbramod/cbramod_encoderlrscale0.1_lr3e-5_s2024/
