CMD: /raid/jupyter-linjimmy1003.md10/.conda/envs/stress/bin/python train_ft.py --extractor deepconvnet --seed 123 --device cuda:3 --run-id hp_sweep/20260409_main/deepconvnet/deepconvnet_dropout0.1_lr1e-3_s123 --mode ft --folds 5 --epochs 100 --patience 20 --batch-size 32 --label subject-dass --loss focal --head-hidden 128 --csv data/comprehensive_labels.csv --weight-decay 0.05 --grad-clip 2.0 --warmup-epochs 3 --aug-overlap 0.75 --norm zscore --dropout 0.1 --lr 0.001

/raid/jupyter-linjimmy1003.md10/.conda/envs/stress/lib/python3.11/site-packages/timm/models/layers/__init__.py:49: FutureWarning: Importing from timm.models.layers is deprecated, please import via timm.layers
  warnings.warn(f"Importing from {__name__} is deprecated, please import via timm.layers", FutureWarning)
Mode: FT | Extractor: deepconvnet | Folds: 5
LR: 0.001 | WD: 0.05 | Beta2: 0.999 | Grad clip: 2.0
Head: hidden=128, dropout=0.1 | Norm: zscore | Loss: focal
Full FT: encoder_lr_scale=0.1
Augmentation: 75% overlap for increase class

Results → results/hp_sweep/20260409_main/deepconvnet/deepconvnet_dropout0.1_lr1e-3_s123/
Dataset: 70 recordings loaded (14 increase, 56 normal)
Cache: 70 recordings ready (70 cached, 0 new)
Subject-DASS labels: increase=23 (5 subjects), normal=47

============================================================
Fold 1/5
============================================================
  Train:  43 samples, 10 subjects [2, 3, 4, 6, 7, 8, 9, 10, 11, 13], label_0=28, label_1=15
    Val:  13 samples,  3 subjects [12, 17, 18], label_0=10, label_1=3
   Test:  14 samples,  4 subjects [1, 5, 14, 16], label_0=9, label_1=5
  Building window datasets...
    WindowDataset: 6870 windows (class_0=2063, class_1=4807)
    WindowDataset: 1166 windows (class_0=980, class_1=186)
    WindowDataset: 1116 windows (class_0=799, class_1=317)
[DeepConvNet] F=(25,50,100,200) k_time=10 pool=3/3 T=1000 -> embed_dim=1400 (282,275 params)
  Trainable parameters: 641,318
  Class weights: [1.6650508642196655, 0.7145829200744629]
  Fold 1 | Ep   1/100 | t_loss=0.1887 t_acc=0.523 | v_win_bal=0.500 v_rec_bal=0.500 | lr=3.3e-04 | 4.3s
  Fold 1 | Ep   2/100 | t_loss=0.1586 t_acc=0.651 | v_win_bal=0.500 v_rec_bal=0.500 | lr=6.7e-04 | 1.6s
  Fold 1 | Ep   3/100 | t_loss=0.1275 t_acc=0.755 | v_win_bal=0.500 v_rec_bal=0.500 | lr=1.0e-03 | 1.8s
  Fold 1 | Ep   4/100 | t_loss=0.1015 t_acc=0.819 | v_win_bal=0.500 v_rec_bal=0.500 | lr=1.0e-03 | 1.5s
  Fold 1 | Ep   5/100 | t_loss=0.0824 t_acc=0.862 | v_win_bal=0.500 v_rec_bal=0.500 | lr=1.0e-03 | 1.6s
  Fold 1 | Ep   6/100 | t_loss=0.0701 t_acc=0.887 | v_win_bal=0.500 v_rec_bal=0.500 | lr=1.0e-03 | 1.7s
  Fold 1 | Ep   7/100 | t_loss=0.0588 t_acc=0.914 | v_win_bal=0.500 v_rec_bal=0.500 | lr=1.0e-03 | 1.5s
  Fold 1 | Ep   8/100 | t_loss=0.0445 t_acc=0.939 | v_win_bal=0.500 v_rec_bal=0.500 | lr=9.9e-04 | 1.6s
  Fold 1 | Ep   9/100 | t_loss=0.0386 t_acc=0.945 | v_win_bal=0.501 v_rec_bal=0.500 | lr=9.9e-04 | 1.6s
  Fold 1 | Ep  10/100 | t_loss=0.0346 t_acc=0.956 | v_win_bal=0.500 v_rec_bal=0.500 | lr=9.9e-04 | 1.5s
  Fold 1 | Ep  11/100 | t_loss=0.0301 t_acc=0.961 | v_win_bal=0.501 v_rec_bal=0.500 | lr=9.8e-04 | 1.5s
  Fold 1 | Ep  12/100 | t_loss=0.0276 t_acc=0.964 | v_win_bal=0.503 v_rec_bal=0.500 | lr=9.8e-04 | 1.7s
  Fold 1 | Ep  13/100 | t_loss=0.0260 t_acc=0.969 | v_win_bal=0.502 v_rec_bal=0.500 | lr=9.7e-04 | 1.6s
  Fold 1 | Ep  14/100 | t_loss=0.0235 t_acc=0.972 | v_win_bal=0.501 v_rec_bal=0.500 | lr=9.7e-04 | 1.7s
  Fold 1 | Ep  15/100 | t_loss=0.0233 t_acc=0.971 | v_win_bal=0.504 v_rec_bal=0.500 | lr=9.6e-04 | 1.5s
  Fold 1 | Ep  16/100 | t_loss=0.0226 t_acc=0.974 | v_win_bal=0.520 v_rec_bal=0.500 | lr=9.6e-04 | 1.5s
  Fold 1 | Ep  17/100 | t_loss=0.0208 t_acc=0.976 | v_win_bal=0.521 v_rec_bal=0.500 | lr=9.5e-04 | 1.8s
  Fold 1 | Ep  18/100 | t_loss=0.0223 t_acc=0.975 | v_win_bal=0.515 v_rec_bal=0.500 | lr=9.4e-04 | 1.8s
  Fold 1 | Ep  19/100 | t_loss=0.0166 t_acc=0.980 | v_win_bal=0.519 v_rec_bal=0.500 | lr=9.3e-04 | 1.6s
  Fold 1 | Ep  20/100 | t_loss=0.0170 t_acc=0.982 | v_win_bal=0.531 v_rec_bal=0.500 | lr=9.3e-04 | 1.5s
  Fold 1 | Ep  21/100 | t_loss=0.0208 t_acc=0.976 | v_win_bal=0.552 v_rec_bal=0.500 | lr=9.2e-04 | 1.7s
  Early stop at epoch 21
  -> Test (best @ epoch 1): acc=0.3571, bal_acc=0.5000

============================================================
Fold 2/5
============================================================
  Train:  43 samples, 10 subjects [2, 3, 4, 6, 7, 9, 10, 11, 13, 18], label_0=28, label_1=15
    Val:  14 samples,  4 subjects [1, 5, 14, 16], label_0=9, label_1=5
   Test:  13 samples,  3 subjects [8, 12, 17], label_0=10, label_1=3
  Building window datasets...
    WindowDataset: 6852 windows (class_0=2045, class_1=4807)
    WindowDataset: 1116 windows (class_0=799, class_1=317)
    WindowDataset: 1184 windows (class_0=998, class_1=186)
[DeepConvNet] F=(25,50,100,200) k_time=10 pool=3/3 T=1000 -> embed_dim=1400 (282,275 params)
  Fold 2 | Ep   1/100 | t_loss=0.1907 t_acc=0.531 | v_win_bal=0.500 v_rec_bal=0.500 | lr=3.3e-04 | 1.6s
  Fold 2 | Ep   2/100 | t_loss=0.1578 t_acc=0.651 | v_win_bal=0.500 v_rec_bal=0.500 | lr=6.7e-04 | 1.6s
  Fold 2 | Ep   3/100 | t_loss=0.1327 t_acc=0.738 | v_win_bal=0.500 v_rec_bal=0.500 | lr=1.0e-03 | 1.6s
  Fold 2 | Ep   4/100 | t_loss=0.1001 t_acc=0.825 | v_win_bal=0.500 v_rec_bal=0.500 | lr=1.0e-03 | 1.6s
  Fold 2 | Ep   5/100 | t_loss=0.0754 t_acc=0.877 | v_win_bal=0.500 v_rec_bal=0.500 | lr=1.0e-03 | 1.6s
  Fold 2 | Ep   6/100 | t_loss=0.0605 t_acc=0.912 | v_win_bal=0.500 v_rec_bal=0.500 | lr=1.0e-03 | 1.7s
  Fold 2 | Ep   7/100 | t_loss=0.0494 t_acc=0.933 | v_win_bal=0.500 v_rec_bal=0.500 | lr=1.0e-03 | 1.6s
  Fold 2 | Ep   8/100 | t_loss=0.0402 t_acc=0.949 | v_win_bal=0.500 v_rec_bal=0.500 | lr=9.9e-04 | 1.8s
  Fold 2 | Ep   9/100 | t_loss=0.0330 t_acc=0.957 | v_win_bal=0.500 v_rec_bal=0.500 | lr=9.9e-04 | 1.7s
  Fold 2 | Ep  10/100 | t_loss=0.0312 t_acc=0.960 | v_win_bal=0.500 v_rec_bal=0.500 | lr=9.9e-04 | 2.1s
  Fold 2 | Ep  11/100 | t_loss=0.0283 t_acc=0.965 | v_win_bal=0.500 v_rec_bal=0.500 | lr=9.8e-04 | 1.6s
  Fold 2 | Ep  12/100 | t_loss=0.0248 t_acc=0.971 | v_win_bal=0.501 v_rec_bal=0.500 | lr=9.8e-04 | 1.6s
  Fold 2 | Ep  13/100 | t_loss=0.0251 t_acc=0.971 | v_win_bal=0.508 v_rec_bal=0.500 | lr=9.7e-04 | 1.8s
  Fold 2 | Ep  14/100 | t_loss=0.0252 t_acc=0.972 | v_win_bal=0.501 v_rec_bal=0.500 | lr=9.7e-04 | 1.6s
  Fold 2 | Ep  15/100 | t_loss=0.0187 t_acc=0.978 | v_win_bal=0.504 v_rec_bal=0.500 | lr=9.6e-04 | 1.6s
  Fold 2 | Ep  16/100 | t_loss=0.0236 t_acc=0.974 | v_win_bal=0.504 v_rec_bal=0.500 | lr=9.6e-04 | 1.6s
  Fold 2 | Ep  17/100 | t_loss=0.0196 t_acc=0.979 | v_win_bal=0.517 v_rec_bal=0.500 | lr=9.5e-04 | 1.6s
  Fold 2 | Ep  18/100 | t_loss=0.0209 t_acc=0.977 | v_win_bal=0.516 v_rec_bal=0.500 | lr=9.4e-04 | 1.6s
  Fold 2 | Ep  19/100 | t_loss=0.0183 t_acc=0.982 | v_win_bal=0.523 v_rec_bal=0.556 | lr=9.3e-04 | 1.6s
  Fold 2 | Ep  20/100 | t_loss=0.0192 t_acc=0.978 | v_win_bal=0.520 v_rec_bal=0.500 | lr=9.3e-04 | 1.6s
  Fold 2 | Ep  21/100 | t_loss=0.0174 t_acc=0.981 | v_win_bal=0.533 v_rec_bal=0.556 | lr=9.2e-04 | 1.6s
  Fold 2 | Ep  22/100 | t_loss=0.0158 t_acc=0.982 | v_win_bal=0.536 v_rec_bal=0.556 | lr=9.1e-04 | 1.8s
  Fold 2 | Ep  23/100 | t_loss=0.0139 t_acc=0.986 | v_win_bal=0.531 v_rec_bal=0.556 | lr=9.0e-04 | 1.6s
  Fold 2 | Ep  24/100 | t_loss=0.0141 t_acc=0.987 | v_win_bal=0.530 v_rec_bal=0.556 | lr=8.9e-04 | 1.6s
  Fold 2 | Ep  25/100 | t_loss=0.0125 t_acc=0.987 | v_win_bal=0.536 v_rec_bal=0.556 | lr=8.8e-04 | 1.6s
  Fold 2 | Ep  26/100 | t_loss=0.0112 t_acc=0.988 | v_win_bal=0.539 v_rec_bal=0.556 | lr=8.7e-04 | 1.6s
  Fold 2 | Ep  27/100 | t_loss=0.0126 t_acc=0.986 | v_win_bal=0.531 v_rec_bal=0.556 | lr=8.6e-04 | 1.6s
  Fold 2 | Ep  28/100 | t_loss=0.0123 t_acc=0.988 | v_win_bal=0.544 v_rec_bal=0.556 | lr=8.4e-04 | 1.6s
  Fold 2 | Ep  29/100 | t_loss=0.0117 t_acc=0.987 | v_win_bal=0.540 v_rec_bal=0.556 | lr=8.3e-04 | 1.6s
  Fold 2 | Ep  30/100 | t_loss=0.0101 t_acc=0.989 | v_win_bal=0.548 v_rec_bal=0.556 | lr=8.2e-04 | 1.6s
  Fold 2 | Ep  31/100 | t_loss=0.0114 t_acc=0.988 | v_win_bal=0.540 v_rec_bal=0.556 | lr=8.1e-04 | 1.9s
  Fold 2 | Ep  32/100 | t_loss=0.0117 t_acc=0.986 | v_win_bal=0.543 v_rec_bal=0.556 | lr=8.0e-04 | 1.6s
  Fold 2 | Ep  33/100 | t_loss=0.0134 t_acc=0.987 | v_win_bal=0.543 v_rec_bal=0.556 | lr=7.8e-04 | 1.6s
  Fold 2 | Ep  34/100 | t_loss=0.0115 t_acc=0.988 | v_win_bal=0.551 v_rec_bal=0.556 | lr=7.7e-04 | 1.7s
  Fold 2 | Ep  35/100 | t_loss=0.0101 t_acc=0.990 | v_win_bal=0.551 v_rec_bal=0.556 | lr=7.5e-04 | 1.9s
  Fold 2 | Ep  36/100 | t_loss=0.0092 t_acc=0.987 | v_win_bal=0.551 v_rec_bal=0.556 | lr=7.4e-04 | 1.6s
  Fold 2 | Ep  37/100 | t_loss=0.0083 t_acc=0.992 | v_win_bal=0.554 v_rec_bal=0.556 | lr=7.3e-04 | 1.6s
  Fold 2 | Ep  38/100 | t_loss=0.0116 t_acc=0.986 | v_win_bal=0.569 v_rec_bal=0.556 | lr=7.1e-04 | 1.6s
  Fold 2 | Ep  39/100 | t_loss=0.0091 t_acc=0.993 | v_win_bal=0.551 v_rec_bal=0.556 | lr=7.0e-04 | 1.6s
  Fold 2 | Ep  40/100 | t_loss=0.0090 t_acc=0.991 | v_win_bal=0.565 v_rec_bal=0.556 | lr=6.8e-04 | 1.6s
  Fold 2 | Ep  41/100 | t_loss=0.0067 t_acc=0.993 | v_win_bal=0.543 v_rec_bal=0.556 | lr=6.7e-04 | 1.6s
  Fold 2 | Ep  42/100 | t_loss=0.0093 t_acc=0.991 | v_win_bal=0.562 v_rec_bal=0.556 | lr=6.5e-04 | 1.6s
  Fold 2 | Ep  43/100 | t_loss=0.0075 t_acc=0.992 | v_win_bal=0.549 v_rec_bal=0.556 | lr=6.4e-04 | 1.6s
  Early stop at epoch 43
  -> Test (best @ epoch 19): acc=0.2308, bal_acc=0.5000

============================================================
Fold 3/5
============================================================
  Train:  40 samples, 10 subjects [3, 4, 7, 8, 9, 10, 12, 16, 17, 18], label_0=28, label_1=12
    Val:  14 samples,  4 subjects [1, 2, 5, 14], label_0=9, label_1=5
   Test:  16 samples,  3 subjects [6, 11, 13], label_0=10, label_1=6
  Building window datasets...
    WindowDataset: 5447 windows (class_0=2211, class_1=3236)
    WindowDataset: 1110 windows (class_0=793, class_1=317)
    WindowDataset: 1419 windows (class_0=838, class_1=581)
[DeepConvNet] F=(25,50,100,200) k_time=10 pool=3/3 T=1000 -> embed_dim=1400 (282,275 params)
  Fold 3 | Ep   1/100 | t_loss=0.1942 t_acc=0.510 | v_win_bal=0.500 v_rec_bal=0.500 | lr=3.3e-04 | 1.3s
  Fold 3 | Ep   2/100 | t_loss=0.1735 t_acc=0.536 | v_win_bal=0.500 v_rec_bal=0.500 | lr=6.7e-04 | 1.5s
  Fold 3 | Ep   3/100 | t_loss=0.1363 t_acc=0.710 | v_win_bal=0.500 v_rec_bal=0.500 | lr=1.0e-03 | 1.3s
  Fold 3 | Ep   4/100 | t_loss=0.0757 t_acc=0.878 | v_win_bal=0.500 v_rec_bal=0.500 | lr=1.0e-03 | 1.3s
  Fold 3 | Ep   5/100 | t_loss=0.0408 t_acc=0.940 | v_win_bal=0.500 v_rec_bal=0.500 | lr=1.0e-03 | 1.3s
  Fold 3 | Ep   6/100 | t_loss=0.0296 t_acc=0.963 | v_win_bal=0.500 v_rec_bal=0.500 | lr=1.0e-03 | 1.3s
  Fold 3 | Ep   7/100 | t_loss=0.0190 t_acc=0.975 | v_win_bal=0.500 v_rec_bal=0.500 | lr=1.0e-03 | 1.3s
  Fold 3 | Ep   8/100 | t_loss=0.0193 t_acc=0.978 | v_win_bal=0.500 v_rec_bal=0.500 | lr=9.9e-04 | 1.3s
  Fold 3 | Ep   9/100 | t_loss=0.0116 t_acc=0.985 | v_win_bal=0.500 v_rec_bal=0.500 | lr=9.9e-04 | 1.3s
  Fold 3 | Ep  10/100 | t_loss=0.0150 t_acc=0.982 | v_win_bal=0.500 v_rec_bal=0.500 | lr=9.9e-04 | 1.4s
  Fold 3 | Ep  11/100 | t_loss=0.0104 t_acc=0.987 | v_win_bal=0.500 v_rec_bal=0.500 | lr=9.8e-04 | 1.3s
  Fold 3 | Ep  12/100 | t_loss=0.0104 t_acc=0.988 | v_win_bal=0.500 v_rec_bal=0.500 | lr=9.8e-04 | 1.3s
  Fold 3 | Ep  13/100 | t_loss=0.0084 t_acc=0.989 | v_win_bal=0.500 v_rec_bal=0.500 | lr=9.7e-04 | 1.5s
  Fold 3 | Ep  14/100 | t_loss=0.0089 t_acc=0.990 | v_win_bal=0.500 v_rec_bal=0.500 | lr=9.7e-04 | 1.3s
  Fold 3 | Ep  15/100 | t_loss=0.0069 t_acc=0.992 | v_win_bal=0.500 v_rec_bal=0.500 | lr=9.6e-04 | 1.4s
  Fold 3 | Ep  16/100 | t_loss=0.0080 t_acc=0.990 | v_win_bal=0.500 v_rec_bal=0.500 | lr=9.6e-04 | 1.3s
  Fold 3 | Ep  17/100 | t_loss=0.0063 t_acc=0.992 | v_win_bal=0.500 v_rec_bal=0.500 | lr=9.5e-04 | 1.3s
  Fold 3 | Ep  18/100 | t_loss=0.0082 t_acc=0.991 | v_win_bal=0.500 v_rec_bal=0.500 | lr=9.4e-04 | 1.3s
  Fold 3 | Ep  19/100 | t_loss=0.0084 t_acc=0.991 | v_win_bal=0.500 v_rec_bal=0.500 | lr=9.3e-04 | 1.5s
  Fold 3 | Ep  20/100 | t_loss=0.0068 t_acc=0.991 | v_win_bal=0.500 v_rec_bal=0.500 | lr=9.3e-04 | 1.5s
  Fold 3 | Ep  21/100 | t_loss=0.0055 t_acc=0.994 | v_win_bal=0.500 v_rec_bal=0.500 | lr=9.2e-04 | 1.3s
  Early stop at epoch 21
  -> Test (best @ epoch 1): acc=0.3750, bal_acc=0.5000

============================================================
Fold 4/5
============================================================
  Train:  44 samples,  9 subjects [3, 5, 6, 7, 8, 11, 13, 17, 18], label_0=29, label_1=15
    Val:  14 samples,  4 subjects [1, 12, 14, 16], label_0=9, label_1=5
   Test:  12 samples,  4 subjects [2, 4, 9, 10], label_0=9, label_1=3
  Building window datasets...
    WindowDataset: 6535 windows (class_0=2032, class_1=4503)
    WindowDataset: 1463 windows (class_0=1146, class_1=317)
    WindowDataset: 926 windows (class_0=664, class_1=262)
[DeepConvNet] F=(25,50,100,200) k_time=10 pool=3/3 T=1000 -> embed_dim=1400 (282,275 params)
  Fold 4 | Ep   1/100 | t_loss=0.1936 t_acc=0.518 | v_win_bal=0.500 v_rec_bal=0.500 | lr=3.3e-04 | 1.5s
  Fold 4 | Ep   2/100 | t_loss=0.1642 t_acc=0.603 | v_win_bal=0.506 v_rec_bal=0.500 | lr=6.7e-04 | 1.5s
  Fold 4 | Ep   3/100 | t_loss=0.1394 t_acc=0.695 | v_win_bal=0.540 v_rec_bal=0.500 | lr=1.0e-03 | 1.5s
  Fold 4 | Ep   4/100 | t_loss=0.1003 t_acc=0.828 | v_win_bal=0.545 v_rec_bal=0.500 | lr=1.0e-03 | 1.5s
  Fold 4 | Ep   5/100 | t_loss=0.0647 t_acc=0.909 | v_win_bal=0.562 v_rec_bal=0.500 | lr=1.0e-03 | 1.7s
  Fold 4 | Ep   6/100 | t_loss=0.0437 t_acc=0.943 | v_win_bal=0.600 v_rec_bal=0.556 | lr=1.0e-03 | 1.7s
  Fold 4 | Ep   7/100 | t_loss=0.0310 t_acc=0.965 | v_win_bal=0.628 v_rec_bal=0.556 | lr=1.0e-03 | 1.6s
  Fold 4 | Ep   8/100 | t_loss=0.0273 t_acc=0.969 | v_win_bal=0.574 v_rec_bal=0.556 | lr=9.9e-04 | 1.5s
  Fold 4 | Ep   9/100 | t_loss=0.0237 t_acc=0.973 | v_win_bal=0.668 v_rec_bal=0.556 | lr=9.9e-04 | 1.5s
  Fold 4 | Ep  10/100 | t_loss=0.0200 t_acc=0.978 | v_win_bal=0.630 v_rec_bal=0.556 | lr=9.9e-04 | 1.5s
  Fold 4 | Ep  11/100 | t_loss=0.0170 t_acc=0.981 | v_win_bal=0.716 v_rec_bal=0.667 | lr=9.8e-04 | 1.5s
  Fold 4 | Ep  12/100 | t_loss=0.0157 t_acc=0.983 | v_win_bal=0.624 v_rec_bal=0.556 | lr=9.8e-04 | 1.5s
  Fold 4 | Ep  13/100 | t_loss=0.0143 t_acc=0.984 | v_win_bal=0.659 v_rec_bal=0.556 | lr=9.7e-04 | 1.5s
  Fold 4 | Ep  14/100 | t_loss=0.0140 t_acc=0.985 | v_win_bal=0.661 v_rec_bal=0.611 | lr=9.7e-04 | 1.5s
  Fold 4 | Ep  15/100 | t_loss=0.0127 t_acc=0.985 | v_win_bal=0.719 v_rec_bal=0.722 | lr=9.6e-04 | 1.5s
  Fold 4 | Ep  16/100 | t_loss=0.0120 t_acc=0.986 | v_win_bal=0.685 v_rec_bal=0.611 | lr=9.6e-04 | 1.5s
  Fold 4 | Ep  17/100 | t_loss=0.0122 t_acc=0.988 | v_win_bal=0.728 v_rec_bal=0.722 | lr=9.5e-04 | 1.5s
  Fold 4 | Ep  18/100 | t_loss=0.0107 t_acc=0.989 | v_win_bal=0.744 v_rec_bal=0.722 | lr=9.4e-04 | 1.7s
  Fold 4 | Ep  19/100 | t_loss=0.0121 t_acc=0.986 | v_win_bal=0.733 v_rec_bal=0.722 | lr=9.3e-04 | 1.5s
  Fold 4 | Ep  20/100 | t_loss=0.0096 t_acc=0.990 | v_win_bal=0.763 v_rec_bal=0.722 | lr=9.3e-04 | 1.5s
  Fold 4 | Ep  21/100 | t_loss=0.0088 t_acc=0.991 | v_win_bal=0.721 v_rec_bal=0.722 | lr=9.2e-04 | 1.5s
  Fold 4 | Ep  22/100 | t_loss=0.0099 t_acc=0.990 | v_win_bal=0.721 v_rec_bal=0.722 | lr=9.1e-04 | 1.5s
  Fold 4 | Ep  23/100 | t_loss=0.0074 t_acc=0.992 | v_win_bal=0.715 v_rec_bal=0.722 | lr=9.0e-04 | 1.5s
  Fold 4 | Ep  24/100 | t_loss=0.0073 t_acc=0.992 | v_win_bal=0.724 v_rec_bal=0.722 | lr=8.9e-04 | 1.7s
  Fold 4 | Ep  25/100 | t_loss=0.0119 t_acc=0.990 | v_win_bal=0.764 v_rec_bal=0.722 | lr=8.8e-04 | 1.5s
  Fold 4 | Ep  26/100 | t_loss=0.0103 t_acc=0.989 | v_win_bal=0.716 v_rec_bal=0.722 | lr=8.7e-04 | 1.5s
  Fold 4 | Ep  27/100 | t_loss=0.0094 t_acc=0.990 | v_win_bal=0.729 v_rec_bal=0.667 | lr=8.6e-04 | 1.7s
  Fold 4 | Ep  28/100 | t_loss=0.0085 t_acc=0.992 | v_win_bal=0.770 v_rec_bal=0.778 | lr=8.4e-04 | 1.5s
  Fold 4 | Ep  29/100 | t_loss=0.0093 t_acc=0.991 | v_win_bal=0.778 v_rec_bal=0.833 | lr=8.3e-04 | 1.5s
  Fold 4 | Ep  30/100 | t_loss=0.0089 t_acc=0.992 | v_win_bal=0.735 v_rec_bal=0.722 | lr=8.2e-04 | 1.5s
  Fold 4 | Ep  31/100 | t_loss=0.0104 t_acc=0.990 | v_win_bal=0.721 v_rec_bal=0.722 | lr=8.1e-04 | 1.5s
  Fold 4 | Ep  32/100 | t_loss=0.0072 t_acc=0.993 | v_win_bal=0.738 v_rec_bal=0.722 | lr=8.0e-04 | 1.5s
  Fold 4 | Ep  33/100 | t_loss=0.0085 t_acc=0.992 | v_win_bal=0.692 v_rec_bal=0.667 | lr=7.8e-04 | 1.8s
  Fold 4 | Ep  34/100 | t_loss=0.0050 t_acc=0.996 | v_win_bal=0.764 v_rec_bal=0.778 | lr=7.7e-04 | 1.5s
  Fold 4 | Ep  35/100 | t_loss=0.0072 t_acc=0.993 | v_win_bal=0.716 v_rec_bal=0.667 | lr=7.5e-04 | 1.5s
  Fold 4 | Ep  36/100 | t_loss=0.0065 t_acc=0.994 | v_win_bal=0.774 v_rec_bal=0.778 | lr=7.4e-04 | 1.6s
  Fold 4 | Ep  37/100 | t_loss=0.0065 t_acc=0.994 | v_win_bal=0.786 v_rec_bal=0.833 | lr=7.3e-04 | 1.5s
  Fold 4 | Ep  38/100 | t_loss=0.0060 t_acc=0.995 | v_win_bal=0.772 v_rec_bal=0.778 | lr=7.1e-04 | 1.5s
  Fold 4 | Ep  39/100 | t_loss=0.0057 t_acc=0.994 | v_win_bal=0.757 v_rec_bal=0.722 | lr=7.0e-04 | 1.5s
  Fold 4 | Ep  40/100 | t_loss=0.0059 t_acc=0.994 | v_win_bal=0.791 v_rec_bal=0.833 | lr=6.8e-04 | 1.6s
  Fold 4 | Ep  41/100 | t_loss=0.0063 t_acc=0.995 | v_win_bal=0.782 v_rec_bal=0.833 | lr=6.7e-04 | 1.7s
  Fold 4 | Ep  42/100 | t_loss=0.0059 t_acc=0.994 | v_win_bal=0.757 v_rec_bal=0.722 | lr=6.5e-04 | 1.6s
  Fold 4 | Ep  43/100 | t_loss=0.0037 t_acc=0.996 | v_win_bal=0.777 v_rec_bal=0.778 | lr=6.4e-04 | 1.5s
  Fold 4 | Ep  44/100 | t_loss=0.0102 t_acc=0.991 | v_win_bal=0.722 v_rec_bal=0.667 | lr=6.2e-04 | 1.5s
  Fold 4 | Ep  45/100 | t_loss=0.0059 t_acc=0.994 | v_win_bal=0.789 v_rec_bal=0.833 | lr=6.0e-04 | 1.7s
  Fold 4 | Ep  46/100 | t_loss=0.0045 t_acc=0.996 | v_win_bal=0.778 v_rec_bal=0.778 | lr=5.9e-04 | 1.5s
  Fold 4 | Ep  47/100 | t_loss=0.0056 t_acc=0.994 | v_win_bal=0.763 v_rec_bal=0.722 | lr=5.7e-04 | 1.5s
  Fold 4 | Ep  48/100 | t_loss=0.0039 t_acc=0.996 | v_win_bal=0.787 v_rec_bal=0.833 | lr=5.6e-04 | 1.5s
  Fold 4 | Ep  49/100 | t_loss=0.0041 t_acc=0.997 | v_win_bal=0.801 v_rec_bal=0.833 | lr=5.4e-04 | 1.5s
  Fold 4 | Ep  50/100 | t_loss=0.0050 t_acc=0.996 | v_win_bal=0.807 v_rec_bal=0.833 | lr=5.2e-04 | 1.6s
  Fold 4 | Ep  51/100 | t_loss=0.0056 t_acc=0.994 | v_win_bal=0.780 v_rec_bal=0.833 | lr=5.1e-04 | 1.5s
  Fold 4 | Ep  52/100 | t_loss=0.0051 t_acc=0.995 | v_win_bal=0.797 v_rec_bal=0.833 | lr=4.9e-04 | 1.5s
  Fold 4 | Ep  53/100 | t_loss=0.0063 t_acc=0.995 | v_win_bal=0.786 v_rec_bal=0.778 | lr=4.8e-04 | 1.5s
  Fold 4 | Ep  54/100 | t_loss=0.0031 t_acc=0.996 | v_win_bal=0.801 v_rec_bal=0.833 | lr=4.6e-04 | 1.5s
  Fold 4 | Ep  55/100 | t_loss=0.0032 t_acc=0.997 | v_win_bal=0.750 v_rec_bal=0.722 | lr=4.4e-04 | 1.5s
  Fold 4 | Ep  56/100 | t_loss=0.0025 t_acc=0.997 | v_win_bal=0.765 v_rec_bal=0.722 | lr=4.3e-04 | 1.7s
  Fold 4 | Ep  57/100 | t_loss=0.0050 t_acc=0.996 | v_win_bal=0.786 v_rec_bal=0.833 | lr=4.1e-04 | 1.5s
  Fold 4 | Ep  58/100 | t_loss=0.0026 t_acc=0.997 | v_win_bal=0.798 v_rec_bal=0.833 | lr=4.0e-04 | 1.5s
  Fold 4 | Ep  59/100 | t_loss=0.0025 t_acc=0.997 | v_win_bal=0.796 v_rec_bal=0.833 | lr=3.8e-04 | 1.5s
  Fold 4 | Ep  60/100 | t_loss=0.0023 t_acc=0.997 | v_win_bal=0.799 v_rec_bal=0.833 | lr=3.6e-04 | 1.6s
  Fold 4 | Ep  61/100 | t_loss=0.0033 t_acc=0.996 | v_win_bal=0.778 v_rec_bal=0.778 | lr=3.5e-04 | 1.5s
  Fold 4 | Ep  62/100 | t_loss=0.0028 t_acc=0.997 | v_win_bal=0.784 v_rec_bal=0.833 | lr=3.3e-04 | 1.5s
  Fold 4 | Ep  63/100 | t_loss=0.0027 t_acc=0.998 | v_win_bal=0.794 v_rec_bal=0.833 | lr=3.2e-04 | 1.6s
  Fold 4 | Ep  64/100 | t_loss=0.0037 t_acc=0.996 | v_win_bal=0.794 v_rec_bal=0.833 | lr=3.0e-04 | 1.5s
  Fold 4 | Ep  65/100 | t_loss=0.0037 t_acc=0.997 | v_win_bal=0.771 v_rec_bal=0.778 | lr=2.9e-04 | 1.5s
  Fold 4 | Ep  66/100 | t_loss=0.0017 t_acc=0.998 | v_win_bal=0.787 v_rec_bal=0.833 | lr=2.7e-04 | 1.5s
  Fold 4 | Ep  67/100 | t_loss=0.0022 t_acc=0.998 | v_win_bal=0.778 v_rec_bal=0.778 | lr=2.6e-04 | 1.5s
  Fold 4 | Ep  68/100 | t_loss=0.0031 t_acc=0.998 | v_win_bal=0.765 v_rec_bal=0.722 | lr=2.5e-04 | 1.6s
  Fold 4 | Ep  69/100 | t_loss=0.0024 t_acc=0.997 | v_win_bal=0.777 v_rec_bal=0.778 | lr=2.3e-04 | 1.5s
  Fold 4 | Ep  70/100 | t_loss=0.0043 t_acc=0.997 | v_win_bal=0.780 v_rec_bal=0.778 | lr=2.2e-04 | 1.7s
  Early stop at epoch 70
  -> Test (best @ epoch 29): acc=0.2500, bal_acc=0.5000

============================================================
Fold 5/5
============================================================
  Train:  41 samples, 10 subjects [2, 4, 5, 6, 8, 10, 11, 13, 14, 17], label_0=29, label_1=12
    Val:  14 samples,  4 subjects [1, 9, 12, 16], label_0=9, label_1=5
   Test:  15 samples,  3 subjects [3, 7, 18], label_0=9, label_1=6
  Building window datasets...
    WindowDataset: 6349 windows (class_0=2269, class_1=4080)
    WindowDataset: 1347 windows (class_0=1030, class_1=317)
    WindowDataset: 913 windows (class_0=543, class_1=370)
[DeepConvNet] F=(25,50,100,200) k_time=10 pool=3/3 T=1000 -> embed_dim=1400 (282,275 params)
  Fold 5 | Ep   1/100 | t_loss=0.1939 t_acc=0.504 | v_win_bal=0.500 v_rec_bal=0.500 | lr=3.3e-04 | 1.6s
  Fold 5 | Ep   2/100 | t_loss=0.1683 t_acc=0.583 | v_win_bal=0.500 v_rec_bal=0.500 | lr=6.7e-04 | 1.6s
  Fold 5 | Ep   3/100 | t_loss=0.1484 t_acc=0.663 | v_win_bal=0.500 v_rec_bal=0.500 | lr=1.0e-03 | 1.5s
  Fold 5 | Ep   4/100 | t_loss=0.1035 t_acc=0.816 | v_win_bal=0.502 v_rec_bal=0.500 | lr=1.0e-03 | 1.5s
  Fold 5 | Ep   5/100 | t_loss=0.0779 t_acc=0.881 | v_win_bal=0.510 v_rec_bal=0.500 | lr=1.0e-03 | 1.7s
  Fold 5 | Ep   6/100 | t_loss=0.0636 t_acc=0.907 | v_win_bal=0.562 v_rec_bal=0.500 | lr=1.0e-03 | 1.5s
  Fold 5 | Ep   7/100 | t_loss=0.0468 t_acc=0.932 | v_win_bal=0.564 v_rec_bal=0.500 | lr=1.0e-03 | 1.5s
  Fold 5 | Ep   8/100 | t_loss=0.0443 t_acc=0.941 | v_win_bal=0.576 v_rec_bal=0.500 | lr=9.9e-04 | 1.5s
  Fold 5 | Ep   9/100 | t_loss=0.0330 t_acc=0.958 | v_win_bal=0.614 v_rec_bal=0.556 | lr=9.9e-04 | 1.5s
  Fold 5 | Ep  10/100 | t_loss=0.0280 t_acc=0.967 | v_win_bal=0.603 v_rec_bal=0.556 | lr=9.9e-04 | 1.5s
  Fold 5 | Ep  11/100 | t_loss=0.0272 t_acc=0.966 | v_win_bal=0.605 v_rec_bal=0.556 | lr=9.8e-04 | 1.5s
  Fold 5 | Ep  12/100 | t_loss=0.0243 t_acc=0.972 | v_win_bal=0.646 v_rec_bal=0.611 | lr=9.8e-04 | 1.7s
  Fold 5 | Ep  13/100 | t_loss=0.0195 t_acc=0.976 | v_win_bal=0.593 v_rec_bal=0.556 | lr=9.7e-04 | 1.5s
  Fold 5 | Ep  14/100 | t_loss=0.0187 t_acc=0.979 | v_win_bal=0.674 v_rec_bal=0.611 | lr=9.7e-04 | 1.5s
  Fold 5 | Ep  15/100 | t_loss=0.0212 t_acc=0.976 | v_win_bal=0.647 v_rec_bal=0.611 | lr=9.6e-04 | 1.6s
  Fold 5 | Ep  16/100 | t_loss=0.0191 t_acc=0.977 | v_win_bal=0.639 v_rec_bal=0.611 | lr=9.6e-04 | 1.5s
  Fold 5 | Ep  17/100 | t_loss=0.0167 t_acc=0.981 | v_win_bal=0.650 v_rec_bal=0.611 | lr=9.5e-04 | 1.5s
  Fold 5 | Ep  18/100 | t_loss=0.0149 t_acc=0.981 | v_win_bal=0.683 v_rec_bal=0.667 | lr=9.4e-04 | 1.5s
  Fold 5 | Ep  19/100 | t_loss=0.0154 t_acc=0.983 | v_win_bal=0.664 v_rec_bal=0.611 | lr=9.3e-04 | 1.7s
  Fold 5 | Ep  20/100 | t_loss=0.0123 t_acc=0.986 | v_win_bal=0.705 v_rec_bal=0.667 | lr=9.3e-04 | 1.5s
  Fold 5 | Ep  21/100 | t_loss=0.0128 t_acc=0.987 | v_win_bal=0.662 v_rec_bal=0.611 | lr=9.2e-04 | 1.5s
  Fold 5 | Ep  22/100 | t_loss=0.0131 t_acc=0.986 | v_win_bal=0.696 v_rec_bal=0.667 | lr=9.1e-04 | 1.5s
  Fold 5 | Ep  23/100 | t_loss=0.0108 t_acc=0.988 | v_win_bal=0.660 v_rec_bal=0.611 | lr=9.0e-04 | 1.5s
  Fold 5 | Ep  24/100 | t_loss=0.0124 t_acc=0.986 | v_win_bal=0.679 v_rec_bal=0.667 | lr=8.9e-04 | 1.5s
  Fold 5 | Ep  25/100 | t_loss=0.0105 t_acc=0.989 | v_win_bal=0.696 v_rec_bal=0.667 | lr=8.8e-04 | 1.6s
  Fold 5 | Ep  26/100 | t_loss=0.0106 t_acc=0.987 | v_win_bal=0.719 v_rec_bal=0.667 | lr=8.7e-04 | 1.7s
  Fold 5 | Ep  27/100 | t_loss=0.0110 t_acc=0.988 | v_win_bal=0.723 v_rec_bal=0.667 | lr=8.6e-04 | 1.5s
  Fold 5 | Ep  28/100 | t_loss=0.0083 t_acc=0.991 | v_win_bal=0.702 v_rec_bal=0.667 | lr=8.4e-04 | 1.7s
  Fold 5 | Ep  29/100 | t_loss=0.0148 t_acc=0.985 | v_win_bal=0.714 v_rec_bal=0.667 | lr=8.3e-04 | 1.5s
  Fold 5 | Ep  30/100 | t_loss=0.0093 t_acc=0.991 | v_win_bal=0.722 v_rec_bal=0.667 | lr=8.2e-04 | 1.5s
  Fold 5 | Ep  31/100 | t_loss=0.0083 t_acc=0.992 | v_win_bal=0.712 v_rec_bal=0.667 | lr=8.1e-04 | 1.5s
  Fold 5 | Ep  32/100 | t_loss=0.0094 t_acc=0.991 | v_win_bal=0.762 v_rec_bal=0.722 | lr=8.0e-04 | 1.5s
  Fold 5 | Ep  33/100 | t_loss=0.0114 t_acc=0.991 | v_win_bal=0.784 v_rec_bal=0.778 | lr=7.8e-04 | 1.5s
  Fold 5 | Ep  34/100 | t_loss=0.0108 t_acc=0.991 | v_win_bal=0.728 v_rec_bal=0.667 | lr=7.7e-04 | 1.5s
  Fold 5 | Ep  35/100 | t_loss=0.0079 t_acc=0.992 | v_win_bal=0.713 v_rec_bal=0.667 | lr=7.5e-04 | 1.5s
  Fold 5 | Ep  36/100 | t_loss=0.0080 t_acc=0.989 | v_win_bal=0.727 v_rec_bal=0.667 | lr=7.4e-04 | 1.5s
  Fold 5 | Ep  37/100 | t_loss=0.0083 t_acc=0.993 | v_win_bal=0.740 v_rec_bal=0.667 | lr=7.3e-04 | 1.5s
  Fold 5 | Ep  38/100 | t_loss=0.0090 t_acc=0.992 | v_win_bal=0.762 v_rec_bal=0.722 | lr=7.1e-04 | 1.5s
  Fold 5 | Ep  39/100 | t_loss=0.0052 t_acc=0.995 | v_win_bal=0.731 v_rec_bal=0.667 | lr=7.0e-04 | 1.5s
  Fold 5 | Ep  40/100 | t_loss=0.0071 t_acc=0.993 | v_win_bal=0.706 v_rec_bal=0.667 | lr=6.8e-04 | 1.6s
  Fold 5 | Ep  41/100 | t_loss=0.0082 t_acc=0.992 | v_win_bal=0.728 v_rec_bal=0.667 | lr=6.7e-04 | 1.5s
  Fold 5 | Ep  42/100 | t_loss=0.0058 t_acc=0.994 | v_win_bal=0.769 v_rec_bal=0.722 | lr=6.5e-04 | 1.5s
  Fold 5 | Ep  43/100 | t_loss=0.0066 t_acc=0.993 | v_win_bal=0.722 v_rec_bal=0.667 | lr=6.4e-04 | 1.6s
  Fold 5 | Ep  44/100 | t_loss=0.0066 t_acc=0.995 | v_win_bal=0.790 v_rec_bal=0.778 | lr=6.2e-04 | 1.7s
  Fold 5 | Ep  45/100 | t_loss=0.0065 t_acc=0.993 | v_win_bal=0.780 v_rec_bal=0.778 | lr=6.0e-04 | 1.5s
  Fold 5 | Ep  46/100 | t_loss=0.0051 t_acc=0.994 | v_win_bal=0.752 v_rec_bal=0.667 | lr=5.9e-04 | 1.5s
  Fold 5 | Ep  47/100 | t_loss=0.0059 t_acc=0.994 | v_win_bal=0.738 v_rec_bal=0.667 | lr=5.7e-04 | 1.5s
  Fold 5 | Ep  48/100 | t_loss=0.0052 t_acc=0.995 | v_win_bal=0.734 v_rec_bal=0.667 | lr=5.6e-04 | 1.5s
  Fold 5 | Ep  49/100 | t_loss=0.0038 t_acc=0.996 | v_win_bal=0.761 v_rec_bal=0.722 | lr=5.4e-04 | 1.6s
  Fold 5 | Ep  50/100 | t_loss=0.0061 t_acc=0.995 | v_win_bal=0.767 v_rec_bal=0.722 | lr=5.2e-04 | 1.5s
  Fold 5 | Ep  51/100 | t_loss=0.0051 t_acc=0.995 | v_win_bal=0.731 v_rec_bal=0.667 | lr=5.1e-04 | 1.7s
  Fold 5 | Ep  52/100 | t_loss=0.0057 t_acc=0.995 | v_win_bal=0.767 v_rec_bal=0.722 | lr=4.9e-04 | 1.5s
  Fold 5 | Ep  53/100 | t_loss=0.0067 t_acc=0.994 | v_win_bal=0.779 v_rec_bal=0.778 | lr=4.8e-04 | 1.5s
  Fold 5 | Ep  54/100 | t_loss=0.0067 t_acc=0.994 | v_win_bal=0.748 v_rec_bal=0.722 | lr=4.6e-04 | 1.5s
  Fold 5 | Ep  55/100 | t_loss=0.0065 t_acc=0.995 | v_win_bal=0.793 v_rec_bal=0.778 | lr=4.4e-04 | 1.5s
  Fold 5 | Ep  56/100 | t_loss=0.0059 t_acc=0.993 | v_win_bal=0.757 v_rec_bal=0.722 | lr=4.3e-04 | 1.5s
  Fold 5 | Ep  57/100 | t_loss=0.0046 t_acc=0.995 | v_win_bal=0.776 v_rec_bal=0.778 | lr=4.1e-04 | 1.5s
  Fold 5 | Ep  58/100 | t_loss=0.0037 t_acc=0.996 | v_win_bal=0.757 v_rec_bal=0.722 | lr=4.0e-04 | 1.6s
  Fold 5 | Ep  59/100 | t_loss=0.0058 t_acc=0.994 | v_win_bal=0.779 v_rec_bal=0.778 | lr=3.8e-04 | 1.5s
  Fold 5 | Ep  60/100 | t_loss=0.0050 t_acc=0.995 | v_win_bal=0.775 v_rec_bal=0.778 | lr=3.6e-04 | 1.5s
  Fold 5 | Ep  61/100 | t_loss=0.0057 t_acc=0.994 | v_win_bal=0.762 v_rec_bal=0.722 | lr=3.5e-04 | 1.5s
  Fold 5 | Ep  62/100 | t_loss=0.0046 t_acc=0.996 | v_win_bal=0.752 v_rec_bal=0.722 | lr=3.3e-04 | 1.6s
  Fold 5 | Ep  63/100 | t_loss=0.0036 t_acc=0.996 | v_win_bal=0.763 v_rec_bal=0.722 | lr=3.2e-04 | 1.5s
  Fold 5 | Ep  64/100 | t_loss=0.0025 t_acc=0.997 | v_win_bal=0.758 v_rec_bal=0.722 | lr=3.0e-04 | 1.5s
  Fold 5 | Ep  65/100 | t_loss=0.0041 t_acc=0.996 | v_win_bal=0.792 v_rec_bal=0.778 | lr=2.9e-04 | 1.5s
  Fold 5 | Ep  66/100 | t_loss=0.0043 t_acc=0.996 | v_win_bal=0.788 v_rec_bal=0.778 | lr=2.7e-04 | 1.5s
  Fold 5 | Ep  67/100 | t_loss=0.0041 t_acc=0.995 | v_win_bal=0.788 v_rec_bal=0.778 | lr=2.6e-04 | 1.6s
  Fold 5 | Ep  68/100 | t_loss=0.0028 t_acc=0.997 | v_win_bal=0.766 v_rec_bal=0.722 | lr=2.5e-04 | 1.5s
  Fold 5 | Ep  69/100 | t_loss=0.0039 t_acc=0.998 | v_win_bal=0.786 v_rec_bal=0.778 | lr=2.3e-04 | 1.5s
  Fold 5 | Ep  70/100 | t_loss=0.0029 t_acc=0.997 | v_win_bal=0.797 v_rec_bal=0.778 | lr=2.2e-04 | 1.5s
  Fold 5 | Ep  71/100 | t_loss=0.0040 t_acc=0.997 | v_win_bal=0.784 v_rec_bal=0.778 | lr=2.0e-04 | 1.5s
  Fold 5 | Ep  72/100 | t_loss=0.0056 t_acc=0.995 | v_win_bal=0.766 v_rec_bal=0.722 | lr=1.9e-04 | 1.5s
  Fold 5 | Ep  73/100 | t_loss=0.0050 t_acc=0.996 | v_win_bal=0.768 v_rec_bal=0.722 | lr=1.8e-04 | 1.5s
  Fold 5 | Ep  74/100 | t_loss=0.0039 t_acc=0.996 | v_win_bal=0.762 v_rec_bal=0.722 | lr=1.7e-04 | 1.8s
  Fold 5 | Ep  75/100 | t_loss=0.0021 t_acc=0.998 | v_win_bal=0.790 v_rec_bal=0.778 | lr=1.6e-04 | 1.6s
  Fold 5 | Ep  76/100 | t_loss=0.0038 t_acc=0.997 | v_win_bal=0.794 v_rec_bal=0.778 | lr=1.4e-04 | 1.5s
  Fold 5 | Ep  77/100 | t_loss=0.0025 t_acc=0.997 | v_win_bal=0.791 v_rec_bal=0.778 | lr=1.3e-04 | 1.5s
  Fold 5 | Ep  78/100 | t_loss=0.0043 t_acc=0.997 | v_win_bal=0.797 v_rec_bal=0.778 | lr=1.2e-04 | 1.5s
  Fold 5 | Ep  79/100 | t_loss=0.0026 t_acc=0.997 | v_win_bal=0.763 v_rec_bal=0.722 | lr=1.1e-04 | 1.7s
  Fold 5 | Ep  80/100 | t_loss=0.0024 t_acc=0.997 | v_win_bal=0.796 v_rec_bal=0.778 | lr=1.0e-04 | 1.5s
  Fold 5 | Ep  81/100 | t_loss=0.0016 t_acc=0.998 | v_win_bal=0.784 v_rec_bal=0.778 | lr=9.2e-05 | 1.5s
  Fold 5 | Ep  82/100 | t_loss=0.0027 t_acc=0.998 | v_win_bal=0.751 v_rec_bal=0.722 | lr=8.3e-05 | 1.5s
  Fold 5 | Ep  83/100 | t_loss=0.0036 t_acc=0.997 | v_win_bal=0.783 v_rec_bal=0.778 | lr=7.4e-05 | 1.5s
  Fold 5 | Ep  84/100 | t_loss=0.0012 t_acc=0.998 | v_win_bal=0.764 v_rec_bal=0.722 | lr=6.6e-05 | 1.5s
  Fold 5 | Ep  85/100 | t_loss=0.0015 t_acc=0.998 | v_win_bal=0.788 v_rec_bal=0.778 | lr=5.8e-05 | 1.5s
  Fold 5 | Ep  86/100 | t_loss=0.0008 t_acc=0.999 | v_win_bal=0.762 v_rec_bal=0.722 | lr=5.1e-05 | 1.5s
  Fold 5 | Ep  87/100 | t_loss=0.0052 t_acc=0.996 | v_win_bal=0.788 v_rec_bal=0.778 | lr=4.4e-05 | 1.5s
  Early stop at epoch 87
  -> Test (best @ epoch 33): acc=0.4000, bal_acc=0.4444

============================================================
Global Results (5-Fold, subject-level CV)
Mode: FT | Extractor: deepconvnet | Loss: focal
============================================================
              acc: 0.3286
          bal_acc: 0.4778
               f1: 0.2077
            kappa: -0.0301
  Total predictions: 70 (should equal dataset size: 70)

Results saved to results/hp_sweep/20260409_main/deepconvnet/deepconvnet_dropout0.1_lr1e-3_s123/
