CMD: /raid/jupyter-linjimmy1003.md10/.conda/envs/stress/bin/python train_ft.py --extractor deepconvnet --seed 123 --device cuda:5 --run-id hp_sweep/20260409_main/deepconvnet/deepconvnet_dropout0.5_lr1e-3_s123 --mode ft --folds 5 --epochs 100 --patience 20 --batch-size 32 --label subject-dass --loss focal --head-hidden 128 --csv data/comprehensive_labels.csv --weight-decay 0.05 --grad-clip 2.0 --warmup-epochs 3 --aug-overlap 0.75 --norm zscore --dropout 0.5 --lr 0.001

/raid/jupyter-linjimmy1003.md10/.conda/envs/stress/lib/python3.11/site-packages/timm/models/layers/__init__.py:49: FutureWarning: Importing from timm.models.layers is deprecated, please import via timm.layers
  warnings.warn(f"Importing from {__name__} is deprecated, please import via timm.layers", FutureWarning)
Mode: FT | Extractor: deepconvnet | Folds: 5
LR: 0.001 | WD: 0.05 | Beta2: 0.999 | Grad clip: 2.0
Head: hidden=128, dropout=0.5 | Norm: zscore | Loss: focal
Full FT: encoder_lr_scale=0.1
Augmentation: 75% overlap for increase class

Results → results/hp_sweep/20260409_main/deepconvnet/deepconvnet_dropout0.5_lr1e-3_s123/
Dataset: 70 recordings loaded (14 increase, 56 normal)
Cache: 70 recordings ready (70 cached, 0 new)
Subject-DASS labels: increase=23 (5 subjects), normal=47

============================================================
Fold 1/5
============================================================
  Train:  43 samples, 10 subjects [2, 3, 4, 6, 7, 8, 9, 10, 11, 13], label_0=28, label_1=15
    Val:  13 samples,  3 subjects [12, 17, 18], label_0=10, label_1=3
   Test:  14 samples,  4 subjects [1, 5, 14, 16], label_0=9, label_1=5
  Building window datasets...
    WindowDataset: 6870 windows (class_0=2063, class_1=4807)
    WindowDataset: 1166 windows (class_0=980, class_1=186)
    WindowDataset: 1116 windows (class_0=799, class_1=317)
[DeepConvNet] F=(25,50,100,200) k_time=10 pool=3/3 T=1000 -> embed_dim=1400 (282,275 params)
  Trainable parameters: 641,318
  Class weights: [1.6650508642196655, 0.7145829200744629]
  Fold 1 | Ep   1/100 | t_loss=0.2312 t_acc=0.526 | v_win_bal=0.500 v_rec_bal=0.500 | lr=3.3e-04 | 3.5s
  Fold 1 | Ep   2/100 | t_loss=0.1720 t_acc=0.572 | v_win_bal=0.500 v_rec_bal=0.500 | lr=6.7e-04 | 1.5s
  Fold 1 | Ep   3/100 | t_loss=0.1522 t_acc=0.700 | v_win_bal=0.500 v_rec_bal=0.500 | lr=1.0e-03 | 1.5s
  Fold 1 | Ep   4/100 | t_loss=0.1266 t_acc=0.766 | v_win_bal=0.500 v_rec_bal=0.500 | lr=1.0e-03 | 1.7s
  Fold 1 | Ep   5/100 | t_loss=0.1052 t_acc=0.829 | v_win_bal=0.500 v_rec_bal=0.500 | lr=1.0e-03 | 1.6s
  Fold 1 | Ep   6/100 | t_loss=0.0910 t_acc=0.856 | v_win_bal=0.500 v_rec_bal=0.500 | lr=1.0e-03 | 1.7s
  Fold 1 | Ep   7/100 | t_loss=0.0773 t_acc=0.882 | v_win_bal=0.501 v_rec_bal=0.500 | lr=1.0e-03 | 1.6s
  Fold 1 | Ep   8/100 | t_loss=0.0643 t_acc=0.909 | v_win_bal=0.501 v_rec_bal=0.500 | lr=9.9e-04 | 1.6s
  Fold 1 | Ep   9/100 | t_loss=0.0552 t_acc=0.921 | v_win_bal=0.502 v_rec_bal=0.500 | lr=9.9e-04 | 1.5s
  Fold 1 | Ep  10/100 | t_loss=0.0467 t_acc=0.940 | v_win_bal=0.501 v_rec_bal=0.500 | lr=9.9e-04 | 1.5s
  Fold 1 | Ep  11/100 | t_loss=0.0404 t_acc=0.952 | v_win_bal=0.504 v_rec_bal=0.500 | lr=9.8e-04 | 1.5s
  Fold 1 | Ep  12/100 | t_loss=0.0374 t_acc=0.955 | v_win_bal=0.509 v_rec_bal=0.500 | lr=9.8e-04 | 1.5s
  Fold 1 | Ep  13/100 | t_loss=0.0309 t_acc=0.966 | v_win_bal=0.505 v_rec_bal=0.500 | lr=9.7e-04 | 1.7s
  Fold 1 | Ep  14/100 | t_loss=0.0317 t_acc=0.965 | v_win_bal=0.502 v_rec_bal=0.500 | lr=9.7e-04 | 1.5s
  Fold 1 | Ep  15/100 | t_loss=0.0305 t_acc=0.968 | v_win_bal=0.515 v_rec_bal=0.500 | lr=9.6e-04 | 1.5s
  Fold 1 | Ep  16/100 | t_loss=0.0263 t_acc=0.969 | v_win_bal=0.527 v_rec_bal=0.500 | lr=9.6e-04 | 1.7s
  Fold 1 | Ep  17/100 | t_loss=0.0277 t_acc=0.971 | v_win_bal=0.515 v_rec_bal=0.500 | lr=9.5e-04 | 1.5s
  Fold 1 | Ep  18/100 | t_loss=0.0249 t_acc=0.973 | v_win_bal=0.542 v_rec_bal=0.500 | lr=9.4e-04 | 1.5s
  Fold 1 | Ep  19/100 | t_loss=0.0222 t_acc=0.976 | v_win_bal=0.521 v_rec_bal=0.500 | lr=9.3e-04 | 1.5s
  Fold 1 | Ep  20/100 | t_loss=0.0200 t_acc=0.981 | v_win_bal=0.523 v_rec_bal=0.500 | lr=9.3e-04 | 1.5s
  Fold 1 | Ep  21/100 | t_loss=0.0262 t_acc=0.975 | v_win_bal=0.554 v_rec_bal=0.500 | lr=9.2e-04 | 1.5s
  Early stop at epoch 21
  -> Test (best @ epoch 1): acc=0.3571, bal_acc=0.5000

============================================================
Fold 2/5
============================================================
  Train:  43 samples, 10 subjects [2, 3, 4, 6, 7, 9, 10, 11, 13, 18], label_0=28, label_1=15
    Val:  14 samples,  4 subjects [1, 5, 14, 16], label_0=9, label_1=5
   Test:  13 samples,  3 subjects [8, 12, 17], label_0=10, label_1=3
  Building window datasets...
    WindowDataset: 6852 windows (class_0=2045, class_1=4807)
    WindowDataset: 1116 windows (class_0=799, class_1=317)
    WindowDataset: 1184 windows (class_0=998, class_1=186)
[DeepConvNet] F=(25,50,100,200) k_time=10 pool=3/3 T=1000 -> embed_dim=1400 (282,275 params)
  Fold 2 | Ep   1/100 | t_loss=0.2486 t_acc=0.490 | v_win_bal=0.500 v_rec_bal=0.500 | lr=3.3e-04 | 1.5s
  Fold 2 | Ep   2/100 | t_loss=0.1698 t_acc=0.578 | v_win_bal=0.500 v_rec_bal=0.500 | lr=6.7e-04 | 1.6s
  Fold 2 | Ep   3/100 | t_loss=0.1546 t_acc=0.695 | v_win_bal=0.500 v_rec_bal=0.500 | lr=1.0e-03 | 1.6s
  Fold 2 | Ep   4/100 | t_loss=0.1272 t_acc=0.768 | v_win_bal=0.500 v_rec_bal=0.500 | lr=1.0e-03 | 1.5s
  Fold 2 | Ep   5/100 | t_loss=0.0975 t_acc=0.838 | v_win_bal=0.500 v_rec_bal=0.500 | lr=1.0e-03 | 1.6s
  Fold 2 | Ep   6/100 | t_loss=0.0787 t_acc=0.882 | v_win_bal=0.500 v_rec_bal=0.500 | lr=1.0e-03 | 1.9s
  Fold 2 | Ep   7/100 | t_loss=0.0641 t_acc=0.915 | v_win_bal=0.500 v_rec_bal=0.500 | lr=1.0e-03 | 1.7s
  Fold 2 | Ep   8/100 | t_loss=0.0529 t_acc=0.933 | v_win_bal=0.500 v_rec_bal=0.500 | lr=9.9e-04 | 1.6s
  Fold 2 | Ep   9/100 | t_loss=0.0441 t_acc=0.948 | v_win_bal=0.500 v_rec_bal=0.500 | lr=9.9e-04 | 1.7s
  Fold 2 | Ep  10/100 | t_loss=0.0399 t_acc=0.956 | v_win_bal=0.500 v_rec_bal=0.500 | lr=9.9e-04 | 1.6s
  Fold 2 | Ep  11/100 | t_loss=0.0356 t_acc=0.959 | v_win_bal=0.501 v_rec_bal=0.500 | lr=9.8e-04 | 1.9s
  Fold 2 | Ep  12/100 | t_loss=0.0298 t_acc=0.966 | v_win_bal=0.501 v_rec_bal=0.500 | lr=9.8e-04 | 1.6s
  Fold 2 | Ep  13/100 | t_loss=0.0315 t_acc=0.968 | v_win_bal=0.506 v_rec_bal=0.500 | lr=9.7e-04 | 1.6s
  Fold 2 | Ep  14/100 | t_loss=0.0281 t_acc=0.971 | v_win_bal=0.508 v_rec_bal=0.500 | lr=9.7e-04 | 1.6s
  Fold 2 | Ep  15/100 | t_loss=0.0211 t_acc=0.978 | v_win_bal=0.521 v_rec_bal=0.500 | lr=9.6e-04 | 1.6s
  Fold 2 | Ep  16/100 | t_loss=0.0243 t_acc=0.974 | v_win_bal=0.515 v_rec_bal=0.500 | lr=9.6e-04 | 1.6s
  Fold 2 | Ep  17/100 | t_loss=0.0272 t_acc=0.979 | v_win_bal=0.518 v_rec_bal=0.500 | lr=9.5e-04 | 1.6s
  Fold 2 | Ep  18/100 | t_loss=0.0239 t_acc=0.979 | v_win_bal=0.511 v_rec_bal=0.500 | lr=9.4e-04 | 1.6s
  Fold 2 | Ep  19/100 | t_loss=0.0226 t_acc=0.981 | v_win_bal=0.523 v_rec_bal=0.556 | lr=9.3e-04 | 1.6s
  Fold 2 | Ep  20/100 | t_loss=0.0235 t_acc=0.977 | v_win_bal=0.531 v_rec_bal=0.556 | lr=9.3e-04 | 1.7s
  Fold 2 | Ep  21/100 | t_loss=0.0204 t_acc=0.979 | v_win_bal=0.529 v_rec_bal=0.556 | lr=9.2e-04 | 1.6s
  Fold 2 | Ep  22/100 | t_loss=0.0209 t_acc=0.982 | v_win_bal=0.536 v_rec_bal=0.556 | lr=9.1e-04 | 1.6s
  Fold 2 | Ep  23/100 | t_loss=0.0178 t_acc=0.983 | v_win_bal=0.529 v_rec_bal=0.556 | lr=9.0e-04 | 1.6s
  Fold 2 | Ep  24/100 | t_loss=0.0153 t_acc=0.984 | v_win_bal=0.528 v_rec_bal=0.556 | lr=8.9e-04 | 1.7s
  Fold 2 | Ep  25/100 | t_loss=0.0183 t_acc=0.984 | v_win_bal=0.538 v_rec_bal=0.556 | lr=8.8e-04 | 1.5s
  Fold 2 | Ep  26/100 | t_loss=0.0164 t_acc=0.986 | v_win_bal=0.539 v_rec_bal=0.556 | lr=8.7e-04 | 1.6s
  Fold 2 | Ep  27/100 | t_loss=0.0145 t_acc=0.987 | v_win_bal=0.539 v_rec_bal=0.556 | lr=8.6e-04 | 1.7s
  Fold 2 | Ep  28/100 | t_loss=0.0141 t_acc=0.987 | v_win_bal=0.543 v_rec_bal=0.556 | lr=8.4e-04 | 1.6s
  Fold 2 | Ep  29/100 | t_loss=0.0134 t_acc=0.990 | v_win_bal=0.546 v_rec_bal=0.556 | lr=8.3e-04 | 1.6s
  Fold 2 | Ep  30/100 | t_loss=0.0117 t_acc=0.990 | v_win_bal=0.548 v_rec_bal=0.556 | lr=8.2e-04 | 1.8s
  Fold 2 | Ep  31/100 | t_loss=0.0151 t_acc=0.988 | v_win_bal=0.542 v_rec_bal=0.556 | lr=8.1e-04 | 1.6s
  Fold 2 | Ep  32/100 | t_loss=0.0148 t_acc=0.985 | v_win_bal=0.554 v_rec_bal=0.556 | lr=8.0e-04 | 1.5s
  Fold 2 | Ep  33/100 | t_loss=0.0163 t_acc=0.988 | v_win_bal=0.556 v_rec_bal=0.556 | lr=7.8e-04 | 1.6s
  Fold 2 | Ep  34/100 | t_loss=0.0141 t_acc=0.989 | v_win_bal=0.546 v_rec_bal=0.556 | lr=7.7e-04 | 1.6s
  Fold 2 | Ep  35/100 | t_loss=0.0118 t_acc=0.989 | v_win_bal=0.560 v_rec_bal=0.556 | lr=7.5e-04 | 1.6s
  Fold 2 | Ep  36/100 | t_loss=0.0118 t_acc=0.988 | v_win_bal=0.550 v_rec_bal=0.556 | lr=7.4e-04 | 1.6s
  Fold 2 | Ep  37/100 | t_loss=0.0076 t_acc=0.993 | v_win_bal=0.558 v_rec_bal=0.556 | lr=7.3e-04 | 1.6s
  Fold 2 | Ep  38/100 | t_loss=0.0197 t_acc=0.986 | v_win_bal=0.558 v_rec_bal=0.556 | lr=7.1e-04 | 1.6s
  Fold 2 | Ep  39/100 | t_loss=0.0073 t_acc=0.993 | v_win_bal=0.556 v_rec_bal=0.556 | lr=7.0e-04 | 1.6s
  Fold 2 | Ep  40/100 | t_loss=0.0115 t_acc=0.991 | v_win_bal=0.588 v_rec_bal=0.556 | lr=6.8e-04 | 1.6s
  Fold 2 | Ep  41/100 | t_loss=0.0083 t_acc=0.992 | v_win_bal=0.548 v_rec_bal=0.556 | lr=6.7e-04 | 1.8s
  Early stop at epoch 41
  -> Test (best @ epoch 19): acc=0.2308, bal_acc=0.5000

============================================================
Fold 3/5
============================================================
  Train:  40 samples, 10 subjects [3, 4, 7, 8, 9, 10, 12, 16, 17, 18], label_0=28, label_1=12
    Val:  14 samples,  4 subjects [1, 2, 5, 14], label_0=9, label_1=5
   Test:  16 samples,  3 subjects [6, 11, 13], label_0=10, label_1=6
  Building window datasets...
    WindowDataset: 5447 windows (class_0=2211, class_1=3236)
    WindowDataset: 1110 windows (class_0=793, class_1=317)
    WindowDataset: 1419 windows (class_0=838, class_1=581)
[DeepConvNet] F=(25,50,100,200) k_time=10 pool=3/3 T=1000 -> embed_dim=1400 (282,275 params)
  Fold 3 | Ep   1/100 | t_loss=0.2430 t_acc=0.511 | v_win_bal=0.500 v_rec_bal=0.500 | lr=3.3e-04 | 1.3s
  Fold 3 | Ep   2/100 | t_loss=0.1761 t_acc=0.505 | v_win_bal=0.500 v_rec_bal=0.500 | lr=6.7e-04 | 1.3s
  Fold 3 | Ep   3/100 | t_loss=0.1744 t_acc=0.517 | v_win_bal=0.500 v_rec_bal=0.500 | lr=1.0e-03 | 1.3s
  Fold 3 | Ep   4/100 | t_loss=0.1708 t_acc=0.561 | v_win_bal=0.471 v_rec_bal=0.500 | lr=1.0e-03 | 1.3s
  Fold 3 | Ep   5/100 | t_loss=0.1450 t_acc=0.686 | v_win_bal=0.500 v_rec_bal=0.500 | lr=1.0e-03 | 1.3s
  Fold 3 | Ep   6/100 | t_loss=0.1003 t_acc=0.836 | v_win_bal=0.500 v_rec_bal=0.500 | lr=1.0e-03 | 1.3s
  Fold 3 | Ep   7/100 | t_loss=0.0612 t_acc=0.915 | v_win_bal=0.500 v_rec_bal=0.500 | lr=1.0e-03 | 1.3s
  Fold 3 | Ep   8/100 | t_loss=0.0395 t_acc=0.950 | v_win_bal=0.500 v_rec_bal=0.500 | lr=9.9e-04 | 1.3s
  Fold 3 | Ep   9/100 | t_loss=0.0291 t_acc=0.968 | v_win_bal=0.500 v_rec_bal=0.500 | lr=9.9e-04 | 1.3s
  Fold 3 | Ep  10/100 | t_loss=0.0248 t_acc=0.973 | v_win_bal=0.500 v_rec_bal=0.500 | lr=9.9e-04 | 1.3s
  Fold 3 | Ep  11/100 | t_loss=0.0200 t_acc=0.979 | v_win_bal=0.500 v_rec_bal=0.500 | lr=9.8e-04 | 1.3s
  Fold 3 | Ep  12/100 | t_loss=0.0185 t_acc=0.981 | v_win_bal=0.500 v_rec_bal=0.500 | lr=9.8e-04 | 1.3s
  Fold 3 | Ep  13/100 | t_loss=0.0151 t_acc=0.984 | v_win_bal=0.500 v_rec_bal=0.500 | lr=9.7e-04 | 1.3s
  Fold 3 | Ep  14/100 | t_loss=0.0141 t_acc=0.985 | v_win_bal=0.500 v_rec_bal=0.500 | lr=9.7e-04 | 1.3s
  Fold 3 | Ep  15/100 | t_loss=0.0133 t_acc=0.987 | v_win_bal=0.500 v_rec_bal=0.500 | lr=9.6e-04 | 1.3s
  Fold 3 | Ep  16/100 | t_loss=0.0120 t_acc=0.987 | v_win_bal=0.500 v_rec_bal=0.500 | lr=9.6e-04 | 1.3s
  Fold 3 | Ep  17/100 | t_loss=0.0085 t_acc=0.993 | v_win_bal=0.500 v_rec_bal=0.500 | lr=9.5e-04 | 1.3s
  Fold 3 | Ep  18/100 | t_loss=0.0089 t_acc=0.992 | v_win_bal=0.500 v_rec_bal=0.500 | lr=9.4e-04 | 1.3s
  Fold 3 | Ep  19/100 | t_loss=0.0117 t_acc=0.991 | v_win_bal=0.500 v_rec_bal=0.500 | lr=9.3e-04 | 1.3s
  Fold 3 | Ep  20/100 | t_loss=0.0071 t_acc=0.993 | v_win_bal=0.500 v_rec_bal=0.500 | lr=9.3e-04 | 1.3s
  Fold 3 | Ep  21/100 | t_loss=0.0086 t_acc=0.993 | v_win_bal=0.500 v_rec_bal=0.500 | lr=9.2e-04 | 1.4s
  Early stop at epoch 21
  -> Test (best @ epoch 1): acc=0.3750, bal_acc=0.5000

============================================================
Fold 4/5
============================================================
  Train:  44 samples,  9 subjects [3, 5, 6, 7, 8, 11, 13, 17, 18], label_0=29, label_1=15
    Val:  14 samples,  4 subjects [1, 12, 14, 16], label_0=9, label_1=5
   Test:  12 samples,  4 subjects [2, 4, 9, 10], label_0=9, label_1=3
  Building window datasets...
    WindowDataset: 6535 windows (class_0=2032, class_1=4503)
    WindowDataset: 1463 windows (class_0=1146, class_1=317)
    WindowDataset: 926 windows (class_0=664, class_1=262)
[DeepConvNet] F=(25,50,100,200) k_time=10 pool=3/3 T=1000 -> embed_dim=1400 (282,275 params)
  Fold 4 | Ep   1/100 | t_loss=0.2576 t_acc=0.500 | v_win_bal=0.500 v_rec_bal=0.500 | lr=3.3e-04 | 1.6s
  Fold 4 | Ep   2/100 | t_loss=0.1767 t_acc=0.468 | v_win_bal=0.500 v_rec_bal=0.500 | lr=6.7e-04 | 1.5s
  Fold 4 | Ep   3/100 | t_loss=0.1748 t_acc=0.477 | v_win_bal=0.500 v_rec_bal=0.500 | lr=1.0e-03 | 1.5s
  Fold 4 | Ep   4/100 | t_loss=0.1731 t_acc=0.480 | v_win_bal=0.494 v_rec_bal=0.500 | lr=1.0e-03 | 1.5s
  Fold 4 | Ep   5/100 | t_loss=0.1651 t_acc=0.590 | v_win_bal=0.478 v_rec_bal=0.500 | lr=1.0e-03 | 1.5s
  Fold 4 | Ep   6/100 | t_loss=0.1481 t_acc=0.690 | v_win_bal=0.500 v_rec_bal=0.500 | lr=1.0e-03 | 1.5s
  Fold 4 | Ep   7/100 | t_loss=0.1295 t_acc=0.756 | v_win_bal=0.495 v_rec_bal=0.500 | lr=1.0e-03 | 1.5s
  Fold 4 | Ep   8/100 | t_loss=0.1194 t_acc=0.779 | v_win_bal=0.500 v_rec_bal=0.500 | lr=9.9e-04 | 1.5s
  Fold 4 | Ep   9/100 | t_loss=0.1048 t_acc=0.826 | v_win_bal=0.500 v_rec_bal=0.500 | lr=9.9e-04 | 1.5s
  Fold 4 | Ep  10/100 | t_loss=0.0905 t_acc=0.867 | v_win_bal=0.500 v_rec_bal=0.500 | lr=9.9e-04 | 1.6s
  Fold 4 | Ep  11/100 | t_loss=0.0749 t_acc=0.898 | v_win_bal=0.500 v_rec_bal=0.500 | lr=9.8e-04 | 1.6s
  Fold 4 | Ep  12/100 | t_loss=0.0596 t_acc=0.932 | v_win_bal=0.500 v_rec_bal=0.500 | lr=9.8e-04 | 1.5s
  Fold 4 | Ep  13/100 | t_loss=0.0566 t_acc=0.943 | v_win_bal=0.500 v_rec_bal=0.500 | lr=9.7e-04 | 1.5s
  Fold 4 | Ep  14/100 | t_loss=0.0492 t_acc=0.951 | v_win_bal=0.500 v_rec_bal=0.500 | lr=9.7e-04 | 1.5s
  Fold 4 | Ep  15/100 | t_loss=0.0471 t_acc=0.963 | v_win_bal=0.500 v_rec_bal=0.500 | lr=9.6e-04 | 1.5s
  Fold 4 | Ep  16/100 | t_loss=0.0388 t_acc=0.966 | v_win_bal=0.500 v_rec_bal=0.500 | lr=9.6e-04 | 1.5s
  Fold 4 | Ep  17/100 | t_loss=0.0329 t_acc=0.969 | v_win_bal=0.500 v_rec_bal=0.500 | lr=9.5e-04 | 1.7s
  Fold 4 | Ep  18/100 | t_loss=0.0307 t_acc=0.974 | v_win_bal=0.502 v_rec_bal=0.500 | lr=9.4e-04 | 1.6s
  Fold 4 | Ep  19/100 | t_loss=0.0300 t_acc=0.978 | v_win_bal=0.500 v_rec_bal=0.500 | lr=9.3e-04 | 1.5s
  Fold 4 | Ep  20/100 | t_loss=0.0317 t_acc=0.976 | v_win_bal=0.500 v_rec_bal=0.500 | lr=9.3e-04 | 1.5s
  Fold 4 | Ep  21/100 | t_loss=0.0247 t_acc=0.977 | v_win_bal=0.500 v_rec_bal=0.500 | lr=9.2e-04 | 1.5s
  Early stop at epoch 21
  -> Test (best @ epoch 1): acc=0.7500, bal_acc=0.5000

============================================================
Fold 5/5
============================================================
  Train:  41 samples, 10 subjects [2, 4, 5, 6, 8, 10, 11, 13, 14, 17], label_0=29, label_1=12
    Val:  14 samples,  4 subjects [1, 9, 12, 16], label_0=9, label_1=5
   Test:  15 samples,  3 subjects [3, 7, 18], label_0=9, label_1=6
  Building window datasets...
    WindowDataset: 6349 windows (class_0=2269, class_1=4080)
    WindowDataset: 1347 windows (class_0=1030, class_1=317)
    WindowDataset: 913 windows (class_0=543, class_1=370)
[DeepConvNet] F=(25,50,100,200) k_time=10 pool=3/3 T=1000 -> embed_dim=1400 (282,275 params)
  Fold 5 | Ep   1/100 | t_loss=0.2319 t_acc=0.502 | v_win_bal=0.500 v_rec_bal=0.500 | lr=3.3e-04 | 1.5s
  Fold 5 | Ep   2/100 | t_loss=0.1747 t_acc=0.538 | v_win_bal=0.500 v_rec_bal=0.500 | lr=6.7e-04 | 1.7s
  Fold 5 | Ep   3/100 | t_loss=0.1679 t_acc=0.615 | v_win_bal=0.501 v_rec_bal=0.500 | lr=1.0e-03 | 1.7s
  Fold 5 | Ep   4/100 | t_loss=0.1390 t_acc=0.716 | v_win_bal=0.553 v_rec_bal=0.500 | lr=1.0e-03 | 1.5s
  Fold 5 | Ep   5/100 | t_loss=0.1095 t_acc=0.825 | v_win_bal=0.626 v_rec_bal=0.556 | lr=1.0e-03 | 1.5s
  Fold 5 | Ep   6/100 | t_loss=0.0815 t_acc=0.886 | v_win_bal=0.614 v_rec_bal=0.556 | lr=1.0e-03 | 1.6s
  Fold 5 | Ep   7/100 | t_loss=0.0591 t_acc=0.924 | v_win_bal=0.671 v_rec_bal=0.667 | lr=1.0e-03 | 1.5s
  Fold 5 | Ep   8/100 | t_loss=0.0478 t_acc=0.943 | v_win_bal=0.704 v_rec_bal=0.667 | lr=9.9e-04 | 1.5s
  Fold 5 | Ep   9/100 | t_loss=0.0438 t_acc=0.950 | v_win_bal=0.665 v_rec_bal=0.667 | lr=9.9e-04 | 1.6s
  Fold 5 | Ep  10/100 | t_loss=0.0393 t_acc=0.957 | v_win_bal=0.685 v_rec_bal=0.667 | lr=9.9e-04 | 1.5s
  Fold 5 | Ep  11/100 | t_loss=0.0317 t_acc=0.962 | v_win_bal=0.671 v_rec_bal=0.667 | lr=9.8e-04 | 1.5s
  Fold 5 | Ep  12/100 | t_loss=0.0284 t_acc=0.970 | v_win_bal=0.686 v_rec_bal=0.667 | lr=9.8e-04 | 1.5s
  Fold 5 | Ep  13/100 | t_loss=0.0234 t_acc=0.975 | v_win_bal=0.727 v_rec_bal=0.667 | lr=9.7e-04 | 1.9s
  Fold 5 | Ep  14/100 | t_loss=0.0220 t_acc=0.976 | v_win_bal=0.714 v_rec_bal=0.667 | lr=9.7e-04 | 1.7s
  Fold 5 | Ep  15/100 | t_loss=0.0229 t_acc=0.977 | v_win_bal=0.766 v_rec_bal=0.778 | lr=9.6e-04 | 1.5s
  Fold 5 | Ep  16/100 | t_loss=0.0196 t_acc=0.979 | v_win_bal=0.807 v_rec_bal=0.833 | lr=9.6e-04 | 1.5s
  Fold 5 | Ep  17/100 | t_loss=0.0194 t_acc=0.981 | v_win_bal=0.767 v_rec_bal=0.722 | lr=9.5e-04 | 1.7s
  Fold 5 | Ep  18/100 | t_loss=0.0182 t_acc=0.983 | v_win_bal=0.761 v_rec_bal=0.722 | lr=9.4e-04 | 1.5s
  Fold 5 | Ep  19/100 | t_loss=0.0176 t_acc=0.982 | v_win_bal=0.793 v_rec_bal=0.833 | lr=9.3e-04 | 1.5s
  Fold 5 | Ep  20/100 | t_loss=0.0152 t_acc=0.986 | v_win_bal=0.745 v_rec_bal=0.667 | lr=9.3e-04 | 1.5s
  Fold 5 | Ep  21/100 | t_loss=0.0170 t_acc=0.984 | v_win_bal=0.765 v_rec_bal=0.722 | lr=9.2e-04 | 1.5s
  Fold 5 | Ep  22/100 | t_loss=0.0112 t_acc=0.989 | v_win_bal=0.773 v_rec_bal=0.722 | lr=9.1e-04 | 1.5s
  Fold 5 | Ep  23/100 | t_loss=0.0161 t_acc=0.988 | v_win_bal=0.780 v_rec_bal=0.833 | lr=9.0e-04 | 1.5s
  Fold 5 | Ep  24/100 | t_loss=0.0186 t_acc=0.983 | v_win_bal=0.752 v_rec_bal=0.667 | lr=8.9e-04 | 1.5s
  Fold 5 | Ep  25/100 | t_loss=0.0153 t_acc=0.987 | v_win_bal=0.824 v_rec_bal=0.833 | lr=8.8e-04 | 1.5s
  Fold 5 | Ep  26/100 | t_loss=0.0156 t_acc=0.989 | v_win_bal=0.779 v_rec_bal=0.778 | lr=8.7e-04 | 1.5s
  Fold 5 | Ep  27/100 | t_loss=0.0115 t_acc=0.989 | v_win_bal=0.815 v_rec_bal=0.833 | lr=8.6e-04 | 1.5s
  Fold 5 | Ep  28/100 | t_loss=0.0105 t_acc=0.989 | v_win_bal=0.817 v_rec_bal=0.833 | lr=8.4e-04 | 1.5s
  Fold 5 | Ep  29/100 | t_loss=0.0157 t_acc=0.988 | v_win_bal=0.766 v_rec_bal=0.722 | lr=8.3e-04 | 1.5s
  Fold 5 | Ep  30/100 | t_loss=0.0101 t_acc=0.990 | v_win_bal=0.781 v_rec_bal=0.778 | lr=8.2e-04 | 1.5s
  Fold 5 | Ep  31/100 | t_loss=0.0095 t_acc=0.993 | v_win_bal=0.821 v_rec_bal=0.833 | lr=8.1e-04 | 1.5s
  Fold 5 | Ep  32/100 | t_loss=0.0126 t_acc=0.991 | v_win_bal=0.789 v_rec_bal=0.778 | lr=8.0e-04 | 1.5s
  Fold 5 | Ep  33/100 | t_loss=0.0088 t_acc=0.992 | v_win_bal=0.797 v_rec_bal=0.778 | lr=7.8e-04 | 1.5s
  Fold 5 | Ep  34/100 | t_loss=0.0110 t_acc=0.991 | v_win_bal=0.826 v_rec_bal=0.833 | lr=7.7e-04 | 1.5s
  Fold 5 | Ep  35/100 | t_loss=0.0106 t_acc=0.991 | v_win_bal=0.823 v_rec_bal=0.833 | lr=7.5e-04 | 1.5s
  Fold 5 | Ep  36/100 | t_loss=0.0091 t_acc=0.990 | v_win_bal=0.808 v_rec_bal=0.833 | lr=7.4e-04 | 1.6s
  Fold 5 | Ep  37/100 | t_loss=0.0097 t_acc=0.992 | v_win_bal=0.820 v_rec_bal=0.833 | lr=7.3e-04 | 1.5s
  Fold 5 | Ep  38/100 | t_loss=0.0097 t_acc=0.991 | v_win_bal=0.829 v_rec_bal=0.833 | lr=7.1e-04 | 1.5s
  Fold 5 | Ep  39/100 | t_loss=0.0116 t_acc=0.990 | v_win_bal=0.825 v_rec_bal=0.833 | lr=7.0e-04 | 1.6s
  Fold 5 | Ep  40/100 | t_loss=0.0088 t_acc=0.993 | v_win_bal=0.820 v_rec_bal=0.833 | lr=6.8e-04 | 1.5s
  Fold 5 | Ep  41/100 | t_loss=0.0084 t_acc=0.992 | v_win_bal=0.807 v_rec_bal=0.778 | lr=6.7e-04 | 1.5s
  Fold 5 | Ep  42/100 | t_loss=0.0083 t_acc=0.993 | v_win_bal=0.818 v_rec_bal=0.833 | lr=6.5e-04 | 1.5s
  Fold 5 | Ep  43/100 | t_loss=0.0069 t_acc=0.994 | v_win_bal=0.834 v_rec_bal=0.833 | lr=6.4e-04 | 1.6s
  Fold 5 | Ep  44/100 | t_loss=0.0083 t_acc=0.995 | v_win_bal=0.825 v_rec_bal=0.833 | lr=6.2e-04 | 1.5s
  Fold 5 | Ep  45/100 | t_loss=0.0083 t_acc=0.993 | v_win_bal=0.821 v_rec_bal=0.833 | lr=6.0e-04 | 1.5s
  Fold 5 | Ep  46/100 | t_loss=0.0080 t_acc=0.993 | v_win_bal=0.815 v_rec_bal=0.833 | lr=5.9e-04 | 1.5s
  Fold 5 | Ep  47/100 | t_loss=0.0074 t_acc=0.994 | v_win_bal=0.827 v_rec_bal=0.833 | lr=5.7e-04 | 1.5s
  Fold 5 | Ep  48/100 | t_loss=0.0080 t_acc=0.994 | v_win_bal=0.817 v_rec_bal=0.833 | lr=5.6e-04 | 1.5s
  Fold 5 | Ep  49/100 | t_loss=0.0079 t_acc=0.994 | v_win_bal=0.807 v_rec_bal=0.778 | lr=5.4e-04 | 1.5s
  Fold 5 | Ep  50/100 | t_loss=0.0045 t_acc=0.996 | v_win_bal=0.829 v_rec_bal=0.833 | lr=5.2e-04 | 1.5s
  Fold 5 | Ep  51/100 | t_loss=0.0067 t_acc=0.995 | v_win_bal=0.830 v_rec_bal=0.833 | lr=5.1e-04 | 1.5s
  Fold 5 | Ep  52/100 | t_loss=0.0071 t_acc=0.993 | v_win_bal=0.823 v_rec_bal=0.833 | lr=4.9e-04 | 1.5s
  Fold 5 | Ep  53/100 | t_loss=0.0055 t_acc=0.994 | v_win_bal=0.796 v_rec_bal=0.778 | lr=4.8e-04 | 1.5s
  Fold 5 | Ep  54/100 | t_loss=0.0066 t_acc=0.996 | v_win_bal=0.808 v_rec_bal=0.778 | lr=4.6e-04 | 1.5s
  Fold 5 | Ep  55/100 | t_loss=0.0045 t_acc=0.996 | v_win_bal=0.832 v_rec_bal=0.833 | lr=4.4e-04 | 1.5s
  Fold 5 | Ep  56/100 | t_loss=0.0084 t_acc=0.994 | v_win_bal=0.824 v_rec_bal=0.833 | lr=4.3e-04 | 1.6s
  Early stop at epoch 56
  -> Test (best @ epoch 16): acc=0.4667, bal_acc=0.5000

============================================================
Global Results (5-Fold, subject-level CV)
Mode: FT | Extractor: deepconvnet | Loss: focal
============================================================
              acc: 0.4286
          bal_acc: 0.5190
               f1: 0.4074
            kappa: 0.0285
  Total predictions: 70 (should equal dataset size: 70)

Results saved to results/hp_sweep/20260409_main/deepconvnet/deepconvnet_dropout0.5_lr1e-3_s123/
