CMD: /raid/jupyter-linjimmy1003.md10/.conda/envs/stress/bin/python train_ft.py --extractor deepconvnet --seed 42 --device cuda:4 --run-id hp_sweep/20260409_main/deepconvnet/deepconvnet_dropout0.5_lr3e-4_s42 --mode ft --folds 5 --epochs 100 --patience 20 --batch-size 32 --label subject-dass --loss focal --head-hidden 128 --csv data/comprehensive_labels.csv --weight-decay 0.05 --grad-clip 2.0 --warmup-epochs 3 --aug-overlap 0.75 --norm zscore --dropout 0.5 --lr 0.0003

/raid/jupyter-linjimmy1003.md10/.conda/envs/stress/lib/python3.11/site-packages/timm/models/layers/__init__.py:49: FutureWarning: Importing from timm.models.layers is deprecated, please import via timm.layers
  warnings.warn(f"Importing from {__name__} is deprecated, please import via timm.layers", FutureWarning)
Mode: FT | Extractor: deepconvnet | Folds: 5
LR: 0.0003 | WD: 0.05 | Beta2: 0.999 | Grad clip: 2.0
Head: hidden=128, dropout=0.5 | Norm: zscore | Loss: focal
Full FT: encoder_lr_scale=0.1
Augmentation: 75% overlap for increase class

Results → results/hp_sweep/20260409_main/deepconvnet/deepconvnet_dropout0.5_lr3e-4_s42/
Dataset: 70 recordings loaded (14 increase, 56 normal)
Cache: 70 recordings ready (70 cached, 0 new)
Subject-DASS labels: increase=23 (5 subjects), normal=47

============================================================
Fold 1/5
============================================================
  Train:  43 samples, 10 subjects [2, 3, 5, 6, 7, 9, 11, 13, 17, 18], label_0=28, label_1=15
    Val:  13 samples,  3 subjects [4, 8, 10], label_0=10, label_1=3
   Test:  14 samples,  4 subjects [1, 12, 14, 16], label_0=9, label_1=5
  Building window datasets...
    WindowDataset: 6561 windows (class_0=2058, class_1=4503)
    WindowDataset: 900 windows (class_0=638, class_1=262)
    WindowDataset: 1463 windows (class_0=1146, class_1=317)
[DeepConvNet] F=(25,50,100,200) k_time=10 pool=3/3 T=1000 -> embed_dim=1400 (282,275 params)
  Trainable parameters: 641,318
  Class weights: [1.59402334690094, 0.7285143136978149]
  Fold 1 | Ep   1/100 | t_loss=0.2699 t_acc=0.523 | v_win_bal=0.500 v_rec_bal=0.500 | lr=1.0e-04 | 4.4s
  Fold 1 | Ep   2/100 | t_loss=0.1861 t_acc=0.533 | v_win_bal=0.500 v_rec_bal=0.500 | lr=2.0e-04 | 1.7s
  Fold 1 | Ep   3/100 | t_loss=0.1763 t_acc=0.553 | v_win_bal=0.500 v_rec_bal=0.500 | lr=3.0e-04 | 1.6s
  Fold 1 | Ep   4/100 | t_loss=0.1718 t_acc=0.572 | v_win_bal=0.500 v_rec_bal=0.500 | lr=3.0e-04 | 1.6s
  Fold 1 | Ep   5/100 | t_loss=0.1684 t_acc=0.605 | v_win_bal=0.500 v_rec_bal=0.500 | lr=3.0e-04 | 1.5s
  Fold 1 | Ep   6/100 | t_loss=0.1637 t_acc=0.631 | v_win_bal=0.421 v_rec_bal=0.500 | lr=3.0e-04 | 1.4s
  Fold 1 | Ep   7/100 | t_loss=0.1542 t_acc=0.667 | v_win_bal=0.500 v_rec_bal=0.500 | lr=3.0e-04 | 1.4s
  Fold 1 | Ep   8/100 | t_loss=0.1407 t_acc=0.727 | v_win_bal=0.500 v_rec_bal=0.500 | lr=3.0e-04 | 1.5s
  Fold 1 | Ep   9/100 | t_loss=0.1235 t_acc=0.781 | v_win_bal=0.500 v_rec_bal=0.500 | lr=3.0e-04 | 1.7s
  Fold 1 | Ep  10/100 | t_loss=0.1091 t_acc=0.821 | v_win_bal=0.500 v_rec_bal=0.500 | lr=3.0e-04 | 1.4s
  Fold 1 | Ep  11/100 | t_loss=0.1026 t_acc=0.830 | v_win_bal=0.500 v_rec_bal=0.500 | lr=2.9e-04 | 1.4s
  Fold 1 | Ep  12/100 | t_loss=0.0914 t_acc=0.859 | v_win_bal=0.500 v_rec_bal=0.500 | lr=2.9e-04 | 1.5s
  Fold 1 | Ep  13/100 | t_loss=0.0798 t_acc=0.883 | v_win_bal=0.500 v_rec_bal=0.500 | lr=2.9e-04 | 1.4s
  Fold 1 | Ep  14/100 | t_loss=0.0720 t_acc=0.896 | v_win_bal=0.500 v_rec_bal=0.500 | lr=2.9e-04 | 1.4s
  Fold 1 | Ep  15/100 | t_loss=0.0656 t_acc=0.914 | v_win_bal=0.500 v_rec_bal=0.500 | lr=2.9e-04 | 1.4s
  Fold 1 | Ep  16/100 | t_loss=0.0604 t_acc=0.916 | v_win_bal=0.500 v_rec_bal=0.500 | lr=2.9e-04 | 1.4s
  Fold 1 | Ep  17/100 | t_loss=0.0578 t_acc=0.924 | v_win_bal=0.500 v_rec_bal=0.500 | lr=2.8e-04 | 1.5s
  Fold 1 | Ep  18/100 | t_loss=0.0538 t_acc=0.928 | v_win_bal=0.500 v_rec_bal=0.500 | lr=2.8e-04 | 1.4s
  Fold 1 | Ep  19/100 | t_loss=0.0521 t_acc=0.936 | v_win_bal=0.500 v_rec_bal=0.500 | lr=2.8e-04 | 1.4s
  Fold 1 | Ep  20/100 | t_loss=0.0526 t_acc=0.939 | v_win_bal=0.500 v_rec_bal=0.500 | lr=2.8e-04 | 1.4s
  Fold 1 | Ep  21/100 | t_loss=0.0445 t_acc=0.946 | v_win_bal=0.500 v_rec_bal=0.500 | lr=2.8e-04 | 1.4s
  Early stop at epoch 21
  -> Test (best @ epoch 1): acc=0.3571, bal_acc=0.5000

============================================================
Fold 2/5
============================================================
  Train:  43 samples, 10 subjects [3, 4, 6, 7, 11, 13, 14, 16, 17, 18], label_0=28, label_1=15
    Val:  14 samples,  4 subjects [1, 2, 9, 12], label_0=9, label_1=5
   Test:  13 samples,  3 subjects [5, 8, 10], label_0=10, label_1=3
  Building window datasets...
    WindowDataset: 6670 windows (class_0=2167, class_1=4503)
    WindowDataset: 1341 windows (class_0=1024, class_1=317)
    WindowDataset: 913 windows (class_0=651, class_1=262)
[DeepConvNet] F=(25,50,100,200) k_time=10 pool=3/3 T=1000 -> embed_dim=1400 (282,275 params)
  Fold 2 | Ep   1/100 | t_loss=0.2623 t_acc=0.514 | v_win_bal=0.509 v_rec_bal=0.500 | lr=1.0e-04 | 1.6s
  Fold 2 | Ep   2/100 | t_loss=0.1860 t_acc=0.518 | v_win_bal=0.500 v_rec_bal=0.500 | lr=2.0e-04 | 1.6s
  Fold 2 | Ep   3/100 | t_loss=0.1761 t_acc=0.503 | v_win_bal=0.500 v_rec_bal=0.500 | lr=3.0e-04 | 1.5s
  Fold 2 | Ep   4/100 | t_loss=0.1744 t_acc=0.523 | v_win_bal=0.500 v_rec_bal=0.500 | lr=3.0e-04 | 1.5s
  Fold 2 | Ep   5/100 | t_loss=0.1741 t_acc=0.516 | v_win_bal=0.500 v_rec_bal=0.500 | lr=3.0e-04 | 1.6s
  Fold 2 | Ep   6/100 | t_loss=0.1736 t_acc=0.538 | v_win_bal=0.500 v_rec_bal=0.500 | lr=3.0e-04 | 1.8s
  Fold 2 | Ep   7/100 | t_loss=0.1730 t_acc=0.544 | v_win_bal=0.500 v_rec_bal=0.500 | lr=3.0e-04 | 1.6s
  Fold 2 | Ep   8/100 | t_loss=0.1703 t_acc=0.572 | v_win_bal=0.500 v_rec_bal=0.500 | lr=3.0e-04 | 1.5s
  Fold 2 | Ep   9/100 | t_loss=0.1642 t_acc=0.621 | v_win_bal=0.502 v_rec_bal=0.500 | lr=3.0e-04 | 1.7s
  Fold 2 | Ep  10/100 | t_loss=0.1494 t_acc=0.686 | v_win_bal=0.494 v_rec_bal=0.500 | lr=3.0e-04 | 1.5s
  Fold 2 | Ep  11/100 | t_loss=0.1353 t_acc=0.740 | v_win_bal=0.500 v_rec_bal=0.500 | lr=2.9e-04 | 1.5s
  Fold 2 | Ep  12/100 | t_loss=0.1189 t_acc=0.793 | v_win_bal=0.500 v_rec_bal=0.500 | lr=2.9e-04 | 1.5s
  Fold 2 | Ep  13/100 | t_loss=0.1057 t_acc=0.819 | v_win_bal=0.500 v_rec_bal=0.500 | lr=2.9e-04 | 1.5s
  Fold 2 | Ep  14/100 | t_loss=0.1013 t_acc=0.835 | v_win_bal=0.500 v_rec_bal=0.500 | lr=2.9e-04 | 1.6s
  Fold 2 | Ep  15/100 | t_loss=0.0897 t_acc=0.856 | v_win_bal=0.500 v_rec_bal=0.500 | lr=2.9e-04 | 1.8s
  Fold 2 | Ep  16/100 | t_loss=0.0814 t_acc=0.875 | v_win_bal=0.500 v_rec_bal=0.500 | lr=2.9e-04 | 1.5s
  Fold 2 | Ep  17/100 | t_loss=0.0761 t_acc=0.889 | v_win_bal=0.500 v_rec_bal=0.500 | lr=2.8e-04 | 1.5s
  Fold 2 | Ep  18/100 | t_loss=0.0704 t_acc=0.900 | v_win_bal=0.500 v_rec_bal=0.500 | lr=2.8e-04 | 1.7s
  Fold 2 | Ep  19/100 | t_loss=0.0644 t_acc=0.905 | v_win_bal=0.500 v_rec_bal=0.500 | lr=2.8e-04 | 1.5s
  Fold 2 | Ep  20/100 | t_loss=0.0625 t_acc=0.912 | v_win_bal=0.500 v_rec_bal=0.500 | lr=2.8e-04 | 1.5s
  Fold 2 | Ep  21/100 | t_loss=0.0566 t_acc=0.919 | v_win_bal=0.500 v_rec_bal=0.500 | lr=2.8e-04 | 1.6s
  Early stop at epoch 21
  -> Test (best @ epoch 1): acc=0.7692, bal_acc=0.5000

============================================================
Fold 3/5
============================================================
  Train:  40 samples, 10 subjects [4, 5, 8, 9, 10, 11, 13, 16, 17, 18], label_0=28, label_1=12
    Val:  14 samples,  4 subjects [1, 2, 12, 14], label_0=9, label_1=5
   Test:  16 samples,  3 subjects [3, 6, 7], label_0=10, label_1=6
  Building window datasets...
    WindowDataset: 6192 windows (class_0=2112, class_1=4080)
    WindowDataset: 1457 windows (class_0=1140, class_1=317)
    WindowDataset: 960 windows (class_0=590, class_1=370)
[DeepConvNet] F=(25,50,100,200) k_time=10 pool=3/3 T=1000 -> embed_dim=1400 (282,275 params)
  Fold 3 | Ep   1/100 | t_loss=0.2731 t_acc=0.501 | v_win_bal=0.512 v_rec_bal=0.500 | lr=1.0e-04 | 1.5s
  Fold 3 | Ep   2/100 | t_loss=0.1888 t_acc=0.507 | v_win_bal=0.553 v_rec_bal=0.500 | lr=2.0e-04 | 1.7s
  Fold 3 | Ep   3/100 | t_loss=0.1753 t_acc=0.497 | v_win_bal=0.503 v_rec_bal=0.500 | lr=3.0e-04 | 1.5s
  Fold 3 | Ep   4/100 | t_loss=0.1745 t_acc=0.481 | v_win_bal=0.500 v_rec_bal=0.500 | lr=3.0e-04 | 1.5s
  Fold 3 | Ep   5/100 | t_loss=0.1737 t_acc=0.506 | v_win_bal=0.500 v_rec_bal=0.500 | lr=3.0e-04 | 1.5s
  Fold 3 | Ep   6/100 | t_loss=0.1734 t_acc=0.516 | v_win_bal=0.500 v_rec_bal=0.500 | lr=3.0e-04 | 1.6s
  Fold 3 | Ep   7/100 | t_loss=0.1731 t_acc=0.541 | v_win_bal=0.500 v_rec_bal=0.500 | lr=3.0e-04 | 1.5s
  Fold 3 | Ep   8/100 | t_loss=0.1708 t_acc=0.551 | v_win_bal=0.500 v_rec_bal=0.500 | lr=3.0e-04 | 1.5s
  Fold 3 | Ep   9/100 | t_loss=0.1588 t_acc=0.628 | v_win_bal=0.500 v_rec_bal=0.500 | lr=3.0e-04 | 1.5s
  Fold 3 | Ep  10/100 | t_loss=0.1337 t_acc=0.736 | v_win_bal=0.500 v_rec_bal=0.500 | lr=3.0e-04 | 1.5s
  Fold 3 | Ep  11/100 | t_loss=0.1145 t_acc=0.802 | v_win_bal=0.501 v_rec_bal=0.500 | lr=2.9e-04 | 1.6s
  Fold 3 | Ep  12/100 | t_loss=0.1020 t_acc=0.834 | v_win_bal=0.503 v_rec_bal=0.500 | lr=2.9e-04 | 1.5s
  Fold 3 | Ep  13/100 | t_loss=0.0901 t_acc=0.860 | v_win_bal=0.510 v_rec_bal=0.500 | lr=2.9e-04 | 1.5s
  Fold 3 | Ep  14/100 | t_loss=0.0842 t_acc=0.876 | v_win_bal=0.508 v_rec_bal=0.500 | lr=2.9e-04 | 1.5s
  Fold 3 | Ep  15/100 | t_loss=0.0774 t_acc=0.891 | v_win_bal=0.511 v_rec_bal=0.500 | lr=2.9e-04 | 1.5s
  Fold 3 | Ep  16/100 | t_loss=0.0747 t_acc=0.890 | v_win_bal=0.509 v_rec_bal=0.500 | lr=2.9e-04 | 1.5s
  Fold 3 | Ep  17/100 | t_loss=0.0672 t_acc=0.904 | v_win_bal=0.527 v_rec_bal=0.500 | lr=2.8e-04 | 1.4s
  Fold 3 | Ep  18/100 | t_loss=0.0646 t_acc=0.911 | v_win_bal=0.517 v_rec_bal=0.500 | lr=2.8e-04 | 1.7s
  Fold 3 | Ep  19/100 | t_loss=0.0603 t_acc=0.916 | v_win_bal=0.514 v_rec_bal=0.500 | lr=2.8e-04 | 1.5s
  Fold 3 | Ep  20/100 | t_loss=0.0598 t_acc=0.918 | v_win_bal=0.521 v_rec_bal=0.500 | lr=2.8e-04 | 1.5s
  Fold 3 | Ep  21/100 | t_loss=0.0546 t_acc=0.926 | v_win_bal=0.518 v_rec_bal=0.500 | lr=2.8e-04 | 1.5s
  Early stop at epoch 21
  -> Test (best @ epoch 1): acc=0.3750, bal_acc=0.5000

============================================================
Fold 4/5
============================================================
  Train:  39 samples, 11 subjects [1, 2, 4, 5, 8, 9, 10, 12, 14, 16, 17], label_0=28, label_1=11
    Val:  16 samples,  3 subjects [3, 6, 7], label_0=10, label_1=6
   Test:  15 samples,  3 subjects [11, 13, 18], label_0=9, label_1=6
  Building window datasets...
    WindowDataset: 5488 windows (class_0=2461, class_1=3027)
    WindowDataset: 960 windows (class_0=590, class_1=370)
    WindowDataset: 1372 windows (class_0=791, class_1=581)
[DeepConvNet] F=(25,50,100,200) k_time=10 pool=3/3 T=1000 -> embed_dim=1400 (282,275 params)
  Fold 4 | Ep   1/100 | t_loss=0.2982 t_acc=0.500 | v_win_bal=0.500 v_rec_bal=0.500 | lr=1.0e-04 | 1.3s
  Fold 4 | Ep   2/100 | t_loss=0.1873 t_acc=0.512 | v_win_bal=0.500 v_rec_bal=0.500 | lr=2.0e-04 | 1.3s
  Fold 4 | Ep   3/100 | t_loss=0.1767 t_acc=0.507 | v_win_bal=0.500 v_rec_bal=0.500 | lr=3.0e-04 | 1.3s
  Fold 4 | Ep   4/100 | t_loss=0.1748 t_acc=0.497 | v_win_bal=0.500 v_rec_bal=0.500 | lr=3.0e-04 | 1.3s
  Fold 4 | Ep   5/100 | t_loss=0.1742 t_acc=0.505 | v_win_bal=0.500 v_rec_bal=0.500 | lr=3.0e-04 | 1.2s
  Fold 4 | Ep   6/100 | t_loss=0.1735 t_acc=0.523 | v_win_bal=0.493 v_rec_bal=0.500 | lr=3.0e-04 | 1.2s
  Fold 4 | Ep   7/100 | t_loss=0.1736 t_acc=0.519 | v_win_bal=0.504 v_rec_bal=0.600 | lr=3.0e-04 | 1.2s
  Fold 4 | Ep   8/100 | t_loss=0.1722 t_acc=0.542 | v_win_bal=0.500 v_rec_bal=0.500 | lr=3.0e-04 | 1.3s
  Fold 4 | Ep   9/100 | t_loss=0.1599 t_acc=0.643 | v_win_bal=0.500 v_rec_bal=0.500 | lr=3.0e-04 | 1.2s
  Fold 4 | Ep  10/100 | t_loss=0.1269 t_acc=0.775 | v_win_bal=0.500 v_rec_bal=0.500 | lr=3.0e-04 | 1.3s
  Fold 4 | Ep  11/100 | t_loss=0.0983 t_acc=0.850 | v_win_bal=0.500 v_rec_bal=0.500 | lr=2.9e-04 | 1.2s
  Fold 4 | Ep  12/100 | t_loss=0.0811 t_acc=0.891 | v_win_bal=0.500 v_rec_bal=0.500 | lr=2.9e-04 | 1.3s
  Fold 4 | Ep  13/100 | t_loss=0.0638 t_acc=0.916 | v_win_bal=0.500 v_rec_bal=0.500 | lr=2.9e-04 | 1.7s
  Fold 4 | Ep  14/100 | t_loss=0.0536 t_acc=0.930 | v_win_bal=0.500 v_rec_bal=0.500 | lr=2.9e-04 | 1.3s
  Fold 4 | Ep  15/100 | t_loss=0.0436 t_acc=0.947 | v_win_bal=0.500 v_rec_bal=0.500 | lr=2.9e-04 | 1.3s
  Fold 4 | Ep  16/100 | t_loss=0.0401 t_acc=0.950 | v_win_bal=0.500 v_rec_bal=0.500 | lr=2.9e-04 | 1.2s
  Fold 4 | Ep  17/100 | t_loss=0.0342 t_acc=0.961 | v_win_bal=0.500 v_rec_bal=0.500 | lr=2.8e-04 | 1.2s
  Fold 4 | Ep  18/100 | t_loss=0.0365 t_acc=0.957 | v_win_bal=0.500 v_rec_bal=0.500 | lr=2.8e-04 | 1.2s
  Fold 4 | Ep  19/100 | t_loss=0.0319 t_acc=0.963 | v_win_bal=0.500 v_rec_bal=0.500 | lr=2.8e-04 | 1.4s
  Fold 4 | Ep  20/100 | t_loss=0.0323 t_acc=0.965 | v_win_bal=0.500 v_rec_bal=0.500 | lr=2.8e-04 | 1.2s
  Fold 4 | Ep  21/100 | t_loss=0.0272 t_acc=0.967 | v_win_bal=0.500 v_rec_bal=0.500 | lr=2.8e-04 | 1.2s
  Fold 4 | Ep  22/100 | t_loss=0.0241 t_acc=0.977 | v_win_bal=0.500 v_rec_bal=0.500 | lr=2.7e-04 | 1.2s
  Fold 4 | Ep  23/100 | t_loss=0.0256 t_acc=0.972 | v_win_bal=0.500 v_rec_bal=0.500 | lr=2.7e-04 | 1.2s
  Fold 4 | Ep  24/100 | t_loss=0.0197 t_acc=0.978 | v_win_bal=0.499 v_rec_bal=0.500 | lr=2.7e-04 | 1.2s
  Fold 4 | Ep  25/100 | t_loss=0.0231 t_acc=0.976 | v_win_bal=0.499 v_rec_bal=0.500 | lr=2.6e-04 | 1.2s
  Fold 4 | Ep  26/100 | t_loss=0.0204 t_acc=0.980 | v_win_bal=0.499 v_rec_bal=0.500 | lr=2.6e-04 | 1.2s
  Fold 4 | Ep  27/100 | t_loss=0.0231 t_acc=0.976 | v_win_bal=0.499 v_rec_bal=0.500 | lr=2.6e-04 | 1.2s
  Early stop at epoch 27
  -> Test (best @ epoch 7): acc=0.6000, bal_acc=0.6667

============================================================
Fold 5/5
============================================================
  Train:  44 samples,  9 subjects [3, 5, 6, 7, 8, 10, 11, 13, 18], label_0=29, label_1=15
    Val:  14 samples,  4 subjects [1, 12, 14, 16], label_0=9, label_1=5
   Test:  12 samples,  4 subjects [2, 4, 9, 17], label_0=9, label_1=3
  Building window datasets...
    WindowDataset: 6839 windows (class_0=2032, class_1=4807)
    WindowDataset: 1463 windows (class_0=1146, class_1=317)
    WindowDataset: 850 windows (class_0=664, class_1=186)
[DeepConvNet] F=(25,50,100,200) k_time=10 pool=3/3 T=1000 -> embed_dim=1400 (282,275 params)
  Fold 5 | Ep   1/100 | t_loss=0.2792 t_acc=0.512 | v_win_bal=0.508 v_rec_bal=0.500 | lr=1.0e-04 | 1.6s
  Fold 5 | Ep   2/100 | t_loss=0.1859 t_acc=0.509 | v_win_bal=0.526 v_rec_bal=0.500 | lr=2.0e-04 | 1.6s
  Fold 5 | Ep   3/100 | t_loss=0.1750 t_acc=0.511 | v_win_bal=0.546 v_rec_bal=0.500 | lr=3.0e-04 | 1.7s
  Fold 5 | Ep   4/100 | t_loss=0.1732 t_acc=0.529 | v_win_bal=0.664 v_rec_bal=0.622 | lr=3.0e-04 | 1.6s
  Fold 5 | Ep   5/100 | t_loss=0.1626 t_acc=0.621 | v_win_bal=0.670 v_rec_bal=0.678 | lr=3.0e-04 | 1.6s
  Fold 5 | Ep   6/100 | t_loss=0.1461 t_acc=0.700 | v_win_bal=0.723 v_rec_bal=0.733 | lr=3.0e-04 | 1.6s
  Fold 5 | Ep   7/100 | t_loss=0.1344 t_acc=0.751 | v_win_bal=0.788 v_rec_bal=0.844 | lr=3.0e-04 | 1.8s
  Fold 5 | Ep   8/100 | t_loss=0.1137 t_acc=0.801 | v_win_bal=0.699 v_rec_bal=0.700 | lr=3.0e-04 | 1.6s
  Fold 5 | Ep   9/100 | t_loss=0.0947 t_acc=0.850 | v_win_bal=0.665 v_rec_bal=0.600 | lr=3.0e-04 | 1.6s
  Fold 5 | Ep  10/100 | t_loss=0.0745 t_acc=0.890 | v_win_bal=0.715 v_rec_bal=0.700 | lr=3.0e-04 | 1.6s
  Fold 5 | Ep  11/100 | t_loss=0.0629 t_acc=0.910 | v_win_bal=0.716 v_rec_bal=0.700 | lr=2.9e-04 | 1.6s
  Fold 5 | Ep  12/100 | t_loss=0.0521 t_acc=0.933 | v_win_bal=0.776 v_rec_bal=0.800 | lr=2.9e-04 | 1.6s
  Fold 5 | Ep  13/100 | t_loss=0.0467 t_acc=0.939 | v_win_bal=0.752 v_rec_bal=0.700 | lr=2.9e-04 | 1.6s
  Fold 5 | Ep  14/100 | t_loss=0.0421 t_acc=0.952 | v_win_bal=0.769 v_rec_bal=0.800 | lr=2.9e-04 | 1.8s
  Fold 5 | Ep  15/100 | t_loss=0.0391 t_acc=0.954 | v_win_bal=0.771 v_rec_bal=0.800 | lr=2.9e-04 | 1.6s
  Fold 5 | Ep  16/100 | t_loss=0.0358 t_acc=0.957 | v_win_bal=0.819 v_rec_bal=0.900 | lr=2.9e-04 | 1.8s
  Fold 5 | Ep  17/100 | t_loss=0.0356 t_acc=0.960 | v_win_bal=0.807 v_rec_bal=0.800 | lr=2.8e-04 | 1.6s
  Fold 5 | Ep  18/100 | t_loss=0.0318 t_acc=0.963 | v_win_bal=0.807 v_rec_bal=0.800 | lr=2.8e-04 | 1.6s
  Fold 5 | Ep  19/100 | t_loss=0.0269 t_acc=0.971 | v_win_bal=0.745 v_rec_bal=0.800 | lr=2.8e-04 | 1.6s
  Fold 5 | Ep  20/100 | t_loss=0.0241 t_acc=0.972 | v_win_bal=0.824 v_rec_bal=0.800 | lr=2.8e-04 | 1.6s
  Fold 5 | Ep  21/100 | t_loss=0.0259 t_acc=0.974 | v_win_bal=0.758 v_rec_bal=0.700 | lr=2.8e-04 | 1.6s
  Fold 5 | Ep  22/100 | t_loss=0.0225 t_acc=0.977 | v_win_bal=0.787 v_rec_bal=0.800 | lr=2.7e-04 | 1.6s
  Fold 5 | Ep  23/100 | t_loss=0.0217 t_acc=0.976 | v_win_bal=0.860 v_rec_bal=0.900 | lr=2.7e-04 | 1.6s
  Fold 5 | Ep  24/100 | t_loss=0.0249 t_acc=0.974 | v_win_bal=0.824 v_rec_bal=0.900 | lr=2.7e-04 | 1.6s
  Fold 5 | Ep  25/100 | t_loss=0.0172 t_acc=0.980 | v_win_bal=0.817 v_rec_bal=0.900 | lr=2.6e-04 | 1.6s
  Fold 5 | Ep  26/100 | t_loss=0.0195 t_acc=0.983 | v_win_bal=0.854 v_rec_bal=0.900 | lr=2.6e-04 | 1.6s
  Fold 5 | Ep  27/100 | t_loss=0.0152 t_acc=0.983 | v_win_bal=0.835 v_rec_bal=0.900 | lr=2.6e-04 | 1.7s
  Fold 5 | Ep  28/100 | t_loss=0.0189 t_acc=0.979 | v_win_bal=0.852 v_rec_bal=0.900 | lr=2.5e-04 | 1.6s
  Fold 5 | Ep  29/100 | t_loss=0.0163 t_acc=0.984 | v_win_bal=0.837 v_rec_bal=0.900 | lr=2.5e-04 | 1.6s
  Fold 5 | Ep  30/100 | t_loss=0.0123 t_acc=0.986 | v_win_bal=0.803 v_rec_bal=0.900 | lr=2.5e-04 | 1.7s
  Fold 5 | Ep  31/100 | t_loss=0.0168 t_acc=0.983 | v_win_bal=0.867 v_rec_bal=0.900 | lr=2.4e-04 | 1.7s
  Fold 5 | Ep  32/100 | t_loss=0.0173 t_acc=0.982 | v_win_bal=0.868 v_rec_bal=0.900 | lr=2.4e-04 | 1.6s
  Fold 5 | Ep  33/100 | t_loss=0.0129 t_acc=0.988 | v_win_bal=0.854 v_rec_bal=0.900 | lr=2.3e-04 | 1.6s
  Fold 5 | Ep  34/100 | t_loss=0.0155 t_acc=0.987 | v_win_bal=0.887 v_rec_bal=0.944 | lr=2.3e-04 | 1.6s
  Fold 5 | Ep  35/100 | t_loss=0.0123 t_acc=0.986 | v_win_bal=0.828 v_rec_bal=0.900 | lr=2.3e-04 | 1.6s
  Fold 5 | Ep  36/100 | t_loss=0.0122 t_acc=0.988 | v_win_bal=0.795 v_rec_bal=0.900 | lr=2.2e-04 | 1.7s
  Fold 5 | Ep  37/100 | t_loss=0.0146 t_acc=0.984 | v_win_bal=0.836 v_rec_bal=0.900 | lr=2.2e-04 | 1.6s
  Fold 5 | Ep  38/100 | t_loss=0.0134 t_acc=0.986 | v_win_bal=0.887 v_rec_bal=1.000 | lr=2.1e-04 | 1.8s
  Fold 5 | Ep  39/100 | t_loss=0.0124 t_acc=0.989 | v_win_bal=0.854 v_rec_bal=0.900 | lr=2.1e-04 | 1.6s
  Fold 5 | Ep  40/100 | t_loss=0.0127 t_acc=0.988 | v_win_bal=0.850 v_rec_bal=0.900 | lr=2.0e-04 | 1.6s
  Fold 5 | Ep  41/100 | t_loss=0.0099 t_acc=0.990 | v_win_bal=0.860 v_rec_bal=0.900 | lr=2.0e-04 | 1.6s
  Fold 5 | Ep  42/100 | t_loss=0.0144 t_acc=0.988 | v_win_bal=0.837 v_rec_bal=0.900 | lr=2.0e-04 | 1.6s
  Fold 5 | Ep  43/100 | t_loss=0.0092 t_acc=0.991 | v_win_bal=0.822 v_rec_bal=0.900 | lr=1.9e-04 | 1.5s
  Fold 5 | Ep  44/100 | t_loss=0.0148 t_acc=0.987 | v_win_bal=0.854 v_rec_bal=0.900 | lr=1.9e-04 | 1.7s
  Fold 5 | Ep  45/100 | t_loss=0.0103 t_acc=0.990 | v_win_bal=0.820 v_rec_bal=0.800 | lr=1.8e-04 | 1.6s
  Fold 5 | Ep  46/100 | t_loss=0.0125 t_acc=0.989 | v_win_bal=0.822 v_rec_bal=0.900 | lr=1.8e-04 | 1.6s
  Fold 5 | Ep  47/100 | t_loss=0.0076 t_acc=0.991 | v_win_bal=0.853 v_rec_bal=0.900 | lr=1.7e-04 | 1.6s
  Fold 5 | Ep  48/100 | t_loss=0.0129 t_acc=0.989 | v_win_bal=0.780 v_rec_bal=0.800 | lr=1.7e-04 | 1.7s
  Fold 5 | Ep  49/100 | t_loss=0.0097 t_acc=0.992 | v_win_bal=0.853 v_rec_bal=0.900 | lr=1.6e-04 | 1.6s
  Fold 5 | Ep  50/100 | t_loss=0.0113 t_acc=0.990 | v_win_bal=0.856 v_rec_bal=0.900 | lr=1.6e-04 | 1.6s
  Fold 5 | Ep  51/100 | t_loss=0.0089 t_acc=0.991 | v_win_bal=0.816 v_rec_bal=0.900 | lr=1.5e-04 | 1.6s
  Fold 5 | Ep  52/100 | t_loss=0.0085 t_acc=0.992 | v_win_bal=0.835 v_rec_bal=0.900 | lr=1.5e-04 | 1.5s
  Fold 5 | Ep  53/100 | t_loss=0.0104 t_acc=0.991 | v_win_bal=0.871 v_rec_bal=0.900 | lr=1.4e-04 | 1.7s
  Fold 5 | Ep  54/100 | t_loss=0.0082 t_acc=0.993 | v_win_bal=0.849 v_rec_bal=0.900 | lr=1.4e-04 | 1.6s
  Fold 5 | Ep  55/100 | t_loss=0.0081 t_acc=0.991 | v_win_bal=0.837 v_rec_bal=0.900 | lr=1.3e-04 | 1.6s
  Fold 5 | Ep  56/100 | t_loss=0.0091 t_acc=0.991 | v_win_bal=0.859 v_rec_bal=0.900 | lr=1.3e-04 | 1.6s
  Fold 5 | Ep  57/100 | t_loss=0.0090 t_acc=0.993 | v_win_bal=0.831 v_rec_bal=0.900 | lr=1.2e-04 | 1.6s
  Fold 5 | Ep  58/100 | t_loss=0.0106 t_acc=0.991 | v_win_bal=0.823 v_rec_bal=0.900 | lr=1.2e-04 | 1.6s
  Early stop at epoch 58
  -> Test (best @ epoch 38): acc=0.2500, bal_acc=0.1667

============================================================
Global Results (5-Fold, subject-level CV)
Mode: FT | Extractor: deepconvnet | Loss: focal
============================================================
              acc: 0.4714
          bal_acc: 0.5398
               f1: 0.4687
            kappa: 0.0623
  Total predictions: 70 (should equal dataset size: 70)

Results saved to results/hp_sweep/20260409_main/deepconvnet/deepconvnet_dropout0.5_lr3e-4_s42/
