CMD: /raid/jupyter-linjimmy1003.md10/.conda/envs/stress/bin/python train_ft.py --extractor deepconvnet --seed 42 --device cuda:2 --run-id hp_sweep/20260409_main/deepconvnet/deepconvnet_dropout0.1_lr1e-4_s42 --mode ft --folds 5 --epochs 100 --patience 20 --batch-size 32 --label subject-dass --loss focal --head-hidden 128 --csv data/comprehensive_labels.csv --weight-decay 0.05 --grad-clip 2.0 --warmup-epochs 3 --aug-overlap 0.75 --norm zscore --dropout 0.1 --lr 0.0001

/raid/jupyter-linjimmy1003.md10/.conda/envs/stress/lib/python3.11/site-packages/timm/models/layers/__init__.py:49: FutureWarning: Importing from timm.models.layers is deprecated, please import via timm.layers
  warnings.warn(f"Importing from {__name__} is deprecated, please import via timm.layers", FutureWarning)
Mode: FT | Extractor: deepconvnet | Folds: 5
LR: 0.0001 | WD: 0.05 | Beta2: 0.999 | Grad clip: 2.0
Head: hidden=128, dropout=0.1 | Norm: zscore | Loss: focal
Full FT: encoder_lr_scale=0.1
Augmentation: 75% overlap for increase class

Results → results/hp_sweep/20260409_main/deepconvnet/deepconvnet_dropout0.1_lr1e-4_s42/
Dataset: 70 recordings loaded (14 increase, 56 normal)
Cache: 70 recordings ready (70 cached, 0 new)
Subject-DASS labels: increase=23 (5 subjects), normal=47

============================================================
Fold 1/5
============================================================
  Train:  43 samples, 10 subjects [2, 3, 5, 6, 7, 9, 11, 13, 17, 18], label_0=28, label_1=15
    Val:  13 samples,  3 subjects [4, 8, 10], label_0=10, label_1=3
   Test:  14 samples,  4 subjects [1, 12, 14, 16], label_0=9, label_1=5
  Building window datasets...
    WindowDataset: 6561 windows (class_0=2058, class_1=4503)
    WindowDataset: 900 windows (class_0=638, class_1=262)
    WindowDataset: 1463 windows (class_0=1146, class_1=317)
[DeepConvNet] F=(25,50,100,200) k_time=10 pool=3/3 T=1000 -> embed_dim=1400 (282,275 params)
  Trainable parameters: 641,318
  Class weights: [1.59402334690094, 0.7285143136978149]
  Fold 1 | Ep   1/100 | t_loss=0.2048 t_acc=0.513 | v_win_bal=0.500 v_rec_bal=0.500 | lr=3.3e-05 | 3.7s
  Fold 1 | Ep   2/100 | t_loss=0.1838 t_acc=0.532 | v_win_bal=0.500 v_rec_bal=0.500 | lr=6.7e-05 | 1.5s
  Fold 1 | Ep   3/100 | t_loss=0.1753 t_acc=0.551 | v_win_bal=0.500 v_rec_bal=0.500 | lr=1.0e-04 | 1.5s
  Fold 1 | Ep   4/100 | t_loss=0.1716 t_acc=0.562 | v_win_bal=0.500 v_rec_bal=0.500 | lr=1.0e-04 | 1.5s
  Fold 1 | Ep   5/100 | t_loss=0.1694 t_acc=0.578 | v_win_bal=0.500 v_rec_bal=0.500 | lr=1.0e-04 | 1.5s
  Fold 1 | Ep   6/100 | t_loss=0.1659 t_acc=0.595 | v_win_bal=0.500 v_rec_bal=0.500 | lr=1.0e-04 | 1.5s
  Fold 1 | Ep   7/100 | t_loss=0.1635 t_acc=0.613 | v_win_bal=0.500 v_rec_bal=0.500 | lr=1.0e-04 | 1.7s
  Fold 1 | Ep   8/100 | t_loss=0.1601 t_acc=0.622 | v_win_bal=0.500 v_rec_bal=0.500 | lr=9.9e-05 | 1.5s
  Fold 1 | Ep   9/100 | t_loss=0.1528 t_acc=0.647 | v_win_bal=0.500 v_rec_bal=0.500 | lr=9.9e-05 | 1.5s
  Fold 1 | Ep  10/100 | t_loss=0.1450 t_acc=0.686 | v_win_bal=0.500 v_rec_bal=0.500 | lr=9.9e-05 | 1.5s
  Fold 1 | Ep  11/100 | t_loss=0.1415 t_acc=0.703 | v_win_bal=0.500 v_rec_bal=0.500 | lr=9.8e-05 | 1.7s
  Fold 1 | Ep  12/100 | t_loss=0.1352 t_acc=0.732 | v_win_bal=0.500 v_rec_bal=0.500 | lr=9.8e-05 | 1.4s
  Fold 1 | Ep  13/100 | t_loss=0.1290 t_acc=0.753 | v_win_bal=0.500 v_rec_bal=0.500 | lr=9.7e-05 | 1.5s
  Fold 1 | Ep  14/100 | t_loss=0.1215 t_acc=0.773 | v_win_bal=0.500 v_rec_bal=0.500 | lr=9.7e-05 | 1.5s
  Fold 1 | Ep  15/100 | t_loss=0.1158 t_acc=0.788 | v_win_bal=0.500 v_rec_bal=0.500 | lr=9.6e-05 | 1.5s
  Fold 1 | Ep  16/100 | t_loss=0.1100 t_acc=0.806 | v_win_bal=0.500 v_rec_bal=0.500 | lr=9.6e-05 | 1.6s
  Fold 1 | Ep  17/100 | t_loss=0.1080 t_acc=0.807 | v_win_bal=0.500 v_rec_bal=0.500 | lr=9.5e-05 | 1.5s
  Fold 1 | Ep  18/100 | t_loss=0.1024 t_acc=0.823 | v_win_bal=0.500 v_rec_bal=0.500 | lr=9.4e-05 | 1.5s
  Fold 1 | Ep  19/100 | t_loss=0.1011 t_acc=0.826 | v_win_bal=0.500 v_rec_bal=0.500 | lr=9.3e-05 | 1.5s
  Fold 1 | Ep  20/100 | t_loss=0.0984 t_acc=0.835 | v_win_bal=0.500 v_rec_bal=0.500 | lr=9.3e-05 | 1.5s
  Fold 1 | Ep  21/100 | t_loss=0.0917 t_acc=0.849 | v_win_bal=0.500 v_rec_bal=0.500 | lr=9.2e-05 | 1.5s
  Early stop at epoch 21
  -> Test (best @ epoch 1): acc=0.3571, bal_acc=0.5000

============================================================
Fold 2/5
============================================================
  Train:  43 samples, 10 subjects [3, 4, 6, 7, 11, 13, 14, 16, 17, 18], label_0=28, label_1=15
    Val:  14 samples,  4 subjects [1, 2, 9, 12], label_0=9, label_1=5
   Test:  13 samples,  3 subjects [5, 8, 10], label_0=10, label_1=3
  Building window datasets...
    WindowDataset: 6670 windows (class_0=2167, class_1=4503)
    WindowDataset: 1341 windows (class_0=1024, class_1=317)
    WindowDataset: 913 windows (class_0=651, class_1=262)
[DeepConvNet] F=(25,50,100,200) k_time=10 pool=3/3 T=1000 -> embed_dim=1400 (282,275 params)
  Fold 2 | Ep   1/100 | t_loss=0.1996 t_acc=0.509 | v_win_bal=0.517 v_rec_bal=0.444 | lr=3.3e-05 | 1.6s
  Fold 2 | Ep   2/100 | t_loss=0.1845 t_acc=0.518 | v_win_bal=0.526 v_rec_bal=0.500 | lr=6.7e-05 | 1.6s
  Fold 2 | Ep   3/100 | t_loss=0.1783 t_acc=0.515 | v_win_bal=0.537 v_rec_bal=0.500 | lr=1.0e-04 | 1.6s
  Fold 2 | Ep   4/100 | t_loss=0.1740 t_acc=0.530 | v_win_bal=0.530 v_rec_bal=0.500 | lr=1.0e-04 | 1.6s
  Fold 2 | Ep   5/100 | t_loss=0.1737 t_acc=0.520 | v_win_bal=0.500 v_rec_bal=0.500 | lr=1.0e-04 | 1.6s
  Fold 2 | Ep   6/100 | t_loss=0.1714 t_acc=0.558 | v_win_bal=0.500 v_rec_bal=0.500 | lr=1.0e-04 | 1.7s
  Fold 2 | Ep   7/100 | t_loss=0.1690 t_acc=0.588 | v_win_bal=0.500 v_rec_bal=0.500 | lr=1.0e-04 | 1.8s
  Fold 2 | Ep   8/100 | t_loss=0.1653 t_acc=0.607 | v_win_bal=0.500 v_rec_bal=0.500 | lr=9.9e-05 | 1.6s
  Fold 2 | Ep   9/100 | t_loss=0.1608 t_acc=0.632 | v_win_bal=0.501 v_rec_bal=0.500 | lr=9.9e-05 | 1.6s
  Fold 2 | Ep  10/100 | t_loss=0.1547 t_acc=0.664 | v_win_bal=0.500 v_rec_bal=0.500 | lr=9.9e-05 | 1.6s
  Fold 2 | Ep  11/100 | t_loss=0.1492 t_acc=0.680 | v_win_bal=0.500 v_rec_bal=0.500 | lr=9.8e-05 | 1.6s
  Fold 2 | Ep  12/100 | t_loss=0.1417 t_acc=0.707 | v_win_bal=0.500 v_rec_bal=0.500 | lr=9.8e-05 | 1.5s
  Fold 2 | Ep  13/100 | t_loss=0.1351 t_acc=0.725 | v_win_bal=0.500 v_rec_bal=0.500 | lr=9.7e-05 | 1.6s
  Fold 2 | Ep  14/100 | t_loss=0.1322 t_acc=0.737 | v_win_bal=0.500 v_rec_bal=0.500 | lr=9.7e-05 | 1.6s
  Fold 2 | Ep  15/100 | t_loss=0.1233 t_acc=0.760 | v_win_bal=0.500 v_rec_bal=0.500 | lr=9.6e-05 | 1.6s
  Fold 2 | Ep  16/100 | t_loss=0.1180 t_acc=0.777 | v_win_bal=0.500 v_rec_bal=0.500 | lr=9.6e-05 | 2.2s
  Fold 2 | Ep  17/100 | t_loss=0.1128 t_acc=0.791 | v_win_bal=0.500 v_rec_bal=0.500 | lr=9.5e-05 | 1.6s
  Fold 2 | Ep  18/100 | t_loss=0.1074 t_acc=0.808 | v_win_bal=0.500 v_rec_bal=0.500 | lr=9.4e-05 | 1.6s
  Fold 2 | Ep  19/100 | t_loss=0.1019 t_acc=0.818 | v_win_bal=0.500 v_rec_bal=0.500 | lr=9.3e-05 | 1.6s
  Fold 2 | Ep  20/100 | t_loss=0.0990 t_acc=0.826 | v_win_bal=0.500 v_rec_bal=0.500 | lr=9.3e-05 | 1.5s
  Fold 2 | Ep  21/100 | t_loss=0.0981 t_acc=0.826 | v_win_bal=0.500 v_rec_bal=0.500 | lr=9.2e-05 | 1.6s
  Fold 2 | Ep  22/100 | t_loss=0.0925 t_acc=0.843 | v_win_bal=0.500 v_rec_bal=0.500 | lr=9.1e-05 | 1.6s
  Fold 2 | Ep  23/100 | t_loss=0.0891 t_acc=0.848 | v_win_bal=0.500 v_rec_bal=0.500 | lr=9.0e-05 | 1.6s
  Fold 2 | Ep  24/100 | t_loss=0.0862 t_acc=0.858 | v_win_bal=0.500 v_rec_bal=0.500 | lr=8.9e-05 | 1.5s
  Early stop at epoch 24
  -> Test (best @ epoch 2): acc=0.2308, bal_acc=0.5000

============================================================
Fold 3/5
============================================================
  Train:  40 samples, 10 subjects [4, 5, 8, 9, 10, 11, 13, 16, 17, 18], label_0=28, label_1=12
    Val:  14 samples,  4 subjects [1, 2, 12, 14], label_0=9, label_1=5
   Test:  16 samples,  3 subjects [3, 6, 7], label_0=10, label_1=6
  Building window datasets...
    WindowDataset: 6192 windows (class_0=2112, class_1=4080)
    WindowDataset: 1457 windows (class_0=1140, class_1=317)
    WindowDataset: 960 windows (class_0=590, class_1=370)
[DeepConvNet] F=(25,50,100,200) k_time=10 pool=3/3 T=1000 -> embed_dim=1400 (282,275 params)
  Fold 3 | Ep   1/100 | t_loss=0.2071 t_acc=0.514 | v_win_bal=0.500 v_rec_bal=0.500 | lr=3.3e-05 | 1.7s
  Fold 3 | Ep   2/100 | t_loss=0.1883 t_acc=0.515 | v_win_bal=0.500 v_rec_bal=0.500 | lr=6.7e-05 | 1.5s
  Fold 3 | Ep   3/100 | t_loss=0.1783 t_acc=0.504 | v_win_bal=0.500 v_rec_bal=0.500 | lr=1.0e-04 | 1.5s
  Fold 3 | Ep   4/100 | t_loss=0.1747 t_acc=0.512 | v_win_bal=0.500 v_rec_bal=0.500 | lr=1.0e-04 | 1.5s
  Fold 3 | Ep   5/100 | t_loss=0.1736 t_acc=0.520 | v_win_bal=0.500 v_rec_bal=0.500 | lr=1.0e-04 | 1.5s
  Fold 3 | Ep   6/100 | t_loss=0.1710 t_acc=0.549 | v_win_bal=0.500 v_rec_bal=0.500 | lr=1.0e-04 | 1.5s
  Fold 3 | Ep   7/100 | t_loss=0.1670 t_acc=0.576 | v_win_bal=0.500 v_rec_bal=0.500 | lr=1.0e-04 | 1.5s
  Fold 3 | Ep   8/100 | t_loss=0.1614 t_acc=0.595 | v_win_bal=0.500 v_rec_bal=0.500 | lr=9.9e-05 | 1.5s
  Fold 3 | Ep   9/100 | t_loss=0.1514 t_acc=0.648 | v_win_bal=0.500 v_rec_bal=0.500 | lr=9.9e-05 | 1.5s
  Fold 3 | Ep  10/100 | t_loss=0.1406 t_acc=0.696 | v_win_bal=0.500 v_rec_bal=0.500 | lr=9.9e-05 | 1.5s
  Fold 3 | Ep  11/100 | t_loss=0.1322 t_acc=0.729 | v_win_bal=0.500 v_rec_bal=0.500 | lr=9.8e-05 | 1.5s
  Fold 3 | Ep  12/100 | t_loss=0.1240 t_acc=0.753 | v_win_bal=0.500 v_rec_bal=0.500 | lr=9.8e-05 | 1.5s
  Fold 3 | Ep  13/100 | t_loss=0.1173 t_acc=0.774 | v_win_bal=0.500 v_rec_bal=0.500 | lr=9.7e-05 | 1.6s
  Fold 3 | Ep  14/100 | t_loss=0.1090 t_acc=0.802 | v_win_bal=0.500 v_rec_bal=0.500 | lr=9.7e-05 | 1.5s
  Fold 3 | Ep  15/100 | t_loss=0.1038 t_acc=0.815 | v_win_bal=0.500 v_rec_bal=0.500 | lr=9.6e-05 | 1.5s
  Fold 3 | Ep  16/100 | t_loss=0.1013 t_acc=0.824 | v_win_bal=0.500 v_rec_bal=0.500 | lr=9.6e-05 | 1.8s
  Fold 3 | Ep  17/100 | t_loss=0.0959 t_acc=0.836 | v_win_bal=0.500 v_rec_bal=0.500 | lr=9.5e-05 | 1.7s
  Fold 3 | Ep  18/100 | t_loss=0.0919 t_acc=0.850 | v_win_bal=0.500 v_rec_bal=0.500 | lr=9.4e-05 | 1.5s
  Fold 3 | Ep  19/100 | t_loss=0.0876 t_acc=0.856 | v_win_bal=0.500 v_rec_bal=0.500 | lr=9.3e-05 | 1.7s
  Fold 3 | Ep  20/100 | t_loss=0.0834 t_acc=0.859 | v_win_bal=0.500 v_rec_bal=0.500 | lr=9.3e-05 | 1.6s
  Fold 3 | Ep  21/100 | t_loss=0.0838 t_acc=0.867 | v_win_bal=0.500 v_rec_bal=0.500 | lr=9.2e-05 | 1.5s
  Early stop at epoch 21
  -> Test (best @ epoch 1): acc=0.3750, bal_acc=0.5000

============================================================
Fold 4/5
============================================================
  Train:  39 samples, 11 subjects [1, 2, 4, 5, 8, 9, 10, 12, 14, 16, 17], label_0=28, label_1=11
    Val:  16 samples,  3 subjects [3, 6, 7], label_0=10, label_1=6
   Test:  15 samples,  3 subjects [11, 13, 18], label_0=9, label_1=6
  Building window datasets...
    WindowDataset: 5488 windows (class_0=2461, class_1=3027)
    WindowDataset: 960 windows (class_0=590, class_1=370)
    WindowDataset: 1372 windows (class_0=791, class_1=581)
[DeepConvNet] F=(25,50,100,200) k_time=10 pool=3/3 T=1000 -> embed_dim=1400 (282,275 params)
  Fold 4 | Ep   1/100 | t_loss=0.2046 t_acc=0.522 | v_win_bal=0.500 v_rec_bal=0.500 | lr=3.3e-05 | 1.3s
  Fold 4 | Ep   2/100 | t_loss=0.1883 t_acc=0.503 | v_win_bal=0.500 v_rec_bal=0.500 | lr=6.7e-05 | 1.4s
  Fold 4 | Ep   3/100 | t_loss=0.1784 t_acc=0.508 | v_win_bal=0.500 v_rec_bal=0.500 | lr=1.0e-04 | 1.3s
  Fold 4 | Ep   4/100 | t_loss=0.1755 t_acc=0.518 | v_win_bal=0.500 v_rec_bal=0.500 | lr=1.0e-04 | 1.3s
  Fold 4 | Ep   5/100 | t_loss=0.1710 t_acc=0.559 | v_win_bal=0.500 v_rec_bal=0.500 | lr=1.0e-04 | 1.3s
  Fold 4 | Ep   6/100 | t_loss=0.1612 t_acc=0.631 | v_win_bal=0.500 v_rec_bal=0.500 | lr=1.0e-04 | 1.4s
  Fold 4 | Ep   7/100 | t_loss=0.1469 t_acc=0.699 | v_win_bal=0.500 v_rec_bal=0.500 | lr=1.0e-04 | 1.3s
  Fold 4 | Ep   8/100 | t_loss=0.1317 t_acc=0.752 | v_win_bal=0.500 v_rec_bal=0.500 | lr=9.9e-05 | 1.3s
  Fold 4 | Ep   9/100 | t_loss=0.1175 t_acc=0.788 | v_win_bal=0.500 v_rec_bal=0.500 | lr=9.9e-05 | 1.3s
  Fold 4 | Ep  10/100 | t_loss=0.1051 t_acc=0.817 | v_win_bal=0.500 v_rec_bal=0.500 | lr=9.9e-05 | 1.3s
  Fold 4 | Ep  11/100 | t_loss=0.0990 t_acc=0.832 | v_win_bal=0.500 v_rec_bal=0.500 | lr=9.8e-05 | 1.4s
  Fold 4 | Ep  12/100 | t_loss=0.0883 t_acc=0.855 | v_win_bal=0.500 v_rec_bal=0.500 | lr=9.8e-05 | 1.3s
  Fold 4 | Ep  13/100 | t_loss=0.0827 t_acc=0.873 | v_win_bal=0.500 v_rec_bal=0.500 | lr=9.7e-05 | 1.3s
  Fold 4 | Ep  14/100 | t_loss=0.0770 t_acc=0.876 | v_win_bal=0.500 v_rec_bal=0.500 | lr=9.7e-05 | 1.3s
  Fold 4 | Ep  15/100 | t_loss=0.0739 t_acc=0.889 | v_win_bal=0.500 v_rec_bal=0.500 | lr=9.6e-05 | 1.3s
  Fold 4 | Ep  16/100 | t_loss=0.0689 t_acc=0.900 | v_win_bal=0.500 v_rec_bal=0.500 | lr=9.6e-05 | 1.3s
  Fold 4 | Ep  17/100 | t_loss=0.0613 t_acc=0.906 | v_win_bal=0.500 v_rec_bal=0.500 | lr=9.5e-05 | 1.3s
  Fold 4 | Ep  18/100 | t_loss=0.0567 t_acc=0.917 | v_win_bal=0.500 v_rec_bal=0.500 | lr=9.4e-05 | 1.3s
  Fold 4 | Ep  19/100 | t_loss=0.0524 t_acc=0.923 | v_win_bal=0.500 v_rec_bal=0.500 | lr=9.3e-05 | 1.3s
  Fold 4 | Ep  20/100 | t_loss=0.0486 t_acc=0.932 | v_win_bal=0.500 v_rec_bal=0.500 | lr=9.3e-05 | 1.4s
  Fold 4 | Ep  21/100 | t_loss=0.0468 t_acc=0.932 | v_win_bal=0.500 v_rec_bal=0.500 | lr=9.2e-05 | 1.2s
  Early stop at epoch 21
  -> Test (best @ epoch 1): acc=0.4000, bal_acc=0.5000

============================================================
Fold 5/5
============================================================
  Train:  44 samples,  9 subjects [3, 5, 6, 7, 8, 10, 11, 13, 18], label_0=29, label_1=15
    Val:  14 samples,  4 subjects [1, 12, 14, 16], label_0=9, label_1=5
   Test:  12 samples,  4 subjects [2, 4, 9, 17], label_0=9, label_1=3
  Building window datasets...
    WindowDataset: 6839 windows (class_0=2032, class_1=4807)
    WindowDataset: 1463 windows (class_0=1146, class_1=317)
    WindowDataset: 850 windows (class_0=664, class_1=186)
[DeepConvNet] F=(25,50,100,200) k_time=10 pool=3/3 T=1000 -> embed_dim=1400 (282,275 params)
  Fold 5 | Ep   1/100 | t_loss=0.2062 t_acc=0.526 | v_win_bal=0.596 v_rec_bal=0.500 | lr=3.3e-05 | 1.6s
  Fold 5 | Ep   2/100 | t_loss=0.1825 t_acc=0.553 | v_win_bal=0.500 v_rec_bal=0.500 | lr=6.7e-05 | 2.0s
  Fold 5 | Ep   3/100 | t_loss=0.1689 t_acc=0.589 | v_win_bal=0.500 v_rec_bal=0.500 | lr=1.0e-04 | 1.6s
  Fold 5 | Ep   4/100 | t_loss=0.1533 t_acc=0.669 | v_win_bal=0.500 v_rec_bal=0.500 | lr=1.0e-04 | 1.9s
  Fold 5 | Ep   5/100 | t_loss=0.1408 t_acc=0.706 | v_win_bal=0.500 v_rec_bal=0.500 | lr=1.0e-04 | 1.7s
  Fold 5 | Ep   6/100 | t_loss=0.1380 t_acc=0.712 | v_win_bal=0.500 v_rec_bal=0.500 | lr=1.0e-04 | 1.6s
  Fold 5 | Ep   7/100 | t_loss=0.1336 t_acc=0.725 | v_win_bal=0.500 v_rec_bal=0.500 | lr=1.0e-04 | 1.9s
  Fold 5 | Ep   8/100 | t_loss=0.1290 t_acc=0.740 | v_win_bal=0.500 v_rec_bal=0.500 | lr=9.9e-05 | 1.8s
  Fold 5 | Ep   9/100 | t_loss=0.1242 t_acc=0.749 | v_win_bal=0.500 v_rec_bal=0.500 | lr=9.9e-05 | 1.7s
  Fold 5 | Ep  10/100 | t_loss=0.1178 t_acc=0.764 | v_win_bal=0.500 v_rec_bal=0.500 | lr=9.9e-05 | 1.7s
  Fold 5 | Ep  11/100 | t_loss=0.1144 t_acc=0.772 | v_win_bal=0.500 v_rec_bal=0.500 | lr=9.8e-05 | 1.6s
  Fold 5 | Ep  12/100 | t_loss=0.1085 t_acc=0.790 | v_win_bal=0.500 v_rec_bal=0.500 | lr=9.8e-05 | 1.7s
  Fold 5 | Ep  13/100 | t_loss=0.1018 t_acc=0.811 | v_win_bal=0.500 v_rec_bal=0.500 | lr=9.7e-05 | 1.7s
  Fold 5 | Ep  14/100 | t_loss=0.0993 t_acc=0.811 | v_win_bal=0.500 v_rec_bal=0.500 | lr=9.7e-05 | 1.6s
  Fold 5 | Ep  15/100 | t_loss=0.0946 t_acc=0.835 | v_win_bal=0.500 v_rec_bal=0.500 | lr=9.6e-05 | 1.6s
  Fold 5 | Ep  16/100 | t_loss=0.0922 t_acc=0.837 | v_win_bal=0.500 v_rec_bal=0.500 | lr=9.6e-05 | 1.8s
  Fold 5 | Ep  17/100 | t_loss=0.0901 t_acc=0.844 | v_win_bal=0.500 v_rec_bal=0.500 | lr=9.5e-05 | 1.6s
  Fold 5 | Ep  18/100 | t_loss=0.0888 t_acc=0.846 | v_win_bal=0.500 v_rec_bal=0.500 | lr=9.4e-05 | 1.6s
  Fold 5 | Ep  19/100 | t_loss=0.0847 t_acc=0.852 | v_win_bal=0.500 v_rec_bal=0.500 | lr=9.3e-05 | 1.6s
  Fold 5 | Ep  20/100 | t_loss=0.0811 t_acc=0.863 | v_win_bal=0.500 v_rec_bal=0.500 | lr=9.3e-05 | 1.6s
  Fold 5 | Ep  21/100 | t_loss=0.0776 t_acc=0.871 | v_win_bal=0.500 v_rec_bal=0.500 | lr=9.2e-05 | 1.7s
  Early stop at epoch 21
  -> Test (best @ epoch 1): acc=0.1667, bal_acc=0.3333

============================================================
Global Results (5-Fold, subject-level CV)
Mode: FT | Extractor: deepconvnet | Loss: focal
============================================================
              acc: 0.3143
          bal_acc: 0.4783
               f1: 0.1571
            kappa: -0.0288
  Total predictions: 70 (should equal dataset size: 70)

Results saved to results/hp_sweep/20260409_main/deepconvnet/deepconvnet_dropout0.1_lr1e-4_s42/
