CMD: /raid/jupyter-linjimmy1003.md10/.conda/envs/stress/bin/python train_ft.py --extractor deepconvnet --seed 42 --device cuda:6 --run-id hp_sweep/20260409_main/deepconvnet/deepconvnet_dropout0.5_lr1e-3_s42 --mode ft --folds 5 --epochs 100 --patience 20 --batch-size 32 --label subject-dass --loss focal --head-hidden 128 --csv data/comprehensive_labels.csv --weight-decay 0.05 --grad-clip 2.0 --warmup-epochs 3 --aug-overlap 0.75 --norm zscore --dropout 0.5 --lr 0.001

/raid/jupyter-linjimmy1003.md10/.conda/envs/stress/lib/python3.11/site-packages/timm/models/layers/__init__.py:49: FutureWarning: Importing from timm.models.layers is deprecated, please import via timm.layers
  warnings.warn(f"Importing from {__name__} is deprecated, please import via timm.layers", FutureWarning)
Mode: FT | Extractor: deepconvnet | Folds: 5
LR: 0.001 | WD: 0.05 | Beta2: 0.999 | Grad clip: 2.0
Head: hidden=128, dropout=0.5 | Norm: zscore | Loss: focal
Full FT: encoder_lr_scale=0.1
Augmentation: 75% overlap for increase class

Results → results/hp_sweep/20260409_main/deepconvnet/deepconvnet_dropout0.5_lr1e-3_s42/
Dataset: 70 recordings loaded (14 increase, 56 normal)
Cache: 70 recordings ready (70 cached, 0 new)
Subject-DASS labels: increase=23 (5 subjects), normal=47

============================================================
Fold 1/5
============================================================
  Train:  43 samples, 10 subjects [2, 3, 5, 6, 7, 9, 11, 13, 17, 18], label_0=28, label_1=15
    Val:  13 samples,  3 subjects [4, 8, 10], label_0=10, label_1=3
   Test:  14 samples,  4 subjects [1, 12, 14, 16], label_0=9, label_1=5
  Building window datasets...
    WindowDataset: 6561 windows (class_0=2058, class_1=4503)
    WindowDataset: 900 windows (class_0=638, class_1=262)
    WindowDataset: 1463 windows (class_0=1146, class_1=317)
[DeepConvNet] F=(25,50,100,200) k_time=10 pool=3/3 T=1000 -> embed_dim=1400 (282,275 params)
  Trainable parameters: 641,318
  Class weights: [1.59402334690094, 0.7285143136978149]
  Fold 1 | Ep   1/100 | t_loss=0.2341 t_acc=0.534 | v_win_bal=0.500 v_rec_bal=0.500 | lr=3.3e-04 | 3.5s
  Fold 1 | Ep   2/100 | t_loss=0.1755 t_acc=0.551 | v_win_bal=0.500 v_rec_bal=0.500 | lr=6.7e-04 | 1.5s
  Fold 1 | Ep   3/100 | t_loss=0.1713 t_acc=0.598 | v_win_bal=0.366 v_rec_bal=0.300 | lr=1.0e-03 | 1.4s
  Fold 1 | Ep   4/100 | t_loss=0.1567 t_acc=0.673 | v_win_bal=0.429 v_rec_bal=0.400 | lr=1.0e-03 | 1.4s
  Fold 1 | Ep   5/100 | t_loss=0.1274 t_acc=0.796 | v_win_bal=0.500 v_rec_bal=0.500 | lr=1.0e-03 | 1.5s
  Fold 1 | Ep   6/100 | t_loss=0.0995 t_acc=0.849 | v_win_bal=0.500 v_rec_bal=0.500 | lr=1.0e-03 | 1.4s
  Fold 1 | Ep   7/100 | t_loss=0.0859 t_acc=0.886 | v_win_bal=0.500 v_rec_bal=0.500 | lr=1.0e-03 | 1.4s
  Fold 1 | Ep   8/100 | t_loss=0.0716 t_acc=0.914 | v_win_bal=0.500 v_rec_bal=0.500 | lr=9.9e-04 | 1.4s
  Fold 1 | Ep   9/100 | t_loss=0.0556 t_acc=0.940 | v_win_bal=0.500 v_rec_bal=0.500 | lr=9.9e-04 | 1.4s
  Fold 1 | Ep  10/100 | t_loss=0.0450 t_acc=0.954 | v_win_bal=0.500 v_rec_bal=0.500 | lr=9.9e-04 | 1.6s
  Fold 1 | Ep  11/100 | t_loss=0.0411 t_acc=0.956 | v_win_bal=0.500 v_rec_bal=0.500 | lr=9.8e-04 | 1.4s
  Fold 1 | Ep  12/100 | t_loss=0.0383 t_acc=0.958 | v_win_bal=0.500 v_rec_bal=0.500 | lr=9.8e-04 | 1.4s
  Fold 1 | Ep  13/100 | t_loss=0.0350 t_acc=0.960 | v_win_bal=0.500 v_rec_bal=0.500 | lr=9.7e-04 | 1.5s
  Fold 1 | Ep  14/100 | t_loss=0.0307 t_acc=0.967 | v_win_bal=0.500 v_rec_bal=0.500 | lr=9.7e-04 | 1.6s
  Fold 1 | Ep  15/100 | t_loss=0.0288 t_acc=0.968 | v_win_bal=0.500 v_rec_bal=0.500 | lr=9.6e-04 | 1.5s
  Fold 1 | Ep  16/100 | t_loss=0.0304 t_acc=0.971 | v_win_bal=0.500 v_rec_bal=0.500 | lr=9.6e-04 | 1.4s
  Fold 1 | Ep  17/100 | t_loss=0.0261 t_acc=0.976 | v_win_bal=0.500 v_rec_bal=0.500 | lr=9.5e-04 | 1.4s
  Fold 1 | Ep  18/100 | t_loss=0.0255 t_acc=0.975 | v_win_bal=0.500 v_rec_bal=0.500 | lr=9.4e-04 | 1.4s
  Fold 1 | Ep  19/100 | t_loss=0.0252 t_acc=0.976 | v_win_bal=0.500 v_rec_bal=0.500 | lr=9.3e-04 | 1.6s
  Fold 1 | Ep  20/100 | t_loss=0.0274 t_acc=0.974 | v_win_bal=0.500 v_rec_bal=0.500 | lr=9.3e-04 | 1.5s
  Fold 1 | Ep  21/100 | t_loss=0.0194 t_acc=0.985 | v_win_bal=0.500 v_rec_bal=0.500 | lr=9.2e-04 | 1.4s
  Early stop at epoch 21
  -> Test (best @ epoch 1): acc=0.3571, bal_acc=0.5000

============================================================
Fold 2/5
============================================================
  Train:  43 samples, 10 subjects [3, 4, 6, 7, 11, 13, 14, 16, 17, 18], label_0=28, label_1=15
    Val:  14 samples,  4 subjects [1, 2, 9, 12], label_0=9, label_1=5
   Test:  13 samples,  3 subjects [5, 8, 10], label_0=10, label_1=3
  Building window datasets...
    WindowDataset: 6670 windows (class_0=2167, class_1=4503)
    WindowDataset: 1341 windows (class_0=1024, class_1=317)
    WindowDataset: 913 windows (class_0=651, class_1=262)
[DeepConvNet] F=(25,50,100,200) k_time=10 pool=3/3 T=1000 -> embed_dim=1400 (282,275 params)
  Fold 2 | Ep   1/100 | t_loss=0.2318 t_acc=0.513 | v_win_bal=0.530 v_rec_bal=0.500 | lr=3.3e-04 | 1.5s
  Fold 2 | Ep   2/100 | t_loss=0.1758 t_acc=0.523 | v_win_bal=0.500 v_rec_bal=0.500 | lr=6.7e-04 | 1.5s
  Fold 2 | Ep   3/100 | t_loss=0.1740 t_acc=0.555 | v_win_bal=0.500 v_rec_bal=0.500 | lr=1.0e-03 | 1.5s
  Fold 2 | Ep   4/100 | t_loss=0.1734 t_acc=0.557 | v_win_bal=0.500 v_rec_bal=0.500 | lr=1.0e-03 | 1.5s
  Fold 2 | Ep   5/100 | t_loss=0.1720 t_acc=0.582 | v_win_bal=0.408 v_rec_bal=0.389 | lr=1.0e-03 | 1.6s
  Fold 2 | Ep   6/100 | t_loss=0.1601 t_acc=0.662 | v_win_bal=0.377 v_rec_bal=0.444 | lr=1.0e-03 | 1.5s
  Fold 2 | Ep   7/100 | t_loss=0.1371 t_acc=0.773 | v_win_bal=0.493 v_rec_bal=0.500 | lr=1.0e-03 | 1.7s
  Fold 2 | Ep   8/100 | t_loss=0.1085 t_acc=0.843 | v_win_bal=0.500 v_rec_bal=0.500 | lr=9.9e-04 | 1.5s
  Fold 2 | Ep   9/100 | t_loss=0.0902 t_acc=0.878 | v_win_bal=0.500 v_rec_bal=0.500 | lr=9.9e-04 | 1.5s
  Fold 2 | Ep  10/100 | t_loss=0.0706 t_acc=0.911 | v_win_bal=0.500 v_rec_bal=0.500 | lr=9.9e-04 | 1.5s
  Fold 2 | Ep  11/100 | t_loss=0.0645 t_acc=0.925 | v_win_bal=0.500 v_rec_bal=0.500 | lr=9.8e-04 | 1.9s
  Fold 2 | Ep  12/100 | t_loss=0.0531 t_acc=0.938 | v_win_bal=0.500 v_rec_bal=0.500 | lr=9.8e-04 | 1.6s
  Fold 2 | Ep  13/100 | t_loss=0.0431 t_acc=0.951 | v_win_bal=0.500 v_rec_bal=0.500 | lr=9.7e-04 | 1.6s
  Fold 2 | Ep  14/100 | t_loss=0.0477 t_acc=0.952 | v_win_bal=0.500 v_rec_bal=0.500 | lr=9.7e-04 | 1.6s
  Fold 2 | Ep  15/100 | t_loss=0.0379 t_acc=0.963 | v_win_bal=0.501 v_rec_bal=0.500 | lr=9.6e-04 | 1.6s
  Fold 2 | Ep  16/100 | t_loss=0.0381 t_acc=0.964 | v_win_bal=0.502 v_rec_bal=0.500 | lr=9.6e-04 | 1.7s
  Fold 2 | Ep  17/100 | t_loss=0.0309 t_acc=0.971 | v_win_bal=0.515 v_rec_bal=0.500 | lr=9.5e-04 | 1.6s
  Fold 2 | Ep  18/100 | t_loss=0.0251 t_acc=0.974 | v_win_bal=0.504 v_rec_bal=0.500 | lr=9.4e-04 | 1.6s
  Fold 2 | Ep  19/100 | t_loss=0.0283 t_acc=0.975 | v_win_bal=0.512 v_rec_bal=0.500 | lr=9.3e-04 | 1.5s
  Fold 2 | Ep  20/100 | t_loss=0.0288 t_acc=0.971 | v_win_bal=0.505 v_rec_bal=0.500 | lr=9.3e-04 | 1.6s
  Fold 2 | Ep  21/100 | t_loss=0.0225 t_acc=0.979 | v_win_bal=0.516 v_rec_bal=0.500 | lr=9.2e-04 | 1.7s
  Early stop at epoch 21
  -> Test (best @ epoch 1): acc=0.7692, bal_acc=0.5000

============================================================
Fold 3/5
============================================================
  Train:  40 samples, 10 subjects [4, 5, 8, 9, 10, 11, 13, 16, 17, 18], label_0=28, label_1=12
    Val:  14 samples,  4 subjects [1, 2, 12, 14], label_0=9, label_1=5
   Test:  16 samples,  3 subjects [3, 6, 7], label_0=10, label_1=6
  Building window datasets...
    WindowDataset: 6192 windows (class_0=2112, class_1=4080)
    WindowDataset: 1457 windows (class_0=1140, class_1=317)
    WindowDataset: 960 windows (class_0=590, class_1=370)
[DeepConvNet] F=(25,50,100,200) k_time=10 pool=3/3 T=1000 -> embed_dim=1400 (282,275 params)
  Fold 3 | Ep   1/100 | t_loss=0.2385 t_acc=0.496 | v_win_bal=0.500 v_rec_bal=0.500 | lr=3.3e-04 | 1.6s
  Fold 3 | Ep   2/100 | t_loss=0.1753 t_acc=0.513 | v_win_bal=0.500 v_rec_bal=0.500 | lr=6.7e-04 | 1.5s
  Fold 3 | Ep   3/100 | t_loss=0.1741 t_acc=0.490 | v_win_bal=0.500 v_rec_bal=0.500 | lr=1.0e-03 | 1.5s
  Fold 3 | Ep   4/100 | t_loss=0.1737 t_acc=0.497 | v_win_bal=0.500 v_rec_bal=0.500 | lr=1.0e-03 | 1.4s
  Fold 3 | Ep   5/100 | t_loss=0.1728 t_acc=0.491 | v_win_bal=0.500 v_rec_bal=0.500 | lr=1.0e-03 | 1.9s
  Fold 3 | Ep   6/100 | t_loss=0.1635 t_acc=0.568 | v_win_bal=0.498 v_rec_bal=0.500 | lr=1.0e-03 | 1.5s
  Fold 3 | Ep   7/100 | t_loss=0.1261 t_acc=0.756 | v_win_bal=0.514 v_rec_bal=0.500 | lr=1.0e-03 | 1.5s
  Fold 3 | Ep   8/100 | t_loss=0.0955 t_acc=0.846 | v_win_bal=0.520 v_rec_bal=0.500 | lr=9.9e-04 | 1.5s
  Fold 3 | Ep   9/100 | t_loss=0.0783 t_acc=0.880 | v_win_bal=0.582 v_rec_bal=0.556 | lr=9.9e-04 | 1.4s
  Fold 3 | Ep  10/100 | t_loss=0.0666 t_acc=0.900 | v_win_bal=0.548 v_rec_bal=0.500 | lr=9.9e-04 | 1.4s
  Fold 3 | Ep  11/100 | t_loss=0.0549 t_acc=0.920 | v_win_bal=0.545 v_rec_bal=0.500 | lr=9.8e-04 | 1.4s
  Fold 3 | Ep  12/100 | t_loss=0.0427 t_acc=0.940 | v_win_bal=0.561 v_rec_bal=0.500 | lr=9.8e-04 | 1.5s
  Fold 3 | Ep  13/100 | t_loss=0.0379 t_acc=0.947 | v_win_bal=0.594 v_rec_bal=0.556 | lr=9.7e-04 | 1.5s
  Fold 3 | Ep  14/100 | t_loss=0.0365 t_acc=0.961 | v_win_bal=0.592 v_rec_bal=0.556 | lr=9.7e-04 | 1.4s
  Fold 3 | Ep  15/100 | t_loss=0.0336 t_acc=0.966 | v_win_bal=0.577 v_rec_bal=0.556 | lr=9.6e-04 | 1.6s
  Fold 3 | Ep  16/100 | t_loss=0.0230 t_acc=0.973 | v_win_bal=0.636 v_rec_bal=0.611 | lr=9.6e-04 | 1.5s
  Fold 3 | Ep  17/100 | t_loss=0.0187 t_acc=0.979 | v_win_bal=0.682 v_rec_bal=0.667 | lr=9.5e-04 | 1.6s
  Fold 3 | Ep  18/100 | t_loss=0.0222 t_acc=0.980 | v_win_bal=0.644 v_rec_bal=0.611 | lr=9.4e-04 | 1.4s
  Fold 3 | Ep  19/100 | t_loss=0.0184 t_acc=0.978 | v_win_bal=0.637 v_rec_bal=0.611 | lr=9.3e-04 | 1.7s
  Fold 3 | Ep  20/100 | t_loss=0.0209 t_acc=0.982 | v_win_bal=0.642 v_rec_bal=0.611 | lr=9.3e-04 | 1.6s
  Fold 3 | Ep  21/100 | t_loss=0.0199 t_acc=0.984 | v_win_bal=0.639 v_rec_bal=0.611 | lr=9.2e-04 | 1.7s
  Fold 3 | Ep  22/100 | t_loss=0.0134 t_acc=0.988 | v_win_bal=0.681 v_rec_bal=0.667 | lr=9.1e-04 | 1.8s
  Fold 3 | Ep  23/100 | t_loss=0.0171 t_acc=0.987 | v_win_bal=0.695 v_rec_bal=0.667 | lr=9.0e-04 | 1.6s
  Fold 3 | Ep  24/100 | t_loss=0.0174 t_acc=0.986 | v_win_bal=0.677 v_rec_bal=0.667 | lr=8.9e-04 | 1.5s
  Fold 3 | Ep  25/100 | t_loss=0.0152 t_acc=0.988 | v_win_bal=0.701 v_rec_bal=0.667 | lr=8.8e-04 | 1.5s
  Fold 3 | Ep  26/100 | t_loss=0.0104 t_acc=0.991 | v_win_bal=0.706 v_rec_bal=0.722 | lr=8.7e-04 | 1.7s
  Fold 3 | Ep  27/100 | t_loss=0.0152 t_acc=0.987 | v_win_bal=0.736 v_rec_bal=0.722 | lr=8.6e-04 | 1.5s
  Fold 3 | Ep  28/100 | t_loss=0.0145 t_acc=0.989 | v_win_bal=0.727 v_rec_bal=0.722 | lr=8.4e-04 | 1.5s
  Fold 3 | Ep  29/100 | t_loss=0.0128 t_acc=0.987 | v_win_bal=0.710 v_rec_bal=0.667 | lr=8.3e-04 | 1.5s
  Fold 3 | Ep  30/100 | t_loss=0.0165 t_acc=0.989 | v_win_bal=0.714 v_rec_bal=0.722 | lr=8.2e-04 | 1.5s
  Fold 3 | Ep  31/100 | t_loss=0.0146 t_acc=0.990 | v_win_bal=0.739 v_rec_bal=0.722 | lr=8.1e-04 | 1.4s
  Fold 3 | Ep  32/100 | t_loss=0.0116 t_acc=0.991 | v_win_bal=0.743 v_rec_bal=0.722 | lr=8.0e-04 | 1.4s
  Fold 3 | Ep  33/100 | t_loss=0.0100 t_acc=0.992 | v_win_bal=0.756 v_rec_bal=0.722 | lr=7.8e-04 | 1.5s
  Fold 3 | Ep  34/100 | t_loss=0.0127 t_acc=0.990 | v_win_bal=0.727 v_rec_bal=0.722 | lr=7.7e-04 | 1.5s
  Fold 3 | Ep  35/100 | t_loss=0.0071 t_acc=0.994 | v_win_bal=0.754 v_rec_bal=0.722 | lr=7.5e-04 | 1.4s
  Fold 3 | Ep  36/100 | t_loss=0.0105 t_acc=0.992 | v_win_bal=0.739 v_rec_bal=0.722 | lr=7.4e-04 | 1.5s
  Fold 3 | Ep  37/100 | t_loss=0.0069 t_acc=0.994 | v_win_bal=0.732 v_rec_bal=0.722 | lr=7.3e-04 | 1.9s
  Fold 3 | Ep  38/100 | t_loss=0.0117 t_acc=0.993 | v_win_bal=0.754 v_rec_bal=0.778 | lr=7.1e-04 | 1.5s
  Fold 3 | Ep  39/100 | t_loss=0.0089 t_acc=0.995 | v_win_bal=0.767 v_rec_bal=0.833 | lr=7.0e-04 | 1.4s
  Fold 3 | Ep  40/100 | t_loss=0.0055 t_acc=0.995 | v_win_bal=0.779 v_rec_bal=0.833 | lr=6.8e-04 | 1.5s
  Fold 3 | Ep  41/100 | t_loss=0.0103 t_acc=0.992 | v_win_bal=0.741 v_rec_bal=0.722 | lr=6.7e-04 | 1.4s
  Fold 3 | Ep  42/100 | t_loss=0.0107 t_acc=0.991 | v_win_bal=0.745 v_rec_bal=0.722 | lr=6.5e-04 | 1.4s
  Fold 3 | Ep  43/100 | t_loss=0.0080 t_acc=0.994 | v_win_bal=0.769 v_rec_bal=0.833 | lr=6.4e-04 | 1.5s
  Fold 3 | Ep  44/100 | t_loss=0.0074 t_acc=0.993 | v_win_bal=0.764 v_rec_bal=0.778 | lr=6.2e-04 | 1.4s
  Fold 3 | Ep  45/100 | t_loss=0.0048 t_acc=0.994 | v_win_bal=0.743 v_rec_bal=0.722 | lr=6.0e-04 | 1.4s
  Fold 3 | Ep  46/100 | t_loss=0.0078 t_acc=0.995 | v_win_bal=0.748 v_rec_bal=0.778 | lr=5.9e-04 | 1.4s
  Fold 3 | Ep  47/100 | t_loss=0.0064 t_acc=0.995 | v_win_bal=0.796 v_rec_bal=0.833 | lr=5.7e-04 | 1.5s
  Fold 3 | Ep  48/100 | t_loss=0.0106 t_acc=0.993 | v_win_bal=0.768 v_rec_bal=0.778 | lr=5.6e-04 | 1.4s
  Fold 3 | Ep  49/100 | t_loss=0.0084 t_acc=0.995 | v_win_bal=0.759 v_rec_bal=0.778 | lr=5.4e-04 | 1.4s
  Fold 3 | Ep  50/100 | t_loss=0.0056 t_acc=0.996 | v_win_bal=0.795 v_rec_bal=0.833 | lr=5.2e-04 | 1.4s
  Fold 3 | Ep  51/100 | t_loss=0.0092 t_acc=0.994 | v_win_bal=0.762 v_rec_bal=0.778 | lr=5.1e-04 | 1.4s
  Fold 3 | Ep  52/100 | t_loss=0.0072 t_acc=0.995 | v_win_bal=0.777 v_rec_bal=0.833 | lr=4.9e-04 | 1.5s
  Fold 3 | Ep  53/100 | t_loss=0.0073 t_acc=0.994 | v_win_bal=0.778 v_rec_bal=0.833 | lr=4.8e-04 | 1.4s
  Fold 3 | Ep  54/100 | t_loss=0.0055 t_acc=0.995 | v_win_bal=0.802 v_rec_bal=0.833 | lr=4.6e-04 | 1.4s
  Fold 3 | Ep  55/100 | t_loss=0.0057 t_acc=0.995 | v_win_bal=0.792 v_rec_bal=0.833 | lr=4.4e-04 | 1.4s
  Fold 3 | Ep  56/100 | t_loss=0.0064 t_acc=0.994 | v_win_bal=0.776 v_rec_bal=0.833 | lr=4.3e-04 | 1.8s
  Fold 3 | Ep  57/100 | t_loss=0.0050 t_acc=0.995 | v_win_bal=0.806 v_rec_bal=0.833 | lr=4.1e-04 | 1.5s
  Fold 3 | Ep  58/100 | t_loss=0.0059 t_acc=0.995 | v_win_bal=0.809 v_rec_bal=0.833 | lr=4.0e-04 | 1.5s
  Fold 3 | Ep  59/100 | t_loss=0.0028 t_acc=0.997 | v_win_bal=0.796 v_rec_bal=0.833 | lr=3.8e-04 | 1.4s
  Fold 3 | Ep  60/100 | t_loss=0.0048 t_acc=0.996 | v_win_bal=0.796 v_rec_bal=0.833 | lr=3.6e-04 | 1.4s
  Fold 3 | Ep  61/100 | t_loss=0.0024 t_acc=0.998 | v_win_bal=0.795 v_rec_bal=0.833 | lr=3.5e-04 | 1.4s
  Fold 3 | Ep  62/100 | t_loss=0.0063 t_acc=0.995 | v_win_bal=0.805 v_rec_bal=0.833 | lr=3.3e-04 | 1.4s
  Fold 3 | Ep  63/100 | t_loss=0.0052 t_acc=0.996 | v_win_bal=0.778 v_rec_bal=0.833 | lr=3.2e-04 | 1.4s
  Fold 3 | Ep  64/100 | t_loss=0.0041 t_acc=0.996 | v_win_bal=0.811 v_rec_bal=0.833 | lr=3.0e-04 | 1.4s
  Fold 3 | Ep  65/100 | t_loss=0.0051 t_acc=0.996 | v_win_bal=0.787 v_rec_bal=0.833 | lr=2.9e-04 | 1.4s
  Fold 3 | Ep  66/100 | t_loss=0.0032 t_acc=0.996 | v_win_bal=0.804 v_rec_bal=0.833 | lr=2.7e-04 | 1.4s
  Fold 3 | Ep  67/100 | t_loss=0.0042 t_acc=0.995 | v_win_bal=0.791 v_rec_bal=0.833 | lr=2.6e-04 | 1.4s
  Fold 3 | Ep  68/100 | t_loss=0.0033 t_acc=0.997 | v_win_bal=0.796 v_rec_bal=0.833 | lr=2.5e-04 | 1.4s
  Fold 3 | Ep  69/100 | t_loss=0.0017 t_acc=0.998 | v_win_bal=0.771 v_rec_bal=0.778 | lr=2.3e-04 | 1.4s
  Fold 3 | Ep  70/100 | t_loss=0.0040 t_acc=0.998 | v_win_bal=0.793 v_rec_bal=0.833 | lr=2.2e-04 | 1.4s
  Fold 3 | Ep  71/100 | t_loss=0.0082 t_acc=0.993 | v_win_bal=0.814 v_rec_bal=0.833 | lr=2.0e-04 | 1.4s
  Fold 3 | Ep  72/100 | t_loss=0.0032 t_acc=0.997 | v_win_bal=0.809 v_rec_bal=0.833 | lr=1.9e-04 | 1.4s
  Fold 3 | Ep  73/100 | t_loss=0.0045 t_acc=0.997 | v_win_bal=0.806 v_rec_bal=0.833 | lr=1.8e-04 | 1.5s
  Fold 3 | Ep  74/100 | t_loss=0.0031 t_acc=0.997 | v_win_bal=0.797 v_rec_bal=0.833 | lr=1.7e-04 | 1.5s
  Early stop at epoch 74
  -> Test (best @ epoch 39): acc=0.5000, bal_acc=0.6000

============================================================
Fold 4/5
============================================================
  Train:  39 samples, 11 subjects [1, 2, 4, 5, 8, 9, 10, 12, 14, 16, 17], label_0=28, label_1=11
    Val:  16 samples,  3 subjects [3, 6, 7], label_0=10, label_1=6
   Test:  15 samples,  3 subjects [11, 13, 18], label_0=9, label_1=6
  Building window datasets...
    WindowDataset: 5488 windows (class_0=2461, class_1=3027)
    WindowDataset: 960 windows (class_0=590, class_1=370)
    WindowDataset: 1372 windows (class_0=791, class_1=581)
[DeepConvNet] F=(25,50,100,200) k_time=10 pool=3/3 T=1000 -> embed_dim=1400 (282,275 params)
  Fold 4 | Ep   1/100 | t_loss=0.2416 t_acc=0.500 | v_win_bal=0.500 v_rec_bal=0.500 | lr=3.3e-04 | 1.4s
  Fold 4 | Ep   2/100 | t_loss=0.1777 t_acc=0.493 | v_win_bal=0.470 v_rec_bal=0.383 | lr=6.7e-04 | 1.2s
  Fold 4 | Ep   3/100 | t_loss=0.1742 t_acc=0.499 | v_win_bal=0.500 v_rec_bal=0.500 | lr=1.0e-03 | 1.2s
  Fold 4 | Ep   4/100 | t_loss=0.1719 t_acc=0.550 | v_win_bal=0.500 v_rec_bal=0.500 | lr=1.0e-03 | 1.2s
  Fold 4 | Ep   5/100 | t_loss=0.1285 t_acc=0.754 | v_win_bal=0.500 v_rec_bal=0.500 | lr=1.0e-03 | 1.2s
  Fold 4 | Ep   6/100 | t_loss=0.0761 t_acc=0.891 | v_win_bal=0.500 v_rec_bal=0.500 | lr=1.0e-03 | 1.4s
  Fold 4 | Ep   7/100 | t_loss=0.0524 t_acc=0.928 | v_win_bal=0.500 v_rec_bal=0.500 | lr=1.0e-03 | 1.2s
  Fold 4 | Ep   8/100 | t_loss=0.0404 t_acc=0.956 | v_win_bal=0.500 v_rec_bal=0.500 | lr=9.9e-04 | 1.6s
  Fold 4 | Ep   9/100 | t_loss=0.0338 t_acc=0.965 | v_win_bal=0.500 v_rec_bal=0.500 | lr=9.9e-04 | 1.2s
  Fold 4 | Ep  10/100 | t_loss=0.0283 t_acc=0.972 | v_win_bal=0.499 v_rec_bal=0.500 | lr=9.9e-04 | 1.3s
  Fold 4 | Ep  11/100 | t_loss=0.0226 t_acc=0.974 | v_win_bal=0.501 v_rec_bal=0.500 | lr=9.8e-04 | 1.3s
  Fold 4 | Ep  12/100 | t_loss=0.0205 t_acc=0.978 | v_win_bal=0.503 v_rec_bal=0.500 | lr=9.8e-04 | 1.2s
  Fold 4 | Ep  13/100 | t_loss=0.0218 t_acc=0.977 | v_win_bal=0.499 v_rec_bal=0.500 | lr=9.7e-04 | 1.3s
  Fold 4 | Ep  14/100 | t_loss=0.0151 t_acc=0.986 | v_win_bal=0.494 v_rec_bal=0.500 | lr=9.7e-04 | 1.2s
  Fold 4 | Ep  15/100 | t_loss=0.0133 t_acc=0.987 | v_win_bal=0.503 v_rec_bal=0.500 | lr=9.6e-04 | 1.3s
  Fold 4 | Ep  16/100 | t_loss=0.0166 t_acc=0.985 | v_win_bal=0.496 v_rec_bal=0.500 | lr=9.6e-04 | 1.4s
  Fold 4 | Ep  17/100 | t_loss=0.0135 t_acc=0.989 | v_win_bal=0.492 v_rec_bal=0.500 | lr=9.5e-04 | 1.2s
  Fold 4 | Ep  18/100 | t_loss=0.0125 t_acc=0.986 | v_win_bal=0.490 v_rec_bal=0.500 | lr=9.4e-04 | 1.3s
  Fold 4 | Ep  19/100 | t_loss=0.0099 t_acc=0.987 | v_win_bal=0.499 v_rec_bal=0.500 | lr=9.3e-04 | 1.2s
  Fold 4 | Ep  20/100 | t_loss=0.0112 t_acc=0.987 | v_win_bal=0.483 v_rec_bal=0.500 | lr=9.3e-04 | 1.3s
  Fold 4 | Ep  21/100 | t_loss=0.0070 t_acc=0.994 | v_win_bal=0.495 v_rec_bal=0.500 | lr=9.2e-04 | 1.7s
  Early stop at epoch 21
  -> Test (best @ epoch 1): acc=0.6000, bal_acc=0.5000

============================================================
Fold 5/5
============================================================
  Train:  44 samples,  9 subjects [3, 5, 6, 7, 8, 10, 11, 13, 18], label_0=29, label_1=15
    Val:  14 samples,  4 subjects [1, 12, 14, 16], label_0=9, label_1=5
   Test:  12 samples,  4 subjects [2, 4, 9, 17], label_0=9, label_1=3
  Building window datasets...
    WindowDataset: 6839 windows (class_0=2032, class_1=4807)
    WindowDataset: 1463 windows (class_0=1146, class_1=317)
    WindowDataset: 850 windows (class_0=664, class_1=186)
[DeepConvNet] F=(25,50,100,200) k_time=10 pool=3/3 T=1000 -> embed_dim=1400 (282,275 params)
  Fold 5 | Ep   1/100 | t_loss=0.2308 t_acc=0.515 | v_win_bal=0.500 v_rec_bal=0.500 | lr=3.3e-04 | 1.7s
  Fold 5 | Ep   2/100 | t_loss=0.1665 t_acc=0.604 | v_win_bal=0.500 v_rec_bal=0.500 | lr=6.7e-04 | 2.0s
  Fold 5 | Ep   3/100 | t_loss=0.1360 t_acc=0.735 | v_win_bal=0.500 v_rec_bal=0.500 | lr=1.0e-03 | 1.9s
  Fold 5 | Ep   4/100 | t_loss=0.1021 t_acc=0.816 | v_win_bal=0.500 v_rec_bal=0.500 | lr=1.0e-03 | 1.6s
  Fold 5 | Ep   5/100 | t_loss=0.0759 t_acc=0.886 | v_win_bal=0.500 v_rec_bal=0.500 | lr=1.0e-03 | 1.7s
  Fold 5 | Ep   6/100 | t_loss=0.0580 t_acc=0.920 | v_win_bal=0.500 v_rec_bal=0.500 | lr=1.0e-03 | 1.6s
  Fold 5 | Ep   7/100 | t_loss=0.0448 t_acc=0.944 | v_win_bal=0.503 v_rec_bal=0.500 | lr=1.0e-03 | 1.6s
  Fold 5 | Ep   8/100 | t_loss=0.0407 t_acc=0.952 | v_win_bal=0.501 v_rec_bal=0.500 | lr=9.9e-04 | 1.6s
  Fold 5 | Ep   9/100 | t_loss=0.0332 t_acc=0.963 | v_win_bal=0.501 v_rec_bal=0.500 | lr=9.9e-04 | 1.6s
  Fold 5 | Ep  10/100 | t_loss=0.0282 t_acc=0.969 | v_win_bal=0.502 v_rec_bal=0.500 | lr=9.9e-04 | 1.6s
  Fold 5 | Ep  11/100 | t_loss=0.0239 t_acc=0.973 | v_win_bal=0.509 v_rec_bal=0.500 | lr=9.8e-04 | 1.6s
  Fold 5 | Ep  12/100 | t_loss=0.0212 t_acc=0.977 | v_win_bal=0.517 v_rec_bal=0.500 | lr=9.8e-04 | 1.6s
  Fold 5 | Ep  13/100 | t_loss=0.0284 t_acc=0.974 | v_win_bal=0.500 v_rec_bal=0.500 | lr=9.7e-04 | 1.6s
  Fold 5 | Ep  14/100 | t_loss=0.0269 t_acc=0.971 | v_win_bal=0.511 v_rec_bal=0.500 | lr=9.7e-04 | 1.6s
  Fold 5 | Ep  15/100 | t_loss=0.0205 t_acc=0.977 | v_win_bal=0.518 v_rec_bal=0.500 | lr=9.6e-04 | 1.6s
  Fold 5 | Ep  16/100 | t_loss=0.0200 t_acc=0.980 | v_win_bal=0.515 v_rec_bal=0.500 | lr=9.6e-04 | 1.6s
  Fold 5 | Ep  17/100 | t_loss=0.0182 t_acc=0.983 | v_win_bal=0.517 v_rec_bal=0.500 | lr=9.5e-04 | 1.7s
  Fold 5 | Ep  18/100 | t_loss=0.0184 t_acc=0.984 | v_win_bal=0.555 v_rec_bal=0.500 | lr=9.4e-04 | 1.6s
  Fold 5 | Ep  19/100 | t_loss=0.0159 t_acc=0.984 | v_win_bal=0.541 v_rec_bal=0.500 | lr=9.3e-04 | 1.6s
  Fold 5 | Ep  20/100 | t_loss=0.0164 t_acc=0.984 | v_win_bal=0.576 v_rec_bal=0.500 | lr=9.3e-04 | 1.7s
  Fold 5 | Ep  21/100 | t_loss=0.0169 t_acc=0.987 | v_win_bal=0.551 v_rec_bal=0.500 | lr=9.2e-04 | 1.6s
  Early stop at epoch 21
  -> Test (best @ epoch 1): acc=0.2500, bal_acc=0.5000

============================================================
Global Results (5-Fold, subject-level CV)
Mode: FT | Extractor: deepconvnet | Loss: focal
============================================================
              acc: 0.5000
          bal_acc: 0.5278
               f1: 0.5123
            kappa: 0.0467
  Total predictions: 70 (should equal dataset size: 70)

Results saved to results/hp_sweep/20260409_main/deepconvnet/deepconvnet_dropout0.5_lr1e-3_s42/
