CMD: /raid/jupyter-linjimmy1003.md10/.conda/envs/stress/bin/python train_ft.py --extractor deepconvnet --seed 123 --device cuda:4 --run-id hp_sweep/20260409_main/deepconvnet/deepconvnet_dropout0.1_lr3e-4_s123 --mode ft --folds 5 --epochs 100 --patience 20 --batch-size 32 --label subject-dass --loss focal --head-hidden 128 --csv data/comprehensive_labels.csv --weight-decay 0.05 --grad-clip 2.0 --warmup-epochs 3 --aug-overlap 0.75 --norm zscore --dropout 0.1 --lr 0.0003

/raid/jupyter-linjimmy1003.md10/.conda/envs/stress/lib/python3.11/site-packages/timm/models/layers/__init__.py:49: FutureWarning: Importing from timm.models.layers is deprecated, please import via timm.layers
  warnings.warn(f"Importing from {__name__} is deprecated, please import via timm.layers", FutureWarning)
Mode: FT | Extractor: deepconvnet | Folds: 5
LR: 0.0003 | WD: 0.05 | Beta2: 0.999 | Grad clip: 2.0
Head: hidden=128, dropout=0.1 | Norm: zscore | Loss: focal
Full FT: encoder_lr_scale=0.1
Augmentation: 75% overlap for increase class

Results → results/hp_sweep/20260409_main/deepconvnet/deepconvnet_dropout0.1_lr3e-4_s123/
Dataset: 70 recordings loaded (14 increase, 56 normal)
Cache: 70 recordings ready (70 cached, 0 new)
Subject-DASS labels: increase=23 (5 subjects), normal=47

============================================================
Fold 1/5
============================================================
  Train:  43 samples, 10 subjects [2, 3, 4, 6, 7, 8, 9, 10, 11, 13], label_0=28, label_1=15
    Val:  13 samples,  3 subjects [12, 17, 18], label_0=10, label_1=3
   Test:  14 samples,  4 subjects [1, 5, 14, 16], label_0=9, label_1=5
  Building window datasets...
    WindowDataset: 6870 windows (class_0=2063, class_1=4807)
    WindowDataset: 1166 windows (class_0=980, class_1=186)
    WindowDataset: 1116 windows (class_0=799, class_1=317)
[DeepConvNet] F=(25,50,100,200) k_time=10 pool=3/3 T=1000 -> embed_dim=1400 (282,275 params)
  Trainable parameters: 641,318
  Class weights: [1.6650508642196655, 0.7145829200744629]
  Fold 1 | Ep   1/100 | t_loss=0.1968 t_acc=0.510 | v_win_bal=0.500 v_rec_bal=0.500 | lr=1.0e-04 | 3.8s
  Fold 1 | Ep   2/100 | t_loss=0.1728 t_acc=0.566 | v_win_bal=0.500 v_rec_bal=0.500 | lr=2.0e-04 | 1.6s
  Fold 1 | Ep   3/100 | t_loss=0.1591 t_acc=0.656 | v_win_bal=0.500 v_rec_bal=0.500 | lr=3.0e-04 | 1.5s
  Fold 1 | Ep   4/100 | t_loss=0.1448 t_acc=0.708 | v_win_bal=0.500 v_rec_bal=0.500 | lr=3.0e-04 | 1.6s
  Fold 1 | Ep   5/100 | t_loss=0.1293 t_acc=0.743 | v_win_bal=0.500 v_rec_bal=0.500 | lr=3.0e-04 | 1.7s
  Fold 1 | Ep   6/100 | t_loss=0.1151 t_acc=0.781 | v_win_bal=0.500 v_rec_bal=0.500 | lr=3.0e-04 | 2.3s
  Fold 1 | Ep   7/100 | t_loss=0.1055 t_acc=0.808 | v_win_bal=0.500 v_rec_bal=0.500 | lr=3.0e-04 | 1.6s
  Fold 1 | Ep   8/100 | t_loss=0.0959 t_acc=0.834 | v_win_bal=0.500 v_rec_bal=0.500 | lr=3.0e-04 | 1.7s
  Fold 1 | Ep   9/100 | t_loss=0.0892 t_acc=0.841 | v_win_bal=0.500 v_rec_bal=0.500 | lr=3.0e-04 | 1.8s
  Fold 1 | Ep  10/100 | t_loss=0.0845 t_acc=0.857 | v_win_bal=0.500 v_rec_bal=0.500 | lr=3.0e-04 | 2.1s
  Fold 1 | Ep  11/100 | t_loss=0.0783 t_acc=0.868 | v_win_bal=0.500 v_rec_bal=0.500 | lr=2.9e-04 | 1.9s
  Fold 1 | Ep  12/100 | t_loss=0.0755 t_acc=0.870 | v_win_bal=0.500 v_rec_bal=0.500 | lr=2.9e-04 | 1.8s
  Fold 1 | Ep  13/100 | t_loss=0.0693 t_acc=0.888 | v_win_bal=0.500 v_rec_bal=0.500 | lr=2.9e-04 | 2.2s
  Fold 1 | Ep  14/100 | t_loss=0.0633 t_acc=0.905 | v_win_bal=0.500 v_rec_bal=0.500 | lr=2.9e-04 | 2.0s
  Fold 1 | Ep  15/100 | t_loss=0.0574 t_acc=0.914 | v_win_bal=0.500 v_rec_bal=0.500 | lr=2.9e-04 | 1.6s
  Fold 1 | Ep  16/100 | t_loss=0.0530 t_acc=0.921 | v_win_bal=0.500 v_rec_bal=0.500 | lr=2.9e-04 | 1.9s
  Fold 1 | Ep  17/100 | t_loss=0.0503 t_acc=0.924 | v_win_bal=0.500 v_rec_bal=0.500 | lr=2.8e-04 | 1.7s
  Fold 1 | Ep  18/100 | t_loss=0.0482 t_acc=0.931 | v_win_bal=0.500 v_rec_bal=0.500 | lr=2.8e-04 | 1.6s
  Fold 1 | Ep  19/100 | t_loss=0.0414 t_acc=0.942 | v_win_bal=0.500 v_rec_bal=0.500 | lr=2.8e-04 | 1.8s
  Fold 1 | Ep  20/100 | t_loss=0.0395 t_acc=0.943 | v_win_bal=0.500 v_rec_bal=0.500 | lr=2.8e-04 | 1.7s
  Fold 1 | Ep  21/100 | t_loss=0.0429 t_acc=0.942 | v_win_bal=0.500 v_rec_bal=0.500 | lr=2.8e-04 | 1.8s
  Early stop at epoch 21
  -> Test (best @ epoch 1): acc=0.3571, bal_acc=0.5000

============================================================
Fold 2/5
============================================================
  Train:  43 samples, 10 subjects [2, 3, 4, 6, 7, 9, 10, 11, 13, 18], label_0=28, label_1=15
    Val:  14 samples,  4 subjects [1, 5, 14, 16], label_0=9, label_1=5
   Test:  13 samples,  3 subjects [8, 12, 17], label_0=10, label_1=3
  Building window datasets...
    WindowDataset: 6852 windows (class_0=2045, class_1=4807)
    WindowDataset: 1116 windows (class_0=799, class_1=317)
    WindowDataset: 1184 windows (class_0=998, class_1=186)
[DeepConvNet] F=(25,50,100,200) k_time=10 pool=3/3 T=1000 -> embed_dim=1400 (282,275 params)
  Fold 2 | Ep   1/100 | t_loss=0.2041 t_acc=0.509 | v_win_bal=0.500 v_rec_bal=0.500 | lr=1.0e-04 | 1.6s
  Fold 2 | Ep   2/100 | t_loss=0.1714 t_acc=0.574 | v_win_bal=0.500 v_rec_bal=0.500 | lr=2.0e-04 | 1.6s
  Fold 2 | Ep   3/100 | t_loss=0.1590 t_acc=0.645 | v_win_bal=0.500 v_rec_bal=0.500 | lr=3.0e-04 | 1.7s
  Fold 2 | Ep   4/100 | t_loss=0.1442 t_acc=0.705 | v_win_bal=0.500 v_rec_bal=0.500 | lr=3.0e-04 | 1.7s
  Fold 2 | Ep   5/100 | t_loss=0.1300 t_acc=0.745 | v_win_bal=0.500 v_rec_bal=0.500 | lr=3.0e-04 | 1.8s
  Fold 2 | Ep   6/100 | t_loss=0.1170 t_acc=0.783 | v_win_bal=0.500 v_rec_bal=0.500 | lr=3.0e-04 | 1.5s
  Fold 2 | Ep   7/100 | t_loss=0.0995 t_acc=0.824 | v_win_bal=0.500 v_rec_bal=0.500 | lr=3.0e-04 | 1.8s
  Fold 2 | Ep   8/100 | t_loss=0.0894 t_acc=0.846 | v_win_bal=0.500 v_rec_bal=0.500 | lr=3.0e-04 | 1.6s
  Fold 2 | Ep   9/100 | t_loss=0.0809 t_acc=0.870 | v_win_bal=0.500 v_rec_bal=0.500 | lr=3.0e-04 | 1.6s
  Fold 2 | Ep  10/100 | t_loss=0.0737 t_acc=0.883 | v_win_bal=0.500 v_rec_bal=0.500 | lr=3.0e-04 | 1.6s
  Fold 2 | Ep  11/100 | t_loss=0.0668 t_acc=0.896 | v_win_bal=0.500 v_rec_bal=0.500 | lr=2.9e-04 | 1.5s
  Fold 2 | Ep  12/100 | t_loss=0.0597 t_acc=0.909 | v_win_bal=0.500 v_rec_bal=0.500 | lr=2.9e-04 | 1.6s
  Fold 2 | Ep  13/100 | t_loss=0.0575 t_acc=0.916 | v_win_bal=0.501 v_rec_bal=0.500 | lr=2.9e-04 | 1.5s
  Fold 2 | Ep  14/100 | t_loss=0.0514 t_acc=0.927 | v_win_bal=0.500 v_rec_bal=0.500 | lr=2.9e-04 | 1.7s
  Fold 2 | Ep  15/100 | t_loss=0.0482 t_acc=0.934 | v_win_bal=0.501 v_rec_bal=0.500 | lr=2.9e-04 | 1.5s
  Fold 2 | Ep  16/100 | t_loss=0.0484 t_acc=0.936 | v_win_bal=0.455 v_rec_bal=0.722 | lr=2.9e-04 | 1.6s
  Fold 2 | Ep  17/100 | t_loss=0.0443 t_acc=0.941 | v_win_bal=0.502 v_rec_bal=0.500 | lr=2.8e-04 | 1.5s
  Fold 2 | Ep  18/100 | t_loss=0.0403 t_acc=0.948 | v_win_bal=0.513 v_rec_bal=0.500 | lr=2.8e-04 | 1.7s
  Fold 2 | Ep  19/100 | t_loss=0.0366 t_acc=0.953 | v_win_bal=0.500 v_rec_bal=0.500 | lr=2.8e-04 | 1.6s
  Fold 2 | Ep  20/100 | t_loss=0.0375 t_acc=0.953 | v_win_bal=0.501 v_rec_bal=0.500 | lr=2.8e-04 | 1.8s
  Fold 2 | Ep  21/100 | t_loss=0.0360 t_acc=0.954 | v_win_bal=0.500 v_rec_bal=0.500 | lr=2.8e-04 | 1.5s
  Fold 2 | Ep  22/100 | t_loss=0.0325 t_acc=0.962 | v_win_bal=0.500 v_rec_bal=0.500 | lr=2.7e-04 | 1.6s
  Fold 2 | Ep  23/100 | t_loss=0.0304 t_acc=0.964 | v_win_bal=0.500 v_rec_bal=0.500 | lr=2.7e-04 | 1.6s
  Fold 2 | Ep  24/100 | t_loss=0.0276 t_acc=0.965 | v_win_bal=0.500 v_rec_bal=0.500 | lr=2.7e-04 | 1.5s
  Fold 2 | Ep  25/100 | t_loss=0.0274 t_acc=0.966 | v_win_bal=0.500 v_rec_bal=0.500 | lr=2.6e-04 | 1.7s
  Fold 2 | Ep  26/100 | t_loss=0.0270 t_acc=0.971 | v_win_bal=0.500 v_rec_bal=0.500 | lr=2.6e-04 | 1.6s
  Fold 2 | Ep  27/100 | t_loss=0.0241 t_acc=0.970 | v_win_bal=0.500 v_rec_bal=0.500 | lr=2.6e-04 | 1.5s
  Fold 2 | Ep  28/100 | t_loss=0.0261 t_acc=0.974 | v_win_bal=0.500 v_rec_bal=0.500 | lr=2.5e-04 | 1.7s
  Fold 2 | Ep  29/100 | t_loss=0.0241 t_acc=0.971 | v_win_bal=0.500 v_rec_bal=0.500 | lr=2.5e-04 | 1.6s
  Fold 2 | Ep  30/100 | t_loss=0.0218 t_acc=0.974 | v_win_bal=0.500 v_rec_bal=0.500 | lr=2.5e-04 | 1.5s
  Fold 2 | Ep  31/100 | t_loss=0.0228 t_acc=0.972 | v_win_bal=0.501 v_rec_bal=0.500 | lr=2.4e-04 | 1.5s
  Fold 2 | Ep  32/100 | t_loss=0.0252 t_acc=0.971 | v_win_bal=0.501 v_rec_bal=0.500 | lr=2.4e-04 | 1.6s
  Fold 2 | Ep  33/100 | t_loss=0.0228 t_acc=0.974 | v_win_bal=0.502 v_rec_bal=0.500 | lr=2.3e-04 | 1.6s
  Fold 2 | Ep  34/100 | t_loss=0.0207 t_acc=0.975 | v_win_bal=0.501 v_rec_bal=0.500 | lr=2.3e-04 | 1.6s
  Fold 2 | Ep  35/100 | t_loss=0.0222 t_acc=0.973 | v_win_bal=0.501 v_rec_bal=0.500 | lr=2.3e-04 | 1.7s
  Fold 2 | Ep  36/100 | t_loss=0.0204 t_acc=0.975 | v_win_bal=0.503 v_rec_bal=0.500 | lr=2.2e-04 | 1.6s
  Early stop at epoch 36
  -> Test (best @ epoch 16): acc=0.2308, bal_acc=0.5000

============================================================
Fold 3/5
============================================================
  Train:  40 samples, 10 subjects [3, 4, 7, 8, 9, 10, 12, 16, 17, 18], label_0=28, label_1=12
    Val:  14 samples,  4 subjects [1, 2, 5, 14], label_0=9, label_1=5
   Test:  16 samples,  3 subjects [6, 11, 13], label_0=10, label_1=6
  Building window datasets...
    WindowDataset: 5447 windows (class_0=2211, class_1=3236)
    WindowDataset: 1110 windows (class_0=793, class_1=317)
    WindowDataset: 1419 windows (class_0=838, class_1=581)
[DeepConvNet] F=(25,50,100,200) k_time=10 pool=3/3 T=1000 -> embed_dim=1400 (282,275 params)
  Fold 3 | Ep   1/100 | t_loss=0.2013 t_acc=0.507 | v_win_bal=0.499 v_rec_bal=0.500 | lr=1.0e-04 | 1.2s
  Fold 3 | Ep   2/100 | t_loss=0.1793 t_acc=0.499 | v_win_bal=0.500 v_rec_bal=0.500 | lr=2.0e-04 | 1.2s
  Fold 3 | Ep   3/100 | t_loss=0.1739 t_acc=0.523 | v_win_bal=0.500 v_rec_bal=0.500 | lr=3.0e-04 | 1.3s
  Fold 3 | Ep   4/100 | t_loss=0.1676 t_acc=0.573 | v_win_bal=0.500 v_rec_bal=0.500 | lr=3.0e-04 | 1.5s
  Fold 3 | Ep   5/100 | t_loss=0.1333 t_acc=0.733 | v_win_bal=0.500 v_rec_bal=0.500 | lr=3.0e-04 | 1.4s
  Fold 3 | Ep   6/100 | t_loss=0.0992 t_acc=0.833 | v_win_bal=0.500 v_rec_bal=0.500 | lr=3.0e-04 | 1.2s
  Fold 3 | Ep   7/100 | t_loss=0.0771 t_acc=0.875 | v_win_bal=0.500 v_rec_bal=0.500 | lr=3.0e-04 | 1.2s
  Fold 3 | Ep   8/100 | t_loss=0.0592 t_acc=0.910 | v_win_bal=0.500 v_rec_bal=0.500 | lr=3.0e-04 | 1.3s
  Fold 3 | Ep   9/100 | t_loss=0.0495 t_acc=0.924 | v_win_bal=0.500 v_rec_bal=0.500 | lr=3.0e-04 | 1.6s
  Fold 3 | Ep  10/100 | t_loss=0.0390 t_acc=0.944 | v_win_bal=0.500 v_rec_bal=0.500 | lr=3.0e-04 | 1.2s
  Fold 3 | Ep  11/100 | t_loss=0.0354 t_acc=0.953 | v_win_bal=0.500 v_rec_bal=0.500 | lr=2.9e-04 | 1.3s
  Fold 3 | Ep  12/100 | t_loss=0.0318 t_acc=0.956 | v_win_bal=0.500 v_rec_bal=0.500 | lr=2.9e-04 | 1.2s
  Fold 3 | Ep  13/100 | t_loss=0.0256 t_acc=0.964 | v_win_bal=0.500 v_rec_bal=0.500 | lr=2.9e-04 | 1.2s
  Fold 3 | Ep  14/100 | t_loss=0.0223 t_acc=0.969 | v_win_bal=0.500 v_rec_bal=0.500 | lr=2.9e-04 | 1.2s
  Fold 3 | Ep  15/100 | t_loss=0.0202 t_acc=0.972 | v_win_bal=0.500 v_rec_bal=0.500 | lr=2.9e-04 | 1.3s
  Fold 3 | Ep  16/100 | t_loss=0.0189 t_acc=0.975 | v_win_bal=0.500 v_rec_bal=0.500 | lr=2.9e-04 | 1.3s
  Fold 3 | Ep  17/100 | t_loss=0.0173 t_acc=0.977 | v_win_bal=0.500 v_rec_bal=0.500 | lr=2.8e-04 | 1.3s
  Fold 3 | Ep  18/100 | t_loss=0.0171 t_acc=0.978 | v_win_bal=0.500 v_rec_bal=0.500 | lr=2.8e-04 | 1.3s
  Fold 3 | Ep  19/100 | t_loss=0.0162 t_acc=0.980 | v_win_bal=0.500 v_rec_bal=0.500 | lr=2.8e-04 | 1.4s
  Fold 3 | Ep  20/100 | t_loss=0.0136 t_acc=0.983 | v_win_bal=0.500 v_rec_bal=0.500 | lr=2.8e-04 | 1.2s
  Fold 3 | Ep  21/100 | t_loss=0.0145 t_acc=0.983 | v_win_bal=0.500 v_rec_bal=0.500 | lr=2.8e-04 | 1.4s
  Early stop at epoch 21
  -> Test (best @ epoch 1): acc=0.3750, bal_acc=0.5000

============================================================
Fold 4/5
============================================================
  Train:  44 samples,  9 subjects [3, 5, 6, 7, 8, 11, 13, 17, 18], label_0=29, label_1=15
    Val:  14 samples,  4 subjects [1, 12, 14, 16], label_0=9, label_1=5
   Test:  12 samples,  4 subjects [2, 4, 9, 10], label_0=9, label_1=3
  Building window datasets...
    WindowDataset: 6535 windows (class_0=2032, class_1=4503)
    WindowDataset: 1463 windows (class_0=1146, class_1=317)
    WindowDataset: 926 windows (class_0=664, class_1=262)
[DeepConvNet] F=(25,50,100,200) k_time=10 pool=3/3 T=1000 -> embed_dim=1400 (282,275 params)
  Fold 4 | Ep   1/100 | t_loss=0.2049 t_acc=0.518 | v_win_bal=0.500 v_rec_bal=0.500 | lr=1.0e-04 | 1.5s
  Fold 4 | Ep   2/100 | t_loss=0.1731 t_acc=0.569 | v_win_bal=0.500 v_rec_bal=0.500 | lr=2.0e-04 | 1.6s
  Fold 4 | Ep   3/100 | t_loss=0.1614 t_acc=0.624 | v_win_bal=0.500 v_rec_bal=0.500 | lr=3.0e-04 | 1.6s
  Fold 4 | Ep   4/100 | t_loss=0.1465 t_acc=0.675 | v_win_bal=0.500 v_rec_bal=0.500 | lr=3.0e-04 | 1.7s
  Fold 4 | Ep   5/100 | t_loss=0.1312 t_acc=0.739 | v_win_bal=0.502 v_rec_bal=0.500 | lr=3.0e-04 | 1.5s
  Fold 4 | Ep   6/100 | t_loss=0.1121 t_acc=0.785 | v_win_bal=0.503 v_rec_bal=0.500 | lr=3.0e-04 | 1.5s
  Fold 4 | Ep   7/100 | t_loss=0.1035 t_acc=0.817 | v_win_bal=0.502 v_rec_bal=0.500 | lr=3.0e-04 | 1.5s
  Fold 4 | Ep   8/100 | t_loss=0.0941 t_acc=0.841 | v_win_bal=0.507 v_rec_bal=0.500 | lr=3.0e-04 | 1.5s
  Fold 4 | Ep   9/100 | t_loss=0.0867 t_acc=0.856 | v_win_bal=0.503 v_rec_bal=0.500 | lr=3.0e-04 | 1.6s
  Fold 4 | Ep  10/100 | t_loss=0.0791 t_acc=0.873 | v_win_bal=0.503 v_rec_bal=0.500 | lr=3.0e-04 | 1.6s
  Fold 4 | Ep  11/100 | t_loss=0.0715 t_acc=0.890 | v_win_bal=0.503 v_rec_bal=0.500 | lr=2.9e-04 | 1.5s
  Fold 4 | Ep  12/100 | t_loss=0.0623 t_acc=0.907 | v_win_bal=0.500 v_rec_bal=0.500 | lr=2.9e-04 | 1.6s
  Fold 4 | Ep  13/100 | t_loss=0.0601 t_acc=0.913 | v_win_bal=0.500 v_rec_bal=0.500 | lr=2.9e-04 | 1.7s
  Fold 4 | Ep  14/100 | t_loss=0.0508 t_acc=0.930 | v_win_bal=0.500 v_rec_bal=0.500 | lr=2.9e-04 | 1.5s
  Fold 4 | Ep  15/100 | t_loss=0.0482 t_acc=0.932 | v_win_bal=0.500 v_rec_bal=0.500 | lr=2.9e-04 | 1.5s
  Fold 4 | Ep  16/100 | t_loss=0.0467 t_acc=0.936 | v_win_bal=0.500 v_rec_bal=0.500 | lr=2.9e-04 | 1.6s
  Fold 4 | Ep  17/100 | t_loss=0.0421 t_acc=0.947 | v_win_bal=0.500 v_rec_bal=0.500 | lr=2.8e-04 | 1.5s
  Fold 4 | Ep  18/100 | t_loss=0.0371 t_acc=0.951 | v_win_bal=0.500 v_rec_bal=0.500 | lr=2.8e-04 | 1.6s
  Fold 4 | Ep  19/100 | t_loss=0.0326 t_acc=0.959 | v_win_bal=0.500 v_rec_bal=0.500 | lr=2.8e-04 | 1.5s
  Fold 4 | Ep  20/100 | t_loss=0.0315 t_acc=0.961 | v_win_bal=0.500 v_rec_bal=0.500 | lr=2.8e-04 | 1.5s
  Fold 4 | Ep  21/100 | t_loss=0.0277 t_acc=0.964 | v_win_bal=0.500 v_rec_bal=0.500 | lr=2.8e-04 | 1.5s
  Early stop at epoch 21
  -> Test (best @ epoch 1): acc=0.2500, bal_acc=0.5000

============================================================
Fold 5/5
============================================================
  Train:  41 samples, 10 subjects [2, 4, 5, 6, 8, 10, 11, 13, 14, 17], label_0=29, label_1=12
    Val:  14 samples,  4 subjects [1, 9, 12, 16], label_0=9, label_1=5
   Test:  15 samples,  3 subjects [3, 7, 18], label_0=9, label_1=6
  Building window datasets...
    WindowDataset: 6349 windows (class_0=2269, class_1=4080)
    WindowDataset: 1347 windows (class_0=1030, class_1=317)
    WindowDataset: 913 windows (class_0=543, class_1=370)
[DeepConvNet] F=(25,50,100,200) k_time=10 pool=3/3 T=1000 -> embed_dim=1400 (282,275 params)
  Fold 5 | Ep   1/100 | t_loss=0.1927 t_acc=0.513 | v_win_bal=0.500 v_rec_bal=0.500 | lr=1.0e-04 | 1.7s
  Fold 5 | Ep   2/100 | t_loss=0.1756 t_acc=0.535 | v_win_bal=0.500 v_rec_bal=0.500 | lr=2.0e-04 | 1.5s
  Fold 5 | Ep   3/100 | t_loss=0.1709 t_acc=0.558 | v_win_bal=0.500 v_rec_bal=0.500 | lr=3.0e-04 | 1.5s
  Fold 5 | Ep   4/100 | t_loss=0.1600 t_acc=0.622 | v_win_bal=0.500 v_rec_bal=0.500 | lr=3.0e-04 | 1.6s
  Fold 5 | Ep   5/100 | t_loss=0.1384 t_acc=0.703 | v_win_bal=0.500 v_rec_bal=0.500 | lr=3.0e-04 | 1.8s
  Fold 5 | Ep   6/100 | t_loss=0.1199 t_acc=0.771 | v_win_bal=0.500 v_rec_bal=0.500 | lr=3.0e-04 | 1.5s
  Fold 5 | Ep   7/100 | t_loss=0.1028 t_acc=0.820 | v_win_bal=0.500 v_rec_bal=0.500 | lr=3.0e-04 | 1.5s
  Fold 5 | Ep   8/100 | t_loss=0.0950 t_acc=0.841 | v_win_bal=0.500 v_rec_bal=0.500 | lr=3.0e-04 | 1.5s
  Fold 5 | Ep   9/100 | t_loss=0.0848 t_acc=0.863 | v_win_bal=0.503 v_rec_bal=0.500 | lr=3.0e-04 | 1.5s
  Fold 5 | Ep  10/100 | t_loss=0.0790 t_acc=0.879 | v_win_bal=0.503 v_rec_bal=0.500 | lr=3.0e-04 | 1.5s
  Fold 5 | Ep  11/100 | t_loss=0.0695 t_acc=0.894 | v_win_bal=0.508 v_rec_bal=0.500 | lr=2.9e-04 | 1.5s
  Fold 5 | Ep  12/100 | t_loss=0.0667 t_acc=0.903 | v_win_bal=0.511 v_rec_bal=0.500 | lr=2.9e-04 | 1.5s
  Fold 5 | Ep  13/100 | t_loss=0.0610 t_acc=0.910 | v_win_bal=0.514 v_rec_bal=0.500 | lr=2.9e-04 | 1.5s
  Fold 5 | Ep  14/100 | t_loss=0.0578 t_acc=0.920 | v_win_bal=0.511 v_rec_bal=0.500 | lr=2.9e-04 | 1.7s
  Fold 5 | Ep  15/100 | t_loss=0.0538 t_acc=0.922 | v_win_bal=0.514 v_rec_bal=0.500 | lr=2.9e-04 | 1.5s
  Fold 5 | Ep  16/100 | t_loss=0.0496 t_acc=0.930 | v_win_bal=0.517 v_rec_bal=0.500 | lr=2.9e-04 | 1.7s
  Fold 5 | Ep  17/100 | t_loss=0.0456 t_acc=0.935 | v_win_bal=0.509 v_rec_bal=0.500 | lr=2.8e-04 | 1.5s
  Fold 5 | Ep  18/100 | t_loss=0.0396 t_acc=0.947 | v_win_bal=0.519 v_rec_bal=0.500 | lr=2.8e-04 | 1.5s
  Fold 5 | Ep  19/100 | t_loss=0.0376 t_acc=0.948 | v_win_bal=0.513 v_rec_bal=0.500 | lr=2.8e-04 | 1.5s
  Fold 5 | Ep  20/100 | t_loss=0.0381 t_acc=0.949 | v_win_bal=0.535 v_rec_bal=0.500 | lr=2.8e-04 | 1.5s
  Fold 5 | Ep  21/100 | t_loss=0.0319 t_acc=0.957 | v_win_bal=0.533 v_rec_bal=0.500 | lr=2.8e-04 | 1.5s
  Early stop at epoch 21
  -> Test (best @ epoch 1): acc=0.4000, bal_acc=0.5000

============================================================
Global Results (5-Fold, subject-level CV)
Mode: FT | Extractor: deepconvnet | Loss: focal
============================================================
              acc: 0.3286
          bal_acc: 0.5000
               f1: 0.1625
            kappa: 0.0000
  Total predictions: 70 (should equal dataset size: 70)

Results saved to results/hp_sweep/20260409_main/deepconvnet/deepconvnet_dropout0.1_lr3e-4_s123/
