CMD: /raid/jupyter-linjimmy1003.md10/.conda/envs/stress/bin/python train_ft.py --extractor eegconformer --seed 42 --device cuda:7 --run-id hp_sweep/20260409_main/eegconformer/eegconformer_dropout0.1_lr3e-4_s42 --mode ft --folds 5 --epochs 100 --patience 20 --batch-size 32 --label subject-dass --loss focal --head-hidden 128 --csv data/comprehensive_labels.csv --weight-decay 0.05 --grad-clip 2.0 --warmup-epochs 3 --aug-overlap 0.75 --norm zscore --dropout 0.1 --lr 0.0003

/raid/jupyter-linjimmy1003.md10/.conda/envs/stress/lib/python3.11/site-packages/timm/models/layers/__init__.py:49: FutureWarning: Importing from timm.models.layers is deprecated, please import via timm.layers
  warnings.warn(f"Importing from {__name__} is deprecated, please import via timm.layers", FutureWarning)
/raid/jupyter-linjimmy1003.md10/.conda/envs/stress/lib/python3.11/site-packages/torch/nn/modules/transformer.py:379: UserWarning: enable_nested_tensor is True, but self.use_nested_tensor is False because encoder_layer.norm_first was True
  warnings.warn(
/raid/jupyter-linjimmy1003.md10/.conda/envs/stress/lib/python3.11/site-packages/torch/nn/modules/transformer.py:379: UserWarning: enable_nested_tensor is True, but self.use_nested_tensor is False because encoder_layer.norm_first was True
  warnings.warn(
Mode: FT | Extractor: eegconformer | Folds: 5
LR: 0.0003 | WD: 0.05 | Beta2: 0.999 | Grad clip: 2.0
Head: hidden=128, dropout=0.1 | Norm: zscore | Loss: focal
Full FT: encoder_lr_scale=0.1
Augmentation: 75% overlap for increase class

Results → results/hp_sweep/20260409_main/eegconformer/eegconformer_dropout0.1_lr3e-4_s42/
Dataset: 70 recordings loaded (14 increase, 56 normal)
Cache: 70 recordings ready (70 cached, 0 new)
Subject-DASS labels: increase=23 (5 subjects), normal=47

============================================================
Fold 1/5
============================================================
  Train:  43 samples, 10 subjects [2, 3, 5, 6, 7, 9, 11, 13, 17, 18], label_0=28, label_1=15
    Val:  13 samples,  3 subjects [4, 8, 10], label_0=10, label_1=3
   Test:  14 samples,  4 subjects [1, 12, 14, 16], label_0=9, label_1=5
  Building window datasets...
    WindowDataset: 6561 windows (class_0=2058, class_1=4503)
    WindowDataset: 900 windows (class_0=638, class_1=262)
    WindowDataset: 1463 windows (class_0=1146, class_1=317)
[EEG-Conformer] F=40 L=6 H=10 T=1000 tokens=61 -> embed_dim=2440 (169,080 params)
  Trainable parameters: 794,363
  Class weights: [1.59402334690094, 0.7285143136978149]
  Fold 1 | Ep   1/100 | t_loss=0.1947 t_acc=0.524 | v_win_bal=0.500 v_rec_bal=0.500 | lr=1.0e-04 | 6.9s
  Fold 1 | Ep   2/100 | t_loss=0.1697 t_acc=0.576 | v_win_bal=0.641 v_rec_bal=0.533 | lr=2.0e-04 | 4.3s
  Fold 1 | Ep   3/100 | t_loss=0.1263 t_acc=0.774 | v_win_bal=0.644 v_rec_bal=0.483 | lr=3.0e-04 | 4.3s
  Fold 1 | Ep   4/100 | t_loss=0.0959 t_acc=0.857 | v_win_bal=0.636 v_rec_bal=0.483 | lr=3.0e-04 | 4.3s
  Fold 1 | Ep   5/100 | t_loss=0.0778 t_acc=0.894 | v_win_bal=0.660 v_rec_bal=0.483 | lr=3.0e-04 | 4.4s
  Fold 1 | Ep   6/100 | t_loss=0.0615 t_acc=0.918 | v_win_bal=0.700 v_rec_bal=0.583 | lr=3.0e-04 | 4.3s
  Fold 1 | Ep   7/100 | t_loss=0.0524 t_acc=0.935 | v_win_bal=0.675 v_rec_bal=0.533 | lr=3.0e-04 | 4.4s
  Fold 1 | Ep   8/100 | t_loss=0.0430 t_acc=0.946 | v_win_bal=0.686 v_rec_bal=0.533 | lr=3.0e-04 | 4.5s
  Fold 1 | Ep   9/100 | t_loss=0.0375 t_acc=0.946 | v_win_bal=0.685 v_rec_bal=0.533 | lr=3.0e-04 | 4.3s
  Fold 1 | Ep  10/100 | t_loss=0.0334 t_acc=0.960 | v_win_bal=0.696 v_rec_bal=0.533 | lr=3.0e-04 | 4.4s
  Fold 1 | Ep  11/100 | t_loss=0.0311 t_acc=0.965 | v_win_bal=0.695 v_rec_bal=0.533 | lr=2.9e-04 | 4.4s
  Fold 1 | Ep  12/100 | t_loss=0.0297 t_acc=0.963 | v_win_bal=0.698 v_rec_bal=0.583 | lr=2.9e-04 | 4.3s
  Fold 1 | Ep  13/100 | t_loss=0.0267 t_acc=0.970 | v_win_bal=0.702 v_rec_bal=0.583 | lr=2.9e-04 | 4.3s
  Fold 1 | Ep  14/100 | t_loss=0.0244 t_acc=0.964 | v_win_bal=0.697 v_rec_bal=0.533 | lr=2.9e-04 | 4.4s
  Fold 1 | Ep  15/100 | t_loss=0.0221 t_acc=0.975 | v_win_bal=0.685 v_rec_bal=0.533 | lr=2.9e-04 | 4.6s
  Fold 1 | Ep  16/100 | t_loss=0.0206 t_acc=0.978 | v_win_bal=0.700 v_rec_bal=0.533 | lr=2.9e-04 | 4.5s
  Fold 1 | Ep  17/100 | t_loss=0.0239 t_acc=0.977 | v_win_bal=0.692 v_rec_bal=0.533 | lr=2.8e-04 | 4.3s
  Fold 1 | Ep  18/100 | t_loss=0.0164 t_acc=0.981 | v_win_bal=0.701 v_rec_bal=0.700 | lr=2.8e-04 | 4.5s
  Fold 1 | Ep  19/100 | t_loss=0.0199 t_acc=0.978 | v_win_bal=0.687 v_rec_bal=0.533 | lr=2.8e-04 | 4.4s
  Fold 1 | Ep  20/100 | t_loss=0.0203 t_acc=0.979 | v_win_bal=0.682 v_rec_bal=0.533 | lr=2.8e-04 | 4.4s
  Fold 1 | Ep  21/100 | t_loss=0.0174 t_acc=0.982 | v_win_bal=0.696 v_rec_bal=0.533 | lr=2.8e-04 | 4.3s
  Fold 1 | Ep  22/100 | t_loss=0.0166 t_acc=0.985 | v_win_bal=0.720 v_rec_bal=0.583 | lr=2.7e-04 | 4.3s
  Fold 1 | Ep  23/100 | t_loss=0.0142 t_acc=0.988 | v_win_bal=0.702 v_rec_bal=0.533 | lr=2.7e-04 | 4.4s
  Fold 1 | Ep  24/100 | t_loss=0.0140 t_acc=0.986 | v_win_bal=0.707 v_rec_bal=0.633 | lr=2.7e-04 | 4.4s
  Fold 1 | Ep  25/100 | t_loss=0.0129 t_acc=0.988 | v_win_bal=0.723 v_rec_bal=0.633 | lr=2.6e-04 | 4.3s
  Fold 1 | Ep  26/100 | t_loss=0.0137 t_acc=0.986 | v_win_bal=0.696 v_rec_bal=0.533 | lr=2.6e-04 | 4.3s
  Fold 1 | Ep  27/100 | t_loss=0.0144 t_acc=0.987 | v_win_bal=0.703 v_rec_bal=0.533 | lr=2.6e-04 | 4.3s
  Fold 1 | Ep  28/100 | t_loss=0.0097 t_acc=0.989 | v_win_bal=0.702 v_rec_bal=0.533 | lr=2.5e-04 | 4.3s
  Fold 1 | Ep  29/100 | t_loss=0.0144 t_acc=0.986 | v_win_bal=0.707 v_rec_bal=0.583 | lr=2.5e-04 | 4.3s
  Fold 1 | Ep  30/100 | t_loss=0.0113 t_acc=0.989 | v_win_bal=0.732 v_rec_bal=0.633 | lr=2.5e-04 | 4.3s
  Fold 1 | Ep  31/100 | t_loss=0.0112 t_acc=0.990 | v_win_bal=0.705 v_rec_bal=0.633 | lr=2.4e-04 | 4.3s
  Fold 1 | Ep  32/100 | t_loss=0.0115 t_acc=0.988 | v_win_bal=0.708 v_rec_bal=0.533 | lr=2.4e-04 | 4.4s
  Fold 1 | Ep  33/100 | t_loss=0.0120 t_acc=0.991 | v_win_bal=0.710 v_rec_bal=0.533 | lr=2.3e-04 | 4.3s
  Fold 1 | Ep  34/100 | t_loss=0.0114 t_acc=0.989 | v_win_bal=0.703 v_rec_bal=0.533 | lr=2.3e-04 | 4.4s
  Fold 1 | Ep  35/100 | t_loss=0.0106 t_acc=0.991 | v_win_bal=0.697 v_rec_bal=0.533 | lr=2.3e-04 | 4.3s
  Fold 1 | Ep  36/100 | t_loss=0.0092 t_acc=0.991 | v_win_bal=0.678 v_rec_bal=0.533 | lr=2.2e-04 | 4.3s
  Fold 1 | Ep  37/100 | t_loss=0.0109 t_acc=0.990 | v_win_bal=0.693 v_rec_bal=0.533 | lr=2.2e-04 | 4.3s
  Fold 1 | Ep  38/100 | t_loss=0.0078 t_acc=0.993 | v_win_bal=0.690 v_rec_bal=0.533 | lr=2.1e-04 | 4.3s
  Fold 1 | Ep  39/100 | t_loss=0.0086 t_acc=0.992 | v_win_bal=0.701 v_rec_bal=0.533 | lr=2.1e-04 | 4.3s
  Fold 1 | Ep  40/100 | t_loss=0.0122 t_acc=0.993 | v_win_bal=0.706 v_rec_bal=0.633 | lr=2.0e-04 | 4.4s
  Fold 1 | Ep  41/100 | t_loss=0.0071 t_acc=0.993 | v_win_bal=0.712 v_rec_bal=0.633 | lr=2.0e-04 | 4.4s
  Fold 1 | Ep  42/100 | t_loss=0.0108 t_acc=0.991 | v_win_bal=0.702 v_rec_bal=0.533 | lr=2.0e-04 | 4.3s
  Fold 1 | Ep  43/100 | t_loss=0.0085 t_acc=0.992 | v_win_bal=0.705 v_rec_bal=0.533 | lr=1.9e-04 | 4.3s
  Fold 1 | Ep  44/100 | t_loss=0.0084 t_acc=0.994 | v_win_bal=0.690 v_rec_bal=0.533 | lr=1.9e-04 | 4.3s
  Fold 1 | Ep  45/100 | t_loss=0.0100 t_acc=0.992 | v_win_bal=0.716 v_rec_bal=0.583 | lr=1.8e-04 | 4.3s
  Fold 1 | Ep  46/100 | t_loss=0.0058 t_acc=0.993 | v_win_bal=0.708 v_rec_bal=0.533 | lr=1.8e-04 | 4.3s
  Fold 1 | Ep  47/100 | t_loss=0.0087 t_acc=0.992 | v_win_bal=0.697 v_rec_bal=0.533 | lr=1.7e-04 | 4.3s
  Fold 1 | Ep  48/100 | t_loss=0.0091 t_acc=0.994 | v_win_bal=0.681 v_rec_bal=0.533 | lr=1.7e-04 | 4.3s
  Fold 1 | Ep  49/100 | t_loss=0.0074 t_acc=0.993 | v_win_bal=0.704 v_rec_bal=0.583 | lr=1.6e-04 | 4.3s
  Fold 1 | Ep  50/100 | t_loss=0.0092 t_acc=0.994 | v_win_bal=0.709 v_rec_bal=0.633 | lr=1.6e-04 | 4.3s
  Fold 1 | Ep  51/100 | t_loss=0.0047 t_acc=0.996 | v_win_bal=0.691 v_rec_bal=0.533 | lr=1.5e-04 | 4.4s
  Early stop at epoch 51
  -> Test (best @ epoch 18): acc=0.8571, bal_acc=0.8889

============================================================
Fold 2/5
============================================================
  Train:  43 samples, 10 subjects [3, 4, 6, 7, 11, 13, 14, 16, 17, 18], label_0=28, label_1=15
    Val:  14 samples,  4 subjects [1, 2, 9, 12], label_0=9, label_1=5
   Test:  13 samples,  3 subjects [5, 8, 10], label_0=10, label_1=3
  Building window datasets...
    WindowDataset: 6670 windows (class_0=2167, class_1=4503)
    WindowDataset: 1341 windows (class_0=1024, class_1=317)
    WindowDataset: 913 windows (class_0=651, class_1=262)
[EEG-Conformer] F=40 L=6 H=10 T=1000 tokens=61 -> embed_dim=2440 (169,080 params)
  Fold 2 | Ep   1/100 | t_loss=0.1998 t_acc=0.515 | v_win_bal=0.500 v_rec_bal=0.500 | lr=1.0e-04 | 4.7s
  Fold 2 | Ep   2/100 | t_loss=0.1578 t_acc=0.622 | v_win_bal=0.693 v_rec_bal=0.744 | lr=2.0e-04 | 4.7s
  Fold 2 | Ep   3/100 | t_loss=0.1220 t_acc=0.763 | v_win_bal=0.696 v_rec_bal=0.744 | lr=3.0e-04 | 4.6s
  Fold 2 | Ep   4/100 | t_loss=0.0902 t_acc=0.855 | v_win_bal=0.711 v_rec_bal=0.744 | lr=3.0e-04 | 4.6s
  Fold 2 | Ep   5/100 | t_loss=0.0740 t_acc=0.895 | v_win_bal=0.703 v_rec_bal=0.744 | lr=3.0e-04 | 4.6s
  Fold 2 | Ep   6/100 | t_loss=0.0630 t_acc=0.914 | v_win_bal=0.683 v_rec_bal=0.744 | lr=3.0e-04 | 4.6s
  Fold 2 | Ep   7/100 | t_loss=0.0512 t_acc=0.932 | v_win_bal=0.657 v_rec_bal=0.744 | lr=3.0e-04 | 4.6s
  Fold 2 | Ep   8/100 | t_loss=0.0460 t_acc=0.939 | v_win_bal=0.655 v_rec_bal=0.744 | lr=3.0e-04 | 4.6s
  Fold 2 | Ep   9/100 | t_loss=0.0438 t_acc=0.947 | v_win_bal=0.705 v_rec_bal=0.744 | lr=3.0e-04 | 4.6s/raid/jupyter-linjimmy1003.md10/.conda/envs/stress/lib/python3.11/site-packages/torch/nn/modules/transformer.py:379: UserWarning: enable_nested_tensor is True, but self.use_nested_tensor is False because encoder_layer.norm_first was True
  warnings.warn(
/raid/jupyter-linjimmy1003.md10/.conda/envs/stress/lib/python3.11/site-packages/torch/nn/modules/transformer.py:379: UserWarning: enable_nested_tensor is True, but self.use_nested_tensor is False because encoder_layer.norm_first was True
  warnings.warn(

  Fold 2 | Ep  10/100 | t_loss=0.0371 t_acc=0.953 | v_win_bal=0.706 v_rec_bal=0.744 | lr=3.0e-04 | 4.6s
  Fold 2 | Ep  11/100 | t_loss=0.0325 t_acc=0.957 | v_win_bal=0.695 v_rec_bal=0.744 | lr=2.9e-04 | 4.6s
  Fold 2 | Ep  12/100 | t_loss=0.0290 t_acc=0.964 | v_win_bal=0.712 v_rec_bal=0.744 | lr=2.9e-04 | 4.6s
  Fold 2 | Ep  13/100 | t_loss=0.0276 t_acc=0.970 | v_win_bal=0.681 v_rec_bal=0.744 | lr=2.9e-04 | 4.6s
  Fold 2 | Ep  14/100 | t_loss=0.0283 t_acc=0.970 | v_win_bal=0.714 v_rec_bal=0.744 | lr=2.9e-04 | 4.7s
  Fold 2 | Ep  15/100 | t_loss=0.0239 t_acc=0.976 | v_win_bal=0.760 v_rec_bal=0.744 | lr=2.9e-04 | 4.6s
  Fold 2 | Ep  16/100 | t_loss=0.0241 t_acc=0.977 | v_win_bal=0.660 v_rec_bal=0.644 | lr=2.9e-04 | 4.6s
  Fold 2 | Ep  17/100 | t_loss=0.0207 t_acc=0.978 | v_win_bal=0.701 v_rec_bal=0.744 | lr=2.8e-04 | 4.6s
  Fold 2 | Ep  18/100 | t_loss=0.0202 t_acc=0.978 | v_win_bal=0.741 v_rec_bal=0.744 | lr=2.8e-04 | 4.6s
  Fold 2 | Ep  19/100 | t_loss=0.0188 t_acc=0.981 | v_win_bal=0.689 v_rec_bal=0.744 | lr=2.8e-04 | 4.6s
  Fold 2 | Ep  20/100 | t_loss=0.0181 t_acc=0.981 | v_win_bal=0.770 v_rec_bal=0.744 | lr=2.8e-04 | 4.6s
  Fold 2 | Ep  21/100 | t_loss=0.0144 t_acc=0.986 | v_win_bal=0.757 v_rec_bal=0.744 | lr=2.8e-04 | 4.6s
  Fold 2 | Ep  22/100 | t_loss=0.0208 t_acc=0.982 | v_win_bal=0.716 v_rec_bal=0.744 | lr=2.7e-04 | 4.8s
  Fold 2 | Ep  23/100 | t_loss=0.0164 t_acc=0.984 | v_win_bal=0.723 v_rec_bal=0.744 | lr=2.7e-04 | 4.6s
  Fold 2 | Ep  24/100 | t_loss=0.0135 t_acc=0.985 | v_win_bal=0.676 v_rec_bal=0.644 | lr=2.7e-04 | 4.6s
  Early stop at epoch 24
  -> Test (best @ epoch 2): acc=0.4615, bal_acc=0.5333

============================================================
Fold 3/5
============================================================
  Train:  40 samples, 10 subjects [4, 5, 8, 9, 10, 11, 13, 16, 17, 18], label_0=28, label_1=12
    Val:  14 samples,  4 subjects [1, 2, 12, 14], label_0=9, label_1=5
   Test:  16 samples,  3 subjects [3, 6, 7], label_0=10, label_1=6
  Building window datasets...
    WindowDataset: 6192 windows (class_0=2112, class_1=4080)
    WindowDataset: 1457 windows (class_0=1140, class_1=317)
    WindowDataset: 960 windows (class_0=590, class_1=370)
[EEG-Conformer] F=40 L=6 H=10 T=1000 tokens=61 -> embed_dim=2440 (169,080 params)
  Fold 3 | Ep   1/100 | t_loss=0.1964 t_acc=0.503 | v_win_bal=0.500 v_rec_bal=0.500 | lr=1.0e-04 | 4.5s
  Fold 3 | Ep   2/100 | t_loss=0.1567 t_acc=0.640 | v_win_bal=0.691 v_rec_bal=0.644 | lr=2.0e-04 | 4.4s
  Fold 3 | Ep   3/100 | t_loss=0.1205 t_acc=0.772 | v_win_bal=0.804 v_rec_bal=0.744 | lr=3.0e-04 | 4.6s
  Fold 3 | Ep   4/100 | t_loss=0.0950 t_acc=0.839 | v_win_bal=0.853 v_rec_bal=0.944 | lr=3.0e-04 | 4.3s
  Fold 3 | Ep   5/100 | t_loss=0.0751 t_acc=0.882 | v_win_bal=0.731 v_rec_bal=0.744 | lr=3.0e-04 | 4.3s
  Fold 3 | Ep   6/100 | t_loss=0.0570 t_acc=0.912 | v_win_bal=0.759 v_rec_bal=0.744 | lr=3.0e-04 | 4.5s
  Fold 3 | Ep   7/100 | t_loss=0.0520 t_acc=0.926 | v_win_bal=0.834 v_rec_bal=0.844 | lr=3.0e-04 | 4.6s
  Fold 3 | Ep   8/100 | t_loss=0.0459 t_acc=0.939 | v_win_bal=0.840 v_rec_bal=0.844 | lr=3.0e-04 | 4.6s
  Fold 3 | Ep   9/100 | t_loss=0.0426 t_acc=0.943 | v_win_bal=0.813 v_rec_bal=0.744 | lr=3.0e-04 | 4.6s
  Fold 3 | Ep  10/100 | t_loss=0.0402 t_acc=0.949 | v_win_bal=0.823 v_rec_bal=0.844 | lr=3.0e-04 | 4.5s
  Fold 3 | Ep  11/100 | t_loss=0.0319 t_acc=0.962 | v_win_bal=0.840 v_rec_bal=0.844 | lr=2.9e-04 | 4.5s
  Fold 3 | Ep  12/100 | t_loss=0.0368 t_acc=0.962 | v_win_bal=0.795 v_rec_bal=0.744 | lr=2.9e-04 | 4.5s
  Fold 3 | Ep  13/100 | t_loss=0.0281 t_acc=0.970 | v_win_bal=0.753 v_rec_bal=0.744 | lr=2.9e-04 | 4.5s
  Fold 3 | Ep  14/100 | t_loss=0.0250 t_acc=0.971 | v_win_bal=0.844 v_rec_bal=0.844 | lr=2.9e-04 | 4.4s
  Fold 3 | Ep  15/100 | t_loss=0.0228 t_acc=0.974 | v_win_bal=0.835 v_rec_bal=0.844 | lr=2.9e-04 | 4.4s
  Fold 3 | Ep  16/100 | t_loss=0.0218 t_acc=0.976 | v_win_bal=0.824 v_rec_bal=0.844 | lr=2.9e-04 | 4.4s
  Fold 3 | Ep  17/100 | t_loss=0.0198 t_acc=0.979 | v_win_bal=0.813 v_rec_bal=0.844 | lr=2.8e-04 | 4.4s
  Fold 3 | Ep  18/100 | t_loss=0.0200 t_acc=0.978 | v_win_bal=0.846 v_rec_bal=0.844 | lr=2.8e-04 | 4.4s
  Fold 3 | Ep  19/100 | t_loss=0.0186 t_acc=0.980 | v_win_bal=0.868 v_rec_bal=0.944 | lr=2.8e-04 | 4.4s
  Fold 3 | Ep  20/100 | t_loss=0.0171 t_acc=0.981 | v_win_bal=0.815 v_rec_bal=0.844 | lr=2.8e-04 | 4.4s
  Fold 3 | Ep  21/100 | t_loss=0.0185 t_acc=0.982 | v_win_bal=0.825 v_rec_bal=0.844 | lr=2.8e-04 | 4.4s
  Fold 3 | Ep  22/100 | t_loss=0.0136 t_acc=0.983 | v_win_bal=0.875 v_rec_bal=0.944 | lr=2.7e-04 | 4.6s
  Fold 3 | Ep  23/100 | t_loss=0.0140 t_acc=0.984 | v_win_bal=0.848 v_rec_bal=0.844 | lr=2.7e-04 | 4.4s
  Fold 3 | Ep  24/100 | t_loss=0.0122 t_acc=0.989 | v_win_bal=0.871 v_rec_bal=0.944 | lr=2.7e-04 | 4.4s
  Fold 3 | Ep  25/100 | t_loss=0.0112 t_acc=0.989 | v_win_bal=0.817 v_rec_bal=0.844 | lr=2.6e-04 | 4.3s
  Fold 3 | Ep  26/100 | t_loss=0.0122 t_acc=0.987 | v_win_bal=0.807 v_rec_bal=0.844 | lr=2.6e-04 | 4.5s
  Fold 3 | Ep  27/100 | t_loss=0.0143 t_acc=0.985 | v_win_bal=0.811 v_rec_bal=0.844 | lr=2.6e-04 | 4.3s
  Fold 3 | Ep  28/100 | t_loss=0.0128 t_acc=0.988 | v_win_bal=0.833 v_rec_bal=0.844 | lr=2.5e-04 | 4.5s
  Fold 3 | Ep  29/100 | t_loss=0.0118 t_acc=0.990 | v_win_bal=0.778 v_rec_bal=0.744 | lr=2.5e-04 | 4.3s
  Fold 3 | Ep  30/100 | t_loss=0.0106 t_acc=0.988 | v_win_bal=0.862 v_rec_bal=0.844 | lr=2.5e-04 | 4.3s
  Fold 3 | Ep  31/100 | t_loss=0.0121 t_acc=0.988 | v_win_bal=0.829 v_rec_bal=0.844 | lr=2.4e-04 | 4.4s
  Fold 3 | Ep  32/100 | t_loss=0.0113 t_acc=0.989 | v_win_bal=0.812 v_rec_bal=0.744 | lr=2.4e-04 | 4.6s
  Fold 3 | Ep  33/100 | t_loss=0.0095 t_acc=0.991 | v_win_bal=0.857 v_rec_bal=0.944 | lr=2.3e-04 | 4.3s
  Fold 3 | Ep  34/100 | t_loss=0.0105 t_acc=0.991 | v_win_bal=0.840 v_rec_bal=0.944 | lr=2.3e-04 | 4.3s
  Fold 3 | Ep  35/100 | t_loss=0.0110 t_acc=0.990 | v_win_bal=0.811 v_rec_bal=0.744 | lr=2.3e-04 | 4.5s
  Fold 3 | Ep  36/100 | t_loss=0.0090 t_acc=0.990 | v_win_bal=0.815 v_rec_bal=0.844 | lr=2.2e-04 | 4.4s
  Fold 3 | Ep  37/100 | t_loss=0.0100 t_acc=0.991 | v_win_bal=0.815 v_rec_bal=0.844 | lr=2.2e-04 | 4.3s
  Fold 3 | Ep  38/100 | t_loss=0.0094 t_acc=0.992 | v_win_bal=0.791 v_rec_bal=0.744 | lr=2.1e-04 | 4.3s
  Fold 3 | Ep  39/100 | t_loss=0.0080 t_acc=0.992 | v_win_bal=0.819 v_rec_bal=0.744 | lr=2.1e-04 | 4.3s
  Fold 3 | Ep  40/100 | t_loss=0.0094 t_acc=0.992 | v_win_bal=0.865 v_rec_bal=0.944 | lr=2.0e-04 | 4.3s
  Fold 3 | Ep  41/100 | t_loss=0.0100 t_acc=0.991 | v_win_bal=0.794 v_rec_bal=0.744 | lr=2.0e-04 | 4.4s
  Fold 3 | Ep  42/100 | t_loss=0.0068 t_acc=0.993 | v_win_bal=0.863 v_rec_bal=0.944 | lr=2.0e-04 | 4.3s
  Fold 3 | Ep  43/100 | t_loss=0.0080 t_acc=0.994 | v_win_bal=0.867 v_rec_bal=0.944 | lr=1.9e-04 | 4.3s
  Fold 3 | Ep  44/100 | t_loss=0.0076 t_acc=0.993 | v_win_bal=0.788 v_rec_bal=0.744 | lr=1.9e-04 | 4.3s
  Early stop at epoch 44
  -> Test (best @ epoch 4): acc=0.5625, bal_acc=0.5500

============================================================
Fold 4/5
============================================================
  Train:  39 samples, 11 subjects [1, 2, 4, 5, 8, 9, 10, 12, 14, 16, 17], label_0=28, label_1=11
    Val:  16 samples,  3 subjects [3, 6, 7], label_0=10, label_1=6
   Test:  15 samples,  3 subjects [11, 13, 18], label_0=9, label_1=6
  Building window datasets...
    WindowDataset: 5488 windows (class_0=2461, class_1=3027)
    WindowDataset: 960 windows (class_0=590, class_1=370)
    WindowDataset: 1372 windows (class_0=791, class_1=581)
[EEG-Conformer] F=40 L=6 H=10 T=1000 tokens=61 -> embed_dim=2440 (169,080 params)
  Fold 4 | Ep   1/100 | t_loss=0.2046 t_acc=0.523 | v_win_bal=0.500 v_rec_bal=0.500 | lr=1.0e-04 | 3.7s
  Fold 4 | Ep   2/100 | t_loss=0.1419 t_acc=0.699 | v_win_bal=0.516 v_rec_bal=0.533 | lr=2.0e-04 | 3.7s
  Fold 4 | Ep   3/100 | t_loss=0.0919 t_acc=0.846 | v_win_bal=0.479 v_rec_bal=0.450 | lr=3.0e-04 | 3.7s
  Fold 4 | Ep   4/100 | t_loss=0.0640 t_acc=0.908 | v_win_bal=0.464 v_rec_bal=0.383 | lr=3.0e-04 | 4.0s
  Fold 4 | Ep   5/100 | t_loss=0.0493 t_acc=0.933 | v_win_bal=0.436 v_rec_bal=0.500 | lr=3.0e-04 | 3.7s
  Fold 4 | Ep   6/100 | t_loss=0.0426 t_acc=0.941 | v_win_bal=0.408 v_rec_bal=0.300 | lr=3.0e-04 | 3.7s/raid/jupyter-linjimmy1003.md10/.conda/envs/stress/lib/python3.11/site-packages/torch/nn/modules/transformer.py:379: UserWarning: enable_nested_tensor is True, but self.use_nested_tensor is False because encoder_layer.norm_first was True
  warnings.warn(

  Fold 4 | Ep   7/100 | t_loss=0.0343 t_acc=0.955 | v_win_bal=0.416 v_rec_bal=0.300 | lr=3.0e-04 | 3.7s
  Fold 4 | Ep   8/100 | t_loss=0.0285 t_acc=0.960 | v_win_bal=0.417 v_rec_bal=0.400 | lr=3.0e-04 | 4.0s
  Fold 4 | Ep   9/100 | t_loss=0.0266 t_acc=0.967 | v_win_bal=0.449 v_rec_bal=0.450 | lr=3.0e-04 | 3.7s
  Fold 4 | Ep  10/100 | t_loss=0.0239 t_acc=0.970 | v_win_bal=0.418 v_rec_bal=0.400 | lr=3.0e-04 | 3.7s
  Fold 4 | Ep  11/100 | t_loss=0.0201 t_acc=0.975 | v_win_bal=0.415 v_rec_bal=0.300 | lr=2.9e-04 | 3.7s
  Fold 4 | Ep  12/100 | t_loss=0.0210 t_acc=0.975 | v_win_bal=0.411 v_rec_bal=0.400 | lr=2.9e-04 | 3.7s
  Fold 4 | Ep  13/100 | t_loss=0.0123 t_acc=0.984 | v_win_bal=0.452 v_rec_bal=0.400 | lr=2.9e-04 | 3.7s
  Fold 4 | Ep  14/100 | t_loss=0.0157 t_acc=0.981 | v_win_bal=0.416 v_rec_bal=0.450 | lr=2.9e-04 | 3.9s
  Fold 4 | Ep  15/100 | t_loss=0.0145 t_acc=0.984 | v_win_bal=0.435 v_rec_bal=0.450 | lr=2.9e-04 | 3.7s
  Fold 4 | Ep  16/100 | t_loss=0.0138 t_acc=0.985 | v_win_bal=0.437 v_rec_bal=0.450 | lr=2.9e-04 | 3.9s
  Fold 4 | Ep  17/100 | t_loss=0.0131 t_acc=0.983 | v_win_bal=0.414 v_rec_bal=0.450 | lr=2.8e-04 | 3.7s
  Fold 4 | Ep  18/100 | t_loss=0.0165 t_acc=0.981 | v_win_bal=0.458 v_rec_bal=0.450 | lr=2.8e-04 | 3.7s
  Fold 4 | Ep  19/100 | t_loss=0.0134 t_acc=0.986 | v_win_bal=0.420 v_rec_bal=0.400 | lr=2.8e-04 | 3.7s
  Fold 4 | Ep  20/100 | t_loss=0.0108 t_acc=0.988 | v_win_bal=0.432 v_rec_bal=0.450 | lr=2.8e-04 | 3.7s
  Fold 4 | Ep  21/100 | t_loss=0.0081 t_acc=0.990 | v_win_bal=0.424 v_rec_bal=0.450 | lr=2.8e-04 | 3.7s
  Fold 4 | Ep  22/100 | t_loss=0.0108 t_acc=0.988 | v_win_bal=0.409 v_rec_bal=0.450 | lr=2.7e-04 | 3.8s
  Early stop at epoch 22
  -> Test (best @ epoch 2): acc=0.6667, bal_acc=0.6389

============================================================
Fold 5/5
============================================================
  Train:  44 samples,  9 subjects [3, 5, 6, 7, 8, 10, 11, 13, 18], label_0=29, label_1=15
    Val:  14 samples,  4 subjects [1, 12, 14, 16], label_0=9, label_1=5
   Test:  12 samples,  4 subjects [2, 4, 9, 17], label_0=9, label_1=3
  Building window datasets...
    WindowDataset: 6839 windows (class_0=2032, class_1=4807)
    WindowDataset: 1463 windows (class_0=1146, class_1=317)
    WindowDataset: 850 windows (class_0=664, class_1=186)
[EEG-Conformer] F=40 L=6 H=10 T=1000 tokens=61 -> embed_dim=2440 (169,080 params)
  Fold 5 | Ep   1/100 | t_loss=0.1911 t_acc=0.574 | v_win_bal=0.747 v_rec_bal=0.789 | lr=1.0e-04 | 4.7s
  Fold 5 | Ep   2/100 | t_loss=0.1343 t_acc=0.752 | v_win_bal=0.784 v_rec_bal=0.733 | lr=2.0e-04 | 4.8s
  Fold 5 | Ep   3/100 | t_loss=0.0918 t_acc=0.850 | v_win_bal=0.856 v_rec_bal=0.944 | lr=3.0e-04 | 4.8s
  Fold 5 | Ep   4/100 | t_loss=0.0711 t_acc=0.896 | v_win_bal=0.858 v_rec_bal=0.889 | lr=3.0e-04 | 4.7s
  Fold 5 | Ep   5/100 | t_loss=0.0557 t_acc=0.916 | v_win_bal=0.872 v_rec_bal=0.889 | lr=3.0e-04 | 4.7s
  Fold 5 | Ep   6/100 | t_loss=0.0492 t_acc=0.933 | v_win_bal=0.858 v_rec_bal=0.889 | lr=3.0e-04 | 4.8s
  Fold 5 | Ep   7/100 | t_loss=0.0424 t_acc=0.946 | v_win_bal=0.865 v_rec_bal=0.889 | lr=3.0e-04 | 4.7s
  Fold 5 | Ep   8/100 | t_loss=0.0360 t_acc=0.957 | v_win_bal=0.879 v_rec_bal=0.889 | lr=3.0e-04 | 4.7s
  Fold 5 | Ep   9/100 | t_loss=0.0286 t_acc=0.963 | v_win_bal=0.876 v_rec_bal=0.889 | lr=3.0e-04 | 4.8s
  Fold 5 | Ep  10/100 | t_loss=0.0246 t_acc=0.970 | v_win_bal=0.880 v_rec_bal=0.889 | lr=3.0e-04 | 4.7s
  Fold 5 | Ep  11/100 | t_loss=0.0227 t_acc=0.973 | v_win_bal=0.870 v_rec_bal=0.889 | lr=2.9e-04 | 4.7s
  Fold 5 | Ep  12/100 | t_loss=0.0216 t_acc=0.979 | v_win_bal=0.877 v_rec_bal=0.889 | lr=2.9e-04 | 4.7s
  Fold 5 | Ep  13/100 | t_loss=0.0204 t_acc=0.977 | v_win_bal=0.884 v_rec_bal=0.889 | lr=2.9e-04 | 5.0s
  Fold 5 | Ep  14/100 | t_loss=0.0168 t_acc=0.982 | v_win_bal=0.872 v_rec_bal=0.889 | lr=2.9e-04 | 4.8s
  Fold 5 | Ep  15/100 | t_loss=0.0164 t_acc=0.982 | v_win_bal=0.875 v_rec_bal=0.889 | lr=2.9e-04 | 4.8s
  Fold 5 | Ep  16/100 | t_loss=0.0180 t_acc=0.983 | v_win_bal=0.871 v_rec_bal=0.889 | lr=2.9e-04 | 4.8s
  Fold 5 | Ep  17/100 | t_loss=0.0151 t_acc=0.984 | v_win_bal=0.875 v_rec_bal=0.889 | lr=2.8e-04 | 4.9s
  Fold 5 | Ep  18/100 | t_loss=0.0143 t_acc=0.986 | v_win_bal=0.876 v_rec_bal=0.889 | lr=2.8e-04 | 5.1s
  Fold 5 | Ep  19/100 | t_loss=0.0139 t_acc=0.987 | v_win_bal=0.873 v_rec_bal=0.889 | lr=2.8e-04 | 5.0s
  Fold 5 | Ep  20/100 | t_loss=0.0122 t_acc=0.988 | v_win_bal=0.872 v_rec_bal=0.889 | lr=2.8e-04 | 4.9s
  Fold 5 | Ep  21/100 | t_loss=0.0119 t_acc=0.989 | v_win_bal=0.877 v_rec_bal=0.889 | lr=2.8e-04 | 5.0s
  Fold 5 | Ep  22/100 | t_loss=0.0118 t_acc=0.989 | v_win_bal=0.875 v_rec_bal=0.889 | lr=2.7e-04 | 5.0s
  Fold 5 | Ep  23/100 | t_loss=0.0113 t_acc=0.990 | v_win_bal=0.875 v_rec_bal=0.889 | lr=2.7e-04 | 4.8s
  Fold 5 | Ep  24/100 | t_loss=0.0118 t_acc=0.988 | v_win_bal=0.866 v_rec_bal=0.889 | lr=2.7e-04 | 4.8s
  Fold 5 | Ep  25/100 | t_loss=0.0105 t_acc=0.992 | v_win_bal=0.864 v_rec_bal=0.889 | lr=2.6e-04 | 4.8s
  Early stop at epoch 25
  -> Test (best @ epoch 3): acc=0.0833, bal_acc=0.0556

============================================================
Global Results (5-Fold, subject-level CV)
Mode: FT | Extractor: eegconformer | Loss: focal
============================================================
              acc: 0.5429
          bal_acc: 0.5486
               f1: 0.5567
            kappa: 0.0857
  Total predictions: 70 (should equal dataset size: 70)

Results saved to results/hp_sweep/20260409_main/eegconformer/eegconformer_dropout0.1_lr3e-4_s42/
