CMD: /raid/jupyter-linjimmy1003.md10/.conda/envs/stress/bin/python train_ft.py --extractor eegconformer --seed 2024 --device cuda:4 --run-id hp_sweep/20260409_main/eegconformer/eegconformer_dropout0.5_lr3e-4_s2024 --mode ft --folds 5 --epochs 100 --patience 20 --batch-size 32 --label subject-dass --loss focal --head-hidden 128 --csv data/comprehensive_labels.csv --weight-decay 0.05 --grad-clip 2.0 --warmup-epochs 3 --aug-overlap 0.75 --norm zscore --dropout 0.5 --lr 0.0003

/raid/jupyter-linjimmy1003.md10/.conda/envs/stress/lib/python3.11/site-packages/timm/models/layers/__init__.py:49: FutureWarning: Importing from timm.models.layers is deprecated, please import via timm.layers
  warnings.warn(f"Importing from {__name__} is deprecated, please import via timm.layers", FutureWarning)
/raid/jupyter-linjimmy1003.md10/.conda/envs/stress/lib/python3.11/site-packages/torch/nn/modules/transformer.py:379: UserWarning: enable_nested_tensor is True, but self.use_nested_tensor is False because encoder_layer.norm_first was True
  warnings.warn(
/raid/jupyter-linjimmy1003.md10/.conda/envs/stress/lib/python3.11/site-packages/torch/nn/modules/transformer.py:379: UserWarning: enable_nested_tensor is True, but self.use_nested_tensor is False because encoder_layer.norm_first was True
  warnings.warn(
/raid/jupyter-linjimmy1003.md10/.conda/envs/stress/lib/python3.11/site-packages/torch/nn/modules/transformer.py:379: UserWarning: enable_nested_tensor is True, but self.use_nested_tensor is False because encoder_layer.norm_first was True
  warnings.warn(
Mode: FT | Extractor: eegconformer | Folds: 5
LR: 0.0003 | WD: 0.05 | Beta2: 0.999 | Grad clip: 2.0
Head: hidden=128, dropout=0.5 | Norm: zscore | Loss: focal
Full FT: encoder_lr_scale=0.1
Augmentation: 75% overlap for increase class

Results → results/hp_sweep/20260409_main/eegconformer/eegconformer_dropout0.5_lr3e-4_s2024/
Dataset: 70 recordings loaded (14 increase, 56 normal)
Cache: 70 recordings ready (70 cached, 0 new)
Subject-DASS labels: increase=23 (5 subjects), normal=47

============================================================
Fold 1/5
============================================================
  Train:  43 samples, 10 subjects [2, 3, 6, 7, 8, 10, 11, 12, 13, 14], label_0=28, label_1=15
    Val:  13 samples,  3 subjects [5, 17, 18], label_0=10, label_1=3
   Test:  14 samples,  4 subjects [1, 4, 9, 16], label_0=9, label_1=5
  Building window datasets...
    WindowDataset: 7346 windows (class_0=2539, class_1=4807)
    WindowDataset: 819 windows (class_0=633, class_1=186)
    WindowDataset: 987 windows (class_0=670, class_1=317)
[EEG-Conformer] F=40 L=6 H=10 T=1000 tokens=61 -> embed_dim=2440 (169,080 params)
  Trainable parameters: 794,363
  Class weights: [1.4466325044631958, 0.7640940546989441]
  Fold 1 | Ep   1/100 | t_loss=0.2934 t_acc=0.521 | v_win_bal=0.472 v_rec_bal=0.500 | lr=1.0e-04 | 7.2s
  Fold 1 | Ep   2/100 | t_loss=0.1240 t_acc=0.763 | v_win_bal=0.177 v_rec_bal=0.150 | lr=2.0e-04 | 5.0s
  Fold 1 | Ep   3/100 | t_loss=0.0875 t_acc=0.878 | v_win_bal=0.212 v_rec_bal=0.150 | lr=3.0e-04 | 5.0s
  Fold 1 | Ep   4/100 | t_loss=0.0613 t_acc=0.921 | v_win_bal=0.276 v_rec_bal=0.150 | lr=3.0e-04 | 5.0s
  Fold 1 | Ep   5/100 | t_loss=0.0476 t_acc=0.934 | v_win_bal=0.263 v_rec_bal=0.250 | lr=3.0e-04 | 5.0s
  Fold 1 | Ep   6/100 | t_loss=0.0401 t_acc=0.949 | v_win_bal=0.310 v_rec_bal=0.250 | lr=3.0e-04 | 5.0s
  Fold 1 | Ep   7/100 | t_loss=0.0336 t_acc=0.958 | v_win_bal=0.305 v_rec_bal=0.200 | lr=3.0e-04 | 5.0s
  Fold 1 | Ep   8/100 | t_loss=0.0283 t_acc=0.967 | v_win_bal=0.288 v_rec_bal=0.300 | lr=3.0e-04 | 5.2s
  Fold 1 | Ep   9/100 | t_loss=0.0277 t_acc=0.969 | v_win_bal=0.316 v_rec_bal=0.300 | lr=3.0e-04 | 5.0s
  Fold 1 | Ep  10/100 | t_loss=0.0193 t_acc=0.977 | v_win_bal=0.368 v_rec_bal=0.250 | lr=3.0e-04 | 5.1s
  Fold 1 | Ep  11/100 | t_loss=0.0185 t_acc=0.979 | v_win_bal=0.335 v_rec_bal=0.300 | lr=2.9e-04 | 5.1s
  Fold 1 | Ep  12/100 | t_loss=0.0188 t_acc=0.981 | v_win_bal=0.368 v_rec_bal=0.300 | lr=2.9e-04 | 5.0s
  Fold 1 | Ep  13/100 | t_loss=0.0144 t_acc=0.986 | v_win_bal=0.324 v_rec_bal=0.300 | lr=2.9e-04 | 5.2s
  Fold 1 | Ep  14/100 | t_loss=0.0170 t_acc=0.984 | v_win_bal=0.439 v_rec_bal=0.417 | lr=2.9e-04 | 5.6s
  Fold 1 | Ep  15/100 | t_loss=0.0135 t_acc=0.987 | v_win_bal=0.353 v_rec_bal=0.300 | lr=2.9e-04 | 5.0s
  Fold 1 | Ep  16/100 | t_loss=0.0134 t_acc=0.988 | v_win_bal=0.346 v_rec_bal=0.300 | lr=2.9e-04 | 5.0s
  Fold 1 | Ep  17/100 | t_loss=0.0119 t_acc=0.990 | v_win_bal=0.365 v_rec_bal=0.300 | lr=2.8e-04 | 5.2s
  Fold 1 | Ep  18/100 | t_loss=0.0119 t_acc=0.989 | v_win_bal=0.464 v_rec_bal=0.583 | lr=2.8e-04 | 5.3s
  Fold 1 | Ep  19/100 | t_loss=0.0115 t_acc=0.990 | v_win_bal=0.413 v_rec_bal=0.250 | lr=2.8e-04 | 5.1s
  Fold 1 | Ep  20/100 | t_loss=0.0108 t_acc=0.991 | v_win_bal=0.414 v_rec_bal=0.417 | lr=2.8e-04 | 5.1s
  Fold 1 | Ep  21/100 | t_loss=0.0106 t_acc=0.990 | v_win_bal=0.367 v_rec_bal=0.250 | lr=2.8e-04 | 5.0s
  Early stop at epoch 21
  -> Test (best @ epoch 18): acc=0.4286, bal_acc=0.5111

============================================================
Fold 2/5
============================================================
  Train:  41 samples, 11 subjects [1, 2, 4, 9, 11, 12, 13, 14, 16, 17, 18], label_0=27, label_1=14
    Val:  16 samples,  3 subjects [3, 6, 7], label_0=10, label_1=6
   Test:  13 samples,  3 subjects [5, 8, 10], label_0=10, label_1=3
  Building window datasets...
    WindowDataset: 6895 windows (class_0=2601, class_1=4294)
    WindowDataset: 960 windows (class_0=590, class_1=370)
    WindowDataset: 913 windows (class_0=651, class_1=262)
[EEG-Conformer] F=40 L=6 H=10 T=1000 tokens=61 -> embed_dim=2440 (169,080 params)
  Fold 2 | Ep   1/100 | t_loss=0.2630 t_acc=0.520 | v_win_bal=0.609 v_rec_bal=0.600 | lr=1.0e-04 | 4.8s
  Fold 2 | Ep   2/100 | t_loss=0.1657 t_acc=0.613 | v_win_bal=0.701 v_rec_bal=0.667 | lr=2.0e-04 | 5.0s
  Fold 2 | Ep   3/100 | t_loss=0.1175 t_acc=0.795 | v_win_bal=0.554 v_rec_bal=0.533 | lr=3.0e-04 | 5.5s
  Fold 2 | Ep   4/100 | t_loss=0.0856 t_acc=0.865 | v_win_bal=0.528 v_rec_bal=0.483 | lr=3.0e-04 | 5.0s
  Fold 2 | Ep   5/100 | t_loss=0.0651 t_acc=0.911 | v_win_bal=0.556 v_rec_bal=0.483 | lr=3.0e-04 | 4.9s
  Fold 2 | Ep   6/100 | t_loss=0.0513 t_acc=0.932 | v_win_bal=0.536 v_rec_bal=0.583 | lr=3.0e-04 | 4.8s
  Fold 2 | Ep   7/100 | t_loss=0.0446 t_acc=0.941 | v_win_bal=0.542 v_rec_bal=0.583 | lr=3.0e-04 | 5.1s
  Fold 2 | Ep   8/100 | t_loss=0.0362 t_acc=0.955 | v_win_bal=0.535 v_rec_bal=0.533 | lr=3.0e-04 | 4.8s
  Fold 2 | Ep   9/100 | t_loss=0.0311 t_acc=0.961 | v_win_bal=0.522 v_rec_bal=0.533 | lr=3.0e-04 | 4.7s
  Fold 2 | Ep  10/100 | t_loss=0.0295 t_acc=0.969 | v_win_bal=0.480 v_rec_bal=0.483 | lr=3.0e-04 | 5.3s
  Fold 2 | Ep  11/100 | t_loss=0.0285 t_acc=0.967 | v_win_bal=0.493 v_rec_bal=0.483 | lr=2.9e-04 | 4.7s
  Fold 2 | Ep  12/100 | t_loss=0.0256 t_acc=0.971 | v_win_bal=0.511 v_rec_bal=0.533 | lr=2.9e-04 | 4.7s
  Fold 2 | Ep  13/100 | t_loss=0.0256 t_acc=0.975 | v_win_bal=0.506 v_rec_bal=0.583 | lr=2.9e-04 | 4.6s
  Fold 2 | Ep  14/100 | t_loss=0.0202 t_acc=0.979 | v_win_bal=0.499 v_rec_bal=0.483 | lr=2.9e-04 | 4.7s
  Fold 2 | Ep  15/100 | t_loss=0.0167 t_acc=0.982 | v_win_bal=0.526 v_rec_bal=0.533 | lr=2.9e-04 | 4.7s
  Fold 2 | Ep  16/100 | t_loss=0.0190 t_acc=0.984 | v_win_bal=0.521 v_rec_bal=0.583 | lr=2.9e-04 | 4.7s
  Fold 2 | Ep  17/100 | t_loss=0.0155 t_acc=0.985 | v_win_bal=0.519 v_rec_bal=0.583 | lr=2.8e-04 | 4.7s
  Fold 2 | Ep  18/100 | t_loss=0.0159 t_acc=0.985 | v_win_bal=0.522 v_rec_bal=0.533 | lr=2.8e-04 | 4.6s
  Fold 2 | Ep  19/100 | t_loss=0.0156 t_acc=0.984 | v_win_bal=0.518 v_rec_bal=0.533 | lr=2.8e-04 | 4.7s
  Fold 2 | Ep  20/100 | t_loss=0.0183 t_acc=0.982 | v_win_bal=0.493 v_rec_bal=0.483 | lr=2.8e-04 | 4.7s
  Fold 2 | Ep  21/100 | t_loss=0.0151 t_acc=0.985 | v_win_bal=0.498 v_rec_bal=0.483 | lr=2.8e-04 | 4.6s
  Fold 2 | Ep  22/100 | t_loss=0.0158 t_acc=0.988 | v_win_bal=0.510 v_rec_bal=0.483 | lr=2.7e-04 | 4.7s
  Early stop at epoch 22
  -> Test (best @ epoch 2): acc=0.4615, bal_acc=0.4167

============================================================
Fold 3/5
============================================================
  Train:  40 samples, 10 subjects [2, 5, 6, 8, 9, 10, 11, 12, 17, 18], label_0=28, label_1=12
    Val:  14 samples,  4 subjects [1, 4, 14, 16], label_0=9, label_1=5
   Test:  16 samples,  3 subjects [3, 7, 13], label_0=10, label_1=6
  Building window datasets...
    WindowDataset: 6302 windows (class_0=2222, class_1=4080)
    WindowDataset: 1103 windows (class_0=786, class_1=317)
    WindowDataset: 1204 windows (class_0=834, class_1=370)
[EEG-Conformer] F=40 L=6 H=10 T=1000 tokens=61 -> embed_dim=2440 (169,080 params)
  Fold 3 | Ep   1/100 | t_loss=0.3121 t_acc=0.522 | v_win_bal=0.501 v_rec_bal=0.500 | lr=1.0e-04 | 4.3s
  Fold 3 | Ep   2/100 | t_loss=0.1712 t_acc=0.559 | v_win_bal=0.526 v_rec_bal=0.500 | lr=2.0e-04 | 4.4s
  Fold 3 | Ep   3/100 | t_loss=0.1205 t_acc=0.776 | v_win_bal=0.555 v_rec_bal=0.500 | lr=3.0e-04 | 4.4s
  Fold 3 | Ep   4/100 | t_loss=0.0844 t_acc=0.875 | v_win_bal=0.581 v_rec_bal=0.500 | lr=3.0e-04 | 4.3s
  Fold 3 | Ep   5/100 | t_loss=0.0634 t_acc=0.910 | v_win_bal=0.641 v_rec_bal=0.556 | lr=3.0e-04 | 4.3s
  Fold 3 | Ep   6/100 | t_loss=0.0554 t_acc=0.928 | v_win_bal=0.666 v_rec_bal=0.611 | lr=3.0e-04 | 4.4s
  Fold 3 | Ep   7/100 | t_loss=0.0449 t_acc=0.940 | v_win_bal=0.683 v_rec_bal=0.611 | lr=3.0e-04 | 4.3s
  Fold 3 | Ep   8/100 | t_loss=0.0416 t_acc=0.951 | v_win_bal=0.664 v_rec_bal=0.611 | lr=3.0e-04 | 4.3s
  Fold 3 | Ep   9/100 | t_loss=0.0350 t_acc=0.962 | v_win_bal=0.680 v_rec_bal=0.611 | lr=3.0e-04 | 4.3s
  Fold 3 | Ep  10/100 | t_loss=0.0284 t_acc=0.966 | v_win_bal=0.704 v_rec_bal=0.667 | lr=3.0e-04 | 4.5s/raid/jupyter-linjimmy1003.md10/.conda/envs/stress/lib/python3.11/site-packages/torch/nn/modules/transformer.py:379: UserWarning: enable_nested_tensor is True, but self.use_nested_tensor is False because encoder_layer.norm_first was True
  warnings.warn(

  Fold 3 | Ep  11/100 | t_loss=0.0257 t_acc=0.973 | v_win_bal=0.710 v_rec_bal=0.611 | lr=2.9e-04 | 4.4s
  Fold 3 | Ep  12/100 | t_loss=0.0258 t_acc=0.971 | v_win_bal=0.703 v_rec_bal=0.611 | lr=2.9e-04 | 4.3s
  Fold 3 | Ep  13/100 | t_loss=0.0214 t_acc=0.975 | v_win_bal=0.711 v_rec_bal=0.611 | lr=2.9e-04 | 4.3s
  Fold 3 | Ep  14/100 | t_loss=0.0208 t_acc=0.977 | v_win_bal=0.691 v_rec_bal=0.733 | lr=2.9e-04 | 4.3s
  Fold 3 | Ep  15/100 | t_loss=0.0187 t_acc=0.981 | v_win_bal=0.697 v_rec_bal=0.611 | lr=2.9e-04 | 4.3s
  Fold 3 | Ep  16/100 | t_loss=0.0178 t_acc=0.984 | v_win_bal=0.709 v_rec_bal=0.611 | lr=2.9e-04 | 4.3s
  Fold 3 | Ep  17/100 | t_loss=0.0151 t_acc=0.986 | v_win_bal=0.707 v_rec_bal=0.611 | lr=2.8e-04 | 4.3s
  Fold 3 | Ep  18/100 | t_loss=0.0156 t_acc=0.988 | v_win_bal=0.716 v_rec_bal=0.611 | lr=2.8e-04 | 4.3s
  Fold 3 | Ep  19/100 | t_loss=0.0143 t_acc=0.987 | v_win_bal=0.708 v_rec_bal=0.611 | lr=2.8e-04 | 4.3s
  Fold 3 | Ep  20/100 | t_loss=0.0127 t_acc=0.988 | v_win_bal=0.698 v_rec_bal=0.611 | lr=2.8e-04 | 4.4s
  Fold 3 | Ep  21/100 | t_loss=0.0121 t_acc=0.989 | v_win_bal=0.709 v_rec_bal=0.611 | lr=2.8e-04 | 4.3s
  Fold 3 | Ep  22/100 | t_loss=0.0133 t_acc=0.987 | v_win_bal=0.696 v_rec_bal=0.611 | lr=2.7e-04 | 4.5s
  Fold 3 | Ep  23/100 | t_loss=0.0099 t_acc=0.993 | v_win_bal=0.704 v_rec_bal=0.611 | lr=2.7e-04 | 4.4s
  Fold 3 | Ep  24/100 | t_loss=0.0094 t_acc=0.992 | v_win_bal=0.708 v_rec_bal=0.667 | lr=2.7e-04 | 4.7s
  Fold 3 | Ep  25/100 | t_loss=0.0121 t_acc=0.990 | v_win_bal=0.710 v_rec_bal=0.611 | lr=2.6e-04 | 4.6s
  Fold 3 | Ep  26/100 | t_loss=0.0133 t_acc=0.988 | v_win_bal=0.711 v_rec_bal=0.667 | lr=2.6e-04 | 4.3s
  Fold 3 | Ep  27/100 | t_loss=0.0099 t_acc=0.991 | v_win_bal=0.689 v_rec_bal=0.611 | lr=2.6e-04 | 4.3s
  Fold 3 | Ep  28/100 | t_loss=0.0079 t_acc=0.994 | v_win_bal=0.704 v_rec_bal=0.778 | lr=2.5e-04 | 4.3s
  Fold 3 | Ep  29/100 | t_loss=0.0127 t_acc=0.989 | v_win_bal=0.684 v_rec_bal=0.611 | lr=2.5e-04 | 4.3s
  Fold 3 | Ep  30/100 | t_loss=0.0102 t_acc=0.994 | v_win_bal=0.697 v_rec_bal=0.611 | lr=2.5e-04 | 4.3s
  Fold 3 | Ep  31/100 | t_loss=0.0082 t_acc=0.993 | v_win_bal=0.709 v_rec_bal=0.611 | lr=2.4e-04 | 4.3s
  Fold 3 | Ep  32/100 | t_loss=0.0101 t_acc=0.993 | v_win_bal=0.680 v_rec_bal=0.611 | lr=2.4e-04 | 4.4s
  Fold 3 | Ep  33/100 | t_loss=0.0123 t_acc=0.991 | v_win_bal=0.686 v_rec_bal=0.778 | lr=2.3e-04 | 4.3s
  Fold 3 | Ep  34/100 | t_loss=0.0094 t_acc=0.993 | v_win_bal=0.689 v_rec_bal=0.611 | lr=2.3e-04 | 4.3s
  Fold 3 | Ep  35/100 | t_loss=0.0086 t_acc=0.993 | v_win_bal=0.698 v_rec_bal=0.611 | lr=2.3e-04 | 4.6s
  Fold 3 | Ep  36/100 | t_loss=0.0040 t_acc=0.995 | v_win_bal=0.696 v_rec_bal=0.611 | lr=2.2e-04 | 4.3s
  Fold 3 | Ep  37/100 | t_loss=0.0054 t_acc=0.995 | v_win_bal=0.686 v_rec_bal=0.611 | lr=2.2e-04 | 4.4s
  Fold 3 | Ep  38/100 | t_loss=0.0113 t_acc=0.994 | v_win_bal=0.679 v_rec_bal=0.722 | lr=2.1e-04 | 4.3s
  Fold 3 | Ep  39/100 | t_loss=0.0076 t_acc=0.993 | v_win_bal=0.682 v_rec_bal=0.611 | lr=2.1e-04 | 4.3s
  Fold 3 | Ep  40/100 | t_loss=0.0086 t_acc=0.994 | v_win_bal=0.673 v_rec_bal=0.667 | lr=2.0e-04 | 4.3s
  Fold 3 | Ep  41/100 | t_loss=0.0059 t_acc=0.995 | v_win_bal=0.682 v_rec_bal=0.667 | lr=2.0e-04 | 4.3s
  Fold 3 | Ep  42/100 | t_loss=0.0055 t_acc=0.995 | v_win_bal=0.705 v_rec_bal=0.611 | lr=2.0e-04 | 4.3s
  Fold 3 | Ep  43/100 | t_loss=0.0083 t_acc=0.995 | v_win_bal=0.691 v_rec_bal=0.722 | lr=1.9e-04 | 4.3s
  Fold 3 | Ep  44/100 | t_loss=0.0026 t_acc=0.997 | v_win_bal=0.667 v_rec_bal=0.778 | lr=1.9e-04 | 4.3s
  Fold 3 | Ep  45/100 | t_loss=0.0069 t_acc=0.995 | v_win_bal=0.673 v_rec_bal=0.733 | lr=1.8e-04 | 4.4s
  Fold 3 | Ep  46/100 | t_loss=0.0053 t_acc=0.997 | v_win_bal=0.674 v_rec_bal=0.667 | lr=1.8e-04 | 4.3s
  Fold 3 | Ep  47/100 | t_loss=0.0057 t_acc=0.996 | v_win_bal=0.674 v_rec_bal=0.667 | lr=1.7e-04 | 4.3s
  Fold 3 | Ep  48/100 | t_loss=0.0038 t_acc=0.996 | v_win_bal=0.664 v_rec_bal=0.667 | lr=1.7e-04 | 4.4s
  Fold 3 | Ep  49/100 | t_loss=0.0032 t_acc=0.998 | v_win_bal=0.671 v_rec_bal=0.667 | lr=1.6e-04 | 4.3s
  Fold 3 | Ep  50/100 | t_loss=0.0047 t_acc=0.997 | v_win_bal=0.650 v_rec_bal=0.533 | lr=1.6e-04 | 4.5s
  Fold 3 | Ep  51/100 | t_loss=0.0067 t_acc=0.996 | v_win_bal=0.677 v_rec_bal=0.667 | lr=1.5e-04 | 4.5s
  Fold 3 | Ep  52/100 | t_loss=0.0045 t_acc=0.997 | v_win_bal=0.680 v_rec_bal=0.667 | lr=1.5e-04 | 4.3s
  Fold 3 | Ep  53/100 | t_loss=0.0030 t_acc=0.998 | v_win_bal=0.678 v_rec_bal=0.789 | lr=1.4e-04 | 4.3s
  Fold 3 | Ep  54/100 | t_loss=0.0078 t_acc=0.996 | v_win_bal=0.681 v_rec_bal=0.789 | lr=1.4e-04 | 4.3s
  Fold 3 | Ep  55/100 | t_loss=0.0039 t_acc=0.997 | v_win_bal=0.669 v_rec_bal=0.722 | lr=1.3e-04 | 4.3s
  Fold 3 | Ep  56/100 | t_loss=0.0063 t_acc=0.995 | v_win_bal=0.678 v_rec_bal=0.667 | lr=1.3e-04 | 4.5s
  Fold 3 | Ep  57/100 | t_loss=0.0034 t_acc=0.997 | v_win_bal=0.675 v_rec_bal=0.611 | lr=1.2e-04 | 4.3s
  Fold 3 | Ep  58/100 | t_loss=0.0028 t_acc=0.997 | v_win_bal=0.652 v_rec_bal=0.611 | lr=1.2e-04 | 4.3s
  Fold 3 | Ep  59/100 | t_loss=0.0048 t_acc=0.997 | v_win_bal=0.671 v_rec_bal=0.722 | lr=1.1e-04 | 4.3s
  Fold 3 | Ep  60/100 | t_loss=0.0045 t_acc=0.997 | v_win_bal=0.642 v_rec_bal=0.578 | lr=1.1e-04 | 4.3s
  Fold 3 | Ep  61/100 | t_loss=0.0052 t_acc=0.997 | v_win_bal=0.661 v_rec_bal=0.722 | lr=1.0e-04 | 4.4s
  Fold 3 | Ep  62/100 | t_loss=0.0028 t_acc=0.999 | v_win_bal=0.663 v_rec_bal=0.667 | lr=1.0e-04 | 4.4s
  Fold 3 | Ep  63/100 | t_loss=0.0037 t_acc=0.997 | v_win_bal=0.674 v_rec_bal=0.611 | lr=9.5e-05 | 4.3s
  Fold 3 | Ep  64/100 | t_loss=0.0032 t_acc=0.997 | v_win_bal=0.683 v_rec_bal=0.611 | lr=9.1e-05 | 4.3s
  Fold 3 | Ep  65/100 | t_loss=0.0020 t_acc=0.998 | v_win_bal=0.660 v_rec_bal=0.633 | lr=8.6e-05 | 4.5s
  Fold 3 | Ep  66/100 | t_loss=0.0029 t_acc=0.998 | v_win_bal=0.680 v_rec_bal=0.667 | lr=8.2e-05 | 4.3s
  Fold 3 | Ep  67/100 | t_loss=0.0053 t_acc=0.997 | v_win_bal=0.680 v_rec_bal=0.611 | lr=7.8e-05 | 4.3s
  Fold 3 | Ep  68/100 | t_loss=0.0022 t_acc=0.998 | v_win_bal=0.697 v_rec_bal=0.611 | lr=7.4e-05 | 4.3s
  Fold 3 | Ep  69/100 | t_loss=0.0013 t_acc=0.999 | v_win_bal=0.685 v_rec_bal=0.667 | lr=6.9e-05 | 4.3s
  Fold 3 | Ep  70/100 | t_loss=0.0038 t_acc=0.998 | v_win_bal=0.668 v_rec_bal=0.722 | lr=6.5e-05 | 4.3s
  Fold 3 | Ep  71/100 | t_loss=0.0028 t_acc=0.998 | v_win_bal=0.674 v_rec_bal=0.611 | lr=6.1e-05 | 4.3s
  Fold 3 | Ep  72/100 | t_loss=0.0015 t_acc=0.998 | v_win_bal=0.677 v_rec_bal=0.611 | lr=5.8e-05 | 4.3s
  Fold 3 | Ep  73/100 | t_loss=0.0028 t_acc=0.997 | v_win_bal=0.687 v_rec_bal=0.722 | lr=5.4e-05 | 4.5s
  Fold 3 | Ep  74/100 | t_loss=0.0036 t_acc=0.997 | v_win_bal=0.664 v_rec_bal=0.722 | lr=5.0e-05 | 4.3s
  Fold 3 | Ep  75/100 | t_loss=0.0019 t_acc=0.999 | v_win_bal=0.676 v_rec_bal=0.667 | lr=4.7e-05 | 4.3s
  Early stop at epoch 75
  -> Test (best @ epoch 53): acc=0.6250, bal_acc=0.5000

============================================================
Fold 4/5
============================================================
  Train:  42 samples, 10 subjects [1, 3, 4, 5, 7, 8, 9, 10, 16, 18], label_0=28, label_1=14
    Val:  16 samples,  3 subjects [6, 11, 13], label_0=10, label_1=6
   Test:  12 samples,  4 subjects [2, 12, 14, 17], label_0=9, label_1=3
  Building window datasets...
    WindowDataset: 5618 windows (class_0=1864, class_1=3754)
    WindowDataset: 1419 windows (class_0=838, class_1=581)
    WindowDataset: 1326 windows (class_0=1140, class_1=186)
[EEG-Conformer] F=40 L=6 H=10 T=1000 tokens=61 -> embed_dim=2440 (169,080 params)
  Fold 4 | Ep   1/100 | t_loss=0.2553 t_acc=0.517 | v_win_bal=0.530 v_rec_bal=0.500 | lr=1.0e-04 | 4.0s
  Fold 4 | Ep   2/100 | t_loss=0.1744 t_acc=0.562 | v_win_bal=0.570 v_rec_bal=0.500 | lr=2.0e-04 | 4.2s
  Fold 4 | Ep   3/100 | t_loss=0.1440 t_acc=0.703 | v_win_bal=0.570 v_rec_bal=0.500 | lr=3.0e-04 | 4.2s
  Fold 4 | Ep   4/100 | t_loss=0.1045 t_acc=0.834 | v_win_bal=0.583 v_rec_bal=0.500 | lr=3.0e-04 | 4.0s
  Fold 4 | Ep   5/100 | t_loss=0.0775 t_acc=0.886 | v_win_bal=0.564 v_rec_bal=0.500 | lr=3.0e-04 | 4.1s
  Fold 4 | Ep   6/100 | t_loss=0.0608 t_acc=0.917 | v_win_bal=0.573 v_rec_bal=0.450 | lr=3.0e-04 | 4.0s
  Fold 4 | Ep   7/100 | t_loss=0.0520 t_acc=0.931 | v_win_bal=0.566 v_rec_bal=0.450 | lr=3.0e-04 | 4.0s/raid/jupyter-linjimmy1003.md10/.conda/envs/stress/lib/python3.11/site-packages/torch/nn/modules/transformer.py:379: UserWarning: enable_nested_tensor is True, but self.use_nested_tensor is False because encoder_layer.norm_first was True
  warnings.warn(

  Fold 4 | Ep   8/100 | t_loss=0.0471 t_acc=0.938 | v_win_bal=0.579 v_rec_bal=0.500 | lr=3.0e-04 | 4.3s
  Fold 4 | Ep   9/100 | t_loss=0.0392 t_acc=0.951 | v_win_bal=0.623 v_rec_bal=0.617 | lr=3.0e-04 | 4.0s
  Fold 4 | Ep  10/100 | t_loss=0.0386 t_acc=0.955 | v_win_bal=0.606 v_rec_bal=0.533 | lr=3.0e-04 | 4.0s
  Fold 4 | Ep  11/100 | t_loss=0.0337 t_acc=0.963 | v_win_bal=0.592 v_rec_bal=0.450 | lr=2.9e-04 | 4.4s
  Fold 4 | Ep  12/100 | t_loss=0.0335 t_acc=0.964 | v_win_bal=0.645 v_rec_bal=0.617 | lr=2.9e-04 | 4.2s
  Fold 4 | Ep  13/100 | t_loss=0.0314 t_acc=0.968 | v_win_bal=0.606 v_rec_bal=0.533 | lr=2.9e-04 | 4.0s
  Fold 4 | Ep  14/100 | t_loss=0.0337 t_acc=0.966 | v_win_bal=0.653 v_rec_bal=0.533 | lr=2.9e-04 | 4.0s
  Fold 4 | Ep  15/100 | t_loss=0.0245 t_acc=0.971 | v_win_bal=0.610 v_rec_bal=0.533 | lr=2.9e-04 | 4.0s
  Fold 4 | Ep  16/100 | t_loss=0.0221 t_acc=0.976 | v_win_bal=0.609 v_rec_bal=0.533 | lr=2.9e-04 | 4.1s
  Fold 4 | Ep  17/100 | t_loss=0.0250 t_acc=0.974 | v_win_bal=0.608 v_rec_bal=0.533 | lr=2.8e-04 | 4.0s
  Fold 4 | Ep  18/100 | t_loss=0.0239 t_acc=0.976 | v_win_bal=0.588 v_rec_bal=0.533 | lr=2.8e-04 | 4.0s
  Fold 4 | Ep  19/100 | t_loss=0.0212 t_acc=0.979 | v_win_bal=0.615 v_rec_bal=0.533 | lr=2.8e-04 | 4.0s
  Fold 4 | Ep  20/100 | t_loss=0.0223 t_acc=0.981 | v_win_bal=0.586 v_rec_bal=0.450 | lr=2.8e-04 | 4.0s
  Fold 4 | Ep  21/100 | t_loss=0.0191 t_acc=0.980 | v_win_bal=0.596 v_rec_bal=0.533 | lr=2.8e-04 | 4.0s
  Fold 4 | Ep  22/100 | t_loss=0.0179 t_acc=0.981 | v_win_bal=0.605 v_rec_bal=0.533 | lr=2.7e-04 | 4.0s
  Fold 4 | Ep  23/100 | t_loss=0.0183 t_acc=0.982 | v_win_bal=0.625 v_rec_bal=0.533 | lr=2.7e-04 | 4.0s
  Fold 4 | Ep  24/100 | t_loss=0.0162 t_acc=0.984 | v_win_bal=0.660 v_rec_bal=0.617 | lr=2.7e-04 | 4.0s
  Fold 4 | Ep  25/100 | t_loss=0.0187 t_acc=0.986 | v_win_bal=0.613 v_rec_bal=0.533 | lr=2.6e-04 | 4.0s
  Fold 4 | Ep  26/100 | t_loss=0.0192 t_acc=0.985 | v_win_bal=0.599 v_rec_bal=0.533 | lr=2.6e-04 | 4.0s
  Fold 4 | Ep  27/100 | t_loss=0.0126 t_acc=0.988 | v_win_bal=0.633 v_rec_bal=0.533 | lr=2.6e-04 | 4.0s
  Fold 4 | Ep  28/100 | t_loss=0.0149 t_acc=0.986 | v_win_bal=0.611 v_rec_bal=0.517 | lr=2.5e-04 | 4.6s
  Fold 4 | Ep  29/100 | t_loss=0.0140 t_acc=0.986 | v_win_bal=0.635 v_rec_bal=0.533 | lr=2.5e-04 | 4.0s
  Fold 4 | Ep  30/100 | t_loss=0.0123 t_acc=0.989 | v_win_bal=0.616 v_rec_bal=0.533 | lr=2.5e-04 | 4.0s
  Fold 4 | Ep  31/100 | t_loss=0.0151 t_acc=0.988 | v_win_bal=0.588 v_rec_bal=0.533 | lr=2.4e-04 | 4.0s
  Fold 4 | Ep  32/100 | t_loss=0.0133 t_acc=0.986 | v_win_bal=0.603 v_rec_bal=0.533 | lr=2.4e-04 | 4.2s
  Fold 4 | Ep  33/100 | t_loss=0.0120 t_acc=0.991 | v_win_bal=0.629 v_rec_bal=0.533 | lr=2.3e-04 | 4.0s
  Fold 4 | Ep  34/100 | t_loss=0.0122 t_acc=0.990 | v_win_bal=0.592 v_rec_bal=0.533 | lr=2.3e-04 | 4.0s
  Fold 4 | Ep  35/100 | t_loss=0.0097 t_acc=0.990 | v_win_bal=0.601 v_rec_bal=0.533 | lr=2.3e-04 | 4.1s
  Fold 4 | Ep  36/100 | t_loss=0.0119 t_acc=0.991 | v_win_bal=0.608 v_rec_bal=0.533 | lr=2.2e-04 | 4.0s
  Fold 4 | Ep  37/100 | t_loss=0.0114 t_acc=0.990 | v_win_bal=0.615 v_rec_bal=0.533 | lr=2.2e-04 | 4.1s
  Fold 4 | Ep  38/100 | t_loss=0.0112 t_acc=0.992 | v_win_bal=0.597 v_rec_bal=0.533 | lr=2.1e-04 | 4.0s
  Fold 4 | Ep  39/100 | t_loss=0.0142 t_acc=0.988 | v_win_bal=0.603 v_rec_bal=0.533 | lr=2.1e-04 | 4.0s
  Fold 4 | Ep  40/100 | t_loss=0.0125 t_acc=0.992 | v_win_bal=0.621 v_rec_bal=0.533 | lr=2.0e-04 | 4.3s
  Fold 4 | Ep  41/100 | t_loss=0.0077 t_acc=0.993 | v_win_bal=0.580 v_rec_bal=0.533 | lr=2.0e-04 | 4.0s
  Fold 4 | Ep  42/100 | t_loss=0.0085 t_acc=0.992 | v_win_bal=0.574 v_rec_bal=0.483 | lr=2.0e-04 | 4.0s
  Fold 4 | Ep  43/100 | t_loss=0.0083 t_acc=0.991 | v_win_bal=0.587 v_rec_bal=0.483 | lr=1.9e-04 | 4.0s
  Fold 4 | Ep  44/100 | t_loss=0.0110 t_acc=0.991 | v_win_bal=0.623 v_rec_bal=0.517 | lr=1.9e-04 | 4.0s
  Early stop at epoch 44
  -> Test (best @ epoch 9): acc=0.6667, bal_acc=0.4444

============================================================
Fold 5/5
============================================================
  Train:  39 samples, 11 subjects [1, 2, 4, 5, 8, 9, 10, 12, 14, 16, 17], label_0=28, label_1=11
    Val:  16 samples,  3 subjects [3, 7, 13], label_0=10, label_1=6
   Test:  15 samples,  3 subjects [6, 11, 18], label_0=9, label_1=6
  Building window datasets...
    WindowDataset: 5488 windows (class_0=2461, class_1=3027)
    WindowDataset: 1204 windows (class_0=834, class_1=370)
    WindowDataset: 1128 windows (class_0=547, class_1=581)
[EEG-Conformer] F=40 L=6 H=10 T=1000 tokens=61 -> embed_dim=2440 (169,080 params)
  Fold 5 | Ep   1/100 | t_loss=0.2722 t_acc=0.519 | v_win_bal=0.500 v_rec_bal=0.500 | lr=1.0e-04 | 3.8s
  Fold 5 | Ep   2/100 | t_loss=0.1682 t_acc=0.597 | v_win_bal=0.705 v_rec_bal=0.750 | lr=2.0e-04 | 3.9s
  Fold 5 | Ep   3/100 | t_loss=0.1153 t_acc=0.796 | v_win_bal=0.666 v_rec_bal=0.850 | lr=3.0e-04 | 3.9s
  Fold 5 | Ep   4/100 | t_loss=0.0836 t_acc=0.868 | v_win_bal=0.589 v_rec_bal=0.600 | lr=3.0e-04 | 3.9s
  Fold 5 | Ep   5/100 | t_loss=0.0660 t_acc=0.913 | v_win_bal=0.555 v_rec_bal=0.600 | lr=3.0e-04 | 3.8s
  Fold 5 | Ep   6/100 | t_loss=0.0558 t_acc=0.930 | v_win_bal=0.594 v_rec_bal=0.683 | lr=3.0e-04 | 4.0s
  Fold 5 | Ep   7/100 | t_loss=0.0462 t_acc=0.942 | v_win_bal=0.508 v_rec_bal=0.533 | lr=3.0e-04 | 3.9s
  Fold 5 | Ep   8/100 | t_loss=0.0420 t_acc=0.942 | v_win_bal=0.460 v_rec_bal=0.450 | lr=3.0e-04 | 4.1s
  Fold 5 | Ep   9/100 | t_loss=0.0318 t_acc=0.959 | v_win_bal=0.472 v_rec_bal=0.433 | lr=3.0e-04 | 3.8s
  Fold 5 | Ep  10/100 | t_loss=0.0314 t_acc=0.964 | v_win_bal=0.482 v_rec_bal=0.450 | lr=3.0e-04 | 3.8s
  Fold 5 | Ep  11/100 | t_loss=0.0285 t_acc=0.965 | v_win_bal=0.483 v_rec_bal=0.400 | lr=2.9e-04 | 3.8s
  Fold 5 | Ep  12/100 | t_loss=0.0277 t_acc=0.965 | v_win_bal=0.476 v_rec_bal=0.400 | lr=2.9e-04 | 3.8s
  Fold 5 | Ep  13/100 | t_loss=0.0222 t_acc=0.975 | v_win_bal=0.512 v_rec_bal=0.617 | lr=2.9e-04 | 3.8s
  Fold 5 | Ep  14/100 | t_loss=0.0212 t_acc=0.974 | v_win_bal=0.474 v_rec_bal=0.450 | lr=2.9e-04 | 3.9s
  Fold 5 | Ep  15/100 | t_loss=0.0182 t_acc=0.978 | v_win_bal=0.506 v_rec_bal=0.567 | lr=2.9e-04 | 3.8s
  Fold 5 | Ep  16/100 | t_loss=0.0203 t_acc=0.981 | v_win_bal=0.472 v_rec_bal=0.483 | lr=2.9e-04 | 3.8s
  Fold 5 | Ep  17/100 | t_loss=0.0192 t_acc=0.981 | v_win_bal=0.500 v_rec_bal=0.517 | lr=2.8e-04 | 4.2s
  Fold 5 | Ep  18/100 | t_loss=0.0204 t_acc=0.981 | v_win_bal=0.481 v_rec_bal=0.450 | lr=2.8e-04 | 3.8s
  Fold 5 | Ep  19/100 | t_loss=0.0159 t_acc=0.983 | v_win_bal=0.497 v_rec_bal=0.450 | lr=2.8e-04 | 3.8s
  Fold 5 | Ep  20/100 | t_loss=0.0178 t_acc=0.980 | v_win_bal=0.486 v_rec_bal=0.450 | lr=2.8e-04 | 3.8s
  Fold 5 | Ep  21/100 | t_loss=0.0177 t_acc=0.983 | v_win_bal=0.452 v_rec_bal=0.450 | lr=2.8e-04 | 3.8s
  Fold 5 | Ep  22/100 | t_loss=0.0153 t_acc=0.984 | v_win_bal=0.487 v_rec_bal=0.617 | lr=2.7e-04 | 3.8s
  Fold 5 | Ep  23/100 | t_loss=0.0113 t_acc=0.988 | v_win_bal=0.468 v_rec_bal=0.433 | lr=2.7e-04 | 3.8s
  Fold 5 | Ep  24/100 | t_loss=0.0119 t_acc=0.989 | v_win_bal=0.452 v_rec_bal=0.450 | lr=2.7e-04 | 3.8s
  Early stop at epoch 24
  -> Test (best @ epoch 3): acc=0.5333, bal_acc=0.5833

============================================================
Global Results (5-Fold, subject-level CV)
Mode: FT | Extractor: eegconformer | Loss: focal
============================================================
              acc: 0.5429
          bal_acc: 0.5153
               f1: 0.5536
            kappa: 0.0286
  Total predictions: 70 (should equal dataset size: 70)

Results saved to results/hp_sweep/20260409_main/eegconformer/eegconformer_dropout0.5_lr3e-4_s2024/
