CMD: /raid/jupyter-linjimmy1003.md10/.conda/envs/stress/bin/python train_ft.py --extractor eegconformer --seed 42 --device cuda:5 --run-id hp_sweep/20260409_main/eegconformer/eegconformer_dropout0.1_lr1e-3_s42 --mode ft --folds 5 --epochs 100 --patience 20 --batch-size 32 --label subject-dass --loss focal --head-hidden 128 --csv data/comprehensive_labels.csv --weight-decay 0.05 --grad-clip 2.0 --warmup-epochs 3 --aug-overlap 0.75 --norm zscore --dropout 0.1 --lr 0.001

/raid/jupyter-linjimmy1003.md10/.conda/envs/stress/lib/python3.11/site-packages/timm/models/layers/__init__.py:49: FutureWarning: Importing from timm.models.layers is deprecated, please import via timm.layers
  warnings.warn(f"Importing from {__name__} is deprecated, please import via timm.layers", FutureWarning)
/raid/jupyter-linjimmy1003.md10/.conda/envs/stress/lib/python3.11/site-packages/torch/nn/modules/transformer.py:379: UserWarning: enable_nested_tensor is True, but self.use_nested_tensor is False because encoder_layer.norm_first was True
  warnings.warn(
/raid/jupyter-linjimmy1003.md10/.conda/envs/stress/lib/python3.11/site-packages/torch/nn/modules/transformer.py:379: UserWarning: enable_nested_tensor is True, but self.use_nested_tensor is False because encoder_layer.norm_first was True
  warnings.warn(
Mode: FT | Extractor: eegconformer | Folds: 5
LR: 0.001 | WD: 0.05 | Beta2: 0.999 | Grad clip: 2.0
Head: hidden=128, dropout=0.1 | Norm: zscore | Loss: focal
Full FT: encoder_lr_scale=0.1
Augmentation: 75% overlap for increase class

Results → results/hp_sweep/20260409_main/eegconformer/eegconformer_dropout0.1_lr1e-3_s42/
Dataset: 70 recordings loaded (14 increase, 56 normal)
Cache: 70 recordings ready (70 cached, 0 new)
Subject-DASS labels: increase=23 (5 subjects), normal=47

============================================================
Fold 1/5
============================================================
  Train:  43 samples, 10 subjects [2, 3, 5, 6, 7, 9, 11, 13, 17, 18], label_0=28, label_1=15
    Val:  13 samples,  3 subjects [4, 8, 10], label_0=10, label_1=3
   Test:  14 samples,  4 subjects [1, 12, 14, 16], label_0=9, label_1=5
  Building window datasets...
    WindowDataset: 6561 windows (class_0=2058, class_1=4503)
    WindowDataset: 900 windows (class_0=638, class_1=262)
    WindowDataset: 1463 windows (class_0=1146, class_1=317)
[EEG-Conformer] F=40 L=6 H=10 T=1000 tokens=61 -> embed_dim=2440 (169,080 params)
  Trainable parameters: 794,363
  Class weights: [1.59402334690094, 0.7285143136978149]
  Fold 1 | Ep   1/100 | t_loss=0.1865 t_acc=0.530 | v_win_bal=0.657 v_rec_bal=0.617 | lr=3.3e-04 | 6.6s
  Fold 1 | Ep   2/100 | t_loss=0.1331 t_acc=0.746 | v_win_bal=0.641 v_rec_bal=0.533 | lr=6.7e-04 | 4.6s
  Fold 1 | Ep   3/100 | t_loss=0.0818 t_acc=0.893 | v_win_bal=0.649 v_rec_bal=0.650 | lr=1.0e-03 | 4.6s
  Fold 1 | Ep   4/100 | t_loss=0.0630 t_acc=0.924 | v_win_bal=0.664 v_rec_bal=0.533 | lr=1.0e-03 | 4.8s
  Fold 1 | Ep   5/100 | t_loss=0.0477 t_acc=0.946 | v_win_bal=0.698 v_rec_bal=0.533 | lr=1.0e-03 | 5.1s
  Fold 1 | Ep   6/100 | t_loss=0.0359 t_acc=0.963 | v_win_bal=0.700 v_rec_bal=0.533 | lr=1.0e-03 | 5.2s
  Fold 1 | Ep   7/100 | t_loss=0.0339 t_acc=0.968 | v_win_bal=0.665 v_rec_bal=0.533 | lr=1.0e-03 | 5.1s
  Fold 1 | Ep   8/100 | t_loss=0.0263 t_acc=0.974 | v_win_bal=0.693 v_rec_bal=0.633 | lr=9.9e-04 | 5.0s
  Fold 1 | Ep   9/100 | t_loss=0.0182 t_acc=0.980 | v_win_bal=0.684 v_rec_bal=0.533 | lr=9.9e-04 | 5.0s
  Fold 1 | Ep  10/100 | t_loss=0.0169 t_acc=0.982 | v_win_bal=0.712 v_rec_bal=0.633 | lr=9.9e-04 | 5.0s
  Fold 1 | Ep  11/100 | t_loss=0.0210 t_acc=0.981 | v_win_bal=0.684 v_rec_bal=0.583 | lr=9.8e-04 | 5.0s
  Fold 1 | Ep  12/100 | t_loss=0.0152 t_acc=0.988 | v_win_bal=0.682 v_rec_bal=0.633 | lr=9.8e-04 | 5.2s
  Fold 1 | Ep  13/100 | t_loss=0.0154 t_acc=0.987 | v_win_bal=0.665 v_rec_bal=0.483 | lr=9.7e-04 | 4.8s
  Fold 1 | Ep  14/100 | t_loss=0.0148 t_acc=0.985 | v_win_bal=0.710 v_rec_bal=0.533 | lr=9.7e-04 | 4.8s
  Fold 1 | Ep  15/100 | t_loss=0.0117 t_acc=0.990 | v_win_bal=0.655 v_rec_bal=0.650 | lr=9.6e-04 | 4.9s
  Fold 1 | Ep  16/100 | t_loss=0.0130 t_acc=0.990 | v_win_bal=0.692 v_rec_bal=0.533 | lr=9.6e-04 | 4.8s
  Fold 1 | Ep  17/100 | t_loss=0.0105 t_acc=0.989 | v_win_bal=0.702 v_rec_bal=0.533 | lr=9.5e-04 | 4.7s
  Fold 1 | Ep  18/100 | t_loss=0.0091 t_acc=0.990 | v_win_bal=0.687 v_rec_bal=0.533 | lr=9.4e-04 | 4.8s
  Fold 1 | Ep  19/100 | t_loss=0.0154 t_acc=0.990 | v_win_bal=0.679 v_rec_bal=0.533 | lr=9.3e-04 | 4.8s
  Fold 1 | Ep  20/100 | t_loss=0.0116 t_acc=0.992 | v_win_bal=0.657 v_rec_bal=0.533 | lr=9.3e-04 | 4.7s
  Fold 1 | Ep  21/100 | t_loss=0.0108 t_acc=0.990 | v_win_bal=0.702 v_rec_bal=0.533 | lr=9.2e-04 | 4.8s
  Early stop at epoch 21
  -> Test (best @ epoch 3): acc=0.7857, bal_acc=0.8333

============================================================
Fold 2/5
============================================================
  Train:  43 samples, 10 subjects [3, 4, 6, 7, 11, 13, 14, 16, 17, 18], label_0=28, label_1=15
    Val:  14 samples,  4 subjects [1, 2, 9, 12], label_0=9, label_1=5
   Test:  13 samples,  3 subjects [5, 8, 10], label_0=10, label_1=3
  Building window datasets...
    WindowDataset: 6670 windows (class_0=2167, class_1=4503)
    WindowDataset: 1341 windows (class_0=1024, class_1=317)
    WindowDataset: 913 windows (class_0=651, class_1=262)
[EEG-Conformer] F=40 L=6 H=10 T=1000 tokens=61 -> embed_dim=2440 (169,080 params)
  Fold 2 | Ep   1/100 | t_loss=0.1859 t_acc=0.560 | v_win_bal=0.714 v_rec_bal=0.778 | lr=3.3e-04 | 5.2s
  Fold 2 | Ep   2/100 | t_loss=0.1088 t_acc=0.811 | v_win_bal=0.641 v_rec_bal=0.644 | lr=6.7e-04 | 5.2s
  Fold 2 | Ep   3/100 | t_loss=0.0699 t_acc=0.900 | v_win_bal=0.720 v_rec_bal=0.744 | lr=1.0e-03 | 5.2s
  Fold 2 | Ep   4/100 | t_loss=0.0466 t_acc=0.936 | v_win_bal=0.782 v_rec_bal=0.833 | lr=1.0e-03 | 5.2s
  Fold 2 | Ep   5/100 | t_loss=0.0377 t_acc=0.955 | v_win_bal=0.755 v_rec_bal=0.744 | lr=1.0e-03 | 5.2s
  Fold 2 | Ep   6/100 | t_loss=0.0322 t_acc=0.965 | v_win_bal=0.738 v_rec_bal=0.689 | lr=1.0e-03 | 5.3s
  Fold 2 | Ep   7/100 | t_loss=0.0239 t_acc=0.972 | v_win_bal=0.748 v_rec_bal=0.689 | lr=1.0e-03 | 5.3s
  Fold 2 | Ep   8/100 | t_loss=0.0206 t_acc=0.977 | v_win_bal=0.716 v_rec_bal=0.689 | lr=9.9e-04 | 5.3s
  Fold 2 | Ep   9/100 | t_loss=0.0233 t_acc=0.975 | v_win_bal=0.775 v_rec_bal=0.789 | lr=9.9e-04 | 6.0s
  Fold 2 | Ep  10/100 | t_loss=0.0186 t_acc=0.979 | v_win_bal=0.776 v_rec_bal=0.789 | lr=9.9e-04 | 5.3s
  Fold 2 | Ep  11/100 | t_loss=0.0199 t_acc=0.979 | v_win_bal=0.727 v_rec_bal=0.744 | lr=9.8e-04 | 5.3s
  Fold 2 | Ep  12/100 | t_loss=0.0165 t_acc=0.982 | v_win_bal=0.787 v_rec_bal=0.889 | lr=9.8e-04 | 5.3s
  Fold 2 | Ep  13/100 | t_loss=0.0142 t_acc=0.986 | v_win_bal=0.698 v_rec_bal=0.744 | lr=9.7e-04 | 5.3s
  Fold 2 | Ep  14/100 | t_loss=0.0241 t_acc=0.984 | v_win_bal=0.649 v_rec_bal=0.644 | lr=9.7e-04 | 5.3s
  Fold 2 | Ep  15/100 | t_loss=0.0107 t_acc=0.988 | v_win_bal=0.787 v_rec_bal=0.889 | lr=9.6e-04 | 5.3s
  Fold 2 | Ep  16/100 | t_loss=0.0139 t_acc=0.988 | v_win_bal=0.684 v_rec_bal=0.744 | lr=9.6e-04 | 5.3s
  Fold 2 | Ep  17/100 | t_loss=0.0192 t_acc=0.987 | v_win_bal=0.698 v_rec_bal=0.744 | lr=9.5e-04 | 5.2s
  Fold 2 | Ep  18/100 | t_loss=0.0121 t_acc=0.988 | v_win_bal=0.693 v_rec_bal=0.744 | lr=9.4e-04 | 5.3s
  Fold 2 | Ep  19/100 | t_loss=0.0152 t_acc=0.989 | v_win_bal=0.752 v_rec_bal=0.689 | lr=9.3e-04 | 5.2s
  Fold 2 | Ep  20/100 | t_loss=0.0148 t_acc=0.989 | v_win_bal=0.742 v_rec_bal=0.744 | lr=9.3e-04 | 5.2s
  Fold 2 | Ep  21/100 | t_loss=0.0101 t_acc=0.990 | v_win_bal=0.758 v_rec_bal=0.789 | lr=9.2e-04 | 5.4s
  Fold 2 | Ep  22/100 | t_loss=0.0096 t_acc=0.990 | v_win_bal=0.782 v_rec_bal=0.844 | lr=9.1e-04 | 5.2s
  Fold 2 | Ep  23/100 | t_loss=0.0091 t_acc=0.992 | v_win_bal=0.623 v_rec_bal=0.544 | lr=9.0e-04 | 5.3s
  Fold 2 | Ep  24/100 | t_loss=0.0109 t_acc=0.989 | v_win_bal=0.651 v_rec_bal=0.744 | lr=8.9e-04 | 5.2s
  Fold 2 | Ep  25/100 | t_loss=0.0120 t_acc=0.992 | v_win_bal=0.708 v_rec_bal=0.744 | lr=8.8e-04 | 5.2s
  Fold 2 | Ep  26/100 | t_loss=0.0091 t_acc=0.991 | v_win_bal=0.828 v_rec_bal=0.889 | lr=8.7e-04 | 5.2s
  Fold 2 | Ep  27/100 | t_loss=0.0083 t_acc=0.994 | v_win_bal=0.775 v_rec_bal=0.789 | lr=8.6e-04 | 5.2s
  Fold 2 | Ep  28/100 | t_loss=0.0098 t_acc=0.992 | v_win_bal=0.774 v_rec_bal=0.844 | lr=8.4e-04 | 5.4s
  Fold 2 | Ep  29/100 | t_loss=0.0083 t_acc=0.993 | v_win_bal=0.728 v_rec_bal=0.689 | lr=8.3e-04 | 5.2s
  Fold 2 | Ep  30/100 | t_loss=0.0089 t_acc=0.991 | v_win_bal=0.713 v_rec_bal=0.744 | lr=8.2e-04 | 5.5s
  Fold 2 | Ep  31/100 | t_loss=0.0092 t_acc=0.991 | v_win_bal=0.715 v_rec_bal=0.689 | lr=8.1e-04 | 5.3s
  Fold 2 | Ep  32/100 | t_loss=0.0046 t_acc=0.995 | v_win_bal=0.795 v_rec_bal=0.889 | lr=8.0e-04 | 5.3s
  Fold 2 | Ep  33/100 | t_loss=0.0095 t_acc=0.995 | v_win_bal=0.711 v_rec_bal=0.744 | lr=7.8e-04 | 5.5s
  Fold 2 | Ep  34/100 | t_loss=0.0077 t_acc=0.995 | v_win_bal=0.764 v_rec_bal=0.744 | lr=7.7e-04 | 5.3s
  Fold 2 | Ep  35/100 | t_loss=0.0045 t_acc=0.996 | v_win_bal=0.769 v_rec_bal=0.689 | lr=7.5e-04 | 5.2s
  Fold 2 | Ep  36/100 | t_loss=0.0065 t_acc=0.995 | v_win_bal=0.705 v_rec_bal=0.744 | lr=7.4e-04 | 5.2s
  Fold 2 | Ep  37/100 | t_loss=0.0060 t_acc=0.995 | v_win_bal=0.700 v_rec_bal=0.744 | lr=7.3e-04 | 5.2s
  Fold 2 | Ep  38/100 | t_loss=0.0084 t_acc=0.993 | v_win_bal=0.733 v_rec_bal=0.744 | lr=7.1e-04 | 5.2s
  Fold 2 | Ep  39/100 | t_loss=0.0077 t_acc=0.994 | v_win_bal=0.793 v_rec_bal=0.789 | lr=7.0e-04 | 5.2s/raid/jupyter-linjimmy1003.md10/.conda/envs/stress/lib/python3.11/site-packages/torch/nn/modules/transformer.py:379: UserWarning: enable_nested_tensor is True, but self.use_nested_tensor is False because encoder_layer.norm_first was True
  warnings.warn(
/raid/jupyter-linjimmy1003.md10/.conda/envs/stress/lib/python3.11/site-packages/torch/nn/modules/transformer.py:379: UserWarning: enable_nested_tensor is True, but self.use_nested_tensor is False because encoder_layer.norm_first was True
  warnings.warn(

  Fold 2 | Ep  40/100 | t_loss=0.0071 t_acc=0.992 | v_win_bal=0.804 v_rec_bal=0.789 | lr=6.8e-04 | 5.2s
  Fold 2 | Ep  41/100 | t_loss=0.0062 t_acc=0.994 | v_win_bal=0.744 v_rec_bal=0.744 | lr=6.7e-04 | 5.3s
  Fold 2 | Ep  42/100 | t_loss=0.0035 t_acc=0.996 | v_win_bal=0.723 v_rec_bal=0.689 | lr=6.5e-04 | 5.3s
  Fold 2 | Ep  43/100 | t_loss=0.0058 t_acc=0.994 | v_win_bal=0.719 v_rec_bal=0.744 | lr=6.4e-04 | 5.3s
  Fold 2 | Ep  44/100 | t_loss=0.0057 t_acc=0.995 | v_win_bal=0.704 v_rec_bal=0.744 | lr=6.2e-04 | 5.2s
  Fold 2 | Ep  45/100 | t_loss=0.0043 t_acc=0.996 | v_win_bal=0.738 v_rec_bal=0.689 | lr=6.0e-04 | 5.3s
  Fold 2 | Ep  46/100 | t_loss=0.0046 t_acc=0.995 | v_win_bal=0.779 v_rec_bal=0.844 | lr=5.9e-04 | 5.2s
  Fold 2 | Ep  47/100 | t_loss=0.0042 t_acc=0.997 | v_win_bal=0.733 v_rec_bal=0.744 | lr=5.7e-04 | 5.3s
  Fold 2 | Ep  48/100 | t_loss=0.0044 t_acc=0.997 | v_win_bal=0.786 v_rec_bal=0.789 | lr=5.6e-04 | 5.2s
  Early stop at epoch 48
  -> Test (best @ epoch 12): acc=0.5385, bal_acc=0.5833

============================================================
Fold 3/5
============================================================
  Train:  40 samples, 10 subjects [4, 5, 8, 9, 10, 11, 13, 16, 17, 18], label_0=28, label_1=12
    Val:  14 samples,  4 subjects [1, 2, 12, 14], label_0=9, label_1=5
   Test:  16 samples,  3 subjects [3, 6, 7], label_0=10, label_1=6
  Building window datasets...
    WindowDataset: 6192 windows (class_0=2112, class_1=4080)
    WindowDataset: 1457 windows (class_0=1140, class_1=317)
    WindowDataset: 960 windows (class_0=590, class_1=370)
[EEG-Conformer] F=40 L=6 H=10 T=1000 tokens=61 -> embed_dim=2440 (169,080 params)
  Fold 3 | Ep   1/100 | t_loss=0.1861 t_acc=0.538 | v_win_bal=0.597 v_rec_bal=0.544 | lr=3.3e-04 | 4.9s
  Fold 3 | Ep   2/100 | t_loss=0.1287 t_acc=0.739 | v_win_bal=0.800 v_rec_bal=0.944 | lr=6.7e-04 | 4.9s
  Fold 3 | Ep   3/100 | t_loss=0.0853 t_acc=0.874 | v_win_bal=0.680 v_rec_bal=0.544 | lr=1.0e-03 | 5.0s
  Fold 3 | Ep   4/100 | t_loss=0.0586 t_acc=0.921 | v_win_bal=0.599 v_rec_bal=0.544 | lr=1.0e-03 | 5.0s
  Fold 3 | Ep   5/100 | t_loss=0.0376 t_acc=0.952 | v_win_bal=0.734 v_rec_bal=0.744 | lr=1.0e-03 | 4.9s
  Fold 3 | Ep   6/100 | t_loss=0.0334 t_acc=0.961 | v_win_bal=0.693 v_rec_bal=0.644 | lr=1.0e-03 | 5.2s
  Fold 3 | Ep   7/100 | t_loss=0.0263 t_acc=0.969 | v_win_bal=0.818 v_rec_bal=0.744 | lr=1.0e-03 | 5.0s
  Fold 3 | Ep   8/100 | t_loss=0.0191 t_acc=0.980 | v_win_bal=0.900 v_rec_bal=0.944 | lr=9.9e-04 | 5.0s
  Fold 3 | Ep   9/100 | t_loss=0.0183 t_acc=0.980 | v_win_bal=0.858 v_rec_bal=0.944 | lr=9.9e-04 | 5.2s
  Fold 3 | Ep  10/100 | t_loss=0.0198 t_acc=0.981 | v_win_bal=0.867 v_rec_bal=0.944 | lr=9.9e-04 | 5.0s
  Fold 3 | Ep  11/100 | t_loss=0.0160 t_acc=0.985 | v_win_bal=0.799 v_rec_bal=0.844 | lr=9.8e-04 | 5.0s
  Fold 3 | Ep  12/100 | t_loss=0.0170 t_acc=0.982 | v_win_bal=0.838 v_rec_bal=0.944 | lr=9.8e-04 | 5.2s
  Fold 3 | Ep  13/100 | t_loss=0.0120 t_acc=0.986 | v_win_bal=0.875 v_rec_bal=0.944 | lr=9.7e-04 | 5.0s
  Fold 3 | Ep  14/100 | t_loss=0.0104 t_acc=0.989 | v_win_bal=0.743 v_rec_bal=0.744 | lr=9.7e-04 | 5.0s
  Fold 3 | Ep  15/100 | t_loss=0.0131 t_acc=0.987 | v_win_bal=0.767 v_rec_bal=0.744 | lr=9.6e-04 | 5.0s
  Fold 3 | Ep  16/100 | t_loss=0.0084 t_acc=0.990 | v_win_bal=0.695 v_rec_bal=0.744 | lr=9.6e-04 | 5.0s
  Fold 3 | Ep  17/100 | t_loss=0.0093 t_acc=0.992 | v_win_bal=0.892 v_rec_bal=0.944 | lr=9.5e-04 | 5.1s
  Fold 3 | Ep  18/100 | t_loss=0.0194 t_acc=0.989 | v_win_bal=0.730 v_rec_bal=0.744 | lr=9.4e-04 | 4.9s
  Fold 3 | Ep  19/100 | t_loss=0.0092 t_acc=0.994 | v_win_bal=0.685 v_rec_bal=0.644 | lr=9.3e-04 | 4.9s
  Fold 3 | Ep  20/100 | t_loss=0.0095 t_acc=0.993 | v_win_bal=0.790 v_rec_bal=0.744 | lr=9.3e-04 | 5.1s
  Fold 3 | Ep  21/100 | t_loss=0.0075 t_acc=0.995 | v_win_bal=0.793 v_rec_bal=0.744 | lr=9.2e-04 | 5.0s
  Fold 3 | Ep  22/100 | t_loss=0.0099 t_acc=0.993 | v_win_bal=0.792 v_rec_bal=0.744 | lr=9.1e-04 | 4.9s
  Fold 3 | Ep  23/100 | t_loss=0.0050 t_acc=0.996 | v_win_bal=0.825 v_rec_bal=0.844 | lr=9.0e-04 | 5.3s
  Fold 3 | Ep  24/100 | t_loss=0.0083 t_acc=0.993 | v_win_bal=0.860 v_rec_bal=0.944 | lr=8.9e-04 | 4.9s
  Fold 3 | Ep  25/100 | t_loss=0.0071 t_acc=0.995 | v_win_bal=0.851 v_rec_bal=0.844 | lr=8.8e-04 | 4.9s
  Fold 3 | Ep  26/100 | t_loss=0.0062 t_acc=0.995 | v_win_bal=0.800 v_rec_bal=0.844 | lr=8.7e-04 | 5.2s
  Fold 3 | Ep  27/100 | t_loss=0.0084 t_acc=0.993 | v_win_bal=0.820 v_rec_bal=0.844 | lr=8.6e-04 | 5.0s
  Fold 3 | Ep  28/100 | t_loss=0.0081 t_acc=0.993 | v_win_bal=0.796 v_rec_bal=0.844 | lr=8.4e-04 | 4.9s
  Fold 3 | Ep  29/100 | t_loss=0.0083 t_acc=0.993 | v_win_bal=0.710 v_rec_bal=0.644 | lr=8.3e-04 | 4.9s
  Fold 3 | Ep  30/100 | t_loss=0.0044 t_acc=0.995 | v_win_bal=0.794 v_rec_bal=0.744 | lr=8.2e-04 | 4.9s
  Early stop at epoch 30
  -> Test (best @ epoch 2): acc=0.6250, bal_acc=0.5667

============================================================
Fold 4/5
============================================================
  Train:  39 samples, 11 subjects [1, 2, 4, 5, 8, 9, 10, 12, 14, 16, 17], label_0=28, label_1=11
    Val:  16 samples,  3 subjects [3, 6, 7], label_0=10, label_1=6
   Test:  15 samples,  3 subjects [11, 13, 18], label_0=9, label_1=6
  Building window datasets...
    WindowDataset: 5488 windows (class_0=2461, class_1=3027)
    WindowDataset: 960 windows (class_0=590, class_1=370)
    WindowDataset: 1372 windows (class_0=791, class_1=581)
[EEG-Conformer] F=40 L=6 H=10 T=1000 tokens=61 -> embed_dim=2440 (169,080 params)
  Fold 4 | Ep   1/100 | t_loss=0.1789 t_acc=0.590 | v_win_bal=0.547 v_rec_bal=0.550 | lr=3.3e-04 | 4.1s
  Fold 4 | Ep   2/100 | t_loss=0.1081 t_acc=0.816 | v_win_bal=0.510 v_rec_bal=0.450 | lr=6.7e-04 | 4.4s
  Fold 4 | Ep   3/100 | t_loss=0.0652 t_acc=0.907 | v_win_bal=0.398 v_rec_bal=0.367 | lr=1.0e-03 | 4.2s
  Fold 4 | Ep   4/100 | t_loss=0.0473 t_acc=0.938 | v_win_bal=0.364 v_rec_bal=0.300 | lr=1.0e-03 | 4.2s
  Fold 4 | Ep   5/100 | t_loss=0.0291 t_acc=0.965 | v_win_bal=0.411 v_rec_bal=0.300 | lr=1.0e-03 | 4.1s
  Fold 4 | Ep   6/100 | t_loss=0.0252 t_acc=0.969 | v_win_bal=0.431 v_rec_bal=0.450 | lr=1.0e-03 | 4.2s
  Fold 4 | Ep   7/100 | t_loss=0.0197 t_acc=0.980 | v_win_bal=0.460 v_rec_bal=0.500 | lr=1.0e-03 | 4.2s
  Fold 4 | Ep   8/100 | t_loss=0.0175 t_acc=0.981 | v_win_bal=0.414 v_rec_bal=0.400 | lr=9.9e-04 | 4.6s
  Fold 4 | Ep   9/100 | t_loss=0.0157 t_acc=0.985 | v_win_bal=0.437 v_rec_bal=0.500 | lr=9.9e-04 | 4.2s
  Fold 4 | Ep  10/100 | t_loss=0.0121 t_acc=0.985 | v_win_bal=0.436 v_rec_bal=0.400 | lr=9.9e-04 | 4.2s
  Fold 4 | Ep  11/100 | t_loss=0.0119 t_acc=0.988 | v_win_bal=0.471 v_rec_bal=0.500 | lr=9.8e-04 | 4.2s
  Fold 4 | Ep  12/100 | t_loss=0.0139 t_acc=0.986 | v_win_bal=0.434 v_rec_bal=0.500 | lr=9.8e-04 | 4.2s
  Fold 4 | Ep  13/100 | t_loss=0.0114 t_acc=0.988 | v_win_bal=0.460 v_rec_bal=0.500 | lr=9.7e-04 | 4.2s
  Fold 4 | Ep  14/100 | t_loss=0.0125 t_acc=0.989 | v_win_bal=0.473 v_rec_bal=0.500 | lr=9.7e-04 | 4.2s
  Fold 4 | Ep  15/100 | t_loss=0.0119 t_acc=0.988 | v_win_bal=0.415 v_rec_bal=0.450 | lr=9.6e-04 | 4.2s
  Fold 4 | Ep  16/100 | t_loss=0.0113 t_acc=0.990 | v_win_bal=0.415 v_rec_bal=0.350 | lr=9.6e-04 | 4.2s
  Fold 4 | Ep  17/100 | t_loss=0.0112 t_acc=0.992 | v_win_bal=0.418 v_rec_bal=0.350 | lr=9.5e-04 | 4.2s
  Fold 4 | Ep  18/100 | t_loss=0.0054 t_acc=0.994 | v_win_bal=0.463 v_rec_bal=0.500 | lr=9.4e-04 | 4.2s
  Fold 4 | Ep  19/100 | t_loss=0.0065 t_acc=0.994 | v_win_bal=0.505 v_rec_bal=0.500 | lr=9.3e-04 | 4.2s
  Fold 4 | Ep  20/100 | t_loss=0.0065 t_acc=0.993 | v_win_bal=0.462 v_rec_bal=0.450 | lr=9.3e-04 | 4.2s
  Fold 4 | Ep  21/100 | t_loss=0.0084 t_acc=0.992 | v_win_bal=0.498 v_rec_bal=0.500 | lr=9.2e-04 | 4.2s
  Early stop at epoch 21
  -> Test (best @ epoch 1): acc=0.4667, bal_acc=0.3889

============================================================
Fold 5/5
============================================================
  Train:  44 samples,  9 subjects [3, 5, 6, 7, 8, 10, 11, 13, 18], label_0=29, label_1=15
    Val:  14 samples,  4 subjects [1, 12, 14, 16], label_0=9, label_1=5
   Test:  12 samples,  4 subjects [2, 4, 9, 17], label_0=9, label_1=3
  Building window datasets...
    WindowDataset: 6839 windows (class_0=2032, class_1=4807)/raid/jupyter-linjimmy1003.md10/.conda/envs/stress/lib/python3.11/site-packages/torch/nn/modules/transformer.py:379: UserWarning: enable_nested_tensor is True, but self.use_nested_tensor is False because encoder_layer.norm_first was True
  warnings.warn(

    WindowDataset: 1463 windows (class_0=1146, class_1=317)
    WindowDataset: 850 windows (class_0=664, class_1=186)
[EEG-Conformer] F=40 L=6 H=10 T=1000 tokens=61 -> embed_dim=2440 (169,080 params)
  Fold 5 | Ep   1/100 | t_loss=0.1698 t_acc=0.641 | v_win_bal=0.753 v_rec_bal=0.689 | lr=3.3e-04 | 5.4s
  Fold 5 | Ep   2/100 | t_loss=0.1019 t_acc=0.833 | v_win_bal=0.800 v_rec_bal=0.844 | lr=6.7e-04 | 5.4s
  Fold 5 | Ep   3/100 | t_loss=0.0665 t_acc=0.908 | v_win_bal=0.801 v_rec_bal=0.744 | lr=1.0e-03 | 5.4s
  Fold 5 | Ep   4/100 | t_loss=0.0476 t_acc=0.940 | v_win_bal=0.799 v_rec_bal=0.844 | lr=1.0e-03 | 5.5s
  Fold 5 | Ep   5/100 | t_loss=0.0335 t_acc=0.962 | v_win_bal=0.850 v_rec_bal=0.889 | lr=1.0e-03 | 5.7s
  Fold 5 | Ep   6/100 | t_loss=0.0293 t_acc=0.970 | v_win_bal=0.837 v_rec_bal=0.844 | lr=1.0e-03 | 5.4s
  Fold 5 | Ep   7/100 | t_loss=0.0316 t_acc=0.968 | v_win_bal=0.861 v_rec_bal=0.944 | lr=1.0e-03 | 5.4s
  Fold 5 | Ep   8/100 | t_loss=0.0249 t_acc=0.976 | v_win_bal=0.866 v_rec_bal=0.889 | lr=9.9e-04 | 5.5s
  Fold 5 | Ep   9/100 | t_loss=0.0156 t_acc=0.984 | v_win_bal=0.864 v_rec_bal=0.889 | lr=9.9e-04 | 5.9s
  Fold 5 | Ep  10/100 | t_loss=0.0157 t_acc=0.985 | v_win_bal=0.851 v_rec_bal=0.889 | lr=9.9e-04 | 5.6s
  Fold 5 | Ep  11/100 | t_loss=0.0127 t_acc=0.987 | v_win_bal=0.880 v_rec_bal=0.889 | lr=9.8e-04 | 5.7s
  Fold 5 | Ep  12/100 | t_loss=0.0152 t_acc=0.986 | v_win_bal=0.880 v_rec_bal=0.889 | lr=9.8e-04 | 5.6s
  Fold 5 | Ep  13/100 | t_loss=0.0112 t_acc=0.989 | v_win_bal=0.867 v_rec_bal=0.889 | lr=9.7e-04 | 5.7s
  Fold 5 | Ep  14/100 | t_loss=0.0119 t_acc=0.989 | v_win_bal=0.889 v_rec_bal=0.889 | lr=9.7e-04 | 5.5s
  Fold 5 | Ep  15/100 | t_loss=0.0125 t_acc=0.989 | v_win_bal=0.889 v_rec_bal=0.889 | lr=9.6e-04 | 5.5s
  Fold 5 | Ep  16/100 | t_loss=0.0133 t_acc=0.989 | v_win_bal=0.883 v_rec_bal=0.889 | lr=9.6e-04 | 5.5s
  Fold 5 | Ep  17/100 | t_loss=0.0098 t_acc=0.993 | v_win_bal=0.876 v_rec_bal=0.889 | lr=9.5e-04 | 5.5s
  Fold 5 | Ep  18/100 | t_loss=0.0100 t_acc=0.993 | v_win_bal=0.862 v_rec_bal=0.889 | lr=9.4e-04 | 5.5s
  Fold 5 | Ep  19/100 | t_loss=0.0088 t_acc=0.993 | v_win_bal=0.871 v_rec_bal=0.889 | lr=9.3e-04 | 5.6s
  Fold 5 | Ep  20/100 | t_loss=0.0089 t_acc=0.991 | v_win_bal=0.884 v_rec_bal=0.889 | lr=9.3e-04 | 5.4s
  Fold 5 | Ep  21/100 | t_loss=0.0108 t_acc=0.992 | v_win_bal=0.892 v_rec_bal=0.889 | lr=9.2e-04 | 5.5s
  Fold 5 | Ep  22/100 | t_loss=0.0079 t_acc=0.995 | v_win_bal=0.889 v_rec_bal=0.889 | lr=9.1e-04 | 5.5s
  Fold 5 | Ep  23/100 | t_loss=0.0116 t_acc=0.992 | v_win_bal=0.889 v_rec_bal=0.889 | lr=9.0e-04 | 5.6s
  Fold 5 | Ep  24/100 | t_loss=0.0062 t_acc=0.995 | v_win_bal=0.857 v_rec_bal=0.889 | lr=8.9e-04 | 5.5s
  Fold 5 | Ep  25/100 | t_loss=0.0058 t_acc=0.996 | v_win_bal=0.864 v_rec_bal=0.889 | lr=8.8e-04 | 5.4s
  Fold 5 | Ep  26/100 | t_loss=0.0071 t_acc=0.995 | v_win_bal=0.878 v_rec_bal=0.889 | lr=8.7e-04 | 5.4s
  Fold 5 | Ep  27/100 | t_loss=0.0082 t_acc=0.994 | v_win_bal=0.884 v_rec_bal=0.889 | lr=8.6e-04 | 5.4s
  Fold 5 | Ep  28/100 | t_loss=0.0141 t_acc=0.993 | v_win_bal=0.870 v_rec_bal=0.889 | lr=8.4e-04 | 5.4s
  Fold 5 | Ep  29/100 | t_loss=0.0064 t_acc=0.995 | v_win_bal=0.895 v_rec_bal=0.889 | lr=8.3e-04 | 5.5s
  Early stop at epoch 29
  -> Test (best @ epoch 7): acc=0.0833, bal_acc=0.0556

============================================================
Global Results (5-Fold, subject-level CV)
Mode: FT | Extractor: eegconformer | Loss: focal
============================================================
              acc: 0.5143
          bal_acc: 0.4829
               f1: 0.5257
            kappa: -0.0321
  Total predictions: 70 (should equal dataset size: 70)

Results saved to results/hp_sweep/20260409_main/eegconformer/eegconformer_dropout0.1_lr1e-3_s42/
