CMD: /raid/jupyter-linjimmy1003.md10/.conda/envs/stress/bin/python train_ft.py --extractor eegconformer --seed 123 --device cuda:2 --run-id hp_sweep/20260409_main/eegconformer/eegconformer_dropout0.5_lr1e-4_s123 --mode ft --folds 5 --epochs 100 --patience 20 --batch-size 32 --label subject-dass --loss focal --head-hidden 128 --csv data/comprehensive_labels.csv --weight-decay 0.05 --grad-clip 2.0 --warmup-epochs 3 --aug-overlap 0.75 --norm zscore --dropout 0.5 --lr 0.0001

/raid/jupyter-linjimmy1003.md10/.conda/envs/stress/lib/python3.11/site-packages/timm/models/layers/__init__.py:49: FutureWarning: Importing from timm.models.layers is deprecated, please import via timm.layers
  warnings.warn(f"Importing from {__name__} is deprecated, please import via timm.layers", FutureWarning)
/raid/jupyter-linjimmy1003.md10/.conda/envs/stress/lib/python3.11/site-packages/torch/nn/modules/transformer.py:379: UserWarning: enable_nested_tensor is True, but self.use_nested_tensor is False because encoder_layer.norm_first was True
  warnings.warn(
/raid/jupyter-linjimmy1003.md10/.conda/envs/stress/lib/python3.11/site-packages/torch/nn/modules/transformer.py:379: UserWarning: enable_nested_tensor is True, but self.use_nested_tensor is False because encoder_layer.norm_first was True
  warnings.warn(
Mode: FT | Extractor: eegconformer | Folds: 5
LR: 0.0001 | WD: 0.05 | Beta2: 0.999 | Grad clip: 2.0
Head: hidden=128, dropout=0.5 | Norm: zscore | Loss: focal
Full FT: encoder_lr_scale=0.1
Augmentation: 75% overlap for increase class

Results → results/hp_sweep/20260409_main/eegconformer/eegconformer_dropout0.5_lr1e-4_s123/
Dataset: 70 recordings loaded (14 increase, 56 normal)
Cache: 70 recordings ready (70 cached, 0 new)
Subject-DASS labels: increase=23 (5 subjects), normal=47

============================================================
Fold 1/5
============================================================
  Train:  43 samples, 10 subjects [2, 3, 4, 6, 7, 8, 9, 10, 11, 13], label_0=28, label_1=15
    Val:  13 samples,  3 subjects [12, 17, 18], label_0=10, label_1=3
   Test:  14 samples,  4 subjects [1, 5, 14, 16], label_0=9, label_1=5
  Building window datasets...
    WindowDataset: 6870 windows (class_0=2063, class_1=4807)
    WindowDataset: 1166 windows (class_0=980, class_1=186)
    WindowDataset: 1116 windows (class_0=799, class_1=317)
[EEG-Conformer] F=40 L=6 H=10 T=1000 tokens=61 -> embed_dim=2440 (169,080 params)
  Trainable parameters: 794,363
  Class weights: [1.6650508642196655, 0.7145829200744629]
  Fold 1 | Ep   1/100 | t_loss=0.2997 t_acc=0.510 | v_win_bal=0.492 v_rec_bal=0.500 | lr=3.3e-05 | 7.3s
  Fold 1 | Ep   2/100 | t_loss=0.1967 t_acc=0.530 | v_win_bal=0.500 v_rec_bal=0.500 | lr=6.7e-05 | 4.9s
  Fold 1 | Ep   3/100 | t_loss=0.1542 t_acc=0.669 | v_win_bal=0.486 v_rec_bal=0.500 | lr=1.0e-04 | 4.9s
  Fold 1 | Ep   4/100 | t_loss=0.1331 t_acc=0.761 | v_win_bal=0.493 v_rec_bal=0.500 | lr=1.0e-04 | 4.8s
  Fold 1 | Ep   5/100 | t_loss=0.1161 t_acc=0.800 | v_win_bal=0.492 v_rec_bal=0.500 | lr=1.0e-04 | 4.9s
  Fold 1 | Ep   6/100 | t_loss=0.1073 t_acc=0.828 | v_win_bal=0.491 v_rec_bal=0.500 | lr=1.0e-04 | 4.9s
  Fold 1 | Ep   7/100 | t_loss=0.1000 t_acc=0.842 | v_win_bal=0.494 v_rec_bal=0.500 | lr=1.0e-04 | 4.8s
  Fold 1 | Ep   8/100 | t_loss=0.0926 t_acc=0.857 | v_win_bal=0.491 v_rec_bal=0.500 | lr=9.9e-05 | 4.8s
  Fold 1 | Ep   9/100 | t_loss=0.0862 t_acc=0.873 | v_win_bal=0.494 v_rec_bal=0.500 | lr=9.9e-05 | 4.8s
  Fold 1 | Ep  10/100 | t_loss=0.0800 t_acc=0.880 | v_win_bal=0.492 v_rec_bal=0.500 | lr=9.9e-05 | 4.8s
  Fold 1 | Ep  11/100 | t_loss=0.0738 t_acc=0.891 | v_win_bal=0.493 v_rec_bal=0.500 | lr=9.8e-05 | 4.7s
  Fold 1 | Ep  12/100 | t_loss=0.0743 t_acc=0.893 | v_win_bal=0.493 v_rec_bal=0.500 | lr=9.8e-05 | 4.7s
  Fold 1 | Ep  13/100 | t_loss=0.0680 t_acc=0.904 | v_win_bal=0.490 v_rec_bal=0.500 | lr=9.7e-05 | 4.9s
  Fold 1 | Ep  14/100 | t_loss=0.0675 t_acc=0.904 | v_win_bal=0.496 v_rec_bal=0.500 | lr=9.7e-05 | 4.9s
  Fold 1 | Ep  15/100 | t_loss=0.0605 t_acc=0.915 | v_win_bal=0.494 v_rec_bal=0.500 | lr=9.6e-05 | 4.8s
  Fold 1 | Ep  16/100 | t_loss=0.0568 t_acc=0.923 | v_win_bal=0.493 v_rec_bal=0.500 | lr=9.6e-05 | 4.8s
  Fold 1 | Ep  17/100 | t_loss=0.0537 t_acc=0.922 | v_win_bal=0.493 v_rec_bal=0.500 | lr=9.5e-05 | 4.8s
  Fold 1 | Ep  18/100 | t_loss=0.0582 t_acc=0.921 | v_win_bal=0.492 v_rec_bal=0.500 | lr=9.4e-05 | 4.8s
  Fold 1 | Ep  19/100 | t_loss=0.0558 t_acc=0.927 | v_win_bal=0.495 v_rec_bal=0.500 | lr=9.3e-05 | 4.7s
  Fold 1 | Ep  20/100 | t_loss=0.0536 t_acc=0.930 | v_win_bal=0.494 v_rec_bal=0.500 | lr=9.3e-05 | 4.8s
  Fold 1 | Ep  21/100 | t_loss=0.0514 t_acc=0.935 | v_win_bal=0.497 v_rec_bal=0.500 | lr=9.2e-05 | 4.9s
  Early stop at epoch 21
  -> Test (best @ epoch 1): acc=0.6429, bal_acc=0.5000

============================================================
Fold 2/5
============================================================
  Train:  43 samples, 10 subjects [2, 3, 4, 6, 7, 9, 10, 11, 13, 18], label_0=28, label_1=15
    Val:  14 samples,  4 subjects [1, 5, 14, 16], label_0=9, label_1=5
   Test:  13 samples,  3 subjects [8, 12, 17], label_0=10, label_1=3
  Building window datasets...
    WindowDataset: 6852 windows (class_0=2045, class_1=4807)
    WindowDataset: 1116 windows (class_0=799, class_1=317)
    WindowDataset: 1184 windows (class_0=998, class_1=186)
[EEG-Conformer] F=40 L=6 H=10 T=1000 tokens=61 -> embed_dim=2440 (169,080 params)
  Fold 2 | Ep   1/100 | t_loss=0.3889 t_acc=0.506 | v_win_bal=0.496 v_rec_bal=0.500 | lr=3.3e-05 | 4.7s
  Fold 2 | Ep   2/100 | t_loss=0.2044 t_acc=0.519 | v_win_bal=0.502 v_rec_bal=0.500 | lr=6.7e-05 | 4.8s
  Fold 2 | Ep   3/100 | t_loss=0.1734 t_acc=0.559 | v_win_bal=0.501 v_rec_bal=0.467 | lr=1.0e-04 | 4.8s
  Fold 2 | Ep   4/100 | t_loss=0.1400 t_acc=0.712 | v_win_bal=0.537 v_rec_bal=0.411 | lr=1.0e-04 | 4.8s
  Fold 2 | Ep   5/100 | t_loss=0.1164 t_acc=0.806 | v_win_bal=0.539 v_rec_bal=0.411 | lr=1.0e-04 | 4.8s
  Fold 2 | Ep   6/100 | t_loss=0.1007 t_acc=0.836 | v_win_bal=0.522 v_rec_bal=0.467 | lr=1.0e-04 | 4.8s
  Fold 2 | Ep   7/100 | t_loss=0.0927 t_acc=0.853 | v_win_bal=0.541 v_rec_bal=0.411 | lr=1.0e-04 | 5.2s
  Fold 2 | Ep   8/100 | t_loss=0.0838 t_acc=0.879 | v_win_bal=0.532 v_rec_bal=0.411 | lr=9.9e-05 | 4.8s
  Fold 2 | Ep   9/100 | t_loss=0.0787 t_acc=0.884 | v_win_bal=0.539 v_rec_bal=0.522 | lr=9.9e-05 | 4.8s
  Fold 2 | Ep  10/100 | t_loss=0.0744 t_acc=0.884 | v_win_bal=0.547 v_rec_bal=0.522 | lr=9.9e-05 | 4.9s
  Fold 2 | Ep  11/100 | t_loss=0.0683 t_acc=0.902 | v_win_bal=0.564 v_rec_bal=0.522 | lr=9.8e-05 | 4.7s
  Fold 2 | Ep  12/100 | t_loss=0.0631 t_acc=0.910 | v_win_bal=0.560 v_rec_bal=0.522 | lr=9.8e-05 | 4.7s
  Fold 2 | Ep  13/100 | t_loss=0.0612 t_acc=0.916 | v_win_bal=0.559 v_rec_bal=0.522 | lr=9.7e-05 | 4.9s
  Fold 2 | Ep  14/100 | t_loss=0.0583 t_acc=0.920 | v_win_bal=0.578 v_rec_bal=0.622 | lr=9.7e-05 | 4.7s
  Fold 2 | Ep  15/100 | t_loss=0.0564 t_acc=0.926 | v_win_bal=0.593 v_rec_bal=0.622 | lr=9.6e-05 | 4.7s
  Fold 2 | Ep  16/100 | t_loss=0.0536 t_acc=0.928 | v_win_bal=0.575 v_rec_bal=0.622 | lr=9.6e-05 | 4.7s
  Fold 2 | Ep  17/100 | t_loss=0.0519 t_acc=0.927 | v_win_bal=0.601 v_rec_bal=0.622 | lr=9.5e-05 | 4.7s
  Fold 2 | Ep  18/100 | t_loss=0.0478 t_acc=0.940 | v_win_bal=0.617 v_rec_bal=0.622 | lr=9.4e-05 | 4.9s
  Fold 2 | Ep  19/100 | t_loss=0.0479 t_acc=0.938 | v_win_bal=0.566 v_rec_bal=0.522 | lr=9.3e-05 | 4.7s
  Fold 2 | Ep  20/100 | t_loss=0.0448 t_acc=0.940 | v_win_bal=0.611 v_rec_bal=0.622 | lr=9.3e-05 | 4.7s
  Fold 2 | Ep  21/100 | t_loss=0.0418 t_acc=0.949 | v_win_bal=0.610 v_rec_bal=0.622 | lr=9.2e-05 | 4.7s
  Fold 2 | Ep  22/100 | t_loss=0.0434 t_acc=0.943 | v_win_bal=0.608 v_rec_bal=0.622 | lr=9.1e-05 | 4.7s
  Fold 2 | Ep  23/100 | t_loss=0.0412 t_acc=0.952 | v_win_bal=0.609 v_rec_bal=0.622 | lr=9.0e-05 | 4.8s
  Fold 2 | Ep  24/100 | t_loss=0.0392 t_acc=0.955 | v_win_bal=0.607 v_rec_bal=0.622 | lr=8.9e-05 | 4.7s
  Fold 2 | Ep  25/100 | t_loss=0.0376 t_acc=0.956 | v_win_bal=0.587 v_rec_bal=0.522 | lr=8.8e-05 | 4.7s
  Fold 2 | Ep  26/100 | t_loss=0.0379 t_acc=0.956 | v_win_bal=0.607 v_rec_bal=0.522 | lr=8.7e-05 | 4.7s
  Fold 2 | Ep  27/100 | t_loss=0.0332 t_acc=0.956 | v_win_bal=0.603 v_rec_bal=0.522 | lr=8.6e-05 | 4.8s
  Fold 2 | Ep  28/100 | t_loss=0.0367 t_acc=0.960 | v_win_bal=0.610 v_rec_bal=0.522 | lr=8.4e-05 | 4.8s
  Fold 2 | Ep  29/100 | t_loss=0.0331 t_acc=0.962 | v_win_bal=0.629 v_rec_bal=0.622 | lr=8.3e-05 | 4.9s
  Fold 2 | Ep  30/100 | t_loss=0.0332 t_acc=0.962 | v_win_bal=0.628 v_rec_bal=0.567 | lr=8.2e-05 | 4.8s
  Fold 2 | Ep  31/100 | t_loss=0.0362 t_acc=0.963 | v_win_bal=0.638 v_rec_bal=0.622 | lr=8.1e-05 | 4.7s
  Fold 2 | Ep  32/100 | t_loss=0.0300 t_acc=0.963 | v_win_bal=0.624 v_rec_bal=0.622 | lr=8.0e-05 | 4.7s
  Fold 2 | Ep  33/100 | t_loss=0.0311 t_acc=0.966 | v_win_bal=0.608 v_rec_bal=0.522 | lr=7.8e-05 | 4.7s
  Fold 2 | Ep  34/100 | t_loss=0.0300 t_acc=0.961 | v_win_bal=0.625 v_rec_bal=0.578 | lr=7.7e-05 | 4.7s
  Fold 2 | Ep  35/100 | t_loss=0.0308 t_acc=0.968 | v_win_bal=0.620 v_rec_bal=0.522 | lr=7.5e-05 | 4.9s
  Fold 2 | Ep  36/100 | t_loss=0.0296 t_acc=0.965 | v_win_bal=0.643 v_rec_bal=0.567 | lr=7.4e-05 | 4.7s
  Early stop at epoch 36
  -> Test (best @ epoch 14): acc=0.6923, bal_acc=0.4500

============================================================
Fold 3/5
============================================================
  Train:  40 samples, 10 subjects [3, 4, 7, 8, 9, 10, 12, 16, 17, 18], label_0=28, label_1=12/raid/jupyter-linjimmy1003.md10/.conda/envs/stress/lib/python3.11/site-packages/torch/nn/modules/transformer.py:379: UserWarning: enable_nested_tensor is True, but self.use_nested_tensor is False because encoder_layer.norm_first was True
  warnings.warn(
/raid/jupyter-linjimmy1003.md10/.conda/envs/stress/lib/python3.11/site-packages/torch/nn/modules/transformer.py:379: UserWarning: enable_nested_tensor is True, but self.use_nested_tensor is False because encoder_layer.norm_first was True
  warnings.warn(
/raid/jupyter-linjimmy1003.md10/.conda/envs/stress/lib/python3.11/site-packages/torch/nn/modules/transformer.py:379: UserWarning: enable_nested_tensor is True, but self.use_nested_tensor is False because encoder_layer.norm_first was True
  warnings.warn(

    Val:  14 samples,  4 subjects [1, 2, 5, 14], label_0=9, label_1=5
   Test:  16 samples,  3 subjects [6, 11, 13], label_0=10, label_1=6
  Building window datasets...
    WindowDataset: 5447 windows (class_0=2211, class_1=3236)
    WindowDataset: 1110 windows (class_0=793, class_1=317)
    WindowDataset: 1419 windows (class_0=838, class_1=581)
[EEG-Conformer] F=40 L=6 H=10 T=1000 tokens=61 -> embed_dim=2440 (169,080 params)
  Fold 3 | Ep   1/100 | t_loss=0.3142 t_acc=0.520 | v_win_bal=0.491 v_rec_bal=0.500 | lr=3.3e-05 | 3.8s
  Fold 3 | Ep   2/100 | t_loss=0.1963 t_acc=0.545 | v_win_bal=0.481 v_rec_bal=0.500 | lr=6.7e-05 | 3.8s
  Fold 3 | Ep   3/100 | t_loss=0.1369 t_acc=0.721 | v_win_bal=0.469 v_rec_bal=0.411 | lr=1.0e-04 | 3.9s
  Fold 3 | Ep   4/100 | t_loss=0.0999 t_acc=0.829 | v_win_bal=0.448 v_rec_bal=0.411 | lr=1.0e-04 | 4.0s
  Fold 3 | Ep   5/100 | t_loss=0.0811 t_acc=0.879 | v_win_bal=0.437 v_rec_bal=0.411 | lr=1.0e-04 | 3.9s
  Fold 3 | Ep   6/100 | t_loss=0.0727 t_acc=0.891 | v_win_bal=0.451 v_rec_bal=0.411 | lr=1.0e-04 | 3.9s
  Fold 3 | Ep   7/100 | t_loss=0.0599 t_acc=0.916 | v_win_bal=0.440 v_rec_bal=0.311 | lr=1.0e-04 | 3.9s
  Fold 3 | Ep   8/100 | t_loss=0.0517 t_acc=0.927 | v_win_bal=0.438 v_rec_bal=0.311 | lr=9.9e-05 | 3.9s
  Fold 3 | Ep   9/100 | t_loss=0.0479 t_acc=0.932 | v_win_bal=0.437 v_rec_bal=0.311 | lr=9.9e-05 | 3.9s
  Fold 3 | Ep  10/100 | t_loss=0.0390 t_acc=0.948 | v_win_bal=0.438 v_rec_bal=0.311 | lr=9.9e-05 | 4.0s
  Fold 3 | Ep  11/100 | t_loss=0.0397 t_acc=0.950 | v_win_bal=0.447 v_rec_bal=0.311 | lr=9.8e-05 | 3.8s
  Fold 3 | Ep  12/100 | t_loss=0.0402 t_acc=0.950 | v_win_bal=0.452 v_rec_bal=0.311 | lr=9.8e-05 | 4.0s
  Fold 3 | Ep  13/100 | t_loss=0.0322 t_acc=0.963 | v_win_bal=0.455 v_rec_bal=0.311 | lr=9.7e-05 | 3.8s
  Fold 3 | Ep  14/100 | t_loss=0.0304 t_acc=0.962 | v_win_bal=0.445 v_rec_bal=0.311 | lr=9.7e-05 | 3.9s
  Fold 3 | Ep  15/100 | t_loss=0.0289 t_acc=0.965 | v_win_bal=0.454 v_rec_bal=0.311 | lr=9.6e-05 | 3.9s
  Fold 3 | Ep  16/100 | t_loss=0.0225 t_acc=0.969 | v_win_bal=0.448 v_rec_bal=0.367 | lr=9.6e-05 | 3.9s
  Fold 3 | Ep  17/100 | t_loss=0.0255 t_acc=0.970 | v_win_bal=0.455 v_rec_bal=0.367 | lr=9.5e-05 | 3.9s
  Fold 3 | Ep  18/100 | t_loss=0.0195 t_acc=0.979 | v_win_bal=0.448 v_rec_bal=0.367 | lr=9.4e-05 | 3.8s
  Fold 3 | Ep  19/100 | t_loss=0.0190 t_acc=0.976 | v_win_bal=0.466 v_rec_bal=0.367 | lr=9.3e-05 | 3.8s
  Fold 3 | Ep  20/100 | t_loss=0.0204 t_acc=0.975 | v_win_bal=0.458 v_rec_bal=0.367 | lr=9.3e-05 | 3.9s
  Fold 3 | Ep  21/100 | t_loss=0.0174 t_acc=0.980 | v_win_bal=0.454 v_rec_bal=0.367 | lr=9.2e-05 | 3.9s
  Early stop at epoch 21
  -> Test (best @ epoch 1): acc=0.3750, bal_acc=0.5000

============================================================
Fold 4/5
============================================================
  Train:  44 samples,  9 subjects [3, 5, 6, 7, 8, 11, 13, 17, 18], label_0=29, label_1=15
    Val:  14 samples,  4 subjects [1, 12, 14, 16], label_0=9, label_1=5
   Test:  12 samples,  4 subjects [2, 4, 9, 10], label_0=9, label_1=3
  Building window datasets...
    WindowDataset: 6535 windows (class_0=2032, class_1=4503)
    WindowDataset: 1463 windows (class_0=1146, class_1=317)
    WindowDataset: 926 windows (class_0=664, class_1=262)
[EEG-Conformer] F=40 L=6 H=10 T=1000 tokens=61 -> embed_dim=2440 (169,080 params)
  Fold 4 | Ep   1/100 | t_loss=0.3700 t_acc=0.502 | v_win_bal=0.504 v_rec_bal=0.500 | lr=3.3e-05 | 4.7s
  Fold 4 | Ep   2/100 | t_loss=0.1898 t_acc=0.518 | v_win_bal=0.500 v_rec_bal=0.500 | lr=6.7e-05 | 4.7s
  Fold 4 | Ep   3/100 | t_loss=0.1756 t_acc=0.530 | v_win_bal=0.568 v_rec_bal=0.522 | lr=1.0e-04 | 4.7s
  Fold 4 | Ep   4/100 | t_loss=0.1709 t_acc=0.583 | v_win_bal=0.711 v_rec_bal=0.622 | lr=1.0e-04 | 4.7s
  Fold 4 | Ep   5/100 | t_loss=0.1541 t_acc=0.676 | v_win_bal=0.771 v_rec_bal=0.722 | lr=1.0e-04 | 4.9s
  Fold 4 | Ep   6/100 | t_loss=0.1191 t_acc=0.788 | v_win_bal=0.820 v_rec_bal=0.778 | lr=1.0e-04 | 4.7s
  Fold 4 | Ep   7/100 | t_loss=0.0998 t_acc=0.840 | v_win_bal=0.834 v_rec_bal=0.778 | lr=1.0e-04 | 4.7s
  Fold 4 | Ep   8/100 | t_loss=0.0837 t_acc=0.871 | v_win_bal=0.827 v_rec_bal=0.778 | lr=9.9e-05 | 4.7s
  Fold 4 | Ep   9/100 | t_loss=0.0774 t_acc=0.890 | v_win_bal=0.828 v_rec_bal=0.778 | lr=9.9e-05 | 4.7s
  Fold 4 | Ep  10/100 | t_loss=0.0740 t_acc=0.900 | v_win_bal=0.837 v_rec_bal=0.833 | lr=9.9e-05 | 4.7s
  Fold 4 | Ep  11/100 | t_loss=0.0677 t_acc=0.908 | v_win_bal=0.846 v_rec_bal=0.833 | lr=9.8e-05 | 4.7s
  Fold 4 | Ep  12/100 | t_loss=0.0629 t_acc=0.918 | v_win_bal=0.855 v_rec_bal=0.944 | lr=9.8e-05 | 4.9s
  Fold 4 | Ep  13/100 | t_loss=0.0567 t_acc=0.921 | v_win_bal=0.863 v_rec_bal=0.889 | lr=9.7e-05 | 4.7s
  Fold 4 | Ep  14/100 | t_loss=0.0577 t_acc=0.934 | v_win_bal=0.863 v_rec_bal=0.944 | lr=9.7e-05 | 4.7s
  Fold 4 | Ep  15/100 | t_loss=0.0472 t_acc=0.941 | v_win_bal=0.862 v_rec_bal=0.944 | lr=9.6e-05 | 4.7s
  Fold 4 | Ep  16/100 | t_loss=0.0467 t_acc=0.945 | v_win_bal=0.860 v_rec_bal=0.889 | lr=9.6e-05 | 4.7s
  Fold 4 | Ep  17/100 | t_loss=0.0420 t_acc=0.951 | v_win_bal=0.864 v_rec_bal=0.889 | lr=9.5e-05 | 4.7s
  Fold 4 | Ep  18/100 | t_loss=0.0433 t_acc=0.950 | v_win_bal=0.855 v_rec_bal=0.889 | lr=9.4e-05 | 4.7s
  Fold 4 | Ep  19/100 | t_loss=0.0396 t_acc=0.956 | v_win_bal=0.867 v_rec_bal=0.944 | lr=9.3e-05 | 4.7s
  Fold 4 | Ep  20/100 | t_loss=0.0392 t_acc=0.959 | v_win_bal=0.873 v_rec_bal=0.889 | lr=9.3e-05 | 4.7s
  Fold 4 | Ep  21/100 | t_loss=0.0386 t_acc=0.951 | v_win_bal=0.876 v_rec_bal=0.944 | lr=9.2e-05 | 4.7s
  Fold 4 | Ep  22/100 | t_loss=0.0304 t_acc=0.965 | v_win_bal=0.867 v_rec_bal=0.889 | lr=9.1e-05 | 4.7s
  Fold 4 | Ep  23/100 | t_loss=0.0313 t_acc=0.966 | v_win_bal=0.883 v_rec_bal=0.944 | lr=9.0e-05 | 4.9s
  Fold 4 | Ep  24/100 | t_loss=0.0310 t_acc=0.965 | v_win_bal=0.878 v_rec_bal=0.944 | lr=8.9e-05 | 4.7s
  Fold 4 | Ep  25/100 | t_loss=0.0303 t_acc=0.968 | v_win_bal=0.868 v_rec_bal=0.889 | lr=8.8e-05 | 4.7s
  Fold 4 | Ep  26/100 | t_loss=0.0273 t_acc=0.970 | v_win_bal=0.874 v_rec_bal=0.889 | lr=8.7e-05 | 4.7s
  Fold 4 | Ep  27/100 | t_loss=0.0312 t_acc=0.969 | v_win_bal=0.867 v_rec_bal=0.889 | lr=8.6e-05 | 4.9s
  Fold 4 | Ep  28/100 | t_loss=0.0260 t_acc=0.974 | v_win_bal=0.873 v_rec_bal=0.889 | lr=8.4e-05 | 4.7s
  Fold 4 | Ep  29/100 | t_loss=0.0295 t_acc=0.971 | v_win_bal=0.884 v_rec_bal=0.944 | lr=8.3e-05 | 4.7s
  Fold 4 | Ep  30/100 | t_loss=0.0268 t_acc=0.975 | v_win_bal=0.878 v_rec_bal=0.944 | lr=8.2e-05 | 5.1s
  Fold 4 | Ep  31/100 | t_loss=0.0238 t_acc=0.975 | v_win_bal=0.879 v_rec_bal=0.889 | lr=8.1e-05 | 5.0s
  Fold 4 | Ep  32/100 | t_loss=0.0276 t_acc=0.974 | v_win_bal=0.874 v_rec_bal=0.889 | lr=8.0e-05 | 4.9s
  Fold 4 | Ep  33/100 | t_loss=0.0214 t_acc=0.975 | v_win_bal=0.874 v_rec_bal=0.889 | lr=7.8e-05 | 4.8s
  Fold 4 | Ep  34/100 | t_loss=0.0247 t_acc=0.979 | v_win_bal=0.882 v_rec_bal=0.889 | lr=7.7e-05 | 4.8s
  Early stop at epoch 34
  -> Test (best @ epoch 12): acc=0.2500, bal_acc=0.3889

============================================================
Fold 5/5
============================================================
  Train:  41 samples, 10 subjects [2, 4, 5, 6, 8, 10, 11, 13, 14, 17], label_0=29, label_1=12
    Val:  14 samples,  4 subjects [1, 9, 12, 16], label_0=9, label_1=5
   Test:  15 samples,  3 subjects [3, 7, 18], label_0=9, label_1=6
  Building window datasets...
    WindowDataset: 6349 windows (class_0=2269, class_1=4080)
    WindowDataset: 1347 windows (class_0=1030, class_1=317)
    WindowDataset: 913 windows (class_0=543, class_1=370)
[EEG-Conformer] F=40 L=6 H=10 T=1000 tokens=61 -> embed_dim=2440 (169,080 params)
  Fold 5 | Ep   1/100 | t_loss=0.3258 t_acc=0.511 | v_win_bal=0.547 v_rec_bal=0.600 | lr=3.3e-05 | 4.8s
  Fold 5 | Ep   2/100 | t_loss=0.2075 t_acc=0.515 | v_win_bal=0.500 v_rec_bal=0.500 | lr=6.7e-05 | 4.6s
  Fold 5 | Ep   3/100 | t_loss=0.1743 t_acc=0.561 | v_win_bal=0.746 v_rec_bal=0.778 | lr=1.0e-04 | 4.7s
  Fold 5 | Ep   4/100 | t_loss=0.1542 t_acc=0.652 | v_win_bal=0.800 v_rec_bal=0.833 | lr=1.0e-04 | 4.6s
  Fold 5 | Ep   5/100 | t_loss=0.1340 t_acc=0.731 | v_win_bal=0.838 v_rec_bal=0.833 | lr=1.0e-04 | 4.5s
  Fold 5 | Ep   6/100 | t_loss=0.1183 t_acc=0.781 | v_win_bal=0.813 v_rec_bal=0.833 | lr=1.0e-04 | 4.5s
  Fold 5 | Ep   7/100 | t_loss=0.1093 t_acc=0.803 | v_win_bal=0.814 v_rec_bal=0.833 | lr=1.0e-04 | 4.5s
  Fold 5 | Ep   8/100 | t_loss=0.0995 t_acc=0.843 | v_win_bal=0.822 v_rec_bal=0.833 | lr=9.9e-05 | 4.5s
  Fold 5 | Ep   9/100 | t_loss=0.0897 t_acc=0.857 | v_win_bal=0.824 v_rec_bal=0.833 | lr=9.9e-05 | 4.6s
  Fold 5 | Ep  10/100 | t_loss=0.0830 t_acc=0.872 | v_win_bal=0.818 v_rec_bal=0.833 | lr=9.9e-05 | 4.5s
  Fold 5 | Ep  11/100 | t_loss=0.0783 t_acc=0.885 | v_win_bal=0.823 v_rec_bal=0.833 | lr=9.8e-05 | 4.7s
  Fold 5 | Ep  12/100 | t_loss=0.0707 t_acc=0.895 | v_win_bal=0.821 v_rec_bal=0.833 | lr=9.8e-05 | 4.5s
  Fold 5 | Ep  13/100 | t_loss=0.0658 t_acc=0.907 | v_win_bal=0.827 v_rec_bal=0.833 | lr=9.7e-05 | 4.5s
  Fold 5 | Ep  14/100 | t_loss=0.0637 t_acc=0.917 | v_win_bal=0.833 v_rec_bal=0.833 | lr=9.7e-05 | 4.5s
  Fold 5 | Ep  15/100 | t_loss=0.0562 t_acc=0.922 | v_win_bal=0.835 v_rec_bal=0.833 | lr=9.6e-05 | 4.5s
  Fold 5 | Ep  16/100 | t_loss=0.0589 t_acc=0.919 | v_win_bal=0.812 v_rec_bal=0.889 | lr=9.6e-05 | 4.5s
  Fold 5 | Ep  17/100 | t_loss=0.0509 t_acc=0.932 | v_win_bal=0.806 v_rec_bal=0.944 | lr=9.5e-05 | 4.7s
  Fold 5 | Ep  18/100 | t_loss=0.0452 t_acc=0.938 | v_win_bal=0.808 v_rec_bal=0.889 | lr=9.4e-05 | 4.5s
  Fold 5 | Ep  19/100 | t_loss=0.0477 t_acc=0.938 | v_win_bal=0.820 v_rec_bal=0.833 | lr=9.3e-05 | 4.5s
  Fold 5 | Ep  20/100 | t_loss=0.0435 t_acc=0.942 | v_win_bal=0.820 v_rec_bal=0.889 | lr=9.3e-05 | 4.5s
  Fold 5 | Ep  21/100 | t_loss=0.0395 t_acc=0.948 | v_win_bal=0.792 v_rec_bal=0.900 | lr=9.2e-05 | 4.6s
  Fold 5 | Ep  22/100 | t_loss=0.0362 t_acc=0.957 | v_win_bal=0.811 v_rec_bal=1.000 | lr=9.1e-05 | 4.8s
  Fold 5 | Ep  23/100 | t_loss=0.0381 t_acc=0.955 | v_win_bal=0.825 v_rec_bal=0.889 | lr=9.0e-05 | 4.6s
  Fold 5 | Ep  24/100 | t_loss=0.0413 t_acc=0.950 | v_win_bal=0.815 v_rec_bal=0.944 | lr=8.9e-05 | 4.5s
  Fold 5 | Ep  25/100 | t_loss=0.0342 t_acc=0.958 | v_win_bal=0.806 v_rec_bal=0.889 | lr=8.8e-05 | 4.6s
  Fold 5 | Ep  26/100 | t_loss=0.0348 t_acc=0.960 | v_win_bal=0.823 v_rec_bal=0.944 | lr=8.7e-05 | 4.8s
  Fold 5 | Ep  27/100 | t_loss=0.0318 t_acc=0.962 | v_win_bal=0.810 v_rec_bal=0.944 | lr=8.6e-05 | 4.7s
  Fold 5 | Ep  28/100 | t_loss=0.0300 t_acc=0.967 | v_win_bal=0.794 v_rec_bal=0.900 | lr=8.4e-05 | 4.6s
  Fold 5 | Ep  29/100 | t_loss=0.0288 t_acc=0.966 | v_win_bal=0.818 v_rec_bal=1.000 | lr=8.3e-05 | 4.9s
  Fold 5 | Ep  30/100 | t_loss=0.0302 t_acc=0.965 | v_win_bal=0.816 v_rec_bal=0.944 | lr=8.2e-05 | 4.7s
  Fold 5 | Ep  31/100 | t_loss=0.0260 t_acc=0.971 | v_win_bal=0.815 v_rec_bal=0.900 | lr=8.1e-05 | 4.6s
  Fold 5 | Ep  32/100 | t_loss=0.0253 t_acc=0.973 | v_win_bal=0.828 v_rec_bal=1.000 | lr=8.0e-05 | 4.6s
  Fold 5 | Ep  33/100 | t_loss=0.0291 t_acc=0.969 | v_win_bal=0.831 v_rec_bal=1.000 | lr=7.8e-05 | 4.6s
  Fold 5 | Ep  34/100 | t_loss=0.0252 t_acc=0.973 | v_win_bal=0.800 v_rec_bal=0.900 | lr=7.7e-05 | 4.6s
  Fold 5 | Ep  35/100 | t_loss=0.0256 t_acc=0.969 | v_win_bal=0.832 v_rec_bal=1.000 | lr=7.5e-05 | 4.6s
  Fold 5 | Ep  36/100 | t_loss=0.0246 t_acc=0.972 | v_win_bal=0.826 v_rec_bal=1.000 | lr=7.4e-05 | 4.6s
  Fold 5 | Ep  37/100 | t_loss=0.0201 t_acc=0.977 | v_win_bal=0.825 v_rec_bal=1.000 | lr=7.3e-05 | 4.7s
  Fold 5 | Ep  38/100 | t_loss=0.0233 t_acc=0.976 | v_win_bal=0.773 v_rec_bal=0.900 | lr=7.1e-05 | 4.6s
  Fold 5 | Ep  39/100 | t_loss=0.0194 t_acc=0.980 | v_win_bal=0.810 v_rec_bal=0.900 | lr=7.0e-05 | 4.6s
  Fold 5 | Ep  40/100 | t_loss=0.0222 t_acc=0.975 | v_win_bal=0.811 v_rec_bal=0.900 | lr=6.8e-05 | 4.6s
  Fold 5 | Ep  41/100 | t_loss=0.0203 t_acc=0.978 | v_win_bal=0.807 v_rec_bal=1.000 | lr=6.7e-05 | 4.6s
  Fold 5 | Ep  42/100 | t_loss=0.0212 t_acc=0.977 | v_win_bal=0.812 v_rec_bal=0.900 | lr=6.5e-05 | 4.6s
  Fold 5 | Ep  43/100 | t_loss=0.0173 t_acc=0.980 | v_win_bal=0.810 v_rec_bal=0.900 | lr=6.4e-05 | 4.6s
  Fold 5 | Ep  44/100 | t_loss=0.0190 t_acc=0.980 | v_win_bal=0.814 v_rec_bal=0.900 | lr=6.2e-05 | 4.9s
  Fold 5 | Ep  45/100 | t_loss=0.0187 t_acc=0.979 | v_win_bal=0.818 v_rec_bal=0.900 | lr=6.0e-05 | 4.7s
  Fold 5 | Ep  46/100 | t_loss=0.0161 t_acc=0.982 | v_win_bal=0.806 v_rec_bal=0.900 | lr=5.9e-05 | 4.6s
  Fold 5 | Ep  47/100 | t_loss=0.0191 t_acc=0.980 | v_win_bal=0.814 v_rec_bal=0.900 | lr=5.7e-05 | 4.9s
  Fold 5 | Ep  48/100 | t_loss=0.0169 t_acc=0.980 | v_win_bal=0.825 v_rec_bal=1.000 | lr=5.6e-05 | 4.8s
  Fold 5 | Ep  49/100 | t_loss=0.0144 t_acc=0.982 | v_win_bal=0.824 v_rec_bal=1.000 | lr=5.4e-05 | 4.6s
  Fold 5 | Ep  50/100 | t_loss=0.0181 t_acc=0.982 | v_win_bal=0.829 v_rec_bal=1.000 | lr=5.2e-05 | 4.6s
  Fold 5 | Ep  51/100 | t_loss=0.0161 t_acc=0.983 | v_win_bal=0.825 v_rec_bal=1.000 | lr=5.1e-05 | 4.6s
  Fold 5 | Ep  52/100 | t_loss=0.0146 t_acc=0.985 | v_win_bal=0.806 v_rec_bal=0.900 | lr=4.9e-05 | 4.7s
  Fold 5 | Ep  53/100 | t_loss=0.0163 t_acc=0.983 | v_win_bal=0.819 v_rec_bal=0.900 | lr=4.8e-05 | 4.8s
  Fold 5 | Ep  54/100 | t_loss=0.0154 t_acc=0.983 | v_win_bal=0.815 v_rec_bal=0.900 | lr=4.6e-05 | 4.7s
  Fold 5 | Ep  55/100 | t_loss=0.0164 t_acc=0.984 | v_win_bal=0.811 v_rec_bal=0.900 | lr=4.4e-05 | 5.0s
  Fold 5 | Ep  56/100 | t_loss=0.0139 t_acc=0.985 | v_win_bal=0.814 v_rec_bal=0.900 | lr=4.3e-05 | 4.6s
  Fold 5 | Ep  57/100 | t_loss=0.0148 t_acc=0.985 | v_win_bal=0.842 v_rec_bal=1.000 | lr=4.1e-05 | 4.6s
  Early stop at epoch 57
  -> Test (best @ epoch 22): acc=0.6667, bal_acc=0.6111

============================================================
Global Results (5-Fold, subject-level CV)
Mode: FT | Extractor: eegconformer | Loss: focal
============================================================
              acc: 0.5286
          bal_acc: 0.5046
               f1: 0.5407
            kappa: 0.0086
  Total predictions: 70 (should equal dataset size: 70)

Results saved to results/hp_sweep/20260409_main/eegconformer/eegconformer_dropout0.5_lr1e-4_s123/
