CMD: /raid/jupyter-linjimmy1003.md10/.conda/envs/stress/bin/python train_ft.py --extractor eegconformer --seed 42 --device cuda:4 --run-id hp_sweep/20260409_main/eegconformer/eegconformer_dropout0.5_lr1e-4_s42 --mode ft --folds 5 --epochs 100 --patience 20 --batch-size 32 --label subject-dass --loss focal --head-hidden 128 --csv data/comprehensive_labels.csv --weight-decay 0.05 --grad-clip 2.0 --warmup-epochs 3 --aug-overlap 0.75 --norm zscore --dropout 0.5 --lr 0.0001

/raid/jupyter-linjimmy1003.md10/.conda/envs/stress/lib/python3.11/site-packages/timm/models/layers/__init__.py:49: FutureWarning: Importing from timm.models.layers is deprecated, please import via timm.layers
  warnings.warn(f"Importing from {__name__} is deprecated, please import via timm.layers", FutureWarning)
/raid/jupyter-linjimmy1003.md10/.conda/envs/stress/lib/python3.11/site-packages/torch/nn/modules/transformer.py:379: UserWarning: enable_nested_tensor is True, but self.use_nested_tensor is False because encoder_layer.norm_first was True
  warnings.warn(
/raid/jupyter-linjimmy1003.md10/.conda/envs/stress/lib/python3.11/site-packages/torch/nn/modules/transformer.py:379: UserWarning: enable_nested_tensor is True, but self.use_nested_tensor is False because encoder_layer.norm_first was True
  warnings.warn(
Mode: FT | Extractor: eegconformer | Folds: 5
LR: 0.0001 | WD: 0.05 | Beta2: 0.999 | Grad clip: 2.0
Head: hidden=128, dropout=0.5 | Norm: zscore | Loss: focal
Full FT: encoder_lr_scale=0.1
Augmentation: 75% overlap for increase class

Results → results/hp_sweep/20260409_main/eegconformer/eegconformer_dropout0.5_lr1e-4_s42/
Dataset: 70 recordings loaded (14 increase, 56 normal)
Cache: 70 recordings ready (70 cached, 0 new)
Subject-DASS labels: increase=23 (5 subjects), normal=47

============================================================
Fold 1/5
============================================================
  Train:  43 samples, 10 subjects [2, 3, 5, 6, 7, 9, 11, 13, 17, 18], label_0=28, label_1=15
    Val:  13 samples,  3 subjects [4, 8, 10], label_0=10, label_1=3
   Test:  14 samples,  4 subjects [1, 12, 14, 16], label_0=9, label_1=5
  Building window datasets...
    WindowDataset: 6561 windows (class_0=2058, class_1=4503)
    WindowDataset: 900 windows (class_0=638, class_1=262)
    WindowDataset: 1463 windows (class_0=1146, class_1=317)
[EEG-Conformer] F=40 L=6 H=10 T=1000 tokens=61 -> embed_dim=2440 (169,080 params)
  Trainable parameters: 794,363
  Class weights: [1.59402334690094, 0.7285143136978149]
  Fold 1 | Ep   1/100 | t_loss=0.3274 t_acc=0.515 | v_win_bal=0.500 v_rec_bal=0.500 | lr=3.3e-05 | 6.7s
  Fold 1 | Ep   2/100 | t_loss=0.1867 t_acc=0.508 | v_win_bal=0.498 v_rec_bal=0.500 | lr=6.7e-05 | 4.5s
  Fold 1 | Ep   3/100 | t_loss=0.1754 t_acc=0.517 | v_win_bal=0.500 v_rec_bal=0.500 | lr=1.0e-04 | 4.4s
  Fold 1 | Ep   4/100 | t_loss=0.1741 t_acc=0.543 | v_win_bal=0.504 v_rec_bal=0.500 | lr=1.0e-04 | 4.6s
  Fold 1 | Ep   5/100 | t_loss=0.1735 t_acc=0.575 | v_win_bal=0.502 v_rec_bal=0.500 | lr=1.0e-04 | 4.4s
  Fold 1 | Ep   6/100 | t_loss=0.1725 t_acc=0.548 | v_win_bal=0.625 v_rec_bal=0.617 | lr=1.0e-04 | 4.4s
  Fold 1 | Ep   7/100 | t_loss=0.1661 t_acc=0.616 | v_win_bal=0.622 v_rec_bal=0.483 | lr=1.0e-04 | 4.3s
  Fold 1 | Ep   8/100 | t_loss=0.1404 t_acc=0.745 | v_win_bal=0.628 v_rec_bal=0.483 | lr=9.9e-05 | 4.3s
  Fold 1 | Ep   9/100 | t_loss=0.1183 t_acc=0.815 | v_win_bal=0.641 v_rec_bal=0.483 | lr=9.9e-05 | 4.3s
  Fold 1 | Ep  10/100 | t_loss=0.1045 t_acc=0.842 | v_win_bal=0.623 v_rec_bal=0.483 | lr=9.9e-05 | 4.3s
  Fold 1 | Ep  11/100 | t_loss=0.0917 t_acc=0.875 | v_win_bal=0.647 v_rec_bal=0.483 | lr=9.8e-05 | 4.3s
  Fold 1 | Ep  12/100 | t_loss=0.0837 t_acc=0.889 | v_win_bal=0.639 v_rec_bal=0.483 | lr=9.8e-05 | 4.4s
  Fold 1 | Ep  13/100 | t_loss=0.0800 t_acc=0.896 | v_win_bal=0.647 v_rec_bal=0.483 | lr=9.7e-05 | 4.4s
  Fold 1 | Ep  14/100 | t_loss=0.0783 t_acc=0.896 | v_win_bal=0.648 v_rec_bal=0.483 | lr=9.7e-05 | 4.5s
  Fold 1 | Ep  15/100 | t_loss=0.0722 t_acc=0.907 | v_win_bal=0.651 v_rec_bal=0.483 | lr=9.6e-05 | 4.4s
  Fold 1 | Ep  16/100 | t_loss=0.0653 t_acc=0.916 | v_win_bal=0.652 v_rec_bal=0.483 | lr=9.6e-05 | 4.4s
  Fold 1 | Ep  17/100 | t_loss=0.0662 t_acc=0.915 | v_win_bal=0.661 v_rec_bal=0.483 | lr=9.5e-05 | 4.4s
  Fold 1 | Ep  18/100 | t_loss=0.0576 t_acc=0.925 | v_win_bal=0.661 v_rec_bal=0.483 | lr=9.4e-05 | 4.4s
  Fold 1 | Ep  19/100 | t_loss=0.0612 t_acc=0.927 | v_win_bal=0.669 v_rec_bal=0.483 | lr=9.3e-05 | 4.6s
  Fold 1 | Ep  20/100 | t_loss=0.0567 t_acc=0.934 | v_win_bal=0.666 v_rec_bal=0.483 | lr=9.3e-05 | 4.5s
  Fold 1 | Ep  21/100 | t_loss=0.0521 t_acc=0.938 | v_win_bal=0.681 v_rec_bal=0.483 | lr=9.2e-05 | 4.4s
  Fold 1 | Ep  22/100 | t_loss=0.0506 t_acc=0.936 | v_win_bal=0.678 v_rec_bal=0.483 | lr=9.1e-05 | 4.6s
  Fold 1 | Ep  23/100 | t_loss=0.0460 t_acc=0.947 | v_win_bal=0.667 v_rec_bal=0.483 | lr=9.0e-05 | 4.6s
  Fold 1 | Ep  24/100 | t_loss=0.0470 t_acc=0.949 | v_win_bal=0.672 v_rec_bal=0.483 | lr=8.9e-05 | 4.6s
  Fold 1 | Ep  25/100 | t_loss=0.0440 t_acc=0.949 | v_win_bal=0.681 v_rec_bal=0.533 | lr=8.8e-05 | 4.5s
  Fold 1 | Ep  26/100 | t_loss=0.0462 t_acc=0.950 | v_win_bal=0.674 v_rec_bal=0.483 | lr=8.7e-05 | 4.4s
  Early stop at epoch 26
  -> Test (best @ epoch 6): acc=0.6429, bal_acc=0.5000

============================================================
Fold 2/5
============================================================
  Train:  43 samples, 10 subjects [3, 4, 6, 7, 11, 13, 14, 16, 17, 18], label_0=28, label_1=15
    Val:  14 samples,  4 subjects [1, 2, 9, 12], label_0=9, label_1=5
   Test:  13 samples,  3 subjects [5, 8, 10], label_0=10, label_1=3
  Building window datasets...
    WindowDataset: 6670 windows (class_0=2167, class_1=4503)
    WindowDataset: 1341 windows (class_0=1024, class_1=317)
    WindowDataset: 913 windows (class_0=651, class_1=262)
[EEG-Conformer] F=40 L=6 H=10 T=1000 tokens=61 -> embed_dim=2440 (169,080 params)
  Fold 2 | Ep   1/100 | t_loss=0.2894 t_acc=0.507 | v_win_bal=0.596 v_rec_bal=0.500 | lr=3.3e-05 | 4.8s
  Fold 2 | Ep   2/100 | t_loss=0.2031 t_acc=0.516 | v_win_bal=0.524 v_rec_bal=0.500 | lr=6.7e-05 | 4.7s
  Fold 2 | Ep   3/100 | t_loss=0.1700 t_acc=0.586 | v_win_bal=0.731 v_rec_bal=0.744 | lr=1.0e-04 | 4.8s
  Fold 2 | Ep   4/100 | t_loss=0.1492 t_acc=0.670 | v_win_bal=0.760 v_rec_bal=0.844 | lr=1.0e-04 | 4.8s
  Fold 2 | Ep   5/100 | t_loss=0.1336 t_acc=0.734 | v_win_bal=0.772 v_rec_bal=0.789 | lr=1.0e-04 | 4.9s
  Fold 2 | Ep   6/100 | t_loss=0.1180 t_acc=0.788 | v_win_bal=0.783 v_rec_bal=0.833 | lr=1.0e-04 | 5.0s
  Fold 2 | Ep   7/100 | t_loss=0.1056 t_acc=0.823 | v_win_bal=0.776 v_rec_bal=0.889 | lr=1.0e-04 | 4.8s
  Fold 2 | Ep   8/100 | t_loss=0.0957 t_acc=0.845 | v_win_bal=0.781 v_rec_bal=0.833 | lr=9.9e-05 | 4.9s
  Fold 2 | Ep   9/100 | t_loss=0.0899 t_acc=0.854 | v_win_bal=0.802 v_rec_bal=0.833 | lr=9.9e-05 | 4.8s
  Fold 2 | Ep  10/100 | t_loss=0.0797 t_acc=0.877 | v_win_bal=0.786 v_rec_bal=0.789 | lr=9.9e-05 | 4.8s
  Fold 2 | Ep  11/100 | t_loss=0.0799 t_acc=0.879 | v_win_bal=0.760 v_rec_bal=0.744 | lr=9.8e-05 | 5.0s
  Fold 2 | Ep  12/100 | t_loss=0.0715 t_acc=0.901 | v_win_bal=0.780 v_rec_bal=0.744 | lr=9.8e-05 | 4.7s
  Fold 2 | Ep  13/100 | t_loss=0.0676 t_acc=0.896 | v_win_bal=0.781 v_rec_bal=0.844 | lr=9.7e-05 | 4.9s
  Fold 2 | Ep  14/100 | t_loss=0.0642 t_acc=0.911 | v_win_bal=0.782 v_rec_bal=0.844 | lr=9.7e-05 | 4.9s
  Fold 2 | Ep  15/100 | t_loss=0.0603 t_acc=0.916 | v_win_bal=0.744 v_rec_bal=0.744 | lr=9.6e-05 | 4.7s
  Fold 2 | Ep  16/100 | t_loss=0.0582 t_acc=0.922 | v_win_bal=0.775 v_rec_bal=0.744 | lr=9.6e-05 | 4.8s
  Fold 2 | Ep  17/100 | t_loss=0.0529 t_acc=0.930 | v_win_bal=0.770 v_rec_bal=0.744 | lr=9.5e-05 | 4.7s
  Fold 2 | Ep  18/100 | t_loss=0.0511 t_acc=0.932 | v_win_bal=0.766 v_rec_bal=0.744 | lr=9.4e-05 | 4.6s
  Fold 2 | Ep  19/100 | t_loss=0.0541 t_acc=0.929 | v_win_bal=0.764 v_rec_bal=0.744 | lr=9.3e-05 | 4.8s
  Fold 2 | Ep  20/100 | t_loss=0.0475 t_acc=0.937 | v_win_bal=0.782 v_rec_bal=0.744 | lr=9.3e-05 | 4.6s
  Fold 2 | Ep  21/100 | t_loss=0.0450 t_acc=0.941 | v_win_bal=0.756 v_rec_bal=0.744 | lr=9.2e-05 | 4.6s
  Fold 2 | Ep  22/100 | t_loss=0.0400 t_acc=0.948 | v_win_bal=0.738 v_rec_bal=0.744 | lr=9.1e-05 | 4.8s
  Fold 2 | Ep  23/100 | t_loss=0.0414 t_acc=0.949 | v_win_bal=0.748 v_rec_bal=0.744 | lr=9.0e-05 | 4.7s
  Fold 2 | Ep  24/100 | t_loss=0.0372 t_acc=0.953 | v_win_bal=0.727 v_rec_bal=0.744 | lr=8.9e-05 | 4.7s
  Fold 2 | Ep  25/100 | t_loss=0.0374 t_acc=0.950 | v_win_bal=0.742 v_rec_bal=0.744 | lr=8.8e-05 | 4.7s
  Fold 2 | Ep  26/100 | t_loss=0.0410 t_acc=0.951 | v_win_bal=0.748 v_rec_bal=0.744 | lr=8.7e-05 | 4.8s
  Fold 2 | Ep  27/100 | t_loss=0.0369 t_acc=0.952 | v_win_bal=0.768 v_rec_bal=0.744 | lr=8.6e-05 | 4.8s
  Fold 2 | Ep  28/100 | t_loss=0.0325 t_acc=0.959 | v_win_bal=0.734 v_rec_bal=0.744 | lr=8.4e-05 | 4.7s
  Early stop at epoch 28
  -> Test (best @ epoch 7): acc=0.4615, bal_acc=0.6500

============================================================
Fold 3/5
============================================================
  Train:  40 samples, 10 subjects [4, 5, 8, 9, 10, 11, 13, 16, 17, 18], label_0=28, label_1=12
    Val:  14 samples,  4 subjects [1, 2, 12, 14], label_0=9, label_1=5
   Test:  16 samples,  3 subjects [3, 6, 7], label_0=10, label_1=6
  Building window datasets...
    WindowDataset: 6192 windows (class_0=2112, class_1=4080)
    WindowDataset: 1457 windows (class_0=1140, class_1=317)
    WindowDataset: 960 windows (class_0=590, class_1=370)/raid/jupyter-linjimmy1003.md10/.conda/envs/stress/lib/python3.11/site-packages/torch/nn/modules/transformer.py:379: UserWarning: enable_nested_tensor is True, but self.use_nested_tensor is False because encoder_layer.norm_first was True
  warnings.warn(
/raid/jupyter-linjimmy1003.md10/.conda/envs/stress/lib/python3.11/site-packages/torch/nn/modules/transformer.py:379: UserWarning: enable_nested_tensor is True, but self.use_nested_tensor is False because encoder_layer.norm_first was True
  warnings.warn(
/raid/jupyter-linjimmy1003.md10/.conda/envs/stress/lib/python3.11/site-packages/torch/nn/modules/transformer.py:379: UserWarning: enable_nested_tensor is True, but self.use_nested_tensor is False because encoder_layer.norm_first was True
  warnings.warn(

[EEG-Conformer] F=40 L=6 H=10 T=1000 tokens=61 -> embed_dim=2440 (169,080 params)
  Fold 3 | Ep   1/100 | t_loss=0.3271 t_acc=0.502 | v_win_bal=0.491 v_rec_bal=0.500 | lr=3.3e-05 | 4.4s
  Fold 3 | Ep   2/100 | t_loss=0.2014 t_acc=0.492 | v_win_bal=0.500 v_rec_bal=0.500 | lr=6.7e-05 | 4.6s
  Fold 3 | Ep   3/100 | t_loss=0.1748 t_acc=0.514 | v_win_bal=0.503 v_rec_bal=0.500 | lr=1.0e-04 | 4.6s
  Fold 3 | Ep   4/100 | t_loss=0.1648 t_acc=0.584 | v_win_bal=0.576 v_rec_bal=0.600 | lr=1.0e-04 | 4.6s
  Fold 3 | Ep   5/100 | t_loss=0.1430 t_acc=0.699 | v_win_bal=0.613 v_rec_bal=0.544 | lr=1.0e-04 | 4.6s
  Fold 3 | Ep   6/100 | t_loss=0.1225 t_acc=0.765 | v_win_bal=0.663 v_rec_bal=0.544 | lr=1.0e-04 | 4.5s
  Fold 3 | Ep   7/100 | t_loss=0.1103 t_acc=0.809 | v_win_bal=0.647 v_rec_bal=0.544 | lr=1.0e-04 | 4.5s
  Fold 3 | Ep   8/100 | t_loss=0.0992 t_acc=0.833 | v_win_bal=0.620 v_rec_bal=0.544 | lr=9.9e-05 | 4.7s
  Fold 3 | Ep   9/100 | t_loss=0.0951 t_acc=0.846 | v_win_bal=0.633 v_rec_bal=0.600 | lr=9.9e-05 | 4.5s
  Fold 3 | Ep  10/100 | t_loss=0.0842 t_acc=0.866 | v_win_bal=0.663 v_rec_bal=0.544 | lr=9.9e-05 | 4.7s
  Fold 3 | Ep  11/100 | t_loss=0.0739 t_acc=0.888 | v_win_bal=0.688 v_rec_bal=0.644 | lr=9.8e-05 | 4.5s
  Fold 3 | Ep  12/100 | t_loss=0.0734 t_acc=0.893 | v_win_bal=0.660 v_rec_bal=0.644 | lr=9.8e-05 | 4.4s
  Fold 3 | Ep  13/100 | t_loss=0.0687 t_acc=0.905 | v_win_bal=0.753 v_rec_bal=0.644 | lr=9.7e-05 | 4.6s
  Fold 3 | Ep  14/100 | t_loss=0.0623 t_acc=0.915 | v_win_bal=0.723 v_rec_bal=0.644 | lr=9.7e-05 | 4.5s
  Fold 3 | Ep  15/100 | t_loss=0.0609 t_acc=0.914 | v_win_bal=0.744 v_rec_bal=0.744 | lr=9.6e-05 | 4.5s
  Fold 3 | Ep  16/100 | t_loss=0.0507 t_acc=0.933 | v_win_bal=0.755 v_rec_bal=0.644 | lr=9.6e-05 | 4.5s
  Fold 3 | Ep  17/100 | t_loss=0.0450 t_acc=0.938 | v_win_bal=0.729 v_rec_bal=0.644 | lr=9.5e-05 | 4.4s
  Fold 3 | Ep  18/100 | t_loss=0.0496 t_acc=0.936 | v_win_bal=0.777 v_rec_bal=0.844 | lr=9.4e-05 | 4.7s
  Fold 3 | Ep  19/100 | t_loss=0.0453 t_acc=0.946 | v_win_bal=0.762 v_rec_bal=0.744 | lr=9.3e-05 | 4.4s
  Fold 3 | Ep  20/100 | t_loss=0.0428 t_acc=0.949 | v_win_bal=0.763 v_rec_bal=0.744 | lr=9.3e-05 | 4.8s
  Fold 3 | Ep  21/100 | t_loss=0.0407 t_acc=0.952 | v_win_bal=0.774 v_rec_bal=0.744 | lr=9.2e-05 | 4.6s
  Fold 3 | Ep  22/100 | t_loss=0.0357 t_acc=0.955 | v_win_bal=0.765 v_rec_bal=0.644 | lr=9.1e-05 | 4.5s
  Fold 3 | Ep  23/100 | t_loss=0.0379 t_acc=0.958 | v_win_bal=0.758 v_rec_bal=0.744 | lr=9.0e-05 | 4.5s
  Fold 3 | Ep  24/100 | t_loss=0.0338 t_acc=0.959 | v_win_bal=0.776 v_rec_bal=0.744 | lr=8.9e-05 | 4.5s
  Fold 3 | Ep  25/100 | t_loss=0.0320 t_acc=0.964 | v_win_bal=0.793 v_rec_bal=0.744 | lr=8.8e-05 | 4.5s
  Fold 3 | Ep  26/100 | t_loss=0.0353 t_acc=0.964 | v_win_bal=0.766 v_rec_bal=0.744 | lr=8.7e-05 | 4.4s
  Fold 3 | Ep  27/100 | t_loss=0.0317 t_acc=0.966 | v_win_bal=0.779 v_rec_bal=0.744 | lr=8.6e-05 | 4.4s
  Fold 3 | Ep  28/100 | t_loss=0.0316 t_acc=0.968 | v_win_bal=0.769 v_rec_bal=0.744 | lr=8.4e-05 | 4.7s
  Fold 3 | Ep  29/100 | t_loss=0.0280 t_acc=0.967 | v_win_bal=0.799 v_rec_bal=0.744 | lr=8.3e-05 | 4.4s
  Fold 3 | Ep  30/100 | t_loss=0.0305 t_acc=0.970 | v_win_bal=0.766 v_rec_bal=0.744 | lr=8.2e-05 | 4.4s
  Fold 3 | Ep  31/100 | t_loss=0.0255 t_acc=0.973 | v_win_bal=0.791 v_rec_bal=0.744 | lr=8.1e-05 | 4.4s
  Fold 3 | Ep  32/100 | t_loss=0.0227 t_acc=0.975 | v_win_bal=0.765 v_rec_bal=0.744 | lr=8.0e-05 | 4.4s
  Fold 3 | Ep  33/100 | t_loss=0.0317 t_acc=0.969 | v_win_bal=0.774 v_rec_bal=0.744 | lr=7.8e-05 | 4.6s
  Fold 3 | Ep  34/100 | t_loss=0.0196 t_acc=0.981 | v_win_bal=0.783 v_rec_bal=0.744 | lr=7.7e-05 | 4.4s
  Fold 3 | Ep  35/100 | t_loss=0.0238 t_acc=0.977 | v_win_bal=0.809 v_rec_bal=0.844 | lr=7.5e-05 | 4.3s
  Fold 3 | Ep  36/100 | t_loss=0.0255 t_acc=0.975 | v_win_bal=0.748 v_rec_bal=0.744 | lr=7.4e-05 | 4.3s
  Fold 3 | Ep  37/100 | t_loss=0.0229 t_acc=0.973 | v_win_bal=0.760 v_rec_bal=0.744 | lr=7.3e-05 | 4.5s
  Fold 3 | Ep  38/100 | t_loss=0.0224 t_acc=0.978 | v_win_bal=0.751 v_rec_bal=0.744 | lr=7.1e-05 | 4.5s
  Fold 3 | Ep  39/100 | t_loss=0.0230 t_acc=0.976 | v_win_bal=0.764 v_rec_bal=0.744 | lr=7.0e-05 | 4.4s
  Fold 3 | Ep  40/100 | t_loss=0.0199 t_acc=0.981 | v_win_bal=0.798 v_rec_bal=0.844 | lr=6.8e-05 | 4.4s
  Early stop at epoch 40
  -> Test (best @ epoch 18): acc=0.6250, bal_acc=0.5333

============================================================
Fold 4/5
============================================================
  Train:  39 samples, 11 subjects [1, 2, 4, 5, 8, 9, 10, 12, 14, 16, 17], label_0=28, label_1=11
    Val:  16 samples,  3 subjects [3, 6, 7], label_0=10, label_1=6
   Test:  15 samples,  3 subjects [11, 13, 18], label_0=9, label_1=6
  Building window datasets...
    WindowDataset: 5488 windows (class_0=2461, class_1=3027)
    WindowDataset: 960 windows (class_0=590, class_1=370)
    WindowDataset: 1372 windows (class_0=791, class_1=581)
[EEG-Conformer] F=40 L=6 H=10 T=1000 tokens=61 -> embed_dim=2440 (169,080 params)
  Fold 4 | Ep   1/100 | t_loss=0.3504 t_acc=0.503 | v_win_bal=0.700 v_rec_bal=0.700 | lr=3.3e-05 | 3.9s
  Fold 4 | Ep   2/100 | t_loss=0.1952 t_acc=0.529 | v_win_bal=0.746 v_rec_bal=0.917 | lr=6.7e-05 | 3.9s
  Fold 4 | Ep   3/100 | t_loss=0.1596 t_acc=0.627 | v_win_bal=0.670 v_rec_bal=0.717 | lr=1.0e-04 | 3.9s
  Fold 4 | Ep   4/100 | t_loss=0.1260 t_acc=0.763 | v_win_bal=0.472 v_rec_bal=0.300 | lr=1.0e-04 | 3.9s
  Fold 4 | Ep   5/100 | t_loss=0.0992 t_acc=0.832 | v_win_bal=0.435 v_rec_bal=0.333 | lr=1.0e-04 | 3.8s
  Fold 4 | Ep   6/100 | t_loss=0.0892 t_acc=0.861 | v_win_bal=0.443 v_rec_bal=0.500 | lr=1.0e-04 | 3.8s
  Fold 4 | Ep   7/100 | t_loss=0.0747 t_acc=0.887 | v_win_bal=0.430 v_rec_bal=0.383 | lr=1.0e-04 | 3.7s
  Fold 4 | Ep   8/100 | t_loss=0.0687 t_acc=0.899 | v_win_bal=0.412 v_rec_bal=0.383 | lr=9.9e-05 | 3.7s
  Fold 4 | Ep   9/100 | t_loss=0.0597 t_acc=0.914 | v_win_bal=0.403 v_rec_bal=0.300 | lr=9.9e-05 | 3.7s
  Fold 4 | Ep  10/100 | t_loss=0.0620 t_acc=0.915 | v_win_bal=0.412 v_rec_bal=0.333 | lr=9.9e-05 | 3.7s
  Fold 4 | Ep  11/100 | t_loss=0.0517 t_acc=0.926 | v_win_bal=0.394 v_rec_bal=0.300 | lr=9.8e-05 | 3.8s
  Fold 4 | Ep  12/100 | t_loss=0.0528 t_acc=0.927 | v_win_bal=0.380 v_rec_bal=0.300 | lr=9.8e-05 | 3.7s
  Fold 4 | Ep  13/100 | t_loss=0.0423 t_acc=0.944 | v_win_bal=0.411 v_rec_bal=0.300 | lr=9.7e-05 | 3.8s
  Fold 4 | Ep  14/100 | t_loss=0.0428 t_acc=0.941 | v_win_bal=0.384 v_rec_bal=0.300 | lr=9.7e-05 | 4.0s
  Fold 4 | Ep  15/100 | t_loss=0.0392 t_acc=0.952 | v_win_bal=0.382 v_rec_bal=0.300 | lr=9.6e-05 | 3.8s
  Fold 4 | Ep  16/100 | t_loss=0.0389 t_acc=0.956 | v_win_bal=0.405 v_rec_bal=0.300 | lr=9.6e-05 | 3.8s
  Fold 4 | Ep  17/100 | t_loss=0.0333 t_acc=0.956 | v_win_bal=0.368 v_rec_bal=0.300 | lr=9.5e-05 | 3.8s
  Fold 4 | Ep  18/100 | t_loss=0.0350 t_acc=0.957 | v_win_bal=0.365 v_rec_bal=0.300 | lr=9.4e-05 | 3.7s
  Fold 4 | Ep  19/100 | t_loss=0.0322 t_acc=0.962 | v_win_bal=0.361 v_rec_bal=0.300 | lr=9.3e-05 | 4.0s
  Fold 4 | Ep  20/100 | t_loss=0.0318 t_acc=0.960 | v_win_bal=0.359 v_rec_bal=0.300 | lr=9.3e-05 | 3.7s
  Fold 4 | Ep  21/100 | t_loss=0.0304 t_acc=0.964 | v_win_bal=0.374 v_rec_bal=0.300 | lr=9.2e-05 | 3.8s
  Fold 4 | Ep  22/100 | t_loss=0.0282 t_acc=0.967 | v_win_bal=0.374 v_rec_bal=0.300 | lr=9.1e-05 | 3.7s
  Early stop at epoch 22
  -> Test (best @ epoch 2): acc=0.6000, bal_acc=0.5000

============================================================
Fold 5/5
============================================================
  Train:  44 samples,  9 subjects [3, 5, 6, 7, 8, 10, 11, 13, 18], label_0=29, label_1=15
    Val:  14 samples,  4 subjects [1, 12, 14, 16], label_0=9, label_1=5
   Test:  12 samples,  4 subjects [2, 4, 9, 17], label_0=9, label_1=3
  Building window datasets...
    WindowDataset: 6839 windows (class_0=2032, class_1=4807)
    WindowDataset: 1463 windows (class_0=1146, class_1=317)
    WindowDataset: 850 windows (class_0=664, class_1=186)
[EEG-Conformer] F=40 L=6 H=10 T=1000 tokens=61 -> embed_dim=2440 (169,080 params)
  Fold 5 | Ep   1/100 | t_loss=0.3342 t_acc=0.502 | v_win_bal=0.526 v_rec_bal=0.444 | lr=3.3e-05 | 4.9s
  Fold 5 | Ep   2/100 | t_loss=0.1926 t_acc=0.549 | v_win_bal=0.503 v_rec_bal=0.500 | lr=6.7e-05 | 4.8s
  Fold 5 | Ep   3/100 | t_loss=0.1540 t_acc=0.693 | v_win_bal=0.711 v_rec_bal=0.567 | lr=1.0e-04 | 4.8s
  Fold 5 | Ep   4/100 | t_loss=0.1277 t_acc=0.784 | v_win_bal=0.779 v_rec_bal=0.789 | lr=1.0e-04 | 4.9s
  Fold 5 | Ep   5/100 | t_loss=0.1079 t_acc=0.821 | v_win_bal=0.794 v_rec_bal=0.778 | lr=1.0e-04 | 5.1s
  Fold 5 | Ep   6/100 | t_loss=0.0952 t_acc=0.845 | v_win_bal=0.807 v_rec_bal=0.778 | lr=1.0e-04 | 5.1s
  Fold 5 | Ep   7/100 | t_loss=0.0794 t_acc=0.873 | v_win_bal=0.819 v_rec_bal=0.889 | lr=1.0e-04 | 4.9s
  Fold 5 | Ep   8/100 | t_loss=0.0727 t_acc=0.889 | v_win_bal=0.826 v_rec_bal=0.889 | lr=9.9e-05 | 5.1s
  Fold 5 | Ep   9/100 | t_loss=0.0675 t_acc=0.904 | v_win_bal=0.826 v_rec_bal=0.889 | lr=9.9e-05 | 4.9s
  Fold 5 | Ep  10/100 | t_loss=0.0599 t_acc=0.912 | v_win_bal=0.834 v_rec_bal=0.889 | lr=9.9e-05 | 4.9s
  Fold 5 | Ep  11/100 | t_loss=0.0602 t_acc=0.922 | v_win_bal=0.849 v_rec_bal=0.889 | lr=9.8e-05 | 4.9s
  Fold 5 | Ep  12/100 | t_loss=0.0523 t_acc=0.932 | v_win_bal=0.851 v_rec_bal=0.889 | lr=9.8e-05 | 4.9s
  Fold 5 | Ep  13/100 | t_loss=0.0478 t_acc=0.932 | v_win_bal=0.851 v_rec_bal=0.889 | lr=9.7e-05 | 5.0s
  Fold 5 | Ep  14/100 | t_loss=0.0463 t_acc=0.942 | v_win_bal=0.851 v_rec_bal=0.889 | lr=9.7e-05 | 5.0s
  Fold 5 | Ep  15/100 | t_loss=0.0453 t_acc=0.940 | v_win_bal=0.855 v_rec_bal=0.889 | lr=9.6e-05 | 5.2s
  Fold 5 | Ep  16/100 | t_loss=0.0459 t_acc=0.944 | v_win_bal=0.846 v_rec_bal=0.889 | lr=9.6e-05 | 5.0s
  Fold 5 | Ep  17/100 | t_loss=0.0372 t_acc=0.952 | v_win_bal=0.855 v_rec_bal=0.889 | lr=9.5e-05 | 5.0s
  Fold 5 | Ep  18/100 | t_loss=0.0384 t_acc=0.955 | v_win_bal=0.867 v_rec_bal=0.889 | lr=9.4e-05 | 5.1s
  Fold 5 | Ep  19/100 | t_loss=0.0368 t_acc=0.955 | v_win_bal=0.861 v_rec_bal=0.889 | lr=9.3e-05 | 5.1s
  Fold 5 | Ep  20/100 | t_loss=0.0384 t_acc=0.953 | v_win_bal=0.863 v_rec_bal=0.889 | lr=9.3e-05 | 5.3s
  Fold 5 | Ep  21/100 | t_loss=0.0333 t_acc=0.963 | v_win_bal=0.852 v_rec_bal=0.889 | lr=9.2e-05 | 5.0s
  Fold 5 | Ep  22/100 | t_loss=0.0346 t_acc=0.959 | v_win_bal=0.858 v_rec_bal=0.889 | lr=9.1e-05 | 4.9s
  Fold 5 | Ep  23/100 | t_loss=0.0291 t_acc=0.968 | v_win_bal=0.867 v_rec_bal=0.889 | lr=9.0e-05 | 4.9s
  Fold 5 | Ep  24/100 | t_loss=0.0270 t_acc=0.968 | v_win_bal=0.857 v_rec_bal=0.889 | lr=8.9e-05 | 4.9s
  Fold 5 | Ep  25/100 | t_loss=0.0278 t_acc=0.969 | v_win_bal=0.859 v_rec_bal=0.889 | lr=8.8e-05 | 5.1s
  Fold 5 | Ep  26/100 | t_loss=0.0297 t_acc=0.968 | v_win_bal=0.858 v_rec_bal=0.889 | lr=8.7e-05 | 4.8s
  Fold 5 | Ep  27/100 | t_loss=0.0267 t_acc=0.969 | v_win_bal=0.856 v_rec_bal=0.889 | lr=8.6e-05 | 4.9s
  Fold 5 | Ep  28/100 | t_loss=0.0260 t_acc=0.972 | v_win_bal=0.864 v_rec_bal=0.889 | lr=8.4e-05 | 5.1s
  Fold 5 | Ep  29/100 | t_loss=0.0259 t_acc=0.972 | v_win_bal=0.871 v_rec_bal=0.889 | lr=8.3e-05 | 4.9s
  Early stop at epoch 29
  -> Test (best @ epoch 7): acc=0.0833, bal_acc=0.0556

============================================================
Global Results (5-Fold, subject-level CV)
Mode: FT | Extractor: eegconformer | Loss: focal
============================================================
              acc: 0.5000
          bal_acc: 0.4167
               f1: 0.4903
            kappa: -0.1722
  Total predictions: 70 (should equal dataset size: 70)

Results saved to results/hp_sweep/20260409_main/eegconformer/eegconformer_dropout0.5_lr1e-4_s42/
