CMD: /raid/jupyter-linjimmy1003.md10/.conda/envs/stress/bin/python train_ft.py --extractor eegconformer --seed 2024 --device cuda:5 --run-id hp_sweep/20260409_main/eegconformer/eegconformer_dropout0.5_lr1e-4_s2024 --mode ft --folds 5 --epochs 100 --patience 20 --batch-size 32 --label subject-dass --loss focal --head-hidden 128 --csv data/comprehensive_labels.csv --weight-decay 0.05 --grad-clip 2.0 --warmup-epochs 3 --aug-overlap 0.75 --norm zscore --dropout 0.5 --lr 0.0001

/raid/jupyter-linjimmy1003.md10/.conda/envs/stress/lib/python3.11/site-packages/timm/models/layers/__init__.py:49: FutureWarning: Importing from timm.models.layers is deprecated, please import via timm.layers
  warnings.warn(f"Importing from {__name__} is deprecated, please import via timm.layers", FutureWarning)
/raid/jupyter-linjimmy1003.md10/.conda/envs/stress/lib/python3.11/site-packages/torch/nn/modules/transformer.py:379: UserWarning: enable_nested_tensor is True, but self.use_nested_tensor is False because encoder_layer.norm_first was True
  warnings.warn(
/raid/jupyter-linjimmy1003.md10/.conda/envs/stress/lib/python3.11/site-packages/torch/nn/modules/transformer.py:379: UserWarning: enable_nested_tensor is True, but self.use_nested_tensor is False because encoder_layer.norm_first was True
  warnings.warn(
/raid/jupyter-linjimmy1003.md10/.conda/envs/stress/lib/python3.11/site-packages/torch/nn/modules/transformer.py:379: UserWarning: enable_nested_tensor is True, but self.use_nested_tensor is False because encoder_layer.norm_first was True
  warnings.warn(
Mode: FT | Extractor: eegconformer | Folds: 5
LR: 0.0001 | WD: 0.05 | Beta2: 0.999 | Grad clip: 2.0
Head: hidden=128, dropout=0.5 | Norm: zscore | Loss: focal
Full FT: encoder_lr_scale=0.1
Augmentation: 75% overlap for increase class

Results → results/hp_sweep/20260409_main/eegconformer/eegconformer_dropout0.5_lr1e-4_s2024/
Dataset: 70 recordings loaded (14 increase, 56 normal)
Cache: 70 recordings ready (70 cached, 0 new)
Subject-DASS labels: increase=23 (5 subjects), normal=47

============================================================
Fold 1/5
============================================================
  Train:  43 samples, 10 subjects [2, 3, 6, 7, 8, 10, 11, 12, 13, 14], label_0=28, label_1=15
    Val:  13 samples,  3 subjects [5, 17, 18], label_0=10, label_1=3
   Test:  14 samples,  4 subjects [1, 4, 9, 16], label_0=9, label_1=5
  Building window datasets...
    WindowDataset: 7346 windows (class_0=2539, class_1=4807)
    WindowDataset: 819 windows (class_0=633, class_1=186)
    WindowDataset: 987 windows (class_0=670, class_1=317)
[EEG-Conformer] F=40 L=6 H=10 T=1000 tokens=61 -> embed_dim=2440 (169,080 params)
  Trainable parameters: 794,363
  Class weights: [1.4466325044631958, 0.7640940546989441]
  Fold 1 | Ep   1/100 | t_loss=0.3700 t_acc=0.505 | v_win_bal=0.495 v_rec_bal=0.500 | lr=3.3e-05 | 7.0s
  Fold 1 | Ep   2/100 | t_loss=0.1827 t_acc=0.538 | v_win_bal=0.244 v_rec_bal=0.200 | lr=6.7e-05 | 4.9s
  Fold 1 | Ep   3/100 | t_loss=0.1223 t_acc=0.774 | v_win_bal=0.186 v_rec_bal=0.150 | lr=1.0e-04 | 4.9s
  Fold 1 | Ep   4/100 | t_loss=0.0945 t_acc=0.859 | v_win_bal=0.186 v_rec_bal=0.150 | lr=1.0e-04 | 4.8s
  Fold 1 | Ep   5/100 | t_loss=0.0797 t_acc=0.889 | v_win_bal=0.216 v_rec_bal=0.200 | lr=1.0e-04 | 5.0s
  Fold 1 | Ep   6/100 | t_loss=0.0695 t_acc=0.906 | v_win_bal=0.204 v_rec_bal=0.200 | lr=1.0e-04 | 4.9s
  Fold 1 | Ep   7/100 | t_loss=0.0640 t_acc=0.911 | v_win_bal=0.215 v_rec_bal=0.200 | lr=1.0e-04 | 4.8s
  Fold 1 | Ep   8/100 | t_loss=0.0551 t_acc=0.923 | v_win_bal=0.231 v_rec_bal=0.200 | lr=9.9e-05 | 4.9s
  Fold 1 | Ep   9/100 | t_loss=0.0546 t_acc=0.930 | v_win_bal=0.252 v_rec_bal=0.200 | lr=9.9e-05 | 4.8s
  Fold 1 | Ep  10/100 | t_loss=0.0455 t_acc=0.941 | v_win_bal=0.272 v_rec_bal=0.250 | lr=9.9e-05 | 4.8s
  Fold 1 | Ep  11/100 | t_loss=0.0423 t_acc=0.941 | v_win_bal=0.268 v_rec_bal=0.250 | lr=9.8e-05 | 5.0s
  Fold 1 | Ep  12/100 | t_loss=0.0393 t_acc=0.948 | v_win_bal=0.299 v_rec_bal=0.250 | lr=9.8e-05 | 5.0s
  Fold 1 | Ep  13/100 | t_loss=0.0350 t_acc=0.954 | v_win_bal=0.276 v_rec_bal=0.250 | lr=9.7e-05 | 4.8s
  Fold 1 | Ep  14/100 | t_loss=0.0383 t_acc=0.953 | v_win_bal=0.304 v_rec_bal=0.250 | lr=9.7e-05 | 4.8s
  Fold 1 | Ep  15/100 | t_loss=0.0332 t_acc=0.959 | v_win_bal=0.286 v_rec_bal=0.300 | lr=9.6e-05 | 4.8s
  Fold 1 | Ep  16/100 | t_loss=0.0329 t_acc=0.960 | v_win_bal=0.329 v_rec_bal=0.367 | lr=9.6e-05 | 4.8s
  Fold 1 | Ep  17/100 | t_loss=0.0285 t_acc=0.963 | v_win_bal=0.299 v_rec_bal=0.300 | lr=9.5e-05 | 4.9s
  Fold 1 | Ep  18/100 | t_loss=0.0274 t_acc=0.968 | v_win_bal=0.328 v_rec_bal=0.250 | lr=9.4e-05 | 4.9s
  Fold 1 | Ep  19/100 | t_loss=0.0304 t_acc=0.965 | v_win_bal=0.318 v_rec_bal=0.300 | lr=9.3e-05 | 4.8s
  Fold 1 | Ep  20/100 | t_loss=0.0270 t_acc=0.972 | v_win_bal=0.323 v_rec_bal=0.300 | lr=9.3e-05 | 4.7s
  Fold 1 | Ep  21/100 | t_loss=0.0244 t_acc=0.972 | v_win_bal=0.347 v_rec_bal=0.300 | lr=9.2e-05 | 4.8s
  Early stop at epoch 21
  -> Test (best @ epoch 1): acc=0.6429, bal_acc=0.5000

============================================================
Fold 2/5
============================================================
  Train:  41 samples, 11 subjects [1, 2, 4, 9, 11, 12, 13, 14, 16, 17, 18], label_0=27, label_1=14
    Val:  16 samples,  3 subjects [3, 6, 7], label_0=10, label_1=6
   Test:  13 samples,  3 subjects [5, 8, 10], label_0=10, label_1=3
  Building window datasets...
    WindowDataset: 6895 windows (class_0=2601, class_1=4294)
    WindowDataset: 960 windows (class_0=590, class_1=370)
    WindowDataset: 913 windows (class_0=651, class_1=262)
[EEG-Conformer] F=40 L=6 H=10 T=1000 tokens=61 -> embed_dim=2440 (169,080 params)
  Fold 2 | Ep   1/100 | t_loss=0.3115 t_acc=0.524 | v_win_bal=0.500 v_rec_bal=0.500 | lr=3.3e-05 | 4.6s
  Fold 2 | Ep   2/100 | t_loss=0.1914 t_acc=0.524 | v_win_bal=0.591 v_rec_bal=0.500 | lr=6.7e-05 | 4.7s
  Fold 2 | Ep   3/100 | t_loss=0.1637 t_acc=0.613 | v_win_bal=0.722 v_rec_bal=0.750 | lr=1.0e-04 | 4.8s
  Fold 2 | Ep   4/100 | t_loss=0.1367 t_acc=0.724 | v_win_bal=0.624 v_rec_bal=0.683 | lr=1.0e-04 | 4.6s
  Fold 2 | Ep   5/100 | t_loss=0.1143 t_acc=0.795 | v_win_bal=0.591 v_rec_bal=0.617 | lr=1.0e-04 | 4.7s
  Fold 2 | Ep   6/100 | t_loss=0.0971 t_acc=0.837 | v_win_bal=0.583 v_rec_bal=0.533 | lr=1.0e-04 | 4.7s
  Fold 2 | Ep   7/100 | t_loss=0.0883 t_acc=0.858 | v_win_bal=0.553 v_rec_bal=0.533 | lr=1.0e-04 | 4.7s
  Fold 2 | Ep   8/100 | t_loss=0.0794 t_acc=0.873 | v_win_bal=0.553 v_rec_bal=0.533 | lr=9.9e-05 | 4.7s
  Fold 2 | Ep   9/100 | t_loss=0.0725 t_acc=0.895 | v_win_bal=0.554 v_rec_bal=0.483 | lr=9.9e-05 | 4.6s
  Fold 2 | Ep  10/100 | t_loss=0.0626 t_acc=0.909 | v_win_bal=0.541 v_rec_bal=0.533 | lr=9.9e-05 | 4.7s
  Fold 2 | Ep  11/100 | t_loss=0.0619 t_acc=0.909 | v_win_bal=0.566 v_rec_bal=0.583 | lr=9.8e-05 | 4.7s
  Fold 2 | Ep  12/100 | t_loss=0.0565 t_acc=0.919 | v_win_bal=0.557 v_rec_bal=0.583 | lr=9.8e-05 | 4.6s
  Fold 2 | Ep  13/100 | t_loss=0.0534 t_acc=0.931 | v_win_bal=0.537 v_rec_bal=0.583 | lr=9.7e-05 | 4.6s
  Fold 2 | Ep  14/100 | t_loss=0.0465 t_acc=0.936 | v_win_bal=0.542 v_rec_bal=0.583 | lr=9.7e-05 | 4.6s
  Fold 2 | Ep  15/100 | t_loss=0.0433 t_acc=0.941 | v_win_bal=0.533 v_rec_bal=0.533 | lr=9.6e-05 | 4.7s
  Fold 2 | Ep  16/100 | t_loss=0.0413 t_acc=0.943 | v_win_bal=0.527 v_rec_bal=0.583 | lr=9.6e-05 | 4.6s
  Fold 2 | Ep  17/100 | t_loss=0.0402 t_acc=0.948 | v_win_bal=0.530 v_rec_bal=0.583 | lr=9.5e-05 | 4.7s
  Fold 2 | Ep  18/100 | t_loss=0.0360 t_acc=0.954 | v_win_bal=0.542 v_rec_bal=0.583 | lr=9.4e-05 | 4.8s
  Fold 2 | Ep  19/100 | t_loss=0.0381 t_acc=0.950 | v_win_bal=0.516 v_rec_bal=0.533 | lr=9.3e-05 | 4.8s
  Fold 2 | Ep  20/100 | t_loss=0.0374 t_acc=0.951 | v_win_bal=0.524 v_rec_bal=0.583 | lr=9.3e-05 | 4.7s
  Fold 2 | Ep  21/100 | t_loss=0.0354 t_acc=0.958 | v_win_bal=0.522 v_rec_bal=0.483 | lr=9.2e-05 | 4.6s
  Fold 2 | Ep  22/100 | t_loss=0.0320 t_acc=0.961 | v_win_bal=0.522 v_rec_bal=0.533 | lr=9.1e-05 | 4.7s
  Fold 2 | Ep  23/100 | t_loss=0.0303 t_acc=0.963 | v_win_bal=0.527 v_rec_bal=0.583 | lr=9.0e-05 | 4.6s
  Fold 2 | Ep  24/100 | t_loss=0.0306 t_acc=0.966 | v_win_bal=0.520 v_rec_bal=0.583 | lr=8.9e-05 | 4.6s
  Fold 2 | Ep  25/100 | t_loss=0.0252 t_acc=0.972 | v_win_bal=0.517 v_rec_bal=0.583 | lr=8.8e-05 | 4.6s
  Early stop at epoch 25
  -> Test (best @ epoch 3): acc=0.4615, bal_acc=0.4167

============================================================
Fold 3/5
============================================================
  Train:  40 samples, 10 subjects [2, 5, 6, 8, 9, 10, 11, 12, 17, 18], label_0=28, label_1=12
    Val:  14 samples,  4 subjects [1, 4, 14, 16], label_0=9, label_1=5
   Test:  16 samples,  3 subjects [3, 7, 13], label_0=10, label_1=6
  Building window datasets...
    WindowDataset: 6302 windows (class_0=2222, class_1=4080)
    WindowDataset: 1103 windows (class_0=786, class_1=317)
    WindowDataset: 1204 windows (class_0=834, class_1=370)
[EEG-Conformer] F=40 L=6 H=10 T=1000 tokens=61 -> embed_dim=2440 (169,080 params)
  Fold 3 | Ep   1/100 | t_loss=0.3246 t_acc=0.517 | v_win_bal=0.543 v_rec_bal=0.500 | lr=3.3e-05 | 4.4s
  Fold 3 | Ep   2/100 | t_loss=0.2062 t_acc=0.528 | v_win_bal=0.492 v_rec_bal=0.467 | lr=6.7e-05 | 4.6s
  Fold 3 | Ep   3/100 | t_loss=0.1696 t_acc=0.589 | v_win_bal=0.549 v_rec_bal=0.511 | lr=1.0e-04 | 4.4s
  Fold 3 | Ep   4/100 | t_loss=0.1440 t_acc=0.704 | v_win_bal=0.576 v_rec_bal=0.611 | lr=1.0e-04 | 4.3s
  Fold 3 | Ep   5/100 | t_loss=0.1201 t_acc=0.788 | v_win_bal=0.578 v_rec_bal=0.500 | lr=1.0e-04 | 4.4s
  Fold 3 | Ep   6/100 | t_loss=0.1056 t_acc=0.826 | v_win_bal=0.621 v_rec_bal=0.611 | lr=1.0e-04 | 4.5s
  Fold 3 | Ep   7/100 | t_loss=0.0970 t_acc=0.846 | v_win_bal=0.638 v_rec_bal=0.667 | lr=1.0e-04 | 4.4s/raid/jupyter-linjimmy1003.md10/.conda/envs/stress/lib/python3.11/site-packages/torch/nn/modules/transformer.py:379: UserWarning: enable_nested_tensor is True, but self.use_nested_tensor is False because encoder_layer.norm_first was True
  warnings.warn(

  Fold 3 | Ep   8/100 | t_loss=0.0863 t_acc=0.865 | v_win_bal=0.638 v_rec_bal=0.667 | lr=9.9e-05 | 4.3s
  Fold 3 | Ep   9/100 | t_loss=0.0842 t_acc=0.870 | v_win_bal=0.641 v_rec_bal=0.611 | lr=9.9e-05 | 4.3s
  Fold 3 | Ep  10/100 | t_loss=0.0748 t_acc=0.891 | v_win_bal=0.656 v_rec_bal=0.667 | lr=9.9e-05 | 4.4s
  Fold 3 | Ep  11/100 | t_loss=0.0702 t_acc=0.903 | v_win_bal=0.650 v_rec_bal=0.722 | lr=9.8e-05 | 4.5s
  Fold 3 | Ep  12/100 | t_loss=0.0682 t_acc=0.901 | v_win_bal=0.651 v_rec_bal=0.667 | lr=9.8e-05 | 4.3s
  Fold 3 | Ep  13/100 | t_loss=0.0630 t_acc=0.908 | v_win_bal=0.678 v_rec_bal=0.667 | lr=9.7e-05 | 4.6s
  Fold 3 | Ep  14/100 | t_loss=0.0614 t_acc=0.913 | v_win_bal=0.676 v_rec_bal=0.667 | lr=9.7e-05 | 4.3s
  Fold 3 | Ep  15/100 | t_loss=0.0560 t_acc=0.920 | v_win_bal=0.689 v_rec_bal=0.667 | lr=9.6e-05 | 4.3s
  Fold 3 | Ep  16/100 | t_loss=0.0520 t_acc=0.925 | v_win_bal=0.682 v_rec_bal=0.567 | lr=9.6e-05 | 4.4s
  Fold 3 | Ep  17/100 | t_loss=0.0470 t_acc=0.934 | v_win_bal=0.701 v_rec_bal=0.722 | lr=9.5e-05 | 4.3s
  Fold 3 | Ep  18/100 | t_loss=0.0474 t_acc=0.940 | v_win_bal=0.704 v_rec_bal=0.722 | lr=9.4e-05 | 4.3s
  Fold 3 | Ep  19/100 | t_loss=0.0465 t_acc=0.938 | v_win_bal=0.697 v_rec_bal=0.722 | lr=9.3e-05 | 4.3s
  Fold 3 | Ep  20/100 | t_loss=0.0437 t_acc=0.945 | v_win_bal=0.705 v_rec_bal=0.722 | lr=9.3e-05 | 4.3s
  Fold 3 | Ep  21/100 | t_loss=0.0358 t_acc=0.952 | v_win_bal=0.695 v_rec_bal=0.678 | lr=9.2e-05 | 4.6s
  Fold 3 | Ep  22/100 | t_loss=0.0431 t_acc=0.947 | v_win_bal=0.704 v_rec_bal=0.778 | lr=9.1e-05 | 4.4s
  Fold 3 | Ep  23/100 | t_loss=0.0398 t_acc=0.952 | v_win_bal=0.703 v_rec_bal=0.733 | lr=9.0e-05 | 4.4s
  Fold 3 | Ep  24/100 | t_loss=0.0387 t_acc=0.954 | v_win_bal=0.710 v_rec_bal=0.678 | lr=8.9e-05 | 4.4s
  Fold 3 | Ep  25/100 | t_loss=0.0340 t_acc=0.960 | v_win_bal=0.704 v_rec_bal=0.789 | lr=8.8e-05 | 4.4s
  Fold 3 | Ep  26/100 | t_loss=0.0356 t_acc=0.956 | v_win_bal=0.704 v_rec_bal=0.733 | lr=8.7e-05 | 4.6s
  Fold 3 | Ep  27/100 | t_loss=0.0314 t_acc=0.966 | v_win_bal=0.709 v_rec_bal=0.722 | lr=8.6e-05 | 4.4s
  Fold 3 | Ep  28/100 | t_loss=0.0305 t_acc=0.962 | v_win_bal=0.700 v_rec_bal=0.678 | lr=8.4e-05 | 4.5s
  Fold 3 | Ep  29/100 | t_loss=0.0291 t_acc=0.969 | v_win_bal=0.712 v_rec_bal=0.778 | lr=8.3e-05 | 4.4s
  Fold 3 | Ep  30/100 | t_loss=0.0325 t_acc=0.963 | v_win_bal=0.708 v_rec_bal=0.789 | lr=8.2e-05 | 4.5s
  Fold 3 | Ep  31/100 | t_loss=0.0267 t_acc=0.972 | v_win_bal=0.701 v_rec_bal=0.733 | lr=8.1e-05 | 4.5s
  Fold 3 | Ep  32/100 | t_loss=0.0299 t_acc=0.967 | v_win_bal=0.696 v_rec_bal=0.678 | lr=8.0e-05 | 4.5s
  Fold 3 | Ep  33/100 | t_loss=0.0226 t_acc=0.975 | v_win_bal=0.699 v_rec_bal=0.789 | lr=7.8e-05 | 4.6s
  Fold 3 | Ep  34/100 | t_loss=0.0243 t_acc=0.971 | v_win_bal=0.690 v_rec_bal=0.689 | lr=7.7e-05 | 4.5s
  Fold 3 | Ep  35/100 | t_loss=0.0237 t_acc=0.978 | v_win_bal=0.691 v_rec_bal=0.733 | lr=7.5e-05 | 4.5s
  Fold 3 | Ep  36/100 | t_loss=0.0247 t_acc=0.973 | v_win_bal=0.716 v_rec_bal=0.889 | lr=7.4e-05 | 4.5s
  Fold 3 | Ep  37/100 | t_loss=0.0239 t_acc=0.975 | v_win_bal=0.714 v_rec_bal=0.789 | lr=7.3e-05 | 4.4s
  Fold 3 | Ep  38/100 | t_loss=0.0233 t_acc=0.974 | v_win_bal=0.707 v_rec_bal=0.778 | lr=7.1e-05 | 4.4s
  Fold 3 | Ep  39/100 | t_loss=0.0208 t_acc=0.978 | v_win_bal=0.709 v_rec_bal=0.833 | lr=7.0e-05 | 4.5s
  Fold 3 | Ep  40/100 | t_loss=0.0216 t_acc=0.977 | v_win_bal=0.699 v_rec_bal=0.789 | lr=6.8e-05 | 4.4s
  Fold 3 | Ep  41/100 | t_loss=0.0215 t_acc=0.980 | v_win_bal=0.694 v_rec_bal=0.678 | lr=6.7e-05 | 4.5s
  Fold 3 | Ep  42/100 | t_loss=0.0242 t_acc=0.978 | v_win_bal=0.702 v_rec_bal=0.689 | lr=6.5e-05 | 4.3s
  Fold 3 | Ep  43/100 | t_loss=0.0207 t_acc=0.979 | v_win_bal=0.699 v_rec_bal=0.689 | lr=6.4e-05 | 4.3s
  Fold 3 | Ep  44/100 | t_loss=0.0198 t_acc=0.978 | v_win_bal=0.695 v_rec_bal=0.689 | lr=6.2e-05 | 4.4s
  Fold 3 | Ep  45/100 | t_loss=0.0168 t_acc=0.982 | v_win_bal=0.699 v_rec_bal=0.689 | lr=6.0e-05 | 4.5s
  Fold 3 | Ep  46/100 | t_loss=0.0156 t_acc=0.982 | v_win_bal=0.702 v_rec_bal=0.689 | lr=5.9e-05 | 4.3s
  Fold 3 | Ep  47/100 | t_loss=0.0201 t_acc=0.982 | v_win_bal=0.701 v_rec_bal=0.689 | lr=5.7e-05 | 4.4s
  Fold 3 | Ep  48/100 | t_loss=0.0191 t_acc=0.982 | v_win_bal=0.702 v_rec_bal=0.789 | lr=5.6e-05 | 4.3s
  Fold 3 | Ep  49/100 | t_loss=0.0201 t_acc=0.979 | v_win_bal=0.709 v_rec_bal=0.733 | lr=5.4e-05 | 4.5s
  Fold 3 | Ep  50/100 | t_loss=0.0142 t_acc=0.984 | v_win_bal=0.705 v_rec_bal=0.689 | lr=5.2e-05 | 4.4s
  Fold 3 | Ep  51/100 | t_loss=0.0174 t_acc=0.984 | v_win_bal=0.712 v_rec_bal=0.744 | lr=5.1e-05 | 4.3s
  Fold 3 | Ep  52/100 | t_loss=0.0166 t_acc=0.983 | v_win_bal=0.705 v_rec_bal=0.789 | lr=4.9e-05 | 4.6s
  Fold 3 | Ep  53/100 | t_loss=0.0181 t_acc=0.985 | v_win_bal=0.707 v_rec_bal=0.789 | lr=4.8e-05 | 4.4s
  Fold 3 | Ep  54/100 | t_loss=0.0179 t_acc=0.982 | v_win_bal=0.706 v_rec_bal=0.833 | lr=4.6e-05 | 4.3s
  Fold 3 | Ep  55/100 | t_loss=0.0148 t_acc=0.986 | v_win_bal=0.713 v_rec_bal=0.789 | lr=4.4e-05 | 4.3s
  Fold 3 | Ep  56/100 | t_loss=0.0135 t_acc=0.985 | v_win_bal=0.710 v_rec_bal=0.789 | lr=4.3e-05 | 4.4s
  Fold 3 | Ep  57/100 | t_loss=0.0156 t_acc=0.986 | v_win_bal=0.707 v_rec_bal=0.789 | lr=4.1e-05 | 4.3s
  Fold 3 | Ep  58/100 | t_loss=0.0150 t_acc=0.987 | v_win_bal=0.708 v_rec_bal=0.789 | lr=4.0e-05 | 4.5s
  Early stop at epoch 58
  -> Test (best @ epoch 36): acc=0.5625, bal_acc=0.4500

============================================================
Fold 4/5
============================================================
  Train:  42 samples, 10 subjects [1, 3, 4, 5, 7, 8, 9, 10, 16, 18], label_0=28, label_1=14
    Val:  16 samples,  3 subjects [6, 11, 13], label_0=10, label_1=6
   Test:  12 samples,  4 subjects [2, 12, 14, 17], label_0=9, label_1=3
  Building window datasets...
    WindowDataset: 5618 windows (class_0=1864, class_1=3754)
    WindowDataset: 1419 windows (class_0=838, class_1=581)
    WindowDataset: 1326 windows (class_0=1140, class_1=186)
[EEG-Conformer] F=40 L=6 H=10 T=1000 tokens=61 -> embed_dim=2440 (169,080 params)
  Fold 4 | Ep   1/100 | t_loss=0.3136 t_acc=0.510 | v_win_bal=0.497 v_rec_bal=0.500 | lr=3.3e-05 | 4.1s
  Fold 4 | Ep   2/100 | t_loss=0.1979 t_acc=0.528 | v_win_bal=0.467 v_rec_bal=0.300 | lr=6.7e-05 | 4.0s
  Fold 4 | Ep   3/100 | t_loss=0.1686 t_acc=0.596 | v_win_bal=0.564 v_rec_bal=0.500 | lr=1.0e-04 | 4.2s
  Fold 4 | Ep   4/100 | t_loss=0.1437 t_acc=0.705 | v_win_bal=0.559 v_rec_bal=0.500 | lr=1.0e-04 | 4.0s
  Fold 4 | Ep   5/100 | t_loss=0.1252 t_acc=0.767 | v_win_bal=0.586 v_rec_bal=0.450 | lr=1.0e-04 | 4.0s
  Fold 4 | Ep   6/100 | t_loss=0.1077 t_acc=0.812 | v_win_bal=0.642 v_rec_bal=0.533 | lr=1.0e-04 | 4.0s
  Fold 4 | Ep   7/100 | t_loss=0.0946 t_acc=0.844 | v_win_bal=0.639 v_rec_bal=0.533 | lr=1.0e-04 | 4.0s
  Fold 4 | Ep   8/100 | t_loss=0.0876 t_acc=0.865 | v_win_bal=0.654 v_rec_bal=0.533 | lr=9.9e-05 | 4.0s
  Fold 4 | Ep   9/100 | t_loss=0.0828 t_acc=0.879 | v_win_bal=0.637 v_rec_bal=0.533 | lr=9.9e-05 | 4.0s
  Fold 4 | Ep  10/100 | t_loss=0.0720 t_acc=0.888 | v_win_bal=0.636 v_rec_bal=0.533 | lr=9.9e-05 | 4.0s
  Fold 4 | Ep  11/100 | t_loss=0.0651 t_acc=0.907 | v_win_bal=0.610 v_rec_bal=0.533 | lr=9.8e-05 | 4.2s
  Fold 4 | Ep  12/100 | t_loss=0.0631 t_acc=0.914 | v_win_bal=0.650 v_rec_bal=0.533 | lr=9.8e-05 | 4.0s
  Fold 4 | Ep  13/100 | t_loss=0.0570 t_acc=0.919 | v_win_bal=0.667 v_rec_bal=0.533 | lr=9.7e-05 | 4.0s
  Fold 4 | Ep  14/100 | t_loss=0.0582 t_acc=0.922 | v_win_bal=0.618 v_rec_bal=0.533 | lr=9.7e-05 | 4.0s
  Fold 4 | Ep  15/100 | t_loss=0.0529 t_acc=0.929 | v_win_bal=0.619 v_rec_bal=0.533 | lr=9.6e-05 | 4.0s
  Fold 4 | Ep  16/100 | t_loss=0.0462 t_acc=0.934 | v_win_bal=0.645 v_rec_bal=0.533 | lr=9.6e-05 | 4.0s
  Fold 4 | Ep  17/100 | t_loss=0.0472 t_acc=0.942 | v_win_bal=0.653 v_rec_bal=0.533 | lr=9.5e-05 | 4.0s
  Fold 4 | Ep  18/100 | t_loss=0.0469 t_acc=0.942 | v_win_bal=0.632 v_rec_bal=0.533 | lr=9.4e-05 | 4.2s
  Fold 4 | Ep  19/100 | t_loss=0.0459 t_acc=0.944 | v_win_bal=0.622 v_rec_bal=0.533 | lr=9.3e-05 | 4.0s
  Fold 4 | Ep  20/100 | t_loss=0.0411 t_acc=0.950 | v_win_bal=0.628 v_rec_bal=0.533 | lr=9.3e-05 | 4.0s
  Fold 4 | Ep  21/100 | t_loss=0.0434 t_acc=0.949 | v_win_bal=0.656 v_rec_bal=0.617 | lr=9.2e-05 | 4.0s/raid/jupyter-linjimmy1003.md10/.conda/envs/stress/lib/python3.11/site-packages/torch/nn/modules/transformer.py:379: UserWarning: enable_nested_tensor is True, but self.use_nested_tensor is False because encoder_layer.norm_first was True
  warnings.warn(

  Fold 4 | Ep  22/100 | t_loss=0.0401 t_acc=0.951 | v_win_bal=0.615 v_rec_bal=0.533 | lr=9.1e-05 | 4.0s
  Fold 4 | Ep  23/100 | t_loss=0.0372 t_acc=0.956 | v_win_bal=0.632 v_rec_bal=0.533 | lr=9.0e-05 | 4.0s
  Fold 4 | Ep  24/100 | t_loss=0.0321 t_acc=0.960 | v_win_bal=0.625 v_rec_bal=0.533 | lr=8.9e-05 | 4.2s
  Fold 4 | Ep  25/100 | t_loss=0.0321 t_acc=0.964 | v_win_bal=0.623 v_rec_bal=0.533 | lr=8.8e-05 | 4.0s
  Fold 4 | Ep  26/100 | t_loss=0.0319 t_acc=0.964 | v_win_bal=0.641 v_rec_bal=0.617 | lr=8.7e-05 | 4.0s
  Fold 4 | Ep  27/100 | t_loss=0.0313 t_acc=0.965 | v_win_bal=0.631 v_rec_bal=0.533 | lr=8.6e-05 | 4.0s
  Fold 4 | Ep  28/100 | t_loss=0.0327 t_acc=0.962 | v_win_bal=0.611 v_rec_bal=0.533 | lr=8.4e-05 | 4.2s
  Fold 4 | Ep  29/100 | t_loss=0.0293 t_acc=0.964 | v_win_bal=0.631 v_rec_bal=0.567 | lr=8.3e-05 | 4.1s
  Fold 4 | Ep  30/100 | t_loss=0.0294 t_acc=0.972 | v_win_bal=0.629 v_rec_bal=0.533 | lr=8.2e-05 | 4.2s
  Fold 4 | Ep  31/100 | t_loss=0.0285 t_acc=0.968 | v_win_bal=0.638 v_rec_bal=0.483 | lr=8.1e-05 | 4.3s
  Fold 4 | Ep  32/100 | t_loss=0.0307 t_acc=0.968 | v_win_bal=0.633 v_rec_bal=0.533 | lr=8.0e-05 | 4.0s
  Fold 4 | Ep  33/100 | t_loss=0.0253 t_acc=0.972 | v_win_bal=0.641 v_rec_bal=0.533 | lr=7.8e-05 | 4.0s
  Fold 4 | Ep  34/100 | t_loss=0.0251 t_acc=0.976 | v_win_bal=0.652 v_rec_bal=0.533 | lr=7.7e-05 | 4.0s
  Fold 4 | Ep  35/100 | t_loss=0.0230 t_acc=0.975 | v_win_bal=0.652 v_rec_bal=0.517 | lr=7.5e-05 | 4.0s
  Fold 4 | Ep  36/100 | t_loss=0.0233 t_acc=0.971 | v_win_bal=0.626 v_rec_bal=0.533 | lr=7.4e-05 | 4.0s
  Fold 4 | Ep  37/100 | t_loss=0.0253 t_acc=0.970 | v_win_bal=0.645 v_rec_bal=0.533 | lr=7.3e-05 | 4.0s
  Fold 4 | Ep  38/100 | t_loss=0.0233 t_acc=0.975 | v_win_bal=0.653 v_rec_bal=0.533 | lr=7.1e-05 | 4.0s
  Fold 4 | Ep  39/100 | t_loss=0.0218 t_acc=0.977 | v_win_bal=0.654 v_rec_bal=0.533 | lr=7.0e-05 | 4.0s
  Fold 4 | Ep  40/100 | t_loss=0.0247 t_acc=0.971 | v_win_bal=0.658 v_rec_bal=0.567 | lr=6.8e-05 | 4.0s
  Fold 4 | Ep  41/100 | t_loss=0.0209 t_acc=0.977 | v_win_bal=0.626 v_rec_bal=0.533 | lr=6.7e-05 | 4.0s
  Early stop at epoch 41
  -> Test (best @ epoch 21): acc=0.7500, bal_acc=0.6111

============================================================
Fold 5/5
============================================================
  Train:  39 samples, 11 subjects [1, 2, 4, 5, 8, 9, 10, 12, 14, 16, 17], label_0=28, label_1=11
    Val:  16 samples,  3 subjects [3, 7, 13], label_0=10, label_1=6
   Test:  15 samples,  3 subjects [6, 11, 18], label_0=9, label_1=6
  Building window datasets...
    WindowDataset: 5488 windows (class_0=2461, class_1=3027)
    WindowDataset: 1204 windows (class_0=834, class_1=370)
    WindowDataset: 1128 windows (class_0=547, class_1=581)
[EEG-Conformer] F=40 L=6 H=10 T=1000 tokens=61 -> embed_dim=2440 (169,080 params)
  Fold 5 | Ep   1/100 | t_loss=0.3375 t_acc=0.508 | v_win_bal=0.529 v_rec_bal=0.500 | lr=3.3e-05 | 3.8s
  Fold 5 | Ep   2/100 | t_loss=0.2010 t_acc=0.507 | v_win_bal=0.500 v_rec_bal=0.500 | lr=6.7e-05 | 3.8s
  Fold 5 | Ep   3/100 | t_loss=0.1758 t_acc=0.545 | v_win_bal=0.500 v_rec_bal=0.500 | lr=1.0e-04 | 3.8s
  Fold 5 | Ep   4/100 | t_loss=0.1559 t_acc=0.652 | v_win_bal=0.641 v_rec_bal=0.700 | lr=1.0e-04 | 3.9s
  Fold 5 | Ep   5/100 | t_loss=0.1167 t_acc=0.788 | v_win_bal=0.666 v_rec_bal=0.800 | lr=1.0e-04 | 3.9s
  Fold 5 | Ep   6/100 | t_loss=0.0988 t_acc=0.837 | v_win_bal=0.658 v_rec_bal=0.800 | lr=1.0e-04 | 3.8s
  Fold 5 | Ep   7/100 | t_loss=0.0858 t_acc=0.865 | v_win_bal=0.659 v_rec_bal=0.767 | lr=1.0e-04 | 3.9s
  Fold 5 | Ep   8/100 | t_loss=0.0725 t_acc=0.892 | v_win_bal=0.653 v_rec_bal=0.767 | lr=9.9e-05 | 4.4s
  Fold 5 | Ep   9/100 | t_loss=0.0684 t_acc=0.903 | v_win_bal=0.653 v_rec_bal=0.683 | lr=9.9e-05 | 4.1s
  Fold 5 | Ep  10/100 | t_loss=0.0595 t_acc=0.915 | v_win_bal=0.630 v_rec_bal=0.683 | lr=9.9e-05 | 3.9s
  Fold 5 | Ep  11/100 | t_loss=0.0578 t_acc=0.918 | v_win_bal=0.636 v_rec_bal=0.683 | lr=9.8e-05 | 3.8s
  Fold 5 | Ep  12/100 | t_loss=0.0520 t_acc=0.934 | v_win_bal=0.644 v_rec_bal=0.683 | lr=9.8e-05 | 4.1s
  Fold 5 | Ep  13/100 | t_loss=0.0510 t_acc=0.930 | v_win_bal=0.638 v_rec_bal=0.683 | lr=9.7e-05 | 4.1s
  Fold 5 | Ep  14/100 | t_loss=0.0473 t_acc=0.939 | v_win_bal=0.651 v_rec_bal=0.683 | lr=9.7e-05 | 4.1s
  Fold 5 | Ep  15/100 | t_loss=0.0410 t_acc=0.940 | v_win_bal=0.639 v_rec_bal=0.733 | lr=9.6e-05 | 4.1s
  Fold 5 | Ep  16/100 | t_loss=0.0446 t_acc=0.947 | v_win_bal=0.625 v_rec_bal=0.733 | lr=9.6e-05 | 4.1s
  Fold 5 | Ep  17/100 | t_loss=0.0387 t_acc=0.950 | v_win_bal=0.650 v_rec_bal=0.733 | lr=9.5e-05 | 4.1s
  Fold 5 | Ep  18/100 | t_loss=0.0355 t_acc=0.956 | v_win_bal=0.658 v_rec_bal=0.733 | lr=9.4e-05 | 4.3s
  Fold 5 | Ep  19/100 | t_loss=0.0334 t_acc=0.958 | v_win_bal=0.616 v_rec_bal=0.783 | lr=9.3e-05 | 4.0s
  Fold 5 | Ep  20/100 | t_loss=0.0310 t_acc=0.958 | v_win_bal=0.654 v_rec_bal=0.733 | lr=9.3e-05 | 3.8s
  Fold 5 | Ep  21/100 | t_loss=0.0295 t_acc=0.962 | v_win_bal=0.633 v_rec_bal=0.733 | lr=9.2e-05 | 4.1s
  Fold 5 | Ep  22/100 | t_loss=0.0313 t_acc=0.965 | v_win_bal=0.636 v_rec_bal=0.783 | lr=9.1e-05 | 3.8s
  Fold 5 | Ep  23/100 | t_loss=0.0287 t_acc=0.964 | v_win_bal=0.621 v_rec_bal=0.733 | lr=9.0e-05 | 3.8s
  Fold 5 | Ep  24/100 | t_loss=0.0300 t_acc=0.964 | v_win_bal=0.619 v_rec_bal=0.783 | lr=8.9e-05 | 3.9s
  Fold 5 | Ep  25/100 | t_loss=0.0239 t_acc=0.968 | v_win_bal=0.608 v_rec_bal=0.783 | lr=8.8e-05 | 3.9s
  Fold 5 | Ep  26/100 | t_loss=0.0269 t_acc=0.969 | v_win_bal=0.610 v_rec_bal=0.783 | lr=8.7e-05 | 4.2s
  Fold 5 | Ep  27/100 | t_loss=0.0237 t_acc=0.971 | v_win_bal=0.611 v_rec_bal=0.783 | lr=8.6e-05 | 4.0s
  Early stop at epoch 27
  -> Test (best @ epoch 5): acc=0.4667, bal_acc=0.5556

============================================================
Global Results (5-Fold, subject-level CV)
Mode: FT | Extractor: eegconformer | Loss: focal
============================================================
              acc: 0.5714
          bal_acc: 0.5143
               f1: 0.5714
            kappa: 0.0287
  Total predictions: 70 (should equal dataset size: 70)

Results saved to results/hp_sweep/20260409_main/eegconformer/eegconformer_dropout0.5_lr1e-4_s2024/
