CMD: /raid/jupyter-linjimmy1003.md10/.conda/envs/stress/bin/python train_ft.py --extractor eegnet --seed 2024 --device cuda:1 --run-id hp_sweep/20260409_main/eegnet/eegnet_dropout0.1_lr1e-3_s2024 --mode ft --folds 5 --epochs 100 --patience 20 --batch-size 32 --label subject-dass --loss focal --head-hidden 128 --csv data/comprehensive_labels.csv --weight-decay 0.05 --grad-clip 2.0 --warmup-epochs 3 --aug-overlap 0.75 --norm zscore --dropout 0.1 --lr 0.001

/raid/jupyter-linjimmy1003.md10/.conda/envs/stress/lib/python3.11/site-packages/timm/models/layers/__init__.py:49: FutureWarning: Importing from timm.models.layers is deprecated, please import via timm.layers
  warnings.warn(f"Importing from {__name__} is deprecated, please import via timm.layers", FutureWarning)
Mode: FT | Extractor: eegnet | Folds: 5
LR: 0.001 | WD: 0.05 | Beta2: 0.999 | Grad clip: 2.0
Head: hidden=128, dropout=0.1 | Norm: zscore | Loss: focal
Full FT: encoder_lr_scale=0.1
Augmentation: 75% overlap for increase class

Results → results/hp_sweep/20260409_main/eegnet/eegnet_dropout0.1_lr1e-3_s2024/
Dataset: 70 recordings loaded (14 increase, 56 normal)
Cache: 70 recordings ready (70 cached, 0 new)
Subject-DASS labels: increase=23 (5 subjects), normal=47

============================================================
Fold 1/5
============================================================
  Train:  43 samples, 10 subjects [2, 3, 6, 7, 8, 10, 11, 12, 13, 14], label_0=28, label_1=15
    Val:  13 samples,  3 subjects [5, 17, 18], label_0=10, label_1=3
   Test:  14 samples,  4 subjects [1, 4, 9, 16], label_0=9, label_1=5
  Building window datasets...
    WindowDataset: 7346 windows (class_0=2539, class_1=4807)
    WindowDataset: 819 windows (class_0=633, class_1=186)
    WindowDataset: 987 windows (class_0=670, class_1=317)
[EEGNet] F1=8 D=2 F2=16 kernel=100 T=1000 → embed_dim=496  (1,872 params)
  Trainable parameters: 129,491
  Class weights: [1.4466325044631958, 0.7640940546989441]
  Fold 1 | Ep   1/100 | t_loss=0.1664 t_acc=0.637 | v_win_bal=0.424 v_rec_bal=0.267 | lr=3.3e-04 | 5.0s
  Fold 1 | Ep   2/100 | t_loss=0.1150 t_acc=0.799 | v_win_bal=0.228 v_rec_bal=0.250 | lr=6.7e-04 | 2.1s
  Fold 1 | Ep   3/100 | t_loss=0.0813 t_acc=0.878 | v_win_bal=0.288 v_rec_bal=0.250 | lr=1.0e-03 | 2.2s
  Fold 1 | Ep   4/100 | t_loss=0.0657 t_acc=0.905 | v_win_bal=0.366 v_rec_bal=0.200 | lr=1.0e-03 | 2.7s
  Fold 1 | Ep   5/100 | t_loss=0.0561 t_acc=0.918 | v_win_bal=0.482 v_rec_bal=0.700 | lr=1.0e-03 | 2.2s
  Fold 1 | Ep   6/100 | t_loss=0.0489 t_acc=0.928 | v_win_bal=0.593 v_rec_bal=0.650 | lr=1.0e-03 | 2.1s
  Fold 1 | Ep   7/100 | t_loss=0.0379 t_acc=0.947 | v_win_bal=0.592 v_rec_bal=0.650 | lr=1.0e-03 | 2.2s
  Fold 1 | Ep   8/100 | t_loss=0.0329 t_acc=0.955 | v_win_bal=0.639 v_rec_bal=0.650 | lr=9.9e-04 | 2.2s
  Fold 1 | Ep   9/100 | t_loss=0.0319 t_acc=0.957 | v_win_bal=0.645 v_rec_bal=0.700 | lr=9.9e-04 | 2.2s
  Fold 1 | Ep  10/100 | t_loss=0.0281 t_acc=0.958 | v_win_bal=0.653 v_rec_bal=0.700 | lr=9.9e-04 | 2.3s
  Fold 1 | Ep  11/100 | t_loss=0.0262 t_acc=0.964 | v_win_bal=0.651 v_rec_bal=0.700 | lr=9.8e-04 | 2.1s
  Fold 1 | Ep  12/100 | t_loss=0.0238 t_acc=0.964 | v_win_bal=0.666 v_rec_bal=0.650 | lr=9.8e-04 | 2.1s
  Fold 1 | Ep  13/100 | t_loss=0.0236 t_acc=0.971 | v_win_bal=0.670 v_rec_bal=0.700 | lr=9.7e-04 | 2.1s
  Fold 1 | Ep  14/100 | t_loss=0.0201 t_acc=0.974 | v_win_bal=0.671 v_rec_bal=0.700 | lr=9.7e-04 | 2.1s
  Fold 1 | Ep  15/100 | t_loss=0.0202 t_acc=0.977 | v_win_bal=0.676 v_rec_bal=0.700 | lr=9.6e-04 | 2.1s
  Fold 1 | Ep  16/100 | t_loss=0.0200 t_acc=0.972 | v_win_bal=0.673 v_rec_bal=0.700 | lr=9.6e-04 | 2.1s
  Fold 1 | Ep  17/100 | t_loss=0.0175 t_acc=0.977 | v_win_bal=0.675 v_rec_bal=0.650 | lr=9.5e-04 | 2.1s
  Fold 1 | Ep  18/100 | t_loss=0.0170 t_acc=0.978 | v_win_bal=0.681 v_rec_bal=0.700 | lr=9.4e-04 | 2.1s
  Fold 1 | Ep  19/100 | t_loss=0.0166 t_acc=0.980 | v_win_bal=0.686 v_rec_bal=0.700 | lr=9.3e-04 | 2.2s
  Fold 1 | Ep  20/100 | t_loss=0.0172 t_acc=0.981 | v_win_bal=0.680 v_rec_bal=0.650 | lr=9.3e-04 | 2.2s
  Fold 1 | Ep  21/100 | t_loss=0.0124 t_acc=0.985 | v_win_bal=0.686 v_rec_bal=0.650 | lr=9.2e-04 | 2.2s
  Fold 1 | Ep  22/100 | t_loss=0.0116 t_acc=0.987 | v_win_bal=0.677 v_rec_bal=0.650 | lr=9.1e-04 | 2.3s
  Fold 1 | Ep  23/100 | t_loss=0.0123 t_acc=0.985 | v_win_bal=0.682 v_rec_bal=0.650 | lr=9.0e-04 | 2.1s
  Fold 1 | Ep  24/100 | t_loss=0.0095 t_acc=0.987 | v_win_bal=0.691 v_rec_bal=0.700 | lr=8.9e-04 | 2.1s
  Fold 1 | Ep  25/100 | t_loss=0.0123 t_acc=0.986 | v_win_bal=0.674 v_rec_bal=0.700 | lr=8.8e-04 | 2.1s
  Fold 1 | Ep  26/100 | t_loss=0.0107 t_acc=0.988 | v_win_bal=0.684 v_rec_bal=0.650 | lr=8.7e-04 | 2.1s
  Fold 1 | Ep  27/100 | t_loss=0.0091 t_acc=0.989 | v_win_bal=0.666 v_rec_bal=0.650 | lr=8.6e-04 | 2.1s
  Fold 1 | Ep  28/100 | t_loss=0.0130 t_acc=0.985 | v_win_bal=0.691 v_rec_bal=0.700 | lr=8.4e-04 | 2.1s
  Fold 1 | Ep  29/100 | t_loss=0.0116 t_acc=0.989 | v_win_bal=0.680 v_rec_bal=0.650 | lr=8.3e-04 | 2.1s
  Fold 1 | Ep  30/100 | t_loss=0.0071 t_acc=0.991 | v_win_bal=0.683 v_rec_bal=0.700 | lr=8.2e-04 | 2.1s
  Fold 1 | Ep  31/100 | t_loss=0.0089 t_acc=0.989 | v_win_bal=0.673 v_rec_bal=0.650 | lr=8.1e-04 | 2.1s
  Early stop at epoch 31
  -> Test (best @ epoch 5): acc=0.3571, bal_acc=0.4556

============================================================
Fold 2/5
============================================================
  Train:  41 samples, 11 subjects [1, 2, 4, 9, 11, 12, 13, 14, 16, 17, 18], label_0=27, label_1=14
    Val:  16 samples,  3 subjects [3, 6, 7], label_0=10, label_1=6
   Test:  13 samples,  3 subjects [5, 8, 10], label_0=10, label_1=3
  Building window datasets...
    WindowDataset: 6895 windows (class_0=2601, class_1=4294)
    WindowDataset: 960 windows (class_0=590, class_1=370)
    WindowDataset: 913 windows (class_0=651, class_1=262)
[EEGNet] F1=8 D=2 F2=16 kernel=100 T=1000 → embed_dim=496  (1,872 params)
  Fold 2 | Ep   1/100 | t_loss=0.1723 t_acc=0.548 | v_win_bal=0.628 v_rec_bal=0.733 | lr=3.3e-04 | 2.0s
  Fold 2 | Ep   2/100 | t_loss=0.1472 t_acc=0.688 | v_win_bal=0.735 v_rec_bal=0.900 | lr=6.7e-04 | 2.2s
  Fold 2 | Ep   3/100 | t_loss=0.1256 t_acc=0.761 | v_win_bal=0.725 v_rec_bal=0.850 | lr=1.0e-03 | 2.0s
  Fold 2 | Ep   4/100 | t_loss=0.1062 t_acc=0.819 | v_win_bal=0.724 v_rec_bal=0.850 | lr=1.0e-03 | 2.0s
  Fold 2 | Ep   5/100 | t_loss=0.0898 t_acc=0.859 | v_win_bal=0.661 v_rec_bal=0.733 | lr=1.0e-03 | 2.2s
  Fold 2 | Ep   6/100 | t_loss=0.0775 t_acc=0.880 | v_win_bal=0.570 v_rec_bal=0.567 | lr=1.0e-03 | 2.2s
  Fold 2 | Ep   7/100 | t_loss=0.0622 t_acc=0.905 | v_win_bal=0.557 v_rec_bal=0.567 | lr=1.0e-03 | 2.3s
  Fold 2 | Ep   8/100 | t_loss=0.0491 t_acc=0.929 | v_win_bal=0.572 v_rec_bal=0.567 | lr=9.9e-04 | 2.0s
  Fold 2 | Ep   9/100 | t_loss=0.0445 t_acc=0.937 | v_win_bal=0.588 v_rec_bal=0.567 | lr=9.9e-04 | 2.1s
  Fold 2 | Ep  10/100 | t_loss=0.0389 t_acc=0.945 | v_win_bal=0.548 v_rec_bal=0.567 | lr=9.9e-04 | 2.1s
  Fold 2 | Ep  11/100 | t_loss=0.0293 t_acc=0.959 | v_win_bal=0.583 v_rec_bal=0.533 | lr=9.8e-04 | 2.2s
  Fold 2 | Ep  12/100 | t_loss=0.0285 t_acc=0.958 | v_win_bal=0.592 v_rec_bal=0.583 | lr=9.8e-04 | 2.0s
  Fold 2 | Ep  13/100 | t_loss=0.0260 t_acc=0.962 | v_win_bal=0.565 v_rec_bal=0.483 | lr=9.7e-04 | 2.2s
  Fold 2 | Ep  14/100 | t_loss=0.0226 t_acc=0.969 | v_win_bal=0.593 v_rec_bal=0.567 | lr=9.7e-04 | 2.2s
  Fold 2 | Ep  15/100 | t_loss=0.0209 t_acc=0.972 | v_win_bal=0.578 v_rec_bal=0.483 | lr=9.6e-04 | 2.0s
  Fold 2 | Ep  16/100 | t_loss=0.0212 t_acc=0.970 | v_win_bal=0.577 v_rec_bal=0.483 | lr=9.6e-04 | 2.2s
  Fold 2 | Ep  17/100 | t_loss=0.0201 t_acc=0.973 | v_win_bal=0.596 v_rec_bal=0.533 | lr=9.5e-04 | 2.0s
  Fold 2 | Ep  18/100 | t_loss=0.0167 t_acc=0.977 | v_win_bal=0.600 v_rec_bal=0.483 | lr=9.4e-04 | 2.0s
  Fold 2 | Ep  19/100 | t_loss=0.0171 t_acc=0.977 | v_win_bal=0.574 v_rec_bal=0.483 | lr=9.3e-04 | 2.1s
  Fold 2 | Ep  20/100 | t_loss=0.0152 t_acc=0.980 | v_win_bal=0.601 v_rec_bal=0.583 | lr=9.3e-04 | 2.0s
  Fold 2 | Ep  21/100 | t_loss=0.0147 t_acc=0.982 | v_win_bal=0.571 v_rec_bal=0.483 | lr=9.2e-04 | 2.0s
  Fold 2 | Ep  22/100 | t_loss=0.0161 t_acc=0.981 | v_win_bal=0.604 v_rec_bal=0.483 | lr=9.1e-04 | 2.0s
  Fold 2 | Ep  23/100 | t_loss=0.0136 t_acc=0.984 | v_win_bal=0.601 v_rec_bal=0.483 | lr=9.0e-04 | 2.0s
  Fold 2 | Ep  24/100 | t_loss=0.0131 t_acc=0.984 | v_win_bal=0.588 v_rec_bal=0.483 | lr=8.9e-04 | 2.0s
  Early stop at epoch 24
  -> Test (best @ epoch 2): acc=0.5385, bal_acc=0.5833

============================================================
Fold 3/5
============================================================
  Train:  40 samples, 10 subjects [2, 5, 6, 8, 9, 10, 11, 12, 17, 18], label_0=28, label_1=12
    Val:  14 samples,  4 subjects [1, 4, 14, 16], label_0=9, label_1=5
   Test:  16 samples,  3 subjects [3, 7, 13], label_0=10, label_1=6
  Building window datasets...
    WindowDataset: 6302 windows (class_0=2222, class_1=4080)
    WindowDataset: 1103 windows (class_0=786, class_1=317)
    WindowDataset: 1204 windows (class_0=834, class_1=370)
[EEGNet] F1=8 D=2 F2=16 kernel=100 T=1000 → embed_dim=496  (1,872 params)
  Fold 3 | Ep   1/100 | t_loss=0.1743 t_acc=0.546 | v_win_bal=0.523 v_rec_bal=0.533 | lr=3.3e-04 | 1.8s
  Fold 3 | Ep   2/100 | t_loss=0.1539 t_acc=0.679 | v_win_bal=0.549 v_rec_bal=0.467 | lr=6.7e-04 | 1.9s
  Fold 3 | Ep   3/100 | t_loss=0.1298 t_acc=0.760 | v_win_bal=0.546 v_rec_bal=0.556 | lr=1.0e-03 | 1.8s
  Fold 3 | Ep   4/100 | t_loss=0.1097 t_acc=0.818 | v_win_bal=0.560 v_rec_bal=0.556 | lr=1.0e-03 | 2.0s
  Fold 3 | Ep   5/100 | t_loss=0.0922 t_acc=0.862 | v_win_bal=0.556 v_rec_bal=0.556 | lr=1.0e-03 | 1.8s
  Fold 3 | Ep   6/100 | t_loss=0.0754 t_acc=0.891 | v_win_bal=0.598 v_rec_bal=0.567 | lr=1.0e-03 | 1.8s
  Fold 3 | Ep   7/100 | t_loss=0.0658 t_acc=0.901 | v_win_bal=0.640 v_rec_bal=0.667 | lr=1.0e-03 | 2.0s
  Fold 3 | Ep   8/100 | t_loss=0.0525 t_acc=0.925 | v_win_bal=0.656 v_rec_bal=0.667 | lr=9.9e-04 | 1.8s
  Fold 3 | Ep   9/100 | t_loss=0.0444 t_acc=0.937 | v_win_bal=0.644 v_rec_bal=0.667 | lr=9.9e-04 | 1.8s
  Fold 3 | Ep  10/100 | t_loss=0.0386 t_acc=0.947 | v_win_bal=0.654 v_rec_bal=0.667 | lr=9.9e-04 | 1.8s
  Fold 3 | Ep  11/100 | t_loss=0.0334 t_acc=0.956 | v_win_bal=0.666 v_rec_bal=0.611 | lr=9.8e-04 | 1.8s
  Fold 3 | Ep  12/100 | t_loss=0.0298 t_acc=0.957 | v_win_bal=0.670 v_rec_bal=0.611 | lr=9.8e-04 | 1.8s
  Fold 3 | Ep  13/100 | t_loss=0.0263 t_acc=0.965 | v_win_bal=0.686 v_rec_bal=0.667 | lr=9.7e-04 | 2.0s
  Fold 3 | Ep  14/100 | t_loss=0.0234 t_acc=0.969 | v_win_bal=0.669 v_rec_bal=0.611 | lr=9.7e-04 | 1.8s
  Fold 3 | Ep  15/100 | t_loss=0.0227 t_acc=0.972 | v_win_bal=0.685 v_rec_bal=0.611 | lr=9.6e-04 | 1.8s
  Fold 3 | Ep  16/100 | t_loss=0.0210 t_acc=0.972 | v_win_bal=0.685 v_rec_bal=0.611 | lr=9.6e-04 | 1.8s
  Fold 3 | Ep  17/100 | t_loss=0.0183 t_acc=0.975 | v_win_bal=0.695 v_rec_bal=0.667 | lr=9.5e-04 | 1.8s
  Fold 3 | Ep  18/100 | t_loss=0.0184 t_acc=0.977 | v_win_bal=0.697 v_rec_bal=0.611 | lr=9.4e-04 | 1.8s
  Fold 3 | Ep  19/100 | t_loss=0.0164 t_acc=0.979 | v_win_bal=0.681 v_rec_bal=0.611 | lr=9.3e-04 | 1.9s
  Fold 3 | Ep  20/100 | t_loss=0.0142 t_acc=0.980 | v_win_bal=0.696 v_rec_bal=0.611 | lr=9.3e-04 | 1.9s
  Fold 3 | Ep  21/100 | t_loss=0.0170 t_acc=0.981 | v_win_bal=0.681 v_rec_bal=0.611 | lr=9.2e-04 | 1.9s
  Fold 3 | Ep  22/100 | t_loss=0.0135 t_acc=0.981 | v_win_bal=0.691 v_rec_bal=0.667 | lr=9.1e-04 | 2.2s
  Fold 3 | Ep  23/100 | t_loss=0.0108 t_acc=0.987 | v_win_bal=0.697 v_rec_bal=0.667 | lr=9.0e-04 | 1.9s
  Fold 3 | Ep  24/100 | t_loss=0.0089 t_acc=0.989 | v_win_bal=0.686 v_rec_bal=0.667 | lr=8.9e-04 | 1.8s
  Fold 3 | Ep  25/100 | t_loss=0.0129 t_acc=0.986 | v_win_bal=0.693 v_rec_bal=0.667 | lr=8.8e-04 | 1.9s
  Fold 3 | Ep  26/100 | t_loss=0.0120 t_acc=0.986 | v_win_bal=0.699 v_rec_bal=0.611 | lr=8.7e-04 | 1.8s
  Fold 3 | Ep  27/100 | t_loss=0.0130 t_acc=0.986 | v_win_bal=0.697 v_rec_bal=0.611 | lr=8.6e-04 | 1.8s
  Fold 3 | Ep  28/100 | t_loss=0.0082 t_acc=0.989 | v_win_bal=0.702 v_rec_bal=0.667 | lr=8.4e-04 | 1.9s
  Fold 3 | Ep  29/100 | t_loss=0.0099 t_acc=0.988 | v_win_bal=0.696 v_rec_bal=0.611 | lr=8.3e-04 | 1.9s
  Early stop at epoch 29
  -> Test (best @ epoch 7): acc=0.6250, bal_acc=0.5333

============================================================
Fold 4/5
============================================================
  Train:  42 samples, 10 subjects [1, 3, 4, 5, 7, 8, 9, 10, 16, 18], label_0=28, label_1=14
    Val:  16 samples,  3 subjects [6, 11, 13], label_0=10, label_1=6
   Test:  12 samples,  4 subjects [2, 12, 14, 17], label_0=9, label_1=3
  Building window datasets...
    WindowDataset: 5618 windows (class_0=1864, class_1=3754)
    WindowDataset: 1419 windows (class_0=838, class_1=581)
    WindowDataset: 1326 windows (class_0=1140, class_1=186)
[EEGNet] F1=8 D=2 F2=16 kernel=100 T=1000 → embed_dim=496  (1,872 params)
  Fold 4 | Ep   1/100 | t_loss=0.1725 t_acc=0.532 | v_win_bal=0.609 v_rec_bal=0.633 | lr=3.3e-04 | 1.7s
  Fold 4 | Ep   2/100 | t_loss=0.1483 t_acc=0.689 | v_win_bal=0.574 v_rec_bal=0.383 | lr=6.7e-04 | 1.7s
  Fold 4 | Ep   3/100 | t_loss=0.1294 t_acc=0.751 | v_win_bal=0.575 v_rec_bal=0.467 | lr=1.0e-03 | 2.0s
  Fold 4 | Ep   4/100 | t_loss=0.1103 t_acc=0.799 | v_win_bal=0.601 v_rec_bal=0.467 | lr=1.0e-03 | 1.7s
  Fold 4 | Ep   5/100 | t_loss=0.0975 t_acc=0.828 | v_win_bal=0.620 v_rec_bal=0.633 | lr=1.0e-03 | 1.8s
  Fold 4 | Ep   6/100 | t_loss=0.0863 t_acc=0.849 | v_win_bal=0.614 v_rec_bal=0.550 | lr=1.0e-03 | 1.7s
  Fold 4 | Ep   7/100 | t_loss=0.0760 t_acc=0.872 | v_win_bal=0.624 v_rec_bal=0.550 | lr=1.0e-03 | 1.7s
  Fold 4 | Ep   8/100 | t_loss=0.0725 t_acc=0.879 | v_win_bal=0.620 v_rec_bal=0.550 | lr=9.9e-04 | 1.8s
  Fold 4 | Ep   9/100 | t_loss=0.0621 t_acc=0.900 | v_win_bal=0.640 v_rec_bal=0.550 | lr=9.9e-04 | 1.9s
  Fold 4 | Ep  10/100 | t_loss=0.0559 t_acc=0.908 | v_win_bal=0.649 v_rec_bal=0.550 | lr=9.9e-04 | 1.9s
  Fold 4 | Ep  11/100 | t_loss=0.0509 t_acc=0.923 | v_win_bal=0.619 v_rec_bal=0.550 | lr=9.8e-04 | 1.8s
  Fold 4 | Ep  12/100 | t_loss=0.0447 t_acc=0.934 | v_win_bal=0.642 v_rec_bal=0.550 | lr=9.8e-04 | 1.8s
  Fold 4 | Ep  13/100 | t_loss=0.0443 t_acc=0.934 | v_win_bal=0.623 v_rec_bal=0.550 | lr=9.7e-04 | 1.7s
  Fold 4 | Ep  14/100 | t_loss=0.0389 t_acc=0.938 | v_win_bal=0.635 v_rec_bal=0.550 | lr=9.7e-04 | 1.7s
  Fold 4 | Ep  15/100 | t_loss=0.0364 t_acc=0.945 | v_win_bal=0.658 v_rec_bal=0.633 | lr=9.6e-04 | 1.7s
  Fold 4 | Ep  16/100 | t_loss=0.0303 t_acc=0.960 | v_win_bal=0.619 v_rec_bal=0.500 | lr=9.6e-04 | 1.7s
  Fold 4 | Ep  17/100 | t_loss=0.0294 t_acc=0.958 | v_win_bal=0.610 v_rec_bal=0.500 | lr=9.5e-04 | 1.7s
  Fold 4 | Ep  18/100 | t_loss=0.0286 t_acc=0.963 | v_win_bal=0.628 v_rec_bal=0.550 | lr=9.4e-04 | 1.8s
  Fold 4 | Ep  19/100 | t_loss=0.0275 t_acc=0.965 | v_win_bal=0.636 v_rec_bal=0.600 | lr=9.3e-04 | 1.9s
  Fold 4 | Ep  20/100 | t_loss=0.0240 t_acc=0.967 | v_win_bal=0.628 v_rec_bal=0.600 | lr=9.3e-04 | 1.7s
  Fold 4 | Ep  21/100 | t_loss=0.0235 t_acc=0.969 | v_win_bal=0.634 v_rec_bal=0.500 | lr=9.2e-04 | 1.9s
  Early stop at epoch 21
  -> Test (best @ epoch 1): acc=0.6667, bal_acc=0.4444

============================================================
Fold 5/5
============================================================
  Train:  39 samples, 11 subjects [1, 2, 4, 5, 8, 9, 10, 12, 14, 16, 17], label_0=28, label_1=11
    Val:  16 samples,  3 subjects [3, 7, 13], label_0=10, label_1=6
   Test:  15 samples,  3 subjects [6, 11, 18], label_0=9, label_1=6
  Building window datasets...
    WindowDataset: 5488 windows (class_0=2461, class_1=3027)
    WindowDataset: 1204 windows (class_0=834, class_1=370)
    WindowDataset: 1128 windows (class_0=547, class_1=581)
[EEGNet] F1=8 D=2 F2=16 kernel=100 T=1000 → embed_dim=496  (1,872 params)
  Fold 5 | Ep   1/100 | t_loss=0.1761 t_acc=0.521 | v_win_bal=0.537 v_rec_bal=0.550 | lr=3.3e-04 | 1.6s
  Fold 5 | Ep   2/100 | t_loss=0.1604 t_acc=0.637 | v_win_bal=0.616 v_rec_bal=0.683 | lr=6.7e-04 | 1.8s
  Fold 5 | Ep   3/100 | t_loss=0.1351 t_acc=0.729 | v_win_bal=0.627 v_rec_bal=0.550 | lr=1.0e-03 | 1.6s
  Fold 5 | Ep   4/100 | t_loss=0.1130 t_acc=0.791 | v_win_bal=0.603 v_rec_bal=0.567 | lr=1.0e-03 | 1.6s
  Fold 5 | Ep   5/100 | t_loss=0.1017 t_acc=0.819 | v_win_bal=0.613 v_rec_bal=0.517 | lr=1.0e-03 | 1.6s
  Fold 5 | Ep   6/100 | t_loss=0.0879 t_acc=0.849 | v_win_bal=0.611 v_rec_bal=0.600 | lr=1.0e-03 | 1.6s
  Fold 5 | Ep   7/100 | t_loss=0.0772 t_acc=0.878 | v_win_bal=0.619 v_rec_bal=0.567 | lr=1.0e-03 | 1.6s
  Fold 5 | Ep   8/100 | t_loss=0.0710 t_acc=0.887 | v_win_bal=0.624 v_rec_bal=0.517 | lr=9.9e-04 | 1.7s
  Fold 5 | Ep   9/100 | t_loss=0.0597 t_acc=0.908 | v_win_bal=0.641 v_rec_bal=0.683 | lr=9.9e-04 | 1.7s
  Fold 5 | Ep  10/100 | t_loss=0.0532 t_acc=0.921 | v_win_bal=0.675 v_rec_bal=0.767 | lr=9.9e-04 | 1.6s
  Fold 5 | Ep  11/100 | t_loss=0.0469 t_acc=0.932 | v_win_bal=0.663 v_rec_bal=0.783 | lr=9.8e-04 | 1.6s
  Fold 5 | Ep  12/100 | t_loss=0.0432 t_acc=0.939 | v_win_bal=0.683 v_rec_bal=0.817 | lr=9.8e-04 | 1.6s
  Fold 5 | Ep  13/100 | t_loss=0.0348 t_acc=0.952 | v_win_bal=0.671 v_rec_bal=0.783 | lr=9.7e-04 | 1.6s
  Fold 5 | Ep  14/100 | t_loss=0.0312 t_acc=0.954 | v_win_bal=0.686 v_rec_bal=0.767 | lr=9.7e-04 | 1.8s
  Fold 5 | Ep  15/100 | t_loss=0.0286 t_acc=0.957 | v_win_bal=0.720 v_rec_bal=0.817 | lr=9.6e-04 | 1.6s
  Fold 5 | Ep  16/100 | t_loss=0.0246 t_acc=0.967 | v_win_bal=0.688 v_rec_bal=0.817 | lr=9.6e-04 | 1.6s
  Fold 5 | Ep  17/100 | t_loss=0.0218 t_acc=0.966 | v_win_bal=0.640 v_rec_bal=0.700 | lr=9.5e-04 | 1.7s
  Fold 5 | Ep  18/100 | t_loss=0.0215 t_acc=0.969 | v_win_bal=0.683 v_rec_bal=0.867 | lr=9.4e-04 | 1.6s
  Fold 5 | Ep  19/100 | t_loss=0.0202 t_acc=0.976 | v_win_bal=0.709 v_rec_bal=0.817 | lr=9.3e-04 | 1.8s
  Fold 5 | Ep  20/100 | t_loss=0.0172 t_acc=0.977 | v_win_bal=0.675 v_rec_bal=0.783 | lr=9.3e-04 | 1.8s
  Fold 5 | Ep  21/100 | t_loss=0.0166 t_acc=0.975 | v_win_bal=0.703 v_rec_bal=0.817 | lr=9.2e-04 | 1.9s
  Fold 5 | Ep  22/100 | t_loss=0.0147 t_acc=0.981 | v_win_bal=0.640 v_rec_bal=0.733 | lr=9.1e-04 | 1.7s
  Fold 5 | Ep  23/100 | t_loss=0.0158 t_acc=0.979 | v_win_bal=0.665 v_rec_bal=0.783 | lr=9.0e-04 | 1.7s
  Fold 5 | Ep  24/100 | t_loss=0.0144 t_acc=0.982 | v_win_bal=0.607 v_rec_bal=0.650 | lr=8.9e-04 | 1.7s
  Fold 5 | Ep  25/100 | t_loss=0.0148 t_acc=0.980 | v_win_bal=0.645 v_rec_bal=0.817 | lr=8.8e-04 | 1.7s
  Fold 5 | Ep  26/100 | t_loss=0.0126 t_acc=0.985 | v_win_bal=0.632 v_rec_bal=0.700 | lr=8.7e-04 | 1.7s
  Fold 5 | Ep  27/100 | t_loss=0.0097 t_acc=0.988 | v_win_bal=0.657 v_rec_bal=0.917 | lr=8.6e-04 | 1.7s
  Fold 5 | Ep  28/100 | t_loss=0.0119 t_acc=0.985 | v_win_bal=0.640 v_rec_bal=0.817 | lr=8.4e-04 | 1.9s
  Fold 5 | Ep  29/100 | t_loss=0.0078 t_acc=0.989 | v_win_bal=0.640 v_rec_bal=0.733 | lr=8.3e-04 | 1.6s
  Fold 5 | Ep  30/100 | t_loss=0.0097 t_acc=0.988 | v_win_bal=0.612 v_rec_bal=0.733 | lr=8.2e-04 | 1.6s
  Fold 5 | Ep  31/100 | t_loss=0.0099 t_acc=0.985 | v_win_bal=0.636 v_rec_bal=0.750 | lr=8.1e-04 | 1.7s
  Fold 5 | Ep  32/100 | t_loss=0.0098 t_acc=0.988 | v_win_bal=0.622 v_rec_bal=0.583 | lr=8.0e-04 | 1.7s
  Fold 5 | Ep  33/100 | t_loss=0.0093 t_acc=0.989 | v_win_bal=0.603 v_rec_bal=0.617 | lr=7.8e-04 | 1.6s
  Fold 5 | Ep  34/100 | t_loss=0.0099 t_acc=0.986 | v_win_bal=0.632 v_rec_bal=0.700 | lr=7.7e-04 | 1.6s
  Fold 5 | Ep  35/100 | t_loss=0.0066 t_acc=0.991 | v_win_bal=0.619 v_rec_bal=0.783 | lr=7.5e-04 | 1.8s
  Fold 5 | Ep  36/100 | t_loss=0.0090 t_acc=0.987 | v_win_bal=0.611 v_rec_bal=0.700 | lr=7.4e-04 | 1.7s
  Fold 5 | Ep  37/100 | t_loss=0.0083 t_acc=0.989 | v_win_bal=0.614 v_rec_bal=0.617 | lr=7.3e-04 | 1.6s
  Fold 5 | Ep  38/100 | t_loss=0.0078 t_acc=0.990 | v_win_bal=0.614 v_rec_bal=0.700 | lr=7.1e-04 | 1.6s
  Fold 5 | Ep  39/100 | t_loss=0.0069 t_acc=0.991 | v_win_bal=0.608 v_rec_bal=0.700 | lr=7.0e-04 | 1.6s
  Fold 5 | Ep  40/100 | t_loss=0.0064 t_acc=0.989 | v_win_bal=0.582 v_rec_bal=0.533 | lr=6.8e-04 | 1.6s
  Early stop at epoch 40
  -> Test (best @ epoch 27): acc=0.6000, bal_acc=0.6111

============================================================
Global Results (5-Fold, subject-level CV)
Mode: FT | Extractor: eegnet | Loss: focal
============================================================
              acc: 0.5571
          bal_acc: 0.5370
               f1: 0.5686
            kappa: 0.0687
  Total predictions: 70 (should equal dataset size: 70)

Results saved to results/hp_sweep/20260409_main/eegnet/eegnet_dropout0.1_lr1e-3_s2024/
