CMD: /raid/jupyter-linjimmy1003.md10/.conda/envs/stress/bin/python train_ft.py --extractor eegnet --seed 42 --device cuda:4 --run-id hp_sweep/20260409_main/eegnet/eegnet_dropout0.5_lr3e-4_s42 --mode ft --folds 5 --epochs 100 --patience 20 --batch-size 32 --label subject-dass --loss focal --head-hidden 128 --csv data/comprehensive_labels.csv --weight-decay 0.05 --grad-clip 2.0 --warmup-epochs 3 --aug-overlap 0.75 --norm zscore --dropout 0.5 --lr 0.0003

/raid/jupyter-linjimmy1003.md10/.conda/envs/stress/lib/python3.11/site-packages/timm/models/layers/__init__.py:49: FutureWarning: Importing from timm.models.layers is deprecated, please import via timm.layers
  warnings.warn(f"Importing from {__name__} is deprecated, please import via timm.layers", FutureWarning)
Mode: FT | Extractor: eegnet | Folds: 5
LR: 0.0003 | WD: 0.05 | Beta2: 0.999 | Grad clip: 2.0
Head: hidden=128, dropout=0.5 | Norm: zscore | Loss: focal
Full FT: encoder_lr_scale=0.1
Augmentation: 75% overlap for increase class

Results → results/hp_sweep/20260409_main/eegnet/eegnet_dropout0.5_lr3e-4_s42/
Dataset: 70 recordings loaded (14 increase, 56 normal)
Cache: 70 recordings ready (70 cached, 0 new)
Subject-DASS labels: increase=23 (5 subjects), normal=47

============================================================
Fold 1/5
============================================================
  Train:  43 samples, 10 subjects [2, 3, 5, 6, 7, 9, 11, 13, 17, 18], label_0=28, label_1=15
    Val:  13 samples,  3 subjects [4, 8, 10], label_0=10, label_1=3
   Test:  14 samples,  4 subjects [1, 12, 14, 16], label_0=9, label_1=5
  Building window datasets...
    WindowDataset: 6561 windows (class_0=2058, class_1=4503)
    WindowDataset: 900 windows (class_0=638, class_1=262)
    WindowDataset: 1463 windows (class_0=1146, class_1=317)
[EEGNet] F1=8 D=2 F2=16 kernel=100 T=1000 → embed_dim=496  (1,872 params)
  Trainable parameters: 129,491
  Class weights: [1.59402334690094, 0.7285143136978149]
  Fold 1 | Ep   1/100 | t_loss=0.1861 t_acc=0.489 | v_win_bal=0.454 v_rec_bal=0.400 | lr=1.0e-04 | 4.9s
  Fold 1 | Ep   2/100 | t_loss=0.1788 t_acc=0.528 | v_win_bal=0.452 v_rec_bal=0.300 | lr=2.0e-04 | 1.9s
  Fold 1 | Ep   3/100 | t_loss=0.1731 t_acc=0.554 | v_win_bal=0.472 v_rec_bal=0.367 | lr=3.0e-04 | 1.9s
  Fold 1 | Ep   4/100 | t_loss=0.1659 t_acc=0.607 | v_win_bal=0.514 v_rec_bal=0.533 | lr=3.0e-04 | 1.8s
  Fold 1 | Ep   5/100 | t_loss=0.1590 t_acc=0.631 | v_win_bal=0.554 v_rec_bal=0.533 | lr=3.0e-04 | 1.8s
  Fold 1 | Ep   6/100 | t_loss=0.1488 t_acc=0.686 | v_win_bal=0.576 v_rec_bal=0.533 | lr=3.0e-04 | 1.8s
  Fold 1 | Ep   7/100 | t_loss=0.1383 t_acc=0.725 | v_win_bal=0.578 v_rec_bal=0.533 | lr=3.0e-04 | 2.0s
  Fold 1 | Ep   8/100 | t_loss=0.1297 t_acc=0.756 | v_win_bal=0.580 v_rec_bal=0.533 | lr=3.0e-04 | 1.8s
  Fold 1 | Ep   9/100 | t_loss=0.1262 t_acc=0.765 | v_win_bal=0.579 v_rec_bal=0.483 | lr=3.0e-04 | 1.8s
  Fold 1 | Ep  10/100 | t_loss=0.1234 t_acc=0.776 | v_win_bal=0.581 v_rec_bal=0.483 | lr=3.0e-04 | 1.9s
  Fold 1 | Ep  11/100 | t_loss=0.1194 t_acc=0.790 | v_win_bal=0.579 v_rec_bal=0.483 | lr=2.9e-04 | 1.9s
  Fold 1 | Ep  12/100 | t_loss=0.1161 t_acc=0.796 | v_win_bal=0.583 v_rec_bal=0.483 | lr=2.9e-04 | 1.8s
  Fold 1 | Ep  13/100 | t_loss=0.1103 t_acc=0.812 | v_win_bal=0.579 v_rec_bal=0.483 | lr=2.9e-04 | 1.8s
  Fold 1 | Ep  14/100 | t_loss=0.1103 t_acc=0.811 | v_win_bal=0.575 v_rec_bal=0.483 | lr=2.9e-04 | 1.8s
  Fold 1 | Ep  15/100 | t_loss=0.1061 t_acc=0.811 | v_win_bal=0.574 v_rec_bal=0.483 | lr=2.9e-04 | 1.9s
  Fold 1 | Ep  16/100 | t_loss=0.1036 t_acc=0.824 | v_win_bal=0.576 v_rec_bal=0.483 | lr=2.9e-04 | 1.9s
  Fold 1 | Ep  17/100 | t_loss=0.1006 t_acc=0.827 | v_win_bal=0.572 v_rec_bal=0.483 | lr=2.8e-04 | 1.9s
  Fold 1 | Ep  18/100 | t_loss=0.0988 t_acc=0.839 | v_win_bal=0.575 v_rec_bal=0.533 | lr=2.8e-04 | 1.8s
  Fold 1 | Ep  19/100 | t_loss=0.0959 t_acc=0.841 | v_win_bal=0.570 v_rec_bal=0.483 | lr=2.8e-04 | 1.8s
  Fold 1 | Ep  20/100 | t_loss=0.0962 t_acc=0.843 | v_win_bal=0.569 v_rec_bal=0.483 | lr=2.8e-04 | 1.9s
  Fold 1 | Ep  21/100 | t_loss=0.0913 t_acc=0.855 | v_win_bal=0.572 v_rec_bal=0.533 | lr=2.8e-04 | 1.8s
  Fold 1 | Ep  22/100 | t_loss=0.0912 t_acc=0.852 | v_win_bal=0.559 v_rec_bal=0.483 | lr=2.7e-04 | 1.8s
  Fold 1 | Ep  23/100 | t_loss=0.0902 t_acc=0.857 | v_win_bal=0.565 v_rec_bal=0.483 | lr=2.7e-04 | 1.8s
  Fold 1 | Ep  24/100 | t_loss=0.0867 t_acc=0.867 | v_win_bal=0.574 v_rec_bal=0.533 | lr=2.7e-04 | 1.9s
  Fold 1 | Ep  25/100 | t_loss=0.0839 t_acc=0.869 | v_win_bal=0.572 v_rec_bal=0.533 | lr=2.6e-04 | 1.8s
  Fold 1 | Ep  26/100 | t_loss=0.0823 t_acc=0.871 | v_win_bal=0.563 v_rec_bal=0.533 | lr=2.6e-04 | 1.8s
  Early stop at epoch 26
  -> Test (best @ epoch 4): acc=0.8571, bal_acc=0.8889

============================================================
Fold 2/5
============================================================
  Train:  43 samples, 10 subjects [3, 4, 6, 7, 11, 13, 14, 16, 17, 18], label_0=28, label_1=15
    Val:  14 samples,  4 subjects [1, 2, 9, 12], label_0=9, label_1=5
   Test:  13 samples,  3 subjects [5, 8, 10], label_0=10, label_1=3
  Building window datasets...
    WindowDataset: 6670 windows (class_0=2167, class_1=4503)
    WindowDataset: 1341 windows (class_0=1024, class_1=317)
    WindowDataset: 913 windows (class_0=651, class_1=262)
[EEGNet] F1=8 D=2 F2=16 kernel=100 T=1000 → embed_dim=496  (1,872 params)
  Fold 2 | Ep   1/100 | t_loss=0.1890 t_acc=0.504 | v_win_bal=0.527 v_rec_bal=0.500 | lr=1.0e-04 | 2.0s
  Fold 2 | Ep   2/100 | t_loss=0.1810 t_acc=0.541 | v_win_bal=0.561 v_rec_bal=0.556 | lr=2.0e-04 | 2.0s
  Fold 2 | Ep   3/100 | t_loss=0.1765 t_acc=0.554 | v_win_bal=0.631 v_rec_bal=0.678 | lr=3.0e-04 | 2.0s
  Fold 2 | Ep   4/100 | t_loss=0.1701 t_acc=0.583 | v_win_bal=0.642 v_rec_bal=0.722 | lr=3.0e-04 | 2.0s
  Fold 2 | Ep   5/100 | t_loss=0.1683 t_acc=0.601 | v_win_bal=0.690 v_rec_bal=0.733 | lr=3.0e-04 | 2.0s
  Fold 2 | Ep   6/100 | t_loss=0.1628 t_acc=0.626 | v_win_bal=0.703 v_rec_bal=0.678 | lr=3.0e-04 | 2.1s
  Fold 2 | Ep   7/100 | t_loss=0.1567 t_acc=0.653 | v_win_bal=0.726 v_rec_bal=0.789 | lr=3.0e-04 | 1.9s
  Fold 2 | Ep   8/100 | t_loss=0.1510 t_acc=0.675 | v_win_bal=0.744 v_rec_bal=0.744 | lr=3.0e-04 | 1.9s
  Fold 2 | Ep   9/100 | t_loss=0.1437 t_acc=0.703 | v_win_bal=0.754 v_rec_bal=0.744 | lr=3.0e-04 | 2.0s
  Fold 2 | Ep  10/100 | t_loss=0.1331 t_acc=0.740 | v_win_bal=0.770 v_rec_bal=0.744 | lr=3.0e-04 | 2.0s
  Fold 2 | Ep  11/100 | t_loss=0.1248 t_acc=0.767 | v_win_bal=0.777 v_rec_bal=0.744 | lr=2.9e-04 | 1.9s
  Fold 2 | Ep  12/100 | t_loss=0.1117 t_acc=0.795 | v_win_bal=0.765 v_rec_bal=0.744 | lr=2.9e-04 | 2.0s
  Fold 2 | Ep  13/100 | t_loss=0.1056 t_acc=0.818 | v_win_bal=0.770 v_rec_bal=0.744 | lr=2.9e-04 | 2.0s
  Fold 2 | Ep  14/100 | t_loss=0.1022 t_acc=0.821 | v_win_bal=0.754 v_rec_bal=0.744 | lr=2.9e-04 | 1.9s
  Fold 2 | Ep  15/100 | t_loss=0.0991 t_acc=0.837 | v_win_bal=0.755 v_rec_bal=0.744 | lr=2.9e-04 | 2.3s
  Fold 2 | Ep  16/100 | t_loss=0.0951 t_acc=0.841 | v_win_bal=0.757 v_rec_bal=0.744 | lr=2.9e-04 | 1.9s
  Fold 2 | Ep  17/100 | t_loss=0.0906 t_acc=0.849 | v_win_bal=0.755 v_rec_bal=0.689 | lr=2.8e-04 | 1.9s
  Fold 2 | Ep  18/100 | t_loss=0.0897 t_acc=0.855 | v_win_bal=0.744 v_rec_bal=0.689 | lr=2.8e-04 | 1.9s
  Fold 2 | Ep  19/100 | t_loss=0.0863 t_acc=0.866 | v_win_bal=0.744 v_rec_bal=0.689 | lr=2.8e-04 | 2.0s
  Fold 2 | Ep  20/100 | t_loss=0.0819 t_acc=0.870 | v_win_bal=0.742 v_rec_bal=0.689 | lr=2.8e-04 | 2.0s
  Fold 2 | Ep  21/100 | t_loss=0.0819 t_acc=0.871 | v_win_bal=0.741 v_rec_bal=0.689 | lr=2.8e-04 | 1.9s
  Fold 2 | Ep  22/100 | t_loss=0.0813 t_acc=0.875 | v_win_bal=0.737 v_rec_bal=0.689 | lr=2.7e-04 | 2.1s
  Fold 2 | Ep  23/100 | t_loss=0.0788 t_acc=0.879 | v_win_bal=0.739 v_rec_bal=0.689 | lr=2.7e-04 | 1.9s
  Fold 2 | Ep  24/100 | t_loss=0.0758 t_acc=0.880 | v_win_bal=0.738 v_rec_bal=0.689 | lr=2.7e-04 | 2.1s
  Fold 2 | Ep  25/100 | t_loss=0.0743 t_acc=0.881 | v_win_bal=0.741 v_rec_bal=0.689 | lr=2.6e-04 | 1.9s
  Fold 2 | Ep  26/100 | t_loss=0.0712 t_acc=0.886 | v_win_bal=0.728 v_rec_bal=0.689 | lr=2.6e-04 | 2.0s
  Fold 2 | Ep  27/100 | t_loss=0.0718 t_acc=0.889 | v_win_bal=0.746 v_rec_bal=0.689 | lr=2.6e-04 | 1.9s
  Fold 2 | Ep  28/100 | t_loss=0.0716 t_acc=0.889 | v_win_bal=0.726 v_rec_bal=0.689 | lr=2.5e-04 | 1.9s
  Fold 2 | Ep  29/100 | t_loss=0.0668 t_acc=0.890 | v_win_bal=0.733 v_rec_bal=0.689 | lr=2.5e-04 | 1.9s
  Early stop at epoch 29
  -> Test (best @ epoch 7): acc=0.5385, bal_acc=0.5833

============================================================
Fold 3/5
============================================================
  Train:  40 samples, 10 subjects [4, 5, 8, 9, 10, 11, 13, 16, 17, 18], label_0=28, label_1=12
    Val:  14 samples,  4 subjects [1, 2, 12, 14], label_0=9, label_1=5
   Test:  16 samples,  3 subjects [3, 6, 7], label_0=10, label_1=6
  Building window datasets...
    WindowDataset: 6192 windows (class_0=2112, class_1=4080)
    WindowDataset: 1457 windows (class_0=1140, class_1=317)
    WindowDataset: 960 windows (class_0=590, class_1=370)
[EEGNet] F1=8 D=2 F2=16 kernel=100 T=1000 → embed_dim=496  (1,872 params)
  Fold 3 | Ep   1/100 | t_loss=0.1868 t_acc=0.546 | v_win_bal=0.478 v_rec_bal=0.500 | lr=1.0e-04 | 2.0s
  Fold 3 | Ep   2/100 | t_loss=0.1805 t_acc=0.515 | v_win_bal=0.548 v_rec_bal=0.500 | lr=2.0e-04 | 1.8s
  Fold 3 | Ep   3/100 | t_loss=0.1756 t_acc=0.542 | v_win_bal=0.560 v_rec_bal=0.500 | lr=3.0e-04 | 1.8s
  Fold 3 | Ep   4/100 | t_loss=0.1724 t_acc=0.559 | v_win_bal=0.706 v_rec_bal=0.644 | lr=3.0e-04 | 1.8s
  Fold 3 | Ep   5/100 | t_loss=0.1677 t_acc=0.598 | v_win_bal=0.773 v_rec_bal=0.944 | lr=3.0e-04 | 1.8s
  Fold 3 | Ep   6/100 | t_loss=0.1622 t_acc=0.633 | v_win_bal=0.784 v_rec_bal=0.844 | lr=3.0e-04 | 1.8s
  Fold 3 | Ep   7/100 | t_loss=0.1534 t_acc=0.665 | v_win_bal=0.797 v_rec_bal=0.944 | lr=3.0e-04 | 1.8s
  Fold 3 | Ep   8/100 | t_loss=0.1486 t_acc=0.686 | v_win_bal=0.808 v_rec_bal=0.944 | lr=3.0e-04 | 1.8s
  Fold 3 | Ep   9/100 | t_loss=0.1423 t_acc=0.711 | v_win_bal=0.813 v_rec_bal=0.944 | lr=3.0e-04 | 1.8s
  Fold 3 | Ep  10/100 | t_loss=0.1371 t_acc=0.728 | v_win_bal=0.815 v_rec_bal=0.944 | lr=3.0e-04 | 2.0s
  Fold 3 | Ep  11/100 | t_loss=0.1309 t_acc=0.747 | v_win_bal=0.802 v_rec_bal=0.844 | lr=2.9e-04 | 1.9s
  Fold 3 | Ep  12/100 | t_loss=0.1277 t_acc=0.763 | v_win_bal=0.795 v_rec_bal=0.844 | lr=2.9e-04 | 2.1s
  Fold 3 | Ep  13/100 | t_loss=0.1220 t_acc=0.777 | v_win_bal=0.806 v_rec_bal=0.844 | lr=2.9e-04 | 2.0s
  Fold 3 | Ep  14/100 | t_loss=0.1175 t_acc=0.788 | v_win_bal=0.775 v_rec_bal=0.844 | lr=2.9e-04 | 1.8s
  Fold 3 | Ep  15/100 | t_loss=0.1121 t_acc=0.800 | v_win_bal=0.755 v_rec_bal=0.844 | lr=2.9e-04 | 1.8s
  Fold 3 | Ep  16/100 | t_loss=0.1079 t_acc=0.809 | v_win_bal=0.792 v_rec_bal=0.844 | lr=2.9e-04 | 1.8s
  Fold 3 | Ep  17/100 | t_loss=0.1014 t_acc=0.825 | v_win_bal=0.764 v_rec_bal=0.844 | lr=2.8e-04 | 1.8s
  Fold 3 | Ep  18/100 | t_loss=0.0987 t_acc=0.833 | v_win_bal=0.782 v_rec_bal=0.844 | lr=2.8e-04 | 1.8s
  Fold 3 | Ep  19/100 | t_loss=0.0900 t_acc=0.850 | v_win_bal=0.760 v_rec_bal=0.744 | lr=2.8e-04 | 1.8s
  Fold 3 | Ep  20/100 | t_loss=0.0861 t_acc=0.861 | v_win_bal=0.766 v_rec_bal=0.744 | lr=2.8e-04 | 1.8s
  Fold 3 | Ep  21/100 | t_loss=0.0846 t_acc=0.862 | v_win_bal=0.741 v_rec_bal=0.744 | lr=2.8e-04 | 1.8s
  Fold 3 | Ep  22/100 | t_loss=0.0773 t_acc=0.875 | v_win_bal=0.781 v_rec_bal=0.744 | lr=2.7e-04 | 1.8s
  Fold 3 | Ep  23/100 | t_loss=0.0749 t_acc=0.885 | v_win_bal=0.755 v_rec_bal=0.744 | lr=2.7e-04 | 1.8s
  Fold 3 | Ep  24/100 | t_loss=0.0758 t_acc=0.883 | v_win_bal=0.767 v_rec_bal=0.744 | lr=2.7e-04 | 2.0s
  Fold 3 | Ep  25/100 | t_loss=0.0720 t_acc=0.887 | v_win_bal=0.758 v_rec_bal=0.744 | lr=2.6e-04 | 1.8s
  Fold 3 | Ep  26/100 | t_loss=0.0710 t_acc=0.888 | v_win_bal=0.768 v_rec_bal=0.744 | lr=2.6e-04 | 1.8s
  Fold 3 | Ep  27/100 | t_loss=0.0691 t_acc=0.892 | v_win_bal=0.751 v_rec_bal=0.744 | lr=2.6e-04 | 1.8s
  Fold 3 | Ep  28/100 | t_loss=0.0681 t_acc=0.895 | v_win_bal=0.741 v_rec_bal=0.744 | lr=2.5e-04 | 1.8s
  Fold 3 | Ep  29/100 | t_loss=0.0699 t_acc=0.900 | v_win_bal=0.769 v_rec_bal=0.744 | lr=2.5e-04 | 2.0s
  Early stop at epoch 29
  -> Test (best @ epoch 5): acc=0.4375, bal_acc=0.3833

============================================================
Fold 4/5
============================================================
  Train:  39 samples, 11 subjects [1, 2, 4, 5, 8, 9, 10, 12, 14, 16, 17], label_0=28, label_1=11
    Val:  16 samples,  3 subjects [3, 6, 7], label_0=10, label_1=6
   Test:  15 samples,  3 subjects [11, 13, 18], label_0=9, label_1=6
  Building window datasets...
    WindowDataset: 5488 windows (class_0=2461, class_1=3027)
    WindowDataset: 960 windows (class_0=590, class_1=370)
    WindowDataset: 1372 windows (class_0=791, class_1=581)
[EEGNet] F1=8 D=2 F2=16 kernel=100 T=1000 → embed_dim=496  (1,872 params)
  Fold 4 | Ep   1/100 | t_loss=0.1897 t_acc=0.502 | v_win_bal=0.539 v_rec_bal=0.550 | lr=1.0e-04 | 1.8s
  Fold 4 | Ep   2/100 | t_loss=0.1812 t_acc=0.528 | v_win_bal=0.574 v_rec_bal=0.600 | lr=2.0e-04 | 1.6s
  Fold 4 | Ep   3/100 | t_loss=0.1740 t_acc=0.565 | v_win_bal=0.619 v_rec_bal=0.617 | lr=3.0e-04 | 1.6s
  Fold 4 | Ep   4/100 | t_loss=0.1656 t_acc=0.610 | v_win_bal=0.610 v_rec_bal=0.567 | lr=3.0e-04 | 1.5s
  Fold 4 | Ep   5/100 | t_loss=0.1577 t_acc=0.654 | v_win_bal=0.579 v_rec_bal=0.567 | lr=3.0e-04 | 1.6s
  Fold 4 | Ep   6/100 | t_loss=0.1489 t_acc=0.677 | v_win_bal=0.532 v_rec_bal=0.400 | lr=3.0e-04 | 1.6s
  Fold 4 | Ep   7/100 | t_loss=0.1417 t_acc=0.704 | v_win_bal=0.514 v_rec_bal=0.350 | lr=3.0e-04 | 1.6s
  Fold 4 | Ep   8/100 | t_loss=0.1352 t_acc=0.728 | v_win_bal=0.504 v_rec_bal=0.400 | lr=3.0e-04 | 1.6s
  Fold 4 | Ep   9/100 | t_loss=0.1276 t_acc=0.750 | v_win_bal=0.490 v_rec_bal=0.400 | lr=3.0e-04 | 1.7s
  Fold 4 | Ep  10/100 | t_loss=0.1185 t_acc=0.775 | v_win_bal=0.497 v_rec_bal=0.450 | lr=3.0e-04 | 1.6s
  Fold 4 | Ep  11/100 | t_loss=0.1127 t_acc=0.794 | v_win_bal=0.495 v_rec_bal=0.450 | lr=2.9e-04 | 1.6s
  Fold 4 | Ep  12/100 | t_loss=0.1076 t_acc=0.817 | v_win_bal=0.498 v_rec_bal=0.450 | lr=2.9e-04 | 1.5s
  Fold 4 | Ep  13/100 | t_loss=0.1019 t_acc=0.815 | v_win_bal=0.500 v_rec_bal=0.450 | lr=2.9e-04 | 1.6s
  Fold 4 | Ep  14/100 | t_loss=0.0984 t_acc=0.828 | v_win_bal=0.484 v_rec_bal=0.450 | lr=2.9e-04 | 1.6s
  Fold 4 | Ep  15/100 | t_loss=0.0939 t_acc=0.842 | v_win_bal=0.483 v_rec_bal=0.450 | lr=2.9e-04 | 1.6s
  Fold 4 | Ep  16/100 | t_loss=0.0933 t_acc=0.841 | v_win_bal=0.498 v_rec_bal=0.450 | lr=2.9e-04 | 1.7s
  Fold 4 | Ep  17/100 | t_loss=0.0909 t_acc=0.847 | v_win_bal=0.495 v_rec_bal=0.450 | lr=2.8e-04 | 1.6s
  Fold 4 | Ep  18/100 | t_loss=0.0866 t_acc=0.857 | v_win_bal=0.482 v_rec_bal=0.450 | lr=2.8e-04 | 1.6s
  Fold 4 | Ep  19/100 | t_loss=0.0865 t_acc=0.860 | v_win_bal=0.491 v_rec_bal=0.500 | lr=2.8e-04 | 1.6s
  Fold 4 | Ep  20/100 | t_loss=0.0818 t_acc=0.867 | v_win_bal=0.504 v_rec_bal=0.500 | lr=2.8e-04 | 1.6s
  Fold 4 | Ep  21/100 | t_loss=0.0844 t_acc=0.860 | v_win_bal=0.491 v_rec_bal=0.500 | lr=2.8e-04 | 1.6s
  Fold 4 | Ep  22/100 | t_loss=0.0798 t_acc=0.866 | v_win_bal=0.475 v_rec_bal=0.500 | lr=2.7e-04 | 1.6s
  Fold 4 | Ep  23/100 | t_loss=0.0777 t_acc=0.883 | v_win_bal=0.484 v_rec_bal=0.500 | lr=2.7e-04 | 1.5s
  Fold 4 | Ep  24/100 | t_loss=0.0785 t_acc=0.872 | v_win_bal=0.469 v_rec_bal=0.500 | lr=2.7e-04 | 1.7s
  Early stop at epoch 24
  -> Test (best @ epoch 3): acc=0.6000, bal_acc=0.6667

============================================================
Fold 5/5
============================================================
  Train:  44 samples,  9 subjects [3, 5, 6, 7, 8, 10, 11, 13, 18], label_0=29, label_1=15
    Val:  14 samples,  4 subjects [1, 12, 14, 16], label_0=9, label_1=5
   Test:  12 samples,  4 subjects [2, 4, 9, 17], label_0=9, label_1=3
  Building window datasets...
    WindowDataset: 6839 windows (class_0=2032, class_1=4807)
    WindowDataset: 1463 windows (class_0=1146, class_1=317)
    WindowDataset: 850 windows (class_0=664, class_1=186)
[EEGNet] F1=8 D=2 F2=16 kernel=100 T=1000 → embed_dim=496  (1,872 params)
  Fold 5 | Ep   1/100 | t_loss=0.1816 t_acc=0.549 | v_win_bal=0.526 v_rec_bal=0.500 | lr=1.0e-04 | 2.1s
  Fold 5 | Ep   2/100 | t_loss=0.1775 t_acc=0.547 | v_win_bal=0.595 v_rec_bal=0.500 | lr=2.0e-04 | 2.1s
  Fold 5 | Ep   3/100 | t_loss=0.1729 t_acc=0.584 | v_win_bal=0.724 v_rec_bal=0.689 | lr=3.0e-04 | 2.2s
  Fold 5 | Ep   4/100 | t_loss=0.1636 t_acc=0.633 | v_win_bal=0.822 v_rec_bal=0.844 | lr=3.0e-04 | 2.0s
  Fold 5 | Ep   5/100 | t_loss=0.1445 t_acc=0.713 | v_win_bal=0.853 v_rec_bal=0.900 | lr=3.0e-04 | 2.0s
  Fold 5 | Ep   6/100 | t_loss=0.1342 t_acc=0.753 | v_win_bal=0.903 v_rec_bal=1.000 | lr=3.0e-04 | 2.0s
  Fold 5 | Ep   7/100 | t_loss=0.1295 t_acc=0.766 | v_win_bal=0.905 v_rec_bal=1.000 | lr=3.0e-04 | 2.0s
  Fold 5 | Ep   8/100 | t_loss=0.1208 t_acc=0.791 | v_win_bal=0.910 v_rec_bal=1.000 | lr=3.0e-04 | 2.0s
  Fold 5 | Ep   9/100 | t_loss=0.1151 t_acc=0.803 | v_win_bal=0.907 v_rec_bal=1.000 | lr=3.0e-04 | 2.0s
  Fold 5 | Ep  10/100 | t_loss=0.1093 t_acc=0.814 | v_win_bal=0.907 v_rec_bal=0.944 | lr=3.0e-04 | 2.0s
  Fold 5 | Ep  11/100 | t_loss=0.1051 t_acc=0.823 | v_win_bal=0.899 v_rec_bal=1.000 | lr=2.9e-04 | 2.0s
  Fold 5 | Ep  12/100 | t_loss=0.0979 t_acc=0.836 | v_win_bal=0.889 v_rec_bal=0.900 | lr=2.9e-04 | 2.0s
  Fold 5 | Ep  13/100 | t_loss=0.0918 t_acc=0.848 | v_win_bal=0.901 v_rec_bal=1.000 | lr=2.9e-04 | 2.0s
  Fold 5 | Ep  14/100 | t_loss=0.0826 t_acc=0.859 | v_win_bal=0.877 v_rec_bal=0.900 | lr=2.9e-04 | 2.0s
  Fold 5 | Ep  15/100 | t_loss=0.0772 t_acc=0.870 | v_win_bal=0.909 v_rec_bal=1.000 | lr=2.9e-04 | 2.0s
  Fold 5 | Ep  16/100 | t_loss=0.0741 t_acc=0.877 | v_win_bal=0.899 v_rec_bal=0.900 | lr=2.9e-04 | 2.0s
  Fold 5 | Ep  17/100 | t_loss=0.0712 t_acc=0.885 | v_win_bal=0.889 v_rec_bal=0.900 | lr=2.8e-04 | 2.0s
  Fold 5 | Ep  18/100 | t_loss=0.0658 t_acc=0.895 | v_win_bal=0.896 v_rec_bal=0.900 | lr=2.8e-04 | 2.0s
  Fold 5 | Ep  19/100 | t_loss=0.0622 t_acc=0.904 | v_win_bal=0.884 v_rec_bal=0.900 | lr=2.8e-04 | 2.0s
  Fold 5 | Ep  20/100 | t_loss=0.0603 t_acc=0.906 | v_win_bal=0.895 v_rec_bal=0.844 | lr=2.8e-04 | 2.0s
  Fold 5 | Ep  21/100 | t_loss=0.0551 t_acc=0.915 | v_win_bal=0.888 v_rec_bal=0.844 | lr=2.8e-04 | 2.0s
  Fold 5 | Ep  22/100 | t_loss=0.0546 t_acc=0.918 | v_win_bal=0.891 v_rec_bal=0.844 | lr=2.7e-04 | 2.0s
  Fold 5 | Ep  23/100 | t_loss=0.0528 t_acc=0.916 | v_win_bal=0.847 v_rec_bal=0.900 | lr=2.7e-04 | 2.0s
  Fold 5 | Ep  24/100 | t_loss=0.0510 t_acc=0.925 | v_win_bal=0.856 v_rec_bal=0.900 | lr=2.7e-04 | 2.0s
  Fold 5 | Ep  25/100 | t_loss=0.0509 t_acc=0.923 | v_win_bal=0.857 v_rec_bal=0.844 | lr=2.6e-04 | 2.0s
  Fold 5 | Ep  26/100 | t_loss=0.0501 t_acc=0.927 | v_win_bal=0.855 v_rec_bal=0.844 | lr=2.6e-04 | 2.0s
  Fold 5 | Ep  27/100 | t_loss=0.0452 t_acc=0.933 | v_win_bal=0.864 v_rec_bal=0.844 | lr=2.6e-04 | 2.0s
  Fold 5 | Ep  28/100 | t_loss=0.0450 t_acc=0.931 | v_win_bal=0.837 v_rec_bal=0.844 | lr=2.5e-04 | 2.0s
  Early stop at epoch 28
  -> Test (best @ epoch 6): acc=0.0833, bal_acc=0.0556

============================================================
Global Results (5-Fold, subject-level CV)
Mode: FT | Extractor: eegnet | Loss: focal
============================================================
              acc: 0.5143
          bal_acc: 0.5384
               f1: 0.5271
            kappa: 0.0652
  Total predictions: 70 (should equal dataset size: 70)

Results saved to results/hp_sweep/20260409_main/eegnet/eegnet_dropout0.5_lr3e-4_s42/
