CMD: /raid/jupyter-linjimmy1003.md10/.conda/envs/stress/bin/python train_ft.py --extractor eegnet --seed 2024 --device cuda:3 --run-id hp_sweep/20260409_main/eegnet/eegnet_dropout0.5_lr1e-4_s2024 --mode ft --folds 5 --epochs 100 --patience 20 --batch-size 32 --label subject-dass --loss focal --head-hidden 128 --csv data/comprehensive_labels.csv --weight-decay 0.05 --grad-clip 2.0 --warmup-epochs 3 --aug-overlap 0.75 --norm zscore --dropout 0.5 --lr 0.0001

/raid/jupyter-linjimmy1003.md10/.conda/envs/stress/lib/python3.11/site-packages/timm/models/layers/__init__.py:49: FutureWarning: Importing from timm.models.layers is deprecated, please import via timm.layers
  warnings.warn(f"Importing from {__name__} is deprecated, please import via timm.layers", FutureWarning)
Mode: FT | Extractor: eegnet | Folds: 5
LR: 0.0001 | WD: 0.05 | Beta2: 0.999 | Grad clip: 2.0
Head: hidden=128, dropout=0.5 | Norm: zscore | Loss: focal
Full FT: encoder_lr_scale=0.1
Augmentation: 75% overlap for increase class

Results → results/hp_sweep/20260409_main/eegnet/eegnet_dropout0.5_lr1e-4_s2024/
Dataset: 70 recordings loaded (14 increase, 56 normal)
Cache: 70 recordings ready (70 cached, 0 new)
Subject-DASS labels: increase=23 (5 subjects), normal=47

============================================================
Fold 1/5
============================================================
  Train:  43 samples, 10 subjects [2, 3, 6, 7, 8, 10, 11, 12, 13, 14], label_0=28, label_1=15
    Val:  13 samples,  3 subjects [5, 17, 18], label_0=10, label_1=3
   Test:  14 samples,  4 subjects [1, 4, 9, 16], label_0=9, label_1=5
  Building window datasets...
    WindowDataset: 7346 windows (class_0=2539, class_1=4807)
    WindowDataset: 819 windows (class_0=633, class_1=186)
    WindowDataset: 987 windows (class_0=670, class_1=317)
[EEGNet] F1=8 D=2 F2=16 kernel=100 T=1000 → embed_dim=496  (1,872 params)
  Trainable parameters: 129,491
  Class weights: [1.4466325044631958, 0.7640940546989441]
  Fold 1 | Ep   1/100 | t_loss=0.1875 t_acc=0.562 | v_win_bal=0.506 v_rec_bal=0.500 | lr=3.3e-05 | 4.4s
  Fold 1 | Ep   2/100 | t_loss=0.1841 t_acc=0.545 | v_win_bal=0.486 v_rec_bal=0.500 | lr=6.7e-05 | 2.2s
  Fold 1 | Ep   3/100 | t_loss=0.1763 t_acc=0.580 | v_win_bal=0.493 v_rec_bal=0.500 | lr=1.0e-04 | 2.2s
  Fold 1 | Ep   4/100 | t_loss=0.1648 t_acc=0.634 | v_win_bal=0.497 v_rec_bal=0.550 | lr=1.0e-04 | 2.2s
  Fold 1 | Ep   5/100 | t_loss=0.1560 t_acc=0.676 | v_win_bal=0.420 v_rec_bal=0.267 | lr=1.0e-04 | 2.2s
  Fold 1 | Ep   6/100 | t_loss=0.1423 t_acc=0.732 | v_win_bal=0.382 v_rec_bal=0.317 | lr=1.0e-04 | 2.2s
  Fold 1 | Ep   7/100 | t_loss=0.1298 t_acc=0.764 | v_win_bal=0.320 v_rec_bal=0.317 | lr=1.0e-04 | 2.3s
  Fold 1 | Ep   8/100 | t_loss=0.1178 t_acc=0.801 | v_win_bal=0.281 v_rec_bal=0.150 | lr=9.9e-05 | 2.2s
  Fold 1 | Ep   9/100 | t_loss=0.1114 t_acc=0.809 | v_win_bal=0.237 v_rec_bal=0.150 | lr=9.9e-05 | 2.2s
  Fold 1 | Ep  10/100 | t_loss=0.1052 t_acc=0.827 | v_win_bal=0.227 v_rec_bal=0.200 | lr=9.9e-05 | 2.4s
  Fold 1 | Ep  11/100 | t_loss=0.0988 t_acc=0.840 | v_win_bal=0.228 v_rec_bal=0.200 | lr=9.8e-05 | 2.2s
  Fold 1 | Ep  12/100 | t_loss=0.0978 t_acc=0.842 | v_win_bal=0.233 v_rec_bal=0.200 | lr=9.8e-05 | 2.2s
  Fold 1 | Ep  13/100 | t_loss=0.0938 t_acc=0.857 | v_win_bal=0.239 v_rec_bal=0.200 | lr=9.7e-05 | 2.2s
  Fold 1 | Ep  14/100 | t_loss=0.0912 t_acc=0.856 | v_win_bal=0.249 v_rec_bal=0.250 | lr=9.7e-05 | 2.2s
  Fold 1 | Ep  15/100 | t_loss=0.0890 t_acc=0.861 | v_win_bal=0.256 v_rec_bal=0.250 | lr=9.6e-05 | 2.2s
  Fold 1 | Ep  16/100 | t_loss=0.0867 t_acc=0.872 | v_win_bal=0.269 v_rec_bal=0.200 | lr=9.6e-05 | 2.2s
  Fold 1 | Ep  17/100 | t_loss=0.0837 t_acc=0.873 | v_win_bal=0.266 v_rec_bal=0.250 | lr=9.5e-05 | 2.2s
  Fold 1 | Ep  18/100 | t_loss=0.0829 t_acc=0.876 | v_win_bal=0.277 v_rec_bal=0.200 | lr=9.4e-05 | 2.2s
  Fold 1 | Ep  19/100 | t_loss=0.0801 t_acc=0.883 | v_win_bal=0.293 v_rec_bal=0.200 | lr=9.3e-05 | 2.2s
  Fold 1 | Ep  20/100 | t_loss=0.0773 t_acc=0.883 | v_win_bal=0.303 v_rec_bal=0.150 | lr=9.3e-05 | 2.2s
  Fold 1 | Ep  21/100 | t_loss=0.0757 t_acc=0.889 | v_win_bal=0.329 v_rec_bal=0.200 | lr=9.2e-05 | 2.4s
  Fold 1 | Ep  22/100 | t_loss=0.0735 t_acc=0.898 | v_win_bal=0.370 v_rec_bal=0.150 | lr=9.1e-05 | 2.1s
  Fold 1 | Ep  23/100 | t_loss=0.0713 t_acc=0.897 | v_win_bal=0.352 v_rec_bal=0.150 | lr=9.0e-05 | 2.4s
  Fold 1 | Ep  24/100 | t_loss=0.0711 t_acc=0.899 | v_win_bal=0.330 v_rec_bal=0.250 | lr=8.9e-05 | 2.1s
  Early stop at epoch 24
  -> Test (best @ epoch 4): acc=0.4286, bal_acc=0.5556

============================================================
Fold 2/5
============================================================
  Train:  41 samples, 11 subjects [1, 2, 4, 9, 11, 12, 13, 14, 16, 17, 18], label_0=27, label_1=14
    Val:  16 samples,  3 subjects [3, 6, 7], label_0=10, label_1=6
   Test:  13 samples,  3 subjects [5, 8, 10], label_0=10, label_1=3
  Building window datasets...
    WindowDataset: 6895 windows (class_0=2601, class_1=4294)
    WindowDataset: 960 windows (class_0=590, class_1=370)
    WindowDataset: 913 windows (class_0=651, class_1=262)
[EEGNet] F1=8 D=2 F2=16 kernel=100 T=1000 → embed_dim=496  (1,872 params)
  Fold 2 | Ep   1/100 | t_loss=0.1847 t_acc=0.495 | v_win_bal=0.508 v_rec_bal=0.583 | lr=3.3e-05 | 2.0s
  Fold 2 | Ep   2/100 | t_loss=0.1812 t_acc=0.512 | v_win_bal=0.529 v_rec_bal=0.733 | lr=6.7e-05 | 2.0s
  Fold 2 | Ep   3/100 | t_loss=0.1764 t_acc=0.541 | v_win_bal=0.540 v_rec_bal=0.533 | lr=1.0e-04 | 2.0s
  Fold 2 | Ep   4/100 | t_loss=0.1718 t_acc=0.566 | v_win_bal=0.529 v_rec_bal=0.533 | lr=1.0e-04 | 2.0s
  Fold 2 | Ep   5/100 | t_loss=0.1668 t_acc=0.607 | v_win_bal=0.507 v_rec_bal=0.533 | lr=1.0e-04 | 1.9s
  Fold 2 | Ep   6/100 | t_loss=0.1616 t_acc=0.633 | v_win_bal=0.469 v_rec_bal=0.500 | lr=1.0e-04 | 2.0s
  Fold 2 | Ep   7/100 | t_loss=0.1571 t_acc=0.659 | v_win_bal=0.501 v_rec_bal=0.483 | lr=1.0e-04 | 2.1s
  Fold 2 | Ep   8/100 | t_loss=0.1526 t_acc=0.682 | v_win_bal=0.505 v_rec_bal=0.533 | lr=9.9e-05 | 2.1s
  Fold 2 | Ep   9/100 | t_loss=0.1485 t_acc=0.692 | v_win_bal=0.510 v_rec_bal=0.533 | lr=9.9e-05 | 2.0s
  Fold 2 | Ep  10/100 | t_loss=0.1448 t_acc=0.703 | v_win_bal=0.511 v_rec_bal=0.533 | lr=9.9e-05 | 2.1s
  Fold 2 | Ep  11/100 | t_loss=0.1412 t_acc=0.721 | v_win_bal=0.520 v_rec_bal=0.533 | lr=9.8e-05 | 2.0s
  Fold 2 | Ep  12/100 | t_loss=0.1400 t_acc=0.728 | v_win_bal=0.525 v_rec_bal=0.533 | lr=9.8e-05 | 2.0s
  Fold 2 | Ep  13/100 | t_loss=0.1394 t_acc=0.734 | v_win_bal=0.531 v_rec_bal=0.583 | lr=9.7e-05 | 2.0s
  Fold 2 | Ep  14/100 | t_loss=0.1367 t_acc=0.740 | v_win_bal=0.525 v_rec_bal=0.583 | lr=9.7e-05 | 2.0s
  Fold 2 | Ep  15/100 | t_loss=0.1359 t_acc=0.734 | v_win_bal=0.527 v_rec_bal=0.583 | lr=9.6e-05 | 2.0s
  Fold 2 | Ep  16/100 | t_loss=0.1349 t_acc=0.742 | v_win_bal=0.521 v_rec_bal=0.500 | lr=9.6e-05 | 1.9s
  Fold 2 | Ep  17/100 | t_loss=0.1331 t_acc=0.744 | v_win_bal=0.527 v_rec_bal=0.583 | lr=9.5e-05 | 2.0s
  Fold 2 | Ep  18/100 | t_loss=0.1307 t_acc=0.755 | v_win_bal=0.526 v_rec_bal=0.500 | lr=9.4e-05 | 2.0s
  Fold 2 | Ep  19/100 | t_loss=0.1300 t_acc=0.751 | v_win_bal=0.545 v_rec_bal=0.583 | lr=9.3e-05 | 2.0s
  Fold 2 | Ep  20/100 | t_loss=0.1277 t_acc=0.763 | v_win_bal=0.546 v_rec_bal=0.583 | lr=9.3e-05 | 2.0s
  Fold 2 | Ep  21/100 | t_loss=0.1272 t_acc=0.759 | v_win_bal=0.533 v_rec_bal=0.583 | lr=9.2e-05 | 2.0s
  Fold 2 | Ep  22/100 | t_loss=0.1235 t_acc=0.778 | v_win_bal=0.530 v_rec_bal=0.500 | lr=9.1e-05 | 2.0s
  Early stop at epoch 22
  -> Test (best @ epoch 2): acc=0.3846, bal_acc=0.6000

============================================================
Fold 3/5
============================================================
  Train:  40 samples, 10 subjects [2, 5, 6, 8, 9, 10, 11, 12, 17, 18], label_0=28, label_1=12
    Val:  14 samples,  4 subjects [1, 4, 14, 16], label_0=9, label_1=5
   Test:  16 samples,  3 subjects [3, 7, 13], label_0=10, label_1=6
  Building window datasets...
    WindowDataset: 6302 windows (class_0=2222, class_1=4080)
    WindowDataset: 1103 windows (class_0=786, class_1=317)
    WindowDataset: 1204 windows (class_0=834, class_1=370)
[EEGNet] F1=8 D=2 F2=16 kernel=100 T=1000 → embed_dim=496  (1,872 params)
  Fold 3 | Ep   1/100 | t_loss=0.1894 t_acc=0.545 | v_win_bal=0.486 v_rec_bal=0.222 | lr=3.3e-05 | 1.9s
  Fold 3 | Ep   2/100 | t_loss=0.1836 t_acc=0.518 | v_win_bal=0.484 v_rec_bal=0.167 | lr=6.7e-05 | 1.8s
  Fold 3 | Ep   3/100 | t_loss=0.1778 t_acc=0.540 | v_win_bal=0.510 v_rec_bal=0.167 | lr=1.0e-04 | 2.1s
  Fold 3 | Ep   4/100 | t_loss=0.1726 t_acc=0.565 | v_win_bal=0.541 v_rec_bal=0.467 | lr=1.0e-04 | 1.9s
  Fold 3 | Ep   5/100 | t_loss=0.1690 t_acc=0.589 | v_win_bal=0.545 v_rec_bal=0.367 | lr=1.0e-04 | 1.9s
  Fold 3 | Ep   6/100 | t_loss=0.1657 t_acc=0.600 | v_win_bal=0.559 v_rec_bal=0.567 | lr=1.0e-04 | 2.1s
  Fold 3 | Ep   7/100 | t_loss=0.1628 t_acc=0.625 | v_win_bal=0.565 v_rec_bal=0.567 | lr=1.0e-04 | 2.1s
  Fold 3 | Ep   8/100 | t_loss=0.1577 t_acc=0.650 | v_win_bal=0.584 v_rec_bal=0.567 | lr=9.9e-05 | 1.9s
  Fold 3 | Ep   9/100 | t_loss=0.1539 t_acc=0.668 | v_win_bal=0.587 v_rec_bal=0.511 | lr=9.9e-05 | 2.0s
  Fold 3 | Ep  10/100 | t_loss=0.1508 t_acc=0.677 | v_win_bal=0.589 v_rec_bal=0.567 | lr=9.9e-05 | 1.9s
  Fold 3 | Ep  11/100 | t_loss=0.1454 t_acc=0.692 | v_win_bal=0.614 v_rec_bal=0.611 | lr=9.8e-05 | 1.8s
  Fold 3 | Ep  12/100 | t_loss=0.1418 t_acc=0.706 | v_win_bal=0.630 v_rec_bal=0.611 | lr=9.8e-05 | 1.9s
  Fold 3 | Ep  13/100 | t_loss=0.1402 t_acc=0.712 | v_win_bal=0.637 v_rec_bal=0.611 | lr=9.7e-05 | 1.9s
  Fold 3 | Ep  14/100 | t_loss=0.1371 t_acc=0.724 | v_win_bal=0.639 v_rec_bal=0.611 | lr=9.7e-05 | 2.0s
  Fold 3 | Ep  15/100 | t_loss=0.1327 t_acc=0.735 | v_win_bal=0.644 v_rec_bal=0.611 | lr=9.6e-05 | 1.9s
  Fold 3 | Ep  16/100 | t_loss=0.1323 t_acc=0.738 | v_win_bal=0.652 v_rec_bal=0.611 | lr=9.6e-05 | 1.9s
  Fold 3 | Ep  17/100 | t_loss=0.1266 t_acc=0.757 | v_win_bal=0.635 v_rec_bal=0.611 | lr=9.5e-05 | 1.9s
  Fold 3 | Ep  18/100 | t_loss=0.1249 t_acc=0.762 | v_win_bal=0.633 v_rec_bal=0.611 | lr=9.4e-05 | 2.2s
  Fold 3 | Ep  19/100 | t_loss=0.1236 t_acc=0.763 | v_win_bal=0.642 v_rec_bal=0.611 | lr=9.3e-05 | 1.9s
  Fold 3 | Ep  20/100 | t_loss=0.1183 t_acc=0.775 | v_win_bal=0.630 v_rec_bal=0.556 | lr=9.3e-05 | 2.1s
  Fold 3 | Ep  21/100 | t_loss=0.1163 t_acc=0.783 | v_win_bal=0.644 v_rec_bal=0.611 | lr=9.2e-05 | 1.8s
  Fold 3 | Ep  22/100 | t_loss=0.1143 t_acc=0.782 | v_win_bal=0.640 v_rec_bal=0.611 | lr=9.1e-05 | 2.1s
  Fold 3 | Ep  23/100 | t_loss=0.1121 t_acc=0.792 | v_win_bal=0.624 v_rec_bal=0.556 | lr=9.0e-05 | 1.9s
  Fold 3 | Ep  24/100 | t_loss=0.1116 t_acc=0.792 | v_win_bal=0.637 v_rec_bal=0.611 | lr=8.9e-05 | 1.9s
  Fold 3 | Ep  25/100 | t_loss=0.1080 t_acc=0.798 | v_win_bal=0.631 v_rec_bal=0.611 | lr=8.8e-05 | 2.0s
  Fold 3 | Ep  26/100 | t_loss=0.1045 t_acc=0.801 | v_win_bal=0.631 v_rec_bal=0.611 | lr=8.7e-05 | 1.8s
  Fold 3 | Ep  27/100 | t_loss=0.1023 t_acc=0.818 | v_win_bal=0.631 v_rec_bal=0.611 | lr=8.6e-05 | 2.0s
  Fold 3 | Ep  28/100 | t_loss=0.1028 t_acc=0.810 | v_win_bal=0.619 v_rec_bal=0.556 | lr=8.4e-05 | 1.8s
  Fold 3 | Ep  29/100 | t_loss=0.1008 t_acc=0.818 | v_win_bal=0.632 v_rec_bal=0.611 | lr=8.3e-05 | 1.8s
  Fold 3 | Ep  30/100 | t_loss=0.1006 t_acc=0.820 | v_win_bal=0.630 v_rec_bal=0.611 | lr=8.2e-05 | 1.9s
  Fold 3 | Ep  31/100 | t_loss=0.0963 t_acc=0.830 | v_win_bal=0.631 v_rec_bal=0.611 | lr=8.1e-05 | 1.8s
  Fold 3 | Ep  32/100 | t_loss=0.0946 t_acc=0.836 | v_win_bal=0.627 v_rec_bal=0.611 | lr=8.0e-05 | 1.8s
  Fold 3 | Ep  33/100 | t_loss=0.0936 t_acc=0.836 | v_win_bal=0.624 v_rec_bal=0.611 | lr=7.8e-05 | 1.9s
  Early stop at epoch 33
  -> Test (best @ epoch 11): acc=0.6875, bal_acc=0.5833

============================================================
Fold 4/5
============================================================
  Train:  42 samples, 10 subjects [1, 3, 4, 5, 7, 8, 9, 10, 16, 18], label_0=28, label_1=14
    Val:  16 samples,  3 subjects [6, 11, 13], label_0=10, label_1=6
   Test:  12 samples,  4 subjects [2, 12, 14, 17], label_0=9, label_1=3
  Building window datasets...
    WindowDataset: 5618 windows (class_0=1864, class_1=3754)
    WindowDataset: 1419 windows (class_0=838, class_1=581)
    WindowDataset: 1326 windows (class_0=1140, class_1=186)
[EEGNet] F1=8 D=2 F2=16 kernel=100 T=1000 → embed_dim=496  (1,872 params)
  Fold 4 | Ep   1/100 | t_loss=0.1948 t_acc=0.554 | v_win_bal=0.475 v_rec_bal=0.500 | lr=3.3e-05 | 1.7s
  Fold 4 | Ep   2/100 | t_loss=0.1850 t_acc=0.537 | v_win_bal=0.521 v_rec_bal=0.600 | lr=6.7e-05 | 1.7s
  Fold 4 | Ep   3/100 | t_loss=0.1787 t_acc=0.537 | v_win_bal=0.602 v_rec_bal=0.750 | lr=1.0e-04 | 1.7s
  Fold 4 | Ep   4/100 | t_loss=0.1727 t_acc=0.576 | v_win_bal=0.651 v_rec_bal=0.583 | lr=1.0e-04 | 1.7s
  Fold 4 | Ep   5/100 | t_loss=0.1669 t_acc=0.618 | v_win_bal=0.678 v_rec_bal=0.667 | lr=1.0e-04 | 1.7s
  Fold 4 | Ep   6/100 | t_loss=0.1642 t_acc=0.621 | v_win_bal=0.683 v_rec_bal=0.667 | lr=1.0e-04 | 1.7s
  Fold 4 | Ep   7/100 | t_loss=0.1623 t_acc=0.639 | v_win_bal=0.686 v_rec_bal=0.667 | lr=1.0e-04 | 1.7s
  Fold 4 | Ep   8/100 | t_loss=0.1594 t_acc=0.654 | v_win_bal=0.668 v_rec_bal=0.550 | lr=9.9e-05 | 1.7s
  Fold 4 | Ep   9/100 | t_loss=0.1568 t_acc=0.666 | v_win_bal=0.693 v_rec_bal=0.667 | lr=9.9e-05 | 1.7s
  Fold 4 | Ep  10/100 | t_loss=0.1539 t_acc=0.673 | v_win_bal=0.681 v_rec_bal=0.633 | lr=9.9e-05 | 1.9s
  Fold 4 | Ep  11/100 | t_loss=0.1542 t_acc=0.676 | v_win_bal=0.653 v_rec_bal=0.517 | lr=9.8e-05 | 1.7s
  Fold 4 | Ep  12/100 | t_loss=0.1492 t_acc=0.692 | v_win_bal=0.665 v_rec_bal=0.550 | lr=9.8e-05 | 1.9s
  Fold 4 | Ep  13/100 | t_loss=0.1488 t_acc=0.697 | v_win_bal=0.646 v_rec_bal=0.517 | lr=9.7e-05 | 1.7s
  Fold 4 | Ep  14/100 | t_loss=0.1451 t_acc=0.703 | v_win_bal=0.639 v_rec_bal=0.517 | lr=9.7e-05 | 1.8s
  Fold 4 | Ep  15/100 | t_loss=0.1431 t_acc=0.709 | v_win_bal=0.628 v_rec_bal=0.567 | lr=9.6e-05 | 1.7s
  Fold 4 | Ep  16/100 | t_loss=0.1429 t_acc=0.720 | v_win_bal=0.620 v_rec_bal=0.567 | lr=9.6e-05 | 1.7s
  Fold 4 | Ep  17/100 | t_loss=0.1411 t_acc=0.713 | v_win_bal=0.608 v_rec_bal=0.567 | lr=9.5e-05 | 1.7s
  Fold 4 | Ep  18/100 | t_loss=0.1389 t_acc=0.721 | v_win_bal=0.620 v_rec_bal=0.467 | lr=9.4e-05 | 1.7s
  Fold 4 | Ep  19/100 | t_loss=0.1376 t_acc=0.735 | v_win_bal=0.600 v_rec_bal=0.533 | lr=9.3e-05 | 1.7s
  Fold 4 | Ep  20/100 | t_loss=0.1359 t_acc=0.731 | v_win_bal=0.604 v_rec_bal=0.567 | lr=9.3e-05 | 1.7s
  Fold 4 | Ep  21/100 | t_loss=0.1356 t_acc=0.734 | v_win_bal=0.610 v_rec_bal=0.467 | lr=9.2e-05 | 1.7s
  Fold 4 | Ep  22/100 | t_loss=0.1349 t_acc=0.733 | v_win_bal=0.612 v_rec_bal=0.467 | lr=9.1e-05 | 1.7s
  Fold 4 | Ep  23/100 | t_loss=0.1306 t_acc=0.747 | v_win_bal=0.595 v_rec_bal=0.517 | lr=9.0e-05 | 1.7s
  Fold 4 | Ep  24/100 | t_loss=0.1308 t_acc=0.749 | v_win_bal=0.591 v_rec_bal=0.517 | lr=8.9e-05 | 1.7s
  Fold 4 | Ep  25/100 | t_loss=0.1301 t_acc=0.749 | v_win_bal=0.585 v_rec_bal=0.483 | lr=8.8e-05 | 1.7s
  Early stop at epoch 25
  -> Test (best @ epoch 3): acc=0.8333, bal_acc=0.8889

============================================================
Fold 5/5
============================================================
  Train:  39 samples, 11 subjects [1, 2, 4, 5, 8, 9, 10, 12, 14, 16, 17], label_0=28, label_1=11
    Val:  16 samples,  3 subjects [3, 7, 13], label_0=10, label_1=6
   Test:  15 samples,  3 subjects [6, 11, 18], label_0=9, label_1=6
  Building window datasets...
    WindowDataset: 5488 windows (class_0=2461, class_1=3027)
    WindowDataset: 1204 windows (class_0=834, class_1=370)
    WindowDataset: 1128 windows (class_0=547, class_1=581)
[EEGNet] F1=8 D=2 F2=16 kernel=100 T=1000 → embed_dim=496  (1,872 params)
  Fold 5 | Ep   1/100 | t_loss=0.1854 t_acc=0.505 | v_win_bal=0.456 v_rec_bal=0.400 | lr=3.3e-05 | 1.6s
  Fold 5 | Ep   2/100 | t_loss=0.1826 t_acc=0.503 | v_win_bal=0.509 v_rec_bal=0.450 | lr=6.7e-05 | 1.6s
  Fold 5 | Ep   3/100 | t_loss=0.1794 t_acc=0.509 | v_win_bal=0.618 v_rec_bal=0.700 | lr=1.0e-04 | 1.6s
  Fold 5 | Ep   4/100 | t_loss=0.1769 t_acc=0.524 | v_win_bal=0.709 v_rec_bal=0.917 | lr=1.0e-04 | 1.6s
  Fold 5 | Ep   5/100 | t_loss=0.1736 t_acc=0.548 | v_win_bal=0.681 v_rec_bal=0.667 | lr=1.0e-04 | 1.8s
  Fold 5 | Ep   6/100 | t_loss=0.1704 t_acc=0.568 | v_win_bal=0.778 v_rec_bal=0.917 | lr=1.0e-04 | 1.6s
  Fold 5 | Ep   7/100 | t_loss=0.1678 t_acc=0.590 | v_win_bal=0.782 v_rec_bal=0.917 | lr=1.0e-04 | 1.7s
  Fold 5 | Ep   8/100 | t_loss=0.1636 t_acc=0.613 | v_win_bal=0.802 v_rec_bal=0.917 | lr=9.9e-05 | 1.8s
  Fold 5 | Ep   9/100 | t_loss=0.1594 t_acc=0.637 | v_win_bal=0.771 v_rec_bal=0.833 | lr=9.9e-05 | 1.6s
  Fold 5 | Ep  10/100 | t_loss=0.1563 t_acc=0.649 | v_win_bal=0.744 v_rec_bal=0.783 | lr=9.9e-05 | 1.6s
  Fold 5 | Ep  11/100 | t_loss=0.1502 t_acc=0.673 | v_win_bal=0.713 v_rec_bal=0.783 | lr=9.8e-05 | 1.6s
  Fold 5 | Ep  12/100 | t_loss=0.1459 t_acc=0.685 | v_win_bal=0.695 v_rec_bal=0.783 | lr=9.8e-05 | 1.6s
  Fold 5 | Ep  13/100 | t_loss=0.1440 t_acc=0.689 | v_win_bal=0.675 v_rec_bal=0.733 | lr=9.7e-05 | 1.6s
  Fold 5 | Ep  14/100 | t_loss=0.1400 t_acc=0.707 | v_win_bal=0.658 v_rec_bal=0.733 | lr=9.7e-05 | 1.6s
  Fold 5 | Ep  15/100 | t_loss=0.1342 t_acc=0.725 | v_win_bal=0.642 v_rec_bal=0.733 | lr=9.6e-05 | 1.8s
  Fold 5 | Ep  16/100 | t_loss=0.1348 t_acc=0.722 | v_win_bal=0.634 v_rec_bal=0.733 | lr=9.6e-05 | 1.6s
  Fold 5 | Ep  17/100 | t_loss=0.1317 t_acc=0.738 | v_win_bal=0.620 v_rec_bal=0.733 | lr=9.5e-05 | 1.6s
  Fold 5 | Ep  18/100 | t_loss=0.1299 t_acc=0.740 | v_win_bal=0.613 v_rec_bal=0.733 | lr=9.4e-05 | 1.6s
  Fold 5 | Ep  19/100 | t_loss=0.1256 t_acc=0.757 | v_win_bal=0.611 v_rec_bal=0.733 | lr=9.3e-05 | 1.6s
  Fold 5 | Ep  20/100 | t_loss=0.1218 t_acc=0.769 | v_win_bal=0.598 v_rec_bal=0.733 | lr=9.3e-05 | 1.6s
  Fold 5 | Ep  21/100 | t_loss=0.1234 t_acc=0.764 | v_win_bal=0.595 v_rec_bal=0.650 | lr=9.2e-05 | 1.6s
  Fold 5 | Ep  22/100 | t_loss=0.1194 t_acc=0.777 | v_win_bal=0.588 v_rec_bal=0.733 | lr=9.1e-05 | 1.7s
  Fold 5 | Ep  23/100 | t_loss=0.1186 t_acc=0.774 | v_win_bal=0.586 v_rec_bal=0.650 | lr=9.0e-05 | 1.6s
  Fold 5 | Ep  24/100 | t_loss=0.1182 t_acc=0.780 | v_win_bal=0.574 v_rec_bal=0.650 | lr=8.9e-05 | 1.6s
  Fold 5 | Ep  25/100 | t_loss=0.1162 t_acc=0.786 | v_win_bal=0.571 v_rec_bal=0.567 | lr=8.8e-05 | 1.6s
  Fold 5 | Ep  26/100 | t_loss=0.1180 t_acc=0.778 | v_win_bal=0.573 v_rec_bal=0.650 | lr=8.7e-05 | 1.6s
  Fold 5 | Ep  27/100 | t_loss=0.1146 t_acc=0.794 | v_win_bal=0.569 v_rec_bal=0.650 | lr=8.6e-05 | 1.6s
  Fold 5 | Ep  28/100 | t_loss=0.1117 t_acc=0.798 | v_win_bal=0.560 v_rec_bal=0.650 | lr=8.4e-05 | 1.6s
  Early stop at epoch 28
  -> Test (best @ epoch 4): acc=0.6667, bal_acc=0.5833

============================================================
Global Results (5-Fold, subject-level CV)
Mode: FT | Extractor: eegnet | Loss: focal
============================================================
              acc: 0.6000
          bal_acc: 0.5911
               f1: 0.6110
            kappa: 0.1674
  Total predictions: 70 (should equal dataset size: 70)

Results saved to results/hp_sweep/20260409_main/eegnet/eegnet_dropout0.5_lr1e-4_s2024/
