CMD: /raid/jupyter-linjimmy1003.md10/.conda/envs/stress/bin/python train_ft.py --extractor eegnet --seed 123 --device cuda:4 --run-id hp_sweep/20260409_main/eegnet/eegnet_dropout0.5_lr1e-3_s123 --mode ft --folds 5 --epochs 100 --patience 20 --batch-size 32 --label subject-dass --loss focal --head-hidden 128 --csv data/comprehensive_labels.csv --weight-decay 0.05 --grad-clip 2.0 --warmup-epochs 3 --aug-overlap 0.75 --norm zscore --dropout 0.5 --lr 0.001

/raid/jupyter-linjimmy1003.md10/.conda/envs/stress/lib/python3.11/site-packages/timm/models/layers/__init__.py:49: FutureWarning: Importing from timm.models.layers is deprecated, please import via timm.layers
  warnings.warn(f"Importing from {__name__} is deprecated, please import via timm.layers", FutureWarning)
Mode: FT | Extractor: eegnet | Folds: 5
LR: 0.001 | WD: 0.05 | Beta2: 0.999 | Grad clip: 2.0
Head: hidden=128, dropout=0.5 | Norm: zscore | Loss: focal
Full FT: encoder_lr_scale=0.1
Augmentation: 75% overlap for increase class

Results → results/hp_sweep/20260409_main/eegnet/eegnet_dropout0.5_lr1e-3_s123/
Dataset: 70 recordings loaded (14 increase, 56 normal)
Cache: 70 recordings ready (70 cached, 0 new)
Subject-DASS labels: increase=23 (5 subjects), normal=47

============================================================
Fold 1/5
============================================================
  Train:  43 samples, 10 subjects [2, 3, 4, 6, 7, 8, 9, 10, 11, 13], label_0=28, label_1=15
    Val:  13 samples,  3 subjects [12, 17, 18], label_0=10, label_1=3
   Test:  14 samples,  4 subjects [1, 5, 14, 16], label_0=9, label_1=5
  Building window datasets...
    WindowDataset: 6870 windows (class_0=2063, class_1=4807)
    WindowDataset: 1166 windows (class_0=980, class_1=186)
    WindowDataset: 1116 windows (class_0=799, class_1=317)
[EEGNet] F1=8 D=2 F2=16 kernel=100 T=1000 → embed_dim=496  (1,872 params)
  Trainable parameters: 129,491
  Class weights: [1.6650508642196655, 0.7145829200744629]
  Fold 1 | Ep   1/100 | t_loss=0.1859 t_acc=0.534 | v_win_bal=0.411 v_rec_bal=0.300 | lr=3.3e-04 | 4.6s
  Fold 1 | Ep   2/100 | t_loss=0.1676 t_acc=0.619 | v_win_bal=0.437 v_rec_bal=0.400 | lr=6.7e-04 | 2.2s
  Fold 1 | Ep   3/100 | t_loss=0.1453 t_acc=0.718 | v_win_bal=0.473 v_rec_bal=0.450 | lr=1.0e-03 | 2.0s
  Fold 1 | Ep   4/100 | t_loss=0.1289 t_acc=0.769 | v_win_bal=0.478 v_rec_bal=0.450 | lr=1.0e-03 | 2.0s
  Fold 1 | Ep   5/100 | t_loss=0.1147 t_acc=0.804 | v_win_bal=0.497 v_rec_bal=0.450 | lr=1.0e-03 | 2.0s
  Fold 1 | Ep   6/100 | t_loss=0.1020 t_acc=0.831 | v_win_bal=0.498 v_rec_bal=0.450 | lr=1.0e-03 | 2.0s
  Fold 1 | Ep   7/100 | t_loss=0.0918 t_acc=0.854 | v_win_bal=0.500 v_rec_bal=0.450 | lr=1.0e-03 | 2.0s
  Fold 1 | Ep   8/100 | t_loss=0.0848 t_acc=0.868 | v_win_bal=0.493 v_rec_bal=0.450 | lr=9.9e-04 | 2.1s
  Fold 1 | Ep   9/100 | t_loss=0.0784 t_acc=0.872 | v_win_bal=0.499 v_rec_bal=0.450 | lr=9.9e-04 | 2.0s
  Fold 1 | Ep  10/100 | t_loss=0.0693 t_acc=0.893 | v_win_bal=0.503 v_rec_bal=0.450 | lr=9.9e-04 | 2.1s
  Fold 1 | Ep  11/100 | t_loss=0.0643 t_acc=0.900 | v_win_bal=0.506 v_rec_bal=0.450 | lr=9.8e-04 | 2.0s
  Fold 1 | Ep  12/100 | t_loss=0.0575 t_acc=0.912 | v_win_bal=0.492 v_rec_bal=0.450 | lr=9.8e-04 | 2.1s
  Fold 1 | Ep  13/100 | t_loss=0.0535 t_acc=0.921 | v_win_bal=0.492 v_rec_bal=0.450 | lr=9.7e-04 | 2.0s
  Fold 1 | Ep  14/100 | t_loss=0.0490 t_acc=0.931 | v_win_bal=0.508 v_rec_bal=0.450 | lr=9.7e-04 | 2.1s
  Fold 1 | Ep  15/100 | t_loss=0.0464 t_acc=0.930 | v_win_bal=0.500 v_rec_bal=0.450 | lr=9.6e-04 | 2.1s
  Fold 1 | Ep  16/100 | t_loss=0.0452 t_acc=0.936 | v_win_bal=0.497 v_rec_bal=0.450 | lr=9.6e-04 | 2.0s
  Fold 1 | Ep  17/100 | t_loss=0.0439 t_acc=0.938 | v_win_bal=0.487 v_rec_bal=0.450 | lr=9.5e-04 | 2.1s
  Fold 1 | Ep  18/100 | t_loss=0.0388 t_acc=0.947 | v_win_bal=0.502 v_rec_bal=0.450 | lr=9.4e-04 | 2.0s
  Fold 1 | Ep  19/100 | t_loss=0.0408 t_acc=0.943 | v_win_bal=0.488 v_rec_bal=0.450 | lr=9.3e-04 | 2.2s
  Fold 1 | Ep  20/100 | t_loss=0.0365 t_acc=0.951 | v_win_bal=0.496 v_rec_bal=0.450 | lr=9.3e-04 | 2.0s
  Fold 1 | Ep  21/100 | t_loss=0.0357 t_acc=0.953 | v_win_bal=0.491 v_rec_bal=0.500 | lr=9.2e-04 | 2.0s
  Fold 1 | Ep  22/100 | t_loss=0.0371 t_acc=0.948 | v_win_bal=0.496 v_rec_bal=0.450 | lr=9.1e-04 | 2.0s
  Fold 1 | Ep  23/100 | t_loss=0.0342 t_acc=0.954 | v_win_bal=0.503 v_rec_bal=0.500 | lr=9.0e-04 | 2.1s
  Fold 1 | Ep  24/100 | t_loss=0.0353 t_acc=0.957 | v_win_bal=0.527 v_rec_bal=0.450 | lr=8.9e-04 | 2.1s
  Fold 1 | Ep  25/100 | t_loss=0.0298 t_acc=0.962 | v_win_bal=0.502 v_rec_bal=0.500 | lr=8.8e-04 | 2.0s
  Fold 1 | Ep  26/100 | t_loss=0.0288 t_acc=0.963 | v_win_bal=0.517 v_rec_bal=0.450 | lr=8.7e-04 | 2.1s
  Fold 1 | Ep  27/100 | t_loss=0.0291 t_acc=0.964 | v_win_bal=0.507 v_rec_bal=0.500 | lr=8.6e-04 | 2.1s
  Fold 1 | Ep  28/100 | t_loss=0.0274 t_acc=0.963 | v_win_bal=0.506 v_rec_bal=0.500 | lr=8.4e-04 | 2.0s
  Fold 1 | Ep  29/100 | t_loss=0.0294 t_acc=0.968 | v_win_bal=0.527 v_rec_bal=0.500 | lr=8.3e-04 | 2.0s
  Fold 1 | Ep  30/100 | t_loss=0.0267 t_acc=0.963 | v_win_bal=0.517 v_rec_bal=0.500 | lr=8.2e-04 | 2.0s
  Fold 1 | Ep  31/100 | t_loss=0.0253 t_acc=0.966 | v_win_bal=0.523 v_rec_bal=0.450 | lr=8.1e-04 | 2.0s
  Fold 1 | Ep  32/100 | t_loss=0.0269 t_acc=0.966 | v_win_bal=0.509 v_rec_bal=0.450 | lr=8.0e-04 | 2.0s
  Fold 1 | Ep  33/100 | t_loss=0.0231 t_acc=0.972 | v_win_bal=0.528 v_rec_bal=0.450 | lr=7.8e-04 | 2.2s
  Fold 1 | Ep  34/100 | t_loss=0.0195 t_acc=0.977 | v_win_bal=0.500 v_rec_bal=0.500 | lr=7.7e-04 | 2.1s
  Fold 1 | Ep  35/100 | t_loss=0.0218 t_acc=0.971 | v_win_bal=0.526 v_rec_bal=0.450 | lr=7.5e-04 | 2.1s
  Fold 1 | Ep  36/100 | t_loss=0.0232 t_acc=0.974 | v_win_bal=0.529 v_rec_bal=0.450 | lr=7.4e-04 | 2.0s
  Fold 1 | Ep  37/100 | t_loss=0.0186 t_acc=0.973 | v_win_bal=0.525 v_rec_bal=0.500 | lr=7.3e-04 | 2.0s
  Fold 1 | Ep  38/100 | t_loss=0.0215 t_acc=0.974 | v_win_bal=0.533 v_rec_bal=0.450 | lr=7.1e-04 | 2.1s
  Fold 1 | Ep  39/100 | t_loss=0.0197 t_acc=0.975 | v_win_bal=0.525 v_rec_bal=0.450 | lr=7.0e-04 | 2.0s
  Fold 1 | Ep  40/100 | t_loss=0.0201 t_acc=0.976 | v_win_bal=0.530 v_rec_bal=0.450 | lr=6.8e-04 | 2.2s
  Fold 1 | Ep  41/100 | t_loss=0.0168 t_acc=0.978 | v_win_bal=0.523 v_rec_bal=0.450 | lr=6.7e-04 | 2.2s
  Fold 1 | Ep  42/100 | t_loss=0.0183 t_acc=0.979 | v_win_bal=0.528 v_rec_bal=0.450 | lr=6.5e-04 | 2.0s
  Fold 1 | Ep  43/100 | t_loss=0.0185 t_acc=0.978 | v_win_bal=0.541 v_rec_bal=0.450 | lr=6.4e-04 | 2.1s
  Fold 1 | Ep  44/100 | t_loss=0.0162 t_acc=0.979 | v_win_bal=0.514 v_rec_bal=0.500 | lr=6.2e-04 | 2.0s
  Fold 1 | Ep  45/100 | t_loss=0.0170 t_acc=0.981 | v_win_bal=0.524 v_rec_bal=0.450 | lr=6.0e-04 | 2.0s
  Fold 1 | Ep  46/100 | t_loss=0.0177 t_acc=0.980 | v_win_bal=0.513 v_rec_bal=0.450 | lr=5.9e-04 | 2.0s
  Fold 1 | Ep  47/100 | t_loss=0.0143 t_acc=0.984 | v_win_bal=0.526 v_rec_bal=0.500 | lr=5.7e-04 | 2.0s
  Fold 1 | Ep  48/100 | t_loss=0.0150 t_acc=0.983 | v_win_bal=0.552 v_rec_bal=0.450 | lr=5.6e-04 | 2.0s
  Fold 1 | Ep  49/100 | t_loss=0.0140 t_acc=0.982 | v_win_bal=0.531 v_rec_bal=0.450 | lr=5.4e-04 | 2.0s
  Early stop at epoch 49
  -> Test (best @ epoch 21): acc=0.2857, bal_acc=0.2222

============================================================
Fold 2/5
============================================================
  Train:  43 samples, 10 subjects [2, 3, 4, 6, 7, 9, 10, 11, 13, 18], label_0=28, label_1=15
    Val:  14 samples,  4 subjects [1, 5, 14, 16], label_0=9, label_1=5
   Test:  13 samples,  3 subjects [8, 12, 17], label_0=10, label_1=3
  Building window datasets...
    WindowDataset: 6852 windows (class_0=2045, class_1=4807)
    WindowDataset: 1116 windows (class_0=799, class_1=317)
    WindowDataset: 1184 windows (class_0=998, class_1=186)
[EEGNet] F1=8 D=2 F2=16 kernel=100 T=1000 → embed_dim=496  (1,872 params)
  Fold 2 | Ep   1/100 | t_loss=0.1864 t_acc=0.527 | v_win_bal=0.521 v_rec_bal=0.500 | lr=3.3e-04 | 2.0s
  Fold 2 | Ep   2/100 | t_loss=0.1758 t_acc=0.563 | v_win_bal=0.515 v_rec_bal=0.511 | lr=6.7e-04 | 2.0s
  Fold 2 | Ep   3/100 | t_loss=0.1662 t_acc=0.614 | v_win_bal=0.528 v_rec_bal=0.500 | lr=1.0e-03 | 2.0s
  Fold 2 | Ep   4/100 | t_loss=0.1367 t_acc=0.751 | v_win_bal=0.521 v_rec_bal=0.356 | lr=1.0e-03 | 2.0s
  Fold 2 | Ep   5/100 | t_loss=0.1140 t_acc=0.811 | v_win_bal=0.526 v_rec_bal=0.411 | lr=1.0e-03 | 2.0s
  Fold 2 | Ep   6/100 | t_loss=0.1007 t_acc=0.839 | v_win_bal=0.522 v_rec_bal=0.467 | lr=1.0e-03 | 2.0s
  Fold 2 | Ep   7/100 | t_loss=0.0914 t_acc=0.852 | v_win_bal=0.519 v_rec_bal=0.467 | lr=1.0e-03 | 2.0s
  Fold 2 | Ep   8/100 | t_loss=0.0828 t_acc=0.860 | v_win_bal=0.502 v_rec_bal=0.467 | lr=9.9e-04 | 2.0s
  Fold 2 | Ep   9/100 | t_loss=0.0774 t_acc=0.874 | v_win_bal=0.517 v_rec_bal=0.467 | lr=9.9e-04 | 2.0s
  Fold 2 | Ep  10/100 | t_loss=0.0738 t_acc=0.883 | v_win_bal=0.507 v_rec_bal=0.467 | lr=9.9e-04 | 2.0s
  Fold 2 | Ep  11/100 | t_loss=0.0662 t_acc=0.892 | v_win_bal=0.531 v_rec_bal=0.411 | lr=9.8e-04 | 2.0s
  Fold 2 | Ep  12/100 | t_loss=0.0638 t_acc=0.897 | v_win_bal=0.514 v_rec_bal=0.467 | lr=9.8e-04 | 2.1s
  Fold 2 | Ep  13/100 | t_loss=0.0584 t_acc=0.910 | v_win_bal=0.508 v_rec_bal=0.411 | lr=9.7e-04 | 2.0s
  Fold 2 | Ep  14/100 | t_loss=0.0587 t_acc=0.909 | v_win_bal=0.504 v_rec_bal=0.411 | lr=9.7e-04 | 2.0s
  Fold 2 | Ep  15/100 | t_loss=0.0545 t_acc=0.923 | v_win_bal=0.492 v_rec_bal=0.367 | lr=9.6e-04 | 2.0s
  Fold 2 | Ep  16/100 | t_loss=0.0490 t_acc=0.928 | v_win_bal=0.513 v_rec_bal=0.467 | lr=9.6e-04 | 2.1s
  Fold 2 | Ep  17/100 | t_loss=0.0460 t_acc=0.938 | v_win_bal=0.476 v_rec_bal=0.311 | lr=9.5e-04 | 2.0s
  Fold 2 | Ep  18/100 | t_loss=0.0443 t_acc=0.937 | v_win_bal=0.481 v_rec_bal=0.411 | lr=9.4e-04 | 2.0s
  Fold 2 | Ep  19/100 | t_loss=0.0439 t_acc=0.939 | v_win_bal=0.472 v_rec_bal=0.311 | lr=9.3e-04 | 2.0s
  Fold 2 | Ep  20/100 | t_loss=0.0436 t_acc=0.941 | v_win_bal=0.531 v_rec_bal=0.411 | lr=9.3e-04 | 2.0s
  Fold 2 | Ep  21/100 | t_loss=0.0362 t_acc=0.952 | v_win_bal=0.483 v_rec_bal=0.467 | lr=9.2e-04 | 2.2s
  Fold 2 | Ep  22/100 | t_loss=0.0354 t_acc=0.953 | v_win_bal=0.498 v_rec_bal=0.411 | lr=9.1e-04 | 2.0s
  Early stop at epoch 22
  -> Test (best @ epoch 2): acc=0.4615, bal_acc=0.3000

============================================================
Fold 3/5
============================================================
  Train:  40 samples, 10 subjects [3, 4, 7, 8, 9, 10, 12, 16, 17, 18], label_0=28, label_1=12
    Val:  14 samples,  4 subjects [1, 2, 5, 14], label_0=9, label_1=5
   Test:  16 samples,  3 subjects [6, 11, 13], label_0=10, label_1=6
  Building window datasets...
    WindowDataset: 5447 windows (class_0=2211, class_1=3236)
    WindowDataset: 1110 windows (class_0=793, class_1=317)
    WindowDataset: 1419 windows (class_0=838, class_1=581)
[EEGNet] F1=8 D=2 F2=16 kernel=100 T=1000 → embed_dim=496  (1,872 params)
  Fold 3 | Ep   1/100 | t_loss=0.1819 t_acc=0.515 | v_win_bal=0.545 v_rec_bal=0.511 | lr=3.3e-04 | 1.6s
  Fold 3 | Ep   2/100 | t_loss=0.1573 t_acc=0.639 | v_win_bal=0.530 v_rec_bal=0.456 | lr=6.7e-04 | 1.6s
  Fold 3 | Ep   3/100 | t_loss=0.1209 t_acc=0.778 | v_win_bal=0.489 v_rec_bal=0.411 | lr=1.0e-03 | 1.6s
  Fold 3 | Ep   4/100 | t_loss=0.0847 t_acc=0.862 | v_win_bal=0.502 v_rec_bal=0.411 | lr=1.0e-03 | 1.6s
  Fold 3 | Ep   5/100 | t_loss=0.0667 t_acc=0.903 | v_win_bal=0.481 v_rec_bal=0.311 | lr=1.0e-03 | 1.6s
  Fold 3 | Ep   6/100 | t_loss=0.0479 t_acc=0.939 | v_win_bal=0.466 v_rec_bal=0.311 | lr=1.0e-03 | 1.6s
  Fold 3 | Ep   7/100 | t_loss=0.0392 t_acc=0.948 | v_win_bal=0.458 v_rec_bal=0.367 | lr=1.0e-03 | 1.6s
  Fold 3 | Ep   8/100 | t_loss=0.0349 t_acc=0.952 | v_win_bal=0.457 v_rec_bal=0.367 | lr=9.9e-04 | 1.6s
  Fold 3 | Ep   9/100 | t_loss=0.0308 t_acc=0.962 | v_win_bal=0.450 v_rec_bal=0.367 | lr=9.9e-04 | 1.6s
  Fold 3 | Ep  10/100 | t_loss=0.0250 t_acc=0.964 | v_win_bal=0.453 v_rec_bal=0.367 | lr=9.9e-04 | 1.6s
  Fold 3 | Ep  11/100 | t_loss=0.0269 t_acc=0.965 | v_win_bal=0.453 v_rec_bal=0.367 | lr=9.8e-04 | 1.6s
  Fold 3 | Ep  12/100 | t_loss=0.0207 t_acc=0.969 | v_win_bal=0.451 v_rec_bal=0.367 | lr=9.8e-04 | 1.6s
  Fold 3 | Ep  13/100 | t_loss=0.0217 t_acc=0.970 | v_win_bal=0.446 v_rec_bal=0.367 | lr=9.7e-04 | 1.8s
  Fold 3 | Ep  14/100 | t_loss=0.0202 t_acc=0.977 | v_win_bal=0.442 v_rec_bal=0.422 | lr=9.7e-04 | 1.6s
  Fold 3 | Ep  15/100 | t_loss=0.0181 t_acc=0.975 | v_win_bal=0.425 v_rec_bal=0.367 | lr=9.6e-04 | 1.8s
  Fold 3 | Ep  16/100 | t_loss=0.0184 t_acc=0.977 | v_win_bal=0.426 v_rec_bal=0.367 | lr=9.6e-04 | 1.6s
  Fold 3 | Ep  17/100 | t_loss=0.0182 t_acc=0.975 | v_win_bal=0.417 v_rec_bal=0.367 | lr=9.5e-04 | 1.6s
  Fold 3 | Ep  18/100 | t_loss=0.0153 t_acc=0.980 | v_win_bal=0.417 v_rec_bal=0.367 | lr=9.4e-04 | 1.6s
  Fold 3 | Ep  19/100 | t_loss=0.0152 t_acc=0.979 | v_win_bal=0.425 v_rec_bal=0.367 | lr=9.3e-04 | 1.6s
  Fold 3 | Ep  20/100 | t_loss=0.0139 t_acc=0.980 | v_win_bal=0.406 v_rec_bal=0.367 | lr=9.3e-04 | 1.7s
  Fold 3 | Ep  21/100 | t_loss=0.0127 t_acc=0.986 | v_win_bal=0.432 v_rec_bal=0.367 | lr=9.2e-04 | 1.6s
  Early stop at epoch 21
  -> Test (best @ epoch 1): acc=0.6875, bal_acc=0.7167

============================================================
Fold 4/5
============================================================
  Train:  44 samples,  9 subjects [3, 5, 6, 7, 8, 11, 13, 17, 18], label_0=29, label_1=15
    Val:  14 samples,  4 subjects [1, 12, 14, 16], label_0=9, label_1=5
   Test:  12 samples,  4 subjects [2, 4, 9, 10], label_0=9, label_1=3
  Building window datasets...
    WindowDataset: 6535 windows (class_0=2032, class_1=4503)
    WindowDataset: 1463 windows (class_0=1146, class_1=317)
    WindowDataset: 926 windows (class_0=664, class_1=262)
[EEGNet] F1=8 D=2 F2=16 kernel=100 T=1000 → embed_dim=496  (1,872 params)
  Fold 4 | Ep   1/100 | t_loss=0.1830 t_acc=0.536 | v_win_bal=0.614 v_rec_bal=0.667 | lr=3.3e-04 | 2.1s
  Fold 4 | Ep   2/100 | t_loss=0.1704 t_acc=0.596 | v_win_bal=0.785 v_rec_bal=0.833 | lr=6.7e-04 | 2.0s
  Fold 4 | Ep   3/100 | t_loss=0.1501 t_acc=0.691 | v_win_bal=0.877 v_rec_bal=0.944 | lr=1.0e-03 | 1.9s
  Fold 4 | Ep   4/100 | t_loss=0.1304 t_acc=0.766 | v_win_bal=0.878 v_rec_bal=0.944 | lr=1.0e-03 | 1.9s
  Fold 4 | Ep   5/100 | t_loss=0.1164 t_acc=0.797 | v_win_bal=0.877 v_rec_bal=0.944 | lr=1.0e-03 | 1.9s
  Fold 4 | Ep   6/100 | t_loss=0.1045 t_acc=0.829 | v_win_bal=0.876 v_rec_bal=1.000 | lr=1.0e-03 | 1.9s
  Fold 4 | Ep   7/100 | t_loss=0.0922 t_acc=0.849 | v_win_bal=0.869 v_rec_bal=1.000 | lr=1.0e-03 | 1.9s
  Fold 4 | Ep   8/100 | t_loss=0.0789 t_acc=0.874 | v_win_bal=0.875 v_rec_bal=1.000 | lr=9.9e-04 | 2.0s
  Fold 4 | Ep   9/100 | t_loss=0.0758 t_acc=0.879 | v_win_bal=0.883 v_rec_bal=1.000 | lr=9.9e-04 | 1.9s
  Fold 4 | Ep  10/100 | t_loss=0.0666 t_acc=0.896 | v_win_bal=0.882 v_rec_bal=1.000 | lr=9.9e-04 | 2.0s
  Fold 4 | Ep  11/100 | t_loss=0.0612 t_acc=0.911 | v_win_bal=0.875 v_rec_bal=1.000 | lr=9.8e-04 | 2.1s
  Fold 4 | Ep  12/100 | t_loss=0.0550 t_acc=0.917 | v_win_bal=0.872 v_rec_bal=1.000 | lr=9.8e-04 | 2.0s
  Fold 4 | Ep  13/100 | t_loss=0.0512 t_acc=0.932 | v_win_bal=0.883 v_rec_bal=1.000 | lr=9.7e-04 | 2.2s
  Fold 4 | Ep  14/100 | t_loss=0.0494 t_acc=0.930 | v_win_bal=0.887 v_rec_bal=1.000 | lr=9.7e-04 | 2.0s
  Fold 4 | Ep  15/100 | t_loss=0.0447 t_acc=0.939 | v_win_bal=0.879 v_rec_bal=1.000 | lr=9.6e-04 | 2.5s
  Fold 4 | Ep  16/100 | t_loss=0.0427 t_acc=0.941 | v_win_bal=0.876 v_rec_bal=1.000 | lr=9.6e-04 | 2.0s
  Fold 4 | Ep  17/100 | t_loss=0.0393 t_acc=0.944 | v_win_bal=0.867 v_rec_bal=1.000 | lr=9.5e-04 | 1.9s
  Fold 4 | Ep  18/100 | t_loss=0.0374 t_acc=0.950 | v_win_bal=0.881 v_rec_bal=1.000 | lr=9.4e-04 | 1.9s
  Fold 4 | Ep  19/100 | t_loss=0.0362 t_acc=0.955 | v_win_bal=0.874 v_rec_bal=1.000 | lr=9.3e-04 | 2.0s
  Fold 4 | Ep  20/100 | t_loss=0.0316 t_acc=0.956 | v_win_bal=0.873 v_rec_bal=1.000 | lr=9.3e-04 | 2.2s
  Fold 4 | Ep  21/100 | t_loss=0.0310 t_acc=0.959 | v_win_bal=0.862 v_rec_bal=0.900 | lr=9.2e-04 | 1.9s
  Fold 4 | Ep  22/100 | t_loss=0.0273 t_acc=0.965 | v_win_bal=0.869 v_rec_bal=1.000 | lr=9.1e-04 | 2.0s
  Fold 4 | Ep  23/100 | t_loss=0.0286 t_acc=0.963 | v_win_bal=0.873 v_rec_bal=1.000 | lr=9.0e-04 | 2.0s
  Fold 4 | Ep  24/100 | t_loss=0.0264 t_acc=0.969 | v_win_bal=0.844 v_rec_bal=0.900 | lr=8.9e-04 | 1.9s
  Fold 4 | Ep  25/100 | t_loss=0.0241 t_acc=0.968 | v_win_bal=0.889 v_rec_bal=1.000 | lr=8.8e-04 | 1.9s
  Fold 4 | Ep  26/100 | t_loss=0.0228 t_acc=0.971 | v_win_bal=0.889 v_rec_bal=1.000 | lr=8.7e-04 | 1.9s
  Fold 4 | Ep  27/100 | t_loss=0.0204 t_acc=0.973 | v_win_bal=0.861 v_rec_bal=1.000 | lr=8.6e-04 | 1.9s
  Fold 4 | Ep  28/100 | t_loss=0.0219 t_acc=0.973 | v_win_bal=0.879 v_rec_bal=1.000 | lr=8.4e-04 | 1.9s
  Early stop at epoch 28
  -> Test (best @ epoch 6): acc=0.3333, bal_acc=0.4444

============================================================
Fold 5/5
============================================================
  Train:  41 samples, 10 subjects [2, 4, 5, 6, 8, 10, 11, 13, 14, 17], label_0=29, label_1=12
    Val:  14 samples,  4 subjects [1, 9, 12, 16], label_0=9, label_1=5
   Test:  15 samples,  3 subjects [3, 7, 18], label_0=9, label_1=6
  Building window datasets...
    WindowDataset: 6349 windows (class_0=2269, class_1=4080)
    WindowDataset: 1347 windows (class_0=1030, class_1=317)
    WindowDataset: 913 windows (class_0=543, class_1=370)
[EEGNet] F1=8 D=2 F2=16 kernel=100 T=1000 → embed_dim=496  (1,872 params)
  Fold 5 | Ep   1/100 | t_loss=0.1889 t_acc=0.507 | v_win_bal=0.566 v_rec_bal=0.500 | lr=3.3e-04 | 1.9s
  Fold 5 | Ep   2/100 | t_loss=0.1739 t_acc=0.568 | v_win_bal=0.742 v_rec_bal=0.778 | lr=6.7e-04 | 1.9s
  Fold 5 | Ep   3/100 | t_loss=0.1601 t_acc=0.645 | v_win_bal=0.856 v_rec_bal=0.889 | lr=1.0e-03 | 1.9s
  Fold 5 | Ep   4/100 | t_loss=0.1487 t_acc=0.696 | v_win_bal=0.876 v_rec_bal=0.944 | lr=1.0e-03 | 1.9s
  Fold 5 | Ep   5/100 | t_loss=0.1379 t_acc=0.742 | v_win_bal=0.880 v_rec_bal=0.944 | lr=1.0e-03 | 1.9s
  Fold 5 | Ep   6/100 | t_loss=0.1275 t_acc=0.776 | v_win_bal=0.875 v_rec_bal=0.944 | lr=1.0e-03 | 1.9s
  Fold 5 | Ep   7/100 | t_loss=0.1139 t_acc=0.810 | v_win_bal=0.839 v_rec_bal=0.944 | lr=1.0e-03 | 2.1s
  Fold 5 | Ep   8/100 | t_loss=0.1013 t_acc=0.841 | v_win_bal=0.857 v_rec_bal=0.944 | lr=9.9e-04 | 2.1s
  Fold 5 | Ep   9/100 | t_loss=0.0880 t_acc=0.872 | v_win_bal=0.844 v_rec_bal=0.944 | lr=9.9e-04 | 1.9s
  Fold 5 | Ep  10/100 | t_loss=0.0751 t_acc=0.883 | v_win_bal=0.863 v_rec_bal=0.944 | lr=9.9e-04 | 1.9s
  Fold 5 | Ep  11/100 | t_loss=0.0697 t_acc=0.892 | v_win_bal=0.866 v_rec_bal=0.944 | lr=9.8e-04 | 2.1s
  Fold 5 | Ep  12/100 | t_loss=0.0610 t_acc=0.908 | v_win_bal=0.848 v_rec_bal=0.944 | lr=9.8e-04 | 2.2s
  Fold 5 | Ep  13/100 | t_loss=0.0547 t_acc=0.921 | v_win_bal=0.845 v_rec_bal=0.844 | lr=9.7e-04 | 2.0s
  Fold 5 | Ep  14/100 | t_loss=0.0493 t_acc=0.932 | v_win_bal=0.831 v_rec_bal=0.844 | lr=9.7e-04 | 1.9s
  Fold 5 | Ep  15/100 | t_loss=0.0488 t_acc=0.932 | v_win_bal=0.856 v_rec_bal=0.944 | lr=9.6e-04 | 2.0s
  Fold 5 | Ep  16/100 | t_loss=0.0410 t_acc=0.944 | v_win_bal=0.848 v_rec_bal=0.844 | lr=9.6e-04 | 2.0s
  Fold 5 | Ep  17/100 | t_loss=0.0376 t_acc=0.950 | v_win_bal=0.882 v_rec_bal=0.944 | lr=9.5e-04 | 1.9s
  Fold 5 | Ep  18/100 | t_loss=0.0330 t_acc=0.958 | v_win_bal=0.853 v_rec_bal=0.944 | lr=9.4e-04 | 1.9s
  Fold 5 | Ep  19/100 | t_loss=0.0288 t_acc=0.964 | v_win_bal=0.839 v_rec_bal=1.000 | lr=9.3e-04 | 1.9s
  Fold 5 | Ep  20/100 | t_loss=0.0285 t_acc=0.962 | v_win_bal=0.852 v_rec_bal=1.000 | lr=9.3e-04 | 1.9s
  Fold 5 | Ep  21/100 | t_loss=0.0263 t_acc=0.965 | v_win_bal=0.868 v_rec_bal=1.000 | lr=9.2e-04 | 1.9s
  Fold 5 | Ep  22/100 | t_loss=0.0267 t_acc=0.968 | v_win_bal=0.887 v_rec_bal=1.000 | lr=9.1e-04 | 1.9s
  Fold 5 | Ep  23/100 | t_loss=0.0230 t_acc=0.969 | v_win_bal=0.856 v_rec_bal=1.000 | lr=9.0e-04 | 1.9s
  Fold 5 | Ep  24/100 | t_loss=0.0214 t_acc=0.973 | v_win_bal=0.859 v_rec_bal=1.000 | lr=8.9e-04 | 1.9s
  Fold 5 | Ep  25/100 | t_loss=0.0201 t_acc=0.972 | v_win_bal=0.866 v_rec_bal=1.000 | lr=8.8e-04 | 1.9s
  Fold 5 | Ep  26/100 | t_loss=0.0191 t_acc=0.978 | v_win_bal=0.879 v_rec_bal=1.000 | lr=8.7e-04 | 1.9s
  Fold 5 | Ep  27/100 | t_loss=0.0178 t_acc=0.977 | v_win_bal=0.867 v_rec_bal=1.000 | lr=8.6e-04 | 1.9s
  Fold 5 | Ep  28/100 | t_loss=0.0199 t_acc=0.975 | v_win_bal=0.862 v_rec_bal=1.000 | lr=8.4e-04 | 1.9s
  Fold 5 | Ep  29/100 | t_loss=0.0172 t_acc=0.979 | v_win_bal=0.861 v_rec_bal=1.000 | lr=8.3e-04 | 1.9s
  Fold 5 | Ep  30/100 | t_loss=0.0161 t_acc=0.982 | v_win_bal=0.884 v_rec_bal=1.000 | lr=8.2e-04 | 1.9s
  Fold 5 | Ep  31/100 | t_loss=0.0152 t_acc=0.982 | v_win_bal=0.836 v_rec_bal=1.000 | lr=8.1e-04 | 2.1s
  Fold 5 | Ep  32/100 | t_loss=0.0131 t_acc=0.985 | v_win_bal=0.868 v_rec_bal=1.000 | lr=8.0e-04 | 1.9s
  Fold 5 | Ep  33/100 | t_loss=0.0129 t_acc=0.982 | v_win_bal=0.892 v_rec_bal=1.000 | lr=7.8e-04 | 1.9s
  Fold 5 | Ep  34/100 | t_loss=0.0140 t_acc=0.984 | v_win_bal=0.868 v_rec_bal=1.000 | lr=7.7e-04 | 1.9s
  Fold 5 | Ep  35/100 | t_loss=0.0138 t_acc=0.982 | v_win_bal=0.899 v_rec_bal=1.000 | lr=7.5e-04 | 1.9s
  Fold 5 | Ep  36/100 | t_loss=0.0144 t_acc=0.980 | v_win_bal=0.864 v_rec_bal=1.000 | lr=7.4e-04 | 2.0s
  Fold 5 | Ep  37/100 | t_loss=0.0153 t_acc=0.984 | v_win_bal=0.877 v_rec_bal=1.000 | lr=7.3e-04 | 1.9s
  Fold 5 | Ep  38/100 | t_loss=0.0180 t_acc=0.979 | v_win_bal=0.869 v_rec_bal=1.000 | lr=7.1e-04 | 1.9s
  Fold 5 | Ep  39/100 | t_loss=0.0141 t_acc=0.984 | v_win_bal=0.860 v_rec_bal=1.000 | lr=7.0e-04 | 2.0s
  Fold 5 | Ep  40/100 | t_loss=0.0126 t_acc=0.985 | v_win_bal=0.851 v_rec_bal=1.000 | lr=6.8e-04 | 1.9s
  Fold 5 | Ep  41/100 | t_loss=0.0120 t_acc=0.984 | v_win_bal=0.865 v_rec_bal=1.000 | lr=6.7e-04 | 1.9s
  Early stop at epoch 41
  -> Test (best @ epoch 19): acc=0.6667, bal_acc=0.5833

============================================================
Global Results (5-Fold, subject-level CV)
Mode: FT | Extractor: eegnet | Loss: focal
============================================================
              acc: 0.5000
          bal_acc: 0.4611
               f1: 0.5105
            kappa: -0.0736
  Total predictions: 70 (should equal dataset size: 70)

Results saved to results/hp_sweep/20260409_main/eegnet/eegnet_dropout0.5_lr1e-3_s123/
