CMD: /raid/jupyter-linjimmy1003.md10/.conda/envs/stress/bin/python train_ft.py --extractor eegnet --seed 2024 --device cuda:3 --run-id hp_sweep/20260409_main/eegnet/eegnet_dropout0.1_lr1e-4_s2024 --mode ft --folds 5 --epochs 100 --patience 20 --batch-size 32 --label subject-dass --loss focal --head-hidden 128 --csv data/comprehensive_labels.csv --weight-decay 0.05 --grad-clip 2.0 --warmup-epochs 3 --aug-overlap 0.75 --norm zscore --dropout 0.1 --lr 0.0001

/raid/jupyter-linjimmy1003.md10/.conda/envs/stress/lib/python3.11/site-packages/timm/models/layers/__init__.py:49: FutureWarning: Importing from timm.models.layers is deprecated, please import via timm.layers
  warnings.warn(f"Importing from {__name__} is deprecated, please import via timm.layers", FutureWarning)
Mode: FT | Extractor: eegnet | Folds: 5
LR: 0.0001 | WD: 0.05 | Beta2: 0.999 | Grad clip: 2.0
Head: hidden=128, dropout=0.1 | Norm: zscore | Loss: focal
Full FT: encoder_lr_scale=0.1
Augmentation: 75% overlap for increase class

Results → results/hp_sweep/20260409_main/eegnet/eegnet_dropout0.1_lr1e-4_s2024/
Dataset: 70 recordings loaded (14 increase, 56 normal)
Cache: 70 recordings ready (70 cached, 0 new)
Subject-DASS labels: increase=23 (5 subjects), normal=47

============================================================
Fold 1/5
============================================================
  Train:  43 samples, 10 subjects [2, 3, 6, 7, 8, 10, 11, 12, 13, 14], label_0=28, label_1=15
    Val:  13 samples,  3 subjects [5, 17, 18], label_0=10, label_1=3
   Test:  14 samples,  4 subjects [1, 4, 9, 16], label_0=9, label_1=5
  Building window datasets...
    WindowDataset: 7346 windows (class_0=2539, class_1=4807)
    WindowDataset: 819 windows (class_0=633, class_1=186)
    WindowDataset: 987 windows (class_0=670, class_1=317)
[EEGNet] F1=8 D=2 F2=16 kernel=100 T=1000 → embed_dim=496  (1,872 params)
  Trainable parameters: 129,491
  Class weights: [1.4466325044631958, 0.7640940546989441]
  Fold 1 | Ep   1/100 | t_loss=0.1763 t_acc=0.603 | v_win_bal=0.507 v_rec_bal=0.500 | lr=3.3e-05 | 8.3s
  Fold 1 | Ep   2/100 | t_loss=0.1702 t_acc=0.607 | v_win_bal=0.500 v_rec_bal=0.500 | lr=6.7e-05 | 2.1s
  Fold 1 | Ep   3/100 | t_loss=0.1565 t_acc=0.693 | v_win_bal=0.439 v_rec_bal=0.267 | lr=1.0e-04 | 2.1s
  Fold 1 | Ep   4/100 | t_loss=0.1335 t_acc=0.760 | v_win_bal=0.350 v_rec_bal=0.317 | lr=1.0e-04 | 2.1s
  Fold 1 | Ep   5/100 | t_loss=0.1173 t_acc=0.797 | v_win_bal=0.251 v_rec_bal=0.150 | lr=1.0e-04 | 2.1s
  Fold 1 | Ep   6/100 | t_loss=0.1066 t_acc=0.823 | v_win_bal=0.232 v_rec_bal=0.200 | lr=1.0e-04 | 2.1s
  Fold 1 | Ep   7/100 | t_loss=0.0998 t_acc=0.839 | v_win_bal=0.222 v_rec_bal=0.200 | lr=1.0e-04 | 2.1s
  Fold 1 | Ep   8/100 | t_loss=0.0933 t_acc=0.854 | v_win_bal=0.219 v_rec_bal=0.200 | lr=9.9e-05 | 2.1s
  Fold 1 | Ep   9/100 | t_loss=0.0906 t_acc=0.855 | v_win_bal=0.222 v_rec_bal=0.250 | lr=9.9e-05 | 2.6s
  Fold 1 | Ep  10/100 | t_loss=0.0864 t_acc=0.863 | v_win_bal=0.217 v_rec_bal=0.250 | lr=9.9e-05 | 2.0s
  Fold 1 | Ep  11/100 | t_loss=0.0843 t_acc=0.871 | v_win_bal=0.228 v_rec_bal=0.250 | lr=9.8e-05 | 2.1s
  Fold 1 | Ep  12/100 | t_loss=0.0808 t_acc=0.873 | v_win_bal=0.221 v_rec_bal=0.250 | lr=9.8e-05 | 2.0s
  Fold 1 | Ep  13/100 | t_loss=0.0799 t_acc=0.879 | v_win_bal=0.232 v_rec_bal=0.250 | lr=9.7e-05 | 2.0s
  Fold 1 | Ep  14/100 | t_loss=0.0766 t_acc=0.880 | v_win_bal=0.244 v_rec_bal=0.250 | lr=9.7e-05 | 2.1s
  Fold 1 | Ep  15/100 | t_loss=0.0764 t_acc=0.886 | v_win_bal=0.241 v_rec_bal=0.250 | lr=9.6e-05 | 2.1s
  Fold 1 | Ep  16/100 | t_loss=0.0726 t_acc=0.889 | v_win_bal=0.241 v_rec_bal=0.200 | lr=9.6e-05 | 2.0s
  Fold 1 | Ep  17/100 | t_loss=0.0714 t_acc=0.891 | v_win_bal=0.250 v_rec_bal=0.250 | lr=9.5e-05 | 2.0s
  Fold 1 | Ep  18/100 | t_loss=0.0706 t_acc=0.895 | v_win_bal=0.254 v_rec_bal=0.250 | lr=9.4e-05 | 2.1s
  Fold 1 | Ep  19/100 | t_loss=0.0678 t_acc=0.896 | v_win_bal=0.259 v_rec_bal=0.200 | lr=9.3e-05 | 2.6s
  Fold 1 | Ep  20/100 | t_loss=0.0652 t_acc=0.902 | v_win_bal=0.261 v_rec_bal=0.250 | lr=9.3e-05 | 2.1s
  Fold 1 | Ep  21/100 | t_loss=0.0625 t_acc=0.906 | v_win_bal=0.294 v_rec_bal=0.150 | lr=9.2e-05 | 2.0s
  Early stop at epoch 21
  -> Test (best @ epoch 1): acc=0.3571, bal_acc=0.5000

============================================================
Fold 2/5
============================================================
  Train:  41 samples, 11 subjects [1, 2, 4, 9, 11, 12, 13, 14, 16, 17, 18], label_0=27, label_1=14
    Val:  16 samples,  3 subjects [3, 6, 7], label_0=10, label_1=6
   Test:  13 samples,  3 subjects [5, 8, 10], label_0=10, label_1=3
  Building window datasets...
    WindowDataset: 6895 windows (class_0=2601, class_1=4294)
    WindowDataset: 960 windows (class_0=590, class_1=370)
    WindowDataset: 913 windows (class_0=651, class_1=262)
[EEGNet] F1=8 D=2 F2=16 kernel=100 T=1000 → embed_dim=496  (1,872 params)
  Fold 2 | Ep   1/100 | t_loss=0.1768 t_acc=0.496 | v_win_bal=0.486 v_rec_bal=0.483 | lr=3.3e-05 | 2.3s
  Fold 2 | Ep   2/100 | t_loss=0.1738 t_acc=0.548 | v_win_bal=0.475 v_rec_bal=0.400 | lr=6.7e-05 | 2.3s
  Fold 2 | Ep   3/100 | t_loss=0.1698 t_acc=0.601 | v_win_bal=0.448 v_rec_bal=0.500 | lr=1.0e-04 | 1.9s
  Fold 2 | Ep   4/100 | t_loss=0.1632 t_acc=0.646 | v_win_bal=0.469 v_rec_bal=0.333 | lr=1.0e-04 | 2.1s
  Fold 2 | Ep   5/100 | t_loss=0.1556 t_acc=0.670 | v_win_bal=0.513 v_rec_bal=0.517 | lr=1.0e-04 | 2.9s
  Fold 2 | Ep   6/100 | t_loss=0.1483 t_acc=0.692 | v_win_bal=0.526 v_rec_bal=0.600 | lr=1.0e-04 | 1.9s
  Fold 2 | Ep   7/100 | t_loss=0.1411 t_acc=0.711 | v_win_bal=0.544 v_rec_bal=0.750 | lr=1.0e-04 | 1.9s
  Fold 2 | Ep   8/100 | t_loss=0.1378 t_acc=0.723 | v_win_bal=0.525 v_rec_bal=0.450 | lr=9.9e-05 | 1.9s
  Fold 2 | Ep   9/100 | t_loss=0.1343 t_acc=0.740 | v_win_bal=0.543 v_rec_bal=0.650 | lr=9.9e-05 | 2.0s
  Fold 2 | Ep  10/100 | t_loss=0.1308 t_acc=0.747 | v_win_bal=0.546 v_rec_bal=0.600 | lr=9.9e-05 | 2.0s
  Fold 2 | Ep  11/100 | t_loss=0.1274 t_acc=0.759 | v_win_bal=0.550 v_rec_bal=0.550 | lr=9.8e-05 | 1.9s
  Fold 2 | Ep  12/100 | t_loss=0.1237 t_acc=0.771 | v_win_bal=0.549 v_rec_bal=0.600 | lr=9.8e-05 | 2.6s
  Fold 2 | Ep  13/100 | t_loss=0.1211 t_acc=0.774 | v_win_bal=0.556 v_rec_bal=0.600 | lr=9.7e-05 | 2.0s
  Fold 2 | Ep  14/100 | t_loss=0.1185 t_acc=0.785 | v_win_bal=0.549 v_rec_bal=0.500 | lr=9.7e-05 | 1.9s
  Fold 2 | Ep  15/100 | t_loss=0.1153 t_acc=0.796 | v_win_bal=0.555 v_rec_bal=0.550 | lr=9.6e-05 | 1.9s
  Fold 2 | Ep  16/100 | t_loss=0.1136 t_acc=0.795 | v_win_bal=0.559 v_rec_bal=0.550 | lr=9.6e-05 | 1.9s
  Fold 2 | Ep  17/100 | t_loss=0.1112 t_acc=0.803 | v_win_bal=0.562 v_rec_bal=0.650 | lr=9.5e-05 | 1.9s
  Fold 2 | Ep  18/100 | t_loss=0.1074 t_acc=0.811 | v_win_bal=0.579 v_rec_bal=0.550 | lr=9.4e-05 | 2.0s
  Fold 2 | Ep  19/100 | t_loss=0.1054 t_acc=0.818 | v_win_bal=0.581 v_rec_bal=0.700 | lr=9.3e-05 | 2.0s
  Fold 2 | Ep  20/100 | t_loss=0.1053 t_acc=0.818 | v_win_bal=0.574 v_rec_bal=0.650 | lr=9.3e-05 | 1.9s
  Fold 2 | Ep  21/100 | t_loss=0.1011 t_acc=0.830 | v_win_bal=0.574 v_rec_bal=0.650 | lr=9.2e-05 | 2.0s
  Fold 2 | Ep  22/100 | t_loss=0.0993 t_acc=0.832 | v_win_bal=0.570 v_rec_bal=0.550 | lr=9.1e-05 | 2.0s
  Fold 2 | Ep  23/100 | t_loss=0.0996 t_acc=0.832 | v_win_bal=0.569 v_rec_bal=0.550 | lr=9.0e-05 | 2.0s
  Fold 2 | Ep  24/100 | t_loss=0.0959 t_acc=0.844 | v_win_bal=0.569 v_rec_bal=0.600 | lr=8.9e-05 | 2.3s
  Fold 2 | Ep  25/100 | t_loss=0.0970 t_acc=0.845 | v_win_bal=0.565 v_rec_bal=0.600 | lr=8.8e-05 | 1.9s
  Fold 2 | Ep  26/100 | t_loss=0.0938 t_acc=0.845 | v_win_bal=0.571 v_rec_bal=0.600 | lr=8.7e-05 | 2.1s
  Fold 2 | Ep  27/100 | t_loss=0.0911 t_acc=0.853 | v_win_bal=0.574 v_rec_bal=0.600 | lr=8.6e-05 | 2.1s
  Fold 2 | Ep  28/100 | t_loss=0.0927 t_acc=0.847 | v_win_bal=0.580 v_rec_bal=0.550 | lr=8.4e-05 | 2.0s
  Fold 2 | Ep  29/100 | t_loss=0.0881 t_acc=0.856 | v_win_bal=0.584 v_rec_bal=0.600 | lr=8.3e-05 | 2.0s
  Fold 2 | Ep  30/100 | t_loss=0.0868 t_acc=0.861 | v_win_bal=0.585 v_rec_bal=0.600 | lr=8.2e-05 | 2.1s
  Fold 2 | Ep  31/100 | t_loss=0.0847 t_acc=0.867 | v_win_bal=0.576 v_rec_bal=0.550 | lr=8.1e-05 | 1.9s
  Fold 2 | Ep  32/100 | t_loss=0.0858 t_acc=0.865 | v_win_bal=0.586 v_rec_bal=0.600 | lr=8.0e-05 | 1.9s
  Fold 2 | Ep  33/100 | t_loss=0.0810 t_acc=0.868 | v_win_bal=0.589 v_rec_bal=0.600 | lr=7.8e-05 | 2.0s
  Fold 2 | Ep  34/100 | t_loss=0.0843 t_acc=0.867 | v_win_bal=0.580 v_rec_bal=0.600 | lr=7.7e-05 | 2.0s
  Fold 2 | Ep  35/100 | t_loss=0.0805 t_acc=0.869 | v_win_bal=0.591 v_rec_bal=0.600 | lr=7.5e-05 | 2.0s
  Fold 2 | Ep  36/100 | t_loss=0.0820 t_acc=0.866 | v_win_bal=0.588 v_rec_bal=0.650 | lr=7.4e-05 | 1.9s
  Fold 2 | Ep  37/100 | t_loss=0.0789 t_acc=0.874 | v_win_bal=0.578 v_rec_bal=0.600 | lr=7.3e-05 | 1.9s
  Fold 2 | Ep  38/100 | t_loss=0.0777 t_acc=0.875 | v_win_bal=0.586 v_rec_bal=0.600 | lr=7.1e-05 | 1.9s
  Fold 2 | Ep  39/100 | t_loss=0.0762 t_acc=0.876 | v_win_bal=0.578 v_rec_bal=0.550 | lr=7.0e-05 | 2.1s
  Fold 2 | Ep  40/100 | t_loss=0.0766 t_acc=0.881 | v_win_bal=0.581 v_rec_bal=0.550 | lr=6.8e-05 | 2.0s
  Fold 2 | Ep  41/100 | t_loss=0.0752 t_acc=0.880 | v_win_bal=0.590 v_rec_bal=0.600 | lr=6.7e-05 | 2.0s
  Early stop at epoch 41
  -> Test (best @ epoch 7): acc=0.5385, bal_acc=0.4667

============================================================
Fold 3/5
============================================================
  Train:  40 samples, 10 subjects [2, 5, 6, 8, 9, 10, 11, 12, 17, 18], label_0=28, label_1=12
    Val:  14 samples,  4 subjects [1, 4, 14, 16], label_0=9, label_1=5
   Test:  16 samples,  3 subjects [3, 7, 13], label_0=10, label_1=6
  Building window datasets...
    WindowDataset: 6302 windows (class_0=2222, class_1=4080)
    WindowDataset: 1103 windows (class_0=786, class_1=317)
    WindowDataset: 1204 windows (class_0=834, class_1=370)
[EEGNet] F1=8 D=2 F2=16 kernel=100 T=1000 → embed_dim=496  (1,872 params)
  Fold 3 | Ep   1/100 | t_loss=0.1784 t_acc=0.515 | v_win_bal=0.522 v_rec_bal=0.500 | lr=3.3e-05 | 1.8s
  Fold 3 | Ep   2/100 | t_loss=0.1754 t_acc=0.545 | v_win_bal=0.526 v_rec_bal=0.500 | lr=6.7e-05 | 1.8s
  Fold 3 | Ep   3/100 | t_loss=0.1736 t_acc=0.560 | v_win_bal=0.504 v_rec_bal=0.411 | lr=1.0e-04 | 2.0s
  Fold 3 | Ep   4/100 | t_loss=0.1703 t_acc=0.583 | v_win_bal=0.524 v_rec_bal=0.500 | lr=1.0e-04 | 1.8s
  Fold 3 | Ep   5/100 | t_loss=0.1671 t_acc=0.615 | v_win_bal=0.506 v_rec_bal=0.456 | lr=1.0e-04 | 1.8s
  Fold 3 | Ep   6/100 | t_loss=0.1649 t_acc=0.625 | v_win_bal=0.504 v_rec_bal=0.456 | lr=1.0e-04 | 1.8s
  Fold 3 | Ep   7/100 | t_loss=0.1613 t_acc=0.647 | v_win_bal=0.502 v_rec_bal=0.456 | lr=1.0e-04 | 2.0s
  Fold 3 | Ep   8/100 | t_loss=0.1556 t_acc=0.669 | v_win_bal=0.503 v_rec_bal=0.456 | lr=9.9e-05 | 1.8s
  Fold 3 | Ep   9/100 | t_loss=0.1515 t_acc=0.685 | v_win_bal=0.512 v_rec_bal=0.456 | lr=9.9e-05 | 1.8s
  Fold 3 | Ep  10/100 | t_loss=0.1470 t_acc=0.696 | v_win_bal=0.521 v_rec_bal=0.456 | lr=9.9e-05 | 2.0s
  Fold 3 | Ep  11/100 | t_loss=0.1397 t_acc=0.722 | v_win_bal=0.519 v_rec_bal=0.556 | lr=9.8e-05 | 1.8s
  Fold 3 | Ep  12/100 | t_loss=0.1360 t_acc=0.733 | v_win_bal=0.522 v_rec_bal=0.456 | lr=9.8e-05 | 1.8s
  Fold 3 | Ep  13/100 | t_loss=0.1301 t_acc=0.743 | v_win_bal=0.529 v_rec_bal=0.556 | lr=9.7e-05 | 1.8s
  Fold 3 | Ep  14/100 | t_loss=0.1290 t_acc=0.751 | v_win_bal=0.526 v_rec_bal=0.556 | lr=9.7e-05 | 1.9s
  Fold 3 | Ep  15/100 | t_loss=0.1247 t_acc=0.768 | v_win_bal=0.528 v_rec_bal=0.556 | lr=9.6e-05 | 1.8s
  Fold 3 | Ep  16/100 | t_loss=0.1218 t_acc=0.775 | v_win_bal=0.541 v_rec_bal=0.556 | lr=9.6e-05 | 1.8s
  Fold 3 | Ep  17/100 | t_loss=0.1174 t_acc=0.788 | v_win_bal=0.544 v_rec_bal=0.500 | lr=9.5e-05 | 1.8s
  Fold 3 | Ep  18/100 | t_loss=0.1165 t_acc=0.790 | v_win_bal=0.547 v_rec_bal=0.556 | lr=9.4e-05 | 1.8s
  Fold 3 | Ep  19/100 | t_loss=0.1122 t_acc=0.795 | v_win_bal=0.550 v_rec_bal=0.611 | lr=9.3e-05 | 1.8s
  Fold 3 | Ep  20/100 | t_loss=0.1113 t_acc=0.802 | v_win_bal=0.547 v_rec_bal=0.556 | lr=9.3e-05 | 1.8s
  Fold 3 | Ep  21/100 | t_loss=0.1102 t_acc=0.808 | v_win_bal=0.549 v_rec_bal=0.611 | lr=9.2e-05 | 1.8s
  Fold 3 | Ep  22/100 | t_loss=0.1088 t_acc=0.816 | v_win_bal=0.555 v_rec_bal=0.611 | lr=9.1e-05 | 1.8s
  Fold 3 | Ep  23/100 | t_loss=0.1063 t_acc=0.815 | v_win_bal=0.563 v_rec_bal=0.667 | lr=9.0e-05 | 1.8s
  Fold 3 | Ep  24/100 | t_loss=0.1049 t_acc=0.821 | v_win_bal=0.565 v_rec_bal=0.667 | lr=8.9e-05 | 1.8s
  Fold 3 | Ep  25/100 | t_loss=0.1029 t_acc=0.829 | v_win_bal=0.564 v_rec_bal=0.667 | lr=8.8e-05 | 1.8s
  Fold 3 | Ep  26/100 | t_loss=0.1044 t_acc=0.821 | v_win_bal=0.555 v_rec_bal=0.611 | lr=8.7e-05 | 1.8s
  Fold 3 | Ep  27/100 | t_loss=0.1019 t_acc=0.830 | v_win_bal=0.570 v_rec_bal=0.722 | lr=8.6e-05 | 1.9s
  Fold 3 | Ep  28/100 | t_loss=0.1008 t_acc=0.832 | v_win_bal=0.550 v_rec_bal=0.556 | lr=8.4e-05 | 1.9s
  Fold 3 | Ep  29/100 | t_loss=0.0983 t_acc=0.842 | v_win_bal=0.547 v_rec_bal=0.611 | lr=8.3e-05 | 1.8s
  Fold 3 | Ep  30/100 | t_loss=0.0961 t_acc=0.841 | v_win_bal=0.541 v_rec_bal=0.500 | lr=8.2e-05 | 1.9s
  Fold 3 | Ep  31/100 | t_loss=0.0960 t_acc=0.843 | v_win_bal=0.553 v_rec_bal=0.611 | lr=8.1e-05 | 1.8s
  Fold 3 | Ep  32/100 | t_loss=0.0919 t_acc=0.852 | v_win_bal=0.550 v_rec_bal=0.556 | lr=8.0e-05 | 1.8s
  Fold 3 | Ep  33/100 | t_loss=0.0907 t_acc=0.851 | v_win_bal=0.564 v_rec_bal=0.611 | lr=7.8e-05 | 1.8s
  Fold 3 | Ep  34/100 | t_loss=0.0921 t_acc=0.850 | v_win_bal=0.542 v_rec_bal=0.500 | lr=7.7e-05 | 1.9s
  Fold 3 | Ep  35/100 | t_loss=0.0904 t_acc=0.852 | v_win_bal=0.554 v_rec_bal=0.556 | lr=7.5e-05 | 1.9s
  Fold 3 | Ep  36/100 | t_loss=0.0894 t_acc=0.858 | v_win_bal=0.554 v_rec_bal=0.556 | lr=7.4e-05 | 1.8s
  Fold 3 | Ep  37/100 | t_loss=0.0886 t_acc=0.861 | v_win_bal=0.549 v_rec_bal=0.556 | lr=7.3e-05 | 1.8s
  Fold 3 | Ep  38/100 | t_loss=0.0854 t_acc=0.866 | v_win_bal=0.562 v_rec_bal=0.667 | lr=7.1e-05 | 1.8s
  Fold 3 | Ep  39/100 | t_loss=0.0868 t_acc=0.867 | v_win_bal=0.564 v_rec_bal=0.667 | lr=7.0e-05 | 1.8s
  Fold 3 | Ep  40/100 | t_loss=0.0843 t_acc=0.871 | v_win_bal=0.549 v_rec_bal=0.556 | lr=6.8e-05 | 1.8s
  Fold 3 | Ep  41/100 | t_loss=0.0824 t_acc=0.876 | v_win_bal=0.552 v_rec_bal=0.556 | lr=6.7e-05 | 1.8s
  Fold 3 | Ep  42/100 | t_loss=0.0821 t_acc=0.872 | v_win_bal=0.556 v_rec_bal=0.611 | lr=6.5e-05 | 1.8s
  Fold 3 | Ep  43/100 | t_loss=0.0800 t_acc=0.878 | v_win_bal=0.550 v_rec_bal=0.556 | lr=6.4e-05 | 1.9s
  Fold 3 | Ep  44/100 | t_loss=0.0798 t_acc=0.876 | v_win_bal=0.559 v_rec_bal=0.611 | lr=6.2e-05 | 1.8s
  Fold 3 | Ep  45/100 | t_loss=0.0803 t_acc=0.876 | v_win_bal=0.565 v_rec_bal=0.611 | lr=6.0e-05 | 1.8s
  Early stop at epoch 45
  -> Test (best @ epoch 27): acc=0.6875, bal_acc=0.5833

============================================================
Fold 4/5
============================================================
  Train:  42 samples, 10 subjects [1, 3, 4, 5, 7, 8, 9, 10, 16, 18], label_0=28, label_1=14
    Val:  16 samples,  3 subjects [6, 11, 13], label_0=10, label_1=6
   Test:  12 samples,  4 subjects [2, 12, 14, 17], label_0=9, label_1=3
  Building window datasets...
    WindowDataset: 5618 windows (class_0=1864, class_1=3754)
    WindowDataset: 1419 windows (class_0=838, class_1=581)
    WindowDataset: 1326 windows (class_0=1140, class_1=186)
[EEGNet] F1=8 D=2 F2=16 kernel=100 T=1000 → embed_dim=496  (1,872 params)
  Fold 4 | Ep   1/100 | t_loss=0.1730 t_acc=0.599 | v_win_bal=0.591 v_rec_bal=0.750 | lr=3.3e-05 | 1.7s
  Fold 4 | Ep   2/100 | t_loss=0.1690 t_acc=0.610 | v_win_bal=0.649 v_rec_bal=0.500 | lr=6.7e-05 | 1.7s
  Fold 4 | Ep   3/100 | t_loss=0.1606 t_acc=0.648 | v_win_bal=0.643 v_rec_bal=0.500 | lr=1.0e-04 | 1.7s
  Fold 4 | Ep   4/100 | t_loss=0.1533 t_acc=0.669 | v_win_bal=0.597 v_rec_bal=0.500 | lr=1.0e-04 | 1.7s
  Fold 4 | Ep   5/100 | t_loss=0.1471 t_acc=0.676 | v_win_bal=0.657 v_rec_bal=0.500 | lr=1.0e-04 | 1.7s
  Fold 4 | Ep   6/100 | t_loss=0.1420 t_acc=0.699 | v_win_bal=0.643 v_rec_bal=0.500 | lr=1.0e-04 | 1.7s
  Fold 4 | Ep   7/100 | t_loss=0.1398 t_acc=0.710 | v_win_bal=0.632 v_rec_bal=0.500 | lr=1.0e-04 | 1.9s
  Fold 4 | Ep   8/100 | t_loss=0.1361 t_acc=0.722 | v_win_bal=0.622 v_rec_bal=0.500 | lr=9.9e-05 | 1.7s
  Fold 4 | Ep   9/100 | t_loss=0.1352 t_acc=0.726 | v_win_bal=0.618 v_rec_bal=0.500 | lr=9.9e-05 | 1.7s
  Fold 4 | Ep  10/100 | t_loss=0.1313 t_acc=0.734 | v_win_bal=0.618 v_rec_bal=0.583 | lr=9.9e-05 | 1.8s
  Fold 4 | Ep  11/100 | t_loss=0.1301 t_acc=0.741 | v_win_bal=0.614 v_rec_bal=0.583 | lr=9.8e-05 | 1.7s
  Fold 4 | Ep  12/100 | t_loss=0.1275 t_acc=0.752 | v_win_bal=0.597 v_rec_bal=0.500 | lr=9.8e-05 | 1.7s
  Fold 4 | Ep  13/100 | t_loss=0.1281 t_acc=0.745 | v_win_bal=0.609 v_rec_bal=0.583 | lr=9.7e-05 | 1.7s
  Fold 4 | Ep  14/100 | t_loss=0.1225 t_acc=0.762 | v_win_bal=0.611 v_rec_bal=0.583 | lr=9.7e-05 | 1.7s
  Fold 4 | Ep  15/100 | t_loss=0.1230 t_acc=0.762 | v_win_bal=0.620 v_rec_bal=0.617 | lr=9.6e-05 | 1.7s
  Fold 4 | Ep  16/100 | t_loss=0.1211 t_acc=0.760 | v_win_bal=0.590 v_rec_bal=0.500 | lr=9.6e-05 | 1.7s
  Fold 4 | Ep  17/100 | t_loss=0.1193 t_acc=0.768 | v_win_bal=0.613 v_rec_bal=0.667 | lr=9.5e-05 | 1.7s
  Fold 4 | Ep  18/100 | t_loss=0.1174 t_acc=0.777 | v_win_bal=0.605 v_rec_bal=0.533 | lr=9.4e-05 | 1.7s
  Fold 4 | Ep  19/100 | t_loss=0.1148 t_acc=0.787 | v_win_bal=0.618 v_rec_bal=0.667 | lr=9.3e-05 | 1.7s
  Fold 4 | Ep  20/100 | t_loss=0.1124 t_acc=0.790 | v_win_bal=0.614 v_rec_bal=0.583 | lr=9.3e-05 | 1.7s
  Fold 4 | Ep  21/100 | t_loss=0.1131 t_acc=0.788 | v_win_bal=0.625 v_rec_bal=0.667 | lr=9.2e-05 | 1.7s
  Early stop at epoch 21
  -> Test (best @ epoch 1): acc=0.5833, bal_acc=0.3889

============================================================
Fold 5/5
============================================================
  Train:  39 samples, 11 subjects [1, 2, 4, 5, 8, 9, 10, 12, 14, 16, 17], label_0=28, label_1=11
    Val:  16 samples,  3 subjects [3, 7, 13], label_0=10, label_1=6
   Test:  15 samples,  3 subjects [6, 11, 18], label_0=9, label_1=6
  Building window datasets...
    WindowDataset: 5488 windows (class_0=2461, class_1=3027)
    WindowDataset: 1204 windows (class_0=834, class_1=370)
    WindowDataset: 1128 windows (class_0=547, class_1=581)
[EEGNet] F1=8 D=2 F2=16 kernel=100 T=1000 → embed_dim=496  (1,872 params)
  Fold 5 | Ep   1/100 | t_loss=0.1789 t_acc=0.501 | v_win_bal=0.498 v_rec_bal=0.650 | lr=3.3e-05 | 1.7s
  Fold 5 | Ep   2/100 | t_loss=0.1741 t_acc=0.531 | v_win_bal=0.525 v_rec_bal=0.517 | lr=6.7e-05 | 1.6s
  Fold 5 | Ep   3/100 | t_loss=0.1700 t_acc=0.560 | v_win_bal=0.578 v_rec_bal=0.717 | lr=1.0e-04 | 1.6s
  Fold 5 | Ep   4/100 | t_loss=0.1638 t_acc=0.617 | v_win_bal=0.560 v_rec_bal=0.550 | lr=1.0e-04 | 1.7s
  Fold 5 | Ep   5/100 | t_loss=0.1559 t_acc=0.655 | v_win_bal=0.583 v_rec_bal=0.550 | lr=1.0e-04 | 1.6s
  Fold 5 | Ep   6/100 | t_loss=0.1490 t_acc=0.679 | v_win_bal=0.597 v_rec_bal=0.717 | lr=1.0e-04 | 1.6s
  Fold 5 | Ep   7/100 | t_loss=0.1409 t_acc=0.709 | v_win_bal=0.597 v_rec_bal=0.683 | lr=1.0e-04 | 1.6s
  Fold 5 | Ep   8/100 | t_loss=0.1374 t_acc=0.724 | v_win_bal=0.583 v_rec_bal=0.600 | lr=9.9e-05 | 1.6s
  Fold 5 | Ep   9/100 | t_loss=0.1329 t_acc=0.733 | v_win_bal=0.584 v_rec_bal=0.600 | lr=9.9e-05 | 1.6s
  Fold 5 | Ep  10/100 | t_loss=0.1284 t_acc=0.752 | v_win_bal=0.589 v_rec_bal=0.600 | lr=9.9e-05 | 1.6s
  Fold 5 | Ep  11/100 | t_loss=0.1273 t_acc=0.752 | v_win_bal=0.591 v_rec_bal=0.600 | lr=9.8e-05 | 1.6s
  Fold 5 | Ep  12/100 | t_loss=0.1199 t_acc=0.773 | v_win_bal=0.610 v_rec_bal=0.600 | lr=9.8e-05 | 1.6s
  Fold 5 | Ep  13/100 | t_loss=0.1191 t_acc=0.776 | v_win_bal=0.594 v_rec_bal=0.600 | lr=9.7e-05 | 1.7s
  Fold 5 | Ep  14/100 | t_loss=0.1153 t_acc=0.785 | v_win_bal=0.603 v_rec_bal=0.600 | lr=9.7e-05 | 1.6s
  Fold 5 | Ep  15/100 | t_loss=0.1107 t_acc=0.792 | v_win_bal=0.594 v_rec_bal=0.600 | lr=9.6e-05 | 1.6s
  Fold 5 | Ep  16/100 | t_loss=0.1068 t_acc=0.811 | v_win_bal=0.598 v_rec_bal=0.600 | lr=9.6e-05 | 1.6s
  Fold 5 | Ep  17/100 | t_loss=0.1050 t_acc=0.821 | v_win_bal=0.597 v_rec_bal=0.600 | lr=9.5e-05 | 1.7s
  Fold 5 | Ep  18/100 | t_loss=0.1047 t_acc=0.815 | v_win_bal=0.611 v_rec_bal=0.600 | lr=9.4e-05 | 1.6s
  Fold 5 | Ep  19/100 | t_loss=0.1006 t_acc=0.830 | v_win_bal=0.610 v_rec_bal=0.600 | lr=9.3e-05 | 1.6s
  Fold 5 | Ep  20/100 | t_loss=0.0959 t_acc=0.837 | v_win_bal=0.611 v_rec_bal=0.600 | lr=9.3e-05 | 1.6s
  Fold 5 | Ep  21/100 | t_loss=0.0962 t_acc=0.840 | v_win_bal=0.596 v_rec_bal=0.600 | lr=9.2e-05 | 1.9s
  Fold 5 | Ep  22/100 | t_loss=0.0930 t_acc=0.831 | v_win_bal=0.585 v_rec_bal=0.600 | lr=9.1e-05 | 1.6s
  Fold 5 | Ep  23/100 | t_loss=0.0908 t_acc=0.848 | v_win_bal=0.600 v_rec_bal=0.600 | lr=9.0e-05 | 1.6s
  Fold 5 | Ep  24/100 | t_loss=0.0890 t_acc=0.853 | v_win_bal=0.579 v_rec_bal=0.567 | lr=8.9e-05 | 1.7s
  Fold 5 | Ep  25/100 | t_loss=0.0896 t_acc=0.846 | v_win_bal=0.610 v_rec_bal=0.600 | lr=8.8e-05 | 1.9s
  Fold 5 | Ep  26/100 | t_loss=0.0842 t_acc=0.860 | v_win_bal=0.604 v_rec_bal=0.600 | lr=8.7e-05 | 1.6s
  Fold 5 | Ep  27/100 | t_loss=0.0840 t_acc=0.855 | v_win_bal=0.598 v_rec_bal=0.600 | lr=8.6e-05 | 1.6s
  Fold 5 | Ep  28/100 | t_loss=0.0846 t_acc=0.861 | v_win_bal=0.604 v_rec_bal=0.600 | lr=8.4e-05 | 1.6s
  Early stop at epoch 28
  -> Test (best @ epoch 3): acc=0.4667, bal_acc=0.5556

============================================================
Global Results (5-Fold, subject-level CV)
Mode: FT | Extractor: eegnet | Loss: focal
============================================================
              acc: 0.5286
          bal_acc: 0.5379
               f1: 0.5427
            kappa: 0.0663
  Total predictions: 70 (should equal dataset size: 70)

Results saved to results/hp_sweep/20260409_main/eegnet/eegnet_dropout0.1_lr1e-4_s2024/
