CMD: /raid/jupyter-linjimmy1003.md10/.conda/envs/stress/bin/python train_ft.py --extractor labram --seed 42 --device cuda:6 --run-id hp_sweep/20260409_main/labram/labram_encoderlrscale0.1_lr1e-4_s42 --mode ft --folds 5 --epochs 100 --patience 20 --batch-size 32 --label subject-dass --loss focal --head-hidden 128 --csv data/comprehensive_labels.csv --weight-decay 0.05 --grad-clip 2.0 --warmup-epochs 3 --aug-overlap 0.75 --norm zscore --encoder-lr-scale 0.1 --lr 0.0001

/raid/jupyter-linjimmy1003.md10/.conda/envs/stress/lib/python3.11/site-packages/timm/models/layers/__init__.py:49: FutureWarning: Importing from timm.models.layers is deprecated, please import via timm.layers
  warnings.warn(f"Importing from {__name__} is deprecated, please import via timm.layers", FutureWarning)
Mode: FT | Extractor: labram | Folds: 5
LR: 0.0001 | WD: 0.05 | Beta2: 0.999 | Grad clip: 2.0
Head: hidden=128, dropout=0.0 | Norm: zscore | Loss: focal
Full FT: encoder_lr_scale=0.1
Augmentation: 75% overlap for increase class

Results → results/hp_sweep/20260409_main/labram/labram_encoderlrscale0.1_lr1e-4_s42/
Dataset: 70 recordings loaded (14 increase, 56 normal)
Cache: 70 recordings ready (70 cached, 0 new)
Subject-DASS labels: increase=23 (5 subjects), normal=47

============================================================
Fold 1/5
============================================================
  Train:  43 samples, 10 subjects [2, 3, 5, 6, 7, 9, 11, 13, 17, 18], label_0=28, label_1=15
    Val:  13 samples,  3 subjects [4, 8, 10], label_0=10, label_1=3
   Test:  14 samples,  4 subjects [1, 12, 14, 16], label_0=9, label_1=5
  Building window datasets...
    WindowDataset: 6561 windows (class_0=2058, class_1=4503)
    WindowDataset: 900 windows (class_0=638, class_1=262)
    WindowDataset: 1463 windows (class_0=1146, class_1=317)
[LaBraM] Loaded 221/223 params from weights/labram-base/model.safetensors
[LaBraM] Missing: ['fc_norm.weight', 'fc_norm.bias']
  Trainable parameters: 5,872,179
  Class weights: [1.59402334690094, 0.7285143136978149]
  Fold 1 | Ep   1/100 | t_loss=0.1572 t_acc=0.628 | v_win_bal=0.647 v_rec_bal=0.533 | lr=3.3e-05 | 10.7s
  Fold 1 | Ep   2/100 | t_loss=0.0869 t_acc=0.866 | v_win_bal=0.668 v_rec_bal=0.483 | lr=6.7e-05 | 8.2s
  Fold 1 | Ep   3/100 | t_loss=0.0360 t_acc=0.954 | v_win_bal=0.651 v_rec_bal=0.650 | lr=1.0e-04 | 8.1s
  Fold 1 | Ep   4/100 | t_loss=0.0163 t_acc=0.986 | v_win_bal=0.650 v_rec_bal=0.650 | lr=1.0e-04 | 8.1s
  Fold 1 | Ep   5/100 | t_loss=0.0089 t_acc=0.994 | v_win_bal=0.671 v_rec_bal=0.650 | lr=1.0e-04 | 8.4s
  Fold 1 | Ep   6/100 | t_loss=0.0007 t_acc=0.999 | v_win_bal=0.677 v_rec_bal=0.533 | lr=1.0e-04 | 8.1s
  Fold 1 | Ep   7/100 | t_loss=0.0026 t_acc=0.999 | v_win_bal=0.677 v_rec_bal=0.650 | lr=1.0e-04 | 8.1s
  Fold 1 | Ep   8/100 | t_loss=0.0006 t_acc=1.000 | v_win_bal=0.666 v_rec_bal=0.483 | lr=9.9e-05 | 8.0s
  Fold 1 | Ep   9/100 | t_loss=0.0000 t_acc=1.000 | v_win_bal=0.683 v_rec_bal=0.533 | lr=9.9e-05 | 8.1s
  Fold 1 | Ep  10/100 | t_loss=0.0000 t_acc=1.000 | v_win_bal=0.671 v_rec_bal=0.483 | lr=9.9e-05 | 8.0s
  Fold 1 | Ep  11/100 | t_loss=0.0000 t_acc=1.000 | v_win_bal=0.670 v_rec_bal=0.483 | lr=9.8e-05 | 8.0s
  Fold 1 | Ep  12/100 | t_loss=0.0000 t_acc=1.000 | v_win_bal=0.668 v_rec_bal=0.483 | lr=9.8e-05 | 7.9s
  Fold 1 | Ep  13/100 | t_loss=0.0000 t_acc=1.000 | v_win_bal=0.672 v_rec_bal=0.483 | lr=9.7e-05 | 8.0s
  Fold 1 | Ep  14/100 | t_loss=0.0000 t_acc=1.000 | v_win_bal=0.671 v_rec_bal=0.483 | lr=9.7e-05 | 8.2s
  Fold 1 | Ep  15/100 | t_loss=0.0000 t_acc=1.000 | v_win_bal=0.668 v_rec_bal=0.483 | lr=9.6e-05 | 7.9s
  Fold 1 | Ep  16/100 | t_loss=0.0000 t_acc=1.000 | v_win_bal=0.668 v_rec_bal=0.483 | lr=9.6e-05 | 8.0s
  Fold 1 | Ep  17/100 | t_loss=0.0000 t_acc=1.000 | v_win_bal=0.667 v_rec_bal=0.483 | lr=9.5e-05 | 8.0s
  Fold 1 | Ep  18/100 | t_loss=0.0000 t_acc=1.000 | v_win_bal=0.668 v_rec_bal=0.483 | lr=9.4e-05 | 8.2s
  Fold 1 | Ep  19/100 | t_loss=0.0000 t_acc=1.000 | v_win_bal=0.670 v_rec_bal=0.483 | lr=9.3e-05 | 8.0s
  Fold 1 | Ep  20/100 | t_loss=0.0000 t_acc=1.000 | v_win_bal=0.672 v_rec_bal=0.483 | lr=9.3e-05 | 8.3s
  Fold 1 | Ep  21/100 | t_loss=0.0000 t_acc=1.000 | v_win_bal=0.667 v_rec_bal=0.483 | lr=9.2e-05 | 8.3s
  Fold 1 | Ep  22/100 | t_loss=0.0000 t_acc=1.000 | v_win_bal=0.668 v_rec_bal=0.483 | lr=9.1e-05 | 8.0s
  Fold 1 | Ep  23/100 | t_loss=0.0000 t_acc=1.000 | v_win_bal=0.668 v_rec_bal=0.483 | lr=9.0e-05 | 8.0s
  Fold 1 | Ep  24/100 | t_loss=0.0000 t_acc=1.000 | v_win_bal=0.670 v_rec_bal=0.483 | lr=8.9e-05 | 8.1s
  Fold 1 | Ep  25/100 | t_loss=0.0000 t_acc=1.000 | v_win_bal=0.668 v_rec_bal=0.483 | lr=8.8e-05 | 8.4s
  Early stop at epoch 25
  -> Test (best @ epoch 3): acc=0.9286, bal_acc=0.9000

============================================================
Fold 2/5
============================================================
  Train:  43 samples, 10 subjects [3, 4, 6, 7, 11, 13, 14, 16, 17, 18], label_0=28, label_1=15
    Val:  14 samples,  4 subjects [1, 2, 9, 12], label_0=9, label_1=5
   Test:  13 samples,  3 subjects [5, 8, 10], label_0=10, label_1=3
  Building window datasets...
    WindowDataset: 6670 windows (class_0=2167, class_1=4503)
    WindowDataset: 1341 windows (class_0=1024, class_1=317)
    WindowDataset: 913 windows (class_0=651, class_1=262)
[LaBraM] Loaded 221/223 params from weights/labram-base/model.safetensors
[LaBraM] Missing: ['fc_norm.weight', 'fc_norm.bias']
  Fold 2 | Ep   1/100 | t_loss=0.1434 t_acc=0.693 | v_win_bal=0.716 v_rec_bal=0.744 | lr=3.3e-05 | 9.4s
  Fold 2 | Ep   2/100 | t_loss=0.0767 t_acc=0.871 | v_win_bal=0.636 v_rec_bal=0.544 | lr=6.7e-05 | 8.9s
  Fold 2 | Ep   3/100 | t_loss=0.0288 t_acc=0.964 | v_win_bal=0.734 v_rec_bal=0.889 | lr=1.0e-04 | 8.7s
  Fold 2 | Ep   4/100 | t_loss=0.0211 t_acc=0.983 | v_win_bal=0.708 v_rec_bal=0.644 | lr=1.0e-04 | 8.6s
  Fold 2 | Ep   5/100 | t_loss=0.0053 t_acc=0.995 | v_win_bal=0.575 v_rec_bal=0.444 | lr=1.0e-04 | 8.6s
  Fold 2 | Ep   6/100 | t_loss=0.0019 t_acc=0.998 | v_win_bal=0.771 v_rec_bal=0.889 | lr=1.0e-04 | 8.7s
  Fold 2 | Ep   7/100 | t_loss=0.0028 t_acc=0.998 | v_win_bal=0.695 v_rec_bal=0.644 | lr=1.0e-04 | 8.7s
  Fold 2 | Ep   8/100 | t_loss=0.0010 t_acc=0.999 | v_win_bal=0.716 v_rec_bal=0.744 | lr=9.9e-05 | 8.7s
  Fold 2 | Ep   9/100 | t_loss=0.0000 t_acc=1.000 | v_win_bal=0.741 v_rec_bal=0.689 | lr=9.9e-05 | 8.7s
  Fold 2 | Ep  10/100 | t_loss=0.0000 t_acc=1.000 | v_win_bal=0.721 v_rec_bal=0.744 | lr=9.9e-05 | 8.7s
  Fold 2 | Ep  11/100 | t_loss=0.0000 t_acc=1.000 | v_win_bal=0.722 v_rec_bal=0.689 | lr=9.8e-05 | 8.7s
  Fold 2 | Ep  12/100 | t_loss=0.0000 t_acc=1.000 | v_win_bal=0.729 v_rec_bal=0.689 | lr=9.8e-05 | 8.7s
  Fold 2 | Ep  13/100 | t_loss=0.0000 t_acc=1.000 | v_win_bal=0.729 v_rec_bal=0.689 | lr=9.7e-05 | 8.7s
  Fold 2 | Ep  14/100 | t_loss=0.0000 t_acc=1.000 | v_win_bal=0.723 v_rec_bal=0.689 | lr=9.7e-05 | 8.7s
  Fold 2 | Ep  15/100 | t_loss=0.0000 t_acc=1.000 | v_win_bal=0.726 v_rec_bal=0.689 | lr=9.6e-05 | 9.0s
  Fold 2 | Ep  16/100 | t_loss=0.0000 t_acc=1.000 | v_win_bal=0.726 v_rec_bal=0.689 | lr=9.6e-05 | 9.0s
  Fold 2 | Ep  17/100 | t_loss=0.0000 t_acc=1.000 | v_win_bal=0.724 v_rec_bal=0.689 | lr=9.5e-05 | 8.7s
  Fold 2 | Ep  18/100 | t_loss=0.0000 t_acc=1.000 | v_win_bal=0.714 v_rec_bal=0.689 | lr=9.4e-05 | 8.7s
  Fold 2 | Ep  19/100 | t_loss=0.0000 t_acc=1.000 | v_win_bal=0.719 v_rec_bal=0.689 | lr=9.3e-05 | 8.6s
  Fold 2 | Ep  20/100 | t_loss=0.0000 t_acc=1.000 | v_win_bal=0.716 v_rec_bal=0.689 | lr=9.3e-05 | 9.1s
  Fold 2 | Ep  21/100 | t_loss=0.0000 t_acc=1.000 | v_win_bal=0.724 v_rec_bal=0.689 | lr=9.2e-05 | 8.9s
  Fold 2 | Ep  22/100 | t_loss=0.0000 t_acc=1.000 | v_win_bal=0.718 v_rec_bal=0.689 | lr=9.1e-05 | 8.7s
  Fold 2 | Ep  23/100 | t_loss=0.0000 t_acc=1.000 | v_win_bal=0.717 v_rec_bal=0.689 | lr=9.0e-05 | 8.6s
  Fold 2 | Ep  24/100 | t_loss=0.0000 t_acc=1.000 | v_win_bal=0.716 v_rec_bal=0.689 | lr=8.9e-05 | 8.7s
  Fold 2 | Ep  25/100 | t_loss=0.0000 t_acc=1.000 | v_win_bal=0.717 v_rec_bal=0.689 | lr=8.8e-05 | 8.7s
  Fold 2 | Ep  26/100 | t_loss=0.0000 t_acc=1.000 | v_win_bal=0.719 v_rec_bal=0.689 | lr=8.7e-05 | 8.7s
  Fold 2 | Ep  27/100 | t_loss=0.0000 t_acc=1.000 | v_win_bal=0.721 v_rec_bal=0.689 | lr=8.6e-05 | 8.6s
  Fold 2 | Ep  28/100 | t_loss=0.0000 t_acc=1.000 | v_win_bal=0.717 v_rec_bal=0.689 | lr=8.4e-05 | 8.7s
  Early stop at epoch 28
  -> Test (best @ epoch 3): acc=0.4615, bal_acc=0.6500

============================================================
Fold 3/5
============================================================
  Train:  40 samples, 10 subjects [4, 5, 8, 9, 10, 11, 13, 16, 17, 18], label_0=28, label_1=12
    Val:  14 samples,  4 subjects [1, 2, 12, 14], label_0=9, label_1=5
   Test:  16 samples,  3 subjects [3, 6, 7], label_0=10, label_1=6
  Building window datasets...
    WindowDataset: 6192 windows (class_0=2112, class_1=4080)
    WindowDataset: 1457 windows (class_0=1140, class_1=317)
    WindowDataset: 960 windows (class_0=590, class_1=370)
[LaBraM] Loaded 221/223 params from weights/labram-base/model.safetensors
[LaBraM] Missing: ['fc_norm.weight', 'fc_norm.bias']
  Fold 3 | Ep   1/100 | t_loss=0.1555 t_acc=0.627 | v_win_bal=0.664 v_rec_bal=0.744 | lr=3.3e-05 | 8.2s
  Fold 3 | Ep   2/100 | t_loss=0.0701 t_acc=0.889 | v_win_bal=0.602 v_rec_bal=0.444 | lr=6.7e-05 | 8.2s
  Fold 3 | Ep   3/100 | t_loss=0.0235 t_acc=0.972 | v_win_bal=0.761 v_rec_bal=0.789 | lr=1.0e-04 | 8.1s
  Fold 3 | Ep   4/100 | t_loss=0.0101 t_acc=0.989 | v_win_bal=0.574 v_rec_bal=0.544 | lr=1.0e-04 | 8.5s
  Fold 3 | Ep   5/100 | t_loss=0.0020 t_acc=0.998 | v_win_bal=0.762 v_rec_bal=0.789 | lr=1.0e-04 | 9.0s
  Fold 3 | Ep   6/100 | t_loss=0.0001 t_acc=1.000 | v_win_bal=0.711 v_rec_bal=0.689 | lr=1.0e-04 | 8.5s
  Fold 3 | Ep   7/100 | t_loss=0.0001 t_acc=1.000 | v_win_bal=0.662 v_rec_bal=0.644 | lr=1.0e-04 | 8.4s
  Fold 3 | Ep   8/100 | t_loss=0.0000 t_acc=1.000 | v_win_bal=0.667 v_rec_bal=0.644 | lr=9.9e-05 | 8.5s
  Fold 3 | Ep   9/100 | t_loss=0.0000 t_acc=1.000 | v_win_bal=0.672 v_rec_bal=0.644 | lr=9.9e-05 | 8.6s
  Fold 3 | Ep  10/100 | t_loss=0.0000 t_acc=1.000 | v_win_bal=0.669 v_rec_bal=0.644 | lr=9.9e-05 | 9.0s
  Fold 3 | Ep  11/100 | t_loss=0.0000 t_acc=1.000 | v_win_bal=0.668 v_rec_bal=0.644 | lr=9.8e-05 | 8.6s
  Fold 3 | Ep  12/100 | t_loss=0.0000 t_acc=1.000 | v_win_bal=0.669 v_rec_bal=0.644 | lr=9.8e-05 | 9.1s
  Fold 3 | Ep  13/100 | t_loss=0.0000 t_acc=1.000 | v_win_bal=0.670 v_rec_bal=0.644 | lr=9.7e-05 | 9.4s
  Fold 3 | Ep  14/100 | t_loss=0.0000 t_acc=1.000 | v_win_bal=0.667 v_rec_bal=0.644 | lr=9.7e-05 | 9.1s
  Fold 3 | Ep  15/100 | t_loss=0.0000 t_acc=1.000 | v_win_bal=0.668 v_rec_bal=0.644 | lr=9.6e-05 | 8.9s
  Fold 3 | Ep  16/100 | t_loss=0.0000 t_acc=1.000 | v_win_bal=0.672 v_rec_bal=0.644 | lr=9.6e-05 | 9.2s
  Fold 3 | Ep  17/100 | t_loss=0.0000 t_acc=1.000 | v_win_bal=0.670 v_rec_bal=0.644 | lr=9.5e-05 | 9.2s
  Fold 3 | Ep  18/100 | t_loss=0.0000 t_acc=1.000 | v_win_bal=0.666 v_rec_bal=0.644 | lr=9.4e-05 | 8.9s
  Fold 3 | Ep  19/100 | t_loss=0.0000 t_acc=1.000 | v_win_bal=0.664 v_rec_bal=0.644 | lr=9.3e-05 | 9.3s
  Fold 3 | Ep  20/100 | t_loss=0.0000 t_acc=1.000 | v_win_bal=0.662 v_rec_bal=0.644 | lr=9.3e-05 | 8.7s
  Fold 3 | Ep  21/100 | t_loss=0.0000 t_acc=1.000 | v_win_bal=0.663 v_rec_bal=0.644 | lr=9.2e-05 | 8.7s
  Early stop at epoch 21
  -> Test (best @ epoch 3): acc=0.5000, bal_acc=0.5000

============================================================
Fold 4/5
============================================================
  Train:  39 samples, 11 subjects [1, 2, 4, 5, 8, 9, 10, 12, 14, 16, 17], label_0=28, label_1=11
    Val:  16 samples,  3 subjects [3, 6, 7], label_0=10, label_1=6
   Test:  15 samples,  3 subjects [11, 13, 18], label_0=9, label_1=6
  Building window datasets...
    WindowDataset: 5488 windows (class_0=2461, class_1=3027)
    WindowDataset: 960 windows (class_0=590, class_1=370)
    WindowDataset: 1372 windows (class_0=791, class_1=581)
[LaBraM] Loaded 221/223 params from weights/labram-base/model.safetensors
[LaBraM] Missing: ['fc_norm.weight', 'fc_norm.bias']
  Fold 4 | Ep   1/100 | t_loss=0.1555 t_acc=0.647 | v_win_bal=0.676 v_rec_bal=0.700 | lr=3.3e-05 | 7.2s
  Fold 4 | Ep   2/100 | t_loss=0.0701 t_acc=0.889 | v_win_bal=0.440 v_rec_bal=0.367 | lr=6.7e-05 | 7.3s
  Fold 4 | Ep   3/100 | t_loss=0.0252 t_acc=0.968 | v_win_bal=0.390 v_rec_bal=0.283 | lr=1.0e-04 | 7.3s
  Fold 4 | Ep   4/100 | t_loss=0.0085 t_acc=0.991 | v_win_bal=0.435 v_rec_bal=0.383 | lr=1.0e-04 | 7.5s
  Fold 4 | Ep   5/100 | t_loss=0.0035 t_acc=0.996 | v_win_bal=0.400 v_rec_bal=0.367 | lr=1.0e-04 | 7.5s
  Fold 4 | Ep   6/100 | t_loss=0.0042 t_acc=0.996 | v_win_bal=0.381 v_rec_bal=0.300 | lr=1.0e-04 | 7.8s
  Fold 4 | Ep   7/100 | t_loss=0.0010 t_acc=0.999 | v_win_bal=0.356 v_rec_bal=0.250 | lr=1.0e-04 | 7.4s
  Fold 4 | Ep   8/100 | t_loss=0.0010 t_acc=0.999 | v_win_bal=0.393 v_rec_bal=0.333 | lr=9.9e-05 | 7.4s
  Fold 4 | Ep   9/100 | t_loss=0.0023 t_acc=0.999 | v_win_bal=0.383 v_rec_bal=0.383 | lr=9.9e-05 | 7.4s
  Fold 4 | Ep  10/100 | t_loss=0.0000 t_acc=1.000 | v_win_bal=0.346 v_rec_bal=0.300 | lr=9.9e-05 | 7.3s
  Fold 4 | Ep  11/100 | t_loss=0.0002 t_acc=1.000 | v_win_bal=0.360 v_rec_bal=0.300 | lr=9.8e-05 | 7.4s
  Fold 4 | Ep  12/100 | t_loss=0.0021 t_acc=0.998 | v_win_bal=0.392 v_rec_bal=0.383 | lr=9.8e-05 | 7.4s
  Fold 4 | Ep  13/100 | t_loss=0.0046 t_acc=0.997 | v_win_bal=0.371 v_rec_bal=0.300 | lr=9.7e-05 | 7.4s
  Fold 4 | Ep  14/100 | t_loss=0.0011 t_acc=0.999 | v_win_bal=0.378 v_rec_bal=0.333 | lr=9.7e-05 | 7.4s
  Fold 4 | Ep  15/100 | t_loss=0.0013 t_acc=0.999 | v_win_bal=0.398 v_rec_bal=0.417 | lr=9.6e-05 | 7.7s
  Fold 4 | Ep  16/100 | t_loss=0.0021 t_acc=0.999 | v_win_bal=0.367 v_rec_bal=0.333 | lr=9.6e-05 | 7.6s
  Fold 4 | Ep  17/100 | t_loss=0.0000 t_acc=1.000 | v_win_bal=0.348 v_rec_bal=0.300 | lr=9.5e-05 | 7.7s
  Fold 4 | Ep  18/100 | t_loss=0.0000 t_acc=1.000 | v_win_bal=0.345 v_rec_bal=0.300 | lr=9.4e-05 | 7.7s
  Fold 4 | Ep  19/100 | t_loss=0.0000 t_acc=1.000 | v_win_bal=0.347 v_rec_bal=0.300 | lr=9.3e-05 | 7.7s
  Fold 4 | Ep  20/100 | t_loss=0.0000 t_acc=1.000 | v_win_bal=0.346 v_rec_bal=0.300 | lr=9.3e-05 | 7.6s
  Fold 4 | Ep  21/100 | t_loss=0.0000 t_acc=1.000 | v_win_bal=0.346 v_rec_bal=0.300 | lr=9.2e-05 | 7.9s
  Early stop at epoch 21
  -> Test (best @ epoch 1): acc=0.7333, bal_acc=0.7222

============================================================
Fold 5/5
============================================================
  Train:  44 samples,  9 subjects [3, 5, 6, 7, 8, 10, 11, 13, 18], label_0=29, label_1=15
    Val:  14 samples,  4 subjects [1, 12, 14, 16], label_0=9, label_1=5
   Test:  12 samples,  4 subjects [2, 4, 9, 17], label_0=9, label_1=3
  Building window datasets...
    WindowDataset: 6839 windows (class_0=2032, class_1=4807)
    WindowDataset: 1463 windows (class_0=1146, class_1=317)
    WindowDataset: 850 windows (class_0=664, class_1=186)
[LaBraM] Loaded 221/223 params from weights/labram-base/model.safetensors
[LaBraM] Missing: ['fc_norm.weight', 'fc_norm.bias']
  Fold 5 | Ep   1/100 | t_loss=0.1581 t_acc=0.631 | v_win_bal=0.793 v_rec_bal=0.844 | lr=3.3e-05 | 9.7s
  Fold 5 | Ep   2/100 | t_loss=0.0705 t_acc=0.890 | v_win_bal=0.695 v_rec_bal=0.700 | lr=6.7e-05 | 9.6s
  Fold 5 | Ep   3/100 | t_loss=0.0283 t_acc=0.966 | v_win_bal=0.796 v_rec_bal=0.900 | lr=1.0e-04 | 10.2s
  Fold 5 | Ep   4/100 | t_loss=0.0107 t_acc=0.988 | v_win_bal=0.798 v_rec_bal=0.800 | lr=1.0e-04 | 9.9s
  Fold 5 | Ep   5/100 | t_loss=0.0020 t_acc=0.998 | v_win_bal=0.851 v_rec_bal=0.844 | lr=1.0e-04 | 9.6s
  Fold 5 | Ep   6/100 | t_loss=0.0010 t_acc=0.999 | v_win_bal=0.687 v_rec_bal=0.700 | lr=1.0e-04 | 9.9s
  Fold 5 | Ep   7/100 | t_loss=0.0006 t_acc=0.999 | v_win_bal=0.843 v_rec_bal=0.900 | lr=1.0e-04 | 9.4s
  Fold 5 | Ep   8/100 | t_loss=0.0000 t_acc=1.000 | v_win_bal=0.840 v_rec_bal=0.900 | lr=9.9e-05 | 9.0s
  Fold 5 | Ep   9/100 | t_loss=0.0000 t_acc=1.000 | v_win_bal=0.845 v_rec_bal=0.900 | lr=9.9e-05 | 9.1s
  Fold 5 | Ep  10/100 | t_loss=0.0000 t_acc=1.000 | v_win_bal=0.848 v_rec_bal=0.900 | lr=9.9e-05 | 9.2s
  Fold 5 | Ep  11/100 | t_loss=0.0000 t_acc=1.000 | v_win_bal=0.846 v_rec_bal=0.900 | lr=9.8e-05 | 9.0s
  Fold 5 | Ep  12/100 | t_loss=0.0000 t_acc=1.000 | v_win_bal=0.854 v_rec_bal=0.900 | lr=9.8e-05 | 9.6s
  Fold 5 | Ep  13/100 | t_loss=0.0000 t_acc=1.000 | v_win_bal=0.850 v_rec_bal=0.900 | lr=9.7e-05 | 9.4s
  Fold 5 | Ep  14/100 | t_loss=0.0000 t_acc=1.000 | v_win_bal=0.843 v_rec_bal=0.900 | lr=9.7e-05 | 9.1s
  Fold 5 | Ep  15/100 | t_loss=0.0000 t_acc=1.000 | v_win_bal=0.850 v_rec_bal=0.900 | lr=9.6e-05 | 9.2s
  Fold 5 | Ep  16/100 | t_loss=0.0000 t_acc=1.000 | v_win_bal=0.847 v_rec_bal=0.900 | lr=9.6e-05 | 9.3s
  Fold 5 | Ep  17/100 | t_loss=0.0000 t_acc=1.000 | v_win_bal=0.846 v_rec_bal=0.900 | lr=9.5e-05 | 9.4s
  Fold 5 | Ep  18/100 | t_loss=0.0000 t_acc=1.000 | v_win_bal=0.845 v_rec_bal=0.900 | lr=9.4e-05 | 9.8s
  Fold 5 | Ep  19/100 | t_loss=0.0000 t_acc=1.000 | v_win_bal=0.843 v_rec_bal=0.900 | lr=9.3e-05 | 9.7s
  Fold 5 | Ep  20/100 | t_loss=0.0000 t_acc=1.000 | v_win_bal=0.846 v_rec_bal=0.900 | lr=9.3e-05 | 9.7s
  Fold 5 | Ep  21/100 | t_loss=0.0000 t_acc=1.000 | v_win_bal=0.846 v_rec_bal=0.900 | lr=9.2e-05 | 9.7s
  Fold 5 | Ep  22/100 | t_loss=0.0000 t_acc=1.000 | v_win_bal=0.851 v_rec_bal=0.900 | lr=9.1e-05 | 9.1s
  Fold 5 | Ep  23/100 | t_loss=0.0000 t_acc=1.000 | v_win_bal=0.849 v_rec_bal=0.900 | lr=9.0e-05 | 9.4s
  Fold 5 | Ep  24/100 | t_loss=0.0000 t_acc=1.000 | v_win_bal=0.852 v_rec_bal=0.900 | lr=8.9e-05 | 8.9s
  Fold 5 | Ep  25/100 | t_loss=0.0000 t_acc=1.000 | v_win_bal=0.846 v_rec_bal=0.900 | lr=8.8e-05 | 9.0s
  Fold 5 | Ep  26/100 | t_loss=0.0000 t_acc=1.000 | v_win_bal=0.848 v_rec_bal=0.900 | lr=8.7e-05 | 9.0s
  Fold 5 | Ep  27/100 | t_loss=0.0000 t_acc=1.000 | v_win_bal=0.847 v_rec_bal=0.900 | lr=8.6e-05 | 8.9s
  Fold 5 | Ep  28/100 | t_loss=0.0000 t_acc=1.000 | v_win_bal=0.851 v_rec_bal=0.900 | lr=8.4e-05 | 9.3s
  Fold 5 | Ep  29/100 | t_loss=0.0000 t_acc=1.000 | v_win_bal=0.849 v_rec_bal=0.900 | lr=8.3e-05 | 9.0s
  Early stop at epoch 29
  -> Test (best @ epoch 3): acc=0.0833, bal_acc=0.0556

============================================================
Global Results (5-Fold, subject-level CV)
Mode: FT | Extractor: labram | Loss: focal
============================================================
              acc: 0.5571
          bal_acc: 0.5703
               f1: 0.5704
            kappa: 0.1229
  Total predictions: 70 (should equal dataset size: 70)

Results saved to results/hp_sweep/20260409_main/labram/labram_encoderlrscale0.1_lr1e-4_s42/
