CMD: /raid/jupyter-linjimmy1003.md10/.conda/envs/stress/bin/python train_ft.py --extractor labram --seed 2024 --device cuda:6 --run-id hp_sweep/20260409_main/labram/labram_encoderlrscale1_lr1e-4_s2024 --mode ft --folds 5 --epochs 100 --patience 20 --batch-size 32 --label subject-dass --loss focal --head-hidden 128 --csv data/comprehensive_labels.csv --weight-decay 0.05 --grad-clip 2.0 --warmup-epochs 3 --aug-overlap 0.75 --norm zscore --encoder-lr-scale 1.0 --lr 0.0001

/raid/jupyter-linjimmy1003.md10/.conda/envs/stress/lib/python3.11/site-packages/timm/models/layers/__init__.py:49: FutureWarning: Importing from timm.models.layers is deprecated, please import via timm.layers
  warnings.warn(f"Importing from {__name__} is deprecated, please import via timm.layers", FutureWarning)
Mode: FT | Extractor: labram | Folds: 5
LR: 0.0001 | WD: 0.05 | Beta2: 0.999 | Grad clip: 2.0
Head: hidden=128, dropout=0.0 | Norm: zscore | Loss: focal
Full FT: encoder_lr_scale=1.0
Augmentation: 75% overlap for increase class

Results → results/hp_sweep/20260409_main/labram/labram_encoderlrscale1_lr1e-4_s2024/
Dataset: 70 recordings loaded (14 increase, 56 normal)
Cache: 70 recordings ready (70 cached, 0 new)
Subject-DASS labels: increase=23 (5 subjects), normal=47

============================================================
Fold 1/5
============================================================
  Train:  43 samples, 10 subjects [2, 3, 6, 7, 8, 10, 11, 12, 13, 14], label_0=28, label_1=15
    Val:  13 samples,  3 subjects [5, 17, 18], label_0=10, label_1=3
   Test:  14 samples,  4 subjects [1, 4, 9, 16], label_0=9, label_1=5
  Building window datasets...
    WindowDataset: 7346 windows (class_0=2539, class_1=4807)
    WindowDataset: 819 windows (class_0=633, class_1=186)
    WindowDataset: 987 windows (class_0=670, class_1=317)
[LaBraM] Loaded 221/223 params from weights/labram-base/model.safetensors
[LaBraM] Missing: ['fc_norm.weight', 'fc_norm.bias']
  Trainable parameters: 5,872,179
  Class weights: [1.4466325044631958, 0.7640940546989441]
  Fold 1 | Ep   1/100 | t_loss=0.0818 t_acc=0.864 | v_win_bal=0.385 v_rec_bal=0.367 | lr=3.3e-05 | 10.9s
  Fold 1 | Ep   2/100 | t_loss=0.0305 t_acc=0.969 | v_win_bal=0.492 v_rec_bal=0.533 | lr=6.7e-05 | 9.1s
  Fold 1 | Ep   3/100 | t_loss=0.0176 t_acc=0.986 | v_win_bal=0.568 v_rec_bal=0.533 | lr=1.0e-04 | 9.4s
  Fold 1 | Ep   4/100 | t_loss=0.0144 t_acc=0.987 | v_win_bal=0.525 v_rec_bal=0.433 | lr=1.0e-04 | 10.3s
  Fold 1 | Ep   5/100 | t_loss=0.0068 t_acc=0.995 | v_win_bal=0.507 v_rec_bal=0.483 | lr=1.0e-04 | 10.3s
  Fold 1 | Ep   6/100 | t_loss=0.0096 t_acc=0.993 | v_win_bal=0.509 v_rec_bal=0.517 | lr=1.0e-04 | 10.2s
  Fold 1 | Ep   7/100 | t_loss=0.0033 t_acc=0.997 | v_win_bal=0.591 v_rec_bal=0.583 | lr=1.0e-04 | 10.3s
  Fold 1 | Ep   8/100 | t_loss=0.0051 t_acc=0.997 | v_win_bal=0.530 v_rec_bal=0.533 | lr=9.9e-05 | 10.2s
  Fold 1 | Ep   9/100 | t_loss=0.0044 t_acc=0.998 | v_win_bal=0.576 v_rec_bal=0.583 | lr=9.9e-05 | 10.1s
  Fold 1 | Ep  10/100 | t_loss=0.0025 t_acc=0.999 | v_win_bal=0.525 v_rec_bal=0.583 | lr=9.9e-05 | 10.1s
  Fold 1 | Ep  11/100 | t_loss=0.0016 t_acc=0.999 | v_win_bal=0.573 v_rec_bal=0.483 | lr=9.8e-05 | 10.3s
  Fold 1 | Ep  12/100 | t_loss=0.0061 t_acc=0.997 | v_win_bal=0.560 v_rec_bal=0.583 | lr=9.8e-05 | 10.3s
  Fold 1 | Ep  13/100 | t_loss=0.0028 t_acc=0.997 | v_win_bal=0.569 v_rec_bal=0.600 | lr=9.7e-05 | 10.3s
  Fold 1 | Ep  14/100 | t_loss=0.0012 t_acc=0.999 | v_win_bal=0.548 v_rec_bal=0.483 | lr=9.7e-05 | 10.3s
  Fold 1 | Ep  15/100 | t_loss=0.0039 t_acc=0.998 | v_win_bal=0.535 v_rec_bal=0.533 | lr=9.6e-05 | 10.5s
  Fold 1 | Ep  16/100 | t_loss=0.0023 t_acc=0.998 | v_win_bal=0.526 v_rec_bal=0.683 | lr=9.6e-05 | 11.1s
  Fold 1 | Ep  17/100 | t_loss=0.0080 t_acc=0.995 | v_win_bal=0.605 v_rec_bal=0.633 | lr=9.5e-05 | 10.5s
  Fold 1 | Ep  18/100 | t_loss=0.0019 t_acc=0.999 | v_win_bal=0.557 v_rec_bal=0.533 | lr=9.4e-05 | 10.3s
  Fold 1 | Ep  19/100 | t_loss=0.0000 t_acc=1.000 | v_win_bal=0.540 v_rec_bal=0.533 | lr=9.3e-05 | 11.1s
  Fold 1 | Ep  20/100 | t_loss=0.0000 t_acc=1.000 | v_win_bal=0.542 v_rec_bal=0.533 | lr=9.3e-05 | 10.2s
  Fold 1 | Ep  21/100 | t_loss=0.0000 t_acc=1.000 | v_win_bal=0.536 v_rec_bal=0.533 | lr=9.2e-05 | 10.3s
  Fold 1 | Ep  22/100 | t_loss=0.0000 t_acc=1.000 | v_win_bal=0.537 v_rec_bal=0.533 | lr=9.1e-05 | 10.2s
  Fold 1 | Ep  23/100 | t_loss=0.0000 t_acc=1.000 | v_win_bal=0.539 v_rec_bal=0.533 | lr=9.0e-05 | 10.2s
  Fold 1 | Ep  24/100 | t_loss=0.0000 t_acc=1.000 | v_win_bal=0.535 v_rec_bal=0.533 | lr=8.9e-05 | 10.3s
  Fold 1 | Ep  25/100 | t_loss=0.0000 t_acc=1.000 | v_win_bal=0.537 v_rec_bal=0.533 | lr=8.8e-05 | 10.2s
  Fold 1 | Ep  26/100 | t_loss=0.0000 t_acc=1.000 | v_win_bal=0.540 v_rec_bal=0.533 | lr=8.7e-05 | 10.2s
  Fold 1 | Ep  27/100 | t_loss=0.0000 t_acc=1.000 | v_win_bal=0.540 v_rec_bal=0.533 | lr=8.6e-05 | 10.2s
  Fold 1 | Ep  28/100 | t_loss=0.0000 t_acc=1.000 | v_win_bal=0.535 v_rec_bal=0.533 | lr=8.4e-05 | 10.2s
  Fold 1 | Ep  29/100 | t_loss=0.0000 t_acc=1.000 | v_win_bal=0.541 v_rec_bal=0.533 | lr=8.3e-05 | 10.3s
  Fold 1 | Ep  30/100 | t_loss=0.0000 t_acc=1.000 | v_win_bal=0.541 v_rec_bal=0.533 | lr=8.2e-05 | 10.3s
  Fold 1 | Ep  31/100 | t_loss=0.0000 t_acc=1.000 | v_win_bal=0.538 v_rec_bal=0.533 | lr=8.1e-05 | 10.3s
  Fold 1 | Ep  32/100 | t_loss=0.0000 t_acc=1.000 | v_win_bal=0.540 v_rec_bal=0.533 | lr=8.0e-05 | 10.3s
  Fold 1 | Ep  33/100 | t_loss=0.0000 t_acc=1.000 | v_win_bal=0.540 v_rec_bal=0.533 | lr=7.8e-05 | 11.2s
  Fold 1 | Ep  34/100 | t_loss=0.0000 t_acc=1.000 | v_win_bal=0.543 v_rec_bal=0.533 | lr=7.7e-05 | 10.1s
  Fold 1 | Ep  35/100 | t_loss=0.0000 t_acc=1.000 | v_win_bal=0.547 v_rec_bal=0.533 | lr=7.5e-05 | 9.7s
  Fold 1 | Ep  36/100 | t_loss=0.0000 t_acc=1.000 | v_win_bal=0.548 v_rec_bal=0.533 | lr=7.4e-05 | 9.8s
  Fold 1 | Ep  37/100 | t_loss=0.0000 t_acc=1.000 | v_win_bal=0.546 v_rec_bal=0.533 | lr=7.3e-05 | 9.4s
  Early stop at epoch 37
  -> Test (best @ epoch 16): acc=0.5000, bal_acc=0.5222

============================================================
Fold 2/5
============================================================
  Train:  41 samples, 11 subjects [1, 2, 4, 9, 11, 12, 13, 14, 16, 17, 18], label_0=27, label_1=14
    Val:  16 samples,  3 subjects [3, 6, 7], label_0=10, label_1=6
   Test:  13 samples,  3 subjects [5, 8, 10], label_0=10, label_1=3
  Building window datasets...
    WindowDataset: 6895 windows (class_0=2601, class_1=4294)
    WindowDataset: 960 windows (class_0=590, class_1=370)
    WindowDataset: 913 windows (class_0=651, class_1=262)
[LaBraM] Loaded 221/223 params from weights/labram-base/model.safetensors
[LaBraM] Missing: ['fc_norm.weight', 'fc_norm.bias']
  Fold 2 | Ep   1/100 | t_loss=0.1005 t_acc=0.811 | v_win_bal=0.464 v_rec_bal=0.433 | lr=3.3e-05 | 9.1s
  Fold 2 | Ep   2/100 | t_loss=0.0270 t_acc=0.977 | v_win_bal=0.493 v_rec_bal=0.467 | lr=6.7e-05 | 9.2s
  Fold 2 | Ep   3/100 | t_loss=0.0241 t_acc=0.982 | v_win_bal=0.419 v_rec_bal=0.417 | lr=1.0e-04 | 9.1s
  Fold 2 | Ep   4/100 | t_loss=0.0206 t_acc=0.983 | v_win_bal=0.451 v_rec_bal=0.417 | lr=1.0e-04 | 9.1s
  Fold 2 | Ep   5/100 | t_loss=0.0101 t_acc=0.992 | v_win_bal=0.430 v_rec_bal=0.417 | lr=1.0e-04 | 9.4s
  Fold 2 | Ep   6/100 | t_loss=0.0079 t_acc=0.994 | v_win_bal=0.485 v_rec_bal=0.483 | lr=1.0e-04 | 9.1s
  Fold 2 | Ep   7/100 | t_loss=0.0048 t_acc=0.997 | v_win_bal=0.612 v_rec_bal=0.567 | lr=1.0e-04 | 9.1s
  Fold 2 | Ep   8/100 | t_loss=0.0049 t_acc=0.997 | v_win_bal=0.546 v_rec_bal=0.483 | lr=9.9e-05 | 9.1s
  Fold 2 | Ep   9/100 | t_loss=0.0080 t_acc=0.995 | v_win_bal=0.497 v_rec_bal=0.450 | lr=9.9e-05 | 9.1s
  Fold 2 | Ep  10/100 | t_loss=0.0019 t_acc=0.999 | v_win_bal=0.490 v_rec_bal=0.517 | lr=9.9e-05 | 9.3s
  Fold 2 | Ep  11/100 | t_loss=0.0009 t_acc=0.999 | v_win_bal=0.464 v_rec_bal=0.400 | lr=9.8e-05 | 8.9s
  Fold 2 | Ep  12/100 | t_loss=0.0050 t_acc=0.997 | v_win_bal=0.459 v_rec_bal=0.467 | lr=9.8e-05 | 8.9s
  Fold 2 | Ep  13/100 | t_loss=0.0054 t_acc=0.997 | v_win_bal=0.488 v_rec_bal=0.467 | lr=9.7e-05 | 8.9s
  Fold 2 | Ep  14/100 | t_loss=0.0083 t_acc=0.994 | v_win_bal=0.506 v_rec_bal=0.483 | lr=9.7e-05 | 9.3s
  Fold 2 | Ep  15/100 | t_loss=0.0044 t_acc=0.997 | v_win_bal=0.603 v_rec_bal=0.567 | lr=9.6e-05 | 9.0s
  Fold 2 | Ep  16/100 | t_loss=0.0008 t_acc=1.000 | v_win_bal=0.499 v_rec_bal=0.417 | lr=9.6e-05 | 9.0s
  Fold 2 | Ep  17/100 | t_loss=0.0021 t_acc=0.998 | v_win_bal=0.474 v_rec_bal=0.467 | lr=9.5e-05 | 8.9s
  Fold 2 | Ep  18/100 | t_loss=0.0022 t_acc=0.999 | v_win_bal=0.541 v_rec_bal=0.617 | lr=9.4e-05 | 8.8s
  Fold 2 | Ep  19/100 | t_loss=0.0000 t_acc=1.000 | v_win_bal=0.486 v_rec_bal=0.467 | lr=9.3e-05 | 8.6s
  Fold 2 | Ep  20/100 | t_loss=0.0000 t_acc=1.000 | v_win_bal=0.489 v_rec_bal=0.467 | lr=9.3e-05 | 8.6s
  Fold 2 | Ep  21/100 | t_loss=0.0000 t_acc=1.000 | v_win_bal=0.495 v_rec_bal=0.467 | lr=9.2e-05 | 8.6s
  Fold 2 | Ep  22/100 | t_loss=0.0000 t_acc=1.000 | v_win_bal=0.492 v_rec_bal=0.467 | lr=9.1e-05 | 8.6s
  Fold 2 | Ep  23/100 | t_loss=0.0000 t_acc=1.000 | v_win_bal=0.489 v_rec_bal=0.467 | lr=9.0e-05 | 8.6s
  Fold 2 | Ep  24/100 | t_loss=0.0000 t_acc=1.000 | v_win_bal=0.494 v_rec_bal=0.467 | lr=8.9e-05 | 8.6s
  Fold 2 | Ep  25/100 | t_loss=0.0000 t_acc=1.000 | v_win_bal=0.489 v_rec_bal=0.467 | lr=8.8e-05 | 8.6s
  Fold 2 | Ep  26/100 | t_loss=0.0000 t_acc=1.000 | v_win_bal=0.492 v_rec_bal=0.467 | lr=8.7e-05 | 8.6s
  Fold 2 | Ep  27/100 | t_loss=0.0000 t_acc=1.000 | v_win_bal=0.493 v_rec_bal=0.467 | lr=8.6e-05 | 8.6s
  Fold 2 | Ep  28/100 | t_loss=0.0000 t_acc=1.000 | v_win_bal=0.495 v_rec_bal=0.467 | lr=8.4e-05 | 8.6s
  Fold 2 | Ep  29/100 | t_loss=0.0000 t_acc=1.000 | v_win_bal=0.491 v_rec_bal=0.467 | lr=8.3e-05 | 8.6s
  Fold 2 | Ep  30/100 | t_loss=0.0000 t_acc=1.000 | v_win_bal=0.497 v_rec_bal=0.467 | lr=8.2e-05 | 8.6s
  Fold 2 | Ep  31/100 | t_loss=0.0000 t_acc=1.000 | v_win_bal=0.498 v_rec_bal=0.467 | lr=8.1e-05 | 8.7s
  Fold 2 | Ep  32/100 | t_loss=0.0000 t_acc=1.000 | v_win_bal=0.493 v_rec_bal=0.467 | lr=8.0e-05 | 8.8s
  Fold 2 | Ep  33/100 | t_loss=0.0000 t_acc=1.000 | v_win_bal=0.492 v_rec_bal=0.467 | lr=7.8e-05 | 8.6s
  Fold 2 | Ep  34/100 | t_loss=0.0000 t_acc=1.000 | v_win_bal=0.494 v_rec_bal=0.467 | lr=7.7e-05 | 9.0s
  Fold 2 | Ep  35/100 | t_loss=0.0000 t_acc=1.000 | v_win_bal=0.498 v_rec_bal=0.467 | lr=7.5e-05 | 8.6s
  Fold 2 | Ep  36/100 | t_loss=0.0000 t_acc=1.000 | v_win_bal=0.496 v_rec_bal=0.467 | lr=7.4e-05 | 8.9s
  Fold 2 | Ep  37/100 | t_loss=0.0000 t_acc=1.000 | v_win_bal=0.499 v_rec_bal=0.467 | lr=7.3e-05 | 8.6s
  Fold 2 | Ep  38/100 | t_loss=0.0000 t_acc=1.000 | v_win_bal=0.495 v_rec_bal=0.467 | lr=7.1e-05 | 8.6s
  Fold 2 | Ep  39/100 | t_loss=0.0000 t_acc=1.000 | v_win_bal=0.493 v_rec_bal=0.467 | lr=7.0e-05 | 8.6s
  Early stop at epoch 39
  -> Test (best @ epoch 18): acc=0.7692, bal_acc=0.6167

============================================================
Fold 3/5
============================================================
  Train:  40 samples, 10 subjects [2, 5, 6, 8, 9, 10, 11, 12, 17, 18], label_0=28, label_1=12
    Val:  14 samples,  4 subjects [1, 4, 14, 16], label_0=9, label_1=5
   Test:  16 samples,  3 subjects [3, 7, 13], label_0=10, label_1=6
  Building window datasets...
    WindowDataset: 6302 windows (class_0=2222, class_1=4080)
    WindowDataset: 1103 windows (class_0=786, class_1=317)
    WindowDataset: 1204 windows (class_0=834, class_1=370)
[LaBraM] Loaded 221/223 params from weights/labram-base/model.safetensors
[LaBraM] Missing: ['fc_norm.weight', 'fc_norm.bias']
  Fold 3 | Ep   1/100 | t_loss=0.0974 t_acc=0.824 | v_win_bal=0.616 v_rec_bal=0.522 | lr=3.3e-05 | 8.0s
  Fold 3 | Ep   2/100 | t_loss=0.0312 t_acc=0.967 | v_win_bal=0.675 v_rec_bal=0.567 | lr=6.7e-05 | 8.0s
  Fold 3 | Ep   3/100 | t_loss=0.0224 t_acc=0.979 | v_win_bal=0.664 v_rec_bal=0.511 | lr=1.0e-04 | 8.0s
  Fold 3 | Ep   4/100 | t_loss=0.0153 t_acc=0.989 | v_win_bal=0.671 v_rec_bal=0.622 | lr=1.0e-04 | 8.0s
  Fold 3 | Ep   5/100 | t_loss=0.0099 t_acc=0.991 | v_win_bal=0.736 v_rec_bal=0.667 | lr=1.0e-04 | 8.0s
  Fold 3 | Ep   6/100 | t_loss=0.0070 t_acc=0.995 | v_win_bal=0.714 v_rec_bal=0.733 | lr=1.0e-04 | 8.0s
  Fold 3 | Ep   7/100 | t_loss=0.0052 t_acc=0.996 | v_win_bal=0.712 v_rec_bal=0.611 | lr=1.0e-04 | 8.0s
  Fold 3 | Ep   8/100 | t_loss=0.0055 t_acc=0.996 | v_win_bal=0.704 v_rec_bal=0.622 | lr=9.9e-05 | 8.2s
  Fold 3 | Ep   9/100 | t_loss=0.0082 t_acc=0.993 | v_win_bal=0.722 v_rec_bal=0.611 | lr=9.9e-05 | 8.0s
  Fold 3 | Ep  10/100 | t_loss=0.0027 t_acc=0.997 | v_win_bal=0.676 v_rec_bal=0.744 | lr=9.9e-05 | 8.0s
  Fold 3 | Ep  11/100 | t_loss=0.0018 t_acc=0.999 | v_win_bal=0.729 v_rec_bal=0.667 | lr=9.8e-05 | 8.0s
  Fold 3 | Ep  12/100 | t_loss=0.0000 t_acc=1.000 | v_win_bal=0.733 v_rec_bal=0.667 | lr=9.8e-05 | 8.0s
  Fold 3 | Ep  13/100 | t_loss=0.0000 t_acc=1.000 | v_win_bal=0.726 v_rec_bal=0.667 | lr=9.7e-05 | 8.3s
  Fold 3 | Ep  14/100 | t_loss=0.0000 t_acc=1.000 | v_win_bal=0.731 v_rec_bal=0.667 | lr=9.7e-05 | 8.6s
  Fold 3 | Ep  15/100 | t_loss=0.0000 t_acc=1.000 | v_win_bal=0.727 v_rec_bal=0.667 | lr=9.6e-05 | 8.4s
  Fold 3 | Ep  16/100 | t_loss=0.0000 t_acc=1.000 | v_win_bal=0.734 v_rec_bal=0.667 | lr=9.6e-05 | 8.4s
  Fold 3 | Ep  17/100 | t_loss=0.0000 t_acc=1.000 | v_win_bal=0.721 v_rec_bal=0.667 | lr=9.5e-05 | 8.4s
  Fold 3 | Ep  18/100 | t_loss=0.0000 t_acc=1.000 | v_win_bal=0.723 v_rec_bal=0.667 | lr=9.4e-05 | 8.6s
  Fold 3 | Ep  19/100 | t_loss=0.0000 t_acc=1.000 | v_win_bal=0.730 v_rec_bal=0.667 | lr=9.3e-05 | 8.3s
  Fold 3 | Ep  20/100 | t_loss=0.0000 t_acc=1.000 | v_win_bal=0.727 v_rec_bal=0.667 | lr=9.3e-05 | 8.3s
  Fold 3 | Ep  21/100 | t_loss=0.0000 t_acc=1.000 | v_win_bal=0.726 v_rec_bal=0.667 | lr=9.2e-05 | 8.3s
  Fold 3 | Ep  22/100 | t_loss=0.0000 t_acc=1.000 | v_win_bal=0.728 v_rec_bal=0.667 | lr=9.1e-05 | 8.1s
  Fold 3 | Ep  23/100 | t_loss=0.0000 t_acc=1.000 | v_win_bal=0.733 v_rec_bal=0.667 | lr=9.0e-05 | 8.1s
  Fold 3 | Ep  24/100 | t_loss=0.0000 t_acc=1.000 | v_win_bal=0.723 v_rec_bal=0.667 | lr=8.9e-05 | 8.1s
  Fold 3 | Ep  25/100 | t_loss=0.0000 t_acc=1.000 | v_win_bal=0.729 v_rec_bal=0.667 | lr=8.8e-05 | 8.1s
  Fold 3 | Ep  26/100 | t_loss=0.0000 t_acc=1.000 | v_win_bal=0.732 v_rec_bal=0.667 | lr=8.7e-05 | 8.1s
  Fold 3 | Ep  27/100 | t_loss=0.0000 t_acc=1.000 | v_win_bal=0.727 v_rec_bal=0.667 | lr=8.6e-05 | 8.1s
  Fold 3 | Ep  28/100 | t_loss=0.0000 t_acc=1.000 | v_win_bal=0.728 v_rec_bal=0.667 | lr=8.4e-05 | 8.1s
  Fold 3 | Ep  29/100 | t_loss=0.0000 t_acc=1.000 | v_win_bal=0.727 v_rec_bal=0.667 | lr=8.3e-05 | 8.0s
  Fold 3 | Ep  30/100 | t_loss=0.0000 t_acc=1.000 | v_win_bal=0.727 v_rec_bal=0.667 | lr=8.2e-05 | 8.1s
  Fold 3 | Ep  31/100 | t_loss=0.0000 t_acc=1.000 | v_win_bal=0.727 v_rec_bal=0.667 | lr=8.1e-05 | 8.3s
  Fold 3 | Ep  32/100 | t_loss=0.0000 t_acc=1.000 | v_win_bal=0.729 v_rec_bal=0.667 | lr=8.0e-05 | 8.3s
  Early stop at epoch 32
  -> Test (best @ epoch 10): acc=0.6250, bal_acc=0.5333

============================================================
Fold 4/5
============================================================
  Train:  42 samples, 10 subjects [1, 3, 4, 5, 7, 8, 9, 10, 16, 18], label_0=28, label_1=14
    Val:  16 samples,  3 subjects [6, 11, 13], label_0=10, label_1=6
   Test:  12 samples,  4 subjects [2, 12, 14, 17], label_0=9, label_1=3
  Building window datasets...
    WindowDataset: 5618 windows (class_0=1864, class_1=3754)
    WindowDataset: 1419 windows (class_0=838, class_1=581)
    WindowDataset: 1326 windows (class_0=1140, class_1=186)
[LaBraM] Loaded 221/223 params from weights/labram-base/model.safetensors
[LaBraM] Missing: ['fc_norm.weight', 'fc_norm.bias']
  Fold 4 | Ep   1/100 | t_loss=0.1160 t_acc=0.773 | v_win_bal=0.604 v_rec_bal=0.733 | lr=3.3e-05 | 7.7s
  Fold 4 | Ep   2/100 | t_loss=0.0366 t_acc=0.958 | v_win_bal=0.672 v_rec_bal=0.583 | lr=6.7e-05 | 7.6s
  Fold 4 | Ep   3/100 | t_loss=0.0327 t_acc=0.969 | v_win_bal=0.627 v_rec_bal=0.617 | lr=1.0e-04 | 7.5s
  Fold 4 | Ep   4/100 | t_loss=0.0230 t_acc=0.980 | v_win_bal=0.597 v_rec_bal=0.617 | lr=1.0e-04 | 7.4s
  Fold 4 | Ep   5/100 | t_loss=0.0156 t_acc=0.990 | v_win_bal=0.653 v_rec_bal=0.750 | lr=1.0e-04 | 7.4s
  Fold 4 | Ep   6/100 | t_loss=0.0123 t_acc=0.989 | v_win_bal=0.610 v_rec_bal=0.550 | lr=1.0e-04 | 7.6s
  Fold 4 | Ep   7/100 | t_loss=0.0133 t_acc=0.989 | v_win_bal=0.686 v_rec_bal=0.667 | lr=1.0e-04 | 7.4s
  Fold 4 | Ep   8/100 | t_loss=0.0034 t_acc=0.997 | v_win_bal=0.592 v_rec_bal=0.600 | lr=9.9e-05 | 7.4s
  Fold 4 | Ep   9/100 | t_loss=0.0027 t_acc=0.998 | v_win_bal=0.696 v_rec_bal=0.583 | lr=9.9e-05 | 7.5s
  Fold 4 | Ep  10/100 | t_loss=0.0048 t_acc=0.998 | v_win_bal=0.508 v_rec_bal=0.417 | lr=9.9e-05 | 7.4s
  Fold 4 | Ep  11/100 | t_loss=0.0049 t_acc=0.996 | v_win_bal=0.690 v_rec_bal=0.700 | lr=9.8e-05 | 7.4s
  Fold 4 | Ep  12/100 | t_loss=0.0033 t_acc=0.998 | v_win_bal=0.677 v_rec_bal=0.650 | lr=9.8e-05 | 7.4s
  Fold 4 | Ep  13/100 | t_loss=0.0084 t_acc=0.994 | v_win_bal=0.616 v_rec_bal=0.583 | lr=9.7e-05 | 7.4s
  Fold 4 | Ep  14/100 | t_loss=0.0033 t_acc=0.998 | v_win_bal=0.683 v_rec_bal=0.500 | lr=9.7e-05 | 7.4s
  Fold 4 | Ep  15/100 | t_loss=0.0049 t_acc=0.997 | v_win_bal=0.609 v_rec_bal=0.500 | lr=9.6e-05 | 7.4s
  Fold 4 | Ep  16/100 | t_loss=0.0056 t_acc=0.996 | v_win_bal=0.644 v_rec_bal=0.483 | lr=9.6e-05 | 7.5s
  Fold 4 | Ep  17/100 | t_loss=0.0027 t_acc=0.999 | v_win_bal=0.669 v_rec_bal=0.500 | lr=9.5e-05 | 7.4s
  Fold 4 | Ep  18/100 | t_loss=0.0048 t_acc=0.996 | v_win_bal=0.688 v_rec_bal=0.650 | lr=9.4e-05 | 7.7s
  Fold 4 | Ep  19/100 | t_loss=0.0037 t_acc=0.998 | v_win_bal=0.692 v_rec_bal=0.633 | lr=9.3e-05 | 7.5s
  Fold 4 | Ep  20/100 | t_loss=0.0040 t_acc=0.998 | v_win_bal=0.663 v_rec_bal=0.600 | lr=9.3e-05 | 7.5s
  Fold 4 | Ep  21/100 | t_loss=0.0016 t_acc=0.999 | v_win_bal=0.587 v_rec_bal=0.500 | lr=9.2e-05 | 7.4s
  Early stop at epoch 21
  -> Test (best @ epoch 5): acc=0.9167, bal_acc=0.9444

============================================================
Fold 5/5
============================================================
  Train:  39 samples, 11 subjects [1, 2, 4, 5, 8, 9, 10, 12, 14, 16, 17], label_0=28, label_1=11
    Val:  16 samples,  3 subjects [3, 7, 13], label_0=10, label_1=6
   Test:  15 samples,  3 subjects [6, 11, 18], label_0=9, label_1=6
  Building window datasets...
    WindowDataset: 5488 windows (class_0=2461, class_1=3027)
    WindowDataset: 1204 windows (class_0=834, class_1=370)
    WindowDataset: 1128 windows (class_0=547, class_1=581)
[LaBraM] Loaded 221/223 params from weights/labram-base/model.safetensors
[LaBraM] Missing: ['fc_norm.weight', 'fc_norm.bias']
  Fold 5 | Ep   1/100 | t_loss=0.1197 t_acc=0.741 | v_win_bal=0.473 v_rec_bal=0.450 | lr=3.3e-05 | 7.1s
  Fold 5 | Ep   2/100 | t_loss=0.0447 t_acc=0.954 | v_win_bal=0.454 v_rec_bal=0.450 | lr=6.7e-05 | 7.1s
  Fold 5 | Ep   3/100 | t_loss=0.0176 t_acc=0.987 | v_win_bal=0.557 v_rec_bal=0.700 | lr=1.0e-04 | 7.1s
  Fold 5 | Ep   4/100 | t_loss=0.0186 t_acc=0.983 | v_win_bal=0.470 v_rec_bal=0.617 | lr=1.0e-04 | 7.1s
  Fold 5 | Ep   5/100 | t_loss=0.0097 t_acc=0.992 | v_win_bal=0.547 v_rec_bal=0.517 | lr=1.0e-04 | 7.1s
  Fold 5 | Ep   6/100 | t_loss=0.0064 t_acc=0.996 | v_win_bal=0.511 v_rec_bal=0.533 | lr=1.0e-04 | 7.1s
  Fold 5 | Ep   7/100 | t_loss=0.0041 t_acc=0.997 | v_win_bal=0.490 v_rec_bal=0.533 | lr=1.0e-04 | 7.4s
  Fold 5 | Ep   8/100 | t_loss=0.0047 t_acc=0.997 | v_win_bal=0.491 v_rec_bal=0.533 | lr=9.9e-05 | 7.3s
  Fold 5 | Ep   9/100 | t_loss=0.0032 t_acc=0.998 | v_win_bal=0.572 v_rec_bal=0.617 | lr=9.9e-05 | 7.1s
  Fold 5 | Ep  10/100 | t_loss=0.0053 t_acc=0.997 | v_win_bal=0.610 v_rec_bal=0.533 | lr=9.9e-05 | 7.1s
  Fold 5 | Ep  11/100 | t_loss=0.0047 t_acc=0.996 | v_win_bal=0.507 v_rec_bal=0.533 | lr=9.8e-05 | 7.1s
  Fold 5 | Ep  12/100 | t_loss=0.0022 t_acc=0.998 | v_win_bal=0.468 v_rec_bal=0.500 | lr=9.8e-05 | 7.1s
  Fold 5 | Ep  13/100 | t_loss=0.0038 t_acc=0.997 | v_win_bal=0.511 v_rec_bal=0.450 | lr=9.7e-05 | 7.1s
  Fold 5 | Ep  14/100 | t_loss=0.0026 t_acc=0.998 | v_win_bal=0.566 v_rec_bal=0.533 | lr=9.7e-05 | 7.1s
  Fold 5 | Ep  15/100 | t_loss=0.0043 t_acc=0.998 | v_win_bal=0.546 v_rec_bal=0.733 | lr=9.6e-05 | 7.1s
  Fold 5 | Ep  16/100 | t_loss=0.0040 t_acc=0.997 | v_win_bal=0.571 v_rec_bal=0.533 | lr=9.6e-05 | 7.3s
  Fold 5 | Ep  17/100 | t_loss=0.0040 t_acc=0.997 | v_win_bal=0.522 v_rec_bal=0.450 | lr=9.5e-05 | 7.1s
  Fold 5 | Ep  18/100 | t_loss=0.0037 t_acc=0.998 | v_win_bal=0.492 v_rec_bal=0.500 | lr=9.4e-05 | 7.1s
  Fold 5 | Ep  19/100 | t_loss=0.0018 t_acc=0.999 | v_win_bal=0.481 v_rec_bal=0.450 | lr=9.3e-05 | 7.1s
  Fold 5 | Ep  20/100 | t_loss=0.0000 t_acc=1.000 | v_win_bal=0.472 v_rec_bal=0.450 | lr=9.3e-05 | 7.1s
  Fold 5 | Ep  21/100 | t_loss=0.0000 t_acc=1.000 | v_win_bal=0.474 v_rec_bal=0.450 | lr=9.2e-05 | 7.1s
  Fold 5 | Ep  22/100 | t_loss=0.0000 t_acc=1.000 | v_win_bal=0.480 v_rec_bal=0.450 | lr=9.1e-05 | 7.1s
  Fold 5 | Ep  23/100 | t_loss=0.0000 t_acc=1.000 | v_win_bal=0.484 v_rec_bal=0.450 | lr=9.0e-05 | 7.1s
  Fold 5 | Ep  24/100 | t_loss=0.0000 t_acc=1.000 | v_win_bal=0.481 v_rec_bal=0.450 | lr=8.9e-05 | 7.1s
  Fold 5 | Ep  25/100 | t_loss=0.0000 t_acc=1.000 | v_win_bal=0.484 v_rec_bal=0.450 | lr=8.8e-05 | 7.1s
  Early stop at epoch 25
  -> Test (best @ epoch 15): acc=0.4667, bal_acc=0.5556

============================================================
Global Results (5-Fold, subject-level CV)
Mode: FT | Extractor: labram | Loss: focal
============================================================
              acc: 0.6429
          bal_acc: 0.6341
               f1: 0.6521
            kappa: 0.2489
  Total predictions: 70 (should equal dataset size: 70)

Results saved to results/hp_sweep/20260409_main/labram/labram_encoderlrscale1_lr1e-4_s2024/
