CMD: /raid/jupyter-linjimmy1003.md10/.conda/envs/stress/bin/python train_ft.py --extractor labram --seed 42 --device cuda:2 --run-id hp_sweep/20260409_main/labram/labram_encoderlrscale1_lr1e-5_s42 --mode ft --folds 5 --epochs 100 --patience 20 --batch-size 32 --label subject-dass --loss focal --head-hidden 128 --csv data/comprehensive_labels.csv --weight-decay 0.05 --grad-clip 2.0 --warmup-epochs 3 --aug-overlap 0.75 --norm zscore --encoder-lr-scale 1.0 --lr 1e-05

/raid/jupyter-linjimmy1003.md10/.conda/envs/stress/lib/python3.11/site-packages/timm/models/layers/__init__.py:49: FutureWarning: Importing from timm.models.layers is deprecated, please import via timm.layers
  warnings.warn(f"Importing from {__name__} is deprecated, please import via timm.layers", FutureWarning)
Mode: FT | Extractor: labram | Folds: 5
LR: 1e-05 | WD: 0.05 | Beta2: 0.999 | Grad clip: 2.0
Head: hidden=128, dropout=0.0 | Norm: zscore | Loss: focal
Full FT: encoder_lr_scale=1.0
Augmentation: 75% overlap for increase class

Results → results/hp_sweep/20260409_main/labram/labram_encoderlrscale1_lr1e-5_s42/
Dataset: 70 recordings loaded (14 increase, 56 normal)
Cache: 70 recordings ready (70 cached, 0 new)
Subject-DASS labels: increase=23 (5 subjects), normal=47

============================================================
Fold 1/5
============================================================
  Train:  43 samples, 10 subjects [2, 3, 5, 6, 7, 9, 11, 13, 17, 18], label_0=28, label_1=15
    Val:  13 samples,  3 subjects [4, 8, 10], label_0=10, label_1=3
   Test:  14 samples,  4 subjects [1, 12, 14, 16], label_0=9, label_1=5
  Building window datasets...
    WindowDataset: 6561 windows (class_0=2058, class_1=4503)
    WindowDataset: 900 windows (class_0=638, class_1=262)
    WindowDataset: 1463 windows (class_0=1146, class_1=317)
[LaBraM] Loaded 221/223 params from weights/labram-base/model.safetensors
[LaBraM] Missing: ['fc_norm.weight', 'fc_norm.bias']
  Trainable parameters: 5,872,179
  Class weights: [1.59402334690094, 0.7285143136978149]
  Fold 1 | Ep   1/100 | t_loss=0.1599 t_acc=0.613 | v_win_bal=0.660 v_rec_bal=0.533 | lr=3.3e-06 | 10.4s
  Fold 1 | Ep   2/100 | t_loss=0.0946 t_acc=0.849 | v_win_bal=0.671 v_rec_bal=0.483 | lr=6.7e-06 | 8.3s
  Fold 1 | Ep   3/100 | t_loss=0.0415 t_acc=0.948 | v_win_bal=0.645 v_rec_bal=0.650 | lr=1.0e-05 | 8.6s
  Fold 1 | Ep   4/100 | t_loss=0.0171 t_acc=0.983 | v_win_bal=0.646 v_rec_bal=0.650 | lr=1.0e-05 | 8.2s
  Fold 1 | Ep   5/100 | t_loss=0.0048 t_acc=0.995 | v_win_bal=0.677 v_rec_bal=0.533 | lr=1.0e-05 | 8.2s
  Fold 1 | Ep   6/100 | t_loss=0.0017 t_acc=0.998 | v_win_bal=0.701 v_rec_bal=0.533 | lr=1.0e-05 | 8.2s
  Fold 1 | Ep   7/100 | t_loss=0.0010 t_acc=0.998 | v_win_bal=0.694 v_rec_bal=0.533 | lr=1.0e-05 | 8.6s
  Fold 1 | Ep   8/100 | t_loss=0.0023 t_acc=0.999 | v_win_bal=0.674 v_rec_bal=0.533 | lr=9.9e-06 | 8.3s
  Fold 1 | Ep   9/100 | t_loss=0.0010 t_acc=0.999 | v_win_bal=0.653 v_rec_bal=0.650 | lr=9.9e-06 | 8.3s
  Fold 1 | Ep  10/100 | t_loss=0.0020 t_acc=0.998 | v_win_bal=0.731 v_rec_bal=0.583 | lr=9.9e-06 | 8.2s
  Fold 1 | Ep  11/100 | t_loss=0.0027 t_acc=0.998 | v_win_bal=0.692 v_rec_bal=0.533 | lr=9.8e-06 | 8.2s
  Fold 1 | Ep  12/100 | t_loss=0.0014 t_acc=0.999 | v_win_bal=0.691 v_rec_bal=0.533 | lr=9.8e-06 | 8.2s
  Fold 1 | Ep  13/100 | t_loss=0.0002 t_acc=1.000 | v_win_bal=0.661 v_rec_bal=0.483 | lr=9.7e-06 | 8.2s
  Fold 1 | Ep  14/100 | t_loss=0.0000 t_acc=1.000 | v_win_bal=0.668 v_rec_bal=0.483 | lr=9.7e-06 | 8.2s
  Fold 1 | Ep  15/100 | t_loss=0.0000 t_acc=1.000 | v_win_bal=0.668 v_rec_bal=0.483 | lr=9.6e-06 | 8.2s
  Fold 1 | Ep  16/100 | t_loss=0.0000 t_acc=1.000 | v_win_bal=0.671 v_rec_bal=0.483 | lr=9.6e-06 | 8.2s
  Fold 1 | Ep  17/100 | t_loss=0.0000 t_acc=1.000 | v_win_bal=0.670 v_rec_bal=0.483 | lr=9.5e-06 | 8.2s
  Fold 1 | Ep  18/100 | t_loss=0.0000 t_acc=1.000 | v_win_bal=0.669 v_rec_bal=0.483 | lr=9.4e-06 | 8.2s
  Fold 1 | Ep  19/100 | t_loss=0.0000 t_acc=1.000 | v_win_bal=0.670 v_rec_bal=0.483 | lr=9.3e-06 | 8.2s
  Fold 1 | Ep  20/100 | t_loss=0.0000 t_acc=1.000 | v_win_bal=0.670 v_rec_bal=0.483 | lr=9.3e-06 | 8.3s
  Fold 1 | Ep  21/100 | t_loss=0.0000 t_acc=1.000 | v_win_bal=0.670 v_rec_bal=0.483 | lr=9.2e-06 | 8.6s
  Fold 1 | Ep  22/100 | t_loss=0.0000 t_acc=1.000 | v_win_bal=0.666 v_rec_bal=0.483 | lr=9.1e-06 | 8.5s
  Fold 1 | Ep  23/100 | t_loss=0.0000 t_acc=1.000 | v_win_bal=0.668 v_rec_bal=0.483 | lr=9.0e-06 | 8.3s
  Fold 1 | Ep  24/100 | t_loss=0.0000 t_acc=1.000 | v_win_bal=0.668 v_rec_bal=0.483 | lr=8.9e-06 | 8.3s
  Fold 1 | Ep  25/100 | t_loss=0.0000 t_acc=1.000 | v_win_bal=0.669 v_rec_bal=0.483 | lr=8.8e-06 | 8.3s
  Early stop at epoch 25
  -> Test (best @ epoch 3): acc=1.0000, bal_acc=1.0000

============================================================
Fold 2/5
============================================================
  Train:  43 samples, 10 subjects [3, 4, 6, 7, 11, 13, 14, 16, 17, 18], label_0=28, label_1=15
    Val:  14 samples,  4 subjects [1, 2, 9, 12], label_0=9, label_1=5
   Test:  13 samples,  3 subjects [5, 8, 10], label_0=10, label_1=3
  Building window datasets...
    WindowDataset: 6670 windows (class_0=2167, class_1=4503)
    WindowDataset: 1341 windows (class_0=1024, class_1=317)
    WindowDataset: 913 windows (class_0=651, class_1=262)
[LaBraM] Loaded 221/223 params from weights/labram-base/model.safetensors
[LaBraM] Missing: ['fc_norm.weight', 'fc_norm.bias']
  Fold 2 | Ep   1/100 | t_loss=0.1451 t_acc=0.687 | v_win_bal=0.715 v_rec_bal=0.744 | lr=3.3e-06 | 8.9s
  Fold 2 | Ep   2/100 | t_loss=0.0785 t_acc=0.866 | v_win_bal=0.624 v_rec_bal=0.544 | lr=6.7e-06 | 9.2s
  Fold 2 | Ep   3/100 | t_loss=0.0372 t_acc=0.957 | v_win_bal=0.750 v_rec_bal=0.889 | lr=1.0e-05 | 8.9s
  Fold 2 | Ep   4/100 | t_loss=0.0152 t_acc=0.985 | v_win_bal=0.749 v_rec_bal=0.789 | lr=1.0e-05 | 9.5s
  Fold 2 | Ep   5/100 | t_loss=0.0047 t_acc=0.997 | v_win_bal=0.692 v_rec_bal=0.689 | lr=1.0e-05 | 8.9s
  Fold 2 | Ep   6/100 | t_loss=0.0023 t_acc=0.998 | v_win_bal=0.638 v_rec_bal=0.544 | lr=1.0e-05 | 8.8s
  Fold 2 | Ep   7/100 | t_loss=0.0018 t_acc=0.999 | v_win_bal=0.810 v_rec_bal=0.833 | lr=1.0e-05 | 9.1s
  Fold 2 | Ep   8/100 | t_loss=0.0023 t_acc=0.998 | v_win_bal=0.803 v_rec_bal=0.889 | lr=9.9e-06 | 8.8s
  Fold 2 | Ep   9/100 | t_loss=0.0012 t_acc=0.999 | v_win_bal=0.622 v_rec_bal=0.544 | lr=9.9e-06 | 8.8s
  Fold 2 | Ep  10/100 | t_loss=0.0011 t_acc=0.999 | v_win_bal=0.646 v_rec_bal=0.644 | lr=9.9e-06 | 8.8s
  Fold 2 | Ep  11/100 | t_loss=0.0009 t_acc=0.999 | v_win_bal=0.733 v_rec_bal=0.689 | lr=9.8e-06 | 8.8s
  Fold 2 | Ep  12/100 | t_loss=0.0009 t_acc=0.999 | v_win_bal=0.544 v_rec_bal=0.444 | lr=9.8e-06 | 8.8s
  Fold 2 | Ep  13/100 | t_loss=0.0027 t_acc=0.999 | v_win_bal=0.653 v_rec_bal=0.644 | lr=9.7e-06 | 8.8s
  Fold 2 | Ep  14/100 | t_loss=0.0000 t_acc=1.000 | v_win_bal=0.691 v_rec_bal=0.689 | lr=9.7e-06 | 8.8s
  Fold 2 | Ep  15/100 | t_loss=0.0000 t_acc=1.000 | v_win_bal=0.676 v_rec_bal=0.589 | lr=9.6e-06 | 9.6s
  Fold 2 | Ep  16/100 | t_loss=0.0000 t_acc=1.000 | v_win_bal=0.670 v_rec_bal=0.589 | lr=9.6e-06 | 9.1s
  Fold 2 | Ep  17/100 | t_loss=0.0000 t_acc=1.000 | v_win_bal=0.679 v_rec_bal=0.589 | lr=9.5e-06 | 9.4s
  Fold 2 | Ep  18/100 | t_loss=0.0000 t_acc=1.000 | v_win_bal=0.674 v_rec_bal=0.589 | lr=9.4e-06 | 9.1s
  Fold 2 | Ep  19/100 | t_loss=0.0000 t_acc=1.000 | v_win_bal=0.683 v_rec_bal=0.689 | lr=9.3e-06 | 9.4s
  Fold 2 | Ep  20/100 | t_loss=0.0000 t_acc=1.000 | v_win_bal=0.676 v_rec_bal=0.589 | lr=9.3e-06 | 9.4s
  Fold 2 | Ep  21/100 | t_loss=0.0000 t_acc=1.000 | v_win_bal=0.675 v_rec_bal=0.589 | lr=9.2e-06 | 8.9s
  Fold 2 | Ep  22/100 | t_loss=0.0000 t_acc=1.000 | v_win_bal=0.680 v_rec_bal=0.644 | lr=9.1e-06 | 9.0s
  Fold 2 | Ep  23/100 | t_loss=0.0000 t_acc=1.000 | v_win_bal=0.681 v_rec_bal=0.644 | lr=9.0e-06 | 9.0s
  Fold 2 | Ep  24/100 | t_loss=0.0000 t_acc=1.000 | v_win_bal=0.674 v_rec_bal=0.644 | lr=8.9e-06 | 9.3s
  Fold 2 | Ep  25/100 | t_loss=0.0000 t_acc=1.000 | v_win_bal=0.669 v_rec_bal=0.644 | lr=8.8e-06 | 9.1s
  Early stop at epoch 25
  -> Test (best @ epoch 3): acc=0.4615, bal_acc=0.6500

============================================================
Fold 3/5
============================================================
  Train:  40 samples, 10 subjects [4, 5, 8, 9, 10, 11, 13, 16, 17, 18], label_0=28, label_1=12
    Val:  14 samples,  4 subjects [1, 2, 12, 14], label_0=9, label_1=5
   Test:  16 samples,  3 subjects [3, 6, 7], label_0=10, label_1=6
  Building window datasets...
    WindowDataset: 6192 windows (class_0=2112, class_1=4080)
    WindowDataset: 1457 windows (class_0=1140, class_1=317)
    WindowDataset: 960 windows (class_0=590, class_1=370)
[LaBraM] Loaded 221/223 params from weights/labram-base/model.safetensors
[LaBraM] Missing: ['fc_norm.weight', 'fc_norm.bias']
  Fold 3 | Ep   1/100 | t_loss=0.1584 t_acc=0.610 | v_win_bal=0.646 v_rec_bal=0.644 | lr=3.3e-06 | 8.5s
  Fold 3 | Ep   2/100 | t_loss=0.0752 t_acc=0.884 | v_win_bal=0.740 v_rec_bal=0.744 | lr=6.7e-06 | 8.9s
  Fold 3 | Ep   3/100 | t_loss=0.0181 t_acc=0.979 | v_win_bal=0.777 v_rec_bal=0.844 | lr=1.0e-05 | 9.0s
  Fold 3 | Ep   4/100 | t_loss=0.0040 t_acc=0.996 | v_win_bal=0.694 v_rec_bal=0.644 | lr=1.0e-05 | 9.1s
  Fold 3 | Ep   5/100 | t_loss=0.0005 t_acc=1.000 | v_win_bal=0.670 v_rec_bal=0.544 | lr=1.0e-05 | 8.9s
  Fold 3 | Ep   6/100 | t_loss=0.0004 t_acc=1.000 | v_win_bal=0.769 v_rec_bal=0.844 | lr=1.0e-05 | 8.4s
  Fold 3 | Ep   7/100 | t_loss=0.0000 t_acc=1.000 | v_win_bal=0.752 v_rec_bal=0.844 | lr=1.0e-05 | 9.1s
  Fold 3 | Ep   8/100 | t_loss=0.0000 t_acc=1.000 | v_win_bal=0.745 v_rec_bal=0.744 | lr=9.9e-06 | 8.8s
  Fold 3 | Ep   9/100 | t_loss=0.0000 t_acc=1.000 | v_win_bal=0.744 v_rec_bal=0.744 | lr=9.9e-06 | 8.4s
  Fold 3 | Ep  10/100 | t_loss=0.0000 t_acc=1.000 | v_win_bal=0.754 v_rec_bal=0.844 | lr=9.9e-06 | 8.4s
  Fold 3 | Ep  11/100 | t_loss=0.0000 t_acc=1.000 | v_win_bal=0.759 v_rec_bal=0.844 | lr=9.8e-06 | 8.4s
  Fold 3 | Ep  12/100 | t_loss=0.0000 t_acc=1.000 | v_win_bal=0.760 v_rec_bal=0.844 | lr=9.8e-06 | 8.4s
  Fold 3 | Ep  13/100 | t_loss=0.0000 t_acc=1.000 | v_win_bal=0.753 v_rec_bal=0.744 | lr=9.7e-06 | 8.7s
  Fold 3 | Ep  14/100 | t_loss=0.0000 t_acc=1.000 | v_win_bal=0.763 v_rec_bal=0.844 | lr=9.7e-06 | 8.7s
  Fold 3 | Ep  15/100 | t_loss=0.0000 t_acc=1.000 | v_win_bal=0.757 v_rec_bal=0.844 | lr=9.6e-06 | 8.4s
  Fold 3 | Ep  16/100 | t_loss=0.0000 t_acc=1.000 | v_win_bal=0.767 v_rec_bal=0.744 | lr=9.6e-06 | 8.4s
  Fold 3 | Ep  17/100 | t_loss=0.0000 t_acc=1.000 | v_win_bal=0.767 v_rec_bal=0.844 | lr=9.5e-06 | 8.4s
  Fold 3 | Ep  18/100 | t_loss=0.0000 t_acc=1.000 | v_win_bal=0.772 v_rec_bal=0.844 | lr=9.4e-06 | 8.4s
  Fold 3 | Ep  19/100 | t_loss=0.0000 t_acc=1.000 | v_win_bal=0.774 v_rec_bal=0.844 | lr=9.3e-06 | 8.4s
  Fold 3 | Ep  20/100 | t_loss=0.0000 t_acc=1.000 | v_win_bal=0.765 v_rec_bal=0.844 | lr=9.3e-06 | 8.4s
  Fold 3 | Ep  21/100 | t_loss=0.0000 t_acc=1.000 | v_win_bal=0.769 v_rec_bal=0.844 | lr=9.2e-06 | 8.3s
  Fold 3 | Ep  22/100 | t_loss=0.0000 t_acc=1.000 | v_win_bal=0.777 v_rec_bal=0.844 | lr=9.1e-06 | 8.4s
  Fold 3 | Ep  23/100 | t_loss=0.0000 t_acc=1.000 | v_win_bal=0.776 v_rec_bal=0.844 | lr=9.0e-06 | 8.3s
  Fold 3 | Ep  24/100 | t_loss=0.0000 t_acc=1.000 | v_win_bal=0.770 v_rec_bal=0.844 | lr=8.9e-06 | 8.3s
  Fold 3 | Ep  25/100 | t_loss=0.0000 t_acc=1.000 | v_win_bal=0.774 v_rec_bal=0.844 | lr=8.8e-06 | 8.8s
  Fold 3 | Ep  26/100 | t_loss=0.0000 t_acc=1.000 | v_win_bal=0.763 v_rec_bal=0.844 | lr=8.7e-06 | 8.4s
  Fold 3 | Ep  27/100 | t_loss=0.0000 t_acc=1.000 | v_win_bal=0.766 v_rec_bal=0.844 | lr=8.6e-06 | 8.4s
  Fold 3 | Ep  28/100 | t_loss=0.0000 t_acc=1.000 | v_win_bal=0.781 v_rec_bal=0.844 | lr=8.4e-06 | 8.4s
  Fold 3 | Ep  29/100 | t_loss=0.0000 t_acc=1.000 | v_win_bal=0.775 v_rec_bal=0.844 | lr=8.3e-06 | 8.4s
  Fold 3 | Ep  30/100 | t_loss=0.0000 t_acc=1.000 | v_win_bal=0.780 v_rec_bal=0.844 | lr=8.2e-06 | 8.9s
  Fold 3 | Ep  31/100 | t_loss=0.0000 t_acc=1.000 | v_win_bal=0.780 v_rec_bal=0.844 | lr=8.1e-06 | 8.5s
  Fold 3 | Ep  32/100 | t_loss=0.0000 t_acc=1.000 | v_win_bal=0.777 v_rec_bal=0.844 | lr=8.0e-06 | 9.6s
  Early stop at epoch 32
  -> Test (best @ epoch 3): acc=0.4375, bal_acc=0.4500

============================================================
Fold 4/5
============================================================
  Train:  39 samples, 11 subjects [1, 2, 4, 5, 8, 9, 10, 12, 14, 16, 17], label_0=28, label_1=11
    Val:  16 samples,  3 subjects [3, 6, 7], label_0=10, label_1=6
   Test:  15 samples,  3 subjects [11, 13, 18], label_0=9, label_1=6
  Building window datasets...
    WindowDataset: 5488 windows (class_0=2461, class_1=3027)
    WindowDataset: 960 windows (class_0=590, class_1=370)
    WindowDataset: 1372 windows (class_0=791, class_1=581)
[LaBraM] Loaded 221/223 params from weights/labram-base/model.safetensors
[LaBraM] Missing: ['fc_norm.weight', 'fc_norm.bias']
  Fold 4 | Ep   1/100 | t_loss=0.1635 t_acc=0.593 | v_win_bal=0.692 v_rec_bal=0.750 | lr=3.3e-06 | 7.5s
  Fold 4 | Ep   2/100 | t_loss=0.0947 t_acc=0.837 | v_win_bal=0.502 v_rec_bal=0.517 | lr=6.7e-06 | 7.2s
  Fold 4 | Ep   3/100 | t_loss=0.0293 t_acc=0.961 | v_win_bal=0.403 v_rec_bal=0.417 | lr=1.0e-05 | 7.2s
  Fold 4 | Ep   4/100 | t_loss=0.0074 t_acc=0.992 | v_win_bal=0.336 v_rec_bal=0.333 | lr=1.0e-05 | 7.2s
  Fold 4 | Ep   5/100 | t_loss=0.0027 t_acc=0.996 | v_win_bal=0.346 v_rec_bal=0.250 | lr=1.0e-05 | 7.2s
  Fold 4 | Ep   6/100 | t_loss=0.0022 t_acc=0.998 | v_win_bal=0.377 v_rec_bal=0.300 | lr=1.0e-05 | 7.2s
  Fold 4 | Ep   7/100 | t_loss=0.0005 t_acc=1.000 | v_win_bal=0.344 v_rec_bal=0.333 | lr=1.0e-05 | 7.2s
  Fold 4 | Ep   8/100 | t_loss=0.0022 t_acc=0.999 | v_win_bal=0.372 v_rec_bal=0.383 | lr=9.9e-06 | 7.5s
  Fold 4 | Ep   9/100 | t_loss=0.0000 t_acc=1.000 | v_win_bal=0.446 v_rec_bal=0.417 | lr=9.9e-06 | 7.2s
  Fold 4 | Ep  10/100 | t_loss=0.0000 t_acc=1.000 | v_win_bal=0.389 v_rec_bal=0.333 | lr=9.9e-06 | 7.2s
  Fold 4 | Ep  11/100 | t_loss=0.0000 t_acc=1.000 | v_win_bal=0.387 v_rec_bal=0.383 | lr=9.8e-06 | 7.2s
  Fold 4 | Ep  12/100 | t_loss=0.0000 t_acc=1.000 | v_win_bal=0.386 v_rec_bal=0.333 | lr=9.8e-06 | 7.2s
  Fold 4 | Ep  13/100 | t_loss=0.0000 t_acc=1.000 | v_win_bal=0.381 v_rec_bal=0.333 | lr=9.7e-06 | 7.1s
  Fold 4 | Ep  14/100 | t_loss=0.0000 t_acc=1.000 | v_win_bal=0.378 v_rec_bal=0.333 | lr=9.7e-06 | 7.1s
  Fold 4 | Ep  15/100 | t_loss=0.0000 t_acc=1.000 | v_win_bal=0.380 v_rec_bal=0.333 | lr=9.6e-06 | 7.1s
  Fold 4 | Ep  16/100 | t_loss=0.0000 t_acc=1.000 | v_win_bal=0.377 v_rec_bal=0.333 | lr=9.6e-06 | 7.1s
  Fold 4 | Ep  17/100 | t_loss=0.0000 t_acc=1.000 | v_win_bal=0.375 v_rec_bal=0.333 | lr=9.5e-06 | 7.1s
  Fold 4 | Ep  18/100 | t_loss=0.0000 t_acc=1.000 | v_win_bal=0.376 v_rec_bal=0.333 | lr=9.4e-06 | 7.1s
  Fold 4 | Ep  19/100 | t_loss=0.0000 t_acc=1.000 | v_win_bal=0.371 v_rec_bal=0.333 | lr=9.3e-06 | 7.1s
  Fold 4 | Ep  20/100 | t_loss=0.0000 t_acc=1.000 | v_win_bal=0.367 v_rec_bal=0.333 | lr=9.3e-06 | 7.1s
  Fold 4 | Ep  21/100 | t_loss=0.0000 t_acc=1.000 | v_win_bal=0.373 v_rec_bal=0.333 | lr=9.2e-06 | 7.6s
  Early stop at epoch 21
  -> Test (best @ epoch 1): acc=0.5333, bal_acc=0.4722

============================================================
Fold 5/5
============================================================
  Train:  44 samples,  9 subjects [3, 5, 6, 7, 8, 10, 11, 13, 18], label_0=29, label_1=15
    Val:  14 samples,  4 subjects [1, 12, 14, 16], label_0=9, label_1=5
   Test:  12 samples,  4 subjects [2, 4, 9, 17], label_0=9, label_1=3
  Building window datasets...
    WindowDataset: 6839 windows (class_0=2032, class_1=4807)
    WindowDataset: 1463 windows (class_0=1146, class_1=317)
    WindowDataset: 850 windows (class_0=664, class_1=186)
[LaBraM] Loaded 221/223 params from weights/labram-base/model.safetensors
[LaBraM] Missing: ['fc_norm.weight', 'fc_norm.bias']
  Fold 5 | Ep   1/100 | t_loss=0.1409 t_acc=0.686 | v_win_bal=0.795 v_rec_bal=0.944 | lr=3.3e-06 | 9.2s
  Fold 5 | Ep   2/100 | t_loss=0.0750 t_acc=0.882 | v_win_bal=0.754 v_rec_bal=0.800 | lr=6.7e-06 | 9.2s
  Fold 5 | Ep   3/100 | t_loss=0.0278 t_acc=0.964 | v_win_bal=0.835 v_rec_bal=0.844 | lr=1.0e-05 | 9.1s
  Fold 5 | Ep   4/100 | t_loss=0.0129 t_acc=0.986 | v_win_bal=0.845 v_rec_bal=0.844 | lr=1.0e-05 | 9.2s
  Fold 5 | Ep   5/100 | t_loss=0.0018 t_acc=0.998 | v_win_bal=0.834 v_rec_bal=0.900 | lr=1.0e-05 | 9.7s
  Fold 5 | Ep   6/100 | t_loss=0.0006 t_acc=1.000 | v_win_bal=0.855 v_rec_bal=0.944 | lr=1.0e-05 | 9.3s
  Fold 5 | Ep   7/100 | t_loss=0.0008 t_acc=0.999 | v_win_bal=0.850 v_rec_bal=0.944 | lr=1.0e-05 | 9.2s
  Fold 5 | Ep   8/100 | t_loss=0.0015 t_acc=0.999 | v_win_bal=0.828 v_rec_bal=0.900 | lr=9.9e-06 | 9.2s
  Fold 5 | Ep   9/100 | t_loss=0.0002 t_acc=1.000 | v_win_bal=0.853 v_rec_bal=0.900 | lr=9.9e-06 | 9.1s
  Fold 5 | Ep  10/100 | t_loss=0.0019 t_acc=0.999 | v_win_bal=0.839 v_rec_bal=0.900 | lr=9.9e-06 | 9.1s
  Fold 5 | Ep  11/100 | t_loss=0.0001 t_acc=1.000 | v_win_bal=0.817 v_rec_bal=0.800 | lr=9.8e-06 | 9.5s
  Fold 5 | Ep  12/100 | t_loss=0.0004 t_acc=1.000 | v_win_bal=0.855 v_rec_bal=0.900 | lr=9.8e-06 | 9.2s
  Fold 5 | Ep  13/100 | t_loss=0.0000 t_acc=1.000 | v_win_bal=0.842 v_rec_bal=0.900 | lr=9.7e-06 | 9.2s
  Fold 5 | Ep  14/100 | t_loss=0.0000 t_acc=1.000 | v_win_bal=0.840 v_rec_bal=0.900 | lr=9.7e-06 | 9.2s
  Fold 5 | Ep  15/100 | t_loss=0.0000 t_acc=1.000 | v_win_bal=0.843 v_rec_bal=0.900 | lr=9.6e-06 | 9.4s
  Fold 5 | Ep  16/100 | t_loss=0.0000 t_acc=1.000 | v_win_bal=0.843 v_rec_bal=0.900 | lr=9.6e-06 | 9.2s
  Fold 5 | Ep  17/100 | t_loss=0.0000 t_acc=1.000 | v_win_bal=0.841 v_rec_bal=0.900 | lr=9.5e-06 | 9.4s
  Fold 5 | Ep  18/100 | t_loss=0.0000 t_acc=1.000 | v_win_bal=0.849 v_rec_bal=0.900 | lr=9.4e-06 | 11.3s
  Fold 5 | Ep  19/100 | t_loss=0.0000 t_acc=1.000 | v_win_bal=0.843 v_rec_bal=0.900 | lr=9.3e-06 | 10.3s
  Fold 5 | Ep  20/100 | t_loss=0.0000 t_acc=1.000 | v_win_bal=0.844 v_rec_bal=0.900 | lr=9.3e-06 | 9.8s
  Fold 5 | Ep  21/100 | t_loss=0.0000 t_acc=1.000 | v_win_bal=0.842 v_rec_bal=0.900 | lr=9.2e-06 | 9.5s
  Early stop at epoch 21
  -> Test (best @ epoch 1): acc=0.0000, bal_acc=0.0000

============================================================
Global Results (5-Fold, subject-level CV)
Mode: FT | Extractor: labram | Loss: focal
============================================================
              acc: 0.5000
          bal_acc: 0.5056
               f1: 0.5150
            kappa: 0.0097
  Total predictions: 70 (should equal dataset size: 70)

Results saved to results/hp_sweep/20260409_main/labram/labram_encoderlrscale1_lr1e-5_s42/
