CMD: /raid/jupyter-linjimmy1003.md10/.conda/envs/stress/bin/python train_ft.py --extractor reve --seed 2024 --device cuda:4 --run-id hp_sweep/20260409_main/reve/reve_encoderlrscale1_lr3e-5_s2024 --mode ft --folds 5 --epochs 100 --patience 20 --batch-size 32 --label subject-dass --loss focal --head-hidden 128 --csv data/comprehensive_labels.csv --weight-decay 0.05 --grad-clip 2.0 --warmup-epochs 3 --aug-overlap 0.75 --norm none --encoder-lr-scale 1.0 --lr 3e-05

/raid/jupyter-linjimmy1003.md10/.conda/envs/stress/lib/python3.11/site-packages/timm/models/layers/__init__.py:49: FutureWarning: Importing from timm.models.layers is deprecated, please import via timm.layers
  warnings.warn(f"Importing from {__name__} is deprecated, please import via timm.layers", FutureWarning)
Mode: FT | Extractor: reve | Folds: 5
LR: 3e-05 | WD: 0.05 | Beta2: 0.999 | Grad clip: 2.0
Head: hidden=128, dropout=0.0 | Norm: none | Loss: focal
Full FT: encoder_lr_scale=1.0
Augmentation: 75% overlap for increase class

Results → results/hp_sweep/20260409_main/reve/reve_encoderlrscale1_lr3e-5_s2024/
Dataset: 70 recordings loaded (14 increase, 56 normal)
Cache: 70 recordings ready (70 cached, 0 new)
Subject-DASS labels: increase=23 (5 subjects), normal=47

============================================================
Fold 1/5
============================================================
  Train:  43 samples, 10 subjects [2, 3, 6, 7, 8, 10, 11, 12, 13, 14], label_0=28, label_1=15
    Val:  13 samples,  3 subjects [5, 17, 18], label_0=10, label_1=3
   Test:  14 samples,  4 subjects [1, 4, 9, 16], label_0=9, label_1=5
  Building window datasets...
    WindowDataset: 3621 windows (class_0=1262, class_1=2359)
    WindowDataset: 406 windows (class_0=314, class_1=92)
    WindowDataset: 489 windows (class_0=332, class_1=157)
[PosBank] Loaded 543 positions from weights/reve-positions
[REVE] Loaded 140/140 encoder params from weights/reve-base/model.safetensors
  Trainable parameters: 69,321,347
  Class weights: [1.4346275329589844, 0.7674862146377563]
  Fold 1 | Ep   1/100 | t_loss=0.1581 t_acc=0.722 | v_win_bal=0.322 v_rec_bal=0.200 | lr=1.0e-05 | 16.7s
  Fold 1 | Ep   2/100 | t_loss=0.0408 t_acc=0.947 | v_win_bal=0.409 v_rec_bal=0.367 | lr=2.0e-05 | 15.6s
  Fold 1 | Ep   3/100 | t_loss=0.0089 t_acc=0.989 | v_win_bal=0.384 v_rec_bal=0.367 | lr=3.0e-05 | 16.6s
  Fold 1 | Ep   4/100 | t_loss=0.0018 t_acc=0.999 | v_win_bal=0.508 v_rec_bal=0.533 | lr=3.0e-05 | 18.4s
  Fold 1 | Ep   5/100 | t_loss=0.0007 t_acc=0.999 | v_win_bal=0.260 v_rec_bal=0.200 | lr=3.0e-05 | 16.4s
  Fold 1 | Ep   6/100 | t_loss=0.0007 t_acc=0.999 | v_win_bal=0.264 v_rec_bal=0.200 | lr=3.0e-05 | 18.4s
  Fold 1 | Ep   7/100 | t_loss=0.0015 t_acc=0.998 | v_win_bal=0.422 v_rec_bal=0.367 | lr=3.0e-05 | 15.8s
  Fold 1 | Ep   8/100 | t_loss=0.0026 t_acc=0.997 | v_win_bal=0.362 v_rec_bal=0.367 | lr=3.0e-05 | 15.0s
  Fold 1 | Ep   9/100 | t_loss=0.0001 t_acc=1.000 | v_win_bal=0.470 v_rec_bal=0.483 | lr=3.0e-05 | 16.0s
  Fold 1 | Ep  10/100 | t_loss=0.0000 t_acc=1.000 | v_win_bal=0.462 v_rec_bal=0.483 | lr=3.0e-05 | 16.6s
  Fold 1 | Ep  11/100 | t_loss=0.0000 t_acc=1.000 | v_win_bal=0.469 v_rec_bal=0.483 | lr=2.9e-05 | 16.9s
  Fold 1 | Ep  12/100 | t_loss=0.0000 t_acc=1.000 | v_win_bal=0.469 v_rec_bal=0.483 | lr=2.9e-05 | 16.1s
  Fold 1 | Ep  13/100 | t_loss=0.0000 t_acc=1.000 | v_win_bal=0.469 v_rec_bal=0.483 | lr=2.9e-05 | 17.3s
  Fold 1 | Ep  14/100 | t_loss=0.0000 t_acc=1.000 | v_win_bal=0.469 v_rec_bal=0.483 | lr=2.9e-05 | 16.2s
  Fold 1 | Ep  15/100 | t_loss=0.0000 t_acc=1.000 | v_win_bal=0.469 v_rec_bal=0.483 | lr=2.9e-05 | 14.4s
  Fold 1 | Ep  16/100 | t_loss=0.0000 t_acc=1.000 | v_win_bal=0.470 v_rec_bal=0.533 | lr=2.9e-05 | 15.4s
  Fold 1 | Ep  17/100 | t_loss=0.0000 t_acc=1.000 | v_win_bal=0.470 v_rec_bal=0.533 | lr=2.8e-05 | 14.5s
  Fold 1 | Ep  18/100 | t_loss=0.0000 t_acc=1.000 | v_win_bal=0.476 v_rec_bal=0.533 | lr=2.8e-05 | 13.9s
  Fold 1 | Ep  19/100 | t_loss=0.0000 t_acc=1.000 | v_win_bal=0.476 v_rec_bal=0.533 | lr=2.8e-05 | 14.9s
  Fold 1 | Ep  20/100 | t_loss=0.0000 t_acc=1.000 | v_win_bal=0.476 v_rec_bal=0.533 | lr=2.8e-05 | 15.8s
  Fold 1 | Ep  21/100 | t_loss=0.0000 t_acc=1.000 | v_win_bal=0.476 v_rec_bal=0.533 | lr=2.8e-05 | 14.8s
  Fold 1 | Ep  22/100 | t_loss=0.0000 t_acc=1.000 | v_win_bal=0.476 v_rec_bal=0.533 | lr=2.7e-05 | 14.8s
  Fold 1 | Ep  23/100 | t_loss=0.0000 t_acc=1.000 | v_win_bal=0.474 v_rec_bal=0.483 | lr=2.7e-05 | 15.6s
  Fold 1 | Ep  24/100 | t_loss=0.0000 t_acc=1.000 | v_win_bal=0.480 v_rec_bal=0.483 | lr=2.7e-05 | 17.3s
  Fold 1 | Ep  25/100 | t_loss=0.0000 t_acc=1.000 | v_win_bal=0.480 v_rec_bal=0.483 | lr=2.6e-05 | 17.2s
  Fold 1 | Ep  26/100 | t_loss=0.0000 t_acc=1.000 | v_win_bal=0.480 v_rec_bal=0.483 | lr=2.6e-05 | 18.0s
  Fold 1 | Ep  27/100 | t_loss=0.0000 t_acc=1.000 | v_win_bal=0.480 v_rec_bal=0.483 | lr=2.6e-05 | 16.5s
  Fold 1 | Ep  28/100 | t_loss=0.0000 t_acc=1.000 | v_win_bal=0.480 v_rec_bal=0.483 | lr=2.5e-05 | 14.7s
  Fold 1 | Ep  29/100 | t_loss=0.0000 t_acc=1.000 | v_win_bal=0.480 v_rec_bal=0.483 | lr=2.5e-05 | 16.1s
  Fold 1 | Ep  30/100 | t_loss=0.0000 t_acc=1.000 | v_win_bal=0.474 v_rec_bal=0.483 | lr=2.5e-05 | 16.1s
  Fold 1 | Ep  31/100 | t_loss=0.0000 t_acc=1.000 | v_win_bal=0.474 v_rec_bal=0.483 | lr=2.4e-05 | 17.4s
  Fold 1 | Ep  32/100 | t_loss=0.0000 t_acc=1.000 | v_win_bal=0.474 v_rec_bal=0.483 | lr=2.4e-05 | 15.5s
  Fold 1 | Ep  33/100 | t_loss=0.0000 t_acc=1.000 | v_win_bal=0.474 v_rec_bal=0.483 | lr=2.3e-05 | 16.1s
  Fold 1 | Ep  34/100 | t_loss=0.0000 t_acc=1.000 | v_win_bal=0.474 v_rec_bal=0.483 | lr=2.3e-05 | 16.5s
  Fold 1 | Ep  35/100 | t_loss=0.0000 t_acc=1.000 | v_win_bal=0.474 v_rec_bal=0.483 | lr=2.3e-05 | 16.1s
  Fold 1 | Ep  36/100 | t_loss=0.0000 t_acc=1.000 | v_win_bal=0.474 v_rec_bal=0.483 | lr=2.2e-05 | 14.9s
  Fold 1 | Ep  37/100 | t_loss=0.0000 t_acc=1.000 | v_win_bal=0.474 v_rec_bal=0.483 | lr=2.2e-05 | 15.1s
  Fold 1 | Ep  38/100 | t_loss=0.0000 t_acc=1.000 | v_win_bal=0.474 v_rec_bal=0.483 | lr=2.1e-05 | 16.7s
  Early stop at epoch 38
  -> Test (best @ epoch 4): acc=0.7857, bal_acc=0.8333

============================================================
Fold 2/5
============================================================
  Train:  41 samples, 11 subjects [1, 2, 4, 9, 11, 12, 13, 14, 16, 17, 18], label_0=27, label_1=14
    Val:  16 samples,  3 subjects [3, 6, 7], label_0=10, label_1=6
   Test:  13 samples,  3 subjects [5, 8, 10], label_0=10, label_1=3
  Building window datasets...
    WindowDataset: 3399 windows (class_0=1293, class_1=2106)
    WindowDataset: 475 windows (class_0=292, class_1=183)
    WindowDataset: 453 windows (class_0=323, class_1=130)
[PosBank] Loaded 543 positions from weights/reve-positions
[REVE] Loaded 140/140 encoder params from weights/reve-base/model.safetensors
  Fold 2 | Ep   1/100 | t_loss=0.1472 t_acc=0.715 | v_win_bal=0.725 v_rec_bal=0.783 | lr=1.0e-05 | 16.3s
  Fold 2 | Ep   2/100 | t_loss=0.0422 t_acc=0.943 | v_win_bal=0.662 v_rec_bal=0.750 | lr=2.0e-05 | 17.1s
  Fold 2 | Ep   3/100 | t_loss=0.0052 t_acc=0.995 | v_win_bal=0.664 v_rec_bal=0.833 | lr=3.0e-05 | 16.9s
  Fold 2 | Ep   4/100 | t_loss=0.0017 t_acc=0.998 | v_win_bal=0.567 v_rec_bal=0.500 | lr=3.0e-05 | 15.3s
  Fold 2 | Ep   5/100 | t_loss=0.0009 t_acc=0.999 | v_win_bal=0.630 v_rec_bal=0.667 | lr=3.0e-05 | 14.9s
  Fold 2 | Ep   6/100 | t_loss=0.0001 t_acc=1.000 | v_win_bal=0.692 v_rec_bal=0.833 | lr=3.0e-05 | 14.8s
  Fold 2 | Ep   7/100 | t_loss=0.0000 t_acc=1.000 | v_win_bal=0.682 v_rec_bal=0.833 | lr=3.0e-05 | 14.3s
  Fold 2 | Ep   8/100 | t_loss=0.0000 t_acc=1.000 | v_win_bal=0.683 v_rec_bal=0.833 | lr=3.0e-05 | 17.6s
  Fold 2 | Ep   9/100 | t_loss=0.0000 t_acc=1.000 | v_win_bal=0.673 v_rec_bal=0.783 | lr=3.0e-05 | 15.4s
  Fold 2 | Ep  10/100 | t_loss=0.0000 t_acc=1.000 | v_win_bal=0.671 v_rec_bal=0.783 | lr=3.0e-05 | 16.9s
  Fold 2 | Ep  11/100 | t_loss=0.0000 t_acc=1.000 | v_win_bal=0.674 v_rec_bal=0.783 | lr=2.9e-05 | 17.8s
  Fold 2 | Ep  12/100 | t_loss=0.0000 t_acc=1.000 | v_win_bal=0.671 v_rec_bal=0.783 | lr=2.9e-05 | 15.3s
  Fold 2 | Ep  13/100 | t_loss=0.0000 t_acc=1.000 | v_win_bal=0.672 v_rec_bal=0.783 | lr=2.9e-05 | 16.3s
  Fold 2 | Ep  14/100 | t_loss=0.0000 t_acc=1.000 | v_win_bal=0.667 v_rec_bal=0.783 | lr=2.9e-05 | 15.0s
  Fold 2 | Ep  15/100 | t_loss=0.0000 t_acc=1.000 | v_win_bal=0.670 v_rec_bal=0.783 | lr=2.9e-05 | 17.3s
  Fold 2 | Ep  16/100 | t_loss=0.0000 t_acc=1.000 | v_win_bal=0.669 v_rec_bal=0.783 | lr=2.9e-05 | 16.1s
  Fold 2 | Ep  17/100 | t_loss=0.0000 t_acc=1.000 | v_win_bal=0.669 v_rec_bal=0.783 | lr=2.8e-05 | 14.8s
  Fold 2 | Ep  18/100 | t_loss=0.0000 t_acc=1.000 | v_win_bal=0.665 v_rec_bal=0.783 | lr=2.8e-05 | 14.2s
  Fold 2 | Ep  19/100 | t_loss=0.0000 t_acc=1.000 | v_win_bal=0.666 v_rec_bal=0.783 | lr=2.8e-05 | 15.3s
  Fold 2 | Ep  20/100 | t_loss=0.0000 t_acc=1.000 | v_win_bal=0.669 v_rec_bal=0.783 | lr=2.8e-05 | 13.9s
  Fold 2 | Ep  21/100 | t_loss=0.0000 t_acc=1.000 | v_win_bal=0.669 v_rec_bal=0.783 | lr=2.8e-05 | 13.9s
  Fold 2 | Ep  22/100 | t_loss=0.0000 t_acc=1.000 | v_win_bal=0.668 v_rec_bal=0.783 | lr=2.7e-05 | 14.4s
  Fold 2 | Ep  23/100 | t_loss=0.0000 t_acc=1.000 | v_win_bal=0.668 v_rec_bal=0.783 | lr=2.7e-05 | 13.6s
  Fold 2 | Ep  24/100 | t_loss=0.0000 t_acc=1.000 | v_win_bal=0.672 v_rec_bal=0.783 | lr=2.7e-05 | 13.5s
  Fold 2 | Ep  25/100 | t_loss=0.0000 t_acc=1.000 | v_win_bal=0.668 v_rec_bal=0.783 | lr=2.6e-05 | 14.4s
  Fold 2 | Ep  26/100 | t_loss=0.0000 t_acc=1.000 | v_win_bal=0.675 v_rec_bal=0.783 | lr=2.6e-05 | 13.6s
  Fold 2 | Ep  27/100 | t_loss=0.0000 t_acc=1.000 | v_win_bal=0.675 v_rec_bal=0.783 | lr=2.6e-05 | 14.6s
  Fold 2 | Ep  28/100 | t_loss=0.0000 t_acc=1.000 | v_win_bal=0.670 v_rec_bal=0.783 | lr=2.5e-05 | 15.5s
  Early stop at epoch 28
  -> Test (best @ epoch 3): acc=0.5385, bal_acc=0.4667

============================================================
Fold 3/5
============================================================
  Train:  40 samples, 10 subjects [2, 5, 6, 8, 9, 10, 11, 12, 17, 18], label_0=28, label_1=12
    Val:  14 samples,  4 subjects [1, 4, 14, 16], label_0=9, label_1=5
   Test:  16 samples,  3 subjects [3, 7, 13], label_0=10, label_1=6
  Building window datasets...
    WindowDataset: 3107 windows (class_0=1103, class_1=2004)
    WindowDataset: 547 windows (class_0=390, class_1=157)
    WindowDataset: 598 windows (class_0=415, class_1=183)
[PosBank] Loaded 543 positions from weights/reve-positions
[REVE] Loaded 140/140 encoder params from weights/reve-base/model.safetensors
  Fold 3 | Ep   1/100 | t_loss=0.2347 t_acc=0.602 | v_win_bal=0.673 v_rec_bal=0.689 | lr=1.0e-05 | 13.4s
  Fold 3 | Ep   2/100 | t_loss=0.0742 t_acc=0.889 | v_win_bal=0.838 v_rec_bal=1.000 | lr=2.0e-05 | 12.8s
  Fold 3 | Ep   3/100 | t_loss=0.0122 t_acc=0.986 | v_win_bal=0.813 v_rec_bal=0.889 | lr=3.0e-05 | 13.2s
  Fold 3 | Ep   4/100 | t_loss=0.0015 t_acc=0.999 | v_win_bal=0.899 v_rec_bal=1.000 | lr=3.0e-05 | 12.9s
  Fold 3 | Ep   5/100 | t_loss=0.0001 t_acc=1.000 | v_win_bal=0.898 v_rec_bal=1.000 | lr=3.0e-05 | 12.4s
  Fold 3 | Ep   6/100 | t_loss=0.0000 t_acc=1.000 | v_win_bal=0.891 v_rec_bal=1.000 | lr=3.0e-05 | 13.4s
  Fold 3 | Ep   7/100 | t_loss=0.0000 t_acc=1.000 | v_win_bal=0.893 v_rec_bal=1.000 | lr=3.0e-05 | 15.5s
  Fold 3 | Ep   8/100 | t_loss=0.0000 t_acc=1.000 | v_win_bal=0.893 v_rec_bal=1.000 | lr=3.0e-05 | 13.3s
  Fold 3 | Ep   9/100 | t_loss=0.0000 t_acc=1.000 | v_win_bal=0.893 v_rec_bal=1.000 | lr=3.0e-05 | 14.1s
  Fold 3 | Ep  10/100 | t_loss=0.0000 t_acc=1.000 | v_win_bal=0.893 v_rec_bal=1.000 | lr=3.0e-05 | 14.5s
  Fold 3 | Ep  11/100 | t_loss=0.0000 t_acc=1.000 | v_win_bal=0.893 v_rec_bal=1.000 | lr=2.9e-05 | 16.4s
  Fold 3 | Ep  12/100 | t_loss=0.0000 t_acc=1.000 | v_win_bal=0.893 v_rec_bal=1.000 | lr=2.9e-05 | 14.5s
  Fold 3 | Ep  13/100 | t_loss=0.0000 t_acc=1.000 | v_win_bal=0.895 v_rec_bal=1.000 | lr=2.9e-05 | 13.6s
  Fold 3 | Ep  14/100 | t_loss=0.0000 t_acc=1.000 | v_win_bal=0.895 v_rec_bal=1.000 | lr=2.9e-05 | 14.1s
  Fold 3 | Ep  15/100 | t_loss=0.0000 t_acc=1.000 | v_win_bal=0.895 v_rec_bal=1.000 | lr=2.9e-05 | 14.6s
  Fold 3 | Ep  16/100 | t_loss=0.0000 t_acc=1.000 | v_win_bal=0.896 v_rec_bal=1.000 | lr=2.9e-05 | 14.2s
  Fold 3 | Ep  17/100 | t_loss=0.0000 t_acc=1.000 | v_win_bal=0.893 v_rec_bal=1.000 | lr=2.8e-05 | 13.9s
  Fold 3 | Ep  18/100 | t_loss=0.0000 t_acc=1.000 | v_win_bal=0.893 v_rec_bal=1.000 | lr=2.8e-05 | 15.3s
  Fold 3 | Ep  19/100 | t_loss=0.0000 t_acc=1.000 | v_win_bal=0.893 v_rec_bal=1.000 | lr=2.8e-05 | 14.2s
  Fold 3 | Ep  20/100 | t_loss=0.0000 t_acc=1.000 | v_win_bal=0.893 v_rec_bal=1.000 | lr=2.8e-05 | 14.9s
  Fold 3 | Ep  21/100 | t_loss=0.0000 t_acc=1.000 | v_win_bal=0.890 v_rec_bal=1.000 | lr=2.8e-05 | 13.7s
  Fold 3 | Ep  22/100 | t_loss=0.0000 t_acc=1.000 | v_win_bal=0.895 v_rec_bal=1.000 | lr=2.7e-05 | 15.0s
  Fold 3 | Ep  23/100 | t_loss=0.0000 t_acc=1.000 | v_win_bal=0.891 v_rec_bal=1.000 | lr=2.7e-05 | 15.0s
  Fold 3 | Ep  24/100 | t_loss=0.0000 t_acc=1.000 | v_win_bal=0.894 v_rec_bal=1.000 | lr=2.7e-05 | 13.5s
  Fold 3 | Ep  25/100 | t_loss=0.0000 t_acc=1.000 | v_win_bal=0.888 v_rec_bal=1.000 | lr=2.6e-05 | 17.6s
  Fold 3 | Ep  26/100 | t_loss=0.0000 t_acc=1.000 | v_win_bal=0.891 v_rec_bal=1.000 | lr=2.6e-05 | 15.2s
  Early stop at epoch 26
  -> Test (best @ epoch 2): acc=0.6875, bal_acc=0.6167

============================================================
Fold 4/5
============================================================
  Train:  42 samples, 10 subjects [1, 3, 4, 5, 7, 8, 9, 10, 16, 18], label_0=28, label_1=14
    Val:  16 samples,  3 subjects [6, 11, 13], label_0=10, label_1=6
   Test:  12 samples,  4 subjects [2, 12, 14, 17], label_0=9, label_1=3
  Building window datasets...
    WindowDataset: 2762 windows (class_0=924, class_1=1838)
    WindowDataset: 705 windows (class_0=417, class_1=288)
    WindowDataset: 659 windows (class_0=567, class_1=92)
[PosBank] Loaded 543 positions from weights/reve-positions
[REVE] Loaded 140/140 encoder params from weights/reve-base/model.safetensors
  Fold 4 | Ep   1/100 | t_loss=0.2166 t_acc=0.573 | v_win_bal=0.700 v_rec_bal=0.783 | lr=1.0e-05 | 13.3s
  Fold 4 | Ep   2/100 | t_loss=0.0773 t_acc=0.878 | v_win_bal=0.733 v_rec_bal=0.767 | lr=2.0e-05 | 14.3s
  Fold 4 | Ep   3/100 | t_loss=0.0118 t_acc=0.987 | v_win_bal=0.689 v_rec_bal=0.567 | lr=3.0e-05 | 18.4s
  Fold 4 | Ep   4/100 | t_loss=0.0012 t_acc=1.000 | v_win_bal=0.695 v_rec_bal=0.600 | lr=3.0e-05 | 15.1s
  Fold 4 | Ep   5/100 | t_loss=0.0001 t_acc=1.000 | v_win_bal=0.690 v_rec_bal=0.550 | lr=3.0e-05 | 14.3s
  Fold 4 | Ep   6/100 | t_loss=0.0000 t_acc=1.000 | v_win_bal=0.699 v_rec_bal=0.600 | lr=3.0e-05 | 12.3s
  Fold 4 | Ep   7/100 | t_loss=0.0000 t_acc=1.000 | v_win_bal=0.696 v_rec_bal=0.600 | lr=3.0e-05 | 13.2s
  Fold 4 | Ep   8/100 | t_loss=0.0000 t_acc=1.000 | v_win_bal=0.692 v_rec_bal=0.600 | lr=3.0e-05 | 12.6s
  Fold 4 | Ep   9/100 | t_loss=0.0000 t_acc=1.000 | v_win_bal=0.690 v_rec_bal=0.600 | lr=3.0e-05 | 12.5s
  Fold 4 | Ep  10/100 | t_loss=0.0000 t_acc=1.000 | v_win_bal=0.687 v_rec_bal=0.600 | lr=3.0e-05 | 12.0s
  Fold 4 | Ep  11/100 | t_loss=0.0000 t_acc=1.000 | v_win_bal=0.686 v_rec_bal=0.600 | lr=2.9e-05 | 13.1s
  Fold 4 | Ep  12/100 | t_loss=0.0000 t_acc=1.000 | v_win_bal=0.685 v_rec_bal=0.600 | lr=2.9e-05 | 12.6s
  Fold 4 | Ep  13/100 | t_loss=0.0000 t_acc=1.000 | v_win_bal=0.683 v_rec_bal=0.600 | lr=2.9e-05 | 12.1s
  Fold 4 | Ep  14/100 | t_loss=0.0000 t_acc=1.000 | v_win_bal=0.681 v_rec_bal=0.600 | lr=2.9e-05 | 13.7s
  Fold 4 | Ep  15/100 | t_loss=0.0000 t_acc=1.000 | v_win_bal=0.682 v_rec_bal=0.600 | lr=2.9e-05 | 13.4s
  Fold 4 | Ep  16/100 | t_loss=0.0000 t_acc=1.000 | v_win_bal=0.686 v_rec_bal=0.600 | lr=2.9e-05 | 13.5s
  Fold 4 | Ep  17/100 | t_loss=0.0000 t_acc=1.000 | v_win_bal=0.681 v_rec_bal=0.600 | lr=2.8e-05 | 15.2s
  Fold 4 | Ep  18/100 | t_loss=0.0000 t_acc=1.000 | v_win_bal=0.682 v_rec_bal=0.600 | lr=2.8e-05 | 13.3s
  Fold 4 | Ep  19/100 | t_loss=0.0000 t_acc=1.000 | v_win_bal=0.683 v_rec_bal=0.600 | lr=2.8e-05 | 12.8s
  Fold 4 | Ep  20/100 | t_loss=0.0000 t_acc=1.000 | v_win_bal=0.682 v_rec_bal=0.600 | lr=2.8e-05 | 13.3s
  Fold 4 | Ep  21/100 | t_loss=0.0000 t_acc=1.000 | v_win_bal=0.681 v_rec_bal=0.600 | lr=2.8e-05 | 14.0s
  Early stop at epoch 21
  -> Test (best @ epoch 1): acc=0.6667, bal_acc=0.4444

============================================================
Fold 5/5
============================================================
  Train:  39 samples, 11 subjects [1, 2, 4, 5, 8, 9, 10, 12, 14, 16, 17], label_0=28, label_1=11
    Val:  16 samples,  3 subjects [3, 7, 13], label_0=10, label_1=6
   Test:  15 samples,  3 subjects [6, 11, 18], label_0=9, label_1=6
  Building window datasets...
    WindowDataset: 2705 windows (class_0=1222, class_1=1483)
    WindowDataset: 598 windows (class_0=415, class_1=183)
    WindowDataset: 559 windows (class_0=271, class_1=288)
[PosBank] Loaded 543 positions from weights/reve-positions
[REVE] Loaded 140/140 encoder params from weights/reve-base/model.safetensors
  Fold 5 | Ep   1/100 | t_loss=0.1782 t_acc=0.631 | v_win_bal=0.664 v_rec_bal=0.667 | lr=1.0e-05 | 13.1s
  Fold 5 | Ep   2/100 | t_loss=0.0582 t_acc=0.920 | v_win_bal=0.577 v_rec_bal=0.667 | lr=2.0e-05 | 13.8s
  Fold 5 | Ep   3/100 | t_loss=0.0054 t_acc=0.993 | v_win_bal=0.533 v_rec_bal=0.500 | lr=3.0e-05 | 13.1s
  Fold 5 | Ep   4/100 | t_loss=0.0007 t_acc=1.000 | v_win_bal=0.567 v_rec_bal=0.500 | lr=3.0e-05 | 13.3s
  Fold 5 | Ep   5/100 | t_loss=0.0001 t_acc=1.000 | v_win_bal=0.552 v_rec_bal=0.500 | lr=3.0e-05 | 12.4s
  Fold 5 | Ep   6/100 | t_loss=0.0000 t_acc=1.000 | v_win_bal=0.565 v_rec_bal=0.500 | lr=3.0e-05 | 13.8s
  Fold 5 | Ep   7/100 | t_loss=0.0000 t_acc=1.000 | v_win_bal=0.557 v_rec_bal=0.500 | lr=3.0e-05 | 14.7s
  Fold 5 | Ep   8/100 | t_loss=0.0000 t_acc=1.000 | v_win_bal=0.565 v_rec_bal=0.500 | lr=3.0e-05 | 13.6s
  Fold 5 | Ep   9/100 | t_loss=0.0000 t_acc=1.000 | v_win_bal=0.563 v_rec_bal=0.500 | lr=3.0e-05 | 12.8s
  Fold 5 | Ep  10/100 | t_loss=0.0000 t_acc=1.000 | v_win_bal=0.552 v_rec_bal=0.500 | lr=3.0e-05 | 11.7s
  Fold 5 | Ep  11/100 | t_loss=0.0000 t_acc=1.000 | v_win_bal=0.547 v_rec_bal=0.500 | lr=2.9e-05 | 14.9s
  Fold 5 | Ep  12/100 | t_loss=0.0000 t_acc=1.000 | v_win_bal=0.547 v_rec_bal=0.500 | lr=2.9e-05 | 12.8s
  Fold 5 | Ep  13/100 | t_loss=0.0000 t_acc=1.000 | v_win_bal=0.545 v_rec_bal=0.500 | lr=2.9e-05 | 13.1s
  Fold 5 | Ep  14/100 | t_loss=0.0000 t_acc=1.000 | v_win_bal=0.547 v_rec_bal=0.500 | lr=2.9e-05 | 12.7s
  Fold 5 | Ep  15/100 | t_loss=0.0000 t_acc=1.000 | v_win_bal=0.543 v_rec_bal=0.500 | lr=2.9e-05 | 13.4s
  Fold 5 | Ep  16/100 | t_loss=0.0000 t_acc=1.000 | v_win_bal=0.545 v_rec_bal=0.500 | lr=2.9e-05 | 12.5s
  Fold 5 | Ep  17/100 | t_loss=0.0000 t_acc=1.000 | v_win_bal=0.545 v_rec_bal=0.500 | lr=2.8e-05 | 12.7s
  Fold 5 | Ep  18/100 | t_loss=0.0000 t_acc=1.000 | v_win_bal=0.542 v_rec_bal=0.500 | lr=2.8e-05 | 13.0s
  Fold 5 | Ep  19/100 | t_loss=0.0000 t_acc=1.000 | v_win_bal=0.543 v_rec_bal=0.500 | lr=2.8e-05 | 13.1s
  Fold 5 | Ep  20/100 | t_loss=0.0000 t_acc=1.000 | v_win_bal=0.538 v_rec_bal=0.500 | lr=2.8e-05 | 11.9s
  Fold 5 | Ep  21/100 | t_loss=0.0000 t_acc=1.000 | v_win_bal=0.538 v_rec_bal=0.500 | lr=2.8e-05 | 13.3s
  Early stop at epoch 21
  -> Test (best @ epoch 1): acc=0.7333, bal_acc=0.6944

============================================================
Global Results (5-Fold, subject-level CV)
Mode: FT | Extractor: reve | Loss: focal
============================================================
              acc: 0.6857
          bal_acc: 0.6327
               f1: 0.6818
            kappa: 0.2715
  Total predictions: 70 (should equal dataset size: 70)

Results saved to results/hp_sweep/20260409_main/reve/reve_encoderlrscale1_lr3e-5_s2024/
