CMD: /raid/jupyter-linjimmy1003.md10/.conda/envs/stress/bin/python train_ft.py --extractor reve --seed 123 --device cuda:3 --run-id hp_sweep/20260409_main/reve/reve_encoderlrscale1_lr3e-5_s123 --mode ft --folds 5 --epochs 100 --patience 20 --batch-size 32 --label subject-dass --loss focal --head-hidden 128 --csv data/comprehensive_labels.csv --weight-decay 0.05 --grad-clip 2.0 --warmup-epochs 3 --aug-overlap 0.75 --norm none --encoder-lr-scale 1.0 --lr 3e-05

/raid/jupyter-linjimmy1003.md10/.conda/envs/stress/lib/python3.11/site-packages/timm/models/layers/__init__.py:49: FutureWarning: Importing from timm.models.layers is deprecated, please import via timm.layers
  warnings.warn(f"Importing from {__name__} is deprecated, please import via timm.layers", FutureWarning)
Mode: FT | Extractor: reve | Folds: 5
LR: 3e-05 | WD: 0.05 | Beta2: 0.999 | Grad clip: 2.0
Head: hidden=128, dropout=0.0 | Norm: none | Loss: focal
Full FT: encoder_lr_scale=1.0
Augmentation: 75% overlap for increase class

Results → results/hp_sweep/20260409_main/reve/reve_encoderlrscale1_lr3e-5_s123/
Dataset: 70 recordings loaded (14 increase, 56 normal)
Cache: 70 recordings ready (70 cached, 0 new)
Subject-DASS labels: increase=23 (5 subjects), normal=47

============================================================
Fold 1/5
============================================================
  Train:  43 samples, 10 subjects [2, 3, 4, 6, 7, 8, 9, 10, 11, 13], label_0=28, label_1=15
    Val:  13 samples,  3 subjects [12, 17, 18], label_0=10, label_1=3
   Test:  14 samples,  4 subjects [1, 5, 14, 16], label_0=9, label_1=5
  Building window datasets...
    WindowDataset: 3383 windows (class_0=1024, class_1=2359)
    WindowDataset: 579 windows (class_0=487, class_1=92)
    WindowDataset: 554 windows (class_0=397, class_1=157)
[PosBank] Loaded 543 positions from weights/reve-positions
[REVE] Loaded 140/140 encoder params from weights/reve-base/model.safetensors
  Trainable parameters: 69,321,347
  Class weights: [1.65185546875, 0.7170411348342896]
  Fold 1 | Ep   1/100 | t_loss=0.1670 t_acc=0.683 | v_win_bal=0.561 v_rec_bal=0.500 | lr=1.0e-05 | 18.3s
  Fold 1 | Ep   2/100 | t_loss=0.0497 t_acc=0.933 | v_win_bal=0.820 v_rec_bal=1.000 | lr=2.0e-05 | 15.5s
  Fold 1 | Ep   3/100 | t_loss=0.0072 t_acc=0.990 | v_win_bal=0.961 v_rec_bal=1.000 | lr=3.0e-05 | 15.6s
  Fold 1 | Ep   4/100 | t_loss=0.0035 t_acc=0.996 | v_win_bal=0.971 v_rec_bal=1.000 | lr=3.0e-05 | 15.9s
  Fold 1 | Ep   5/100 | t_loss=0.0010 t_acc=0.999 | v_win_bal=0.970 v_rec_bal=1.000 | lr=3.0e-05 | 14.6s
  Fold 1 | Ep   6/100 | t_loss=0.0001 t_acc=1.000 | v_win_bal=0.971 v_rec_bal=1.000 | lr=3.0e-05 | 16.7s
  Fold 1 | Ep   7/100 | t_loss=0.0000 t_acc=1.000 | v_win_bal=0.971 v_rec_bal=1.000 | lr=3.0e-05 | 14.1s
  Fold 1 | Ep   8/100 | t_loss=0.0000 t_acc=1.000 | v_win_bal=0.971 v_rec_bal=1.000 | lr=3.0e-05 | 15.7s
  Fold 1 | Ep   9/100 | t_loss=0.0000 t_acc=1.000 | v_win_bal=0.971 v_rec_bal=1.000 | lr=3.0e-05 | 14.2s
  Fold 1 | Ep  10/100 | t_loss=0.0000 t_acc=1.000 | v_win_bal=0.971 v_rec_bal=1.000 | lr=3.0e-05 | 14.7s
  Fold 1 | Ep  11/100 | t_loss=0.0000 t_acc=1.000 | v_win_bal=0.971 v_rec_bal=1.000 | lr=2.9e-05 | 15.2s
  Fold 1 | Ep  12/100 | t_loss=0.0000 t_acc=1.000 | v_win_bal=0.971 v_rec_bal=1.000 | lr=2.9e-05 | 19.6s
  Fold 1 | Ep  13/100 | t_loss=0.0000 t_acc=1.000 | v_win_bal=0.971 v_rec_bal=1.000 | lr=2.9e-05 | 16.6s
  Fold 1 | Ep  14/100 | t_loss=0.0000 t_acc=1.000 | v_win_bal=0.982 v_rec_bal=1.000 | lr=2.9e-05 | 14.6s
  Fold 1 | Ep  15/100 | t_loss=0.0000 t_acc=1.000 | v_win_bal=0.982 v_rec_bal=1.000 | lr=2.9e-05 | 15.3s
  Fold 1 | Ep  16/100 | t_loss=0.0000 t_acc=1.000 | v_win_bal=0.982 v_rec_bal=1.000 | lr=2.9e-05 | 14.8s
  Fold 1 | Ep  17/100 | t_loss=0.0000 t_acc=1.000 | v_win_bal=0.982 v_rec_bal=1.000 | lr=2.8e-05 | 15.8s
  Fold 1 | Ep  18/100 | t_loss=0.0000 t_acc=1.000 | v_win_bal=0.982 v_rec_bal=1.000 | lr=2.8e-05 | 17.1s
  Fold 1 | Ep  19/100 | t_loss=0.0000 t_acc=1.000 | v_win_bal=0.982 v_rec_bal=1.000 | lr=2.8e-05 | 15.7s
  Fold 1 | Ep  20/100 | t_loss=0.0000 t_acc=1.000 | v_win_bal=0.982 v_rec_bal=1.000 | lr=2.8e-05 | 15.0s
  Fold 1 | Ep  21/100 | t_loss=0.0000 t_acc=1.000 | v_win_bal=0.982 v_rec_bal=1.000 | lr=2.8e-05 | 15.8s
  Fold 1 | Ep  22/100 | t_loss=0.0000 t_acc=1.000 | v_win_bal=0.982 v_rec_bal=1.000 | lr=2.7e-05 | 15.2s
  Fold 1 | Ep  23/100 | t_loss=0.0000 t_acc=1.000 | v_win_bal=0.982 v_rec_bal=1.000 | lr=2.7e-05 | 15.9s
  Fold 1 | Ep  24/100 | t_loss=0.0000 t_acc=1.000 | v_win_bal=0.982 v_rec_bal=1.000 | lr=2.7e-05 | 15.6s
  Early stop at epoch 24
  -> Test (best @ epoch 2): acc=0.5000, bal_acc=0.5667

============================================================
Fold 2/5
============================================================
  Train:  43 samples, 10 subjects [2, 3, 4, 6, 7, 9, 10, 11, 13, 18], label_0=28, label_1=15
    Val:  14 samples,  4 subjects [1, 5, 14, 16], label_0=9, label_1=5
   Test:  13 samples,  3 subjects [8, 12, 17], label_0=10, label_1=3
  Building window datasets...
    WindowDataset: 3374 windows (class_0=1015, class_1=2359)
    WindowDataset: 554 windows (class_0=397, class_1=157)
    WindowDataset: 588 windows (class_0=496, class_1=92)
[PosBank] Loaded 543 positions from weights/reve-positions
[REVE] Loaded 140/140 encoder params from weights/reve-base/model.safetensors
  Fold 2 | Ep   1/100 | t_loss=0.1818 t_acc=0.655 | v_win_bal=0.566 v_rec_bal=0.511 | lr=1.0e-05 | 17.6s
  Fold 2 | Ep   2/100 | t_loss=0.0523 t_acc=0.931 | v_win_bal=0.602 v_rec_bal=0.511 | lr=2.0e-05 | 17.0s
  Fold 2 | Ep   3/100 | t_loss=0.0064 t_acc=0.991 | v_win_bal=0.610 v_rec_bal=0.511 | lr=3.0e-05 | 16.1s
  Fold 2 | Ep   4/100 | t_loss=0.0010 t_acc=0.999 | v_win_bal=0.618 v_rec_bal=0.511 | lr=3.0e-05 | 14.2s
  Fold 2 | Ep   5/100 | t_loss=0.0001 t_acc=1.000 | v_win_bal=0.607 v_rec_bal=0.611 | lr=3.0e-05 | 15.0s
  Fold 2 | Ep   6/100 | t_loss=0.0000 t_acc=1.000 | v_win_bal=0.611 v_rec_bal=0.611 | lr=3.0e-05 | 15.5s
  Fold 2 | Ep   7/100 | t_loss=0.0000 t_acc=1.000 | v_win_bal=0.611 v_rec_bal=0.611 | lr=3.0e-05 | 14.0s
  Fold 2 | Ep   8/100 | t_loss=0.0000 t_acc=1.000 | v_win_bal=0.611 v_rec_bal=0.611 | lr=3.0e-05 | 13.9s
  Fold 2 | Ep   9/100 | t_loss=0.0000 t_acc=1.000 | v_win_bal=0.614 v_rec_bal=0.611 | lr=3.0e-05 | 15.8s
  Fold 2 | Ep  10/100 | t_loss=0.0000 t_acc=1.000 | v_win_bal=0.614 v_rec_bal=0.611 | lr=3.0e-05 | 14.4s
  Fold 2 | Ep  11/100 | t_loss=0.0000 t_acc=1.000 | v_win_bal=0.614 v_rec_bal=0.611 | lr=2.9e-05 | 16.4s
  Fold 2 | Ep  12/100 | t_loss=0.0000 t_acc=1.000 | v_win_bal=0.613 v_rec_bal=0.611 | lr=2.9e-05 | 14.8s
  Fold 2 | Ep  13/100 | t_loss=0.0000 t_acc=1.000 | v_win_bal=0.614 v_rec_bal=0.611 | lr=2.9e-05 | 14.6s
  Fold 2 | Ep  14/100 | t_loss=0.0000 t_acc=1.000 | v_win_bal=0.617 v_rec_bal=0.611 | lr=2.9e-05 | 15.1s
  Fold 2 | Ep  15/100 | t_loss=0.0000 t_acc=1.000 | v_win_bal=0.624 v_rec_bal=0.611 | lr=2.9e-05 | 14.7s
  Fold 2 | Ep  16/100 | t_loss=0.0000 t_acc=1.000 | v_win_bal=0.626 v_rec_bal=0.611 | lr=2.9e-05 | 17.1s
  Fold 2 | Ep  17/100 | t_loss=0.0000 t_acc=1.000 | v_win_bal=0.622 v_rec_bal=0.611 | lr=2.8e-05 | 13.9s
  Fold 2 | Ep  18/100 | t_loss=0.0000 t_acc=1.000 | v_win_bal=0.624 v_rec_bal=0.611 | lr=2.8e-05 | 22.5s
  Fold 2 | Ep  19/100 | t_loss=0.0000 t_acc=1.000 | v_win_bal=0.624 v_rec_bal=0.611 | lr=2.8e-05 | 16.1s
  Fold 2 | Ep  20/100 | t_loss=0.0000 t_acc=1.000 | v_win_bal=0.624 v_rec_bal=0.611 | lr=2.8e-05 | 14.3s
  Fold 2 | Ep  21/100 | t_loss=0.0000 t_acc=1.000 | v_win_bal=0.622 v_rec_bal=0.611 | lr=2.8e-05 | 15.2s
  Fold 2 | Ep  22/100 | t_loss=0.0000 t_acc=1.000 | v_win_bal=0.625 v_rec_bal=0.611 | lr=2.7e-05 | 15.1s
  Fold 2 | Ep  23/100 | t_loss=0.0000 t_acc=1.000 | v_win_bal=0.626 v_rec_bal=0.611 | lr=2.7e-05 | 15.4s
  Fold 2 | Ep  24/100 | t_loss=0.0000 t_acc=1.000 | v_win_bal=0.626 v_rec_bal=0.611 | lr=2.7e-05 | 17.7s
  Fold 2 | Ep  25/100 | t_loss=0.0000 t_acc=1.000 | v_win_bal=0.625 v_rec_bal=0.611 | lr=2.6e-05 | 16.0s
  Fold 2 | Ep  26/100 | t_loss=0.0000 t_acc=1.000 | v_win_bal=0.625 v_rec_bal=0.611 | lr=2.6e-05 | 15.4s
  Fold 2 | Ep  27/100 | t_loss=0.0000 t_acc=1.000 | v_win_bal=0.626 v_rec_bal=0.611 | lr=2.6e-05 | 14.9s
  Early stop at epoch 27
  -> Test (best @ epoch 5): acc=1.0000, bal_acc=1.0000

============================================================
Fold 3/5
============================================================
  Train:  40 samples, 10 subjects [3, 4, 7, 8, 9, 10, 12, 16, 17, 18], label_0=28, label_1=12
    Val:  14 samples,  4 subjects [1, 2, 5, 14], label_0=9, label_1=5
   Test:  16 samples,  3 subjects [6, 11, 13], label_0=10, label_1=6
  Building window datasets...
    WindowDataset: 2681 windows (class_0=1097, class_1=1584)
    WindowDataset: 551 windows (class_0=394, class_1=157)
    WindowDataset: 705 windows (class_0=417, class_1=288)
[PosBank] Loaded 543 positions from weights/reve-positions
[REVE] Loaded 140/140 encoder params from weights/reve-base/model.safetensors
  Fold 3 | Ep   1/100 | t_loss=0.2163 t_acc=0.640 | v_win_bal=0.489 v_rec_bal=0.411 | lr=1.0e-05 | 16.6s
  Fold 3 | Ep   2/100 | t_loss=0.0349 t_acc=0.960 | v_win_bal=0.449 v_rec_bal=0.367 | lr=2.0e-05 | 12.8s
  Fold 3 | Ep   3/100 | t_loss=0.0029 t_acc=0.996 | v_win_bal=0.434 v_rec_bal=0.267 | lr=3.0e-05 | 13.0s
  Fold 3 | Ep   4/100 | t_loss=0.0011 t_acc=0.999 | v_win_bal=0.472 v_rec_bal=0.311 | lr=3.0e-05 | 11.7s
  Fold 3 | Ep   5/100 | t_loss=0.0001 t_acc=1.000 | v_win_bal=0.444 v_rec_bal=0.211 | lr=3.0e-05 | 11.4s
  Fold 3 | Ep   6/100 | t_loss=0.0000 t_acc=1.000 | v_win_bal=0.436 v_rec_bal=0.211 | lr=3.0e-05 | 12.9s
  Fold 3 | Ep   7/100 | t_loss=0.0000 t_acc=1.000 | v_win_bal=0.435 v_rec_bal=0.211 | lr=3.0e-05 | 11.5s
  Fold 3 | Ep   8/100 | t_loss=0.0000 t_acc=1.000 | v_win_bal=0.437 v_rec_bal=0.211 | lr=3.0e-05 | 11.4s
  Fold 3 | Ep   9/100 | t_loss=0.0000 t_acc=1.000 | v_win_bal=0.439 v_rec_bal=0.211 | lr=3.0e-05 | 12.4s
  Fold 3 | Ep  10/100 | t_loss=0.0000 t_acc=1.000 | v_win_bal=0.439 v_rec_bal=0.211 | lr=3.0e-05 | 13.0s
  Fold 3 | Ep  11/100 | t_loss=0.0000 t_acc=1.000 | v_win_bal=0.440 v_rec_bal=0.211 | lr=2.9e-05 | 12.9s
  Fold 3 | Ep  12/100 | t_loss=0.0000 t_acc=1.000 | v_win_bal=0.444 v_rec_bal=0.211 | lr=2.9e-05 | 11.7s
  Fold 3 | Ep  13/100 | t_loss=0.0000 t_acc=1.000 | v_win_bal=0.440 v_rec_bal=0.211 | lr=2.9e-05 | 12.1s
  Fold 3 | Ep  14/100 | t_loss=0.0000 t_acc=1.000 | v_win_bal=0.437 v_rec_bal=0.211 | lr=2.9e-05 | 12.7s
  Fold 3 | Ep  15/100 | t_loss=0.0000 t_acc=1.000 | v_win_bal=0.440 v_rec_bal=0.211 | lr=2.9e-05 | 12.1s
  Fold 3 | Ep  16/100 | t_loss=0.0000 t_acc=1.000 | v_win_bal=0.440 v_rec_bal=0.211 | lr=2.9e-05 | 13.3s
  Fold 3 | Ep  17/100 | t_loss=0.0000 t_acc=1.000 | v_win_bal=0.437 v_rec_bal=0.211 | lr=2.8e-05 | 12.0s
  Fold 3 | Ep  18/100 | t_loss=0.0000 t_acc=1.000 | v_win_bal=0.434 v_rec_bal=0.211 | lr=2.8e-05 | 12.1s
  Fold 3 | Ep  19/100 | t_loss=0.0000 t_acc=1.000 | v_win_bal=0.434 v_rec_bal=0.211 | lr=2.8e-05 | 13.4s
  Fold 3 | Ep  20/100 | t_loss=0.0000 t_acc=1.000 | v_win_bal=0.437 v_rec_bal=0.211 | lr=2.8e-05 | 12.5s
  Fold 3 | Ep  21/100 | t_loss=0.0000 t_acc=1.000 | v_win_bal=0.434 v_rec_bal=0.211 | lr=2.8e-05 | 11.9s
  Early stop at epoch 21
  -> Test (best @ epoch 1): acc=1.0000, bal_acc=1.0000

============================================================
Fold 4/5
============================================================
  Train:  44 samples,  9 subjects [3, 5, 6, 7, 8, 11, 13, 17, 18], label_0=29, label_1=15
    Val:  14 samples,  4 subjects [1, 12, 14, 16], label_0=9, label_1=5
   Test:  12 samples,  4 subjects [2, 4, 9, 10], label_0=9, label_1=3
  Building window datasets...
    WindowDataset: 3216 windows (class_0=1009, class_1=2207)
    WindowDataset: 727 windows (class_0=570, class_1=157)
    WindowDataset: 459 windows (class_0=329, class_1=130)
[PosBank] Loaded 543 positions from weights/reve-positions
[REVE] Loaded 140/140 encoder params from weights/reve-base/model.safetensors
  Fold 4 | Ep   1/100 | t_loss=0.1977 t_acc=0.621 | v_win_bal=0.795 v_rec_bal=0.844 | lr=1.0e-05 | 15.9s
  Fold 4 | Ep   2/100 | t_loss=0.0582 t_acc=0.915 | v_win_bal=0.825 v_rec_bal=0.844 | lr=2.0e-05 | 17.4s
  Fold 4 | Ep   3/100 | t_loss=0.0078 t_acc=0.988 | v_win_bal=0.852 v_rec_bal=0.900 | lr=3.0e-05 | 14.8s
  Fold 4 | Ep   4/100 | t_loss=0.0022 t_acc=0.998 | v_win_bal=0.811 v_rec_bal=0.789 | lr=3.0e-05 | 14.9s
  Fold 4 | Ep   5/100 | t_loss=0.0026 t_acc=0.999 | v_win_bal=0.784 v_rec_bal=0.733 | lr=3.0e-05 | 14.5s
  Fold 4 | Ep   6/100 | t_loss=0.0000 t_acc=1.000 | v_win_bal=0.791 v_rec_bal=0.733 | lr=3.0e-05 | 17.0s
  Fold 4 | Ep   7/100 | t_loss=0.0000 t_acc=1.000 | v_win_bal=0.789 v_rec_bal=0.733 | lr=3.0e-05 | 15.5s
  Fold 4 | Ep   8/100 | t_loss=0.0000 t_acc=1.000 | v_win_bal=0.784 v_rec_bal=0.733 | lr=3.0e-05 | 14.7s
  Fold 4 | Ep   9/100 | t_loss=0.0000 t_acc=1.000 | v_win_bal=0.783 v_rec_bal=0.733 | lr=3.0e-05 | 15.5s
  Fold 4 | Ep  10/100 | t_loss=0.0000 t_acc=1.000 | v_win_bal=0.784 v_rec_bal=0.733 | lr=3.0e-05 | 16.2s
  Fold 4 | Ep  11/100 | t_loss=0.0000 t_acc=1.000 | v_win_bal=0.781 v_rec_bal=0.733 | lr=2.9e-05 | 14.2s
  Fold 4 | Ep  12/100 | t_loss=0.0000 t_acc=1.000 | v_win_bal=0.784 v_rec_bal=0.733 | lr=2.9e-05 | 14.4s
  Fold 4 | Ep  13/100 | t_loss=0.0000 t_acc=1.000 | v_win_bal=0.781 v_rec_bal=0.733 | lr=2.9e-05 | 14.7s
  Fold 4 | Ep  14/100 | t_loss=0.0000 t_acc=1.000 | v_win_bal=0.778 v_rec_bal=0.733 | lr=2.9e-05 | 13.7s
  Fold 4 | Ep  15/100 | t_loss=0.0000 t_acc=1.000 | v_win_bal=0.778 v_rec_bal=0.733 | lr=2.9e-05 | 13.5s
  Fold 4 | Ep  16/100 | t_loss=0.0000 t_acc=1.000 | v_win_bal=0.778 v_rec_bal=0.733 | lr=2.9e-05 | 13.8s
  Fold 4 | Ep  17/100 | t_loss=0.0000 t_acc=1.000 | v_win_bal=0.784 v_rec_bal=0.733 | lr=2.8e-05 | 15.5s
  Fold 4 | Ep  18/100 | t_loss=0.0000 t_acc=1.000 | v_win_bal=0.777 v_rec_bal=0.733 | lr=2.8e-05 | 13.8s
  Fold 4 | Ep  19/100 | t_loss=0.0000 t_acc=1.000 | v_win_bal=0.779 v_rec_bal=0.733 | lr=2.8e-05 | 14.0s
  Fold 4 | Ep  20/100 | t_loss=0.0000 t_acc=1.000 | v_win_bal=0.778 v_rec_bal=0.733 | lr=2.8e-05 | 14.9s
  Fold 4 | Ep  21/100 | t_loss=0.0000 t_acc=1.000 | v_win_bal=0.776 v_rec_bal=0.733 | lr=2.8e-05 | 16.4s
  Fold 4 | Ep  22/100 | t_loss=0.0000 t_acc=1.000 | v_win_bal=0.779 v_rec_bal=0.733 | lr=2.7e-05 | 16.5s
  Fold 4 | Ep  23/100 | t_loss=0.0000 t_acc=1.000 | v_win_bal=0.778 v_rec_bal=0.733 | lr=2.7e-05 | 14.1s
  Early stop at epoch 23
  -> Test (best @ epoch 3): acc=0.1667, bal_acc=0.3333

============================================================
Fold 5/5
============================================================
  Train:  41 samples, 10 subjects [2, 4, 5, 6, 8, 10, 11, 13, 14, 17], label_0=29, label_1=12
    Val:  14 samples,  4 subjects [1, 9, 12, 16], label_0=9, label_1=5
   Test:  15 samples,  3 subjects [3, 7, 18], label_0=9, label_1=6
  Building window datasets...
    WindowDataset: 3131 windows (class_0=1127, class_1=2004)
    WindowDataset: 669 windows (class_0=512, class_1=157)
    WindowDataset: 452 windows (class_0=269, class_1=183)
[PosBank] Loaded 543 positions from weights/reve-positions
[REVE] Loaded 140/140 encoder params from weights/reve-base/model.safetensors
  Fold 5 | Ep   1/100 | t_loss=0.1954 t_acc=0.576 | v_win_bal=0.784 v_rec_bal=0.789 | lr=1.0e-05 | 14.7s
  Fold 5 | Ep   2/100 | t_loss=0.0585 t_acc=0.914 | v_win_bal=0.876 v_rec_bal=0.889 | lr=2.0e-05 | 13.9s
  Fold 5 | Ep   3/100 | t_loss=0.0080 t_acc=0.990 | v_win_bal=0.885 v_rec_bal=0.944 | lr=3.0e-05 | 13.9s
  Fold 5 | Ep   4/100 | t_loss=0.0009 t_acc=1.000 | v_win_bal=0.846 v_rec_bal=0.844 | lr=3.0e-05 | 16.8s
  Fold 5 | Ep   5/100 | t_loss=0.0001 t_acc=1.000 | v_win_bal=0.867 v_rec_bal=0.944 | lr=3.0e-05 | 14.8s
  Fold 5 | Ep   6/100 | t_loss=0.0000 t_acc=1.000 | v_win_bal=0.877 v_rec_bal=0.944 | lr=3.0e-05 | 15.2s
  Fold 5 | Ep   7/100 | t_loss=0.0000 t_acc=1.000 | v_win_bal=0.875 v_rec_bal=0.944 | lr=3.0e-05 | 15.9s
  Fold 5 | Ep   8/100 | t_loss=0.0000 t_acc=1.000 | v_win_bal=0.878 v_rec_bal=0.944 | lr=3.0e-05 | 16.0s
  Fold 5 | Ep   9/100 | t_loss=0.0000 t_acc=1.000 | v_win_bal=0.878 v_rec_bal=0.944 | lr=3.0e-05 | 15.1s
  Fold 5 | Ep  10/100 | t_loss=0.0000 t_acc=1.000 | v_win_bal=0.877 v_rec_bal=0.944 | lr=3.0e-05 | 13.8s
  Fold 5 | Ep  11/100 | t_loss=0.0000 t_acc=1.000 | v_win_bal=0.877 v_rec_bal=0.944 | lr=2.9e-05 | 13.3s
  Fold 5 | Ep  12/100 | t_loss=0.0000 t_acc=1.000 | v_win_bal=0.877 v_rec_bal=0.944 | lr=2.9e-05 | 15.2s
  Fold 5 | Ep  13/100 | t_loss=0.0000 t_acc=1.000 | v_win_bal=0.876 v_rec_bal=0.944 | lr=2.9e-05 | 20.0s
  Fold 5 | Ep  14/100 | t_loss=0.0000 t_acc=1.000 | v_win_bal=0.877 v_rec_bal=0.944 | lr=2.9e-05 | 15.6s
  Fold 5 | Ep  15/100 | t_loss=0.0000 t_acc=1.000 | v_win_bal=0.874 v_rec_bal=0.944 | lr=2.9e-05 | 16.7s
  Fold 5 | Ep  16/100 | t_loss=0.0000 t_acc=1.000 | v_win_bal=0.877 v_rec_bal=0.944 | lr=2.9e-05 | 13.9s
  Fold 5 | Ep  17/100 | t_loss=0.0000 t_acc=1.000 | v_win_bal=0.878 v_rec_bal=0.944 | lr=2.8e-05 | 16.7s
  Fold 5 | Ep  18/100 | t_loss=0.0000 t_acc=1.000 | v_win_bal=0.874 v_rec_bal=0.944 | lr=2.8e-05 | 15.2s
  Fold 5 | Ep  19/100 | t_loss=0.0000 t_acc=1.000 | v_win_bal=0.874 v_rec_bal=0.944 | lr=2.8e-05 | 14.3s
  Fold 5 | Ep  20/100 | t_loss=0.0000 t_acc=1.000 | v_win_bal=0.878 v_rec_bal=0.944 | lr=2.8e-05 | 14.1s
  Fold 5 | Ep  21/100 | t_loss=0.0000 t_acc=1.000 | v_win_bal=0.876 v_rec_bal=0.944 | lr=2.8e-05 | 15.0s
  Fold 5 | Ep  22/100 | t_loss=0.0000 t_acc=1.000 | v_win_bal=0.874 v_rec_bal=0.944 | lr=2.7e-05 | 15.8s
  Fold 5 | Ep  23/100 | t_loss=0.0000 t_acc=1.000 | v_win_bal=0.876 v_rec_bal=0.944 | lr=2.7e-05 | 15.9s
  Fold 5 | Ep  24/100 | t_loss=0.0000 t_acc=1.000 | v_win_bal=0.876 v_rec_bal=0.944 | lr=2.7e-05 | 16.3s
  Fold 5 | Ep  25/100 | t_loss=0.0000 t_acc=1.000 | v_win_bal=0.876 v_rec_bal=0.944 | lr=2.6e-05 | 16.7s
  Fold 5 | Ep  26/100 | t_loss=0.0000 t_acc=1.000 | v_win_bal=0.876 v_rec_bal=0.944 | lr=2.6e-05 | 14.0s
  Fold 5 | Ep  27/100 | t_loss=0.0000 t_acc=1.000 | v_win_bal=0.876 v_rec_bal=0.944 | lr=2.6e-05 | 16.1s
  Early stop at epoch 27
  -> Test (best @ epoch 3): acc=0.6000, bal_acc=0.5000

============================================================
Global Results (5-Fold, subject-level CV)
Mode: FT | Extractor: reve | Loss: focal
============================================================
              acc: 0.6714
          bal_acc: 0.6665
               f1: 0.6799
            kappa: 0.3090
  Total predictions: 70 (should equal dataset size: 70)

Results saved to results/hp_sweep/20260409_main/reve/reve_encoderlrscale1_lr3e-5_s123/
