CMD: /raid/jupyter-linjimmy1003.md10/.conda/envs/stress/bin/python train_ft.py --extractor reve --seed 42 --device cuda:4 --run-id hp_sweep/20260409_main/reve/reve_encoderlrscale0.1_lr1e-4_s42 --mode ft --folds 5 --epochs 100 --patience 20 --batch-size 32 --label subject-dass --loss focal --head-hidden 128 --csv data/comprehensive_labels.csv --weight-decay 0.05 --grad-clip 2.0 --warmup-epochs 3 --aug-overlap 0.75 --norm none --encoder-lr-scale 0.1 --lr 0.0001

/raid/jupyter-linjimmy1003.md10/.conda/envs/stress/lib/python3.11/site-packages/timm/models/layers/__init__.py:49: FutureWarning: Importing from timm.models.layers is deprecated, please import via timm.layers
  warnings.warn(f"Importing from {__name__} is deprecated, please import via timm.layers", FutureWarning)
Mode: FT | Extractor: reve | Folds: 5
LR: 0.0001 | WD: 0.05 | Beta2: 0.999 | Grad clip: 2.0
Head: hidden=128, dropout=0.0 | Norm: none | Loss: focal
Full FT: encoder_lr_scale=0.1
Augmentation: 75% overlap for increase class

Results → results/hp_sweep/20260409_main/reve/reve_encoderlrscale0.1_lr1e-4_s42/
Dataset: 70 recordings loaded (14 increase, 56 normal)
Cache: 70 recordings ready (70 cached, 0 new)
Subject-DASS labels: increase=23 (5 subjects), normal=47

============================================================
Fold 1/5
============================================================
  Train:  43 samples, 10 subjects [2, 3, 5, 6, 7, 9, 11, 13, 17, 18], label_0=28, label_1=15
    Val:  13 samples,  3 subjects [4, 8, 10], label_0=10, label_1=3
   Test:  14 samples,  4 subjects [1, 12, 14, 16], label_0=9, label_1=5
  Building window datasets...
    WindowDataset: 3229 windows (class_0=1022, class_1=2207)
    WindowDataset: 446 windows (class_0=316, class_1=130)
    WindowDataset: 727 windows (class_0=570, class_1=157)
[PosBank] Loaded 543 positions from weights/reve-positions
[REVE] Loaded 140/140 encoder params from weights/reve-base/model.safetensors
  Trainable parameters: 69,321,347
  Class weights: [1.5797456502914429, 0.7315360307693481]
  Fold 1 | Ep   1/100 | t_loss=0.2604 t_acc=0.564 | v_win_bal=0.701 v_rec_bal=0.783 | lr=3.3e-05 | 16.1s
  Fold 1 | Ep   2/100 | t_loss=0.1256 t_acc=0.775 | v_win_bal=0.828 v_rec_bal=0.833 | lr=6.7e-05 | 14.8s
  Fold 1 | Ep   3/100 | t_loss=0.0566 t_acc=0.928 | v_win_bal=0.852 v_rec_bal=0.833 | lr=1.0e-04 | 13.4s
  Fold 1 | Ep   4/100 | t_loss=0.0123 t_acc=0.987 | v_win_bal=0.835 v_rec_bal=0.783 | lr=1.0e-04 | 13.7s
  Fold 1 | Ep   5/100 | t_loss=0.0012 t_acc=1.000 | v_win_bal=0.804 v_rec_bal=0.733 | lr=1.0e-04 | 14.0s
  Fold 1 | Ep   6/100 | t_loss=0.0003 t_acc=1.000 | v_win_bal=0.800 v_rec_bal=0.733 | lr=1.0e-04 | 13.6s
  Fold 1 | Ep   7/100 | t_loss=0.0001 t_acc=1.000 | v_win_bal=0.811 v_rec_bal=0.783 | lr=1.0e-04 | 14.0s
  Fold 1 | Ep   8/100 | t_loss=0.0001 t_acc=1.000 | v_win_bal=0.808 v_rec_bal=0.783 | lr=9.9e-05 | 14.2s
  Fold 1 | Ep   9/100 | t_loss=0.0001 t_acc=1.000 | v_win_bal=0.792 v_rec_bal=0.733 | lr=9.9e-05 | 14.4s
  Fold 1 | Ep  10/100 | t_loss=0.0000 t_acc=1.000 | v_win_bal=0.795 v_rec_bal=0.783 | lr=9.9e-05 | 14.7s
  Fold 1 | Ep  11/100 | t_loss=0.0000 t_acc=1.000 | v_win_bal=0.795 v_rec_bal=0.783 | lr=9.8e-05 | 14.6s
  Fold 1 | Ep  12/100 | t_loss=0.0000 t_acc=1.000 | v_win_bal=0.791 v_rec_bal=0.783 | lr=9.8e-05 | 16.7s
  Fold 1 | Ep  13/100 | t_loss=0.0000 t_acc=1.000 | v_win_bal=0.791 v_rec_bal=0.783 | lr=9.7e-05 | 16.3s
  Fold 1 | Ep  14/100 | t_loss=0.0000 t_acc=1.000 | v_win_bal=0.791 v_rec_bal=0.783 | lr=9.7e-05 | 15.2s
  Fold 1 | Ep  15/100 | t_loss=0.0000 t_acc=1.000 | v_win_bal=0.789 v_rec_bal=0.783 | lr=9.6e-05 | 13.4s
  Fold 1 | Ep  16/100 | t_loss=0.0000 t_acc=1.000 | v_win_bal=0.791 v_rec_bal=0.783 | lr=9.6e-05 | 13.8s
  Fold 1 | Ep  17/100 | t_loss=0.0000 t_acc=1.000 | v_win_bal=0.792 v_rec_bal=0.783 | lr=9.5e-05 | 13.4s
  Fold 1 | Ep  18/100 | t_loss=0.0000 t_acc=1.000 | v_win_bal=0.791 v_rec_bal=0.783 | lr=9.4e-05 | 13.1s
  Fold 1 | Ep  19/100 | t_loss=0.0000 t_acc=1.000 | v_win_bal=0.791 v_rec_bal=0.783 | lr=9.3e-05 | 12.9s
  Fold 1 | Ep  20/100 | t_loss=0.0000 t_acc=1.000 | v_win_bal=0.794 v_rec_bal=0.783 | lr=9.3e-05 | 12.7s
  Fold 1 | Ep  21/100 | t_loss=0.0000 t_acc=1.000 | v_win_bal=0.791 v_rec_bal=0.783 | lr=9.2e-05 | 13.8s
  Fold 1 | Ep  22/100 | t_loss=0.0000 t_acc=1.000 | v_win_bal=0.790 v_rec_bal=0.783 | lr=9.1e-05 | 13.5s
  Fold 1 | Ep  23/100 | t_loss=0.0000 t_acc=1.000 | v_win_bal=0.790 v_rec_bal=0.783 | lr=9.0e-05 | 13.3s
  Early stop at epoch 23
  -> Test (best @ epoch 2): acc=1.0000, bal_acc=1.0000

============================================================
Fold 2/5
============================================================
  Train:  43 samples, 10 subjects [3, 4, 6, 7, 11, 13, 14, 16, 17, 18], label_0=28, label_1=15
    Val:  14 samples,  4 subjects [1, 2, 9, 12], label_0=9, label_1=5
   Test:  13 samples,  3 subjects [5, 8, 10], label_0=10, label_1=3
  Building window datasets...
    WindowDataset: 3283 windows (class_0=1076, class_1=2207)
    WindowDataset: 666 windows (class_0=509, class_1=157)
    WindowDataset: 453 windows (class_0=323, class_1=130)
[PosBank] Loaded 543 positions from weights/reve-positions
[REVE] Loaded 140/140 encoder params from weights/reve-base/model.safetensors
  Fold 2 | Ep   1/100 | t_loss=0.1888 t_acc=0.632 | v_win_bal=0.759 v_rec_bal=0.889 | lr=3.3e-05 | 14.7s
  Fold 2 | Ep   2/100 | t_loss=0.0760 t_acc=0.888 | v_win_bal=0.819 v_rec_bal=0.844 | lr=6.7e-05 | 14.1s
  Fold 2 | Ep   3/100 | t_loss=0.0279 t_acc=0.967 | v_win_bal=0.704 v_rec_bal=0.644 | lr=1.0e-04 | 14.7s
  Fold 2 | Ep   4/100 | t_loss=0.0057 t_acc=0.994 | v_win_bal=0.745 v_rec_bal=0.644 | lr=1.0e-04 | 14.0s
  Fold 2 | Ep   5/100 | t_loss=0.0012 t_acc=1.000 | v_win_bal=0.824 v_rec_bal=0.944 | lr=1.0e-04 | 15.1s
  Fold 2 | Ep   6/100 | t_loss=0.0002 t_acc=1.000 | v_win_bal=0.799 v_rec_bal=0.944 | lr=1.0e-04 | 15.1s
  Fold 2 | Ep   7/100 | t_loss=0.0001 t_acc=1.000 | v_win_bal=0.801 v_rec_bal=0.944 | lr=1.0e-04 | 18.1s
  Fold 2 | Ep   8/100 | t_loss=0.0001 t_acc=1.000 | v_win_bal=0.804 v_rec_bal=0.944 | lr=9.9e-05 | 16.3s
  Fold 2 | Ep   9/100 | t_loss=0.0001 t_acc=1.000 | v_win_bal=0.813 v_rec_bal=0.944 | lr=9.9e-05 | 14.8s
  Fold 2 | Ep  10/100 | t_loss=0.0000 t_acc=1.000 | v_win_bal=0.816 v_rec_bal=0.944 | lr=9.9e-05 | 15.1s
  Fold 2 | Ep  11/100 | t_loss=0.0000 t_acc=1.000 | v_win_bal=0.816 v_rec_bal=0.944 | lr=9.8e-05 | 15.4s
  Fold 2 | Ep  12/100 | t_loss=0.0000 t_acc=1.000 | v_win_bal=0.816 v_rec_bal=0.944 | lr=9.8e-05 | 14.6s
  Fold 2 | Ep  13/100 | t_loss=0.0000 t_acc=1.000 | v_win_bal=0.810 v_rec_bal=0.944 | lr=9.7e-05 | 14.7s
  Fold 2 | Ep  14/100 | t_loss=0.0000 t_acc=1.000 | v_win_bal=0.810 v_rec_bal=0.944 | lr=9.7e-05 | 14.5s
  Fold 2 | Ep  15/100 | t_loss=0.0000 t_acc=1.000 | v_win_bal=0.810 v_rec_bal=0.944 | lr=9.6e-05 | 14.5s
  Fold 2 | Ep  16/100 | t_loss=0.0000 t_acc=1.000 | v_win_bal=0.807 v_rec_bal=0.944 | lr=9.6e-05 | 15.3s
  Fold 2 | Ep  17/100 | t_loss=0.0000 t_acc=1.000 | v_win_bal=0.807 v_rec_bal=0.944 | lr=9.5e-05 | 16.6s
  Fold 2 | Ep  18/100 | t_loss=0.0000 t_acc=1.000 | v_win_bal=0.807 v_rec_bal=0.944 | lr=9.4e-05 | 14.6s
  Fold 2 | Ep  19/100 | t_loss=0.0000 t_acc=1.000 | v_win_bal=0.805 v_rec_bal=0.944 | lr=9.3e-05 | 14.7s
  Fold 2 | Ep  20/100 | t_loss=0.0000 t_acc=1.000 | v_win_bal=0.805 v_rec_bal=0.944 | lr=9.3e-05 | 15.6s
  Fold 2 | Ep  21/100 | t_loss=0.0000 t_acc=1.000 | v_win_bal=0.804 v_rec_bal=0.944 | lr=9.2e-05 | 14.9s
  Fold 2 | Ep  22/100 | t_loss=0.0000 t_acc=1.000 | v_win_bal=0.805 v_rec_bal=0.944 | lr=9.1e-05 | 15.7s
  Fold 2 | Ep  23/100 | t_loss=0.0000 t_acc=1.000 | v_win_bal=0.804 v_rec_bal=0.944 | lr=9.0e-05 | 16.0s
  Fold 2 | Ep  24/100 | t_loss=0.0000 t_acc=1.000 | v_win_bal=0.805 v_rec_bal=0.944 | lr=8.9e-05 | 14.6s
  Fold 2 | Ep  25/100 | t_loss=0.0000 t_acc=1.000 | v_win_bal=0.805 v_rec_bal=0.944 | lr=8.8e-05 | 16.1s
  Fold 2 | Ep  26/100 | t_loss=0.0000 t_acc=1.000 | v_win_bal=0.801 v_rec_bal=0.944 | lr=8.7e-05 | 16.4s
  Fold 2 | Ep  27/100 | t_loss=0.0000 t_acc=1.000 | v_win_bal=0.801 v_rec_bal=0.944 | lr=8.6e-05 | 14.3s
  Early stop at epoch 27
  -> Test (best @ epoch 5): acc=0.4615, bal_acc=0.5333

============================================================
Fold 3/5
============================================================
  Train:  40 samples, 10 subjects [4, 5, 8, 9, 10, 11, 13, 16, 17, 18], label_0=28, label_1=12
    Val:  14 samples,  4 subjects [1, 2, 12, 14], label_0=9, label_1=5
   Test:  16 samples,  3 subjects [3, 6, 7], label_0=10, label_1=6
  Building window datasets...
    WindowDataset: 3053 windows (class_0=1049, class_1=2004)
    WindowDataset: 724 windows (class_0=567, class_1=157)
    WindowDataset: 475 windows (class_0=292, class_1=183)
[PosBank] Loaded 543 positions from weights/reve-positions
[REVE] Loaded 140/140 encoder params from weights/reve-base/model.safetensors
  Fold 3 | Ep   1/100 | t_loss=0.3040 t_acc=0.506 | v_win_bal=0.724 v_rec_bal=0.744 | lr=3.3e-05 | 15.6s
  Fold 3 | Ep   2/100 | t_loss=0.1010 t_acc=0.823 | v_win_bal=0.814 v_rec_bal=0.844 | lr=6.7e-05 | 14.7s
  Fold 3 | Ep   3/100 | t_loss=0.0296 t_acc=0.964 | v_win_bal=0.883 v_rec_bal=0.944 | lr=1.0e-04 | 13.3s
  Fold 3 | Ep   4/100 | t_loss=0.0048 t_acc=0.994 | v_win_bal=0.880 v_rec_bal=0.944 | lr=1.0e-04 | 16.7s
  Fold 3 | Ep   5/100 | t_loss=0.0005 t_acc=1.000 | v_win_bal=0.868 v_rec_bal=0.944 | lr=1.0e-04 | 14.1s
  Fold 3 | Ep   6/100 | t_loss=0.0002 t_acc=1.000 | v_win_bal=0.866 v_rec_bal=0.944 | lr=1.0e-04 | 21.0s
  Fold 3 | Ep   7/100 | t_loss=0.0001 t_acc=1.000 | v_win_bal=0.868 v_rec_bal=0.944 | lr=1.0e-04 | 13.7s
  Fold 3 | Ep   8/100 | t_loss=0.0001 t_acc=1.000 | v_win_bal=0.873 v_rec_bal=0.944 | lr=9.9e-05 | 13.9s
  Fold 3 | Ep   9/100 | t_loss=0.0000 t_acc=1.000 | v_win_bal=0.866 v_rec_bal=0.944 | lr=9.9e-05 | 13.5s
  Fold 3 | Ep  10/100 | t_loss=0.0000 t_acc=1.000 | v_win_bal=0.866 v_rec_bal=0.944 | lr=9.9e-05 | 13.6s
  Fold 3 | Ep  11/100 | t_loss=0.0000 t_acc=1.000 | v_win_bal=0.864 v_rec_bal=0.944 | lr=9.8e-05 | 14.1s
  Fold 3 | Ep  12/100 | t_loss=0.0000 t_acc=1.000 | v_win_bal=0.869 v_rec_bal=0.944 | lr=9.8e-05 | 15.5s
  Fold 3 | Ep  13/100 | t_loss=0.0000 t_acc=1.000 | v_win_bal=0.864 v_rec_bal=0.944 | lr=9.7e-05 | 21.8s
  Fold 3 | Ep  14/100 | t_loss=0.0000 t_acc=1.000 | v_win_bal=0.872 v_rec_bal=0.944 | lr=9.7e-05 | 15.9s
  Fold 3 | Ep  15/100 | t_loss=0.0000 t_acc=1.000 | v_win_bal=0.873 v_rec_bal=0.944 | lr=9.6e-05 | 14.4s
  Fold 3 | Ep  16/100 | t_loss=0.0000 t_acc=1.000 | v_win_bal=0.872 v_rec_bal=0.944 | lr=9.6e-05 | 16.8s
  Fold 3 | Ep  17/100 | t_loss=0.0000 t_acc=1.000 | v_win_bal=0.868 v_rec_bal=0.944 | lr=9.5e-05 | 15.7s
  Fold 3 | Ep  18/100 | t_loss=0.0000 t_acc=1.000 | v_win_bal=0.871 v_rec_bal=0.944 | lr=9.4e-05 | 16.3s
  Fold 3 | Ep  19/100 | t_loss=0.0000 t_acc=1.000 | v_win_bal=0.871 v_rec_bal=0.944 | lr=9.3e-05 | 14.3s
  Fold 3 | Ep  20/100 | t_loss=0.0000 t_acc=1.000 | v_win_bal=0.871 v_rec_bal=0.944 | lr=9.3e-05 | 14.2s
  Fold 3 | Ep  21/100 | t_loss=0.0000 t_acc=1.000 | v_win_bal=0.871 v_rec_bal=0.944 | lr=9.2e-05 | 17.3s
  Fold 3 | Ep  22/100 | t_loss=0.0000 t_acc=1.000 | v_win_bal=0.871 v_rec_bal=0.944 | lr=9.1e-05 | 15.4s
  Fold 3 | Ep  23/100 | t_loss=0.0000 t_acc=1.000 | v_win_bal=0.868 v_rec_bal=0.944 | lr=9.0e-05 | 14.6s
  Fold 3 | Ep  24/100 | t_loss=0.0000 t_acc=1.000 | v_win_bal=0.874 v_rec_bal=0.944 | lr=8.9e-05 | 14.3s
  Fold 3 | Ep  25/100 | t_loss=0.0000 t_acc=1.000 | v_win_bal=0.871 v_rec_bal=0.944 | lr=8.8e-05 | 14.2s
  Early stop at epoch 25
  -> Test (best @ epoch 3): acc=0.5625, bal_acc=0.5500

============================================================
Fold 4/5
============================================================
  Train:  39 samples, 11 subjects [1, 2, 4, 5, 8, 9, 10, 12, 14, 16, 17], label_0=28, label_1=11
    Val:  16 samples,  3 subjects [3, 6, 7], label_0=10, label_1=6
   Test:  15 samples,  3 subjects [11, 13, 18], label_0=9, label_1=6
  Building window datasets...
    WindowDataset: 2705 windows (class_0=1222, class_1=1483)
    WindowDataset: 475 windows (class_0=292, class_1=183)
    WindowDataset: 682 windows (class_0=394, class_1=288)
[PosBank] Loaded 543 positions from weights/reve-positions
[REVE] Loaded 140/140 encoder params from weights/reve-base/model.safetensors
  Fold 4 | Ep   1/100 | t_loss=0.1681 t_acc=0.677 | v_win_bal=0.551 v_rec_bal=0.617 | lr=3.3e-05 | 13.5s
  Fold 4 | Ep   2/100 | t_loss=0.0810 t_acc=0.882 | v_win_bal=0.582 v_rec_bal=0.617 | lr=6.7e-05 | 12.0s
  Fold 4 | Ep   3/100 | t_loss=0.0177 t_acc=0.977 | v_win_bal=0.445 v_rec_bal=0.333 | lr=1.0e-04 | 11.9s
  Fold 4 | Ep   4/100 | t_loss=0.0020 t_acc=0.999 | v_win_bal=0.471 v_rec_bal=0.350 | lr=1.0e-04 | 12.2s
  Fold 4 | Ep   5/100 | t_loss=0.0003 t_acc=1.000 | v_win_bal=0.403 v_rec_bal=0.300 | lr=1.0e-04 | 10.4s
  Fold 4 | Ep   6/100 | t_loss=0.0001 t_acc=1.000 | v_win_bal=0.410 v_rec_bal=0.250 | lr=1.0e-04 | 13.0s
  Fold 4 | Ep   7/100 | t_loss=0.0001 t_acc=1.000 | v_win_bal=0.422 v_rec_bal=0.350 | lr=1.0e-04 | 10.9s
  Fold 4 | Ep   8/100 | t_loss=0.0001 t_acc=1.000 | v_win_bal=0.412 v_rec_bal=0.300 | lr=9.9e-05 | 16.5s
  Fold 4 | Ep   9/100 | t_loss=0.0000 t_acc=1.000 | v_win_bal=0.405 v_rec_bal=0.300 | lr=9.9e-05 | 11.8s
  Fold 4 | Ep  10/100 | t_loss=0.0000 t_acc=1.000 | v_win_bal=0.415 v_rec_bal=0.300 | lr=9.9e-05 | 11.8s
  Fold 4 | Ep  11/100 | t_loss=0.0000 t_acc=1.000 | v_win_bal=0.411 v_rec_bal=0.300 | lr=9.8e-05 | 12.8s
  Fold 4 | Ep  12/100 | t_loss=0.0000 t_acc=1.000 | v_win_bal=0.416 v_rec_bal=0.300 | lr=9.8e-05 | 12.2s
  Fold 4 | Ep  13/100 | t_loss=0.0000 t_acc=1.000 | v_win_bal=0.413 v_rec_bal=0.300 | lr=9.7e-05 | 14.3s
  Fold 4 | Ep  14/100 | t_loss=0.0000 t_acc=1.000 | v_win_bal=0.416 v_rec_bal=0.300 | lr=9.7e-05 | 12.0s
  Fold 4 | Ep  15/100 | t_loss=0.0000 t_acc=1.000 | v_win_bal=0.413 v_rec_bal=0.300 | lr=9.6e-05 | 11.3s
  Fold 4 | Ep  16/100 | t_loss=0.0000 t_acc=1.000 | v_win_bal=0.414 v_rec_bal=0.300 | lr=9.6e-05 | 13.0s
  Fold 4 | Ep  17/100 | t_loss=0.0000 t_acc=1.000 | v_win_bal=0.408 v_rec_bal=0.300 | lr=9.5e-05 | 11.9s
  Fold 4 | Ep  18/100 | t_loss=0.0000 t_acc=1.000 | v_win_bal=0.411 v_rec_bal=0.300 | lr=9.4e-05 | 11.0s
  Fold 4 | Ep  19/100 | t_loss=0.0000 t_acc=1.000 | v_win_bal=0.410 v_rec_bal=0.300 | lr=9.3e-05 | 11.3s
  Fold 4 | Ep  20/100 | t_loss=0.0000 t_acc=1.000 | v_win_bal=0.413 v_rec_bal=0.300 | lr=9.3e-05 | 12.7s
  Fold 4 | Ep  21/100 | t_loss=0.0000 t_acc=1.000 | v_win_bal=0.412 v_rec_bal=0.300 | lr=9.2e-05 | 11.1s
  Early stop at epoch 21
  -> Test (best @ epoch 1): acc=0.9333, bal_acc=0.9444

============================================================
Fold 5/5
============================================================
  Train:  44 samples,  9 subjects [3, 5, 6, 7, 8, 10, 11, 13, 18], label_0=29, label_1=15
    Val:  14 samples,  4 subjects [1, 12, 14, 16], label_0=9, label_1=5
   Test:  12 samples,  4 subjects [2, 4, 9, 17], label_0=9, label_1=3
  Building window datasets...
    WindowDataset: 3368 windows (class_0=1009, class_1=2359)
    WindowDataset: 727 windows (class_0=570, class_1=157)
    WindowDataset: 421 windows (class_0=329, class_1=92)
[PosBank] Loaded 543 positions from weights/reve-positions
[REVE] Loaded 140/140 encoder params from weights/reve-base/model.safetensors
  Fold 5 | Ep   1/100 | t_loss=0.3169 t_acc=0.482 | v_win_bal=0.788 v_rec_bal=0.944 | lr=3.3e-05 | 14.4s
  Fold 5 | Ep   2/100 | t_loss=0.0969 t_acc=0.839 | v_win_bal=0.882 v_rec_bal=0.944 | lr=6.7e-05 | 16.0s
  Fold 5 | Ep   3/100 | t_loss=0.0359 t_acc=0.947 | v_win_bal=0.896 v_rec_bal=0.944 | lr=1.0e-04 | 15.4s
  Fold 5 | Ep   4/100 | t_loss=0.0065 t_acc=0.993 | v_win_bal=0.902 v_rec_bal=0.944 | lr=1.0e-04 | 19.6s
  Fold 5 | Ep   5/100 | t_loss=0.0008 t_acc=1.000 | v_win_bal=0.910 v_rec_bal=0.944 | lr=1.0e-04 | 17.5s
  Fold 5 | Ep   6/100 | t_loss=0.0002 t_acc=1.000 | v_win_bal=0.918 v_rec_bal=0.944 | lr=1.0e-04 | 17.1s
  Fold 5 | Ep   7/100 | t_loss=0.0001 t_acc=1.000 | v_win_bal=0.919 v_rec_bal=0.944 | lr=1.0e-04 | 20.6s
  Fold 5 | Ep   8/100 | t_loss=0.0001 t_acc=1.000 | v_win_bal=0.921 v_rec_bal=0.944 | lr=9.9e-05 | 17.8s
  Fold 5 | Ep   9/100 | t_loss=0.0001 t_acc=1.000 | v_win_bal=0.921 v_rec_bal=0.944 | lr=9.9e-05 | 14.7s
  Fold 5 | Ep  10/100 | t_loss=0.0000 t_acc=1.000 | v_win_bal=0.921 v_rec_bal=0.944 | lr=9.9e-05 | 14.3s
  Fold 5 | Ep  11/100 | t_loss=0.0000 t_acc=1.000 | v_win_bal=0.921 v_rec_bal=0.944 | lr=9.8e-05 | 15.3s
  Fold 5 | Ep  12/100 | t_loss=0.0000 t_acc=1.000 | v_win_bal=0.924 v_rec_bal=0.944 | lr=9.8e-05 | 15.2s
  Fold 5 | Ep  13/100 | t_loss=0.0000 t_acc=1.000 | v_win_bal=0.924 v_rec_bal=0.944 | lr=9.7e-05 | 14.5s
  Fold 5 | Ep  14/100 | t_loss=0.0000 t_acc=1.000 | v_win_bal=0.924 v_rec_bal=0.944 | lr=9.7e-05 | 14.3s
  Fold 5 | Ep  15/100 | t_loss=0.0000 t_acc=1.000 | v_win_bal=0.924 v_rec_bal=0.944 | lr=9.6e-05 | 15.3s
  Fold 5 | Ep  16/100 | t_loss=0.0000 t_acc=1.000 | v_win_bal=0.924 v_rec_bal=0.944 | lr=9.6e-05 | 14.5s
  Fold 5 | Ep  17/100 | t_loss=0.0000 t_acc=1.000 | v_win_bal=0.921 v_rec_bal=0.944 | lr=9.5e-05 | 18.4s
  Fold 5 | Ep  18/100 | t_loss=0.0000 t_acc=1.000 | v_win_bal=0.921 v_rec_bal=0.944 | lr=9.4e-05 | 15.3s
  Fold 5 | Ep  19/100 | t_loss=0.0000 t_acc=1.000 | v_win_bal=0.921 v_rec_bal=0.944 | lr=9.3e-05 | 15.8s
  Fold 5 | Ep  20/100 | t_loss=0.0000 t_acc=1.000 | v_win_bal=0.921 v_rec_bal=0.944 | lr=9.3e-05 | 16.4s
  Fold 5 | Ep  21/100 | t_loss=0.0000 t_acc=1.000 | v_win_bal=0.921 v_rec_bal=0.944 | lr=9.2e-05 | 15.6s
  Early stop at epoch 21
  -> Test (best @ epoch 1): acc=0.1667, bal_acc=0.1111

============================================================
Global Results (5-Fold, subject-level CV)
Mode: FT | Extractor: reve | Loss: focal
============================================================
              acc: 0.6429
          bal_acc: 0.6563
               f1: 0.6537
            kappa: 0.2786
  Total predictions: 70 (should equal dataset size: 70)

Results saved to results/hp_sweep/20260409_main/reve/reve_encoderlrscale0.1_lr1e-4_s42/
