CMD: /raid/jupyter-linjimmy1003.md10/.conda/envs/stress/bin/python train_ft.py --extractor reve --seed 42 --device cuda:4 --run-id hp_sweep/20260409_main/reve/reve_encoderlrscale1_lr3e-5_s42 --mode ft --folds 5 --epochs 100 --patience 20 --batch-size 32 --label subject-dass --loss focal --head-hidden 128 --csv data/comprehensive_labels.csv --weight-decay 0.05 --grad-clip 2.0 --warmup-epochs 3 --aug-overlap 0.75 --norm none --encoder-lr-scale 1.0 --lr 3e-05

/raid/jupyter-linjimmy1003.md10/.conda/envs/stress/lib/python3.11/site-packages/timm/models/layers/__init__.py:49: FutureWarning: Importing from timm.models.layers is deprecated, please import via timm.layers
  warnings.warn(f"Importing from {__name__} is deprecated, please import via timm.layers", FutureWarning)
Mode: FT | Extractor: reve | Folds: 5
LR: 3e-05 | WD: 0.05 | Beta2: 0.999 | Grad clip: 2.0
Head: hidden=128, dropout=0.0 | Norm: none | Loss: focal
Full FT: encoder_lr_scale=1.0
Augmentation: 75% overlap for increase class

Results → results/hp_sweep/20260409_main/reve/reve_encoderlrscale1_lr3e-5_s42/
Dataset: 70 recordings loaded (14 increase, 56 normal)
Cache: 70 recordings ready (70 cached, 0 new)
Subject-DASS labels: increase=23 (5 subjects), normal=47

============================================================
Fold 1/5
============================================================
  Train:  43 samples, 10 subjects [2, 3, 5, 6, 7, 9, 11, 13, 17, 18], label_0=28, label_1=15
    Val:  13 samples,  3 subjects [4, 8, 10], label_0=10, label_1=3
   Test:  14 samples,  4 subjects [1, 12, 14, 16], label_0=9, label_1=5
  Building window datasets...
    WindowDataset: 3229 windows (class_0=1022, class_1=2207)
    WindowDataset: 446 windows (class_0=316, class_1=130)
    WindowDataset: 727 windows (class_0=570, class_1=157)
[PosBank] Loaded 543 positions from weights/reve-positions
[REVE] Loaded 140/140 encoder params from weights/reve-base/model.safetensors
  Trainable parameters: 69,321,347
  Class weights: [1.5797456502914429, 0.7315360307693481]
  Fold 1 | Ep   1/100 | t_loss=0.2430 t_acc=0.598 | v_win_bal=0.776 v_rec_bal=0.833 | lr=1.0e-05 | 18.0s
  Fold 1 | Ep   2/100 | t_loss=0.0815 t_acc=0.873 | v_win_bal=0.859 v_rec_bal=0.833 | lr=2.0e-05 | 13.9s
  Fold 1 | Ep   3/100 | t_loss=0.0118 t_acc=0.988 | v_win_bal=0.785 v_rec_bal=0.617 | lr=3.0e-05 | 14.6s
  Fold 1 | Ep   4/100 | t_loss=0.0034 t_acc=0.997 | v_win_bal=0.796 v_rec_bal=0.667 | lr=3.0e-05 | 15.3s
  Fold 1 | Ep   5/100 | t_loss=0.0020 t_acc=0.997 | v_win_bal=0.775 v_rec_bal=0.617 | lr=3.0e-05 | 17.6s
  Fold 1 | Ep   6/100 | t_loss=0.0003 t_acc=1.000 | v_win_bal=0.777 v_rec_bal=0.667 | lr=3.0e-05 | 14.7s
  Fold 1 | Ep   7/100 | t_loss=0.0000 t_acc=1.000 | v_win_bal=0.788 v_rec_bal=0.617 | lr=3.0e-05 | 15.0s
  Fold 1 | Ep   8/100 | t_loss=0.0000 t_acc=1.000 | v_win_bal=0.780 v_rec_bal=0.617 | lr=3.0e-05 | 24.1s
  Fold 1 | Ep   9/100 | t_loss=0.0000 t_acc=1.000 | v_win_bal=0.776 v_rec_bal=0.617 | lr=3.0e-05 | 14.8s
  Fold 1 | Ep  10/100 | t_loss=0.0000 t_acc=1.000 | v_win_bal=0.778 v_rec_bal=0.617 | lr=3.0e-05 | 14.0s
  Fold 1 | Ep  11/100 | t_loss=0.0000 t_acc=1.000 | v_win_bal=0.780 v_rec_bal=0.617 | lr=2.9e-05 | 25.8s
  Fold 1 | Ep  12/100 | t_loss=0.0000 t_acc=1.000 | v_win_bal=0.780 v_rec_bal=0.617 | lr=2.9e-05 | 16.6s
  Fold 1 | Ep  13/100 | t_loss=0.0000 t_acc=1.000 | v_win_bal=0.779 v_rec_bal=0.617 | lr=2.9e-05 | 16.5s
  Fold 1 | Ep  14/100 | t_loss=0.0000 t_acc=1.000 | v_win_bal=0.779 v_rec_bal=0.617 | lr=2.9e-05 | 14.5s
  Fold 1 | Ep  15/100 | t_loss=0.0000 t_acc=1.000 | v_win_bal=0.777 v_rec_bal=0.617 | lr=2.9e-05 | 13.8s
  Fold 1 | Ep  16/100 | t_loss=0.0000 t_acc=1.000 | v_win_bal=0.775 v_rec_bal=0.617 | lr=2.9e-05 | 14.4s
  Fold 1 | Ep  17/100 | t_loss=0.0000 t_acc=1.000 | v_win_bal=0.775 v_rec_bal=0.617 | lr=2.8e-05 | 15.7s
  Fold 1 | Ep  18/100 | t_loss=0.0000 t_acc=1.000 | v_win_bal=0.775 v_rec_bal=0.617 | lr=2.8e-05 | 15.8s
  Fold 1 | Ep  19/100 | t_loss=0.0000 t_acc=1.000 | v_win_bal=0.774 v_rec_bal=0.617 | lr=2.8e-05 | 15.4s
  Fold 1 | Ep  20/100 | t_loss=0.0000 t_acc=1.000 | v_win_bal=0.774 v_rec_bal=0.617 | lr=2.8e-05 | 16.1s
  Fold 1 | Ep  21/100 | t_loss=0.0000 t_acc=1.000 | v_win_bal=0.774 v_rec_bal=0.617 | lr=2.8e-05 | 17.7s
  Early stop at epoch 21
  -> Test (best @ epoch 1): acc=0.9286, bal_acc=0.9444

============================================================
Fold 2/5
============================================================
  Train:  43 samples, 10 subjects [3, 4, 6, 7, 11, 13, 14, 16, 17, 18], label_0=28, label_1=15
    Val:  14 samples,  4 subjects [1, 2, 9, 12], label_0=9, label_1=5
   Test:  13 samples,  3 subjects [5, 8, 10], label_0=10, label_1=3
  Building window datasets...
    WindowDataset: 3283 windows (class_0=1076, class_1=2207)
    WindowDataset: 666 windows (class_0=509, class_1=157)
    WindowDataset: 453 windows (class_0=323, class_1=130)
[PosBank] Loaded 543 positions from weights/reve-positions
[REVE] Loaded 140/140 encoder params from weights/reve-base/model.safetensors
  Fold 2 | Ep   1/100 | t_loss=0.2045 t_acc=0.658 | v_win_bal=0.807 v_rec_bal=0.844 | lr=1.0e-05 | 22.6s
  Fold 2 | Ep   2/100 | t_loss=0.0434 t_acc=0.947 | v_win_bal=0.826 v_rec_bal=0.889 | lr=2.0e-05 | 16.7s
  Fold 2 | Ep   3/100 | t_loss=0.0063 t_acc=0.994 | v_win_bal=0.834 v_rec_bal=0.844 | lr=3.0e-05 | 15.5s
  Fold 2 | Ep   4/100 | t_loss=0.0048 t_acc=0.995 | v_win_bal=0.826 v_rec_bal=0.889 | lr=3.0e-05 | 14.3s
  Fold 2 | Ep   5/100 | t_loss=0.0016 t_acc=0.998 | v_win_bal=0.797 v_rec_bal=0.944 | lr=3.0e-05 | 17.4s
  Fold 2 | Ep   6/100 | t_loss=0.0002 t_acc=1.000 | v_win_bal=0.821 v_rec_bal=0.789 | lr=3.0e-05 | 28.5s
  Fold 2 | Ep   7/100 | t_loss=0.0000 t_acc=1.000 | v_win_bal=0.818 v_rec_bal=0.889 | lr=3.0e-05 | 15.3s
  Fold 2 | Ep   8/100 | t_loss=0.0000 t_acc=1.000 | v_win_bal=0.824 v_rec_bal=0.889 | lr=3.0e-05 | 15.4s
  Fold 2 | Ep   9/100 | t_loss=0.0000 t_acc=1.000 | v_win_bal=0.826 v_rec_bal=0.889 | lr=3.0e-05 | 19.1s
  Fold 2 | Ep  10/100 | t_loss=0.0000 t_acc=1.000 | v_win_bal=0.823 v_rec_bal=0.789 | lr=3.0e-05 | 16.2s
  Fold 2 | Ep  11/100 | t_loss=0.0000 t_acc=1.000 | v_win_bal=0.823 v_rec_bal=0.789 | lr=2.9e-05 | 25.1s
  Fold 2 | Ep  12/100 | t_loss=0.0000 t_acc=1.000 | v_win_bal=0.830 v_rec_bal=0.789 | lr=2.9e-05 | 17.8s
  Fold 2 | Ep  13/100 | t_loss=0.0000 t_acc=1.000 | v_win_bal=0.830 v_rec_bal=0.789 | lr=2.9e-05 | 18.2s
  Fold 2 | Ep  14/100 | t_loss=0.0000 t_acc=1.000 | v_win_bal=0.830 v_rec_bal=0.789 | lr=2.9e-05 | 17.9s
  Fold 2 | Ep  15/100 | t_loss=0.0000 t_acc=1.000 | v_win_bal=0.826 v_rec_bal=0.789 | lr=2.9e-05 | 14.2s
  Fold 2 | Ep  16/100 | t_loss=0.0000 t_acc=1.000 | v_win_bal=0.830 v_rec_bal=0.789 | lr=2.9e-05 | 15.6s
  Fold 2 | Ep  17/100 | t_loss=0.0000 t_acc=1.000 | v_win_bal=0.826 v_rec_bal=0.789 | lr=2.8e-05 | 32.5s
  Fold 2 | Ep  18/100 | t_loss=0.0000 t_acc=1.000 | v_win_bal=0.831 v_rec_bal=0.789 | lr=2.8e-05 | 16.0s
  Fold 2 | Ep  19/100 | t_loss=0.0000 t_acc=1.000 | v_win_bal=0.830 v_rec_bal=0.789 | lr=2.8e-05 | 15.8s
  Fold 2 | Ep  20/100 | t_loss=0.0000 t_acc=1.000 | v_win_bal=0.830 v_rec_bal=0.789 | lr=2.8e-05 | 15.8s
  Fold 2 | Ep  21/100 | t_loss=0.0000 t_acc=1.000 | v_win_bal=0.831 v_rec_bal=0.789 | lr=2.8e-05 | 30.4s
  Fold 2 | Ep  22/100 | t_loss=0.0000 t_acc=1.000 | v_win_bal=0.832 v_rec_bal=0.844 | lr=2.7e-05 | 15.5s
  Fold 2 | Ep  23/100 | t_loss=0.0000 t_acc=1.000 | v_win_bal=0.832 v_rec_bal=0.844 | lr=2.7e-05 | 15.3s
  Fold 2 | Ep  24/100 | t_loss=0.0000 t_acc=1.000 | v_win_bal=0.832 v_rec_bal=0.844 | lr=2.7e-05 | 14.5s
  Fold 2 | Ep  25/100 | t_loss=0.0000 t_acc=1.000 | v_win_bal=0.832 v_rec_bal=0.844 | lr=2.6e-05 | 13.9s
  Early stop at epoch 25
  -> Test (best @ epoch 5): acc=0.4615, bal_acc=0.5333

============================================================
Fold 3/5
============================================================
  Train:  40 samples, 10 subjects [4, 5, 8, 9, 10, 11, 13, 16, 17, 18], label_0=28, label_1=12
    Val:  14 samples,  4 subjects [1, 2, 12, 14], label_0=9, label_1=5
   Test:  16 samples,  3 subjects [3, 6, 7], label_0=10, label_1=6
  Building window datasets...
    WindowDataset: 3053 windows (class_0=1049, class_1=2004)
    WindowDataset: 724 windows (class_0=567, class_1=157)
    WindowDataset: 475 windows (class_0=292, class_1=183)
[PosBank] Loaded 543 positions from weights/reve-positions
[REVE] Loaded 140/140 encoder params from weights/reve-base/model.safetensors
  Fold 3 | Ep   1/100 | t_loss=0.2336 t_acc=0.592 | v_win_bal=0.718 v_rec_bal=0.744 | lr=1.0e-05 | 13.9s
  Fold 3 | Ep   2/100 | t_loss=0.0622 t_acc=0.910 | v_win_bal=0.902 v_rec_bal=0.944 | lr=2.0e-05 | 17.0s
  Fold 3 | Ep   3/100 | t_loss=0.0065 t_acc=0.993 | v_win_bal=0.894 v_rec_bal=0.944 | lr=3.0e-05 | 16.3s
  Fold 3 | Ep   4/100 | t_loss=0.0004 t_acc=1.000 | v_win_bal=0.798 v_rec_bal=0.744 | lr=3.0e-05 | 15.8s
  Fold 3 | Ep   5/100 | t_loss=0.0001 t_acc=1.000 | v_win_bal=0.875 v_rec_bal=0.944 | lr=3.0e-05 | 13.5s
  Fold 3 | Ep   6/100 | t_loss=0.0000 t_acc=1.000 | v_win_bal=0.876 v_rec_bal=0.944 | lr=3.0e-05 | 15.6s
  Fold 3 | Ep   7/100 | t_loss=0.0000 t_acc=1.000 | v_win_bal=0.879 v_rec_bal=0.944 | lr=3.0e-05 | 14.4s
  Fold 3 | Ep   8/100 | t_loss=0.0000 t_acc=1.000 | v_win_bal=0.876 v_rec_bal=0.944 | lr=3.0e-05 | 15.4s
  Fold 3 | Ep   9/100 | t_loss=0.0000 t_acc=1.000 | v_win_bal=0.878 v_rec_bal=0.944 | lr=3.0e-05 | 14.0s
  Fold 3 | Ep  10/100 | t_loss=0.0000 t_acc=1.000 | v_win_bal=0.877 v_rec_bal=0.944 | lr=3.0e-05 | 14.1s
  Fold 3 | Ep  11/100 | t_loss=0.0000 t_acc=1.000 | v_win_bal=0.877 v_rec_bal=0.944 | lr=2.9e-05 | 13.4s
  Fold 3 | Ep  12/100 | t_loss=0.0000 t_acc=1.000 | v_win_bal=0.877 v_rec_bal=0.944 | lr=2.9e-05 | 13.8s
  Fold 3 | Ep  13/100 | t_loss=0.0000 t_acc=1.000 | v_win_bal=0.877 v_rec_bal=0.944 | lr=2.9e-05 | 14.5s
  Fold 3 | Ep  14/100 | t_loss=0.0000 t_acc=1.000 | v_win_bal=0.877 v_rec_bal=0.944 | lr=2.9e-05 | 18.1s
  Fold 3 | Ep  15/100 | t_loss=0.0000 t_acc=1.000 | v_win_bal=0.877 v_rec_bal=0.944 | lr=2.9e-05 | 16.3s
  Fold 3 | Ep  16/100 | t_loss=0.0000 t_acc=1.000 | v_win_bal=0.876 v_rec_bal=0.944 | lr=2.9e-05 | 13.3s
  Fold 3 | Ep  17/100 | t_loss=0.0000 t_acc=1.000 | v_win_bal=0.875 v_rec_bal=0.944 | lr=2.8e-05 | 14.7s
  Fold 3 | Ep  18/100 | t_loss=0.0000 t_acc=1.000 | v_win_bal=0.876 v_rec_bal=0.944 | lr=2.8e-05 | 14.0s
  Fold 3 | Ep  19/100 | t_loss=0.0000 t_acc=1.000 | v_win_bal=0.876 v_rec_bal=0.944 | lr=2.8e-05 | 14.0s
  Fold 3 | Ep  20/100 | t_loss=0.0000 t_acc=1.000 | v_win_bal=0.876 v_rec_bal=0.944 | lr=2.8e-05 | 17.0s
  Fold 3 | Ep  21/100 | t_loss=0.0000 t_acc=1.000 | v_win_bal=0.876 v_rec_bal=0.944 | lr=2.8e-05 | 16.2s
  Fold 3 | Ep  22/100 | t_loss=0.0000 t_acc=1.000 | v_win_bal=0.876 v_rec_bal=0.944 | lr=2.7e-05 | 13.6s
  Fold 3 | Ep  23/100 | t_loss=0.0000 t_acc=1.000 | v_win_bal=0.876 v_rec_bal=0.944 | lr=2.7e-05 | 14.9s
  Fold 3 | Ep  24/100 | t_loss=0.0000 t_acc=1.000 | v_win_bal=0.875 v_rec_bal=0.944 | lr=2.7e-05 | 15.4s
  Fold 3 | Ep  25/100 | t_loss=0.0000 t_acc=1.000 | v_win_bal=0.875 v_rec_bal=0.944 | lr=2.6e-05 | 14.8s
  Fold 3 | Ep  26/100 | t_loss=0.0000 t_acc=1.000 | v_win_bal=0.876 v_rec_bal=0.944 | lr=2.6e-05 | 14.7s
  Fold 3 | Ep  27/100 | t_loss=0.0000 t_acc=1.000 | v_win_bal=0.874 v_rec_bal=0.944 | lr=2.6e-05 | 19.2s
  Early stop at epoch 27
  -> Test (best @ epoch 2): acc=0.6875, bal_acc=0.6500

============================================================
Fold 4/5
============================================================
  Train:  39 samples, 11 subjects [1, 2, 4, 5, 8, 9, 10, 12, 14, 16, 17], label_0=28, label_1=11
    Val:  16 samples,  3 subjects [3, 6, 7], label_0=10, label_1=6
   Test:  15 samples,  3 subjects [11, 13, 18], label_0=9, label_1=6
  Building window datasets...
    WindowDataset: 2705 windows (class_0=1222, class_1=1483)
    WindowDataset: 475 windows (class_0=292, class_1=183)
    WindowDataset: 682 windows (class_0=394, class_1=288)
[PosBank] Loaded 543 positions from weights/reve-positions
[REVE] Loaded 140/140 encoder params from weights/reve-base/model.safetensors
  Fold 4 | Ep   1/100 | t_loss=0.2147 t_acc=0.627 | v_win_bal=0.650 v_rec_bal=0.767 | lr=1.0e-05 | 13.0s
  Fold 4 | Ep   2/100 | t_loss=0.0502 t_acc=0.929 | v_win_bal=0.440 v_rec_bal=0.433 | lr=2.0e-05 | 12.6s
  Fold 4 | Ep   3/100 | t_loss=0.0035 t_acc=0.996 | v_win_bal=0.380 v_rec_bal=0.300 | lr=3.0e-05 | 10.7s
  Fold 4 | Ep   4/100 | t_loss=0.0002 t_acc=1.000 | v_win_bal=0.362 v_rec_bal=0.350 | lr=3.0e-05 | 13.7s
  Fold 4 | Ep   5/100 | t_loss=0.0001 t_acc=1.000 | v_win_bal=0.363 v_rec_bal=0.300 | lr=3.0e-05 | 11.9s
  Fold 4 | Ep   6/100 | t_loss=0.0000 t_acc=1.000 | v_win_bal=0.351 v_rec_bal=0.300 | lr=3.0e-05 | 12.4s
  Fold 4 | Ep   7/100 | t_loss=0.0000 t_acc=1.000 | v_win_bal=0.352 v_rec_bal=0.300 | lr=3.0e-05 | 12.0s
  Fold 4 | Ep   8/100 | t_loss=0.0000 t_acc=1.000 | v_win_bal=0.353 v_rec_bal=0.300 | lr=3.0e-05 | 10.9s
  Fold 4 | Ep   9/100 | t_loss=0.0000 t_acc=1.000 | v_win_bal=0.356 v_rec_bal=0.300 | lr=3.0e-05 | 11.2s
  Fold 4 | Ep  10/100 | t_loss=0.0000 t_acc=1.000 | v_win_bal=0.356 v_rec_bal=0.300 | lr=3.0e-05 | 12.2s
  Fold 4 | Ep  11/100 | t_loss=0.0000 t_acc=1.000 | v_win_bal=0.354 v_rec_bal=0.300 | lr=2.9e-05 | 12.3s
  Fold 4 | Ep  12/100 | t_loss=0.0000 t_acc=1.000 | v_win_bal=0.353 v_rec_bal=0.300 | lr=2.9e-05 | 11.3s
  Fold 4 | Ep  13/100 | t_loss=0.0000 t_acc=1.000 | v_win_bal=0.354 v_rec_bal=0.300 | lr=2.9e-05 | 11.3s
  Fold 4 | Ep  14/100 | t_loss=0.0000 t_acc=1.000 | v_win_bal=0.353 v_rec_bal=0.300 | lr=2.9e-05 | 14.2s
  Fold 4 | Ep  15/100 | t_loss=0.0000 t_acc=1.000 | v_win_bal=0.353 v_rec_bal=0.300 | lr=2.9e-05 | 11.7s
  Fold 4 | Ep  16/100 | t_loss=0.0000 t_acc=1.000 | v_win_bal=0.351 v_rec_bal=0.300 | lr=2.9e-05 | 11.8s
  Fold 4 | Ep  17/100 | t_loss=0.0000 t_acc=1.000 | v_win_bal=0.351 v_rec_bal=0.300 | lr=2.8e-05 | 12.4s
  Fold 4 | Ep  18/100 | t_loss=0.0000 t_acc=1.000 | v_win_bal=0.353 v_rec_bal=0.300 | lr=2.8e-05 | 11.8s
  Fold 4 | Ep  19/100 | t_loss=0.0000 t_acc=1.000 | v_win_bal=0.352 v_rec_bal=0.300 | lr=2.8e-05 | 13.4s
  Fold 4 | Ep  20/100 | t_loss=0.0000 t_acc=1.000 | v_win_bal=0.351 v_rec_bal=0.300 | lr=2.8e-05 | 13.2s
  Fold 4 | Ep  21/100 | t_loss=0.0000 t_acc=1.000 | v_win_bal=0.349 v_rec_bal=0.300 | lr=2.8e-05 | 12.3s
  Early stop at epoch 21
  -> Test (best @ epoch 1): acc=0.8667, bal_acc=0.8889

============================================================
Fold 5/5
============================================================
  Train:  44 samples,  9 subjects [3, 5, 6, 7, 8, 10, 11, 13, 18], label_0=29, label_1=15
    Val:  14 samples,  4 subjects [1, 12, 14, 16], label_0=9, label_1=5
   Test:  12 samples,  4 subjects [2, 4, 9, 17], label_0=9, label_1=3
  Building window datasets...
    WindowDataset: 3368 windows (class_0=1009, class_1=2359)
    WindowDataset: 727 windows (class_0=570, class_1=157)
    WindowDataset: 421 windows (class_0=329, class_1=92)
[PosBank] Loaded 543 positions from weights/reve-positions
[REVE] Loaded 140/140 encoder params from weights/reve-base/model.safetensors
  Fold 5 | Ep   1/100 | t_loss=0.1842 t_acc=0.639 | v_win_bal=0.842 v_rec_bal=0.944 | lr=1.0e-05 | 16.8s
  Fold 5 | Ep   2/100 | t_loss=0.0664 t_acc=0.893 | v_win_bal=0.834 v_rec_bal=0.844 | lr=2.0e-05 | 14.0s
  Fold 5 | Ep   3/100 | t_loss=0.0176 t_acc=0.978 | v_win_bal=0.859 v_rec_bal=0.900 | lr=3.0e-05 | 16.4s
  Fold 5 | Ep   4/100 | t_loss=0.0029 t_acc=0.997 | v_win_bal=0.882 v_rec_bal=0.889 | lr=3.0e-05 | 15.8s
  Fold 5 | Ep   5/100 | t_loss=0.0002 t_acc=1.000 | v_win_bal=0.876 v_rec_bal=0.889 | lr=3.0e-05 | 15.4s
  Fold 5 | Ep   6/100 | t_loss=0.0001 t_acc=1.000 | v_win_bal=0.884 v_rec_bal=0.889 | lr=3.0e-05 | 18.5s
  Fold 5 | Ep   7/100 | t_loss=0.0000 t_acc=1.000 | v_win_bal=0.886 v_rec_bal=0.889 | lr=3.0e-05 | 15.8s
  Fold 5 | Ep   8/100 | t_loss=0.0000 t_acc=1.000 | v_win_bal=0.886 v_rec_bal=0.889 | lr=3.0e-05 | 16.4s
  Fold 5 | Ep   9/100 | t_loss=0.0000 t_acc=1.000 | v_win_bal=0.885 v_rec_bal=0.889 | lr=3.0e-05 | 15.4s
  Fold 5 | Ep  10/100 | t_loss=0.0000 t_acc=1.000 | v_win_bal=0.885 v_rec_bal=0.889 | lr=3.0e-05 | 23.2s
  Fold 5 | Ep  11/100 | t_loss=0.0000 t_acc=1.000 | v_win_bal=0.885 v_rec_bal=0.889 | lr=2.9e-05 | 18.6s
  Fold 5 | Ep  12/100 | t_loss=0.0000 t_acc=1.000 | v_win_bal=0.886 v_rec_bal=0.889 | lr=2.9e-05 | 16.2s
  Fold 5 | Ep  13/100 | t_loss=0.0000 t_acc=1.000 | v_win_bal=0.886 v_rec_bal=0.889 | lr=2.9e-05 | 14.4s
  Fold 5 | Ep  14/100 | t_loss=0.0000 t_acc=1.000 | v_win_bal=0.885 v_rec_bal=0.889 | lr=2.9e-05 | 16.3s
  Fold 5 | Ep  15/100 | t_loss=0.0000 t_acc=1.000 | v_win_bal=0.885 v_rec_bal=0.889 | lr=2.9e-05 | 15.0s
  Fold 5 | Ep  16/100 | t_loss=0.0000 t_acc=1.000 | v_win_bal=0.886 v_rec_bal=0.889 | lr=2.9e-05 | 15.5s
  Fold 5 | Ep  17/100 | t_loss=0.0000 t_acc=1.000 | v_win_bal=0.886 v_rec_bal=0.889 | lr=2.8e-05 | 15.2s
  Fold 5 | Ep  18/100 | t_loss=0.0000 t_acc=1.000 | v_win_bal=0.889 v_rec_bal=0.889 | lr=2.8e-05 | 17.2s
  Fold 5 | Ep  19/100 | t_loss=0.0000 t_acc=1.000 | v_win_bal=0.889 v_rec_bal=0.889 | lr=2.8e-05 | 15.4s
  Fold 5 | Ep  20/100 | t_loss=0.0000 t_acc=1.000 | v_win_bal=0.889 v_rec_bal=0.889 | lr=2.8e-05 | 16.0s
  Fold 5 | Ep  21/100 | t_loss=0.0000 t_acc=1.000 | v_win_bal=0.889 v_rec_bal=0.889 | lr=2.8e-05 | 14.8s
  Early stop at epoch 21
  -> Test (best @ epoch 1): acc=0.5000, bal_acc=0.4444

============================================================
Global Results (5-Fold, subject-level CV)
Mode: FT | Extractor: reve | Loss: focal
============================================================
              acc: 0.7000
          bal_acc: 0.7100
               f1: 0.7087
            kappa: 0.3818
  Total predictions: 70 (should equal dataset size: 70)

Results saved to results/hp_sweep/20260409_main/reve/reve_encoderlrscale1_lr3e-5_s42/
