CMD: /raid/jupyter-linjimmy1003.md10/.conda/envs/stress/bin/python train_ft.py --extractor reve --seed 42 --device cuda:3 --run-id hp_sweep/20260409_main/reve/reve_encoderlrscale1_lr1e-4_s42 --mode ft --folds 5 --epochs 100 --patience 20 --batch-size 32 --label subject-dass --loss focal --head-hidden 128 --csv data/comprehensive_labels.csv --weight-decay 0.05 --grad-clip 2.0 --warmup-epochs 3 --aug-overlap 0.75 --norm none --encoder-lr-scale 1.0 --lr 0.0001

/raid/jupyter-linjimmy1003.md10/.conda/envs/stress/lib/python3.11/site-packages/timm/models/layers/__init__.py:49: FutureWarning: Importing from timm.models.layers is deprecated, please import via timm.layers
  warnings.warn(f"Importing from {__name__} is deprecated, please import via timm.layers", FutureWarning)
Mode: FT | Extractor: reve | Folds: 5
LR: 0.0001 | WD: 0.05 | Beta2: 0.999 | Grad clip: 2.0
Head: hidden=128, dropout=0.0 | Norm: none | Loss: focal
Full FT: encoder_lr_scale=1.0
Augmentation: 75% overlap for increase class

Results → results/hp_sweep/20260409_main/reve/reve_encoderlrscale1_lr1e-4_s42/
Dataset: 70 recordings loaded (14 increase, 56 normal)
Cache: 70 recordings ready (70 cached, 0 new)
Subject-DASS labels: increase=23 (5 subjects), normal=47

============================================================
Fold 1/5
============================================================
  Train:  43 samples, 10 subjects [2, 3, 5, 6, 7, 9, 11, 13, 17, 18], label_0=28, label_1=15
    Val:  13 samples,  3 subjects [4, 8, 10], label_0=10, label_1=3
   Test:  14 samples,  4 subjects [1, 12, 14, 16], label_0=9, label_1=5
  Building window datasets...
    WindowDataset: 3229 windows (class_0=1022, class_1=2207)
    WindowDataset: 446 windows (class_0=316, class_1=130)
    WindowDataset: 727 windows (class_0=570, class_1=157)
[PosBank] Loaded 543 positions from weights/reve-positions
[REVE] Loaded 140/140 encoder params from weights/reve-base/model.safetensors
  Trainable parameters: 69,321,347
  Class weights: [1.5797456502914429, 0.7315360307693481]
  Fold 1 | Ep   1/100 | t_loss=0.1861 t_acc=0.698 | v_win_bal=0.829 v_rec_bal=0.833 | lr=3.3e-05 | 15.3s
  Fold 1 | Ep   2/100 | t_loss=0.0288 t_acc=0.963 | v_win_bal=0.775 v_rec_bal=0.733 | lr=6.7e-05 | 15.7s
  Fold 1 | Ep   3/100 | t_loss=0.0077 t_acc=0.990 | v_win_bal=0.839 v_rec_bal=0.833 | lr=1.0e-04 | 13.2s
  Fold 1 | Ep   4/100 | t_loss=0.0219 t_acc=0.985 | v_win_bal=0.675 v_rec_bal=0.500 | lr=1.0e-04 | 13.0s
  Fold 1 | Ep   5/100 | t_loss=0.0119 t_acc=0.989 | v_win_bal=0.784 v_rec_bal=0.633 | lr=1.0e-04 | 14.0s
  Fold 1 | Ep   6/100 | t_loss=0.0005 t_acc=0.999 | v_win_bal=0.739 v_rec_bal=0.633 | lr=1.0e-04 | 12.8s
  Fold 1 | Ep   7/100 | t_loss=0.0006 t_acc=0.999 | v_win_bal=0.702 v_rec_bal=0.583 | lr=1.0e-04 | 12.8s
  Fold 1 | Ep   8/100 | t_loss=0.0053 t_acc=0.998 | v_win_bal=0.797 v_rec_bal=0.633 | lr=9.9e-05 | 13.6s
  Fold 1 | Ep   9/100 | t_loss=0.0011 t_acc=0.999 | v_win_bal=0.762 v_rec_bal=0.633 | lr=9.9e-05 | 12.9s
  Fold 1 | Ep  10/100 | t_loss=0.0020 t_acc=0.999 | v_win_bal=0.687 v_rec_bal=0.583 | lr=9.9e-05 | 12.9s
  Fold 1 | Ep  11/100 | t_loss=0.0057 t_acc=0.997 | v_win_bal=0.733 v_rec_bal=0.667 | lr=9.8e-05 | 13.4s
  Fold 1 | Ep  12/100 | t_loss=0.0152 t_acc=0.991 | v_win_bal=0.756 v_rec_bal=0.633 | lr=9.8e-05 | 12.7s
  Fold 1 | Ep  13/100 | t_loss=0.0090 t_acc=0.996 | v_win_bal=0.781 v_rec_bal=0.633 | lr=9.7e-05 | 13.1s
  Fold 1 | Ep  14/100 | t_loss=0.0024 t_acc=0.999 | v_win_bal=0.784 v_rec_bal=0.617 | lr=9.7e-05 | 13.5s
  Fold 1 | Ep  15/100 | t_loss=0.0011 t_acc=0.998 | v_win_bal=0.752 v_rec_bal=0.683 | lr=9.6e-05 | 17.1s
  Fold 1 | Ep  16/100 | t_loss=0.0000 t_acc=1.000 | v_win_bal=0.789 v_rec_bal=0.733 | lr=9.6e-05 | 13.3s
  Fold 1 | Ep  17/100 | t_loss=0.0000 t_acc=1.000 | v_win_bal=0.790 v_rec_bal=0.733 | lr=9.5e-05 | 12.7s
  Fold 1 | Ep  18/100 | t_loss=0.0000 t_acc=1.000 | v_win_bal=0.790 v_rec_bal=0.733 | lr=9.4e-05 | 13.9s
  Fold 1 | Ep  19/100 | t_loss=0.0000 t_acc=1.000 | v_win_bal=0.790 v_rec_bal=0.733 | lr=9.3e-05 | 12.5s
  Fold 1 | Ep  20/100 | t_loss=0.0000 t_acc=1.000 | v_win_bal=0.790 v_rec_bal=0.733 | lr=9.3e-05 | 13.2s
  Fold 1 | Ep  21/100 | t_loss=0.0000 t_acc=1.000 | v_win_bal=0.789 v_rec_bal=0.733 | lr=9.2e-05 | 12.9s
  Early stop at epoch 21
  -> Test (best @ epoch 1): acc=1.0000, bal_acc=1.0000

============================================================
Fold 2/5
============================================================
  Train:  43 samples, 10 subjects [3, 4, 6, 7, 11, 13, 14, 16, 17, 18], label_0=28, label_1=15
    Val:  14 samples,  4 subjects [1, 2, 9, 12], label_0=9, label_1=5
   Test:  13 samples,  3 subjects [5, 8, 10], label_0=10, label_1=3
  Building window datasets...
    WindowDataset: 3283 windows (class_0=1076, class_1=2207)
    WindowDataset: 666 windows (class_0=509, class_1=157)
    WindowDataset: 453 windows (class_0=323, class_1=130)
[PosBank] Loaded 543 positions from weights/reve-positions
[REVE] Loaded 140/140 encoder params from weights/reve-base/model.safetensors
  Fold 2 | Ep   1/100 | t_loss=0.1465 t_acc=0.759 | v_win_bal=0.837 v_rec_bal=0.944 | lr=3.3e-05 | 14.2s
  Fold 2 | Ep   2/100 | t_loss=0.0249 t_acc=0.966 | v_win_bal=0.812 v_rec_bal=0.889 | lr=6.7e-05 | 15.6s
  Fold 2 | Ep   3/100 | t_loss=0.0123 t_acc=0.983 | v_win_bal=0.825 v_rec_bal=0.789 | lr=1.0e-04 | 14.7s
  Fold 2 | Ep   4/100 | t_loss=0.0087 t_acc=0.989 | v_win_bal=0.676 v_rec_bal=0.544 | lr=1.0e-04 | 16.0s
  Fold 2 | Ep   5/100 | t_loss=0.0096 t_acc=0.988 | v_win_bal=0.882 v_rec_bal=0.944 | lr=1.0e-04 | 17.8s
  Fold 2 | Ep   6/100 | t_loss=0.0077 t_acc=0.994 | v_win_bal=0.812 v_rec_bal=0.744 | lr=1.0e-04 | 14.5s
  Fold 2 | Ep   7/100 | t_loss=0.0014 t_acc=0.998 | v_win_bal=0.849 v_rec_bal=0.844 | lr=1.0e-04 | 15.1s
  Fold 2 | Ep   8/100 | t_loss=0.0001 t_acc=1.000 | v_win_bal=0.881 v_rec_bal=0.844 | lr=9.9e-05 | 15.8s
  Fold 2 | Ep   9/100 | t_loss=0.0000 t_acc=1.000 | v_win_bal=0.881 v_rec_bal=0.844 | lr=9.9e-05 | 15.5s
  Fold 2 | Ep  10/100 | t_loss=0.0000 t_acc=1.000 | v_win_bal=0.884 v_rec_bal=0.844 | lr=9.9e-05 | 16.0s
  Fold 2 | Ep  11/100 | t_loss=0.0000 t_acc=1.000 | v_win_bal=0.887 v_rec_bal=0.944 | lr=9.8e-05 | 15.7s
  Fold 2 | Ep  12/100 | t_loss=0.0000 t_acc=1.000 | v_win_bal=0.888 v_rec_bal=0.944 | lr=9.8e-05 | 15.1s
  Fold 2 | Ep  13/100 | t_loss=0.0000 t_acc=1.000 | v_win_bal=0.891 v_rec_bal=0.944 | lr=9.7e-05 | 15.3s
  Fold 2 | Ep  14/100 | t_loss=0.0000 t_acc=1.000 | v_win_bal=0.891 v_rec_bal=0.944 | lr=9.7e-05 | 14.7s
  Fold 2 | Ep  15/100 | t_loss=0.0000 t_acc=1.000 | v_win_bal=0.891 v_rec_bal=0.944 | lr=9.6e-05 | 16.1s
  Fold 2 | Ep  16/100 | t_loss=0.0000 t_acc=1.000 | v_win_bal=0.891 v_rec_bal=0.944 | lr=9.6e-05 | 14.8s
  Fold 2 | Ep  17/100 | t_loss=0.0000 t_acc=1.000 | v_win_bal=0.893 v_rec_bal=0.944 | lr=9.5e-05 | 14.9s
  Fold 2 | Ep  18/100 | t_loss=0.0000 t_acc=1.000 | v_win_bal=0.892 v_rec_bal=0.944 | lr=9.4e-05 | 18.0s
  Fold 2 | Ep  19/100 | t_loss=0.0000 t_acc=1.000 | v_win_bal=0.890 v_rec_bal=0.944 | lr=9.3e-05 | 20.4s
  Fold 2 | Ep  20/100 | t_loss=0.0000 t_acc=1.000 | v_win_bal=0.890 v_rec_bal=0.944 | lr=9.3e-05 | 15.8s
  Fold 2 | Ep  21/100 | t_loss=0.0000 t_acc=1.000 | v_win_bal=0.890 v_rec_bal=0.944 | lr=9.2e-05 | 15.3s
  Early stop at epoch 21
  -> Test (best @ epoch 1): acc=0.6154, bal_acc=0.7500

============================================================
Fold 3/5
============================================================
  Train:  40 samples, 10 subjects [4, 5, 8, 9, 10, 11, 13, 16, 17, 18], label_0=28, label_1=12
    Val:  14 samples,  4 subjects [1, 2, 12, 14], label_0=9, label_1=5
   Test:  16 samples,  3 subjects [3, 6, 7], label_0=10, label_1=6
  Building window datasets...
    WindowDataset: 3053 windows (class_0=1049, class_1=2004)
    WindowDataset: 724 windows (class_0=567, class_1=157)
    WindowDataset: 475 windows (class_0=292, class_1=183)
[PosBank] Loaded 543 positions from weights/reve-positions
[REVE] Loaded 140/140 encoder params from weights/reve-base/model.safetensors
  Fold 3 | Ep   1/100 | t_loss=0.1462 t_acc=0.749 | v_win_bal=0.799 v_rec_bal=0.844 | lr=3.3e-05 | 16.8s
  Fold 3 | Ep   2/100 | t_loss=0.0176 t_acc=0.980 | v_win_bal=0.901 v_rec_bal=0.944 | lr=6.7e-05 | 15.5s
  Fold 3 | Ep   3/100 | t_loss=0.0107 t_acc=0.985 | v_win_bal=0.794 v_rec_bal=0.744 | lr=1.0e-04 | 14.4s
  Fold 3 | Ep   4/100 | t_loss=0.0070 t_acc=0.992 | v_win_bal=0.925 v_rec_bal=0.944 | lr=1.0e-04 | 13.1s
  Fold 3 | Ep   5/100 | t_loss=0.0023 t_acc=0.997 | v_win_bal=0.886 v_rec_bal=0.944 | lr=1.0e-04 | 13.8s
  Fold 3 | Ep   6/100 | t_loss=0.0088 t_acc=0.993 | v_win_bal=0.874 v_rec_bal=0.944 | lr=1.0e-04 | 13.6s
  Fold 3 | Ep   7/100 | t_loss=0.0093 t_acc=0.991 | v_win_bal=0.941 v_rec_bal=0.944 | lr=1.0e-04 | 13.7s
  Fold 3 | Ep   8/100 | t_loss=0.0076 t_acc=0.995 | v_win_bal=0.852 v_rec_bal=0.744 | lr=9.9e-05 | 14.0s
  Fold 3 | Ep   9/100 | t_loss=0.0008 t_acc=0.999 | v_win_bal=0.909 v_rec_bal=0.944 | lr=9.9e-05 | 13.1s
  Fold 3 | Ep  10/100 | t_loss=0.0014 t_acc=0.998 | v_win_bal=0.913 v_rec_bal=0.944 | lr=9.9e-05 | 15.1s
  Fold 3 | Ep  11/100 | t_loss=0.0015 t_acc=0.998 | v_win_bal=0.914 v_rec_bal=0.944 | lr=9.8e-05 | 14.6s
  Fold 3 | Ep  12/100 | t_loss=0.0083 t_acc=0.994 | v_win_bal=0.866 v_rec_bal=0.844 | lr=9.8e-05 | 14.4s
  Fold 3 | Ep  13/100 | t_loss=0.0098 t_acc=0.990 | v_win_bal=0.873 v_rec_bal=0.844 | lr=9.7e-05 | 16.5s
  Fold 3 | Ep  14/100 | t_loss=0.0020 t_acc=0.998 | v_win_bal=0.930 v_rec_bal=0.944 | lr=9.7e-05 | 14.3s
  Fold 3 | Ep  15/100 | t_loss=0.0003 t_acc=0.999 | v_win_bal=0.929 v_rec_bal=0.944 | lr=9.6e-05 | 13.2s
  Fold 3 | Ep  16/100 | t_loss=0.0000 t_acc=1.000 | v_win_bal=0.923 v_rec_bal=0.944 | lr=9.6e-05 | 14.0s
  Fold 3 | Ep  17/100 | t_loss=0.0000 t_acc=1.000 | v_win_bal=0.923 v_rec_bal=0.944 | lr=9.5e-05 | 18.0s
  Fold 3 | Ep  18/100 | t_loss=0.0000 t_acc=1.000 | v_win_bal=0.923 v_rec_bal=0.944 | lr=9.4e-05 | 14.0s
  Fold 3 | Ep  19/100 | t_loss=0.0000 t_acc=1.000 | v_win_bal=0.923 v_rec_bal=0.944 | lr=9.3e-05 | 15.8s
  Fold 3 | Ep  20/100 | t_loss=0.0000 t_acc=1.000 | v_win_bal=0.923 v_rec_bal=0.944 | lr=9.3e-05 | 14.6s
  Fold 3 | Ep  21/100 | t_loss=0.0000 t_acc=1.000 | v_win_bal=0.923 v_rec_bal=0.944 | lr=9.2e-05 | 14.3s
  Fold 3 | Ep  22/100 | t_loss=0.0000 t_acc=1.000 | v_win_bal=0.920 v_rec_bal=0.944 | lr=9.1e-05 | 16.1s
  Fold 3 | Ep  23/100 | t_loss=0.0000 t_acc=1.000 | v_win_bal=0.923 v_rec_bal=0.944 | lr=9.0e-05 | 18.0s
  Fold 3 | Ep  24/100 | t_loss=0.0000 t_acc=1.000 | v_win_bal=0.927 v_rec_bal=0.944 | lr=8.9e-05 | 13.9s
  Fold 3 | Ep  25/100 | t_loss=0.0000 t_acc=1.000 | v_win_bal=0.923 v_rec_bal=0.944 | lr=8.8e-05 | 14.8s
  Fold 3 | Ep  26/100 | t_loss=0.0000 t_acc=1.000 | v_win_bal=0.928 v_rec_bal=0.944 | lr=8.7e-05 | 13.5s
  Early stop at epoch 26
  -> Test (best @ epoch 2): acc=0.6250, bal_acc=0.6000

============================================================
Fold 4/5
============================================================
  Train:  39 samples, 11 subjects [1, 2, 4, 5, 8, 9, 10, 12, 14, 16, 17], label_0=28, label_1=11
    Val:  16 samples,  3 subjects [3, 6, 7], label_0=10, label_1=6
   Test:  15 samples,  3 subjects [11, 13, 18], label_0=9, label_1=6
  Building window datasets...
    WindowDataset: 2705 windows (class_0=1222, class_1=1483)
    WindowDataset: 475 windows (class_0=292, class_1=183)
    WindowDataset: 682 windows (class_0=394, class_1=288)
[PosBank] Loaded 543 positions from weights/reve-positions
[REVE] Loaded 140/140 encoder params from weights/reve-base/model.safetensors
  Fold 4 | Ep   1/100 | t_loss=0.1380 t_acc=0.739 | v_win_bal=0.540 v_rec_bal=0.500 | lr=3.3e-05 | 13.3s
  Fold 4 | Ep   2/100 | t_loss=0.0137 t_acc=0.983 | v_win_bal=0.388 v_rec_bal=0.350 | lr=6.7e-05 | 11.6s
  Fold 4 | Ep   3/100 | t_loss=0.0035 t_acc=0.994 | v_win_bal=0.417 v_rec_bal=0.450 | lr=1.0e-04 | 13.1s
  Fold 4 | Ep   4/100 | t_loss=0.0081 t_acc=0.992 | v_win_bal=0.276 v_rec_bal=0.200 | lr=1.0e-04 | 11.3s
  Fold 4 | Ep   5/100 | t_loss=0.0060 t_acc=0.992 | v_win_bal=0.451 v_rec_bal=0.450 | lr=1.0e-04 | 13.2s
  Fold 4 | Ep   6/100 | t_loss=0.0002 t_acc=1.000 | v_win_bal=0.349 v_rec_bal=0.300 | lr=1.0e-04 | 12.1s
  Fold 4 | Ep   7/100 | t_loss=0.0000 t_acc=1.000 | v_win_bal=0.373 v_rec_bal=0.350 | lr=1.0e-04 | 12.0s
  Fold 4 | Ep   8/100 | t_loss=0.0000 t_acc=1.000 | v_win_bal=0.370 v_rec_bal=0.350 | lr=9.9e-05 | 12.0s
  Fold 4 | Ep   9/100 | t_loss=0.0000 t_acc=1.000 | v_win_bal=0.368 v_rec_bal=0.350 | lr=9.9e-05 | 12.2s
  Fold 4 | Ep  10/100 | t_loss=0.0000 t_acc=1.000 | v_win_bal=0.366 v_rec_bal=0.300 | lr=9.9e-05 | 12.1s
  Fold 4 | Ep  11/100 | t_loss=0.0000 t_acc=1.000 | v_win_bal=0.363 v_rec_bal=0.300 | lr=9.8e-05 | 12.4s
  Fold 4 | Ep  12/100 | t_loss=0.0000 t_acc=1.000 | v_win_bal=0.365 v_rec_bal=0.300 | lr=9.8e-05 | 15.4s
  Fold 4 | Ep  13/100 | t_loss=0.0000 t_acc=1.000 | v_win_bal=0.368 v_rec_bal=0.300 | lr=9.7e-05 | 13.2s
  Fold 4 | Ep  14/100 | t_loss=0.0000 t_acc=1.000 | v_win_bal=0.366 v_rec_bal=0.300 | lr=9.7e-05 | 14.0s
  Fold 4 | Ep  15/100 | t_loss=0.0000 t_acc=1.000 | v_win_bal=0.373 v_rec_bal=0.300 | lr=9.6e-05 | 12.5s
  Fold 4 | Ep  16/100 | t_loss=0.0000 t_acc=1.000 | v_win_bal=0.368 v_rec_bal=0.300 | lr=9.6e-05 | 12.3s
  Fold 4 | Ep  17/100 | t_loss=0.0000 t_acc=1.000 | v_win_bal=0.370 v_rec_bal=0.350 | lr=9.5e-05 | 12.6s
  Fold 4 | Ep  18/100 | t_loss=0.0000 t_acc=1.000 | v_win_bal=0.369 v_rec_bal=0.350 | lr=9.4e-05 | 11.7s
  Fold 4 | Ep  19/100 | t_loss=0.0000 t_acc=1.000 | v_win_bal=0.367 v_rec_bal=0.350 | lr=9.3e-05 | 12.7s
  Fold 4 | Ep  20/100 | t_loss=0.0000 t_acc=1.000 | v_win_bal=0.365 v_rec_bal=0.350 | lr=9.3e-05 | 12.8s
  Fold 4 | Ep  21/100 | t_loss=0.0000 t_acc=1.000 | v_win_bal=0.366 v_rec_bal=0.350 | lr=9.2e-05 | 11.4s
  Early stop at epoch 21
  -> Test (best @ epoch 1): acc=0.8000, bal_acc=0.7778

============================================================
Fold 5/5
============================================================
  Train:  44 samples,  9 subjects [3, 5, 6, 7, 8, 10, 11, 13, 18], label_0=29, label_1=15
    Val:  14 samples,  4 subjects [1, 12, 14, 16], label_0=9, label_1=5
   Test:  12 samples,  4 subjects [2, 4, 9, 17], label_0=9, label_1=3
  Building window datasets...
    WindowDataset: 3368 windows (class_0=1009, class_1=2359)
    WindowDataset: 727 windows (class_0=570, class_1=157)
    WindowDataset: 421 windows (class_0=329, class_1=92)
[PosBank] Loaded 543 positions from weights/reve-positions
[REVE] Loaded 140/140 encoder params from weights/reve-base/model.safetensors
  Fold 5 | Ep   1/100 | t_loss=0.1395 t_acc=0.750 | v_win_bal=0.842 v_rec_bal=0.900 | lr=3.3e-05 | 14.7s
  Fold 5 | Ep   2/100 | t_loss=0.0224 t_acc=0.971 | v_win_bal=0.854 v_rec_bal=0.833 | lr=6.7e-05 | 17.9s
  Fold 5 | Ep   3/100 | t_loss=0.0168 t_acc=0.980 | v_win_bal=0.820 v_rec_bal=0.889 | lr=1.0e-04 | 15.0s
  Fold 5 | Ep   4/100 | t_loss=0.0080 t_acc=0.993 | v_win_bal=0.858 v_rec_bal=0.889 | lr=1.0e-04 | 15.3s
  Fold 5 | Ep   5/100 | t_loss=0.0036 t_acc=0.996 | v_win_bal=0.854 v_rec_bal=0.844 | lr=1.0e-04 | 16.8s
  Fold 5 | Ep   6/100 | t_loss=0.0044 t_acc=0.995 | v_win_bal=0.855 v_rec_bal=0.833 | lr=1.0e-04 | 15.3s
  Fold 5 | Ep   7/100 | t_loss=0.0107 t_acc=0.992 | v_win_bal=0.819 v_rec_bal=0.733 | lr=1.0e-04 | 14.5s
  Fold 5 | Ep   8/100 | t_loss=0.0046 t_acc=0.997 | v_win_bal=0.872 v_rec_bal=0.889 | lr=9.9e-05 | 16.5s
  Fold 5 | Ep   9/100 | t_loss=0.0014 t_acc=0.999 | v_win_bal=0.853 v_rec_bal=0.844 | lr=9.9e-05 | 16.9s
  Fold 5 | Ep  10/100 | t_loss=0.0000 t_acc=1.000 | v_win_bal=0.851 v_rec_bal=0.844 | lr=9.9e-05 | 15.4s
  Fold 5 | Ep  11/100 | t_loss=0.0000 t_acc=1.000 | v_win_bal=0.856 v_rec_bal=0.844 | lr=9.8e-05 | 17.1s
  Fold 5 | Ep  12/100 | t_loss=0.0000 t_acc=1.000 | v_win_bal=0.854 v_rec_bal=0.844 | lr=9.8e-05 | 16.5s
  Fold 5 | Ep  13/100 | t_loss=0.0000 t_acc=1.000 | v_win_bal=0.853 v_rec_bal=0.844 | lr=9.7e-05 | 16.1s
  Fold 5 | Ep  14/100 | t_loss=0.0000 t_acc=1.000 | v_win_bal=0.852 v_rec_bal=0.844 | lr=9.7e-05 | 18.2s
  Fold 5 | Ep  15/100 | t_loss=0.0000 t_acc=1.000 | v_win_bal=0.852 v_rec_bal=0.844 | lr=9.6e-05 | 16.4s
  Fold 5 | Ep  16/100 | t_loss=0.0000 t_acc=1.000 | v_win_bal=0.856 v_rec_bal=0.844 | lr=9.6e-05 | 17.3s
  Fold 5 | Ep  17/100 | t_loss=0.0000 t_acc=1.000 | v_win_bal=0.856 v_rec_bal=0.844 | lr=9.5e-05 | 19.0s
  Fold 5 | Ep  18/100 | t_loss=0.0000 t_acc=1.000 | v_win_bal=0.859 v_rec_bal=0.844 | lr=9.4e-05 | 16.6s
  Fold 5 | Ep  19/100 | t_loss=0.0000 t_acc=1.000 | v_win_bal=0.862 v_rec_bal=0.844 | lr=9.3e-05 | 15.8s
  Fold 5 | Ep  20/100 | t_loss=0.0000 t_acc=1.000 | v_win_bal=0.861 v_rec_bal=0.844 | lr=9.3e-05 | 17.5s
  Fold 5 | Ep  21/100 | t_loss=0.0000 t_acc=1.000 | v_win_bal=0.859 v_rec_bal=0.844 | lr=9.2e-05 | 16.7s
  Early stop at epoch 21
  -> Test (best @ epoch 1): acc=0.3333, bal_acc=0.5556

============================================================
Global Results (5-Fold, subject-level CV)
Mode: FT | Extractor: reve | Loss: focal
============================================================
              acc: 0.6857
          bal_acc: 0.7105
               f1: 0.6952
            kappa: 0.3714
  Total predictions: 70 (should equal dataset size: 70)

Results saved to results/hp_sweep/20260409_main/reve/reve_encoderlrscale1_lr1e-4_s42/
