CMD: /raid/jupyter-linjimmy1003.md10/.conda/envs/stress/bin/python train_ft.py --extractor reve --seed 2024 --device cuda:3 --run-id hp_sweep/20260409_main/reve/reve_encoderlrscale1_lr1e-4_s2024 --mode ft --folds 5 --epochs 100 --patience 20 --batch-size 32 --label subject-dass --loss focal --head-hidden 128 --csv data/comprehensive_labels.csv --weight-decay 0.05 --grad-clip 2.0 --warmup-epochs 3 --aug-overlap 0.75 --norm none --encoder-lr-scale 1.0 --lr 0.0001

/raid/jupyter-linjimmy1003.md10/.conda/envs/stress/lib/python3.11/site-packages/timm/models/layers/__init__.py:49: FutureWarning: Importing from timm.models.layers is deprecated, please import via timm.layers
  warnings.warn(f"Importing from {__name__} is deprecated, please import via timm.layers", FutureWarning)
Mode: FT | Extractor: reve | Folds: 5
LR: 0.0001 | WD: 0.05 | Beta2: 0.999 | Grad clip: 2.0
Head: hidden=128, dropout=0.0 | Norm: none | Loss: focal
Full FT: encoder_lr_scale=1.0
Augmentation: 75% overlap for increase class

Results → results/hp_sweep/20260409_main/reve/reve_encoderlrscale1_lr1e-4_s2024/
Dataset: 70 recordings loaded (14 increase, 56 normal)
Cache: 70 recordings ready (70 cached, 0 new)
Subject-DASS labels: increase=23 (5 subjects), normal=47

============================================================
Fold 1/5
============================================================
  Train:  43 samples, 10 subjects [2, 3, 6, 7, 8, 10, 11, 12, 13, 14], label_0=28, label_1=15
    Val:  13 samples,  3 subjects [5, 17, 18], label_0=10, label_1=3
   Test:  14 samples,  4 subjects [1, 4, 9, 16], label_0=9, label_1=5
  Building window datasets...
    WindowDataset: 3621 windows (class_0=1262, class_1=2359)
    WindowDataset: 406 windows (class_0=314, class_1=92)
    WindowDataset: 489 windows (class_0=332, class_1=157)
[PosBank] Loaded 543 positions from weights/reve-positions
[REVE] Loaded 140/140 encoder params from weights/reve-base/model.safetensors
  Trainable parameters: 69,321,347
  Class weights: [1.4346275329589844, 0.7674862146377563]
  Fold 1 | Ep   1/100 | t_loss=0.1145 t_acc=0.817 | v_win_bal=0.267 v_rec_bal=0.200 | lr=3.3e-05 | 16.1s
  Fold 1 | Ep   2/100 | t_loss=0.0208 t_acc=0.978 | v_win_bal=0.497 v_rec_bal=0.533 | lr=6.7e-05 | 14.7s
  Fold 1 | Ep   3/100 | t_loss=0.0085 t_acc=0.990 | v_win_bal=0.572 v_rec_bal=0.600 | lr=1.0e-04 | 15.4s
  Fold 1 | Ep   4/100 | t_loss=0.0086 t_acc=0.991 | v_win_bal=0.460 v_rec_bal=0.483 | lr=1.0e-04 | 15.7s
  Fold 1 | Ep   5/100 | t_loss=0.0127 t_acc=0.989 | v_win_bal=0.259 v_rec_bal=0.200 | lr=1.0e-04 | 15.4s
  Fold 1 | Ep   6/100 | t_loss=0.0095 t_acc=0.994 | v_win_bal=0.405 v_rec_bal=0.200 | lr=1.0e-04 | 15.6s
  Fold 1 | Ep   7/100 | t_loss=0.0016 t_acc=0.999 | v_win_bal=0.492 v_rec_bal=0.483 | lr=1.0e-04 | 14.6s
  Fold 1 | Ep   8/100 | t_loss=0.0012 t_acc=0.999 | v_win_bal=0.434 v_rec_bal=0.483 | lr=9.9e-05 | 14.9s
  Fold 1 | Ep   9/100 | t_loss=0.0000 t_acc=1.000 | v_win_bal=0.434 v_rec_bal=0.483 | lr=9.9e-05 | 14.9s
  Fold 1 | Ep  10/100 | t_loss=0.0000 t_acc=1.000 | v_win_bal=0.434 v_rec_bal=0.483 | lr=9.9e-05 | 14.4s
  Fold 1 | Ep  11/100 | t_loss=0.0000 t_acc=1.000 | v_win_bal=0.434 v_rec_bal=0.483 | lr=9.8e-05 | 16.3s
  Fold 1 | Ep  12/100 | t_loss=0.0000 t_acc=1.000 | v_win_bal=0.434 v_rec_bal=0.483 | lr=9.8e-05 | 14.7s
  Fold 1 | Ep  13/100 | t_loss=0.0000 t_acc=1.000 | v_win_bal=0.434 v_rec_bal=0.483 | lr=9.7e-05 | 14.1s
  Fold 1 | Ep  14/100 | t_loss=0.0000 t_acc=1.000 | v_win_bal=0.434 v_rec_bal=0.483 | lr=9.7e-05 | 14.3s
  Fold 1 | Ep  15/100 | t_loss=0.0000 t_acc=1.000 | v_win_bal=0.434 v_rec_bal=0.483 | lr=9.6e-05 | 14.7s
  Fold 1 | Ep  16/100 | t_loss=0.0000 t_acc=1.000 | v_win_bal=0.445 v_rec_bal=0.483 | lr=9.6e-05 | 13.9s
  Fold 1 | Ep  17/100 | t_loss=0.0000 t_acc=1.000 | v_win_bal=0.445 v_rec_bal=0.483 | lr=9.5e-05 | 15.8s
  Fold 1 | Ep  18/100 | t_loss=0.0000 t_acc=1.000 | v_win_bal=0.445 v_rec_bal=0.483 | lr=9.4e-05 | 14.7s
  Fold 1 | Ep  19/100 | t_loss=0.0000 t_acc=1.000 | v_win_bal=0.445 v_rec_bal=0.483 | lr=9.3e-05 | 15.1s
  Fold 1 | Ep  20/100 | t_loss=0.0000 t_acc=1.000 | v_win_bal=0.445 v_rec_bal=0.483 | lr=9.3e-05 | 17.8s
  Fold 1 | Ep  21/100 | t_loss=0.0000 t_acc=1.000 | v_win_bal=0.445 v_rec_bal=0.483 | lr=9.2e-05 | 14.4s
  Fold 1 | Ep  22/100 | t_loss=0.0000 t_acc=1.000 | v_win_bal=0.445 v_rec_bal=0.483 | lr=9.1e-05 | 14.7s
  Fold 1 | Ep  23/100 | t_loss=0.0000 t_acc=1.000 | v_win_bal=0.445 v_rec_bal=0.483 | lr=9.0e-05 | 15.0s
  Fold 1 | Ep  24/100 | t_loss=0.0000 t_acc=1.000 | v_win_bal=0.445 v_rec_bal=0.483 | lr=8.9e-05 | 16.4s
  Early stop at epoch 24
  -> Test (best @ epoch 3): acc=0.3571, bal_acc=0.5000

============================================================
Fold 2/5
============================================================
  Train:  41 samples, 11 subjects [1, 2, 4, 9, 11, 12, 13, 14, 16, 17, 18], label_0=27, label_1=14
    Val:  16 samples,  3 subjects [3, 6, 7], label_0=10, label_1=6
   Test:  13 samples,  3 subjects [5, 8, 10], label_0=10, label_1=3
  Building window datasets...
    WindowDataset: 3399 windows (class_0=1293, class_1=2106)
    WindowDataset: 475 windows (class_0=292, class_1=183)
    WindowDataset: 453 windows (class_0=323, class_1=130)
[PosBank] Loaded 543 positions from weights/reve-positions
[REVE] Loaded 140/140 encoder params from weights/reve-base/model.safetensors
  Fold 2 | Ep   1/100 | t_loss=0.1501 t_acc=0.743 | v_win_bal=0.807 v_rec_bal=0.917 | lr=3.3e-05 | 14.2s
  Fold 2 | Ep   2/100 | t_loss=0.0146 t_acc=0.982 | v_win_bal=0.752 v_rec_bal=0.917 | lr=6.7e-05 | 14.6s
  Fold 2 | Ep   3/100 | t_loss=0.0138 t_acc=0.986 | v_win_bal=0.547 v_rec_bal=0.500 | lr=1.0e-04 | 13.7s
  Fold 2 | Ep   4/100 | t_loss=0.0178 t_acc=0.982 | v_win_bal=0.595 v_rec_bal=0.500 | lr=1.0e-04 | 14.6s
  Fold 2 | Ep   5/100 | t_loss=0.0014 t_acc=0.998 | v_win_bal=0.787 v_rec_bal=0.817 | lr=1.0e-04 | 13.4s
  Fold 2 | Ep   6/100 | t_loss=0.0000 t_acc=1.000 | v_win_bal=0.779 v_rec_bal=0.867 | lr=1.0e-04 | 14.5s
  Fold 2 | Ep   7/100 | t_loss=0.0000 t_acc=1.000 | v_win_bal=0.781 v_rec_bal=0.867 | lr=1.0e-04 | 13.9s
  Fold 2 | Ep   8/100 | t_loss=0.0000 t_acc=1.000 | v_win_bal=0.784 v_rec_bal=0.867 | lr=9.9e-05 | 13.7s
  Fold 2 | Ep   9/100 | t_loss=0.0000 t_acc=1.000 | v_win_bal=0.785 v_rec_bal=0.867 | lr=9.9e-05 | 14.5s
  Fold 2 | Ep  10/100 | t_loss=0.0000 t_acc=1.000 | v_win_bal=0.785 v_rec_bal=0.867 | lr=9.9e-05 | 14.9s
  Fold 2 | Ep  11/100 | t_loss=0.0000 t_acc=1.000 | v_win_bal=0.787 v_rec_bal=0.867 | lr=9.8e-05 | 13.4s
  Fold 2 | Ep  12/100 | t_loss=0.0000 t_acc=1.000 | v_win_bal=0.790 v_rec_bal=0.867 | lr=9.8e-05 | 13.6s
  Fold 2 | Ep  13/100 | t_loss=0.0000 t_acc=1.000 | v_win_bal=0.790 v_rec_bal=0.867 | lr=9.7e-05 | 14.2s
  Fold 2 | Ep  14/100 | t_loss=0.0000 t_acc=1.000 | v_win_bal=0.788 v_rec_bal=0.867 | lr=9.7e-05 | 13.9s
  Fold 2 | Ep  15/100 | t_loss=0.0000 t_acc=1.000 | v_win_bal=0.785 v_rec_bal=0.817 | lr=9.6e-05 | 14.0s
  Fold 2 | Ep  16/100 | t_loss=0.0000 t_acc=1.000 | v_win_bal=0.789 v_rec_bal=0.867 | lr=9.6e-05 | 14.0s
  Fold 2 | Ep  17/100 | t_loss=0.0000 t_acc=1.000 | v_win_bal=0.787 v_rec_bal=0.867 | lr=9.5e-05 | 16.2s
  Fold 2 | Ep  18/100 | t_loss=0.0000 t_acc=1.000 | v_win_bal=0.789 v_rec_bal=0.867 | lr=9.4e-05 | 17.2s
  Fold 2 | Ep  19/100 | t_loss=0.0000 t_acc=1.000 | v_win_bal=0.794 v_rec_bal=0.867 | lr=9.3e-05 | 14.3s
  Fold 2 | Ep  20/100 | t_loss=0.0000 t_acc=1.000 | v_win_bal=0.794 v_rec_bal=0.867 | lr=9.3e-05 | 13.9s
  Fold 2 | Ep  21/100 | t_loss=0.0000 t_acc=1.000 | v_win_bal=0.796 v_rec_bal=0.867 | lr=9.2e-05 | 15.4s
  Early stop at epoch 21
  -> Test (best @ epoch 1): acc=0.4615, bal_acc=0.5333

============================================================
Fold 3/5
============================================================
  Train:  40 samples, 10 subjects [2, 5, 6, 8, 9, 10, 11, 12, 17, 18], label_0=28, label_1=12
    Val:  14 samples,  4 subjects [1, 4, 14, 16], label_0=9, label_1=5
   Test:  16 samples,  3 subjects [3, 7, 13], label_0=10, label_1=6
  Building window datasets...
    WindowDataset: 3107 windows (class_0=1103, class_1=2004)
    WindowDataset: 547 windows (class_0=390, class_1=157)
    WindowDataset: 598 windows (class_0=415, class_1=183)
[PosBank] Loaded 543 positions from weights/reve-positions
[REVE] Loaded 140/140 encoder params from weights/reve-base/model.safetensors
  Fold 3 | Ep   1/100 | t_loss=0.1356 t_acc=0.758 | v_win_bal=0.746 v_rec_bal=0.778 | lr=3.3e-05 | 13.2s
  Fold 3 | Ep   2/100 | t_loss=0.0171 t_acc=0.978 | v_win_bal=0.763 v_rec_bal=0.778 | lr=6.7e-05 | 15.0s
  Fold 3 | Ep   3/100 | t_loss=0.0068 t_acc=0.994 | v_win_bal=0.697 v_rec_bal=0.611 | lr=1.0e-04 | 14.9s
  Fold 3 | Ep   4/100 | t_loss=0.0121 t_acc=0.986 | v_win_bal=0.794 v_rec_bal=0.722 | lr=1.0e-04 | 14.7s
  Fold 3 | Ep   5/100 | t_loss=0.0127 t_acc=0.985 | v_win_bal=0.901 v_rec_bal=1.000 | lr=1.0e-04 | 14.0s
  Fold 3 | Ep   6/100 | t_loss=0.0102 t_acc=0.991 | v_win_bal=0.900 v_rec_bal=1.000 | lr=1.0e-04 | 13.3s
  Fold 3 | Ep   7/100 | t_loss=0.0002 t_acc=1.000 | v_win_bal=0.855 v_rec_bal=0.833 | lr=1.0e-04 | 14.0s
  Fold 3 | Ep   8/100 | t_loss=0.0000 t_acc=1.000 | v_win_bal=0.841 v_rec_bal=0.833 | lr=9.9e-05 | 13.3s
  Fold 3 | Ep   9/100 | t_loss=0.0000 t_acc=1.000 | v_win_bal=0.844 v_rec_bal=0.833 | lr=9.9e-05 | 15.7s
  Fold 3 | Ep  10/100 | t_loss=0.0000 t_acc=1.000 | v_win_bal=0.845 v_rec_bal=0.833 | lr=9.9e-05 | 14.2s
  Fold 3 | Ep  11/100 | t_loss=0.0000 t_acc=1.000 | v_win_bal=0.846 v_rec_bal=0.833 | lr=9.8e-05 | 13.0s
  Fold 3 | Ep  12/100 | t_loss=0.0000 t_acc=1.000 | v_win_bal=0.846 v_rec_bal=0.833 | lr=9.8e-05 | 14.0s
  Fold 3 | Ep  13/100 | t_loss=0.0000 t_acc=1.000 | v_win_bal=0.846 v_rec_bal=0.833 | lr=9.7e-05 | 13.6s
  Fold 3 | Ep  14/100 | t_loss=0.0000 t_acc=1.000 | v_win_bal=0.845 v_rec_bal=0.833 | lr=9.7e-05 | 15.0s
  Fold 3 | Ep  15/100 | t_loss=0.0000 t_acc=1.000 | v_win_bal=0.846 v_rec_bal=0.833 | lr=9.6e-05 | 13.3s
  Fold 3 | Ep  16/100 | t_loss=0.0000 t_acc=1.000 | v_win_bal=0.844 v_rec_bal=0.833 | lr=9.6e-05 | 13.1s
  Fold 3 | Ep  17/100 | t_loss=0.0000 t_acc=1.000 | v_win_bal=0.842 v_rec_bal=0.833 | lr=9.5e-05 | 13.6s
  Fold 3 | Ep  18/100 | t_loss=0.0000 t_acc=1.000 | v_win_bal=0.842 v_rec_bal=0.833 | lr=9.4e-05 | 14.5s
  Fold 3 | Ep  19/100 | t_loss=0.0000 t_acc=1.000 | v_win_bal=0.842 v_rec_bal=0.833 | lr=9.3e-05 | 13.6s
  Fold 3 | Ep  20/100 | t_loss=0.0000 t_acc=1.000 | v_win_bal=0.844 v_rec_bal=0.833 | lr=9.3e-05 | 13.2s
  Fold 3 | Ep  21/100 | t_loss=0.0000 t_acc=1.000 | v_win_bal=0.842 v_rec_bal=0.833 | lr=9.2e-05 | 14.0s
  Fold 3 | Ep  22/100 | t_loss=0.0000 t_acc=1.000 | v_win_bal=0.842 v_rec_bal=0.833 | lr=9.1e-05 | 12.8s
  Fold 3 | Ep  23/100 | t_loss=0.0000 t_acc=1.000 | v_win_bal=0.841 v_rec_bal=0.833 | lr=9.0e-05 | 12.7s
  Fold 3 | Ep  24/100 | t_loss=0.0000 t_acc=1.000 | v_win_bal=0.841 v_rec_bal=0.833 | lr=8.9e-05 | 13.9s
  Fold 3 | Ep  25/100 | t_loss=0.0000 t_acc=1.000 | v_win_bal=0.840 v_rec_bal=0.833 | lr=8.8e-05 | 17.5s
  Fold 3 | Ep  26/100 | t_loss=0.0000 t_acc=1.000 | v_win_bal=0.840 v_rec_bal=0.833 | lr=8.7e-05 | 17.0s
  Fold 3 | Ep  27/100 | t_loss=0.0000 t_acc=1.000 | v_win_bal=0.838 v_rec_bal=0.833 | lr=8.6e-05 | 16.4s
  Early stop at epoch 27
  -> Test (best @ epoch 5): acc=0.6875, bal_acc=0.5833

============================================================
Fold 4/5
============================================================
  Train:  42 samples, 10 subjects [1, 3, 4, 5, 7, 8, 9, 10, 16, 18], label_0=28, label_1=14
    Val:  16 samples,  3 subjects [6, 11, 13], label_0=10, label_1=6
   Test:  12 samples,  4 subjects [2, 12, 14, 17], label_0=9, label_1=3
  Building window datasets...
    WindowDataset: 2762 windows (class_0=924, class_1=1838)
    WindowDataset: 705 windows (class_0=417, class_1=288)
    WindowDataset: 659 windows (class_0=567, class_1=92)
[PosBank] Loaded 543 positions from weights/reve-positions
[REVE] Loaded 140/140 encoder params from weights/reve-base/model.safetensors
  Fold 4 | Ep   1/100 | t_loss=0.2034 t_acc=0.651 | v_win_bal=0.779 v_rec_bal=0.867 | lr=3.3e-05 | 14.4s
  Fold 4 | Ep   2/100 | t_loss=0.0381 t_acc=0.949 | v_win_bal=0.717 v_rec_bal=0.667 | lr=6.7e-05 | 14.5s
  Fold 4 | Ep   3/100 | t_loss=0.0194 t_acc=0.975 | v_win_bal=0.776 v_rec_bal=0.800 | lr=1.0e-04 | 15.4s
  Fold 4 | Ep   4/100 | t_loss=0.0060 t_acc=0.995 | v_win_bal=0.768 v_rec_bal=0.783 | lr=1.0e-04 | 12.3s
  Fold 4 | Ep   5/100 | t_loss=0.0034 t_acc=0.997 | v_win_bal=0.717 v_rec_bal=0.717 | lr=1.0e-04 | 13.9s
  Fold 4 | Ep   6/100 | t_loss=0.0003 t_acc=1.000 | v_win_bal=0.731 v_rec_bal=0.633 | lr=1.0e-04 | 13.0s
  Fold 4 | Ep   7/100 | t_loss=0.0028 t_acc=0.997 | v_win_bal=0.746 v_rec_bal=0.767 | lr=1.0e-04 | 12.4s
  Fold 4 | Ep   8/100 | t_loss=0.0109 t_acc=0.991 | v_win_bal=0.781 v_rec_bal=0.750 | lr=9.9e-05 | 13.3s
  Fold 4 | Ep   9/100 | t_loss=0.0049 t_acc=0.995 | v_win_bal=0.712 v_rec_bal=0.633 | lr=9.9e-05 | 12.6s
  Fold 4 | Ep  10/100 | t_loss=0.0059 t_acc=0.994 | v_win_bal=0.601 v_rec_bal=0.533 | lr=9.9e-05 | 15.9s
  Fold 4 | Ep  11/100 | t_loss=0.0025 t_acc=0.997 | v_win_bal=0.791 v_rec_bal=0.817 | lr=9.8e-05 | 14.2s
  Fold 4 | Ep  12/100 | t_loss=0.0000 t_acc=1.000 | v_win_bal=0.806 v_rec_bal=0.850 | lr=9.8e-05 | 13.3s
  Fold 4 | Ep  13/100 | t_loss=0.0000 t_acc=1.000 | v_win_bal=0.802 v_rec_bal=0.850 | lr=9.7e-05 | 13.2s
  Fold 4 | Ep  14/100 | t_loss=0.0000 t_acc=1.000 | v_win_bal=0.803 v_rec_bal=0.850 | lr=9.7e-05 | 14.0s
  Fold 4 | Ep  15/100 | t_loss=0.0000 t_acc=1.000 | v_win_bal=0.802 v_rec_bal=0.850 | lr=9.6e-05 | 13.3s
  Fold 4 | Ep  16/100 | t_loss=0.0000 t_acc=1.000 | v_win_bal=0.803 v_rec_bal=0.850 | lr=9.6e-05 | 14.0s
  Fold 4 | Ep  17/100 | t_loss=0.0000 t_acc=1.000 | v_win_bal=0.802 v_rec_bal=0.850 | lr=9.5e-05 | 16.0s
  Fold 4 | Ep  18/100 | t_loss=0.0000 t_acc=1.000 | v_win_bal=0.800 v_rec_bal=0.850 | lr=9.4e-05 | 12.3s
  Fold 4 | Ep  19/100 | t_loss=0.0000 t_acc=1.000 | v_win_bal=0.801 v_rec_bal=0.900 | lr=9.3e-05 | 13.8s
  Fold 4 | Ep  20/100 | t_loss=0.0000 t_acc=1.000 | v_win_bal=0.801 v_rec_bal=0.900 | lr=9.3e-05 | 16.2s
  Fold 4 | Ep  21/100 | t_loss=0.0000 t_acc=1.000 | v_win_bal=0.796 v_rec_bal=0.900 | lr=9.2e-05 | 15.5s
  Fold 4 | Ep  22/100 | t_loss=0.0000 t_acc=1.000 | v_win_bal=0.796 v_rec_bal=0.900 | lr=9.1e-05 | 14.2s
  Fold 4 | Ep  23/100 | t_loss=0.0000 t_acc=1.000 | v_win_bal=0.797 v_rec_bal=0.900 | lr=9.0e-05 | 13.7s
  Fold 4 | Ep  24/100 | t_loss=0.0000 t_acc=1.000 | v_win_bal=0.797 v_rec_bal=0.900 | lr=8.9e-05 | 18.2s
  Fold 4 | Ep  25/100 | t_loss=0.0000 t_acc=1.000 | v_win_bal=0.797 v_rec_bal=0.900 | lr=8.8e-05 | 13.5s
  Fold 4 | Ep  26/100 | t_loss=0.0000 t_acc=1.000 | v_win_bal=0.798 v_rec_bal=0.900 | lr=8.7e-05 | 15.3s
  Fold 4 | Ep  27/100 | t_loss=0.0000 t_acc=1.000 | v_win_bal=0.797 v_rec_bal=0.900 | lr=8.6e-05 | 14.4s
  Fold 4 | Ep  28/100 | t_loss=0.0000 t_acc=1.000 | v_win_bal=0.797 v_rec_bal=0.900 | lr=8.4e-05 | 12.8s
  Fold 4 | Ep  29/100 | t_loss=0.0000 t_acc=1.000 | v_win_bal=0.797 v_rec_bal=0.900 | lr=8.3e-05 | 13.5s
  Fold 4 | Ep  30/100 | t_loss=0.0000 t_acc=1.000 | v_win_bal=0.797 v_rec_bal=0.900 | lr=8.2e-05 | 13.9s
  Fold 4 | Ep  31/100 | t_loss=0.0000 t_acc=1.000 | v_win_bal=0.797 v_rec_bal=0.900 | lr=8.1e-05 | 13.9s
  Fold 4 | Ep  32/100 | t_loss=0.0000 t_acc=1.000 | v_win_bal=0.797 v_rec_bal=0.900 | lr=8.0e-05 | 14.7s
  Fold 4 | Ep  33/100 | t_loss=0.0000 t_acc=1.000 | v_win_bal=0.797 v_rec_bal=0.900 | lr=7.8e-05 | 16.1s
  Fold 4 | Ep  34/100 | t_loss=0.0000 t_acc=1.000 | v_win_bal=0.797 v_rec_bal=0.900 | lr=7.7e-05 | 13.2s
  Fold 4 | Ep  35/100 | t_loss=0.0000 t_acc=1.000 | v_win_bal=0.797 v_rec_bal=0.900 | lr=7.5e-05 | 14.8s
  Fold 4 | Ep  36/100 | t_loss=0.0000 t_acc=1.000 | v_win_bal=0.798 v_rec_bal=0.900 | lr=7.4e-05 | 15.3s
  Fold 4 | Ep  37/100 | t_loss=0.0000 t_acc=1.000 | v_win_bal=0.796 v_rec_bal=0.900 | lr=7.3e-05 | 14.0s
  Fold 4 | Ep  38/100 | t_loss=0.0000 t_acc=1.000 | v_win_bal=0.798 v_rec_bal=0.900 | lr=7.1e-05 | 19.8s
  Fold 4 | Ep  39/100 | t_loss=0.0000 t_acc=1.000 | v_win_bal=0.797 v_rec_bal=0.900 | lr=7.0e-05 | 19.9s
  Fold 4 | Ep  40/100 | t_loss=0.0000 t_acc=1.000 | v_win_bal=0.795 v_rec_bal=0.900 | lr=6.8e-05 | 15.1s
  Fold 4 | Ep  41/100 | t_loss=0.0000 t_acc=1.000 | v_win_bal=0.798 v_rec_bal=0.900 | lr=6.7e-05 | 12.7s
  Early stop at epoch 41
  -> Test (best @ epoch 19): acc=0.8333, bal_acc=0.7778

============================================================
Fold 5/5
============================================================
  Train:  39 samples, 11 subjects [1, 2, 4, 5, 8, 9, 10, 12, 14, 16, 17], label_0=28, label_1=11
    Val:  16 samples,  3 subjects [3, 7, 13], label_0=10, label_1=6
   Test:  15 samples,  3 subjects [6, 11, 18], label_0=9, label_1=6
  Building window datasets...
    WindowDataset: 2705 windows (class_0=1222, class_1=1483)
    WindowDataset: 598 windows (class_0=415, class_1=183)
    WindowDataset: 559 windows (class_0=271, class_1=288)
[PosBank] Loaded 543 positions from weights/reve-positions
[REVE] Loaded 140/140 encoder params from weights/reve-base/model.safetensors
  Fold 5 | Ep   1/100 | t_loss=0.1362 t_acc=0.737 | v_win_bal=0.668 v_rec_bal=0.750 | lr=3.3e-05 | 10.4s
  Fold 5 | Ep   2/100 | t_loss=0.0165 t_acc=0.978 | v_win_bal=0.478 v_rec_bal=0.450 | lr=6.7e-05 | 10.7s
  Fold 5 | Ep   3/100 | t_loss=0.0040 t_acc=0.994 | v_win_bal=0.575 v_rec_bal=0.583 | lr=1.0e-04 | 10.8s
  Fold 5 | Ep   4/100 | t_loss=0.0020 t_acc=1.000 | v_win_bal=0.530 v_rec_bal=0.583 | lr=1.0e-04 | 11.4s
  Fold 5 | Ep   5/100 | t_loss=0.0000 t_acc=1.000 | v_win_bal=0.531 v_rec_bal=0.500 | lr=1.0e-04 | 10.5s
  Fold 5 | Ep   6/100 | t_loss=0.0000 t_acc=1.000 | v_win_bal=0.525 v_rec_bal=0.500 | lr=1.0e-04 | 10.3s
  Fold 5 | Ep   7/100 | t_loss=0.0000 t_acc=1.000 | v_win_bal=0.525 v_rec_bal=0.500 | lr=1.0e-04 | 10.4s
  Fold 5 | Ep   8/100 | t_loss=0.0000 t_acc=1.000 | v_win_bal=0.525 v_rec_bal=0.500 | lr=9.9e-05 | 10.3s
  Fold 5 | Ep   9/100 | t_loss=0.0000 t_acc=1.000 | v_win_bal=0.519 v_rec_bal=0.500 | lr=9.9e-05 | 10.2s
  Fold 5 | Ep  10/100 | t_loss=0.0000 t_acc=1.000 | v_win_bal=0.521 v_rec_bal=0.500 | lr=9.9e-05 | 10.5s
  Fold 5 | Ep  11/100 | t_loss=0.0000 t_acc=1.000 | v_win_bal=0.518 v_rec_bal=0.500 | lr=9.8e-05 | 10.2s
  Fold 5 | Ep  12/100 | t_loss=0.0000 t_acc=1.000 | v_win_bal=0.517 v_rec_bal=0.500 | lr=9.8e-05 | 10.4s
  Fold 5 | Ep  13/100 | t_loss=0.0000 t_acc=1.000 | v_win_bal=0.520 v_rec_bal=0.500 | lr=9.7e-05 | 10.2s
  Fold 5 | Ep  14/100 | t_loss=0.0000 t_acc=1.000 | v_win_bal=0.520 v_rec_bal=0.500 | lr=9.7e-05 | 10.5s
  Fold 5 | Ep  15/100 | t_loss=0.0000 t_acc=1.000 | v_win_bal=0.519 v_rec_bal=0.500 | lr=9.6e-05 | 10.2s
  Fold 5 | Ep  16/100 | t_loss=0.0000 t_acc=1.000 | v_win_bal=0.519 v_rec_bal=0.500 | lr=9.6e-05 | 10.3s
  Fold 5 | Ep  17/100 | t_loss=0.0000 t_acc=1.000 | v_win_bal=0.519 v_rec_bal=0.500 | lr=9.5e-05 | 10.1s
  Fold 5 | Ep  18/100 | t_loss=0.0000 t_acc=1.000 | v_win_bal=0.518 v_rec_bal=0.500 | lr=9.4e-05 | 10.3s
  Fold 5 | Ep  19/100 | t_loss=0.0000 t_acc=1.000 | v_win_bal=0.518 v_rec_bal=0.500 | lr=9.3e-05 | 10.2s
  Fold 5 | Ep  20/100 | t_loss=0.0000 t_acc=1.000 | v_win_bal=0.518 v_rec_bal=0.500 | lr=9.3e-05 | 10.3s
  Fold 5 | Ep  21/100 | t_loss=0.0000 t_acc=1.000 | v_win_bal=0.519 v_rec_bal=0.500 | lr=9.2e-05 | 10.2s
  Early stop at epoch 21
  -> Test (best @ epoch 1): acc=0.4000, bal_acc=0.4722

============================================================
Global Results (5-Fold, subject-level CV)
Mode: FT | Extractor: reve | Loss: focal
============================================================
              acc: 0.5429
          bal_acc: 0.5708
               f1: 0.5550
            kappa: 0.1202
  Total predictions: 70 (should equal dataset size: 70)

Results saved to results/hp_sweep/20260409_main/reve/reve_encoderlrscale1_lr1e-4_s2024/
