CMD: /raid/jupyter-linjimmy1003.md10/.conda/envs/stress/bin/python train_ft.py --extractor shallowconvnet --seed 123 --device cuda:1 --run-id hp_sweep/20260409_main/shallowconvnet/shallowconvnet_dropout0.5_lr3e-4_s123 --mode ft --folds 5 --epochs 100 --patience 20 --batch-size 32 --label subject-dass --loss focal --head-hidden 128 --csv data/comprehensive_labels.csv --weight-decay 0.05 --grad-clip 2.0 --warmup-epochs 3 --aug-overlap 0.75 --norm zscore --dropout 0.5 --lr 0.0003

/raid/jupyter-linjimmy1003.md10/.conda/envs/stress/lib/python3.11/site-packages/timm/models/layers/__init__.py:49: FutureWarning: Importing from timm.models.layers is deprecated, please import via timm.layers
  warnings.warn(f"Importing from {__name__} is deprecated, please import via timm.layers", FutureWarning)
Mode: FT | Extractor: shallowconvnet | Folds: 5
LR: 0.0003 | WD: 0.05 | Beta2: 0.999 | Grad clip: 2.0
Head: hidden=128, dropout=0.5 | Norm: zscore | Loss: focal
Full FT: encoder_lr_scale=0.1
Augmentation: 75% overlap for increase class

Results → results/hp_sweep/20260409_main/shallowconvnet/shallowconvnet_dropout0.5_lr3e-4_s123/
Dataset: 70 recordings loaded (14 increase, 56 normal)
Cache: 70 recordings ready (70 cached, 0 new)
Subject-DASS labels: increase=23 (5 subjects), normal=47

============================================================
Fold 1/5
============================================================
  Train:  43 samples, 10 subjects [2, 3, 4, 6, 7, 8, 9, 10, 11, 13], label_0=28, label_1=15
    Val:  13 samples,  3 subjects [12, 17, 18], label_0=10, label_1=3
   Test:  14 samples,  4 subjects [1, 5, 14, 16], label_0=9, label_1=5
  Building window datasets...
    WindowDataset: 6870 windows (class_0=2063, class_1=4807)
    WindowDataset: 1166 windows (class_0=980, class_1=186)
    WindowDataset: 1116 windows (class_0=799, class_1=317)
[ShallowConvNet] F_t=40 F_s=40 k_time=25 pool=75/15 T=1000 -> embed_dim=2440 (49,120 params)
  Trainable parameters: 674,403
  Class weights: [1.6650508642196655, 0.7145829200744629]
  Fold 1 | Ep   1/100 | t_loss=0.1856 t_acc=0.607 | v_win_bal=0.483 v_rec_bal=0.500 | lr=1.0e-04 | 3.8s
  Fold 1 | Ep   2/100 | t_loss=0.1181 t_acc=0.790 | v_win_bal=0.493 v_rec_bal=0.500 | lr=2.0e-04 | 1.5s
  Fold 1 | Ep   3/100 | t_loss=0.0718 t_acc=0.890 | v_win_bal=0.496 v_rec_bal=0.500 | lr=3.0e-04 | 1.5s
  Fold 1 | Ep   4/100 | t_loss=0.0488 t_acc=0.930 | v_win_bal=0.491 v_rec_bal=0.500 | lr=3.0e-04 | 1.6s
  Fold 1 | Ep   5/100 | t_loss=0.0395 t_acc=0.949 | v_win_bal=0.490 v_rec_bal=0.500 | lr=3.0e-04 | 1.6s
  Fold 1 | Ep   6/100 | t_loss=0.0299 t_acc=0.964 | v_win_bal=0.491 v_rec_bal=0.500 | lr=3.0e-04 | 1.5s
  Fold 1 | Ep   7/100 | t_loss=0.0256 t_acc=0.967 | v_win_bal=0.488 v_rec_bal=0.500 | lr=3.0e-04 | 1.6s
  Fold 1 | Ep   8/100 | t_loss=0.0234 t_acc=0.972 | v_win_bal=0.488 v_rec_bal=0.500 | lr=3.0e-04 | 1.6s
  Fold 1 | Ep   9/100 | t_loss=0.0193 t_acc=0.978 | v_win_bal=0.492 v_rec_bal=0.500 | lr=3.0e-04 | 1.5s
  Fold 1 | Ep  10/100 | t_loss=0.0134 t_acc=0.983 | v_win_bal=0.489 v_rec_bal=0.500 | lr=3.0e-04 | 1.5s
  Fold 1 | Ep  11/100 | t_loss=0.0171 t_acc=0.983 | v_win_bal=0.504 v_rec_bal=0.500 | lr=2.9e-04 | 1.8s
  Fold 1 | Ep  12/100 | t_loss=0.0126 t_acc=0.988 | v_win_bal=0.492 v_rec_bal=0.500 | lr=2.9e-04 | 1.5s
  Fold 1 | Ep  13/100 | t_loss=0.0123 t_acc=0.987 | v_win_bal=0.493 v_rec_bal=0.500 | lr=2.9e-04 | 1.5s
  Fold 1 | Ep  14/100 | t_loss=0.0102 t_acc=0.987 | v_win_bal=0.489 v_rec_bal=0.500 | lr=2.9e-04 | 1.5s
  Fold 1 | Ep  15/100 | t_loss=0.0131 t_acc=0.988 | v_win_bal=0.505 v_rec_bal=0.500 | lr=2.9e-04 | 1.5s
  Fold 1 | Ep  16/100 | t_loss=0.0124 t_acc=0.989 | v_win_bal=0.492 v_rec_bal=0.500 | lr=2.9e-04 | 1.5s
  Fold 1 | Ep  17/100 | t_loss=0.0080 t_acc=0.991 | v_win_bal=0.496 v_rec_bal=0.500 | lr=2.8e-04 | 1.5s
  Fold 1 | Ep  18/100 | t_loss=0.0099 t_acc=0.992 | v_win_bal=0.496 v_rec_bal=0.500 | lr=2.8e-04 | 1.5s
  Fold 1 | Ep  19/100 | t_loss=0.0100 t_acc=0.992 | v_win_bal=0.493 v_rec_bal=0.500 | lr=2.8e-04 | 1.5s
  Fold 1 | Ep  20/100 | t_loss=0.0105 t_acc=0.991 | v_win_bal=0.489 v_rec_bal=0.500 | lr=2.8e-04 | 1.5s
  Fold 1 | Ep  21/100 | t_loss=0.0073 t_acc=0.993 | v_win_bal=0.496 v_rec_bal=0.500 | lr=2.8e-04 | 1.5s
  Early stop at epoch 21
  -> Test (best @ epoch 1): acc=0.3571, bal_acc=0.4111

============================================================
Fold 2/5
============================================================
  Train:  43 samples, 10 subjects [2, 3, 4, 6, 7, 9, 10, 11, 13, 18], label_0=28, label_1=15
    Val:  14 samples,  4 subjects [1, 5, 14, 16], label_0=9, label_1=5
   Test:  13 samples,  3 subjects [8, 12, 17], label_0=10, label_1=3
  Building window datasets...
    WindowDataset: 6852 windows (class_0=2045, class_1=4807)
    WindowDataset: 1116 windows (class_0=799, class_1=317)
    WindowDataset: 1184 windows (class_0=998, class_1=186)
[ShallowConvNet] F_t=40 F_s=40 k_time=25 pool=75/15 T=1000 -> embed_dim=2440 (49,120 params)
  Fold 2 | Ep   1/100 | t_loss=0.1808 t_acc=0.586 | v_win_bal=0.567 v_rec_bal=0.522 | lr=1.0e-04 | 1.6s
  Fold 2 | Ep   2/100 | t_loss=0.1190 t_acc=0.780 | v_win_bal=0.511 v_rec_bal=0.367 | lr=2.0e-04 | 1.5s
  Fold 2 | Ep   3/100 | t_loss=0.0764 t_acc=0.876 | v_win_bal=0.556 v_rec_bal=0.567 | lr=3.0e-04 | 1.5s
  Fold 2 | Ep   4/100 | t_loss=0.0511 t_acc=0.928 | v_win_bal=0.586 v_rec_bal=0.511 | lr=3.0e-04 | 1.7s
  Fold 2 | Ep   5/100 | t_loss=0.0349 t_acc=0.952 | v_win_bal=0.602 v_rec_bal=0.567 | lr=3.0e-04 | 1.5s
  Fold 2 | Ep   6/100 | t_loss=0.0309 t_acc=0.962 | v_win_bal=0.653 v_rec_bal=0.622 | lr=3.0e-04 | 1.5s
  Fold 2 | Ep   7/100 | t_loss=0.0259 t_acc=0.971 | v_win_bal=0.610 v_rec_bal=0.678 | lr=3.0e-04 | 1.6s
  Fold 2 | Ep   8/100 | t_loss=0.0193 t_acc=0.977 | v_win_bal=0.578 v_rec_bal=0.478 | lr=3.0e-04 | 1.5s
  Fold 2 | Ep   9/100 | t_loss=0.0145 t_acc=0.984 | v_win_bal=0.656 v_rec_bal=0.622 | lr=3.0e-04 | 1.5s
  Fold 2 | Ep  10/100 | t_loss=0.0136 t_acc=0.984 | v_win_bal=0.638 v_rec_bal=0.678 | lr=3.0e-04 | 1.5s
  Fold 2 | Ep  11/100 | t_loss=0.0141 t_acc=0.987 | v_win_bal=0.688 v_rec_bal=0.678 | lr=2.9e-04 | 1.5s
  Fold 2 | Ep  12/100 | t_loss=0.0140 t_acc=0.986 | v_win_bal=0.662 v_rec_bal=0.622 | lr=2.9e-04 | 1.7s
  Fold 2 | Ep  13/100 | t_loss=0.0093 t_acc=0.989 | v_win_bal=0.680 v_rec_bal=0.567 | lr=2.9e-04 | 1.5s
  Fold 2 | Ep  14/100 | t_loss=0.0136 t_acc=0.987 | v_win_bal=0.660 v_rec_bal=0.622 | lr=2.9e-04 | 1.5s
  Fold 2 | Ep  15/100 | t_loss=0.0108 t_acc=0.989 | v_win_bal=0.661 v_rec_bal=0.678 | lr=2.9e-04 | 1.6s
  Fold 2 | Ep  16/100 | t_loss=0.0099 t_acc=0.989 | v_win_bal=0.695 v_rec_bal=0.622 | lr=2.9e-04 | 1.5s
  Fold 2 | Ep  17/100 | t_loss=0.0112 t_acc=0.989 | v_win_bal=0.610 v_rec_bal=0.578 | lr=2.8e-04 | 1.5s
  Fold 2 | Ep  18/100 | t_loss=0.0133 t_acc=0.991 | v_win_bal=0.644 v_rec_bal=0.678 | lr=2.8e-04 | 1.5s
  Fold 2 | Ep  19/100 | t_loss=0.0068 t_acc=0.993 | v_win_bal=0.665 v_rec_bal=0.678 | lr=2.8e-04 | 1.5s
  Fold 2 | Ep  20/100 | t_loss=0.0079 t_acc=0.992 | v_win_bal=0.655 v_rec_bal=0.622 | lr=2.8e-04 | 1.5s
  Fold 2 | Ep  21/100 | t_loss=0.0070 t_acc=0.993 | v_win_bal=0.650 v_rec_bal=0.678 | lr=2.8e-04 | 1.5s
  Fold 2 | Ep  22/100 | t_loss=0.0054 t_acc=0.993 | v_win_bal=0.673 v_rec_bal=0.622 | lr=2.7e-04 | 1.5s
  Fold 2 | Ep  23/100 | t_loss=0.0056 t_acc=0.994 | v_win_bal=0.622 v_rec_bal=0.678 | lr=2.7e-04 | 1.7s
  Fold 2 | Ep  24/100 | t_loss=0.0055 t_acc=0.994 | v_win_bal=0.633 v_rec_bal=0.578 | lr=2.7e-04 | 1.5s
  Fold 2 | Ep  25/100 | t_loss=0.0065 t_acc=0.993 | v_win_bal=0.609 v_rec_bal=0.578 | lr=2.6e-04 | 1.5s
  Fold 2 | Ep  26/100 | t_loss=0.0058 t_acc=0.995 | v_win_bal=0.588 v_rec_bal=0.478 | lr=2.6e-04 | 1.5s
  Fold 2 | Ep  27/100 | t_loss=0.0063 t_acc=0.995 | v_win_bal=0.685 v_rec_bal=0.678 | lr=2.6e-04 | 1.5s
  Fold 2 | Ep  28/100 | t_loss=0.0064 t_acc=0.994 | v_win_bal=0.667 v_rec_bal=0.678 | lr=2.5e-04 | 1.6s
  Fold 2 | Ep  29/100 | t_loss=0.0083 t_acc=0.994 | v_win_bal=0.703 v_rec_bal=0.722 | lr=2.5e-04 | 1.6s
  Fold 2 | Ep  30/100 | t_loss=0.0054 t_acc=0.995 | v_win_bal=0.668 v_rec_bal=0.678 | lr=2.5e-04 | 1.7s
  Fold 2 | Ep  31/100 | t_loss=0.0046 t_acc=0.997 | v_win_bal=0.645 v_rec_bal=0.578 | lr=2.4e-04 | 1.5s
  Fold 2 | Ep  32/100 | t_loss=0.0038 t_acc=0.996 | v_win_bal=0.639 v_rec_bal=0.578 | lr=2.4e-04 | 1.5s
  Fold 2 | Ep  33/100 | t_loss=0.0040 t_acc=0.996 | v_win_bal=0.599 v_rec_bal=0.578 | lr=2.3e-04 | 1.5s
  Fold 2 | Ep  34/100 | t_loss=0.0047 t_acc=0.996 | v_win_bal=0.697 v_rec_bal=0.622 | lr=2.3e-04 | 1.5s
  Fold 2 | Ep  35/100 | t_loss=0.0048 t_acc=0.996 | v_win_bal=0.663 v_rec_bal=0.578 | lr=2.3e-04 | 1.5s
  Fold 2 | Ep  36/100 | t_loss=0.0037 t_acc=0.996 | v_win_bal=0.670 v_rec_bal=0.622 | lr=2.2e-04 | 1.5s
  Fold 2 | Ep  37/100 | t_loss=0.0052 t_acc=0.996 | v_win_bal=0.661 v_rec_bal=0.578 | lr=2.2e-04 | 1.5s
  Fold 2 | Ep  38/100 | t_loss=0.0074 t_acc=0.994 | v_win_bal=0.636 v_rec_bal=0.578 | lr=2.1e-04 | 1.5s
  Fold 2 | Ep  39/100 | t_loss=0.0038 t_acc=0.996 | v_win_bal=0.655 v_rec_bal=0.678 | lr=2.1e-04 | 1.5s
  Fold 2 | Ep  40/100 | t_loss=0.0062 t_acc=0.995 | v_win_bal=0.626 v_rec_bal=0.578 | lr=2.0e-04 | 1.5s
  Fold 2 | Ep  41/100 | t_loss=0.0045 t_acc=0.996 | v_win_bal=0.681 v_rec_bal=0.678 | lr=2.0e-04 | 1.5s
  Fold 2 | Ep  42/100 | t_loss=0.0042 t_acc=0.997 | v_win_bal=0.677 v_rec_bal=0.622 | lr=2.0e-04 | 1.6s
  Fold 2 | Ep  43/100 | t_loss=0.0079 t_acc=0.995 | v_win_bal=0.663 v_rec_bal=0.578 | lr=1.9e-04 | 1.5s
  Fold 2 | Ep  44/100 | t_loss=0.0037 t_acc=0.997 | v_win_bal=0.680 v_rec_bal=0.678 | lr=1.9e-04 | 1.5s
  Fold 2 | Ep  45/100 | t_loss=0.0023 t_acc=0.997 | v_win_bal=0.689 v_rec_bal=0.722 | lr=1.8e-04 | 1.6s
  Fold 2 | Ep  46/100 | t_loss=0.0032 t_acc=0.997 | v_win_bal=0.682 v_rec_bal=0.678 | lr=1.8e-04 | 1.5s
  Fold 2 | Ep  47/100 | t_loss=0.0033 t_acc=0.997 | v_win_bal=0.673 v_rec_bal=0.678 | lr=1.7e-04 | 1.5s
  Fold 2 | Ep  48/100 | t_loss=0.0027 t_acc=0.997 | v_win_bal=0.704 v_rec_bal=0.678 | lr=1.7e-04 | 1.5s
  Fold 2 | Ep  49/100 | t_loss=0.0068 t_acc=0.996 | v_win_bal=0.661 v_rec_bal=0.678 | lr=1.6e-04 | 1.9s
  Early stop at epoch 49
  -> Test (best @ epoch 29): acc=0.6923, bal_acc=0.4500

============================================================
Fold 3/5
============================================================
  Train:  40 samples, 10 subjects [3, 4, 7, 8, 9, 10, 12, 16, 17, 18], label_0=28, label_1=12
    Val:  14 samples,  4 subjects [1, 2, 5, 14], label_0=9, label_1=5
   Test:  16 samples,  3 subjects [6, 11, 13], label_0=10, label_1=6
  Building window datasets...
    WindowDataset: 5447 windows (class_0=2211, class_1=3236)
    WindowDataset: 1110 windows (class_0=793, class_1=317)
    WindowDataset: 1419 windows (class_0=838, class_1=581)
[ShallowConvNet] F_t=40 F_s=40 k_time=25 pool=75/15 T=1000 -> embed_dim=2440 (49,120 params)
  Fold 3 | Ep   1/100 | t_loss=0.1731 t_acc=0.621 | v_win_bal=0.421 v_rec_bal=0.211 | lr=1.0e-04 | 1.2s
  Fold 3 | Ep   2/100 | t_loss=0.0859 t_acc=0.848 | v_win_bal=0.412 v_rec_bal=0.267 | lr=2.0e-04 | 1.3s
  Fold 3 | Ep   3/100 | t_loss=0.0430 t_acc=0.936 | v_win_bal=0.435 v_rec_bal=0.311 | lr=3.0e-04 | 1.4s
  Fold 3 | Ep   4/100 | t_loss=0.0205 t_acc=0.972 | v_win_bal=0.451 v_rec_bal=0.367 | lr=3.0e-04 | 1.2s
  Fold 3 | Ep   5/100 | t_loss=0.0138 t_acc=0.982 | v_win_bal=0.461 v_rec_bal=0.367 | lr=3.0e-04 | 1.2s
  Fold 3 | Ep   6/100 | t_loss=0.0149 t_acc=0.984 | v_win_bal=0.457 v_rec_bal=0.367 | lr=3.0e-04 | 1.2s
  Fold 3 | Ep   7/100 | t_loss=0.0077 t_acc=0.989 | v_win_bal=0.435 v_rec_bal=0.422 | lr=3.0e-04 | 1.2s
  Fold 3 | Ep   8/100 | t_loss=0.0066 t_acc=0.992 | v_win_bal=0.477 v_rec_bal=0.422 | lr=3.0e-04 | 1.2s
  Fold 3 | Ep   9/100 | t_loss=0.0048 t_acc=0.994 | v_win_bal=0.466 v_rec_bal=0.422 | lr=3.0e-04 | 1.2s
  Fold 3 | Ep  10/100 | t_loss=0.0068 t_acc=0.991 | v_win_bal=0.475 v_rec_bal=0.422 | lr=3.0e-04 | 1.2s
  Fold 3 | Ep  11/100 | t_loss=0.0037 t_acc=0.996 | v_win_bal=0.492 v_rec_bal=0.422 | lr=2.9e-04 | 1.2s
  Fold 3 | Ep  12/100 | t_loss=0.0056 t_acc=0.994 | v_win_bal=0.474 v_rec_bal=0.422 | lr=2.9e-04 | 1.2s
  Fold 3 | Ep  13/100 | t_loss=0.0035 t_acc=0.995 | v_win_bal=0.459 v_rec_bal=0.422 | lr=2.9e-04 | 1.2s
  Fold 3 | Ep  14/100 | t_loss=0.0022 t_acc=0.997 | v_win_bal=0.449 v_rec_bal=0.422 | lr=2.9e-04 | 1.2s
  Fold 3 | Ep  15/100 | t_loss=0.0038 t_acc=0.997 | v_win_bal=0.417 v_rec_bal=0.222 | lr=2.9e-04 | 1.2s
  Fold 3 | Ep  16/100 | t_loss=0.0030 t_acc=0.997 | v_win_bal=0.435 v_rec_bal=0.222 | lr=2.9e-04 | 1.2s
  Fold 3 | Ep  17/100 | t_loss=0.0033 t_acc=0.997 | v_win_bal=0.464 v_rec_bal=0.422 | lr=2.8e-04 | 1.4s
  Fold 3 | Ep  18/100 | t_loss=0.0032 t_acc=0.997 | v_win_bal=0.455 v_rec_bal=0.422 | lr=2.8e-04 | 1.3s
  Fold 3 | Ep  19/100 | t_loss=0.0013 t_acc=0.998 | v_win_bal=0.439 v_rec_bal=0.422 | lr=2.8e-04 | 1.4s
  Fold 3 | Ep  20/100 | t_loss=0.0016 t_acc=0.998 | v_win_bal=0.468 v_rec_bal=0.422 | lr=2.8e-04 | 1.2s
  Fold 3 | Ep  21/100 | t_loss=0.0026 t_acc=0.997 | v_win_bal=0.456 v_rec_bal=0.422 | lr=2.8e-04 | 1.4s
  Fold 3 | Ep  22/100 | t_loss=0.0024 t_acc=0.998 | v_win_bal=0.440 v_rec_bal=0.422 | lr=2.7e-04 | 1.2s
  Fold 3 | Ep  23/100 | t_loss=0.0039 t_acc=0.997 | v_win_bal=0.448 v_rec_bal=0.422 | lr=2.7e-04 | 1.2s
  Fold 3 | Ep  24/100 | t_loss=0.0018 t_acc=0.998 | v_win_bal=0.453 v_rec_bal=0.478 | lr=2.7e-04 | 1.4s
  Fold 3 | Ep  25/100 | t_loss=0.0024 t_acc=0.997 | v_win_bal=0.418 v_rec_bal=0.222 | lr=2.6e-04 | 1.2s
  Fold 3 | Ep  26/100 | t_loss=0.0021 t_acc=0.996 | v_win_bal=0.449 v_rec_bal=0.422 | lr=2.6e-04 | 1.2s
  Fold 3 | Ep  27/100 | t_loss=0.0014 t_acc=0.998 | v_win_bal=0.435 v_rec_bal=0.322 | lr=2.6e-04 | 1.2s
  Fold 3 | Ep  28/100 | t_loss=0.0017 t_acc=0.998 | v_win_bal=0.399 v_rec_bal=0.222 | lr=2.5e-04 | 1.3s
  Fold 3 | Ep  29/100 | t_loss=0.0012 t_acc=0.998 | v_win_bal=0.438 v_rec_bal=0.422 | lr=2.5e-04 | 1.4s
  Fold 3 | Ep  30/100 | t_loss=0.0013 t_acc=0.999 | v_win_bal=0.424 v_rec_bal=0.322 | lr=2.5e-04 | 1.2s
  Fold 3 | Ep  31/100 | t_loss=0.0010 t_acc=0.999 | v_win_bal=0.442 v_rec_bal=0.322 | lr=2.4e-04 | 1.2s
  Fold 3 | Ep  32/100 | t_loss=0.0008 t_acc=0.999 | v_win_bal=0.438 v_rec_bal=0.422 | lr=2.4e-04 | 1.2s
  Fold 3 | Ep  33/100 | t_loss=0.0032 t_acc=0.997 | v_win_bal=0.452 v_rec_bal=0.322 | lr=2.3e-04 | 1.2s
  Fold 3 | Ep  34/100 | t_loss=0.0038 t_acc=0.997 | v_win_bal=0.468 v_rec_bal=0.422 | lr=2.3e-04 | 1.2s
  Fold 3 | Ep  35/100 | t_loss=0.0023 t_acc=0.998 | v_win_bal=0.419 v_rec_bal=0.322 | lr=2.3e-04 | 1.2s
  Fold 3 | Ep  36/100 | t_loss=0.0017 t_acc=0.998 | v_win_bal=0.441 v_rec_bal=0.322 | lr=2.2e-04 | 1.2s
  Fold 3 | Ep  37/100 | t_loss=0.0026 t_acc=0.999 | v_win_bal=0.415 v_rec_bal=0.222 | lr=2.2e-04 | 1.3s
  Fold 3 | Ep  38/100 | t_loss=0.0002 t_acc=1.000 | v_win_bal=0.412 v_rec_bal=0.222 | lr=2.1e-04 | 1.3s
  Fold 3 | Ep  39/100 | t_loss=0.0020 t_acc=0.998 | v_win_bal=0.456 v_rec_bal=0.422 | lr=2.1e-04 | 1.2s
  Fold 3 | Ep  40/100 | t_loss=0.0012 t_acc=0.999 | v_win_bal=0.436 v_rec_bal=0.422 | lr=2.0e-04 | 1.5s
  Fold 3 | Ep  41/100 | t_loss=0.0003 t_acc=1.000 | v_win_bal=0.429 v_rec_bal=0.322 | lr=2.0e-04 | 1.2s
  Fold 3 | Ep  42/100 | t_loss=0.0021 t_acc=0.998 | v_win_bal=0.445 v_rec_bal=0.422 | lr=2.0e-04 | 1.2s
  Fold 3 | Ep  43/100 | t_loss=0.0015 t_acc=0.999 | v_win_bal=0.437 v_rec_bal=0.222 | lr=1.9e-04 | 1.2s
  Fold 3 | Ep  44/100 | t_loss=0.0010 t_acc=0.999 | v_win_bal=0.446 v_rec_bal=0.422 | lr=1.9e-04 | 1.2s
  Early stop at epoch 44
  -> Test (best @ epoch 24): acc=0.6250, bal_acc=0.5000

============================================================
Fold 4/5
============================================================
  Train:  44 samples,  9 subjects [3, 5, 6, 7, 8, 11, 13, 17, 18], label_0=29, label_1=15
    Val:  14 samples,  4 subjects [1, 12, 14, 16], label_0=9, label_1=5
   Test:  12 samples,  4 subjects [2, 4, 9, 10], label_0=9, label_1=3
  Building window datasets...
    WindowDataset: 6535 windows (class_0=2032, class_1=4503)
    WindowDataset: 1463 windows (class_0=1146, class_1=317)
    WindowDataset: 926 windows (class_0=664, class_1=262)
[ShallowConvNet] F_t=40 F_s=40 k_time=25 pool=75/15 T=1000 -> embed_dim=2440 (49,120 params)
  Fold 4 | Ep   1/100 | t_loss=0.1782 t_acc=0.625 | v_win_bal=0.801 v_rec_bal=0.889 | lr=1.0e-04 | 1.5s
  Fold 4 | Ep   2/100 | t_loss=0.1185 t_acc=0.772 | v_win_bal=0.844 v_rec_bal=0.889 | lr=2.0e-04 | 1.5s
  Fold 4 | Ep   3/100 | t_loss=0.0630 t_acc=0.904 | v_win_bal=0.849 v_rec_bal=0.889 | lr=3.0e-04 | 1.5s
  Fold 4 | Ep   4/100 | t_loss=0.0357 t_acc=0.953 | v_win_bal=0.875 v_rec_bal=0.889 | lr=3.0e-04 | 1.5s
  Fold 4 | Ep   5/100 | t_loss=0.0204 t_acc=0.976 | v_win_bal=0.867 v_rec_bal=0.944 | lr=3.0e-04 | 1.6s
  Fold 4 | Ep   6/100 | t_loss=0.0162 t_acc=0.979 | v_win_bal=0.894 v_rec_bal=0.944 | lr=3.0e-04 | 1.5s
  Fold 4 | Ep   7/100 | t_loss=0.0131 t_acc=0.984 | v_win_bal=0.893 v_rec_bal=0.944 | lr=3.0e-04 | 1.5s
  Fold 4 | Ep   8/100 | t_loss=0.0102 t_acc=0.989 | v_win_bal=0.884 v_rec_bal=0.944 | lr=3.0e-04 | 1.5s
  Fold 4 | Ep   9/100 | t_loss=0.0076 t_acc=0.991 | v_win_bal=0.909 v_rec_bal=0.944 | lr=3.0e-04 | 1.5s
  Fold 4 | Ep  10/100 | t_loss=0.0097 t_acc=0.990 | v_win_bal=0.897 v_rec_bal=0.944 | lr=3.0e-04 | 1.5s
  Fold 4 | Ep  11/100 | t_loss=0.0056 t_acc=0.992 | v_win_bal=0.896 v_rec_bal=0.944 | lr=2.9e-04 | 1.7s
  Fold 4 | Ep  12/100 | t_loss=0.0104 t_acc=0.990 | v_win_bal=0.902 v_rec_bal=0.944 | lr=2.9e-04 | 1.5s
  Fold 4 | Ep  13/100 | t_loss=0.0074 t_acc=0.991 | v_win_bal=0.886 v_rec_bal=0.944 | lr=2.9e-04 | 1.5s
  Fold 4 | Ep  14/100 | t_loss=0.0062 t_acc=0.994 | v_win_bal=0.897 v_rec_bal=0.944 | lr=2.9e-04 | 1.5s
  Fold 4 | Ep  15/100 | t_loss=0.0082 t_acc=0.995 | v_win_bal=0.907 v_rec_bal=0.944 | lr=2.9e-04 | 1.5s
  Fold 4 | Ep  16/100 | t_loss=0.0049 t_acc=0.995 | v_win_bal=0.922 v_rec_bal=0.944 | lr=2.9e-04 | 1.5s
  Fold 4 | Ep  17/100 | t_loss=0.0051 t_acc=0.994 | v_win_bal=0.920 v_rec_bal=0.944 | lr=2.8e-04 | 1.6s
  Fold 4 | Ep  18/100 | t_loss=0.0069 t_acc=0.994 | v_win_bal=0.899 v_rec_bal=0.944 | lr=2.8e-04 | 1.7s
  Fold 4 | Ep  19/100 | t_loss=0.0058 t_acc=0.995 | v_win_bal=0.892 v_rec_bal=0.889 | lr=2.8e-04 | 1.5s
  Fold 4 | Ep  20/100 | t_loss=0.0029 t_acc=0.996 | v_win_bal=0.918 v_rec_bal=0.889 | lr=2.8e-04 | 1.5s
  Fold 4 | Ep  21/100 | t_loss=0.0068 t_acc=0.994 | v_win_bal=0.916 v_rec_bal=0.889 | lr=2.8e-04 | 1.5s
  Fold 4 | Ep  22/100 | t_loss=0.0040 t_acc=0.996 | v_win_bal=0.908 v_rec_bal=0.889 | lr=2.7e-04 | 1.5s
  Fold 4 | Ep  23/100 | t_loss=0.0037 t_acc=0.997 | v_win_bal=0.919 v_rec_bal=0.944 | lr=2.7e-04 | 1.5s
  Fold 4 | Ep  24/100 | t_loss=0.0045 t_acc=0.996 | v_win_bal=0.916 v_rec_bal=0.944 | lr=2.7e-04 | 1.5s
  Fold 4 | Ep  25/100 | t_loss=0.0040 t_acc=0.996 | v_win_bal=0.917 v_rec_bal=0.889 | lr=2.6e-04 | 1.5s
  Fold 4 | Ep  26/100 | t_loss=0.0038 t_acc=0.997 | v_win_bal=0.917 v_rec_bal=0.889 | lr=2.6e-04 | 1.5s
  Fold 4 | Ep  27/100 | t_loss=0.0044 t_acc=0.996 | v_win_bal=0.913 v_rec_bal=0.944 | lr=2.6e-04 | 1.8s
  Early stop at epoch 27
  -> Test (best @ epoch 5): acc=0.2500, bal_acc=0.3889

============================================================
Fold 5/5
============================================================
  Train:  41 samples, 10 subjects [2, 4, 5, 6, 8, 10, 11, 13, 14, 17], label_0=29, label_1=12
    Val:  14 samples,  4 subjects [1, 9, 12, 16], label_0=9, label_1=5
   Test:  15 samples,  3 subjects [3, 7, 18], label_0=9, label_1=6
  Building window datasets...
    WindowDataset: 6349 windows (class_0=2269, class_1=4080)
    WindowDataset: 1347 windows (class_0=1030, class_1=317)
    WindowDataset: 913 windows (class_0=543, class_1=370)
[ShallowConvNet] F_t=40 F_s=40 k_time=25 pool=75/15 T=1000 -> embed_dim=2440 (49,120 params)
  Fold 5 | Ep   1/100 | t_loss=0.1901 t_acc=0.546 | v_win_bal=0.723 v_rec_bal=0.800 | lr=1.0e-04 | 1.4s
  Fold 5 | Ep   2/100 | t_loss=0.1214 t_acc=0.757 | v_win_bal=0.751 v_rec_bal=0.800 | lr=2.0e-04 | 1.5s
  Fold 5 | Ep   3/100 | t_loss=0.0701 t_acc=0.897 | v_win_bal=0.832 v_rec_bal=0.944 | lr=3.0e-04 | 1.4s
  Fold 5 | Ep   4/100 | t_loss=0.0400 t_acc=0.944 | v_win_bal=0.819 v_rec_bal=0.844 | lr=3.0e-04 | 1.5s
  Fold 5 | Ep   5/100 | t_loss=0.0277 t_acc=0.961 | v_win_bal=0.862 v_rec_bal=0.889 | lr=3.0e-04 | 1.5s
  Fold 5 | Ep   6/100 | t_loss=0.0215 t_acc=0.975 | v_win_bal=0.872 v_rec_bal=0.944 | lr=3.0e-04 | 1.5s
  Fold 5 | Ep   7/100 | t_loss=0.0182 t_acc=0.974 | v_win_bal=0.854 v_rec_bal=1.000 | lr=3.0e-04 | 1.5s
  Fold 5 | Ep   8/100 | t_loss=0.0135 t_acc=0.983 | v_win_bal=0.888 v_rec_bal=1.000 | lr=3.0e-04 | 1.5s
  Fold 5 | Ep   9/100 | t_loss=0.0120 t_acc=0.986 | v_win_bal=0.890 v_rec_bal=0.944 | lr=3.0e-04 | 1.5s
  Fold 5 | Ep  10/100 | t_loss=0.0120 t_acc=0.986 | v_win_bal=0.912 v_rec_bal=1.000 | lr=3.0e-04 | 1.8s
  Fold 5 | Ep  11/100 | t_loss=0.0090 t_acc=0.991 | v_win_bal=0.888 v_rec_bal=1.000 | lr=2.9e-04 | 1.5s
  Fold 5 | Ep  12/100 | t_loss=0.0115 t_acc=0.989 | v_win_bal=0.892 v_rec_bal=0.944 | lr=2.9e-04 | 1.5s
  Fold 5 | Ep  13/100 | t_loss=0.0082 t_acc=0.991 | v_win_bal=0.905 v_rec_bal=1.000 | lr=2.9e-04 | 1.5s
  Fold 5 | Ep  14/100 | t_loss=0.0066 t_acc=0.993 | v_win_bal=0.865 v_rec_bal=1.000 | lr=2.9e-04 | 1.4s
  Fold 5 | Ep  15/100 | t_loss=0.0067 t_acc=0.993 | v_win_bal=0.869 v_rec_bal=1.000 | lr=2.9e-04 | 1.5s
  Fold 5 | Ep  16/100 | t_loss=0.0097 t_acc=0.991 | v_win_bal=0.922 v_rec_bal=0.944 | lr=2.9e-04 | 1.5s
  Fold 5 | Ep  17/100 | t_loss=0.0097 t_acc=0.991 | v_win_bal=0.888 v_rec_bal=0.944 | lr=2.8e-04 | 1.5s
  Fold 5 | Ep  18/100 | t_loss=0.0076 t_acc=0.994 | v_win_bal=0.866 v_rec_bal=1.000 | lr=2.8e-04 | 1.5s
  Fold 5 | Ep  19/100 | t_loss=0.0049 t_acc=0.994 | v_win_bal=0.884 v_rec_bal=0.889 | lr=2.8e-04 | 1.5s
  Fold 5 | Ep  20/100 | t_loss=0.0040 t_acc=0.996 | v_win_bal=0.882 v_rec_bal=0.944 | lr=2.8e-04 | 1.5s
  Fold 5 | Ep  21/100 | t_loss=0.0045 t_acc=0.995 | v_win_bal=0.893 v_rec_bal=1.000 | lr=2.8e-04 | 1.5s
  Fold 5 | Ep  22/100 | t_loss=0.0037 t_acc=0.996 | v_win_bal=0.912 v_rec_bal=1.000 | lr=2.7e-04 | 1.6s
  Fold 5 | Ep  23/100 | t_loss=0.0034 t_acc=0.996 | v_win_bal=0.912 v_rec_bal=1.000 | lr=2.7e-04 | 1.4s
  Fold 5 | Ep  24/100 | t_loss=0.0072 t_acc=0.995 | v_win_bal=0.915 v_rec_bal=1.000 | lr=2.7e-04 | 1.5s
  Fold 5 | Ep  25/100 | t_loss=0.0049 t_acc=0.995 | v_win_bal=0.881 v_rec_bal=1.000 | lr=2.6e-04 | 1.6s
  Fold 5 | Ep  26/100 | t_loss=0.0041 t_acc=0.996 | v_win_bal=0.890 v_rec_bal=1.000 | lr=2.6e-04 | 1.5s
  Fold 5 | Ep  27/100 | t_loss=0.0045 t_acc=0.997 | v_win_bal=0.893 v_rec_bal=1.000 | lr=2.6e-04 | 1.6s
  Fold 5 | Ep  28/100 | t_loss=0.0042 t_acc=0.996 | v_win_bal=0.886 v_rec_bal=1.000 | lr=2.5e-04 | 1.6s
  Fold 5 | Ep  29/100 | t_loss=0.0050 t_acc=0.995 | v_win_bal=0.895 v_rec_bal=0.944 | lr=2.5e-04 | 1.5s
  Fold 5 | Ep  30/100 | t_loss=0.0033 t_acc=0.997 | v_win_bal=0.902 v_rec_bal=1.000 | lr=2.5e-04 | 1.5s
  Fold 5 | Ep  31/100 | t_loss=0.0030 t_acc=0.996 | v_win_bal=0.903 v_rec_bal=1.000 | lr=2.4e-04 | 1.5s
  Fold 5 | Ep  32/100 | t_loss=0.0074 t_acc=0.994 | v_win_bal=0.929 v_rec_bal=1.000 | lr=2.4e-04 | 1.6s
  Fold 5 | Ep  33/100 | t_loss=0.0050 t_acc=0.996 | v_win_bal=0.887 v_rec_bal=0.944 | lr=2.3e-04 | 1.6s
  Fold 5 | Ep  34/100 | t_loss=0.0046 t_acc=0.998 | v_win_bal=0.903 v_rec_bal=1.000 | lr=2.3e-04 | 1.5s
  Fold 5 | Ep  35/100 | t_loss=0.0067 t_acc=0.995 | v_win_bal=0.904 v_rec_bal=1.000 | lr=2.3e-04 | 1.5s
  Early stop at epoch 35
  -> Test (best @ epoch 7): acc=0.6000, bal_acc=0.5000

============================================================
Global Results (5-Fold, subject-level CV)
Mode: FT | Extractor: shallowconvnet | Loss: focal
============================================================
              acc: 0.5143
          bal_acc: 0.4385
               f1: 0.5083
            kappa: -0.1258
  Total predictions: 70 (should equal dataset size: 70)

Results saved to results/hp_sweep/20260409_main/shallowconvnet/shallowconvnet_dropout0.5_lr3e-4_s123/
