CMD: /raid/jupyter-linjimmy1003.md10/.conda/envs/stress/bin/python train_ft.py --extractor shallowconvnet --seed 42 --device cuda:5 --run-id hp_sweep/20260409_main/shallowconvnet/shallowconvnet_dropout0.5_lr3e-4_s42 --mode ft --folds 5 --epochs 100 --patience 20 --batch-size 32 --label subject-dass --loss focal --head-hidden 128 --csv data/comprehensive_labels.csv --weight-decay 0.05 --grad-clip 2.0 --warmup-epochs 3 --aug-overlap 0.75 --norm zscore --dropout 0.5 --lr 0.0003

/raid/jupyter-linjimmy1003.md10/.conda/envs/stress/lib/python3.11/site-packages/timm/models/layers/__init__.py:49: FutureWarning: Importing from timm.models.layers is deprecated, please import via timm.layers
  warnings.warn(f"Importing from {__name__} is deprecated, please import via timm.layers", FutureWarning)
Mode: FT | Extractor: shallowconvnet | Folds: 5
LR: 0.0003 | WD: 0.05 | Beta2: 0.999 | Grad clip: 2.0
Head: hidden=128, dropout=0.5 | Norm: zscore | Loss: focal
Full FT: encoder_lr_scale=0.1
Augmentation: 75% overlap for increase class

Results → results/hp_sweep/20260409_main/shallowconvnet/shallowconvnet_dropout0.5_lr3e-4_s42/
Dataset: 70 recordings loaded (14 increase, 56 normal)
Cache: 70 recordings ready (70 cached, 0 new)
Subject-DASS labels: increase=23 (5 subjects), normal=47

============================================================
Fold 1/5
============================================================
  Train:  43 samples, 10 subjects [2, 3, 5, 6, 7, 9, 11, 13, 17, 18], label_0=28, label_1=15
    Val:  13 samples,  3 subjects [4, 8, 10], label_0=10, label_1=3
   Test:  14 samples,  4 subjects [1, 12, 14, 16], label_0=9, label_1=5
  Building window datasets...
    WindowDataset: 6561 windows (class_0=2058, class_1=4503)
    WindowDataset: 900 windows (class_0=638, class_1=262)
    WindowDataset: 1463 windows (class_0=1146, class_1=317)
[ShallowConvNet] F_t=40 F_s=40 k_time=25 pool=75/15 T=1000 -> embed_dim=2440 (49,120 params)
  Trainable parameters: 674,403
  Class weights: [1.59402334690094, 0.7285143136978149]
  Fold 1 | Ep   1/100 | t_loss=0.1886 t_acc=0.530 | v_win_bal=0.617 v_rec_bal=0.483 | lr=1.0e-04 | 3.6s
  Fold 1 | Ep   2/100 | t_loss=0.1350 t_acc=0.714 | v_win_bal=0.627 v_rec_bal=0.483 | lr=2.0e-04 | 1.6s
  Fold 1 | Ep   3/100 | t_loss=0.0841 t_acc=0.871 | v_win_bal=0.656 v_rec_bal=0.483 | lr=3.0e-04 | 1.5s
  Fold 1 | Ep   4/100 | t_loss=0.0507 t_acc=0.931 | v_win_bal=0.670 v_rec_bal=0.483 | lr=3.0e-04 | 1.7s
  Fold 1 | Ep   5/100 | t_loss=0.0324 t_acc=0.958 | v_win_bal=0.658 v_rec_bal=0.483 | lr=3.0e-04 | 1.4s
  Fold 1 | Ep   6/100 | t_loss=0.0281 t_acc=0.966 | v_win_bal=0.668 v_rec_bal=0.650 | lr=3.0e-04 | 1.4s
  Fold 1 | Ep   7/100 | t_loss=0.0227 t_acc=0.975 | v_win_bal=0.665 v_rec_bal=0.483 | lr=3.0e-04 | 1.4s
  Fold 1 | Ep   8/100 | t_loss=0.0165 t_acc=0.980 | v_win_bal=0.659 v_rec_bal=0.650 | lr=3.0e-04 | 1.5s
  Fold 1 | Ep   9/100 | t_loss=0.0123 t_acc=0.984 | v_win_bal=0.661 v_rec_bal=0.650 | lr=3.0e-04 | 1.5s
  Fold 1 | Ep  10/100 | t_loss=0.0140 t_acc=0.984 | v_win_bal=0.681 v_rec_bal=0.650 | lr=3.0e-04 | 1.4s
  Fold 1 | Ep  11/100 | t_loss=0.0115 t_acc=0.987 | v_win_bal=0.682 v_rec_bal=0.483 | lr=2.9e-04 | 1.4s
  Fold 1 | Ep  12/100 | t_loss=0.0101 t_acc=0.989 | v_win_bal=0.686 v_rec_bal=0.650 | lr=2.9e-04 | 1.6s
  Fold 1 | Ep  13/100 | t_loss=0.0077 t_acc=0.992 | v_win_bal=0.683 v_rec_bal=0.650 | lr=2.9e-04 | 1.4s
  Fold 1 | Ep  14/100 | t_loss=0.0080 t_acc=0.992 | v_win_bal=0.658 v_rec_bal=0.483 | lr=2.9e-04 | 1.4s
  Fold 1 | Ep  15/100 | t_loss=0.0125 t_acc=0.989 | v_win_bal=0.680 v_rec_bal=0.650 | lr=2.9e-04 | 1.5s
  Fold 1 | Ep  16/100 | t_loss=0.0061 t_acc=0.992 | v_win_bal=0.690 v_rec_bal=0.483 | lr=2.9e-04 | 1.6s
  Fold 1 | Ep  17/100 | t_loss=0.0090 t_acc=0.991 | v_win_bal=0.702 v_rec_bal=0.650 | lr=2.8e-04 | 1.4s
  Fold 1 | Ep  18/100 | t_loss=0.0082 t_acc=0.992 | v_win_bal=0.679 v_rec_bal=0.483 | lr=2.8e-04 | 1.5s
  Fold 1 | Ep  19/100 | t_loss=0.0036 t_acc=0.997 | v_win_bal=0.678 v_rec_bal=0.483 | lr=2.8e-04 | 1.5s
  Fold 1 | Ep  20/100 | t_loss=0.0062 t_acc=0.994 | v_win_bal=0.679 v_rec_bal=0.483 | lr=2.8e-04 | 1.4s
  Fold 1 | Ep  21/100 | t_loss=0.0077 t_acc=0.993 | v_win_bal=0.663 v_rec_bal=0.650 | lr=2.8e-04 | 1.4s
  Fold 1 | Ep  22/100 | t_loss=0.0062 t_acc=0.994 | v_win_bal=0.690 v_rec_bal=0.650 | lr=2.7e-04 | 1.4s
  Fold 1 | Ep  23/100 | t_loss=0.0063 t_acc=0.995 | v_win_bal=0.680 v_rec_bal=0.483 | lr=2.7e-04 | 1.4s
  Fold 1 | Ep  24/100 | t_loss=0.0061 t_acc=0.993 | v_win_bal=0.657 v_rec_bal=0.650 | lr=2.7e-04 | 1.4s
  Fold 1 | Ep  25/100 | t_loss=0.0049 t_acc=0.996 | v_win_bal=0.676 v_rec_bal=0.650 | lr=2.6e-04 | 1.4s
  Fold 1 | Ep  26/100 | t_loss=0.0043 t_acc=0.995 | v_win_bal=0.679 v_rec_bal=0.650 | lr=2.6e-04 | 1.4s
  Fold 1 | Ep  27/100 | t_loss=0.0043 t_acc=0.996 | v_win_bal=0.680 v_rec_bal=0.650 | lr=2.6e-04 | 1.6s
  Fold 1 | Ep  28/100 | t_loss=0.0031 t_acc=0.997 | v_win_bal=0.686 v_rec_bal=0.650 | lr=2.5e-04 | 1.6s
  Fold 1 | Ep  29/100 | t_loss=0.0055 t_acc=0.996 | v_win_bal=0.670 v_rec_bal=0.483 | lr=2.5e-04 | 1.4s
  Fold 1 | Ep  30/100 | t_loss=0.0057 t_acc=0.997 | v_win_bal=0.686 v_rec_bal=0.650 | lr=2.5e-04 | 1.4s
  Early stop at epoch 30
  -> Test (best @ epoch 6): acc=0.8571, bal_acc=0.8889

============================================================
Fold 2/5
============================================================
  Train:  43 samples, 10 subjects [3, 4, 6, 7, 11, 13, 14, 16, 17, 18], label_0=28, label_1=15
    Val:  14 samples,  4 subjects [1, 2, 9, 12], label_0=9, label_1=5
   Test:  13 samples,  3 subjects [5, 8, 10], label_0=10, label_1=3
  Building window datasets...
    WindowDataset: 6670 windows (class_0=2167, class_1=4503)
    WindowDataset: 1341 windows (class_0=1024, class_1=317)
    WindowDataset: 913 windows (class_0=651, class_1=262)
[ShallowConvNet] F_t=40 F_s=40 k_time=25 pool=75/15 T=1000 -> embed_dim=2440 (49,120 params)
  Fold 2 | Ep   1/100 | t_loss=0.1889 t_acc=0.589 | v_win_bal=0.691 v_rec_bal=0.744 | lr=1.0e-04 | 1.5s
  Fold 2 | Ep   2/100 | t_loss=0.1237 t_acc=0.750 | v_win_bal=0.743 v_rec_bal=0.689 | lr=2.0e-04 | 1.5s
  Fold 2 | Ep   3/100 | t_loss=0.0726 t_acc=0.880 | v_win_bal=0.753 v_rec_bal=0.744 | lr=3.0e-04 | 1.5s
  Fold 2 | Ep   4/100 | t_loss=0.0424 t_acc=0.936 | v_win_bal=0.757 v_rec_bal=0.744 | lr=3.0e-04 | 1.6s
  Fold 2 | Ep   5/100 | t_loss=0.0327 t_acc=0.960 | v_win_bal=0.823 v_rec_bal=0.944 | lr=3.0e-04 | 1.5s
  Fold 2 | Ep   6/100 | t_loss=0.0273 t_acc=0.966 | v_win_bal=0.790 v_rec_bal=0.744 | lr=3.0e-04 | 1.5s
  Fold 2 | Ep   7/100 | t_loss=0.0184 t_acc=0.978 | v_win_bal=0.814 v_rec_bal=0.844 | lr=3.0e-04 | 1.5s
  Fold 2 | Ep   8/100 | t_loss=0.0181 t_acc=0.980 | v_win_bal=0.811 v_rec_bal=0.844 | lr=3.0e-04 | 1.6s
  Fold 2 | Ep   9/100 | t_loss=0.0126 t_acc=0.982 | v_win_bal=0.797 v_rec_bal=0.844 | lr=3.0e-04 | 1.5s
  Fold 2 | Ep  10/100 | t_loss=0.0110 t_acc=0.987 | v_win_bal=0.834 v_rec_bal=0.889 | lr=3.0e-04 | 1.5s
  Fold 2 | Ep  11/100 | t_loss=0.0096 t_acc=0.988 | v_win_bal=0.838 v_rec_bal=0.944 | lr=2.9e-04 | 1.5s
  Fold 2 | Ep  12/100 | t_loss=0.0102 t_acc=0.988 | v_win_bal=0.802 v_rec_bal=0.844 | lr=2.9e-04 | 1.6s
  Fold 2 | Ep  13/100 | t_loss=0.0110 t_acc=0.988 | v_win_bal=0.836 v_rec_bal=0.944 | lr=2.9e-04 | 1.5s
  Fold 2 | Ep  14/100 | t_loss=0.0083 t_acc=0.990 | v_win_bal=0.824 v_rec_bal=0.944 | lr=2.9e-04 | 1.5s
  Fold 2 | Ep  15/100 | t_loss=0.0103 t_acc=0.990 | v_win_bal=0.765 v_rec_bal=0.744 | lr=2.9e-04 | 1.5s
  Fold 2 | Ep  16/100 | t_loss=0.0090 t_acc=0.991 | v_win_bal=0.846 v_rec_bal=0.944 | lr=2.9e-04 | 1.5s
  Fold 2 | Ep  17/100 | t_loss=0.0054 t_acc=0.994 | v_win_bal=0.848 v_rec_bal=0.889 | lr=2.8e-04 | 1.5s
  Fold 2 | Ep  18/100 | t_loss=0.0082 t_acc=0.992 | v_win_bal=0.863 v_rec_bal=0.944 | lr=2.8e-04 | 1.5s
  Fold 2 | Ep  19/100 | t_loss=0.0081 t_acc=0.992 | v_win_bal=0.753 v_rec_bal=0.744 | lr=2.8e-04 | 1.5s
  Fold 2 | Ep  20/100 | t_loss=0.0085 t_acc=0.992 | v_win_bal=0.819 v_rec_bal=0.844 | lr=2.8e-04 | 1.7s
  Fold 2 | Ep  21/100 | t_loss=0.0087 t_acc=0.992 | v_win_bal=0.781 v_rec_bal=0.844 | lr=2.8e-04 | 1.5s
  Fold 2 | Ep  22/100 | t_loss=0.0044 t_acc=0.996 | v_win_bal=0.788 v_rec_bal=0.844 | lr=2.7e-04 | 1.5s
  Fold 2 | Ep  23/100 | t_loss=0.0059 t_acc=0.993 | v_win_bal=0.812 v_rec_bal=0.844 | lr=2.7e-04 | 1.5s
  Fold 2 | Ep  24/100 | t_loss=0.0042 t_acc=0.995 | v_win_bal=0.855 v_rec_bal=0.944 | lr=2.7e-04 | 1.5s
  Fold 2 | Ep  25/100 | t_loss=0.0090 t_acc=0.996 | v_win_bal=0.845 v_rec_bal=0.889 | lr=2.6e-04 | 1.5s
  Fold 2 | Ep  26/100 | t_loss=0.0040 t_acc=0.996 | v_win_bal=0.794 v_rec_bal=0.844 | lr=2.6e-04 | 1.5s
  Fold 2 | Ep  27/100 | t_loss=0.0038 t_acc=0.997 | v_win_bal=0.770 v_rec_bal=0.844 | lr=2.6e-04 | 1.7s
  Fold 2 | Ep  28/100 | t_loss=0.0027 t_acc=0.998 | v_win_bal=0.808 v_rec_bal=0.844 | lr=2.5e-04 | 1.5s
  Fold 2 | Ep  29/100 | t_loss=0.0023 t_acc=0.998 | v_win_bal=0.756 v_rec_bal=0.844 | lr=2.5e-04 | 1.5s
  Fold 2 | Ep  30/100 | t_loss=0.0048 t_acc=0.996 | v_win_bal=0.788 v_rec_bal=0.844 | lr=2.5e-04 | 1.5s
  Fold 2 | Ep  31/100 | t_loss=0.0052 t_acc=0.997 | v_win_bal=0.841 v_rec_bal=0.844 | lr=2.4e-04 | 1.5s
  Fold 2 | Ep  32/100 | t_loss=0.0050 t_acc=0.997 | v_win_bal=0.838 v_rec_bal=0.944 | lr=2.4e-04 | 1.5s
  Fold 2 | Ep  33/100 | t_loss=0.0046 t_acc=0.996 | v_win_bal=0.877 v_rec_bal=0.944 | lr=2.3e-04 | 1.5s
  Fold 2 | Ep  34/100 | t_loss=0.0042 t_acc=0.996 | v_win_bal=0.844 v_rec_bal=0.889 | lr=2.3e-04 | 1.5s
  Fold 2 | Ep  35/100 | t_loss=0.0039 t_acc=0.997 | v_win_bal=0.803 v_rec_bal=0.844 | lr=2.3e-04 | 1.5s
  Fold 2 | Ep  36/100 | t_loss=0.0029 t_acc=0.997 | v_win_bal=0.795 v_rec_bal=0.844 | lr=2.2e-04 | 1.5s
  Fold 2 | Ep  37/100 | t_loss=0.0030 t_acc=0.997 | v_win_bal=0.846 v_rec_bal=0.889 | lr=2.2e-04 | 1.5s
  Fold 2 | Ep  38/100 | t_loss=0.0041 t_acc=0.997 | v_win_bal=0.833 v_rec_bal=0.944 | lr=2.1e-04 | 1.5s
  Early stop at epoch 38
  -> Test (best @ epoch 5): acc=0.4615, bal_acc=0.5333

============================================================
Fold 3/5
============================================================
  Train:  40 samples, 10 subjects [4, 5, 8, 9, 10, 11, 13, 16, 17, 18], label_0=28, label_1=12
    Val:  14 samples,  4 subjects [1, 2, 12, 14], label_0=9, label_1=5
   Test:  16 samples,  3 subjects [3, 6, 7], label_0=10, label_1=6
  Building window datasets...
    WindowDataset: 6192 windows (class_0=2112, class_1=4080)
    WindowDataset: 1457 windows (class_0=1140, class_1=317)
    WindowDataset: 960 windows (class_0=590, class_1=370)
[ShallowConvNet] F_t=40 F_s=40 k_time=25 pool=75/15 T=1000 -> embed_dim=2440 (49,120 params)
  Fold 3 | Ep   1/100 | t_loss=0.1917 t_acc=0.561 | v_win_bal=0.729 v_rec_bal=0.789 | lr=1.0e-04 | 1.4s
  Fold 3 | Ep   2/100 | t_loss=0.1333 t_acc=0.731 | v_win_bal=0.789 v_rec_bal=0.944 | lr=2.0e-04 | 1.4s
  Fold 3 | Ep   3/100 | t_loss=0.0724 t_acc=0.887 | v_win_bal=0.862 v_rec_bal=0.944 | lr=3.0e-04 | 1.6s
  Fold 3 | Ep   4/100 | t_loss=0.0388 t_acc=0.944 | v_win_bal=0.857 v_rec_bal=0.944 | lr=3.0e-04 | 1.4s
  Fold 3 | Ep   5/100 | t_loss=0.0264 t_acc=0.965 | v_win_bal=0.901 v_rec_bal=0.944 | lr=3.0e-04 | 1.4s
  Fold 3 | Ep   6/100 | t_loss=0.0247 t_acc=0.972 | v_win_bal=0.885 v_rec_bal=0.944 | lr=3.0e-04 | 1.4s
  Fold 3 | Ep   7/100 | t_loss=0.0165 t_acc=0.981 | v_win_bal=0.894 v_rec_bal=0.944 | lr=3.0e-04 | 1.5s
  Fold 3 | Ep   8/100 | t_loss=0.0152 t_acc=0.985 | v_win_bal=0.908 v_rec_bal=0.944 | lr=3.0e-04 | 1.7s
  Fold 3 | Ep   9/100 | t_loss=0.0123 t_acc=0.987 | v_win_bal=0.895 v_rec_bal=0.944 | lr=3.0e-04 | 1.6s
  Fold 3 | Ep  10/100 | t_loss=0.0095 t_acc=0.989 | v_win_bal=0.920 v_rec_bal=0.944 | lr=3.0e-04 | 1.4s
  Fold 3 | Ep  11/100 | t_loss=0.0081 t_acc=0.990 | v_win_bal=0.892 v_rec_bal=0.944 | lr=2.9e-04 | 1.6s
  Fold 3 | Ep  12/100 | t_loss=0.0076 t_acc=0.992 | v_win_bal=0.902 v_rec_bal=0.944 | lr=2.9e-04 | 1.4s
  Fold 3 | Ep  13/100 | t_loss=0.0091 t_acc=0.990 | v_win_bal=0.926 v_rec_bal=0.944 | lr=2.9e-04 | 1.4s
  Fold 3 | Ep  14/100 | t_loss=0.0078 t_acc=0.992 | v_win_bal=0.897 v_rec_bal=0.944 | lr=2.9e-04 | 1.4s
  Fold 3 | Ep  15/100 | t_loss=0.0076 t_acc=0.993 | v_win_bal=0.889 v_rec_bal=0.944 | lr=2.9e-04 | 1.4s
  Fold 3 | Ep  16/100 | t_loss=0.0056 t_acc=0.994 | v_win_bal=0.908 v_rec_bal=0.944 | lr=2.9e-04 | 1.4s
  Fold 3 | Ep  17/100 | t_loss=0.0061 t_acc=0.994 | v_win_bal=0.932 v_rec_bal=0.944 | lr=2.8e-04 | 1.4s
  Fold 3 | Ep  18/100 | t_loss=0.0047 t_acc=0.994 | v_win_bal=0.890 v_rec_bal=0.944 | lr=2.8e-04 | 1.4s
  Fold 3 | Ep  19/100 | t_loss=0.0074 t_acc=0.994 | v_win_bal=0.919 v_rec_bal=0.944 | lr=2.8e-04 | 1.4s
  Fold 3 | Ep  20/100 | t_loss=0.0042 t_acc=0.994 | v_win_bal=0.937 v_rec_bal=0.944 | lr=2.8e-04 | 1.4s
  Fold 3 | Ep  21/100 | t_loss=0.0060 t_acc=0.996 | v_win_bal=0.907 v_rec_bal=0.944 | lr=2.8e-04 | 1.4s
  Fold 3 | Ep  22/100 | t_loss=0.0034 t_acc=0.997 | v_win_bal=0.893 v_rec_bal=0.944 | lr=2.7e-04 | 1.4s
  Fold 3 | Ep  23/100 | t_loss=0.0027 t_acc=0.996 | v_win_bal=0.890 v_rec_bal=0.944 | lr=2.7e-04 | 1.5s
  Fold 3 | Ep  24/100 | t_loss=0.0045 t_acc=0.995 | v_win_bal=0.898 v_rec_bal=0.944 | lr=2.7e-04 | 1.4s
  Early stop at epoch 24
  -> Test (best @ epoch 2): acc=0.4375, bal_acc=0.4167

============================================================
Fold 4/5
============================================================
  Train:  39 samples, 11 subjects [1, 2, 4, 5, 8, 9, 10, 12, 14, 16, 17], label_0=28, label_1=11
    Val:  16 samples,  3 subjects [3, 6, 7], label_0=10, label_1=6
   Test:  15 samples,  3 subjects [11, 13, 18], label_0=9, label_1=6
  Building window datasets...
    WindowDataset: 5488 windows (class_0=2461, class_1=3027)
    WindowDataset: 960 windows (class_0=590, class_1=370)
    WindowDataset: 1372 windows (class_0=791, class_1=581)
[ShallowConvNet] F_t=40 F_s=40 k_time=25 pool=75/15 T=1000 -> embed_dim=2440 (49,120 params)
  Fold 4 | Ep   1/100 | t_loss=0.1834 t_acc=0.568 | v_win_bal=0.671 v_rec_bal=0.717 | lr=1.0e-04 | 1.2s
  Fold 4 | Ep   2/100 | t_loss=0.1151 t_acc=0.794 | v_win_bal=0.486 v_rec_bal=0.500 | lr=2.0e-04 | 1.2s
  Fold 4 | Ep   3/100 | t_loss=0.0560 t_acc=0.924 | v_win_bal=0.431 v_rec_bal=0.417 | lr=3.0e-04 | 1.3s
  Fold 4 | Ep   4/100 | t_loss=0.0305 t_acc=0.960 | v_win_bal=0.420 v_rec_bal=0.417 | lr=3.0e-04 | 1.2s
  Fold 4 | Ep   5/100 | t_loss=0.0183 t_acc=0.977 | v_win_bal=0.416 v_rec_bal=0.333 | lr=3.0e-04 | 1.2s
  Fold 4 | Ep   6/100 | t_loss=0.0144 t_acc=0.980 | v_win_bal=0.394 v_rec_bal=0.300 | lr=3.0e-04 | 1.4s
  Fold 4 | Ep   7/100 | t_loss=0.0104 t_acc=0.987 | v_win_bal=0.430 v_rec_bal=0.433 | lr=3.0e-04 | 1.2s
  Fold 4 | Ep   8/100 | t_loss=0.0091 t_acc=0.989 | v_win_bal=0.356 v_rec_bal=0.250 | lr=3.0e-04 | 1.2s
  Fold 4 | Ep   9/100 | t_loss=0.0077 t_acc=0.991 | v_win_bal=0.393 v_rec_bal=0.250 | lr=3.0e-04 | 1.2s
  Fold 4 | Ep  10/100 | t_loss=0.0046 t_acc=0.995 | v_win_bal=0.411 v_rec_bal=0.300 | lr=3.0e-04 | 1.4s
  Fold 4 | Ep  11/100 | t_loss=0.0087 t_acc=0.991 | v_win_bal=0.387 v_rec_bal=0.417 | lr=2.9e-04 | 1.4s
  Fold 4 | Ep  12/100 | t_loss=0.0060 t_acc=0.992 | v_win_bal=0.439 v_rec_bal=0.400 | lr=2.9e-04 | 1.2s
  Fold 4 | Ep  13/100 | t_loss=0.0049 t_acc=0.994 | v_win_bal=0.419 v_rec_bal=0.417 | lr=2.9e-04 | 1.2s
  Fold 4 | Ep  14/100 | t_loss=0.0045 t_acc=0.996 | v_win_bal=0.461 v_rec_bal=0.500 | lr=2.9e-04 | 1.2s
  Fold 4 | Ep  15/100 | t_loss=0.0040 t_acc=0.995 | v_win_bal=0.450 v_rec_bal=0.500 | lr=2.9e-04 | 1.2s
  Fold 4 | Ep  16/100 | t_loss=0.0040 t_acc=0.995 | v_win_bal=0.455 v_rec_bal=0.500 | lr=2.9e-04 | 1.3s
  Fold 4 | Ep  17/100 | t_loss=0.0038 t_acc=0.996 | v_win_bal=0.370 v_rec_bal=0.350 | lr=2.8e-04 | 1.2s
  Fold 4 | Ep  18/100 | t_loss=0.0032 t_acc=0.997 | v_win_bal=0.404 v_rec_bal=0.300 | lr=2.8e-04 | 1.2s
  Fold 4 | Ep  19/100 | t_loss=0.0042 t_acc=0.994 | v_win_bal=0.390 v_rec_bal=0.383 | lr=2.8e-04 | 1.2s
  Fold 4 | Ep  20/100 | t_loss=0.0043 t_acc=0.996 | v_win_bal=0.432 v_rec_bal=0.500 | lr=2.8e-04 | 1.2s
  Fold 4 | Ep  21/100 | t_loss=0.0038 t_acc=0.995 | v_win_bal=0.445 v_rec_bal=0.500 | lr=2.8e-04 | 1.2s
  Early stop at epoch 21
  -> Test (best @ epoch 1): acc=0.6000, bal_acc=0.5278

============================================================
Fold 5/5
============================================================
  Train:  44 samples,  9 subjects [3, 5, 6, 7, 8, 10, 11, 13, 18], label_0=29, label_1=15
    Val:  14 samples,  4 subjects [1, 12, 14, 16], label_0=9, label_1=5
   Test:  12 samples,  4 subjects [2, 4, 9, 17], label_0=9, label_1=3
  Building window datasets...
    WindowDataset: 6839 windows (class_0=2032, class_1=4807)
    WindowDataset: 1463 windows (class_0=1146, class_1=317)
    WindowDataset: 850 windows (class_0=664, class_1=186)
[ShallowConvNet] F_t=40 F_s=40 k_time=25 pool=75/15 T=1000 -> embed_dim=2440 (49,120 params)
  Fold 5 | Ep   1/100 | t_loss=0.1779 t_acc=0.618 | v_win_bal=0.757 v_rec_bal=0.844 | lr=1.0e-04 | 1.6s
  Fold 5 | Ep   2/100 | t_loss=0.1107 t_acc=0.797 | v_win_bal=0.770 v_rec_bal=0.744 | lr=2.0e-04 | 1.6s
  Fold 5 | Ep   3/100 | t_loss=0.0650 t_acc=0.897 | v_win_bal=0.838 v_rec_bal=0.844 | lr=3.0e-04 | 1.6s
  Fold 5 | Ep   4/100 | t_loss=0.0368 t_acc=0.944 | v_win_bal=0.834 v_rec_bal=0.844 | lr=3.0e-04 | 1.8s
  Fold 5 | Ep   5/100 | t_loss=0.0245 t_acc=0.967 | v_win_bal=0.878 v_rec_bal=0.944 | lr=3.0e-04 | 1.6s
  Fold 5 | Ep   6/100 | t_loss=0.0180 t_acc=0.977 | v_win_bal=0.874 v_rec_bal=0.789 | lr=3.0e-04 | 1.6s
  Fold 5 | Ep   7/100 | t_loss=0.0178 t_acc=0.981 | v_win_bal=0.885 v_rec_bal=0.889 | lr=3.0e-04 | 1.6s
  Fold 5 | Ep   8/100 | t_loss=0.0121 t_acc=0.986 | v_win_bal=0.903 v_rec_bal=0.889 | lr=3.0e-04 | 1.6s
  Fold 5 | Ep   9/100 | t_loss=0.0096 t_acc=0.989 | v_win_bal=0.893 v_rec_bal=0.889 | lr=3.0e-04 | 1.7s
  Fold 5 | Ep  10/100 | t_loss=0.0108 t_acc=0.988 | v_win_bal=0.898 v_rec_bal=0.889 | lr=3.0e-04 | 1.6s
  Fold 5 | Ep  11/100 | t_loss=0.0090 t_acc=0.990 | v_win_bal=0.896 v_rec_bal=0.889 | lr=2.9e-04 | 1.6s
  Fold 5 | Ep  12/100 | t_loss=0.0075 t_acc=0.991 | v_win_bal=0.908 v_rec_bal=0.889 | lr=2.9e-04 | 1.6s
  Fold 5 | Ep  13/100 | t_loss=0.0086 t_acc=0.988 | v_win_bal=0.895 v_rec_bal=0.889 | lr=2.9e-04 | 1.6s
  Fold 5 | Ep  14/100 | t_loss=0.0088 t_acc=0.992 | v_win_bal=0.899 v_rec_bal=0.889 | lr=2.9e-04 | 1.8s
  Fold 5 | Ep  15/100 | t_loss=0.0082 t_acc=0.992 | v_win_bal=0.891 v_rec_bal=0.889 | lr=2.9e-04 | 1.6s
  Fold 5 | Ep  16/100 | t_loss=0.0076 t_acc=0.993 | v_win_bal=0.898 v_rec_bal=0.889 | lr=2.9e-04 | 1.6s
  Fold 5 | Ep  17/100 | t_loss=0.0069 t_acc=0.993 | v_win_bal=0.906 v_rec_bal=0.889 | lr=2.8e-04 | 1.6s
  Fold 5 | Ep  18/100 | t_loss=0.0060 t_acc=0.993 | v_win_bal=0.911 v_rec_bal=0.889 | lr=2.8e-04 | 1.6s
  Fold 5 | Ep  19/100 | t_loss=0.0062 t_acc=0.994 | v_win_bal=0.905 v_rec_bal=0.889 | lr=2.8e-04 | 1.6s
  Fold 5 | Ep  20/100 | t_loss=0.0058 t_acc=0.995 | v_win_bal=0.896 v_rec_bal=0.889 | lr=2.8e-04 | 1.7s
  Fold 5 | Ep  21/100 | t_loss=0.0045 t_acc=0.994 | v_win_bal=0.909 v_rec_bal=0.889 | lr=2.8e-04 | 1.8s
  Fold 5 | Ep  22/100 | t_loss=0.0060 t_acc=0.995 | v_win_bal=0.897 v_rec_bal=0.889 | lr=2.7e-04 | 1.6s
  Fold 5 | Ep  23/100 | t_loss=0.0067 t_acc=0.994 | v_win_bal=0.915 v_rec_bal=0.889 | lr=2.7e-04 | 1.6s
  Fold 5 | Ep  24/100 | t_loss=0.0062 t_acc=0.995 | v_win_bal=0.894 v_rec_bal=0.889 | lr=2.7e-04 | 1.6s
  Fold 5 | Ep  25/100 | t_loss=0.0084 t_acc=0.993 | v_win_bal=0.886 v_rec_bal=0.889 | lr=2.6e-04 | 1.6s
  Fold 5 | Ep  26/100 | t_loss=0.0033 t_acc=0.996 | v_win_bal=0.907 v_rec_bal=0.889 | lr=2.6e-04 | 1.6s
  Fold 5 | Ep  27/100 | t_loss=0.0052 t_acc=0.996 | v_win_bal=0.911 v_rec_bal=0.889 | lr=2.6e-04 | 1.6s
  Fold 5 | Ep  28/100 | t_loss=0.0066 t_acc=0.994 | v_win_bal=0.901 v_rec_bal=0.889 | lr=2.5e-04 | 1.6s
  Fold 5 | Ep  29/100 | t_loss=0.0029 t_acc=0.997 | v_win_bal=0.895 v_rec_bal=0.944 | lr=2.5e-04 | 1.6s
  Fold 5 | Ep  30/100 | t_loss=0.0054 t_acc=0.996 | v_win_bal=0.912 v_rec_bal=0.889 | lr=2.5e-04 | 2.1s
  Fold 5 | Ep  31/100 | t_loss=0.0046 t_acc=0.996 | v_win_bal=0.901 v_rec_bal=0.889 | lr=2.4e-04 | 1.5s
  Fold 5 | Ep  32/100 | t_loss=0.0059 t_acc=0.996 | v_win_bal=0.903 v_rec_bal=0.889 | lr=2.4e-04 | 1.6s
  Fold 5 | Ep  33/100 | t_loss=0.0025 t_acc=0.998 | v_win_bal=0.913 v_rec_bal=0.889 | lr=2.3e-04 | 1.6s
  Fold 5 | Ep  34/100 | t_loss=0.0041 t_acc=0.997 | v_win_bal=0.908 v_rec_bal=0.889 | lr=2.3e-04 | 1.6s
  Fold 5 | Ep  35/100 | t_loss=0.0024 t_acc=0.998 | v_win_bal=0.913 v_rec_bal=0.889 | lr=2.3e-04 | 1.6s
  Fold 5 | Ep  36/100 | t_loss=0.0028 t_acc=0.997 | v_win_bal=0.902 v_rec_bal=0.889 | lr=2.2e-04 | 1.6s
  Fold 5 | Ep  37/100 | t_loss=0.0028 t_acc=0.997 | v_win_bal=0.912 v_rec_bal=0.889 | lr=2.2e-04 | 1.6s
  Fold 5 | Ep  38/100 | t_loss=0.0065 t_acc=0.996 | v_win_bal=0.901 v_rec_bal=0.889 | lr=2.1e-04 | 1.6s
  Fold 5 | Ep  39/100 | t_loss=0.0030 t_acc=0.998 | v_win_bal=0.910 v_rec_bal=0.889 | lr=2.1e-04 | 1.8s
  Fold 5 | Ep  40/100 | t_loss=0.0022 t_acc=0.998 | v_win_bal=0.898 v_rec_bal=0.889 | lr=2.0e-04 | 1.6s
  Fold 5 | Ep  41/100 | t_loss=0.0022 t_acc=0.998 | v_win_bal=0.884 v_rec_bal=0.789 | lr=2.0e-04 | 1.6s
  Fold 5 | Ep  42/100 | t_loss=0.0029 t_acc=0.998 | v_win_bal=0.900 v_rec_bal=0.889 | lr=2.0e-04 | 1.6s
  Fold 5 | Ep  43/100 | t_loss=0.0035 t_acc=0.997 | v_win_bal=0.895 v_rec_bal=0.889 | lr=1.9e-04 | 1.6s
  Fold 5 | Ep  44/100 | t_loss=0.0019 t_acc=0.998 | v_win_bal=0.898 v_rec_bal=0.889 | lr=1.9e-04 | 1.6s
  Fold 5 | Ep  45/100 | t_loss=0.0052 t_acc=0.996 | v_win_bal=0.896 v_rec_bal=0.889 | lr=1.8e-04 | 1.6s
  Fold 5 | Ep  46/100 | t_loss=0.0025 t_acc=0.997 | v_win_bal=0.907 v_rec_bal=0.889 | lr=1.8e-04 | 1.6s
  Fold 5 | Ep  47/100 | t_loss=0.0028 t_acc=0.998 | v_win_bal=0.889 v_rec_bal=0.889 | lr=1.7e-04 | 1.6s
  Fold 5 | Ep  48/100 | t_loss=0.0025 t_acc=0.998 | v_win_bal=0.894 v_rec_bal=0.889 | lr=1.7e-04 | 1.5s
  Fold 5 | Ep  49/100 | t_loss=0.0018 t_acc=0.998 | v_win_bal=0.896 v_rec_bal=0.889 | lr=1.6e-04 | 1.5s
  Early stop at epoch 49
  -> Test (best @ epoch 5): acc=0.1667, bal_acc=0.1111

============================================================
Global Results (5-Fold, subject-level CV)
Mode: FT | Extractor: shallowconvnet | Loss: focal
============================================================
              acc: 0.5143
          bal_acc: 0.4940
               f1: 0.5277
            kappa: -0.0110
  Total predictions: 70 (should equal dataset size: 70)

Results saved to results/hp_sweep/20260409_main/shallowconvnet/shallowconvnet_dropout0.5_lr3e-4_s42/
