CMD: /raid/jupyter-linjimmy1003.md10/.conda/envs/stress/bin/python train_ft.py --extractor shallowconvnet --seed 42 --device cuda:2 --run-id hp_sweep/20260409_main/shallowconvnet/shallowconvnet_dropout0.1_lr1e-4_s42 --mode ft --folds 5 --epochs 100 --patience 20 --batch-size 32 --label subject-dass --loss focal --head-hidden 128 --csv data/comprehensive_labels.csv --weight-decay 0.05 --grad-clip 2.0 --warmup-epochs 3 --aug-overlap 0.75 --norm zscore --dropout 0.1 --lr 0.0001

/raid/jupyter-linjimmy1003.md10/.conda/envs/stress/lib/python3.11/site-packages/timm/models/layers/__init__.py:49: FutureWarning: Importing from timm.models.layers is deprecated, please import via timm.layers
  warnings.warn(f"Importing from {__name__} is deprecated, please import via timm.layers", FutureWarning)
Mode: FT | Extractor: shallowconvnet | Folds: 5
LR: 0.0001 | WD: 0.05 | Beta2: 0.999 | Grad clip: 2.0
Head: hidden=128, dropout=0.1 | Norm: zscore | Loss: focal
Full FT: encoder_lr_scale=0.1
Augmentation: 75% overlap for increase class

Results → results/hp_sweep/20260409_main/shallowconvnet/shallowconvnet_dropout0.1_lr1e-4_s42/
Dataset: 70 recordings loaded (14 increase, 56 normal)
Cache: 70 recordings ready (70 cached, 0 new)
Subject-DASS labels: increase=23 (5 subjects), normal=47

============================================================
Fold 1/5
============================================================
  Train:  43 samples, 10 subjects [2, 3, 5, 6, 7, 9, 11, 13, 17, 18], label_0=28, label_1=15
    Val:  13 samples,  3 subjects [4, 8, 10], label_0=10, label_1=3
   Test:  14 samples,  4 subjects [1, 12, 14, 16], label_0=9, label_1=5
  Building window datasets...
    WindowDataset: 6561 windows (class_0=2058, class_1=4503)
    WindowDataset: 900 windows (class_0=638, class_1=262)
    WindowDataset: 1463 windows (class_0=1146, class_1=317)
[ShallowConvNet] F_t=40 F_s=40 k_time=25 pool=75/15 T=1000 -> embed_dim=2440 (49,120 params)
  Trainable parameters: 674,403
  Class weights: [1.59402334690094, 0.7285143136978149]
  Fold 1 | Ep   1/100 | t_loss=0.1737 t_acc=0.521 | v_win_bal=0.604 v_rec_bal=0.533 | lr=3.3e-05 | 3.9s
  Fold 1 | Ep   2/100 | t_loss=0.1393 t_acc=0.701 | v_win_bal=0.610 v_rec_bal=0.483 | lr=6.7e-05 | 1.5s
  Fold 1 | Ep   3/100 | t_loss=0.0959 t_acc=0.838 | v_win_bal=0.639 v_rec_bal=0.483 | lr=1.0e-04 | 1.5s
  Fold 1 | Ep   4/100 | t_loss=0.0628 t_acc=0.903 | v_win_bal=0.655 v_rec_bal=0.483 | lr=1.0e-04 | 1.6s
  Fold 1 | Ep   5/100 | t_loss=0.0429 t_acc=0.938 | v_win_bal=0.661 v_rec_bal=0.483 | lr=1.0e-04 | 1.6s
  Fold 1 | Ep   6/100 | t_loss=0.0342 t_acc=0.953 | v_win_bal=0.666 v_rec_bal=0.650 | lr=1.0e-04 | 1.6s
  Fold 1 | Ep   7/100 | t_loss=0.0251 t_acc=0.967 | v_win_bal=0.678 v_rec_bal=0.483 | lr=1.0e-04 | 1.5s
  Fold 1 | Ep   8/100 | t_loss=0.0202 t_acc=0.975 | v_win_bal=0.661 v_rec_bal=0.650 | lr=9.9e-05 | 1.5s
  Fold 1 | Ep   9/100 | t_loss=0.0160 t_acc=0.982 | v_win_bal=0.668 v_rec_bal=0.650 | lr=9.9e-05 | 1.5s
  Fold 1 | Ep  10/100 | t_loss=0.0159 t_acc=0.980 | v_win_bal=0.676 v_rec_bal=0.650 | lr=9.9e-05 | 1.7s
  Fold 1 | Ep  11/100 | t_loss=0.0113 t_acc=0.986 | v_win_bal=0.676 v_rec_bal=0.483 | lr=9.8e-05 | 1.5s
  Fold 1 | Ep  12/100 | t_loss=0.0091 t_acc=0.988 | v_win_bal=0.678 v_rec_bal=0.650 | lr=9.8e-05 | 1.5s
  Fold 1 | Ep  13/100 | t_loss=0.0069 t_acc=0.990 | v_win_bal=0.679 v_rec_bal=0.650 | lr=9.7e-05 | 1.5s
  Fold 1 | Ep  14/100 | t_loss=0.0073 t_acc=0.990 | v_win_bal=0.676 v_rec_bal=0.483 | lr=9.7e-05 | 1.7s
  Fold 1 | Ep  15/100 | t_loss=0.0077 t_acc=0.991 | v_win_bal=0.683 v_rec_bal=0.650 | lr=9.6e-05 | 1.7s
  Fold 1 | Ep  16/100 | t_loss=0.0085 t_acc=0.992 | v_win_bal=0.694 v_rec_bal=0.483 | lr=9.6e-05 | 1.5s
  Fold 1 | Ep  17/100 | t_loss=0.0069 t_acc=0.992 | v_win_bal=0.679 v_rec_bal=0.650 | lr=9.5e-05 | 1.5s
  Fold 1 | Ep  18/100 | t_loss=0.0061 t_acc=0.994 | v_win_bal=0.680 v_rec_bal=0.483 | lr=9.4e-05 | 1.5s
  Fold 1 | Ep  19/100 | t_loss=0.0037 t_acc=0.995 | v_win_bal=0.695 v_rec_bal=0.650 | lr=9.3e-05 | 1.5s
  Fold 1 | Ep  20/100 | t_loss=0.0075 t_acc=0.993 | v_win_bal=0.670 v_rec_bal=0.650 | lr=9.3e-05 | 1.5s
  Fold 1 | Ep  21/100 | t_loss=0.0050 t_acc=0.996 | v_win_bal=0.673 v_rec_bal=0.650 | lr=9.2e-05 | 1.6s
  Fold 1 | Ep  22/100 | t_loss=0.0038 t_acc=0.996 | v_win_bal=0.683 v_rec_bal=0.483 | lr=9.1e-05 | 1.8s
  Fold 1 | Ep  23/100 | t_loss=0.0041 t_acc=0.996 | v_win_bal=0.681 v_rec_bal=0.650 | lr=9.0e-05 | 1.6s
  Fold 1 | Ep  24/100 | t_loss=0.0041 t_acc=0.995 | v_win_bal=0.669 v_rec_bal=0.650 | lr=8.9e-05 | 1.5s
  Fold 1 | Ep  25/100 | t_loss=0.0034 t_acc=0.997 | v_win_bal=0.668 v_rec_bal=0.650 | lr=8.8e-05 | 1.9s
  Fold 1 | Ep  26/100 | t_loss=0.0036 t_acc=0.996 | v_win_bal=0.667 v_rec_bal=0.650 | lr=8.7e-05 | 1.7s
  Fold 1 | Ep  27/100 | t_loss=0.0043 t_acc=0.996 | v_win_bal=0.678 v_rec_bal=0.650 | lr=8.6e-05 | 1.6s
  Fold 1 | Ep  28/100 | t_loss=0.0034 t_acc=0.996 | v_win_bal=0.676 v_rec_bal=0.650 | lr=8.4e-05 | 1.5s
  Fold 1 | Ep  29/100 | t_loss=0.0028 t_acc=0.996 | v_win_bal=0.667 v_rec_bal=0.483 | lr=8.3e-05 | 1.5s
  Fold 1 | Ep  30/100 | t_loss=0.0026 t_acc=0.997 | v_win_bal=0.682 v_rec_bal=0.650 | lr=8.2e-05 | 1.6s
  Early stop at epoch 30
  -> Test (best @ epoch 6): acc=0.7857, bal_acc=0.8333

============================================================
Fold 2/5
============================================================
  Train:  43 samples, 10 subjects [3, 4, 6, 7, 11, 13, 14, 16, 17, 18], label_0=28, label_1=15
    Val:  14 samples,  4 subjects [1, 2, 9, 12], label_0=9, label_1=5
   Test:  13 samples,  3 subjects [5, 8, 10], label_0=10, label_1=3
  Building window datasets...
    WindowDataset: 6670 windows (class_0=2167, class_1=4503)
    WindowDataset: 1341 windows (class_0=1024, class_1=317)
    WindowDataset: 913 windows (class_0=651, class_1=262)
[ShallowConvNet] F_t=40 F_s=40 k_time=25 pool=75/15 T=1000 -> embed_dim=2440 (49,120 params)
  Fold 2 | Ep   1/100 | t_loss=0.1690 t_acc=0.611 | v_win_bal=0.688 v_rec_bal=0.744 | lr=3.3e-05 | 1.6s
  Fold 2 | Ep   2/100 | t_loss=0.1271 t_acc=0.740 | v_win_bal=0.746 v_rec_bal=0.689 | lr=6.7e-05 | 1.9s
  Fold 2 | Ep   3/100 | t_loss=0.0867 t_acc=0.848 | v_win_bal=0.713 v_rec_bal=0.744 | lr=1.0e-04 | 1.6s
  Fold 2 | Ep   4/100 | t_loss=0.0542 t_acc=0.915 | v_win_bal=0.750 v_rec_bal=0.689 | lr=1.0e-04 | 1.6s
  Fold 2 | Ep   5/100 | t_loss=0.0383 t_acc=0.945 | v_win_bal=0.792 v_rec_bal=0.889 | lr=1.0e-04 | 1.6s
  Fold 2 | Ep   6/100 | t_loss=0.0300 t_acc=0.958 | v_win_bal=0.783 v_rec_bal=0.744 | lr=1.0e-04 | 1.6s
  Fold 2 | Ep   7/100 | t_loss=0.0220 t_acc=0.970 | v_win_bal=0.799 v_rec_bal=0.889 | lr=1.0e-04 | 1.6s
  Fold 2 | Ep   8/100 | t_loss=0.0195 t_acc=0.974 | v_win_bal=0.803 v_rec_bal=0.944 | lr=9.9e-05 | 1.6s
  Fold 2 | Ep   9/100 | t_loss=0.0170 t_acc=0.979 | v_win_bal=0.811 v_rec_bal=0.889 | lr=9.9e-05 | 1.6s
  Fold 2 | Ep  10/100 | t_loss=0.0133 t_acc=0.982 | v_win_bal=0.814 v_rec_bal=0.944 | lr=9.9e-05 | 1.6s
  Fold 2 | Ep  11/100 | t_loss=0.0105 t_acc=0.986 | v_win_bal=0.838 v_rec_bal=0.944 | lr=9.8e-05 | 1.6s
  Fold 2 | Ep  12/100 | t_loss=0.0113 t_acc=0.986 | v_win_bal=0.830 v_rec_bal=0.944 | lr=9.8e-05 | 1.6s
  Fold 2 | Ep  13/100 | t_loss=0.0094 t_acc=0.989 | v_win_bal=0.834 v_rec_bal=0.889 | lr=9.7e-05 | 2.0s
  Fold 2 | Ep  14/100 | t_loss=0.0069 t_acc=0.991 | v_win_bal=0.813 v_rec_bal=0.889 | lr=9.7e-05 | 1.5s
  Fold 2 | Ep  15/100 | t_loss=0.0104 t_acc=0.988 | v_win_bal=0.836 v_rec_bal=0.889 | lr=9.6e-05 | 1.6s
  Fold 2 | Ep  16/100 | t_loss=0.0090 t_acc=0.990 | v_win_bal=0.825 v_rec_bal=0.944 | lr=9.6e-05 | 1.6s
  Fold 2 | Ep  17/100 | t_loss=0.0065 t_acc=0.992 | v_win_bal=0.834 v_rec_bal=0.889 | lr=9.5e-05 | 1.6s
  Fold 2 | Ep  18/100 | t_loss=0.0066 t_acc=0.992 | v_win_bal=0.849 v_rec_bal=0.944 | lr=9.4e-05 | 1.6s
  Fold 2 | Ep  19/100 | t_loss=0.0067 t_acc=0.993 | v_win_bal=0.846 v_rec_bal=0.944 | lr=9.3e-05 | 1.6s
  Fold 2 | Ep  20/100 | t_loss=0.0062 t_acc=0.993 | v_win_bal=0.844 v_rec_bal=0.944 | lr=9.3e-05 | 1.6s
  Fold 2 | Ep  21/100 | t_loss=0.0059 t_acc=0.993 | v_win_bal=0.831 v_rec_bal=0.944 | lr=9.2e-05 | 1.6s
  Fold 2 | Ep  22/100 | t_loss=0.0054 t_acc=0.995 | v_win_bal=0.859 v_rec_bal=0.944 | lr=9.1e-05 | 1.6s
  Fold 2 | Ep  23/100 | t_loss=0.0063 t_acc=0.993 | v_win_bal=0.832 v_rec_bal=0.944 | lr=9.0e-05 | 1.6s
  Fold 2 | Ep  24/100 | t_loss=0.0045 t_acc=0.995 | v_win_bal=0.833 v_rec_bal=0.944 | lr=8.9e-05 | 1.6s
  Fold 2 | Ep  25/100 | t_loss=0.0059 t_acc=0.994 | v_win_bal=0.864 v_rec_bal=0.889 | lr=8.8e-05 | 1.6s
  Fold 2 | Ep  26/100 | t_loss=0.0029 t_acc=0.997 | v_win_bal=0.853 v_rec_bal=0.889 | lr=8.7e-05 | 1.6s
  Fold 2 | Ep  27/100 | t_loss=0.0036 t_acc=0.995 | v_win_bal=0.856 v_rec_bal=0.889 | lr=8.6e-05 | 1.7s
  Fold 2 | Ep  28/100 | t_loss=0.0042 t_acc=0.996 | v_win_bal=0.842 v_rec_bal=0.889 | lr=8.4e-05 | 1.6s
  Fold 2 | Ep  29/100 | t_loss=0.0035 t_acc=0.997 | v_win_bal=0.840 v_rec_bal=0.944 | lr=8.3e-05 | 1.6s
  Fold 2 | Ep  30/100 | t_loss=0.0036 t_acc=0.997 | v_win_bal=0.847 v_rec_bal=0.944 | lr=8.2e-05 | 1.6s
  Fold 2 | Ep  31/100 | t_loss=0.0020 t_acc=0.998 | v_win_bal=0.850 v_rec_bal=0.944 | lr=8.1e-05 | 1.6s
  Fold 2 | Ep  32/100 | t_loss=0.0016 t_acc=0.998 | v_win_bal=0.859 v_rec_bal=0.944 | lr=8.0e-05 | 1.6s
  Early stop at epoch 32
  -> Test (best @ epoch 8): acc=0.4615, bal_acc=0.5333

============================================================
Fold 3/5
============================================================
  Train:  40 samples, 10 subjects [4, 5, 8, 9, 10, 11, 13, 16, 17, 18], label_0=28, label_1=12
    Val:  14 samples,  4 subjects [1, 2, 12, 14], label_0=9, label_1=5
   Test:  16 samples,  3 subjects [3, 6, 7], label_0=10, label_1=6
  Building window datasets...
    WindowDataset: 6192 windows (class_0=2112, class_1=4080)
    WindowDataset: 1457 windows (class_0=1140, class_1=317)
    WindowDataset: 960 windows (class_0=590, class_1=370)
[ShallowConvNet] F_t=40 F_s=40 k_time=25 pool=75/15 T=1000 -> embed_dim=2440 (49,120 params)
  Fold 3 | Ep   1/100 | t_loss=0.1746 t_acc=0.587 | v_win_bal=0.752 v_rec_bal=0.844 | lr=3.3e-05 | 1.5s
  Fold 3 | Ep   2/100 | t_loss=0.1456 t_acc=0.691 | v_win_bal=0.788 v_rec_bal=0.844 | lr=6.7e-05 | 1.5s
  Fold 3 | Ep   3/100 | t_loss=0.0966 t_acc=0.837 | v_win_bal=0.784 v_rec_bal=0.744 | lr=1.0e-04 | 1.6s
  Fold 3 | Ep   4/100 | t_loss=0.0589 t_acc=0.911 | v_win_bal=0.857 v_rec_bal=0.844 | lr=1.0e-04 | 1.5s
  Fold 3 | Ep   5/100 | t_loss=0.0414 t_acc=0.944 | v_win_bal=0.879 v_rec_bal=0.944 | lr=1.0e-04 | 1.5s
  Fold 3 | Ep   6/100 | t_loss=0.0268 t_acc=0.966 | v_win_bal=0.882 v_rec_bal=0.844 | lr=1.0e-04 | 1.6s
  Fold 3 | Ep   7/100 | t_loss=0.0209 t_acc=0.973 | v_win_bal=0.912 v_rec_bal=0.944 | lr=1.0e-04 | 1.8s
  Fold 3 | Ep   8/100 | t_loss=0.0158 t_acc=0.982 | v_win_bal=0.893 v_rec_bal=0.944 | lr=9.9e-05 | 1.5s
  Fold 3 | Ep   9/100 | t_loss=0.0114 t_acc=0.986 | v_win_bal=0.897 v_rec_bal=0.944 | lr=9.9e-05 | 1.7s
  Fold 3 | Ep  10/100 | t_loss=0.0099 t_acc=0.987 | v_win_bal=0.900 v_rec_bal=0.944 | lr=9.9e-05 | 1.5s
  Fold 3 | Ep  11/100 | t_loss=0.0077 t_acc=0.990 | v_win_bal=0.916 v_rec_bal=0.944 | lr=9.8e-05 | 1.5s
  Fold 3 | Ep  12/100 | t_loss=0.0080 t_acc=0.990 | v_win_bal=0.914 v_rec_bal=0.944 | lr=9.8e-05 | 1.5s
  Fold 3 | Ep  13/100 | t_loss=0.0066 t_acc=0.993 | v_win_bal=0.915 v_rec_bal=0.944 | lr=9.7e-05 | 1.5s
  Fold 3 | Ep  14/100 | t_loss=0.0064 t_acc=0.993 | v_win_bal=0.901 v_rec_bal=0.944 | lr=9.7e-05 | 1.5s
  Fold 3 | Ep  15/100 | t_loss=0.0065 t_acc=0.993 | v_win_bal=0.913 v_rec_bal=0.944 | lr=9.6e-05 | 1.5s
  Fold 3 | Ep  16/100 | t_loss=0.0052 t_acc=0.994 | v_win_bal=0.909 v_rec_bal=0.944 | lr=9.6e-05 | 1.5s
  Fold 3 | Ep  17/100 | t_loss=0.0051 t_acc=0.994 | v_win_bal=0.905 v_rec_bal=0.944 | lr=9.5e-05 | 1.6s
  Fold 3 | Ep  18/100 | t_loss=0.0042 t_acc=0.995 | v_win_bal=0.907 v_rec_bal=0.944 | lr=9.4e-05 | 1.5s
  Fold 3 | Ep  19/100 | t_loss=0.0028 t_acc=0.995 | v_win_bal=0.910 v_rec_bal=0.944 | lr=9.3e-05 | 1.5s
  Fold 3 | Ep  20/100 | t_loss=0.0034 t_acc=0.996 | v_win_bal=0.883 v_rec_bal=0.844 | lr=9.3e-05 | 1.5s
  Fold 3 | Ep  21/100 | t_loss=0.0038 t_acc=0.995 | v_win_bal=0.904 v_rec_bal=0.944 | lr=9.2e-05 | 1.5s
  Fold 3 | Ep  22/100 | t_loss=0.0020 t_acc=0.997 | v_win_bal=0.909 v_rec_bal=0.944 | lr=9.1e-05 | 1.7s
  Fold 3 | Ep  23/100 | t_loss=0.0029 t_acc=0.996 | v_win_bal=0.901 v_rec_bal=0.944 | lr=9.0e-05 | 1.5s
  Fold 3 | Ep  24/100 | t_loss=0.0034 t_acc=0.996 | v_win_bal=0.901 v_rec_bal=0.944 | lr=8.9e-05 | 1.5s
  Fold 3 | Ep  25/100 | t_loss=0.0036 t_acc=0.996 | v_win_bal=0.906 v_rec_bal=0.944 | lr=8.8e-05 | 1.7s
  Fold 3 | Ep  26/100 | t_loss=0.0016 t_acc=0.998 | v_win_bal=0.904 v_rec_bal=0.944 | lr=8.7e-05 | 1.5s
  Fold 3 | Ep  27/100 | t_loss=0.0031 t_acc=0.997 | v_win_bal=0.914 v_rec_bal=0.944 | lr=8.6e-05 | 1.5s
  Fold 3 | Ep  28/100 | t_loss=0.0020 t_acc=0.997 | v_win_bal=0.897 v_rec_bal=0.944 | lr=8.4e-05 | 1.5s
  Fold 3 | Ep  29/100 | t_loss=0.0023 t_acc=0.998 | v_win_bal=0.911 v_rec_bal=0.944 | lr=8.3e-05 | 1.5s
  Early stop at epoch 29
  -> Test (best @ epoch 5): acc=0.3750, bal_acc=0.3333

============================================================
Fold 4/5
============================================================
  Train:  39 samples, 11 subjects [1, 2, 4, 5, 8, 9, 10, 12, 14, 16, 17], label_0=28, label_1=11
    Val:  16 samples,  3 subjects [3, 6, 7], label_0=10, label_1=6
   Test:  15 samples,  3 subjects [11, 13, 18], label_0=9, label_1=6
  Building window datasets...
    WindowDataset: 5488 windows (class_0=2461, class_1=3027)
    WindowDataset: 960 windows (class_0=590, class_1=370)
    WindowDataset: 1372 windows (class_0=791, class_1=581)
[ShallowConvNet] F_t=40 F_s=40 k_time=25 pool=75/15 T=1000 -> embed_dim=2440 (49,120 params)
  Fold 4 | Ep   1/100 | t_loss=0.1667 t_acc=0.581 | v_win_bal=0.638 v_rec_bal=0.700 | lr=3.3e-05 | 1.2s
  Fold 4 | Ep   2/100 | t_loss=0.1133 t_acc=0.804 | v_win_bal=0.480 v_rec_bal=0.367 | lr=6.7e-05 | 1.4s
  Fold 4 | Ep   3/100 | t_loss=0.0638 t_acc=0.907 | v_win_bal=0.422 v_rec_bal=0.417 | lr=1.0e-04 | 1.3s
  Fold 4 | Ep   4/100 | t_loss=0.0368 t_acc=0.949 | v_win_bal=0.389 v_rec_bal=0.300 | lr=1.0e-04 | 1.4s
  Fold 4 | Ep   5/100 | t_loss=0.0246 t_acc=0.967 | v_win_bal=0.393 v_rec_bal=0.250 | lr=1.0e-04 | 1.3s
  Fold 4 | Ep   6/100 | t_loss=0.0165 t_acc=0.979 | v_win_bal=0.371 v_rec_bal=0.300 | lr=1.0e-04 | 1.3s
  Fold 4 | Ep   7/100 | t_loss=0.0131 t_acc=0.984 | v_win_bal=0.384 v_rec_bal=0.350 | lr=1.0e-04 | 1.3s
  Fold 4 | Ep   8/100 | t_loss=0.0103 t_acc=0.986 | v_win_bal=0.389 v_rec_bal=0.350 | lr=9.9e-05 | 1.3s
  Fold 4 | Ep   9/100 | t_loss=0.0095 t_acc=0.988 | v_win_bal=0.353 v_rec_bal=0.300 | lr=9.9e-05 | 1.3s
  Fold 4 | Ep  10/100 | t_loss=0.0072 t_acc=0.991 | v_win_bal=0.399 v_rec_bal=0.350 | lr=9.9e-05 | 1.3s
  Fold 4 | Ep  11/100 | t_loss=0.0062 t_acc=0.993 | v_win_bal=0.359 v_rec_bal=0.300 | lr=9.8e-05 | 1.2s
  Fold 4 | Ep  12/100 | t_loss=0.0043 t_acc=0.993 | v_win_bal=0.378 v_rec_bal=0.350 | lr=9.8e-05 | 1.3s
  Fold 4 | Ep  13/100 | t_loss=0.0085 t_acc=0.990 | v_win_bal=0.384 v_rec_bal=0.350 | lr=9.7e-05 | 1.3s
  Fold 4 | Ep  14/100 | t_loss=0.0038 t_acc=0.995 | v_win_bal=0.396 v_rec_bal=0.350 | lr=9.7e-05 | 1.4s
  Fold 4 | Ep  15/100 | t_loss=0.0033 t_acc=0.996 | v_win_bal=0.424 v_rec_bal=0.450 | lr=9.6e-05 | 1.3s
  Fold 4 | Ep  16/100 | t_loss=0.0045 t_acc=0.995 | v_win_bal=0.420 v_rec_bal=0.450 | lr=9.6e-05 | 1.3s
  Fold 4 | Ep  17/100 | t_loss=0.0026 t_acc=0.997 | v_win_bal=0.380 v_rec_bal=0.350 | lr=9.5e-05 | 1.4s
  Fold 4 | Ep  18/100 | t_loss=0.0025 t_acc=0.996 | v_win_bal=0.360 v_rec_bal=0.350 | lr=9.4e-05 | 1.5s
  Fold 4 | Ep  19/100 | t_loss=0.0036 t_acc=0.996 | v_win_bal=0.378 v_rec_bal=0.350 | lr=9.3e-05 | 1.3s
  Fold 4 | Ep  20/100 | t_loss=0.0028 t_acc=0.996 | v_win_bal=0.354 v_rec_bal=0.300 | lr=9.3e-05 | 1.3s
  Fold 4 | Ep  21/100 | t_loss=0.0025 t_acc=0.997 | v_win_bal=0.349 v_rec_bal=0.350 | lr=9.2e-05 | 1.3s
  Early stop at epoch 21
  -> Test (best @ epoch 1): acc=0.7333, bal_acc=0.7222

============================================================
Fold 5/5
============================================================
  Train:  44 samples,  9 subjects [3, 5, 6, 7, 8, 10, 11, 13, 18], label_0=29, label_1=15
    Val:  14 samples,  4 subjects [1, 12, 14, 16], label_0=9, label_1=5
   Test:  12 samples,  4 subjects [2, 4, 9, 17], label_0=9, label_1=3
  Building window datasets...
    WindowDataset: 6839 windows (class_0=2032, class_1=4807)
    WindowDataset: 1463 windows (class_0=1146, class_1=317)
    WindowDataset: 850 windows (class_0=664, class_1=186)
[ShallowConvNet] F_t=40 F_s=40 k_time=25 pool=75/15 T=1000 -> embed_dim=2440 (49,120 params)
  Fold 5 | Ep   1/100 | t_loss=0.1571 t_acc=0.627 | v_win_bal=0.771 v_rec_bal=0.744 | lr=3.3e-05 | 1.6s
  Fold 5 | Ep   2/100 | t_loss=0.1059 t_acc=0.789 | v_win_bal=0.785 v_rec_bal=0.844 | lr=6.7e-05 | 1.7s
  Fold 5 | Ep   3/100 | t_loss=0.0687 t_acc=0.889 | v_win_bal=0.811 v_rec_bal=0.844 | lr=1.0e-04 | 2.2s
  Fold 5 | Ep   4/100 | t_loss=0.0469 t_acc=0.929 | v_win_bal=0.828 v_rec_bal=0.844 | lr=1.0e-04 | 1.7s
  Fold 5 | Ep   5/100 | t_loss=0.0313 t_acc=0.952 | v_win_bal=0.858 v_rec_bal=0.889 | lr=1.0e-04 | 1.7s
  Fold 5 | Ep   6/100 | t_loss=0.0227 t_acc=0.967 | v_win_bal=0.849 v_rec_bal=0.844 | lr=1.0e-04 | 1.7s
  Fold 5 | Ep   7/100 | t_loss=0.0184 t_acc=0.976 | v_win_bal=0.864 v_rec_bal=0.889 | lr=1.0e-04 | 1.7s
  Fold 5 | Ep   8/100 | t_loss=0.0167 t_acc=0.977 | v_win_bal=0.868 v_rec_bal=0.889 | lr=9.9e-05 | 1.9s
  Fold 5 | Ep   9/100 | t_loss=0.0128 t_acc=0.982 | v_win_bal=0.873 v_rec_bal=0.889 | lr=9.9e-05 | 1.7s
  Fold 5 | Ep  10/100 | t_loss=0.0106 t_acc=0.986 | v_win_bal=0.873 v_rec_bal=0.889 | lr=9.9e-05 | 1.6s
  Fold 5 | Ep  11/100 | t_loss=0.0123 t_acc=0.984 | v_win_bal=0.880 v_rec_bal=0.889 | lr=9.8e-05 | 1.7s
  Fold 5 | Ep  12/100 | t_loss=0.0089 t_acc=0.990 | v_win_bal=0.878 v_rec_bal=0.889 | lr=9.8e-05 | 1.6s
  Fold 5 | Ep  13/100 | t_loss=0.0079 t_acc=0.991 | v_win_bal=0.875 v_rec_bal=0.889 | lr=9.7e-05 | 1.6s
  Fold 5 | Ep  14/100 | t_loss=0.0089 t_acc=0.992 | v_win_bal=0.882 v_rec_bal=0.889 | lr=9.7e-05 | 1.7s
  Fold 5 | Ep  15/100 | t_loss=0.0074 t_acc=0.991 | v_win_bal=0.878 v_rec_bal=0.889 | lr=9.6e-05 | 1.7s
  Fold 5 | Ep  16/100 | t_loss=0.0064 t_acc=0.993 | v_win_bal=0.876 v_rec_bal=0.889 | lr=9.6e-05 | 1.7s
  Fold 5 | Ep  17/100 | t_loss=0.0074 t_acc=0.993 | v_win_bal=0.877 v_rec_bal=0.889 | lr=9.5e-05 | 1.7s
  Fold 5 | Ep  18/100 | t_loss=0.0052 t_acc=0.993 | v_win_bal=0.871 v_rec_bal=0.889 | lr=9.4e-05 | 1.8s
  Fold 5 | Ep  19/100 | t_loss=0.0041 t_acc=0.995 | v_win_bal=0.883 v_rec_bal=0.889 | lr=9.3e-05 | 1.7s
  Fold 5 | Ep  20/100 | t_loss=0.0067 t_acc=0.994 | v_win_bal=0.883 v_rec_bal=0.889 | lr=9.3e-05 | 1.7s
  Fold 5 | Ep  21/100 | t_loss=0.0053 t_acc=0.994 | v_win_bal=0.873 v_rec_bal=0.889 | lr=9.2e-05 | 1.7s
  Fold 5 | Ep  22/100 | t_loss=0.0038 t_acc=0.995 | v_win_bal=0.887 v_rec_bal=0.889 | lr=9.1e-05 | 1.6s
  Fold 5 | Ep  23/100 | t_loss=0.0052 t_acc=0.995 | v_win_bal=0.888 v_rec_bal=0.889 | lr=9.0e-05 | 1.7s
  Fold 5 | Ep  24/100 | t_loss=0.0048 t_acc=0.996 | v_win_bal=0.891 v_rec_bal=0.889 | lr=8.9e-05 | 1.7s
  Fold 5 | Ep  25/100 | t_loss=0.0056 t_acc=0.996 | v_win_bal=0.887 v_rec_bal=0.889 | lr=8.8e-05 | 1.6s
  Fold 5 | Ep  26/100 | t_loss=0.0037 t_acc=0.995 | v_win_bal=0.884 v_rec_bal=0.889 | lr=8.7e-05 | 1.9s
  Fold 5 | Ep  27/100 | t_loss=0.0024 t_acc=0.997 | v_win_bal=0.882 v_rec_bal=0.889 | lr=8.6e-05 | 1.8s
  Fold 5 | Ep  28/100 | t_loss=0.0021 t_acc=0.997 | v_win_bal=0.885 v_rec_bal=0.889 | lr=8.4e-05 | 1.7s
  Fold 5 | Ep  29/100 | t_loss=0.0042 t_acc=0.995 | v_win_bal=0.875 v_rec_bal=0.889 | lr=8.3e-05 | 1.7s
  Early stop at epoch 29
  -> Test (best @ epoch 5): acc=0.0833, bal_acc=0.0556

============================================================
Global Results (5-Fold, subject-level CV)
Mode: FT | Extractor: shallowconvnet | Loss: focal
============================================================
              acc: 0.5000
          bal_acc: 0.5056
               f1: 0.5150
            kappa: 0.0097
  Total predictions: 70 (should equal dataset size: 70)

Results saved to results/hp_sweep/20260409_main/shallowconvnet/shallowconvnet_dropout0.1_lr1e-4_s42/
