CMD: /raid/jupyter-linjimmy1003.md10/.conda/envs/stress/bin/python train_ft.py --extractor shallowconvnet --seed 2024 --device cuda:6 --run-id hp_sweep/20260409_main/shallowconvnet/shallowconvnet_dropout0.5_lr3e-4_s2024 --mode ft --folds 5 --epochs 100 --patience 20 --batch-size 32 --label subject-dass --loss focal --head-hidden 128 --csv data/comprehensive_labels.csv --weight-decay 0.05 --grad-clip 2.0 --warmup-epochs 3 --aug-overlap 0.75 --norm zscore --dropout 0.5 --lr 0.0003

/raid/jupyter-linjimmy1003.md10/.conda/envs/stress/lib/python3.11/site-packages/timm/models/layers/__init__.py:49: FutureWarning: Importing from timm.models.layers is deprecated, please import via timm.layers
  warnings.warn(f"Importing from {__name__} is deprecated, please import via timm.layers", FutureWarning)
Mode: FT | Extractor: shallowconvnet | Folds: 5
LR: 0.0003 | WD: 0.05 | Beta2: 0.999 | Grad clip: 2.0
Head: hidden=128, dropout=0.5 | Norm: zscore | Loss: focal
Full FT: encoder_lr_scale=0.1
Augmentation: 75% overlap for increase class

Results → results/hp_sweep/20260409_main/shallowconvnet/shallowconvnet_dropout0.5_lr3e-4_s2024/
Dataset: 70 recordings loaded (14 increase, 56 normal)
Cache: 70 recordings ready (70 cached, 0 new)
Subject-DASS labels: increase=23 (5 subjects), normal=47

============================================================
Fold 1/5
============================================================
  Train:  43 samples, 10 subjects [2, 3, 6, 7, 8, 10, 11, 12, 13, 14], label_0=28, label_1=15
    Val:  13 samples,  3 subjects [5, 17, 18], label_0=10, label_1=3
   Test:  14 samples,  4 subjects [1, 4, 9, 16], label_0=9, label_1=5
  Building window datasets...
    WindowDataset: 7346 windows (class_0=2539, class_1=4807)
    WindowDataset: 819 windows (class_0=633, class_1=186)
    WindowDataset: 987 windows (class_0=670, class_1=317)
[ShallowConvNet] F_t=40 F_s=40 k_time=25 pool=75/15 T=1000 -> embed_dim=2440 (49,120 params)
  Trainable parameters: 674,403
  Class weights: [1.4466325044631958, 0.7640940546989441]
  Fold 1 | Ep   1/100 | t_loss=0.1538 t_acc=0.688 | v_win_bal=0.210 v_rec_bal=0.200 | lr=1.0e-04 | 3.9s
  Fold 1 | Ep   2/100 | t_loss=0.0846 t_acc=0.866 | v_win_bal=0.210 v_rec_bal=0.200 | lr=2.0e-04 | 1.7s
  Fold 1 | Ep   3/100 | t_loss=0.0508 t_acc=0.928 | v_win_bal=0.236 v_rec_bal=0.250 | lr=3.0e-04 | 1.6s
  Fold 1 | Ep   4/100 | t_loss=0.0282 t_acc=0.961 | v_win_bal=0.274 v_rec_bal=0.250 | lr=3.0e-04 | 1.6s
  Fold 1 | Ep   5/100 | t_loss=0.0211 t_acc=0.975 | v_win_bal=0.252 v_rec_bal=0.250 | lr=3.0e-04 | 1.6s
  Fold 1 | Ep   6/100 | t_loss=0.0166 t_acc=0.978 | v_win_bal=0.285 v_rec_bal=0.250 | lr=3.0e-04 | 1.7s
  Fold 1 | Ep   7/100 | t_loss=0.0126 t_acc=0.986 | v_win_bal=0.288 v_rec_bal=0.300 | lr=3.0e-04 | 1.6s
  Fold 1 | Ep   8/100 | t_loss=0.0091 t_acc=0.991 | v_win_bal=0.291 v_rec_bal=0.300 | lr=3.0e-04 | 1.8s
  Fold 1 | Ep   9/100 | t_loss=0.0120 t_acc=0.988 | v_win_bal=0.337 v_rec_bal=0.300 | lr=3.0e-04 | 1.7s
  Fold 1 | Ep  10/100 | t_loss=0.0090 t_acc=0.991 | v_win_bal=0.335 v_rec_bal=0.300 | lr=3.0e-04 | 1.6s
  Fold 1 | Ep  11/100 | t_loss=0.0064 t_acc=0.993 | v_win_bal=0.446 v_rec_bal=0.467 | lr=2.9e-04 | 1.8s
  Fold 1 | Ep  12/100 | t_loss=0.0095 t_acc=0.991 | v_win_bal=0.342 v_rec_bal=0.300 | lr=2.9e-04 | 1.6s
  Fold 1 | Ep  13/100 | t_loss=0.0071 t_acc=0.992 | v_win_bal=0.414 v_rec_bal=0.467 | lr=2.9e-04 | 1.6s
  Fold 1 | Ep  14/100 | t_loss=0.0062 t_acc=0.994 | v_win_bal=0.307 v_rec_bal=0.300 | lr=2.9e-04 | 1.7s
  Fold 1 | Ep  15/100 | t_loss=0.0051 t_acc=0.995 | v_win_bal=0.347 v_rec_bal=0.300 | lr=2.9e-04 | 1.6s
  Fold 1 | Ep  16/100 | t_loss=0.0053 t_acc=0.994 | v_win_bal=0.434 v_rec_bal=0.300 | lr=2.9e-04 | 1.6s
  Fold 1 | Ep  17/100 | t_loss=0.0045 t_acc=0.995 | v_win_bal=0.376 v_rec_bal=0.467 | lr=2.8e-04 | 1.6s
  Fold 1 | Ep  18/100 | t_loss=0.0046 t_acc=0.996 | v_win_bal=0.420 v_rec_bal=0.467 | lr=2.8e-04 | 1.6s
  Fold 1 | Ep  19/100 | t_loss=0.0042 t_acc=0.997 | v_win_bal=0.453 v_rec_bal=0.467 | lr=2.8e-04 | 1.7s
  Fold 1 | Ep  20/100 | t_loss=0.0062 t_acc=0.995 | v_win_bal=0.386 v_rec_bal=0.300 | lr=2.8e-04 | 1.6s
  Fold 1 | Ep  21/100 | t_loss=0.0081 t_acc=0.994 | v_win_bal=0.361 v_rec_bal=0.300 | lr=2.8e-04 | 1.6s
  Fold 1 | Ep  22/100 | t_loss=0.0033 t_acc=0.996 | v_win_bal=0.347 v_rec_bal=0.300 | lr=2.7e-04 | 1.7s
  Fold 1 | Ep  23/100 | t_loss=0.0029 t_acc=0.997 | v_win_bal=0.356 v_rec_bal=0.300 | lr=2.7e-04 | 1.6s
  Fold 1 | Ep  24/100 | t_loss=0.0061 t_acc=0.995 | v_win_bal=0.438 v_rec_bal=0.417 | lr=2.7e-04 | 1.6s
  Fold 1 | Ep  25/100 | t_loss=0.0033 t_acc=0.998 | v_win_bal=0.311 v_rec_bal=0.300 | lr=2.6e-04 | 1.6s
  Fold 1 | Ep  26/100 | t_loss=0.0026 t_acc=0.997 | v_win_bal=0.368 v_rec_bal=0.300 | lr=2.6e-04 | 1.6s
  Fold 1 | Ep  27/100 | t_loss=0.0029 t_acc=0.997 | v_win_bal=0.384 v_rec_bal=0.467 | lr=2.6e-04 | 1.6s
  Fold 1 | Ep  28/100 | t_loss=0.0032 t_acc=0.998 | v_win_bal=0.327 v_rec_bal=0.300 | lr=2.5e-04 | 1.6s
  Fold 1 | Ep  29/100 | t_loss=0.0034 t_acc=0.997 | v_win_bal=0.353 v_rec_bal=0.300 | lr=2.5e-04 | 1.7s
  Fold 1 | Ep  30/100 | t_loss=0.0020 t_acc=0.997 | v_win_bal=0.425 v_rec_bal=0.417 | lr=2.5e-04 | 1.7s
  Fold 1 | Ep  31/100 | t_loss=0.0037 t_acc=0.997 | v_win_bal=0.363 v_rec_bal=0.300 | lr=2.4e-04 | 1.7s
  Fold 1 | Ep  32/100 | t_loss=0.0020 t_acc=0.998 | v_win_bal=0.302 v_rec_bal=0.300 | lr=2.4e-04 | 1.6s
  Fold 1 | Ep  33/100 | t_loss=0.0045 t_acc=0.996 | v_win_bal=0.303 v_rec_bal=0.300 | lr=2.3e-04 | 1.6s
  Fold 1 | Ep  34/100 | t_loss=0.0039 t_acc=0.997 | v_win_bal=0.483 v_rec_bal=0.633 | lr=2.3e-04 | 1.6s
  Fold 1 | Ep  35/100 | t_loss=0.0031 t_acc=0.998 | v_win_bal=0.442 v_rec_bal=0.467 | lr=2.3e-04 | 1.6s
  Fold 1 | Ep  36/100 | t_loss=0.0029 t_acc=0.998 | v_win_bal=0.413 v_rec_bal=0.467 | lr=2.2e-04 | 1.8s
  Fold 1 | Ep  37/100 | t_loss=0.0017 t_acc=0.998 | v_win_bal=0.496 v_rec_bal=0.633 | lr=2.2e-04 | 1.6s
  Fold 1 | Ep  38/100 | t_loss=0.0041 t_acc=0.998 | v_win_bal=0.426 v_rec_bal=0.417 | lr=2.1e-04 | 1.6s
  Fold 1 | Ep  39/100 | t_loss=0.0022 t_acc=0.998 | v_win_bal=0.315 v_rec_bal=0.300 | lr=2.1e-04 | 1.6s
  Fold 1 | Ep  40/100 | t_loss=0.0031 t_acc=0.997 | v_win_bal=0.427 v_rec_bal=0.417 | lr=2.0e-04 | 1.6s
  Fold 1 | Ep  41/100 | t_loss=0.0026 t_acc=0.998 | v_win_bal=0.343 v_rec_bal=0.300 | lr=2.0e-04 | 1.6s
  Fold 1 | Ep  42/100 | t_loss=0.0013 t_acc=0.998 | v_win_bal=0.422 v_rec_bal=0.300 | lr=2.0e-04 | 1.6s
  Fold 1 | Ep  43/100 | t_loss=0.0014 t_acc=0.998 | v_win_bal=0.395 v_rec_bal=0.467 | lr=1.9e-04 | 1.6s
  Fold 1 | Ep  44/100 | t_loss=0.0036 t_acc=0.997 | v_win_bal=0.462 v_rec_bal=0.467 | lr=1.9e-04 | 1.6s
  Fold 1 | Ep  45/100 | t_loss=0.0016 t_acc=0.999 | v_win_bal=0.477 v_rec_bal=0.467 | lr=1.8e-04 | 1.6s
  Fold 1 | Ep  46/100 | t_loss=0.0017 t_acc=0.998 | v_win_bal=0.379 v_rec_bal=0.300 | lr=1.8e-04 | 1.6s
  Fold 1 | Ep  47/100 | t_loss=0.0026 t_acc=0.998 | v_win_bal=0.400 v_rec_bal=0.300 | lr=1.7e-04 | 1.6s
  Fold 1 | Ep  48/100 | t_loss=0.0010 t_acc=0.999 | v_win_bal=0.350 v_rec_bal=0.300 | lr=1.7e-04 | 1.6s
  Fold 1 | Ep  49/100 | t_loss=0.0009 t_acc=0.999 | v_win_bal=0.496 v_rec_bal=0.633 | lr=1.6e-04 | 1.6s
  Fold 1 | Ep  50/100 | t_loss=0.0020 t_acc=0.999 | v_win_bal=0.467 v_rec_bal=0.467 | lr=1.6e-04 | 1.7s
  Fold 1 | Ep  51/100 | t_loss=0.0026 t_acc=0.998 | v_win_bal=0.339 v_rec_bal=0.300 | lr=1.5e-04 | 1.6s
  Fold 1 | Ep  52/100 | t_loss=0.0015 t_acc=0.998 | v_win_bal=0.349 v_rec_bal=0.300 | lr=1.5e-04 | 1.6s
  Fold 1 | Ep  53/100 | t_loss=0.0020 t_acc=0.998 | v_win_bal=0.367 v_rec_bal=0.300 | lr=1.4e-04 | 1.6s
  Fold 1 | Ep  54/100 | t_loss=0.0014 t_acc=0.999 | v_win_bal=0.341 v_rec_bal=0.300 | lr=1.4e-04 | 1.9s
  Fold 1 | Ep  55/100 | t_loss=0.0017 t_acc=0.999 | v_win_bal=0.411 v_rec_bal=0.300 | lr=1.3e-04 | 1.8s
  Fold 1 | Ep  56/100 | t_loss=0.0010 t_acc=0.999 | v_win_bal=0.392 v_rec_bal=0.250 | lr=1.3e-04 | 1.6s
  Early stop at epoch 56
  -> Test (best @ epoch 34): acc=0.5000, bal_acc=0.6111

============================================================
Fold 2/5
============================================================
  Train:  41 samples, 11 subjects [1, 2, 4, 9, 11, 12, 13, 14, 16, 17, 18], label_0=27, label_1=14
    Val:  16 samples,  3 subjects [3, 6, 7], label_0=10, label_1=6
   Test:  13 samples,  3 subjects [5, 8, 10], label_0=10, label_1=3
  Building window datasets...
    WindowDataset: 6895 windows (class_0=2601, class_1=4294)
    WindowDataset: 960 windows (class_0=590, class_1=370)
    WindowDataset: 913 windows (class_0=651, class_1=262)
[ShallowConvNet] F_t=40 F_s=40 k_time=25 pool=75/15 T=1000 -> embed_dim=2440 (49,120 params)
  Fold 2 | Ep   1/100 | t_loss=0.1910 t_acc=0.554 | v_win_bal=0.588 v_rec_bal=0.583 | lr=1.0e-04 | 1.5s
  Fold 2 | Ep   2/100 | t_loss=0.0984 t_acc=0.824 | v_win_bal=0.533 v_rec_bal=0.533 | lr=2.0e-04 | 1.6s
  Fold 2 | Ep   3/100 | t_loss=0.0529 t_acc=0.923 | v_win_bal=0.517 v_rec_bal=0.383 | lr=3.0e-04 | 1.6s
  Fold 2 | Ep   4/100 | t_loss=0.0319 t_acc=0.956 | v_win_bal=0.454 v_rec_bal=0.383 | lr=3.0e-04 | 1.6s
  Fold 2 | Ep   5/100 | t_loss=0.0205 t_acc=0.973 | v_win_bal=0.454 v_rec_bal=0.433 | lr=3.0e-04 | 1.6s
  Fold 2 | Ep   6/100 | t_loss=0.0200 t_acc=0.978 | v_win_bal=0.441 v_rec_bal=0.383 | lr=3.0e-04 | 1.5s
  Fold 2 | Ep   7/100 | t_loss=0.0134 t_acc=0.985 | v_win_bal=0.450 v_rec_bal=0.433 | lr=3.0e-04 | 1.5s
  Fold 2 | Ep   8/100 | t_loss=0.0119 t_acc=0.987 | v_win_bal=0.434 v_rec_bal=0.433 | lr=3.0e-04 | 1.6s
  Fold 2 | Ep   9/100 | t_loss=0.0091 t_acc=0.990 | v_win_bal=0.476 v_rec_bal=0.433 | lr=3.0e-04 | 1.6s
  Fold 2 | Ep  10/100 | t_loss=0.0118 t_acc=0.988 | v_win_bal=0.490 v_rec_bal=0.433 | lr=3.0e-04 | 1.5s
  Fold 2 | Ep  11/100 | t_loss=0.0079 t_acc=0.993 | v_win_bal=0.504 v_rec_bal=0.517 | lr=2.9e-04 | 1.5s
  Fold 2 | Ep  12/100 | t_loss=0.0080 t_acc=0.992 | v_win_bal=0.499 v_rec_bal=0.433 | lr=2.9e-04 | 1.6s
  Fold 2 | Ep  13/100 | t_loss=0.0080 t_acc=0.991 | v_win_bal=0.484 v_rec_bal=0.467 | lr=2.9e-04 | 1.7s
  Fold 2 | Ep  14/100 | t_loss=0.0093 t_acc=0.991 | v_win_bal=0.460 v_rec_bal=0.467 | lr=2.9e-04 | 1.5s
  Fold 2 | Ep  15/100 | t_loss=0.0083 t_acc=0.993 | v_win_bal=0.466 v_rec_bal=0.467 | lr=2.9e-04 | 1.7s
  Fold 2 | Ep  16/100 | t_loss=0.0068 t_acc=0.992 | v_win_bal=0.502 v_rec_bal=0.517 | lr=2.9e-04 | 1.5s
  Fold 2 | Ep  17/100 | t_loss=0.0028 t_acc=0.997 | v_win_bal=0.470 v_rec_bal=0.433 | lr=2.8e-04 | 1.7s
  Fold 2 | Ep  18/100 | t_loss=0.0053 t_acc=0.995 | v_win_bal=0.474 v_rec_bal=0.483 | lr=2.8e-04 | 1.5s
  Fold 2 | Ep  19/100 | t_loss=0.0040 t_acc=0.996 | v_win_bal=0.456 v_rec_bal=0.433 | lr=2.8e-04 | 1.5s
  Fold 2 | Ep  20/100 | t_loss=0.0063 t_acc=0.994 | v_win_bal=0.467 v_rec_bal=0.517 | lr=2.8e-04 | 1.6s
  Fold 2 | Ep  21/100 | t_loss=0.0035 t_acc=0.995 | v_win_bal=0.459 v_rec_bal=0.333 | lr=2.8e-04 | 1.8s
  Early stop at epoch 21
  -> Test (best @ epoch 1): acc=0.3846, bal_acc=0.4833

============================================================
Fold 3/5
============================================================
  Train:  40 samples, 10 subjects [2, 5, 6, 8, 9, 10, 11, 12, 17, 18], label_0=28, label_1=12
    Val:  14 samples,  4 subjects [1, 4, 14, 16], label_0=9, label_1=5
   Test:  16 samples,  3 subjects [3, 7, 13], label_0=10, label_1=6
  Building window datasets...
    WindowDataset: 6302 windows (class_0=2222, class_1=4080)
    WindowDataset: 1103 windows (class_0=786, class_1=317)
    WindowDataset: 1204 windows (class_0=834, class_1=370)
[ShallowConvNet] F_t=40 F_s=40 k_time=25 pool=75/15 T=1000 -> embed_dim=2440 (49,120 params)
  Fold 3 | Ep   1/100 | t_loss=0.1936 t_acc=0.554 | v_win_bal=0.487 v_rec_bal=0.311 | lr=1.0e-04 | 1.5s
  Fold 3 | Ep   2/100 | t_loss=0.1188 t_acc=0.771 | v_win_bal=0.584 v_rec_bal=0.667 | lr=2.0e-04 | 1.4s
  Fold 3 | Ep   3/100 | t_loss=0.0691 t_acc=0.897 | v_win_bal=0.664 v_rec_bal=0.622 | lr=3.0e-04 | 1.5s
  Fold 3 | Ep   4/100 | t_loss=0.0440 t_acc=0.941 | v_win_bal=0.669 v_rec_bal=0.611 | lr=3.0e-04 | 1.5s
  Fold 3 | Ep   5/100 | t_loss=0.0317 t_acc=0.959 | v_win_bal=0.666 v_rec_bal=0.611 | lr=3.0e-04 | 1.5s
  Fold 3 | Ep   6/100 | t_loss=0.0247 t_acc=0.968 | v_win_bal=0.712 v_rec_bal=0.722 | lr=3.0e-04 | 1.4s
  Fold 3 | Ep   7/100 | t_loss=0.0203 t_acc=0.977 | v_win_bal=0.702 v_rec_bal=0.556 | lr=3.0e-04 | 1.5s
  Fold 3 | Ep   8/100 | t_loss=0.0122 t_acc=0.985 | v_win_bal=0.711 v_rec_bal=0.722 | lr=3.0e-04 | 1.5s
  Fold 3 | Ep   9/100 | t_loss=0.0135 t_acc=0.985 | v_win_bal=0.725 v_rec_bal=0.778 | lr=3.0e-04 | 1.7s
  Fold 3 | Ep  10/100 | t_loss=0.0155 t_acc=0.982 | v_win_bal=0.766 v_rec_bal=0.778 | lr=3.0e-04 | 1.5s
  Fold 3 | Ep  11/100 | t_loss=0.0137 t_acc=0.987 | v_win_bal=0.763 v_rec_bal=0.778 | lr=2.9e-04 | 1.5s
  Fold 3 | Ep  12/100 | t_loss=0.0077 t_acc=0.991 | v_win_bal=0.753 v_rec_bal=0.722 | lr=2.9e-04 | 1.5s
  Fold 3 | Ep  13/100 | t_loss=0.0071 t_acc=0.994 | v_win_bal=0.734 v_rec_bal=0.667 | lr=2.9e-04 | 1.7s
  Fold 3 | Ep  14/100 | t_loss=0.0117 t_acc=0.990 | v_win_bal=0.744 v_rec_bal=0.722 | lr=2.9e-04 | 1.5s
  Fold 3 | Ep  15/100 | t_loss=0.0076 t_acc=0.992 | v_win_bal=0.770 v_rec_bal=0.778 | lr=2.9e-04 | 1.5s
  Fold 3 | Ep  16/100 | t_loss=0.0083 t_acc=0.993 | v_win_bal=0.715 v_rec_bal=0.667 | lr=2.9e-04 | 1.5s
  Fold 3 | Ep  17/100 | t_loss=0.0088 t_acc=0.992 | v_win_bal=0.701 v_rec_bal=0.556 | lr=2.8e-04 | 1.5s
  Fold 3 | Ep  18/100 | t_loss=0.0071 t_acc=0.993 | v_win_bal=0.712 v_rec_bal=0.611 | lr=2.8e-04 | 1.6s
  Fold 3 | Ep  19/100 | t_loss=0.0069 t_acc=0.995 | v_win_bal=0.722 v_rec_bal=0.556 | lr=2.8e-04 | 1.4s
  Fold 3 | Ep  20/100 | t_loss=0.0051 t_acc=0.994 | v_win_bal=0.753 v_rec_bal=0.722 | lr=2.8e-04 | 1.4s
  Fold 3 | Ep  21/100 | t_loss=0.0055 t_acc=0.993 | v_win_bal=0.735 v_rec_bal=0.667 | lr=2.8e-04 | 1.4s
  Fold 3 | Ep  22/100 | t_loss=0.0053 t_acc=0.996 | v_win_bal=0.710 v_rec_bal=0.556 | lr=2.7e-04 | 1.4s
  Fold 3 | Ep  23/100 | t_loss=0.0068 t_acc=0.995 | v_win_bal=0.764 v_rec_bal=0.667 | lr=2.7e-04 | 1.4s
  Fold 3 | Ep  24/100 | t_loss=0.0102 t_acc=0.993 | v_win_bal=0.714 v_rec_bal=0.556 | lr=2.7e-04 | 1.6s
  Fold 3 | Ep  25/100 | t_loss=0.0057 t_acc=0.994 | v_win_bal=0.698 v_rec_bal=0.556 | lr=2.6e-04 | 1.5s
  Fold 3 | Ep  26/100 | t_loss=0.0042 t_acc=0.996 | v_win_bal=0.754 v_rec_bal=0.722 | lr=2.6e-04 | 1.5s
  Fold 3 | Ep  27/100 | t_loss=0.0070 t_acc=0.994 | v_win_bal=0.730 v_rec_bal=0.611 | lr=2.6e-04 | 1.4s
  Fold 3 | Ep  28/100 | t_loss=0.0047 t_acc=0.996 | v_win_bal=0.725 v_rec_bal=0.611 | lr=2.5e-04 | 1.4s
  Fold 3 | Ep  29/100 | t_loss=0.0013 t_acc=0.999 | v_win_bal=0.736 v_rec_bal=0.722 | lr=2.5e-04 | 1.4s
  Fold 3 | Ep  30/100 | t_loss=0.0045 t_acc=0.995 | v_win_bal=0.731 v_rec_bal=0.611 | lr=2.5e-04 | 1.6s
  Fold 3 | Ep  31/100 | t_loss=0.0022 t_acc=0.997 | v_win_bal=0.743 v_rec_bal=0.667 | lr=2.4e-04 | 1.4s
  Early stop at epoch 31
  -> Test (best @ epoch 9): acc=0.6875, bal_acc=0.6167

============================================================
Fold 4/5
============================================================
  Train:  42 samples, 10 subjects [1, 3, 4, 5, 7, 8, 9, 10, 16, 18], label_0=28, label_1=14
    Val:  16 samples,  3 subjects [6, 11, 13], label_0=10, label_1=6
   Test:  12 samples,  4 subjects [2, 12, 14, 17], label_0=9, label_1=3
  Building window datasets...
    WindowDataset: 5618 windows (class_0=1864, class_1=3754)
    WindowDataset: 1419 windows (class_0=838, class_1=581)
    WindowDataset: 1326 windows (class_0=1140, class_1=186)
[ShallowConvNet] F_t=40 F_s=40 k_time=25 pool=75/15 T=1000 -> embed_dim=2440 (49,120 params)
  Fold 4 | Ep   1/100 | t_loss=0.1898 t_acc=0.598 | v_win_bal=0.621 v_rec_bal=0.500 | lr=1.0e-04 | 1.4s
  Fold 4 | Ep   2/100 | t_loss=0.1289 t_acc=0.748 | v_win_bal=0.610 v_rec_bal=0.533 | lr=2.0e-04 | 1.3s
  Fold 4 | Ep   3/100 | t_loss=0.0725 t_acc=0.880 | v_win_bal=0.666 v_rec_bal=0.483 | lr=3.0e-04 | 1.3s
  Fold 4 | Ep   4/100 | t_loss=0.0414 t_acc=0.943 | v_win_bal=0.620 v_rec_bal=0.483 | lr=3.0e-04 | 1.3s
  Fold 4 | Ep   5/100 | t_loss=0.0243 t_acc=0.968 | v_win_bal=0.713 v_rec_bal=0.817 | lr=3.0e-04 | 1.3s
  Fold 4 | Ep   6/100 | t_loss=0.0216 t_acc=0.973 | v_win_bal=0.736 v_rec_bal=0.567 | lr=3.0e-04 | 1.3s
  Fold 4 | Ep   7/100 | t_loss=0.0152 t_acc=0.983 | v_win_bal=0.647 v_rec_bal=0.567 | lr=3.0e-04 | 1.3s
  Fold 4 | Ep   8/100 | t_loss=0.0159 t_acc=0.983 | v_win_bal=0.682 v_rec_bal=0.650 | lr=3.0e-04 | 1.3s
  Fold 4 | Ep   9/100 | t_loss=0.0131 t_acc=0.986 | v_win_bal=0.699 v_rec_bal=0.667 | lr=3.0e-04 | 1.3s
  Fold 4 | Ep  10/100 | t_loss=0.0104 t_acc=0.989 | v_win_bal=0.712 v_rec_bal=0.733 | lr=3.0e-04 | 1.3s
  Fold 4 | Ep  11/100 | t_loss=0.0103 t_acc=0.988 | v_win_bal=0.633 v_rec_bal=0.533 | lr=2.9e-04 | 1.9s
  Fold 4 | Ep  12/100 | t_loss=0.0108 t_acc=0.988 | v_win_bal=0.653 v_rec_bal=0.567 | lr=2.9e-04 | 1.3s
  Fold 4 | Ep  13/100 | t_loss=0.0058 t_acc=0.993 | v_win_bal=0.646 v_rec_bal=0.667 | lr=2.9e-04 | 1.3s
  Fold 4 | Ep  14/100 | t_loss=0.0046 t_acc=0.994 | v_win_bal=0.643 v_rec_bal=0.533 | lr=2.9e-04 | 1.3s
  Fold 4 | Ep  15/100 | t_loss=0.0067 t_acc=0.994 | v_win_bal=0.638 v_rec_bal=0.717 | lr=2.9e-04 | 1.3s
  Fold 4 | Ep  16/100 | t_loss=0.0068 t_acc=0.994 | v_win_bal=0.640 v_rec_bal=0.567 | lr=2.9e-04 | 1.3s
  Fold 4 | Ep  17/100 | t_loss=0.0069 t_acc=0.993 | v_win_bal=0.675 v_rec_bal=0.733 | lr=2.8e-04 | 1.3s
  Fold 4 | Ep  18/100 | t_loss=0.0091 t_acc=0.991 | v_win_bal=0.631 v_rec_bal=0.567 | lr=2.8e-04 | 1.3s
  Fold 4 | Ep  19/100 | t_loss=0.0055 t_acc=0.995 | v_win_bal=0.692 v_rec_bal=0.650 | lr=2.8e-04 | 1.3s
  Fold 4 | Ep  20/100 | t_loss=0.0074 t_acc=0.993 | v_win_bal=0.652 v_rec_bal=0.767 | lr=2.8e-04 | 1.4s
  Fold 4 | Ep  21/100 | t_loss=0.0070 t_acc=0.994 | v_win_bal=0.668 v_rec_bal=0.650 | lr=2.8e-04 | 1.5s
  Fold 4 | Ep  22/100 | t_loss=0.0054 t_acc=0.995 | v_win_bal=0.648 v_rec_bal=0.600 | lr=2.7e-04 | 1.5s
  Fold 4 | Ep  23/100 | t_loss=0.0026 t_acc=0.997 | v_win_bal=0.641 v_rec_bal=0.817 | lr=2.7e-04 | 1.3s
  Fold 4 | Ep  24/100 | t_loss=0.0049 t_acc=0.995 | v_win_bal=0.667 v_rec_bal=0.567 | lr=2.7e-04 | 1.3s
  Fold 4 | Ep  25/100 | t_loss=0.0070 t_acc=0.996 | v_win_bal=0.647 v_rec_bal=0.650 | lr=2.6e-04 | 1.3s
  Fold 4 | Ep  26/100 | t_loss=0.0037 t_acc=0.997 | v_win_bal=0.649 v_rec_bal=0.517 | lr=2.6e-04 | 1.3s
  Fold 4 | Ep  27/100 | t_loss=0.0032 t_acc=0.996 | v_win_bal=0.662 v_rec_bal=0.733 | lr=2.6e-04 | 1.3s
  Fold 4 | Ep  28/100 | t_loss=0.0017 t_acc=0.998 | v_win_bal=0.702 v_rec_bal=0.767 | lr=2.5e-04 | 1.3s
  Fold 4 | Ep  29/100 | t_loss=0.0052 t_acc=0.995 | v_win_bal=0.614 v_rec_bal=0.483 | lr=2.5e-04 | 1.3s
  Fold 4 | Ep  30/100 | t_loss=0.0046 t_acc=0.995 | v_win_bal=0.634 v_rec_bal=0.483 | lr=2.5e-04 | 1.3s
  Fold 4 | Ep  31/100 | t_loss=0.0031 t_acc=0.997 | v_win_bal=0.660 v_rec_bal=0.567 | lr=2.4e-04 | 1.3s
  Fold 4 | Ep  32/100 | t_loss=0.0019 t_acc=0.998 | v_win_bal=0.649 v_rec_bal=0.567 | lr=2.4e-04 | 1.3s
  Fold 4 | Ep  33/100 | t_loss=0.0034 t_acc=0.997 | v_win_bal=0.647 v_rec_bal=0.483 | lr=2.3e-04 | 1.3s
  Fold 4 | Ep  34/100 | t_loss=0.0024 t_acc=0.998 | v_win_bal=0.636 v_rec_bal=0.483 | lr=2.3e-04 | 1.3s
  Fold 4 | Ep  35/100 | t_loss=0.0028 t_acc=0.996 | v_win_bal=0.627 v_rec_bal=0.533 | lr=2.3e-04 | 1.5s
  Fold 4 | Ep  36/100 | t_loss=0.0034 t_acc=0.996 | v_win_bal=0.642 v_rec_bal=0.717 | lr=2.2e-04 | 1.3s
  Fold 4 | Ep  37/100 | t_loss=0.0024 t_acc=0.997 | v_win_bal=0.666 v_rec_bal=0.567 | lr=2.2e-04 | 1.3s
  Fold 4 | Ep  38/100 | t_loss=0.0024 t_acc=0.998 | v_win_bal=0.654 v_rec_bal=0.633 | lr=2.1e-04 | 1.5s
  Fold 4 | Ep  39/100 | t_loss=0.0021 t_acc=0.998 | v_win_bal=0.645 v_rec_bal=0.717 | lr=2.1e-04 | 1.4s
  Fold 4 | Ep  40/100 | t_loss=0.0018 t_acc=0.998 | v_win_bal=0.645 v_rec_bal=0.600 | lr=2.0e-04 | 1.5s
  Fold 4 | Ep  41/100 | t_loss=0.0036 t_acc=0.998 | v_win_bal=0.577 v_rec_bal=0.483 | lr=2.0e-04 | 1.4s
  Early stop at epoch 41
  -> Test (best @ epoch 5): acc=0.7500, bal_acc=0.6111

============================================================
Fold 5/5
============================================================
  Train:  39 samples, 11 subjects [1, 2, 4, 5, 8, 9, 10, 12, 14, 16, 17], label_0=28, label_1=11
    Val:  16 samples,  3 subjects [3, 7, 13], label_0=10, label_1=6
   Test:  15 samples,  3 subjects [6, 11, 18], label_0=9, label_1=6
  Building window datasets...
    WindowDataset: 5488 windows (class_0=2461, class_1=3027)
    WindowDataset: 1204 windows (class_0=834, class_1=370)
    WindowDataset: 1128 windows (class_0=547, class_1=581)
[ShallowConvNet] F_t=40 F_s=40 k_time=25 pool=75/15 T=1000 -> embed_dim=2440 (49,120 params)
  Fold 5 | Ep   1/100 | t_loss=0.1911 t_acc=0.536 | v_win_bal=0.718 v_rec_bal=0.900 | lr=1.0e-04 | 1.3s
  Fold 5 | Ep   2/100 | t_loss=0.1177 t_acc=0.781 | v_win_bal=0.517 v_rec_bal=0.517 | lr=2.0e-04 | 1.3s
  Fold 5 | Ep   3/100 | t_loss=0.0583 t_acc=0.916 | v_win_bal=0.472 v_rec_bal=0.450 | lr=3.0e-04 | 1.3s
  Fold 5 | Ep   4/100 | t_loss=0.0299 t_acc=0.959 | v_win_bal=0.441 v_rec_bal=0.450 | lr=3.0e-04 | 1.4s
  Fold 5 | Ep   5/100 | t_loss=0.0204 t_acc=0.973 | v_win_bal=0.469 v_rec_bal=0.483 | lr=3.0e-04 | 1.4s
  Fold 5 | Ep   6/100 | t_loss=0.0175 t_acc=0.978 | v_win_bal=0.468 v_rec_bal=0.400 | lr=3.0e-04 | 1.3s
  Fold 5 | Ep   7/100 | t_loss=0.0126 t_acc=0.987 | v_win_bal=0.491 v_rec_bal=0.567 | lr=3.0e-04 | 1.3s
  Fold 5 | Ep   8/100 | t_loss=0.0114 t_acc=0.986 | v_win_bal=0.431 v_rec_bal=0.450 | lr=3.0e-04 | 1.3s
  Fold 5 | Ep   9/100 | t_loss=0.0081 t_acc=0.990 | v_win_bal=0.387 v_rec_bal=0.400 | lr=3.0e-04 | 1.3s
  Fold 5 | Ep  10/100 | t_loss=0.0082 t_acc=0.990 | v_win_bal=0.438 v_rec_bal=0.450 | lr=3.0e-04 | 1.4s
  Fold 5 | Ep  11/100 | t_loss=0.0067 t_acc=0.993 | v_win_bal=0.448 v_rec_bal=0.500 | lr=2.9e-04 | 1.3s
  Fold 5 | Ep  12/100 | t_loss=0.0060 t_acc=0.993 | v_win_bal=0.442 v_rec_bal=0.500 | lr=2.9e-04 | 1.3s
  Fold 5 | Ep  13/100 | t_loss=0.0064 t_acc=0.992 | v_win_bal=0.414 v_rec_bal=0.450 | lr=2.9e-04 | 1.3s
  Fold 5 | Ep  14/100 | t_loss=0.0052 t_acc=0.994 | v_win_bal=0.411 v_rec_bal=0.450 | lr=2.9e-04 | 1.4s
  Fold 5 | Ep  15/100 | t_loss=0.0059 t_acc=0.995 | v_win_bal=0.464 v_rec_bal=0.500 | lr=2.9e-04 | 1.3s
  Fold 5 | Ep  16/100 | t_loss=0.0056 t_acc=0.995 | v_win_bal=0.483 v_rec_bal=0.500 | lr=2.9e-04 | 1.3s
  Fold 5 | Ep  17/100 | t_loss=0.0057 t_acc=0.993 | v_win_bal=0.447 v_rec_bal=0.500 | lr=2.8e-04 | 1.3s
  Fold 5 | Ep  18/100 | t_loss=0.0032 t_acc=0.996 | v_win_bal=0.441 v_rec_bal=0.400 | lr=2.8e-04 | 1.3s
  Fold 5 | Ep  19/100 | t_loss=0.0036 t_acc=0.995 | v_win_bal=0.458 v_rec_bal=0.500 | lr=2.8e-04 | 1.3s
  Fold 5 | Ep  20/100 | t_loss=0.0021 t_acc=0.997 | v_win_bal=0.452 v_rec_bal=0.500 | lr=2.8e-04 | 1.3s
  Fold 5 | Ep  21/100 | t_loss=0.0026 t_acc=0.998 | v_win_bal=0.462 v_rec_bal=0.500 | lr=2.8e-04 | 1.3s
  Early stop at epoch 21
  -> Test (best @ epoch 1): acc=0.5333, bal_acc=0.5556

============================================================
Global Results (5-Fold, subject-level CV)
Mode: FT | Extractor: shallowconvnet | Loss: focal
============================================================
              acc: 0.5714
          bal_acc: 0.5809
               f1: 0.5844
            kappa: 0.1429
  Total predictions: 70 (should equal dataset size: 70)

Results saved to results/hp_sweep/20260409_main/shallowconvnet/shallowconvnet_dropout0.5_lr3e-4_s2024/
