CMD: /raid/jupyter-linjimmy1003.md10/.conda/envs/stress/bin/python train_ft.py --extractor shallowconvnet --seed 2024 --device cuda:2 --run-id hp_sweep/20260409_main/shallowconvnet/shallowconvnet_dropout0.1_lr3e-4_s2024 --mode ft --folds 5 --epochs 100 --patience 20 --batch-size 32 --label subject-dass --loss focal --head-hidden 128 --csv data/comprehensive_labels.csv --weight-decay 0.05 --grad-clip 2.0 --warmup-epochs 3 --aug-overlap 0.75 --norm zscore --dropout 0.1 --lr 0.0003

/raid/jupyter-linjimmy1003.md10/.conda/envs/stress/lib/python3.11/site-packages/timm/models/layers/__init__.py:49: FutureWarning: Importing from timm.models.layers is deprecated, please import via timm.layers
  warnings.warn(f"Importing from {__name__} is deprecated, please import via timm.layers", FutureWarning)
Mode: FT | Extractor: shallowconvnet | Folds: 5
LR: 0.0003 | WD: 0.05 | Beta2: 0.999 | Grad clip: 2.0
Head: hidden=128, dropout=0.1 | Norm: zscore | Loss: focal
Full FT: encoder_lr_scale=0.1
Augmentation: 75% overlap for increase class

Results → results/hp_sweep/20260409_main/shallowconvnet/shallowconvnet_dropout0.1_lr3e-4_s2024/
Dataset: 70 recordings loaded (14 increase, 56 normal)
Cache: 70 recordings ready (70 cached, 0 new)
Subject-DASS labels: increase=23 (5 subjects), normal=47

============================================================
Fold 1/5
============================================================
  Train:  43 samples, 10 subjects [2, 3, 6, 7, 8, 10, 11, 12, 13, 14], label_0=28, label_1=15
    Val:  13 samples,  3 subjects [5, 17, 18], label_0=10, label_1=3
   Test:  14 samples,  4 subjects [1, 4, 9, 16], label_0=9, label_1=5
  Building window datasets...
    WindowDataset: 7346 windows (class_0=2539, class_1=4807)
    WindowDataset: 819 windows (class_0=633, class_1=186)
    WindowDataset: 987 windows (class_0=670, class_1=317)
[ShallowConvNet] F_t=40 F_s=40 k_time=25 pool=75/15 T=1000 -> embed_dim=2440 (49,120 params)
  Trainable parameters: 674,403
  Class weights: [1.4466325044631958, 0.7640940546989441]
  Fold 1 | Ep   1/100 | t_loss=0.1218 t_acc=0.762 | v_win_bal=0.197 v_rec_bal=0.200 | lr=1.0e-04 | 3.9s
  Fold 1 | Ep   2/100 | t_loss=0.0601 t_acc=0.906 | v_win_bal=0.232 v_rec_bal=0.200 | lr=2.0e-04 | 1.6s
  Fold 1 | Ep   3/100 | t_loss=0.0314 t_acc=0.956 | v_win_bal=0.240 v_rec_bal=0.250 | lr=3.0e-04 | 1.6s
  Fold 1 | Ep   4/100 | t_loss=0.0183 t_acc=0.979 | v_win_bal=0.353 v_rec_bal=0.250 | lr=3.0e-04 | 1.6s
  Fold 1 | Ep   5/100 | t_loss=0.0115 t_acc=0.986 | v_win_bal=0.282 v_rec_bal=0.300 | lr=3.0e-04 | 1.6s
  Fold 1 | Ep   6/100 | t_loss=0.0074 t_acc=0.991 | v_win_bal=0.291 v_rec_bal=0.300 | lr=3.0e-04 | 1.6s
  Fold 1 | Ep   7/100 | t_loss=0.0061 t_acc=0.992 | v_win_bal=0.289 v_rec_bal=0.300 | lr=3.0e-04 | 1.7s
  Fold 1 | Ep   8/100 | t_loss=0.0048 t_acc=0.995 | v_win_bal=0.296 v_rec_bal=0.300 | lr=3.0e-04 | 1.7s
  Fold 1 | Ep   9/100 | t_loss=0.0107 t_acc=0.992 | v_win_bal=0.331 v_rec_bal=0.300 | lr=3.0e-04 | 1.6s
  Fold 1 | Ep  10/100 | t_loss=0.0063 t_acc=0.994 | v_win_bal=0.287 v_rec_bal=0.250 | lr=3.0e-04 | 1.6s
  Fold 1 | Ep  11/100 | t_loss=0.0045 t_acc=0.995 | v_win_bal=0.457 v_rec_bal=0.533 | lr=2.9e-04 | 1.6s
  Fold 1 | Ep  12/100 | t_loss=0.0037 t_acc=0.995 | v_win_bal=0.356 v_rec_bal=0.300 | lr=2.9e-04 | 1.6s
  Fold 1 | Ep  13/100 | t_loss=0.0025 t_acc=0.997 | v_win_bal=0.302 v_rec_bal=0.200 | lr=2.9e-04 | 1.6s
  Fold 1 | Ep  14/100 | t_loss=0.0049 t_acc=0.995 | v_win_bal=0.335 v_rec_bal=0.300 | lr=2.9e-04 | 1.6s
  Fold 1 | Ep  15/100 | t_loss=0.0026 t_acc=0.996 | v_win_bal=0.389 v_rec_bal=0.300 | lr=2.9e-04 | 1.6s
  Fold 1 | Ep  16/100 | t_loss=0.0028 t_acc=0.997 | v_win_bal=0.303 v_rec_bal=0.300 | lr=2.9e-04 | 1.8s
  Fold 1 | Ep  17/100 | t_loss=0.0025 t_acc=0.998 | v_win_bal=0.329 v_rec_bal=0.300 | lr=2.8e-04 | 1.6s
  Fold 1 | Ep  18/100 | t_loss=0.0020 t_acc=0.998 | v_win_bal=0.422 v_rec_bal=0.583 | lr=2.8e-04 | 1.7s
  Fold 1 | Ep  19/100 | t_loss=0.0024 t_acc=0.998 | v_win_bal=0.395 v_rec_bal=0.250 | lr=2.8e-04 | 1.6s
  Fold 1 | Ep  20/100 | t_loss=0.0010 t_acc=0.999 | v_win_bal=0.408 v_rec_bal=0.467 | lr=2.8e-04 | 1.6s
  Fold 1 | Ep  21/100 | t_loss=0.0038 t_acc=0.997 | v_win_bal=0.323 v_rec_bal=0.250 | lr=2.8e-04 | 1.6s
  Fold 1 | Ep  22/100 | t_loss=0.0022 t_acc=0.997 | v_win_bal=0.307 v_rec_bal=0.300 | lr=2.7e-04 | 1.6s
  Fold 1 | Ep  23/100 | t_loss=0.0030 t_acc=0.998 | v_win_bal=0.376 v_rec_bal=0.300 | lr=2.7e-04 | 1.7s
  Fold 1 | Ep  24/100 | t_loss=0.0011 t_acc=0.998 | v_win_bal=0.342 v_rec_bal=0.250 | lr=2.7e-04 | 1.6s
  Fold 1 | Ep  25/100 | t_loss=0.0028 t_acc=0.998 | v_win_bal=0.410 v_rec_bal=0.467 | lr=2.6e-04 | 1.6s
  Fold 1 | Ep  26/100 | t_loss=0.0038 t_acc=0.998 | v_win_bal=0.295 v_rec_bal=0.300 | lr=2.6e-04 | 1.7s
  Fold 1 | Ep  27/100 | t_loss=0.0021 t_acc=0.998 | v_win_bal=0.421 v_rec_bal=0.467 | lr=2.6e-04 | 1.7s
  Fold 1 | Ep  28/100 | t_loss=0.0021 t_acc=0.998 | v_win_bal=0.371 v_rec_bal=0.300 | lr=2.5e-04 | 1.6s
  Fold 1 | Ep  29/100 | t_loss=0.0041 t_acc=0.998 | v_win_bal=0.293 v_rec_bal=0.250 | lr=2.5e-04 | 1.6s
  Fold 1 | Ep  30/100 | t_loss=0.0018 t_acc=0.998 | v_win_bal=0.338 v_rec_bal=0.300 | lr=2.5e-04 | 1.8s
  Fold 1 | Ep  31/100 | t_loss=0.0017 t_acc=0.998 | v_win_bal=0.302 v_rec_bal=0.300 | lr=2.4e-04 | 1.6s
  Fold 1 | Ep  32/100 | t_loss=0.0045 t_acc=0.998 | v_win_bal=0.326 v_rec_bal=0.300 | lr=2.4e-04 | 1.6s
  Fold 1 | Ep  33/100 | t_loss=0.0032 t_acc=0.998 | v_win_bal=0.310 v_rec_bal=0.300 | lr=2.3e-04 | 1.6s
  Fold 1 | Ep  34/100 | t_loss=0.0016 t_acc=0.999 | v_win_bal=0.429 v_rec_bal=0.417 | lr=2.3e-04 | 2.1s
  Fold 1 | Ep  35/100 | t_loss=0.0011 t_acc=0.999 | v_win_bal=0.418 v_rec_bal=0.300 | lr=2.3e-04 | 2.0s
  Fold 1 | Ep  36/100 | t_loss=0.0005 t_acc=0.999 | v_win_bal=0.400 v_rec_bal=0.300 | lr=2.2e-04 | 1.8s
  Fold 1 | Ep  37/100 | t_loss=0.0013 t_acc=0.999 | v_win_bal=0.405 v_rec_bal=0.300 | lr=2.2e-04 | 1.7s
  Fold 1 | Ep  38/100 | t_loss=0.0013 t_acc=0.999 | v_win_bal=0.420 v_rec_bal=0.417 | lr=2.1e-04 | 1.6s
  Fold 1 | Ep  39/100 | t_loss=0.0003 t_acc=1.000 | v_win_bal=0.392 v_rec_bal=0.300 | lr=2.1e-04 | 1.6s
  Fold 1 | Ep  40/100 | t_loss=0.0024 t_acc=0.998 | v_win_bal=0.517 v_rec_bal=0.583 | lr=2.0e-04 | 1.7s
  Early stop at epoch 40
  -> Test (best @ epoch 18): acc=0.4286, bal_acc=0.5556

============================================================
Fold 2/5
============================================================
  Train:  41 samples, 11 subjects [1, 2, 4, 9, 11, 12, 13, 14, 16, 17, 18], label_0=27, label_1=14
    Val:  16 samples,  3 subjects [3, 6, 7], label_0=10, label_1=6
   Test:  13 samples,  3 subjects [5, 8, 10], label_0=10, label_1=3
  Building window datasets...
    WindowDataset: 6895 windows (class_0=2601, class_1=4294)
    WindowDataset: 960 windows (class_0=590, class_1=370)
    WindowDataset: 913 windows (class_0=651, class_1=262)
[ShallowConvNet] F_t=40 F_s=40 k_time=25 pool=75/15 T=1000 -> embed_dim=2440 (49,120 params)
  Fold 2 | Ep   1/100 | t_loss=0.1497 t_acc=0.676 | v_win_bal=0.650 v_rec_bal=0.717 | lr=1.0e-04 | 1.7s
  Fold 2 | Ep   2/100 | t_loss=0.0738 t_acc=0.889 | v_win_bal=0.551 v_rec_bal=0.467 | lr=2.0e-04 | 1.6s
  Fold 2 | Ep   3/100 | t_loss=0.0345 t_acc=0.952 | v_win_bal=0.542 v_rec_bal=0.417 | lr=3.0e-04 | 1.6s
  Fold 2 | Ep   4/100 | t_loss=0.0159 t_acc=0.979 | v_win_bal=0.489 v_rec_bal=0.417 | lr=3.0e-04 | 1.5s
  Fold 2 | Ep   5/100 | t_loss=0.0103 t_acc=0.987 | v_win_bal=0.489 v_rec_bal=0.383 | lr=3.0e-04 | 1.5s
  Fold 2 | Ep   6/100 | t_loss=0.0092 t_acc=0.990 | v_win_bal=0.481 v_rec_bal=0.433 | lr=3.0e-04 | 1.7s
  Fold 2 | Ep   7/100 | t_loss=0.0067 t_acc=0.991 | v_win_bal=0.501 v_rec_bal=0.433 | lr=3.0e-04 | 1.6s
  Fold 2 | Ep   8/100 | t_loss=0.0061 t_acc=0.994 | v_win_bal=0.425 v_rec_bal=0.333 | lr=3.0e-04 | 1.6s
  Fold 2 | Ep   9/100 | t_loss=0.0056 t_acc=0.993 | v_win_bal=0.502 v_rec_bal=0.433 | lr=3.0e-04 | 1.6s
  Fold 2 | Ep  10/100 | t_loss=0.0044 t_acc=0.995 | v_win_bal=0.454 v_rec_bal=0.483 | lr=3.0e-04 | 1.9s
  Fold 2 | Ep  11/100 | t_loss=0.0036 t_acc=0.996 | v_win_bal=0.473 v_rec_bal=0.433 | lr=2.9e-04 | 1.7s
  Fold 2 | Ep  12/100 | t_loss=0.0048 t_acc=0.995 | v_win_bal=0.418 v_rec_bal=0.383 | lr=2.9e-04 | 1.6s
  Fold 2 | Ep  13/100 | t_loss=0.0026 t_acc=0.998 | v_win_bal=0.460 v_rec_bal=0.433 | lr=2.9e-04 | 1.6s
  Fold 2 | Ep  14/100 | t_loss=0.0024 t_acc=0.997 | v_win_bal=0.492 v_rec_bal=0.433 | lr=2.9e-04 | 1.5s
  Fold 2 | Ep  15/100 | t_loss=0.0016 t_acc=0.998 | v_win_bal=0.425 v_rec_bal=0.383 | lr=2.9e-04 | 1.7s
  Fold 2 | Ep  16/100 | t_loss=0.0026 t_acc=0.998 | v_win_bal=0.525 v_rec_bal=0.433 | lr=2.9e-04 | 1.6s
  Fold 2 | Ep  17/100 | t_loss=0.0009 t_acc=0.999 | v_win_bal=0.456 v_rec_bal=0.383 | lr=2.8e-04 | 1.6s
  Fold 2 | Ep  18/100 | t_loss=0.0035 t_acc=0.998 | v_win_bal=0.475 v_rec_bal=0.433 | lr=2.8e-04 | 1.6s
  Fold 2 | Ep  19/100 | t_loss=0.0031 t_acc=0.998 | v_win_bal=0.454 v_rec_bal=0.433 | lr=2.8e-04 | 1.5s
  Fold 2 | Ep  20/100 | t_loss=0.0032 t_acc=0.996 | v_win_bal=0.497 v_rec_bal=0.433 | lr=2.8e-04 | 1.5s
  Fold 2 | Ep  21/100 | t_loss=0.0013 t_acc=0.998 | v_win_bal=0.453 v_rec_bal=0.433 | lr=2.8e-04 | 1.5s
  Early stop at epoch 21
  -> Test (best @ epoch 1): acc=0.5385, bal_acc=0.5833

============================================================
Fold 3/5
============================================================
  Train:  40 samples, 10 subjects [2, 5, 6, 8, 9, 10, 11, 12, 17, 18], label_0=28, label_1=12
    Val:  14 samples,  4 subjects [1, 4, 14, 16], label_0=9, label_1=5
   Test:  16 samples,  3 subjects [3, 7, 13], label_0=10, label_1=6
  Building window datasets...
    WindowDataset: 6302 windows (class_0=2222, class_1=4080)
    WindowDataset: 1103 windows (class_0=786, class_1=317)
    WindowDataset: 1204 windows (class_0=834, class_1=370)
[ShallowConvNet] F_t=40 F_s=40 k_time=25 pool=75/15 T=1000 -> embed_dim=2440 (49,120 params)
  Fold 3 | Ep   1/100 | t_loss=0.1567 t_acc=0.623 | v_win_bal=0.599 v_rec_bal=0.556 | lr=1.0e-04 | 1.4s
  Fold 3 | Ep   2/100 | t_loss=0.0812 t_acc=0.865 | v_win_bal=0.676 v_rec_bal=0.667 | lr=2.0e-04 | 1.5s
  Fold 3 | Ep   3/100 | t_loss=0.0447 t_acc=0.934 | v_win_bal=0.674 v_rec_bal=0.611 | lr=3.0e-04 | 1.5s
  Fold 3 | Ep   4/100 | t_loss=0.0243 t_acc=0.966 | v_win_bal=0.733 v_rec_bal=0.722 | lr=3.0e-04 | 1.4s
  Fold 3 | Ep   5/100 | t_loss=0.0171 t_acc=0.979 | v_win_bal=0.762 v_rec_bal=0.722 | lr=3.0e-04 | 1.4s
  Fold 3 | Ep   6/100 | t_loss=0.0128 t_acc=0.985 | v_win_bal=0.725 v_rec_bal=0.667 | lr=3.0e-04 | 1.4s
  Fold 3 | Ep   7/100 | t_loss=0.0086 t_acc=0.990 | v_win_bal=0.770 v_rec_bal=0.722 | lr=3.0e-04 | 1.5s
  Fold 3 | Ep   8/100 | t_loss=0.0105 t_acc=0.990 | v_win_bal=0.778 v_rec_bal=0.667 | lr=3.0e-04 | 1.5s
  Fold 3 | Ep   9/100 | t_loss=0.0056 t_acc=0.992 | v_win_bal=0.718 v_rec_bal=0.556 | lr=3.0e-04 | 1.6s
  Fold 3 | Ep  10/100 | t_loss=0.0066 t_acc=0.993 | v_win_bal=0.769 v_rec_bal=0.722 | lr=3.0e-04 | 1.4s
  Fold 3 | Ep  11/100 | t_loss=0.0058 t_acc=0.994 | v_win_bal=0.760 v_rec_bal=0.611 | lr=2.9e-04 | 1.4s
  Fold 3 | Ep  12/100 | t_loss=0.0041 t_acc=0.995 | v_win_bal=0.755 v_rec_bal=0.556 | lr=2.9e-04 | 1.4s
  Fold 3 | Ep  13/100 | t_loss=0.0053 t_acc=0.996 | v_win_bal=0.776 v_rec_bal=0.667 | lr=2.9e-04 | 1.4s
  Fold 3 | Ep  14/100 | t_loss=0.0025 t_acc=0.997 | v_win_bal=0.784 v_rec_bal=0.722 | lr=2.9e-04 | 1.5s
  Fold 3 | Ep  15/100 | t_loss=0.0041 t_acc=0.997 | v_win_bal=0.794 v_rec_bal=0.778 | lr=2.9e-04 | 1.5s
  Fold 3 | Ep  16/100 | t_loss=0.0029 t_acc=0.997 | v_win_bal=0.782 v_rec_bal=0.778 | lr=2.9e-04 | 1.5s
  Fold 3 | Ep  17/100 | t_loss=0.0033 t_acc=0.996 | v_win_bal=0.752 v_rec_bal=0.556 | lr=2.8e-04 | 1.5s
  Fold 3 | Ep  18/100 | t_loss=0.0028 t_acc=0.998 | v_win_bal=0.740 v_rec_bal=0.667 | lr=2.8e-04 | 1.4s
  Fold 3 | Ep  19/100 | t_loss=0.0031 t_acc=0.997 | v_win_bal=0.794 v_rec_bal=0.889 | lr=2.8e-04 | 1.7s
  Fold 3 | Ep  20/100 | t_loss=0.0032 t_acc=0.997 | v_win_bal=0.758 v_rec_bal=0.556 | lr=2.8e-04 | 1.6s
  Fold 3 | Ep  21/100 | t_loss=0.0026 t_acc=0.998 | v_win_bal=0.723 v_rec_bal=0.667 | lr=2.8e-04 | 1.4s
  Fold 3 | Ep  22/100 | t_loss=0.0045 t_acc=0.997 | v_win_bal=0.813 v_rec_bal=0.833 | lr=2.7e-04 | 1.5s
  Fold 3 | Ep  23/100 | t_loss=0.0032 t_acc=0.997 | v_win_bal=0.747 v_rec_bal=0.556 | lr=2.7e-04 | 1.4s
  Fold 3 | Ep  24/100 | t_loss=0.0026 t_acc=0.997 | v_win_bal=0.753 v_rec_bal=0.556 | lr=2.7e-04 | 1.4s
  Fold 3 | Ep  25/100 | t_loss=0.0030 t_acc=0.996 | v_win_bal=0.749 v_rec_bal=0.611 | lr=2.6e-04 | 1.4s
  Fold 3 | Ep  26/100 | t_loss=0.0009 t_acc=0.999 | v_win_bal=0.839 v_rec_bal=0.889 | lr=2.6e-04 | 1.4s
  Fold 3 | Ep  27/100 | t_loss=0.0027 t_acc=0.997 | v_win_bal=0.774 v_rec_bal=0.556 | lr=2.6e-04 | 1.4s
  Fold 3 | Ep  28/100 | t_loss=0.0039 t_acc=0.998 | v_win_bal=0.747 v_rec_bal=0.556 | lr=2.5e-04 | 1.4s
  Fold 3 | Ep  29/100 | t_loss=0.0025 t_acc=0.999 | v_win_bal=0.762 v_rec_bal=0.611 | lr=2.5e-04 | 1.4s
  Fold 3 | Ep  30/100 | t_loss=0.0039 t_acc=0.997 | v_win_bal=0.795 v_rec_bal=0.667 | lr=2.5e-04 | 1.4s
  Fold 3 | Ep  31/100 | t_loss=0.0007 t_acc=0.999 | v_win_bal=0.782 v_rec_bal=0.667 | lr=2.4e-04 | 1.4s
  Fold 3 | Ep  32/100 | t_loss=0.0027 t_acc=0.998 | v_win_bal=0.741 v_rec_bal=0.556 | lr=2.4e-04 | 1.4s
  Fold 3 | Ep  33/100 | t_loss=0.0018 t_acc=0.999 | v_win_bal=0.790 v_rec_bal=0.667 | lr=2.3e-04 | 1.5s
  Fold 3 | Ep  34/100 | t_loss=0.0014 t_acc=0.998 | v_win_bal=0.768 v_rec_bal=0.556 | lr=2.3e-04 | 1.5s
  Fold 3 | Ep  35/100 | t_loss=0.0006 t_acc=0.999 | v_win_bal=0.788 v_rec_bal=0.611 | lr=2.3e-04 | 1.4s
  Fold 3 | Ep  36/100 | t_loss=0.0023 t_acc=0.997 | v_win_bal=0.776 v_rec_bal=0.722 | lr=2.2e-04 | 1.4s
  Early stop at epoch 36
  -> Test (best @ epoch 19): acc=0.6875, bal_acc=0.6167

============================================================
Fold 4/5
============================================================
  Train:  42 samples, 10 subjects [1, 3, 4, 5, 7, 8, 9, 10, 16, 18], label_0=28, label_1=14
    Val:  16 samples,  3 subjects [6, 11, 13], label_0=10, label_1=6
   Test:  12 samples,  4 subjects [2, 12, 14, 17], label_0=9, label_1=3
  Building window datasets...
    WindowDataset: 5618 windows (class_0=1864, class_1=3754)
    WindowDataset: 1419 windows (class_0=838, class_1=581)
    WindowDataset: 1326 windows (class_0=1140, class_1=186)
[ShallowConvNet] F_t=40 F_s=40 k_time=25 pool=75/15 T=1000 -> embed_dim=2440 (49,120 params)
  Fold 4 | Ep   1/100 | t_loss=0.1567 t_acc=0.656 | v_win_bal=0.592 v_rec_bal=0.500 | lr=1.0e-04 | 1.3s
  Fold 4 | Ep   2/100 | t_loss=0.0915 t_acc=0.842 | v_win_bal=0.616 v_rec_bal=0.533 | lr=2.0e-04 | 1.3s
  Fold 4 | Ep   3/100 | t_loss=0.0430 t_acc=0.938 | v_win_bal=0.636 v_rec_bal=0.783 | lr=3.0e-04 | 1.5s
  Fold 4 | Ep   4/100 | t_loss=0.0206 t_acc=0.972 | v_win_bal=0.670 v_rec_bal=0.700 | lr=3.0e-04 | 1.5s
  Fold 4 | Ep   5/100 | t_loss=0.0133 t_acc=0.982 | v_win_bal=0.658 v_rec_bal=0.650 | lr=3.0e-04 | 1.3s
  Fold 4 | Ep   6/100 | t_loss=0.0126 t_acc=0.986 | v_win_bal=0.622 v_rec_bal=0.767 | lr=3.0e-04 | 1.3s
  Fold 4 | Ep   7/100 | t_loss=0.0082 t_acc=0.991 | v_win_bal=0.659 v_rec_bal=0.650 | lr=3.0e-04 | 1.4s
  Fold 4 | Ep   8/100 | t_loss=0.0061 t_acc=0.992 | v_win_bal=0.623 v_rec_bal=0.567 | lr=3.0e-04 | 1.3s
  Fold 4 | Ep   9/100 | t_loss=0.0042 t_acc=0.995 | v_win_bal=0.609 v_rec_bal=0.517 | lr=3.0e-04 | 1.4s
  Fold 4 | Ep  10/100 | t_loss=0.0033 t_acc=0.996 | v_win_bal=0.587 v_rec_bal=0.483 | lr=3.0e-04 | 1.3s
  Fold 4 | Ep  11/100 | t_loss=0.0042 t_acc=0.994 | v_win_bal=0.630 v_rec_bal=0.550 | lr=2.9e-04 | 1.3s
  Fold 4 | Ep  12/100 | t_loss=0.0051 t_acc=0.995 | v_win_bal=0.597 v_rec_bal=0.567 | lr=2.9e-04 | 1.3s
  Fold 4 | Ep  13/100 | t_loss=0.0035 t_acc=0.997 | v_win_bal=0.566 v_rec_bal=0.617 | lr=2.9e-04 | 1.4s
  Fold 4 | Ep  14/100 | t_loss=0.0037 t_acc=0.996 | v_win_bal=0.667 v_rec_bal=0.767 | lr=2.9e-04 | 1.3s
  Fold 4 | Ep  15/100 | t_loss=0.0020 t_acc=0.997 | v_win_bal=0.592 v_rec_bal=0.483 | lr=2.9e-04 | 1.3s
  Fold 4 | Ep  16/100 | t_loss=0.0017 t_acc=0.998 | v_win_bal=0.668 v_rec_bal=0.767 | lr=2.9e-04 | 1.3s
  Fold 4 | Ep  17/100 | t_loss=0.0030 t_acc=0.997 | v_win_bal=0.608 v_rec_bal=0.767 | lr=2.8e-04 | 1.4s
  Fold 4 | Ep  18/100 | t_loss=0.0047 t_acc=0.996 | v_win_bal=0.544 v_rec_bal=0.567 | lr=2.8e-04 | 1.4s
  Fold 4 | Ep  19/100 | t_loss=0.0056 t_acc=0.995 | v_win_bal=0.619 v_rec_bal=0.683 | lr=2.8e-04 | 1.3s
  Fold 4 | Ep  20/100 | t_loss=0.0024 t_acc=0.996 | v_win_bal=0.639 v_rec_bal=0.600 | lr=2.8e-04 | 1.3s
  Fold 4 | Ep  21/100 | t_loss=0.0012 t_acc=0.999 | v_win_bal=0.620 v_rec_bal=0.517 | lr=2.8e-04 | 1.3s
  Fold 4 | Ep  22/100 | t_loss=0.0027 t_acc=0.997 | v_win_bal=0.656 v_rec_bal=0.683 | lr=2.7e-04 | 1.5s
  Fold 4 | Ep  23/100 | t_loss=0.0018 t_acc=0.998 | v_win_bal=0.592 v_rec_bal=0.433 | lr=2.7e-04 | 1.3s
  Fold 4 | Ep  24/100 | t_loss=0.0013 t_acc=0.998 | v_win_bal=0.635 v_rec_bal=0.633 | lr=2.7e-04 | 1.5s
  Fold 4 | Ep  25/100 | t_loss=0.0007 t_acc=0.999 | v_win_bal=0.658 v_rec_bal=0.683 | lr=2.6e-04 | 1.3s
  Early stop at epoch 25
  -> Test (best @ epoch 3): acc=0.6667, bal_acc=0.4444

============================================================
Fold 5/5
============================================================
  Train:  39 samples, 11 subjects [1, 2, 4, 5, 8, 9, 10, 12, 14, 16, 17], label_0=28, label_1=11
    Val:  16 samples,  3 subjects [3, 7, 13], label_0=10, label_1=6
   Test:  15 samples,  3 subjects [6, 11, 18], label_0=9, label_1=6
  Building window datasets...
    WindowDataset: 5488 windows (class_0=2461, class_1=3027)
    WindowDataset: 1204 windows (class_0=834, class_1=370)
    WindowDataset: 1128 windows (class_0=547, class_1=581)
[ShallowConvNet] F_t=40 F_s=40 k_time=25 pool=75/15 T=1000 -> embed_dim=2440 (49,120 params)
  Fold 5 | Ep   1/100 | t_loss=0.1597 t_acc=0.645 | v_win_bal=0.607 v_rec_bal=0.633 | lr=1.0e-04 | 1.3s
  Fold 5 | Ep   2/100 | t_loss=0.0711 t_acc=0.894 | v_win_bal=0.464 v_rec_bal=0.450 | lr=2.0e-04 | 1.3s
  Fold 5 | Ep   3/100 | t_loss=0.0299 t_acc=0.959 | v_win_bal=0.488 v_rec_bal=0.450 | lr=3.0e-04 | 1.3s
  Fold 5 | Ep   4/100 | t_loss=0.0181 t_acc=0.978 | v_win_bal=0.464 v_rec_bal=0.483 | lr=3.0e-04 | 1.3s
  Fold 5 | Ep   5/100 | t_loss=0.0092 t_acc=0.988 | v_win_bal=0.426 v_rec_bal=0.400 | lr=3.0e-04 | 1.4s
  Fold 5 | Ep   6/100 | t_loss=0.0078 t_acc=0.991 | v_win_bal=0.492 v_rec_bal=0.500 | lr=3.0e-04 | 1.3s
  Fold 5 | Ep   7/100 | t_loss=0.0064 t_acc=0.991 | v_win_bal=0.412 v_rec_bal=0.400 | lr=3.0e-04 | 1.3s
  Fold 5 | Ep   8/100 | t_loss=0.0034 t_acc=0.996 | v_win_bal=0.446 v_rec_bal=0.400 | lr=3.0e-04 | 1.3s
  Fold 5 | Ep   9/100 | t_loss=0.0036 t_acc=0.996 | v_win_bal=0.443 v_rec_bal=0.500 | lr=3.0e-04 | 1.3s
  Fold 5 | Ep  10/100 | t_loss=0.0034 t_acc=0.997 | v_win_bal=0.462 v_rec_bal=0.500 | lr=3.0e-04 | 1.5s
  Fold 5 | Ep  11/100 | t_loss=0.0045 t_acc=0.995 | v_win_bal=0.494 v_rec_bal=0.500 | lr=2.9e-04 | 1.3s
  Fold 5 | Ep  12/100 | t_loss=0.0036 t_acc=0.996 | v_win_bal=0.461 v_rec_bal=0.500 | lr=2.9e-04 | 1.3s
  Fold 5 | Ep  13/100 | t_loss=0.0036 t_acc=0.996 | v_win_bal=0.470 v_rec_bal=0.500 | lr=2.9e-04 | 1.3s
  Fold 5 | Ep  14/100 | t_loss=0.0024 t_acc=0.997 | v_win_bal=0.503 v_rec_bal=0.500 | lr=2.9e-04 | 1.3s
  Fold 5 | Ep  15/100 | t_loss=0.0016 t_acc=0.998 | v_win_bal=0.486 v_rec_bal=0.500 | lr=2.9e-04 | 1.3s
  Fold 5 | Ep  16/100 | t_loss=0.0023 t_acc=0.997 | v_win_bal=0.519 v_rec_bal=0.500 | lr=2.9e-04 | 1.3s
  Fold 5 | Ep  17/100 | t_loss=0.0013 t_acc=0.999 | v_win_bal=0.421 v_rec_bal=0.450 | lr=2.8e-04 | 1.3s
  Fold 5 | Ep  18/100 | t_loss=0.0025 t_acc=0.998 | v_win_bal=0.464 v_rec_bal=0.450 | lr=2.8e-04 | 1.3s
  Fold 5 | Ep  19/100 | t_loss=0.0011 t_acc=0.998 | v_win_bal=0.463 v_rec_bal=0.500 | lr=2.8e-04 | 1.3s
  Fold 5 | Ep  20/100 | t_loss=0.0022 t_acc=0.998 | v_win_bal=0.457 v_rec_bal=0.500 | lr=2.8e-04 | 1.3s
  Fold 5 | Ep  21/100 | t_loss=0.0022 t_acc=0.998 | v_win_bal=0.450 v_rec_bal=0.500 | lr=2.8e-04 | 1.3s
  Early stop at epoch 21
  -> Test (best @ epoch 1): acc=0.4000, bal_acc=0.4167

============================================================
Global Results (5-Fold, subject-level CV)
Mode: FT | Extractor: shallowconvnet | Loss: focal
============================================================
              acc: 0.5429
          bal_acc: 0.5375
               f1: 0.5565
            kappa: 0.0674
  Total predictions: 70 (should equal dataset size: 70)

Results saved to results/hp_sweep/20260409_main/shallowconvnet/shallowconvnet_dropout0.1_lr3e-4_s2024/
