CMD: /raid/jupyter-linjimmy1003.md10/.conda/envs/stress/bin/python train_ft.py --extractor shallowconvnet --seed 123 --device cuda:3 --run-id hp_sweep/20260409_main/shallowconvnet/shallowconvnet_dropout0.5_lr1e-4_s123 --mode ft --folds 5 --epochs 100 --patience 20 --batch-size 32 --label subject-dass --loss focal --head-hidden 128 --csv data/comprehensive_labels.csv --weight-decay 0.05 --grad-clip 2.0 --warmup-epochs 3 --aug-overlap 0.75 --norm zscore --dropout 0.5 --lr 0.0001

/raid/jupyter-linjimmy1003.md10/.conda/envs/stress/lib/python3.11/site-packages/timm/models/layers/__init__.py:49: FutureWarning: Importing from timm.models.layers is deprecated, please import via timm.layers
  warnings.warn(f"Importing from {__name__} is deprecated, please import via timm.layers", FutureWarning)
Mode: FT | Extractor: shallowconvnet | Folds: 5
LR: 0.0001 | WD: 0.05 | Beta2: 0.999 | Grad clip: 2.0
Head: hidden=128, dropout=0.5 | Norm: zscore | Loss: focal
Full FT: encoder_lr_scale=0.1
Augmentation: 75% overlap for increase class

Results → results/hp_sweep/20260409_main/shallowconvnet/shallowconvnet_dropout0.5_lr1e-4_s123/
Dataset: 70 recordings loaded (14 increase, 56 normal)
Cache: 70 recordings ready (70 cached, 0 new)
Subject-DASS labels: increase=23 (5 subjects), normal=47

============================================================
Fold 1/5
============================================================
  Train:  43 samples, 10 subjects [2, 3, 4, 6, 7, 8, 9, 10, 11, 13], label_0=28, label_1=15
    Val:  13 samples,  3 subjects [12, 17, 18], label_0=10, label_1=3
   Test:  14 samples,  4 subjects [1, 5, 14, 16], label_0=9, label_1=5
  Building window datasets...
    WindowDataset: 6870 windows (class_0=2063, class_1=4807)
    WindowDataset: 1166 windows (class_0=980, class_1=186)
    WindowDataset: 1116 windows (class_0=799, class_1=317)
[ShallowConvNet] F_t=40 F_s=40 k_time=25 pool=75/15 T=1000 -> embed_dim=2440 (49,120 params)
  Trainable parameters: 674,403
  Class weights: [1.6650508642196655, 0.7145829200744629]
  Fold 1 | Ep   1/100 | t_loss=0.2034 t_acc=0.555 | v_win_bal=0.371 v_rec_bal=0.350 | lr=3.3e-05 | 4.1s
  Fold 1 | Ep   2/100 | t_loss=0.1564 t_acc=0.687 | v_win_bal=0.481 v_rec_bal=0.500 | lr=6.7e-05 | 1.6s
  Fold 1 | Ep   3/100 | t_loss=0.1164 t_acc=0.787 | v_win_bal=0.491 v_rec_bal=0.500 | lr=1.0e-04 | 1.7s
  Fold 1 | Ep   4/100 | t_loss=0.0875 t_acc=0.860 | v_win_bal=0.497 v_rec_bal=0.500 | lr=1.0e-04 | 1.7s
  Fold 1 | Ep   5/100 | t_loss=0.0683 t_acc=0.896 | v_win_bal=0.499 v_rec_bal=0.500 | lr=1.0e-04 | 1.8s
  Fold 1 | Ep   6/100 | t_loss=0.0539 t_acc=0.922 | v_win_bal=0.494 v_rec_bal=0.500 | lr=1.0e-04 | 1.6s
  Fold 1 | Ep   7/100 | t_loss=0.0484 t_acc=0.935 | v_win_bal=0.491 v_rec_bal=0.500 | lr=1.0e-04 | 1.6s
  Fold 1 | Ep   8/100 | t_loss=0.0437 t_acc=0.939 | v_win_bal=0.488 v_rec_bal=0.500 | lr=9.9e-05 | 1.6s
  Fold 1 | Ep   9/100 | t_loss=0.0364 t_acc=0.950 | v_win_bal=0.487 v_rec_bal=0.500 | lr=9.9e-05 | 1.7s
  Fold 1 | Ep  10/100 | t_loss=0.0310 t_acc=0.955 | v_win_bal=0.488 v_rec_bal=0.500 | lr=9.9e-05 | 1.6s
  Fold 1 | Ep  11/100 | t_loss=0.0296 t_acc=0.960 | v_win_bal=0.494 v_rec_bal=0.500 | lr=9.8e-05 | 1.6s
  Fold 1 | Ep  12/100 | t_loss=0.0252 t_acc=0.964 | v_win_bal=0.488 v_rec_bal=0.500 | lr=9.8e-05 | 1.8s
  Fold 1 | Ep  13/100 | t_loss=0.0253 t_acc=0.967 | v_win_bal=0.492 v_rec_bal=0.500 | lr=9.7e-05 | 1.5s
  Fold 1 | Ep  14/100 | t_loss=0.0238 t_acc=0.969 | v_win_bal=0.486 v_rec_bal=0.500 | lr=9.7e-05 | 1.6s
  Fold 1 | Ep  15/100 | t_loss=0.0236 t_acc=0.972 | v_win_bal=0.490 v_rec_bal=0.500 | lr=9.6e-05 | 1.6s
  Fold 1 | Ep  16/100 | t_loss=0.0208 t_acc=0.976 | v_win_bal=0.486 v_rec_bal=0.500 | lr=9.6e-05 | 1.6s
  Fold 1 | Ep  17/100 | t_loss=0.0179 t_acc=0.976 | v_win_bal=0.491 v_rec_bal=0.500 | lr=9.5e-05 | 1.6s
  Fold 1 | Ep  18/100 | t_loss=0.0181 t_acc=0.980 | v_win_bal=0.488 v_rec_bal=0.500 | lr=9.4e-05 | 1.6s
  Fold 1 | Ep  19/100 | t_loss=0.0166 t_acc=0.981 | v_win_bal=0.489 v_rec_bal=0.500 | lr=9.3e-05 | 1.6s
  Fold 1 | Ep  20/100 | t_loss=0.0179 t_acc=0.979 | v_win_bal=0.490 v_rec_bal=0.500 | lr=9.3e-05 | 1.6s
  Fold 1 | Ep  21/100 | t_loss=0.0151 t_acc=0.984 | v_win_bal=0.488 v_rec_bal=0.500 | lr=9.2e-05 | 1.6s
  Fold 1 | Ep  22/100 | t_loss=0.0123 t_acc=0.984 | v_win_bal=0.491 v_rec_bal=0.500 | lr=9.1e-05 | 1.7s
  Fold 1 | Ep  23/100 | t_loss=0.0164 t_acc=0.983 | v_win_bal=0.489 v_rec_bal=0.500 | lr=9.0e-05 | 1.7s
  Fold 1 | Ep  24/100 | t_loss=0.0136 t_acc=0.986 | v_win_bal=0.493 v_rec_bal=0.500 | lr=8.9e-05 | 1.6s
  Early stop at epoch 24
  -> Test (best @ epoch 2): acc=0.4286, bal_acc=0.5111

============================================================
Fold 2/5
============================================================
  Train:  43 samples, 10 subjects [2, 3, 4, 6, 7, 9, 10, 11, 13, 18], label_0=28, label_1=15
    Val:  14 samples,  4 subjects [1, 5, 14, 16], label_0=9, label_1=5
   Test:  13 samples,  3 subjects [8, 12, 17], label_0=10, label_1=3
  Building window datasets...
    WindowDataset: 6852 windows (class_0=2045, class_1=4807)
    WindowDataset: 1116 windows (class_0=799, class_1=317)
    WindowDataset: 1184 windows (class_0=998, class_1=186)
[ShallowConvNet] F_t=40 F_s=40 k_time=25 pool=75/15 T=1000 -> embed_dim=2440 (49,120 params)
  Fold 2 | Ep   1/100 | t_loss=0.2083 t_acc=0.575 | v_win_bal=0.545 v_rec_bal=0.511 | lr=3.3e-05 | 1.6s
  Fold 2 | Ep   2/100 | t_loss=0.1506 t_acc=0.697 | v_win_bal=0.557 v_rec_bal=0.511 | lr=6.7e-05 | 1.7s
  Fold 2 | Ep   3/100 | t_loss=0.1171 t_acc=0.790 | v_win_bal=0.558 v_rec_bal=0.511 | lr=1.0e-04 | 1.6s
  Fold 2 | Ep   4/100 | t_loss=0.0886 t_acc=0.857 | v_win_bal=0.542 v_rec_bal=0.467 | lr=1.0e-04 | 1.9s
  Fold 2 | Ep   5/100 | t_loss=0.0697 t_acc=0.895 | v_win_bal=0.569 v_rec_bal=0.511 | lr=1.0e-04 | 1.6s
  Fold 2 | Ep   6/100 | t_loss=0.0554 t_acc=0.920 | v_win_bal=0.589 v_rec_bal=0.511 | lr=1.0e-04 | 1.6s
  Fold 2 | Ep   7/100 | t_loss=0.0469 t_acc=0.936 | v_win_bal=0.601 v_rec_bal=0.567 | lr=1.0e-04 | 1.6s
  Fold 2 | Ep   8/100 | t_loss=0.0386 t_acc=0.948 | v_win_bal=0.590 v_rec_bal=0.678 | lr=9.9e-05 | 1.9s
  Fold 2 | Ep   9/100 | t_loss=0.0379 t_acc=0.950 | v_win_bal=0.626 v_rec_bal=0.456 | lr=9.9e-05 | 1.6s
  Fold 2 | Ep  10/100 | t_loss=0.0315 t_acc=0.957 | v_win_bal=0.634 v_rec_bal=0.622 | lr=9.9e-05 | 1.6s
  Fold 2 | Ep  11/100 | t_loss=0.0297 t_acc=0.964 | v_win_bal=0.642 v_rec_bal=0.622 | lr=9.8e-05 | 1.6s
  Fold 2 | Ep  12/100 | t_loss=0.0255 t_acc=0.969 | v_win_bal=0.626 v_rec_bal=0.622 | lr=9.8e-05 | 1.6s
  Fold 2 | Ep  13/100 | t_loss=0.0232 t_acc=0.971 | v_win_bal=0.649 v_rec_bal=0.622 | lr=9.7e-05 | 1.6s
  Fold 2 | Ep  14/100 | t_loss=0.0187 t_acc=0.978 | v_win_bal=0.645 v_rec_bal=0.622 | lr=9.7e-05 | 1.6s
  Fold 2 | Ep  15/100 | t_loss=0.0203 t_acc=0.976 | v_win_bal=0.651 v_rec_bal=0.622 | lr=9.6e-05 | 1.6s
  Fold 2 | Ep  16/100 | t_loss=0.0199 t_acc=0.978 | v_win_bal=0.646 v_rec_bal=0.622 | lr=9.6e-05 | 1.6s
  Fold 2 | Ep  17/100 | t_loss=0.0199 t_acc=0.976 | v_win_bal=0.669 v_rec_bal=0.622 | lr=9.5e-05 | 1.6s
  Fold 2 | Ep  18/100 | t_loss=0.0144 t_acc=0.982 | v_win_bal=0.674 v_rec_bal=0.622 | lr=9.4e-05 | 1.6s
  Fold 2 | Ep  19/100 | t_loss=0.0175 t_acc=0.981 | v_win_bal=0.682 v_rec_bal=0.622 | lr=9.3e-05 | 1.6s
  Fold 2 | Ep  20/100 | t_loss=0.0126 t_acc=0.985 | v_win_bal=0.681 v_rec_bal=0.622 | lr=9.3e-05 | 1.6s
  Fold 2 | Ep  21/100 | t_loss=0.0099 t_acc=0.986 | v_win_bal=0.683 v_rec_bal=0.622 | lr=9.2e-05 | 1.7s
  Fold 2 | Ep  22/100 | t_loss=0.0135 t_acc=0.985 | v_win_bal=0.698 v_rec_bal=0.622 | lr=9.1e-05 | 1.6s
  Fold 2 | Ep  23/100 | t_loss=0.0134 t_acc=0.987 | v_win_bal=0.688 v_rec_bal=0.622 | lr=9.0e-05 | 1.6s
  Fold 2 | Ep  24/100 | t_loss=0.0108 t_acc=0.987 | v_win_bal=0.689 v_rec_bal=0.622 | lr=8.9e-05 | 1.6s
  Fold 2 | Ep  25/100 | t_loss=0.0094 t_acc=0.989 | v_win_bal=0.677 v_rec_bal=0.622 | lr=8.8e-05 | 1.6s
  Fold 2 | Ep  26/100 | t_loss=0.0126 t_acc=0.989 | v_win_bal=0.675 v_rec_bal=0.622 | lr=8.7e-05 | 1.6s
  Fold 2 | Ep  27/100 | t_loss=0.0074 t_acc=0.991 | v_win_bal=0.682 v_rec_bal=0.622 | lr=8.6e-05 | 1.6s
  Fold 2 | Ep  28/100 | t_loss=0.0069 t_acc=0.992 | v_win_bal=0.681 v_rec_bal=0.622 | lr=8.4e-05 | 1.8s
  Fold 2 | Ep  29/100 | t_loss=0.0089 t_acc=0.989 | v_win_bal=0.672 v_rec_bal=0.622 | lr=8.3e-05 | 1.6s
  Fold 2 | Ep  30/100 | t_loss=0.0094 t_acc=0.990 | v_win_bal=0.674 v_rec_bal=0.622 | lr=8.2e-05 | 1.6s
  Fold 2 | Ep  31/100 | t_loss=0.0097 t_acc=0.991 | v_win_bal=0.705 v_rec_bal=0.622 | lr=8.1e-05 | 1.7s
  Fold 2 | Ep  32/100 | t_loss=0.0069 t_acc=0.991 | v_win_bal=0.685 v_rec_bal=0.622 | lr=8.0e-05 | 1.6s
  Early stop at epoch 32
  -> Test (best @ epoch 8): acc=0.7692, bal_acc=0.5000

============================================================
Fold 3/5
============================================================
  Train:  40 samples, 10 subjects [3, 4, 7, 8, 9, 10, 12, 16, 17, 18], label_0=28, label_1=12
    Val:  14 samples,  4 subjects [1, 2, 5, 14], label_0=9, label_1=5
   Test:  16 samples,  3 subjects [6, 11, 13], label_0=10, label_1=6
  Building window datasets...
    WindowDataset: 5447 windows (class_0=2211, class_1=3236)
    WindowDataset: 1110 windows (class_0=793, class_1=317)
    WindowDataset: 1419 windows (class_0=838, class_1=581)
[ShallowConvNet] F_t=40 F_s=40 k_time=25 pool=75/15 T=1000 -> embed_dim=2440 (49,120 params)
  Fold 3 | Ep   1/100 | t_loss=0.1991 t_acc=0.537 | v_win_bal=0.432 v_rec_bal=0.300 | lr=3.3e-05 | 1.9s
  Fold 3 | Ep   2/100 | t_loss=0.1347 t_acc=0.733 | v_win_bal=0.411 v_rec_bal=0.311 | lr=6.7e-05 | 1.3s
  Fold 3 | Ep   3/100 | t_loss=0.0844 t_acc=0.857 | v_win_bal=0.398 v_rec_bal=0.311 | lr=1.0e-04 | 1.3s
  Fold 3 | Ep   4/100 | t_loss=0.0549 t_acc=0.922 | v_win_bal=0.434 v_rec_bal=0.422 | lr=1.0e-04 | 1.3s
  Fold 3 | Ep   5/100 | t_loss=0.0374 t_acc=0.950 | v_win_bal=0.442 v_rec_bal=0.422 | lr=1.0e-04 | 1.3s
  Fold 3 | Ep   6/100 | t_loss=0.0292 t_acc=0.962 | v_win_bal=0.432 v_rec_bal=0.367 | lr=1.0e-04 | 1.3s
  Fold 3 | Ep   7/100 | t_loss=0.0203 t_acc=0.973 | v_win_bal=0.458 v_rec_bal=0.422 | lr=1.0e-04 | 1.3s
  Fold 3 | Ep   8/100 | t_loss=0.0182 t_acc=0.978 | v_win_bal=0.473 v_rec_bal=0.422 | lr=9.9e-05 | 1.3s
  Fold 3 | Ep   9/100 | t_loss=0.0134 t_acc=0.984 | v_win_bal=0.462 v_rec_bal=0.422 | lr=9.9e-05 | 1.3s
  Fold 3 | Ep  10/100 | t_loss=0.0136 t_acc=0.985 | v_win_bal=0.463 v_rec_bal=0.422 | lr=9.9e-05 | 1.3s
  Fold 3 | Ep  11/100 | t_loss=0.0116 t_acc=0.985 | v_win_bal=0.463 v_rec_bal=0.422 | lr=9.8e-05 | 1.3s
  Fold 3 | Ep  12/100 | t_loss=0.0077 t_acc=0.992 | v_win_bal=0.472 v_rec_bal=0.422 | lr=9.8e-05 | 1.3s
  Fold 3 | Ep  13/100 | t_loss=0.0077 t_acc=0.991 | v_win_bal=0.488 v_rec_bal=0.422 | lr=9.7e-05 | 1.3s
  Fold 3 | Ep  14/100 | t_loss=0.0086 t_acc=0.992 | v_win_bal=0.486 v_rec_bal=0.422 | lr=9.7e-05 | 1.3s
  Fold 3 | Ep  15/100 | t_loss=0.0057 t_acc=0.992 | v_win_bal=0.477 v_rec_bal=0.422 | lr=9.6e-05 | 1.3s
  Fold 3 | Ep  16/100 | t_loss=0.0054 t_acc=0.994 | v_win_bal=0.472 v_rec_bal=0.422 | lr=9.6e-05 | 1.3s
  Fold 3 | Ep  17/100 | t_loss=0.0046 t_acc=0.995 | v_win_bal=0.487 v_rec_bal=0.422 | lr=9.5e-05 | 1.3s
  Fold 3 | Ep  18/100 | t_loss=0.0036 t_acc=0.995 | v_win_bal=0.484 v_rec_bal=0.422 | lr=9.4e-05 | 1.3s
  Fold 3 | Ep  19/100 | t_loss=0.0044 t_acc=0.994 | v_win_bal=0.487 v_rec_bal=0.422 | lr=9.3e-05 | 1.3s
  Fold 3 | Ep  20/100 | t_loss=0.0053 t_acc=0.993 | v_win_bal=0.480 v_rec_bal=0.422 | lr=9.3e-05 | 1.3s
  Fold 3 | Ep  21/100 | t_loss=0.0055 t_acc=0.994 | v_win_bal=0.478 v_rec_bal=0.422 | lr=9.2e-05 | 1.3s
  Fold 3 | Ep  22/100 | t_loss=0.0031 t_acc=0.996 | v_win_bal=0.465 v_rec_bal=0.422 | lr=9.1e-05 | 1.3s
  Fold 3 | Ep  23/100 | t_loss=0.0028 t_acc=0.996 | v_win_bal=0.473 v_rec_bal=0.422 | lr=9.0e-05 | 1.3s
  Fold 3 | Ep  24/100 | t_loss=0.0033 t_acc=0.995 | v_win_bal=0.494 v_rec_bal=0.422 | lr=8.9e-05 | 1.3s
  Fold 3 | Ep  25/100 | t_loss=0.0023 t_acc=0.997 | v_win_bal=0.483 v_rec_bal=0.422 | lr=8.8e-05 | 1.3s
  Fold 3 | Ep  26/100 | t_loss=0.0022 t_acc=0.997 | v_win_bal=0.485 v_rec_bal=0.422 | lr=8.7e-05 | 1.3s
  Fold 3 | Ep  27/100 | t_loss=0.0041 t_acc=0.994 | v_win_bal=0.481 v_rec_bal=0.422 | lr=8.6e-05 | 1.3s
  Fold 3 | Ep  28/100 | t_loss=0.0024 t_acc=0.997 | v_win_bal=0.491 v_rec_bal=0.422 | lr=8.4e-05 | 1.4s
  Fold 3 | Ep  29/100 | t_loss=0.0023 t_acc=0.997 | v_win_bal=0.477 v_rec_bal=0.422 | lr=8.3e-05 | 1.3s
  Early stop at epoch 29
  -> Test (best @ epoch 4): acc=0.4375, bal_acc=0.3500

============================================================
Fold 4/5
============================================================
  Train:  44 samples,  9 subjects [3, 5, 6, 7, 8, 11, 13, 17, 18], label_0=29, label_1=15
    Val:  14 samples,  4 subjects [1, 12, 14, 16], label_0=9, label_1=5
   Test:  12 samples,  4 subjects [2, 4, 9, 10], label_0=9, label_1=3
  Building window datasets...
    WindowDataset: 6535 windows (class_0=2032, class_1=4503)
    WindowDataset: 1463 windows (class_0=1146, class_1=317)
    WindowDataset: 926 windows (class_0=664, class_1=262)
[ShallowConvNet] F_t=40 F_s=40 k_time=25 pool=75/15 T=1000 -> embed_dim=2440 (49,120 params)
  Fold 4 | Ep   1/100 | t_loss=0.1882 t_acc=0.535 | v_win_bal=0.654 v_rec_bal=0.622 | lr=3.3e-05 | 1.6s
  Fold 4 | Ep   2/100 | t_loss=0.1575 t_acc=0.651 | v_win_bal=0.794 v_rec_bal=0.844 | lr=6.7e-05 | 1.6s
  Fold 4 | Ep   3/100 | t_loss=0.1251 t_acc=0.746 | v_win_bal=0.830 v_rec_bal=0.944 | lr=1.0e-04 | 1.6s
  Fold 4 | Ep   4/100 | t_loss=0.0888 t_acc=0.836 | v_win_bal=0.862 v_rec_bal=0.889 | lr=1.0e-04 | 1.5s
  Fold 4 | Ep   5/100 | t_loss=0.0639 t_acc=0.896 | v_win_bal=0.875 v_rec_bal=0.889 | lr=1.0e-04 | 1.8s
  Fold 4 | Ep   6/100 | t_loss=0.0500 t_acc=0.925 | v_win_bal=0.874 v_rec_bal=0.889 | lr=1.0e-04 | 1.5s
  Fold 4 | Ep   7/100 | t_loss=0.0427 t_acc=0.940 | v_win_bal=0.876 v_rec_bal=0.889 | lr=1.0e-04 | 1.5s
  Fold 4 | Ep   8/100 | t_loss=0.0348 t_acc=0.947 | v_win_bal=0.886 v_rec_bal=0.889 | lr=9.9e-05 | 1.5s
  Fold 4 | Ep   9/100 | t_loss=0.0331 t_acc=0.957 | v_win_bal=0.887 v_rec_bal=0.833 | lr=9.9e-05 | 1.7s
  Fold 4 | Ep  10/100 | t_loss=0.0277 t_acc=0.965 | v_win_bal=0.893 v_rec_bal=0.889 | lr=9.9e-05 | 1.5s
  Fold 4 | Ep  11/100 | t_loss=0.0289 t_acc=0.965 | v_win_bal=0.896 v_rec_bal=0.889 | lr=9.8e-05 | 1.7s
  Fold 4 | Ep  12/100 | t_loss=0.0203 t_acc=0.974 | v_win_bal=0.893 v_rec_bal=0.889 | lr=9.8e-05 | 1.6s
  Fold 4 | Ep  13/100 | t_loss=0.0205 t_acc=0.976 | v_win_bal=0.903 v_rec_bal=0.944 | lr=9.7e-05 | 1.6s
  Fold 4 | Ep  14/100 | t_loss=0.0175 t_acc=0.978 | v_win_bal=0.905 v_rec_bal=0.944 | lr=9.7e-05 | 1.6s
  Fold 4 | Ep  15/100 | t_loss=0.0139 t_acc=0.984 | v_win_bal=0.894 v_rec_bal=0.889 | lr=9.6e-05 | 1.5s
  Fold 4 | Ep  16/100 | t_loss=0.0149 t_acc=0.984 | v_win_bal=0.906 v_rec_bal=0.944 | lr=9.6e-05 | 1.5s
  Fold 4 | Ep  17/100 | t_loss=0.0125 t_acc=0.984 | v_win_bal=0.920 v_rec_bal=0.944 | lr=9.5e-05 | 1.5s
  Fold 4 | Ep  18/100 | t_loss=0.0124 t_acc=0.986 | v_win_bal=0.913 v_rec_bal=0.944 | lr=9.4e-05 | 1.8s
  Fold 4 | Ep  19/100 | t_loss=0.0130 t_acc=0.986 | v_win_bal=0.908 v_rec_bal=0.944 | lr=9.3e-05 | 1.6s
  Fold 4 | Ep  20/100 | t_loss=0.0103 t_acc=0.989 | v_win_bal=0.922 v_rec_bal=0.944 | lr=9.3e-05 | 1.5s
  Fold 4 | Ep  21/100 | t_loss=0.0096 t_acc=0.989 | v_win_bal=0.916 v_rec_bal=0.944 | lr=9.2e-05 | 1.5s
  Fold 4 | Ep  22/100 | t_loss=0.0114 t_acc=0.988 | v_win_bal=0.919 v_rec_bal=0.944 | lr=9.1e-05 | 2.0s
  Fold 4 | Ep  23/100 | t_loss=0.0085 t_acc=0.990 | v_win_bal=0.912 v_rec_bal=0.944 | lr=9.0e-05 | 1.7s
  Fold 4 | Ep  24/100 | t_loss=0.0072 t_acc=0.992 | v_win_bal=0.912 v_rec_bal=0.944 | lr=8.9e-05 | 1.6s
  Fold 4 | Ep  25/100 | t_loss=0.0064 t_acc=0.991 | v_win_bal=0.913 v_rec_bal=0.944 | lr=8.8e-05 | 1.6s
  Fold 4 | Ep  26/100 | t_loss=0.0095 t_acc=0.990 | v_win_bal=0.923 v_rec_bal=0.944 | lr=8.7e-05 | 1.7s
  Fold 4 | Ep  27/100 | t_loss=0.0091 t_acc=0.992 | v_win_bal=0.913 v_rec_bal=0.944 | lr=8.6e-05 | 1.6s
  Fold 4 | Ep  28/100 | t_loss=0.0058 t_acc=0.992 | v_win_bal=0.920 v_rec_bal=0.944 | lr=8.4e-05 | 1.6s
  Fold 4 | Ep  29/100 | t_loss=0.0083 t_acc=0.993 | v_win_bal=0.909 v_rec_bal=0.944 | lr=8.3e-05 | 1.6s
  Fold 4 | Ep  30/100 | t_loss=0.0076 t_acc=0.992 | v_win_bal=0.912 v_rec_bal=0.944 | lr=8.2e-05 | 1.5s
  Fold 4 | Ep  31/100 | t_loss=0.0061 t_acc=0.992 | v_win_bal=0.916 v_rec_bal=0.944 | lr=8.1e-05 | 1.5s
  Fold 4 | Ep  32/100 | t_loss=0.0050 t_acc=0.994 | v_win_bal=0.918 v_rec_bal=0.944 | lr=8.0e-05 | 1.8s
  Fold 4 | Ep  33/100 | t_loss=0.0073 t_acc=0.993 | v_win_bal=0.920 v_rec_bal=0.944 | lr=7.8e-05 | 1.7s
  Fold 4 | Ep  34/100 | t_loss=0.0041 t_acc=0.994 | v_win_bal=0.915 v_rec_bal=0.944 | lr=7.7e-05 | 1.6s
  Fold 4 | Ep  35/100 | t_loss=0.0055 t_acc=0.995 | v_win_bal=0.917 v_rec_bal=0.944 | lr=7.5e-05 | 1.7s
  Fold 4 | Ep  36/100 | t_loss=0.0062 t_acc=0.995 | v_win_bal=0.919 v_rec_bal=0.944 | lr=7.4e-05 | 1.6s
  Fold 4 | Ep  37/100 | t_loss=0.0048 t_acc=0.995 | v_win_bal=0.919 v_rec_bal=0.944 | lr=7.3e-05 | 1.6s
  Fold 4 | Ep  38/100 | t_loss=0.0050 t_acc=0.994 | v_win_bal=0.924 v_rec_bal=0.944 | lr=7.1e-05 | 1.6s
  Early stop at epoch 38
  -> Test (best @ epoch 3): acc=0.1667, bal_acc=0.3333

============================================================
Fold 5/5
============================================================
  Train:  41 samples, 10 subjects [2, 4, 5, 6, 8, 10, 11, 13, 14, 17], label_0=29, label_1=12
    Val:  14 samples,  4 subjects [1, 9, 12, 16], label_0=9, label_1=5
   Test:  15 samples,  3 subjects [3, 7, 18], label_0=9, label_1=6
  Building window datasets...
    WindowDataset: 6349 windows (class_0=2269, class_1=4080)
    WindowDataset: 1347 windows (class_0=1030, class_1=317)
    WindowDataset: 913 windows (class_0=543, class_1=370)
[ShallowConvNet] F_t=40 F_s=40 k_time=25 pool=75/15 T=1000 -> embed_dim=2440 (49,120 params)
  Fold 5 | Ep   1/100 | t_loss=0.2016 t_acc=0.542 | v_win_bal=0.707 v_rec_bal=0.733 | lr=3.3e-05 | 1.5s
  Fold 5 | Ep   2/100 | t_loss=0.1760 t_acc=0.604 | v_win_bal=0.781 v_rec_bal=0.733 | lr=6.7e-05 | 1.5s
  Fold 5 | Ep   3/100 | t_loss=0.1321 t_acc=0.734 | v_win_bal=0.780 v_rec_bal=0.844 | lr=1.0e-04 | 1.5s
  Fold 5 | Ep   4/100 | t_loss=0.0883 t_acc=0.858 | v_win_bal=0.779 v_rec_bal=0.900 | lr=1.0e-04 | 1.5s
  Fold 5 | Ep   5/100 | t_loss=0.0688 t_acc=0.899 | v_win_bal=0.809 v_rec_bal=0.833 | lr=1.0e-04 | 1.6s
  Fold 5 | Ep   6/100 | t_loss=0.0488 t_acc=0.930 | v_win_bal=0.811 v_rec_bal=0.889 | lr=1.0e-04 | 1.5s
  Fold 5 | Ep   7/100 | t_loss=0.0374 t_acc=0.949 | v_win_bal=0.817 v_rec_bal=1.000 | lr=1.0e-04 | 1.5s
  Fold 5 | Ep   8/100 | t_loss=0.0339 t_acc=0.956 | v_win_bal=0.829 v_rec_bal=0.944 | lr=9.9e-05 | 1.6s
  Fold 5 | Ep   9/100 | t_loss=0.0250 t_acc=0.967 | v_win_bal=0.856 v_rec_bal=0.889 | lr=9.9e-05 | 1.5s
  Fold 5 | Ep  10/100 | t_loss=0.0226 t_acc=0.969 | v_win_bal=0.863 v_rec_bal=0.889 | lr=9.9e-05 | 1.5s
  Fold 5 | Ep  11/100 | t_loss=0.0198 t_acc=0.975 | v_win_bal=0.870 v_rec_bal=0.944 | lr=9.8e-05 | 1.5s
  Fold 5 | Ep  12/100 | t_loss=0.0183 t_acc=0.977 | v_win_bal=0.859 v_rec_bal=0.944 | lr=9.8e-05 | 1.5s
  Fold 5 | Ep  13/100 | t_loss=0.0150 t_acc=0.980 | v_win_bal=0.864 v_rec_bal=1.000 | lr=9.7e-05 | 1.5s
  Fold 5 | Ep  14/100 | t_loss=0.0171 t_acc=0.980 | v_win_bal=0.878 v_rec_bal=1.000 | lr=9.7e-05 | 1.5s
  Fold 5 | Ep  15/100 | t_loss=0.0117 t_acc=0.985 | v_win_bal=0.889 v_rec_bal=1.000 | lr=9.6e-05 | 1.5s
  Fold 5 | Ep  16/100 | t_loss=0.0120 t_acc=0.984 | v_win_bal=0.870 v_rec_bal=1.000 | lr=9.6e-05 | 1.7s
  Fold 5 | Ep  17/100 | t_loss=0.0113 t_acc=0.985 | v_win_bal=0.894 v_rec_bal=1.000 | lr=9.5e-05 | 1.9s
  Fold 5 | Ep  18/100 | t_loss=0.0125 t_acc=0.986 | v_win_bal=0.884 v_rec_bal=1.000 | lr=9.4e-05 | 1.7s
  Fold 5 | Ep  19/100 | t_loss=0.0105 t_acc=0.987 | v_win_bal=0.892 v_rec_bal=1.000 | lr=9.3e-05 | 1.6s
  Fold 5 | Ep  20/100 | t_loss=0.0097 t_acc=0.989 | v_win_bal=0.876 v_rec_bal=1.000 | lr=9.3e-05 | 1.5s
  Fold 5 | Ep  21/100 | t_loss=0.0080 t_acc=0.992 | v_win_bal=0.896 v_rec_bal=1.000 | lr=9.2e-05 | 1.8s
  Fold 5 | Ep  22/100 | t_loss=0.0060 t_acc=0.992 | v_win_bal=0.881 v_rec_bal=1.000 | lr=9.1e-05 | 1.6s
  Fold 5 | Ep  23/100 | t_loss=0.0088 t_acc=0.990 | v_win_bal=0.882 v_rec_bal=0.944 | lr=9.0e-05 | 1.8s
  Fold 5 | Ep  24/100 | t_loss=0.0094 t_acc=0.990 | v_win_bal=0.892 v_rec_bal=1.000 | lr=8.9e-05 | 1.6s
  Fold 5 | Ep  25/100 | t_loss=0.0080 t_acc=0.990 | v_win_bal=0.895 v_rec_bal=1.000 | lr=8.8e-05 | 1.5s
  Fold 5 | Ep  26/100 | t_loss=0.0073 t_acc=0.992 | v_win_bal=0.902 v_rec_bal=1.000 | lr=8.7e-05 | 1.5s
  Fold 5 | Ep  27/100 | t_loss=0.0088 t_acc=0.991 | v_win_bal=0.890 v_rec_bal=1.000 | lr=8.6e-05 | 1.5s
  Fold 5 | Ep  28/100 | t_loss=0.0081 t_acc=0.992 | v_win_bal=0.897 v_rec_bal=1.000 | lr=8.4e-05 | 1.6s
  Fold 5 | Ep  29/100 | t_loss=0.0056 t_acc=0.994 | v_win_bal=0.882 v_rec_bal=1.000 | lr=8.3e-05 | 1.5s
  Fold 5 | Ep  30/100 | t_loss=0.0061 t_acc=0.994 | v_win_bal=0.873 v_rec_bal=1.000 | lr=8.2e-05 | 1.5s
  Fold 5 | Ep  31/100 | t_loss=0.0042 t_acc=0.996 | v_win_bal=0.899 v_rec_bal=1.000 | lr=8.1e-05 | 1.6s
  Fold 5 | Ep  32/100 | t_loss=0.0048 t_acc=0.996 | v_win_bal=0.889 v_rec_bal=1.000 | lr=8.0e-05 | 1.6s
  Fold 5 | Ep  33/100 | t_loss=0.0042 t_acc=0.994 | v_win_bal=0.895 v_rec_bal=1.000 | lr=7.8e-05 | 1.5s
  Fold 5 | Ep  34/100 | t_loss=0.0068 t_acc=0.994 | v_win_bal=0.896 v_rec_bal=1.000 | lr=7.7e-05 | 1.6s
  Fold 5 | Ep  35/100 | t_loss=0.0057 t_acc=0.995 | v_win_bal=0.898 v_rec_bal=1.000 | lr=7.5e-05 | 1.5s
  Early stop at epoch 35
  -> Test (best @ epoch 7): acc=0.6000, bal_acc=0.5278

============================================================
Global Results (5-Fold, subject-level CV)
Mode: FT | Extractor: shallowconvnet | Loss: focal
============================================================
              acc: 0.4857
          bal_acc: 0.4394
               f1: 0.4949
            kappa: -0.1160
  Total predictions: 70 (should equal dataset size: 70)

Results saved to results/hp_sweep/20260409_main/shallowconvnet/shallowconvnet_dropout0.5_lr1e-4_s123/
