/raid/jupyter-linjimmy1003.md10/.conda/envs/stress/lib/python3.11/site-packages/timm/models/layers/__init__.py:49: FutureWarning: Importing from timm.models.layers is deprecated, please import via timm.layers
  warnings.warn(f"Importing from {__name__} is deprecated, please import via timm.layers", FutureWarning)
Mode: FT | Extractor: labram | Folds: 5
LR: 1e-05 | WD: 0.05 | Beta2: 0.999 | Grad clip: 2.0
Head: hidden=128, dropout=0.0 | Norm: zscore | Loss: focal
Full FT: encoder_lr_scale=0.1
Augmentation: 75% overlap for increase class

Results → results/features_cache/ft_labram_tdbrain/
TDBRAIN: 734 recordings from 359 subjects (MDD=640, HC=94, condition=EO+EC)

============================================================
Fold 1/5
============================================================
  Train: 440 samples, 216 subjects [87974665, 87974709, 87974841, 87976193, 87976413, 87976457, 87976461, 87976505, 87976641, 87976773, 87977045, 87980241, 87980329, 87980689, 87980913, 87982225, 87999321, 88000181, 88001661, 88005849, 88005893, 88005941, 88005985, 88006117, 88006209, 88008681, 88009901, 88010033, 88010709, 88010753, 88010929, 88011333, 88011833, 88012461, 88013177, 88013813, 88016105, 88016465, 88017765, 88018941, 88018989, 88019393, 88019569, 88019973, 88020153, 88020381, 88020873, 88021101, 88021145, 88021277, 88021321, 88022001, 88022133, 88022765, 88023125, 88023485, 88023529, 88024697, 88024789, 88024833, 88025013, 88025057, 88025061, 88025105, 88025281, 88025465, 88025685, 88025873, 88026005, 88026321, 88026409, 88026593, 88026769, 88026857, 88027173, 88028565, 88029381, 88029513, 88029601, 88029645, 88029777, 88029833, 88030281, 88030369, 88032569, 88032973, 88033201, 88033377, 88033561, 88033925, 88034061, 88034105, 88035677, 88035721, 88036037, 88036217, 88038069, 88039057, 88039465, 88040449, 88041397, 88041805, 88041941, 88042837, 88042969, 88043021, 88043065, 88043153, 88043373, 88043381, 88043425, 88043873, 88044497, 88044501, 88044681, 88045353, 88045713, 88045989, 88046033, 88046349, 88046437, 88046569, 88046885, 88047377, 88047517, 88047737, 88047921, 88048325, 88048953, 88049089, 88049405, 88049493, 88049537, 88049813, 88049905, 88050037, 88050169, 88052013, 88052197, 88052285, 88052465, 88052509, 88052869, 88053317, 88053453, 88053545, 88053997, 88054181, 88054313, 88054629, 88055077, 88055121, 88055749, 88056785, 88057461, 88057913, 88058001, 88058229, 88058633, 88058993, 88059397, 88061105, 88061597, 88061729, 88061961, 88062141, 88063221, 88064837, 88065241, 88065329, 88065425, 88066281, 88066729, 88067177, 88067357, 88067853, 88067989, 88068213, 88068525, 88068885, 88069069, 88069473, 88069517, 88069605, 88069649, 88069741, 88069793, 88069837, 88069925, 88070061, 88070149, 88071005, 88071409, 88071677, 88071949, 88072265, 88072573, 88072581, 88072933, 88073029, 88073433, 88073797, 88074201, 88074425, 88075053, 88075233, 88075457, 88075725, 88075769, 88076401, 88076445, 88076629, 88076941, 88077345, 88077569, 88077613], label_0=56, label_1=384
    Val: 146 samples, 71 subjects [87974617, 87974621, 87974973, 87976817, 87976953, 87980197, 87980417, 87982849, 88000313, 88000489, 88000533, 88002789, 88003869, 88004853, 88006477, 88006837, 88008321, 88012817, 88015249, 88017137, 88017409, 88018717, 88018937, 88020017, 88020021, 88020737, 88022089, 88025641, 88026233, 88027713, 88028253, 88029689, 88029789, 88032621, 88032841, 88034733, 88034781, 88035185, 88035501, 88035589, 88038921, 88039325, 88042749, 88044905, 88046257, 88046981, 88047245, 88047789, 88048281, 88048461, 88048817, 88049585, 88049857, 88052061, 88059125, 88059169, 88059349, 88059573, 88060429, 88064565, 88064657, 88066145, 88066325, 88066773, 88066865, 88069737, 88071993, 88072081, 88072125, 88076761, 88077525], label_0=18, label_1=128
   Test: 148 samples, 72 subjects [87976369, 87980373, 87980869, 88005805, 88005937, 88006161, 88008997, 88010981, 88012053, 88013905, 88015029, 88015205, 88015477, 88017821, 88017865, 88020109, 88020425, 88020557, 88020917, 88021053, 88024965, 88025597, 88027129, 88030193, 88030549, 88030641, 88032665, 88034645, 88035049, 88035229, 88035497, 88039417, 88039773, 88039957, 88041261, 88041665, 88041893, 88044545, 88045085, 88045809, 88046665, 88046797, 88048729, 88050713, 88051073, 88052329, 88054357, 88054577, 88055301, 88056017, 88057769, 88057869, 88059665, 88060249, 88061061, 88062409, 88062545, 88063445, 88064793, 88065197, 88066053, 88067181, 88067225, 88068481, 88068665, 88068841, 88070285, 88071589, 88071857, 88072889, 88075817, 88076849], label_0=20, label_1=128
  Building window datasets...
    WindowDataset: 36752 windows (class_0=1328, class_1=35424)
    WindowDataset: 3476 windows (class_0=432, class_1=3044)
    WindowDataset: 3509 windows (class_0=476, class_1=3033)
[LaBraM] Loaded 221/223 params from weights/labram-base/model.safetensors
[LaBraM] Missing: ['fc_norm.weight', 'fc_norm.bias']
  Trainable parameters: 5,872,179
  Class weights: [13.837348937988281, 0.5187443494796753]
  Fold 1 | Ep   1/50 | t_loss=0.1771 t_acc=0.677 | v_win_bal=0.583 v_rec_bal=0.576 | lr=3.3e-06 | 46.9s
  Fold 1 | Ep   2/50 | t_loss=0.1630 t_acc=0.917 | v_win_bal=0.695 v_rec_bal=0.679 | lr=6.7e-06 | 44.8s
  Fold 1 | Ep   3/50 | t_loss=0.1560 t_acc=0.932 | v_win_bal=0.792 v_rec_bal=0.854 | lr=1.0e-05 | 44.7s
  Fold 1 | Ep   4/50 | t_loss=0.1587 t_acc=0.952 | v_win_bal=0.760 v_rec_bal=0.818 | lr=1.0e-05 | 44.3s
  Fold 1 | Ep   5/50 | t_loss=0.1562 t_acc=0.961 | v_win_bal=0.752 v_rec_bal=0.795 | lr=1.0e-05 | 42.8s
  Fold 1 | Ep   6/50 | t_loss=0.1389 t_acc=0.971 | v_win_bal=0.719 v_rec_bal=0.786 | lr=9.9e-06 | 44.4s
  Fold 1 | Ep   7/50 | t_loss=0.1322 t_acc=0.977 | v_win_bal=0.757 v_rec_bal=0.834 | lr=9.8e-06 | 44.6s
  Fold 1 | Ep   8/50 | t_loss=0.1190 t_acc=0.980 | v_win_bal=0.729 v_rec_bal=0.750 | lr=9.7e-06 | 44.7s
  Fold 1 | Ep   9/50 | t_loss=0.1039 t_acc=0.985 | v_win_bal=0.699 v_rec_bal=0.727 | lr=9.6e-06 | 44.6s
  Fold 1 | Ep  10/50 | t_loss=0.0839 t_acc=0.989 | v_win_bal=0.705 v_rec_bal=0.734 | lr=9.5e-06 | 44.8s
  Fold 1 | Ep  11/50 | t_loss=0.0734 t_acc=0.992 | v_win_bal=0.716 v_rec_bal=0.743 | lr=9.3e-06 | 44.6s
  Fold 1 | Ep  12/50 | t_loss=0.0504 t_acc=0.994 | v_win_bal=0.676 v_rec_bal=0.703 | lr=9.1e-06 | 44.7s
  Fold 1 | Ep  13/50 | t_loss=0.0415 t_acc=0.996 | v_win_bal=0.683 v_rec_bal=0.727 | lr=8.9e-06 | 44.8s
  Fold 1 | Ep  14/50 | t_loss=0.0263 t_acc=0.997 | v_win_bal=0.673 v_rec_bal=0.707 | lr=8.7e-06 | 44.7s
  Fold 1 | Ep  15/50 | t_loss=0.0149 t_acc=0.999 | v_win_bal=0.673 v_rec_bal=0.730 | lr=8.5e-06 | 44.8s
  Fold 1 | Ep  16/50 | t_loss=0.0079 t_acc=0.999 | v_win_bal=0.687 v_rec_bal=0.734 | lr=8.2e-06 | 44.6s
  Fold 1 | Ep  17/50 | t_loss=0.0050 t_acc=1.000 | v_win_bal=0.699 v_rec_bal=0.723 | lr=8.0e-06 | 44.8s
  Fold 1 | Ep  18/50 | t_loss=0.0020 t_acc=1.000 | v_win_bal=0.696 v_rec_bal=0.723 | lr=7.7e-06 | 44.5s
  Fold 1 | Ep  19/50 | t_loss=0.0014 t_acc=1.000 | v_win_bal=0.695 v_rec_bal=0.750 | lr=7.4e-06 | 44.7s
  Fold 1 | Ep  20/50 | t_loss=0.0007 t_acc=1.000 | v_win_bal=0.672 v_rec_bal=0.679 | lr=7.1e-06 | 44.6s
  Early stop at epoch 20
  Extracting test-fold features (148 recordings)...
  Features shape: (148, 200)
  Saved features → results/features_cache/ft_labram_tdbrain/fold1_features.npz
  -> Test (best @ epoch 3): acc=0.7905, bal_acc=0.5625

============================================================
Fold 2/5
============================================================
  Train: 440 samples, 216 subjects [87974617, 87974665, 87974709, 87974841, 87974973, 87976369, 87976413, 87976457, 87976505, 87976773, 87980197, 87980241, 87980373, 87980869, 87980913, 87982225, 87982849, 87999321, 88000181, 88000313, 88000489, 88000533, 88001661, 88002789, 88003869, 88004853, 88005849, 88005893, 88005937, 88005941, 88005985, 88006477, 88008321, 88008997, 88010753, 88010929, 88010981, 88011333, 88011833, 88012053, 88012461, 88012817, 88013813, 88013905, 88015029, 88015205, 88016465, 88017137, 88017765, 88017821, 88017865, 88018717, 88018941, 88018989, 88019393, 88020021, 88020109, 88020153, 88020425, 88020557, 88020917, 88021053, 88021101, 88021145, 88021277, 88022001, 88022089, 88022133, 88023485, 88023529, 88024789, 88024833, 88024965, 88025061, 88025281, 88025597, 88025873, 88026005, 88026409, 88026593, 88027129, 88027173, 88028565, 88029381, 88029513, 88029645, 88029689, 88029777, 88029789, 88030193, 88030281, 88030549, 88030641, 88032569, 88032621, 88032973, 88033561, 88033925, 88034645, 88034781, 88035049, 88035185, 88035229, 88035501, 88035721, 88036217, 88038069, 88038921, 88039325, 88039417, 88039465, 88039957, 88041397, 88041665, 88041893, 88041941, 88042749, 88043021, 88043153, 88043873, 88044497, 88044545, 88044681, 88044905, 88045085, 88045353, 88045713, 88045809, 88045989, 88046033, 88046257, 88046437, 88046665, 88046797, 88046885, 88046981, 88047245, 88047517, 88047737, 88048281, 88049405, 88049493, 88049585, 88049857, 88049905, 88050037, 88050713, 88052061, 88052285, 88052329, 88052465, 88052509, 88053317, 88053545, 88054357, 88054577, 88054629, 88055077, 88055301, 88055749, 88056017, 88056785, 88057769, 88057869, 88058001, 88058229, 88058993, 88059125, 88059349, 88059573, 88059665, 88061061, 88061729, 88061961, 88062141, 88062409, 88063221, 88064565, 88064657, 88064837, 88066053, 88066145, 88066325, 88066729, 88066865, 88067177, 88067181, 88067853, 88068213, 88068525, 88068665, 88068841, 88069473, 88069517, 88069737, 88069793, 88069925, 88070061, 88070285, 88071589, 88071677, 88071949, 88072889, 88073029, 88074201, 88074425, 88075725, 88075817, 88076401, 88076445, 88076629, 88076761, 88077345, 88077525, 88077569, 88077613], label_0=56, label_1=384
    Val: 148 samples, 72 subjects [87974621, 87976193, 87977045, 87980417, 88005805, 88006117, 88006161, 88013177, 88015249, 88015477, 88017409, 88018937, 88020381, 88020737, 88025013, 88025465, 88025641, 88026857, 88027713, 88029601, 88030369, 88032665, 88033201, 88034733, 88035497, 88035677, 88036037, 88039057, 88039773, 88041261, 88041805, 88042837, 88042969, 88044501, 88046349, 88048325, 88048461, 88048729, 88048817, 88049537, 88051073, 88052013, 88053453, 88054313, 88057913, 88058633, 88060249, 88061105, 88062545, 88063445, 88064793, 88065197, 88066281, 88067225, 88067357, 88068481, 88068885, 88069069, 88069605, 88069837, 88071005, 88071857, 88072081, 88072125, 88072573, 88072581, 88073797, 88075053, 88075457, 88075769, 88076849, 88076941], label_0=20, label_1=128
   Test: 146 samples, 71 subjects [87976461, 87976641, 87976817, 87976953, 87980329, 87980689, 88006209, 88006837, 88008681, 88009901, 88010033, 88010709, 88016105, 88019569, 88019973, 88020017, 88020873, 88021321, 88022765, 88023125, 88024697, 88025057, 88025105, 88025685, 88026233, 88026321, 88026769, 88028253, 88029833, 88032841, 88033377, 88034061, 88034105, 88035589, 88040449, 88043065, 88043373, 88043381, 88043425, 88046569, 88047377, 88047789, 88047921, 88048953, 88049089, 88049813, 88050169, 88052197, 88052869, 88053997, 88054181, 88055121, 88057461, 88059169, 88059397, 88060429, 88061597, 88065241, 88065329, 88065425, 88066773, 88067989, 88069649, 88069741, 88070149, 88071409, 88071993, 88072265, 88072933, 88073433, 88075233], label_0=18, label_1=128
  Building window datasets...
    WindowDataset: 36712 windows (class_0=1336, class_1=35376)
    WindowDataset: 3519 windows (class_0=474, class_1=3045)
    WindowDataset: 3470 windows (class_0=426, class_1=3044)
[LaBraM] Loaded 221/223 params from weights/labram-base/model.safetensors
[LaBraM] Missing: ['fc_norm.weight', 'fc_norm.bias']
  Fold 2 | Ep   1/50 | t_loss=0.1715 t_acc=0.784 | v_win_bal=0.600 v_rec_bal=0.628 | lr=3.3e-06 | 47.1s
  Fold 2 | Ep   2/50 | t_loss=0.1573 t_acc=0.882 | v_win_bal=0.671 v_rec_bal=0.706 | lr=6.7e-06 | 47.0s
  Fold 2 | Ep   3/50 | t_loss=0.1394 t_acc=0.897 | v_win_bal=0.677 v_rec_bal=0.727 | lr=1.0e-05 | 46.9s
  Fold 2 | Ep   4/50 | t_loss=0.1464 t_acc=0.943 | v_win_bal=0.642 v_rec_bal=0.607 | lr=1.0e-05 | 46.9s
  Fold 2 | Ep   5/50 | t_loss=0.1411 t_acc=0.961 | v_win_bal=0.677 v_rec_bal=0.726 | lr=1.0e-05 | 46.8s
  Fold 2 | Ep   6/50 | t_loss=0.1249 t_acc=0.966 | v_win_bal=0.589 v_rec_bal=0.600 | lr=9.9e-06 | 45.1s
  Fold 2 | Ep   7/50 | t_loss=0.1274 t_acc=0.976 | v_win_bal=0.592 v_rec_bal=0.575 | lr=9.8e-06 | 44.9s
  Fold 2 | Ep   8/50 | t_loss=0.1086 t_acc=0.979 | v_win_bal=0.604 v_rec_bal=0.621 | lr=9.7e-06 | 44.8s
  Fold 2 | Ep   9/50 | t_loss=0.0936 t_acc=0.985 | v_win_bal=0.620 v_rec_bal=0.634 | lr=9.6e-06 | 45.0s
  Fold 2 | Ep  10/50 | t_loss=0.0925 t_acc=0.988 | v_win_bal=0.623 v_rec_bal=0.642 | lr=9.5e-06 | 44.7s
  Fold 2 | Ep  11/50 | t_loss=0.0692 t_acc=0.991 | v_win_bal=0.622 v_rec_bal=0.630 | lr=9.3e-06 | 45.0s
  Fold 2 | Ep  12/50 | t_loss=0.0573 t_acc=0.994 | v_win_bal=0.624 v_rec_bal=0.638 | lr=9.1e-06 | 44.7s
  Fold 2 | Ep  13/50 | t_loss=0.0453 t_acc=0.996 | v_win_bal=0.625 v_rec_bal=0.630 | lr=8.9e-06 | 44.9s
  Fold 2 | Ep  14/50 | t_loss=0.0306 t_acc=0.997 | v_win_bal=0.638 v_rec_bal=0.619 | lr=8.7e-06 | 44.8s
  Fold 2 | Ep  15/50 | t_loss=0.0185 t_acc=0.998 | v_win_bal=0.615 v_rec_bal=0.634 | lr=8.5e-06 | 44.9s
  Fold 2 | Ep  16/50 | t_loss=0.0134 t_acc=0.999 | v_win_bal=0.627 v_rec_bal=0.663 | lr=8.2e-06 | 44.8s
  Fold 2 | Ep  17/50 | t_loss=0.0081 t_acc=0.999 | v_win_bal=0.582 v_rec_bal=0.600 | lr=8.0e-06 | 44.9s
  Fold 2 | Ep  18/50 | t_loss=0.0029 t_acc=1.000 | v_win_bal=0.596 v_rec_bal=0.571 | lr=7.7e-06 | 44.8s
  Early stop at epoch 18
  Extracting test-fold features (146 recordings)...
  Features shape: (146, 200)
  Saved features → results/features_cache/ft_labram_tdbrain/fold2_features.npz
  -> Test (best @ epoch 3): acc=0.8014, bal_acc=0.7674

============================================================
Fold 3/5
============================================================
  Train: 440 samples, 216 subjects [87974617, 87974621, 87974841, 87974973, 87976193, 87976369, 87976461, 87976505, 87976641, 87976953, 87980197, 87980241, 87980329, 87980373, 87980417, 87980689, 88000181, 88000313, 88000533, 88001661, 88005805, 88005937, 88005985, 88006117, 88006161, 88006209, 88006837, 88008321, 88008997, 88010033, 88010709, 88010753, 88010981, 88011333, 88011833, 88012053, 88012817, 88013813, 88015029, 88015205, 88015249, 88015477, 88017137, 88017765, 88017821, 88017865, 88018717, 88018989, 88019569, 88019973, 88020017, 88020109, 88020153, 88020425, 88020557, 88020737, 88020873, 88020917, 88021145, 88021277, 88023125, 88023485, 88023529, 88024697, 88024965, 88025013, 88025057, 88025105, 88025597, 88025685, 88026233, 88026321, 88026409, 88027173, 88027713, 88028253, 88028565, 88029381, 88029601, 88029833, 88030193, 88030281, 88030549, 88030641, 88032665, 88032841, 88032973, 88033201, 88033377, 88033561, 88034061, 88034645, 88035049, 88035229, 88035497, 88035501, 88035589, 88036217, 88038069, 88039325, 88039417, 88039773, 88040449, 88041397, 88041665, 88041805, 88041893, 88042837, 88043065, 88043153, 88043373, 88043381, 88043425, 88044501, 88044545, 88044681, 88044905, 88045353, 88045713, 88045809, 88046257, 88046569, 88046665, 88046797, 88047377, 88047517, 88047921, 88048281, 88048325, 88048729, 88049089, 88049405, 88049493, 88049537, 88049813, 88049857, 88050037, 88051073, 88052197, 88052329, 88052465, 88052509, 88052869, 88053317, 88053545, 88053997, 88054181, 88054313, 88054357, 88054577, 88054629, 88055077, 88055121, 88056017, 88056785, 88057461, 88057769, 88057913, 88058229, 88059125, 88059397, 88059665, 88060249, 88061061, 88061597, 88061961, 88062141, 88062409, 88063221, 88063445, 88064565, 88064657, 88065197, 88065241, 88065329, 88066145, 88066729, 88066773, 88066865, 88067181, 88067225, 88067853, 88067989, 88068213, 88068665, 88068841, 88069069, 88069605, 88069649, 88069741, 88069793, 88070149, 88070285, 88071005, 88071409, 88071857, 88071949, 88071993, 88072125, 88072265, 88072573, 88073029, 88073797, 88075053, 88075233, 88075457, 88075725, 88076401, 88076445, 88076629, 88076761, 88076849, 88076941, 88077345, 88077569, 88077613], label_0=56, label_1=384
    Val: 148 samples, 72 subjects [87974709, 87976773, 87976817, 87980869, 87980913, 87982849, 88005849, 88005893, 88005941, 88008681, 88009901, 88010929, 88013905, 88016105, 88018941, 88021053, 88021321, 88022089, 88022133, 88022765, 88025641, 88025873, 88026593, 88026769, 88027129, 88029513, 88029777, 88032569, 88034105, 88035677, 88035721, 88038921, 88039057, 88039465, 88039957, 88041261, 88042969, 88045085, 88046437, 88047789, 88048461, 88048953, 88049905, 88050169, 88050713, 88052285, 88053453, 88055301, 88057869, 88059169, 88059573, 88060429, 88061105, 88061729, 88062545, 88064793, 88065425, 88066053, 88066325, 88067357, 88068481, 88068525, 88069517, 88069737, 88070061, 88071589, 88072889, 88072933, 88073433, 88074201, 88075769, 88075817], label_0=20, label_1=128
   Test: 146 samples, 71 subjects [87974665, 87976413, 87976457, 87977045, 87982225, 87999321, 88000489, 88002789, 88003869, 88004853, 88006477, 88012461, 88013177, 88016465, 88017409, 88018937, 88019393, 88020021, 88020381, 88021101, 88022001, 88024789, 88024833, 88025061, 88025281, 88025465, 88026005, 88026857, 88029645, 88029689, 88029789, 88030369, 88032621, 88033925, 88034733, 88034781, 88035185, 88036037, 88041941, 88042749, 88043021, 88043873, 88044497, 88045989, 88046033, 88046349, 88046885, 88046981, 88047245, 88047737, 88048817, 88049585, 88052013, 88052061, 88055749, 88058001, 88058633, 88058993, 88059349, 88064837, 88066281, 88067177, 88068885, 88069473, 88069837, 88069925, 88071677, 88072081, 88072581, 88074425, 88077525], label_0=18, label_1=128
  Building window datasets...
    WindowDataset: 36680 windows (class_0=1336, class_1=35344)
    WindowDataset: 3517 windows (class_0=472, class_1=3045)
    WindowDataset: 3480 windows (class_0=428, class_1=3052)
[LaBraM] Loaded 221/223 params from weights/labram-base/model.safetensors
[LaBraM] Missing: ['fc_norm.weight', 'fc_norm.bias']
  Fold 3 | Ep   1/50 | t_loss=0.1715 t_acc=0.683 | v_win_bal=0.529 v_rec_bal=0.527 | lr=3.3e-06 | 45.1s
  Fold 3 | Ep   2/50 | t_loss=0.1545 t_acc=0.888 | v_win_bal=0.631 v_rec_bal=0.613 | lr=6.7e-06 | 45.1s
  Fold 3 | Ep   3/50 | t_loss=0.1475 t_acc=0.926 | v_win_bal=0.678 v_rec_bal=0.731 | lr=1.0e-05 | 45.4s
  Fold 3 | Ep   4/50 | t_loss=0.1540 t_acc=0.953 | v_win_bal=0.655 v_rec_bal=0.677 | lr=1.0e-05 | 45.3s
  Fold 3 | Ep   5/50 | t_loss=0.1559 t_acc=0.965 | v_win_bal=0.697 v_rec_bal=0.750 | lr=1.0e-05 | 45.5s
  Fold 3 | Ep   6/50 | t_loss=0.1396 t_acc=0.968 | v_win_bal=0.661 v_rec_bal=0.702 | lr=9.9e-06 | 45.4s
  Fold 3 | Ep   7/50 | t_loss=0.1368 t_acc=0.976 | v_win_bal=0.650 v_rec_bal=0.698 | lr=9.8e-06 | 45.4s
  Fold 3 | Ep   8/50 | t_loss=0.1206 t_acc=0.979 | v_win_bal=0.655 v_rec_bal=0.688 | lr=9.7e-06 | 45.6s
  Fold 3 | Ep   9/50 | t_loss=0.1072 t_acc=0.984 | v_win_bal=0.625 v_rec_bal=0.621 | lr=9.6e-06 | 45.4s
  Fold 3 | Ep  10/50 | t_loss=0.0979 t_acc=0.987 | v_win_bal=0.652 v_rec_bal=0.667 | lr=9.5e-06 | 45.6s
  Fold 3 | Ep  11/50 | t_loss=0.0773 t_acc=0.990 | v_win_bal=0.674 v_rec_bal=0.730 | lr=9.3e-06 | 45.4s
  Fold 3 | Ep  12/50 | t_loss=0.0698 t_acc=0.993 | v_win_bal=0.669 v_rec_bal=0.719 | lr=9.1e-06 | 45.7s
  Fold 3 | Ep  13/50 | t_loss=0.0488 t_acc=0.994 | v_win_bal=0.629 v_rec_bal=0.621 | lr=8.9e-06 | 45.4s
  Fold 3 | Ep  14/50 | t_loss=0.0375 t_acc=0.997 | v_win_bal=0.665 v_rec_bal=0.713 | lr=8.7e-06 | 45.7s
  Fold 3 | Ep  15/50 | t_loss=0.0265 t_acc=0.997 | v_win_bal=0.660 v_rec_bal=0.705 | lr=8.5e-06 | 45.4s
  Fold 3 | Ep  16/50 | t_loss=0.0192 t_acc=0.998 | v_win_bal=0.673 v_rec_bal=0.723 | lr=8.2e-06 | 45.6s
  Fold 3 | Ep  17/50 | t_loss=0.0115 t_acc=0.999 | v_win_bal=0.654 v_rec_bal=0.721 | lr=8.0e-06 | 45.4s
  Fold 3 | Ep  18/50 | t_loss=0.0047 t_acc=1.000 | v_win_bal=0.634 v_rec_bal=0.621 | lr=7.7e-06 | 46.0s
  Fold 3 | Ep  19/50 | t_loss=0.0017 t_acc=1.000 | v_win_bal=0.661 v_rec_bal=0.717 | lr=7.4e-06 | 45.5s
  Fold 3 | Ep  20/50 | t_loss=0.0006 t_acc=1.000 | v_win_bal=0.653 v_rec_bal=0.671 | lr=7.1e-06 | 45.5s
  Early stop at epoch 20
  Extracting test-fold features (146 recordings)...
  Features shape: (146, 200)
  Saved features → results/features_cache/ft_labram_tdbrain/fold3_features.npz
  -> Test (best @ epoch 5): acc=0.7671, bal_acc=0.6762

============================================================
Fold 4/5
============================================================
  Train: 440 samples, 215 subjects [87974617, 87974621, 87974665, 87974709, 87976457, 87976461, 87976505, 87976641, 87976817, 87976953, 87980241, 87980329, 87980373, 87980417, 87980869, 87982225, 87999321, 88000181, 88000489, 88001661, 88002789, 88003869, 88005805, 88005937, 88005985, 88006117, 88006161, 88006209, 88006477, 88008681, 88008997, 88010033, 88011333, 88011833, 88012053, 88012461, 88015029, 88015205, 88015477, 88016105, 88016465, 88017409, 88017765, 88017865, 88019393, 88019569, 88019973, 88020017, 88020021, 88020109, 88020153, 88020381, 88020425, 88020873, 88020917, 88021101, 88021145, 88021277, 88021321, 88022001, 88022089, 88022765, 88023125, 88023485, 88024697, 88024833, 88024965, 88025013, 88025057, 88025061, 88025281, 88025465, 88025597, 88025685, 88026005, 88026233, 88026769, 88026857, 88027129, 88028253, 88029381, 88029601, 88029645, 88029777, 88029789, 88029833, 88030193, 88030281, 88030369, 88030641, 88032569, 88032665, 88032841, 88033201, 88033377, 88033561, 88033925, 88034105, 88034645, 88034781, 88035049, 88035185, 88035497, 88035589, 88036037, 88036217, 88039057, 88039417, 88039773, 88039957, 88040449, 88041261, 88041893, 88041941, 88042749, 88042969, 88043021, 88043065, 88043373, 88043425, 88043873, 88044497, 88044501, 88044681, 88045353, 88045809, 88045989, 88046257, 88046569, 88046797, 88046885, 88046981, 88047377, 88047789, 88047921, 88048281, 88048729, 88048817, 88048953, 88049813, 88049857, 88049905, 88050169, 88050713, 88051073, 88052013, 88052061, 88052197, 88052285, 88052329, 88052509, 88052869, 88053453, 88053997, 88054181, 88054357, 88055301, 88056785, 88057461, 88057869, 88058001, 88058633, 88058993, 88059125, 88059665, 88060429, 88061061, 88061597, 88062141, 88062409, 88062545, 88063445, 88064793, 88064837, 88065241, 88065329, 88065425, 88066053, 88066281, 88066865, 88067177, 88067181, 88067225, 88068481, 88068665, 88068841, 88069473, 88069517, 88069605, 88069649, 88069741, 88069837, 88070149, 88070285, 88071005, 88071409, 88071589, 88071677, 88071857, 88071949, 88071993, 88072265, 88072889, 88072933, 88073433, 88073797, 88074201, 88074425, 88075233, 88076401, 88076629, 88076849, 88076941, 88077525, 88077613], label_0=56, label_1=384
    Val: 148 samples, 72 subjects [87976193, 87976369, 87976413, 87977045, 87980689, 87980913, 88004853, 88005849, 88005893, 88006837, 88009901, 88010709, 88010929, 88010981, 88012817, 88013177, 88013905, 88017821, 88018717, 88018937, 88020557, 88021053, 88024789, 88025105, 88025873, 88026321, 88027713, 88029689, 88030549, 88032621, 88034061, 88034733, 88035229, 88035721, 88041397, 88041665, 88043381, 88044545, 88045085, 88046033, 88046349, 88046437, 88046665, 88047245, 88047737, 88049089, 88049537, 88049585, 88054577, 88055121, 88055749, 88056017, 88057769, 88057913, 88059169, 88059349, 88059397, 88060249, 88061961, 88065197, 88066729, 88066773, 88067357, 88067989, 88068525, 88068885, 88069737, 88069925, 88072081, 88072125, 88072581, 88075817], label_0=20, label_1=128
   Test: 146 samples, 72 subjects [87974841, 87974973, 87976773, 87980197, 87982849, 88000313, 88000533, 88005941, 88008321, 88010753, 88013813, 88015249, 88017137, 88018941, 88018989, 88020737, 88022133, 88023529, 88025641, 88026409, 88026593, 88027173, 88028565, 88029513, 88032973, 88035501, 88035677, 88038069, 88038921, 88039325, 88039465, 88041805, 88042837, 88043153, 88044905, 88045713, 88047517, 88048325, 88048461, 88049405, 88049493, 88050037, 88052465, 88053317, 88053545, 88054313, 88054629, 88055077, 88058229, 88059573, 88061105, 88061729, 88063221, 88064565, 88064657, 88066145, 88066325, 88067853, 88068213, 88069069, 88069793, 88070061, 88072573, 88073029, 88075053, 88075457, 88075725, 88075769, 88076445, 88076761, 88077345, 88077569], label_0=18, label_1=128
  Building window datasets...
    WindowDataset: 36740 windows (class_0=1332, class_1=35408)
    WindowDataset: 3514 windows (class_0=474, class_1=3040)
    WindowDataset: 3471 windows (class_0=430, class_1=3041)
[LaBraM] Loaded 221/223 params from weights/labram-base/model.safetensors
[LaBraM] Missing: ['fc_norm.weight', 'fc_norm.bias']
  Fold 4 | Ep   1/50 | t_loss=0.1827 t_acc=0.963 | v_win_bal=0.529 v_rec_bal=0.500 | lr=3.3e-06 | 46.9s
  Fold 4 | Ep   2/50 | t_loss=0.1599 t_acc=0.913 | v_win_bal=0.670 v_rec_bal=0.687 | lr=6.7e-06 | 47.5s
  Fold 4 | Ep   3/50 | t_loss=0.1540 t_acc=0.933 | v_win_bal=0.648 v_rec_bal=0.660 | lr=1.0e-05 | 47.2s
  Fold 4 | Ep   4/50 | t_loss=0.1434 t_acc=0.952 | v_win_bal=0.669 v_rec_bal=0.713 | lr=1.0e-05 | 47.3s
  Fold 4 | Ep   5/50 | t_loss=0.1350 t_acc=0.966 | v_win_bal=0.656 v_rec_bal=0.691 | lr=1.0e-05 | 47.1s
  Fold 4 | Ep   6/50 | t_loss=0.1271 t_acc=0.973 | v_win_bal=0.637 v_rec_bal=0.663 | lr=9.9e-06 | 47.2s
  Fold 4 | Ep   7/50 | t_loss=0.1117 t_acc=0.978 | v_win_bal=0.640 v_rec_bal=0.638 | lr=9.8e-06 | 47.1s
  Fold 4 | Ep   8/50 | t_loss=0.0955 t_acc=0.984 | v_win_bal=0.599 v_rec_bal=0.596 | lr=9.7e-06 | 47.2s
  Fold 4 | Ep   9/50 | t_loss=0.0875 t_acc=0.987 | v_win_bal=0.577 v_rec_bal=0.571 | lr=9.6e-06 | 47.2s
  Fold 4 | Ep  10/50 | t_loss=0.0719 t_acc=0.991 | v_win_bal=0.656 v_rec_bal=0.705 | lr=9.5e-06 | 46.0s
  Fold 4 | Ep  11/50 | t_loss=0.0610 t_acc=0.992 | v_win_bal=0.605 v_rec_bal=0.596 | lr=9.3e-06 | 47.2s
  Fold 4 | Ep  12/50 | t_loss=0.0414 t_acc=0.995 | v_win_bal=0.616 v_rec_bal=0.638 | lr=9.1e-06 | 46.9s
  Fold 4 | Ep  13/50 | t_loss=0.0319 t_acc=0.996 | v_win_bal=0.639 v_rec_bal=0.663 | lr=8.9e-06 | 45.5s
  Fold 4 | Ep  14/50 | t_loss=0.0257 t_acc=0.998 | v_win_bal=0.641 v_rec_bal=0.663 | lr=8.7e-06 | 45.3s
  Fold 4 | Ep  15/50 | t_loss=0.0143 t_acc=0.998 | v_win_bal=0.647 v_rec_bal=0.667 | lr=8.5e-06 | 45.5s
  Fold 4 | Ep  16/50 | t_loss=0.0097 t_acc=0.999 | v_win_bal=0.657 v_rec_bal=0.684 | lr=8.2e-06 | 45.7s
  Fold 4 | Ep  17/50 | t_loss=0.0044 t_acc=1.000 | v_win_bal=0.630 v_rec_bal=0.646 | lr=8.0e-06 | 45.9s
  Fold 4 | Ep  18/50 | t_loss=0.0034 t_acc=1.000 | v_win_bal=0.623 v_rec_bal=0.675 | lr=7.7e-06 | 46.3s
  Fold 4 | Ep  19/50 | t_loss=0.0035 t_acc=1.000 | v_win_bal=0.606 v_rec_bal=0.600 | lr=7.4e-06 | 47.3s
  Fold 4 | Ep  20/50 | t_loss=0.0021 t_acc=1.000 | v_win_bal=0.620 v_rec_bal=0.646 | lr=7.1e-06 | 47.0s
  Fold 4 | Ep  21/50 | t_loss=0.0019 t_acc=1.000 | v_win_bal=0.631 v_rec_bal=0.646 | lr=6.8e-06 | 47.3s
  Early stop at epoch 21
  Extracting test-fold features (146 recordings)...
  Features shape: (146, 200)
  Saved features → results/features_cache/ft_labram_tdbrain/fold4_features.npz
  -> Test (best @ epoch 4): acc=0.8151, bal_acc=0.7036

============================================================
Fold 5/5
============================================================
  Train: 438 samples, 214 subjects [87974841, 87974973, 87976457, 87976461, 87976641, 87976773, 87976817, 87977045, 87980197, 87980373, 87980689, 87980869, 87982225, 87982849, 88000313, 88000489, 88000533, 88002789, 88004853, 88005937, 88005941, 88006161, 88006209, 88006837, 88008321, 88008681, 88008997, 88009901, 88010033, 88010753, 88010981, 88013177, 88015029, 88015205, 88015477, 88016105, 88017409, 88017865, 88018937, 88018941, 88018989, 88019393, 88019569, 88019973, 88020021, 88020109, 88020381, 88020425, 88020557, 88020737, 88021053, 88021101, 88022133, 88022765, 88023125, 88023529, 88024697, 88025057, 88025105, 88025281, 88025465, 88025597, 88025641, 88025685, 88026005, 88026233, 88026321, 88026409, 88026593, 88026857, 88027129, 88027173, 88028253, 88028565, 88029645, 88029689, 88029789, 88029833, 88030193, 88030549, 88032621, 88032665, 88032973, 88033925, 88034061, 88034105, 88034645, 88034733, 88034781, 88035049, 88035185, 88035229, 88035497, 88035589, 88035677, 88036037, 88038921, 88039417, 88039773, 88039957, 88040449, 88041261, 88041665, 88041805, 88041893, 88042749, 88042837, 88043021, 88043065, 88043153, 88043373, 88043381, 88043425, 88043873, 88044497, 88045085, 88045809, 88045989, 88046569, 88046797, 88046981, 88047377, 88047517, 88047737, 88047789, 88048325, 88048461, 88048729, 88048817, 88048953, 88049089, 88049405, 88049493, 88049585, 88049813, 88050037, 88052013, 88052061, 88052869, 88053317, 88054181, 88054313, 88054357, 88054577, 88055121, 88055301, 88055749, 88057461, 88057769, 88057869, 88058001, 88058229, 88058633, 88059349, 88059665, 88060429, 88061597, 88061729, 88062409, 88062545, 88063221, 88064565, 88064657, 88064793, 88064837, 88065197, 88065241, 88065329, 88065425, 88066053, 88066145, 88066281, 88066773, 88067177, 88067181, 88067225, 88067853, 88067989, 88068213, 88068481, 88068665, 88069069, 88069473, 88069649, 88069793, 88069837, 88069925, 88070061, 88070149, 88070285, 88071409, 88071677, 88071857, 88071993, 88072081, 88072265, 88072573, 88072581, 88072889, 88072933, 88073029, 88073433, 88074425, 88075053, 88075233, 88075457, 88075725, 88075769, 88075817, 88076445, 88076761, 88076849, 88077345, 88077569], label_0=54, label_1=384
    Val: 148 samples, 72 subjects [87974665, 87976369, 87976413, 87976953, 87980329, 87999321, 88003869, 88005805, 88006477, 88010709, 88012053, 88012461, 88013813, 88013905, 88015249, 88016465, 88017137, 88017821, 88020017, 88020873, 88020917, 88021321, 88022001, 88024789, 88024833, 88024965, 88025061, 88026769, 88029513, 88030369, 88030641, 88032841, 88033377, 88035501, 88038069, 88039325, 88039465, 88041941, 88044545, 88044905, 88045713, 88046033, 88046349, 88046665, 88046885, 88047245, 88047921, 88050169, 88050713, 88051073, 88052197, 88052329, 88052465, 88053545, 88053997, 88054629, 88055077, 88056017, 88058993, 88059169, 88059397, 88059573, 88060249, 88061061, 88061105, 88063445, 88066325, 88068841, 88068885, 88069741, 88071589, 88077525], label_0=20, label_1=128
   Test: 148 samples, 73 subjects [87974617, 87974621, 87974709, 87976193, 87976505, 87980241, 87980417, 87980913, 88000181, 88001661, 88005849, 88005893, 88005985, 88006117, 88010929, 88011333, 88011833, 88012817, 88017765, 88018717, 88020153, 88021145, 88021277, 88022089, 88023485, 88025013, 88025873, 88027713, 88029381, 88029601, 88029777, 88030281, 88032569, 88033201, 88033561, 88035721, 88036217, 88039057, 88041397, 88042969, 88044501, 88044681, 88045353, 88046257, 88046437, 88048281, 88049537, 88049857, 88049905, 88052285, 88052509, 88053453, 88056785, 88057913, 88059125, 88061961, 88062141, 88066729, 88066865, 88067357, 88068525, 88069517, 88069605, 88069737, 88071005, 88071949, 88072125, 88073797, 88074201, 88076401, 88076629, 88076941, 88077613], label_0=20, label_1=128
  Building window datasets...
    WindowDataset: 36672 windows (class_0=1284, class_1=35388)
    WindowDataset: 3511 windows (class_0=476, class_1=3035)
    WindowDataset: 3527 windows (class_0=476, class_1=3051)
[LaBraM] Loaded 221/223 params from weights/labram-base/model.safetensors
[LaBraM] Missing: ['fc_norm.weight', 'fc_norm.bias']
  Fold 5 | Ep   1/50 | t_loss=0.1851 t_acc=0.702 | v_win_bal=0.547 v_rec_bal=0.525 | lr=3.3e-06 | 46.7s
  Fold 5 | Ep   2/50 | t_loss=0.1782 t_acc=0.928 | v_win_bal=0.657 v_rec_bal=0.688 | lr=6.7e-06 | 45.7s
  Fold 5 | Ep   3/50 | t_loss=0.1714 t_acc=0.935 | v_win_bal=0.617 v_rec_bal=0.614 | lr=1.0e-05 | 47.2s
  Fold 5 | Ep   4/50 | t_loss=0.1551 t_acc=0.950 | v_win_bal=0.660 v_rec_bal=0.671 | lr=1.0e-05 | 47.4s
  Fold 5 | Ep   5/50 | t_loss=0.1315 t_acc=0.959 | v_win_bal=0.662 v_rec_bal=0.715 | lr=1.0e-05 | 47.1s
  Fold 5 | Ep   6/50 | t_loss=0.1218 t_acc=0.969 | v_win_bal=0.681 v_rec_bal=0.740 | lr=9.9e-06 | 47.5s
  Fold 5 | Ep   7/50 | t_loss=0.1116 t_acc=0.977 | v_win_bal=0.667 v_rec_bal=0.692 | lr=9.8e-06 | 47.3s
  Fold 5 | Ep   8/50 | t_loss=0.0981 t_acc=0.983 | v_win_bal=0.663 v_rec_bal=0.688 | lr=9.7e-06 | 47.6s
  Fold 5 | Ep   9/50 | t_loss=0.0807 t_acc=0.987 | v_win_bal=0.647 v_rec_bal=0.650 | lr=9.6e-06 | 47.3s
  Fold 5 | Ep  10/50 | t_loss=0.0719 t_acc=0.990 | v_win_bal=0.650 v_rec_bal=0.663 | lr=9.5e-06 | 47.5s
  Fold 5 | Ep  11/50 | t_loss=0.0550 t_acc=0.993 | v_win_bal=0.648 v_rec_bal=0.642 | lr=9.3e-06 | 45.5s
  Fold 5 | Ep  12/50 | t_loss=0.0375 t_acc=0.996 | v_win_bal=0.641 v_rec_bal=0.617 | lr=9.1e-06 | 45.7s
  Fold 5 | Ep  13/50 | t_loss=0.0270 t_acc=0.997 | v_win_bal=0.642 v_rec_bal=0.638 | lr=8.9e-06 | 47.3s
  Fold 5 | Ep  14/50 | t_loss=0.0162 t_acc=0.998 | v_win_bal=0.638 v_rec_bal=0.617 | lr=8.7e-06 | 47.6s
  Fold 5 | Ep  15/50 | t_loss=0.0122 t_acc=0.999 | v_win_bal=0.641 v_rec_bal=0.642 | lr=8.5e-06 | 47.4s
  Fold 5 | Ep  16/50 | t_loss=0.0061 t_acc=1.000 | v_win_bal=0.633 v_rec_bal=0.609 | lr=8.2e-06 | 47.3s
  Fold 5 | Ep  17/50 | t_loss=0.0040 t_acc=1.000 | v_win_bal=0.648 v_rec_bal=0.634 | lr=8.0e-06 | 47.3s
  Fold 5 | Ep  18/50 | t_loss=0.0020 t_acc=1.000 | v_win_bal=0.655 v_rec_bal=0.638 | lr=7.7e-06 | 47.5s
  Fold 5 | Ep  19/50 | t_loss=0.0022 t_acc=1.000 | v_win_bal=0.646 v_rec_bal=0.613 | lr=7.4e-06 | 47.4s
  Fold 5 | Ep  20/50 | t_loss=0.0001 t_acc=1.000 | v_win_bal=0.645 v_rec_bal=0.638 | lr=7.1e-06 | 47.5s
  Fold 5 | Ep  21/50 | t_loss=0.0000 t_acc=1.000 | v_win_bal=0.640 v_rec_bal=0.613 | lr=6.8e-06 | 47.4s
  Fold 5 | Ep  22/50 | t_loss=0.0024 t_acc=1.000 | v_win_bal=0.642 v_rec_bal=0.638 | lr=6.5e-06 | 45.7s
  Early stop at epoch 22
  Extracting test-fold features (148 recordings)...
  Features shape: (148, 200)
  Saved features → results/features_cache/ft_labram_tdbrain/fold5_features.npz
  -> Test (best @ epoch 6): acc=0.9054, bal_acc=0.7555

============================================================
Global Results (5-Fold, subject-level CV)
Mode: FT | Extractor: labram | Loss: focal
============================================================
              acc: 0.8161
          bal_acc: 0.6903
               f1: 0.8305
            kappa: 0.3161
  Total predictions: 734 (should equal dataset size: 734)

Results saved to results/features_cache/ft_labram_tdbrain/
