CMD: /raid/jupyter-linjimmy1003.md10/.conda/envs/stress/bin/python train_ft.py --mode ft --extractor labram --folds 5 --epochs 50 --patience 15 --lr 1e-5 --batch-size 32 --seed 42 --label dass --loss focal --head-hidden 128 --norm zscore --csv data/comprehensive_labels.csv --weight-decay 0.05 --grad-clip 2.0 --warmup-epochs 3 --encoder-lr-scale 0.1 --warmup-freeze-epochs 1 --aug-overlap 0.75 --llrd 1.0 --device cuda:7 --run-id lin_compare/perm_null/perm_s9 --permute-labels 9

/raid/jupyter-linjimmy1003.md10/.conda/envs/stress/lib/python3.11/site-packages/timm/models/layers/__init__.py:49: FutureWarning: Importing from timm.models.layers is deprecated, please import via timm.layers
  warnings.warn(f"Importing from {__name__} is deprecated, please import via timm.layers", FutureWarning)
Mode: FT | Extractor: labram | Folds: 5
LR: 1e-05 | WD: 0.05 | Beta2: 0.999 | Grad clip: 2.0
Head: hidden=128, dropout=0.0 | Norm: zscore | Loss: focal
Full FT: encoder_lr_scale=0.1
Augmentation: 75% overlap for increase class

Results → results/lin_compare/perm_null/perm_s9/
Dataset: 70 recordings loaded (14 increase, 56 normal)
Cache: 70 recordings ready (70 cached, 0 new)
[permute-labels] Shuffled labels with rng seed 9. Class balance preserved: 14 pos / 56 neg

============================================================
Fold 1/5
============================================================
  Train:  39 samples, 11 subjects [1, 2, 4, 5, 6, 8, 9, 10, 14, 16, 18], label_0=31, label_1=8
    Val:  17 samples,  3 subjects [3, 11, 13], label_0=13, label_1=4
   Test:  14 samples,  3 subjects [7, 12, 17], label_0=12, label_1=2
  Building window datasets...
    WindowDataset: 4339 windows (class_0=2355, class_1=1984)
    WindowDataset: 1492 windows (class_0=886, class_1=606)
    WindowDataset: 1209 windows (class_0=1086, class_1=123)
[LaBraM] Loaded 221/223 params from weights/labram-base/model.safetensors
[LaBraM] Missing: ['fc_norm.weight', 'fc_norm.bias']
  Trainable parameters: 5,872,179
  Class weights: [0.9212314486503601, 1.0934979915618896]
  Fold 1 | Ep   1/50 | t_loss=0.1820 t_acc=0.548 | v_win_bal=0.456 v_rec_bal=0.394 | lr=3.3e-06 | 8.2s
  Fold 1 | Ep   2/50 | t_loss=0.1669 t_acc=0.596 | v_win_bal=0.461 v_rec_bal=0.433 | lr=6.7e-06 | 6.1s
  Fold 1 | Ep   3/50 | t_loss=0.1606 t_acc=0.644 | v_win_bal=0.454 v_rec_bal=0.519 | lr=1.0e-05 | 6.1s
  Fold 1 | Ep   4/50 | t_loss=0.1524 t_acc=0.677 | v_win_bal=0.482 v_rec_bal=0.462 | lr=1.0e-05 | 6.1s
  Fold 1 | Ep   5/50 | t_loss=0.1429 t_acc=0.705 | v_win_bal=0.455 v_rec_bal=0.462 | lr=1.0e-05 | 5.9s
  Fold 1 | Ep   6/50 | t_loss=0.1330 t_acc=0.736 | v_win_bal=0.450 v_rec_bal=0.510 | lr=9.9e-06 | 5.9s
  Fold 1 | Ep   7/50 | t_loss=0.1208 t_acc=0.784 | v_win_bal=0.462 v_rec_bal=0.423 | lr=9.8e-06 | 5.9s
  Fold 1 | Ep   8/50 | t_loss=0.1093 t_acc=0.809 | v_win_bal=0.438 v_rec_bal=0.471 | lr=9.7e-06 | 5.9s
  Fold 1 | Ep   9/50 | t_loss=0.0988 t_acc=0.831 | v_win_bal=0.466 v_rec_bal=0.423 | lr=9.6e-06 | 5.9s
  Fold 1 | Ep  10/50 | t_loss=0.0879 t_acc=0.859 | v_win_bal=0.460 v_rec_bal=0.548 | lr=9.5e-06 | 5.9s
  Fold 1 | Ep  11/50 | t_loss=0.0772 t_acc=0.881 | v_win_bal=0.477 v_rec_bal=0.548 | lr=9.3e-06 | 5.9s
  Fold 1 | Ep  12/50 | t_loss=0.0661 t_acc=0.900 | v_win_bal=0.457 v_rec_bal=0.510 | lr=9.1e-06 | 6.0s
  Fold 1 | Ep  13/50 | t_loss=0.0586 t_acc=0.916 | v_win_bal=0.475 v_rec_bal=0.510 | lr=8.9e-06 | 6.4s
  Fold 1 | Ep  14/50 | t_loss=0.0502 t_acc=0.928 | v_win_bal=0.484 v_rec_bal=0.462 | lr=8.7e-06 | 6.1s
  Fold 1 | Ep  15/50 | t_loss=0.0416 t_acc=0.943 | v_win_bal=0.492 v_rec_bal=0.500 | lr=8.5e-06 | 6.1s
  Fold 1 | Ep  16/50 | t_loss=0.0352 t_acc=0.955 | v_win_bal=0.494 v_rec_bal=0.462 | lr=8.2e-06 | 6.3s
  Fold 1 | Ep  17/50 | t_loss=0.0289 t_acc=0.963 | v_win_bal=0.495 v_rec_bal=0.462 | lr=8.0e-06 | 6.0s
  Fold 1 | Ep  18/50 | t_loss=0.0264 t_acc=0.968 | v_win_bal=0.497 v_rec_bal=0.462 | lr=7.7e-06 | 5.9s
  Fold 1 | Ep  19/50 | t_loss=0.0204 t_acc=0.975 | v_win_bal=0.502 v_rec_bal=0.462 | lr=7.4e-06 | 5.9s
  Fold 1 | Ep  20/50 | t_loss=0.0165 t_acc=0.983 | v_win_bal=0.501 v_rec_bal=0.462 | lr=7.1e-06 | 5.9s
  Fold 1 | Ep  21/50 | t_loss=0.0133 t_acc=0.985 | v_win_bal=0.499 v_rec_bal=0.587 | lr=6.8e-06 | 5.9s
  Fold 1 | Ep  22/50 | t_loss=0.0117 t_acc=0.989 | v_win_bal=0.509 v_rec_bal=0.587 | lr=6.5e-06 | 5.9s
  Fold 1 | Ep  23/50 | t_loss=0.0100 t_acc=0.989 | v_win_bal=0.513 v_rec_bal=0.462 | lr=6.2e-06 | 5.9s
  Fold 1 | Ep  24/50 | t_loss=0.0082 t_acc=0.993 | v_win_bal=0.500 v_rec_bal=0.548 | lr=5.8e-06 | 5.9s
  Fold 1 | Ep  25/50 | t_loss=0.0068 t_acc=0.994 | v_win_bal=0.506 v_rec_bal=0.548 | lr=5.5e-06 | 5.9s
  Fold 1 | Ep  26/50 | t_loss=0.0059 t_acc=0.994 | v_win_bal=0.512 v_rec_bal=0.548 | lr=5.2e-06 | 5.9s
  Fold 1 | Ep  27/50 | t_loss=0.0044 t_acc=0.996 | v_win_bal=0.520 v_rec_bal=0.587 | lr=4.8e-06 | 5.9s
  Fold 1 | Ep  28/50 | t_loss=0.0041 t_acc=0.997 | v_win_bal=0.516 v_rec_bal=0.500 | lr=4.5e-06 | 5.9s
  Fold 1 | Ep  29/50 | t_loss=0.0039 t_acc=0.997 | v_win_bal=0.521 v_rec_bal=0.587 | lr=4.2e-06 | 5.9s
  Fold 1 | Ep  30/50 | t_loss=0.0031 t_acc=0.997 | v_win_bal=0.513 v_rec_bal=0.548 | lr=3.8e-06 | 5.9s
  Fold 1 | Ep  31/50 | t_loss=0.0023 t_acc=0.998 | v_win_bal=0.519 v_rec_bal=0.548 | lr=3.5e-06 | 5.9s
  Fold 1 | Ep  32/50 | t_loss=0.0021 t_acc=0.998 | v_win_bal=0.509 v_rec_bal=0.548 | lr=3.2e-06 | 5.9s
  Fold 1 | Ep  33/50 | t_loss=0.0019 t_acc=0.998 | v_win_bal=0.515 v_rec_bal=0.548 | lr=2.9e-06 | 5.9s
  Fold 1 | Ep  34/50 | t_loss=0.0014 t_acc=0.999 | v_win_bal=0.510 v_rec_bal=0.548 | lr=2.6e-06 | 5.9s
  Fold 1 | Ep  35/50 | t_loss=0.0014 t_acc=0.999 | v_win_bal=0.513 v_rec_bal=0.548 | lr=2.3e-06 | 5.9s
  Fold 1 | Ep  36/50 | t_loss=0.0012 t_acc=0.999 | v_win_bal=0.512 v_rec_bal=0.548 | lr=2.0e-06 | 5.9s
  Fold 1 | Ep  37/50 | t_loss=0.0011 t_acc=0.999 | v_win_bal=0.515 v_rec_bal=0.548 | lr=1.8e-06 | 5.9s
  Fold 1 | Ep  38/50 | t_loss=0.0008 t_acc=0.999 | v_win_bal=0.515 v_rec_bal=0.548 | lr=1.5e-06 | 5.9s
  Fold 1 | Ep  39/50 | t_loss=0.0008 t_acc=0.999 | v_win_bal=0.515 v_rec_bal=0.548 | lr=1.3e-06 | 5.9s
  Fold 1 | Ep  40/50 | t_loss=0.0007 t_acc=1.000 | v_win_bal=0.514 v_rec_bal=0.548 | lr=1.1e-06 | 5.9s
  Fold 1 | Ep  41/50 | t_loss=0.0004 t_acc=1.000 | v_win_bal=0.511 v_rec_bal=0.548 | lr=8.8e-07 | 6.1s
  Fold 1 | Ep  42/50 | t_loss=0.0007 t_acc=1.000 | v_win_bal=0.513 v_rec_bal=0.548 | lr=7.0e-07 | 5.9s
  Early stop at epoch 42
  -> Test (best @ epoch 21): acc=0.7857, bal_acc=0.4583

============================================================
Fold 2/5
============================================================
  Train:  40 samples, 10 subjects [1, 5, 6, 7, 9, 10, 11, 16, 17, 18], label_0=32, label_1=8
    Val:  14 samples,  3 subjects [4, 12, 14], label_0=11, label_1=3
   Test:  16 samples,  4 subjects [2, 3, 8, 13], label_0=13, label_1=3
  Building window datasets...
    WindowDataset: 4726 windows (class_0=2242, class_1=2484)
    WindowDataset: 1455 windows (class_0=1273, class_1=182)
    WindowDataset: 1234 windows (class_0=812, class_1=422)
[LaBraM] Loaded 221/223 params from weights/labram-base/model.safetensors
[LaBraM] Missing: ['fc_norm.weight', 'fc_norm.bias']
  Fold 2 | Ep   1/50 | t_loss=0.1780 t_acc=0.528 | v_win_bal=0.587 v_rec_bal=0.606 | lr=3.3e-06 | 6.6s
  Fold 2 | Ep   2/50 | t_loss=0.1645 t_acc=0.607 | v_win_bal=0.676 v_rec_bal=0.652 | lr=6.7e-06 | 6.5s
  Fold 2 | Ep   3/50 | t_loss=0.1574 t_acc=0.647 | v_win_bal=0.699 v_rec_bal=0.652 | lr=1.0e-05 | 6.6s
  Fold 2 | Ep   4/50 | t_loss=0.1486 t_acc=0.681 | v_win_bal=0.713 v_rec_bal=0.652 | lr=1.0e-05 | 6.5s
  Fold 2 | Ep   5/50 | t_loss=0.1387 t_acc=0.714 | v_win_bal=0.674 v_rec_bal=0.697 | lr=1.0e-05 | 6.5s
  Fold 2 | Ep   6/50 | t_loss=0.1291 t_acc=0.746 | v_win_bal=0.685 v_rec_bal=0.652 | lr=9.9e-06 | 6.5s
  Fold 2 | Ep   7/50 | t_loss=0.1195 t_acc=0.781 | v_win_bal=0.682 v_rec_bal=0.697 | lr=9.8e-06 | 6.4s
  Fold 2 | Ep   8/50 | t_loss=0.1100 t_acc=0.801 | v_win_bal=0.707 v_rec_bal=0.652 | lr=9.7e-06 | 6.4s
  Fold 2 | Ep   9/50 | t_loss=0.1010 t_acc=0.826 | v_win_bal=0.700 v_rec_bal=0.652 | lr=9.6e-06 | 6.4s
  Fold 2 | Ep  10/50 | t_loss=0.0901 t_acc=0.849 | v_win_bal=0.707 v_rec_bal=0.652 | lr=9.5e-06 | 6.5s
  Fold 2 | Ep  11/50 | t_loss=0.0821 t_acc=0.864 | v_win_bal=0.678 v_rec_bal=0.652 | lr=9.3e-06 | 6.4s
  Fold 2 | Ep  12/50 | t_loss=0.0712 t_acc=0.890 | v_win_bal=0.688 v_rec_bal=0.652 | lr=9.1e-06 | 6.4s
  Fold 2 | Ep  13/50 | t_loss=0.0617 t_acc=0.909 | v_win_bal=0.673 v_rec_bal=0.652 | lr=8.9e-06 | 6.4s
  Fold 2 | Ep  14/50 | t_loss=0.0543 t_acc=0.920 | v_win_bal=0.675 v_rec_bal=0.697 | lr=8.7e-06 | 6.4s
  Fold 2 | Ep  15/50 | t_loss=0.0465 t_acc=0.935 | v_win_bal=0.698 v_rec_bal=0.652 | lr=8.5e-06 | 6.6s
  Fold 2 | Ep  16/50 | t_loss=0.0403 t_acc=0.943 | v_win_bal=0.693 v_rec_bal=0.652 | lr=8.2e-06 | 6.4s
  Fold 2 | Ep  17/50 | t_loss=0.0336 t_acc=0.955 | v_win_bal=0.674 v_rec_bal=0.697 | lr=8.0e-06 | 6.4s
  Fold 2 | Ep  18/50 | t_loss=0.0283 t_acc=0.963 | v_win_bal=0.693 v_rec_bal=0.697 | lr=7.7e-06 | 6.4s
  Fold 2 | Ep  19/50 | t_loss=0.0237 t_acc=0.968 | v_win_bal=0.696 v_rec_bal=0.652 | lr=7.4e-06 | 6.4s
  Fold 2 | Ep  20/50 | t_loss=0.0188 t_acc=0.976 | v_win_bal=0.686 v_rec_bal=0.697 | lr=7.1e-06 | 6.4s
  Fold 2 | Ep  21/50 | t_loss=0.0149 t_acc=0.981 | v_win_bal=0.679 v_rec_bal=0.697 | lr=6.8e-06 | 6.4s
  Fold 2 | Ep  22/50 | t_loss=0.0125 t_acc=0.986 | v_win_bal=0.680 v_rec_bal=0.697 | lr=6.5e-06 | 6.4s
  Fold 2 | Ep  23/50 | t_loss=0.0100 t_acc=0.986 | v_win_bal=0.664 v_rec_bal=0.742 | lr=6.2e-06 | 6.4s
  Fold 2 | Ep  24/50 | t_loss=0.0075 t_acc=0.992 | v_win_bal=0.637 v_rec_bal=0.742 | lr=5.8e-06 | 6.4s
  Fold 2 | Ep  25/50 | t_loss=0.0061 t_acc=0.994 | v_win_bal=0.658 v_rec_bal=0.742 | lr=5.5e-06 | 6.4s
  Fold 2 | Ep  26/50 | t_loss=0.0046 t_acc=0.996 | v_win_bal=0.663 v_rec_bal=0.742 | lr=5.2e-06 | 6.4s
  Fold 2 | Ep  27/50 | t_loss=0.0037 t_acc=0.997 | v_win_bal=0.655 v_rec_bal=0.742 | lr=4.8e-06 | 6.5s
  Fold 2 | Ep  28/50 | t_loss=0.0029 t_acc=0.997 | v_win_bal=0.685 v_rec_bal=0.697 | lr=4.5e-06 | 6.4s
  Fold 2 | Ep  29/50 | t_loss=0.0017 t_acc=0.998 | v_win_bal=0.681 v_rec_bal=0.697 | lr=4.2e-06 | 6.4s
  Fold 2 | Ep  30/50 | t_loss=0.0013 t_acc=0.999 | v_win_bal=0.662 v_rec_bal=0.742 | lr=3.8e-06 | 6.4s
  Fold 2 | Ep  31/50 | t_loss=0.0010 t_acc=0.999 | v_win_bal=0.653 v_rec_bal=0.742 | lr=3.5e-06 | 6.4s
  Fold 2 | Ep  32/50 | t_loss=0.0006 t_acc=1.000 | v_win_bal=0.650 v_rec_bal=0.742 | lr=3.2e-06 | 6.4s
  Fold 2 | Ep  33/50 | t_loss=0.0005 t_acc=1.000 | v_win_bal=0.657 v_rec_bal=0.742 | lr=2.9e-06 | 6.4s
  Fold 2 | Ep  34/50 | t_loss=0.0003 t_acc=1.000 | v_win_bal=0.661 v_rec_bal=0.742 | lr=2.6e-06 | 6.4s
  Fold 2 | Ep  35/50 | t_loss=0.0003 t_acc=1.000 | v_win_bal=0.661 v_rec_bal=0.742 | lr=2.3e-06 | 6.4s
  Fold 2 | Ep  36/50 | t_loss=0.0002 t_acc=1.000 | v_win_bal=0.662 v_rec_bal=0.742 | lr=2.0e-06 | 6.4s
  Fold 2 | Ep  37/50 | t_loss=0.0001 t_acc=1.000 | v_win_bal=0.665 v_rec_bal=0.742 | lr=1.8e-06 | 6.4s
  Fold 2 | Ep  38/50 | t_loss=0.0001 t_acc=1.000 | v_win_bal=0.655 v_rec_bal=0.742 | lr=1.5e-06 | 6.4s
  Fold 2 | Ep  39/50 | t_loss=0.0001 t_acc=1.000 | v_win_bal=0.662 v_rec_bal=0.742 | lr=1.3e-06 | 6.4s
  Fold 2 | Ep  40/50 | t_loss=0.0001 t_acc=1.000 | v_win_bal=0.664 v_rec_bal=0.742 | lr=1.1e-06 | 6.4s
  Early stop at epoch 40
  -> Test (best @ epoch 23): acc=0.6875, bal_acc=0.4231

============================================================
Fold 3/5
============================================================
  Train:  41 samples, 10 subjects [1, 2, 3, 4, 5, 6, 8, 9, 13, 16], label_0=32, label_1=9
    Val:  14 samples,  3 subjects [7, 12, 17], label_0=12, label_1=2
   Test:  15 samples,  4 subjects [10, 11, 14, 18], label_0=12, label_1=3
  Building window datasets...
    WindowDataset: 5265 windows (class_0=2104, class_1=3161)
    WindowDataset: 1209 windows (class_0=1086, class_1=123)
    WindowDataset: 1448 windows (class_0=1137, class_1=311)
[LaBraM] Loaded 221/223 params from weights/labram-base/model.safetensors
[LaBraM] Missing: ['fc_norm.weight', 'fc_norm.bias']
  Fold 3 | Ep   1/50 | t_loss=0.1769 t_acc=0.496 | v_win_bal=0.408 v_rec_bal=0.375 | lr=3.3e-06 | 6.9s
  Fold 3 | Ep   2/50 | t_loss=0.1722 t_acc=0.539 | v_win_bal=0.456 v_rec_bal=0.500 | lr=6.7e-06 | 6.9s
  Fold 3 | Ep   3/50 | t_loss=0.1673 t_acc=0.595 | v_win_bal=0.460 v_rec_bal=0.500 | lr=1.0e-05 | 6.9s
  Fold 3 | Ep   4/50 | t_loss=0.1604 t_acc=0.641 | v_win_bal=0.456 v_rec_bal=0.500 | lr=1.0e-05 | 6.9s
  Fold 3 | Ep   5/50 | t_loss=0.1502 t_acc=0.682 | v_win_bal=0.455 v_rec_bal=0.375 | lr=1.0e-05 | 6.9s
  Fold 3 | Ep   6/50 | t_loss=0.1378 t_acc=0.728 | v_win_bal=0.385 v_rec_bal=0.375 | lr=9.9e-06 | 6.9s
  Fold 3 | Ep   7/50 | t_loss=0.1251 t_acc=0.756 | v_win_bal=0.433 v_rec_bal=0.417 | lr=9.8e-06 | 6.9s
  Fold 3 | Ep   8/50 | t_loss=0.1123 t_acc=0.792 | v_win_bal=0.432 v_rec_bal=0.417 | lr=9.7e-06 | 6.9s
  Fold 3 | Ep   9/50 | t_loss=0.0991 t_acc=0.828 | v_win_bal=0.452 v_rec_bal=0.292 | lr=9.6e-06 | 6.9s
  Fold 3 | Ep  10/50 | t_loss=0.0868 t_acc=0.859 | v_win_bal=0.459 v_rec_bal=0.417 | lr=9.5e-06 | 6.9s
  Fold 3 | Ep  11/50 | t_loss=0.0720 t_acc=0.891 | v_win_bal=0.399 v_rec_bal=0.292 | lr=9.3e-06 | 6.9s
  Fold 3 | Ep  12/50 | t_loss=0.0599 t_acc=0.913 | v_win_bal=0.438 v_rec_bal=0.292 | lr=9.1e-06 | 6.9s
  Fold 3 | Ep  13/50 | t_loss=0.0489 t_acc=0.934 | v_win_bal=0.451 v_rec_bal=0.542 | lr=8.9e-06 | 6.9s
  Fold 3 | Ep  14/50 | t_loss=0.0386 t_acc=0.949 | v_win_bal=0.460 v_rec_bal=0.292 | lr=8.7e-06 | 6.9s
  Fold 3 | Ep  15/50 | t_loss=0.0305 t_acc=0.965 | v_win_bal=0.473 v_rec_bal=0.333 | lr=8.5e-06 | 6.9s
  Fold 3 | Ep  16/50 | t_loss=0.0232 t_acc=0.974 | v_win_bal=0.481 v_rec_bal=0.333 | lr=8.2e-06 | 6.8s
  Fold 3 | Ep  17/50 | t_loss=0.0175 t_acc=0.981 | v_win_bal=0.452 v_rec_bal=0.292 | lr=8.0e-06 | 6.9s
  Fold 3 | Ep  18/50 | t_loss=0.0130 t_acc=0.988 | v_win_bal=0.473 v_rec_bal=0.375 | lr=7.7e-06 | 6.9s
  Fold 3 | Ep  19/50 | t_loss=0.0102 t_acc=0.990 | v_win_bal=0.460 v_rec_bal=0.542 | lr=7.4e-06 | 6.9s
  Early stop at epoch 19
  -> Test (best @ epoch 13): acc=0.6000, bal_acc=0.5000

============================================================
Fold 4/5
============================================================
  Train:  41 samples, 11 subjects [1, 2, 3, 7, 8, 9, 10, 11, 14, 17, 18], label_0=33, label_1=8
    Val:  16 samples,  3 subjects [6, 12, 13], label_0=13, label_1=3
   Test:  13 samples,  3 subjects [4, 5, 16], label_0=10, label_1=3
  Building window datasets...
    WindowDataset: 5015 windows (class_0=2555, class_1=2460)
    WindowDataset: 1568 windows (class_0=1150, class_1=418)
    WindowDataset: 814 windows (class_0=622, class_1=192)
[LaBraM] Loaded 221/223 params from weights/labram-base/model.safetensors
[LaBraM] Missing: ['fc_norm.weight', 'fc_norm.bias']
  Fold 4 | Ep   1/50 | t_loss=0.1779 t_acc=0.502 | v_win_bal=0.452 v_rec_bal=0.436 | lr=3.3e-06 | 6.8s
  Fold 4 | Ep   2/50 | t_loss=0.1668 t_acc=0.583 | v_win_bal=0.429 v_rec_bal=0.308 | lr=6.7e-06 | 6.8s
  Fold 4 | Ep   3/50 | t_loss=0.1589 t_acc=0.637 | v_win_bal=0.423 v_rec_bal=0.308 | lr=1.0e-05 | 6.8s
  Fold 4 | Ep   4/50 | t_loss=0.1498 t_acc=0.671 | v_win_bal=0.474 v_rec_bal=0.423 | lr=1.0e-05 | 6.8s
  Fold 4 | Ep   5/50 | t_loss=0.1387 t_acc=0.721 | v_win_bal=0.477 v_rec_bal=0.423 | lr=1.0e-05 | 6.8s
  Fold 4 | Ep   6/50 | t_loss=0.1249 t_acc=0.764 | v_win_bal=0.492 v_rec_bal=0.462 | lr=9.9e-06 | 6.8s
  Fold 4 | Ep   7/50 | t_loss=0.1111 t_acc=0.803 | v_win_bal=0.496 v_rec_bal=0.462 | lr=9.8e-06 | 6.8s
  Fold 4 | Ep   8/50 | t_loss=0.0972 t_acc=0.833 | v_win_bal=0.508 v_rec_bal=0.462 | lr=9.7e-06 | 6.8s
  Fold 4 | Ep   9/50 | t_loss=0.0884 t_acc=0.852 | v_win_bal=0.504 v_rec_bal=0.462 | lr=9.6e-06 | 6.8s
  Fold 4 | Ep  10/50 | t_loss=0.0758 t_acc=0.880 | v_win_bal=0.516 v_rec_bal=0.462 | lr=9.5e-06 | 6.8s
  Fold 4 | Ep  11/50 | t_loss=0.0668 t_acc=0.898 | v_win_bal=0.517 v_rec_bal=0.462 | lr=9.3e-06 | 6.8s
  Fold 4 | Ep  12/50 | t_loss=0.0578 t_acc=0.913 | v_win_bal=0.508 v_rec_bal=0.500 | lr=9.1e-06 | 6.8s
  Fold 4 | Ep  13/50 | t_loss=0.0498 t_acc=0.928 | v_win_bal=0.498 v_rec_bal=0.462 | lr=8.9e-06 | 6.8s
  Fold 4 | Ep  14/50 | t_loss=0.0422 t_acc=0.939 | v_win_bal=0.498 v_rec_bal=0.462 | lr=8.7e-06 | 6.8s
  Fold 4 | Ep  15/50 | t_loss=0.0363 t_acc=0.953 | v_win_bal=0.500 v_rec_bal=0.462 | lr=8.5e-06 | 6.8s
  Fold 4 | Ep  16/50 | t_loss=0.0302 t_acc=0.960 | v_win_bal=0.506 v_rec_bal=0.462 | lr=8.2e-06 | 6.8s
  Fold 4 | Ep  17/50 | t_loss=0.0246 t_acc=0.969 | v_win_bal=0.504 v_rec_bal=0.462 | lr=8.0e-06 | 6.8s
  Fold 4 | Ep  18/50 | t_loss=0.0205 t_acc=0.976 | v_win_bal=0.502 v_rec_bal=0.462 | lr=7.7e-06 | 6.8s
  Fold 4 | Ep  19/50 | t_loss=0.0161 t_acc=0.980 | v_win_bal=0.510 v_rec_bal=0.500 | lr=7.4e-06 | 6.8s
  Fold 4 | Ep  20/50 | t_loss=0.0138 t_acc=0.983 | v_win_bal=0.504 v_rec_bal=0.462 | lr=7.1e-06 | 6.8s
  Fold 4 | Ep  21/50 | t_loss=0.0108 t_acc=0.986 | v_win_bal=0.514 v_rec_bal=0.462 | lr=6.8e-06 | 6.8s
  Fold 4 | Ep  22/50 | t_loss=0.0078 t_acc=0.990 | v_win_bal=0.505 v_rec_bal=0.462 | lr=6.5e-06 | 6.8s
  Fold 4 | Ep  23/50 | t_loss=0.0059 t_acc=0.992 | v_win_bal=0.500 v_rec_bal=0.462 | lr=6.2e-06 | 6.8s
  Fold 4 | Ep  24/50 | t_loss=0.0062 t_acc=0.994 | v_win_bal=0.506 v_rec_bal=0.462 | lr=5.8e-06 | 6.8s
  Fold 4 | Ep  25/50 | t_loss=0.0042 t_acc=0.996 | v_win_bal=0.499 v_rec_bal=0.462 | lr=5.5e-06 | 6.8s
  Fold 4 | Ep  26/50 | t_loss=0.0030 t_acc=0.996 | v_win_bal=0.503 v_rec_bal=0.462 | lr=5.2e-06 | 6.8s
  Fold 4 | Ep  27/50 | t_loss=0.0025 t_acc=0.997 | v_win_bal=0.496 v_rec_bal=0.500 | lr=4.8e-06 | 6.8s
  Early stop at epoch 27
  -> Test (best @ epoch 12): acc=0.7692, bal_acc=0.5000

============================================================
Fold 5/5
============================================================
  Train:  43 samples,  9 subjects [3, 4, 5, 7, 10, 11, 13, 14, 18], label_0=34, label_1=9
    Val:  15 samples,  5 subjects [2, 8, 12, 16, 17], label_0=13, label_1=2
   Test:  12 samples,  3 subjects [1, 6, 9], label_0=9, label_1=3
  Building window datasets...
    WindowDataset: 6144 windows (class_0=2483, class_1=3661)
    WindowDataset: 1300 windows (class_0=1174, class_1=126)
    WindowDataset: 853 windows (class_0=670, class_1=183)
[LaBraM] Loaded 221/223 params from weights/labram-base/model.safetensors
[LaBraM] Missing: ['fc_norm.weight', 'fc_norm.bias']
  Fold 5 | Ep   1/50 | t_loss=0.1772 t_acc=0.514 | v_win_bal=0.629 v_rec_bal=0.692 | lr=3.3e-06 | 8.1s
  Fold 5 | Ep   2/50 | t_loss=0.1687 t_acc=0.584 | v_win_bal=0.577 v_rec_bal=0.538 | lr=6.7e-06 | 8.3s
  Fold 5 | Ep   3/50 | t_loss=0.1610 t_acc=0.631 | v_win_bal=0.573 v_rec_bal=0.692 | lr=1.0e-05 | 8.3s
  Fold 5 | Ep   4/50 | t_loss=0.1529 t_acc=0.670 | v_win_bal=0.542 v_rec_bal=0.442 | lr=1.0e-05 | 8.3s
  Fold 5 | Ep   5/50 | t_loss=0.1441 t_acc=0.703 | v_win_bal=0.476 v_rec_bal=0.442 | lr=1.0e-05 | 8.3s
  Fold 5 | Ep   6/50 | t_loss=0.1338 t_acc=0.729 | v_win_bal=0.449 v_rec_bal=0.404 | lr=9.9e-06 | 8.3s
  Fold 5 | Ep   7/50 | t_loss=0.1203 t_acc=0.764 | v_win_bal=0.383 v_rec_bal=0.346 | lr=9.8e-06 | 8.3s
  Fold 5 | Ep   8/50 | t_loss=0.1055 t_acc=0.806 | v_win_bal=0.380 v_rec_bal=0.192 | lr=9.7e-06 | 8.3s
  Fold 5 | Ep   9/50 | t_loss=0.0892 t_acc=0.846 | v_win_bal=0.413 v_rec_bal=0.346 | lr=9.6e-06 | 8.3s
  Fold 5 | Ep  10/50 | t_loss=0.0762 t_acc=0.871 | v_win_bal=0.458 v_rec_bal=0.462 | lr=9.5e-06 | 8.3s
  Fold 5 | Ep  11/50 | t_loss=0.0621 t_acc=0.903 | v_win_bal=0.412 v_rec_bal=0.423 | lr=9.3e-06 | 8.3s
  Fold 5 | Ep  12/50 | t_loss=0.0520 t_acc=0.923 | v_win_bal=0.427 v_rec_bal=0.423 | lr=9.1e-06 | 8.4s
  Fold 5 | Ep  13/50 | t_loss=0.0423 t_acc=0.938 | v_win_bal=0.395 v_rec_bal=0.385 | lr=8.9e-06 | 8.3s
  Fold 5 | Ep  14/50 | t_loss=0.0340 t_acc=0.953 | v_win_bal=0.403 v_rec_bal=0.423 | lr=8.7e-06 | 8.3s
  Fold 5 | Ep  15/50 | t_loss=0.0271 t_acc=0.963 | v_win_bal=0.443 v_rec_bal=0.462 | lr=8.5e-06 | 8.3s
  Fold 5 | Ep  16/50 | t_loss=0.0220 t_acc=0.970 | v_win_bal=0.407 v_rec_bal=0.385 | lr=8.2e-06 | 8.5s
  Early stop at epoch 16
  -> Test (best @ epoch 1): acc=0.3333, bal_acc=0.2222

============================================================
Global Results (5-Fold, subject-level CV)
Mode: FT | Extractor: labram | Loss: focal
============================================================
              acc: 0.6429
          bal_acc: 0.4286
               f1: 0.6378
            kappa: -0.1468
  Total predictions: 70 (should equal dataset size: 70)

Results saved to results/lin_compare/perm_null/perm_s9/
