/raid/jupyter-linjimmy1003.md10/.conda/envs/stress/lib/python3.11/site-packages/timm/models/layers/__init__.py:49: FutureWarning: Importing from timm.models.layers is deprecated, please import via timm.layers
  warnings.warn(f"Importing from {__name__} is deprecated, please import via timm.layers", FutureWarning)
Mode: FT | Extractor: reve | Label: dass
Device: cuda:7 | Folds: 5 | Loss: focal
Augmentation: 75% overlap for increase class
LR: 3e-05 | WD: 0.05 | BS: 32 | Grad-accum: 1 | Grad-clip: 1.0

Results -> results/studies/exp18_trial_dass_multiseed/reve_s2024/
Window: 10.0s
Dataset: 70 recordings loaded (14 increase, 56 normal)
Cache: 70 recordings ready (70 cached, 0 new)
Labels (dass): class_0=56, class_1=14 (total=70)


============================================================
Fold 1/5
============================================================
  Train:  42 trials, label_0=34, label_1=8
    Val:  14 trials, label_0=11, label_1=3
   Test:  14 trials, label_0=11, label_1=3
  Building window datasets...
    WindowDataset: 2684 windows (class_0=1552, class_1=1132)
    WindowDataset: 422 windows (class_0=330, class_1=92)
    WindowDataset: 495 windows (class_0=403, class_1=92)
[PosBank] Loaded 543 positions from weights/reve-positions
[REVE] Loaded 140/140 encoder params from weights/reve-base/model.safetensors
  Trainable parameters: 69,191,171
  Class weights: [0.8646907210350037, 1.1855124235153198]
  Fold 1 | Ep   1/50 | t_loss=0.4203 t_acc=0.607 | v_loss=0.1761 v_bal=0.666 | v_rec_bal=0.742 | lr=1.0e-05 | 10.7s
  Fold 1 | Ep   2/50 | t_loss=0.0785 t_acc=0.896 | v_loss=0.2832 v_bal=0.789 | v_rec_bal=0.788 | lr=2.0e-05 | 10.0s
  Fold 1 | Ep   3/50 | t_loss=0.0119 t_acc=0.985 | v_loss=0.4480 v_bal=0.720 | v_rec_bal=0.788 | lr=3.0e-05 | 9.8s
  Fold 1 | Ep   4/50 | t_loss=0.0032 t_acc=0.995 | v_loss=0.6184 v_bal=0.708 | v_rec_bal=0.788 | lr=3.0e-05 | 10.1s
  Fold 1 | Ep   5/50 | t_loss=0.0009 t_acc=0.998 | v_loss=0.6214 v_bal=0.751 | v_rec_bal=0.788 | lr=3.0e-05 | 10.4s
  Fold 1 | Ep   6/50 | t_loss=0.0002 t_acc=1.000 | v_loss=0.5457 v_bal=0.782 | v_rec_bal=0.788 | lr=3.0e-05 | 12.6s
  Fold 1 | Ep   7/50 | t_loss=0.0000 t_acc=1.000 | v_loss=0.5529 v_bal=0.778 | v_rec_bal=0.788 | lr=2.9e-05 | 10.3s
  Fold 1 | Ep   8/50 | t_loss=0.0000 t_acc=1.000 | v_loss=0.5585 v_bal=0.777 | v_rec_bal=0.788 | lr=2.9e-05 | 11.0s
  Fold 1 | Ep   9/50 | t_loss=0.0000 t_acc=1.000 | v_loss=0.5643 v_bal=0.778 | v_rec_bal=0.788 | lr=2.9e-05 | 10.8s
  Fold 1 | Ep  10/50 | t_loss=0.0000 t_acc=1.000 | v_loss=0.5688 v_bal=0.777 | v_rec_bal=0.788 | lr=2.8e-05 | 10.2s
  Fold 1 | Ep  11/50 | t_loss=0.0000 t_acc=1.000 | v_loss=0.5714 v_bal=0.775 | v_rec_bal=0.788 | lr=2.8e-05 | 11.1s
  Fold 1 | Ep  12/50 | t_loss=0.0000 t_acc=1.000 | v_loss=0.5758 v_bal=0.775 | v_rec_bal=0.788 | lr=2.7e-05 | 11.0s
  Fold 1 | Ep  13/50 | t_loss=0.0000 t_acc=1.000 | v_loss=0.5789 v_bal=0.775 | v_rec_bal=0.788 | lr=2.7e-05 | 10.1s
  Fold 1 | Ep  14/50 | t_loss=0.0000 t_acc=1.000 | v_loss=0.5833 v_bal=0.775 | v_rec_bal=0.788 | lr=2.6e-05 | 11.0s
  Fold 1 | Ep  15/50 | t_loss=0.0000 t_acc=1.000 | v_loss=0.5867 v_bal=0.775 | v_rec_bal=0.788 | lr=2.5e-05 | 11.0s
  Fold 1 | Ep  16/50 | t_loss=0.0000 t_acc=1.000 | v_loss=0.5893 v_bal=0.777 | v_rec_bal=0.788 | lr=2.5e-05 | 10.5s
  Fold 1 | Ep  17/50 | t_loss=0.0000 t_acc=1.000 | v_loss=0.5918 v_bal=0.777 | v_rec_bal=0.788 | lr=2.4e-05 | 11.1s
  Fold 1 | Ep  18/50 | t_loss=0.0000 t_acc=1.000 | v_loss=0.5946 v_bal=0.775 | v_rec_bal=0.788 | lr=2.3e-05 | 10.8s
  Fold 1 | Ep  19/50 | t_loss=0.0000 t_acc=1.000 | v_loss=0.5974 v_bal=0.775 | v_rec_bal=0.788 | lr=2.2e-05 | 14.4s
  Early stop at epoch 19
  -> Test (best @ epoch 2): acc=0.6429, bal_acc=0.5303

============================================================
Fold 2/5
============================================================
  Train:  42 trials, label_0=34, label_1=8
    Val:  14 trials, label_0=11, label_1=3
   Test:  14 trials, label_0=11, label_1=3
  Building window datasets...
    WindowDataset: 2493 windows (class_0=1369, class_1=1124)
    WindowDataset: 562 windows (class_0=469, class_1=93)
    WindowDataset: 540 windows (class_0=447, class_1=93)
[PosBank] Loaded 543 positions from weights/reve-positions
[REVE] Loaded 140/140 encoder params from weights/reve-base/model.safetensors
  Class weights: [0.9105186462402344, 1.1089857816696167]
  Fold 2 | Ep   1/50 | t_loss=0.3550 t_acc=0.614 | v_loss=0.3990 v_bal=0.587 | v_rec_bal=0.530 | lr=1.0e-05 | 10.9s
  Fold 2 | Ep   2/50 | t_loss=0.1299 t_acc=0.800 | v_loss=0.2558 v_bal=0.624 | v_rec_bal=0.742 | lr=2.0e-05 | 11.2s
  Fold 2 | Ep   3/50 | t_loss=0.0352 t_acc=0.952 | v_loss=0.4526 v_bal=0.630 | v_rec_bal=0.697 | lr=3.0e-05 | 11.6s
  Fold 2 | Ep   4/50 | t_loss=0.0052 t_acc=0.994 | v_loss=0.9648 v_bal=0.670 | v_rec_bal=0.697 | lr=3.0e-05 | 10.5s
  Fold 2 | Ep   5/50 | t_loss=0.0034 t_acc=0.996 | v_loss=0.8732 v_bal=0.587 | v_rec_bal=0.576 | lr=3.0e-05 | 11.2s
  Fold 2 | Ep   6/50 | t_loss=0.0016 t_acc=0.997 | v_loss=0.7814 v_bal=0.567 | v_rec_bal=0.576 | lr=3.0e-05 | 11.1s
  Fold 2 | Ep   7/50 | t_loss=0.0000 t_acc=1.000 | v_loss=0.8809 v_bal=0.581 | v_rec_bal=0.576 | lr=2.9e-05 | 11.2s
  Fold 2 | Ep   8/50 | t_loss=0.0000 t_acc=1.000 | v_loss=0.9039 v_bal=0.583 | v_rec_bal=0.576 | lr=2.9e-05 | 10.1s
  Fold 2 | Ep   9/50 | t_loss=0.0000 t_acc=1.000 | v_loss=0.9151 v_bal=0.582 | v_rec_bal=0.576 | lr=2.9e-05 | 11.9s
  Fold 2 | Ep  10/50 | t_loss=0.0000 t_acc=1.000 | v_loss=0.9200 v_bal=0.583 | v_rec_bal=0.576 | lr=2.8e-05 | 15.8s
  Fold 2 | Ep  11/50 | t_loss=0.0000 t_acc=1.000 | v_loss=0.9268 v_bal=0.583 | v_rec_bal=0.576 | lr=2.8e-05 | 10.3s
  Fold 2 | Ep  12/50 | t_loss=0.0000 t_acc=1.000 | v_loss=0.9312 v_bal=0.583 | v_rec_bal=0.576 | lr=2.7e-05 | 10.1s
  Fold 2 | Ep  13/50 | t_loss=0.0000 t_acc=1.000 | v_loss=0.9349 v_bal=0.584 | v_rec_bal=0.576 | lr=2.7e-05 | 9.9s
  Fold 2 | Ep  14/50 | t_loss=0.0000 t_acc=1.000 | v_loss=0.9417 v_bal=0.584 | v_rec_bal=0.576 | lr=2.6e-05 | 11.3s
  Fold 2 | Ep  15/50 | t_loss=0.0000 t_acc=1.000 | v_loss=0.9446 v_bal=0.585 | v_rec_bal=0.576 | lr=2.5e-05 | 10.4s
  Fold 2 | Ep  16/50 | t_loss=0.0000 t_acc=1.000 | v_loss=0.9476 v_bal=0.584 | v_rec_bal=0.576 | lr=2.5e-05 | 11.0s
  Fold 2 | Ep  17/50 | t_loss=0.0000 t_acc=1.000 | v_loss=0.9517 v_bal=0.585 | v_rec_bal=0.576 | lr=2.4e-05 | 10.4s
  Fold 2 | Ep  18/50 | t_loss=0.0000 t_acc=1.000 | v_loss=0.9530 v_bal=0.584 | v_rec_bal=0.576 | lr=2.3e-05 | 11.3s
  Fold 2 | Ep  19/50 | t_loss=0.0000 t_acc=1.000 | v_loss=0.9553 v_bal=0.585 | v_rec_bal=0.576 | lr=2.2e-05 | 10.8s
  Early stop at epoch 19
  -> Test (best @ epoch 2): acc=0.9286, bal_acc=0.8333

============================================================
Fold 3/5
============================================================
  Train:  42 trials, label_0=34, label_1=8
    Val:  14 trials, label_0=11, label_1=3
   Test:  14 trials, label_0=11, label_1=3
  Building window datasets...
    WindowDataset: 2591 windows (class_0=1355, class_1=1236)
    WindowDataset: 432 windows (class_0=342, class_1=90)
    WindowDataset: 656 windows (class_0=588, class_1=68)
[PosBank] Loaded 543 positions from weights/reve-positions
[REVE] Loaded 140/140 encoder params from weights/reve-base/model.safetensors
  Class weights: [0.9560885429382324, 1.048139214515686]
  Fold 3 | Ep   1/50 | t_loss=0.6965 t_acc=0.530 | v_loss=0.3280 v_bal=0.592 | v_rec_bal=0.576 | lr=1.0e-05 | 10.6s
  Fold 3 | Ep   2/50 | t_loss=0.1156 t_acc=0.823 | v_loss=0.4654 v_bal=0.616 | v_rec_bal=0.742 | lr=2.0e-05 | 10.6s
  Fold 3 | Ep   3/50 | t_loss=0.0204 t_acc=0.971 | v_loss=0.8415 v_bal=0.601 | v_rec_bal=0.576 | lr=3.0e-05 | 11.5s
  Fold 3 | Ep   4/50 | t_loss=0.0026 t_acc=0.997 | v_loss=1.0267 v_bal=0.601 | v_rec_bal=0.576 | lr=3.0e-05 | 10.7s
  Fold 3 | Ep   5/50 | t_loss=0.0016 t_acc=0.997 | v_loss=0.9993 v_bal=0.555 | v_rec_bal=0.576 | lr=3.0e-05 | 11.2s
  Fold 3 | Ep   6/50 | t_loss=0.0002 t_acc=1.000 | v_loss=1.0478 v_bal=0.605 | v_rec_bal=0.576 | lr=3.0e-05 | 11.9s
  Fold 3 | Ep   7/50 | t_loss=0.0000 t_acc=1.000 | v_loss=1.1150 v_bal=0.638 | v_rec_bal=0.742 | lr=2.9e-05 | 11.0s
  Fold 3 | Ep   8/50 | t_loss=0.0000 t_acc=1.000 | v_loss=1.1260 v_bal=0.638 | v_rec_bal=0.742 | lr=2.9e-05 | 14.4s
  Fold 3 | Ep   9/50 | t_loss=0.0000 t_acc=1.000 | v_loss=1.1390 v_bal=0.638 | v_rec_bal=0.742 | lr=2.9e-05 | 10.9s
  Fold 3 | Ep  10/50 | t_loss=0.0000 t_acc=1.000 | v_loss=1.1498 v_bal=0.638 | v_rec_bal=0.742 | lr=2.8e-05 | 10.4s
  Fold 3 | Ep  11/50 | t_loss=0.0000 t_acc=1.000 | v_loss=1.1576 v_bal=0.638 | v_rec_bal=0.742 | lr=2.8e-05 | 10.7s
  Fold 3 | Ep  12/50 | t_loss=0.0000 t_acc=1.000 | v_loss=1.1664 v_bal=0.642 | v_rec_bal=0.742 | lr=2.7e-05 | 9.8s
  Fold 3 | Ep  13/50 | t_loss=0.0000 t_acc=1.000 | v_loss=1.1743 v_bal=0.637 | v_rec_bal=0.742 | lr=2.7e-05 | 10.3s
  Fold 3 | Ep  14/50 | t_loss=0.0000 t_acc=1.000 | v_loss=1.1832 v_bal=0.642 | v_rec_bal=0.742 | lr=2.6e-05 | 12.7s
  Fold 3 | Ep  15/50 | t_loss=0.0000 t_acc=1.000 | v_loss=1.1892 v_bal=0.642 | v_rec_bal=0.742 | lr=2.5e-05 | 13.7s
  Fold 3 | Ep  16/50 | t_loss=0.0000 t_acc=1.000 | v_loss=1.1967 v_bal=0.642 | v_rec_bal=0.742 | lr=2.5e-05 | 11.0s
  Fold 3 | Ep  17/50 | t_loss=0.0000 t_acc=1.000 | v_loss=1.2020 v_bal=0.642 | v_rec_bal=0.742 | lr=2.4e-05 | 11.2s
  Fold 3 | Ep  18/50 | t_loss=0.0000 t_acc=1.000 | v_loss=1.2080 v_bal=0.642 | v_rec_bal=0.742 | lr=2.3e-05 | 10.4s
  Fold 3 | Ep  19/50 | t_loss=0.0000 t_acc=1.000 | v_loss=1.2158 v_bal=0.641 | v_rec_bal=0.742 | lr=2.2e-05 | 13.1s
  Fold 3 | Ep  20/50 | t_loss=0.0000 t_acc=1.000 | v_loss=1.2210 v_bal=0.646 | v_rec_bal=0.742 | lr=2.1e-05 | 12.0s
  Fold 3 | Ep  21/50 | t_loss=0.0000 t_acc=1.000 | v_loss=1.2247 v_bal=0.646 | v_rec_bal=0.742 | lr=2.0e-05 | 15.3s
  Fold 3 | Ep  22/50 | t_loss=0.0000 t_acc=1.000 | v_loss=1.2297 v_bal=0.646 | v_rec_bal=0.742 | lr=1.9e-05 | 10.7s
  Fold 3 | Ep  23/50 | t_loss=0.0000 t_acc=1.000 | v_loss=1.2349 v_bal=0.652 | v_rec_bal=0.742 | lr=1.8e-05 | 12.3s
  Fold 3 | Ep  24/50 | t_loss=0.0000 t_acc=1.000 | v_loss=1.2383 v_bal=0.652 | v_rec_bal=0.742 | lr=1.7e-05 | 10.8s
  Early stop at epoch 24
  -> Test (best @ epoch 2): acc=0.8571, bal_acc=0.7879

============================================================
Fold 4/5
============================================================
  Train:  42 trials, label_0=34, label_1=8
    Val:  14 trials, label_0=11, label_1=3
   Test:  14 trials, label_0=11, label_1=3
  Building window datasets...
    WindowDataset: 2338 windows (class_0=1454, class_1=884)
    WindowDataset: 442 windows (class_0=351, class_1=91)
    WindowDataset: 635 windows (class_0=480, class_1=155)
[PosBank] Loaded 543 positions from weights/reve-positions
[REVE] Loaded 140/140 encoder params from weights/reve-base/model.safetensors
  Class weights: [0.8039889931678772, 1.3223981857299805]
  Fold 4 | Ep   1/50 | t_loss=0.4778 t_acc=0.511 | v_loss=0.2976 v_bal=0.570 | v_rec_bal=0.652 | lr=1.0e-05 | 10.3s
  Fold 4 | Ep   2/50 | t_loss=0.1159 t_acc=0.839 | v_loss=0.3348 v_bal=0.578 | v_rec_bal=0.667 | lr=2.0e-05 | 10.0s
  Fold 4 | Ep   3/50 | t_loss=0.0173 t_acc=0.975 | v_loss=0.5674 v_bal=0.613 | v_rec_bal=0.621 | lr=3.0e-05 | 10.0s
  Fold 4 | Ep   4/50 | t_loss=0.0097 t_acc=0.989 | v_loss=0.5681 v_bal=0.598 | v_rec_bal=0.621 | lr=3.0e-05 | 11.2s
  Fold 4 | Ep   5/50 | t_loss=0.0013 t_acc=0.999 | v_loss=1.0065 v_bal=0.510 | v_rec_bal=0.500 | lr=3.0e-05 | 9.8s
  Fold 4 | Ep   6/50 | t_loss=0.0001 t_acc=1.000 | v_loss=0.9246 v_bal=0.561 | v_rec_bal=0.621 | lr=3.0e-05 | 10.4s
  Fold 4 | Ep   7/50 | t_loss=0.0000 t_acc=1.000 | v_loss=0.8578 v_bal=0.588 | v_rec_bal=0.621 | lr=2.9e-05 | 10.4s
  Fold 4 | Ep   8/50 | t_loss=0.0000 t_acc=1.000 | v_loss=0.8766 v_bal=0.591 | v_rec_bal=0.621 | lr=2.9e-05 | 13.3s
  Fold 4 | Ep   9/50 | t_loss=0.0000 t_acc=1.000 | v_loss=0.8783 v_bal=0.588 | v_rec_bal=0.621 | lr=2.9e-05 | 13.7s
  Fold 4 | Ep  10/50 | t_loss=0.0000 t_acc=1.000 | v_loss=0.8761 v_bal=0.585 | v_rec_bal=0.621 | lr=2.8e-05 | 9.6s
  Fold 4 | Ep  11/50 | t_loss=0.0000 t_acc=1.000 | v_loss=0.8818 v_bal=0.590 | v_rec_bal=0.621 | lr=2.8e-05 | 9.4s
  Fold 4 | Ep  12/50 | t_loss=0.0000 t_acc=1.000 | v_loss=0.8826 v_bal=0.588 | v_rec_bal=0.621 | lr=2.7e-05 | 9.2s
  Fold 4 | Ep  13/50 | t_loss=0.0000 t_acc=1.000 | v_loss=0.8848 v_bal=0.594 | v_rec_bal=0.621 | lr=2.7e-05 | 10.3s
  Fold 4 | Ep  14/50 | t_loss=0.0000 t_acc=1.000 | v_loss=0.8870 v_bal=0.592 | v_rec_bal=0.621 | lr=2.6e-05 | 9.6s
  Fold 4 | Ep  15/50 | t_loss=0.0000 t_acc=1.000 | v_loss=0.8874 v_bal=0.594 | v_rec_bal=0.621 | lr=2.5e-05 | 10.6s
  Fold 4 | Ep  16/50 | t_loss=0.0000 t_acc=1.000 | v_loss=0.8874 v_bal=0.594 | v_rec_bal=0.621 | lr=2.5e-05 | 9.6s
  Fold 4 | Ep  17/50 | t_loss=0.0000 t_acc=1.000 | v_loss=0.8905 v_bal=0.594 | v_rec_bal=0.621 | lr=2.4e-05 | 9.1s
  Early stop at epoch 17
  -> Test (best @ epoch 2): acc=0.7857, bal_acc=0.6212

============================================================
Fold 5/5
============================================================
  Train:  42 trials, label_0=33, label_1=9
    Val:  14 trials, label_0=11, label_1=3
   Test:  14 trials, label_0=12, label_1=2
  Building window datasets...
    WindowDataset: 2629 windows (class_0=1392, class_1=1237)
    WindowDataset: 618 windows (class_0=526, class_1=92)
    WindowDataset: 432 windows (class_0=367, class_1=65)
[PosBank] Loaded 543 positions from weights/reve-positions
[REVE] Loaded 140/140 encoder params from weights/reve-base/model.safetensors
  Class weights: [0.9443247318267822, 1.0626516342163086]
  Fold 5 | Ep   1/50 | t_loss=0.4868 t_acc=0.554 | v_loss=0.1929 v_bal=0.624 | v_rec_bal=0.576 | lr=1.0e-05 | 12.0s
  Fold 5 | Ep   2/50 | t_loss=0.0967 t_acc=0.859 | v_loss=0.3236 v_bal=0.518 | v_rec_bal=0.455 | lr=2.0e-05 | 11.6s
  Fold 5 | Ep   3/50 | t_loss=0.0151 t_acc=0.981 | v_loss=0.6783 v_bal=0.552 | v_rec_bal=0.576 | lr=3.0e-05 | 10.9s
  Fold 5 | Ep   4/50 | t_loss=0.0046 t_acc=0.995 | v_loss=0.9356 v_bal=0.483 | v_rec_bal=0.500 | lr=3.0e-05 | 14.3s
  Fold 5 | Ep   5/50 | t_loss=0.0002 t_acc=1.000 | v_loss=0.9166 v_bal=0.511 | v_rec_bal=0.621 | lr=3.0e-05 | 11.3s
  Fold 5 | Ep   6/50 | t_loss=0.0000 t_acc=1.000 | v_loss=0.9588 v_bal=0.498 | v_rec_bal=0.500 | lr=3.0e-05 | 13.3s
  Fold 5 | Ep   7/50 | t_loss=0.0000 t_acc=1.000 | v_loss=0.9762 v_bal=0.500 | v_rec_bal=0.455 | lr=2.9e-05 | 12.7s
  Fold 5 | Ep   8/50 | t_loss=0.0000 t_acc=1.000 | v_loss=0.9828 v_bal=0.497 | v_rec_bal=0.455 | lr=2.9e-05 | 12.6s
  Fold 5 | Ep   9/50 | t_loss=0.0000 t_acc=1.000 | v_loss=0.9904 v_bal=0.496 | v_rec_bal=0.455 | lr=2.9e-05 | 10.8s
  Fold 5 | Ep  10/50 | t_loss=0.0000 t_acc=1.000 | v_loss=0.9937 v_bal=0.496 | v_rec_bal=0.455 | lr=2.8e-05 | 11.1s
  Fold 5 | Ep  11/50 | t_loss=0.0000 t_acc=1.000 | v_loss=0.9979 v_bal=0.495 | v_rec_bal=0.455 | lr=2.8e-05 | 10.9s
  Fold 5 | Ep  12/50 | t_loss=0.0000 t_acc=1.000 | v_loss=1.0046 v_bal=0.495 | v_rec_bal=0.455 | lr=2.7e-05 | 10.4s
  Fold 5 | Ep  13/50 | t_loss=0.0000 t_acc=1.000 | v_loss=1.0093 v_bal=0.495 | v_rec_bal=0.455 | lr=2.7e-05 | 11.5s
  Fold 5 | Ep  14/50 | t_loss=0.0000 t_acc=1.000 | v_loss=1.0124 v_bal=0.495 | v_rec_bal=0.455 | lr=2.6e-05 | 11.8s
  Fold 5 | Ep  15/50 | t_loss=0.0000 t_acc=1.000 | v_loss=1.0179 v_bal=0.495 | v_rec_bal=0.455 | lr=2.5e-05 | 10.2s
  Fold 5 | Ep  16/50 | t_loss=0.0000 t_acc=1.000 | v_loss=1.0201 v_bal=0.495 | v_rec_bal=0.455 | lr=2.5e-05 | 15.9s
  Early stop at epoch 16
  -> Test (best @ epoch 5): acc=0.8571, bal_acc=0.5000

============================================================
Global Results (5-Fold, trial-level CV, FT)
Extractor: reve | Label: dass | Loss: focal
Augmentation: 75% overlap for increase class
============================================================
           acc: 0.8143
       bal_acc: 0.6696
            f1: 0.8056
         kappa: 0.3689
  Predictions: 70 (dataset: 70)

Results saved to results/studies/exp18_trial_dass_multiseed/reve_s2024/
