/raid/jupyter-linjimmy1003.md10/.conda/envs/stress/lib/python3.11/site-packages/timm/models/layers/__init__.py:49: FutureWarning: Importing from timm.models.layers is deprecated, please import via timm.layers
  warnings.warn(f"Importing from {__name__} is deprecated, please import via timm.layers", FutureWarning)
Mode: FT | Extractor: cbramod | Folds: 5
LR: 1e-05 | WD: 0.05 | Beta2: 0.999 | Grad clip: 2.0
Head: hidden=128, dropout=0.0 | Norm: none | Loss: focal
Full FT: encoder_lr_scale=0.1
Augmentation: 75% overlap for increase class

Results → results/hp_sweep/20260410_dass/cbramod/cbramod_encoderlrscale0.1_lr1e-5_s42/
Dataset: 70 recordings loaded (14 increase, 56 normal)
Cache: 70 recordings ready (70 cached, 0 new)

============================================================
Fold 1/5
============================================================
  Train:  45 samples, 12 subjects [1, 2, 3, 4, 6, 7, 9, 10, 13, 14, 16, 18], label_0=34, label_1=11
    Val:  12 samples,  2 subjects [5, 11], label_0=11, label_1=1
   Test:  13 samples,  3 subjects [8, 12, 17], label_0=11, label_1=2
  Building window datasets...
    WindowDataset: 5684 windows (class_0=2641, class_1=3043)
    WindowDataset: 964 windows (class_0=903, class_1=61)
    WindowDataset: 1184 windows (class_0=1058, class_1=126)
[CBraMod] Loaded 209/209 params from weights/cbramod-base/pretrained_weights.pth
  Trainable parameters: 4,935,443
  Class weights: [1.0761075019836426, 0.9339467883110046]
  Fold 1 | Ep   1/50 | t_loss=0.1735 t_acc=0.535 | v_win_bal=0.500 v_rec_bal=0.500 | lr=3.3e-06 | 15.0s
  Fold 1 | Ep   2/50 | t_loss=0.1730 t_acc=0.550 | v_win_bal=0.440 v_rec_bal=0.500 | lr=6.7e-06 | 12.4s
  Fold 1 | Ep   3/50 | t_loss=0.1713 t_acc=0.626 | v_win_bal=0.327 v_rec_bal=0.227 | lr=1.0e-05 | 12.4s
  Fold 1 | Ep   4/50 | t_loss=0.1605 t_acc=0.676 | v_win_bal=0.321 v_rec_bal=0.182 | lr=1.0e-05 | 12.7s
  Fold 1 | Ep   5/50 | t_loss=0.1410 t_acc=0.726 | v_win_bal=0.370 v_rec_bal=0.591 | lr=1.0e-05 | 12.4s
  Fold 1 | Ep   6/50 | t_loss=0.1328 t_acc=0.752 | v_win_bal=0.439 v_rec_bal=0.500 | lr=9.9e-06 | 12.4s
  Fold 1 | Ep   7/50 | t_loss=0.1278 t_acc=0.771 | v_win_bal=0.469 v_rec_bal=0.500 | lr=9.8e-06 | 12.3s
  Fold 1 | Ep   8/50 | t_loss=0.1252 t_acc=0.778 | v_win_bal=0.479 v_rec_bal=0.500 | lr=9.7e-06 | 12.3s
  Fold 1 | Ep   9/50 | t_loss=0.1204 t_acc=0.792 | v_win_bal=0.494 v_rec_bal=0.500 | lr=9.6e-06 | 12.3s
  Fold 1 | Ep  10/50 | t_loss=0.1190 t_acc=0.796 | v_win_bal=0.466 v_rec_bal=0.500 | lr=9.5e-06 | 12.4s
  Fold 1 | Ep  11/50 | t_loss=0.1182 t_acc=0.801 | v_win_bal=0.477 v_rec_bal=0.545 | lr=9.3e-06 | 12.4s
  Fold 1 | Ep  12/50 | t_loss=0.1161 t_acc=0.806 | v_win_bal=0.424 v_rec_bal=0.545 | lr=9.1e-06 | 12.4s
  Fold 1 | Ep  13/50 | t_loss=0.1154 t_acc=0.813 | v_win_bal=0.406 v_rec_bal=0.591 | lr=8.9e-06 | 12.7s
  Fold 1 | Ep  14/50 | t_loss=0.1141 t_acc=0.809 | v_win_bal=0.369 v_rec_bal=0.227 | lr=8.7e-06 | 12.8s
  Fold 1 | Ep  15/50 | t_loss=0.1142 t_acc=0.814 | v_win_bal=0.380 v_rec_bal=0.227 | lr=8.5e-06 | 12.4s
  Fold 1 | Ep  16/50 | t_loss=0.1133 t_acc=0.813 | v_win_bal=0.351 v_rec_bal=0.227 | lr=8.2e-06 | 12.3s
  Fold 1 | Ep  17/50 | t_loss=0.1127 t_acc=0.812 | v_win_bal=0.367 v_rec_bal=0.273 | lr=8.0e-06 | 12.3s
  Fold 1 | Ep  18/50 | t_loss=0.1119 t_acc=0.813 | v_win_bal=0.368 v_rec_bal=0.273 | lr=7.7e-06 | 12.3s
  Fold 1 | Ep  19/50 | t_loss=0.1127 t_acc=0.816 | v_win_bal=0.376 v_rec_bal=0.318 | lr=7.4e-06 | 12.3s
  Fold 1 | Ep  20/50 | t_loss=0.1126 t_acc=0.816 | v_win_bal=0.377 v_rec_bal=0.318 | lr=7.1e-06 | 12.4s
  Fold 1 | Ep  21/50 | t_loss=0.1117 t_acc=0.815 | v_win_bal=0.396 v_rec_bal=0.364 | lr=6.8e-06 | 12.3s
  Fold 1 | Ep  22/50 | t_loss=0.1105 t_acc=0.817 | v_win_bal=0.395 v_rec_bal=0.409 | lr=6.5e-06 | 12.3s
  Fold 1 | Ep  23/50 | t_loss=0.1100 t_acc=0.819 | v_win_bal=0.401 v_rec_bal=0.455 | lr=6.2e-06 | 12.3s
  Fold 1 | Ep  24/50 | t_loss=0.1107 t_acc=0.820 | v_win_bal=0.411 v_rec_bal=0.455 | lr=5.8e-06 | 12.3s
  Fold 1 | Ep  25/50 | t_loss=0.1093 t_acc=0.825 | v_win_bal=0.417 v_rec_bal=0.455 | lr=5.5e-06 | 12.3s
  Fold 1 | Ep  26/50 | t_loss=0.1091 t_acc=0.826 | v_win_bal=0.408 v_rec_bal=0.455 | lr=5.2e-06 | 12.3s
  Fold 1 | Ep  27/50 | t_loss=0.1105 t_acc=0.817 | v_win_bal=0.414 v_rec_bal=0.500 | lr=4.8e-06 | 12.3s
  Fold 1 | Ep  28/50 | t_loss=0.1090 t_acc=0.823 | v_win_bal=0.415 v_rec_bal=0.500 | lr=4.5e-06 | 12.3s
  Early stop at epoch 28
  -> Test (best @ epoch 5): acc=0.8462, bal_acc=0.5000

============================================================
Fold 2/5
============================================================
  Train:  41 samples, 11 subjects [1, 2, 4, 6, 7, 9, 10, 13, 14, 17, 18], label_0=31, label_1=10
    Val:  17 samples,  4 subjects [3, 8, 12, 16], label_0=14, label_1=3
   Test:  12 samples,  2 subjects [5, 11], label_0=11, label_1=1
  Building window datasets...
    WindowDataset: 5250 windows (class_0=2460, class_1=2790)
    WindowDataset: 1429 windows (class_0=1239, class_1=190)
    WindowDataset: 964 windows (class_0=903, class_1=61)
[CBraMod] Loaded 209/209 params from weights/cbramod-base/pretrained_weights.pth
  Fold 2 | Ep   1/50 | t_loss=0.1734 t_acc=0.532 | v_win_bal=0.500 v_rec_bal=0.500 | lr=3.3e-06 | 12.0s
  Fold 2 | Ep   2/50 | t_loss=0.1729 t_acc=0.549 | v_win_bal=0.502 v_rec_bal=0.500 | lr=6.7e-06 | 12.0s
  Fold 2 | Ep   3/50 | t_loss=0.1714 t_acc=0.590 | v_win_bal=0.565 v_rec_bal=0.548 | lr=1.0e-05 | 12.0s
  Fold 2 | Ep   4/50 | t_loss=0.1642 t_acc=0.639 | v_win_bal=0.629 v_rec_bal=0.690 | lr=1.0e-05 | 12.0s
  Fold 2 | Ep   5/50 | t_loss=0.1530 t_acc=0.667 | v_win_bal=0.762 v_rec_bal=0.857 | lr=1.0e-05 | 12.0s
  Fold 2 | Ep   6/50 | t_loss=0.1428 t_acc=0.707 | v_win_bal=0.649 v_rec_bal=0.643 | lr=9.9e-06 | 12.1s
  Fold 2 | Ep   7/50 | t_loss=0.1315 t_acc=0.749 | v_win_bal=0.529 v_rec_bal=0.500 | lr=9.8e-06 | 12.0s
  Fold 2 | Ep   8/50 | t_loss=0.1247 t_acc=0.767 | v_win_bal=0.504 v_rec_bal=0.500 | lr=9.7e-06 | 12.0s
  Fold 2 | Ep   9/50 | t_loss=0.1206 t_acc=0.767 | v_win_bal=0.500 v_rec_bal=0.500 | lr=9.6e-06 | 12.0s
  Fold 2 | Ep  10/50 | t_loss=0.1159 t_acc=0.785 | v_win_bal=0.511 v_rec_bal=0.500 | lr=9.5e-06 | 12.0s
  Fold 2 | Ep  11/50 | t_loss=0.1141 t_acc=0.791 | v_win_bal=0.521 v_rec_bal=0.500 | lr=9.3e-06 | 12.0s
  Fold 2 | Ep  12/50 | t_loss=0.1124 t_acc=0.796 | v_win_bal=0.546 v_rec_bal=0.536 | lr=9.1e-06 | 12.0s
  Fold 2 | Ep  13/50 | t_loss=0.1097 t_acc=0.806 | v_win_bal=0.553 v_rec_bal=0.571 | lr=8.9e-06 | 12.0s
  Fold 2 | Ep  14/50 | t_loss=0.1103 t_acc=0.800 | v_win_bal=0.535 v_rec_bal=0.476 | lr=8.7e-06 | 12.6s
  Fold 2 | Ep  15/50 | t_loss=0.1087 t_acc=0.800 | v_win_bal=0.548 v_rec_bal=0.548 | lr=8.5e-06 | 12.2s
  Fold 2 | Ep  16/50 | t_loss=0.1073 t_acc=0.811 | v_win_bal=0.545 v_rec_bal=0.548 | lr=8.2e-06 | 12.0s
  Fold 2 | Ep  17/50 | t_loss=0.1056 t_acc=0.807 | v_win_bal=0.550 v_rec_bal=0.583 | lr=8.0e-06 | 12.1s
  Fold 2 | Ep  18/50 | t_loss=0.1040 t_acc=0.814 | v_win_bal=0.557 v_rec_bal=0.452 | lr=7.7e-06 | 12.0s
  Fold 2 | Ep  19/50 | t_loss=0.1033 t_acc=0.820 | v_win_bal=0.538 v_rec_bal=0.560 | lr=7.4e-06 | 12.0s
  Fold 2 | Ep  20/50 | t_loss=0.1004 t_acc=0.826 | v_win_bal=0.534 v_rec_bal=0.595 | lr=7.1e-06 | 12.0s
  Fold 2 | Ep  21/50 | t_loss=0.1000 t_acc=0.826 | v_win_bal=0.532 v_rec_bal=0.429 | lr=6.8e-06 | 12.0s
  Early stop at epoch 21
  -> Test (best @ epoch 5): acc=0.0833, bal_acc=0.5000

============================================================
Fold 3/5
============================================================
  Train:  45 samples, 11 subjects [1, 2, 3, 5, 6, 7, 8, 13, 16, 17, 18], label_0=35, label_1=10
    Val:  12 samples,  2 subjects [11, 12], label_0=11, label_1=1
   Test:  13 samples,  4 subjects [4, 9, 10, 14], label_0=10, label_1=3
  Building window datasets...
    WindowDataset: 4890 windows (class_0=2388, class_1=2502)
    WindowDataset: 1311 windows (class_0=1250, class_1=61)
    WindowDataset: 1226 windows (class_0=964, class_1=262)
[CBraMod] Loaded 209/209 params from weights/cbramod-base/pretrained_weights.pth
  Fold 3 | Ep   1/50 | t_loss=0.1733 t_acc=0.488 | v_win_bal=0.484 v_rec_bal=0.364 | lr=3.3e-06 | 11.1s
  Fold 3 | Ep   2/50 | t_loss=0.1733 t_acc=0.496 | v_win_bal=0.485 v_rec_bal=0.500 | lr=6.7e-06 | 11.5s
  Fold 3 | Ep   3/50 | t_loss=0.1729 t_acc=0.556 | v_win_bal=0.522 v_rec_bal=0.591 | lr=1.0e-05 | 11.1s
  Fold 3 | Ep   4/50 | t_loss=0.1717 t_acc=0.551 | v_win_bal=0.464 v_rec_bal=0.136 | lr=1.0e-05 | 11.1s
  Fold 3 | Ep   5/50 | t_loss=0.1666 t_acc=0.558 | v_win_bal=0.551 v_rec_bal=0.591 | lr=1.0e-05 | 11.1s
  Fold 3 | Ep   6/50 | t_loss=0.1608 t_acc=0.588 | v_win_bal=0.536 v_rec_bal=0.591 | lr=9.9e-06 | 11.1s
  Fold 3 | Ep   7/50 | t_loss=0.1578 t_acc=0.612 | v_win_bal=0.562 v_rec_bal=0.591 | lr=9.8e-06 | 11.3s
  Fold 3 | Ep   8/50 | t_loss=0.1557 t_acc=0.615 | v_win_bal=0.609 v_rec_bal=0.591 | lr=9.7e-06 | 11.2s
  Fold 3 | Ep   9/50 | t_loss=0.1544 t_acc=0.620 | v_win_bal=0.612 v_rec_bal=0.591 | lr=9.6e-06 | 11.2s
  Fold 3 | Ep  10/50 | t_loss=0.1527 t_acc=0.628 | v_win_bal=0.647 v_rec_bal=0.591 | lr=9.5e-06 | 11.4s
  Fold 3 | Ep  11/50 | t_loss=0.1518 t_acc=0.637 | v_win_bal=0.680 v_rec_bal=0.591 | lr=9.3e-06 | 11.2s
  Fold 3 | Ep  12/50 | t_loss=0.1502 t_acc=0.640 | v_win_bal=0.711 v_rec_bal=0.636 | lr=9.1e-06 | 11.2s
  Fold 3 | Ep  13/50 | t_loss=0.1479 t_acc=0.661 | v_win_bal=0.656 v_rec_bal=0.591 | lr=8.9e-06 | 11.1s
  Fold 3 | Ep  14/50 | t_loss=0.1458 t_acc=0.684 | v_win_bal=0.659 v_rec_bal=0.636 | lr=8.7e-06 | 11.2s
  Fold 3 | Ep  15/50 | t_loss=0.1445 t_acc=0.682 | v_win_bal=0.620 v_rec_bal=0.636 | lr=8.5e-06 | 11.1s
  Fold 3 | Ep  16/50 | t_loss=0.1425 t_acc=0.689 | v_win_bal=0.616 v_rec_bal=0.591 | lr=8.2e-06 | 11.2s
  Fold 3 | Ep  17/50 | t_loss=0.1405 t_acc=0.697 | v_win_bal=0.615 v_rec_bal=0.636 | lr=8.0e-06 | 11.1s
  Fold 3 | Ep  18/50 | t_loss=0.1410 t_acc=0.692 | v_win_bal=0.618 v_rec_bal=0.636 | lr=7.7e-06 | 11.1s
  Fold 3 | Ep  19/50 | t_loss=0.1400 t_acc=0.691 | v_win_bal=0.627 v_rec_bal=0.636 | lr=7.4e-06 | 11.1s
  Fold 3 | Ep  20/50 | t_loss=0.1382 t_acc=0.700 | v_win_bal=0.620 v_rec_bal=0.636 | lr=7.1e-06 | 11.1s
  Fold 3 | Ep  21/50 | t_loss=0.1386 t_acc=0.693 | v_win_bal=0.628 v_rec_bal=0.636 | lr=6.8e-06 | 11.2s
  Fold 3 | Ep  22/50 | t_loss=0.1387 t_acc=0.691 | v_win_bal=0.634 v_rec_bal=0.636 | lr=6.5e-06 | 11.2s
  Fold 3 | Ep  23/50 | t_loss=0.1374 t_acc=0.703 | v_win_bal=0.636 v_rec_bal=0.636 | lr=6.2e-06 | 11.1s
  Fold 3 | Ep  24/50 | t_loss=0.1372 t_acc=0.697 | v_win_bal=0.622 v_rec_bal=0.636 | lr=5.8e-06 | 11.1s
  Fold 3 | Ep  25/50 | t_loss=0.1370 t_acc=0.698 | v_win_bal=0.628 v_rec_bal=0.636 | lr=5.5e-06 | 11.1s
  Fold 3 | Ep  26/50 | t_loss=0.1363 t_acc=0.696 | v_win_bal=0.620 v_rec_bal=0.636 | lr=5.2e-06 | 11.1s
  Fold 3 | Ep  27/50 | t_loss=0.1363 t_acc=0.696 | v_win_bal=0.629 v_rec_bal=0.636 | lr=4.8e-06 | 11.1s
  Fold 3 | Ep  28/50 | t_loss=0.1360 t_acc=0.692 | v_win_bal=0.632 v_rec_bal=0.636 | lr=4.5e-06 | 11.1s
  Fold 3 | Ep  29/50 | t_loss=0.1351 t_acc=0.706 | v_win_bal=0.652 v_rec_bal=0.636 | lr=4.2e-06 | 11.1s
  Fold 3 | Ep  30/50 | t_loss=0.1353 t_acc=0.700 | v_win_bal=0.653 v_rec_bal=0.636 | lr=3.8e-06 | 11.4s
  Fold 3 | Ep  31/50 | t_loss=0.1350 t_acc=0.708 | v_win_bal=0.644 v_rec_bal=0.636 | lr=3.5e-06 | 11.0s
  Fold 3 | Ep  32/50 | t_loss=0.1348 t_acc=0.703 | v_win_bal=0.640 v_rec_bal=0.636 | lr=3.2e-06 | 10.1s
  Fold 3 | Ep  33/50 | t_loss=0.1344 t_acc=0.699 | v_win_bal=0.655 v_rec_bal=0.682 | lr=2.9e-06 | 10.1s
  Fold 3 | Ep  34/50 | t_loss=0.1345 t_acc=0.704 | v_win_bal=0.645 v_rec_bal=0.636 | lr=2.6e-06 | 10.1s
  Fold 3 | Ep  35/50 | t_loss=0.1333 t_acc=0.708 | v_win_bal=0.651 v_rec_bal=0.682 | lr=2.3e-06 | 10.1s
  Fold 3 | Ep  36/50 | t_loss=0.1341 t_acc=0.701 | v_win_bal=0.646 v_rec_bal=0.636 | lr=2.0e-06 | 10.0s
  Fold 3 | Ep  37/50 | t_loss=0.1336 t_acc=0.705 | v_win_bal=0.637 v_rec_bal=0.636 | lr=1.8e-06 | 10.0s
  Fold 3 | Ep  38/50 | t_loss=0.1334 t_acc=0.702 | v_win_bal=0.649 v_rec_bal=0.636 | lr=1.5e-06 | 10.0s
  Fold 3 | Ep  39/50 | t_loss=0.1337 t_acc=0.702 | v_win_bal=0.638 v_rec_bal=0.636 | lr=1.3e-06 | 9.8s
  Fold 3 | Ep  40/50 | t_loss=0.1338 t_acc=0.705 | v_win_bal=0.650 v_rec_bal=0.636 | lr=1.1e-06 | 9.7s
  Fold 3 | Ep  41/50 | t_loss=0.1327 t_acc=0.706 | v_win_bal=0.647 v_rec_bal=0.636 | lr=8.8e-07 | 9.7s
  Fold 3 | Ep  42/50 | t_loss=0.1337 t_acc=0.712 | v_win_bal=0.650 v_rec_bal=0.636 | lr=7.0e-07 | 9.7s
  Fold 3 | Ep  43/50 | t_loss=0.1334 t_acc=0.707 | v_win_bal=0.651 v_rec_bal=0.682 | lr=5.4e-07 | 9.7s
  Fold 3 | Ep  44/50 | t_loss=0.1334 t_acc=0.704 | v_win_bal=0.649 v_rec_bal=0.636 | lr=4.0e-07 | 9.7s
  Fold 3 | Ep  45/50 | t_loss=0.1328 t_acc=0.710 | v_win_bal=0.644 v_rec_bal=0.682 | lr=2.8e-07 | 9.7s
  Fold 3 | Ep  46/50 | t_loss=0.1327 t_acc=0.709 | v_win_bal=0.651 v_rec_bal=0.682 | lr=1.8e-07 | 9.6s
  Fold 3 | Ep  47/50 | t_loss=0.1327 t_acc=0.713 | v_win_bal=0.645 v_rec_bal=0.682 | lr=1.0e-07 | 9.7s
  Fold 3 | Ep  48/50 | t_loss=0.1333 t_acc=0.702 | v_win_bal=0.645 v_rec_bal=0.682 | lr=1.0e-07 | 9.7s
  Fold 3 | Ep  49/50 | t_loss=0.1328 t_acc=0.706 | v_win_bal=0.653 v_rec_bal=0.682 | lr=1.0e-07 | 9.7s
  Fold 3 | Ep  50/50 | t_loss=0.1337 t_acc=0.701 | v_win_bal=0.650 v_rec_bal=0.636 | lr=1.0e-07 | 10.0s
  -> Test (best @ epoch 33): acc=0.2308, bal_acc=0.3833

============================================================
Fold 4/5
============================================================
  Train:  40 samples, 10 subjects [1, 2, 4, 5, 9, 10, 11, 13, 14, 18], label_0=31, label_1=9
    Val:  13 samples,  3 subjects [8, 12, 17], label_0=11, label_1=2
   Test:  17 samples,  4 subjects [3, 6, 7, 16], label_0=14, label_1=3
  Building window datasets...
    WindowDataset: 5246 windows (class_0=2713, class_1=2533)
    WindowDataset: 1184 windows (class_0=1058, class_1=126)
    WindowDataset: 1021 windows (class_0=831, class_1=190)
[CBraMod] Loaded 209/209 params from weights/cbramod-base/pretrained_weights.pth
  Fold 4 | Ep   1/50 | t_loss=0.1739 t_acc=0.517 | v_win_bal=0.500 v_rec_bal=0.500 | lr=3.3e-06 | 13.0s
  Fold 4 | Ep   2/50 | t_loss=0.1733 t_acc=0.517 | v_win_bal=0.500 v_rec_bal=0.500 | lr=6.7e-06 | 11.9s
  Fold 4 | Ep   3/50 | t_loss=0.1726 t_acc=0.597 | v_win_bal=0.500 v_rec_bal=0.500 | lr=1.0e-05 | 11.8s
  Fold 4 | Ep   4/50 | t_loss=0.1704 t_acc=0.624 | v_win_bal=0.500 v_rec_bal=0.500 | lr=1.0e-05 | 11.7s
  Fold 4 | Ep   5/50 | t_loss=0.1628 t_acc=0.655 | v_win_bal=0.500 v_rec_bal=0.500 | lr=1.0e-05 | 11.7s
  Fold 4 | Ep   6/50 | t_loss=0.1562 t_acc=0.671 | v_win_bal=0.499 v_rec_bal=0.500 | lr=9.9e-06 | 11.7s
  Fold 4 | Ep   7/50 | t_loss=0.1525 t_acc=0.685 | v_win_bal=0.496 v_rec_bal=0.500 | lr=9.8e-06 | 11.6s
  Fold 4 | Ep   8/50 | t_loss=0.1498 t_acc=0.692 | v_win_bal=0.486 v_rec_bal=0.500 | lr=9.7e-06 | 11.7s
  Fold 4 | Ep   9/50 | t_loss=0.1472 t_acc=0.704 | v_win_bal=0.487 v_rec_bal=0.500 | lr=9.6e-06 | 11.7s
  Fold 4 | Ep  10/50 | t_loss=0.1452 t_acc=0.710 | v_win_bal=0.504 v_rec_bal=0.500 | lr=9.5e-06 | 11.7s
  Fold 4 | Ep  11/50 | t_loss=0.1434 t_acc=0.714 | v_win_bal=0.511 v_rec_bal=0.500 | lr=9.3e-06 | 12.0s
  Fold 4 | Ep  12/50 | t_loss=0.1428 t_acc=0.720 | v_win_bal=0.517 v_rec_bal=0.500 | lr=9.1e-06 | 11.8s
  Fold 4 | Ep  13/50 | t_loss=0.1414 t_acc=0.722 | v_win_bal=0.520 v_rec_bal=0.500 | lr=8.9e-06 | 11.7s
  Fold 4 | Ep  14/50 | t_loss=0.1409 t_acc=0.724 | v_win_bal=0.520 v_rec_bal=0.500 | lr=8.7e-06 | 11.7s
  Fold 4 | Ep  15/50 | t_loss=0.1393 t_acc=0.729 | v_win_bal=0.516 v_rec_bal=0.500 | lr=8.5e-06 | 11.7s
  Fold 4 | Ep  16/50 | t_loss=0.1387 t_acc=0.732 | v_win_bal=0.579 v_rec_bal=0.455 | lr=8.2e-06 | 11.6s
  Early stop at epoch 16
  -> Test (best @ epoch 1): acc=0.8235, bal_acc=0.5000

============================================================
Fold 5/5
============================================================
  Train:  43 samples, 11 subjects [3, 4, 5, 6, 7, 8, 9, 10, 14, 16, 17], label_0=35, label_1=8
    Val:  12 samples,  2 subjects [11, 12], label_0=11, label_1=1
   Test:  15 samples,  4 subjects [1, 2, 13, 18], label_0=10, label_1=5
  Building window datasets...
    WindowDataset: 4794 windows (class_0=2506, class_1=2288)
    WindowDataset: 1311 windows (class_0=1250, class_1=61)
    WindowDataset: 1163 windows (class_0=846, class_1=317)
[CBraMod] Loaded 209/209 params from weights/cbramod-base/pretrained_weights.pth
  Fold 5 | Ep   1/50 | t_loss=0.1733 t_acc=0.481 | v_win_bal=0.500 v_rec_bal=0.500 | lr=3.3e-06 | 10.9s
  Fold 5 | Ep   2/50 | t_loss=0.1732 t_acc=0.495 | v_win_bal=0.500 v_rec_bal=0.500 | lr=6.7e-06 | 10.9s
  Fold 5 | Ep   3/50 | t_loss=0.1729 t_acc=0.569 | v_win_bal=0.506 v_rec_bal=0.500 | lr=1.0e-05 | 10.9s
  Fold 5 | Ep   4/50 | t_loss=0.1722 t_acc=0.578 | v_win_bal=0.615 v_rec_bal=0.591 | lr=1.0e-05 | 11.0s
  Fold 5 | Ep   5/50 | t_loss=0.1702 t_acc=0.594 | v_win_bal=0.673 v_rec_bal=0.682 | lr=1.0e-05 | 11.0s
  Fold 5 | Ep   6/50 | t_loss=0.1652 t_acc=0.639 | v_win_bal=0.662 v_rec_bal=0.682 | lr=9.9e-06 | 10.9s
  Fold 5 | Ep   7/50 | t_loss=0.1561 t_acc=0.702 | v_win_bal=0.600 v_rec_bal=0.591 | lr=9.8e-06 | 10.9s
  Fold 5 | Ep   8/50 | t_loss=0.1481 t_acc=0.712 | v_win_bal=0.523 v_rec_bal=0.500 | lr=9.7e-06 | 10.9s
  Fold 5 | Ep   9/50 | t_loss=0.1430 t_acc=0.718 | v_win_bal=0.505 v_rec_bal=0.545 | lr=9.6e-06 | 10.9s
  Fold 5 | Ep  10/50 | t_loss=0.1400 t_acc=0.719 | v_win_bal=0.508 v_rec_bal=0.545 | lr=9.5e-06 | 10.9s
  Fold 5 | Ep  11/50 | t_loss=0.1388 t_acc=0.727 | v_win_bal=0.553 v_rec_bal=0.545 | lr=9.3e-06 | 11.0s
  Fold 5 | Ep  12/50 | t_loss=0.1360 t_acc=0.734 | v_win_bal=0.533 v_rec_bal=0.591 | lr=9.1e-06 | 10.9s
  Fold 5 | Ep  13/50 | t_loss=0.1348 t_acc=0.736 | v_win_bal=0.527 v_rec_bal=0.682 | lr=8.9e-06 | 11.5s
  Fold 5 | Ep  14/50 | t_loss=0.1339 t_acc=0.738 | v_win_bal=0.469 v_rec_bal=0.409 | lr=8.7e-06 | 11.0s
  Fold 5 | Ep  15/50 | t_loss=0.1325 t_acc=0.742 | v_win_bal=0.470 v_rec_bal=0.364 | lr=8.5e-06 | 10.9s
  Fold 5 | Ep  16/50 | t_loss=0.1322 t_acc=0.742 | v_win_bal=0.469 v_rec_bal=0.500 | lr=8.2e-06 | 10.9s
  Fold 5 | Ep  17/50 | t_loss=0.1306 t_acc=0.744 | v_win_bal=0.471 v_rec_bal=0.500 | lr=8.0e-06 | 11.0s
  Fold 5 | Ep  18/50 | t_loss=0.1302 t_acc=0.744 | v_win_bal=0.489 v_rec_bal=0.500 | lr=7.7e-06 | 11.1s
  Fold 5 | Ep  19/50 | t_loss=0.1288 t_acc=0.753 | v_win_bal=0.500 v_rec_bal=0.500 | lr=7.4e-06 | 10.9s
  Fold 5 | Ep  20/50 | t_loss=0.1281 t_acc=0.758 | v_win_bal=0.490 v_rec_bal=0.500 | lr=7.1e-06 | 10.9s
  Fold 5 | Ep  21/50 | t_loss=0.1280 t_acc=0.755 | v_win_bal=0.488 v_rec_bal=0.500 | lr=6.8e-06 | 10.9s
  Early stop at epoch 21
  -> Test (best @ epoch 5): acc=0.7333, bal_acc=0.7000

============================================================
Global Results (5-Fold, subject-level CV)
Mode: FT | Extractor: cbramod | Loss: focal
============================================================
              acc: 0.5714
          bal_acc: 0.5179
               f1: 0.6122
            kappa: 0.0260
  Total predictions: 70 (should equal dataset size: 70)

Results saved to results/hp_sweep/20260410_dass/cbramod/cbramod_encoderlrscale0.1_lr1e-5_s42/
r1e-5_s42/
