/raid/jupyter-linjimmy1003.md10/.conda/envs/stress/lib/python3.11/site-packages/timm/models/layers/__init__.py:49: FutureWarning: Importing from timm.models.layers is deprecated, please import via timm.layers
  warnings.warn(f"Importing from {__name__} is deprecated, please import via timm.layers", FutureWarning)
Mode: FT | Extractor: cbramod | Folds: 5
LR: 3e-05 | WD: 0.05 | Beta2: 0.999 | Grad clip: 2.0
Head: hidden=128, dropout=0.0 | Norm: none | Loss: focal
Full FT: encoder_lr_scale=0.1
Augmentation: 75% overlap for increase class

Results → results/hp_sweep/20260410_dass/cbramod/cbramod_encoderlrscale0.1_lr3e-5_s2024/
Dataset: 70 recordings loaded (14 increase, 56 normal)
Cache: 70 recordings ready (70 cached, 0 new)

============================================================
Fold 1/5
============================================================
  Train:  45 samples, 12 subjects [1, 2, 3, 6, 7, 9, 10, 12, 13, 14, 16, 18], label_0=34, label_1=11
    Val:  12 samples,  2 subjects [5, 11], label_0=11, label_1=1
   Test:  13 samples,  3 subjects [4, 8, 17], label_0=11, label_1=2
  Building window datasets...
    WindowDataset: 6044 windows (class_0=3001, class_1=3043)
    WindowDataset: 964 windows (class_0=903, class_1=61)
    WindowDataset: 824 windows (class_0=698, class_1=126)
[CBraMod] Loaded 209/209 params from weights/cbramod-base/pretrained_weights.pth
  Trainable parameters: 4,935,443
  Class weights: [1.0069977045059204, 0.9930989146232605]
  Fold 1 | Ep   1/50 | t_loss=0.1730 t_acc=0.526 | v_win_bal=0.487 v_rec_bal=0.500 | lr=1.0e-05 | 15.8s
  Fold 1 | Ep   2/50 | t_loss=0.1645 t_acc=0.709 | v_win_bal=0.314 v_rec_bal=0.227 | lr=2.0e-05 | 13.2s
  Fold 1 | Ep   3/50 | t_loss=0.1250 t_acc=0.779 | v_win_bal=0.387 v_rec_bal=0.545 | lr=3.0e-05 | 13.1s
  Fold 1 | Ep   4/50 | t_loss=0.1154 t_acc=0.797 | v_win_bal=0.484 v_rec_bal=0.500 | lr=3.0e-05 | 13.1s
  Fold 1 | Ep   5/50 | t_loss=0.1111 t_acc=0.814 | v_win_bal=0.442 v_rec_bal=0.545 | lr=3.0e-05 | 13.1s
  Fold 1 | Ep   6/50 | t_loss=0.1090 t_acc=0.823 | v_win_bal=0.418 v_rec_bal=0.591 | lr=3.0e-05 | 13.1s
  Fold 1 | Ep   7/50 | t_loss=0.1061 t_acc=0.830 | v_win_bal=0.381 v_rec_bal=0.227 | lr=2.9e-05 | 13.1s
  Fold 1 | Ep   8/50 | t_loss=0.1064 t_acc=0.825 | v_win_bal=0.356 v_rec_bal=0.227 | lr=2.9e-05 | 13.1s
  Fold 1 | Ep   9/50 | t_loss=0.1026 t_acc=0.833 | v_win_bal=0.379 v_rec_bal=0.273 | lr=2.9e-05 | 13.1s
  Fold 1 | Ep  10/50 | t_loss=0.1015 t_acc=0.836 | v_win_bal=0.380 v_rec_bal=0.318 | lr=2.8e-05 | 13.4s
  Fold 1 | Ep  11/50 | t_loss=0.1012 t_acc=0.839 | v_win_bal=0.419 v_rec_bal=0.500 | lr=2.8e-05 | 13.1s
  Fold 1 | Ep  12/50 | t_loss=0.1001 t_acc=0.839 | v_win_bal=0.438 v_rec_bal=0.500 | lr=2.7e-05 | 13.1s
  Fold 1 | Ep  13/50 | t_loss=0.0994 t_acc=0.841 | v_win_bal=0.443 v_rec_bal=0.500 | lr=2.7e-05 | 13.1s
  Fold 1 | Ep  14/50 | t_loss=0.0968 t_acc=0.847 | v_win_bal=0.450 v_rec_bal=0.500 | lr=2.6e-05 | 14.1s
  Fold 1 | Ep  15/50 | t_loss=0.0955 t_acc=0.851 | v_win_bal=0.442 v_rec_bal=0.500 | lr=2.5e-05 | 13.1s
  Fold 1 | Ep  16/50 | t_loss=0.0949 t_acc=0.852 | v_win_bal=0.456 v_rec_bal=0.500 | lr=2.5e-05 | 13.1s
  Fold 1 | Ep  17/50 | t_loss=0.0939 t_acc=0.855 | v_win_bal=0.472 v_rec_bal=0.500 | lr=2.4e-05 | 13.4s
  Fold 1 | Ep  18/50 | t_loss=0.0917 t_acc=0.858 | v_win_bal=0.467 v_rec_bal=0.500 | lr=2.3e-05 | 13.1s
  Fold 1 | Ep  19/50 | t_loss=0.0923 t_acc=0.854 | v_win_bal=0.473 v_rec_bal=0.500 | lr=2.2e-05 | 13.1s
  Fold 1 | Ep  20/50 | t_loss=0.0920 t_acc=0.858 | v_win_bal=0.469 v_rec_bal=0.500 | lr=2.1e-05 | 13.1s
  Fold 1 | Ep  21/50 | t_loss=0.0907 t_acc=0.858 | v_win_bal=0.471 v_rec_bal=0.500 | lr=2.0e-05 | 13.1s
  Early stop at epoch 21
  -> Test (best @ epoch 6): acc=0.8462, bal_acc=0.5000

============================================================
Fold 2/5
============================================================
  Train:  41 samples, 11 subjects [1, 2, 4, 6, 7, 8, 9, 10, 13, 14, 17], label_0=31, label_1=10
    Val:  17 samples,  4 subjects [3, 12, 16, 18], label_0=14, label_1=3
   Test:  12 samples,  2 subjects [5, 11], label_0=11, label_1=1
  Building window datasets...
    WindowDataset: 5268 windows (class_0=2478, class_1=2790)
    WindowDataset: 1411 windows (class_0=1221, class_1=190)
    WindowDataset: 964 windows (class_0=903, class_1=61)
[CBraMod] Loaded 209/209 params from weights/cbramod-base/pretrained_weights.pth
  Fold 2 | Ep   1/50 | t_loss=0.1741 t_acc=0.470 | v_win_bal=0.500 v_rec_bal=0.500 | lr=1.0e-05 | 12.1s
  Fold 2 | Ep   2/50 | t_loss=0.1706 t_acc=0.599 | v_win_bal=0.499 v_rec_bal=0.500 | lr=2.0e-05 | 12.1s
  Fold 2 | Ep   3/50 | t_loss=0.1477 t_acc=0.686 | v_win_bal=0.712 v_rec_bal=0.690 | lr=3.0e-05 | 12.1s
  Fold 2 | Ep   4/50 | t_loss=0.1291 t_acc=0.747 | v_win_bal=0.654 v_rec_bal=0.714 | lr=3.0e-05 | 12.0s
  Fold 2 | Ep   5/50 | t_loss=0.1156 t_acc=0.784 | v_win_bal=0.533 v_rec_bal=0.548 | lr=3.0e-05 | 12.1s
  Fold 2 | Ep   6/50 | t_loss=0.1115 t_acc=0.786 | v_win_bal=0.474 v_rec_bal=0.417 | lr=3.0e-05 | 12.0s
  Fold 2 | Ep   7/50 | t_loss=0.1057 t_acc=0.808 | v_win_bal=0.478 v_rec_bal=0.393 | lr=2.9e-05 | 12.0s
  Fold 2 | Ep   8/50 | t_loss=0.0993 t_acc=0.828 | v_win_bal=0.458 v_rec_bal=0.429 | lr=2.9e-05 | 12.0s
  Fold 2 | Ep   9/50 | t_loss=0.0967 t_acc=0.831 | v_win_bal=0.469 v_rec_bal=0.464 | lr=2.9e-05 | 12.0s
  Fold 2 | Ep  10/50 | t_loss=0.0885 t_acc=0.854 | v_win_bal=0.479 v_rec_bal=0.464 | lr=2.8e-05 | 12.1s
  Fold 2 | Ep  11/50 | t_loss=0.0825 t_acc=0.873 | v_win_bal=0.486 v_rec_bal=0.464 | lr=2.8e-05 | 12.1s
  Fold 2 | Ep  12/50 | t_loss=0.0763 t_acc=0.884 | v_win_bal=0.487 v_rec_bal=0.464 | lr=2.7e-05 | 13.0s
  Fold 2 | Ep  13/50 | t_loss=0.0763 t_acc=0.885 | v_win_bal=0.481 v_rec_bal=0.464 | lr=2.7e-05 | 12.2s
  Fold 2 | Ep  14/50 | t_loss=0.0724 t_acc=0.887 | v_win_bal=0.486 v_rec_bal=0.464 | lr=2.6e-05 | 12.7s
  Fold 2 | Ep  15/50 | t_loss=0.0702 t_acc=0.889 | v_win_bal=0.489 v_rec_bal=0.500 | lr=2.5e-05 | 12.3s
  Fold 2 | Ep  16/50 | t_loss=0.0686 t_acc=0.895 | v_win_bal=0.482 v_rec_bal=0.464 | lr=2.5e-05 | 12.3s
  Fold 2 | Ep  17/50 | t_loss=0.0695 t_acc=0.895 | v_win_bal=0.484 v_rec_bal=0.464 | lr=2.4e-05 | 12.2s
  Fold 2 | Ep  18/50 | t_loss=0.0652 t_acc=0.899 | v_win_bal=0.484 v_rec_bal=0.500 | lr=2.3e-05 | 12.1s
  Fold 2 | Ep  19/50 | t_loss=0.0673 t_acc=0.898 | v_win_bal=0.490 v_rec_bal=0.500 | lr=2.2e-05 | 12.1s
  Fold 2 | Ep  20/50 | t_loss=0.0632 t_acc=0.903 | v_win_bal=0.486 v_rec_bal=0.500 | lr=2.1e-05 | 12.1s
  Early stop at epoch 20
  -> Test (best @ epoch 4): acc=0.0833, bal_acc=0.5000

============================================================
Fold 3/5
============================================================
  Train:  44 samples, 10 subjects [1, 2, 3, 5, 6, 7, 11, 13, 16, 18], label_0=35, label_1=9
    Val:  13 samples,  3 subjects [4, 8, 17], label_0=11, label_1=2
   Test:  13 samples,  4 subjects [9, 10, 12, 14], label_0=10, label_1=3
  Building window datasets...
    WindowDataset: 4825 windows (class_0=2580, class_1=2245)
    WindowDataset: 824 windows (class_0=698, class_1=126)
    WindowDataset: 1586 windows (class_0=1324, class_1=262)
[CBraMod] Loaded 209/209 params from weights/cbramod-base/pretrained_weights.pth
  Fold 3 | Ep   1/50 | t_loss=0.1743 t_acc=0.465 | v_win_bal=0.500 v_rec_bal=0.500 | lr=1.0e-05 | 10.5s
  Fold 3 | Ep   2/50 | t_loss=0.1729 t_acc=0.522 | v_win_bal=0.278 v_rec_bal=0.136 | lr=2.0e-05 | 10.6s
  Fold 3 | Ep   3/50 | t_loss=0.1699 t_acc=0.577 | v_win_bal=0.244 v_rec_bal=0.227 | lr=3.0e-05 | 10.5s
  Fold 3 | Ep   4/50 | t_loss=0.1594 t_acc=0.617 | v_win_bal=0.278 v_rec_bal=0.227 | lr=3.0e-05 | 10.5s
  Fold 3 | Ep   5/50 | t_loss=0.1484 t_acc=0.682 | v_win_bal=0.510 v_rec_bal=0.500 | lr=3.0e-05 | 10.5s
  Fold 3 | Ep   6/50 | t_loss=0.1423 t_acc=0.701 | v_win_bal=0.321 v_rec_bal=0.045 | lr=3.0e-05 | 10.5s
  Fold 3 | Ep   7/50 | t_loss=0.1400 t_acc=0.700 | v_win_bal=0.300 v_rec_bal=0.227 | lr=2.9e-05 | 10.6s
  Fold 3 | Ep   8/50 | t_loss=0.1320 t_acc=0.724 | v_win_bal=0.386 v_rec_bal=0.500 | lr=2.9e-05 | 10.5s
  Fold 3 | Ep   9/50 | t_loss=0.1306 t_acc=0.727 | v_win_bal=0.458 v_rec_bal=0.500 | lr=2.9e-05 | 10.5s
  Fold 3 | Ep  10/50 | t_loss=0.1267 t_acc=0.744 | v_win_bal=0.491 v_rec_bal=0.500 | lr=2.8e-05 | 10.5s
  Fold 3 | Ep  11/50 | t_loss=0.1242 t_acc=0.748 | v_win_bal=0.493 v_rec_bal=0.500 | lr=2.8e-05 | 10.5s
  Fold 3 | Ep  12/50 | t_loss=0.1236 t_acc=0.754 | v_win_bal=0.499 v_rec_bal=0.500 | lr=2.7e-05 | 10.5s
  Fold 3 | Ep  13/50 | t_loss=0.1221 t_acc=0.756 | v_win_bal=0.499 v_rec_bal=0.500 | lr=2.7e-05 | 10.5s
  Fold 3 | Ep  14/50 | t_loss=0.1217 t_acc=0.760 | v_win_bal=0.499 v_rec_bal=0.500 | lr=2.6e-05 | 10.5s
  Fold 3 | Ep  15/50 | t_loss=0.1206 t_acc=0.766 | v_win_bal=0.500 v_rec_bal=0.500 | lr=2.5e-05 | 10.5s
  Fold 3 | Ep  16/50 | t_loss=0.1195 t_acc=0.764 | v_win_bal=0.500 v_rec_bal=0.500 | lr=2.5e-05 | 10.5s
  Early stop at epoch 16
  -> Test (best @ epoch 1): acc=0.2308, bal_acc=0.5000

============================================================
Fold 4/5
============================================================
  Train:  40 samples, 10 subjects [1, 2, 4, 5, 6, 8, 9, 10, 11, 14], label_0=31, label_1=9
    Val:  13 samples,  3 subjects [12, 17, 18], label_0=11, label_1=2
   Test:  17 samples,  4 subjects [3, 7, 13, 16], label_0=14, label_1=3
  Building window datasets...
    WindowDataset: 5020 windows (class_0=2487, class_1=2533)
    WindowDataset: 1166 windows (class_0=1040, class_1=126)
    WindowDataset: 1265 windows (class_0=1075, class_1=190)
[CBraMod] Loaded 209/209 params from weights/cbramod-base/pretrained_weights.pth
  Fold 4 | Ep   1/50 | t_loss=0.1753 t_acc=0.505 | v_win_bal=0.500 v_rec_bal=0.500 | lr=1.0e-05 | 11.2s
  Fold 4 | Ep   2/50 | t_loss=0.1729 t_acc=0.535 | v_win_bal=0.500 v_rec_bal=0.500 | lr=2.0e-05 | 11.2s
  Fold 4 | Ep   3/50 | t_loss=0.1691 t_acc=0.596 | v_win_bal=0.495 v_rec_bal=0.500 | lr=3.0e-05 | 11.3s
  Fold 4 | Ep   4/50 | t_loss=0.1558 t_acc=0.662 | v_win_bal=0.671 v_rec_bal=0.727 | lr=3.0e-05 | 11.2s
  Fold 4 | Ep   5/50 | t_loss=0.1456 t_acc=0.715 | v_win_bal=0.504 v_rec_bal=0.500 | lr=3.0e-05 | 11.2s
  Fold 4 | Ep   6/50 | t_loss=0.1402 t_acc=0.733 | v_win_bal=0.522 v_rec_bal=0.500 | lr=3.0e-05 | 11.8s
  Fold 4 | Ep   7/50 | t_loss=0.1358 t_acc=0.743 | v_win_bal=0.534 v_rec_bal=0.500 | lr=2.9e-05 | 11.2s
  Fold 4 | Ep   8/50 | t_loss=0.1316 t_acc=0.751 | v_win_bal=0.548 v_rec_bal=0.500 | lr=2.9e-05 | 11.3s
  Fold 4 | Ep   9/50 | t_loss=0.1230 t_acc=0.768 | v_win_bal=0.501 v_rec_bal=0.636 | lr=2.9e-05 | 11.3s
  Fold 4 | Ep  10/50 | t_loss=0.1177 t_acc=0.792 | v_win_bal=0.574 v_rec_bal=0.432 | lr=2.8e-05 | 11.3s
  Fold 4 | Ep  11/50 | t_loss=0.1106 t_acc=0.807 | v_win_bal=0.512 v_rec_bal=0.500 | lr=2.8e-05 | 11.3s
  Fold 4 | Ep  12/50 | t_loss=0.1071 t_acc=0.810 | v_win_bal=0.513 v_rec_bal=0.500 | lr=2.7e-05 | 11.2s
  Fold 4 | Ep  13/50 | t_loss=0.1010 t_acc=0.823 | v_win_bal=0.498 v_rec_bal=0.500 | lr=2.7e-05 | 11.3s
  Fold 4 | Ep  14/50 | t_loss=0.0989 t_acc=0.837 | v_win_bal=0.501 v_rec_bal=0.500 | lr=2.6e-05 | 11.3s
  Fold 4 | Ep  15/50 | t_loss=0.0933 t_acc=0.846 | v_win_bal=0.502 v_rec_bal=0.500 | lr=2.5e-05 | 11.4s
  Fold 4 | Ep  16/50 | t_loss=0.0923 t_acc=0.849 | v_win_bal=0.499 v_rec_bal=0.500 | lr=2.5e-05 | 11.3s
  Fold 4 | Ep  17/50 | t_loss=0.0890 t_acc=0.856 | v_win_bal=0.500 v_rec_bal=0.500 | lr=2.4e-05 | 11.3s
  Fold 4 | Ep  18/50 | t_loss=0.0901 t_acc=0.854 | v_win_bal=0.499 v_rec_bal=0.500 | lr=2.3e-05 | 11.3s
  Fold 4 | Ep  19/50 | t_loss=0.0865 t_acc=0.855 | v_win_bal=0.500 v_rec_bal=0.500 | lr=2.2e-05 | 11.2s
  Early stop at epoch 19
  -> Test (best @ epoch 4): acc=0.4118, bal_acc=0.6429

============================================================
Fold 5/5
============================================================
  Train:  43 samples, 11 subjects [3, 4, 7, 8, 9, 10, 12, 13, 14, 16, 17], label_0=35, label_1=8
    Val:  12 samples,  2 subjects [5, 11], label_0=11, label_1=1
   Test:  15 samples,  4 subjects [1, 2, 6, 18], label_0=10, label_1=5
  Building window datasets...
    WindowDataset: 5385 windows (class_0=3097, class_1=2288)
    WindowDataset: 964 windows (class_0=903, class_1=61)
    WindowDataset: 919 windows (class_0=602, class_1=317)
[CBraMod] Loaded 209/209 params from weights/cbramod-base/pretrained_weights.pth
  Fold 5 | Ep   1/50 | t_loss=0.1749 t_acc=0.425 | v_win_bal=0.500 v_rec_bal=0.500 | lr=1.0e-05 | 11.8s
  Fold 5 | Ep   2/50 | t_loss=0.1710 t_acc=0.640 | v_win_bal=0.501 v_rec_bal=0.500 | lr=2.0e-05 | 11.8s
  Fold 5 | Ep   3/50 | t_loss=0.1435 t_acc=0.749 | v_win_bal=0.500 v_rec_bal=0.500 | lr=3.0e-05 | 11.8s
  Fold 5 | Ep   4/50 | t_loss=0.1218 t_acc=0.783 | v_win_bal=0.505 v_rec_bal=0.500 | lr=3.0e-05 | 11.8s
  Fold 5 | Ep   5/50 | t_loss=0.1151 t_acc=0.789 | v_win_bal=0.503 v_rec_bal=0.500 | lr=3.0e-05 | 11.8s
  Fold 5 | Ep   6/50 | t_loss=0.1098 t_acc=0.806 | v_win_bal=0.500 v_rec_bal=0.500 | lr=3.0e-05 | 11.8s
  Fold 5 | Ep   7/50 | t_loss=0.1056 t_acc=0.818 | v_win_bal=0.337 v_rec_bal=0.045 | lr=2.9e-05 | 12.2s
  Fold 5 | Ep   8/50 | t_loss=0.1003 t_acc=0.832 | v_win_bal=0.289 v_rec_bal=0.227 | lr=2.9e-05 | 10.4s
  Fold 5 | Ep   9/50 | t_loss=0.0988 t_acc=0.836 | v_win_bal=0.337 v_rec_bal=0.318 | lr=2.9e-05 | 10.2s
  Fold 5 | Ep  10/50 | t_loss=0.0979 t_acc=0.835 | v_win_bal=0.430 v_rec_bal=0.500 | lr=2.8e-05 | 10.2s
  Fold 5 | Ep  11/50 | t_loss=0.0961 t_acc=0.841 | v_win_bal=0.408 v_rec_bal=0.500 | lr=2.8e-05 | 10.2s
  Fold 5 | Ep  12/50 | t_loss=0.0951 t_acc=0.846 | v_win_bal=0.431 v_rec_bal=0.500 | lr=2.7e-05 | 10.3s
  Fold 5 | Ep  13/50 | t_loss=0.0904 t_acc=0.852 | v_win_bal=0.472 v_rec_bal=0.500 | lr=2.7e-05 | 10.2s
  Fold 5 | Ep  14/50 | t_loss=0.0906 t_acc=0.853 | v_win_bal=0.474 v_rec_bal=0.500 | lr=2.6e-05 | 10.2s
  Fold 5 | Ep  15/50 | t_loss=0.0872 t_acc=0.860 | v_win_bal=0.475 v_rec_bal=0.500 | lr=2.5e-05 | 10.2s
  Fold 5 | Ep  16/50 | t_loss=0.0886 t_acc=0.857 | v_win_bal=0.470 v_rec_bal=0.500 | lr=2.5e-05 | 10.2s
  Early stop at epoch 16
  -> Test (best @ epoch 1): acc=0.3333, bal_acc=0.5000

============================================================
Global Results (5-Fold, subject-level CV)
Mode: FT | Extractor: cbramod | Loss: focal
============================================================
              acc: 0.3857
          bal_acc: 0.5625
               f1: 0.4004
            kappa: 0.0611
  Total predictions: 70 (should equal dataset size: 70)

Results saved to results/hp_sweep/20260410_dass/cbramod/cbramod_encoderlrscale0.1_lr3e-5_s2024/
