/raid/jupyter-linjimmy1003.md10/.conda/envs/stress/lib/python3.11/site-packages/timm/models/layers/__init__.py:49: FutureWarning: Importing from timm.models.layers is deprecated, please import via timm.layers
  warnings.warn(f"Importing from {__name__} is deprecated, please import via timm.layers", FutureWarning)
Mode: FT | Extractor: labram | Folds: 5
LR: 1e-05 | WD: 0.05 | Beta2: 0.999 | Grad clip: 2.0
Head: hidden=128, dropout=0.0 | Norm: zscore | Loss: focal
Full FT: encoder_lr_scale=0.1
Augmentation: 75% overlap for increase class

Results → results/hp_sweep/20260410_dass/labram/labram_encoderlrscale0.1_lr1e-5_s2024/
Dataset: 70 recordings loaded (14 increase, 56 normal)
Cache: 70 recordings ready (70 cached, 0 new)

============================================================
Fold 1/5
============================================================
  Train:  45 samples, 12 subjects [1, 2, 3, 6, 7, 9, 10, 12, 13, 14, 16, 18], label_0=34, label_1=11
    Val:  12 samples,  2 subjects [5, 11], label_0=11, label_1=1
   Test:  13 samples,  3 subjects [4, 8, 17], label_0=11, label_1=2
  Building window datasets...
    WindowDataset: 6044 windows (class_0=3001, class_1=3043)
    WindowDataset: 964 windows (class_0=903, class_1=61)
    WindowDataset: 824 windows (class_0=698, class_1=126)
[LaBraM] Loaded 221/223 params from weights/labram-base/model.safetensors
[LaBraM] Missing: ['fc_norm.weight', 'fc_norm.bias']
  Trainable parameters: 5,872,179
  Class weights: [1.0069977045059204, 0.9930989146232605]
  Fold 1 | Ep   1/50 | t_loss=0.1605 t_acc=0.643 | v_win_bal=0.432 v_rec_bal=0.500 | lr=3.3e-06 | 17.6s
  Fold 1 | Ep   2/50 | t_loss=0.1340 t_acc=0.771 | v_win_bal=0.369 v_rec_bal=0.091 | lr=6.7e-06 | 14.1s
  Fold 1 | Ep   3/50 | t_loss=0.1129 t_acc=0.812 | v_win_bal=0.347 v_rec_bal=0.136 | lr=1.0e-05 | 14.1s
  Fold 1 | Ep   4/50 | t_loss=0.0953 t_acc=0.845 | v_win_bal=0.465 v_rec_bal=0.591 | lr=1.0e-05 | 14.2s
  Fold 1 | Ep   5/50 | t_loss=0.0825 t_acc=0.873 | v_win_bal=0.459 v_rec_bal=0.591 | lr=1.0e-05 | 14.6s
  Fold 1 | Ep   6/50 | t_loss=0.0722 t_acc=0.893 | v_win_bal=0.474 v_rec_bal=0.636 | lr=9.9e-06 | 14.0s
  Fold 1 | Ep   7/50 | t_loss=0.0617 t_acc=0.910 | v_win_bal=0.482 v_rec_bal=0.636 | lr=9.8e-06 | 14.1s
  Fold 1 | Ep   8/50 | t_loss=0.0515 t_acc=0.929 | v_win_bal=0.535 v_rec_bal=0.591 | lr=9.7e-06 | 14.0s
  Fold 1 | Ep   9/50 | t_loss=0.0428 t_acc=0.942 | v_win_bal=0.564 v_rec_bal=0.591 | lr=9.6e-06 | 14.0s
  Fold 1 | Ep  10/50 | t_loss=0.0341 t_acc=0.952 | v_win_bal=0.597 v_rec_bal=0.682 | lr=9.5e-06 | 14.1s
  Fold 1 | Ep  11/50 | t_loss=0.0267 t_acc=0.964 | v_win_bal=0.633 v_rec_bal=0.864 | lr=9.3e-06 | 14.1s
  Fold 1 | Ep  12/50 | t_loss=0.0211 t_acc=0.974 | v_win_bal=0.623 v_rec_bal=0.909 | lr=9.1e-06 | 14.0s
  Fold 1 | Ep  13/50 | t_loss=0.0160 t_acc=0.979 | v_win_bal=0.630 v_rec_bal=0.818 | lr=8.9e-06 | 14.0s
  Fold 1 | Ep  14/50 | t_loss=0.0120 t_acc=0.985 | v_win_bal=0.629 v_rec_bal=0.864 | lr=8.7e-06 | 14.1s
  Fold 1 | Ep  15/50 | t_loss=0.0091 t_acc=0.988 | v_win_bal=0.663 v_rec_bal=0.818 | lr=8.5e-06 | 14.1s
  Fold 1 | Ep  16/50 | t_loss=0.0067 t_acc=0.992 | v_win_bal=0.655 v_rec_bal=0.864 | lr=8.2e-06 | 14.0s
  Fold 1 | Ep  17/50 | t_loss=0.0048 t_acc=0.994 | v_win_bal=0.636 v_rec_bal=0.818 | lr=8.0e-06 | 14.8s
  Fold 1 | Ep  18/50 | t_loss=0.0034 t_acc=0.996 | v_win_bal=0.652 v_rec_bal=0.864 | lr=7.7e-06 | 14.1s
  Fold 1 | Ep  19/50 | t_loss=0.0017 t_acc=0.998 | v_win_bal=0.643 v_rec_bal=0.864 | lr=7.4e-06 | 14.0s
  Fold 1 | Ep  20/50 | t_loss=0.0013 t_acc=0.999 | v_win_bal=0.634 v_rec_bal=0.864 | lr=7.1e-06 | 14.1s
  Fold 1 | Ep  21/50 | t_loss=0.0004 t_acc=1.000 | v_win_bal=0.644 v_rec_bal=0.864 | lr=6.8e-06 | 14.1s
  Fold 1 | Ep  22/50 | t_loss=0.0002 t_acc=1.000 | v_win_bal=0.665 v_rec_bal=0.864 | lr=6.5e-06 | 14.1s
  Fold 1 | Ep  23/50 | t_loss=0.0001 t_acc=1.000 | v_win_bal=0.644 v_rec_bal=0.864 | lr=6.2e-06 | 14.1s
  Fold 1 | Ep  24/50 | t_loss=0.0001 t_acc=1.000 | v_win_bal=0.622 v_rec_bal=0.864 | lr=5.8e-06 | 14.1s
  Fold 1 | Ep  25/50 | t_loss=0.0000 t_acc=1.000 | v_win_bal=0.653 v_rec_bal=0.864 | lr=5.5e-06 | 14.1s
  Fold 1 | Ep  26/50 | t_loss=0.0000 t_acc=1.000 | v_win_bal=0.640 v_rec_bal=0.864 | lr=5.2e-06 | 14.2s
  Fold 1 | Ep  27/50 | t_loss=0.0000 t_acc=1.000 | v_win_bal=0.663 v_rec_bal=0.864 | lr=4.8e-06 | 14.1s
  Fold 1 | Ep  28/50 | t_loss=0.0000 t_acc=1.000 | v_win_bal=0.645 v_rec_bal=0.864 | lr=4.5e-06 | 14.1s
  Early stop at epoch 28
  -> Test (best @ epoch 12): acc=0.4615, bal_acc=0.2727

============================================================
Fold 2/5
============================================================
  Train:  41 samples, 11 subjects [1, 2, 4, 6, 7, 8, 9, 10, 13, 14, 17], label_0=31, label_1=10
    Val:  17 samples,  4 subjects [3, 12, 16, 18], label_0=14, label_1=3
   Test:  12 samples,  2 subjects [5, 11], label_0=11, label_1=1
  Building window datasets...
    WindowDataset: 5268 windows (class_0=2478, class_1=2790)
    WindowDataset: 1411 windows (class_0=1221, class_1=190)
    WindowDataset: 964 windows (class_0=903, class_1=61)
[LaBraM] Loaded 221/223 params from weights/labram-base/model.safetensors
[LaBraM] Missing: ['fc_norm.weight', 'fc_norm.bias']
  Fold 2 | Ep   1/50 | t_loss=0.1723 t_acc=0.552 | v_win_bal=0.560 v_rec_bal=0.429 | lr=3.3e-06 | 13.2s
  Fold 2 | Ep   2/50 | t_loss=0.1496 t_acc=0.695 | v_win_bal=0.662 v_rec_bal=0.690 | lr=6.7e-06 | 13.6s
  Fold 2 | Ep   3/50 | t_loss=0.1344 t_acc=0.742 | v_win_bal=0.683 v_rec_bal=0.690 | lr=1.0e-05 | 13.2s
  Fold 2 | Ep   4/50 | t_loss=0.1164 t_acc=0.790 | v_win_bal=0.678 v_rec_bal=0.524 | lr=1.0e-05 | 13.1s
  Fold 2 | Ep   5/50 | t_loss=0.0942 t_acc=0.845 | v_win_bal=0.689 v_rec_bal=0.524 | lr=1.0e-05 | 13.2s
  Fold 2 | Ep   6/50 | t_loss=0.0725 t_acc=0.887 | v_win_bal=0.635 v_rec_bal=0.524 | lr=9.9e-06 | 13.3s
  Fold 2 | Ep   7/50 | t_loss=0.0540 t_acc=0.922 | v_win_bal=0.638 v_rec_bal=0.524 | lr=9.8e-06 | 13.1s
  Fold 2 | Ep   8/50 | t_loss=0.0408 t_acc=0.940 | v_win_bal=0.600 v_rec_bal=0.524 | lr=9.7e-06 | 13.1s
  Fold 2 | Ep   9/50 | t_loss=0.0306 t_acc=0.957 | v_win_bal=0.608 v_rec_bal=0.524 | lr=9.6e-06 | 13.1s
  Fold 2 | Ep  10/50 | t_loss=0.0232 t_acc=0.966 | v_win_bal=0.600 v_rec_bal=0.524 | lr=9.5e-06 | 13.1s
  Fold 2 | Ep  11/50 | t_loss=0.0176 t_acc=0.977 | v_win_bal=0.562 v_rec_bal=0.524 | lr=9.3e-06 | 13.1s
  Fold 2 | Ep  12/50 | t_loss=0.0130 t_acc=0.982 | v_win_bal=0.582 v_rec_bal=0.524 | lr=9.1e-06 | 13.1s
  Fold 2 | Ep  13/50 | t_loss=0.0080 t_acc=0.989 | v_win_bal=0.600 v_rec_bal=0.524 | lr=8.9e-06 | 13.2s
  Fold 2 | Ep  14/50 | t_loss=0.0059 t_acc=0.993 | v_win_bal=0.596 v_rec_bal=0.524 | lr=8.7e-06 | 13.2s
  Fold 2 | Ep  15/50 | t_loss=0.0037 t_acc=0.995 | v_win_bal=0.550 v_rec_bal=0.560 | lr=8.5e-06 | 13.1s
  Fold 2 | Ep  16/50 | t_loss=0.0018 t_acc=0.998 | v_win_bal=0.575 v_rec_bal=0.560 | lr=8.2e-06 | 13.1s
  Fold 2 | Ep  17/50 | t_loss=0.0014 t_acc=0.999 | v_win_bal=0.592 v_rec_bal=0.524 | lr=8.0e-06 | 13.1s
  Fold 2 | Ep  18/50 | t_loss=0.0007 t_acc=0.999 | v_win_bal=0.594 v_rec_bal=0.524 | lr=7.7e-06 | 13.2s
  Fold 2 | Ep  19/50 | t_loss=0.0003 t_acc=1.000 | v_win_bal=0.581 v_rec_bal=0.560 | lr=7.4e-06 | 13.5s
  Early stop at epoch 19
  -> Test (best @ epoch 2): acc=0.0833, bal_acc=0.0455

============================================================
Fold 3/5
============================================================
  Train:  44 samples, 10 subjects [1, 2, 3, 5, 6, 7, 11, 13, 16, 18], label_0=35, label_1=9
    Val:  13 samples,  3 subjects [4, 8, 17], label_0=11, label_1=2
   Test:  13 samples,  4 subjects [9, 10, 12, 14], label_0=10, label_1=3
  Building window datasets...
    WindowDataset: 4825 windows (class_0=2580, class_1=2245)
    WindowDataset: 824 windows (class_0=698, class_1=126)
    WindowDataset: 1586 windows (class_0=1324, class_1=262)
[LaBraM] Loaded 221/223 params from weights/labram-base/model.safetensors
[LaBraM] Missing: ['fc_norm.weight', 'fc_norm.bias']
  Fold 3 | Ep   1/50 | t_loss=0.1727 t_acc=0.541 | v_win_bal=0.373 v_rec_bal=0.182 | lr=3.3e-06 | 11.3s
  Fold 3 | Ep   2/50 | t_loss=0.1630 t_acc=0.616 | v_win_bal=0.281 v_rec_bal=0.227 | lr=6.7e-06 | 11.3s
  Fold 3 | Ep   3/50 | t_loss=0.1484 t_acc=0.692 | v_win_bal=0.301 v_rec_bal=0.227 | lr=1.0e-05 | 11.2s
  Fold 3 | Ep   4/50 | t_loss=0.1272 t_acc=0.760 | v_win_bal=0.337 v_rec_bal=0.227 | lr=1.0e-05 | 11.3s
  Fold 3 | Ep   5/50 | t_loss=0.1090 t_acc=0.809 | v_win_bal=0.315 v_rec_bal=0.227 | lr=1.0e-05 | 11.3s
  Fold 3 | Ep   6/50 | t_loss=0.0961 t_acc=0.836 | v_win_bal=0.302 v_rec_bal=0.227 | lr=9.9e-06 | 11.3s
  Fold 3 | Ep   7/50 | t_loss=0.0845 t_acc=0.862 | v_win_bal=0.317 v_rec_bal=0.227 | lr=9.8e-06 | 11.4s
  Fold 3 | Ep   8/50 | t_loss=0.0738 t_acc=0.877 | v_win_bal=0.368 v_rec_bal=0.409 | lr=9.7e-06 | 11.4s
  Fold 3 | Ep   9/50 | t_loss=0.0633 t_acc=0.903 | v_win_bal=0.348 v_rec_bal=0.318 | lr=9.6e-06 | 11.3s
  Fold 3 | Ep  10/50 | t_loss=0.0543 t_acc=0.920 | v_win_bal=0.314 v_rec_bal=0.227 | lr=9.5e-06 | 11.4s
  Fold 3 | Ep  11/50 | t_loss=0.0479 t_acc=0.930 | v_win_bal=0.355 v_rec_bal=0.364 | lr=9.3e-06 | 11.3s
  Fold 3 | Ep  12/50 | t_loss=0.0403 t_acc=0.946 | v_win_bal=0.358 v_rec_bal=0.318 | lr=9.1e-06 | 11.3s
  Fold 3 | Ep  13/50 | t_loss=0.0337 t_acc=0.955 | v_win_bal=0.346 v_rec_bal=0.273 | lr=8.9e-06 | 11.3s
  Fold 3 | Ep  14/50 | t_loss=0.0276 t_acc=0.966 | v_win_bal=0.337 v_rec_bal=0.273 | lr=8.7e-06 | 11.4s
  Fold 3 | Ep  15/50 | t_loss=0.0232 t_acc=0.971 | v_win_bal=0.346 v_rec_bal=0.273 | lr=8.5e-06 | 11.4s
  Fold 3 | Ep  16/50 | t_loss=0.0184 t_acc=0.978 | v_win_bal=0.370 v_rec_bal=0.364 | lr=8.2e-06 | 11.3s
  Fold 3 | Ep  17/50 | t_loss=0.0152 t_acc=0.981 | v_win_bal=0.365 v_rec_bal=0.273 | lr=8.0e-06 | 11.3s
  Fold 3 | Ep  18/50 | t_loss=0.0118 t_acc=0.986 | v_win_bal=0.360 v_rec_bal=0.273 | lr=7.7e-06 | 11.3s
  Fold 3 | Ep  19/50 | t_loss=0.0105 t_acc=0.989 | v_win_bal=0.391 v_rec_bal=0.455 | lr=7.4e-06 | 11.4s
  Fold 3 | Ep  20/50 | t_loss=0.0078 t_acc=0.992 | v_win_bal=0.384 v_rec_bal=0.409 | lr=7.1e-06 | 11.4s
  Fold 3 | Ep  21/50 | t_loss=0.0071 t_acc=0.993 | v_win_bal=0.375 v_rec_bal=0.364 | lr=6.8e-06 | 12.2s
  Fold 3 | Ep  22/50 | t_loss=0.0049 t_acc=0.995 | v_win_bal=0.383 v_rec_bal=0.409 | lr=6.5e-06 | 11.4s
  Fold 3 | Ep  23/50 | t_loss=0.0037 t_acc=0.996 | v_win_bal=0.377 v_rec_bal=0.409 | lr=6.2e-06 | 11.4s
  Fold 3 | Ep  24/50 | t_loss=0.0029 t_acc=0.997 | v_win_bal=0.355 v_rec_bal=0.273 | lr=5.8e-06 | 11.4s
  Fold 3 | Ep  25/50 | t_loss=0.0025 t_acc=0.998 | v_win_bal=0.363 v_rec_bal=0.318 | lr=5.5e-06 | 12.2s
  Fold 3 | Ep  26/50 | t_loss=0.0019 t_acc=0.998 | v_win_bal=0.379 v_rec_bal=0.409 | lr=5.2e-06 | 11.6s
  Fold 3 | Ep  27/50 | t_loss=0.0015 t_acc=0.999 | v_win_bal=0.370 v_rec_bal=0.409 | lr=4.8e-06 | 11.5s
  Fold 3 | Ep  28/50 | t_loss=0.0013 t_acc=0.999 | v_win_bal=0.377 v_rec_bal=0.409 | lr=4.5e-06 | 11.5s
  Fold 3 | Ep  29/50 | t_loss=0.0011 t_acc=0.999 | v_win_bal=0.374 v_rec_bal=0.409 | lr=4.2e-06 | 11.4s
  Fold 3 | Ep  30/50 | t_loss=0.0008 t_acc=0.999 | v_win_bal=0.362 v_rec_bal=0.318 | lr=3.8e-06 | 11.4s
  Fold 3 | Ep  31/50 | t_loss=0.0009 t_acc=1.000 | v_win_bal=0.383 v_rec_bal=0.409 | lr=3.5e-06 | 11.3s
  Fold 3 | Ep  32/50 | t_loss=0.0006 t_acc=0.999 | v_win_bal=0.367 v_rec_bal=0.318 | lr=3.2e-06 | 11.4s
  Fold 3 | Ep  33/50 | t_loss=0.0006 t_acc=1.000 | v_win_bal=0.359 v_rec_bal=0.364 | lr=2.9e-06 | 11.3s
  Fold 3 | Ep  34/50 | t_loss=0.0005 t_acc=1.000 | v_win_bal=0.372 v_rec_bal=0.364 | lr=2.6e-06 | 11.4s
  Fold 3 | Ep  35/50 | t_loss=0.0005 t_acc=1.000 | v_win_bal=0.368 v_rec_bal=0.409 | lr=2.3e-06 | 11.4s
  Fold 3 | Ep  36/50 | t_loss=0.0005 t_acc=1.000 | v_win_bal=0.377 v_rec_bal=0.409 | lr=2.0e-06 | 11.4s
  Early stop at epoch 36
  -> Test (best @ epoch 19): acc=0.7692, bal_acc=0.5000

============================================================
Fold 4/5
============================================================
  Train:  40 samples, 10 subjects [1, 2, 4, 5, 6, 8, 9, 10, 11, 14], label_0=31, label_1=9
    Val:  13 samples,  3 subjects [12, 17, 18], label_0=11, label_1=2
   Test:  17 samples,  4 subjects [3, 7, 13, 16], label_0=14, label_1=3
  Building window datasets...
    WindowDataset: 5020 windows (class_0=2487, class_1=2533)
    WindowDataset: 1166 windows (class_0=1040, class_1=126)
    WindowDataset: 1265 windows (class_0=1075, class_1=190)
[LaBraM] Loaded 221/223 params from weights/labram-base/model.safetensors
[LaBraM] Missing: ['fc_norm.weight', 'fc_norm.bias']
  Fold 4 | Ep   1/50 | t_loss=0.1772 t_acc=0.530 | v_win_bal=0.538 v_rec_bal=0.455 | lr=3.3e-06 | 12.2s
  Fold 4 | Ep   2/50 | t_loss=0.1619 t_acc=0.636 | v_win_bal=0.500 v_rec_bal=0.500 | lr=6.7e-06 | 12.3s
  Fold 4 | Ep   3/50 | t_loss=0.1467 t_acc=0.706 | v_win_bal=0.491 v_rec_bal=0.500 | lr=1.0e-05 | 12.2s
  Fold 4 | Ep   4/50 | t_loss=0.1255 t_acc=0.787 | v_win_bal=0.496 v_rec_bal=0.500 | lr=1.0e-05 | 12.3s
  Fold 4 | Ep   5/50 | t_loss=0.1019 t_acc=0.840 | v_win_bal=0.491 v_rec_bal=0.500 | lr=1.0e-05 | 12.3s
  Fold 4 | Ep   6/50 | t_loss=0.0818 t_acc=0.880 | v_win_bal=0.479 v_rec_bal=0.500 | lr=9.9e-06 | 12.3s
  Fold 4 | Ep   7/50 | t_loss=0.0668 t_acc=0.905 | v_win_bal=0.474 v_rec_bal=0.500 | lr=9.8e-06 | 12.2s
  Fold 4 | Ep   8/50 | t_loss=0.0555 t_acc=0.920 | v_win_bal=0.495 v_rec_bal=0.500 | lr=9.7e-06 | 12.6s
  Fold 4 | Ep   9/50 | t_loss=0.0458 t_acc=0.938 | v_win_bal=0.473 v_rec_bal=0.500 | lr=9.6e-06 | 12.3s
  Fold 4 | Ep  10/50 | t_loss=0.0379 t_acc=0.945 | v_win_bal=0.476 v_rec_bal=0.500 | lr=9.5e-06 | 12.2s
  Fold 4 | Ep  11/50 | t_loss=0.0308 t_acc=0.958 | v_win_bal=0.494 v_rec_bal=0.500 | lr=9.3e-06 | 12.2s
  Fold 4 | Ep  12/50 | t_loss=0.0248 t_acc=0.966 | v_win_bal=0.493 v_rec_bal=0.500 | lr=9.1e-06 | 12.3s
  Fold 4 | Ep  13/50 | t_loss=0.0193 t_acc=0.974 | v_win_bal=0.495 v_rec_bal=0.500 | lr=8.9e-06 | 12.3s
  Fold 4 | Ep  14/50 | t_loss=0.0153 t_acc=0.981 | v_win_bal=0.486 v_rec_bal=0.500 | lr=8.7e-06 | 12.3s
  Fold 4 | Ep  15/50 | t_loss=0.0115 t_acc=0.989 | v_win_bal=0.494 v_rec_bal=0.500 | lr=8.5e-06 | 12.3s
  Fold 4 | Ep  16/50 | t_loss=0.0081 t_acc=0.991 | v_win_bal=0.495 v_rec_bal=0.500 | lr=8.2e-06 | 9.8s
  Fold 4 | Ep  17/50 | t_loss=0.0064 t_acc=0.994 | v_win_bal=0.501 v_rec_bal=0.500 | lr=8.0e-06 | 7.5s
  Fold 4 | Ep  18/50 | t_loss=0.0046 t_acc=0.996 | v_win_bal=0.502 v_rec_bal=0.500 | lr=7.7e-06 | 9.1s
  Fold 4 | Ep  19/50 | t_loss=0.0036 t_acc=0.997 | v_win_bal=0.501 v_rec_bal=0.500 | lr=7.4e-06 | 12.3s
  Early stop at epoch 19
  -> Test (best @ epoch 2): acc=0.7647, bal_acc=0.5952

============================================================
Fold 5/5
============================================================
  Train:  43 samples, 11 subjects [3, 4, 7, 8, 9, 10, 12, 13, 14, 16, 17], label_0=35, label_1=8
    Val:  12 samples,  2 subjects [5, 11], label_0=11, label_1=1
   Test:  15 samples,  4 subjects [1, 2, 6, 18], label_0=10, label_1=5
  Building window datasets...
    WindowDataset: 5385 windows (class_0=3097, class_1=2288)
    WindowDataset: 964 windows (class_0=903, class_1=61)
    WindowDataset: 919 windows (class_0=602, class_1=317)
[LaBraM] Loaded 221/223 params from weights/labram-base/model.safetensors
[LaBraM] Missing: ['fc_norm.weight', 'fc_norm.bias']
  Fold 5 | Ep   1/50 | t_loss=0.1786 t_acc=0.501 | v_win_bal=0.375 v_rec_bal=0.045 | lr=3.3e-06 | 12.8s
  Fold 5 | Ep   2/50 | t_loss=0.1409 t_acc=0.745 | v_win_bal=0.364 v_rec_bal=0.182 | lr=6.7e-06 | 12.8s
  Fold 5 | Ep   3/50 | t_loss=0.1098 t_acc=0.818 | v_win_bal=0.345 v_rec_bal=0.182 | lr=1.0e-05 | 13.0s
  Fold 5 | Ep   4/50 | t_loss=0.0851 t_acc=0.865 | v_win_bal=0.350 v_rec_bal=0.273 | lr=1.0e-05 | 13.7s
  Fold 5 | Ep   5/50 | t_loss=0.0682 t_acc=0.901 | v_win_bal=0.410 v_rec_bal=0.136 | lr=1.0e-05 | 13.5s
  Fold 5 | Ep   6/50 | t_loss=0.0554 t_acc=0.917 | v_win_bal=0.428 v_rec_bal=0.227 | lr=9.9e-06 | 12.9s
  Fold 5 | Ep   7/50 | t_loss=0.0468 t_acc=0.931 | v_win_bal=0.431 v_rec_bal=0.227 | lr=9.8e-06 | 13.6s
  Fold 5 | Ep   8/50 | t_loss=0.0380 t_acc=0.943 | v_win_bal=0.384 v_rec_bal=0.273 | lr=9.7e-06 | 13.0s
  Fold 5 | Ep   9/50 | t_loss=0.0291 t_acc=0.959 | v_win_bal=0.418 v_rec_bal=0.455 | lr=9.6e-06 | 13.2s
  Fold 5 | Ep  10/50 | t_loss=0.0221 t_acc=0.967 | v_win_bal=0.432 v_rec_bal=0.455 | lr=9.5e-06 | 13.1s
  Fold 5 | Ep  11/50 | t_loss=0.0168 t_acc=0.976 | v_win_bal=0.434 v_rec_bal=0.409 | lr=9.3e-06 | 12.8s
  Fold 5 | Ep  12/50 | t_loss=0.0119 t_acc=0.983 | v_win_bal=0.449 v_rec_bal=0.500 | lr=9.1e-06 | 12.9s
  Fold 5 | Ep  13/50 | t_loss=0.0088 t_acc=0.988 | v_win_bal=0.441 v_rec_bal=0.500 | lr=8.9e-06 | 12.9s
  Fold 5 | Ep  14/50 | t_loss=0.0066 t_acc=0.993 | v_win_bal=0.455 v_rec_bal=0.500 | lr=8.7e-06 | 12.9s
  Fold 5 | Ep  15/50 | t_loss=0.0048 t_acc=0.996 | v_win_bal=0.479 v_rec_bal=0.500 | lr=8.5e-06 | 12.9s
  Fold 5 | Ep  16/50 | t_loss=0.0035 t_acc=0.997 | v_win_bal=0.467 v_rec_bal=0.500 | lr=8.2e-06 | 12.7s
  Fold 5 | Ep  17/50 | t_loss=0.0021 t_acc=0.998 | v_win_bal=0.465 v_rec_bal=0.500 | lr=8.0e-06 | 12.8s
  Fold 5 | Ep  18/50 | t_loss=0.0016 t_acc=0.999 | v_win_bal=0.469 v_rec_bal=0.500 | lr=7.7e-06 | 12.8s
  Fold 5 | Ep  19/50 | t_loss=0.0012 t_acc=0.999 | v_win_bal=0.482 v_rec_bal=0.500 | lr=7.4e-06 | 12.8s
  Fold 5 | Ep  20/50 | t_loss=0.0007 t_acc=0.999 | v_win_bal=0.459 v_rec_bal=0.500 | lr=7.1e-06 | 12.7s
  Fold 5 | Ep  21/50 | t_loss=0.0005 t_acc=0.999 | v_win_bal=0.467 v_rec_bal=0.500 | lr=6.8e-06 | 12.8s
  Fold 5 | Ep  22/50 | t_loss=0.0002 t_acc=1.000 | v_win_bal=0.472 v_rec_bal=0.500 | lr=6.5e-06 | 12.7s
  Fold 5 | Ep  23/50 | t_loss=0.0001 t_acc=1.000 | v_win_bal=0.475 v_rec_bal=0.500 | lr=6.2e-06 | 12.7s
  Fold 5 | Ep  24/50 | t_loss=0.0000 t_acc=1.000 | v_win_bal=0.476 v_rec_bal=0.500 | lr=5.8e-06 | 12.7s
  Fold 5 | Ep  25/50 | t_loss=0.0000 t_acc=1.000 | v_win_bal=0.471 v_rec_bal=0.500 | lr=5.5e-06 | 12.7s
  Fold 5 | Ep  26/50 | t_loss=0.0000 t_acc=1.000 | v_win_bal=0.477 v_rec_bal=0.500 | lr=5.2e-06 | 12.8s
  Fold 5 | Ep  27/50 | t_loss=0.0000 t_acc=1.000 | v_win_bal=0.471 v_rec_bal=0.500 | lr=4.8e-06 | 12.8s
  Fold 5 | Ep  28/50 | t_loss=0.0000 t_acc=1.000 | v_win_bal=0.472 v_rec_bal=0.500 | lr=4.5e-06 | 12.8s
  Fold 5 | Ep  29/50 | t_loss=0.0000 t_acc=1.000 | v_win_bal=0.471 v_rec_bal=0.500 | lr=4.2e-06 | 12.6s
  Early stop at epoch 29
  -> Test (best @ epoch 12): acc=0.6000, bal_acc=0.4500

============================================================
Global Results (5-Fold, subject-level CV)
Mode: FT | Extractor: labram | Loss: focal
============================================================
              acc: 0.5571
          bal_acc: 0.3750
               f1: 0.5803
            kappa: -0.2205
  Total predictions: 70 (should equal dataset size: 70)

Results saved to results/hp_sweep/20260410_dass/labram/labram_encoderlrscale0.1_lr1e-5_s2024/
4/
