/raid/jupyter-linjimmy1003.md10/.conda/envs/stress/lib/python3.11/site-packages/timm/models/layers/__init__.py:49: FutureWarning: Importing from timm.models.layers is deprecated, please import via timm.layers
  warnings.warn(f"Importing from {__name__} is deprecated, please import via timm.layers", FutureWarning)
Mode: FT | Extractor: labram | Folds: 5
LR: 1e-05 | WD: 0.05 | Beta2: 0.999 | Grad clip: 2.0
Head: hidden=128, dropout=0.0 | Norm: zscore | Loss: focal
Full FT: encoder_lr_scale=0.1

Results → results/studies/exp31_aug_audit/adftd_noaug_s42/
ADFTD: 195 recordings from 65 subjects (AD=108, HC=87), 3 splits/subject
ADFTD: 195 recordings, 65 subjects (AD=108, HC=87)

============================================================
Fold 1/5
============================================================
  Train: 117 samples, 39 subjects [2, 5, 6, 8, 9, 10, 11, 12, 13, 14, 15, 16, 19, 21, 26, 27, 28, 29, 30, 32, 33, 35, 37, 38, 39, 40, 41, 42, 44, 46, 48, 51, 52, 56, 57, 58, 59, 63, 65], label_0=51, label_1=66
    Val:  39 samples, 13 subjects [1, 3, 4, 7, 22, 24, 31, 47, 49, 53, 55, 61, 62], label_0=18, label_1=21
   Test:  39 samples, 13 subjects [17, 18, 20, 23, 25, 34, 36, 43, 45, 50, 54, 60, 64], label_0=18, label_1=21
  Building window datasets...
    WindowDataset: 6555 windows (class_0=2899, class_1=3656)
    WindowDataset: 2005 windows (class_0=983, class_1=1022)
    WindowDataset: 2175 windows (class_0=989, class_1=1186)
[LaBraM] Loaded 219/221 params from weights/labram-base/model.safetensors
[LaBraM] Missing: ['fc_norm.weight', 'fc_norm.bias']
  Trainable parameters: 5,871,779
  Class weights: [1.1305623054504395, 0.8964715600013733]
  Fold 1 | Ep   1/50 | t_loss=0.1951 t_acc=0.444 | v_win_bal=0.490 v_rec_bal=0.500 | lr=3.3e-06 | 11.9s
  Fold 1 | Ep   2/50 | t_loss=0.1710 t_acc=0.545 | v_win_bal=0.556 v_rec_bal=0.611 | lr=6.7e-06 | 10.5s
  Fold 1 | Ep   3/50 | t_loss=0.1642 t_acc=0.616 | v_win_bal=0.610 v_rec_bal=0.651 | lr=1.0e-05 | 9.8s
  Fold 1 | Ep   4/50 | t_loss=0.1496 t_acc=0.690 | v_win_bal=0.671 v_rec_bal=0.746 | lr=1.0e-05 | 10.2s
  Fold 1 | Ep   5/50 | t_loss=0.1308 t_acc=0.759 | v_win_bal=0.704 v_rec_bal=0.778 | lr=1.0e-05 | 10.4s
  Fold 1 | Ep   6/50 | t_loss=0.1150 t_acc=0.795 | v_win_bal=0.746 v_rec_bal=0.821 | lr=9.9e-06 | 9.8s
  Fold 1 | Ep   7/50 | t_loss=0.1017 t_acc=0.835 | v_win_bal=0.762 v_rec_bal=0.798 | lr=9.8e-06 | 9.7s
  Fold 1 | Ep   8/50 | t_loss=0.0904 t_acc=0.858 | v_win_bal=0.781 v_rec_bal=0.778 | lr=9.7e-06 | 9.8s
  Fold 1 | Ep   9/50 | t_loss=0.0816 t_acc=0.873 | v_win_bal=0.795 v_rec_bal=0.893 | lr=9.6e-06 | 9.8s
  Fold 1 | Ep  10/50 | t_loss=0.0741 t_acc=0.885 | v_win_bal=0.796 v_rec_bal=0.849 | lr=9.5e-06 | 10.4s
  Fold 1 | Ep  11/50 | t_loss=0.0661 t_acc=0.899 | v_win_bal=0.806 v_rec_bal=0.921 | lr=9.3e-06 | 9.7s
  Fold 1 | Ep  12/50 | t_loss=0.0585 t_acc=0.913 | v_win_bal=0.794 v_rec_bal=0.825 | lr=9.1e-06 | 9.9s
  Fold 1 | Ep  13/50 | t_loss=0.0526 t_acc=0.921 | v_win_bal=0.793 v_rec_bal=0.825 | lr=8.9e-06 | 9.8s
  Fold 1 | Ep  14/50 | t_loss=0.0476 t_acc=0.932 | v_win_bal=0.810 v_rec_bal=0.873 | lr=8.7e-06 | 9.8s
  Fold 1 | Ep  15/50 | t_loss=0.0416 t_acc=0.944 | v_win_bal=0.806 v_rec_bal=0.825 | lr=8.5e-06 | 10.0s
  Fold 1 | Ep  16/50 | t_loss=0.0372 t_acc=0.952 | v_win_bal=0.808 v_rec_bal=0.897 | lr=8.2e-06 | 9.7s
  Fold 1 | Ep  17/50 | t_loss=0.0333 t_acc=0.955 | v_win_bal=0.811 v_rec_bal=0.921 | lr=8.0e-06 | 9.8s
  Fold 1 | Ep  18/50 | t_loss=0.0293 t_acc=0.961 | v_win_bal=0.801 v_rec_bal=0.849 | lr=7.7e-06 | 10.2s
  Fold 1 | Ep  19/50 | t_loss=0.0261 t_acc=0.969 | v_win_bal=0.795 v_rec_bal=0.825 | lr=7.4e-06 | 9.8s
  Fold 1 | Ep  20/50 | t_loss=0.0222 t_acc=0.974 | v_win_bal=0.798 v_rec_bal=0.825 | lr=7.1e-06 | 10.1s
  Fold 1 | Ep  21/50 | t_loss=0.0195 t_acc=0.978 | v_win_bal=0.799 v_rec_bal=0.825 | lr=6.8e-06 | 9.7s
  Fold 1 | Ep  22/50 | t_loss=0.0181 t_acc=0.981 | v_win_bal=0.808 v_rec_bal=0.921 | lr=6.5e-06 | 10.4s
  Fold 1 | Ep  23/50 | t_loss=0.0149 t_acc=0.984 | v_win_bal=0.802 v_rec_bal=0.825 | lr=6.2e-06 | 9.7s
  Fold 1 | Ep  24/50 | t_loss=0.0133 t_acc=0.987 | v_win_bal=0.799 v_rec_bal=0.849 | lr=5.8e-06 | 9.7s
  Fold 1 | Ep  25/50 | t_loss=0.0124 t_acc=0.988 | v_win_bal=0.801 v_rec_bal=0.921 | lr=5.5e-06 | 9.6s
  Fold 1 | Ep  26/50 | t_loss=0.0103 t_acc=0.991 | v_win_bal=0.799 v_rec_bal=0.825 | lr=5.2e-06 | 10.1s
  Fold 1 | Ep  27/50 | t_loss=0.0081 t_acc=0.994 | v_win_bal=0.797 v_rec_bal=0.825 | lr=4.8e-06 | 9.7s
  Fold 1 | Ep  28/50 | t_loss=0.0083 t_acc=0.993 | v_win_bal=0.802 v_rec_bal=0.873 | lr=4.5e-06 | 9.8s
  Fold 1 | Ep  29/50 | t_loss=0.0072 t_acc=0.994 | v_win_bal=0.799 v_rec_bal=0.849 | lr=4.2e-06 | 9.7s
  Fold 1 | Ep  30/50 | t_loss=0.0061 t_acc=0.996 | v_win_bal=0.797 v_rec_bal=0.849 | lr=3.8e-06 | 9.7s
  Fold 1 | Ep  31/50 | t_loss=0.0062 t_acc=0.996 | v_win_bal=0.799 v_rec_bal=0.849 | lr=3.5e-06 | 10.0s
  Fold 1 | Ep  32/50 | t_loss=0.0049 t_acc=0.996 | v_win_bal=0.795 v_rec_bal=0.849 | lr=3.2e-06 | 10.2s
  Fold 1 | Ep  33/50 | t_loss=0.0044 t_acc=0.997 | v_win_bal=0.802 v_rec_bal=0.873 | lr=2.9e-06 | 11.1s
  Early stop at epoch 33
  -> Test (best @ epoch 11): acc=0.6154, bal_acc=0.6071

============================================================
Fold 2/5
============================================================
  Train: 117 samples, 39 subjects [3, 6, 7, 11, 12, 13, 14, 16, 17, 18, 20, 21, 23, 26, 27, 28, 31, 33, 34, 35, 36, 37, 38, 39, 41, 42, 43, 44, 45, 46, 50, 52, 53, 57, 58, 59, 60, 64, 65], label_0=54, label_1=63
    Val:  39 samples, 13 subjects [2, 4, 5, 8, 15, 24, 25, 47, 51, 54, 55, 61, 63], label_0=18, label_1=21
   Test:  39 samples, 13 subjects [1, 9, 10, 19, 22, 29, 30, 32, 40, 48, 49, 56, 62], label_0=15, label_1=24
  Building window datasets...
    WindowDataset: 6475 windows (class_0=2979, class_1=3496)
    WindowDataset: 2064 windows (class_0=972, class_1=1092)
    WindowDataset: 2196 windows (class_0=920, class_1=1276)
[LaBraM] Loaded 219/221 params from weights/labram-base/model.safetensors
[LaBraM] Missing: ['fc_norm.weight', 'fc_norm.bias']
  Fold 2 | Ep   1/50 | t_loss=0.2266 t_acc=0.460 | v_win_bal=0.500 v_rec_bal=0.500 | lr=3.3e-06 | 10.0s
  Fold 2 | Ep   2/50 | t_loss=0.1740 t_acc=0.525 | v_win_bal=0.562 v_rec_bal=0.627 | lr=6.7e-06 | 10.3s
  Fold 2 | Ep   3/50 | t_loss=0.1683 t_acc=0.590 | v_win_bal=0.589 v_rec_bal=0.579 | lr=1.0e-05 | 10.4s
  Fold 2 | Ep   4/50 | t_loss=0.1568 t_acc=0.664 | v_win_bal=0.623 v_rec_bal=0.627 | lr=1.0e-05 | 9.8s
  Fold 2 | Ep   5/50 | t_loss=0.1399 t_acc=0.726 | v_win_bal=0.657 v_rec_bal=0.698 | lr=1.0e-05 | 10.3s
  Fold 2 | Ep   6/50 | t_loss=0.1241 t_acc=0.767 | v_win_bal=0.670 v_rec_bal=0.663 | lr=9.9e-06 | 10.4s
  Fold 2 | Ep   7/50 | t_loss=0.1108 t_acc=0.798 | v_win_bal=0.673 v_rec_bal=0.718 | lr=9.8e-06 | 10.4s
  Fold 2 | Ep   8/50 | t_loss=0.0970 t_acc=0.831 | v_win_bal=0.690 v_rec_bal=0.679 | lr=9.7e-06 | 10.2s
  Fold 2 | Ep   9/50 | t_loss=0.0864 t_acc=0.851 | v_win_bal=0.693 v_rec_bal=0.726 | lr=9.6e-06 | 9.6s
  Fold 2 | Ep  10/50 | t_loss=0.0773 t_acc=0.869 | v_win_bal=0.698 v_rec_bal=0.774 | lr=9.5e-06 | 9.4s
  Fold 2 | Ep  11/50 | t_loss=0.0701 t_acc=0.885 | v_win_bal=0.697 v_rec_bal=0.726 | lr=9.3e-06 | 9.3s
  Fold 2 | Ep  12/50 | t_loss=0.0629 t_acc=0.899 | v_win_bal=0.704 v_rec_bal=0.750 | lr=9.1e-06 | 9.6s
  Fold 2 | Ep  13/50 | t_loss=0.0571 t_acc=0.910 | v_win_bal=0.709 v_rec_bal=0.798 | lr=8.9e-06 | 9.0s
  Fold 2 | Ep  14/50 | t_loss=0.0499 t_acc=0.925 | v_win_bal=0.701 v_rec_bal=0.798 | lr=8.7e-06 | 9.4s
  Fold 2 | Ep  15/50 | t_loss=0.0469 t_acc=0.925 | v_win_bal=0.699 v_rec_bal=0.770 | lr=8.5e-06 | 9.0s
  Fold 2 | Ep  16/50 | t_loss=0.0416 t_acc=0.936 | v_win_bal=0.701 v_rec_bal=0.742 | lr=8.2e-06 | 9.0s
  Fold 2 | Ep  17/50 | t_loss=0.0368 t_acc=0.943 | v_win_bal=0.703 v_rec_bal=0.798 | lr=8.0e-06 | 9.0s
  Fold 2 | Ep  18/50 | t_loss=0.0315 t_acc=0.955 | v_win_bal=0.698 v_rec_bal=0.746 | lr=7.7e-06 | 9.0s
  Fold 2 | Ep  19/50 | t_loss=0.0271 t_acc=0.961 | v_win_bal=0.705 v_rec_bal=0.798 | lr=7.4e-06 | 8.9s
  Fold 2 | Ep  20/50 | t_loss=0.0255 t_acc=0.964 | v_win_bal=0.692 v_rec_bal=0.714 | lr=7.1e-06 | 9.4s
  Fold 2 | Ep  21/50 | t_loss=0.0210 t_acc=0.971 | v_win_bal=0.690 v_rec_bal=0.690 | lr=6.8e-06 | 8.9s
  Fold 2 | Ep  22/50 | t_loss=0.0166 t_acc=0.980 | v_win_bal=0.702 v_rec_bal=0.746 | lr=6.5e-06 | 9.0s
  Fold 2 | Ep  23/50 | t_loss=0.0147 t_acc=0.982 | v_win_bal=0.700 v_rec_bal=0.750 | lr=6.2e-06 | 9.0s
  Fold 2 | Ep  24/50 | t_loss=0.0119 t_acc=0.987 | v_win_bal=0.697 v_rec_bal=0.714 | lr=5.8e-06 | 8.9s
  Fold 2 | Ep  25/50 | t_loss=0.0106 t_acc=0.990 | v_win_bal=0.701 v_rec_bal=0.770 | lr=5.5e-06 | 8.9s
  Fold 2 | Ep  26/50 | t_loss=0.0087 t_acc=0.992 | v_win_bal=0.704 v_rec_bal=0.718 | lr=5.2e-06 | 8.9s
  Fold 2 | Ep  27/50 | t_loss=0.0071 t_acc=0.994 | v_win_bal=0.697 v_rec_bal=0.718 | lr=4.8e-06 | 9.0s
  Fold 2 | Ep  28/50 | t_loss=0.0061 t_acc=0.995 | v_win_bal=0.700 v_rec_bal=0.718 | lr=4.5e-06 | 8.9s
  Fold 2 | Ep  29/50 | t_loss=0.0052 t_acc=0.996 | v_win_bal=0.694 v_rec_bal=0.746 | lr=4.2e-06 | 9.2s
  Fold 2 | Ep  30/50 | t_loss=0.0048 t_acc=0.996 | v_win_bal=0.699 v_rec_bal=0.746 | lr=3.8e-06 | 8.9s
  Early stop at epoch 30
  -> Test (best @ epoch 13): acc=0.8462, bal_acc=0.8375

============================================================
Fold 3/5
============================================================
  Train: 117 samples, 39 subjects [3, 6, 9, 11, 12, 13, 14, 15, 16, 17, 18, 19, 20, 21, 25, 28, 29, 30, 32, 34, 35, 36, 37, 38, 39, 40, 41, 43, 45, 47, 49, 51, 52, 55, 56, 59, 60, 64, 65], label_0=51, label_1=66
    Val:  39 samples, 13 subjects [1, 4, 5, 10, 22, 23, 33, 48, 50, 53, 54, 61, 62], label_0=18, label_1=21
   Test:  39 samples, 13 subjects [2, 7, 8, 24, 26, 27, 31, 42, 44, 46, 57, 58, 63], label_0=18, label_1=21
  Building window datasets...
    WindowDataset: 6346 windows (class_0=2840, class_1=3506)
    WindowDataset: 2192 windows (class_0=1037, class_1=1155)
    WindowDataset: 2197 windows (class_0=994, class_1=1203)
[LaBraM] Loaded 219/221 params from weights/labram-base/model.safetensors
[LaBraM] Missing: ['fc_norm.weight', 'fc_norm.bias']
  Fold 3 | Ep   1/50 | t_loss=0.1744 t_acc=0.562 | v_win_bal=0.546 v_rec_bal=0.528 | lr=3.3e-06 | 8.9s
  Fold 3 | Ep   2/50 | t_loss=0.1700 t_acc=0.580 | v_win_bal=0.615 v_rec_bal=0.599 | lr=6.7e-06 | 8.9s
  Fold 3 | Ep   3/50 | t_loss=0.1650 t_acc=0.621 | v_win_bal=0.604 v_rec_bal=0.659 | lr=1.0e-05 | 9.0s
  Fold 3 | Ep   4/50 | t_loss=0.1549 t_acc=0.667 | v_win_bal=0.590 v_rec_bal=0.667 | lr=1.0e-05 | 9.3s
  Fold 3 | Ep   5/50 | t_loss=0.1416 t_acc=0.716 | v_win_bal=0.604 v_rec_bal=0.694 | lr=1.0e-05 | 9.2s
  Fold 3 | Ep   6/50 | t_loss=0.1282 t_acc=0.760 | v_win_bal=0.618 v_rec_bal=0.687 | lr=9.9e-06 | 8.9s
  Fold 3 | Ep   7/50 | t_loss=0.1143 t_acc=0.795 | v_win_bal=0.633 v_rec_bal=0.694 | lr=9.8e-06 | 8.9s
  Fold 3 | Ep   8/50 | t_loss=0.1028 t_acc=0.820 | v_win_bal=0.626 v_rec_bal=0.687 | lr=9.7e-06 | 8.9s
  Fold 3 | Ep   9/50 | t_loss=0.0916 t_acc=0.848 | v_win_bal=0.647 v_rec_bal=0.694 | lr=9.6e-06 | 9.3s
  Fold 3 | Ep  10/50 | t_loss=0.0838 t_acc=0.865 | v_win_bal=0.652 v_rec_bal=0.718 | lr=9.5e-06 | 8.9s
  Fold 3 | Ep  11/50 | t_loss=0.0743 t_acc=0.885 | v_win_bal=0.654 v_rec_bal=0.718 | lr=9.3e-06 | 8.9s
  Fold 3 | Ep  12/50 | t_loss=0.0678 t_acc=0.895 | v_win_bal=0.650 v_rec_bal=0.694 | lr=9.1e-06 | 8.9s
  Fold 3 | Ep  13/50 | t_loss=0.0613 t_acc=0.905 | v_win_bal=0.653 v_rec_bal=0.687 | lr=8.9e-06 | 9.2s
  Fold 3 | Ep  14/50 | t_loss=0.0555 t_acc=0.917 | v_win_bal=0.646 v_rec_bal=0.714 | lr=8.7e-06 | 8.9s
  Fold 3 | Ep  15/50 | t_loss=0.0496 t_acc=0.925 | v_win_bal=0.655 v_rec_bal=0.718 | lr=8.5e-06 | 8.9s
  Fold 3 | Ep  16/50 | t_loss=0.0451 t_acc=0.935 | v_win_bal=0.634 v_rec_bal=0.690 | lr=8.2e-06 | 10.3s
  Fold 3 | Ep  17/50 | t_loss=0.0401 t_acc=0.942 | v_win_bal=0.643 v_rec_bal=0.690 | lr=8.0e-06 | 8.9s
  Fold 3 | Ep  18/50 | t_loss=0.0354 t_acc=0.951 | v_win_bal=0.635 v_rec_bal=0.714 | lr=7.7e-06 | 8.9s
  Fold 3 | Ep  19/50 | t_loss=0.0326 t_acc=0.958 | v_win_bal=0.628 v_rec_bal=0.718 | lr=7.4e-06 | 8.9s
  Fold 3 | Ep  20/50 | t_loss=0.0275 t_acc=0.963 | v_win_bal=0.623 v_rec_bal=0.631 | lr=7.1e-06 | 9.1s
  Fold 3 | Ep  21/50 | t_loss=0.0247 t_acc=0.967 | v_win_bal=0.632 v_rec_bal=0.690 | lr=6.8e-06 | 8.9s
  Fold 3 | Ep  22/50 | t_loss=0.0218 t_acc=0.973 | v_win_bal=0.638 v_rec_bal=0.718 | lr=6.5e-06 | 8.9s
  Fold 3 | Ep  23/50 | t_loss=0.0190 t_acc=0.980 | v_win_bal=0.636 v_rec_bal=0.690 | lr=6.2e-06 | 8.9s
  Fold 3 | Ep  24/50 | t_loss=0.0163 t_acc=0.982 | v_win_bal=0.626 v_rec_bal=0.635 | lr=5.8e-06 | 8.9s
  Fold 3 | Ep  25/50 | t_loss=0.0146 t_acc=0.985 | v_win_bal=0.628 v_rec_bal=0.663 | lr=5.5e-06 | 9.1s
  Fold 3 | Ep  26/50 | t_loss=0.0122 t_acc=0.987 | v_win_bal=0.626 v_rec_bal=0.663 | lr=5.2e-06 | 9.1s
  Early stop at epoch 26
  -> Test (best @ epoch 10): acc=0.8462, bal_acc=0.8492

============================================================
Fold 4/5
============================================================
  Train: 117 samples, 39 subjects [2, 8, 9, 11, 13, 15, 17, 18, 19, 20, 22, 23, 24, 25, 28, 29, 30, 31, 32, 34, 35, 36, 38, 39, 40, 41, 42, 43, 44, 45, 48, 50, 53, 57, 58, 59, 60, 63, 64], label_0=51, label_1=66
    Val:  39 samples, 13 subjects [1, 5, 7, 10, 26, 27, 33, 46, 49, 54, 56, 61, 62], label_0=18, label_1=21
   Test:  39 samples, 13 subjects [3, 4, 6, 12, 14, 16, 21, 37, 47, 51, 52, 55, 65], label_0=18, label_1=21
  Building window datasets...
    WindowDataset: 6517 windows (class_0=2911, class_1=3606)
    WindowDataset: 2175 windows (class_0=995, class_1=1180)
    WindowDataset: 2043 windows (class_0=965, class_1=1078)
[LaBraM] Loaded 219/221 params from weights/labram-base/model.safetensors
[LaBraM] Missing: ['fc_norm.weight', 'fc_norm.bias']
  Fold 4 | Ep   1/50 | t_loss=0.1763 t_acc=0.457 | v_win_bal=0.562 v_rec_bal=0.623 | lr=3.3e-06 | 9.3s
  Fold 4 | Ep   2/50 | t_loss=0.1726 t_acc=0.531 | v_win_bal=0.619 v_rec_bal=0.702 | lr=6.7e-06 | 9.3s
  Fold 4 | Ep   3/50 | t_loss=0.1701 t_acc=0.567 | v_win_bal=0.648 v_rec_bal=0.647 | lr=1.0e-05 | 9.3s
  Fold 4 | Ep   4/50 | t_loss=0.1633 t_acc=0.629 | v_win_bal=0.667 v_rec_bal=0.857 | lr=1.0e-05 | 9.4s
  Fold 4 | Ep   5/50 | t_loss=0.1474 t_acc=0.705 | v_win_bal=0.695 v_rec_bal=0.786 | lr=1.0e-05 | 9.9s
  Fold 4 | Ep   6/50 | t_loss=0.1302 t_acc=0.752 | v_win_bal=0.709 v_rec_bal=0.786 | lr=9.9e-06 | 9.5s
  Fold 4 | Ep   7/50 | t_loss=0.1138 t_acc=0.794 | v_win_bal=0.730 v_rec_bal=0.810 | lr=9.8e-06 | 9.0s
  Fold 4 | Ep   8/50 | t_loss=0.1010 t_acc=0.821 | v_win_bal=0.764 v_rec_bal=0.873 | lr=9.7e-06 | 9.0s
  Fold 4 | Ep   9/50 | t_loss=0.0896 t_acc=0.845 | v_win_bal=0.754 v_rec_bal=0.810 | lr=9.6e-06 | 9.0s
  Fold 4 | Ep  10/50 | t_loss=0.0805 t_acc=0.866 | v_win_bal=0.741 v_rec_bal=0.825 | lr=9.5e-06 | 9.0s
  Fold 4 | Ep  11/50 | t_loss=0.0728 t_acc=0.876 | v_win_bal=0.746 v_rec_bal=0.802 | lr=9.3e-06 | 9.5s
  Fold 4 | Ep  12/50 | t_loss=0.0661 t_acc=0.889 | v_win_bal=0.738 v_rec_bal=0.802 | lr=9.1e-06 | 9.1s
  Fold 4 | Ep  13/50 | t_loss=0.0589 t_acc=0.904 | v_win_bal=0.727 v_rec_bal=0.782 | lr=8.9e-06 | 9.1s
  Fold 4 | Ep  14/50 | t_loss=0.0530 t_acc=0.915 | v_win_bal=0.740 v_rec_bal=0.798 | lr=8.7e-06 | 9.1s
  Fold 4 | Ep  15/50 | t_loss=0.0480 t_acc=0.924 | v_win_bal=0.719 v_rec_bal=0.790 | lr=8.5e-06 | 9.4s
  Fold 4 | Ep  16/50 | t_loss=0.0432 t_acc=0.938 | v_win_bal=0.726 v_rec_bal=0.746 | lr=8.2e-06 | 9.1s
  Fold 4 | Ep  17/50 | t_loss=0.0378 t_acc=0.944 | v_win_bal=0.726 v_rec_bal=0.742 | lr=8.0e-06 | 9.1s
  Fold 4 | Ep  18/50 | t_loss=0.0338 t_acc=0.951 | v_win_bal=0.712 v_rec_bal=0.742 | lr=7.7e-06 | 9.1s
  Fold 4 | Ep  19/50 | t_loss=0.0304 t_acc=0.955 | v_win_bal=0.720 v_rec_bal=0.762 | lr=7.4e-06 | 9.1s
  Fold 4 | Ep  20/50 | t_loss=0.0254 t_acc=0.967 | v_win_bal=0.717 v_rec_bal=0.742 | lr=7.1e-06 | 9.1s
  Fold 4 | Ep  21/50 | t_loss=0.0221 t_acc=0.973 | v_win_bal=0.724 v_rec_bal=0.742 | lr=6.8e-06 | 9.1s
  Fold 4 | Ep  22/50 | t_loss=0.0198 t_acc=0.975 | v_win_bal=0.720 v_rec_bal=0.746 | lr=6.5e-06 | 9.4s
  Fold 4 | Ep  23/50 | t_loss=0.0160 t_acc=0.980 | v_win_bal=0.719 v_rec_bal=0.742 | lr=6.2e-06 | 9.1s
  Fold 4 | Ep  24/50 | t_loss=0.0134 t_acc=0.985 | v_win_bal=0.717 v_rec_bal=0.742 | lr=5.8e-06 | 9.0s
  Fold 4 | Ep  25/50 | t_loss=0.0109 t_acc=0.990 | v_win_bal=0.711 v_rec_bal=0.742 | lr=5.5e-06 | 9.1s
  Early stop at epoch 25
  -> Test (best @ epoch 8): acc=0.7179, bal_acc=0.7183

============================================================
Fold 5/5
============================================================
  Train: 117 samples, 39 subjects [2, 6, 7, 9, 10, 12, 14, 16, 17, 18, 19, 20, 21, 22, 25, 26, 27, 29, 30, 32, 34, 36, 37, 40, 42, 43, 44, 45, 46, 47, 49, 51, 52, 56, 57, 58, 60, 64, 65], label_0=51, label_1=66
    Val:  39 samples, 13 subjects [1, 3, 4, 8, 23, 24, 31, 48, 50, 54, 55, 62, 63], label_0=18, label_1=21
   Test:  39 samples, 13 subjects [5, 11, 13, 15, 28, 33, 35, 38, 39, 41, 53, 59, 61], label_0=18, label_1=21
  Building window datasets...
    WindowDataset: 6533 windows (class_0=2826, class_1=3707)
    WindowDataset: 2078 windows (class_0=1042, class_1=1036)
    WindowDataset: 2124 windows (class_0=1003, class_1=1121)
[LaBraM] Loaded 219/221 params from weights/labram-base/model.safetensors
[LaBraM] Missing: ['fc_norm.weight', 'fc_norm.bias']
  Fold 5 | Ep   1/50 | t_loss=0.1713 t_acc=0.532 | v_win_bal=0.553 v_rec_bal=0.595 | lr=3.3e-06 | 9.1s
  Fold 5 | Ep   2/50 | t_loss=0.1667 t_acc=0.595 | v_win_bal=0.575 v_rec_bal=0.603 | lr=6.7e-06 | 9.0s
  Fold 5 | Ep   3/50 | t_loss=0.1595 t_acc=0.633 | v_win_bal=0.572 v_rec_bal=0.651 | lr=1.0e-05 | 9.0s
  Fold 5 | Ep   4/50 | t_loss=0.1466 t_acc=0.696 | v_win_bal=0.586 v_rec_bal=0.675 | lr=1.0e-05 | 9.3s
  Fold 5 | Ep   5/50 | t_loss=0.1335 t_acc=0.737 | v_win_bal=0.609 v_rec_bal=0.647 | lr=1.0e-05 | 9.0s
  Fold 5 | Ep   6/50 | t_loss=0.1235 t_acc=0.769 | v_win_bal=0.628 v_rec_bal=0.647 | lr=9.9e-06 | 9.0s
  Fold 5 | Ep   7/50 | t_loss=0.1132 t_acc=0.796 | v_win_bal=0.650 v_rec_bal=0.675 | lr=9.8e-06 | 9.0s
  Fold 5 | Ep   8/50 | t_loss=0.1047 t_acc=0.812 | v_win_bal=0.656 v_rec_bal=0.718 | lr=9.7e-06 | 9.0s
  Fold 5 | Ep   9/50 | t_loss=0.0962 t_acc=0.830 | v_win_bal=0.677 v_rec_bal=0.718 | lr=9.6e-06 | 9.0s
  Fold 5 | Ep  10/50 | t_loss=0.0870 t_acc=0.855 | v_win_bal=0.684 v_rec_bal=0.718 | lr=9.5e-06 | 9.0s
  Fold 5 | Ep  11/50 | t_loss=0.0780 t_acc=0.869 | v_win_bal=0.695 v_rec_bal=0.746 | lr=9.3e-06 | 9.0s
  Fold 5 | Ep  12/50 | t_loss=0.0702 t_acc=0.890 | v_win_bal=0.688 v_rec_bal=0.718 | lr=9.1e-06 | 9.0s
  Fold 5 | Ep  13/50 | t_loss=0.0624 t_acc=0.902 | v_win_bal=0.690 v_rec_bal=0.718 | lr=8.9e-06 | 9.0s
  Fold 5 | Ep  14/50 | t_loss=0.0559 t_acc=0.914 | v_win_bal=0.704 v_rec_bal=0.774 | lr=8.7e-06 | 9.1s
  Fold 5 | Ep  15/50 | t_loss=0.0511 t_acc=0.922 | v_win_bal=0.693 v_rec_bal=0.718 | lr=8.5e-06 | 9.3s
  Fold 5 | Ep  16/50 | t_loss=0.0432 t_acc=0.935 | v_win_bal=0.698 v_rec_bal=0.718 | lr=8.2e-06 | 9.4s
  Fold 5 | Ep  17/50 | t_loss=0.0381 t_acc=0.945 | v_win_bal=0.694 v_rec_bal=0.718 | lr=8.0e-06 | 9.4s
  Fold 5 | Ep  18/50 | t_loss=0.0327 t_acc=0.953 | v_win_bal=0.692 v_rec_bal=0.718 | lr=7.7e-06 | 9.3s
  Fold 5 | Ep  19/50 | t_loss=0.0281 t_acc=0.959 | v_win_bal=0.695 v_rec_bal=0.746 | lr=7.4e-06 | 9.3s
  Fold 5 | Ep  20/50 | t_loss=0.0241 t_acc=0.966 | v_win_bal=0.685 v_rec_bal=0.718 | lr=7.1e-06 | 9.3s
  Fold 5 | Ep  21/50 | t_loss=0.0204 t_acc=0.974 | v_win_bal=0.689 v_rec_bal=0.746 | lr=6.8e-06 | 9.3s
  Fold 5 | Ep  22/50 | t_loss=0.0164 t_acc=0.979 | v_win_bal=0.684 v_rec_bal=0.742 | lr=6.5e-06 | 9.3s
  Fold 5 | Ep  23/50 | t_loss=0.0142 t_acc=0.981 | v_win_bal=0.689 v_rec_bal=0.718 | lr=6.2e-06 | 9.4s
  Fold 5 | Ep  24/50 | t_loss=0.0115 t_acc=0.986 | v_win_bal=0.684 v_rec_bal=0.718 | lr=5.8e-06 | 9.3s
  Fold 5 | Ep  25/50 | t_loss=0.0092 t_acc=0.990 | v_win_bal=0.683 v_rec_bal=0.718 | lr=5.5e-06 | 9.3s
  Fold 5 | Ep  26/50 | t_loss=0.0076 t_acc=0.990 | v_win_bal=0.683 v_rec_bal=0.746 | lr=5.2e-06 | 9.3s
  Fold 5 | Ep  27/50 | t_loss=0.0063 t_acc=0.994 | v_win_bal=0.683 v_rec_bal=0.746 | lr=4.8e-06 | 9.4s
  Fold 5 | Ep  28/50 | t_loss=0.0044 t_acc=0.996 | v_win_bal=0.688 v_rec_bal=0.718 | lr=4.5e-06 | 10.6s
  Fold 5 | Ep  29/50 | t_loss=0.0034 t_acc=0.998 | v_win_bal=0.679 v_rec_bal=0.718 | lr=4.2e-06 | 9.1s
  Early stop at epoch 29
  -> Test (best @ epoch 14): acc=0.6923, bal_acc=0.7024

============================================================
Global Results (5-Fold, subject-level CV)
Mode: FT | Extractor: labram | Loss: focal
============================================================
              acc: 0.7436
          bal_acc: 0.7439
               f1: 0.7442
            kappa: 0.4846
  Total predictions: 195 (should equal dataset size: 195)

Results saved to results/studies/exp31_aug_audit/adftd_noaug_s42/
