/raid/jupyter-linjimmy1003.md10/.conda/envs/stress/lib/python3.11/site-packages/timm/models/layers/__init__.py:49: FutureWarning: Importing from timm.models.layers is deprecated, please import via timm.layers
  warnings.warn(f"Importing from {__name__} is deprecated, please import via timm.layers", FutureWarning)
Mode: FT | Extractor: labram | Folds: 5
LR: 1e-05 | WD: 0.05 | Beta2: 0.999 | Grad clip: 2.0
Head: hidden=128, dropout=0.0 | Norm: zscore | Loss: focal
Full FT: encoder_lr_scale=0.1

Results → results/studies/exp31_aug_audit/adftd_noaug_s2024/
ADFTD: 195 recordings from 65 subjects (AD=108, HC=87), 3 splits/subject
ADFTD: 195 recordings, 65 subjects (AD=108, HC=87)

============================================================
Fold 1/5
============================================================
  Train: 117 samples, 39 subjects [1, 3, 4, 6, 7, 8, 11, 12, 14, 16, 17, 18, 20, 21, 22, 24, 26, 29, 31, 33, 34, 38, 42, 43, 45, 46, 47, 49, 51, 52, 54, 55, 56, 57, 60, 62, 63, 64, 65], label_0=54, label_1=63
    Val:  39 samples, 13 subjects [2, 5, 9, 10, 15, 25, 27, 28, 37, 39, 48, 58, 61], label_0=15, label_1=24
   Test:  39 samples, 13 subjects [13, 19, 23, 30, 32, 35, 36, 40, 41, 44, 50, 53, 59], label_0=18, label_1=21
  Building window datasets...
    WindowDataset: 6381 windows (class_0=2993, class_1=3388)
    WindowDataset: 2191 windows (class_0=841, class_1=1350)
    WindowDataset: 2163 windows (class_0=1037, class_1=1126)
[LaBraM] Loaded 219/221 params from weights/labram-base/model.safetensors
[LaBraM] Missing: ['fc_norm.weight', 'fc_norm.bias']
  Trainable parameters: 5,871,779
  Class weights: [1.0659873485565186, 0.9417060017585754]
  Fold 1 | Ep   1/50 | t_loss=0.1746 t_acc=0.501 | v_win_bal=0.559 v_rec_bal=0.567 | lr=3.3e-06 | 11.0s
  Fold 1 | Ep   2/50 | t_loss=0.1685 t_acc=0.593 | v_win_bal=0.533 v_rec_bal=0.571 | lr=6.7e-06 | 9.2s
  Fold 1 | Ep   3/50 | t_loss=0.1602 t_acc=0.649 | v_win_bal=0.484 v_rec_bal=0.358 | lr=1.0e-05 | 9.1s
  Fold 1 | Ep   4/50 | t_loss=0.1415 t_acc=0.717 | v_win_bal=0.460 v_rec_bal=0.417 | lr=1.0e-05 | 8.9s
  Fold 1 | Ep   5/50 | t_loss=0.1248 t_acc=0.768 | v_win_bal=0.487 v_rec_bal=0.479 | lr=1.0e-05 | 8.8s
  Fold 1 | Ep   6/50 | t_loss=0.1092 t_acc=0.802 | v_win_bal=0.524 v_rec_bal=0.467 | lr=9.9e-06 | 8.8s
  Fold 1 | Ep   7/50 | t_loss=0.0981 t_acc=0.828 | v_win_bal=0.540 v_rec_bal=0.521 | lr=9.8e-06 | 8.7s
  Fold 1 | Ep   8/50 | t_loss=0.0875 t_acc=0.848 | v_win_bal=0.537 v_rec_bal=0.508 | lr=9.7e-06 | 8.7s
  Fold 1 | Ep   9/50 | t_loss=0.0776 t_acc=0.868 | v_win_bal=0.533 v_rec_bal=0.475 | lr=9.6e-06 | 8.7s
  Fold 1 | Ep  10/50 | t_loss=0.0697 t_acc=0.885 | v_win_bal=0.540 v_rec_bal=0.542 | lr=9.5e-06 | 8.7s
  Fold 1 | Ep  11/50 | t_loss=0.0628 t_acc=0.898 | v_win_bal=0.540 v_rec_bal=0.562 | lr=9.3e-06 | 8.7s
  Fold 1 | Ep  12/50 | t_loss=0.0564 t_acc=0.908 | v_win_bal=0.529 v_rec_bal=0.537 | lr=9.1e-06 | 8.6s
  Fold 1 | Ep  13/50 | t_loss=0.0489 t_acc=0.921 | v_win_bal=0.543 v_rec_bal=0.554 | lr=8.9e-06 | 8.7s
  Fold 1 | Ep  14/50 | t_loss=0.0427 t_acc=0.935 | v_win_bal=0.545 v_rec_bal=0.550 | lr=8.7e-06 | 8.6s
  Fold 1 | Ep  15/50 | t_loss=0.0370 t_acc=0.944 | v_win_bal=0.532 v_rec_bal=0.537 | lr=8.5e-06 | 8.7s
  Fold 1 | Ep  16/50 | t_loss=0.0319 t_acc=0.955 | v_win_bal=0.534 v_rec_bal=0.571 | lr=8.2e-06 | 8.7s
  Fold 1 | Ep  17/50 | t_loss=0.0272 t_acc=0.965 | v_win_bal=0.537 v_rec_bal=0.562 | lr=8.0e-06 | 8.6s
  Early stop at epoch 17
  -> Test (best @ epoch 2): acc=0.5641, bal_acc=0.5556

============================================================
Fold 2/5
============================================================
  Train: 117 samples, 39 subjects [1, 5, 6, 10, 11, 12, 13, 15, 16, 18, 20, 21, 22, 23, 25, 27, 28, 30, 33, 35, 36, 37, 39, 42, 43, 44, 45, 47, 48, 49, 50, 51, 53, 54, 58, 60, 63, 64, 65], label_0=54, label_1=63
    Val:  39 samples, 13 subjects [4, 8, 14, 19, 29, 31, 32, 38, 40, 41, 46, 56, 59], label_0=18, label_1=21
   Test:  39 samples, 13 subjects [2, 3, 7, 9, 17, 24, 26, 34, 52, 55, 57, 61, 62], label_0=15, label_1=24
  Building window datasets...
    WindowDataset: 6459 windows (class_0=3010, class_1=3449)
    WindowDataset: 2265 windows (class_0=1043, class_1=1222)
    WindowDataset: 2011 windows (class_0=818, class_1=1193)
[LaBraM] Loaded 219/221 params from weights/labram-base/model.safetensors
[LaBraM] Missing: ['fc_norm.weight', 'fc_norm.bias']
  Fold 2 | Ep   1/50 | t_loss=0.1756 t_acc=0.548 | v_win_bal=0.535 v_rec_bal=0.651 | lr=3.3e-06 | 8.7s
  Fold 2 | Ep   2/50 | t_loss=0.1688 t_acc=0.585 | v_win_bal=0.546 v_rec_bal=0.587 | lr=6.7e-06 | 8.7s
  Fold 2 | Ep   3/50 | t_loss=0.1651 t_acc=0.606 | v_win_bal=0.568 v_rec_bal=0.635 | lr=1.0e-05 | 8.9s
  Fold 2 | Ep   4/50 | t_loss=0.1575 t_acc=0.649 | v_win_bal=0.587 v_rec_bal=0.651 | lr=1.0e-05 | 8.9s
  Fold 2 | Ep   5/50 | t_loss=0.1449 t_acc=0.700 | v_win_bal=0.618 v_rec_bal=0.706 | lr=1.0e-05 | 8.9s
  Fold 2 | Ep   6/50 | t_loss=0.1325 t_acc=0.737 | v_win_bal=0.627 v_rec_bal=0.683 | lr=9.9e-06 | 8.9s
  Fold 2 | Ep   7/50 | t_loss=0.1224 t_acc=0.766 | v_win_bal=0.640 v_rec_bal=0.683 | lr=9.8e-06 | 8.9s
  Fold 2 | Ep   8/50 | t_loss=0.1117 t_acc=0.797 | v_win_bal=0.624 v_rec_bal=0.679 | lr=9.7e-06 | 8.8s
  Fold 2 | Ep   9/50 | t_loss=0.1019 t_acc=0.819 | v_win_bal=0.627 v_rec_bal=0.706 | lr=9.6e-06 | 8.7s
  Fold 2 | Ep  10/50 | t_loss=0.0947 t_acc=0.839 | v_win_bal=0.641 v_rec_bal=0.706 | lr=9.5e-06 | 8.7s
  Fold 2 | Ep  11/50 | t_loss=0.0860 t_acc=0.853 | v_win_bal=0.629 v_rec_bal=0.706 | lr=9.3e-06 | 8.6s
  Fold 2 | Ep  12/50 | t_loss=0.0787 t_acc=0.874 | v_win_bal=0.636 v_rec_bal=0.706 | lr=9.1e-06 | 8.7s
  Fold 2 | Ep  13/50 | t_loss=0.0717 t_acc=0.888 | v_win_bal=0.644 v_rec_bal=0.734 | lr=8.9e-06 | 8.6s
  Fold 2 | Ep  14/50 | t_loss=0.0652 t_acc=0.899 | v_win_bal=0.646 v_rec_bal=0.734 | lr=8.7e-06 | 8.7s
  Fold 2 | Ep  15/50 | t_loss=0.0595 t_acc=0.908 | v_win_bal=0.629 v_rec_bal=0.706 | lr=8.5e-06 | 8.6s
  Fold 2 | Ep  16/50 | t_loss=0.0539 t_acc=0.920 | v_win_bal=0.630 v_rec_bal=0.706 | lr=8.2e-06 | 8.6s
  Fold 2 | Ep  17/50 | t_loss=0.0481 t_acc=0.929 | v_win_bal=0.634 v_rec_bal=0.683 | lr=8.0e-06 | 8.7s
  Fold 2 | Ep  18/50 | t_loss=0.0426 t_acc=0.940 | v_win_bal=0.642 v_rec_bal=0.710 | lr=7.7e-06 | 8.6s
  Fold 2 | Ep  19/50 | t_loss=0.0378 t_acc=0.949 | v_win_bal=0.637 v_rec_bal=0.687 | lr=7.4e-06 | 8.8s
  Fold 2 | Ep  20/50 | t_loss=0.0341 t_acc=0.954 | v_win_bal=0.637 v_rec_bal=0.710 | lr=7.1e-06 | 8.7s
  Fold 2 | Ep  21/50 | t_loss=0.0289 t_acc=0.964 | v_win_bal=0.644 v_rec_bal=0.687 | lr=6.8e-06 | 8.6s
  Fold 2 | Ep  22/50 | t_loss=0.0251 t_acc=0.969 | v_win_bal=0.635 v_rec_bal=0.687 | lr=6.5e-06 | 10.0s
  Fold 2 | Ep  23/50 | t_loss=0.0215 t_acc=0.977 | v_win_bal=0.643 v_rec_bal=0.687 | lr=6.2e-06 | 8.6s
  Fold 2 | Ep  24/50 | t_loss=0.0193 t_acc=0.979 | v_win_bal=0.632 v_rec_bal=0.710 | lr=5.8e-06 | 8.7s
  Fold 2 | Ep  25/50 | t_loss=0.0156 t_acc=0.985 | v_win_bal=0.633 v_rec_bal=0.710 | lr=5.5e-06 | 8.6s
  Fold 2 | Ep  26/50 | t_loss=0.0132 t_acc=0.988 | v_win_bal=0.646 v_rec_bal=0.714 | lr=5.2e-06 | 8.6s
  Fold 2 | Ep  27/50 | t_loss=0.0109 t_acc=0.990 | v_win_bal=0.631 v_rec_bal=0.687 | lr=4.8e-06 | 8.6s
  Fold 2 | Ep  28/50 | t_loss=0.0100 t_acc=0.991 | v_win_bal=0.648 v_rec_bal=0.714 | lr=4.5e-06 | 8.7s
  Fold 2 | Ep  29/50 | t_loss=0.0081 t_acc=0.993 | v_win_bal=0.634 v_rec_bal=0.687 | lr=4.2e-06 | 8.6s
  Early stop at epoch 29
  -> Test (best @ epoch 13): acc=0.6923, bal_acc=0.6750

============================================================
Fold 3/5
============================================================
  Train: 117 samples, 39 subjects [1, 3, 6, 8, 9, 12, 15, 16, 17, 19, 20, 21, 23, 24, 26, 27, 30, 33, 34, 35, 36, 38, 40, 41, 43, 44, 45, 49, 50, 51, 52, 53, 55, 56, 58, 60, 61, 62, 63], label_0=54, label_1=63
    Val:  39 samples, 13 subjects [2, 7, 13, 14, 18, 29, 31, 32, 37, 39, 47, 57, 59], label_0=15, label_1=24
   Test:  39 samples, 13 subjects [4, 5, 10, 11, 22, 25, 28, 42, 46, 48, 54, 64, 65], label_0=18, label_1=21
  Building window datasets...
    WindowDataset: 6304 windows (class_0=3007, class_1=3297)
    WindowDataset: 2189 windows (class_0=803, class_1=1386)
    WindowDataset: 2242 windows (class_0=1061, class_1=1181)
[LaBraM] Loaded 219/221 params from weights/labram-base/model.safetensors
[LaBraM] Missing: ['fc_norm.weight', 'fc_norm.bias']
  Fold 3 | Ep   1/50 | t_loss=0.1850 t_acc=0.483 | v_win_bal=0.511 v_rec_bal=0.542 | lr=3.3e-06 | 8.4s
  Fold 3 | Ep   2/50 | t_loss=0.1706 t_acc=0.570 | v_win_bal=0.519 v_rec_bal=0.579 | lr=6.7e-06 | 8.4s
  Fold 3 | Ep   3/50 | t_loss=0.1653 t_acc=0.615 | v_win_bal=0.562 v_rec_bal=0.600 | lr=1.0e-05 | 8.5s
  Fold 3 | Ep   4/50 | t_loss=0.1529 t_acc=0.667 | v_win_bal=0.608 v_rec_bal=0.642 | lr=1.0e-05 | 8.5s
  Fold 3 | Ep   5/50 | t_loss=0.1364 t_acc=0.729 | v_win_bal=0.643 v_rec_bal=0.708 | lr=1.0e-05 | 8.5s
  Fold 3 | Ep   6/50 | t_loss=0.1193 t_acc=0.776 | v_win_bal=0.705 v_rec_bal=0.808 | lr=9.9e-06 | 8.4s
  Fold 3 | Ep   7/50 | t_loss=0.1051 t_acc=0.811 | v_win_bal=0.688 v_rec_bal=0.762 | lr=9.8e-06 | 8.4s
  Fold 3 | Ep   8/50 | t_loss=0.0929 t_acc=0.837 | v_win_bal=0.732 v_rec_bal=0.821 | lr=9.7e-06 | 8.4s
  Fold 3 | Ep   9/50 | t_loss=0.0837 t_acc=0.860 | v_win_bal=0.743 v_rec_bal=0.854 | lr=9.6e-06 | 8.4s
  Fold 3 | Ep  10/50 | t_loss=0.0747 t_acc=0.878 | v_win_bal=0.749 v_rec_bal=0.854 | lr=9.5e-06 | 8.4s
  Fold 3 | Ep  11/50 | t_loss=0.0665 t_acc=0.896 | v_win_bal=0.706 v_rec_bal=0.762 | lr=9.3e-06 | 8.5s
  Fold 3 | Ep  12/50 | t_loss=0.0599 t_acc=0.906 | v_win_bal=0.715 v_rec_bal=0.775 | lr=9.1e-06 | 8.5s
  Fold 3 | Ep  13/50 | t_loss=0.0546 t_acc=0.914 | v_win_bal=0.765 v_rec_bal=0.833 | lr=8.9e-06 | 8.4s
  Fold 3 | Ep  14/50 | t_loss=0.0502 t_acc=0.920 | v_win_bal=0.743 v_rec_bal=0.875 | lr=8.7e-06 | 8.4s
  Fold 3 | Ep  15/50 | t_loss=0.0447 t_acc=0.929 | v_win_bal=0.711 v_rec_bal=0.808 | lr=8.5e-06 | 8.4s
  Fold 3 | Ep  16/50 | t_loss=0.0411 t_acc=0.937 | v_win_bal=0.729 v_rec_bal=0.875 | lr=8.2e-06 | 8.6s
  Fold 3 | Ep  17/50 | t_loss=0.0368 t_acc=0.945 | v_win_bal=0.699 v_rec_bal=0.762 | lr=8.0e-06 | 8.5s
  Fold 3 | Ep  18/50 | t_loss=0.0329 t_acc=0.951 | v_win_bal=0.725 v_rec_bal=0.875 | lr=7.7e-06 | 8.6s
  Fold 3 | Ep  19/50 | t_loss=0.0295 t_acc=0.959 | v_win_bal=0.743 v_rec_bal=0.875 | lr=7.4e-06 | 8.6s
  Fold 3 | Ep  20/50 | t_loss=0.0267 t_acc=0.963 | v_win_bal=0.722 v_rec_bal=0.842 | lr=7.1e-06 | 8.5s
  Fold 3 | Ep  21/50 | t_loss=0.0235 t_acc=0.970 | v_win_bal=0.711 v_rec_bal=0.775 | lr=6.8e-06 | 8.4s
  Fold 3 | Ep  22/50 | t_loss=0.0200 t_acc=0.975 | v_win_bal=0.736 v_rec_bal=0.875 | lr=6.5e-06 | 8.5s
  Fold 3 | Ep  23/50 | t_loss=0.0175 t_acc=0.978 | v_win_bal=0.719 v_rec_bal=0.875 | lr=6.2e-06 | 8.5s
  Fold 3 | Ep  24/50 | t_loss=0.0160 t_acc=0.981 | v_win_bal=0.708 v_rec_bal=0.775 | lr=5.8e-06 | 8.8s
  Fold 3 | Ep  25/50 | t_loss=0.0140 t_acc=0.984 | v_win_bal=0.704 v_rec_bal=0.775 | lr=5.5e-06 | 8.5s
  Fold 3 | Ep  26/50 | t_loss=0.0121 t_acc=0.986 | v_win_bal=0.710 v_rec_bal=0.842 | lr=5.2e-06 | 8.5s
  Fold 3 | Ep  27/50 | t_loss=0.0109 t_acc=0.988 | v_win_bal=0.691 v_rec_bal=0.742 | lr=4.8e-06 | 8.5s
  Fold 3 | Ep  28/50 | t_loss=0.0098 t_acc=0.990 | v_win_bal=0.723 v_rec_bal=0.875 | lr=4.5e-06 | 8.8s
  Fold 3 | Ep  29/50 | t_loss=0.0086 t_acc=0.991 | v_win_bal=0.717 v_rec_bal=0.875 | lr=4.2e-06 | 8.4s
  Fold 3 | Ep  30/50 | t_loss=0.0073 t_acc=0.994 | v_win_bal=0.727 v_rec_bal=0.875 | lr=3.8e-06 | 8.5s
  Fold 3 | Ep  31/50 | t_loss=0.0069 t_acc=0.994 | v_win_bal=0.711 v_rec_bal=0.875 | lr=3.5e-06 | 8.9s
  Fold 3 | Ep  32/50 | t_loss=0.0059 t_acc=0.995 | v_win_bal=0.704 v_rec_bal=0.808 | lr=3.2e-06 | 8.5s
  Fold 3 | Ep  33/50 | t_loss=0.0050 t_acc=0.996 | v_win_bal=0.732 v_rec_bal=0.875 | lr=2.9e-06 | 8.5s
  Fold 3 | Ep  34/50 | t_loss=0.0052 t_acc=0.996 | v_win_bal=0.685 v_rec_bal=0.708 | lr=2.6e-06 | 8.9s
  Fold 3 | Ep  35/50 | t_loss=0.0044 t_acc=0.997 | v_win_bal=0.722 v_rec_bal=0.875 | lr=2.3e-06 | 8.5s
  Fold 3 | Ep  36/50 | t_loss=0.0041 t_acc=0.997 | v_win_bal=0.707 v_rec_bal=0.842 | lr=2.0e-06 | 8.4s
  Fold 3 | Ep  37/50 | t_loss=0.0037 t_acc=0.997 | v_win_bal=0.696 v_rec_bal=0.742 | lr=1.8e-06 | 8.8s
  Fold 3 | Ep  38/50 | t_loss=0.0032 t_acc=0.998 | v_win_bal=0.698 v_rec_bal=0.775 | lr=1.5e-06 | 8.5s
  Fold 3 | Ep  39/50 | t_loss=0.0035 t_acc=0.997 | v_win_bal=0.708 v_rec_bal=0.875 | lr=1.3e-06 | 8.5s
  Fold 3 | Ep  40/50 | t_loss=0.0030 t_acc=0.998 | v_win_bal=0.695 v_rec_bal=0.742 | lr=1.1e-06 | 8.8s
  Fold 3 | Ep  41/50 | t_loss=0.0029 t_acc=0.998 | v_win_bal=0.719 v_rec_bal=0.875 | lr=8.8e-07 | 8.5s
  Fold 3 | Ep  42/50 | t_loss=0.0027 t_acc=0.998 | v_win_bal=0.694 v_rec_bal=0.742 | lr=7.0e-07 | 8.5s
  Fold 3 | Ep  43/50 | t_loss=0.0027 t_acc=0.998 | v_win_bal=0.711 v_rec_bal=0.875 | lr=5.4e-07 | 8.5s
  Fold 3 | Ep  44/50 | t_loss=0.0026 t_acc=0.998 | v_win_bal=0.707 v_rec_bal=0.875 | lr=4.0e-07 | 8.9s
  Fold 3 | Ep  45/50 | t_loss=0.0026 t_acc=0.998 | v_win_bal=0.705 v_rec_bal=0.842 | lr=2.8e-07 | 8.5s
  Early stop at epoch 45
  -> Test (best @ epoch 14): acc=0.7436, bal_acc=0.7619

============================================================
Fold 4/5
============================================================
  Train: 117 samples, 39 subjects [2, 4, 5, 7, 9, 10, 15, 17, 18, 21, 22, 23, 24, 25, 26, 28, 30, 33, 34, 35, 36, 40, 42, 44, 46, 48, 49, 51, 52, 53, 54, 55, 56, 57, 60, 62, 63, 64, 65], label_0=54, label_1=63
    Val:  39 samples, 13 subjects [3, 6, 11, 13, 19, 29, 31, 32, 39, 41, 50, 59, 61], label_0=15, label_1=24
   Test:  39 samples, 13 subjects [1, 8, 12, 14, 16, 20, 27, 37, 38, 43, 45, 47, 58], label_0=18, label_1=21
  Building window datasets...
    WindowDataset: 6496 windows (class_0=3057, class_1=3439)
    WindowDataset: 2074 windows (class_0=831, class_1=1243)
    WindowDataset: 2165 windows (class_0=983, class_1=1182)
[LaBraM] Loaded 219/221 params from weights/labram-base/model.safetensors
[LaBraM] Missing: ['fc_norm.weight', 'fc_norm.bias']
  Fold 4 | Ep   1/50 | t_loss=0.1757 t_acc=0.549 | v_win_bal=0.516 v_rec_bal=0.521 | lr=3.3e-06 | 8.7s
  Fold 4 | Ep   2/50 | t_loss=0.1669 t_acc=0.602 | v_win_bal=0.485 v_rec_bal=0.504 | lr=6.7e-06 | 8.7s
  Fold 4 | Ep   3/50 | t_loss=0.1604 t_acc=0.637 | v_win_bal=0.494 v_rec_bal=0.567 | lr=1.0e-05 | 9.0s
  Fold 4 | Ep   4/50 | t_loss=0.1460 t_acc=0.694 | v_win_bal=0.523 v_rec_bal=0.533 | lr=1.0e-05 | 8.7s
  Fold 4 | Ep   5/50 | t_loss=0.1237 t_acc=0.765 | v_win_bal=0.538 v_rec_bal=0.488 | lr=1.0e-05 | 8.7s
  Fold 4 | Ep   6/50 | t_loss=0.1034 t_acc=0.819 | v_win_bal=0.559 v_rec_bal=0.529 | lr=9.9e-06 | 9.0s
  Fold 4 | Ep   7/50 | t_loss=0.0857 t_acc=0.864 | v_win_bal=0.580 v_rec_bal=0.596 | lr=9.8e-06 | 8.7s
  Fold 4 | Ep   8/50 | t_loss=0.0735 t_acc=0.885 | v_win_bal=0.581 v_rec_bal=0.583 | lr=9.7e-06 | 8.6s
  Fold 4 | Ep   9/50 | t_loss=0.0647 t_acc=0.904 | v_win_bal=0.580 v_rec_bal=0.583 | lr=9.6e-06 | 8.9s
  Fold 4 | Ep  10/50 | t_loss=0.0569 t_acc=0.917 | v_win_bal=0.600 v_rec_bal=0.629 | lr=9.5e-06 | 8.6s
  Fold 4 | Ep  11/50 | t_loss=0.0505 t_acc=0.926 | v_win_bal=0.579 v_rec_bal=0.550 | lr=9.3e-06 | 9.0s
  Fold 4 | Ep  12/50 | t_loss=0.0450 t_acc=0.935 | v_win_bal=0.626 v_rec_bal=0.688 | lr=9.1e-06 | 8.7s
  Fold 4 | Ep  13/50 | t_loss=0.0397 t_acc=0.946 | v_win_bal=0.583 v_rec_bal=0.583 | lr=8.9e-06 | 8.7s
  Fold 4 | Ep  14/50 | t_loss=0.0347 t_acc=0.953 | v_win_bal=0.590 v_rec_bal=0.562 | lr=8.7e-06 | 8.7s
  Fold 4 | Ep  15/50 | t_loss=0.0295 t_acc=0.960 | v_win_bal=0.624 v_rec_bal=0.654 | lr=8.5e-06 | 8.7s
  Fold 4 | Ep  16/50 | t_loss=0.0262 t_acc=0.966 | v_win_bal=0.620 v_rec_bal=0.642 | lr=8.2e-06 | 8.7s
  Fold 4 | Ep  17/50 | t_loss=0.0224 t_acc=0.973 | v_win_bal=0.588 v_rec_bal=0.583 | lr=8.0e-06 | 9.0s
  Fold 4 | Ep  18/50 | t_loss=0.0186 t_acc=0.978 | v_win_bal=0.600 v_rec_bal=0.617 | lr=7.7e-06 | 8.6s
  Fold 4 | Ep  19/50 | t_loss=0.0153 t_acc=0.983 | v_win_bal=0.589 v_rec_bal=0.617 | lr=7.4e-06 | 8.6s
  Fold 4 | Ep  20/50 | t_loss=0.0130 t_acc=0.986 | v_win_bal=0.610 v_rec_bal=0.629 | lr=7.1e-06 | 8.6s
  Fold 4 | Ep  21/50 | t_loss=0.0111 t_acc=0.989 | v_win_bal=0.603 v_rec_bal=0.596 | lr=6.8e-06 | 9.0s
  Fold 4 | Ep  22/50 | t_loss=0.0091 t_acc=0.993 | v_win_bal=0.606 v_rec_bal=0.596 | lr=6.5e-06 | 8.7s
  Fold 4 | Ep  23/50 | t_loss=0.0078 t_acc=0.994 | v_win_bal=0.604 v_rec_bal=0.596 | lr=6.2e-06 | 8.6s
  Fold 4 | Ep  24/50 | t_loss=0.0069 t_acc=0.995 | v_win_bal=0.596 v_rec_bal=0.596 | lr=5.8e-06 | 9.0s
  Fold 4 | Ep  25/50 | t_loss=0.0058 t_acc=0.996 | v_win_bal=0.606 v_rec_bal=0.596 | lr=5.5e-06 | 8.6s
  Fold 4 | Ep  26/50 | t_loss=0.0051 t_acc=0.996 | v_win_bal=0.607 v_rec_bal=0.596 | lr=5.2e-06 | 9.0s
  Fold 4 | Ep  27/50 | t_loss=0.0045 t_acc=0.996 | v_win_bal=0.610 v_rec_bal=0.596 | lr=4.8e-06 | 8.6s
  Fold 4 | Ep  28/50 | t_loss=0.0042 t_acc=0.997 | v_win_bal=0.600 v_rec_bal=0.596 | lr=4.5e-06 | 8.6s
  Fold 4 | Ep  29/50 | t_loss=0.0037 t_acc=0.998 | v_win_bal=0.603 v_rec_bal=0.596 | lr=4.2e-06 | 8.7s
  Fold 4 | Ep  30/50 | t_loss=0.0032 t_acc=0.998 | v_win_bal=0.611 v_rec_bal=0.596 | lr=3.8e-06 | 8.7s
  Fold 4 | Ep  31/50 | t_loss=0.0027 t_acc=0.998 | v_win_bal=0.611 v_rec_bal=0.596 | lr=3.5e-06 | 9.8s
  Fold 4 | Ep  32/50 | t_loss=0.0024 t_acc=0.999 | v_win_bal=0.604 v_rec_bal=0.596 | lr=3.2e-06 | 8.7s
  Early stop at epoch 32
  -> Test (best @ epoch 12): acc=0.8462, bal_acc=0.8373

============================================================
Fold 5/5
============================================================
  Train: 117 samples, 39 subjects [1, 3, 4, 7, 8, 9, 12, 13, 14, 17, 19, 20, 22, 23, 24, 25, 27, 32, 34, 35, 36, 38, 41, 42, 43, 44, 45, 47, 48, 50, 52, 53, 54, 55, 58, 61, 62, 64, 65], label_0=54, label_1=63
    Val:  39 samples, 13 subjects [2, 5, 10, 11, 16, 26, 28, 30, 37, 40, 46, 57, 59], label_0=15, label_1=24
   Test:  39 samples, 13 subjects [6, 15, 18, 21, 29, 31, 33, 39, 49, 51, 56, 60, 63], label_0=18, label_1=21
  Building window datasets...
    WindowDataset: 6370 windows (class_0=3074, class_1=3296)
    WindowDataset: 2211 windows (class_0=825, class_1=1386)
    WindowDataset: 2154 windows (class_0=972, class_1=1182)
[LaBraM] Loaded 219/221 params from weights/labram-base/model.safetensors
[LaBraM] Missing: ['fc_norm.weight', 'fc_norm.bias']
  Fold 5 | Ep   1/50 | t_loss=0.1744 t_acc=0.503 | v_win_bal=0.564 v_rec_bal=0.575 | lr=3.3e-06 | 8.6s
  Fold 5 | Ep   2/50 | t_loss=0.1686 t_acc=0.593 | v_win_bal=0.600 v_rec_bal=0.700 | lr=6.7e-06 | 8.6s
  Fold 5 | Ep   3/50 | t_loss=0.1644 t_acc=0.615 | v_win_bal=0.643 v_rec_bal=0.700 | lr=1.0e-05 | 8.6s
  Fold 5 | Ep   4/50 | t_loss=0.1525 t_acc=0.670 | v_win_bal=0.709 v_rec_bal=0.713 | lr=1.0e-05 | 8.6s
  Fold 5 | Ep   5/50 | t_loss=0.1345 t_acc=0.743 | v_win_bal=0.745 v_rec_bal=0.825 | lr=1.0e-05 | 8.6s
  Fold 5 | Ep   6/50 | t_loss=0.1188 t_acc=0.782 | v_win_bal=0.774 v_rec_bal=0.904 | lr=9.9e-06 | 8.6s
  Fold 5 | Ep   7/50 | t_loss=0.1038 t_acc=0.814 | v_win_bal=0.780 v_rec_bal=0.925 | lr=9.8e-06 | 8.6s
  Fold 5 | Ep   8/50 | t_loss=0.0920 t_acc=0.844 | v_win_bal=0.790 v_rec_bal=0.917 | lr=9.7e-06 | 8.6s
  Fold 5 | Ep   9/50 | t_loss=0.0818 t_acc=0.866 | v_win_bal=0.787 v_rec_bal=0.925 | lr=9.6e-06 | 8.7s
  Fold 5 | Ep  10/50 | t_loss=0.0741 t_acc=0.880 | v_win_bal=0.779 v_rec_bal=0.925 | lr=9.5e-06 | 8.5s
  Fold 5 | Ep  11/50 | t_loss=0.0662 t_acc=0.893 | v_win_bal=0.768 v_rec_bal=1.000 | lr=9.3e-06 | 8.6s
  Fold 5 | Ep  12/50 | t_loss=0.0606 t_acc=0.905 | v_win_bal=0.773 v_rec_bal=0.892 | lr=9.1e-06 | 8.5s
  Fold 5 | Ep  13/50 | t_loss=0.0537 t_acc=0.918 | v_win_bal=0.771 v_rec_bal=0.933 | lr=8.9e-06 | 8.6s
  Fold 5 | Ep  14/50 | t_loss=0.0486 t_acc=0.927 | v_win_bal=0.779 v_rec_bal=0.938 | lr=8.7e-06 | 8.6s
  Fold 5 | Ep  15/50 | t_loss=0.0431 t_acc=0.938 | v_win_bal=0.788 v_rec_bal=0.958 | lr=8.5e-06 | 8.6s
  Fold 5 | Ep  16/50 | t_loss=0.0385 t_acc=0.945 | v_win_bal=0.757 v_rec_bal=0.925 | lr=8.2e-06 | 8.5s
  Fold 5 | Ep  17/50 | t_loss=0.0332 t_acc=0.955 | v_win_bal=0.770 v_rec_bal=0.933 | lr=8.0e-06 | 8.5s
  Fold 5 | Ep  18/50 | t_loss=0.0284 t_acc=0.962 | v_win_bal=0.785 v_rec_bal=0.925 | lr=7.7e-06 | 8.5s
  Fold 5 | Ep  19/50 | t_loss=0.0245 t_acc=0.969 | v_win_bal=0.790 v_rec_bal=0.958 | lr=7.4e-06 | 8.8s
  Fold 5 | Ep  20/50 | t_loss=0.0219 t_acc=0.972 | v_win_bal=0.795 v_rec_bal=0.875 | lr=7.1e-06 | 8.5s
  Fold 5 | Ep  21/50 | t_loss=0.0173 t_acc=0.980 | v_win_bal=0.776 v_rec_bal=0.958 | lr=6.8e-06 | 8.6s
  Fold 5 | Ep  22/50 | t_loss=0.0143 t_acc=0.983 | v_win_bal=0.766 v_rec_bal=0.925 | lr=6.5e-06 | 8.6s
  Fold 5 | Ep  23/50 | t_loss=0.0113 t_acc=0.988 | v_win_bal=0.781 v_rec_bal=0.958 | lr=6.2e-06 | 8.6s
  Fold 5 | Ep  24/50 | t_loss=0.0095 t_acc=0.991 | v_win_bal=0.768 v_rec_bal=0.958 | lr=5.8e-06 | 8.5s
  Fold 5 | Ep  25/50 | t_loss=0.0073 t_acc=0.994 | v_win_bal=0.776 v_rec_bal=0.958 | lr=5.5e-06 | 8.5s
  Fold 5 | Ep  26/50 | t_loss=0.0061 t_acc=0.995 | v_win_bal=0.785 v_rec_bal=0.958 | lr=5.2e-06 | 8.5s
  Fold 5 | Ep  27/50 | t_loss=0.0048 t_acc=0.995 | v_win_bal=0.761 v_rec_bal=0.925 | lr=4.8e-06 | 8.5s
  Fold 5 | Ep  28/50 | t_loss=0.0035 t_acc=0.997 | v_win_bal=0.767 v_rec_bal=0.925 | lr=4.5e-06 | 8.5s
  Fold 5 | Ep  29/50 | t_loss=0.0030 t_acc=0.998 | v_win_bal=0.769 v_rec_bal=0.892 | lr=4.2e-06 | 8.6s
  Fold 5 | Ep  30/50 | t_loss=0.0025 t_acc=0.998 | v_win_bal=0.768 v_rec_bal=0.925 | lr=3.8e-06 | 8.6s
  Fold 5 | Ep  31/50 | t_loss=0.0021 t_acc=0.998 | v_win_bal=0.775 v_rec_bal=0.958 | lr=3.5e-06 | 8.5s
  Fold 5 | Ep  32/50 | t_loss=0.0016 t_acc=0.998 | v_win_bal=0.775 v_rec_bal=0.925 | lr=3.2e-06 | 8.5s
  Fold 5 | Ep  33/50 | t_loss=0.0015 t_acc=0.998 | v_win_bal=0.777 v_rec_bal=0.958 | lr=2.9e-06 | 8.5s
  Fold 5 | Ep  34/50 | t_loss=0.0011 t_acc=0.999 | v_win_bal=0.778 v_rec_bal=0.925 | lr=2.6e-06 | 8.6s
  Fold 5 | Ep  35/50 | t_loss=0.0010 t_acc=0.999 | v_win_bal=0.769 v_rec_bal=0.925 | lr=2.3e-06 | 8.7s
  Fold 5 | Ep  36/50 | t_loss=0.0009 t_acc=0.999 | v_win_bal=0.769 v_rec_bal=0.925 | lr=2.0e-06 | 8.7s
  Fold 5 | Ep  37/50 | t_loss=0.0006 t_acc=0.999 | v_win_bal=0.777 v_rec_bal=0.925 | lr=1.8e-06 | 8.7s
  Fold 5 | Ep  38/50 | t_loss=0.0005 t_acc=0.999 | v_win_bal=0.765 v_rec_bal=0.892 | lr=1.5e-06 | 10.2s
  Fold 5 | Ep  39/50 | t_loss=0.0007 t_acc=1.000 | v_win_bal=0.772 v_rec_bal=0.958 | lr=1.3e-06 | 8.6s
  Fold 5 | Ep  40/50 | t_loss=0.0004 t_acc=1.000 | v_win_bal=0.771 v_rec_bal=0.925 | lr=1.1e-06 | 8.6s
  Early stop at epoch 40
  -> Test (best @ epoch 11): acc=0.5897, bal_acc=0.5952

============================================================
Global Results (5-Fold, subject-level CV)
Mode: FT | Extractor: labram | Loss: focal
============================================================
              acc: 0.6872
          bal_acc: 0.6874
               f1: 0.6880
            kappa: 0.3719
  Total predictions: 195 (should equal dataset size: 195)

Results saved to results/studies/exp31_aug_audit/adftd_noaug_s2024/
