/raid/jupyter-linjimmy1003.md10/.conda/envs/stress/lib/python3.11/site-packages/timm/models/layers/__init__.py:49: FutureWarning: Importing from timm.models.layers is deprecated, please import via timm.layers
  warnings.warn(f"Importing from {__name__} is deprecated, please import via timm.layers", FutureWarning)
Mode: FT | Extractor: labram | Folds: 5
LR: 1e-05 | WD: 0.05 | Beta2: 0.999 | Grad clip: 2.0
Head: hidden=128, dropout=0.0 | Norm: zscore | Loss: focal
Full FT: encoder_lr_scale=0.1
Augmentation: 50% overlap for increase class

Results → results/studies/exp31_aug_audit/eegmat_aug50_s2024/
EEGMAT: 72 recordings from 36 subjects (rest=36, task=36)
EEGMAT: 72 recordings, 36 subjects (task=36, rest=36)

============================================================
Fold 1/5
============================================================
  Train:  42 samples, 21 subjects [0, 1, 2, 4, 7, 9, 11, 13, 14, 16, 17, 18, 20, 21, 22, 23, 27, 28, 32, 34, 35], label_0=21, label_1=21
    Val:  14 samples,  7 subjects [3, 5, 24, 25, 26, 31, 33], label_0=7, label_1=7
   Test:  16 samples,  8 subjects [6, 8, 10, 12, 15, 19, 29, 30], label_0=8, label_1=8
  Building window datasets...
    WindowDataset: 1237 windows (class_0=754, class_1=483)
    WindowDataset: 316 windows (class_0=232, class_1=84)
    WindowDataset: 385 windows (class_0=289, class_1=96)
[LaBraM] Loaded 219/221 params from weights/labram-base/model.safetensors
[LaBraM] Missing: ['fc_norm.weight', 'fc_norm.bias']
  Trainable parameters: 5,871,779
  Class weights: [0.8202917575836182, 1.2805383205413818]
  Fold 1 | Ep   1/50 | t_loss=0.1766 t_acc=0.597 | v_win_bal=0.464 v_rec_bal=0.500 | lr=3.3e-06 | 3.6s
  Fold 1 | Ep   2/50 | t_loss=0.1725 t_acc=0.562 | v_win_bal=0.503 v_rec_bal=0.571 | lr=6.7e-06 | 1.6s
  Fold 1 | Ep   3/50 | t_loss=0.1680 t_acc=0.622 | v_win_bal=0.539 v_rec_bal=0.500 | lr=1.0e-05 | 1.6s
  Fold 1 | Ep   4/50 | t_loss=0.1627 t_acc=0.669 | v_win_bal=0.600 v_rec_bal=0.571 | lr=1.0e-05 | 1.6s
  Fold 1 | Ep   5/50 | t_loss=0.1567 t_acc=0.685 | v_win_bal=0.600 v_rec_bal=0.571 | lr=1.0e-05 | 1.6s
  Fold 1 | Ep   6/50 | t_loss=0.1507 t_acc=0.711 | v_win_bal=0.598 v_rec_bal=0.571 | lr=9.9e-06 | 1.6s
  Fold 1 | Ep   7/50 | t_loss=0.1464 t_acc=0.715 | v_win_bal=0.573 v_rec_bal=0.500 | lr=9.8e-06 | 1.6s
  Fold 1 | Ep   8/50 | t_loss=0.1402 t_acc=0.734 | v_win_bal=0.615 v_rec_bal=0.571 | lr=9.7e-06 | 1.6s
  Fold 1 | Ep   9/50 | t_loss=0.1351 t_acc=0.734 | v_win_bal=0.604 v_rec_bal=0.571 | lr=9.6e-06 | 1.6s
  Fold 1 | Ep  10/50 | t_loss=0.1301 t_acc=0.751 | v_win_bal=0.629 v_rec_bal=0.643 | lr=9.5e-06 | 1.6s
  Fold 1 | Ep  11/50 | t_loss=0.1246 t_acc=0.765 | v_win_bal=0.604 v_rec_bal=0.643 | lr=9.3e-06 | 1.6s
  Fold 1 | Ep  12/50 | t_loss=0.1193 t_acc=0.778 | v_win_bal=0.615 v_rec_bal=0.643 | lr=9.1e-06 | 1.6s
  Fold 1 | Ep  13/50 | t_loss=0.1156 t_acc=0.793 | v_win_bal=0.616 v_rec_bal=0.643 | lr=8.9e-06 | 1.6s
  Fold 1 | Ep  14/50 | t_loss=0.1110 t_acc=0.801 | v_win_bal=0.614 v_rec_bal=0.643 | lr=8.7e-06 | 1.6s
  Fold 1 | Ep  15/50 | t_loss=0.1058 t_acc=0.808 | v_win_bal=0.603 v_rec_bal=0.643 | lr=8.5e-06 | 1.6s
  Fold 1 | Ep  16/50 | t_loss=0.1007 t_acc=0.819 | v_win_bal=0.605 v_rec_bal=0.643 | lr=8.2e-06 | 1.6s
  Fold 1 | Ep  17/50 | t_loss=0.0956 t_acc=0.837 | v_win_bal=0.587 v_rec_bal=0.429 | lr=8.0e-06 | 1.6s
  Fold 1 | Ep  18/50 | t_loss=0.0902 t_acc=0.856 | v_win_bal=0.621 v_rec_bal=0.643 | lr=7.7e-06 | 1.6s
  Fold 1 | Ep  19/50 | t_loss=0.0875 t_acc=0.856 | v_win_bal=0.611 v_rec_bal=0.571 | lr=7.4e-06 | 1.6s
  Fold 1 | Ep  20/50 | t_loss=0.0804 t_acc=0.876 | v_win_bal=0.618 v_rec_bal=0.643 | lr=7.1e-06 | 1.6s
  Fold 1 | Ep  21/50 | t_loss=0.0772 t_acc=0.879 | v_win_bal=0.595 v_rec_bal=0.571 | lr=6.8e-06 | 1.6s
  Fold 1 | Ep  22/50 | t_loss=0.0736 t_acc=0.894 | v_win_bal=0.619 v_rec_bal=0.643 | lr=6.5e-06 | 1.6s
  Fold 1 | Ep  23/50 | t_loss=0.0688 t_acc=0.898 | v_win_bal=0.628 v_rec_bal=0.643 | lr=6.2e-06 | 1.6s
  Fold 1 | Ep  24/50 | t_loss=0.0658 t_acc=0.906 | v_win_bal=0.613 v_rec_bal=0.643 | lr=5.8e-06 | 1.6s
  Fold 1 | Ep  25/50 | t_loss=0.0629 t_acc=0.911 | v_win_bal=0.602 v_rec_bal=0.500 | lr=5.5e-06 | 1.6s
  Fold 1 | Ep  26/50 | t_loss=0.0603 t_acc=0.914 | v_win_bal=0.634 v_rec_bal=0.643 | lr=5.2e-06 | 1.6s
  Fold 1 | Ep  27/50 | t_loss=0.0560 t_acc=0.919 | v_win_bal=0.634 v_rec_bal=0.643 | lr=4.8e-06 | 1.6s
  Early stop at epoch 27
  -> Test (best @ epoch 10): acc=0.7500, bal_acc=0.7500

============================================================
Fold 2/5
============================================================
  Train:  42 samples, 21 subjects [0, 1, 2, 9, 10, 12, 13, 14, 15, 16, 18, 19, 21, 22, 26, 27, 28, 30, 32, 33, 34], label_0=21, label_1=21
    Val:  16 samples,  8 subjects [5, 6, 8, 11, 23, 24, 25, 29], label_0=8, label_1=8
   Test:  14 samples,  7 subjects [3, 4, 7, 17, 20, 31, 35], label_0=7, label_1=7
  Building window datasets...
    WindowDataset: 1240 windows (class_0=757, class_1=483)
    WindowDataset: 384 windows (class_0=288, class_1=96)
    WindowDataset: 314 windows (class_0=230, class_1=84)
[LaBraM] Loaded 219/221 params from weights/labram-base/model.safetensors
[LaBraM] Missing: ['fc_norm.weight', 'fc_norm.bias']
  Fold 2 | Ep   1/50 | t_loss=0.1757 t_acc=0.461 | v_win_bal=0.469 v_rec_bal=0.375 | lr=3.3e-06 | 1.6s
  Fold 2 | Ep   2/50 | t_loss=0.1724 t_acc=0.562 | v_win_bal=0.491 v_rec_bal=0.438 | lr=6.7e-06 | 1.7s
  Fold 2 | Ep   3/50 | t_loss=0.1681 t_acc=0.629 | v_win_bal=0.580 v_rec_bal=0.625 | lr=1.0e-05 | 1.7s
  Fold 2 | Ep   4/50 | t_loss=0.1601 t_acc=0.668 | v_win_bal=0.608 v_rec_bal=0.625 | lr=1.0e-05 | 1.7s
  Fold 2 | Ep   5/50 | t_loss=0.1521 t_acc=0.710 | v_win_bal=0.599 v_rec_bal=0.625 | lr=1.0e-05 | 1.6s
  Fold 2 | Ep   6/50 | t_loss=0.1442 t_acc=0.715 | v_win_bal=0.589 v_rec_bal=0.625 | lr=9.9e-06 | 1.6s
  Fold 2 | Ep   7/50 | t_loss=0.1395 t_acc=0.722 | v_win_bal=0.601 v_rec_bal=0.625 | lr=9.8e-06 | 1.6s
  Fold 2 | Ep   8/50 | t_loss=0.1354 t_acc=0.737 | v_win_bal=0.604 v_rec_bal=0.625 | lr=9.7e-06 | 1.6s
  Fold 2 | Ep   9/50 | t_loss=0.1313 t_acc=0.750 | v_win_bal=0.606 v_rec_bal=0.562 | lr=9.6e-06 | 1.6s
  Fold 2 | Ep  10/50 | t_loss=0.1277 t_acc=0.757 | v_win_bal=0.606 v_rec_bal=0.625 | lr=9.5e-06 | 1.6s
  Fold 2 | Ep  11/50 | t_loss=0.1237 t_acc=0.765 | v_win_bal=0.606 v_rec_bal=0.625 | lr=9.3e-06 | 1.6s
  Fold 2 | Ep  12/50 | t_loss=0.1186 t_acc=0.779 | v_win_bal=0.611 v_rec_bal=0.625 | lr=9.1e-06 | 1.6s
  Fold 2 | Ep  13/50 | t_loss=0.1148 t_acc=0.793 | v_win_bal=0.616 v_rec_bal=0.562 | lr=8.9e-06 | 1.6s
  Fold 2 | Ep  14/50 | t_loss=0.1097 t_acc=0.799 | v_win_bal=0.611 v_rec_bal=0.562 | lr=8.7e-06 | 1.6s
  Fold 2 | Ep  15/50 | t_loss=0.1056 t_acc=0.805 | v_win_bal=0.620 v_rec_bal=0.562 | lr=8.5e-06 | 1.6s
  Fold 2 | Ep  16/50 | t_loss=0.1022 t_acc=0.810 | v_win_bal=0.622 v_rec_bal=0.562 | lr=8.2e-06 | 1.6s
  Fold 2 | Ep  17/50 | t_loss=0.0962 t_acc=0.834 | v_win_bal=0.622 v_rec_bal=0.562 | lr=8.0e-06 | 1.6s
  Fold 2 | Ep  18/50 | t_loss=0.0942 t_acc=0.834 | v_win_bal=0.642 v_rec_bal=0.625 | lr=7.7e-06 | 1.6s
  Fold 2 | Ep  19/50 | t_loss=0.0890 t_acc=0.848 | v_win_bal=0.615 v_rec_bal=0.562 | lr=7.4e-06 | 1.6s
  Fold 2 | Ep  20/50 | t_loss=0.0848 t_acc=0.854 | v_win_bal=0.620 v_rec_bal=0.562 | lr=7.1e-06 | 1.6s
  Early stop at epoch 20
  -> Test (best @ epoch 3): acc=0.6429, bal_acc=0.6429

============================================================
Fold 3/5
============================================================
  Train:  42 samples, 21 subjects [0, 2, 3, 8, 9, 12, 14, 15, 16, 17, 19, 20, 21, 22, 28, 29, 30, 32, 33, 34, 35], label_0=21, label_1=21
    Val:  16 samples,  8 subjects [4, 6, 7, 10, 23, 24, 25, 31], label_0=8, label_1=8
   Test:  14 samples,  7 subjects [1, 5, 11, 13, 18, 26, 27], label_0=7, label_1=7
  Building window datasets...
    WindowDataset: 1239 windows (class_0=756, class_1=483)
    WindowDataset: 363 windows (class_0=267, class_1=96)
    WindowDataset: 336 windows (class_0=252, class_1=84)
[LaBraM] Loaded 219/221 params from weights/labram-base/model.safetensors
[LaBraM] Missing: ['fc_norm.weight', 'fc_norm.bias']
  Fold 3 | Ep   1/50 | t_loss=0.1715 t_acc=0.627 | v_win_bal=0.474 v_rec_bal=0.438 | lr=3.3e-06 | 1.7s
  Fold 3 | Ep   2/50 | t_loss=0.1660 t_acc=0.657 | v_win_bal=0.506 v_rec_bal=0.375 | lr=6.7e-06 | 1.6s
  Fold 3 | Ep   3/50 | t_loss=0.1604 t_acc=0.672 | v_win_bal=0.512 v_rec_bal=0.500 | lr=1.0e-05 | 1.6s
  Fold 3 | Ep   4/50 | t_loss=0.1546 t_acc=0.698 | v_win_bal=0.533 v_rec_bal=0.438 | lr=1.0e-05 | 1.6s
  Fold 3 | Ep   5/50 | t_loss=0.1480 t_acc=0.713 | v_win_bal=0.543 v_rec_bal=0.438 | lr=1.0e-05 | 1.6s
  Fold 3 | Ep   6/50 | t_loss=0.1436 t_acc=0.720 | v_win_bal=0.528 v_rec_bal=0.500 | lr=9.9e-06 | 1.6s
  Fold 3 | Ep   7/50 | t_loss=0.1384 t_acc=0.734 | v_win_bal=0.551 v_rec_bal=0.500 | lr=9.8e-06 | 1.6s
  Fold 3 | Ep   8/50 | t_loss=0.1342 t_acc=0.748 | v_win_bal=0.554 v_rec_bal=0.500 | lr=9.7e-06 | 1.6s
  Fold 3 | Ep   9/50 | t_loss=0.1300 t_acc=0.750 | v_win_bal=0.567 v_rec_bal=0.625 | lr=9.6e-06 | 1.6s
  Fold 3 | Ep  10/50 | t_loss=0.1249 t_acc=0.766 | v_win_bal=0.571 v_rec_bal=0.562 | lr=9.5e-06 | 1.6s
  Fold 3 | Ep  11/50 | t_loss=0.1201 t_acc=0.785 | v_win_bal=0.587 v_rec_bal=0.562 | lr=9.3e-06 | 1.6s
  Fold 3 | Ep  12/50 | t_loss=0.1147 t_acc=0.789 | v_win_bal=0.579 v_rec_bal=0.625 | lr=9.1e-06 | 1.6s
  Fold 3 | Ep  13/50 | t_loss=0.1086 t_acc=0.809 | v_win_bal=0.594 v_rec_bal=0.625 | lr=8.9e-06 | 1.6s
  Fold 3 | Ep  14/50 | t_loss=0.1033 t_acc=0.826 | v_win_bal=0.595 v_rec_bal=0.625 | lr=8.7e-06 | 1.6s
  Fold 3 | Ep  15/50 | t_loss=0.0971 t_acc=0.842 | v_win_bal=0.597 v_rec_bal=0.625 | lr=8.5e-06 | 1.6s
  Fold 3 | Ep  16/50 | t_loss=0.0920 t_acc=0.860 | v_win_bal=0.611 v_rec_bal=0.688 | lr=8.2e-06 | 1.6s
  Fold 3 | Ep  17/50 | t_loss=0.0873 t_acc=0.863 | v_win_bal=0.615 v_rec_bal=0.688 | lr=8.0e-06 | 1.6s
  Fold 3 | Ep  18/50 | t_loss=0.0810 t_acc=0.879 | v_win_bal=0.614 v_rec_bal=0.750 | lr=7.7e-06 | 1.6s
  Fold 3 | Ep  19/50 | t_loss=0.0759 t_acc=0.894 | v_win_bal=0.608 v_rec_bal=0.688 | lr=7.4e-06 | 1.6s
  Fold 3 | Ep  20/50 | t_loss=0.0726 t_acc=0.892 | v_win_bal=0.632 v_rec_bal=0.688 | lr=7.1e-06 | 1.6s
  Fold 3 | Ep  21/50 | t_loss=0.0667 t_acc=0.910 | v_win_bal=0.623 v_rec_bal=0.688 | lr=6.8e-06 | 1.6s
  Fold 3 | Ep  22/50 | t_loss=0.0629 t_acc=0.913 | v_win_bal=0.628 v_rec_bal=0.688 | lr=6.5e-06 | 1.6s
  Fold 3 | Ep  23/50 | t_loss=0.0593 t_acc=0.919 | v_win_bal=0.653 v_rec_bal=0.750 | lr=6.2e-06 | 1.6s
  Fold 3 | Ep  24/50 | t_loss=0.0544 t_acc=0.929 | v_win_bal=0.640 v_rec_bal=0.750 | lr=5.8e-06 | 1.6s
  Fold 3 | Ep  25/50 | t_loss=0.0498 t_acc=0.936 | v_win_bal=0.648 v_rec_bal=0.750 | lr=5.5e-06 | 1.6s
  Fold 3 | Ep  26/50 | t_loss=0.0471 t_acc=0.940 | v_win_bal=0.662 v_rec_bal=0.750 | lr=5.2e-06 | 1.6s
  Fold 3 | Ep  27/50 | t_loss=0.0437 t_acc=0.948 | v_win_bal=0.660 v_rec_bal=0.750 | lr=4.8e-06 | 1.6s
  Fold 3 | Ep  28/50 | t_loss=0.0415 t_acc=0.946 | v_win_bal=0.640 v_rec_bal=0.688 | lr=4.5e-06 | 1.6s
  Fold 3 | Ep  29/50 | t_loss=0.0392 t_acc=0.953 | v_win_bal=0.659 v_rec_bal=0.750 | lr=4.2e-06 | 1.6s
  Fold 3 | Ep  30/50 | t_loss=0.0366 t_acc=0.961 | v_win_bal=0.635 v_rec_bal=0.750 | lr=3.8e-06 | 1.6s
  Fold 3 | Ep  31/50 | t_loss=0.0355 t_acc=0.962 | v_win_bal=0.654 v_rec_bal=0.750 | lr=3.5e-06 | 1.6s
  Fold 3 | Ep  32/50 | t_loss=0.0325 t_acc=0.963 | v_win_bal=0.646 v_rec_bal=0.750 | lr=3.2e-06 | 1.6s
  Fold 3 | Ep  33/50 | t_loss=0.0311 t_acc=0.969 | v_win_bal=0.641 v_rec_bal=0.750 | lr=2.9e-06 | 1.6s
  Fold 3 | Ep  34/50 | t_loss=0.0303 t_acc=0.966 | v_win_bal=0.647 v_rec_bal=0.750 | lr=2.6e-06 | 1.6s
  Fold 3 | Ep  35/50 | t_loss=0.0284 t_acc=0.971 | v_win_bal=0.651 v_rec_bal=0.750 | lr=2.3e-06 | 1.6s
  Fold 3 | Ep  36/50 | t_loss=0.0275 t_acc=0.969 | v_win_bal=0.630 v_rec_bal=0.625 | lr=2.0e-06 | 1.6s
  Fold 3 | Ep  37/50 | t_loss=0.0261 t_acc=0.970 | v_win_bal=0.638 v_rec_bal=0.688 | lr=1.8e-06 | 1.6s
  Fold 3 | Ep  38/50 | t_loss=0.0245 t_acc=0.975 | v_win_bal=0.645 v_rec_bal=0.750 | lr=1.5e-06 | 1.6s
  Fold 3 | Ep  39/50 | t_loss=0.0243 t_acc=0.974 | v_win_bal=0.640 v_rec_bal=0.688 | lr=1.3e-06 | 1.6s
  Fold 3 | Ep  40/50 | t_loss=0.0235 t_acc=0.976 | v_win_bal=0.643 v_rec_bal=0.750 | lr=1.1e-06 | 1.6s
  Early stop at epoch 40
  -> Test (best @ epoch 18): acc=0.7143, bal_acc=0.7143

============================================================
Fold 4/5
============================================================
  Train:  42 samples, 21 subjects [1, 2, 3, 7, 8, 11, 12, 13, 15, 16, 17, 18, 19, 20, 27, 28, 29, 31, 32, 34, 35], label_0=21, label_1=21
    Val:  16 samples,  8 subjects [4, 5, 6, 10, 23, 25, 26, 30], label_0=8, label_1=8
   Test:  14 samples,  7 subjects [0, 9, 14, 21, 22, 24, 33], label_0=7, label_1=7
  Building window datasets...
    WindowDataset: 1219 windows (class_0=736, class_1=483)
    WindowDataset: 383 windows (class_0=287, class_1=96)
    WindowDataset: 336 windows (class_0=252, class_1=84)
[LaBraM] Loaded 219/221 params from weights/labram-base/model.safetensors
[LaBraM] Missing: ['fc_norm.weight', 'fc_norm.bias']
  Fold 4 | Ep   1/50 | t_loss=0.1731 t_acc=0.608 | v_win_bal=0.505 v_rec_bal=0.500 | lr=3.3e-06 | 1.6s
  Fold 4 | Ep   2/50 | t_loss=0.1669 t_acc=0.646 | v_win_bal=0.560 v_rec_bal=0.500 | lr=6.7e-06 | 1.6s
  Fold 4 | Ep   3/50 | t_loss=0.1630 t_acc=0.660 | v_win_bal=0.538 v_rec_bal=0.438 | lr=1.0e-05 | 1.6s
  Fold 4 | Ep   4/50 | t_loss=0.1590 t_acc=0.679 | v_win_bal=0.553 v_rec_bal=0.500 | lr=1.0e-05 | 1.6s
  Fold 4 | Ep   5/50 | t_loss=0.1546 t_acc=0.689 | v_win_bal=0.550 v_rec_bal=0.375 | lr=1.0e-05 | 1.6s
  Fold 4 | Ep   6/50 | t_loss=0.1504 t_acc=0.701 | v_win_bal=0.543 v_rec_bal=0.500 | lr=9.9e-06 | 1.6s
  Fold 4 | Ep   7/50 | t_loss=0.1472 t_acc=0.710 | v_win_bal=0.545 v_rec_bal=0.500 | lr=9.8e-06 | 1.6s
  Fold 4 | Ep   8/50 | t_loss=0.1430 t_acc=0.725 | v_win_bal=0.560 v_rec_bal=0.562 | lr=9.7e-06 | 1.6s
  Fold 4 | Ep   9/50 | t_loss=0.1376 t_acc=0.738 | v_win_bal=0.569 v_rec_bal=0.625 | lr=9.6e-06 | 1.6s
  Fold 4 | Ep  10/50 | t_loss=0.1321 t_acc=0.757 | v_win_bal=0.595 v_rec_bal=0.688 | lr=9.5e-06 | 1.6s
  Fold 4 | Ep  11/50 | t_loss=0.1275 t_acc=0.769 | v_win_bal=0.618 v_rec_bal=0.688 | lr=9.3e-06 | 1.6s
  Fold 4 | Ep  12/50 | t_loss=0.1217 t_acc=0.781 | v_win_bal=0.599 v_rec_bal=0.562 | lr=9.1e-06 | 1.6s
  Fold 4 | Ep  13/50 | t_loss=0.1158 t_acc=0.803 | v_win_bal=0.609 v_rec_bal=0.562 | lr=8.9e-06 | 1.6s
  Fold 4 | Ep  14/50 | t_loss=0.1122 t_acc=0.803 | v_win_bal=0.632 v_rec_bal=0.688 | lr=8.7e-06 | 1.6s
  Fold 4 | Ep  15/50 | t_loss=0.1065 t_acc=0.816 | v_win_bal=0.658 v_rec_bal=0.750 | lr=8.5e-06 | 1.6s
  Fold 4 | Ep  16/50 | t_loss=0.1015 t_acc=0.831 | v_win_bal=0.640 v_rec_bal=0.688 | lr=8.2e-06 | 1.6s
  Fold 4 | Ep  17/50 | t_loss=0.0986 t_acc=0.829 | v_win_bal=0.647 v_rec_bal=0.688 | lr=8.0e-06 | 1.6s
  Fold 4 | Ep  18/50 | t_loss=0.0929 t_acc=0.845 | v_win_bal=0.649 v_rec_bal=0.688 | lr=7.7e-06 | 1.6s
  Fold 4 | Ep  19/50 | t_loss=0.0901 t_acc=0.840 | v_win_bal=0.651 v_rec_bal=0.750 | lr=7.4e-06 | 1.6s
  Fold 4 | Ep  20/50 | t_loss=0.0855 t_acc=0.850 | v_win_bal=0.651 v_rec_bal=0.750 | lr=7.1e-06 | 1.8s
  Fold 4 | Ep  21/50 | t_loss=0.0817 t_acc=0.863 | v_win_bal=0.639 v_rec_bal=0.750 | lr=6.8e-06 | 1.6s
  Fold 4 | Ep  22/50 | t_loss=0.0783 t_acc=0.872 | v_win_bal=0.651 v_rec_bal=0.750 | lr=6.5e-06 | 1.6s
  Fold 4 | Ep  23/50 | t_loss=0.0747 t_acc=0.878 | v_win_bal=0.653 v_rec_bal=0.750 | lr=6.2e-06 | 1.6s
  Fold 4 | Ep  24/50 | t_loss=0.0701 t_acc=0.889 | v_win_bal=0.644 v_rec_bal=0.750 | lr=5.8e-06 | 1.6s
  Fold 4 | Ep  25/50 | t_loss=0.0676 t_acc=0.890 | v_win_bal=0.656 v_rec_bal=0.750 | lr=5.5e-06 | 1.6s
  Fold 4 | Ep  26/50 | t_loss=0.0650 t_acc=0.896 | v_win_bal=0.642 v_rec_bal=0.625 | lr=5.2e-06 | 1.6s
  Fold 4 | Ep  27/50 | t_loss=0.0649 t_acc=0.900 | v_win_bal=0.654 v_rec_bal=0.750 | lr=4.8e-06 | 1.6s
  Fold 4 | Ep  28/50 | t_loss=0.0589 t_acc=0.913 | v_win_bal=0.640 v_rec_bal=0.750 | lr=4.5e-06 | 1.6s
  Fold 4 | Ep  29/50 | t_loss=0.0561 t_acc=0.919 | v_win_bal=0.654 v_rec_bal=0.750 | lr=4.2e-06 | 1.6s
  Fold 4 | Ep  30/50 | t_loss=0.0538 t_acc=0.924 | v_win_bal=0.640 v_rec_bal=0.750 | lr=3.8e-06 | 1.6s
  Fold 4 | Ep  31/50 | t_loss=0.0520 t_acc=0.923 | v_win_bal=0.658 v_rec_bal=0.750 | lr=3.5e-06 | 1.6s
  Fold 4 | Ep  32/50 | t_loss=0.0500 t_acc=0.927 | v_win_bal=0.639 v_rec_bal=0.750 | lr=3.2e-06 | 1.6s
  Fold 4 | Ep  33/50 | t_loss=0.0477 t_acc=0.933 | v_win_bal=0.658 v_rec_bal=0.750 | lr=2.9e-06 | 1.6s
  Fold 4 | Ep  34/50 | t_loss=0.0460 t_acc=0.937 | v_win_bal=0.658 v_rec_bal=0.750 | lr=2.6e-06 | 1.6s
  Fold 4 | Ep  35/50 | t_loss=0.0447 t_acc=0.938 | v_win_bal=0.653 v_rec_bal=0.750 | lr=2.3e-06 | 1.6s
  Fold 4 | Ep  36/50 | t_loss=0.0427 t_acc=0.942 | v_win_bal=0.658 v_rec_bal=0.750 | lr=2.0e-06 | 1.6s
  Early stop at epoch 36
  -> Test (best @ epoch 15): acc=0.7857, bal_acc=0.7857

============================================================
Fold 5/5
============================================================
  Train:  42 samples, 21 subjects [0, 1, 3, 7, 8, 10, 11, 12, 13, 14, 15, 17, 18, 19, 24, 26, 27, 30, 31, 33, 35], label_0=21, label_1=21
    Val:  16 samples,  8 subjects [4, 5, 6, 9, 20, 21, 22, 29], label_0=8, label_1=8
   Test:  14 samples,  7 subjects [2, 16, 23, 25, 28, 32, 34], label_0=7, label_1=7
  Building window datasets...
    WindowDataset: 1220 windows (class_0=737, class_1=483)
    WindowDataset: 382 windows (class_0=286, class_1=96)
    WindowDataset: 336 windows (class_0=252, class_1=84)
[LaBraM] Loaded 219/221 params from weights/labram-base/model.safetensors
[LaBraM] Missing: ['fc_norm.weight', 'fc_norm.bias']
  Fold 5 | Ep   1/50 | t_loss=0.1977 t_acc=0.605 | v_win_bal=0.500 v_rec_bal=0.500 | lr=3.3e-06 | 1.6s
  Fold 5 | Ep   2/50 | t_loss=0.1799 t_acc=0.597 | v_win_bal=0.510 v_rec_bal=0.562 | lr=6.7e-06 | 1.6s
  Fold 5 | Ep   3/50 | t_loss=0.1699 t_acc=0.590 | v_win_bal=0.593 v_rec_bal=0.625 | lr=1.0e-05 | 1.6s
  Fold 5 | Ep   4/50 | t_loss=0.1646 t_acc=0.623 | v_win_bal=0.593 v_rec_bal=0.500 | lr=1.0e-05 | 1.6s
  Fold 5 | Ep   5/50 | t_loss=0.1598 t_acc=0.640 | v_win_bal=0.572 v_rec_bal=0.625 | lr=1.0e-05 | 1.6s
  Fold 5 | Ep   6/50 | t_loss=0.1547 t_acc=0.663 | v_win_bal=0.641 v_rec_bal=0.688 | lr=9.9e-06 | 1.6s
  Fold 5 | Ep   7/50 | t_loss=0.1501 t_acc=0.668 | v_win_bal=0.633 v_rec_bal=0.750 | lr=9.8e-06 | 1.6s
  Fold 5 | Ep   8/50 | t_loss=0.1450 t_acc=0.683 | v_win_bal=0.680 v_rec_bal=0.688 | lr=9.7e-06 | 1.6s
  Fold 5 | Ep   9/50 | t_loss=0.1406 t_acc=0.702 | v_win_bal=0.676 v_rec_bal=0.625 | lr=9.6e-06 | 1.6s
  Fold 5 | Ep  10/50 | t_loss=0.1347 t_acc=0.720 | v_win_bal=0.685 v_rec_bal=0.750 | lr=9.5e-06 | 1.6s
  Fold 5 | Ep  11/50 | t_loss=0.1292 t_acc=0.734 | v_win_bal=0.683 v_rec_bal=0.688 | lr=9.3e-06 | 1.6s
  Fold 5 | Ep  12/50 | t_loss=0.1246 t_acc=0.748 | v_win_bal=0.694 v_rec_bal=0.812 | lr=9.1e-06 | 1.6s
  Fold 5 | Ep  13/50 | t_loss=0.1177 t_acc=0.767 | v_win_bal=0.696 v_rec_bal=0.812 | lr=8.9e-06 | 1.6s
  Fold 5 | Ep  14/50 | t_loss=0.1140 t_acc=0.781 | v_win_bal=0.694 v_rec_bal=0.750 | lr=8.7e-06 | 1.6s
  Fold 5 | Ep  15/50 | t_loss=0.1084 t_acc=0.797 | v_win_bal=0.695 v_rec_bal=0.750 | lr=8.5e-06 | 1.6s
  Fold 5 | Ep  16/50 | t_loss=0.1043 t_acc=0.795 | v_win_bal=0.713 v_rec_bal=0.750 | lr=8.2e-06 | 1.6s
  Fold 5 | Ep  17/50 | t_loss=0.0989 t_acc=0.826 | v_win_bal=0.702 v_rec_bal=0.750 | lr=8.0e-06 | 1.6s
  Fold 5 | Ep  18/50 | t_loss=0.0945 t_acc=0.823 | v_win_bal=0.701 v_rec_bal=0.750 | lr=7.7e-06 | 1.6s
  Fold 5 | Ep  19/50 | t_loss=0.0883 t_acc=0.844 | v_win_bal=0.708 v_rec_bal=0.750 | lr=7.4e-06 | 1.6s
  Fold 5 | Ep  20/50 | t_loss=0.0844 t_acc=0.862 | v_win_bal=0.723 v_rec_bal=0.750 | lr=7.1e-06 | 1.6s
  Fold 5 | Ep  21/50 | t_loss=0.0806 t_acc=0.868 | v_win_bal=0.727 v_rec_bal=0.750 | lr=6.8e-06 | 1.6s
  Fold 5 | Ep  22/50 | t_loss=0.0773 t_acc=0.873 | v_win_bal=0.715 v_rec_bal=0.750 | lr=6.5e-06 | 1.6s
  Fold 5 | Ep  23/50 | t_loss=0.0723 t_acc=0.896 | v_win_bal=0.722 v_rec_bal=0.750 | lr=6.2e-06 | 1.6s
  Fold 5 | Ep  24/50 | t_loss=0.0720 t_acc=0.882 | v_win_bal=0.722 v_rec_bal=0.750 | lr=5.8e-06 | 1.6s
  Fold 5 | Ep  25/50 | t_loss=0.0650 t_acc=0.901 | v_win_bal=0.732 v_rec_bal=0.750 | lr=5.5e-06 | 1.6s
  Fold 5 | Ep  26/50 | t_loss=0.0623 t_acc=0.905 | v_win_bal=0.728 v_rec_bal=0.812 | lr=5.2e-06 | 1.6s
  Fold 5 | Ep  27/50 | t_loss=0.0603 t_acc=0.914 | v_win_bal=0.744 v_rec_bal=0.750 | lr=4.8e-06 | 1.6s
  Fold 5 | Ep  28/50 | t_loss=0.0564 t_acc=0.922 | v_win_bal=0.734 v_rec_bal=0.750 | lr=4.5e-06 | 1.6s
  Fold 5 | Ep  29/50 | t_loss=0.0540 t_acc=0.918 | v_win_bal=0.753 v_rec_bal=0.750 | lr=4.2e-06 | 1.6s
  Early stop at epoch 29
  -> Test (best @ epoch 12): acc=0.5714, bal_acc=0.5714

============================================================
Global Results (5-Fold, subject-level CV)
Mode: FT | Extractor: labram | Loss: focal
============================================================
              acc: 0.6944
          bal_acc: 0.6944
               f1: 0.6944
            kappa: 0.3889
  Total predictions: 72 (should equal dataset size: 72)

Results saved to results/studies/exp31_aug_audit/eegmat_aug50_s2024/
