/raid/jupyter-linjimmy1003.md10/.conda/envs/stress/lib/python3.11/site-packages/timm/models/layers/__init__.py:49: FutureWarning: Importing from timm.models.layers is deprecated, please import via timm.layers
  warnings.warn(f"Importing from {__name__} is deprecated, please import via timm.layers", FutureWarning)
Mode: FT | Extractor: labram | Folds: 5
LR: 1e-05 | WD: 0.05 | Beta2: 0.999 | Grad clip: 2.0
Head: hidden=128, dropout=0.0 | Norm: zscore | Loss: focal
Full FT: encoder_lr_scale=0.1
Augmentation: 50% overlap for increase class

Results → results/studies/exp31_aug_audit/eegmat_aug50_s42/
EEGMAT: 72 recordings from 36 subjects (rest=36, task=36)
EEGMAT: 72 recordings, 36 subjects (task=36, rest=36)

============================================================
Fold 1/5
============================================================
  Train:  42 samples, 21 subjects [2, 3, 4, 6, 7, 8, 9, 13, 14, 16, 17, 18, 19, 21, 22, 26, 27, 30, 32, 33, 34], label_0=21, label_1=21
    Val:  14 samples,  7 subjects [1, 5, 10, 11, 12, 20, 29], label_0=7, label_1=7
   Test:  16 samples,  8 subjects [0, 15, 23, 24, 25, 28, 31, 35], label_0=8, label_1=8
  Building window datasets...
    WindowDataset: 1237 windows (class_0=754, class_1=483)
    WindowDataset: 337 windows (class_0=253, class_1=84)
    WindowDataset: 364 windows (class_0=268, class_1=96)
[LaBraM] Loaded 219/221 params from weights/labram-base/model.safetensors
[LaBraM] Missing: ['fc_norm.weight', 'fc_norm.bias']
  Trainable parameters: 5,871,779
  Class weights: [0.8202917575836182, 1.2805383205413818]
  Fold 1 | Ep   1/50 | t_loss=0.1920 t_acc=0.612 | v_win_bal=0.498 v_rec_bal=0.500 | lr=3.3e-06 | 3.6s
  Fold 1 | Ep   2/50 | t_loss=0.1757 t_acc=0.603 | v_win_bal=0.564 v_rec_bal=0.643 | lr=6.7e-06 | 2.0s
  Fold 1 | Ep   3/50 | t_loss=0.1647 t_acc=0.647 | v_win_bal=0.542 v_rec_bal=0.571 | lr=1.0e-05 | 1.6s
  Fold 1 | Ep   4/50 | t_loss=0.1560 t_acc=0.686 | v_win_bal=0.545 v_rec_bal=0.643 | lr=1.0e-05 | 1.6s
  Fold 1 | Ep   5/50 | t_loss=0.1472 t_acc=0.719 | v_win_bal=0.556 v_rec_bal=0.571 | lr=1.0e-05 | 1.6s
  Fold 1 | Ep   6/50 | t_loss=0.1398 t_acc=0.745 | v_win_bal=0.570 v_rec_bal=0.643 | lr=9.9e-06 | 1.6s
  Fold 1 | Ep   7/50 | t_loss=0.1339 t_acc=0.748 | v_win_bal=0.558 v_rec_bal=0.571 | lr=9.8e-06 | 1.6s
  Fold 1 | Ep   8/50 | t_loss=0.1283 t_acc=0.755 | v_win_bal=0.542 v_rec_bal=0.500 | lr=9.7e-06 | 1.6s
  Fold 1 | Ep   9/50 | t_loss=0.1217 t_acc=0.766 | v_win_bal=0.578 v_rec_bal=0.571 | lr=9.6e-06 | 1.6s
  Fold 1 | Ep  10/50 | t_loss=0.1167 t_acc=0.779 | v_win_bal=0.588 v_rec_bal=0.571 | lr=9.5e-06 | 1.6s
  Fold 1 | Ep  11/50 | t_loss=0.1116 t_acc=0.795 | v_win_bal=0.588 v_rec_bal=0.643 | lr=9.3e-06 | 1.6s
  Fold 1 | Ep  12/50 | t_loss=0.1076 t_acc=0.803 | v_win_bal=0.584 v_rec_bal=0.571 | lr=9.1e-06 | 1.6s
  Fold 1 | Ep  13/50 | t_loss=0.1010 t_acc=0.823 | v_win_bal=0.584 v_rec_bal=0.571 | lr=8.9e-06 | 1.6s
  Fold 1 | Ep  14/50 | t_loss=0.0960 t_acc=0.826 | v_win_bal=0.582 v_rec_bal=0.571 | lr=8.7e-06 | 1.6s
  Fold 1 | Ep  15/50 | t_loss=0.0908 t_acc=0.836 | v_win_bal=0.578 v_rec_bal=0.571 | lr=8.5e-06 | 1.6s
  Fold 1 | Ep  16/50 | t_loss=0.0853 t_acc=0.849 | v_win_bal=0.576 v_rec_bal=0.643 | lr=8.2e-06 | 2.0s
  Fold 1 | Ep  17/50 | t_loss=0.0813 t_acc=0.853 | v_win_bal=0.588 v_rec_bal=0.643 | lr=8.0e-06 | 1.6s
  Fold 1 | Ep  18/50 | t_loss=0.0776 t_acc=0.863 | v_win_bal=0.584 v_rec_bal=0.571 | lr=7.7e-06 | 1.6s
  Fold 1 | Ep  19/50 | t_loss=0.0726 t_acc=0.876 | v_win_bal=0.600 v_rec_bal=0.643 | lr=7.4e-06 | 1.6s
  Early stop at epoch 19
  -> Test (best @ epoch 2): acc=0.4375, bal_acc=0.4375

============================================================
Fold 2/5
============================================================
  Train:  42 samples, 21 subjects [0, 1, 7, 8, 9, 14, 15, 16, 17, 18, 19, 20, 22, 24, 25, 26, 28, 29, 30, 31, 35], label_0=21, label_1=21
    Val:  16 samples,  8 subjects [3, 10, 11, 12, 23, 32, 33, 34], label_0=8, label_1=8
   Test:  14 samples,  7 subjects [2, 4, 5, 6, 13, 21, 27], label_0=7, label_1=7
  Building window datasets...
    WindowDataset: 1219 windows (class_0=736, class_1=483)
    WindowDataset: 385 windows (class_0=289, class_1=96)
    WindowDataset: 334 windows (class_0=250, class_1=84)
[LaBraM] Loaded 219/221 params from weights/labram-base/model.safetensors
[LaBraM] Missing: ['fc_norm.weight', 'fc_norm.bias']
  Fold 2 | Ep   1/50 | t_loss=0.1794 t_acc=0.365 | v_win_bal=0.437 v_rec_bal=0.375 | lr=3.3e-06 | 1.7s
  Fold 2 | Ep   2/50 | t_loss=0.1754 t_acc=0.476 | v_win_bal=0.509 v_rec_bal=0.438 | lr=6.7e-06 | 1.7s
  Fold 2 | Ep   3/50 | t_loss=0.1693 t_acc=0.626 | v_win_bal=0.478 v_rec_bal=0.438 | lr=1.0e-05 | 1.7s
  Fold 2 | Ep   4/50 | t_loss=0.1633 t_acc=0.679 | v_win_bal=0.504 v_rec_bal=0.375 | lr=1.0e-05 | 1.7s
  Fold 2 | Ep   5/50 | t_loss=0.1532 t_acc=0.706 | v_win_bal=0.563 v_rec_bal=0.562 | lr=1.0e-05 | 1.7s
  Fold 2 | Ep   6/50 | t_loss=0.1458 t_acc=0.721 | v_win_bal=0.567 v_rec_bal=0.562 | lr=9.9e-06 | 1.7s
  Fold 2 | Ep   7/50 | t_loss=0.1394 t_acc=0.734 | v_win_bal=0.579 v_rec_bal=0.625 | lr=9.8e-06 | 1.7s
  Fold 2 | Ep   8/50 | t_loss=0.1342 t_acc=0.743 | v_win_bal=0.579 v_rec_bal=0.625 | lr=9.7e-06 | 1.7s
  Fold 2 | Ep   9/50 | t_loss=0.1286 t_acc=0.758 | v_win_bal=0.601 v_rec_bal=0.625 | lr=9.6e-06 | 1.7s
  Fold 2 | Ep  10/50 | t_loss=0.1240 t_acc=0.775 | v_win_bal=0.599 v_rec_bal=0.625 | lr=9.5e-06 | 1.7s
  Fold 2 | Ep  11/50 | t_loss=0.1187 t_acc=0.787 | v_win_bal=0.566 v_rec_bal=0.625 | lr=9.3e-06 | 1.7s
  Fold 2 | Ep  12/50 | t_loss=0.1124 t_acc=0.803 | v_win_bal=0.641 v_rec_bal=0.625 | lr=9.1e-06 | 1.7s
  Fold 2 | Ep  13/50 | t_loss=0.1076 t_acc=0.812 | v_win_bal=0.603 v_rec_bal=0.625 | lr=8.9e-06 | 1.7s
  Fold 2 | Ep  14/50 | t_loss=0.1008 t_acc=0.820 | v_win_bal=0.586 v_rec_bal=0.625 | lr=8.7e-06 | 1.7s
  Fold 2 | Ep  15/50 | t_loss=0.0954 t_acc=0.844 | v_win_bal=0.632 v_rec_bal=0.625 | lr=8.5e-06 | 1.7s
  Fold 2 | Ep  16/50 | t_loss=0.0888 t_acc=0.857 | v_win_bal=0.617 v_rec_bal=0.625 | lr=8.2e-06 | 1.7s
  Fold 2 | Ep  17/50 | t_loss=0.0828 t_acc=0.872 | v_win_bal=0.632 v_rec_bal=0.625 | lr=8.0e-06 | 1.7s
  Fold 2 | Ep  18/50 | t_loss=0.0765 t_acc=0.886 | v_win_bal=0.620 v_rec_bal=0.625 | lr=7.7e-06 | 1.7s
  Fold 2 | Ep  19/50 | t_loss=0.0715 t_acc=0.891 | v_win_bal=0.599 v_rec_bal=0.625 | lr=7.4e-06 | 1.7s
  Fold 2 | Ep  20/50 | t_loss=0.0657 t_acc=0.913 | v_win_bal=0.627 v_rec_bal=0.625 | lr=7.1e-06 | 1.7s
  Fold 2 | Ep  21/50 | t_loss=0.0614 t_acc=0.916 | v_win_bal=0.608 v_rec_bal=0.625 | lr=6.8e-06 | 1.7s
  Fold 2 | Ep  22/50 | t_loss=0.0561 t_acc=0.924 | v_win_bal=0.620 v_rec_bal=0.625 | lr=6.5e-06 | 1.7s
  Fold 2 | Ep  23/50 | t_loss=0.0535 t_acc=0.929 | v_win_bal=0.613 v_rec_bal=0.625 | lr=6.2e-06 | 1.7s
  Fold 2 | Ep  24/50 | t_loss=0.0490 t_acc=0.930 | v_win_bal=0.606 v_rec_bal=0.688 | lr=5.8e-06 | 1.7s
  Fold 2 | Ep  25/50 | t_loss=0.0463 t_acc=0.940 | v_win_bal=0.634 v_rec_bal=0.625 | lr=5.5e-06 | 1.6s
  Fold 2 | Ep  26/50 | t_loss=0.0429 t_acc=0.947 | v_win_bal=0.615 v_rec_bal=0.625 | lr=5.2e-06 | 1.6s
  Fold 2 | Ep  27/50 | t_loss=0.0400 t_acc=0.947 | v_win_bal=0.620 v_rec_bal=0.625 | lr=4.8e-06 | 1.7s
  Fold 2 | Ep  28/50 | t_loss=0.0371 t_acc=0.958 | v_win_bal=0.636 v_rec_bal=0.625 | lr=4.5e-06 | 1.7s
  Fold 2 | Ep  29/50 | t_loss=0.0343 t_acc=0.955 | v_win_bal=0.627 v_rec_bal=0.625 | lr=4.2e-06 | 1.7s
  Fold 2 | Ep  30/50 | t_loss=0.0335 t_acc=0.956 | v_win_bal=0.613 v_rec_bal=0.688 | lr=3.8e-06 | 1.7s
  Fold 2 | Ep  31/50 | t_loss=0.0298 t_acc=0.969 | v_win_bal=0.622 v_rec_bal=0.625 | lr=3.5e-06 | 1.6s
  Fold 2 | Ep  32/50 | t_loss=0.0285 t_acc=0.966 | v_win_bal=0.627 v_rec_bal=0.688 | lr=3.2e-06 | 1.7s
  Fold 2 | Ep  33/50 | t_loss=0.0263 t_acc=0.971 | v_win_bal=0.627 v_rec_bal=0.688 | lr=2.9e-06 | 1.7s
  Fold 2 | Ep  34/50 | t_loss=0.0258 t_acc=0.970 | v_win_bal=0.615 v_rec_bal=0.688 | lr=2.6e-06 | 1.6s
  Fold 2 | Ep  35/50 | t_loss=0.0239 t_acc=0.975 | v_win_bal=0.627 v_rec_bal=0.688 | lr=2.3e-06 | 1.7s
  Fold 2 | Ep  36/50 | t_loss=0.0244 t_acc=0.975 | v_win_bal=0.620 v_rec_bal=0.688 | lr=2.0e-06 | 1.7s
  Fold 2 | Ep  37/50 | t_loss=0.0221 t_acc=0.977 | v_win_bal=0.613 v_rec_bal=0.688 | lr=1.8e-06 | 1.7s
  Fold 2 | Ep  38/50 | t_loss=0.0212 t_acc=0.981 | v_win_bal=0.613 v_rec_bal=0.688 | lr=1.5e-06 | 2.0s
  Fold 2 | Ep  39/50 | t_loss=0.0204 t_acc=0.979 | v_win_bal=0.624 v_rec_bal=0.688 | lr=1.3e-06 | 1.7s
  Fold 2 | Ep  40/50 | t_loss=0.0198 t_acc=0.982 | v_win_bal=0.615 v_rec_bal=0.688 | lr=1.1e-06 | 1.7s
  Fold 2 | Ep  41/50 | t_loss=0.0197 t_acc=0.981 | v_win_bal=0.615 v_rec_bal=0.688 | lr=8.8e-07 | 1.6s
  Fold 2 | Ep  42/50 | t_loss=0.0194 t_acc=0.979 | v_win_bal=0.627 v_rec_bal=0.688 | lr=7.0e-07 | 1.6s
  Fold 2 | Ep  43/50 | t_loss=0.0187 t_acc=0.981 | v_win_bal=0.627 v_rec_bal=0.688 | lr=5.4e-07 | 1.7s
  Fold 2 | Ep  44/50 | t_loss=0.0186 t_acc=0.985 | v_win_bal=0.638 v_rec_bal=0.688 | lr=4.0e-07 | 1.7s
  Fold 2 | Ep  45/50 | t_loss=0.0186 t_acc=0.982 | v_win_bal=0.629 v_rec_bal=0.688 | lr=2.8e-07 | 1.6s
  Fold 2 | Ep  46/50 | t_loss=0.0180 t_acc=0.984 | v_win_bal=0.629 v_rec_bal=0.688 | lr=1.8e-07 | 1.7s
  Fold 2 | Ep  47/50 | t_loss=0.0179 t_acc=0.985 | v_win_bal=0.632 v_rec_bal=0.688 | lr=1.0e-07 | 1.7s
  Fold 2 | Ep  48/50 | t_loss=0.0176 t_acc=0.984 | v_win_bal=0.632 v_rec_bal=0.688 | lr=1.0e-07 | 1.7s
  Fold 2 | Ep  49/50 | t_loss=0.0180 t_acc=0.984 | v_win_bal=0.624 v_rec_bal=0.688 | lr=1.0e-07 | 1.7s
  Early stop at epoch 49
  -> Test (best @ epoch 24): acc=0.6429, bal_acc=0.6429

============================================================
Fold 3/5
============================================================
  Train:  42 samples, 21 subjects [0, 1, 3, 4, 5, 11, 13, 14, 15, 16, 17, 18, 21, 23, 24, 25, 27, 28, 29, 30, 35], label_0=21, label_1=21
    Val:  16 samples,  8 subjects [2, 6, 7, 8, 22, 31, 32, 34], label_0=8, label_1=8
   Test:  14 samples,  7 subjects [9, 10, 12, 19, 20, 26, 33], label_0=7, label_1=7
  Building window datasets...
    WindowDataset: 1237 windows (class_0=754, class_1=483)
    WindowDataset: 364 windows (class_0=268, class_1=96)
    WindowDataset: 337 windows (class_0=253, class_1=84)
[LaBraM] Loaded 219/221 params from weights/labram-base/model.safetensors
[LaBraM] Missing: ['fc_norm.weight', 'fc_norm.bias']
  Fold 3 | Ep   1/50 | t_loss=0.1773 t_acc=0.608 | v_win_bal=0.503 v_rec_bal=0.500 | lr=3.3e-06 | 1.6s
  Fold 3 | Ep   2/50 | t_loss=0.1736 t_acc=0.593 | v_win_bal=0.604 v_rec_bal=0.625 | lr=6.7e-06 | 1.6s
  Fold 3 | Ep   3/50 | t_loss=0.1696 t_acc=0.621 | v_win_bal=0.704 v_rec_bal=0.750 | lr=1.0e-05 | 1.6s
  Fold 3 | Ep   4/50 | t_loss=0.1654 t_acc=0.668 | v_win_bal=0.712 v_rec_bal=0.812 | lr=1.0e-05 | 1.6s
  Fold 3 | Ep   5/50 | t_loss=0.1612 t_acc=0.673 | v_win_bal=0.716 v_rec_bal=0.812 | lr=1.0e-05 | 1.6s
  Fold 3 | Ep   6/50 | t_loss=0.1569 t_acc=0.678 | v_win_bal=0.686 v_rec_bal=0.812 | lr=9.9e-06 | 1.6s
  Fold 3 | Ep   7/50 | t_loss=0.1526 t_acc=0.688 | v_win_bal=0.720 v_rec_bal=0.812 | lr=9.8e-06 | 1.6s
  Fold 3 | Ep   8/50 | t_loss=0.1480 t_acc=0.711 | v_win_bal=0.736 v_rec_bal=0.750 | lr=9.7e-06 | 1.6s
  Fold 3 | Ep   9/50 | t_loss=0.1424 t_acc=0.732 | v_win_bal=0.757 v_rec_bal=0.812 | lr=9.6e-06 | 1.6s
  Fold 3 | Ep  10/50 | t_loss=0.1365 t_acc=0.739 | v_win_bal=0.726 v_rec_bal=0.812 | lr=9.5e-06 | 1.6s
  Fold 3 | Ep  11/50 | t_loss=0.1307 t_acc=0.758 | v_win_bal=0.739 v_rec_bal=0.812 | lr=9.3e-06 | 1.6s
  Fold 3 | Ep  12/50 | t_loss=0.1254 t_acc=0.772 | v_win_bal=0.736 v_rec_bal=0.812 | lr=9.1e-06 | 1.7s
  Fold 3 | Ep  13/50 | t_loss=0.1191 t_acc=0.780 | v_win_bal=0.746 v_rec_bal=0.812 | lr=8.9e-06 | 1.6s
  Fold 3 | Ep  14/50 | t_loss=0.1130 t_acc=0.797 | v_win_bal=0.712 v_rec_bal=0.875 | lr=8.7e-06 | 1.6s
  Fold 3 | Ep  15/50 | t_loss=0.1114 t_acc=0.803 | v_win_bal=0.745 v_rec_bal=0.812 | lr=8.5e-06 | 1.6s
  Fold 3 | Ep  16/50 | t_loss=0.1041 t_acc=0.830 | v_win_bal=0.759 v_rec_bal=0.812 | lr=8.2e-06 | 1.6s
  Fold 3 | Ep  17/50 | t_loss=0.1008 t_acc=0.837 | v_win_bal=0.745 v_rec_bal=0.812 | lr=8.0e-06 | 1.6s
  Fold 3 | Ep  18/50 | t_loss=0.0965 t_acc=0.846 | v_win_bal=0.725 v_rec_bal=0.812 | lr=7.7e-06 | 1.6s
  Fold 3 | Ep  19/50 | t_loss=0.0914 t_acc=0.848 | v_win_bal=0.743 v_rec_bal=0.812 | lr=7.4e-06 | 1.6s
  Fold 3 | Ep  20/50 | t_loss=0.0864 t_acc=0.869 | v_win_bal=0.742 v_rec_bal=0.812 | lr=7.1e-06 | 1.6s
  Fold 3 | Ep  21/50 | t_loss=0.0834 t_acc=0.877 | v_win_bal=0.739 v_rec_bal=0.812 | lr=6.8e-06 | 1.6s
  Fold 3 | Ep  22/50 | t_loss=0.0782 t_acc=0.887 | v_win_bal=0.748 v_rec_bal=0.812 | lr=6.5e-06 | 1.6s
  Fold 3 | Ep  23/50 | t_loss=0.0755 t_acc=0.893 | v_win_bal=0.673 v_rec_bal=0.750 | lr=6.2e-06 | 1.6s
  Fold 3 | Ep  24/50 | t_loss=0.0713 t_acc=0.899 | v_win_bal=0.737 v_rec_bal=0.812 | lr=5.8e-06 | 1.6s
  Fold 3 | Ep  25/50 | t_loss=0.0678 t_acc=0.904 | v_win_bal=0.747 v_rec_bal=0.812 | lr=5.5e-06 | 1.6s
  Fold 3 | Ep  26/50 | t_loss=0.0651 t_acc=0.914 | v_win_bal=0.690 v_rec_bal=0.812 | lr=5.2e-06 | 1.6s
  Fold 3 | Ep  27/50 | t_loss=0.0624 t_acc=0.914 | v_win_bal=0.694 v_rec_bal=0.875 | lr=4.8e-06 | 1.6s
  Fold 3 | Ep  28/50 | t_loss=0.0592 t_acc=0.925 | v_win_bal=0.727 v_rec_bal=0.750 | lr=4.5e-06 | 1.6s
  Fold 3 | Ep  29/50 | t_loss=0.0573 t_acc=0.924 | v_win_bal=0.720 v_rec_bal=0.750 | lr=4.2e-06 | 1.6s
  Early stop at epoch 29
  -> Test (best @ epoch 14): acc=0.7857, bal_acc=0.7857

============================================================
Fold 4/5
============================================================
  Train:  42 samples, 21 subjects [0, 1, 4, 5, 6, 13, 14, 15, 16, 17, 18, 19, 20, 23, 24, 25, 26, 27, 28, 29, 35], label_0=21, label_1=21
    Val:  16 samples,  8 subjects [2, 9, 10, 12, 21, 31, 32, 33], label_0=8, label_1=8
   Test:  14 samples,  7 subjects [3, 7, 8, 11, 22, 30, 34], label_0=7, label_1=7
  Building window datasets...
    WindowDataset: 1237 windows (class_0=754, class_1=483)
    WindowDataset: 365 windows (class_0=269, class_1=96)
    WindowDataset: 336 windows (class_0=252, class_1=84)
[LaBraM] Loaded 219/221 params from weights/labram-base/model.safetensors
[LaBraM] Missing: ['fc_norm.weight', 'fc_norm.bias']
  Fold 4 | Ep   1/50 | t_loss=0.1832 t_acc=0.614 | v_win_bal=0.512 v_rec_bal=0.500 | lr=3.3e-06 | 1.6s
  Fold 4 | Ep   2/50 | t_loss=0.1733 t_acc=0.595 | v_win_bal=0.573 v_rec_bal=0.562 | lr=6.7e-06 | 1.6s
  Fold 4 | Ep   3/50 | t_loss=0.1663 t_acc=0.624 | v_win_bal=0.537 v_rec_bal=0.562 | lr=1.0e-05 | 1.6s
  Fold 4 | Ep   4/50 | t_loss=0.1591 t_acc=0.664 | v_win_bal=0.553 v_rec_bal=0.688 | lr=1.0e-05 | 1.6s
  Fold 4 | Ep   5/50 | t_loss=0.1544 t_acc=0.668 | v_win_bal=0.562 v_rec_bal=0.625 | lr=1.0e-05 | 1.6s
  Fold 4 | Ep   6/50 | t_loss=0.1512 t_acc=0.683 | v_win_bal=0.601 v_rec_bal=0.625 | lr=9.9e-06 | 1.6s
  Fold 4 | Ep   7/50 | t_loss=0.1473 t_acc=0.692 | v_win_bal=0.582 v_rec_bal=0.625 | lr=9.8e-06 | 1.6s
  Fold 4 | Ep   8/50 | t_loss=0.1432 t_acc=0.697 | v_win_bal=0.563 v_rec_bal=0.562 | lr=9.7e-06 | 1.6s
  Fold 4 | Ep   9/50 | t_loss=0.1375 t_acc=0.733 | v_win_bal=0.612 v_rec_bal=0.625 | lr=9.6e-06 | 1.6s
  Fold 4 | Ep  10/50 | t_loss=0.1353 t_acc=0.725 | v_win_bal=0.614 v_rec_bal=0.625 | lr=9.5e-06 | 1.6s
  Fold 4 | Ep  11/50 | t_loss=0.1296 t_acc=0.748 | v_win_bal=0.566 v_rec_bal=0.500 | lr=9.3e-06 | 1.6s
  Fold 4 | Ep  12/50 | t_loss=0.1237 t_acc=0.760 | v_win_bal=0.600 v_rec_bal=0.688 | lr=9.1e-06 | 1.6s
  Fold 4 | Ep  13/50 | t_loss=0.1174 t_acc=0.791 | v_win_bal=0.609 v_rec_bal=0.688 | lr=8.9e-06 | 1.6s
  Fold 4 | Ep  14/50 | t_loss=0.1127 t_acc=0.793 | v_win_bal=0.604 v_rec_bal=0.688 | lr=8.7e-06 | 1.6s
  Fold 4 | Ep  15/50 | t_loss=0.1074 t_acc=0.821 | v_win_bal=0.602 v_rec_bal=0.750 | lr=8.5e-06 | 1.6s
  Fold 4 | Ep  16/50 | t_loss=0.1000 t_acc=0.846 | v_win_bal=0.611 v_rec_bal=0.750 | lr=8.2e-06 | 1.6s
  Fold 4 | Ep  17/50 | t_loss=0.0957 t_acc=0.848 | v_win_bal=0.641 v_rec_bal=0.750 | lr=8.0e-06 | 1.6s
  Fold 4 | Ep  18/50 | t_loss=0.0900 t_acc=0.868 | v_win_bal=0.625 v_rec_bal=0.688 | lr=7.7e-06 | 1.6s
  Fold 4 | Ep  19/50 | t_loss=0.0851 t_acc=0.870 | v_win_bal=0.640 v_rec_bal=0.750 | lr=7.4e-06 | 1.6s
  Fold 4 | Ep  20/50 | t_loss=0.0820 t_acc=0.881 | v_win_bal=0.627 v_rec_bal=0.688 | lr=7.1e-06 | 1.6s
  Fold 4 | Ep  21/50 | t_loss=0.0752 t_acc=0.897 | v_win_bal=0.637 v_rec_bal=0.688 | lr=6.8e-06 | 1.6s
  Fold 4 | Ep  22/50 | t_loss=0.0719 t_acc=0.896 | v_win_bal=0.641 v_rec_bal=0.688 | lr=6.5e-06 | 1.6s
  Fold 4 | Ep  23/50 | t_loss=0.0653 t_acc=0.909 | v_win_bal=0.644 v_rec_bal=0.750 | lr=6.2e-06 | 1.6s
  Fold 4 | Ep  24/50 | t_loss=0.0609 t_acc=0.921 | v_win_bal=0.652 v_rec_bal=0.688 | lr=5.8e-06 | 1.6s
  Fold 4 | Ep  25/50 | t_loss=0.0579 t_acc=0.920 | v_win_bal=0.653 v_rec_bal=0.812 | lr=5.5e-06 | 1.6s
  Fold 4 | Ep  26/50 | t_loss=0.0540 t_acc=0.928 | v_win_bal=0.638 v_rec_bal=0.812 | lr=5.2e-06 | 1.6s
  Fold 4 | Ep  27/50 | t_loss=0.0498 t_acc=0.938 | v_win_bal=0.631 v_rec_bal=0.750 | lr=4.8e-06 | 1.6s
  Fold 4 | Ep  28/50 | t_loss=0.0473 t_acc=0.941 | v_win_bal=0.631 v_rec_bal=0.812 | lr=4.5e-06 | 1.6s
  Fold 4 | Ep  29/50 | t_loss=0.0446 t_acc=0.947 | v_win_bal=0.643 v_rec_bal=0.750 | lr=4.2e-06 | 1.6s
  Fold 4 | Ep  30/50 | t_loss=0.0418 t_acc=0.947 | v_win_bal=0.646 v_rec_bal=0.875 | lr=3.8e-06 | 1.6s
  Fold 4 | Ep  31/50 | t_loss=0.0390 t_acc=0.956 | v_win_bal=0.636 v_rec_bal=0.812 | lr=3.5e-06 | 1.6s
  Fold 4 | Ep  32/50 | t_loss=0.0366 t_acc=0.957 | v_win_bal=0.654 v_rec_bal=0.812 | lr=3.2e-06 | 1.6s
  Fold 4 | Ep  33/50 | t_loss=0.0354 t_acc=0.961 | v_win_bal=0.630 v_rec_bal=0.875 | lr=2.9e-06 | 1.6s
  Fold 4 | Ep  34/50 | t_loss=0.0336 t_acc=0.967 | v_win_bal=0.627 v_rec_bal=0.750 | lr=2.6e-06 | 1.6s
  Fold 4 | Ep  35/50 | t_loss=0.0318 t_acc=0.966 | v_win_bal=0.632 v_rec_bal=0.875 | lr=2.3e-06 | 1.6s
  Fold 4 | Ep  36/50 | t_loss=0.0311 t_acc=0.969 | v_win_bal=0.623 v_rec_bal=0.875 | lr=2.0e-06 | 1.6s
  Fold 4 | Ep  37/50 | t_loss=0.0291 t_acc=0.968 | v_win_bal=0.638 v_rec_bal=0.812 | lr=1.8e-06 | 1.6s
  Fold 4 | Ep  38/50 | t_loss=0.0292 t_acc=0.967 | v_win_bal=0.622 v_rec_bal=0.812 | lr=1.5e-06 | 1.6s
  Fold 4 | Ep  39/50 | t_loss=0.0271 t_acc=0.972 | v_win_bal=0.626 v_rec_bal=0.875 | lr=1.3e-06 | 1.6s
  Fold 4 | Ep  40/50 | t_loss=0.0263 t_acc=0.975 | v_win_bal=0.616 v_rec_bal=0.812 | lr=1.1e-06 | 1.6s
  Fold 4 | Ep  41/50 | t_loss=0.0260 t_acc=0.974 | v_win_bal=0.625 v_rec_bal=0.875 | lr=8.8e-07 | 1.6s
  Fold 4 | Ep  42/50 | t_loss=0.0253 t_acc=0.975 | v_win_bal=0.625 v_rec_bal=0.875 | lr=7.0e-07 | 1.6s
  Fold 4 | Ep  43/50 | t_loss=0.0241 t_acc=0.977 | v_win_bal=0.623 v_rec_bal=0.812 | lr=5.4e-07 | 1.6s
  Fold 4 | Ep  44/50 | t_loss=0.0239 t_acc=0.979 | v_win_bal=0.631 v_rec_bal=0.875 | lr=4.0e-07 | 1.6s
  Fold 4 | Ep  45/50 | t_loss=0.0237 t_acc=0.980 | v_win_bal=0.617 v_rec_bal=0.875 | lr=2.8e-07 | 1.6s
  Fold 4 | Ep  46/50 | t_loss=0.0243 t_acc=0.976 | v_win_bal=0.618 v_rec_bal=0.875 | lr=1.8e-07 | 1.7s
  Fold 4 | Ep  47/50 | t_loss=0.0235 t_acc=0.979 | v_win_bal=0.619 v_rec_bal=0.875 | lr=1.0e-07 | 1.7s
  Fold 4 | Ep  48/50 | t_loss=0.0238 t_acc=0.975 | v_win_bal=0.625 v_rec_bal=0.875 | lr=1.0e-07 | 1.6s
  Fold 4 | Ep  49/50 | t_loss=0.0236 t_acc=0.979 | v_win_bal=0.620 v_rec_bal=0.875 | lr=1.0e-07 | 1.6s
  Fold 4 | Ep  50/50 | t_loss=0.0235 t_acc=0.975 | v_win_bal=0.621 v_rec_bal=0.875 | lr=1.0e-07 | 1.6s
  -> Test (best @ epoch 30): acc=0.8571, bal_acc=0.8571

============================================================
Fold 5/5
============================================================
  Train:  42 samples, 21 subjects [0, 2, 4, 5, 6, 10, 11, 12, 13, 15, 19, 20, 21, 23, 24, 25, 26, 27, 28, 30, 35], label_0=21, label_1=21
    Val:  16 samples,  8 subjects [3, 7, 8, 9, 22, 31, 33, 34], label_0=8, label_1=8
   Test:  14 samples,  7 subjects [1, 14, 16, 17, 18, 29, 32], label_0=7, label_1=7
  Building window datasets...
    WindowDataset: 1238 windows (class_0=755, class_1=483)
    WindowDataset: 364 windows (class_0=268, class_1=96)
    WindowDataset: 336 windows (class_0=252, class_1=84)
[LaBraM] Loaded 219/221 params from weights/labram-base/model.safetensors
[LaBraM] Missing: ['fc_norm.weight', 'fc_norm.bias']
  Fold 5 | Ep   1/50 | t_loss=0.1745 t_acc=0.548 | v_win_bal=0.439 v_rec_bal=0.375 | lr=3.3e-06 | 1.6s
  Fold 5 | Ep   2/50 | t_loss=0.1728 t_acc=0.546 | v_win_bal=0.530 v_rec_bal=0.688 | lr=6.7e-06 | 1.6s
  Fold 5 | Ep   3/50 | t_loss=0.1699 t_acc=0.607 | v_win_bal=0.608 v_rec_bal=0.750 | lr=1.0e-05 | 1.6s
  Fold 5 | Ep   4/50 | t_loss=0.1670 t_acc=0.608 | v_win_bal=0.635 v_rec_bal=0.750 | lr=1.0e-05 | 1.7s
  Fold 5 | Ep   5/50 | t_loss=0.1646 t_acc=0.651 | v_win_bal=0.702 v_rec_bal=0.875 | lr=1.0e-05 | 1.6s
  Fold 5 | Ep   6/50 | t_loss=0.1611 t_acc=0.646 | v_win_bal=0.708 v_rec_bal=0.875 | lr=9.9e-06 | 1.6s
  Fold 5 | Ep   7/50 | t_loss=0.1586 t_acc=0.676 | v_win_bal=0.693 v_rec_bal=0.875 | lr=9.8e-06 | 1.7s
  Fold 5 | Ep   8/50 | t_loss=0.1565 t_acc=0.662 | v_win_bal=0.689 v_rec_bal=0.750 | lr=9.7e-06 | 1.6s
  Fold 5 | Ep   9/50 | t_loss=0.1535 t_acc=0.685 | v_win_bal=0.693 v_rec_bal=0.812 | lr=9.6e-06 | 1.6s
  Fold 5 | Ep  10/50 | t_loss=0.1495 t_acc=0.715 | v_win_bal=0.705 v_rec_bal=0.750 | lr=9.5e-06 | 1.8s
  Fold 5 | Ep  11/50 | t_loss=0.1453 t_acc=0.726 | v_win_bal=0.721 v_rec_bal=0.875 | lr=9.3e-06 | 1.6s
  Fold 5 | Ep  12/50 | t_loss=0.1397 t_acc=0.731 | v_win_bal=0.721 v_rec_bal=0.812 | lr=9.1e-06 | 1.7s
  Fold 5 | Ep  13/50 | t_loss=0.1344 t_acc=0.758 | v_win_bal=0.694 v_rec_bal=0.750 | lr=8.9e-06 | 1.6s
  Fold 5 | Ep  14/50 | t_loss=0.1282 t_acc=0.772 | v_win_bal=0.735 v_rec_bal=0.875 | lr=8.7e-06 | 1.6s
  Fold 5 | Ep  15/50 | t_loss=0.1246 t_acc=0.768 | v_win_bal=0.749 v_rec_bal=0.812 | lr=8.5e-06 | 1.7s
  Fold 5 | Ep  16/50 | t_loss=0.1182 t_acc=0.788 | v_win_bal=0.720 v_rec_bal=0.812 | lr=8.2e-06 | 1.6s
  Fold 5 | Ep  17/50 | t_loss=0.1127 t_acc=0.803 | v_win_bal=0.744 v_rec_bal=0.812 | lr=8.0e-06 | 1.6s
  Fold 5 | Ep  18/50 | t_loss=0.1089 t_acc=0.812 | v_win_bal=0.732 v_rec_bal=0.812 | lr=7.7e-06 | 1.6s
  Fold 5 | Ep  19/50 | t_loss=0.1025 t_acc=0.830 | v_win_bal=0.737 v_rec_bal=0.812 | lr=7.4e-06 | 1.6s
  Fold 5 | Ep  20/50 | t_loss=0.0977 t_acc=0.839 | v_win_bal=0.747 v_rec_bal=0.812 | lr=7.1e-06 | 1.6s
  Fold 5 | Ep  21/50 | t_loss=0.0924 t_acc=0.849 | v_win_bal=0.746 v_rec_bal=0.812 | lr=6.8e-06 | 1.6s
  Fold 5 | Ep  22/50 | t_loss=0.0869 t_acc=0.873 | v_win_bal=0.733 v_rec_bal=0.750 | lr=6.5e-06 | 1.6s
  Early stop at epoch 22
  -> Test (best @ epoch 5): acc=0.6429, bal_acc=0.6429

============================================================
Global Results (5-Fold, subject-level CV)
Mode: FT | Extractor: labram | Loss: focal
============================================================
              acc: 0.6667
          bal_acc: 0.6667
               f1: 0.6643
            kappa: 0.3333
  Total predictions: 72 (should equal dataset size: 72)

Results saved to results/studies/exp31_aug_audit/eegmat_aug50_s42/
