CMD: /raid/jupyter-linjimmy1003.md10/.conda/envs/stress/bin/python train_ft.py --mode ft --folds 5 --epochs 80 --patience 20 --batch-size 32 --label dass --loss focal --head-hidden 128 --norm zscore --csv data/comprehensive_labels.csv --weight-decay 0.01 --grad-clip 2.0 --warmup-epochs 5 --encoder-lr-scale 1.0 --warmup-freeze-epochs 0 --aug-overlap 0.75 --llrd 1.0 --extractor eegnet --lr 1e-3 --seed 42 --device cuda:5 --run-id studies/exp15_nonfm_baselines/sweep/eegnet_lr1e-3_s42

/raid/jupyter-linjimmy1003.md10/.conda/envs/stress/lib/python3.11/site-packages/timm/models/layers/__init__.py:49: FutureWarning: Importing from timm.models.layers is deprecated, please import via timm.layers
  warnings.warn(f"Importing from {__name__} is deprecated, please import via timm.layers", FutureWarning)
Mode: FT | Extractor: eegnet | Folds: 5
LR: 0.001 | WD: 0.01 | Beta2: 0.999 | Grad clip: 2.0
Head: hidden=128, dropout=0.0 | Norm: zscore | Loss: focal
Full FT: encoder_lr_scale=1.0
Augmentation: 75% overlap for increase class

Results → results/studies/exp15_nonfm_baselines/sweep/eegnet_lr1e-3_s42/
Dataset: 70 recordings loaded (14 increase, 56 normal)
Cache: 70 recordings ready (70 cached, 0 new)

============================================================
Fold 1/5
============================================================
  Train:  45 samples, 12 subjects [1, 2, 3, 4, 6, 7, 9, 10, 13, 14, 16, 18], label_0=34, label_1=11
    Val:  12 samples,  2 subjects [5, 11], label_0=11, label_1=1
   Test:  13 samples,  3 subjects [8, 12, 17], label_0=11, label_1=2
  Building window datasets...
    WindowDataset: 5684 windows (class_0=2641, class_1=3043)
    WindowDataset: 964 windows (class_0=903, class_1=61)
    WindowDataset: 1184 windows (class_0=1058, class_1=126)
[EEGNet] F1=8 D=2 F2=16 kernel=100 T=1000 → embed_dim=496  (1,872 params)
  Trainable parameters: 129,491
  Class weights: [1.0761075019836426, 0.9339467883110046]
  Fold 1 | Ep   1/80 | t_loss=0.1733 t_acc=0.534 | v_win_bal=0.459 v_rec_bal=0.227 | lr=2.0e-04 | 64.1s
  Fold 1 | Ep   2/80 | t_loss=0.1321 t_acc=0.760 | v_win_bal=0.386 v_rec_bal=0.182 | lr=4.0e-04 | 16.2s
  Fold 1 | Ep   3/80 | t_loss=0.0901 t_acc=0.856 | v_win_bal=0.387 v_rec_bal=0.136 | lr=6.0e-04 | 16.1s
  Fold 1 | Ep   4/80 | t_loss=0.0607 t_acc=0.902 | v_win_bal=0.409 v_rec_bal=0.364 | lr=8.0e-04 | 13.7s
  Fold 1 | Ep   5/80 | t_loss=0.0410 t_acc=0.944 | v_win_bal=0.479 v_rec_bal=0.455 | lr=1.0e-03 | 14.4s
  Fold 1 | Ep   6/80 | t_loss=0.0314 t_acc=0.954 | v_win_bal=0.433 v_rec_bal=0.455 | lr=1.0e-03 | 15.3s
  Fold 1 | Ep   7/80 | t_loss=0.0214 t_acc=0.968 | v_win_bal=0.468 v_rec_bal=0.500 | lr=1.0e-03 | 15.5s
  Fold 1 | Ep   8/80 | t_loss=0.0164 t_acc=0.976 | v_win_bal=0.457 v_rec_bal=0.455 | lr=1.0e-03 | 15.2s
  Fold 1 | Ep   9/80 | t_loss=0.0132 t_acc=0.985 | v_win_bal=0.588 v_rec_bal=0.500 | lr=9.9e-04 | 14.7s
