/raid/jupyter-linjimmy1003.md10/.conda/envs/stress/lib/python3.11/site-packages/timm/models/layers/__init__.py:49: FutureWarning: Importing from timm.models.layers is deprecated, please import via timm.layers
  warnings.warn(f"Importing from {__name__} is deprecated, please import via timm.layers", FutureWarning)
Mode: FT | Extractor: labram | Folds: 5
LR: 1e-05 | WD: 0.05 | Beta2: 0.999 | Grad clip: 2.0
Head: hidden=128, dropout=0.0 | Norm: zscore | Loss: focal
Full FT: encoder_lr_scale=0.1
Augmentation: 75% overlap for increase class

Results → results/studies/exp27_paired_null/adftd/perm_s20/
ADFTD: 195 recordings from 65 subjects (AD=108, HC=87), 3 splits/subject
ADFTD: 195 recordings, 65 subjects (AD=108, HC=87)
[permute-labels] Subject-level shuffle with rng seed 20 over 65 subjects. Class balance preserved: 108 pos / 87 neg

============================================================
Fold 1/5
============================================================
  Train: 117 samples, 39 subjects [3, 4, 5, 6, 9, 11, 12, 13, 14, 15, 16, 18, 19, 21, 22, 23, 25, 26, 29, 30, 32, 33, 34, 35, 36, 38, 42, 44, 46, 47, 48, 50, 52, 55, 56, 57, 61, 64, 65], label_0=51, label_1=66
    Val:  39 samples, 13 subjects [1, 20, 24, 28, 31, 37, 39, 43, 49, 51, 53, 62, 63], label_0=18, label_1=21
   Test:  39 samples, 13 subjects [2, 7, 8, 10, 17, 27, 40, 41, 45, 54, 58, 59, 60], label_0=18, label_1=21
  Building window datasets...
    WindowDataset: 16819 windows (class_0=2789, class_1=14030)
    WindowDataset: 2147 windows (class_0=949, class_1=1198)
    WindowDataset: 2242 windows (class_0=1005, class_1=1237)
[LaBraM] Loaded 219/221 params from weights/labram-base/model.safetensors
[LaBraM] Missing: ['fc_norm.weight', 'fc_norm.bias']
  Trainable parameters: 5,871,779
  Class weights: [3.0152385234832764, 0.5993941426277161]
  Fold 1 | Ep   1/50 | t_loss=0.1857 t_acc=0.297 | v_win_bal=0.476 v_rec_bal=0.389 | lr=3.3e-06 | 23.9s
  Fold 1 | Ep   2/50 | t_loss=0.1614 t_acc=0.669 | v_win_bal=0.453 v_rec_bal=0.401 | lr=6.7e-06 | 21.6s
  Fold 1 | Ep   3/50 | t_loss=0.1396 t_acc=0.720 | v_win_bal=0.506 v_rec_bal=0.460 | lr=1.0e-05 | 21.1s
  Fold 1 | Ep   4/50 | t_loss=0.0947 t_acc=0.830 | v_win_bal=0.497 v_rec_bal=0.444 | lr=1.0e-05 | 21.4s
  Fold 1 | Ep   5/50 | t_loss=0.0766 t_acc=0.864 | v_win_bal=0.506 v_rec_bal=0.464 | lr=1.0e-05 | 22.0s
  Fold 1 | Ep   6/50 | t_loss=0.0700 t_acc=0.879 | v_win_bal=0.492 v_rec_bal=0.472 | lr=9.9e-06 | 21.4s
  Fold 1 | Ep   7/50 | t_loss=0.0650 t_acc=0.890 | v_win_bal=0.492 v_rec_bal=0.500 | lr=9.8e-06 | 21.7s
  Fold 1 | Ep   8/50 | t_loss=0.0616 t_acc=0.900 | v_win_bal=0.510 v_rec_bal=0.544 | lr=9.7e-06 | 21.1s
  Fold 1 | Ep   9/50 | t_loss=0.0547 t_acc=0.913 | v_win_bal=0.507 v_rec_bal=0.480 | lr=9.6e-06 | 21.2s
  Fold 1 | Ep  10/50 | t_loss=0.0513 t_acc=0.922 | v_win_bal=0.495 v_rec_bal=0.472 | lr=9.5e-06 | 21.2s
  Fold 1 | Ep  11/50 | t_loss=0.0473 t_acc=0.930 | v_win_bal=0.491 v_rec_bal=0.492 | lr=9.3e-06 | 21.6s
  Fold 1 | Ep  12/50 | t_loss=0.0428 t_acc=0.940 | v_win_bal=0.476 v_rec_bal=0.448 | lr=9.1e-06 | 21.5s
  Fold 1 | Ep  13/50 | t_loss=0.0396 t_acc=0.946 | v_win_bal=0.497 v_rec_bal=0.492 | lr=8.9e-06 | 22.2s
  Fold 1 | Ep  14/50 | t_loss=0.0364 t_acc=0.953 | v_win_bal=0.490 v_rec_bal=0.437 | lr=8.7e-06 | 21.2s
  Fold 1 | Ep  15/50 | t_loss=0.0323 t_acc=0.958 | v_win_bal=0.484 v_rec_bal=0.496 | lr=8.5e-06 | 21.5s
  Fold 1 | Ep  16/50 | t_loss=0.0289 t_acc=0.964 | v_win_bal=0.490 v_rec_bal=0.429 | lr=8.2e-06 | 21.5s
  Fold 1 | Ep  17/50 | t_loss=0.0268 t_acc=0.969 | v_win_bal=0.480 v_rec_bal=0.500 | lr=8.0e-06 | 21.3s
  Fold 1 | Ep  18/50 | t_loss=0.0235 t_acc=0.974 | v_win_bal=0.497 v_rec_bal=0.452 | lr=7.7e-06 | 21.6s
  Fold 1 | Ep  19/50 | t_loss=0.0222 t_acc=0.978 | v_win_bal=0.489 v_rec_bal=0.460 | lr=7.4e-06 | 21.5s
  Fold 1 | Ep  20/50 | t_loss=0.0200 t_acc=0.981 | v_win_bal=0.502 v_rec_bal=0.500 | lr=7.1e-06 | 21.1s
  Fold 1 | Ep  21/50 | t_loss=0.0168 t_acc=0.984 | v_win_bal=0.498 v_rec_bal=0.500 | lr=6.8e-06 | 21.3s
  Fold 1 | Ep  22/50 | t_loss=0.0154 t_acc=0.986 | v_win_bal=0.483 v_rec_bal=0.405 | lr=6.5e-06 | 21.1s
  Fold 1 | Ep  23/50 | t_loss=0.0142 t_acc=0.988 | v_win_bal=0.494 v_rec_bal=0.524 | lr=6.2e-06 | 21.2s
  Fold 1 | Ep  24/50 | t_loss=0.0117 t_acc=0.991 | v_win_bal=0.495 v_rec_bal=0.500 | lr=5.8e-06 | 21.0s
  Early stop at epoch 24
  -> Test (best @ epoch 8): acc=0.3846, bal_acc=0.3968

============================================================
Fold 2/5
============================================================
  Train: 117 samples, 39 subjects [2, 3, 7, 9, 10, 11, 12, 15, 16, 17, 18, 21, 23, 28, 30, 31, 33, 34, 36, 37, 38, 41, 42, 44, 45, 46, 48, 50, 52, 53, 54, 55, 56, 58, 59, 60, 63, 64, 65], label_0=51, label_1=66
    Val:  39 samples, 13 subjects [1, 6, 8, 19, 20, 26, 27, 29, 35, 40, 49, 51, 62], label_0=18, label_1=21
   Test:  39 samples, 13 subjects [4, 5, 13, 14, 22, 24, 25, 32, 39, 43, 47, 57, 61], label_0=18, label_1=21
  Building window datasets...
    WindowDataset: 17632 windows (class_0=2758, class_1=14874)
    WindowDataset: 2108 windows (class_0=1012, class_1=1096)
    WindowDataset: 2101 windows (class_0=973, class_1=1128)
[LaBraM] Loaded 219/221 params from weights/labram-base/model.safetensors
[LaBraM] Missing: ['fc_norm.weight', 'fc_norm.bias']
  Fold 2 | Ep   1/50 | t_loss=0.1743 t_acc=0.382 | v_win_bal=0.460 v_rec_bal=0.544 | lr=3.3e-06 | 22.5s
  Fold 2 | Ep   2/50 | t_loss=0.1663 t_acc=0.647 | v_win_bal=0.436 v_rec_bal=0.341 | lr=6.7e-06 | 23.0s
  Fold 2 | Ep   3/50 | t_loss=0.1254 t_acc=0.773 | v_win_bal=0.459 v_rec_bal=0.500 | lr=1.0e-05 | 23.4s
  Fold 2 | Ep   4/50 | t_loss=0.0912 t_acc=0.825 | v_win_bal=0.448 v_rec_bal=0.472 | lr=1.0e-05 | 23.1s
  Fold 2 | Ep   5/50 | t_loss=0.0806 t_acc=0.843 | v_win_bal=0.465 v_rec_bal=0.500 | lr=1.0e-05 | 23.5s
  Fold 2 | Ep   6/50 | t_loss=0.0740 t_acc=0.859 | v_win_bal=0.446 v_rec_bal=0.500 | lr=9.9e-06 | 23.5s
  Fold 2 | Ep   7/50 | t_loss=0.0679 t_acc=0.872 | v_win_bal=0.454 v_rec_bal=0.500 | lr=9.8e-06 | 23.6s
  Fold 2 | Ep   8/50 | t_loss=0.0625 t_acc=0.887 | v_win_bal=0.434 v_rec_bal=0.468 | lr=9.7e-06 | 22.7s
  Fold 2 | Ep   9/50 | t_loss=0.0575 t_acc=0.901 | v_win_bal=0.431 v_rec_bal=0.409 | lr=9.6e-06 | 22.0s
  Fold 2 | Ep  10/50 | t_loss=0.0518 t_acc=0.913 | v_win_bal=0.430 v_rec_bal=0.480 | lr=9.5e-06 | 21.9s
  Fold 2 | Ep  11/50 | t_loss=0.0471 t_acc=0.927 | v_win_bal=0.431 v_rec_bal=0.484 | lr=9.3e-06 | 21.9s
  Fold 2 | Ep  12/50 | t_loss=0.0441 t_acc=0.934 | v_win_bal=0.432 v_rec_bal=0.397 | lr=9.1e-06 | 22.0s
  Fold 2 | Ep  13/50 | t_loss=0.0395 t_acc=0.945 | v_win_bal=0.434 v_rec_bal=0.437 | lr=8.9e-06 | 23.5s
  Fold 2 | Ep  14/50 | t_loss=0.0357 t_acc=0.953 | v_win_bal=0.442 v_rec_bal=0.425 | lr=8.7e-06 | 22.6s
  Fold 2 | Ep  15/50 | t_loss=0.0307 t_acc=0.961 | v_win_bal=0.441 v_rec_bal=0.425 | lr=8.5e-06 | 22.4s
  Fold 2 | Ep  16/50 | t_loss=0.0296 t_acc=0.967 | v_win_bal=0.437 v_rec_bal=0.353 | lr=8.2e-06 | 22.3s
  Early stop at epoch 16
  -> Test (best @ epoch 1): acc=0.5385, bal_acc=0.5238

============================================================
Fold 3/5
============================================================
  Train: 117 samples, 39 subjects [2, 3, 4, 6, 7, 8, 9, 10, 11, 12, 13, 14, 15, 16, 17, 19, 20, 21, 24, 26, 28, 30, 32, 33, 35, 37, 39, 40, 41, 42, 43, 45, 47, 49, 54, 56, 58, 59, 61], label_0=54, label_1=63
    Val:  39 samples, 13 subjects [5, 22, 25, 27, 31, 36, 44, 46, 52, 53, 57, 60, 62], label_0=18, label_1=21
   Test:  39 samples, 13 subjects [1, 18, 23, 29, 34, 38, 48, 50, 51, 55, 63, 64, 65], label_0=15, label_1=24
  Building window datasets...
    WindowDataset: 16578 windows (class_0=2947, class_1=13631)
    WindowDataset: 2159 windows (class_0=935, class_1=1224)
    WindowDataset: 2174 windows (class_0=861, class_1=1313)
[LaBraM] Loaded 219/221 params from weights/labram-base/model.safetensors
[LaBraM] Missing: ['fc_norm.weight', 'fc_norm.bias']
  Fold 3 | Ep   1/50 | t_loss=0.1729 t_acc=0.431 | v_win_bal=0.494 v_rec_bal=0.532 | lr=3.3e-06 | 21.6s
  Fold 3 | Ep   2/50 | t_loss=0.1643 t_acc=0.608 | v_win_bal=0.494 v_rec_bal=0.484 | lr=6.7e-06 | 20.8s
  Fold 3 | Ep   3/50 | t_loss=0.1437 t_acc=0.686 | v_win_bal=0.483 v_rec_bal=0.421 | lr=1.0e-05 | 21.4s
  Fold 3 | Ep   4/50 | t_loss=0.1008 t_acc=0.807 | v_win_bal=0.526 v_rec_bal=0.544 | lr=1.0e-05 | 21.0s
  Fold 3 | Ep   5/50 | t_loss=0.0779 t_acc=0.850 | v_win_bal=0.496 v_rec_bal=0.508 | lr=1.0e-05 | 21.7s
  Fold 3 | Ep   6/50 | t_loss=0.0697 t_acc=0.870 | v_win_bal=0.495 v_rec_bal=0.480 | lr=9.9e-06 | 21.3s
  Fold 3 | Ep   7/50 | t_loss=0.0641 t_acc=0.883 | v_win_bal=0.473 v_rec_bal=0.440 | lr=9.8e-06 | 21.0s
  Fold 3 | Ep   8/50 | t_loss=0.0590 t_acc=0.899 | v_win_bal=0.480 v_rec_bal=0.417 | lr=9.7e-06 | 21.0s
  Fold 3 | Ep   9/50 | t_loss=0.0535 t_acc=0.911 | v_win_bal=0.478 v_rec_bal=0.413 | lr=9.6e-06 | 20.9s
  Fold 3 | Ep  10/50 | t_loss=0.0491 t_acc=0.923 | v_win_bal=0.471 v_rec_bal=0.365 | lr=9.5e-06 | 20.9s
  Fold 3 | Ep  11/50 | t_loss=0.0440 t_acc=0.931 | v_win_bal=0.460 v_rec_bal=0.389 | lr=9.3e-06 | 21.5s
  Fold 3 | Ep  12/50 | t_loss=0.0425 t_acc=0.941 | v_win_bal=0.466 v_rec_bal=0.381 | lr=9.1e-06 | 20.9s
  Fold 3 | Ep  13/50 | t_loss=0.0376 t_acc=0.947 | v_win_bal=0.448 v_rec_bal=0.385 | lr=8.9e-06 | 20.9s
  Fold 3 | Ep  14/50 | t_loss=0.0360 t_acc=0.953 | v_win_bal=0.483 v_rec_bal=0.369 | lr=8.7e-06 | 21.0s
  Fold 3 | Ep  15/50 | t_loss=0.0326 t_acc=0.957 | v_win_bal=0.456 v_rec_bal=0.425 | lr=8.5e-06 | 21.2s
  Fold 3 | Ep  16/50 | t_loss=0.0275 t_acc=0.965 | v_win_bal=0.474 v_rec_bal=0.389 | lr=8.2e-06 | 20.8s
  Early stop at epoch 16
  -> Test (best @ epoch 4): acc=0.3590, bal_acc=0.4292

============================================================
Fold 4/5
============================================================
  Train: 117 samples, 39 subjects [2, 4, 6, 10, 13, 14, 15, 17, 18, 21, 22, 23, 24, 25, 26, 28, 32, 34, 35, 36, 37, 38, 39, 41, 43, 44, 45, 47, 48, 51, 54, 55, 57, 58, 59, 60, 61, 62, 64], label_0=51, label_1=66
    Val:  39 samples, 13 subjects [1, 5, 7, 8, 27, 29, 33, 40, 50, 53, 56, 63, 65], label_0=18, label_1=21
   Test:  39 samples, 13 subjects [3, 9, 11, 12, 16, 19, 20, 30, 31, 42, 46, 49, 52], label_0=18, label_1=21
  Building window datasets...
    WindowDataset: 17661 windows (class_0=2823, class_1=14838)
    WindowDataset: 2087 windows (class_0=1000, class_1=1087)
    WindowDataset: 2066 windows (class_0=920, class_1=1146)
[LaBraM] Loaded 219/221 params from weights/labram-base/model.safetensors
[LaBraM] Missing: ['fc_norm.weight', 'fc_norm.bias']
  Fold 4 | Ep   1/50 | t_loss=0.1729 t_acc=0.458 | v_win_bal=0.555 v_rec_bal=0.587 | lr=3.3e-06 | 22.4s
  Fold 4 | Ep   2/50 | t_loss=0.1688 t_acc=0.631 | v_win_bal=0.573 v_rec_bal=0.536 | lr=6.7e-06 | 22.4s
  Fold 4 | Ep   3/50 | t_loss=0.1495 t_acc=0.698 | v_win_bal=0.610 v_rec_bal=0.583 | lr=1.0e-05 | 22.1s
  Fold 4 | Ep   4/50 | t_loss=0.0979 t_acc=0.810 | v_win_bal=0.615 v_rec_bal=0.615 | lr=1.0e-05 | 22.5s
  Fold 4 | Ep   5/50 | t_loss=0.0829 t_acc=0.835 | v_win_bal=0.600 v_rec_bal=0.583 | lr=1.0e-05 | 22.6s
  Fold 4 | Ep   6/50 | t_loss=0.0740 t_acc=0.854 | v_win_bal=0.585 v_rec_bal=0.560 | lr=9.9e-06 | 22.2s
  Fold 4 | Ep   7/50 | t_loss=0.0682 t_acc=0.870 | v_win_bal=0.580 v_rec_bal=0.524 | lr=9.8e-06 | 23.0s
  Fold 4 | Ep   8/50 | t_loss=0.0631 t_acc=0.888 | v_win_bal=0.564 v_rec_bal=0.548 | lr=9.7e-06 | 23.0s
  Fold 4 | Ep   9/50 | t_loss=0.0580 t_acc=0.901 | v_win_bal=0.549 v_rec_bal=0.516 | lr=9.6e-06 | 23.6s
  Fold 4 | Ep  10/50 | t_loss=0.0538 t_acc=0.914 | v_win_bal=0.544 v_rec_bal=0.520 | lr=9.5e-06 | 23.2s
  Fold 4 | Ep  11/50 | t_loss=0.0476 t_acc=0.925 | v_win_bal=0.546 v_rec_bal=0.540 | lr=9.3e-06 | 24.0s
  Fold 4 | Ep  12/50 | t_loss=0.0445 t_acc=0.934 | v_win_bal=0.526 v_rec_bal=0.536 | lr=9.1e-06 | 23.7s
  Fold 4 | Ep  13/50 | t_loss=0.0389 t_acc=0.944 | v_win_bal=0.544 v_rec_bal=0.536 | lr=8.9e-06 | 23.3s
  Fold 4 | Ep  14/50 | t_loss=0.0358 t_acc=0.951 | v_win_bal=0.528 v_rec_bal=0.536 | lr=8.7e-06 | 23.4s
  Fold 4 | Ep  15/50 | t_loss=0.0318 t_acc=0.958 | v_win_bal=0.531 v_rec_bal=0.488 | lr=8.5e-06 | 24.5s
  Fold 4 | Ep  16/50 | t_loss=0.0275 t_acc=0.967 | v_win_bal=0.538 v_rec_bal=0.552 | lr=8.2e-06 | 23.7s
  Fold 4 | Ep  17/50 | t_loss=0.0245 t_acc=0.971 | v_win_bal=0.522 v_rec_bal=0.504 | lr=8.0e-06 | 23.7s
  Fold 4 | Ep  18/50 | t_loss=0.0218 t_acc=0.976 | v_win_bal=0.526 v_rec_bal=0.548 | lr=7.7e-06 | 23.4s
  Fold 4 | Ep  19/50 | t_loss=0.0187 t_acc=0.980 | v_win_bal=0.540 v_rec_bal=0.524 | lr=7.4e-06 | 23.2s
  Fold 4 | Ep  20/50 | t_loss=0.0161 t_acc=0.985 | v_win_bal=0.526 v_rec_bal=0.524 | lr=7.1e-06 | 23.0s
  Early stop at epoch 20
  -> Test (best @ epoch 4): acc=0.4615, bal_acc=0.5000

============================================================
Fold 5/5
============================================================
  Train: 117 samples, 39 subjects [2, 4, 5, 7, 8, 9, 10, 11, 12, 13, 14, 16, 17, 19, 20, 23, 24, 25, 27, 31, 34, 38, 39, 41, 43, 45, 46, 47, 48, 49, 51, 57, 58, 59, 60, 61, 63, 64, 65], label_0=51, label_1=66
    Val:  39 samples, 13 subjects [1, 3, 18, 22, 29, 30, 32, 40, 42, 50, 52, 54, 55], label_0=18, label_1=21
   Test:  39 samples, 13 subjects [6, 15, 21, 26, 28, 33, 35, 36, 37, 44, 53, 56, 62], label_0=18, label_1=21
  Building window datasets...
    WindowDataset: 17883 windows (class_0=2765, class_1=15118)
    WindowDataset: 1989 windows (class_0=994, class_1=995)
    WindowDataset: 2152 windows (class_0=984, class_1=1168)
[LaBraM] Loaded 219/221 params from weights/labram-base/model.safetensors
[LaBraM] Missing: ['fc_norm.weight', 'fc_norm.bias']
  Fold 5 | Ep   1/50 | t_loss=0.1787 t_acc=0.326 | v_win_bal=0.430 v_rec_bal=0.405 | lr=3.3e-06 | 23.6s
  Fold 5 | Ep   2/50 | t_loss=0.1693 t_acc=0.645 | v_win_bal=0.456 v_rec_bal=0.429 | lr=6.7e-06 | 24.1s
  Fold 5 | Ep   3/50 | t_loss=0.1572 t_acc=0.683 | v_win_bal=0.455 v_rec_bal=0.440 | lr=1.0e-05 | 23.7s
  Fold 5 | Ep   4/50 | t_loss=0.1271 t_acc=0.764 | v_win_bal=0.450 v_rec_bal=0.560 | lr=1.0e-05 | 24.1s
  Fold 5 | Ep   5/50 | t_loss=0.0977 t_acc=0.826 | v_win_bal=0.470 v_rec_bal=0.484 | lr=1.0e-05 | 23.5s
  Fold 5 | Ep   6/50 | t_loss=0.0822 t_acc=0.849 | v_win_bal=0.457 v_rec_bal=0.480 | lr=9.9e-06 | 23.1s
  Fold 5 | Ep   7/50 | t_loss=0.0737 t_acc=0.871 | v_win_bal=0.458 v_rec_bal=0.452 | lr=9.8e-06 | 23.7s
  Fold 5 | Ep   8/50 | t_loss=0.0672 t_acc=0.881 | v_win_bal=0.451 v_rec_bal=0.476 | lr=9.7e-06 | 23.5s
  Fold 5 | Ep   9/50 | t_loss=0.0615 t_acc=0.896 | v_win_bal=0.450 v_rec_bal=0.476 | lr=9.6e-06 | 23.2s
  Fold 5 | Ep  10/50 | t_loss=0.0581 t_acc=0.906 | v_win_bal=0.440 v_rec_bal=0.476 | lr=9.5e-06 | 23.6s
  Fold 5 | Ep  11/50 | t_loss=0.0522 t_acc=0.918 | v_win_bal=0.444 v_rec_bal=0.429 | lr=9.3e-06 | 22.3s
  Fold 5 | Ep  12/50 | t_loss=0.0490 t_acc=0.927 | v_win_bal=0.445 v_rec_bal=0.429 | lr=9.1e-06 | 22.8s
  Fold 5 | Ep  13/50 | t_loss=0.0431 t_acc=0.937 | v_win_bal=0.457 v_rec_bal=0.476 | lr=8.9e-06 | 22.4s
  Fold 5 | Ep  14/50 | t_loss=0.0381 t_acc=0.947 | v_win_bal=0.447 v_rec_bal=0.452 | lr=8.7e-06 | 22.8s
  Fold 5 | Ep  15/50 | t_loss=0.0355 t_acc=0.956 | v_win_bal=0.449 v_rec_bal=0.476 | lr=8.5e-06 | 22.1s
  Fold 5 | Ep  16/50 | t_loss=0.0305 t_acc=0.963 | v_win_bal=0.464 v_rec_bal=0.448 | lr=8.2e-06 | 22.1s
  Fold 5 | Ep  17/50 | t_loss=0.0275 t_acc=0.969 | v_win_bal=0.443 v_rec_bal=0.429 | lr=8.0e-06 | 22.3s
  Fold 5 | Ep  18/50 | t_loss=0.0232 t_acc=0.975 | v_win_bal=0.446 v_rec_bal=0.421 | lr=7.7e-06 | 22.6s
  Fold 5 | Ep  19/50 | t_loss=0.0190 t_acc=0.980 | v_win_bal=0.449 v_rec_bal=0.476 | lr=7.4e-06 | 22.4s
  Fold 5 | Ep  20/50 | t_loss=0.0189 t_acc=0.983 | v_win_bal=0.457 v_rec_bal=0.421 | lr=7.1e-06 | 22.3s
  Fold 5 | Ep  21/50 | t_loss=0.0167 t_acc=0.986 | v_win_bal=0.472 v_rec_bal=0.444 | lr=6.8e-06 | 22.0s
  Early stop at epoch 21
  -> Test (best @ epoch 4): acc=0.4872, bal_acc=0.5000

============================================================
Global Results (5-Fold, subject-level CV)
Mode: FT | Extractor: labram | Loss: focal
============================================================
              acc: 0.4462
          bal_acc: 0.4665
               f1: 0.4269
            kappa: -0.0636
  Total predictions: 195 (should equal dataset size: 195)

Results saved to results/studies/exp27_paired_null/adftd/perm_s20/
