/raid/jupyter-linjimmy1003.md10/.conda/envs/stress/lib/python3.11/site-packages/timm/models/layers/__init__.py:49: FutureWarning: Importing from timm.models.layers is deprecated, please import via timm.layers
  warnings.warn(f"Importing from {__name__} is deprecated, please import via timm.layers", FutureWarning)
Mode: FT | Extractor: labram | Folds: 5
LR: 1e-05 | WD: 0.05 | Beta2: 0.999 | Grad clip: 2.0
Head: hidden=128, dropout=0.0 | Norm: zscore | Loss: focal
Full FT: encoder_lr_scale=0.1
Augmentation: 75% overlap for increase class

Results → results/studies/exp27_paired_null/adftd/perm_s16/
ADFTD: 195 recordings from 65 subjects (AD=108, HC=87), 3 splits/subject
ADFTD: 195 recordings, 65 subjects (AD=108, HC=87)
[permute-labels] Subject-level shuffle with rng seed 16 over 65 subjects. Class balance preserved: 108 pos / 87 neg

============================================================
Fold 1/5
============================================================
  Train: 117 samples, 39 subjects [1, 2, 4, 6, 12, 14, 15, 16, 17, 18, 19, 21, 22, 24, 25, 28, 30, 31, 34, 36, 37, 39, 40, 43, 44, 45, 46, 48, 49, 51, 52, 53, 57, 58, 59, 61, 62, 64, 65], label_0=54, label_1=63
    Val:  39 samples, 13 subjects [5, 9, 29, 33, 35, 38, 41, 42, 50, 55, 56, 60, 63], label_0=15, label_1=24
   Test:  39 samples, 13 subjects [3, 7, 8, 10, 11, 13, 20, 23, 26, 27, 32, 47, 54], label_0=18, label_1=21
  Building window datasets...
    WindowDataset: 17075 windows (class_0=2912, class_1=14163)
    WindowDataset: 2089 windows (class_0=780, class_1=1309)
    WindowDataset: 2146 windows (class_0=867, class_1=1279)
[LaBraM] Loaded 219/221 params from weights/labram-base/model.safetensors
[LaBraM] Missing: ['fc_norm.weight', 'fc_norm.bias']
  Trainable parameters: 5,871,779
  Class weights: [2.9318337440490723, 0.6028030514717102]
  Fold 1 | Ep   1/50 | t_loss=0.1865 t_acc=0.291 | v_win_bal=0.485 v_rec_bal=0.537 | lr=3.3e-06 | 24.7s
  Fold 1 | Ep   2/50 | t_loss=0.1686 t_acc=0.680 | v_win_bal=0.533 v_rec_bal=0.608 | lr=6.7e-06 | 22.1s
  Fold 1 | Ep   3/50 | t_loss=0.1501 t_acc=0.714 | v_win_bal=0.476 v_rec_bal=0.417 | lr=1.0e-05 | 21.9s
  Fold 1 | Ep   4/50 | t_loss=0.1210 t_acc=0.791 | v_win_bal=0.456 v_rec_bal=0.417 | lr=1.0e-05 | 22.9s
  Fold 1 | Ep   5/50 | t_loss=0.0935 t_acc=0.846 | v_win_bal=0.472 v_rec_bal=0.442 | lr=1.0e-05 | 24.0s
  Fold 1 | Ep   6/50 | t_loss=0.0741 t_acc=0.884 | v_win_bal=0.471 v_rec_bal=0.400 | lr=9.9e-06 | 22.9s
  Fold 1 | Ep   7/50 | t_loss=0.0626 t_acc=0.906 | v_win_bal=0.464 v_rec_bal=0.442 | lr=9.8e-06 | 22.5s
  Fold 1 | Ep   8/50 | t_loss=0.0545 t_acc=0.919 | v_win_bal=0.472 v_rec_bal=0.479 | lr=9.7e-06 | 23.3s
  Fold 1 | Ep   9/50 | t_loss=0.0469 t_acc=0.933 | v_win_bal=0.466 v_rec_bal=0.479 | lr=9.6e-06 | 23.1s
  Fold 1 | Ep  10/50 | t_loss=0.0423 t_acc=0.943 | v_win_bal=0.467 v_rec_bal=0.433 | lr=9.5e-06 | 22.2s
  Fold 1 | Ep  11/50 | t_loss=0.0362 t_acc=0.953 | v_win_bal=0.444 v_rec_bal=0.475 | lr=9.3e-06 | 22.1s
  Fold 1 | Ep  12/50 | t_loss=0.0309 t_acc=0.962 | v_win_bal=0.435 v_rec_bal=0.408 | lr=9.1e-06 | 22.1s
  Fold 1 | Ep  13/50 | t_loss=0.0275 t_acc=0.968 | v_win_bal=0.449 v_rec_bal=0.371 | lr=8.9e-06 | 22.1s
  Fold 1 | Ep  14/50 | t_loss=0.0223 t_acc=0.976 | v_win_bal=0.435 v_rec_bal=0.329 | lr=8.7e-06 | 21.9s
  Fold 1 | Ep  15/50 | t_loss=0.0222 t_acc=0.980 | v_win_bal=0.437 v_rec_bal=0.408 | lr=8.5e-06 | 22.0s
  Fold 1 | Ep  16/50 | t_loss=0.0172 t_acc=0.983 | v_win_bal=0.439 v_rec_bal=0.429 | lr=8.2e-06 | 22.4s
  Fold 1 | Ep  17/50 | t_loss=0.0136 t_acc=0.988 | v_win_bal=0.428 v_rec_bal=0.362 | lr=8.0e-06 | 22.3s
  Early stop at epoch 17
  -> Test (best @ epoch 2): acc=0.7179, bal_acc=0.7024

============================================================
Fold 2/5
============================================================
  Train: 117 samples, 39 subjects [2, 7, 8, 10, 11, 12, 13, 16, 18, 20, 21, 22, 23, 24, 28, 29, 30, 33, 34, 35, 36, 39, 41, 42, 43, 44, 46, 48, 49, 51, 52, 53, 57, 58, 59, 60, 62, 64, 65], label_0=51, label_1=66
    Val:  39 samples, 13 subjects [1, 3, 6, 9, 26, 27, 31, 32, 37, 47, 54, 55, 63], label_0=18, label_1=21
   Test:  39 samples, 13 subjects [4, 5, 14, 15, 17, 19, 25, 38, 40, 45, 50, 56, 61], label_0=18, label_1=21
  Building window datasets...
    WindowDataset: 17840 windows (class_0=2690, class_1=15150)
    WindowDataset: 1988 windows (class_0=851, class_1=1137)
    WindowDataset: 2220 windows (class_0=1018, class_1=1202)
[LaBraM] Loaded 219/221 params from weights/labram-base/model.safetensors
[LaBraM] Missing: ['fc_norm.weight', 'fc_norm.bias']
  Fold 2 | Ep   1/50 | t_loss=0.1769 t_acc=0.304 | v_win_bal=0.567 v_rec_bal=0.651 | lr=3.3e-06 | 24.4s
  Fold 2 | Ep   2/50 | t_loss=0.1683 t_acc=0.678 | v_win_bal=0.610 v_rec_bal=0.579 | lr=6.7e-06 | 24.2s
  Fold 2 | Ep   3/50 | t_loss=0.1462 t_acc=0.717 | v_win_bal=0.625 v_rec_bal=0.655 | lr=1.0e-05 | 25.0s
  Fold 2 | Ep   4/50 | t_loss=0.1064 t_acc=0.823 | v_win_bal=0.606 v_rec_bal=0.714 | lr=1.0e-05 | 24.9s
  Fold 2 | Ep   5/50 | t_loss=0.0823 t_acc=0.872 | v_win_bal=0.569 v_rec_bal=0.571 | lr=1.0e-05 | 24.7s
  Fold 2 | Ep   6/50 | t_loss=0.0699 t_acc=0.894 | v_win_bal=0.569 v_rec_bal=0.667 | lr=9.9e-06 | 24.7s
  Fold 2 | Ep   7/50 | t_loss=0.0605 t_acc=0.910 | v_win_bal=0.575 v_rec_bal=0.635 | lr=9.8e-06 | 25.4s
  Fold 2 | Ep   8/50 | t_loss=0.0560 t_acc=0.921 | v_win_bal=0.612 v_rec_bal=0.758 | lr=9.7e-06 | 25.2s
  Fold 2 | Ep   9/50 | t_loss=0.0511 t_acc=0.930 | v_win_bal=0.577 v_rec_bal=0.591 | lr=9.6e-06 | 24.7s
  Fold 2 | Ep  10/50 | t_loss=0.0452 t_acc=0.939 | v_win_bal=0.597 v_rec_bal=0.639 | lr=9.5e-06 | 25.0s
  Fold 2 | Ep  11/50 | t_loss=0.0414 t_acc=0.950 | v_win_bal=0.596 v_rec_bal=0.639 | lr=9.3e-06 | 24.6s
  Fold 2 | Ep  12/50 | t_loss=0.0379 t_acc=0.955 | v_win_bal=0.619 v_rec_bal=0.706 | lr=9.1e-06 | 26.0s
  Fold 2 | Ep  13/50 | t_loss=0.0327 t_acc=0.964 | v_win_bal=0.599 v_rec_bal=0.706 | lr=8.9e-06 | 24.4s
  Fold 2 | Ep  14/50 | t_loss=0.0306 t_acc=0.969 | v_win_bal=0.588 v_rec_bal=0.639 | lr=8.7e-06 | 24.2s
  Fold 2 | Ep  15/50 | t_loss=0.0292 t_acc=0.973 | v_win_bal=0.610 v_rec_bal=0.778 | lr=8.5e-06 | 24.0s
  Fold 2 | Ep  16/50 | t_loss=0.0236 t_acc=0.978 | v_win_bal=0.607 v_rec_bal=0.683 | lr=8.2e-06 | 24.5s
  Fold 2 | Ep  17/50 | t_loss=0.0223 t_acc=0.982 | v_win_bal=0.619 v_rec_bal=0.730 | lr=8.0e-06 | 24.8s
  Fold 2 | Ep  18/50 | t_loss=0.0200 t_acc=0.985 | v_win_bal=0.619 v_rec_bal=0.774 | lr=7.7e-06 | 24.6s
  Fold 2 | Ep  19/50 | t_loss=0.0176 t_acc=0.989 | v_win_bal=0.616 v_rec_bal=0.726 | lr=7.4e-06 | 24.8s
  Fold 2 | Ep  20/50 | t_loss=0.0165 t_acc=0.990 | v_win_bal=0.625 v_rec_bal=0.754 | lr=7.1e-06 | 24.8s
  Fold 2 | Ep  21/50 | t_loss=0.0126 t_acc=0.993 | v_win_bal=0.620 v_rec_bal=0.722 | lr=6.8e-06 | 24.4s
  Fold 2 | Ep  22/50 | t_loss=0.0123 t_acc=0.994 | v_win_bal=0.611 v_rec_bal=0.726 | lr=6.5e-06 | 24.9s
  Fold 2 | Ep  23/50 | t_loss=0.0086 t_acc=0.996 | v_win_bal=0.621 v_rec_bal=0.746 | lr=6.2e-06 | 25.7s
  Fold 2 | Ep  24/50 | t_loss=0.0072 t_acc=0.996 | v_win_bal=0.614 v_rec_bal=0.746 | lr=5.8e-06 | 25.2s
  Fold 2 | Ep  25/50 | t_loss=0.0057 t_acc=0.997 | v_win_bal=0.624 v_rec_bal=0.778 | lr=5.5e-06 | 24.9s
  Fold 2 | Ep  26/50 | t_loss=0.0044 t_acc=0.998 | v_win_bal=0.610 v_rec_bal=0.730 | lr=5.2e-06 | 24.7s
  Fold 2 | Ep  27/50 | t_loss=0.0036 t_acc=0.998 | v_win_bal=0.615 v_rec_bal=0.726 | lr=4.8e-06 | 25.3s
  Fold 2 | Ep  28/50 | t_loss=0.0024 t_acc=0.999 | v_win_bal=0.616 v_rec_bal=0.718 | lr=4.5e-06 | 25.0s
  Fold 2 | Ep  29/50 | t_loss=0.0017 t_acc=0.999 | v_win_bal=0.616 v_rec_bal=0.750 | lr=4.2e-06 | 24.6s
  Fold 2 | Ep  30/50 | t_loss=0.0016 t_acc=0.999 | v_win_bal=0.612 v_rec_bal=0.746 | lr=3.8e-06 | 24.1s
  Fold 2 | Ep  31/50 | t_loss=0.0013 t_acc=1.000 | v_win_bal=0.620 v_rec_bal=0.722 | lr=3.5e-06 | 24.8s
  Fold 2 | Ep  32/50 | t_loss=0.0010 t_acc=1.000 | v_win_bal=0.620 v_rec_bal=0.802 | lr=3.2e-06 | 24.2s
  Fold 2 | Ep  33/50 | t_loss=0.0007 t_acc=1.000 | v_win_bal=0.615 v_rec_bal=0.754 | lr=2.9e-06 | 24.7s
  Fold 2 | Ep  34/50 | t_loss=0.0006 t_acc=1.000 | v_win_bal=0.628 v_rec_bal=0.778 | lr=2.6e-06 | 24.7s
  Fold 2 | Ep  35/50 | t_loss=0.0004 t_acc=1.000 | v_win_bal=0.625 v_rec_bal=0.774 | lr=2.3e-06 | 24.1s
  Fold 2 | Ep  36/50 | t_loss=0.0006 t_acc=1.000 | v_win_bal=0.611 v_rec_bal=0.750 | lr=2.0e-06 | 25.2s
  Fold 2 | Ep  37/50 | t_loss=0.0002 t_acc=1.000 | v_win_bal=0.616 v_rec_bal=0.750 | lr=1.8e-06 | 24.8s
  Fold 2 | Ep  38/50 | t_loss=0.0002 t_acc=1.000 | v_win_bal=0.616 v_rec_bal=0.750 | lr=1.5e-06 | 24.8s
  Fold 2 | Ep  39/50 | t_loss=0.0001 t_acc=1.000 | v_win_bal=0.616 v_rec_bal=0.774 | lr=1.3e-06 | 24.9s
  Fold 2 | Ep  40/50 | t_loss=0.0004 t_acc=1.000 | v_win_bal=0.619 v_rec_bal=0.774 | lr=1.1e-06 | 24.9s
  Fold 2 | Ep  41/50 | t_loss=0.0000 t_acc=1.000 | v_win_bal=0.618 v_rec_bal=0.774 | lr=8.8e-07 | 25.9s
  Fold 2 | Ep  42/50 | t_loss=0.0000 t_acc=1.000 | v_win_bal=0.620 v_rec_bal=0.750 | lr=7.0e-07 | 26.1s
  Fold 2 | Ep  43/50 | t_loss=0.0000 t_acc=1.000 | v_win_bal=0.622 v_rec_bal=0.746 | lr=5.4e-07 | 24.3s
  Fold 2 | Ep  44/50 | t_loss=0.0000 t_acc=1.000 | v_win_bal=0.624 v_rec_bal=0.802 | lr=4.0e-07 | 24.5s
  Fold 2 | Ep  45/50 | t_loss=0.0000 t_acc=1.000 | v_win_bal=0.616 v_rec_bal=0.778 | lr=2.8e-07 | 24.5s
  Fold 2 | Ep  46/50 | t_loss=0.0000 t_acc=1.000 | v_win_bal=0.617 v_rec_bal=0.750 | lr=1.8e-07 | 24.1s
  Fold 2 | Ep  47/50 | t_loss=0.0000 t_acc=1.000 | v_win_bal=0.618 v_rec_bal=0.802 | lr=1.0e-07 | 24.1s
  Fold 2 | Ep  48/50 | t_loss=0.0000 t_acc=1.000 | v_win_bal=0.615 v_rec_bal=0.774 | lr=1.0e-07 | 24.4s
  Fold 2 | Ep  49/50 | t_loss=0.0000 t_acc=1.000 | v_win_bal=0.620 v_rec_bal=0.802 | lr=1.0e-07 | 24.2s
  Fold 2 | Ep  50/50 | t_loss=0.0000 t_acc=1.000 | v_win_bal=0.618 v_rec_bal=0.750 | lr=1.0e-07 | 24.5s
  -> Test (best @ epoch 32): acc=0.6923, bal_acc=0.6746

============================================================
Fold 3/5
============================================================
  Train: 117 samples, 39 subjects [4, 5, 6, 7, 8, 9, 10, 13, 14, 15, 16, 17, 18, 20, 21, 22, 26, 28, 30, 32, 33, 35, 37, 38, 39, 40, 42, 43, 48, 50, 51, 53, 54, 55, 56, 59, 61, 62, 64], label_0=54, label_1=63
    Val:  39 samples, 13 subjects [3, 11, 19, 23, 24, 25, 27, 31, 44, 45, 46, 47, 52], label_0=18, label_1=21
   Test:  39 samples, 13 subjects [1, 2, 12, 29, 34, 36, 41, 49, 57, 58, 60, 63, 65], label_0=15, label_1=24
  Building window datasets...
    WindowDataset: 17343 windows (class_0=2908, class_1=14435)
    WindowDataset: 2072 windows (class_0=820, class_1=1252)
    WindowDataset: 2099 windows (class_0=831, class_1=1268)
[LaBraM] Loaded 219/221 params from weights/labram-base/model.safetensors
[LaBraM] Missing: ['fc_norm.weight', 'fc_norm.bias']
  Fold 3 | Ep   1/50 | t_loss=0.1767 t_acc=0.787 | v_win_bal=0.508 v_rec_bal=0.544 | lr=3.3e-06 | 24.0s
  Fold 3 | Ep   2/50 | t_loss=0.1631 t_acc=0.663 | v_win_bal=0.518 v_rec_bal=0.520 | lr=6.7e-06 | 24.0s
  Fold 3 | Ep   3/50 | t_loss=0.1301 t_acc=0.776 | v_win_bal=0.559 v_rec_bal=0.532 | lr=1.0e-05 | 24.0s
  Fold 3 | Ep   4/50 | t_loss=0.0865 t_acc=0.857 | v_win_bal=0.558 v_rec_bal=0.591 | lr=1.0e-05 | 23.9s
  Fold 3 | Ep   5/50 | t_loss=0.0656 t_acc=0.892 | v_win_bal=0.560 v_rec_bal=0.583 | lr=1.0e-05 | 24.2s
  Fold 3 | Ep   6/50 | t_loss=0.0551 t_acc=0.915 | v_win_bal=0.570 v_rec_bal=0.560 | lr=9.9e-06 | 24.3s
  Fold 3 | Ep   7/50 | t_loss=0.0484 t_acc=0.932 | v_win_bal=0.566 v_rec_bal=0.536 | lr=9.8e-06 | 24.8s
  Fold 3 | Ep   8/50 | t_loss=0.0419 t_acc=0.945 | v_win_bal=0.570 v_rec_bal=0.583 | lr=9.7e-06 | 24.5s
  Fold 3 | Ep   9/50 | t_loss=0.0385 t_acc=0.956 | v_win_bal=0.566 v_rec_bal=0.583 | lr=9.6e-06 | 24.4s
  Fold 3 | Ep  10/50 | t_loss=0.0357 t_acc=0.960 | v_win_bal=0.561 v_rec_bal=0.536 | lr=9.5e-06 | 24.2s
  Fold 3 | Ep  11/50 | t_loss=0.0302 t_acc=0.969 | v_win_bal=0.578 v_rec_bal=0.647 | lr=9.3e-06 | 23.9s
  Fold 3 | Ep  12/50 | t_loss=0.0260 t_acc=0.975 | v_win_bal=0.560 v_rec_bal=0.560 | lr=9.1e-06 | 23.9s
  Fold 3 | Ep  13/50 | t_loss=0.0243 t_acc=0.980 | v_win_bal=0.576 v_rec_bal=0.655 | lr=8.9e-06 | 24.4s
  Fold 3 | Ep  14/50 | t_loss=0.0212 t_acc=0.983 | v_win_bal=0.566 v_rec_bal=0.607 | lr=8.7e-06 | 24.1s
  Fold 3 | Ep  15/50 | t_loss=0.0171 t_acc=0.987 | v_win_bal=0.560 v_rec_bal=0.536 | lr=8.5e-06 | 23.9s
  Fold 3 | Ep  16/50 | t_loss=0.0151 t_acc=0.991 | v_win_bal=0.570 v_rec_bal=0.607 | lr=8.2e-06 | 24.8s
  Fold 3 | Ep  17/50 | t_loss=0.0124 t_acc=0.992 | v_win_bal=0.579 v_rec_bal=0.655 | lr=8.0e-06 | 24.4s
  Fold 3 | Ep  18/50 | t_loss=0.0117 t_acc=0.994 | v_win_bal=0.580 v_rec_bal=0.627 | lr=7.7e-06 | 23.9s
  Fold 3 | Ep  19/50 | t_loss=0.0094 t_acc=0.995 | v_win_bal=0.564 v_rec_bal=0.607 | lr=7.4e-06 | 23.9s
  Fold 3 | Ep  20/50 | t_loss=0.0066 t_acc=0.997 | v_win_bal=0.568 v_rec_bal=0.631 | lr=7.1e-06 | 24.2s
  Fold 3 | Ep  21/50 | t_loss=0.0046 t_acc=0.998 | v_win_bal=0.566 v_rec_bal=0.631 | lr=6.8e-06 | 24.6s
  Fold 3 | Ep  22/50 | t_loss=0.0034 t_acc=0.998 | v_win_bal=0.570 v_rec_bal=0.599 | lr=6.5e-06 | 24.4s
  Fold 3 | Ep  23/50 | t_loss=0.0024 t_acc=0.999 | v_win_bal=0.564 v_rec_bal=0.583 | lr=6.2e-06 | 25.2s
  Fold 3 | Ep  24/50 | t_loss=0.0013 t_acc=0.999 | v_win_bal=0.562 v_rec_bal=0.607 | lr=5.8e-06 | 25.0s
  Fold 3 | Ep  25/50 | t_loss=0.0010 t_acc=0.999 | v_win_bal=0.565 v_rec_bal=0.631 | lr=5.5e-06 | 24.2s
  Fold 3 | Ep  26/50 | t_loss=0.0007 t_acc=1.000 | v_win_bal=0.565 v_rec_bal=0.607 | lr=5.2e-06 | 23.9s
  Fold 3 | Ep  27/50 | t_loss=0.0004 t_acc=0.999 | v_win_bal=0.564 v_rec_bal=0.631 | lr=4.8e-06 | 24.7s
  Fold 3 | Ep  28/50 | t_loss=0.0001 t_acc=1.000 | v_win_bal=0.564 v_rec_bal=0.631 | lr=4.5e-06 | 23.8s
  Fold 3 | Ep  29/50 | t_loss=0.0001 t_acc=1.000 | v_win_bal=0.569 v_rec_bal=0.607 | lr=4.2e-06 | 23.6s
  Fold 3 | Ep  30/50 | t_loss=0.0001 t_acc=1.000 | v_win_bal=0.557 v_rec_bal=0.583 | lr=3.8e-06 | 24.1s
  Fold 3 | Ep  31/50 | t_loss=0.0000 t_acc=1.000 | v_win_bal=0.563 v_rec_bal=0.607 | lr=3.5e-06 | 24.5s
  Fold 3 | Ep  32/50 | t_loss=0.0000 t_acc=1.000 | v_win_bal=0.556 v_rec_bal=0.536 | lr=3.2e-06 | 23.9s
  Fold 3 | Ep  33/50 | t_loss=0.0000 t_acc=1.000 | v_win_bal=0.561 v_rec_bal=0.536 | lr=2.9e-06 | 24.1s
  Early stop at epoch 33
  -> Test (best @ epoch 13): acc=0.6154, bal_acc=0.6125

============================================================
Fold 4/5
============================================================
  Train: 117 samples, 39 subjects [2, 3, 5, 6, 8, 9, 10, 11, 12, 13, 14, 15, 17, 19, 20, 25, 27, 29, 32, 34, 36, 38, 39, 41, 42, 43, 44, 45, 47, 49, 54, 55, 58, 59, 60, 61, 62, 64, 65], label_0=51, label_1=66
    Val:  39 samples, 13 subjects [1, 4, 7, 22, 23, 26, 28, 40, 48, 50, 56, 57, 63], label_0=18, label_1=21
   Test:  39 samples, 13 subjects [16, 18, 21, 24, 30, 31, 33, 35, 37, 46, 51, 52, 53], label_0=18, label_1=21
  Building window datasets...
    WindowDataset: 17641 windows (class_0=2667, class_1=14974)
    WindowDataset: 2164 windows (class_0=1009, class_1=1155)
    WindowDataset: 2111 windows (class_0=883, class_1=1228)
[LaBraM] Loaded 219/221 params from weights/labram-base/model.safetensors
[LaBraM] Missing: ['fc_norm.weight', 'fc_norm.bias']
  Fold 4 | Ep   1/50 | t_loss=0.1783 t_acc=0.775 | v_win_bal=0.580 v_rec_bal=0.595 | lr=3.3e-06 | 24.6s
  Fold 4 | Ep   2/50 | t_loss=0.1563 t_acc=0.667 | v_win_bal=0.535 v_rec_bal=0.508 | lr=6.7e-06 | 24.1s
  Fold 4 | Ep   3/50 | t_loss=0.1154 t_acc=0.801 | v_win_bal=0.537 v_rec_bal=0.603 | lr=1.0e-05 | 24.3s
  Fold 4 | Ep   4/50 | t_loss=0.0771 t_acc=0.870 | v_win_bal=0.521 v_rec_bal=0.631 | lr=1.0e-05 | 24.4s
  Fold 4 | Ep   5/50 | t_loss=0.0664 t_acc=0.894 | v_win_bal=0.485 v_rec_bal=0.579 | lr=1.0e-05 | 24.1s
  Fold 4 | Ep   6/50 | t_loss=0.0583 t_acc=0.912 | v_win_bal=0.502 v_rec_bal=0.607 | lr=9.9e-06 | 23.9s
  Fold 4 | Ep   7/50 | t_loss=0.0529 t_acc=0.924 | v_win_bal=0.459 v_rec_bal=0.448 | lr=9.8e-06 | 24.6s
  Fold 4 | Ep   8/50 | t_loss=0.0482 t_acc=0.939 | v_win_bal=0.484 v_rec_bal=0.544 | lr=9.7e-06 | 25.0s
  Fold 4 | Ep   9/50 | t_loss=0.0437 t_acc=0.945 | v_win_bal=0.449 v_rec_bal=0.448 | lr=9.6e-06 | 24.6s
  Fold 4 | Ep  10/50 | t_loss=0.0396 t_acc=0.954 | v_win_bal=0.468 v_rec_bal=0.563 | lr=9.5e-06 | 25.0s
  Fold 4 | Ep  11/50 | t_loss=0.0364 t_acc=0.960 | v_win_bal=0.437 v_rec_bal=0.440 | lr=9.3e-06 | 24.1s
  Fold 4 | Ep  12/50 | t_loss=0.0338 t_acc=0.967 | v_win_bal=0.438 v_rec_bal=0.417 | lr=9.1e-06 | 23.7s
  Fold 4 | Ep  13/50 | t_loss=0.0306 t_acc=0.972 | v_win_bal=0.436 v_rec_bal=0.440 | lr=8.9e-06 | 25.6s
  Fold 4 | Ep  14/50 | t_loss=0.0273 t_acc=0.977 | v_win_bal=0.415 v_rec_bal=0.413 | lr=8.7e-06 | 24.2s
  Fold 4 | Ep  15/50 | t_loss=0.0244 t_acc=0.980 | v_win_bal=0.437 v_rec_bal=0.421 | lr=8.5e-06 | 24.7s
  Fold 4 | Ep  16/50 | t_loss=0.0244 t_acc=0.983 | v_win_bal=0.440 v_rec_bal=0.417 | lr=8.2e-06 | 24.4s
  Fold 4 | Ep  17/50 | t_loss=0.0200 t_acc=0.987 | v_win_bal=0.452 v_rec_bal=0.448 | lr=8.0e-06 | 24.7s
  Fold 4 | Ep  18/50 | t_loss=0.0200 t_acc=0.988 | v_win_bal=0.424 v_rec_bal=0.413 | lr=7.7e-06 | 24.5s
  Fold 4 | Ep  19/50 | t_loss=0.0176 t_acc=0.991 | v_win_bal=0.442 v_rec_bal=0.421 | lr=7.4e-06 | 24.5s
  Fold 4 | Ep  20/50 | t_loss=0.0146 t_acc=0.992 | v_win_bal=0.450 v_rec_bal=0.468 | lr=7.1e-06 | 24.7s
  Fold 4 | Ep  21/50 | t_loss=0.0136 t_acc=0.994 | v_win_bal=0.442 v_rec_bal=0.468 | lr=6.8e-06 | 24.6s
  Early stop at epoch 21
  -> Test (best @ epoch 4): acc=0.5641, bal_acc=0.5833

============================================================
Fold 5/5
============================================================
  Train: 117 samples, 39 subjects [1, 2, 3, 5, 8, 10, 11, 12, 13, 14, 15, 16, 18, 19, 20, 24, 26, 27, 29, 30, 32, 33, 34, 36, 37, 38, 40, 41, 45, 46, 47, 50, 51, 52, 53, 56, 58, 63, 65], label_0=51, label_1=66
    Val:  39 samples, 13 subjects [4, 7, 17, 21, 23, 25, 31, 35, 49, 54, 57, 60, 61], label_0=18, label_1=21
   Test:  39 samples, 13 subjects [6, 9, 22, 28, 39, 42, 43, 44, 48, 55, 59, 62, 64], label_0=18, label_1=21
  Building window datasets...
    WindowDataset: 17587 windows (class_0=2661, class_1=14926)
    WindowDataset: 2134 windows (class_0=938, class_1=1196)
    WindowDataset: 2159 windows (class_0=960, class_1=1199)
[LaBraM] Loaded 219/221 params from weights/labram-base/model.safetensors
[LaBraM] Missing: ['fc_norm.weight', 'fc_norm.bias']
  Fold 5 | Ep   1/50 | t_loss=0.1751 t_acc=0.787 | v_win_bal=0.525 v_rec_bal=0.532 | lr=3.3e-06 | 24.3s
  Fold 5 | Ep   2/50 | t_loss=0.1621 t_acc=0.687 | v_win_bal=0.563 v_rec_bal=0.639 | lr=6.7e-06 | 24.3s
  Fold 5 | Ep   3/50 | t_loss=0.1369 t_acc=0.761 | v_win_bal=0.541 v_rec_bal=0.583 | lr=1.0e-05 | 24.5s
  Fold 5 | Ep   4/50 | t_loss=0.0925 t_acc=0.837 | v_win_bal=0.537 v_rec_bal=0.500 | lr=1.0e-05 | 24.4s
  Fold 5 | Ep   5/50 | t_loss=0.0762 t_acc=0.865 | v_win_bal=0.545 v_rec_bal=0.556 | lr=1.0e-05 | 24.6s
  Fold 5 | Ep   6/50 | t_loss=0.0664 t_acc=0.883 | v_win_bal=0.519 v_rec_bal=0.508 | lr=9.9e-06 | 24.6s
  Fold 5 | Ep   7/50 | t_loss=0.0604 t_acc=0.904 | v_win_bal=0.504 v_rec_bal=0.468 | lr=9.8e-06 | 24.7s
  Fold 5 | Ep   8/50 | t_loss=0.0544 t_acc=0.916 | v_win_bal=0.508 v_rec_bal=0.440 | lr=9.7e-06 | 24.8s
  Fold 5 | Ep   9/50 | t_loss=0.0496 t_acc=0.929 | v_win_bal=0.493 v_rec_bal=0.476 | lr=9.6e-06 | 24.1s
  Fold 5 | Ep  10/50 | t_loss=0.0440 t_acc=0.940 | v_win_bal=0.503 v_rec_bal=0.496 | lr=9.5e-06 | 24.3s
  Fold 5 | Ep  11/50 | t_loss=0.0401 t_acc=0.948 | v_win_bal=0.497 v_rec_bal=0.476 | lr=9.3e-06 | 24.7s
  Fold 5 | Ep  12/50 | t_loss=0.0357 t_acc=0.958 | v_win_bal=0.501 v_rec_bal=0.433 | lr=9.1e-06 | 25.3s
  Fold 5 | Ep  13/50 | t_loss=0.0315 t_acc=0.965 | v_win_bal=0.488 v_rec_bal=0.433 | lr=8.9e-06 | 23.7s
  Fold 5 | Ep  14/50 | t_loss=0.0278 t_acc=0.970 | v_win_bal=0.488 v_rec_bal=0.385 | lr=8.7e-06 | 24.2s
  Fold 5 | Ep  15/50 | t_loss=0.0258 t_acc=0.974 | v_win_bal=0.489 v_rec_bal=0.504 | lr=8.5e-06 | 24.5s
  Fold 5 | Ep  16/50 | t_loss=0.0241 t_acc=0.979 | v_win_bal=0.475 v_rec_bal=0.361 | lr=8.2e-06 | 24.1s
  Fold 5 | Ep  17/50 | t_loss=0.0216 t_acc=0.984 | v_win_bal=0.477 v_rec_bal=0.433 | lr=8.0e-06 | 24.2s
  Early stop at epoch 17
  -> Test (best @ epoch 2): acc=0.4872, bal_acc=0.5119

============================================================
Global Results (5-Fold, subject-level CV)
Mode: FT | Extractor: labram | Loss: focal
============================================================
              acc: 0.6154
          bal_acc: 0.6181
               f1: 0.6164
            kappa: 0.2329
  Total predictions: 195 (should equal dataset size: 195)

Results saved to results/studies/exp27_paired_null/adftd/perm_s16/
