/raid/jupyter-linjimmy1003.md10/.conda/envs/stress/lib/python3.11/site-packages/timm/models/layers/__init__.py:49: FutureWarning: Importing from timm.models.layers is deprecated, please import via timm.layers
  warnings.warn(f"Importing from {__name__} is deprecated, please import via timm.layers", FutureWarning)
Mode: FT | Extractor: labram | Folds: 5
LR: 1e-05 | WD: 0.05 | Beta2: 0.999 | Grad clip: 2.0
Head: hidden=128, dropout=0.0 | Norm: zscore | Loss: focal
Full FT: encoder_lr_scale=0.1
Augmentation: 75% overlap for increase class

Results → results/studies/exp27_paired_null/adftd/perm_s25/
ADFTD: 195 recordings from 65 subjects (AD=108, HC=87), 3 splits/subject
ADFTD: 195 recordings, 65 subjects (AD=108, HC=87)
[permute-labels] Subject-level shuffle with rng seed 25 over 65 subjects. Class balance preserved: 108 pos / 87 neg

============================================================
Fold 1/5
============================================================
  Train: 117 samples, 39 subjects [1, 2, 3, 4, 6, 7, 8, 9, 10, 11, 12, 13, 14, 15, 17, 18, 19, 21, 22, 26, 28, 29, 30, 31, 35, 36, 37, 38, 39, 42, 44, 45, 48, 51, 53, 56, 57, 59, 64], label_0=54, label_1=63
    Val:  39 samples, 13 subjects [16, 27, 33, 40, 46, 47, 49, 52, 55, 58, 61, 63, 65], label_0=18, label_1=21
   Test:  39 samples, 13 subjects [5, 20, 23, 24, 25, 32, 34, 41, 43, 50, 54, 60, 62], label_0=15, label_1=24
  Building window datasets...
    WindowDataset: 16416 windows (class_0=3033, class_1=13383)
    WindowDataset: 2141 windows (class_0=938, class_1=1203)
    WindowDataset: 2168 windows (class_0=812, class_1=1356)
[LaBraM] Loaded 219/221 params from weights/labram-base/model.safetensors
[LaBraM] Missing: ['fc_norm.weight', 'fc_norm.bias']
  Trainable parameters: 5,871,779
  Class weights: [2.7062313556671143, 0.6133154034614563]
  Fold 1 | Ep   1/50 | t_loss=0.1856 t_acc=0.321 | v_win_bal=0.462 v_rec_bal=0.401 | lr=3.3e-06 | 22.2s
  Fold 1 | Ep   2/50 | t_loss=0.1650 t_acc=0.701 | v_win_bal=0.424 v_rec_bal=0.341 | lr=6.7e-06 | 20.2s
  Fold 1 | Ep   3/50 | t_loss=0.1528 t_acc=0.749 | v_win_bal=0.445 v_rec_bal=0.417 | lr=1.0e-05 | 19.6s
  Fold 1 | Ep   4/50 | t_loss=0.1325 t_acc=0.780 | v_win_bal=0.439 v_rec_bal=0.409 | lr=1.0e-05 | 19.6s
  Fold 1 | Ep   5/50 | t_loss=0.1108 t_acc=0.816 | v_win_bal=0.443 v_rec_bal=0.377 | lr=1.0e-05 | 19.9s
  Fold 1 | Ep   6/50 | t_loss=0.0928 t_acc=0.846 | v_win_bal=0.444 v_rec_bal=0.349 | lr=9.9e-06 | 20.4s
  Fold 1 | Ep   7/50 | t_loss=0.0777 t_acc=0.870 | v_win_bal=0.456 v_rec_bal=0.361 | lr=9.8e-06 | 19.8s
  Fold 1 | Ep   8/50 | t_loss=0.0684 t_acc=0.884 | v_win_bal=0.457 v_rec_bal=0.377 | lr=9.7e-06 | 19.7s
  Fold 1 | Ep   9/50 | t_loss=0.0607 t_acc=0.901 | v_win_bal=0.458 v_rec_bal=0.325 | lr=9.6e-06 | 19.6s
  Fold 1 | Ep  10/50 | t_loss=0.0533 t_acc=0.914 | v_win_bal=0.461 v_rec_bal=0.349 | lr=9.5e-06 | 20.4s
  Fold 1 | Ep  11/50 | t_loss=0.0487 t_acc=0.924 | v_win_bal=0.473 v_rec_bal=0.417 | lr=9.3e-06 | 19.5s
  Fold 1 | Ep  12/50 | t_loss=0.0417 t_acc=0.936 | v_win_bal=0.473 v_rec_bal=0.409 | lr=9.1e-06 | 19.7s
  Fold 1 | Ep  13/50 | t_loss=0.0384 t_acc=0.947 | v_win_bal=0.470 v_rec_bal=0.417 | lr=8.9e-06 | 19.6s
  Fold 1 | Ep  14/50 | t_loss=0.0330 t_acc=0.954 | v_win_bal=0.477 v_rec_bal=0.464 | lr=8.7e-06 | 19.8s
  Fold 1 | Ep  15/50 | t_loss=0.0281 t_acc=0.963 | v_win_bal=0.468 v_rec_bal=0.464 | lr=8.5e-06 | 19.6s
  Fold 1 | Ep  16/50 | t_loss=0.0254 t_acc=0.970 | v_win_bal=0.478 v_rec_bal=0.464 | lr=8.2e-06 | 19.6s
  Fold 1 | Ep  17/50 | t_loss=0.0221 t_acc=0.975 | v_win_bal=0.482 v_rec_bal=0.440 | lr=8.0e-06 | 19.7s
  Fold 1 | Ep  18/50 | t_loss=0.0199 t_acc=0.979 | v_win_bal=0.489 v_rec_bal=0.512 | lr=7.7e-06 | 19.5s
  Fold 1 | Ep  19/50 | t_loss=0.0161 t_acc=0.985 | v_win_bal=0.486 v_rec_bal=0.464 | lr=7.4e-06 | 19.5s
  Fold 1 | Ep  20/50 | t_loss=0.0152 t_acc=0.987 | v_win_bal=0.497 v_rec_bal=0.536 | lr=7.1e-06 | 19.6s
  Fold 1 | Ep  21/50 | t_loss=0.0120 t_acc=0.991 | v_win_bal=0.484 v_rec_bal=0.440 | lr=6.8e-06 | 19.5s
  Fold 1 | Ep  22/50 | t_loss=0.0098 t_acc=0.993 | v_win_bal=0.509 v_rec_bal=0.583 | lr=6.5e-06 | 19.6s
  Fold 1 | Ep  23/50 | t_loss=0.0074 t_acc=0.994 | v_win_bal=0.508 v_rec_bal=0.583 | lr=6.2e-06 | 20.0s
  Fold 1 | Ep  24/50 | t_loss=0.0071 t_acc=0.996 | v_win_bal=0.514 v_rec_bal=0.583 | lr=5.8e-06 | 20.1s
  Fold 1 | Ep  25/50 | t_loss=0.0053 t_acc=0.997 | v_win_bal=0.509 v_rec_bal=0.560 | lr=5.5e-06 | 19.5s
  Fold 1 | Ep  26/50 | t_loss=0.0041 t_acc=0.997 | v_win_bal=0.500 v_rec_bal=0.512 | lr=5.2e-06 | 19.9s
  Fold 1 | Ep  27/50 | t_loss=0.0035 t_acc=0.998 | v_win_bal=0.518 v_rec_bal=0.583 | lr=4.8e-06 | 19.6s
  Fold 1 | Ep  28/50 | t_loss=0.0032 t_acc=0.999 | v_win_bal=0.505 v_rec_bal=0.536 | lr=4.5e-06 | 19.7s
  Fold 1 | Ep  29/50 | t_loss=0.0018 t_acc=0.999 | v_win_bal=0.505 v_rec_bal=0.560 | lr=4.2e-06 | 19.5s
  Fold 1 | Ep  30/50 | t_loss=0.0018 t_acc=0.999 | v_win_bal=0.500 v_rec_bal=0.512 | lr=3.8e-06 | 19.5s
  Fold 1 | Ep  31/50 | t_loss=0.0017 t_acc=1.000 | v_win_bal=0.507 v_rec_bal=0.560 | lr=3.5e-06 | 19.6s
  Fold 1 | Ep  32/50 | t_loss=0.0013 t_acc=1.000 | v_win_bal=0.496 v_rec_bal=0.512 | lr=3.2e-06 | 19.7s
  Fold 1 | Ep  33/50 | t_loss=0.0004 t_acc=1.000 | v_win_bal=0.509 v_rec_bal=0.583 | lr=2.9e-06 | 20.3s
  Fold 1 | Ep  34/50 | t_loss=0.0003 t_acc=1.000 | v_win_bal=0.505 v_rec_bal=0.536 | lr=2.6e-06 | 19.4s
  Fold 1 | Ep  35/50 | t_loss=0.0004 t_acc=1.000 | v_win_bal=0.505 v_rec_bal=0.560 | lr=2.3e-06 | 19.8s
  Fold 1 | Ep  36/50 | t_loss=0.0001 t_acc=1.000 | v_win_bal=0.503 v_rec_bal=0.536 | lr=2.0e-06 | 19.5s
  Fold 1 | Ep  37/50 | t_loss=0.0000 t_acc=1.000 | v_win_bal=0.503 v_rec_bal=0.536 | lr=1.8e-06 | 19.4s
  Fold 1 | Ep  38/50 | t_loss=0.0000 t_acc=1.000 | v_win_bal=0.507 v_rec_bal=0.536 | lr=1.5e-06 | 19.4s
  Fold 1 | Ep  39/50 | t_loss=0.0003 t_acc=1.000 | v_win_bal=0.507 v_rec_bal=0.560 | lr=1.3e-06 | 19.4s
  Early stop at epoch 39
  -> Test (best @ epoch 22): acc=0.5128, bal_acc=0.4667

============================================================
Fold 2/5
============================================================
  Train: 117 samples, 39 subjects [3, 4, 6, 7, 11, 12, 13, 14, 16, 18, 19, 20, 21, 22, 23, 25, 26, 29, 31, 32, 33, 34, 35, 36, 38, 39, 40, 41, 42, 43, 46, 50, 54, 56, 57, 60, 62, 64, 65], label_0=51, label_1=66
    Val:  39 samples, 13 subjects [1, 5, 8, 24, 28, 30, 37, 44, 48, 51, 52, 53, 63], label_0=18, label_1=21
   Test:  39 samples, 13 subjects [2, 9, 10, 15, 17, 27, 45, 47, 49, 55, 58, 59, 61], label_0=18, label_1=21
  Building window datasets...
    WindowDataset: 17556 windows (class_0=2786, class_1=14770)
    WindowDataset: 2029 windows (class_0=916, class_1=1113)
    WindowDataset: 2178 windows (class_0=1081, class_1=1097)
[LaBraM] Loaded 219/221 params from weights/labram-base/model.safetensors
[LaBraM] Missing: ['fc_norm.weight', 'fc_norm.bias']
  Fold 2 | Ep   1/50 | t_loss=0.1767 t_acc=0.635 | v_win_bal=0.526 v_rec_bal=0.500 | lr=3.3e-06 | 21.6s
  Fold 2 | Ep   2/50 | t_loss=0.1689 t_acc=0.686 | v_win_bal=0.503 v_rec_bal=0.484 | lr=6.7e-06 | 21.8s
  Fold 2 | Ep   3/50 | t_loss=0.1463 t_acc=0.759 | v_win_bal=0.463 v_rec_bal=0.524 | lr=1.0e-05 | 21.7s
  Fold 2 | Ep   4/50 | t_loss=0.0977 t_acc=0.814 | v_win_bal=0.466 v_rec_bal=0.500 | lr=1.0e-05 | 23.4s
  Fold 2 | Ep   5/50 | t_loss=0.0819 t_acc=0.836 | v_win_bal=0.419 v_rec_bal=0.373 | lr=1.0e-05 | 22.3s
  Fold 2 | Ep   6/50 | t_loss=0.0748 t_acc=0.857 | v_win_bal=0.460 v_rec_bal=0.500 | lr=9.9e-06 | 23.0s
  Fold 2 | Ep   7/50 | t_loss=0.0674 t_acc=0.874 | v_win_bal=0.434 v_rec_bal=0.405 | lr=9.8e-06 | 21.9s
  Fold 2 | Ep   8/50 | t_loss=0.0618 t_acc=0.891 | v_win_bal=0.432 v_rec_bal=0.377 | lr=9.7e-06 | 22.7s
  Fold 2 | Ep   9/50 | t_loss=0.0560 t_acc=0.903 | v_win_bal=0.440 v_rec_bal=0.377 | lr=9.6e-06 | 22.0s
  Fold 2 | Ep  10/50 | t_loss=0.0502 t_acc=0.917 | v_win_bal=0.442 v_rec_bal=0.349 | lr=9.5e-06 | 22.1s
  Fold 2 | Ep  11/50 | t_loss=0.0463 t_acc=0.929 | v_win_bal=0.449 v_rec_bal=0.425 | lr=9.3e-06 | 21.9s
  Fold 2 | Ep  12/50 | t_loss=0.0423 t_acc=0.938 | v_win_bal=0.453 v_rec_bal=0.421 | lr=9.1e-06 | 22.2s
  Fold 2 | Ep  13/50 | t_loss=0.0386 t_acc=0.948 | v_win_bal=0.455 v_rec_bal=0.413 | lr=8.9e-06 | 22.2s
  Fold 2 | Ep  14/50 | t_loss=0.0331 t_acc=0.955 | v_win_bal=0.452 v_rec_bal=0.409 | lr=8.7e-06 | 22.6s
  Fold 2 | Ep  15/50 | t_loss=0.0289 t_acc=0.964 | v_win_bal=0.461 v_rec_bal=0.440 | lr=8.5e-06 | 22.3s
  Fold 2 | Ep  16/50 | t_loss=0.0270 t_acc=0.968 | v_win_bal=0.462 v_rec_bal=0.480 | lr=8.2e-06 | 21.8s
  Fold 2 | Ep  17/50 | t_loss=0.0229 t_acc=0.973 | v_win_bal=0.466 v_rec_bal=0.464 | lr=8.0e-06 | 22.1s
  Fold 2 | Ep  18/50 | t_loss=0.0219 t_acc=0.977 | v_win_bal=0.455 v_rec_bal=0.460 | lr=7.7e-06 | 22.2s
  Early stop at epoch 18
  -> Test (best @ epoch 3): acc=0.4872, bal_acc=0.5238

============================================================
Fold 3/5
============================================================
  Train: 117 samples, 39 subjects [3, 4, 5, 6, 9, 10, 14, 15, 16, 17, 20, 23, 24, 25, 26, 28, 31, 32, 33, 34, 35, 36, 39, 40, 43, 45, 46, 47, 48, 50, 52, 53, 54, 55, 57, 58, 59, 60, 64], label_0=54, label_1=63
    Val:  39 samples, 13 subjects [2, 7, 8, 21, 27, 30, 41, 44, 49, 51, 61, 62, 65], label_0=15, label_1=24
   Test:  39 samples, 13 subjects [1, 11, 12, 13, 18, 19, 22, 29, 37, 38, 42, 56, 63], label_0=18, label_1=21
  Building window datasets...
    WindowDataset: 16788 windows (class_0=2965, class_1=13823)
    WindowDataset: 2116 windows (class_0=801, class_1=1315)
    WindowDataset: 2151 windows (class_0=1017, class_1=1134)
[LaBraM] Loaded 219/221 params from weights/labram-base/model.safetensors
[LaBraM] Missing: ['fc_norm.weight', 'fc_norm.bias']
  Fold 3 | Ep   1/50 | t_loss=0.1757 t_acc=0.374 | v_win_bal=0.409 v_rec_bal=0.321 | lr=3.3e-06 | 21.6s
  Fold 3 | Ep   2/50 | t_loss=0.1694 t_acc=0.635 | v_win_bal=0.415 v_rec_bal=0.404 | lr=6.7e-06 | 22.1s
  Fold 3 | Ep   3/50 | t_loss=0.1374 t_acc=0.727 | v_win_bal=0.480 v_rec_bal=0.500 | lr=1.0e-05 | 21.9s
  Fold 3 | Ep   4/50 | t_loss=0.0916 t_acc=0.818 | v_win_bal=0.474 v_rec_bal=0.500 | lr=1.0e-05 | 21.3s
  Fold 3 | Ep   5/50 | t_loss=0.0815 t_acc=0.841 | v_win_bal=0.467 v_rec_bal=0.500 | lr=1.0e-05 | 21.2s
  Fold 3 | Ep   6/50 | t_loss=0.0747 t_acc=0.857 | v_win_bal=0.442 v_rec_bal=0.400 | lr=9.9e-06 | 21.5s
  Fold 3 | Ep   7/50 | t_loss=0.0685 t_acc=0.872 | v_win_bal=0.457 v_rec_bal=0.500 | lr=9.8e-06 | 21.4s
  Fold 3 | Ep   8/50 | t_loss=0.0657 t_acc=0.885 | v_win_bal=0.457 v_rec_bal=0.500 | lr=9.7e-06 | 21.4s
  Fold 3 | Ep   9/50 | t_loss=0.0603 t_acc=0.895 | v_win_bal=0.439 v_rec_bal=0.454 | lr=9.6e-06 | 21.7s
  Fold 3 | Ep  10/50 | t_loss=0.0557 t_acc=0.908 | v_win_bal=0.435 v_rec_bal=0.442 | lr=9.5e-06 | 21.0s
  Fold 3 | Ep  11/50 | t_loss=0.0513 t_acc=0.917 | v_win_bal=0.453 v_rec_bal=0.450 | lr=9.3e-06 | 20.8s
  Fold 3 | Ep  12/50 | t_loss=0.0462 t_acc=0.926 | v_win_bal=0.445 v_rec_bal=0.392 | lr=9.1e-06 | 20.9s
  Fold 3 | Ep  13/50 | t_loss=0.0428 t_acc=0.935 | v_win_bal=0.467 v_rec_bal=0.404 | lr=8.9e-06 | 21.2s
  Fold 3 | Ep  14/50 | t_loss=0.0373 t_acc=0.941 | v_win_bal=0.461 v_rec_bal=0.412 | lr=8.7e-06 | 21.1s
  Fold 3 | Ep  15/50 | t_loss=0.0352 t_acc=0.951 | v_win_bal=0.473 v_rec_bal=0.404 | lr=8.5e-06 | 21.5s
  Fold 3 | Ep  16/50 | t_loss=0.0316 t_acc=0.957 | v_win_bal=0.489 v_rec_bal=0.475 | lr=8.2e-06 | 21.4s
  Fold 3 | Ep  17/50 | t_loss=0.0289 t_acc=0.962 | v_win_bal=0.466 v_rec_bal=0.433 | lr=8.0e-06 | 21.1s
  Fold 3 | Ep  18/50 | t_loss=0.0271 t_acc=0.965 | v_win_bal=0.474 v_rec_bal=0.475 | lr=7.7e-06 | 21.3s
  Fold 3 | Ep  19/50 | t_loss=0.0247 t_acc=0.969 | v_win_bal=0.474 v_rec_bal=0.467 | lr=7.4e-06 | 21.3s
  Fold 3 | Ep  20/50 | t_loss=0.0212 t_acc=0.975 | v_win_bal=0.493 v_rec_bal=0.425 | lr=7.1e-06 | 20.9s
  Early stop at epoch 20
  -> Test (best @ epoch 3): acc=0.3846, bal_acc=0.4127

============================================================
Fold 4/5
============================================================
  Train: 117 samples, 39 subjects [2, 4, 6, 9, 10, 11, 12, 13, 15, 17, 18, 19, 22, 23, 25, 27, 29, 34, 35, 37, 38, 43, 44, 45, 47, 48, 49, 51, 52, 53, 55, 58, 59, 60, 61, 62, 63, 64, 65], label_0=51, label_1=66
    Val:  39 samples, 13 subjects [1, 5, 20, 21, 24, 28, 32, 36, 41, 42, 50, 54, 56], label_0=18, label_1=21
   Test:  39 samples, 13 subjects [3, 7, 8, 14, 16, 26, 30, 31, 33, 39, 40, 46, 57], label_0=18, label_1=21
  Building window datasets...
    WindowDataset: 17049 windows (class_0=2851, class_1=14198)
    WindowDataset: 2176 windows (class_0=1028, class_1=1148)
    WindowDataset: 2109 windows (class_0=904, class_1=1205)
[LaBraM] Loaded 219/221 params from weights/labram-base/model.safetensors
[LaBraM] Missing: ['fc_norm.weight', 'fc_norm.bias']
  Fold 4 | Ep   1/50 | t_loss=0.1734 t_acc=0.633 | v_win_bal=0.528 v_rec_bal=0.627 | lr=3.3e-06 | 21.4s
  Fold 4 | Ep   2/50 | t_loss=0.1705 t_acc=0.657 | v_win_bal=0.496 v_rec_bal=0.508 | lr=6.7e-06 | 21.6s
  Fold 4 | Ep   3/50 | t_loss=0.1615 t_acc=0.671 | v_win_bal=0.487 v_rec_bal=0.433 | lr=1.0e-05 | 21.3s
  Fold 4 | Ep   4/50 | t_loss=0.1342 t_acc=0.750 | v_win_bal=0.567 v_rec_bal=0.679 | lr=1.0e-05 | 21.5s
  Fold 4 | Ep   5/50 | t_loss=0.1042 t_acc=0.814 | v_win_bal=0.592 v_rec_bal=0.675 | lr=1.0e-05 | 21.5s
  Fold 4 | Ep   6/50 | t_loss=0.0839 t_acc=0.849 | v_win_bal=0.617 v_rec_bal=0.631 | lr=9.9e-06 | 21.3s
  Fold 4 | Ep   7/50 | t_loss=0.0717 t_acc=0.874 | v_win_bal=0.592 v_rec_bal=0.639 | lr=9.8e-06 | 22.8s
  Fold 4 | Ep   8/50 | t_loss=0.0622 t_acc=0.891 | v_win_bal=0.605 v_rec_bal=0.639 | lr=9.7e-06 | 21.4s
  Fold 4 | Ep   9/50 | t_loss=0.0550 t_acc=0.909 | v_win_bal=0.600 v_rec_bal=0.627 | lr=9.6e-06 | 21.4s
  Fold 4 | Ep  10/50 | t_loss=0.0477 t_acc=0.924 | v_win_bal=0.606 v_rec_bal=0.647 | lr=9.5e-06 | 22.4s
  Fold 4 | Ep  11/50 | t_loss=0.0408 t_acc=0.938 | v_win_bal=0.597 v_rec_bal=0.671 | lr=9.3e-06 | 21.8s
  Fold 4 | Ep  12/50 | t_loss=0.0349 t_acc=0.949 | v_win_bal=0.620 v_rec_bal=0.698 | lr=9.1e-06 | 21.4s
  Fold 4 | Ep  13/50 | t_loss=0.0307 t_acc=0.958 | v_win_bal=0.591 v_rec_bal=0.587 | lr=8.9e-06 | 21.3s
  Fold 4 | Ep  14/50 | t_loss=0.0253 t_acc=0.968 | v_win_bal=0.601 v_rec_bal=0.675 | lr=8.7e-06 | 21.7s
  Fold 4 | Ep  15/50 | t_loss=0.0225 t_acc=0.974 | v_win_bal=0.582 v_rec_bal=0.500 | lr=8.5e-06 | 21.3s
  Fold 4 | Ep  16/50 | t_loss=0.0183 t_acc=0.979 | v_win_bal=0.596 v_rec_bal=0.667 | lr=8.2e-06 | 21.4s
  Fold 4 | Ep  17/50 | t_loss=0.0151 t_acc=0.985 | v_win_bal=0.598 v_rec_bal=0.611 | lr=8.0e-06 | 21.5s
  Fold 4 | Ep  18/50 | t_loss=0.0128 t_acc=0.989 | v_win_bal=0.607 v_rec_bal=0.643 | lr=7.7e-06 | 21.2s
  Fold 4 | Ep  19/50 | t_loss=0.0109 t_acc=0.990 | v_win_bal=0.588 v_rec_bal=0.583 | lr=7.4e-06 | 21.2s
  Fold 4 | Ep  20/50 | t_loss=0.0089 t_acc=0.993 | v_win_bal=0.574 v_rec_bal=0.556 | lr=7.1e-06 | 21.4s
  Fold 4 | Ep  21/50 | t_loss=0.0077 t_acc=0.995 | v_win_bal=0.597 v_rec_bal=0.611 | lr=6.8e-06 | 21.6s
  Fold 4 | Ep  22/50 | t_loss=0.0055 t_acc=0.997 | v_win_bal=0.587 v_rec_bal=0.583 | lr=6.5e-06 | 21.2s
  Fold 4 | Ep  23/50 | t_loss=0.0052 t_acc=0.997 | v_win_bal=0.589 v_rec_bal=0.528 | lr=6.2e-06 | 21.2s
  Fold 4 | Ep  24/50 | t_loss=0.0039 t_acc=0.998 | v_win_bal=0.591 v_rec_bal=0.611 | lr=5.8e-06 | 21.2s
  Fold 4 | Ep  25/50 | t_loss=0.0038 t_acc=0.999 | v_win_bal=0.588 v_rec_bal=0.587 | lr=5.5e-06 | 21.3s
  Fold 4 | Ep  26/50 | t_loss=0.0032 t_acc=0.999 | v_win_bal=0.583 v_rec_bal=0.556 | lr=5.2e-06 | 21.3s
  Fold 4 | Ep  27/50 | t_loss=0.0028 t_acc=0.999 | v_win_bal=0.584 v_rec_bal=0.556 | lr=4.8e-06 | 21.2s
  Early stop at epoch 27
  -> Test (best @ epoch 12): acc=0.5641, bal_acc=0.5556

============================================================
Fold 5/5
============================================================
  Train: 117 samples, 39 subjects [1, 2, 7, 8, 9, 10, 11, 12, 13, 14, 15, 16, 17, 18, 19, 22, 24, 25, 26, 30, 32, 33, 38, 39, 40, 41, 42, 43, 45, 47, 49, 50, 54, 55, 56, 57, 59, 60, 62], label_0=54, label_1=63
    Val:  39 samples, 13 subjects [3, 5, 20, 23, 27, 29, 31, 34, 37, 46, 58, 61, 63], label_0=15, label_1=24
   Test:  39 samples, 13 subjects [4, 6, 21, 28, 35, 36, 44, 48, 51, 52, 53, 64, 65], label_0=18, label_1=21
  Building window datasets...
    WindowDataset: 16748 windows (class_0=3049, class_1=13699)
    WindowDataset: 2085 windows (class_0=765, class_1=1320)
    WindowDataset: 2129 windows (class_0=969, class_1=1160)
[LaBraM] Loaded 219/221 params from weights/labram-base/model.safetensors
[LaBraM] Missing: ['fc_norm.weight', 'fc_norm.bias']
  Fold 5 | Ep   1/50 | t_loss=0.1816 t_acc=0.291 | v_win_bal=0.552 v_rec_bal=0.525 | lr=3.3e-06 | 21.7s
  Fold 5 | Ep   2/50 | t_loss=0.1701 t_acc=0.644 | v_win_bal=0.553 v_rec_bal=0.542 | lr=6.7e-06 | 21.3s
  Fold 5 | Ep   3/50 | t_loss=0.1527 t_acc=0.700 | v_win_bal=0.496 v_rec_bal=0.500 | lr=1.0e-05 | 20.9s
  Fold 5 | Ep   4/50 | t_loss=0.1023 t_acc=0.806 | v_win_bal=0.517 v_rec_bal=0.500 | lr=1.0e-05 | 21.0s
  Fold 5 | Ep   5/50 | t_loss=0.0866 t_acc=0.829 | v_win_bal=0.508 v_rec_bal=0.500 | lr=1.0e-05 | 21.2s
  Fold 5 | Ep   6/50 | t_loss=0.0790 t_acc=0.848 | v_win_bal=0.515 v_rec_bal=0.475 | lr=9.9e-06 | 21.0s
  Fold 5 | Ep   7/50 | t_loss=0.0719 t_acc=0.864 | v_win_bal=0.515 v_rec_bal=0.487 | lr=9.8e-06 | 21.2s
  Fold 5 | Ep   8/50 | t_loss=0.0660 t_acc=0.880 | v_win_bal=0.517 v_rec_bal=0.567 | lr=9.7e-06 | 20.8s
  Fold 5 | Ep   9/50 | t_loss=0.0615 t_acc=0.894 | v_win_bal=0.510 v_rec_bal=0.525 | lr=9.6e-06 | 20.8s
  Fold 5 | Ep  10/50 | t_loss=0.0561 t_acc=0.908 | v_win_bal=0.516 v_rec_bal=0.504 | lr=9.5e-06 | 21.2s
  Fold 5 | Ep  11/50 | t_loss=0.0510 t_acc=0.918 | v_win_bal=0.509 v_rec_bal=0.483 | lr=9.3e-06 | 20.7s
  Fold 5 | Ep  12/50 | t_loss=0.0465 t_acc=0.929 | v_win_bal=0.514 v_rec_bal=0.575 | lr=9.1e-06 | 20.7s
  Fold 5 | Ep  13/50 | t_loss=0.0418 t_acc=0.937 | v_win_bal=0.515 v_rec_bal=0.525 | lr=8.9e-06 | 20.9s
  Fold 5 | Ep  14/50 | t_loss=0.0380 t_acc=0.945 | v_win_bal=0.506 v_rec_bal=0.533 | lr=8.7e-06 | 20.7s
  Fold 5 | Ep  15/50 | t_loss=0.0358 t_acc=0.952 | v_win_bal=0.501 v_rec_bal=0.525 | lr=8.5e-06 | 21.1s
  Fold 5 | Ep  16/50 | t_loss=0.0325 t_acc=0.958 | v_win_bal=0.504 v_rec_bal=0.521 | lr=8.2e-06 | 20.8s
  Fold 5 | Ep  17/50 | t_loss=0.0282 t_acc=0.964 | v_win_bal=0.501 v_rec_bal=0.529 | lr=8.0e-06 | 20.8s
  Fold 5 | Ep  18/50 | t_loss=0.0247 t_acc=0.971 | v_win_bal=0.510 v_rec_bal=0.562 | lr=7.7e-06 | 21.2s
  Fold 5 | Ep  19/50 | t_loss=0.0231 t_acc=0.975 | v_win_bal=0.507 v_rec_bal=0.562 | lr=7.4e-06 | 20.8s
  Fold 5 | Ep  20/50 | t_loss=0.0200 t_acc=0.977 | v_win_bal=0.509 v_rec_bal=0.608 | lr=7.1e-06 | 21.0s
  Fold 5 | Ep  21/50 | t_loss=0.0177 t_acc=0.982 | v_win_bal=0.516 v_rec_bal=0.575 | lr=6.8e-06 | 20.8s
  Fold 5 | Ep  22/50 | t_loss=0.0173 t_acc=0.984 | v_win_bal=0.515 v_rec_bal=0.571 | lr=6.5e-06 | 20.7s
  Fold 5 | Ep  23/50 | t_loss=0.0144 t_acc=0.987 | v_win_bal=0.513 v_rec_bal=0.542 | lr=6.2e-06 | 20.9s
  Fold 5 | Ep  24/50 | t_loss=0.0128 t_acc=0.989 | v_win_bal=0.506 v_rec_bal=0.525 | lr=5.8e-06 | 21.0s
  Fold 5 | Ep  25/50 | t_loss=0.0121 t_acc=0.990 | v_win_bal=0.500 v_rec_bal=0.542 | lr=5.5e-06 | 20.9s
  Fold 5 | Ep  26/50 | t_loss=0.0102 t_acc=0.992 | v_win_bal=0.514 v_rec_bal=0.542 | lr=5.2e-06 | 20.9s
  Fold 5 | Ep  27/50 | t_loss=0.0087 t_acc=0.993 | v_win_bal=0.507 v_rec_bal=0.542 | lr=4.8e-06 | 20.9s
  Fold 5 | Ep  28/50 | t_loss=0.0074 t_acc=0.994 | v_win_bal=0.511 v_rec_bal=0.542 | lr=4.5e-06 | 20.9s
  Fold 5 | Ep  29/50 | t_loss=0.0062 t_acc=0.995 | v_win_bal=0.509 v_rec_bal=0.537 | lr=4.2e-06 | 20.9s
  Fold 5 | Ep  30/50 | t_loss=0.0056 t_acc=0.996 | v_win_bal=0.512 v_rec_bal=0.508 | lr=3.8e-06 | 20.9s
  Fold 5 | Ep  31/50 | t_loss=0.0049 t_acc=0.997 | v_win_bal=0.514 v_rec_bal=0.571 | lr=3.5e-06 | 20.9s
  Fold 5 | Ep  32/50 | t_loss=0.0048 t_acc=0.997 | v_win_bal=0.511 v_rec_bal=0.517 | lr=3.2e-06 | 20.9s
  Fold 5 | Ep  33/50 | t_loss=0.0042 t_acc=0.997 | v_win_bal=0.510 v_rec_bal=0.542 | lr=2.9e-06 | 20.9s
  Fold 5 | Ep  34/50 | t_loss=0.0034 t_acc=0.997 | v_win_bal=0.507 v_rec_bal=0.508 | lr=2.6e-06 | 20.9s
  Fold 5 | Ep  35/50 | t_loss=0.0032 t_acc=0.998 | v_win_bal=0.509 v_rec_bal=0.529 | lr=2.3e-06 | 20.8s
  Fold 5 | Ep  36/50 | t_loss=0.0024 t_acc=0.998 | v_win_bal=0.515 v_rec_bal=0.529 | lr=2.0e-06 | 20.9s
  Fold 5 | Ep  37/50 | t_loss=0.0016 t_acc=0.998 | v_win_bal=0.508 v_rec_bal=0.529 | lr=1.8e-06 | 21.3s
  Early stop at epoch 37
  -> Test (best @ epoch 20): acc=0.4359, bal_acc=0.4405

============================================================
Global Results (5-Fold, subject-level CV)
Mode: FT | Extractor: labram | Loss: focal
============================================================
              acc: 0.4769
          bal_acc: 0.4898
               f1: 0.4708
            kappa: -0.0197
  Total predictions: 195 (should equal dataset size: 195)

Results saved to results/studies/exp27_paired_null/adftd/perm_s25/
