/raid/jupyter-linjimmy1003.md10/.conda/envs/stress/lib/python3.11/site-packages/timm/models/layers/__init__.py:49: FutureWarning: Importing from timm.models.layers is deprecated, please import via timm.layers
  warnings.warn(f"Importing from {__name__} is deprecated, please import via timm.layers", FutureWarning)
Mode: FT | Extractor: labram | Folds: 5
LR: 1e-05 | WD: 0.05 | Beta2: 0.999 | Grad clip: 2.0
Head: hidden=128, dropout=0.0 | Norm: zscore | Loss: focal
Full FT: encoder_lr_scale=0.1
Augmentation: 75% overlap for increase class

Results → results/studies/exp27_paired_null/adftd/perm_s24/
ADFTD: 195 recordings from 65 subjects (AD=108, HC=87), 3 splits/subject
ADFTD: 195 recordings, 65 subjects (AD=108, HC=87)
[permute-labels] Subject-level shuffle with rng seed 24 over 65 subjects. Class balance preserved: 108 pos / 87 neg

============================================================
Fold 1/5
============================================================
  Train: 117 samples, 39 subjects [2, 3, 5, 10, 11, 12, 13, 14, 15, 16, 17, 18, 20, 21, 22, 24, 26, 27, 29, 30, 31, 32, 33, 35, 37, 38, 39, 40, 41, 46, 48, 51, 53, 55, 57, 58, 59, 61, 64], label_0=54, label_1=63
    Val:  39 samples, 13 subjects [1, 4, 6, 7, 23, 28, 42, 43, 44, 47, 52, 63, 65], label_0=18, label_1=21
   Test:  39 samples, 13 subjects [8, 9, 19, 25, 34, 36, 45, 49, 50, 54, 56, 60, 62], label_0=15, label_1=24
  Building window datasets...
    WindowDataset: 16599 windows (class_0=3116, class_1=13483)
    WindowDataset: 2063 windows (class_0=857, class_1=1206)
    WindowDataset: 2138 windows (class_0=854, class_1=1284)
[LaBraM] Loaded 219/221 params from weights/labram-base/model.safetensors
[LaBraM] Missing: ['fc_norm.weight', 'fc_norm.bias']
  Trainable parameters: 5,871,779
  Class weights: [2.663510799407959, 0.6155529022216797]
  Fold 1 | Ep   1/50 | t_loss=0.1876 t_acc=0.278 | v_win_bal=0.502 v_rec_bal=0.556 | lr=3.3e-06 | 22.7s
  Fold 1 | Ep   2/50 | t_loss=0.1701 t_acc=0.676 | v_win_bal=0.494 v_rec_bal=0.452 | lr=6.7e-06 | 20.2s
  Fold 1 | Ep   3/50 | t_loss=0.1603 t_acc=0.708 | v_win_bal=0.478 v_rec_bal=0.500 | lr=1.0e-05 | 20.2s
  Fold 1 | Ep   4/50 | t_loss=0.1303 t_acc=0.763 | v_win_bal=0.505 v_rec_bal=0.500 | lr=1.0e-05 | 20.0s
  Fold 1 | Ep   5/50 | t_loss=0.0958 t_acc=0.834 | v_win_bal=0.504 v_rec_bal=0.468 | lr=1.0e-05 | 20.3s
  Fold 1 | Ep   6/50 | t_loss=0.0788 t_acc=0.865 | v_win_bal=0.495 v_rec_bal=0.417 | lr=9.9e-06 | 20.1s
  Fold 1 | Ep   7/50 | t_loss=0.0678 t_acc=0.884 | v_win_bal=0.509 v_rec_bal=0.472 | lr=9.8e-06 | 20.0s
  Fold 1 | Ep   8/50 | t_loss=0.0598 t_acc=0.900 | v_win_bal=0.497 v_rec_bal=0.429 | lr=9.7e-06 | 20.0s
  Fold 1 | Ep   9/50 | t_loss=0.0522 t_acc=0.917 | v_win_bal=0.503 v_rec_bal=0.460 | lr=9.6e-06 | 20.0s
  Fold 1 | Ep  10/50 | t_loss=0.0469 t_acc=0.927 | v_win_bal=0.505 v_rec_bal=0.444 | lr=9.5e-06 | 20.1s
  Fold 1 | Ep  11/50 | t_loss=0.0418 t_acc=0.938 | v_win_bal=0.495 v_rec_bal=0.488 | lr=9.3e-06 | 20.0s
  Fold 1 | Ep  12/50 | t_loss=0.0367 t_acc=0.946 | v_win_bal=0.501 v_rec_bal=0.460 | lr=9.1e-06 | 20.2s
  Fold 1 | Ep  13/50 | t_loss=0.0320 t_acc=0.956 | v_win_bal=0.507 v_rec_bal=0.508 | lr=8.9e-06 | 20.2s
  Fold 1 | Ep  14/50 | t_loss=0.0283 t_acc=0.963 | v_win_bal=0.508 v_rec_bal=0.460 | lr=8.7e-06 | 20.1s
  Fold 1 | Ep  15/50 | t_loss=0.0243 t_acc=0.969 | v_win_bal=0.513 v_rec_bal=0.488 | lr=8.5e-06 | 20.2s
  Fold 1 | Ep  16/50 | t_loss=0.0205 t_acc=0.976 | v_win_bal=0.501 v_rec_bal=0.460 | lr=8.2e-06 | 20.1s
  Early stop at epoch 16
  -> Test (best @ epoch 1): acc=0.6667, bal_acc=0.5792

============================================================
Fold 2/5
============================================================
  Train: 117 samples, 39 subjects [3, 4, 6, 8, 9, 11, 12, 13, 14, 15, 16, 17, 18, 19, 20, 21, 24, 28, 30, 32, 34, 35, 36, 38, 39, 41, 42, 44, 45, 48, 50, 51, 53, 54, 55, 56, 57, 58, 62], label_0=51, label_1=66
    Val:  39 samples, 13 subjects [1, 5, 7, 22, 25, 29, 33, 37, 46, 49, 52, 60, 65], label_0=18, label_1=21
   Test:  39 samples, 13 subjects [2, 10, 23, 26, 27, 31, 40, 43, 47, 59, 61, 63, 64], label_0=18, label_1=21
  Building window datasets...
    WindowDataset: 16890 windows (class_0=2872, class_1=14018)
    WindowDataset: 1964 windows (class_0=883, class_1=1081)
    WindowDataset: 2345 windows (class_0=1072, class_1=1273)
[LaBraM] Loaded 219/221 params from weights/labram-base/model.safetensors
[LaBraM] Missing: ['fc_norm.weight', 'fc_norm.bias']
  Fold 2 | Ep   1/50 | t_loss=0.1724 t_acc=0.757 | v_win_bal=0.444 v_rec_bal=0.516 | lr=3.3e-06 | 21.1s
  Fold 2 | Ep   2/50 | t_loss=0.1622 t_acc=0.703 | v_win_bal=0.433 v_rec_bal=0.452 | lr=6.7e-06 | 21.0s
  Fold 2 | Ep   3/50 | t_loss=0.1342 t_acc=0.747 | v_win_bal=0.468 v_rec_bal=0.452 | lr=1.0e-05 | 21.0s
  Fold 2 | Ep   4/50 | t_loss=0.0908 t_acc=0.844 | v_win_bal=0.487 v_rec_bal=0.552 | lr=1.0e-05 | 21.0s
  Fold 2 | Ep   5/50 | t_loss=0.0745 t_acc=0.873 | v_win_bal=0.506 v_rec_bal=0.524 | lr=1.0e-05 | 21.0s
  Fold 2 | Ep   6/50 | t_loss=0.0670 t_acc=0.886 | v_win_bal=0.509 v_rec_bal=0.528 | lr=9.9e-06 | 21.0s
  Fold 2 | Ep   7/50 | t_loss=0.0604 t_acc=0.899 | v_win_bal=0.521 v_rec_bal=0.571 | lr=9.8e-06 | 20.9s
  Fold 2 | Ep   8/50 | t_loss=0.0567 t_acc=0.911 | v_win_bal=0.506 v_rec_bal=0.504 | lr=9.7e-06 | 21.0s
  Fold 2 | Ep   9/50 | t_loss=0.0516 t_acc=0.922 | v_win_bal=0.531 v_rec_bal=0.599 | lr=9.6e-06 | 20.9s
  Fold 2 | Ep  10/50 | t_loss=0.0463 t_acc=0.931 | v_win_bal=0.527 v_rec_bal=0.532 | lr=9.5e-06 | 21.0s
  Fold 2 | Ep  11/50 | t_loss=0.0413 t_acc=0.940 | v_win_bal=0.534 v_rec_bal=0.583 | lr=9.3e-06 | 20.9s
  Fold 2 | Ep  12/50 | t_loss=0.0382 t_acc=0.948 | v_win_bal=0.530 v_rec_bal=0.619 | lr=9.1e-06 | 21.2s
  Fold 2 | Ep  13/50 | t_loss=0.0352 t_acc=0.955 | v_win_bal=0.540 v_rec_bal=0.647 | lr=8.9e-06 | 21.9s
  Fold 2 | Ep  14/50 | t_loss=0.0316 t_acc=0.959 | v_win_bal=0.534 v_rec_bal=0.643 | lr=8.7e-06 | 21.6s
  Fold 2 | Ep  15/50 | t_loss=0.0271 t_acc=0.967 | v_win_bal=0.535 v_rec_bal=0.583 | lr=8.5e-06 | 22.3s
  Fold 2 | Ep  16/50 | t_loss=0.0228 t_acc=0.971 | v_win_bal=0.545 v_rec_bal=0.599 | lr=8.2e-06 | 22.2s
  Fold 2 | Ep  17/50 | t_loss=0.0230 t_acc=0.974 | v_win_bal=0.550 v_rec_bal=0.603 | lr=8.0e-06 | 21.4s
  Fold 2 | Ep  18/50 | t_loss=0.0203 t_acc=0.978 | v_win_bal=0.550 v_rec_bal=0.587 | lr=7.7e-06 | 20.9s
  Fold 2 | Ep  19/50 | t_loss=0.0173 t_acc=0.983 | v_win_bal=0.553 v_rec_bal=0.671 | lr=7.4e-06 | 20.9s
  Fold 2 | Ep  20/50 | t_loss=0.0150 t_acc=0.985 | v_win_bal=0.552 v_rec_bal=0.607 | lr=7.1e-06 | 21.0s
  Fold 2 | Ep  21/50 | t_loss=0.0137 t_acc=0.987 | v_win_bal=0.553 v_rec_bal=0.611 | lr=6.8e-06 | 21.7s
  Fold 2 | Ep  22/50 | t_loss=0.0116 t_acc=0.990 | v_win_bal=0.538 v_rec_bal=0.567 | lr=6.5e-06 | 21.2s
  Fold 2 | Ep  23/50 | t_loss=0.0102 t_acc=0.990 | v_win_bal=0.552 v_rec_bal=0.575 | lr=6.2e-06 | 21.2s
  Fold 2 | Ep  24/50 | t_loss=0.0078 t_acc=0.992 | v_win_bal=0.550 v_rec_bal=0.528 | lr=5.8e-06 | 21.2s
  Fold 2 | Ep  25/50 | t_loss=0.0084 t_acc=0.994 | v_win_bal=0.551 v_rec_bal=0.552 | lr=5.5e-06 | 21.3s
  Fold 2 | Ep  26/50 | t_loss=0.0056 t_acc=0.995 | v_win_bal=0.559 v_rec_bal=0.556 | lr=5.2e-06 | 21.1s
  Fold 2 | Ep  27/50 | t_loss=0.0054 t_acc=0.996 | v_win_bal=0.553 v_rec_bal=0.627 | lr=4.8e-06 | 21.0s
  Fold 2 | Ep  28/50 | t_loss=0.0046 t_acc=0.996 | v_win_bal=0.548 v_rec_bal=0.631 | lr=4.5e-06 | 21.1s
  Fold 2 | Ep  29/50 | t_loss=0.0035 t_acc=0.997 | v_win_bal=0.548 v_rec_bal=0.623 | lr=4.2e-06 | 21.0s
  Early stop at epoch 29
  -> Test (best @ epoch 19): acc=0.3077, bal_acc=0.3095

============================================================
Fold 3/5
============================================================
  Train: 117 samples, 39 subjects [3, 7, 8, 10, 11, 12, 13, 14, 18, 19, 20, 25, 26, 29, 30, 31, 34, 36, 37, 40, 41, 44, 45, 46, 49, 50, 51, 52, 53, 54, 55, 56, 59, 60, 61, 62, 63, 64, 65], label_0=51, label_1=66
    Val:  39 samples, 13 subjects [2, 6, 9, 21, 23, 27, 28, 32, 33, 35, 39, 43, 47], label_0=18, label_1=21
   Test:  39 samples, 13 subjects [1, 4, 5, 15, 16, 17, 22, 24, 38, 42, 48, 57, 58], label_0=18, label_1=21
  Building window datasets...
    WindowDataset: 17002 windows (class_0=2948, class_1=14054)
    WindowDataset: 2053 windows (class_0=922, class_1=1131)
    WindowDataset: 2171 windows (class_0=957, class_1=1214)
[LaBraM] Loaded 219/221 params from weights/labram-base/model.safetensors
[LaBraM] Missing: ['fc_norm.weight', 'fc_norm.bias']
  Fold 3 | Ep   1/50 | t_loss=0.1750 t_acc=0.364 | v_win_bal=0.505 v_rec_bal=0.528 | lr=3.3e-06 | 21.4s
  Fold 3 | Ep   2/50 | t_loss=0.1683 t_acc=0.664 | v_win_bal=0.519 v_rec_bal=0.591 | lr=6.7e-06 | 21.3s
  Fold 3 | Ep   3/50 | t_loss=0.1482 t_acc=0.719 | v_win_bal=0.571 v_rec_bal=0.571 | lr=1.0e-05 | 21.3s
  Fold 3 | Ep   4/50 | t_loss=0.0951 t_acc=0.816 | v_win_bal=0.575 v_rec_bal=0.583 | lr=1.0e-05 | 21.4s
  Fold 3 | Ep   5/50 | t_loss=0.0785 t_acc=0.844 | v_win_bal=0.583 v_rec_bal=0.627 | lr=1.0e-05 | 21.2s
  Fold 3 | Ep   6/50 | t_loss=0.0696 t_acc=0.869 | v_win_bal=0.550 v_rec_bal=0.563 | lr=9.9e-06 | 21.3s
  Fold 3 | Ep   7/50 | t_loss=0.0635 t_acc=0.889 | v_win_bal=0.568 v_rec_bal=0.599 | lr=9.8e-06 | 21.2s
  Fold 3 | Ep   8/50 | t_loss=0.0569 t_acc=0.903 | v_win_bal=0.558 v_rec_bal=0.508 | lr=9.7e-06 | 21.2s
  Fold 3 | Ep   9/50 | t_loss=0.0518 t_acc=0.916 | v_win_bal=0.547 v_rec_bal=0.528 | lr=9.6e-06 | 21.2s
  Fold 3 | Ep  10/50 | t_loss=0.0464 t_acc=0.927 | v_win_bal=0.554 v_rec_bal=0.635 | lr=9.5e-06 | 21.2s
  Fold 3 | Ep  11/50 | t_loss=0.0422 t_acc=0.937 | v_win_bal=0.544 v_rec_bal=0.583 | lr=9.3e-06 | 21.2s
  Fold 3 | Ep  12/50 | t_loss=0.0390 t_acc=0.946 | v_win_bal=0.548 v_rec_bal=0.587 | lr=9.1e-06 | 21.3s
  Fold 3 | Ep  13/50 | t_loss=0.0369 t_acc=0.954 | v_win_bal=0.546 v_rec_bal=0.603 | lr=8.9e-06 | 21.2s
  Fold 3 | Ep  14/50 | t_loss=0.0315 t_acc=0.960 | v_win_bal=0.544 v_rec_bal=0.603 | lr=8.7e-06 | 21.2s
  Fold 3 | Ep  15/50 | t_loss=0.0281 t_acc=0.965 | v_win_bal=0.552 v_rec_bal=0.607 | lr=8.5e-06 | 21.2s
  Fold 3 | Ep  16/50 | t_loss=0.0255 t_acc=0.970 | v_win_bal=0.538 v_rec_bal=0.492 | lr=8.2e-06 | 21.3s
  Fold 3 | Ep  17/50 | t_loss=0.0232 t_acc=0.977 | v_win_bal=0.545 v_rec_bal=0.536 | lr=8.0e-06 | 21.2s
  Fold 3 | Ep  18/50 | t_loss=0.0200 t_acc=0.979 | v_win_bal=0.538 v_rec_bal=0.512 | lr=7.7e-06 | 21.3s
  Fold 3 | Ep  19/50 | t_loss=0.0170 t_acc=0.984 | v_win_bal=0.558 v_rec_bal=0.607 | lr=7.4e-06 | 21.2s
  Fold 3 | Ep  20/50 | t_loss=0.0165 t_acc=0.986 | v_win_bal=0.545 v_rec_bal=0.567 | lr=7.1e-06 | 21.3s
  Fold 3 | Ep  21/50 | t_loss=0.0131 t_acc=0.989 | v_win_bal=0.533 v_rec_bal=0.540 | lr=6.8e-06 | 21.3s
  Fold 3 | Ep  22/50 | t_loss=0.0118 t_acc=0.991 | v_win_bal=0.538 v_rec_bal=0.567 | lr=6.5e-06 | 21.3s
  Fold 3 | Ep  23/50 | t_loss=0.0108 t_acc=0.993 | v_win_bal=0.540 v_rec_bal=0.623 | lr=6.2e-06 | 21.2s
  Fold 3 | Ep  24/50 | t_loss=0.0085 t_acc=0.995 | v_win_bal=0.560 v_rec_bal=0.603 | lr=5.8e-06 | 21.1s
  Fold 3 | Ep  25/50 | t_loss=0.0080 t_acc=0.995 | v_win_bal=0.539 v_rec_bal=0.575 | lr=5.5e-06 | 21.4s
  Fold 3 | Ep  26/50 | t_loss=0.0067 t_acc=0.996 | v_win_bal=0.539 v_rec_bal=0.595 | lr=5.2e-06 | 22.1s
  Fold 3 | Ep  27/50 | t_loss=0.0059 t_acc=0.997 | v_win_bal=0.551 v_rec_bal=0.548 | lr=4.8e-06 | 21.4s
  Fold 3 | Ep  28/50 | t_loss=0.0046 t_acc=0.998 | v_win_bal=0.550 v_rec_bal=0.567 | lr=4.5e-06 | 21.9s
  Fold 3 | Ep  29/50 | t_loss=0.0036 t_acc=0.999 | v_win_bal=0.544 v_rec_bal=0.575 | lr=4.2e-06 | 21.3s
  Fold 3 | Ep  30/50 | t_loss=0.0033 t_acc=0.999 | v_win_bal=0.546 v_rec_bal=0.623 | lr=3.8e-06 | 21.3s
  Early stop at epoch 30
  -> Test (best @ epoch 10): acc=0.6667, bal_acc=0.6746

============================================================
Fold 4/5
============================================================
  Train: 117 samples, 39 subjects [1, 2, 7, 10, 11, 15, 16, 17, 18, 22, 23, 24, 26, 27, 31, 33, 34, 36, 38, 39, 40, 42, 43, 44, 45, 46, 47, 48, 51, 53, 56, 57, 58, 59, 61, 62, 63, 64, 65], label_0=51, label_1=66
    Val:  39 samples, 13 subjects [4, 5, 8, 9, 14, 19, 25, 32, 49, 50, 52, 54, 60], label_0=18, label_1=21
   Test:  39 samples, 13 subjects [3, 6, 12, 13, 20, 21, 28, 29, 30, 35, 37, 41, 55], label_0=18, label_1=21
  Building window datasets...
    WindowDataset: 17997 windows (class_0=2891, class_1=15106)
    WindowDataset: 2055 windows (class_0=948, class_1=1107)
    WindowDataset: 1963 windows (class_0=988, class_1=975)
[LaBraM] Loaded 219/221 params from weights/labram-base/model.safetensors
[LaBraM] Missing: ['fc_norm.weight', 'fc_norm.bias']
  Fold 4 | Ep   1/50 | t_loss=0.1883 t_acc=0.303 | v_win_bal=0.393 v_rec_bal=0.333 | lr=3.3e-06 | 22.1s
  Fold 4 | Ep   2/50 | t_loss=0.1667 t_acc=0.664 | v_win_bal=0.417 v_rec_bal=0.452 | lr=6.7e-06 | 22.3s
  Fold 4 | Ep   3/50 | t_loss=0.1502 t_acc=0.710 | v_win_bal=0.430 v_rec_bal=0.329 | lr=1.0e-05 | 22.4s
  Fold 4 | Ep   4/50 | t_loss=0.1065 t_acc=0.796 | v_win_bal=0.485 v_rec_bal=0.480 | lr=1.0e-05 | 22.3s
  Fold 4 | Ep   5/50 | t_loss=0.0807 t_acc=0.854 | v_win_bal=0.526 v_rec_bal=0.548 | lr=1.0e-05 | 22.2s
  Fold 4 | Ep   6/50 | t_loss=0.0711 t_acc=0.878 | v_win_bal=0.530 v_rec_bal=0.571 | lr=9.9e-06 | 22.2s
  Fold 4 | Ep   7/50 | t_loss=0.0639 t_acc=0.894 | v_win_bal=0.553 v_rec_bal=0.524 | lr=9.8e-06 | 22.2s
  Fold 4 | Ep   8/50 | t_loss=0.0590 t_acc=0.906 | v_win_bal=0.544 v_rec_bal=0.595 | lr=9.7e-06 | 22.2s
  Fold 4 | Ep   9/50 | t_loss=0.0537 t_acc=0.916 | v_win_bal=0.537 v_rec_bal=0.595 | lr=9.6e-06 | 22.2s
  Fold 4 | Ep  10/50 | t_loss=0.0490 t_acc=0.926 | v_win_bal=0.541 v_rec_bal=0.571 | lr=9.5e-06 | 22.3s
  Fold 4 | Ep  11/50 | t_loss=0.0457 t_acc=0.934 | v_win_bal=0.542 v_rec_bal=0.548 | lr=9.3e-06 | 22.4s
  Fold 4 | Ep  12/50 | t_loss=0.0410 t_acc=0.942 | v_win_bal=0.539 v_rec_bal=0.567 | lr=9.1e-06 | 22.3s
  Fold 4 | Ep  13/50 | t_loss=0.0364 t_acc=0.950 | v_win_bal=0.545 v_rec_bal=0.595 | lr=8.9e-06 | 22.2s
  Fold 4 | Ep  14/50 | t_loss=0.0346 t_acc=0.955 | v_win_bal=0.536 v_rec_bal=0.567 | lr=8.7e-06 | 22.2s
  Fold 4 | Ep  15/50 | t_loss=0.0289 t_acc=0.962 | v_win_bal=0.544 v_rec_bal=0.595 | lr=8.5e-06 | 22.2s
  Fold 4 | Ep  16/50 | t_loss=0.0269 t_acc=0.967 | v_win_bal=0.550 v_rec_bal=0.571 | lr=8.2e-06 | 22.5s
  Fold 4 | Ep  17/50 | t_loss=0.0232 t_acc=0.971 | v_win_bal=0.535 v_rec_bal=0.567 | lr=8.0e-06 | 22.4s
  Fold 4 | Ep  18/50 | t_loss=0.0222 t_acc=0.976 | v_win_bal=0.533 v_rec_bal=0.591 | lr=7.7e-06 | 22.4s
  Fold 4 | Ep  19/50 | t_loss=0.0199 t_acc=0.977 | v_win_bal=0.526 v_rec_bal=0.528 | lr=7.4e-06 | 22.6s
  Fold 4 | Ep  20/50 | t_loss=0.0169 t_acc=0.982 | v_win_bal=0.533 v_rec_bal=0.500 | lr=7.1e-06 | 22.5s
  Fold 4 | Ep  21/50 | t_loss=0.0144 t_acc=0.984 | v_win_bal=0.535 v_rec_bal=0.587 | lr=6.8e-06 | 22.4s
  Fold 4 | Ep  22/50 | t_loss=0.0120 t_acc=0.987 | v_win_bal=0.532 v_rec_bal=0.587 | lr=6.5e-06 | 22.4s
  Fold 4 | Ep  23/50 | t_loss=0.0100 t_acc=0.989 | v_win_bal=0.540 v_rec_bal=0.556 | lr=6.2e-06 | 22.4s
  Fold 4 | Ep  24/50 | t_loss=0.0085 t_acc=0.992 | v_win_bal=0.534 v_rec_bal=0.556 | lr=5.8e-06 | 22.4s
  Fold 4 | Ep  25/50 | t_loss=0.0060 t_acc=0.994 | v_win_bal=0.542 v_rec_bal=0.532 | lr=5.5e-06 | 22.4s
  Early stop at epoch 25
  -> Test (best @ epoch 8): acc=0.3590, bal_acc=0.3770

============================================================
Fold 5/5
============================================================
  Train: 117 samples, 39 subjects [2, 3, 4, 5, 9, 10, 12, 13, 15, 16, 17, 21, 22, 24, 25, 27, 28, 30, 31, 34, 35, 36, 38, 41, 42, 43, 45, 47, 48, 50, 55, 56, 57, 58, 59, 60, 62, 63, 64], label_0=51, label_1=66
    Val:  39 samples, 13 subjects [1, 6, 8, 19, 20, 23, 26, 29, 37, 40, 49, 54, 61], label_0=18, label_1=21
   Test:  39 samples, 13 subjects [7, 11, 14, 18, 32, 33, 39, 44, 46, 51, 52, 53, 65], label_0=18, label_1=21
  Building window datasets...
    WindowDataset: 17027 windows (class_0=2937, class_1=14090)
    WindowDataset: 2108 windows (class_0=934, class_1=1174)
    WindowDataset: 2118 windows (class_0=956, class_1=1162)
[LaBraM] Loaded 219/221 params from weights/labram-base/model.safetensors
[LaBraM] Missing: ['fc_norm.weight', 'fc_norm.bias']
  Fold 5 | Ep   1/50 | t_loss=0.1755 t_acc=0.477 | v_win_bal=0.476 v_rec_bal=0.500 | lr=3.3e-06 | 21.3s
  Fold 5 | Ep   2/50 | t_loss=0.1707 t_acc=0.674 | v_win_bal=0.445 v_rec_bal=0.429 | lr=6.7e-06 | 21.2s
  Fold 5 | Ep   3/50 | t_loss=0.1532 t_acc=0.694 | v_win_bal=0.494 v_rec_bal=0.500 | lr=1.0e-05 | 21.3s
  Fold 5 | Ep   4/50 | t_loss=0.0965 t_acc=0.809 | v_win_bal=0.496 v_rec_bal=0.496 | lr=1.0e-05 | 21.2s
  Fold 5 | Ep   5/50 | t_loss=0.0811 t_acc=0.837 | v_win_bal=0.499 v_rec_bal=0.500 | lr=1.0e-05 | 21.2s
  Fold 5 | Ep   6/50 | t_loss=0.0733 t_acc=0.859 | v_win_bal=0.500 v_rec_bal=0.500 | lr=9.9e-06 | 21.2s
  Fold 5 | Ep   7/50 | t_loss=0.0673 t_acc=0.878 | v_win_bal=0.487 v_rec_bal=0.500 | lr=9.8e-06 | 20.9s
  Fold 5 | Ep   8/50 | t_loss=0.0627 t_acc=0.891 | v_win_bal=0.489 v_rec_bal=0.456 | lr=9.7e-06 | 21.0s
  Fold 5 | Ep   9/50 | t_loss=0.0570 t_acc=0.904 | v_win_bal=0.514 v_rec_bal=0.571 | lr=9.6e-06 | 21.1s
  Fold 5 | Ep  10/50 | t_loss=0.0544 t_acc=0.917 | v_win_bal=0.504 v_rec_bal=0.476 | lr=9.5e-06 | 21.0s
  Fold 5 | Ep  11/50 | t_loss=0.0481 t_acc=0.927 | v_win_bal=0.492 v_rec_bal=0.452 | lr=9.3e-06 | 21.1s
  Fold 5 | Ep  12/50 | t_loss=0.0452 t_acc=0.935 | v_win_bal=0.519 v_rec_bal=0.619 | lr=9.1e-06 | 21.0s
  Fold 5 | Ep  13/50 | t_loss=0.0407 t_acc=0.943 | v_win_bal=0.504 v_rec_bal=0.476 | lr=8.9e-06 | 21.1s
  Fold 5 | Ep  14/50 | t_loss=0.0379 t_acc=0.949 | v_win_bal=0.492 v_rec_bal=0.500 | lr=8.7e-06 | 20.9s
  Fold 5 | Ep  15/50 | t_loss=0.0328 t_acc=0.958 | v_win_bal=0.521 v_rec_bal=0.595 | lr=8.5e-06 | 21.5s
  Fold 5 | Ep  16/50 | t_loss=0.0309 t_acc=0.961 | v_win_bal=0.526 v_rec_bal=0.643 | lr=8.2e-06 | 21.2s
  Fold 5 | Ep  17/50 | t_loss=0.0286 t_acc=0.968 | v_win_bal=0.526 v_rec_bal=0.619 | lr=8.0e-06 | 21.1s
  Fold 5 | Ep  18/50 | t_loss=0.0245 t_acc=0.972 | v_win_bal=0.550 v_rec_bal=0.679 | lr=7.7e-06 | 21.3s
  Fold 5 | Ep  19/50 | t_loss=0.0244 t_acc=0.974 | v_win_bal=0.526 v_rec_bal=0.667 | lr=7.4e-06 | 21.1s
  Fold 5 | Ep  20/50 | t_loss=0.0197 t_acc=0.979 | v_win_bal=0.526 v_rec_bal=0.595 | lr=7.1e-06 | 21.1s
  Fold 5 | Ep  21/50 | t_loss=0.0177 t_acc=0.982 | v_win_bal=0.519 v_rec_bal=0.619 | lr=6.8e-06 | 21.1s
  Fold 5 | Ep  22/50 | t_loss=0.0155 t_acc=0.985 | v_win_bal=0.528 v_rec_bal=0.714 | lr=6.5e-06 | 20.8s
  Fold 5 | Ep  23/50 | t_loss=0.0137 t_acc=0.987 | v_win_bal=0.541 v_rec_bal=0.738 | lr=6.2e-06 | 21.0s
  Fold 5 | Ep  24/50 | t_loss=0.0103 t_acc=0.989 | v_win_bal=0.535 v_rec_bal=0.643 | lr=5.8e-06 | 20.9s
  Fold 5 | Ep  25/50 | t_loss=0.0098 t_acc=0.990 | v_win_bal=0.550 v_rec_bal=0.687 | lr=5.5e-06 | 21.0s
  Fold 5 | Ep  26/50 | t_loss=0.0076 t_acc=0.993 | v_win_bal=0.544 v_rec_bal=0.683 | lr=5.2e-06 | 21.4s
  Fold 5 | Ep  27/50 | t_loss=0.0072 t_acc=0.993 | v_win_bal=0.544 v_rec_bal=0.710 | lr=4.8e-06 | 21.4s
  Fold 5 | Ep  28/50 | t_loss=0.0059 t_acc=0.994 | v_win_bal=0.557 v_rec_bal=0.734 | lr=4.5e-06 | 21.2s
  Fold 5 | Ep  29/50 | t_loss=0.0058 t_acc=0.994 | v_win_bal=0.543 v_rec_bal=0.710 | lr=4.2e-06 | 21.1s
  Fold 5 | Ep  30/50 | t_loss=0.0044 t_acc=0.995 | v_win_bal=0.549 v_rec_bal=0.734 | lr=3.8e-06 | 20.9s
  Fold 5 | Ep  31/50 | t_loss=0.0040 t_acc=0.996 | v_win_bal=0.554 v_rec_bal=0.734 | lr=3.5e-06 | 21.0s
  Fold 5 | Ep  32/50 | t_loss=0.0038 t_acc=0.996 | v_win_bal=0.553 v_rec_bal=0.710 | lr=3.2e-06 | 20.8s
  Fold 5 | Ep  33/50 | t_loss=0.0030 t_acc=0.997 | v_win_bal=0.546 v_rec_bal=0.714 | lr=2.9e-06 | 21.1s
  Fold 5 | Ep  34/50 | t_loss=0.0027 t_acc=0.997 | v_win_bal=0.557 v_rec_bal=0.710 | lr=2.6e-06 | 21.1s
  Fold 5 | Ep  35/50 | t_loss=0.0023 t_acc=0.997 | v_win_bal=0.553 v_rec_bal=0.706 | lr=2.3e-06 | 21.3s
  Fold 5 | Ep  36/50 | t_loss=0.0020 t_acc=0.998 | v_win_bal=0.557 v_rec_bal=0.734 | lr=2.0e-06 | 21.2s
  Fold 5 | Ep  37/50 | t_loss=0.0016 t_acc=0.998 | v_win_bal=0.559 v_rec_bal=0.710 | lr=1.8e-06 | 21.0s
  Fold 5 | Ep  38/50 | t_loss=0.0019 t_acc=0.998 | v_win_bal=0.550 v_rec_bal=0.710 | lr=1.5e-06 | 21.0s
  Fold 5 | Ep  39/50 | t_loss=0.0017 t_acc=0.998 | v_win_bal=0.560 v_rec_bal=0.710 | lr=1.3e-06 | 21.2s
  Fold 5 | Ep  40/50 | t_loss=0.0013 t_acc=0.998 | v_win_bal=0.552 v_rec_bal=0.710 | lr=1.1e-06 | 21.0s
  Fold 5 | Ep  41/50 | t_loss=0.0016 t_acc=0.999 | v_win_bal=0.562 v_rec_bal=0.734 | lr=8.8e-07 | 21.1s
  Fold 5 | Ep  42/50 | t_loss=0.0012 t_acc=0.998 | v_win_bal=0.560 v_rec_bal=0.710 | lr=7.0e-07 | 21.0s
  Fold 5 | Ep  43/50 | t_loss=0.0013 t_acc=0.999 | v_win_bal=0.554 v_rec_bal=0.710 | lr=5.4e-07 | 21.1s
  Fold 5 | Ep  44/50 | t_loss=0.0009 t_acc=0.999 | v_win_bal=0.557 v_rec_bal=0.734 | lr=4.0e-07 | 21.1s
  Fold 5 | Ep  45/50 | t_loss=0.0011 t_acc=0.999 | v_win_bal=0.560 v_rec_bal=0.734 | lr=2.8e-07 | 21.1s
  Early stop at epoch 45
  -> Test (best @ epoch 23): acc=0.5897, bal_acc=0.5833

============================================================
Global Results (5-Fold, subject-level CV)
Mode: FT | Extractor: labram | Loss: focal
============================================================
              acc: 0.5179
          bal_acc: 0.5156
               f1: 0.5191
            kappa: 0.0311
  Total predictions: 195 (should equal dataset size: 195)

Results saved to results/studies/exp27_paired_null/adftd/perm_s24/
