/raid/jupyter-linjimmy1003.md10/.conda/envs/stress/lib/python3.11/site-packages/timm/models/layers/__init__.py:49: FutureWarning: Importing from timm.models.layers is deprecated, please import via timm.layers
  warnings.warn(f"Importing from {__name__} is deprecated, please import via timm.layers", FutureWarning)
Mode: FT | Extractor: labram | Folds: 5
LR: 1e-05 | WD: 0.05 | Beta2: 0.999 | Grad clip: 2.0
Head: hidden=128, dropout=0.0 | Norm: zscore | Loss: focal
Full FT: encoder_lr_scale=0.1
Augmentation: 75% overlap for increase class

Results → results/studies/exp27_paired_null/adftd/perm_s6/
ADFTD: 195 recordings from 65 subjects (AD=108, HC=87), 3 splits/subject
ADFTD: 195 recordings, 65 subjects (AD=108, HC=87)
[permute-labels] Subject-level shuffle with rng seed 6 over 65 subjects. Class balance preserved: 108 pos / 87 neg

============================================================
Fold 1/5
============================================================
  Train: 117 samples, 39 subjects [1, 2, 3, 6, 8, 9, 10, 11, 12, 13, 14, 15, 16, 17, 18, 19, 21, 25, 28, 31, 34, 35, 37, 38, 39, 40, 41, 44, 45, 47, 48, 51, 52, 56, 57, 59, 61, 63, 64], label_0=51, label_1=66
    Val:  39 samples, 13 subjects [5, 22, 24, 26, 29, 30, 33, 46, 49, 53, 55, 58, 62], label_0=18, label_1=21
   Test:  39 samples, 13 subjects [4, 7, 20, 23, 27, 32, 36, 42, 43, 50, 54, 60, 65], label_0=18, label_1=21
  Building window datasets...
    WindowDataset: 17674 windows (class_0=2772, class_1=14902)
    WindowDataset: 2024 windows (class_0=986, class_1=1038)
    WindowDataset: 2164 windows (class_0=1003, class_1=1161)
[LaBraM] Loaded 219/221 params from weights/labram-base/model.safetensors
[LaBraM] Missing: ['fc_norm.weight', 'fc_norm.bias']
  Trainable parameters: 5,871,779
  Class weights: [3.187950849533081, 0.5930076241493225]
  Fold 1 | Ep   1/50 | t_loss=0.1863 t_acc=0.315 | v_win_bal=0.529 v_rec_bal=0.528 | lr=3.3e-06 | 27.2s
  Fold 1 | Ep   2/50 | t_loss=0.1652 t_acc=0.643 | v_win_bal=0.543 v_rec_bal=0.528 | lr=6.7e-06 | 24.1s
  Fold 1 | Ep   3/50 | t_loss=0.1426 t_acc=0.711 | v_win_bal=0.533 v_rec_bal=0.575 | lr=1.0e-05 | 24.3s
  Fold 1 | Ep   4/50 | t_loss=0.1002 t_acc=0.834 | v_win_bal=0.512 v_rec_bal=0.560 | lr=1.0e-05 | 24.2s
  Fold 1 | Ep   5/50 | t_loss=0.0787 t_acc=0.870 | v_win_bal=0.514 v_rec_bal=0.532 | lr=1.0e-05 | 23.8s
  Fold 1 | Ep   6/50 | t_loss=0.0687 t_acc=0.886 | v_win_bal=0.523 v_rec_bal=0.552 | lr=9.9e-06 | 24.4s
  Fold 1 | Ep   7/50 | t_loss=0.0623 t_acc=0.901 | v_win_bal=0.507 v_rec_bal=0.437 | lr=9.8e-06 | 25.1s
  Fold 1 | Ep   8/50 | t_loss=0.0559 t_acc=0.915 | v_win_bal=0.498 v_rec_bal=0.433 | lr=9.7e-06 | 24.2s
  Fold 1 | Ep   9/50 | t_loss=0.0510 t_acc=0.925 | v_win_bal=0.517 v_rec_bal=0.433 | lr=9.6e-06 | 24.8s
  Fold 1 | Ep  10/50 | t_loss=0.0453 t_acc=0.936 | v_win_bal=0.495 v_rec_bal=0.433 | lr=9.5e-06 | 24.7s
  Fold 1 | Ep  11/50 | t_loss=0.0413 t_acc=0.946 | v_win_bal=0.504 v_rec_bal=0.433 | lr=9.3e-06 | 23.8s
  Fold 1 | Ep  12/50 | t_loss=0.0359 t_acc=0.957 | v_win_bal=0.515 v_rec_bal=0.460 | lr=9.1e-06 | 24.1s
  Fold 1 | Ep  13/50 | t_loss=0.0324 t_acc=0.963 | v_win_bal=0.505 v_rec_bal=0.480 | lr=8.9e-06 | 23.8s
  Fold 1 | Ep  14/50 | t_loss=0.0287 t_acc=0.971 | v_win_bal=0.510 v_rec_bal=0.452 | lr=8.7e-06 | 23.6s
  Fold 1 | Ep  15/50 | t_loss=0.0278 t_acc=0.974 | v_win_bal=0.509 v_rec_bal=0.425 | lr=8.5e-06 | 23.2s
  Fold 1 | Ep  16/50 | t_loss=0.0251 t_acc=0.979 | v_win_bal=0.510 v_rec_bal=0.425 | lr=8.2e-06 | 23.2s
  Fold 1 | Ep  17/50 | t_loss=0.0211 t_acc=0.984 | v_win_bal=0.510 v_rec_bal=0.452 | lr=8.0e-06 | 23.0s
  Fold 1 | Ep  18/50 | t_loss=0.0202 t_acc=0.987 | v_win_bal=0.520 v_rec_bal=0.452 | lr=7.7e-06 | 23.1s
  Fold 1 | Ep  19/50 | t_loss=0.0151 t_acc=0.991 | v_win_bal=0.515 v_rec_bal=0.480 | lr=7.4e-06 | 23.0s
  Fold 1 | Ep  20/50 | t_loss=0.0160 t_acc=0.992 | v_win_bal=0.517 v_rec_bal=0.496 | lr=7.1e-06 | 23.1s
  Early stop at epoch 20
  -> Test (best @ epoch 3): acc=0.5641, bal_acc=0.5635

============================================================
Fold 2/5
============================================================
  Train: 117 samples, 39 subjects [3, 4, 7, 9, 10, 11, 12, 13, 14, 15, 16, 19, 20, 21, 22, 26, 27, 28, 30, 31, 33, 36, 37, 38, 40, 41, 42, 43, 45, 46, 50, 52, 53, 54, 55, 56, 57, 64, 65], label_0=54, label_1=63
    Val:  39 samples, 13 subjects [1, 6, 8, 23, 32, 34, 39, 44, 48, 49, 51, 60, 62], label_0=18, label_1=21
   Test:  39 samples, 13 subjects [2, 5, 17, 18, 24, 25, 29, 35, 47, 58, 59, 61, 63], label_0=15, label_1=24
  Building window datasets...
    WindowDataset: 17226 windows (class_0=2943, class_1=14283)
    WindowDataset: 2135 windows (class_0=1028, class_1=1107)
    WindowDataset: 2039 windows (class_0=790, class_1=1249)
[LaBraM] Loaded 219/221 params from weights/labram-base/model.safetensors
[LaBraM] Missing: ['fc_norm.weight', 'fc_norm.bias']
  Fold 2 | Ep   1/50 | t_loss=0.1718 t_acc=0.604 | v_win_bal=0.547 v_rec_bal=0.567 | lr=3.3e-06 | 24.2s
  Fold 2 | Ep   2/50 | t_loss=0.1668 t_acc=0.615 | v_win_bal=0.569 v_rec_bal=0.627 | lr=6.7e-06 | 23.8s
  Fold 2 | Ep   3/50 | t_loss=0.1594 t_acc=0.646 | v_win_bal=0.579 v_rec_bal=0.607 | lr=1.0e-05 | 24.2s
  Fold 2 | Ep   4/50 | t_loss=0.1396 t_acc=0.726 | v_win_bal=0.594 v_rec_bal=0.698 | lr=1.0e-05 | 24.0s
  Fold 2 | Ep   5/50 | t_loss=0.1037 t_acc=0.815 | v_win_bal=0.596 v_rec_bal=0.571 | lr=1.0e-05 | 23.9s
  Fold 2 | Ep   6/50 | t_loss=0.0827 t_acc=0.844 | v_win_bal=0.589 v_rec_bal=0.595 | lr=9.9e-06 | 24.0s
  Fold 2 | Ep   7/50 | t_loss=0.0735 t_acc=0.860 | v_win_bal=0.588 v_rec_bal=0.595 | lr=9.8e-06 | 24.0s
  Fold 2 | Ep   8/50 | t_loss=0.0661 t_acc=0.875 | v_win_bal=0.604 v_rec_bal=0.742 | lr=9.7e-06 | 23.5s
  Fold 2 | Ep   9/50 | t_loss=0.0616 t_acc=0.890 | v_win_bal=0.592 v_rec_bal=0.595 | lr=9.6e-06 | 23.6s
  Fold 2 | Ep  10/50 | t_loss=0.0552 t_acc=0.904 | v_win_bal=0.589 v_rec_bal=0.754 | lr=9.5e-06 | 23.6s
  Fold 2 | Ep  11/50 | t_loss=0.0503 t_acc=0.916 | v_win_bal=0.579 v_rec_bal=0.690 | lr=9.3e-06 | 23.5s
  Fold 2 | Ep  12/50 | t_loss=0.0458 t_acc=0.930 | v_win_bal=0.572 v_rec_bal=0.631 | lr=9.1e-06 | 23.7s
  Fold 2 | Ep  13/50 | t_loss=0.0417 t_acc=0.937 | v_win_bal=0.564 v_rec_bal=0.571 | lr=8.9e-06 | 23.7s
  Fold 2 | Ep  14/50 | t_loss=0.0363 t_acc=0.948 | v_win_bal=0.566 v_rec_bal=0.571 | lr=8.7e-06 | 24.7s
  Fold 2 | Ep  15/50 | t_loss=0.0318 t_acc=0.957 | v_win_bal=0.557 v_rec_bal=0.540 | lr=8.5e-06 | 23.6s
  Fold 2 | Ep  16/50 | t_loss=0.0270 t_acc=0.965 | v_win_bal=0.565 v_rec_bal=0.540 | lr=8.2e-06 | 24.1s
  Fold 2 | Ep  17/50 | t_loss=0.0236 t_acc=0.971 | v_win_bal=0.552 v_rec_bal=0.540 | lr=8.0e-06 | 24.5s
  Fold 2 | Ep  18/50 | t_loss=0.0208 t_acc=0.977 | v_win_bal=0.552 v_rec_bal=0.607 | lr=7.7e-06 | 24.2s
  Fold 2 | Ep  19/50 | t_loss=0.0186 t_acc=0.981 | v_win_bal=0.532 v_rec_bal=0.516 | lr=7.4e-06 | 23.6s
  Fold 2 | Ep  20/50 | t_loss=0.0162 t_acc=0.985 | v_win_bal=0.541 v_rec_bal=0.571 | lr=7.1e-06 | 23.6s
  Fold 2 | Ep  21/50 | t_loss=0.0145 t_acc=0.988 | v_win_bal=0.545 v_rec_bal=0.488 | lr=6.8e-06 | 23.3s
  Fold 2 | Ep  22/50 | t_loss=0.0103 t_acc=0.991 | v_win_bal=0.536 v_rec_bal=0.532 | lr=6.5e-06 | 23.1s
  Fold 2 | Ep  23/50 | t_loss=0.0088 t_acc=0.992 | v_win_bal=0.549 v_rec_bal=0.520 | lr=6.2e-06 | 23.2s
  Fold 2 | Ep  24/50 | t_loss=0.0074 t_acc=0.994 | v_win_bal=0.541 v_rec_bal=0.536 | lr=5.8e-06 | 23.7s
  Fold 2 | Ep  25/50 | t_loss=0.0067 t_acc=0.996 | v_win_bal=0.544 v_rec_bal=0.544 | lr=5.5e-06 | 23.9s
  Early stop at epoch 25
  -> Test (best @ epoch 10): acc=0.6154, bal_acc=0.6375

============================================================
Fold 3/5
============================================================
  Train: 117 samples, 39 subjects [2, 4, 5, 7, 8, 10, 11, 12, 15, 17, 18, 20, 22, 23, 24, 28, 30, 32, 33, 35, 36, 39, 41, 42, 43, 44, 45, 49, 50, 51, 53, 54, 56, 58, 60, 61, 62, 63, 65], label_0=51, label_1=66
    Val:  39 samples, 13 subjects [6, 14, 21, 25, 27, 29, 31, 34, 37, 46, 47, 55, 59], label_0=18, label_1=21
   Test:  39 samples, 13 subjects [1, 3, 9, 13, 16, 19, 26, 38, 40, 48, 52, 57, 64], label_0=18, label_1=21
  Building window datasets...
    WindowDataset: 17230 windows (class_0=2820, class_1=14410)
    WindowDataset: 2166 windows (class_0=1002, class_1=1164)
    WindowDataset: 2097 windows (class_0=939, class_1=1158)
[LaBraM] Loaded 219/221 params from weights/labram-base/model.safetensors
[LaBraM] Missing: ['fc_norm.weight', 'fc_norm.bias']
  Fold 3 | Ep   1/50 | t_loss=0.1727 t_acc=0.388 | v_win_bal=0.540 v_rec_bal=0.548 | lr=3.3e-06 | 24.7s
  Fold 3 | Ep   2/50 | t_loss=0.1565 t_acc=0.649 | v_win_bal=0.556 v_rec_bal=0.631 | lr=6.7e-06 | 24.1s
  Fold 3 | Ep   3/50 | t_loss=0.1330 t_acc=0.716 | v_win_bal=0.551 v_rec_bal=0.579 | lr=1.0e-05 | 23.7s
  Fold 3 | Ep   4/50 | t_loss=0.0925 t_acc=0.831 | v_win_bal=0.503 v_rec_bal=0.508 | lr=1.0e-05 | 23.9s
  Fold 3 | Ep   5/50 | t_loss=0.0725 t_acc=0.871 | v_win_bal=0.513 v_rec_bal=0.472 | lr=1.0e-05 | 23.5s
  Fold 3 | Ep   6/50 | t_loss=0.0649 t_acc=0.887 | v_win_bal=0.481 v_rec_bal=0.409 | lr=9.9e-06 | 23.6s
  Fold 3 | Ep   7/50 | t_loss=0.0576 t_acc=0.900 | v_win_bal=0.478 v_rec_bal=0.409 | lr=9.8e-06 | 23.7s
  Fold 3 | Ep   8/50 | t_loss=0.0520 t_acc=0.917 | v_win_bal=0.462 v_rec_bal=0.361 | lr=9.7e-06 | 23.4s
  Fold 3 | Ep   9/50 | t_loss=0.0463 t_acc=0.930 | v_win_bal=0.475 v_rec_bal=0.381 | lr=9.6e-06 | 25.8s
  Fold 3 | Ep  10/50 | t_loss=0.0429 t_acc=0.939 | v_win_bal=0.483 v_rec_bal=0.452 | lr=9.5e-06 | 23.2s
  Fold 3 | Ep  11/50 | t_loss=0.0381 t_acc=0.948 | v_win_bal=0.478 v_rec_bal=0.476 | lr=9.3e-06 | 23.6s
  Fold 3 | Ep  12/50 | t_loss=0.0344 t_acc=0.957 | v_win_bal=0.528 v_rec_bal=0.571 | lr=9.1e-06 | 23.7s
  Fold 3 | Ep  13/50 | t_loss=0.0311 t_acc=0.964 | v_win_bal=0.499 v_rec_bal=0.571 | lr=8.9e-06 | 23.9s
  Fold 3 | Ep  14/50 | t_loss=0.0267 t_acc=0.971 | v_win_bal=0.515 v_rec_bal=0.560 | lr=8.7e-06 | 23.8s
  Fold 3 | Ep  15/50 | t_loss=0.0254 t_acc=0.977 | v_win_bal=0.505 v_rec_bal=0.524 | lr=8.5e-06 | 23.5s
  Fold 3 | Ep  16/50 | t_loss=0.0221 t_acc=0.981 | v_win_bal=0.529 v_rec_bal=0.651 | lr=8.2e-06 | 23.5s
  Fold 3 | Ep  17/50 | t_loss=0.0203 t_acc=0.984 | v_win_bal=0.512 v_rec_bal=0.583 | lr=8.0e-06 | 23.2s
  Early stop at epoch 17
  -> Test (best @ epoch 16): acc=0.4359, bal_acc=0.4206

============================================================
Fold 4/5
============================================================
  Train: 117 samples, 39 subjects [2, 3, 5, 6, 7, 8, 9, 10, 11, 13, 14, 16, 18, 19, 20, 21, 23, 24, 26, 29, 30, 33, 35, 36, 38, 40, 42, 43, 45, 47, 48, 50, 53, 56, 59, 60, 61, 62, 64], label_0=51, label_1=66
    Val:  39 samples, 13 subjects [1, 4, 17, 25, 27, 32, 37, 52, 54, 57, 58, 63, 65], label_0=18, label_1=21
   Test:  39 samples, 13 subjects [12, 15, 22, 28, 31, 34, 39, 41, 44, 46, 49, 51, 55], label_0=18, label_1=21
  Building window datasets...
    WindowDataset: 17235 windows (class_0=2777, class_1=14458)
    WindowDataset: 2027 windows (class_0=935, class_1=1092)
    WindowDataset: 2267 windows (class_0=1049, class_1=1218)
[LaBraM] Loaded 219/221 params from weights/labram-base/model.safetensors
[LaBraM] Missing: ['fc_norm.weight', 'fc_norm.bias']
  Fold 4 | Ep   1/50 | t_loss=0.1714 t_acc=0.761 | v_win_bal=0.629 v_rec_bal=0.675 | lr=3.3e-06 | 23.2s
  Fold 4 | Ep   2/50 | t_loss=0.1648 t_acc=0.640 | v_win_bal=0.652 v_rec_bal=0.675 | lr=6.7e-06 | 24.7s
  Fold 4 | Ep   3/50 | t_loss=0.1556 t_acc=0.667 | v_win_bal=0.686 v_rec_bal=0.782 | lr=1.0e-05 | 23.4s
  Fold 4 | Ep   4/50 | t_loss=0.1124 t_acc=0.785 | v_win_bal=0.640 v_rec_bal=0.615 | lr=1.0e-05 | 23.6s
  Fold 4 | Ep   5/50 | t_loss=0.0830 t_acc=0.841 | v_win_bal=0.635 v_rec_bal=0.615 | lr=1.0e-05 | 23.7s
  Fold 4 | Ep   6/50 | t_loss=0.0736 t_acc=0.857 | v_win_bal=0.633 v_rec_bal=0.615 | lr=9.9e-06 | 23.4s
  Fold 4 | Ep   7/50 | t_loss=0.0660 t_acc=0.874 | v_win_bal=0.652 v_rec_bal=0.611 | lr=9.8e-06 | 23.7s
  Fold 4 | Ep   8/50 | t_loss=0.0605 t_acc=0.893 | v_win_bal=0.626 v_rec_bal=0.619 | lr=9.7e-06 | 23.6s
  Fold 4 | Ep   9/50 | t_loss=0.0545 t_acc=0.905 | v_win_bal=0.622 v_rec_bal=0.615 | lr=9.6e-06 | 23.5s
  Fold 4 | Ep  10/50 | t_loss=0.0507 t_acc=0.918 | v_win_bal=0.623 v_rec_bal=0.679 | lr=9.5e-06 | 23.4s
  Fold 4 | Ep  11/50 | t_loss=0.0460 t_acc=0.930 | v_win_bal=0.615 v_rec_bal=0.659 | lr=9.3e-06 | 23.5s
  Fold 4 | Ep  12/50 | t_loss=0.0388 t_acc=0.939 | v_win_bal=0.611 v_rec_bal=0.663 | lr=9.1e-06 | 23.6s
  Fold 4 | Ep  13/50 | t_loss=0.0356 t_acc=0.952 | v_win_bal=0.598 v_rec_bal=0.615 | lr=8.9e-06 | 23.2s
  Fold 4 | Ep  14/50 | t_loss=0.0305 t_acc=0.959 | v_win_bal=0.627 v_rec_bal=0.706 | lr=8.7e-06 | 24.3s
  Fold 4 | Ep  15/50 | t_loss=0.0269 t_acc=0.966 | v_win_bal=0.609 v_rec_bal=0.643 | lr=8.5e-06 | 24.2s
  Fold 4 | Ep  16/50 | t_loss=0.0226 t_acc=0.973 | v_win_bal=0.632 v_rec_bal=0.706 | lr=8.2e-06 | 23.6s
  Fold 4 | Ep  17/50 | t_loss=0.0206 t_acc=0.977 | v_win_bal=0.621 v_rec_bal=0.647 | lr=8.0e-06 | 23.4s
  Fold 4 | Ep  18/50 | t_loss=0.0171 t_acc=0.981 | v_win_bal=0.615 v_rec_bal=0.663 | lr=7.7e-06 | 23.2s
  Early stop at epoch 18
  -> Test (best @ epoch 3): acc=0.4359, bal_acc=0.4603

============================================================
Fold 5/5
============================================================
  Train: 117 samples, 39 subjects [1, 2, 5, 9, 12, 13, 15, 16, 17, 18, 19, 20, 23, 24, 25, 26, 27, 28, 29, 31, 32, 34, 38, 41, 42, 43, 44, 46, 47, 49, 50, 51, 55, 57, 58, 59, 60, 63, 64], label_0=51, label_1=66
    Val:  39 samples, 13 subjects [3, 4, 7, 22, 35, 36, 39, 40, 48, 52, 54, 61, 65], label_0=18, label_1=21
   Test:  39 samples, 13 subjects [6, 8, 10, 11, 14, 21, 30, 33, 37, 45, 53, 56, 62], label_0=18, label_1=21
  Building window datasets...
    WindowDataset: 17042 windows (class_0=2912, class_1=14130)
    WindowDataset: 2073 windows (class_0=869, class_1=1204)
    WindowDataset: 2168 windows (class_0=980, class_1=1188)
[LaBraM] Loaded 219/221 params from weights/labram-base/model.safetensors
[LaBraM] Missing: ['fc_norm.weight', 'fc_norm.bias']
  Fold 5 | Ep   1/50 | t_loss=0.1998 t_acc=0.815 | v_win_bal=0.474 v_rec_bal=0.500 | lr=3.3e-06 | 23.4s
  Fold 5 | Ep   2/50 | t_loss=0.1654 t_acc=0.697 | v_win_bal=0.502 v_rec_bal=0.560 | lr=6.7e-06 | 23.4s
  Fold 5 | Ep   3/50 | t_loss=0.1503 t_acc=0.697 | v_win_bal=0.521 v_rec_bal=0.397 | lr=1.0e-05 | 23.4s
  Fold 5 | Ep   4/50 | t_loss=0.1138 t_acc=0.791 | v_win_bal=0.509 v_rec_bal=0.389 | lr=1.0e-05 | 23.1s
  Fold 5 | Ep   5/50 | t_loss=0.0828 t_acc=0.845 | v_win_bal=0.543 v_rec_bal=0.496 | lr=1.0e-05 | 22.9s
  Fold 5 | Ep   6/50 | t_loss=0.0714 t_acc=0.867 | v_win_bal=0.546 v_rec_bal=0.528 | lr=9.9e-06 | 23.4s
  Fold 5 | Ep   7/50 | t_loss=0.0645 t_acc=0.886 | v_win_bal=0.569 v_rec_bal=0.532 | lr=9.8e-06 | 23.3s
  Fold 5 | Ep   8/50 | t_loss=0.0577 t_acc=0.903 | v_win_bal=0.579 v_rec_bal=0.579 | lr=9.7e-06 | 23.3s
  Fold 5 | Ep   9/50 | t_loss=0.0511 t_acc=0.915 | v_win_bal=0.593 v_rec_bal=0.675 | lr=9.6e-06 | 23.7s
  Fold 5 | Ep  10/50 | t_loss=0.0477 t_acc=0.927 | v_win_bal=0.577 v_rec_bal=0.579 | lr=9.5e-06 | 24.1s
  Fold 5 | Ep  11/50 | t_loss=0.0414 t_acc=0.938 | v_win_bal=0.599 v_rec_bal=0.651 | lr=9.3e-06 | 25.1s
  Fold 5 | Ep  12/50 | t_loss=0.0376 t_acc=0.947 | v_win_bal=0.601 v_rec_bal=0.651 | lr=9.1e-06 | 23.9s
  Fold 5 | Ep  13/50 | t_loss=0.0322 t_acc=0.956 | v_win_bal=0.589 v_rec_bal=0.627 | lr=8.9e-06 | 25.9s
  Fold 5 | Ep  14/50 | t_loss=0.0295 t_acc=0.964 | v_win_bal=0.598 v_rec_bal=0.651 | lr=8.7e-06 | 24.7s
  Fold 5 | Ep  15/50 | t_loss=0.0269 t_acc=0.970 | v_win_bal=0.595 v_rec_bal=0.579 | lr=8.5e-06 | 24.9s
  Fold 5 | Ep  16/50 | t_loss=0.0233 t_acc=0.977 | v_win_bal=0.607 v_rec_bal=0.651 | lr=8.2e-06 | 24.4s
  Fold 5 | Ep  17/50 | t_loss=0.0197 t_acc=0.980 | v_win_bal=0.612 v_rec_bal=0.698 | lr=8.0e-06 | 23.6s
  Fold 5 | Ep  18/50 | t_loss=0.0174 t_acc=0.985 | v_win_bal=0.599 v_rec_bal=0.698 | lr=7.7e-06 | 23.5s
  Fold 5 | Ep  19/50 | t_loss=0.0144 t_acc=0.989 | v_win_bal=0.611 v_rec_bal=0.698 | lr=7.4e-06 | 23.5s
  Fold 5 | Ep  20/50 | t_loss=0.0121 t_acc=0.991 | v_win_bal=0.614 v_rec_bal=0.722 | lr=7.1e-06 | 24.5s
  Fold 5 | Ep  21/50 | t_loss=0.0101 t_acc=0.993 | v_win_bal=0.611 v_rec_bal=0.722 | lr=6.8e-06 | 24.3s
  Fold 5 | Ep  22/50 | t_loss=0.0082 t_acc=0.995 | v_win_bal=0.611 v_rec_bal=0.722 | lr=6.5e-06 | 23.2s
  Fold 5 | Ep  23/50 | t_loss=0.0079 t_acc=0.996 | v_win_bal=0.610 v_rec_bal=0.722 | lr=6.2e-06 | 23.4s
  Fold 5 | Ep  24/50 | t_loss=0.0057 t_acc=0.997 | v_win_bal=0.615 v_rec_bal=0.722 | lr=5.8e-06 | 23.1s
  Fold 5 | Ep  25/50 | t_loss=0.0044 t_acc=0.998 | v_win_bal=0.606 v_rec_bal=0.698 | lr=5.5e-06 | 23.1s
  Fold 5 | Ep  26/50 | t_loss=0.0042 t_acc=0.998 | v_win_bal=0.610 v_rec_bal=0.722 | lr=5.2e-06 | 23.7s
  Fold 5 | Ep  27/50 | t_loss=0.0031 t_acc=0.998 | v_win_bal=0.606 v_rec_bal=0.722 | lr=4.8e-06 | 23.2s
  Fold 5 | Ep  28/50 | t_loss=0.0019 t_acc=0.999 | v_win_bal=0.612 v_rec_bal=0.722 | lr=4.5e-06 | 23.1s
  Fold 5 | Ep  29/50 | t_loss=0.0022 t_acc=0.999 | v_win_bal=0.612 v_rec_bal=0.722 | lr=4.2e-06 | 23.1s
  Fold 5 | Ep  30/50 | t_loss=0.0015 t_acc=0.999 | v_win_bal=0.602 v_rec_bal=0.722 | lr=3.8e-06 | 23.1s
  Fold 5 | Ep  31/50 | t_loss=0.0009 t_acc=0.999 | v_win_bal=0.609 v_rec_bal=0.722 | lr=3.5e-06 | 23.4s
  Fold 5 | Ep  32/50 | t_loss=0.0007 t_acc=0.999 | v_win_bal=0.616 v_rec_bal=0.722 | lr=3.2e-06 | 23.2s
  Fold 5 | Ep  33/50 | t_loss=0.0005 t_acc=0.999 | v_win_bal=0.613 v_rec_bal=0.698 | lr=2.9e-06 | 23.3s
  Fold 5 | Ep  34/50 | t_loss=0.0004 t_acc=0.999 | v_win_bal=0.611 v_rec_bal=0.722 | lr=2.6e-06 | 23.0s
  Fold 5 | Ep  35/50 | t_loss=0.0003 t_acc=1.000 | v_win_bal=0.608 v_rec_bal=0.722 | lr=2.3e-06 | 23.6s
  Fold 5 | Ep  36/50 | t_loss=0.0002 t_acc=1.000 | v_win_bal=0.610 v_rec_bal=0.722 | lr=2.0e-06 | 23.6s
  Fold 5 | Ep  37/50 | t_loss=0.0002 t_acc=1.000 | v_win_bal=0.613 v_rec_bal=0.694 | lr=1.8e-06 | 23.0s
  Early stop at epoch 37
  -> Test (best @ epoch 20): acc=0.5897, bal_acc=0.5675

============================================================
Global Results (5-Fold, subject-level CV)
Mode: FT | Extractor: labram | Loss: focal
============================================================
              acc: 0.5282
          bal_acc: 0.5260
               f1: 0.5293
            kappa: 0.0517
  Total predictions: 195 (should equal dataset size: 195)

Results saved to results/studies/exp27_paired_null/adftd/perm_s6/
