/raid/jupyter-linjimmy1003.md10/.conda/envs/stress/lib/python3.11/site-packages/timm/models/layers/__init__.py:49: FutureWarning: Importing from timm.models.layers is deprecated, please import via timm.layers
  warnings.warn(f"Importing from {__name__} is deprecated, please import via timm.layers", FutureWarning)
Mode: FT | Extractor: labram | Folds: 5
LR: 1e-05 | WD: 0.05 | Beta2: 0.999 | Grad clip: 2.0
Head: hidden=128, dropout=0.0 | Norm: zscore | Loss: focal
Full FT: encoder_lr_scale=0.1
Augmentation: 75% overlap for increase class

Results → results/studies/exp27_paired_null/adftd/perm_s4/
ADFTD: 195 recordings from 65 subjects (AD=108, HC=87), 3 splits/subject
ADFTD: 195 recordings, 65 subjects (AD=108, HC=87)
[permute-labels] Subject-level shuffle with rng seed 4 over 65 subjects. Class balance preserved: 108 pos / 87 neg

============================================================
Fold 1/5
============================================================
  Train: 117 samples, 39 subjects [1, 2, 4, 5, 9, 10, 11, 12, 14, 15, 16, 17, 19, 20, 21, 22, 25, 26, 28, 29, 30, 31, 33, 35, 36, 37, 42, 43, 44, 45, 47, 51, 52, 55, 57, 58, 59, 61, 64], label_0=51, label_1=66
    Val:  39 samples, 13 subjects [3, 6, 7, 24, 38, 39, 41, 46, 48, 53, 62, 63, 65], label_0=18, label_1=21
   Test:  39 samples, 13 subjects [8, 13, 18, 23, 27, 32, 34, 40, 49, 50, 54, 56, 60], label_0=18, label_1=21
  Building window datasets...
    WindowDataset: 17303 windows (class_0=2789, class_1=14514)
    WindowDataset: 2051 windows (class_0=964, class_1=1087)
    WindowDataset: 2217 windows (class_0=1027, class_1=1190)
[LaBraM] Loaded 219/221 params from weights/labram-base/model.safetensors
[LaBraM] Missing: ['fc_norm.weight', 'fc_norm.bias']
  Trainable parameters: 5,871,779
  Class weights: [3.1020078659057617, 0.5960796475410461]
  Fold 1 | Ep   1/50 | t_loss=0.1853 t_acc=0.312 | v_win_bal=0.439 v_rec_bal=0.242 | lr=3.3e-06 | 26.0s
  Fold 1 | Ep   2/50 | t_loss=0.1636 t_acc=0.707 | v_win_bal=0.451 v_rec_bal=0.302 | lr=6.7e-06 | 22.3s
  Fold 1 | Ep   3/50 | t_loss=0.1470 t_acc=0.722 | v_win_bal=0.515 v_rec_bal=0.484 | lr=1.0e-05 | 22.8s
  Fold 1 | Ep   4/50 | t_loss=0.1222 t_acc=0.782 | v_win_bal=0.512 v_rec_bal=0.488 | lr=1.0e-05 | 22.5s
  Fold 1 | Ep   5/50 | t_loss=0.0906 t_acc=0.844 | v_win_bal=0.502 v_rec_bal=0.488 | lr=1.0e-05 | 22.7s
  Fold 1 | Ep   6/50 | t_loss=0.0742 t_acc=0.874 | v_win_bal=0.493 v_rec_bal=0.488 | lr=9.9e-06 | 22.9s
  Fold 1 | Ep   7/50 | t_loss=0.0646 t_acc=0.892 | v_win_bal=0.464 v_rec_bal=0.508 | lr=9.8e-06 | 22.5s
  Fold 1 | Ep   8/50 | t_loss=0.0571 t_acc=0.908 | v_win_bal=0.481 v_rec_bal=0.508 | lr=9.7e-06 | 22.6s
  Fold 1 | Ep   9/50 | t_loss=0.0508 t_acc=0.920 | v_win_bal=0.468 v_rec_bal=0.508 | lr=9.6e-06 | 23.1s
  Fold 1 | Ep  10/50 | t_loss=0.0449 t_acc=0.935 | v_win_bal=0.473 v_rec_bal=0.532 | lr=9.5e-06 | 22.6s
  Fold 1 | Ep  11/50 | t_loss=0.0414 t_acc=0.943 | v_win_bal=0.477 v_rec_bal=0.532 | lr=9.3e-06 | 22.5s
  Fold 1 | Ep  12/50 | t_loss=0.0363 t_acc=0.953 | v_win_bal=0.478 v_rec_bal=0.532 | lr=9.1e-06 | 22.3s
  Fold 1 | Ep  13/50 | t_loss=0.0324 t_acc=0.960 | v_win_bal=0.462 v_rec_bal=0.448 | lr=8.9e-06 | 22.4s
  Fold 1 | Ep  14/50 | t_loss=0.0284 t_acc=0.967 | v_win_bal=0.456 v_rec_bal=0.393 | lr=8.7e-06 | 22.9s
  Fold 1 | Ep  15/50 | t_loss=0.0266 t_acc=0.971 | v_win_bal=0.460 v_rec_bal=0.476 | lr=8.5e-06 | 22.7s
  Fold 1 | Ep  16/50 | t_loss=0.0214 t_acc=0.977 | v_win_bal=0.455 v_rec_bal=0.421 | lr=8.2e-06 | 23.0s
  Fold 1 | Ep  17/50 | t_loss=0.0194 t_acc=0.980 | v_win_bal=0.460 v_rec_bal=0.393 | lr=8.0e-06 | 23.1s
  Fold 1 | Ep  18/50 | t_loss=0.0163 t_acc=0.984 | v_win_bal=0.457 v_rec_bal=0.393 | lr=7.7e-06 | 23.1s
  Fold 1 | Ep  19/50 | t_loss=0.0146 t_acc=0.987 | v_win_bal=0.459 v_rec_bal=0.393 | lr=7.4e-06 | 22.8s
  Fold 1 | Ep  20/50 | t_loss=0.0122 t_acc=0.990 | v_win_bal=0.451 v_rec_bal=0.389 | lr=7.1e-06 | 22.4s
  Fold 1 | Ep  21/50 | t_loss=0.0106 t_acc=0.992 | v_win_bal=0.448 v_rec_bal=0.365 | lr=6.8e-06 | 22.7s
  Fold 1 | Ep  22/50 | t_loss=0.0085 t_acc=0.993 | v_win_bal=0.450 v_rec_bal=0.393 | lr=6.5e-06 | 22.5s
  Fold 1 | Ep  23/50 | t_loss=0.0076 t_acc=0.995 | v_win_bal=0.460 v_rec_bal=0.417 | lr=6.2e-06 | 22.2s
  Fold 1 | Ep  24/50 | t_loss=0.0057 t_acc=0.996 | v_win_bal=0.456 v_rec_bal=0.365 | lr=5.8e-06 | 22.5s
  Fold 1 | Ep  25/50 | t_loss=0.0044 t_acc=0.997 | v_win_bal=0.439 v_rec_bal=0.333 | lr=5.5e-06 | 22.4s
  Fold 1 | Ep  26/50 | t_loss=0.0037 t_acc=0.998 | v_win_bal=0.443 v_rec_bal=0.361 | lr=5.2e-06 | 22.7s
  Fold 1 | Ep  27/50 | t_loss=0.0019 t_acc=0.999 | v_win_bal=0.451 v_rec_bal=0.365 | lr=4.8e-06 | 22.1s
  Early stop at epoch 27
  -> Test (best @ epoch 10): acc=0.5641, bal_acc=0.5556

============================================================
Fold 2/5
============================================================
  Train: 117 samples, 39 subjects [3, 4, 5, 6, 7, 8, 10, 11, 12, 13, 14, 16, 18, 22, 23, 24, 26, 27, 29, 32, 34, 35, 38, 39, 40, 41, 43, 44, 46, 48, 49, 50, 54, 55, 56, 57, 58, 59, 60], label_0=51, label_1=66
    Val:  39 samples, 13 subjects [1, 17, 21, 28, 30, 31, 33, 37, 45, 51, 52, 53, 65], label_0=18, label_1=21
   Test:  39 samples, 13 subjects [2, 9, 15, 19, 20, 25, 36, 42, 47, 61, 62, 63, 64], label_0=18, label_1=21
  Building window datasets...
    WindowDataset: 17188 windows (class_0=2854, class_1=14334)
    WindowDataset: 2091 windows (class_0=981, class_1=1110)
    WindowDataset: 2157 windows (class_0=945, class_1=1212)
[LaBraM] Loaded 219/221 params from weights/labram-base/model.safetensors
[LaBraM] Missing: ['fc_norm.weight', 'fc_norm.bias']
  Fold 2 | Ep   1/50 | t_loss=0.1727 t_acc=0.681 | v_win_bal=0.541 v_rec_bal=0.484 | lr=3.3e-06 | 24.1s
  Fold 2 | Ep   2/50 | t_loss=0.1688 t_acc=0.678 | v_win_bal=0.558 v_rec_bal=0.655 | lr=6.7e-06 | 25.0s
  Fold 2 | Ep   3/50 | t_loss=0.1532 t_acc=0.711 | v_win_bal=0.548 v_rec_bal=0.687 | lr=1.0e-05 | 23.1s
  Fold 2 | Ep   4/50 | t_loss=0.1025 t_acc=0.808 | v_win_bal=0.537 v_rec_bal=0.667 | lr=1.0e-05 | 22.9s
  Fold 2 | Ep   5/50 | t_loss=0.0791 t_acc=0.846 | v_win_bal=0.537 v_rec_bal=0.635 | lr=1.0e-05 | 24.3s
  Fold 2 | Ep   6/50 | t_loss=0.0687 t_acc=0.873 | v_win_bal=0.543 v_rec_bal=0.575 | lr=9.9e-06 | 23.7s
  Fold 2 | Ep   7/50 | t_loss=0.0601 t_acc=0.895 | v_win_bal=0.508 v_rec_bal=0.421 | lr=9.8e-06 | 23.7s
  Fold 2 | Ep   8/50 | t_loss=0.0538 t_acc=0.909 | v_win_bal=0.534 v_rec_bal=0.540 | lr=9.7e-06 | 24.2s
  Fold 2 | Ep   9/50 | t_loss=0.0472 t_acc=0.924 | v_win_bal=0.539 v_rec_bal=0.567 | lr=9.6e-06 | 23.0s
  Fold 2 | Ep  10/50 | t_loss=0.0411 t_acc=0.938 | v_win_bal=0.526 v_rec_bal=0.508 | lr=9.5e-06 | 23.8s
  Fold 2 | Ep  11/50 | t_loss=0.0380 t_acc=0.948 | v_win_bal=0.531 v_rec_bal=0.480 | lr=9.3e-06 | 24.5s
  Fold 2 | Ep  12/50 | t_loss=0.0324 t_acc=0.956 | v_win_bal=0.525 v_rec_bal=0.476 | lr=9.1e-06 | 23.9s
  Fold 2 | Ep  13/50 | t_loss=0.0296 t_acc=0.964 | v_win_bal=0.497 v_rec_bal=0.464 | lr=8.9e-06 | 23.7s
  Fold 2 | Ep  14/50 | t_loss=0.0248 t_acc=0.972 | v_win_bal=0.522 v_rec_bal=0.472 | lr=8.7e-06 | 23.7s
  Fold 2 | Ep  15/50 | t_loss=0.0228 t_acc=0.976 | v_win_bal=0.522 v_rec_bal=0.476 | lr=8.5e-06 | 23.5s
  Fold 2 | Ep  16/50 | t_loss=0.0203 t_acc=0.981 | v_win_bal=0.519 v_rec_bal=0.500 | lr=8.2e-06 | 23.6s
  Fold 2 | Ep  17/50 | t_loss=0.0174 t_acc=0.985 | v_win_bal=0.500 v_rec_bal=0.437 | lr=8.0e-06 | 23.5s
  Fold 2 | Ep  18/50 | t_loss=0.0142 t_acc=0.987 | v_win_bal=0.500 v_rec_bal=0.409 | lr=7.7e-06 | 23.7s
  Fold 2 | Ep  19/50 | t_loss=0.0137 t_acc=0.990 | v_win_bal=0.518 v_rec_bal=0.476 | lr=7.4e-06 | 23.6s
  Early stop at epoch 19
  -> Test (best @ epoch 3): acc=0.4359, bal_acc=0.4603

============================================================
Fold 3/5
============================================================
  Train: 117 samples, 39 subjects [1, 2, 3, 4, 6, 8, 9, 10, 11, 13, 15, 16, 17, 18, 20, 21, 23, 25, 27, 29, 30, 31, 32, 34, 35, 39, 41, 42, 44, 47, 49, 50, 51, 54, 55, 56, 60, 62, 63], label_0=51, label_1=66
    Val:  39 samples, 13 subjects [7, 19, 28, 33, 36, 37, 40, 48, 52, 53, 57, 61, 64], label_0=18, label_1=21
   Test:  39 samples, 13 subjects [5, 12, 14, 22, 24, 26, 38, 43, 45, 46, 58, 59, 65], label_0=18, label_1=21
  Building window datasets...
    WindowDataset: 16925 windows (class_0=2803, class_1=14122)
    WindowDataset: 2173 windows (class_0=939, class_1=1234)
    WindowDataset: 2179 windows (class_0=1038, class_1=1141)
[LaBraM] Loaded 219/221 params from weights/labram-base/model.safetensors
[LaBraM] Missing: ['fc_norm.weight', 'fc_norm.bias']
  Fold 3 | Ep   1/50 | t_loss=0.1739 t_acc=0.583 | v_win_bal=0.472 v_rec_bal=0.480 | lr=3.3e-06 | 23.4s
  Fold 3 | Ep   2/50 | t_loss=0.1661 t_acc=0.721 | v_win_bal=0.525 v_rec_bal=0.540 | lr=6.7e-06 | 23.7s
  Fold 3 | Ep   3/50 | t_loss=0.1429 t_acc=0.733 | v_win_bal=0.551 v_rec_bal=0.508 | lr=1.0e-05 | 22.6s
  Fold 3 | Ep   4/50 | t_loss=0.1143 t_acc=0.798 | v_win_bal=0.550 v_rec_bal=0.623 | lr=1.0e-05 | 22.7s
  Fold 3 | Ep   5/50 | t_loss=0.0929 t_acc=0.844 | v_win_bal=0.548 v_rec_bal=0.639 | lr=1.0e-05 | 22.6s
  Fold 3 | Ep   6/50 | t_loss=0.0781 t_acc=0.870 | v_win_bal=0.534 v_rec_bal=0.575 | lr=9.9e-06 | 22.5s
  Fold 3 | Ep   7/50 | t_loss=0.0674 t_acc=0.892 | v_win_bal=0.534 v_rec_bal=0.651 | lr=9.8e-06 | 22.4s
  Fold 3 | Ep   8/50 | t_loss=0.0596 t_acc=0.908 | v_win_bal=0.556 v_rec_bal=0.587 | lr=9.7e-06 | 22.4s
  Fold 3 | Ep   9/50 | t_loss=0.0533 t_acc=0.919 | v_win_bal=0.543 v_rec_bal=0.563 | lr=9.6e-06 | 22.7s
  Fold 3 | Ep  10/50 | t_loss=0.0473 t_acc=0.928 | v_win_bal=0.565 v_rec_bal=0.706 | lr=9.5e-06 | 23.3s
  Fold 3 | Ep  11/50 | t_loss=0.0417 t_acc=0.941 | v_win_bal=0.558 v_rec_bal=0.702 | lr=9.3e-06 | 22.7s
  Fold 3 | Ep  12/50 | t_loss=0.0376 t_acc=0.951 | v_win_bal=0.560 v_rec_bal=0.679 | lr=9.1e-06 | 23.2s
  Fold 3 | Ep  13/50 | t_loss=0.0323 t_acc=0.958 | v_win_bal=0.564 v_rec_bal=0.706 | lr=8.9e-06 | 22.8s
  Fold 3 | Ep  14/50 | t_loss=0.0288 t_acc=0.966 | v_win_bal=0.544 v_rec_bal=0.647 | lr=8.7e-06 | 22.7s
  Fold 3 | Ep  15/50 | t_loss=0.0241 t_acc=0.972 | v_win_bal=0.561 v_rec_bal=0.702 | lr=8.5e-06 | 23.1s
  Fold 3 | Ep  16/50 | t_loss=0.0217 t_acc=0.976 | v_win_bal=0.564 v_rec_bal=0.675 | lr=8.2e-06 | 22.4s
  Fold 3 | Ep  17/50 | t_loss=0.0200 t_acc=0.980 | v_win_bal=0.549 v_rec_bal=0.647 | lr=8.0e-06 | 22.5s
  Fold 3 | Ep  18/50 | t_loss=0.0159 t_acc=0.984 | v_win_bal=0.555 v_rec_bal=0.647 | lr=7.7e-06 | 23.3s
  Fold 3 | Ep  19/50 | t_loss=0.0144 t_acc=0.987 | v_win_bal=0.554 v_rec_bal=0.647 | lr=7.4e-06 | 22.7s
  Fold 3 | Ep  20/50 | t_loss=0.0135 t_acc=0.990 | v_win_bal=0.560 v_rec_bal=0.647 | lr=7.1e-06 | 22.6s
  Fold 3 | Ep  21/50 | t_loss=0.0104 t_acc=0.992 | v_win_bal=0.556 v_rec_bal=0.675 | lr=6.8e-06 | 22.8s
  Fold 3 | Ep  22/50 | t_loss=0.0076 t_acc=0.994 | v_win_bal=0.559 v_rec_bal=0.647 | lr=6.5e-06 | 22.6s
  Fold 3 | Ep  23/50 | t_loss=0.0068 t_acc=0.995 | v_win_bal=0.551 v_rec_bal=0.647 | lr=6.2e-06 | 22.4s
  Fold 3 | Ep  24/50 | t_loss=0.0061 t_acc=0.996 | v_win_bal=0.564 v_rec_bal=0.647 | lr=5.8e-06 | 23.4s
  Fold 3 | Ep  25/50 | t_loss=0.0041 t_acc=0.997 | v_win_bal=0.559 v_rec_bal=0.647 | lr=5.5e-06 | 23.2s
  Fold 3 | Ep  26/50 | t_loss=0.0036 t_acc=0.997 | v_win_bal=0.549 v_rec_bal=0.615 | lr=5.2e-06 | 23.0s
  Fold 3 | Ep  27/50 | t_loss=0.0025 t_acc=0.998 | v_win_bal=0.550 v_rec_bal=0.619 | lr=4.8e-06 | 22.3s
  Early stop at epoch 27
  -> Test (best @ epoch 10): acc=0.5897, bal_acc=0.5952

============================================================
Fold 4/5
============================================================
  Train: 117 samples, 39 subjects [2, 3, 7, 8, 9, 10, 11, 12, 13, 14, 15, 18, 19, 21, 22, 23, 25, 27, 31, 33, 34, 36, 40, 41, 42, 43, 45, 46, 49, 50, 51, 52, 58, 59, 60, 61, 62, 63, 64], label_0=51, label_1=66
    Val:  39 samples, 13 subjects [1, 5, 20, 24, 26, 28, 32, 38, 44, 47, 54, 56, 65], label_0=18, label_1=21
   Test:  39 samples, 13 subjects [4, 6, 16, 17, 29, 30, 35, 37, 39, 48, 53, 55, 57], label_0=18, label_1=21
  Building window datasets...
    WindowDataset: 17427 windows (class_0=2821, class_1=14606)
    WindowDataset: 2159 windows (class_0=1009, class_1=1150)
    WindowDataset: 2054 windows (class_0=950, class_1=1104)
[LaBraM] Loaded 219/221 params from weights/labram-base/model.safetensors
[LaBraM] Missing: ['fc_norm.weight', 'fc_norm.bias']
  Fold 4 | Ep   1/50 | t_loss=0.1772 t_acc=0.775 | v_win_bal=0.475 v_rec_bal=0.500 | lr=3.3e-06 | 23.7s
  Fold 4 | Ep   2/50 | t_loss=0.1697 t_acc=0.671 | v_win_bal=0.454 v_rec_bal=0.349 | lr=6.7e-06 | 23.4s
  Fold 4 | Ep   3/50 | t_loss=0.1586 t_acc=0.711 | v_win_bal=0.483 v_rec_bal=0.528 | lr=1.0e-05 | 23.1s
  Fold 4 | Ep   4/50 | t_loss=0.1297 t_acc=0.764 | v_win_bal=0.519 v_rec_bal=0.548 | lr=1.0e-05 | 23.6s
  Fold 4 | Ep   5/50 | t_loss=0.0957 t_acc=0.832 | v_win_bal=0.518 v_rec_bal=0.500 | lr=1.0e-05 | 23.4s
  Fold 4 | Ep   6/50 | t_loss=0.0769 t_acc=0.861 | v_win_bal=0.543 v_rec_bal=0.500 | lr=9.9e-06 | 23.5s
  Fold 4 | Ep   7/50 | t_loss=0.0663 t_acc=0.882 | v_win_bal=0.542 v_rec_bal=0.631 | lr=9.8e-06 | 23.6s
  Fold 4 | Ep   8/50 | t_loss=0.0592 t_acc=0.898 | v_win_bal=0.561 v_rec_bal=0.544 | lr=9.7e-06 | 23.7s
  Fold 4 | Ep   9/50 | t_loss=0.0531 t_acc=0.913 | v_win_bal=0.564 v_rec_bal=0.524 | lr=9.6e-06 | 23.9s
  Fold 4 | Ep  10/50 | t_loss=0.0473 t_acc=0.927 | v_win_bal=0.573 v_rec_bal=0.635 | lr=9.5e-06 | 24.5s
  Fold 4 | Ep  11/50 | t_loss=0.0418 t_acc=0.936 | v_win_bal=0.578 v_rec_bal=0.619 | lr=9.3e-06 | 24.4s
  Fold 4 | Ep  12/50 | t_loss=0.0371 t_acc=0.945 | v_win_bal=0.570 v_rec_bal=0.655 | lr=9.1e-06 | 23.7s
  Fold 4 | Ep  13/50 | t_loss=0.0320 t_acc=0.954 | v_win_bal=0.576 v_rec_bal=0.615 | lr=8.9e-06 | 24.0s
  Fold 4 | Ep  14/50 | t_loss=0.0280 t_acc=0.962 | v_win_bal=0.575 v_rec_bal=0.615 | lr=8.7e-06 | 23.8s
  Fold 4 | Ep  15/50 | t_loss=0.0245 t_acc=0.968 | v_win_bal=0.584 v_rec_bal=0.607 | lr=8.5e-06 | 23.6s
  Fold 4 | Ep  16/50 | t_loss=0.0197 t_acc=0.975 | v_win_bal=0.587 v_rec_bal=0.655 | lr=8.2e-06 | 23.7s
  Fold 4 | Ep  17/50 | t_loss=0.0178 t_acc=0.979 | v_win_bal=0.591 v_rec_bal=0.655 | lr=8.0e-06 | 23.5s
  Fold 4 | Ep  18/50 | t_loss=0.0157 t_acc=0.983 | v_win_bal=0.595 v_rec_bal=0.655 | lr=7.7e-06 | 24.0s
  Fold 4 | Ep  19/50 | t_loss=0.0127 t_acc=0.987 | v_win_bal=0.585 v_rec_bal=0.647 | lr=7.4e-06 | 24.1s
  Fold 4 | Ep  20/50 | t_loss=0.0103 t_acc=0.990 | v_win_bal=0.572 v_rec_bal=0.643 | lr=7.1e-06 | 23.7s
  Fold 4 | Ep  21/50 | t_loss=0.0086 t_acc=0.992 | v_win_bal=0.577 v_rec_bal=0.679 | lr=6.8e-06 | 23.7s
  Fold 4 | Ep  22/50 | t_loss=0.0077 t_acc=0.994 | v_win_bal=0.587 v_rec_bal=0.679 | lr=6.5e-06 | 23.6s
  Fold 4 | Ep  23/50 | t_loss=0.0058 t_acc=0.996 | v_win_bal=0.583 v_rec_bal=0.675 | lr=6.2e-06 | 23.8s
  Fold 4 | Ep  24/50 | t_loss=0.0051 t_acc=0.996 | v_win_bal=0.576 v_rec_bal=0.591 | lr=5.8e-06 | 24.0s
  Fold 4 | Ep  25/50 | t_loss=0.0039 t_acc=0.997 | v_win_bal=0.583 v_rec_bal=0.591 | lr=5.5e-06 | 23.9s
  Fold 4 | Ep  26/50 | t_loss=0.0033 t_acc=0.998 | v_win_bal=0.589 v_rec_bal=0.679 | lr=5.2e-06 | 23.8s
  Fold 4 | Ep  27/50 | t_loss=0.0024 t_acc=0.998 | v_win_bal=0.588 v_rec_bal=0.679 | lr=4.8e-06 | 23.8s
  Fold 4 | Ep  28/50 | t_loss=0.0016 t_acc=0.999 | v_win_bal=0.594 v_rec_bal=0.679 | lr=4.5e-06 | 24.1s
  Fold 4 | Ep  29/50 | t_loss=0.0012 t_acc=0.999 | v_win_bal=0.592 v_rec_bal=0.679 | lr=4.2e-06 | 23.9s
  Fold 4 | Ep  30/50 | t_loss=0.0006 t_acc=0.999 | v_win_bal=0.586 v_rec_bal=0.679 | lr=3.8e-06 | 24.1s
  Fold 4 | Ep  31/50 | t_loss=0.0004 t_acc=1.000 | v_win_bal=0.593 v_rec_bal=0.679 | lr=3.5e-06 | 24.3s
  Fold 4 | Ep  32/50 | t_loss=0.0003 t_acc=1.000 | v_win_bal=0.589 v_rec_bal=0.679 | lr=3.2e-06 | 23.2s
  Fold 4 | Ep  33/50 | t_loss=0.0002 t_acc=1.000 | v_win_bal=0.585 v_rec_bal=0.679 | lr=2.9e-06 | 23.2s
  Fold 4 | Ep  34/50 | t_loss=0.0002 t_acc=1.000 | v_win_bal=0.593 v_rec_bal=0.679 | lr=2.6e-06 | 23.2s
  Fold 4 | Ep  35/50 | t_loss=0.0001 t_acc=1.000 | v_win_bal=0.589 v_rec_bal=0.679 | lr=2.3e-06 | 23.3s
  Fold 4 | Ep  36/50 | t_loss=0.0001 t_acc=1.000 | v_win_bal=0.595 v_rec_bal=0.679 | lr=2.0e-06 | 23.2s
  Fold 4 | Ep  37/50 | t_loss=0.0001 t_acc=1.000 | v_win_bal=0.589 v_rec_bal=0.679 | lr=1.8e-06 | 23.4s
  Fold 4 | Ep  38/50 | t_loss=0.0000 t_acc=1.000 | v_win_bal=0.587 v_rec_bal=0.702 | lr=1.5e-06 | 23.7s
  Fold 4 | Ep  39/50 | t_loss=0.0000 t_acc=1.000 | v_win_bal=0.589 v_rec_bal=0.702 | lr=1.3e-06 | 23.2s
  Fold 4 | Ep  40/50 | t_loss=0.0000 t_acc=1.000 | v_win_bal=0.592 v_rec_bal=0.679 | lr=1.1e-06 | 23.2s
  Fold 4 | Ep  41/50 | t_loss=0.0000 t_acc=1.000 | v_win_bal=0.591 v_rec_bal=0.702 | lr=8.8e-07 | 22.9s
  Fold 4 | Ep  42/50 | t_loss=0.0000 t_acc=1.000 | v_win_bal=0.587 v_rec_bal=0.679 | lr=7.0e-07 | 23.6s
  Fold 4 | Ep  43/50 | t_loss=0.0000 t_acc=1.000 | v_win_bal=0.591 v_rec_bal=0.679 | lr=5.4e-07 | 23.1s
  Fold 4 | Ep  44/50 | t_loss=0.0000 t_acc=1.000 | v_win_bal=0.588 v_rec_bal=0.679 | lr=4.0e-07 | 23.7s
  Fold 4 | Ep  45/50 | t_loss=0.0000 t_acc=1.000 | v_win_bal=0.592 v_rec_bal=0.702 | lr=2.8e-07 | 23.4s
  Fold 4 | Ep  46/50 | t_loss=0.0000 t_acc=1.000 | v_win_bal=0.590 v_rec_bal=0.679 | lr=1.8e-07 | 23.3s
  Fold 4 | Ep  47/50 | t_loss=0.0000 t_acc=1.000 | v_win_bal=0.592 v_rec_bal=0.702 | lr=1.0e-07 | 23.7s
  Fold 4 | Ep  48/50 | t_loss=0.0000 t_acc=1.000 | v_win_bal=0.589 v_rec_bal=0.679 | lr=1.0e-07 | 23.6s
  Fold 4 | Ep  49/50 | t_loss=0.0000 t_acc=1.000 | v_win_bal=0.592 v_rec_bal=0.679 | lr=1.0e-07 | 23.6s
  Fold 4 | Ep  50/50 | t_loss=0.0000 t_acc=1.000 | v_win_bal=0.588 v_rec_bal=0.679 | lr=1.0e-07 | 23.9s
  -> Test (best @ epoch 38): acc=0.5128, bal_acc=0.4960

============================================================
Fold 5/5
============================================================
  Train: 117 samples, 39 subjects [4, 6, 8, 12, 13, 14, 15, 16, 17, 18, 20, 22, 23, 24, 26, 27, 29, 30, 32, 34, 35, 37, 38, 39, 40, 42, 43, 45, 46, 47, 50, 54, 57, 58, 59, 60, 61, 64, 65], label_0=54, label_1=63
    Val:  39 samples, 13 subjects [2, 5, 9, 19, 25, 36, 48, 49, 53, 55, 56, 62, 63], label_0=18, label_1=21
   Test:  39 samples, 13 subjects [1, 3, 7, 10, 11, 21, 28, 31, 33, 41, 44, 51, 52], label_0=15, label_1=24
  Building window datasets...
    WindowDataset: 16598 windows (class_0=3035, class_1=13563)
    WindowDataset: 2134 windows (class_0=925, class_1=1209)
    WindowDataset: 2128 windows (class_0=820, class_1=1308)
[LaBraM] Loaded 219/221 params from weights/labram-base/model.safetensors
[LaBraM] Missing: ['fc_norm.weight', 'fc_norm.bias']
  Fold 5 | Ep   1/50 | t_loss=0.1740 t_acc=0.690 | v_win_bal=0.477 v_rec_bal=0.433 | lr=3.3e-06 | 22.4s
  Fold 5 | Ep   2/50 | t_loss=0.1661 t_acc=0.681 | v_win_bal=0.493 v_rec_bal=0.456 | lr=6.7e-06 | 23.9s
  Fold 5 | Ep   3/50 | t_loss=0.1485 t_acc=0.710 | v_win_bal=0.518 v_rec_bal=0.532 | lr=1.0e-05 | 22.6s
  Fold 5 | Ep   4/50 | t_loss=0.1038 t_acc=0.802 | v_win_bal=0.488 v_rec_bal=0.480 | lr=1.0e-05 | 22.3s
  Fold 5 | Ep   5/50 | t_loss=0.0834 t_acc=0.834 | v_win_bal=0.488 v_rec_bal=0.480 | lr=1.0e-05 | 23.0s
  Fold 5 | Ep   6/50 | t_loss=0.0736 t_acc=0.855 | v_win_bal=0.487 v_rec_bal=0.452 | lr=9.9e-06 | 22.2s
  Fold 5 | Ep   7/50 | t_loss=0.0666 t_acc=0.871 | v_win_bal=0.503 v_rec_bal=0.476 | lr=9.8e-06 | 22.6s
  Fold 5 | Ep   8/50 | t_loss=0.0601 t_acc=0.891 | v_win_bal=0.490 v_rec_bal=0.452 | lr=9.7e-06 | 22.0s
  Fold 5 | Ep   9/50 | t_loss=0.0559 t_acc=0.904 | v_win_bal=0.500 v_rec_bal=0.524 | lr=9.6e-06 | 22.1s
  Fold 5 | Ep  10/50 | t_loss=0.0490 t_acc=0.917 | v_win_bal=0.512 v_rec_bal=0.571 | lr=9.5e-06 | 22.2s
  Fold 5 | Ep  11/50 | t_loss=0.0435 t_acc=0.931 | v_win_bal=0.506 v_rec_bal=0.571 | lr=9.3e-06 | 21.9s
  Fold 5 | Ep  12/50 | t_loss=0.0394 t_acc=0.941 | v_win_bal=0.513 v_rec_bal=0.528 | lr=9.1e-06 | 22.3s
  Fold 5 | Ep  13/50 | t_loss=0.0348 t_acc=0.950 | v_win_bal=0.524 v_rec_bal=0.548 | lr=8.9e-06 | 22.0s
  Fold 5 | Ep  14/50 | t_loss=0.0304 t_acc=0.958 | v_win_bal=0.517 v_rec_bal=0.579 | lr=8.7e-06 | 23.0s
  Fold 5 | Ep  15/50 | t_loss=0.0274 t_acc=0.964 | v_win_bal=0.514 v_rec_bal=0.563 | lr=8.5e-06 | 22.8s
  Fold 5 | Ep  16/50 | t_loss=0.0242 t_acc=0.971 | v_win_bal=0.504 v_rec_bal=0.524 | lr=8.2e-06 | 22.6s
  Fold 5 | Ep  17/50 | t_loss=0.0215 t_acc=0.976 | v_win_bal=0.517 v_rec_bal=0.532 | lr=8.0e-06 | 23.0s
  Fold 5 | Ep  18/50 | t_loss=0.0180 t_acc=0.981 | v_win_bal=0.517 v_rec_bal=0.567 | lr=7.7e-06 | 22.9s
  Fold 5 | Ep  19/50 | t_loss=0.0166 t_acc=0.983 | v_win_bal=0.526 v_rec_bal=0.556 | lr=7.4e-06 | 22.5s
  Fold 5 | Ep  20/50 | t_loss=0.0132 t_acc=0.987 | v_win_bal=0.509 v_rec_bal=0.556 | lr=7.1e-06 | 22.5s
  Fold 5 | Ep  21/50 | t_loss=0.0110 t_acc=0.990 | v_win_bal=0.523 v_rec_bal=0.560 | lr=6.8e-06 | 22.8s
  Fold 5 | Ep  22/50 | t_loss=0.0099 t_acc=0.992 | v_win_bal=0.511 v_rec_bal=0.560 | lr=6.5e-06 | 22.9s
  Fold 5 | Ep  23/50 | t_loss=0.0071 t_acc=0.994 | v_win_bal=0.519 v_rec_bal=0.552 | lr=6.2e-06 | 22.6s
  Fold 5 | Ep  24/50 | t_loss=0.0050 t_acc=0.995 | v_win_bal=0.523 v_rec_bal=0.552 | lr=5.8e-06 | 22.7s
  Fold 5 | Ep  25/50 | t_loss=0.0043 t_acc=0.997 | v_win_bal=0.527 v_rec_bal=0.528 | lr=5.5e-06 | 22.2s
  Fold 5 | Ep  26/50 | t_loss=0.0041 t_acc=0.997 | v_win_bal=0.523 v_rec_bal=0.583 | lr=5.2e-06 | 22.3s
  Fold 5 | Ep  27/50 | t_loss=0.0029 t_acc=0.998 | v_win_bal=0.520 v_rec_bal=0.552 | lr=4.8e-06 | 23.7s
  Fold 5 | Ep  28/50 | t_loss=0.0022 t_acc=0.999 | v_win_bal=0.523 v_rec_bal=0.552 | lr=4.5e-06 | 22.2s
  Fold 5 | Ep  29/50 | t_loss=0.0018 t_acc=0.999 | v_win_bal=0.526 v_rec_bal=0.524 | lr=4.2e-06 | 22.3s
  Fold 5 | Ep  30/50 | t_loss=0.0013 t_acc=0.999 | v_win_bal=0.521 v_rec_bal=0.552 | lr=3.8e-06 | 22.9s
  Early stop at epoch 30
  -> Test (best @ epoch 26): acc=0.6667, bal_acc=0.6792

============================================================
Global Results (5-Fold, subject-level CV)
Mode: FT | Extractor: labram | Loss: focal
============================================================
              acc: 0.5538
          bal_acc: 0.5559
               f1: 0.5551
            kappa: 0.1101
  Total predictions: 195 (should equal dataset size: 195)

Results saved to results/studies/exp27_paired_null/adftd/perm_s4/
