/raid/jupyter-linjimmy1003.md10/.conda/envs/stress/lib/python3.11/site-packages/timm/models/layers/__init__.py:49: FutureWarning: Importing from timm.models.layers is deprecated, please import via timm.layers
  warnings.warn(f"Importing from {__name__} is deprecated, please import via timm.layers", FutureWarning)
Mode: FT | Extractor: labram | Folds: 5
LR: 1e-05 | WD: 0.05 | Beta2: 0.999 | Grad clip: 2.0
Head: hidden=128, dropout=0.0 | Norm: zscore | Loss: focal
Full FT: encoder_lr_scale=0.1
Augmentation: 75% overlap for increase class

Results → results/studies/exp27_paired_null/adftd/perm_s11/
ADFTD: 195 recordings from 65 subjects (AD=108, HC=87), 3 splits/subject
ADFTD: 195 recordings, 65 subjects (AD=108, HC=87)
[permute-labels] Subject-level shuffle with rng seed 11 over 65 subjects. Class balance preserved: 108 pos / 87 neg

============================================================
Fold 1/5
============================================================
  Train: 117 samples, 39 subjects [2, 3, 4, 6, 7, 9, 10, 11, 12, 13, 14, 16, 19, 20, 21, 22, 24, 25, 28, 29, 31, 32, 33, 35, 36, 37, 38, 39, 41, 42, 44, 46, 47, 49, 55, 57, 58, 59, 64], label_0=51, label_1=66
    Val:  39 samples, 13 subjects [1, 8, 15, 26, 30, 45, 48, 51, 52, 53, 61, 62, 65], label_0=18, label_1=21
   Test:  39 samples, 13 subjects [5, 17, 18, 23, 27, 34, 40, 43, 50, 54, 56, 60, 63], label_0=18, label_1=21
  Building window datasets...
    WindowDataset: 16520 windows (class_0=2962, class_1=13558)
    WindowDataset: 2115 windows (class_0=1004, class_1=1111)
    WindowDataset: 2219 windows (class_0=1005, class_1=1214)
[LaBraM] Loaded 219/221 params from weights/labram-base/model.safetensors
[LaBraM] Missing: ['fc_norm.weight', 'fc_norm.bias']
  Trainable parameters: 5,871,779
  Class weights: [2.788656234741211, 0.6092343926429749]
  Fold 1 | Ep   1/50 | t_loss=0.1853 t_acc=0.316 | v_win_bal=0.495 v_rec_bal=0.460 | lr=3.3e-06 | 23.2s
  Fold 1 | Ep   2/50 | t_loss=0.1671 t_acc=0.692 | v_win_bal=0.496 v_rec_bal=0.452 | lr=6.7e-06 | 21.7s
  Fold 1 | Ep   3/50 | t_loss=0.1552 t_acc=0.702 | v_win_bal=0.478 v_rec_bal=0.512 | lr=1.0e-05 | 21.4s
  Fold 1 | Ep   4/50 | t_loss=0.1333 t_acc=0.754 | v_win_bal=0.472 v_rec_bal=0.456 | lr=1.0e-05 | 21.7s
  Fold 1 | Ep   5/50 | t_loss=0.1019 t_acc=0.823 | v_win_bal=0.473 v_rec_bal=0.508 | lr=1.0e-05 | 21.8s
  Fold 1 | Ep   6/50 | t_loss=0.0780 t_acc=0.865 | v_win_bal=0.491 v_rec_bal=0.556 | lr=9.9e-06 | 22.4s
  Fold 1 | Ep   7/50 | t_loss=0.0653 t_acc=0.886 | v_win_bal=0.498 v_rec_bal=0.464 | lr=9.8e-06 | 21.4s
  Fold 1 | Ep   8/50 | t_loss=0.0560 t_acc=0.907 | v_win_bal=0.497 v_rec_bal=0.524 | lr=9.7e-06 | 21.5s
  Fold 1 | Ep   9/50 | t_loss=0.0489 t_acc=0.921 | v_win_bal=0.515 v_rec_bal=0.571 | lr=9.6e-06 | 21.2s
  Fold 1 | Ep  10/50 | t_loss=0.0428 t_acc=0.933 | v_win_bal=0.505 v_rec_bal=0.532 | lr=9.5e-06 | 21.2s
  Fold 1 | Ep  11/50 | t_loss=0.0369 t_acc=0.945 | v_win_bal=0.511 v_rec_bal=0.567 | lr=9.3e-06 | 21.5s
  Fold 1 | Ep  12/50 | t_loss=0.0313 t_acc=0.954 | v_win_bal=0.513 v_rec_bal=0.504 | lr=9.1e-06 | 21.4s
  Fold 1 | Ep  13/50 | t_loss=0.0271 t_acc=0.963 | v_win_bal=0.521 v_rec_bal=0.508 | lr=8.9e-06 | 21.8s
  Fold 1 | Ep  14/50 | t_loss=0.0231 t_acc=0.970 | v_win_bal=0.509 v_rec_bal=0.456 | lr=8.7e-06 | 21.6s
  Fold 1 | Ep  15/50 | t_loss=0.0197 t_acc=0.975 | v_win_bal=0.512 v_rec_bal=0.480 | lr=8.5e-06 | 21.7s
  Fold 1 | Ep  16/50 | t_loss=0.0163 t_acc=0.980 | v_win_bal=0.510 v_rec_bal=0.504 | lr=8.2e-06 | 21.3s
  Fold 1 | Ep  17/50 | t_loss=0.0149 t_acc=0.983 | v_win_bal=0.492 v_rec_bal=0.540 | lr=8.0e-06 | 21.7s
  Fold 1 | Ep  18/50 | t_loss=0.0130 t_acc=0.989 | v_win_bal=0.529 v_rec_bal=0.540 | lr=7.7e-06 | 21.9s
  Fold 1 | Ep  19/50 | t_loss=0.0098 t_acc=0.990 | v_win_bal=0.518 v_rec_bal=0.520 | lr=7.4e-06 | 21.5s
  Fold 1 | Ep  20/50 | t_loss=0.0071 t_acc=0.993 | v_win_bal=0.518 v_rec_bal=0.484 | lr=7.1e-06 | 21.6s
  Fold 1 | Ep  21/50 | t_loss=0.0062 t_acc=0.995 | v_win_bal=0.506 v_rec_bal=0.500 | lr=6.8e-06 | 21.4s
  Fold 1 | Ep  22/50 | t_loss=0.0049 t_acc=0.997 | v_win_bal=0.501 v_rec_bal=0.524 | lr=6.5e-06 | 21.8s
  Fold 1 | Ep  23/50 | t_loss=0.0033 t_acc=0.997 | v_win_bal=0.506 v_rec_bal=0.456 | lr=6.2e-06 | 21.6s
  Fold 1 | Ep  24/50 | t_loss=0.0022 t_acc=0.998 | v_win_bal=0.505 v_rec_bal=0.504 | lr=5.8e-06 | 21.5s
  Fold 1 | Ep  25/50 | t_loss=0.0016 t_acc=0.999 | v_win_bal=0.505 v_rec_bal=0.504 | lr=5.5e-06 | 21.5s
  Fold 1 | Ep  26/50 | t_loss=0.0013 t_acc=0.999 | v_win_bal=0.509 v_rec_bal=0.504 | lr=5.2e-06 | 22.3s
  Early stop at epoch 26
  -> Test (best @ epoch 9): acc=0.6923, bal_acc=0.7063

============================================================
Fold 2/5
============================================================
  Train: 117 samples, 39 subjects [1, 3, 7, 8, 10, 11, 12, 13, 14, 15, 16, 17, 18, 19, 20, 22, 23, 24, 26, 28, 30, 31, 33, 34, 35, 38, 39, 40, 41, 43, 44, 45, 46, 50, 55, 57, 60, 64, 65], label_0=51, label_1=66
    Val:  39 samples, 13 subjects [5, 6, 9, 21, 27, 37, 48, 51, 52, 53, 54, 56, 63], label_0=18, label_1=21
   Test:  39 samples, 13 subjects [2, 4, 25, 29, 32, 36, 42, 47, 49, 58, 59, 61, 62], label_0=18, label_1=21
  Building window datasets...
    WindowDataset: 17241 windows (class_0=2927, class_1=14314)
    WindowDataset: 2090 windows (class_0=1034, class_1=1056)
    WindowDataset: 2090 windows (class_0=1010, class_1=1080)
[LaBraM] Loaded 219/221 params from weights/labram-base/model.safetensors
[LaBraM] Missing: ['fc_norm.weight', 'fc_norm.bias']
  Fold 2 | Ep   1/50 | t_loss=0.1736 t_acc=0.697 | v_win_bal=0.550 v_rec_bal=0.508 | lr=3.3e-06 | 23.4s
  Fold 2 | Ep   2/50 | t_loss=0.1690 t_acc=0.690 | v_win_bal=0.571 v_rec_bal=0.548 | lr=6.7e-06 | 23.1s
  Fold 2 | Ep   3/50 | t_loss=0.1565 t_acc=0.720 | v_win_bal=0.624 v_rec_bal=0.687 | lr=1.0e-05 | 22.7s
  Fold 2 | Ep   4/50 | t_loss=0.1085 t_acc=0.804 | v_win_bal=0.567 v_rec_bal=0.571 | lr=1.0e-05 | 23.0s
  Fold 2 | Ep   5/50 | t_loss=0.0802 t_acc=0.846 | v_win_bal=0.537 v_rec_bal=0.536 | lr=1.0e-05 | 22.8s
  Fold 2 | Ep   6/50 | t_loss=0.0706 t_acc=0.873 | v_win_bal=0.539 v_rec_bal=0.567 | lr=9.9e-06 | 22.9s
  Fold 2 | Ep   7/50 | t_loss=0.0632 t_acc=0.888 | v_win_bal=0.523 v_rec_bal=0.484 | lr=9.8e-06 | 22.6s
  Fold 2 | Ep   8/50 | t_loss=0.0571 t_acc=0.907 | v_win_bal=0.512 v_rec_bal=0.500 | lr=9.7e-06 | 23.5s
  Fold 2 | Ep   9/50 | t_loss=0.0519 t_acc=0.918 | v_win_bal=0.503 v_rec_bal=0.516 | lr=9.6e-06 | 23.4s
  Fold 2 | Ep  10/50 | t_loss=0.0472 t_acc=0.930 | v_win_bal=0.511 v_rec_bal=0.476 | lr=9.5e-06 | 22.9s
  Fold 2 | Ep  11/50 | t_loss=0.0431 t_acc=0.939 | v_win_bal=0.502 v_rec_bal=0.496 | lr=9.3e-06 | 23.1s
  Fold 2 | Ep  12/50 | t_loss=0.0381 t_acc=0.947 | v_win_bal=0.506 v_rec_bal=0.492 | lr=9.1e-06 | 23.1s
  Fold 2 | Ep  13/50 | t_loss=0.0347 t_acc=0.953 | v_win_bal=0.509 v_rec_bal=0.492 | lr=8.9e-06 | 23.6s
  Fold 2 | Ep  14/50 | t_loss=0.0301 t_acc=0.960 | v_win_bal=0.499 v_rec_bal=0.516 | lr=8.7e-06 | 23.7s
  Fold 2 | Ep  15/50 | t_loss=0.0268 t_acc=0.966 | v_win_bal=0.498 v_rec_bal=0.516 | lr=8.5e-06 | 23.1s
  Fold 2 | Ep  16/50 | t_loss=0.0243 t_acc=0.971 | v_win_bal=0.507 v_rec_bal=0.444 | lr=8.2e-06 | 23.0s
  Fold 2 | Ep  17/50 | t_loss=0.0229 t_acc=0.976 | v_win_bal=0.495 v_rec_bal=0.444 | lr=8.0e-06 | 23.0s
  Fold 2 | Ep  18/50 | t_loss=0.0192 t_acc=0.981 | v_win_bal=0.486 v_rec_bal=0.488 | lr=7.7e-06 | 22.9s
  Fold 2 | Ep  19/50 | t_loss=0.0168 t_acc=0.983 | v_win_bal=0.507 v_rec_bal=0.444 | lr=7.4e-06 | 22.8s
  Early stop at epoch 19
  -> Test (best @ epoch 3): acc=0.5385, bal_acc=0.5595

============================================================
Fold 3/5
============================================================
  Train: 117 samples, 39 subjects [1, 2, 4, 6, 8, 11, 12, 13, 14, 15, 17, 18, 19, 20, 21, 22, 23, 26, 28, 29, 30, 31, 32, 33, 37, 40, 42, 43, 44, 45, 47, 49, 50, 51, 53, 54, 58, 60, 63], label_0=54, label_1=63
    Val:  39 samples, 13 subjects [5, 9, 25, 27, 34, 35, 36, 55, 56, 59, 61, 62, 64], label_0=18, label_1=21
   Test:  39 samples, 13 subjects [3, 7, 10, 16, 24, 38, 39, 41, 46, 48, 52, 57, 65], label_0=15, label_1=24
  Building window datasets...
    WindowDataset: 16494 windows (class_0=3019, class_1=13475)
    WindowDataset: 2112 windows (class_0=1008, class_1=1104)
    WindowDataset: 2188 windows (class_0=944, class_1=1244)
[LaBraM] Loaded 219/221 params from weights/labram-base/model.safetensors
[LaBraM] Missing: ['fc_norm.weight', 'fc_norm.bias']
  Fold 3 | Ep   1/50 | t_loss=0.1766 t_acc=0.346 | v_win_bal=0.605 v_rec_bal=0.718 | lr=3.3e-06 | 22.0s
  Fold 3 | Ep   2/50 | t_loss=0.1657 t_acc=0.615 | v_win_bal=0.611 v_rec_bal=0.611 | lr=6.7e-06 | 22.3s
  Fold 3 | Ep   3/50 | t_loss=0.1434 t_acc=0.701 | v_win_bal=0.677 v_rec_bal=0.690 | lr=1.0e-05 | 22.2s
  Fold 3 | Ep   4/50 | t_loss=0.0967 t_acc=0.817 | v_win_bal=0.667 v_rec_bal=0.667 | lr=1.0e-05 | 22.7s
  Fold 3 | Ep   5/50 | t_loss=0.0776 t_acc=0.862 | v_win_bal=0.645 v_rec_bal=0.635 | lr=1.0e-05 | 22.6s
  Fold 3 | Ep   6/50 | t_loss=0.0668 t_acc=0.884 | v_win_bal=0.663 v_rec_bal=0.690 | lr=9.9e-06 | 22.7s
  Fold 3 | Ep   7/50 | t_loss=0.0608 t_acc=0.898 | v_win_bal=0.661 v_rec_bal=0.679 | lr=9.8e-06 | 22.5s
  Fold 3 | Ep   8/50 | t_loss=0.0550 t_acc=0.908 | v_win_bal=0.676 v_rec_bal=0.635 | lr=9.7e-06 | 22.6s
  Fold 3 | Ep   9/50 | t_loss=0.0500 t_acc=0.921 | v_win_bal=0.686 v_rec_bal=0.706 | lr=9.6e-06 | 22.6s
  Fold 3 | Ep  10/50 | t_loss=0.0459 t_acc=0.931 | v_win_bal=0.664 v_rec_bal=0.679 | lr=9.5e-06 | 22.2s
  Fold 3 | Ep  11/50 | t_loss=0.0427 t_acc=0.940 | v_win_bal=0.679 v_rec_bal=0.679 | lr=9.3e-06 | 22.7s
  Fold 3 | Ep  12/50 | t_loss=0.0371 t_acc=0.948 | v_win_bal=0.683 v_rec_bal=0.683 | lr=9.1e-06 | 22.5s
  Fold 3 | Ep  13/50 | t_loss=0.0360 t_acc=0.955 | v_win_bal=0.671 v_rec_bal=0.714 | lr=8.9e-06 | 22.6s
  Fold 3 | Ep  14/50 | t_loss=0.0309 t_acc=0.962 | v_win_bal=0.669 v_rec_bal=0.698 | lr=8.7e-06 | 22.2s
  Fold 3 | Ep  15/50 | t_loss=0.0280 t_acc=0.967 | v_win_bal=0.671 v_rec_bal=0.714 | lr=8.5e-06 | 22.6s
  Fold 3 | Ep  16/50 | t_loss=0.0266 t_acc=0.970 | v_win_bal=0.668 v_rec_bal=0.714 | lr=8.2e-06 | 22.9s
  Early stop at epoch 16
  -> Test (best @ epoch 1): acc=0.5385, bal_acc=0.5125

============================================================
Fold 4/5
============================================================
  Train: 117 samples, 39 subjects [1, 2, 5, 7, 8, 10, 11, 12, 13, 16, 17, 18, 19, 23, 24, 26, 27, 29, 32, 35, 36, 38, 39, 40, 42, 43, 44, 45, 46, 47, 49, 52, 57, 58, 60, 61, 62, 63, 65], label_0=51, label_1=66
    Val:  39 samples, 13 subjects [3, 4, 20, 25, 34, 37, 41, 48, 50, 53, 54, 56, 59], label_0=18, label_1=21
   Test:  39 samples, 13 subjects [6, 9, 14, 15, 21, 22, 28, 30, 31, 33, 51, 55, 64], label_0=18, label_1=21
  Building window datasets...
    WindowDataset: 17310 windows (class_0=2912, class_1=14398)
    WindowDataset: 2068 windows (class_0=1006, class_1=1062)
    WindowDataset: 2106 windows (class_0=1053, class_1=1053)
[LaBraM] Loaded 219/221 params from weights/labram-base/model.safetensors
[LaBraM] Missing: ['fc_norm.weight', 'fc_norm.bias']
  Fold 4 | Ep   1/50 | t_loss=0.1738 t_acc=0.623 | v_win_bal=0.588 v_rec_bal=0.643 | lr=3.3e-06 | 23.9s
  Fold 4 | Ep   2/50 | t_loss=0.1625 t_acc=0.622 | v_win_bal=0.581 v_rec_bal=0.663 | lr=6.7e-06 | 24.2s
  Fold 4 | Ep   3/50 | t_loss=0.1340 t_acc=0.720 | v_win_bal=0.566 v_rec_bal=0.595 | lr=1.0e-05 | 24.1s
  Fold 4 | Ep   4/50 | t_loss=0.0855 t_acc=0.836 | v_win_bal=0.572 v_rec_bal=0.571 | lr=1.0e-05 | 25.7s
  Fold 4 | Ep   5/50 | t_loss=0.0718 t_acc=0.864 | v_win_bal=0.562 v_rec_bal=0.571 | lr=1.0e-05 | 25.1s
  Fold 4 | Ep   6/50 | t_loss=0.0646 t_acc=0.886 | v_win_bal=0.580 v_rec_bal=0.571 | lr=9.9e-06 | 26.7s
  Fold 4 | Ep   7/50 | t_loss=0.0582 t_acc=0.904 | v_win_bal=0.560 v_rec_bal=0.571 | lr=9.8e-06 | 25.7s
  Fold 4 | Ep   8/50 | t_loss=0.0529 t_acc=0.920 | v_win_bal=0.563 v_rec_bal=0.532 | lr=9.7e-06 | 25.3s
  Fold 4 | Ep   9/50 | t_loss=0.0483 t_acc=0.930 | v_win_bal=0.555 v_rec_bal=0.591 | lr=9.6e-06 | 24.3s
  Fold 4 | Ep  10/50 | t_loss=0.0445 t_acc=0.942 | v_win_bal=0.555 v_rec_bal=0.524 | lr=9.5e-06 | 24.5s
  Fold 4 | Ep  11/50 | t_loss=0.0416 t_acc=0.948 | v_win_bal=0.543 v_rec_bal=0.504 | lr=9.3e-06 | 24.2s
  Fold 4 | Ep  12/50 | t_loss=0.0372 t_acc=0.956 | v_win_bal=0.548 v_rec_bal=0.500 | lr=9.1e-06 | 24.5s
  Fold 4 | Ep  13/50 | t_loss=0.0351 t_acc=0.961 | v_win_bal=0.533 v_rec_bal=0.516 | lr=8.9e-06 | 24.8s
  Fold 4 | Ep  14/50 | t_loss=0.0326 t_acc=0.966 | v_win_bal=0.506 v_rec_bal=0.405 | lr=8.7e-06 | 24.6s
  Fold 4 | Ep  15/50 | t_loss=0.0284 t_acc=0.972 | v_win_bal=0.528 v_rec_bal=0.516 | lr=8.5e-06 | 25.5s
  Fold 4 | Ep  16/50 | t_loss=0.0270 t_acc=0.976 | v_win_bal=0.517 v_rec_bal=0.456 | lr=8.2e-06 | 25.5s
  Fold 4 | Ep  17/50 | t_loss=0.0250 t_acc=0.979 | v_win_bal=0.508 v_rec_bal=0.456 | lr=8.0e-06 | 25.9s
  Early stop at epoch 17
  -> Test (best @ epoch 2): acc=0.4872, bal_acc=0.5000

============================================================
Fold 5/5
============================================================
  Train: 117 samples, 39 subjects [2, 3, 4, 6, 9, 10, 14, 15, 16, 17, 18, 21, 23, 24, 25, 27, 29, 31, 32, 34, 38, 39, 40, 42, 43, 46, 47, 48, 49, 50, 51, 52, 54, 55, 56, 57, 58, 61, 64], label_0=51, label_1=66
    Val:  39 samples, 13 subjects [5, 7, 22, 28, 30, 33, 36, 41, 59, 60, 62, 63, 65], label_0=18, label_1=21
   Test:  39 samples, 13 subjects [1, 8, 11, 12, 13, 19, 20, 26, 35, 37, 44, 45, 53], label_0=18, label_1=21
  Building window datasets...
    WindowDataset: 16811 windows (class_0=3045, class_1=13766)
    WindowDataset: 2067 windows (class_0=967, class_1=1100)
    WindowDataset: 2132 windows (class_0=959, class_1=1173)
[LaBraM] Loaded 219/221 params from weights/labram-base/model.safetensors
[LaBraM] Missing: ['fc_norm.weight', 'fc_norm.bias']
  Fold 5 | Ep   1/50 | t_loss=0.1724 t_acc=0.464 | v_win_bal=0.639 v_rec_bal=0.718 | lr=3.3e-06 | 24.9s
  Fold 5 | Ep   2/50 | t_loss=0.1629 t_acc=0.639 | v_win_bal=0.673 v_rec_bal=0.722 | lr=6.7e-06 | 25.0s
  Fold 5 | Ep   3/50 | t_loss=0.1472 t_acc=0.697 | v_win_bal=0.674 v_rec_bal=0.758 | lr=1.0e-05 | 24.9s
  Fold 5 | Ep   4/50 | t_loss=0.1100 t_acc=0.800 | v_win_bal=0.673 v_rec_bal=0.643 | lr=1.0e-05 | 24.9s
  Fold 5 | Ep   5/50 | t_loss=0.0794 t_acc=0.855 | v_win_bal=0.663 v_rec_bal=0.663 | lr=1.0e-05 | 25.0s
  Fold 5 | Ep   6/50 | t_loss=0.0662 t_acc=0.879 | v_win_bal=0.674 v_rec_bal=0.690 | lr=9.9e-06 | 25.2s
  Fold 5 | Ep   7/50 | t_loss=0.0570 t_acc=0.901 | v_win_bal=0.671 v_rec_bal=0.738 | lr=9.8e-06 | 24.7s
  Fold 5 | Ep   8/50 | t_loss=0.0506 t_acc=0.917 | v_win_bal=0.676 v_rec_bal=0.690 | lr=9.7e-06 | 25.3s
  Fold 5 | Ep   9/50 | t_loss=0.0456 t_acc=0.928 | v_win_bal=0.666 v_rec_bal=0.690 | lr=9.6e-06 | 26.8s
  Fold 5 | Ep  10/50 | t_loss=0.0406 t_acc=0.937 | v_win_bal=0.670 v_rec_bal=0.643 | lr=9.5e-06 | 24.8s
  Fold 5 | Ep  11/50 | t_loss=0.0352 t_acc=0.948 | v_win_bal=0.657 v_rec_bal=0.659 | lr=9.3e-06 | 24.9s
  Fold 5 | Ep  12/50 | t_loss=0.0313 t_acc=0.955 | v_win_bal=0.647 v_rec_bal=0.679 | lr=9.1e-06 | 24.4s
  Fold 5 | Ep  13/50 | t_loss=0.0268 t_acc=0.964 | v_win_bal=0.644 v_rec_bal=0.655 | lr=8.9e-06 | 25.2s
  Fold 5 | Ep  14/50 | t_loss=0.0230 t_acc=0.971 | v_win_bal=0.646 v_rec_bal=0.631 | lr=8.7e-06 | 25.1s
  Fold 5 | Ep  15/50 | t_loss=0.0211 t_acc=0.976 | v_win_bal=0.648 v_rec_bal=0.659 | lr=8.5e-06 | 25.0s
  Fold 5 | Ep  16/50 | t_loss=0.0201 t_acc=0.979 | v_win_bal=0.641 v_rec_bal=0.651 | lr=8.2e-06 | 25.3s
  Fold 5 | Ep  17/50 | t_loss=0.0162 t_acc=0.984 | v_win_bal=0.624 v_rec_bal=0.647 | lr=8.0e-06 | 24.9s
  Fold 5 | Ep  18/50 | t_loss=0.0152 t_acc=0.987 | v_win_bal=0.656 v_rec_bal=0.631 | lr=7.7e-06 | 25.1s
  Early stop at epoch 18
  -> Test (best @ epoch 3): acc=0.4872, bal_acc=0.5079

============================================================
Global Results (5-Fold, subject-level CV)
Mode: FT | Extractor: labram | Loss: focal
============================================================
              acc: 0.5487
          bal_acc: 0.5658
               f1: 0.5396
            kappa: 0.1259
  Total predictions: 195 (should equal dataset size: 195)

Results saved to results/studies/exp27_paired_null/adftd/perm_s11/
