/raid/jupyter-linjimmy1003.md10/.conda/envs/stress/lib/python3.11/site-packages/timm/models/layers/__init__.py:49: FutureWarning: Importing from timm.models.layers is deprecated, please import via timm.layers
  warnings.warn(f"Importing from {__name__} is deprecated, please import via timm.layers", FutureWarning)
Mode: FT | Extractor: labram | Folds: 5
LR: 1e-05 | WD: 0.05 | Beta2: 0.999 | Grad clip: 2.0
Head: hidden=128, dropout=0.0 | Norm: zscore | Loss: focal
Full FT: encoder_lr_scale=0.1
Augmentation: 75% overlap for increase class

Results → results/studies/exp27_paired_null/adftd/perm_s0/
ADFTD: 195 recordings from 65 subjects (AD=108, HC=87), 3 splits/subject
ADFTD: 195 recordings, 65 subjects (AD=108, HC=87)
[permute-labels] Subject-level shuffle with rng seed 0 over 65 subjects. Class balance preserved: 108 pos / 87 neg

============================================================
Fold 1/5
============================================================
  Train: 117 samples, 39 subjects [1, 2, 4, 5, 6, 8, 9, 10, 11, 12, 13, 14, 15, 16, 19, 20, 21, 24, 25, 26, 30, 31, 32, 33, 36, 37, 39, 41, 42, 46, 47, 48, 51, 52, 57, 58, 61, 62, 64], label_0=51, label_1=66
    Val:  39 samples, 13 subjects [3, 7, 22, 28, 29, 35, 38, 44, 53, 55, 59, 63, 65], label_0=18, label_1=21
   Test:  39 samples, 13 subjects [17, 18, 23, 27, 34, 40, 43, 45, 49, 50, 54, 56, 60], label_0=18, label_1=21
  Building window datasets...
    WindowDataset: 17008 windows (class_0=2926, class_1=14082)
    WindowDataset: 2013 windows (class_0=973, class_1=1040)
    WindowDataset: 2226 windows (class_0=980, class_1=1246)
[LaBraM] Loaded 219/221 params from weights/labram-base/model.safetensors
[LaBraM] Missing: ['fc_norm.weight', 'fc_norm.bias']
  Trainable parameters: 5,871,779
  Class weights: [2.9063568115234375, 0.6038914918899536]
  Fold 1 | Ep   1/50 | t_loss=0.1861 t_acc=0.305 | v_win_bal=0.493 v_rec_bal=0.579 | lr=3.3e-06 | 26.6s
  Fold 1 | Ep   2/50 | t_loss=0.1625 t_acc=0.705 | v_win_bal=0.529 v_rec_bal=0.567 | lr=6.7e-06 | 22.9s
  Fold 1 | Ep   3/50 | t_loss=0.1428 t_acc=0.741 | v_win_bal=0.545 v_rec_bal=0.567 | lr=1.0e-05 | 22.2s
  Fold 1 | Ep   4/50 | t_loss=0.1227 t_acc=0.796 | v_win_bal=0.536 v_rec_bal=0.563 | lr=1.0e-05 | 23.1s
  Fold 1 | Ep   5/50 | t_loss=0.1037 t_acc=0.837 | v_win_bal=0.526 v_rec_bal=0.456 | lr=1.0e-05 | 22.3s
  Fold 1 | Ep   6/50 | t_loss=0.0900 t_acc=0.864 | v_win_bal=0.523 v_rec_bal=0.484 | lr=9.9e-06 | 22.2s
  Fold 1 | Ep   7/50 | t_loss=0.0795 t_acc=0.879 | v_win_bal=0.528 v_rec_bal=0.456 | lr=9.8e-06 | 22.5s
  Fold 1 | Ep   8/50 | t_loss=0.0695 t_acc=0.896 | v_win_bal=0.537 v_rec_bal=0.484 | lr=9.7e-06 | 23.1s
  Fold 1 | Ep   9/50 | t_loss=0.0613 t_acc=0.911 | v_win_bal=0.537 v_rec_bal=0.544 | lr=9.6e-06 | 24.0s
  Fold 1 | Ep  10/50 | t_loss=0.0539 t_acc=0.925 | v_win_bal=0.535 v_rec_bal=0.456 | lr=9.5e-06 | 22.3s
  Fold 1 | Ep  11/50 | t_loss=0.0479 t_acc=0.933 | v_win_bal=0.528 v_rec_bal=0.496 | lr=9.3e-06 | 22.4s
  Fold 1 | Ep  12/50 | t_loss=0.0427 t_acc=0.943 | v_win_bal=0.534 v_rec_bal=0.456 | lr=9.1e-06 | 22.6s
  Fold 1 | Ep  13/50 | t_loss=0.0379 t_acc=0.953 | v_win_bal=0.537 v_rec_bal=0.480 | lr=8.9e-06 | 23.4s
  Fold 1 | Ep  14/50 | t_loss=0.0345 t_acc=0.958 | v_win_bal=0.534 v_rec_bal=0.433 | lr=8.7e-06 | 22.6s
  Fold 1 | Ep  15/50 | t_loss=0.0301 t_acc=0.966 | v_win_bal=0.537 v_rec_bal=0.480 | lr=8.5e-06 | 21.7s
  Fold 1 | Ep  16/50 | t_loss=0.0280 t_acc=0.972 | v_win_bal=0.534 v_rec_bal=0.476 | lr=8.2e-06 | 22.0s
  Early stop at epoch 16
  -> Test (best @ epoch 1): acc=0.5897, bal_acc=0.5794

============================================================
Fold 2/5
============================================================
  Train: 117 samples, 39 subjects [2, 3, 5, 9, 10, 11, 12, 13, 14, 16, 17, 18, 21, 23, 27, 29, 31, 33, 34, 35, 37, 38, 39, 40, 43, 44, 45, 46, 49, 51, 52, 54, 55, 56, 57, 58, 59, 64, 65], label_0=51, label_1=66
    Val:  39 samples, 13 subjects [1, 4, 6, 8, 24, 26, 28, 30, 32, 48, 50, 53, 60], label_0=18, label_1=21
   Test:  39 samples, 13 subjects [7, 15, 19, 20, 22, 25, 36, 41, 42, 47, 61, 62, 63], label_0=18, label_1=21
  Building window datasets...
    WindowDataset: 17236 windows (class_0=2894, class_1=14342)
    WindowDataset: 2004 windows (class_0=973, class_1=1031)
    WindowDataset: 2202 windows (class_0=1012, class_1=1190)
[LaBraM] Loaded 219/221 params from weights/labram-base/model.safetensors
[LaBraM] Missing: ['fc_norm.weight', 'fc_norm.bias']
  Fold 2 | Ep   1/50 | t_loss=0.1729 t_acc=0.757 | v_win_bal=0.575 v_rec_bal=0.587 | lr=3.3e-06 | 24.3s
  Fold 2 | Ep   2/50 | t_loss=0.1650 t_acc=0.657 | v_win_bal=0.636 v_rec_bal=0.726 | lr=6.7e-06 | 23.3s
  Fold 2 | Ep   3/50 | t_loss=0.1433 t_acc=0.722 | v_win_bal=0.589 v_rec_bal=0.663 | lr=1.0e-05 | 23.9s
  Fold 2 | Ep   4/50 | t_loss=0.0997 t_acc=0.809 | v_win_bal=0.561 v_rec_bal=0.587 | lr=1.0e-05 | 23.2s
  Fold 2 | Ep   5/50 | t_loss=0.0797 t_acc=0.836 | v_win_bal=0.565 v_rec_bal=0.683 | lr=1.0e-05 | 24.1s
  Fold 2 | Ep   6/50 | t_loss=0.0717 t_acc=0.855 | v_win_bal=0.557 v_rec_bal=0.627 | lr=9.9e-06 | 23.3s
  Fold 2 | Ep   7/50 | t_loss=0.0649 t_acc=0.875 | v_win_bal=0.579 v_rec_bal=0.742 | lr=9.8e-06 | 23.6s
  Fold 2 | Ep   8/50 | t_loss=0.0586 t_acc=0.893 | v_win_bal=0.582 v_rec_bal=0.786 | lr=9.7e-06 | 23.5s
  Fold 2 | Ep   9/50 | t_loss=0.0524 t_acc=0.911 | v_win_bal=0.567 v_rec_bal=0.754 | lr=9.6e-06 | 24.5s
  Fold 2 | Ep  10/50 | t_loss=0.0479 t_acc=0.924 | v_win_bal=0.572 v_rec_bal=0.587 | lr=9.5e-06 | 23.1s
  Fold 2 | Ep  11/50 | t_loss=0.0430 t_acc=0.935 | v_win_bal=0.580 v_rec_bal=0.615 | lr=9.3e-06 | 23.6s
  Fold 2 | Ep  12/50 | t_loss=0.0383 t_acc=0.947 | v_win_bal=0.581 v_rec_bal=0.532 | lr=9.1e-06 | 23.3s
  Fold 2 | Ep  13/50 | t_loss=0.0335 t_acc=0.954 | v_win_bal=0.569 v_rec_bal=0.587 | lr=8.9e-06 | 22.8s
  Fold 2 | Ep  14/50 | t_loss=0.0298 t_acc=0.963 | v_win_bal=0.579 v_rec_bal=0.611 | lr=8.7e-06 | 23.3s
  Fold 2 | Ep  15/50 | t_loss=0.0281 t_acc=0.967 | v_win_bal=0.563 v_rec_bal=0.560 | lr=8.5e-06 | 23.2s
  Fold 2 | Ep  16/50 | t_loss=0.0228 t_acc=0.973 | v_win_bal=0.590 v_rec_bal=0.583 | lr=8.2e-06 | 24.4s
  Fold 2 | Ep  17/50 | t_loss=0.0208 t_acc=0.978 | v_win_bal=0.582 v_rec_bal=0.591 | lr=8.0e-06 | 23.4s
  Fold 2 | Ep  18/50 | t_loss=0.0188 t_acc=0.981 | v_win_bal=0.581 v_rec_bal=0.583 | lr=7.7e-06 | 23.4s
  Fold 2 | Ep  19/50 | t_loss=0.0153 t_acc=0.986 | v_win_bal=0.569 v_rec_bal=0.556 | lr=7.4e-06 | 24.3s
  Fold 2 | Ep  20/50 | t_loss=0.0139 t_acc=0.988 | v_win_bal=0.566 v_rec_bal=0.528 | lr=7.1e-06 | 24.8s
  Fold 2 | Ep  21/50 | t_loss=0.0116 t_acc=0.991 | v_win_bal=0.564 v_rec_bal=0.500 | lr=6.8e-06 | 25.4s
  Fold 2 | Ep  22/50 | t_loss=0.0097 t_acc=0.993 | v_win_bal=0.578 v_rec_bal=0.556 | lr=6.5e-06 | 24.5s
  Fold 2 | Ep  23/50 | t_loss=0.0068 t_acc=0.995 | v_win_bal=0.561 v_rec_bal=0.528 | lr=6.2e-06 | 24.5s
  Fold 2 | Ep  24/50 | t_loss=0.0071 t_acc=0.996 | v_win_bal=0.567 v_rec_bal=0.556 | lr=5.8e-06 | 25.3s
  Early stop at epoch 24
  -> Test (best @ epoch 8): acc=0.4615, bal_acc=0.4762

============================================================
Fold 3/5
============================================================
  Train: 117 samples, 39 subjects [4, 5, 6, 7, 8, 11, 13, 14, 15, 17, 18, 19, 20, 21, 22, 23, 28, 30, 34, 35, 36, 37, 39, 41, 43, 44, 45, 46, 47, 48, 49, 50, 51, 55, 57, 60, 61, 63, 65], label_0=54, label_1=63
    Val:  39 samples, 13 subjects [2, 9, 25, 27, 29, 32, 33, 40, 42, 53, 54, 56, 62], label_0=18, label_1=21
   Test:  39 samples, 13 subjects [1, 3, 10, 12, 16, 24, 26, 31, 38, 52, 58, 59, 64], label_0=15, label_1=24
  Building window datasets...
    WindowDataset: 16600 windows (class_0=2961, class_1=13639)
    WindowDataset: 2128 windows (class_0=959, class_1=1169)
    WindowDataset: 2189 windows (class_0=959, class_1=1230)
[LaBraM] Loaded 219/221 params from weights/labram-base/model.safetensors
[LaBraM] Missing: ['fc_norm.weight', 'fc_norm.bias']
  Fold 3 | Ep   1/50 | t_loss=0.1708 t_acc=0.444 | v_win_bal=0.545 v_rec_bal=0.587 | lr=3.3e-06 | 22.7s
  Fold 3 | Ep   2/50 | t_loss=0.1621 t_acc=0.633 | v_win_bal=0.558 v_rec_bal=0.496 | lr=6.7e-06 | 22.3s
  Fold 3 | Ep   3/50 | t_loss=0.1364 t_acc=0.734 | v_win_bal=0.555 v_rec_bal=0.563 | lr=1.0e-05 | 22.4s
  Fold 3 | Ep   4/50 | t_loss=0.0933 t_acc=0.820 | v_win_bal=0.568 v_rec_bal=0.571 | lr=1.0e-05 | 23.1s
  Fold 3 | Ep   5/50 | t_loss=0.0817 t_acc=0.839 | v_win_bal=0.574 v_rec_bal=0.556 | lr=1.0e-05 | 23.0s
  Fold 3 | Ep   6/50 | t_loss=0.0763 t_acc=0.851 | v_win_bal=0.560 v_rec_bal=0.571 | lr=9.9e-06 | 23.1s
  Fold 3 | Ep   7/50 | t_loss=0.0722 t_acc=0.860 | v_win_bal=0.567 v_rec_bal=0.595 | lr=9.8e-06 | 23.2s
  Fold 3 | Ep   8/50 | t_loss=0.0675 t_acc=0.870 | v_win_bal=0.575 v_rec_bal=0.583 | lr=9.7e-06 | 23.2s
  Fold 3 | Ep   9/50 | t_loss=0.0633 t_acc=0.883 | v_win_bal=0.577 v_rec_bal=0.583 | lr=9.6e-06 | 23.4s
  Fold 3 | Ep  10/50 | t_loss=0.0584 t_acc=0.892 | v_win_bal=0.574 v_rec_bal=0.631 | lr=9.5e-06 | 23.9s
  Fold 3 | Ep  11/50 | t_loss=0.0551 t_acc=0.906 | v_win_bal=0.568 v_rec_bal=0.587 | lr=9.3e-06 | 23.9s
  Fold 3 | Ep  12/50 | t_loss=0.0521 t_acc=0.914 | v_win_bal=0.570 v_rec_bal=0.595 | lr=9.1e-06 | 23.2s
  Fold 3 | Ep  13/50 | t_loss=0.0461 t_acc=0.924 | v_win_bal=0.569 v_rec_bal=0.563 | lr=8.9e-06 | 22.7s
  Fold 3 | Ep  14/50 | t_loss=0.0430 t_acc=0.933 | v_win_bal=0.571 v_rec_bal=0.560 | lr=8.7e-06 | 22.7s
  Fold 3 | Ep  15/50 | t_loss=0.0382 t_acc=0.943 | v_win_bal=0.574 v_rec_bal=0.587 | lr=8.5e-06 | 22.2s
  Fold 3 | Ep  16/50 | t_loss=0.0355 t_acc=0.949 | v_win_bal=0.563 v_rec_bal=0.595 | lr=8.2e-06 | 22.5s
  Fold 3 | Ep  17/50 | t_loss=0.0315 t_acc=0.957 | v_win_bal=0.565 v_rec_bal=0.603 | lr=8.0e-06 | 22.2s
  Fold 3 | Ep  18/50 | t_loss=0.0291 t_acc=0.961 | v_win_bal=0.564 v_rec_bal=0.651 | lr=7.7e-06 | 23.3s
  Fold 3 | Ep  19/50 | t_loss=0.0254 t_acc=0.968 | v_win_bal=0.557 v_rec_bal=0.567 | lr=7.4e-06 | 23.0s
  Fold 3 | Ep  20/50 | t_loss=0.0230 t_acc=0.972 | v_win_bal=0.575 v_rec_bal=0.631 | lr=7.1e-06 | 22.2s
  Fold 3 | Ep  21/50 | t_loss=0.0213 t_acc=0.977 | v_win_bal=0.563 v_rec_bal=0.567 | lr=6.8e-06 | 22.9s
  Fold 3 | Ep  22/50 | t_loss=0.0185 t_acc=0.982 | v_win_bal=0.564 v_rec_bal=0.587 | lr=6.5e-06 | 22.6s
  Fold 3 | Ep  23/50 | t_loss=0.0167 t_acc=0.983 | v_win_bal=0.557 v_rec_bal=0.512 | lr=6.2e-06 | 23.0s
  Fold 3 | Ep  24/50 | t_loss=0.0156 t_acc=0.987 | v_win_bal=0.566 v_rec_bal=0.567 | lr=5.8e-06 | 22.2s
  Fold 3 | Ep  25/50 | t_loss=0.0132 t_acc=0.989 | v_win_bal=0.571 v_rec_bal=0.567 | lr=5.5e-06 | 22.6s
  Fold 3 | Ep  26/50 | t_loss=0.0117 t_acc=0.990 | v_win_bal=0.563 v_rec_bal=0.563 | lr=5.2e-06 | 22.5s
  Fold 3 | Ep  27/50 | t_loss=0.0111 t_acc=0.992 | v_win_bal=0.562 v_rec_bal=0.516 | lr=4.8e-06 | 23.0s
  Fold 3 | Ep  28/50 | t_loss=0.0102 t_acc=0.993 | v_win_bal=0.563 v_rec_bal=0.567 | lr=4.5e-06 | 22.8s
  Fold 3 | Ep  29/50 | t_loss=0.0096 t_acc=0.995 | v_win_bal=0.564 v_rec_bal=0.540 | lr=4.2e-06 | 22.5s
  Fold 3 | Ep  30/50 | t_loss=0.0075 t_acc=0.995 | v_win_bal=0.558 v_rec_bal=0.560 | lr=3.8e-06 | 22.5s
  Fold 3 | Ep  31/50 | t_loss=0.0069 t_acc=0.996 | v_win_bal=0.561 v_rec_bal=0.540 | lr=3.5e-06 | 23.4s
  Fold 3 | Ep  32/50 | t_loss=0.0054 t_acc=0.997 | v_win_bal=0.567 v_rec_bal=0.595 | lr=3.2e-06 | 24.3s
  Fold 3 | Ep  33/50 | t_loss=0.0058 t_acc=0.997 | v_win_bal=0.567 v_rec_bal=0.512 | lr=2.9e-06 | 22.6s
  Early stop at epoch 33
  -> Test (best @ epoch 18): acc=0.4359, bal_acc=0.4917

============================================================
Fold 4/5
============================================================
  Train: 117 samples, 39 subjects [3, 7, 10, 11, 12, 15, 16, 17, 18, 19, 20, 21, 22, 24, 26, 29, 32, 34, 35, 36, 37, 38, 40, 41, 43, 44, 45, 47, 48, 50, 51, 52, 53, 56, 58, 60, 61, 63, 64], label_0=51, label_1=66
    Val:  39 samples, 13 subjects [1, 9, 23, 25, 27, 31, 42, 46, 49, 54, 59, 62, 65], label_0=18, label_1=21
   Test:  39 samples, 13 subjects [2, 4, 5, 6, 8, 13, 14, 28, 30, 33, 39, 55, 57], label_0=18, label_1=21
  Building window datasets...
    WindowDataset: 17145 windows (class_0=3003, class_1=14142)
    WindowDataset: 2134 windows (class_0=936, class_1=1198)
    WindowDataset: 2013 windows (class_0=940, class_1=1073)
[LaBraM] Loaded 219/221 params from weights/labram-base/model.safetensors
[LaBraM] Missing: ['fc_norm.weight', 'fc_norm.bias']
  Fold 4 | Ep   1/50 | t_loss=0.1747 t_acc=0.769 | v_win_bal=0.611 v_rec_bal=0.730 | lr=3.3e-06 | 23.6s
  Fold 4 | Ep   2/50 | t_loss=0.1659 t_acc=0.662 | v_win_bal=0.636 v_rec_bal=0.798 | lr=6.7e-06 | 25.8s
  Fold 4 | Ep   3/50 | t_loss=0.1540 t_acc=0.693 | v_win_bal=0.618 v_rec_bal=0.714 | lr=1.0e-05 | 23.4s
  Fold 4 | Ep   4/50 | t_loss=0.1067 t_acc=0.801 | v_win_bal=0.576 v_rec_bal=0.500 | lr=1.0e-05 | 24.6s
  Fold 4 | Ep   5/50 | t_loss=0.0835 t_acc=0.832 | v_win_bal=0.562 v_rec_bal=0.571 | lr=1.0e-05 | 23.6s
  Fold 4 | Ep   6/50 | t_loss=0.0743 t_acc=0.846 | v_win_bal=0.552 v_rec_bal=0.548 | lr=9.9e-06 | 24.2s
  Fold 4 | Ep   7/50 | t_loss=0.0676 t_acc=0.863 | v_win_bal=0.561 v_rec_bal=0.571 | lr=9.8e-06 | 23.8s
  Fold 4 | Ep   8/50 | t_loss=0.0630 t_acc=0.881 | v_win_bal=0.554 v_rec_bal=0.540 | lr=9.7e-06 | 23.9s
  Fold 4 | Ep   9/50 | t_loss=0.0570 t_acc=0.891 | v_win_bal=0.553 v_rec_bal=0.544 | lr=9.6e-06 | 24.6s
  Fold 4 | Ep  10/50 | t_loss=0.0515 t_acc=0.907 | v_win_bal=0.546 v_rec_bal=0.567 | lr=9.5e-06 | 24.3s
  Fold 4 | Ep  11/50 | t_loss=0.0458 t_acc=0.920 | v_win_bal=0.549 v_rec_bal=0.532 | lr=9.3e-06 | 24.7s
  Fold 4 | Ep  12/50 | t_loss=0.0415 t_acc=0.933 | v_win_bal=0.564 v_rec_bal=0.587 | lr=9.1e-06 | 24.3s
  Fold 4 | Ep  13/50 | t_loss=0.0382 t_acc=0.941 | v_win_bal=0.543 v_rec_bal=0.567 | lr=8.9e-06 | 24.4s
  Fold 4 | Ep  14/50 | t_loss=0.0337 t_acc=0.952 | v_win_bal=0.553 v_rec_bal=0.540 | lr=8.7e-06 | 23.8s
  Fold 4 | Ep  15/50 | t_loss=0.0298 t_acc=0.959 | v_win_bal=0.556 v_rec_bal=0.563 | lr=8.5e-06 | 24.4s
  Fold 4 | Ep  16/50 | t_loss=0.0262 t_acc=0.967 | v_win_bal=0.551 v_rec_bal=0.587 | lr=8.2e-06 | 23.7s
  Fold 4 | Ep  17/50 | t_loss=0.0237 t_acc=0.972 | v_win_bal=0.542 v_rec_bal=0.532 | lr=8.0e-06 | 23.2s
  Early stop at epoch 17
  -> Test (best @ epoch 2): acc=0.5641, bal_acc=0.5754

============================================================
Fold 5/5
============================================================
  Train: 117 samples, 39 subjects [2, 3, 4, 5, 7, 8, 10, 12, 13, 14, 15, 17, 18, 19, 20, 22, 24, 26, 27, 28, 30, 33, 34, 36, 38, 39, 40, 41, 42, 43, 49, 52, 54, 56, 57, 58, 59, 60, 63], label_0=51, label_1=66
    Val:  39 samples, 13 subjects [1, 6, 16, 23, 25, 31, 45, 47, 50, 55, 61, 62, 64], label_0=18, label_1=21
   Test:  39 samples, 13 subjects [9, 11, 21, 29, 32, 35, 37, 44, 46, 48, 51, 53, 65], label_0=18, label_1=21
  Building window datasets...
    WindowDataset: 17037 windows (class_0=2883, class_1=14154)
    WindowDataset: 2159 windows (class_0=1008, class_1=1151)
    WindowDataset: 2105 windows (class_0=988, class_1=1117)
[LaBraM] Loaded 219/221 params from weights/labram-base/model.safetensors
[LaBraM] Missing: ['fc_norm.weight', 'fc_norm.bias']
  Fold 5 | Ep   1/50 | t_loss=0.1746 t_acc=0.392 | v_win_bal=0.603 v_rec_bal=0.647 | lr=3.3e-06 | 23.8s
  Fold 5 | Ep   2/50 | t_loss=0.1629 t_acc=0.654 | v_win_bal=0.598 v_rec_bal=0.698 | lr=6.7e-06 | 23.6s
  Fold 5 | Ep   3/50 | t_loss=0.1423 t_acc=0.720 | v_win_bal=0.529 v_rec_bal=0.651 | lr=1.0e-05 | 23.2s
  Fold 5 | Ep   4/50 | t_loss=0.1089 t_acc=0.804 | v_win_bal=0.542 v_rec_bal=0.500 | lr=1.0e-05 | 23.4s
  Fold 5 | Ep   5/50 | t_loss=0.0810 t_acc=0.851 | v_win_bal=0.540 v_rec_bal=0.500 | lr=1.0e-05 | 22.7s
  Fold 5 | Ep   6/50 | t_loss=0.0692 t_acc=0.871 | v_win_bal=0.533 v_rec_bal=0.524 | lr=9.9e-06 | 23.3s
  Fold 5 | Ep   7/50 | t_loss=0.0626 t_acc=0.884 | v_win_bal=0.528 v_rec_bal=0.496 | lr=9.8e-06 | 22.8s
  Fold 5 | Ep   8/50 | t_loss=0.0560 t_acc=0.900 | v_win_bal=0.524 v_rec_bal=0.472 | lr=9.7e-06 | 23.5s
  Fold 5 | Ep   9/50 | t_loss=0.0518 t_acc=0.915 | v_win_bal=0.531 v_rec_bal=0.464 | lr=9.6e-06 | 23.0s
  Fold 5 | Ep  10/50 | t_loss=0.0464 t_acc=0.925 | v_win_bal=0.520 v_rec_bal=0.575 | lr=9.5e-06 | 23.3s
  Fold 5 | Ep  11/50 | t_loss=0.0423 t_acc=0.933 | v_win_bal=0.506 v_rec_bal=0.492 | lr=9.3e-06 | 23.1s
  Fold 5 | Ep  12/50 | t_loss=0.0384 t_acc=0.943 | v_win_bal=0.514 v_rec_bal=0.468 | lr=9.1e-06 | 22.8s
  Fold 5 | Ep  13/50 | t_loss=0.0340 t_acc=0.949 | v_win_bal=0.514 v_rec_bal=0.552 | lr=8.9e-06 | 22.7s
  Fold 5 | Ep  14/50 | t_loss=0.0304 t_acc=0.959 | v_win_bal=0.547 v_rec_bal=0.591 | lr=8.7e-06 | 22.8s
  Fold 5 | Ep  15/50 | t_loss=0.0269 t_acc=0.964 | v_win_bal=0.498 v_rec_bal=0.528 | lr=8.5e-06 | 24.3s
  Fold 5 | Ep  16/50 | t_loss=0.0251 t_acc=0.969 | v_win_bal=0.510 v_rec_bal=0.480 | lr=8.2e-06 | 23.5s
  Fold 5 | Ep  17/50 | t_loss=0.0212 t_acc=0.975 | v_win_bal=0.517 v_rec_bal=0.536 | lr=8.0e-06 | 23.3s
  Early stop at epoch 17
  -> Test (best @ epoch 2): acc=0.5385, bal_acc=0.5437

============================================================
Global Results (5-Fold, subject-level CV)
Mode: FT | Extractor: labram | Loss: focal
============================================================
              acc: 0.5179
          bal_acc: 0.5291
               f1: 0.5145
            kappa: 0.0562
  Total predictions: 195 (should equal dataset size: 195)

Results saved to results/studies/exp27_paired_null/adftd/perm_s0/
