/raid/jupyter-linjimmy1003.md10/.conda/envs/stress/lib/python3.11/site-packages/timm/models/layers/__init__.py:49: FutureWarning: Importing from timm.models.layers is deprecated, please import via timm.layers
  warnings.warn(f"Importing from {__name__} is deprecated, please import via timm.layers", FutureWarning)
Mode: FT | Extractor: labram | Folds: 5
LR: 1e-05 | WD: 0.05 | Beta2: 0.999 | Grad clip: 2.0
Head: hidden=128, dropout=0.0 | Norm: zscore | Loss: focal
Full FT: encoder_lr_scale=0.1
Augmentation: 75% overlap for increase class

Results → results/studies/exp27_paired_null/adftd/perm_s3/
ADFTD: 195 recordings from 65 subjects (AD=108, HC=87), 3 splits/subject
ADFTD: 195 recordings, 65 subjects (AD=108, HC=87)
[permute-labels] Subject-level shuffle with rng seed 3 over 65 subjects. Class balance preserved: 108 pos / 87 neg

============================================================
Fold 1/5
============================================================
  Train: 117 samples, 39 subjects [1, 2, 3, 4, 5, 6, 10, 11, 12, 13, 14, 15, 16, 17, 20, 21, 22, 24, 25, 29, 30, 31, 32, 33, 35, 36, 37, 38, 41, 42, 43, 46, 49, 55, 57, 59, 60, 64, 65], label_0=51, label_1=66
    Val:  39 samples, 13 subjects [9, 23, 26, 28, 39, 44, 45, 48, 51, 52, 53, 58, 61], label_0=18, label_1=21
   Test:  39 samples, 13 subjects [7, 8, 18, 19, 27, 34, 40, 47, 50, 54, 56, 62, 63], label_0=18, label_1=21
  Building window datasets...
    WindowDataset: 16951 windows (class_0=2749, class_1=14202)
    WindowDataset: 2144 windows (class_0=1031, class_1=1113)
    WindowDataset: 2242 windows (class_0=1056, class_1=1186)
[LaBraM] Loaded 219/221 params from weights/labram-base/model.safetensors
[LaBraM] Missing: ['fc_norm.weight', 'fc_norm.bias']
  Trainable parameters: 5,871,779
  Class weights: [3.0831210613250732, 0.5967821478843689]
  Fold 1 | Ep   1/50 | t_loss=0.1868 t_acc=0.327 | v_win_bal=0.521 v_rec_bal=0.516 | lr=3.3e-06 | 25.8s
  Fold 1 | Ep   2/50 | t_loss=0.1687 t_acc=0.638 | v_win_bal=0.517 v_rec_bal=0.611 | lr=6.7e-06 | 23.0s
  Fold 1 | Ep   3/50 | t_loss=0.1605 t_acc=0.672 | v_win_bal=0.530 v_rec_bal=0.611 | lr=1.0e-05 | 22.6s
  Fold 1 | Ep   4/50 | t_loss=0.1377 t_acc=0.739 | v_win_bal=0.514 v_rec_bal=0.520 | lr=1.0e-05 | 22.0s
  Fold 1 | Ep   5/50 | t_loss=0.1107 t_acc=0.812 | v_win_bal=0.519 v_rec_bal=0.544 | lr=1.0e-05 | 22.4s
  Fold 1 | Ep   6/50 | t_loss=0.0913 t_acc=0.848 | v_win_bal=0.497 v_rec_bal=0.468 | lr=9.9e-06 | 24.4s
  Fold 1 | Ep   7/50 | t_loss=0.0781 t_acc=0.860 | v_win_bal=0.489 v_rec_bal=0.504 | lr=9.8e-06 | 22.4s
  Fold 1 | Ep   8/50 | t_loss=0.0705 t_acc=0.875 | v_win_bal=0.481 v_rec_bal=0.385 | lr=9.7e-06 | 22.5s
  Fold 1 | Ep   9/50 | t_loss=0.0639 t_acc=0.887 | v_win_bal=0.477 v_rec_bal=0.381 | lr=9.6e-06 | 22.6s
  Fold 1 | Ep  10/50 | t_loss=0.0591 t_acc=0.900 | v_win_bal=0.473 v_rec_bal=0.357 | lr=9.5e-06 | 22.9s
  Fold 1 | Ep  11/50 | t_loss=0.0518 t_acc=0.913 | v_win_bal=0.474 v_rec_bal=0.357 | lr=9.3e-06 | 22.7s
  Fold 1 | Ep  12/50 | t_loss=0.0470 t_acc=0.926 | v_win_bal=0.464 v_rec_bal=0.369 | lr=9.1e-06 | 23.2s
  Fold 1 | Ep  13/50 | t_loss=0.0432 t_acc=0.935 | v_win_bal=0.471 v_rec_bal=0.429 | lr=8.9e-06 | 22.9s
  Fold 1 | Ep  14/50 | t_loss=0.0383 t_acc=0.945 | v_win_bal=0.467 v_rec_bal=0.425 | lr=8.7e-06 | 23.0s
  Fold 1 | Ep  15/50 | t_loss=0.0337 t_acc=0.951 | v_win_bal=0.469 v_rec_bal=0.401 | lr=8.5e-06 | 23.2s
  Fold 1 | Ep  16/50 | t_loss=0.0306 t_acc=0.961 | v_win_bal=0.457 v_rec_bal=0.337 | lr=8.2e-06 | 23.6s
  Fold 1 | Ep  17/50 | t_loss=0.0257 t_acc=0.969 | v_win_bal=0.464 v_rec_bal=0.429 | lr=8.0e-06 | 23.7s
  Fold 1 | Ep  18/50 | t_loss=0.0218 t_acc=0.973 | v_win_bal=0.472 v_rec_bal=0.444 | lr=7.7e-06 | 23.1s
  Fold 1 | Ep  19/50 | t_loss=0.0193 t_acc=0.979 | v_win_bal=0.463 v_rec_bal=0.417 | lr=7.4e-06 | 23.1s
  Early stop at epoch 19
  -> Test (best @ epoch 2): acc=0.5641, bal_acc=0.5675

============================================================
Fold 2/5
============================================================
  Train: 117 samples, 39 subjects [1, 3, 4, 6, 7, 9, 11, 12, 13, 14, 15, 16, 18, 19, 20, 21, 22, 24, 26, 28, 30, 31, 33, 35, 38, 39, 40, 42, 44, 45, 49, 50, 52, 54, 55, 56, 58, 59, 63], label_0=54, label_1=63
    Val:  39 samples, 13 subjects [5, 8, 27, 29, 34, 37, 46, 47, 48, 51, 53, 62, 65], label_0=15, label_1=24
   Test:  39 samples, 13 subjects [2, 10, 17, 23, 25, 32, 36, 41, 43, 57, 60, 61, 64], label_0=18, label_1=21
  Building window datasets...
    WindowDataset: 16125 windows (class_0=3026, class_1=13099)
    WindowDataset: 2170 windows (class_0=815, class_1=1355)
    WindowDataset: 2217 windows (class_0=995, class_1=1222)
[LaBraM] Loaded 219/221 params from weights/labram-base/model.safetensors
[LaBraM] Missing: ['fc_norm.weight', 'fc_norm.bias']
  Fold 2 | Ep   1/50 | t_loss=0.1745 t_acc=0.734 | v_win_bal=0.520 v_rec_bal=0.583 | lr=3.3e-06 | 23.0s
  Fold 2 | Ep   2/50 | t_loss=0.1690 t_acc=0.654 | v_win_bal=0.555 v_rec_bal=0.600 | lr=6.7e-06 | 23.0s
  Fold 2 | Ep   3/50 | t_loss=0.1509 t_acc=0.702 | v_win_bal=0.618 v_rec_bal=0.671 | lr=1.0e-05 | 23.4s
  Fold 2 | Ep   4/50 | t_loss=0.1002 t_acc=0.814 | v_win_bal=0.631 v_rec_bal=0.717 | lr=1.0e-05 | 23.3s
  Fold 2 | Ep   5/50 | t_loss=0.0785 t_acc=0.848 | v_win_bal=0.611 v_rec_bal=0.646 | lr=1.0e-05 | 23.1s
  Fold 2 | Ep   6/50 | t_loss=0.0691 t_acc=0.870 | v_win_bal=0.626 v_rec_bal=0.646 | lr=9.9e-06 | 22.3s
  Fold 2 | Ep   7/50 | t_loss=0.0623 t_acc=0.885 | v_win_bal=0.630 v_rec_bal=0.633 | lr=9.8e-06 | 22.4s
  Fold 2 | Ep   8/50 | t_loss=0.0567 t_acc=0.902 | v_win_bal=0.623 v_rec_bal=0.613 | lr=9.7e-06 | 23.5s
  Fold 2 | Ep   9/50 | t_loss=0.0516 t_acc=0.911 | v_win_bal=0.625 v_rec_bal=0.654 | lr=9.6e-06 | 22.7s
  Fold 2 | Ep  10/50 | t_loss=0.0462 t_acc=0.925 | v_win_bal=0.632 v_rec_bal=0.654 | lr=9.5e-06 | 22.1s
  Fold 2 | Ep  11/50 | t_loss=0.0418 t_acc=0.936 | v_win_bal=0.624 v_rec_bal=0.613 | lr=9.3e-06 | 23.0s
  Fold 2 | Ep  12/50 | t_loss=0.0369 t_acc=0.945 | v_win_bal=0.634 v_rec_bal=0.683 | lr=9.1e-06 | 22.9s
  Fold 2 | Ep  13/50 | t_loss=0.0336 t_acc=0.951 | v_win_bal=0.626 v_rec_bal=0.654 | lr=8.9e-06 | 22.5s
  Fold 2 | Ep  14/50 | t_loss=0.0294 t_acc=0.959 | v_win_bal=0.626 v_rec_bal=0.642 | lr=8.7e-06 | 22.5s
  Fold 2 | Ep  15/50 | t_loss=0.0261 t_acc=0.966 | v_win_bal=0.621 v_rec_bal=0.683 | lr=8.5e-06 | 23.3s
  Fold 2 | Ep  16/50 | t_loss=0.0249 t_acc=0.969 | v_win_bal=0.620 v_rec_bal=0.642 | lr=8.2e-06 | 23.2s
  Fold 2 | Ep  17/50 | t_loss=0.0200 t_acc=0.976 | v_win_bal=0.620 v_rec_bal=0.671 | lr=8.0e-06 | 23.4s
  Fold 2 | Ep  18/50 | t_loss=0.0173 t_acc=0.981 | v_win_bal=0.616 v_rec_bal=0.642 | lr=7.7e-06 | 23.4s
  Fold 2 | Ep  19/50 | t_loss=0.0163 t_acc=0.983 | v_win_bal=0.607 v_rec_bal=0.629 | lr=7.4e-06 | 23.1s
  Fold 2 | Ep  20/50 | t_loss=0.0150 t_acc=0.988 | v_win_bal=0.617 v_rec_bal=0.650 | lr=7.1e-06 | 23.3s
  Early stop at epoch 20
  -> Test (best @ epoch 4): acc=0.4359, bal_acc=0.4365

============================================================
Fold 3/5
============================================================
  Train: 117 samples, 39 subjects [2, 3, 8, 9, 10, 11, 12, 13, 14, 17, 18, 19, 20, 23, 25, 27, 28, 29, 32, 33, 34, 35, 36, 37, 38, 39, 40, 41, 43, 44, 46, 50, 53, 57, 59, 61, 63, 64, 65], label_0=51, label_1=66
    Val:  39 samples, 13 subjects [6, 7, 21, 26, 45, 47, 49, 52, 54, 55, 56, 60, 62], label_0=18, label_1=21
   Test:  39 samples, 13 subjects [1, 4, 5, 15, 16, 22, 24, 30, 31, 42, 48, 51, 58], label_0=18, label_1=21
  Building window datasets...
    WindowDataset: 16957 windows (class_0=2871, class_1=14086)
    WindowDataset: 2129 windows (class_0=1048, class_1=1081)
    WindowDataset: 2164 windows (class_0=917, class_1=1247)
[LaBraM] Loaded 219/221 params from weights/labram-base/model.safetensors
[LaBraM] Missing: ['fc_norm.weight', 'fc_norm.bias']
  Fold 3 | Ep   1/50 | t_loss=0.1929 t_acc=0.820 | v_win_bal=0.458 v_rec_bal=0.417 | lr=3.3e-06 | 24.3s
  Fold 3 | Ep   2/50 | t_loss=0.1653 t_acc=0.688 | v_win_bal=0.452 v_rec_bal=0.480 | lr=6.7e-06 | 24.1s
  Fold 3 | Ep   3/50 | t_loss=0.1412 t_acc=0.747 | v_win_bal=0.414 v_rec_bal=0.385 | lr=1.0e-05 | 24.2s
  Fold 3 | Ep   4/50 | t_loss=0.0901 t_acc=0.841 | v_win_bal=0.427 v_rec_bal=0.448 | lr=1.0e-05 | 24.1s
  Fold 3 | Ep   5/50 | t_loss=0.0724 t_acc=0.880 | v_win_bal=0.437 v_rec_bal=0.448 | lr=1.0e-05 | 23.9s
  Fold 3 | Ep   6/50 | t_loss=0.0628 t_acc=0.902 | v_win_bal=0.436 v_rec_bal=0.437 | lr=9.9e-06 | 24.3s
  Fold 3 | Ep   7/50 | t_loss=0.0568 t_acc=0.921 | v_win_bal=0.438 v_rec_bal=0.437 | lr=9.8e-06 | 24.0s
  Fold 3 | Ep   8/50 | t_loss=0.0491 t_acc=0.934 | v_win_bal=0.434 v_rec_bal=0.405 | lr=9.7e-06 | 24.8s
  Fold 3 | Ep   9/50 | t_loss=0.0440 t_acc=0.944 | v_win_bal=0.449 v_rec_bal=0.425 | lr=9.6e-06 | 23.7s
  Fold 3 | Ep  10/50 | t_loss=0.0408 t_acc=0.953 | v_win_bal=0.428 v_rec_bal=0.444 | lr=9.5e-06 | 24.0s
  Fold 3 | Ep  11/50 | t_loss=0.0355 t_acc=0.960 | v_win_bal=0.429 v_rec_bal=0.413 | lr=9.3e-06 | 23.9s
  Fold 3 | Ep  12/50 | t_loss=0.0314 t_acc=0.965 | v_win_bal=0.440 v_rec_bal=0.405 | lr=9.1e-06 | 24.2s
  Fold 3 | Ep  13/50 | t_loss=0.0307 t_acc=0.971 | v_win_bal=0.445 v_rec_bal=0.429 | lr=8.9e-06 | 23.9s
  Fold 3 | Ep  14/50 | t_loss=0.0276 t_acc=0.977 | v_win_bal=0.443 v_rec_bal=0.381 | lr=8.7e-06 | 23.8s
  Fold 3 | Ep  15/50 | t_loss=0.0247 t_acc=0.979 | v_win_bal=0.438 v_rec_bal=0.405 | lr=8.5e-06 | 22.8s
  Fold 3 | Ep  16/50 | t_loss=0.0213 t_acc=0.984 | v_win_bal=0.435 v_rec_bal=0.405 | lr=8.2e-06 | 22.4s
  Fold 3 | Ep  17/50 | t_loss=0.0202 t_acc=0.986 | v_win_bal=0.444 v_rec_bal=0.448 | lr=8.0e-06 | 22.3s
  Early stop at epoch 17
  -> Test (best @ epoch 2): acc=0.4359, bal_acc=0.4246

============================================================
Fold 4/5
============================================================
  Train: 117 samples, 39 subjects [2, 4, 7, 10, 11, 15, 16, 17, 18, 19, 21, 24, 25, 27, 28, 30, 32, 33, 34, 35, 36, 42, 43, 44, 47, 48, 50, 51, 53, 56, 57, 58, 59, 60, 61, 62, 63, 64, 65], label_0=54, label_1=63
    Val:  39 samples, 13 subjects [1, 5, 8, 22, 23, 26, 29, 31, 40, 41, 46, 49, 54], label_0=18, label_1=21
   Test:  39 samples, 13 subjects [3, 6, 9, 12, 13, 14, 20, 37, 38, 39, 45, 52, 55], label_0=15, label_1=24
  Building window datasets...
    WindowDataset: 16985 windows (class_0=2986, class_1=13999)
    WindowDataset: 2191 windows (class_0=987, class_1=1204)
    WindowDataset: 2011 windows (class_0=863, class_1=1148)
[LaBraM] Loaded 219/221 params from weights/labram-base/model.safetensors
[LaBraM] Missing: ['fc_norm.weight', 'fc_norm.bias']
  Fold 4 | Ep   1/50 | t_loss=0.1722 t_acc=0.461 | v_win_bal=0.477 v_rec_bal=0.476 | lr=3.3e-06 | 22.9s
  Fold 4 | Ep   2/50 | t_loss=0.1667 t_acc=0.633 | v_win_bal=0.422 v_rec_bal=0.385 | lr=6.7e-06 | 23.0s
  Fold 4 | Ep   3/50 | t_loss=0.1521 t_acc=0.690 | v_win_bal=0.434 v_rec_bal=0.369 | lr=1.0e-05 | 22.8s
  Fold 4 | Ep   4/50 | t_loss=0.1092 t_acc=0.804 | v_win_bal=0.482 v_rec_bal=0.496 | lr=1.0e-05 | 22.6s
  Fold 4 | Ep   5/50 | t_loss=0.0848 t_acc=0.837 | v_win_bal=0.475 v_rec_bal=0.440 | lr=1.0e-05 | 22.4s
  Fold 4 | Ep   6/50 | t_loss=0.0747 t_acc=0.858 | v_win_bal=0.482 v_rec_bal=0.468 | lr=9.9e-06 | 23.4s
  Fold 4 | Ep   7/50 | t_loss=0.0670 t_acc=0.878 | v_win_bal=0.489 v_rec_bal=0.500 | lr=9.8e-06 | 23.5s
  Fold 4 | Ep   8/50 | t_loss=0.0605 t_acc=0.895 | v_win_bal=0.486 v_rec_bal=0.492 | lr=9.7e-06 | 23.3s
  Fold 4 | Ep   9/50 | t_loss=0.0550 t_acc=0.910 | v_win_bal=0.496 v_rec_bal=0.500 | lr=9.6e-06 | 22.7s
  Fold 4 | Ep  10/50 | t_loss=0.0508 t_acc=0.922 | v_win_bal=0.482 v_rec_bal=0.425 | lr=9.5e-06 | 22.8s
  Fold 4 | Ep  11/50 | t_loss=0.0449 t_acc=0.935 | v_win_bal=0.480 v_rec_bal=0.413 | lr=9.3e-06 | 22.7s
  Fold 4 | Ep  12/50 | t_loss=0.0395 t_acc=0.946 | v_win_bal=0.475 v_rec_bal=0.437 | lr=9.1e-06 | 23.4s
  Fold 4 | Ep  13/50 | t_loss=0.0349 t_acc=0.951 | v_win_bal=0.481 v_rec_bal=0.448 | lr=8.9e-06 | 23.1s
  Fold 4 | Ep  14/50 | t_loss=0.0318 t_acc=0.962 | v_win_bal=0.475 v_rec_bal=0.425 | lr=8.7e-06 | 23.3s
  Fold 4 | Ep  15/50 | t_loss=0.0285 t_acc=0.966 | v_win_bal=0.471 v_rec_bal=0.409 | lr=8.5e-06 | 24.6s
  Fold 4 | Ep  16/50 | t_loss=0.0245 t_acc=0.975 | v_win_bal=0.476 v_rec_bal=0.484 | lr=8.2e-06 | 23.1s
  Fold 4 | Ep  17/50 | t_loss=0.0220 t_acc=0.979 | v_win_bal=0.478 v_rec_bal=0.440 | lr=8.0e-06 | 22.9s
  Fold 4 | Ep  18/50 | t_loss=0.0178 t_acc=0.983 | v_win_bal=0.471 v_rec_bal=0.433 | lr=7.7e-06 | 22.8s
  Fold 4 | Ep  19/50 | t_loss=0.0162 t_acc=0.987 | v_win_bal=0.472 v_rec_bal=0.464 | lr=7.4e-06 | 22.7s
  Fold 4 | Ep  20/50 | t_loss=0.0148 t_acc=0.989 | v_win_bal=0.472 v_rec_bal=0.456 | lr=7.1e-06 | 22.9s
  Fold 4 | Ep  21/50 | t_loss=0.0110 t_acc=0.992 | v_win_bal=0.475 v_rec_bal=0.504 | lr=6.8e-06 | 22.7s
  Fold 4 | Ep  22/50 | t_loss=0.0092 t_acc=0.994 | v_win_bal=0.471 v_rec_bal=0.433 | lr=6.5e-06 | 23.2s
  Fold 4 | Ep  23/50 | t_loss=0.0076 t_acc=0.995 | v_win_bal=0.472 v_rec_bal=0.456 | lr=6.2e-06 | 22.8s
  Fold 4 | Ep  24/50 | t_loss=0.0051 t_acc=0.997 | v_win_bal=0.474 v_rec_bal=0.456 | lr=5.8e-06 | 23.1s
  Early stop at epoch 24
  -> Test (best @ epoch 21): acc=0.7179, bal_acc=0.6958

============================================================
Fold 5/5
============================================================
  Train: 117 samples, 39 subjects [1, 2, 3, 4, 5, 8, 9, 10, 12, 13, 14, 15, 16, 18, 19, 20, 23, 25, 31, 32, 34, 36, 37, 39, 41, 42, 43, 45, 47, 48, 50, 51, 52, 55, 56, 60, 61, 62, 63], label_0=51, label_1=66
    Val:  39 samples, 13 subjects [6, 7, 17, 22, 24, 27, 30, 38, 40, 54, 57, 58, 64], label_0=18, label_1=21
   Test:  39 samples, 13 subjects [11, 21, 26, 28, 29, 33, 35, 44, 46, 49, 53, 59, 65], label_0=18, label_1=21
  Building window datasets...
    WindowDataset: 17470 windows (class_0=2860, class_1=14610)
    WindowDataset: 2072 windows (class_0=971, class_1=1101)
    WindowDataset: 2101 windows (class_0=1005, class_1=1096)
[LaBraM] Loaded 219/221 params from weights/labram-base/model.safetensors
[LaBraM] Missing: ['fc_norm.weight', 'fc_norm.bias']
  Fold 5 | Ep   1/50 | t_loss=0.2005 t_acc=0.828 | v_win_bal=0.521 v_rec_bal=0.528 | lr=3.3e-06 | 24.4s
  Fold 5 | Ep   2/50 | t_loss=0.1667 t_acc=0.681 | v_win_bal=0.538 v_rec_bal=0.552 | lr=6.7e-06 | 24.7s
  Fold 5 | Ep   3/50 | t_loss=0.1581 t_acc=0.670 | v_win_bal=0.561 v_rec_bal=0.579 | lr=1.0e-05 | 24.2s
  Fold 5 | Ep   4/50 | t_loss=0.1354 t_acc=0.756 | v_win_bal=0.594 v_rec_bal=0.639 | lr=1.0e-05 | 23.7s
  Fold 5 | Ep   5/50 | t_loss=0.1006 t_acc=0.837 | v_win_bal=0.521 v_rec_bal=0.472 | lr=1.0e-05 | 23.3s
  Fold 5 | Ep   6/50 | t_loss=0.0814 t_acc=0.859 | v_win_bal=0.574 v_rec_bal=0.611 | lr=9.9e-06 | 23.0s
  Fold 5 | Ep   7/50 | t_loss=0.0710 t_acc=0.875 | v_win_bal=0.544 v_rec_bal=0.472 | lr=9.8e-06 | 23.3s
  Fold 5 | Ep   8/50 | t_loss=0.0634 t_acc=0.889 | v_win_bal=0.574 v_rec_bal=0.563 | lr=9.7e-06 | 23.3s
  Fold 5 | Ep   9/50 | t_loss=0.0576 t_acc=0.905 | v_win_bal=0.565 v_rec_bal=0.540 | lr=9.6e-06 | 23.1s
  Fold 5 | Ep  10/50 | t_loss=0.0513 t_acc=0.917 | v_win_bal=0.587 v_rec_bal=0.706 | lr=9.5e-06 | 23.3s
  Fold 5 | Ep  11/50 | t_loss=0.0471 t_acc=0.929 | v_win_bal=0.592 v_rec_bal=0.659 | lr=9.3e-06 | 23.3s
  Fold 5 | Ep  12/50 | t_loss=0.0423 t_acc=0.939 | v_win_bal=0.600 v_rec_bal=0.730 | lr=9.1e-06 | 23.2s
  Fold 5 | Ep  13/50 | t_loss=0.0377 t_acc=0.948 | v_win_bal=0.598 v_rec_bal=0.675 | lr=8.9e-06 | 23.6s
  Fold 5 | Ep  14/50 | t_loss=0.0330 t_acc=0.956 | v_win_bal=0.581 v_rec_bal=0.611 | lr=8.7e-06 | 23.6s
  Fold 5 | Ep  15/50 | t_loss=0.0297 t_acc=0.963 | v_win_bal=0.610 v_rec_bal=0.639 | lr=8.5e-06 | 23.3s
  Fold 5 | Ep  16/50 | t_loss=0.0257 t_acc=0.970 | v_win_bal=0.596 v_rec_bal=0.730 | lr=8.2e-06 | 23.3s
  Fold 5 | Ep  17/50 | t_loss=0.0214 t_acc=0.976 | v_win_bal=0.615 v_rec_bal=0.730 | lr=8.0e-06 | 23.8s
  Fold 5 | Ep  18/50 | t_loss=0.0183 t_acc=0.980 | v_win_bal=0.602 v_rec_bal=0.730 | lr=7.7e-06 | 23.5s
  Fold 5 | Ep  19/50 | t_loss=0.0166 t_acc=0.984 | v_win_bal=0.599 v_rec_bal=0.647 | lr=7.4e-06 | 23.6s
  Fold 5 | Ep  20/50 | t_loss=0.0128 t_acc=0.989 | v_win_bal=0.600 v_rec_bal=0.643 | lr=7.1e-06 | 23.0s
  Fold 5 | Ep  21/50 | t_loss=0.0118 t_acc=0.990 | v_win_bal=0.603 v_rec_bal=0.671 | lr=6.8e-06 | 24.2s
  Fold 5 | Ep  22/50 | t_loss=0.0089 t_acc=0.993 | v_win_bal=0.600 v_rec_bal=0.639 | lr=6.5e-06 | 23.2s
  Fold 5 | Ep  23/50 | t_loss=0.0082 t_acc=0.995 | v_win_bal=0.599 v_rec_bal=0.667 | lr=6.2e-06 | 23.5s
  Fold 5 | Ep  24/50 | t_loss=0.0066 t_acc=0.996 | v_win_bal=0.589 v_rec_bal=0.659 | lr=5.8e-06 | 23.7s
  Fold 5 | Ep  25/50 | t_loss=0.0054 t_acc=0.997 | v_win_bal=0.594 v_rec_bal=0.615 | lr=5.5e-06 | 23.5s
  Fold 5 | Ep  26/50 | t_loss=0.0051 t_acc=0.997 | v_win_bal=0.597 v_rec_bal=0.698 | lr=5.2e-06 | 23.4s
  Fold 5 | Ep  27/50 | t_loss=0.0046 t_acc=0.998 | v_win_bal=0.590 v_rec_bal=0.655 | lr=4.8e-06 | 23.4s
  Fold 5 | Ep  28/50 | t_loss=0.0034 t_acc=0.998 | v_win_bal=0.590 v_rec_bal=0.643 | lr=4.5e-06 | 23.5s
  Fold 5 | Ep  29/50 | t_loss=0.0030 t_acc=0.999 | v_win_bal=0.578 v_rec_bal=0.623 | lr=4.2e-06 | 23.2s
  Fold 5 | Ep  30/50 | t_loss=0.0018 t_acc=0.999 | v_win_bal=0.597 v_rec_bal=0.687 | lr=3.8e-06 | 23.2s
  Fold 5 | Ep  31/50 | t_loss=0.0015 t_acc=0.999 | v_win_bal=0.597 v_rec_bal=0.694 | lr=3.5e-06 | 23.0s
  Fold 5 | Ep  32/50 | t_loss=0.0013 t_acc=1.000 | v_win_bal=0.592 v_rec_bal=0.615 | lr=3.2e-06 | 23.3s
  Fold 5 | Ep  33/50 | t_loss=0.0008 t_acc=0.999 | v_win_bal=0.583 v_rec_bal=0.635 | lr=2.9e-06 | 22.9s
  Early stop at epoch 33
  -> Test (best @ epoch 12): acc=0.3846, bal_acc=0.3849

============================================================
Global Results (5-Fold, subject-level CV)
Mode: FT | Extractor: labram | Loss: focal
============================================================
              acc: 0.5077
          bal_acc: 0.5030
               f1: 0.5082
            kappa: 0.0061
  Total predictions: 195 (should equal dataset size: 195)

Results saved to results/studies/exp27_paired_null/adftd/perm_s3/
