/raid/jupyter-linjimmy1003.md10/.conda/envs/stress/lib/python3.11/site-packages/timm/models/layers/__init__.py:49: FutureWarning: Importing from timm.models.layers is deprecated, please import via timm.layers
  warnings.warn(f"Importing from {__name__} is deprecated, please import via timm.layers", FutureWarning)
Mode: FT | Extractor: labram | Folds: 5
LR: 1e-05 | WD: 0.05 | Beta2: 0.999 | Grad clip: 2.0
Head: hidden=128, dropout=0.0 | Norm: zscore | Loss: focal
Full FT: encoder_lr_scale=0.1
Augmentation: 75% overlap for increase class

Results → results/studies/exp27_paired_null/adftd/perm_s7/
ADFTD: 195 recordings from 65 subjects (AD=108, HC=87), 3 splits/subject
ADFTD: 195 recordings, 65 subjects (AD=108, HC=87)
[permute-labels] Subject-level shuffle with rng seed 7 over 65 subjects. Class balance preserved: 108 pos / 87 neg

============================================================
Fold 1/5
============================================================
  Train: 117 samples, 39 subjects [1, 2, 3, 6, 9, 10, 11, 12, 13, 14, 15, 16, 18, 19, 21, 22, 25, 29, 33, 35, 36, 37, 41, 42, 44, 45, 46, 47, 48, 49, 51, 52, 53, 56, 57, 58, 61, 62, 64], label_0=51, label_1=66
    Val:  39 samples, 13 subjects [4, 7, 8, 24, 28, 30, 31, 38, 39, 55, 59, 63, 65], label_0=18, label_1=21
   Test:  39 samples, 13 subjects [5, 17, 20, 23, 26, 27, 32, 34, 40, 43, 50, 54, 60], label_0=18, label_1=21
  Building window datasets...
    WindowDataset: 17009 windows (class_0=2767, class_1=14242)
    WindowDataset: 2120 windows (class_0=995, class_1=1125)
    WindowDataset: 2238 windows (class_0=1046, class_1=1192)
[LaBraM] Loaded 219/221 params from weights/labram-base/model.safetensors
[LaBraM] Missing: ['fc_norm.weight', 'fc_norm.bias']
  Trainable parameters: 5,871,779
  Class weights: [3.073545455932617, 0.5971422791481018]
  Fold 1 | Ep   1/50 | t_loss=0.1870 t_acc=0.302 | v_win_bal=0.558 v_rec_bal=0.587 | lr=3.3e-06 | 26.5s
  Fold 1 | Ep   2/50 | t_loss=0.1674 t_acc=0.668 | v_win_bal=0.567 v_rec_bal=0.591 | lr=6.7e-06 | 24.7s
  Fold 1 | Ep   3/50 | t_loss=0.1512 t_acc=0.690 | v_win_bal=0.532 v_rec_bal=0.421 | lr=1.0e-05 | 25.4s
  Fold 1 | Ep   4/50 | t_loss=0.1150 t_acc=0.782 | v_win_bal=0.517 v_rec_bal=0.512 | lr=1.0e-05 | 24.5s
  Fold 1 | Ep   5/50 | t_loss=0.0897 t_acc=0.828 | v_win_bal=0.508 v_rec_bal=0.500 | lr=1.0e-05 | 24.7s
  Fold 1 | Ep   6/50 | t_loss=0.0792 t_acc=0.848 | v_win_bal=0.498 v_rec_bal=0.516 | lr=9.9e-06 | 24.5s
  Fold 1 | Ep   7/50 | t_loss=0.0742 t_acc=0.862 | v_win_bal=0.484 v_rec_bal=0.488 | lr=9.8e-06 | 24.3s
  Fold 1 | Ep   8/50 | t_loss=0.0683 t_acc=0.877 | v_win_bal=0.491 v_rec_bal=0.512 | lr=9.7e-06 | 24.1s
  Fold 1 | Ep   9/50 | t_loss=0.0629 t_acc=0.890 | v_win_bal=0.483 v_rec_bal=0.484 | lr=9.6e-06 | 24.4s
  Fold 1 | Ep  10/50 | t_loss=0.0584 t_acc=0.901 | v_win_bal=0.467 v_rec_bal=0.440 | lr=9.5e-06 | 24.4s
  Fold 1 | Ep  11/50 | t_loss=0.0527 t_acc=0.916 | v_win_bal=0.456 v_rec_bal=0.421 | lr=9.3e-06 | 24.5s
  Fold 1 | Ep  12/50 | t_loss=0.0479 t_acc=0.928 | v_win_bal=0.461 v_rec_bal=0.456 | lr=9.1e-06 | 24.3s
  Fold 1 | Ep  13/50 | t_loss=0.0422 t_acc=0.937 | v_win_bal=0.454 v_rec_bal=0.393 | lr=8.9e-06 | 24.0s
  Fold 1 | Ep  14/50 | t_loss=0.0388 t_acc=0.944 | v_win_bal=0.444 v_rec_bal=0.413 | lr=8.7e-06 | 24.7s
  Fold 1 | Ep  15/50 | t_loss=0.0347 t_acc=0.954 | v_win_bal=0.438 v_rec_bal=0.437 | lr=8.5e-06 | 24.1s
  Fold 1 | Ep  16/50 | t_loss=0.0298 t_acc=0.961 | v_win_bal=0.438 v_rec_bal=0.437 | lr=8.2e-06 | 22.4s
  Fold 1 | Ep  17/50 | t_loss=0.0272 t_acc=0.967 | v_win_bal=0.431 v_rec_bal=0.325 | lr=8.0e-06 | 22.7s
  Early stop at epoch 17
  -> Test (best @ epoch 2): acc=0.3846, bal_acc=0.3968

============================================================
Fold 2/5
============================================================
  Train: 117 samples, 39 subjects [1, 2, 3, 5, 6, 10, 11, 12, 13, 15, 16, 17, 18, 19, 20, 21, 26, 28, 30, 32, 33, 34, 35, 37, 38, 39, 40, 42, 43, 44, 50, 51, 52, 54, 55, 57, 60, 63, 64], label_0=54, label_1=63
    Val:  39 samples, 13 subjects [4, 9, 23, 24, 27, 29, 31, 46, 48, 49, 53, 56, 62], label_0=15, label_1=24
   Test:  39 samples, 13 subjects [7, 8, 14, 22, 25, 36, 41, 45, 47, 58, 59, 61, 65], label_0=18, label_1=21
  Building window datasets...
    WindowDataset: 16747 windows (class_0=2948, class_1=13799)
    WindowDataset: 2160 windows (class_0=860, class_1=1300)
    WindowDataset: 2130 windows (class_0=1000, class_1=1130)
[LaBraM] Loaded 219/221 params from weights/labram-base/model.safetensors
[LaBraM] Missing: ['fc_norm.weight', 'fc_norm.bias']
  Fold 2 | Ep   1/50 | t_loss=0.1770 t_acc=0.300 | v_win_bal=0.546 v_rec_bal=0.562 | lr=3.3e-06 | 23.1s
  Fold 2 | Ep   2/50 | t_loss=0.1701 t_acc=0.652 | v_win_bal=0.621 v_rec_bal=0.650 | lr=6.7e-06 | 22.9s
  Fold 2 | Ep   3/50 | t_loss=0.1592 t_acc=0.638 | v_win_bal=0.616 v_rec_bal=0.646 | lr=1.0e-05 | 22.8s
  Fold 2 | Ep   4/50 | t_loss=0.1188 t_acc=0.770 | v_win_bal=0.557 v_rec_bal=0.562 | lr=1.0e-05 | 22.8s
  Fold 2 | Ep   5/50 | t_loss=0.0869 t_acc=0.831 | v_win_bal=0.544 v_rec_bal=0.583 | lr=1.0e-05 | 23.4s
  Fold 2 | Ep   6/50 | t_loss=0.0746 t_acc=0.849 | v_win_bal=0.534 v_rec_bal=0.562 | lr=9.9e-06 | 24.5s
  Fold 2 | Ep   7/50 | t_loss=0.0669 t_acc=0.870 | v_win_bal=0.541 v_rec_bal=0.562 | lr=9.8e-06 | 22.9s
  Fold 2 | Ep   8/50 | t_loss=0.0600 t_acc=0.887 | v_win_bal=0.521 v_rec_bal=0.529 | lr=9.7e-06 | 22.9s
  Fold 2 | Ep   9/50 | t_loss=0.0550 t_acc=0.902 | v_win_bal=0.514 v_rec_bal=0.550 | lr=9.6e-06 | 22.8s
  Fold 2 | Ep  10/50 | t_loss=0.0484 t_acc=0.918 | v_win_bal=0.503 v_rec_bal=0.496 | lr=9.5e-06 | 23.0s
  Fold 2 | Ep  11/50 | t_loss=0.0435 t_acc=0.929 | v_win_bal=0.503 v_rec_bal=0.483 | lr=9.3e-06 | 22.9s
  Fold 2 | Ep  12/50 | t_loss=0.0397 t_acc=0.938 | v_win_bal=0.509 v_rec_bal=0.537 | lr=9.1e-06 | 23.0s
  Fold 2 | Ep  13/50 | t_loss=0.0346 t_acc=0.948 | v_win_bal=0.502 v_rec_bal=0.525 | lr=8.9e-06 | 22.9s
  Fold 2 | Ep  14/50 | t_loss=0.0312 t_acc=0.957 | v_win_bal=0.505 v_rec_bal=0.525 | lr=8.7e-06 | 23.3s
  Fold 2 | Ep  15/50 | t_loss=0.0261 t_acc=0.964 | v_win_bal=0.496 v_rec_bal=0.475 | lr=8.5e-06 | 23.6s
  Fold 2 | Ep  16/50 | t_loss=0.0234 t_acc=0.970 | v_win_bal=0.510 v_rec_bal=0.517 | lr=8.2e-06 | 23.2s
  Fold 2 | Ep  17/50 | t_loss=0.0209 t_acc=0.975 | v_win_bal=0.515 v_rec_bal=0.546 | lr=8.0e-06 | 23.5s
  Fold 2 | Ep  18/50 | t_loss=0.0182 t_acc=0.980 | v_win_bal=0.504 v_rec_bal=0.467 | lr=7.7e-06 | 23.0s
  Fold 2 | Ep  19/50 | t_loss=0.0145 t_acc=0.984 | v_win_bal=0.517 v_rec_bal=0.508 | lr=7.4e-06 | 22.7s
  Early stop at epoch 19
  -> Test (best @ epoch 2): acc=0.5385, bal_acc=0.5595

============================================================
Fold 3/5
============================================================
  Train: 117 samples, 39 subjects [3, 4, 6, 7, 9, 11, 12, 14, 15, 17, 20, 21, 22, 23, 26, 27, 28, 31, 34, 35, 36, 39, 41, 42, 43, 44, 45, 46, 47, 49, 51, 54, 55, 56, 58, 59, 60, 61, 63], label_0=54, label_1=63
    Val:  39 samples, 13 subjects [2, 5, 8, 25, 30, 32, 33, 37, 40, 50, 52, 62, 65], label_0=18, label_1=21
   Test:  39 samples, 13 subjects [1, 10, 13, 16, 18, 19, 24, 29, 38, 48, 53, 57, 64], label_0=15, label_1=24
  Building window datasets...
    WindowDataset: 16364 windows (class_0=3017, class_1=13347)
    WindowDataset: 2071 windows (class_0=963, class_1=1108)
    WindowDataset: 2263 windows (class_0=828, class_1=1435)
[LaBraM] Loaded 219/221 params from weights/labram-base/model.safetensors
[LaBraM] Missing: ['fc_norm.weight', 'fc_norm.bias']
  Fold 3 | Ep   1/50 | t_loss=0.1715 t_acc=0.568 | v_win_bal=0.535 v_rec_bal=0.508 | lr=3.3e-06 | 23.6s
  Fold 3 | Ep   2/50 | t_loss=0.1625 t_acc=0.659 | v_win_bal=0.496 v_rec_bal=0.429 | lr=6.7e-06 | 23.7s
  Fold 3 | Ep   3/50 | t_loss=0.1306 t_acc=0.732 | v_win_bal=0.486 v_rec_bal=0.429 | lr=1.0e-05 | 24.0s
  Fold 3 | Ep   4/50 | t_loss=0.0894 t_acc=0.831 | v_win_bal=0.469 v_rec_bal=0.405 | lr=1.0e-05 | 23.7s
  Fold 3 | Ep   5/50 | t_loss=0.0743 t_acc=0.858 | v_win_bal=0.468 v_rec_bal=0.452 | lr=1.0e-05 | 23.5s
  Fold 3 | Ep   6/50 | t_loss=0.0646 t_acc=0.879 | v_win_bal=0.466 v_rec_bal=0.476 | lr=9.9e-06 | 23.4s
  Fold 3 | Ep   7/50 | t_loss=0.0574 t_acc=0.896 | v_win_bal=0.463 v_rec_bal=0.476 | lr=9.8e-06 | 23.2s
  Fold 3 | Ep   8/50 | t_loss=0.0514 t_acc=0.913 | v_win_bal=0.465 v_rec_bal=0.476 | lr=9.7e-06 | 25.1s
  Fold 3 | Ep   9/50 | t_loss=0.0460 t_acc=0.928 | v_win_bal=0.477 v_rec_bal=0.448 | lr=9.6e-06 | 24.0s
  Fold 3 | Ep  10/50 | t_loss=0.0418 t_acc=0.937 | v_win_bal=0.475 v_rec_bal=0.448 | lr=9.5e-06 | 23.2s
  Fold 3 | Ep  11/50 | t_loss=0.0367 t_acc=0.945 | v_win_bal=0.481 v_rec_bal=0.448 | lr=9.3e-06 | 23.0s
  Fold 3 | Ep  12/50 | t_loss=0.0327 t_acc=0.955 | v_win_bal=0.470 v_rec_bal=0.448 | lr=9.1e-06 | 23.4s
  Fold 3 | Ep  13/50 | t_loss=0.0275 t_acc=0.962 | v_win_bal=0.475 v_rec_bal=0.448 | lr=8.9e-06 | 23.0s
  Fold 3 | Ep  14/50 | t_loss=0.0251 t_acc=0.968 | v_win_bal=0.471 v_rec_bal=0.472 | lr=8.7e-06 | 23.5s
  Fold 3 | Ep  15/50 | t_loss=0.0225 t_acc=0.972 | v_win_bal=0.467 v_rec_bal=0.472 | lr=8.5e-06 | 23.1s
  Fold 3 | Ep  16/50 | t_loss=0.0185 t_acc=0.980 | v_win_bal=0.471 v_rec_bal=0.448 | lr=8.2e-06 | 23.1s
  Early stop at epoch 16
  -> Test (best @ epoch 1): acc=0.5641, bal_acc=0.5333

============================================================
Fold 4/5
============================================================
  Train: 117 samples, 39 subjects [1, 3, 4, 5, 6, 8, 10, 11, 13, 14, 15, 16, 17, 18, 20, 22, 23, 27, 33, 35, 39, 41, 43, 44, 45, 47, 48, 50, 53, 54, 56, 57, 58, 59, 61, 62, 63, 64, 65], label_0=51, label_1=66
    Val:  39 samples, 13 subjects [7, 19, 24, 25, 26, 29, 32, 34, 36, 37, 38, 40, 60], label_0=18, label_1=21
   Test:  39 samples, 13 subjects [2, 9, 12, 21, 28, 30, 31, 42, 46, 49, 51, 52, 55], label_0=18, label_1=21
  Building window datasets...
    WindowDataset: 17077 windows (class_0=2815, class_1=14262)
    WindowDataset: 2180 windows (class_0=1048, class_1=1132)
    WindowDataset: 2125 windows (class_0=945, class_1=1180)
[LaBraM] Loaded 219/221 params from weights/labram-base/model.safetensors
[LaBraM] Missing: ['fc_norm.weight', 'fc_norm.bias']
  Fold 4 | Ep   1/50 | t_loss=0.1700 t_acc=0.664 | v_win_bal=0.501 v_rec_bal=0.484 | lr=3.3e-06 | 24.3s
  Fold 4 | Ep   2/50 | t_loss=0.1599 t_acc=0.665 | v_win_bal=0.493 v_rec_bal=0.468 | lr=6.7e-06 | 23.7s
  Fold 4 | Ep   3/50 | t_loss=0.1370 t_acc=0.733 | v_win_bal=0.508 v_rec_bal=0.496 | lr=1.0e-05 | 23.8s
  Fold 4 | Ep   4/50 | t_loss=0.0979 t_acc=0.819 | v_win_bal=0.519 v_rec_bal=0.520 | lr=1.0e-05 | 23.5s
  Fold 4 | Ep   5/50 | t_loss=0.0818 t_acc=0.839 | v_win_bal=0.513 v_rec_bal=0.492 | lr=1.0e-05 | 23.0s
  Fold 4 | Ep   6/50 | t_loss=0.0726 t_acc=0.861 | v_win_bal=0.527 v_rec_bal=0.544 | lr=9.9e-06 | 23.3s
  Fold 4 | Ep   7/50 | t_loss=0.0652 t_acc=0.883 | v_win_bal=0.525 v_rec_bal=0.540 | lr=9.8e-06 | 23.0s
  Fold 4 | Ep   8/50 | t_loss=0.0576 t_acc=0.895 | v_win_bal=0.534 v_rec_bal=0.504 | lr=9.7e-06 | 23.2s
  Fold 4 | Ep   9/50 | t_loss=0.0532 t_acc=0.910 | v_win_bal=0.527 v_rec_bal=0.524 | lr=9.6e-06 | 23.4s
  Fold 4 | Ep  10/50 | t_loss=0.0487 t_acc=0.922 | v_win_bal=0.539 v_rec_bal=0.476 | lr=9.5e-06 | 24.5s
  Fold 4 | Ep  11/50 | t_loss=0.0438 t_acc=0.930 | v_win_bal=0.536 v_rec_bal=0.476 | lr=9.3e-06 | 23.4s
  Fold 4 | Ep  12/50 | t_loss=0.0390 t_acc=0.943 | v_win_bal=0.545 v_rec_bal=0.536 | lr=9.1e-06 | 23.2s
  Fold 4 | Ep  13/50 | t_loss=0.0342 t_acc=0.951 | v_win_bal=0.542 v_rec_bal=0.528 | lr=8.9e-06 | 23.2s
  Fold 4 | Ep  14/50 | t_loss=0.0313 t_acc=0.960 | v_win_bal=0.548 v_rec_bal=0.500 | lr=8.7e-06 | 23.5s
  Fold 4 | Ep  15/50 | t_loss=0.0272 t_acc=0.965 | v_win_bal=0.546 v_rec_bal=0.500 | lr=8.5e-06 | 24.5s
  Fold 4 | Ep  16/50 | t_loss=0.0241 t_acc=0.971 | v_win_bal=0.538 v_rec_bal=0.500 | lr=8.2e-06 | 25.5s
  Fold 4 | Ep  17/50 | t_loss=0.0223 t_acc=0.975 | v_win_bal=0.536 v_rec_bal=0.500 | lr=8.0e-06 | 24.2s
  Fold 4 | Ep  18/50 | t_loss=0.0212 t_acc=0.980 | v_win_bal=0.538 v_rec_bal=0.500 | lr=7.7e-06 | 24.6s
  Fold 4 | Ep  19/50 | t_loss=0.0171 t_acc=0.984 | v_win_bal=0.530 v_rec_bal=0.500 | lr=7.4e-06 | 25.1s
  Fold 4 | Ep  20/50 | t_loss=0.0148 t_acc=0.987 | v_win_bal=0.541 v_rec_bal=0.500 | lr=7.1e-06 | 23.4s
  Fold 4 | Ep  21/50 | t_loss=0.0132 t_acc=0.989 | v_win_bal=0.536 v_rec_bal=0.500 | lr=6.8e-06 | 24.4s
  Fold 4 | Ep  22/50 | t_loss=0.0110 t_acc=0.992 | v_win_bal=0.543 v_rec_bal=0.524 | lr=6.5e-06 | 23.7s
  Fold 4 | Ep  23/50 | t_loss=0.0105 t_acc=0.993 | v_win_bal=0.545 v_rec_bal=0.496 | lr=6.2e-06 | 24.1s
  Early stop at epoch 23
  -> Test (best @ epoch 6): acc=0.3333, bal_acc=0.3413

============================================================
Fold 5/5
============================================================
  Train: 117 samples, 39 subjects [2, 5, 7, 8, 12, 13, 14, 16, 17, 18, 19, 20, 22, 23, 26, 28, 31, 32, 34, 36, 38, 41, 43, 45, 46, 47, 48, 49, 51, 52, 54, 55, 57, 58, 59, 60, 61, 64, 65], label_0=51, label_1=66
    Val:  39 samples, 13 subjects [1, 9, 10, 21, 24, 25, 27, 29, 30, 40, 42, 50, 53], label_0=18, label_1=21
   Test:  39 samples, 13 subjects [3, 4, 6, 11, 15, 33, 35, 37, 39, 44, 56, 62, 63], label_0=18, label_1=21
  Building window datasets...
    WindowDataset: 17521 windows (class_0=2939, class_1=14582)
    WindowDataset: 2122 windows (class_0=880, class_1=1242)
    WindowDataset: 1979 windows (class_0=989, class_1=990)
[LaBraM] Loaded 219/221 params from weights/labram-base/model.safetensors
[LaBraM] Missing: ['fc_norm.weight', 'fc_norm.bias']
  Fold 5 | Ep   1/50 | t_loss=0.1737 t_acc=0.403 | v_win_bal=0.516 v_rec_bal=0.532 | lr=3.3e-06 | 24.1s
  Fold 5 | Ep   2/50 | t_loss=0.1687 t_acc=0.684 | v_win_bal=0.503 v_rec_bal=0.508 | lr=6.7e-06 | 24.6s
  Fold 5 | Ep   3/50 | t_loss=0.1545 t_acc=0.719 | v_win_bal=0.519 v_rec_bal=0.560 | lr=1.0e-05 | 25.6s
  Fold 5 | Ep   4/50 | t_loss=0.1069 t_acc=0.793 | v_win_bal=0.494 v_rec_bal=0.567 | lr=1.0e-05 | 24.2s
  Fold 5 | Ep   5/50 | t_loss=0.0886 t_acc=0.816 | v_win_bal=0.495 v_rec_bal=0.500 | lr=1.0e-05 | 25.0s
  Fold 5 | Ep   6/50 | t_loss=0.0807 t_acc=0.834 | v_win_bal=0.486 v_rec_bal=0.520 | lr=9.9e-06 | 23.9s
  Fold 5 | Ep   7/50 | t_loss=0.0746 t_acc=0.852 | v_win_bal=0.497 v_rec_bal=0.524 | lr=9.8e-06 | 24.5s
  Fold 5 | Ep   8/50 | t_loss=0.0690 t_acc=0.869 | v_win_bal=0.494 v_rec_bal=0.500 | lr=9.7e-06 | 24.0s
  Fold 5 | Ep   9/50 | t_loss=0.0650 t_acc=0.880 | v_win_bal=0.494 v_rec_bal=0.516 | lr=9.6e-06 | 23.5s
  Fold 5 | Ep  10/50 | t_loss=0.0603 t_acc=0.894 | v_win_bal=0.481 v_rec_bal=0.520 | lr=9.5e-06 | 23.4s
  Fold 5 | Ep  11/50 | t_loss=0.0546 t_acc=0.909 | v_win_bal=0.491 v_rec_bal=0.556 | lr=9.3e-06 | 23.6s
  Fold 5 | Ep  12/50 | t_loss=0.0509 t_acc=0.918 | v_win_bal=0.489 v_rec_bal=0.500 | lr=9.1e-06 | 23.5s
  Fold 5 | Ep  13/50 | t_loss=0.0467 t_acc=0.928 | v_win_bal=0.481 v_rec_bal=0.496 | lr=8.9e-06 | 24.2s
  Fold 5 | Ep  14/50 | t_loss=0.0417 t_acc=0.938 | v_win_bal=0.474 v_rec_bal=0.544 | lr=8.7e-06 | 24.3s
  Fold 5 | Ep  15/50 | t_loss=0.0377 t_acc=0.945 | v_win_bal=0.475 v_rec_bal=0.480 | lr=8.5e-06 | 23.9s
  Fold 5 | Ep  16/50 | t_loss=0.0342 t_acc=0.953 | v_win_bal=0.472 v_rec_bal=0.456 | lr=8.2e-06 | 23.9s
  Fold 5 | Ep  17/50 | t_loss=0.0304 t_acc=0.959 | v_win_bal=0.464 v_rec_bal=0.421 | lr=8.0e-06 | 24.2s
  Fold 5 | Ep  18/50 | t_loss=0.0266 t_acc=0.965 | v_win_bal=0.468 v_rec_bal=0.468 | lr=7.7e-06 | 23.5s
  Fold 5 | Ep  19/50 | t_loss=0.0239 t_acc=0.971 | v_win_bal=0.452 v_rec_bal=0.480 | lr=7.4e-06 | 24.0s
  Early stop at epoch 19
  -> Test (best @ epoch 4): acc=0.5385, bal_acc=0.5714

============================================================
Global Results (5-Fold, subject-level CV)
Mode: FT | Extractor: labram | Loss: focal
============================================================
              acc: 0.4718
          bal_acc: 0.4896
               f1: 0.4585
            kappa: -0.0198
  Total predictions: 195 (should equal dataset size: 195)

Results saved to results/studies/exp27_paired_null/adftd/perm_s7/
