[eegmat | labram | original]
  seed=42: BA=0.5940
  mean=0.5940 ± 0.0000 (chance=0.0278)
[eegmat | labram | aperiodic_removed]
  seed=42: BA=0.4477
  mean=0.4477 ± 0.0000 (chance=0.0278)
[eegmat | labram | periodic_removed]
  seed=42: BA=0.6019
  mean=0.6019 ± 0.0000 (chance=0.0278)
[eegmat | labram | both_removed]
  seed=42: BA=0.4454
  mean=0.4454 ± 0.0000 (chance=0.0278)
[eegmat | cbramod | original]
  seed=42: BA=0.5817
  mean=0.5817 ± 0.0000 (chance=0.0278)
[eegmat | cbramod | aperiodic_removed]
  seed=42: BA=0.4275
  mean=0.4275 ± 0.0000 (chance=0.0278)
[eegmat | cbramod | periodic_removed]
  seed=42: BA=0.5783
  mean=0.5783 ± 0.0000 (chance=0.0278)
[eegmat | cbramod | both_removed]
  seed=42: BA=0.4281
  mean=0.4281 ± 0.0000 (chance=0.0278)
[eegmat | reve | original]
  seed=42: BA=0.4533
  mean=0.4533 ± 0.0000 (chance=0.0278)
[eegmat | reve | aperiodic_removed]
  seed=42: BA=0.2736
  mean=0.2736 ± 0.0000 (chance=0.0278)
[eegmat | reve | periodic_removed]
  seed=42: BA=0.4569
  mean=0.4569 ± 0.0000 (chance=0.0278)
[eegmat | reve | both_removed]
  seed=42: BA=0.2751
  mean=0.2751 ± 0.0000 (chance=0.0278)

-> /raid/jupyter-linjimmy1003.md10/UCSD_stress/results/studies/exp33_temporal_block_probe/eegmat_probes.json
