[sleepdep | labram | original]
  seed=42: BA=0.6308
  mean=0.6308 ± 0.0000 (chance=0.0278)
[sleepdep | labram | aperiodic_removed]
  seed=42: BA=0.5234
  mean=0.5234 ± 0.0000 (chance=0.0278)
[sleepdep | labram | periodic_removed]
  seed=42: BA=0.6310
  mean=0.6310 ± 0.0000 (chance=0.0278)
[sleepdep | labram | both_removed]
  seed=42: BA=0.5222
  mean=0.5222 ± 0.0000 (chance=0.0278)
[sleepdep | cbramod | original]
  seed=42: BA=0.5984
  mean=0.5984 ± 0.0000 (chance=0.0278)
[sleepdep | cbramod | aperiodic_removed]
  seed=42: BA=0.5639
  mean=0.5639 ± 0.0000 (chance=0.0278)
[sleepdep | cbramod | periodic_removed]
  seed=42: BA=0.5958
  mean=0.5958 ± 0.0000 (chance=0.0278)
[sleepdep | cbramod | both_removed]
  seed=42: BA=0.5639
  mean=0.5639 ± 0.0000 (chance=0.0278)
[sleepdep | reve | original]
  seed=42: BA=0.4912
  mean=0.4912 ± 0.0000 (chance=0.0278)
[sleepdep | reve | aperiodic_removed]
  seed=42: BA=0.4725
  mean=0.4725 ± 0.0000 (chance=0.0278)
[sleepdep | reve | periodic_removed]
  seed=42: BA=0.4921
  mean=0.4921 ± 0.0000 (chance=0.0278)
[sleepdep | reve | both_removed]
  seed=42: BA=0.4692
  mean=0.4692 ± 0.0000 (chance=0.0278)

-> /raid/jupyter-linjimmy1003.md10/UCSD_stress/results/studies/exp33_temporal_block_probe/sleepdep_probes.json
