[stress | labram | original]
  seed=42: BA=0.5701
  seed=123: BA=0.5701
  seed=2024: BA=0.5701
  mean=0.5701 ± 0.0000 (chance=0.0714)
[stress | labram | aperiodic_removed]
  seed=42: BA=0.5538
  seed=123: BA=0.5538
  seed=2024: BA=0.5538
  mean=0.5538 ± 0.0000 (chance=0.0714)
[stress | labram | periodic_removed]
  seed=42: BA=0.5668
  seed=123: BA=0.5668
  seed=2024: BA=0.5668
  mean=0.5668 ± 0.0000 (chance=0.0714)
[stress | labram | both_removed]
  seed=42: BA=0.5506
  seed=123: BA=0.5506
  seed=2024: BA=0.5506
  mean=0.5506 ± 0.0000 (chance=0.0714)
[stress | cbramod | original]
  seed=42: BA=0.5919
  seed=123: BA=0.5919
  seed=2024: BA=0.5919
  mean=0.5919 ± 0.0000 (chance=0.0714)
[stress | cbramod | aperiodic_removed]
  seed=42: BA=0.5169
  seed=123: BA=0.5169
  seed=2024: BA=0.5169
  mean=0.5169 ± 0.0000 (chance=0.0714)
[stress | cbramod | periodic_removed]
  seed=42: BA=0.5880
  seed=123: BA=0.5880
  seed=2024: BA=0.5880
  mean=0.5880 ± 0.0000 (chance=0.0714)
[stress | cbramod | both_removed]
  seed=42: BA=0.5167
  seed=123: BA=0.5167
  seed=2024: BA=0.5167
  mean=0.5167 ± 0.0000 (chance=0.0714)
[stress | reve | original]
  seed=42: BA=0.5979
  seed=123: BA=0.5979
  seed=2024: BA=0.5979
  mean=0.5979 ± 0.0000 (chance=0.0714)
[stress | reve | aperiodic_removed]
  seed=42: BA=0.5531
  seed=123: BA=0.5531
  seed=2024: BA=0.5531
  mean=0.5531 ± 0.0000 (chance=0.0714)
[stress | reve | periodic_removed]
  seed=42: BA=0.5961
  seed=123: BA=0.5961
  seed=2024: BA=0.5961
  mean=0.5961 ± 0.0000 (chance=0.0714)
[stress | reve | both_removed]
  seed=42: BA=0.5547
  seed=123: BA=0.5547
  seed=2024: BA=0.5547
  mean=0.5547 ± 0.0000 (chance=0.0714)

-> /raid/jupyter-linjimmy1003.md10/UCSD_stress/results/studies/exp33_temporal_block_probe/stress_probes.json
