/raid/jupyter-linjimmy1003.md10/.conda/envs/stress/lib/python3.11/site-packages/timm/models/layers/__init__.py:49: FutureWarning: Importing from timm.models.layers is deprecated, please import via timm.layers
  warnings.warn(f"Importing from {__name__} is deprecated, please import via timm.layers", FutureWarning)
Mode: FT | Extractor: labram | Label: dass
Device: cuda:5 | Folds: 5 | Loss: ce
Augmentation: 75% overlap for increase class
LR: 1e-05 | WD: 0.05 | BS: 32 | Grad-accum: 1 | Grad-clip: 1.0

Results -> results/studies/exp23_wang_full/labram_s7/
Window: 5.0s
Duration filter: skipped 10 recordings > 400.0s
Dataset: 82 recordings loaded (19 increase, 63 normal)
Cache: 82 recordings ready (82 cached, 0 new)
Labels (dass): class_0=63, class_1=19 (total=82)

Wang single split (seed=7): train=65, val=8, test=9

============================================================
Wang split (seed=7)
============================================================
  Train:  65 trials, label_0=50, label_1=15
    Val:   8 trials, label_0=6, label_1=2
   Test:   9 trials, label_0=7, label_1=2
  Building window datasets...
    WindowDataset: 6661 windows (class_0=3090, class_1=3571)
    WindowDataset: 755 windows (class_0=373, class_1=382)
    WindowDataset: 876 windows (class_0=402, class_1=474)
[LaBraM] Loaded 221/223 params from weights/labram-base/model.safetensors
[LaBraM] Missing: ['fc_norm.weight', 'fc_norm.bias']
  Trainable parameters: 5,820,939
  Class weights: [1.077831745147705, 0.932651937007904]
  LLRD: 14 layer groups, LR ∈ [3.70e-08, 1.00e-05] (decay=0.65)
  Fold 1 | Ep   1/50 | t_loss=0.7559 t_acc=0.478 | v_loss=0.6615 v_bal=0.596 | v_rec_bal=0.583 | lr=3.3e-06 | 10.6s
  Fold 1 | Ep   2/50 | t_loss=0.6487 t_acc=0.615 | v_loss=0.6646 v_bal=0.619 | v_rec_bal=0.667 | lr=6.7e-06 | 8.9s
  Fold 1 | Ep   3/50 | t_loss=0.5742 t_acc=0.701 | v_loss=0.6660 v_bal=0.661 | v_rec_bal=0.667 | lr=1.0e-05 | 8.3s
  Fold 1 | Ep   4/50 | t_loss=0.5131 t_acc=0.744 | v_loss=0.6817 v_bal=0.669 | v_rec_bal=0.667 | lr=1.0e-05 | 8.3s
  Fold 1 | Ep   5/50 | t_loss=0.4621 t_acc=0.776 | v_loss=0.6823 v_bal=0.643 | v_rec_bal=0.583 | lr=1.0e-05 | 8.3s
  Fold 1 | Ep   6/50 | t_loss=0.4206 t_acc=0.800 | v_loss=0.6504 v_bal=0.684 | v_rec_bal=0.667 | lr=9.9e-06 | 8.6s
  Fold 1 | Ep   7/50 | t_loss=0.3764 t_acc=0.825 | v_loss=0.7038 v_bal=0.696 | v_rec_bal=0.750 | lr=9.8e-06 | 8.3s
  Fold 1 | Ep   8/50 | t_loss=0.3345 t_acc=0.849 | v_loss=0.6996 v_bal=0.671 | v_rec_bal=0.583 | lr=9.7e-06 | 8.3s
  Fold 1 | Ep   9/50 | t_loss=0.2902 t_acc=0.876 | v_loss=0.7163 v_bal=0.670 | v_rec_bal=0.583 | lr=9.6e-06 | 8.7s
  Fold 1 | Ep  10/50 | t_loss=0.2517 t_acc=0.890 | v_loss=0.8100 v_bal=0.659 | v_rec_bal=0.583 | lr=9.5e-06 | 8.3s
  Fold 1 | Ep  11/50 | t_loss=0.2158 t_acc=0.913 | v_loss=0.8760 v_bal=0.674 | v_rec_bal=0.667 | lr=9.3e-06 | 8.2s
  Fold 1 | Ep  12/50 | t_loss=0.1840 t_acc=0.924 | v_loss=0.8700 v_bal=0.683 | v_rec_bal=0.667 | lr=9.1e-06 | 8.3s
  Fold 1 | Ep  13/50 | t_loss=0.1528 t_acc=0.943 | v_loss=0.9503 v_bal=0.690 | v_rec_bal=0.667 | lr=8.9e-06 | 8.4s
  Fold 1 | Ep  14/50 | t_loss=0.1293 t_acc=0.954 | v_loss=1.0207 v_bal=0.681 | v_rec_bal=0.667 | lr=8.7e-06 | 8.3s
  Fold 1 | Ep  15/50 | t_loss=0.1078 t_acc=0.963 | v_loss=1.0523 v_bal=0.672 | v_rec_bal=0.667 | lr=8.5e-06 | 8.2s
  Fold 1 | Ep  16/50 | t_loss=0.0901 t_acc=0.967 | v_loss=1.1459 v_bal=0.684 | v_rec_bal=0.667 | lr=8.2e-06 | 8.5s
  Fold 1 | Ep  17/50 | t_loss=0.0720 t_acc=0.976 | v_loss=1.2630 v_bal=0.671 | v_rec_bal=0.750 | lr=8.0e-06 | 8.3s
  Fold 1 | Ep  18/50 | t_loss=0.0607 t_acc=0.981 | v_loss=1.4169 v_bal=0.650 | v_rec_bal=0.667 | lr=7.7e-06 | 8.4s
  Fold 1 | Ep  19/50 | t_loss=0.0467 t_acc=0.985 | v_loss=1.4648 v_bal=0.648 | v_rec_bal=0.667 | lr=7.4e-06 | 8.4s
  Fold 1 | Ep  20/50 | t_loss=0.0368 t_acc=0.989 | v_loss=1.6029 v_bal=0.661 | v_rec_bal=0.667 | lr=7.1e-06 | 8.3s
  Fold 1 | Ep  21/50 | t_loss=0.0301 t_acc=0.991 | v_loss=1.7161 v_bal=0.650 | v_rec_bal=0.667 | lr=6.8e-06 | 8.4s
  Fold 1 | Ep  22/50 | t_loss=0.0227 t_acc=0.994 | v_loss=1.8236 v_bal=0.649 | v_rec_bal=0.667 | lr=6.5e-06 | 8.3s
  Fold 1 | Ep  23/50 | t_loss=0.0221 t_acc=0.994 | v_loss=1.9610 v_bal=0.666 | v_rec_bal=0.667 | lr=6.2e-06 | 8.3s
  Fold 1 | Ep  24/50 | t_loss=0.0183 t_acc=0.995 | v_loss=2.1332 v_bal=0.656 | v_rec_bal=0.667 | lr=5.8e-06 | 8.3s
  Fold 1 | Ep  25/50 | t_loss=0.0133 t_acc=0.997 | v_loss=2.2950 v_bal=0.653 | v_rec_bal=0.667 | lr=5.5e-06 | 8.2s
  Fold 1 | Ep  26/50 | t_loss=0.0139 t_acc=0.996 | v_loss=2.4339 v_bal=0.650 | v_rec_bal=0.667 | lr=5.2e-06 | 8.3s
  Fold 1 | Ep  27/50 | t_loss=0.0107 t_acc=0.997 | v_loss=2.5914 v_bal=0.653 | v_rec_bal=0.750 | lr=4.8e-06 | 8.3s
  Fold 1 | Ep  28/50 | t_loss=0.0095 t_acc=0.998 | v_loss=2.6052 v_bal=0.645 | v_rec_bal=0.667 | lr=4.5e-06 | 8.2s
  Fold 1 | Ep  29/50 | t_loss=0.0079 t_acc=0.998 | v_loss=2.6535 v_bal=0.659 | v_rec_bal=0.667 | lr=4.2e-06 | 8.2s
  Fold 1 | Ep  30/50 | t_loss=0.0061 t_acc=0.998 | v_loss=2.7385 v_bal=0.658 | v_rec_bal=0.667 | lr=3.8e-06 | 8.3s
  Fold 1 | Ep  31/50 | t_loss=0.0054 t_acc=0.999 | v_loss=2.7855 v_bal=0.665 | v_rec_bal=0.667 | lr=3.5e-06 | 8.2s
  Fold 1 | Ep  32/50 | t_loss=0.0055 t_acc=0.999 | v_loss=2.8231 v_bal=0.657 | v_rec_bal=0.667 | lr=3.2e-06 | 8.3s
  Fold 1 | Ep  33/50 | t_loss=0.0038 t_acc=1.000 | v_loss=2.9243 v_bal=0.653 | v_rec_bal=0.667 | lr=2.9e-06 | 8.5s
  Fold 1 | Ep  34/50 | t_loss=0.0039 t_acc=0.999 | v_loss=2.9327 v_bal=0.654 | v_rec_bal=0.667 | lr=2.6e-06 | 8.8s
  Fold 1 | Ep  35/50 | t_loss=0.0032 t_acc=1.000 | v_loss=2.9604 v_bal=0.653 | v_rec_bal=0.667 | lr=2.3e-06 | 8.8s
  Fold 1 | Ep  36/50 | t_loss=0.0034 t_acc=1.000 | v_loss=3.0085 v_bal=0.651 | v_rec_bal=0.667 | lr=2.0e-06 | 8.3s
  Fold 1 | Ep  37/50 | t_loss=0.0028 t_acc=1.000 | v_loss=3.0201 v_bal=0.653 | v_rec_bal=0.667 | lr=1.8e-06 | 8.3s
  Fold 1 | Ep  38/50 | t_loss=0.0031 t_acc=1.000 | v_loss=3.0295 v_bal=0.650 | v_rec_bal=0.667 | lr=1.5e-06 | 8.3s
  Fold 1 | Ep  39/50 | t_loss=0.0024 t_acc=1.000 | v_loss=3.0411 v_bal=0.646 | v_rec_bal=0.667 | lr=1.3e-06 | 8.2s
  Fold 1 | Ep  40/50 | t_loss=0.0024 t_acc=1.000 | v_loss=3.0761 v_bal=0.653 | v_rec_bal=0.667 | lr=1.1e-06 | 8.2s
  Fold 1 | Ep  41/50 | t_loss=0.0021 t_acc=1.000 | v_loss=3.0856 v_bal=0.651 | v_rec_bal=0.667 | lr=8.8e-07 | 8.3s
  Fold 1 | Ep  42/50 | t_loss=0.0018 t_acc=1.000 | v_loss=3.0991 v_bal=0.653 | v_rec_bal=0.667 | lr=7.0e-07 | 8.2s
  Fold 1 | Ep  43/50 | t_loss=0.0018 t_acc=1.000 | v_loss=3.0941 v_bal=0.647 | v_rec_bal=0.667 | lr=5.4e-07 | 8.2s
  Fold 1 | Ep  44/50 | t_loss=0.0016 t_acc=1.000 | v_loss=3.0946 v_bal=0.655 | v_rec_bal=0.667 | lr=4.0e-07 | 8.2s
  Fold 1 | Ep  45/50 | t_loss=0.0016 t_acc=1.000 | v_loss=3.1101 v_bal=0.651 | v_rec_bal=0.667 | lr=2.8e-07 | 8.3s
  Fold 1 | Ep  46/50 | t_loss=0.0016 t_acc=1.000 | v_loss=3.1235 v_bal=0.653 | v_rec_bal=0.667 | lr=1.8e-07 | 8.3s
  Fold 1 | Ep  47/50 | t_loss=0.0017 t_acc=1.000 | v_loss=3.1047 v_bal=0.657 | v_rec_bal=0.667 | lr=1.0e-07 | 8.3s
  Fold 1 | Ep  48/50 | t_loss=0.0015 t_acc=1.000 | v_loss=3.1112 v_bal=0.653 | v_rec_bal=0.667 | lr=1.0e-07 | 8.2s
  Fold 1 | Ep  49/50 | t_loss=0.0015 t_acc=1.000 | v_loss=3.1061 v_bal=0.650 | v_rec_bal=0.667 | lr=1.0e-07 | 8.2s
  Fold 1 | Ep  50/50 | t_loss=0.0015 t_acc=1.000 | v_loss=3.1261 v_bal=0.651 | v_rec_bal=0.667 | lr=1.0e-07 | 8.3s
  -> Test (best@ep7): rec_bal=0.9286  win_bal=0.7813
  -> Fold summary (best @ epoch 7): rec_acc=0.8889, rec_bal=0.9286, win_bal=0.7813

============================================================
Global Results (Wang single split (seed=7), FT)
Extractor: labram | Label: dass | Loss: ce
Augmentation: 75% overlap for increase class
============================================================
           acc: 0.8889
       bal_acc: 0.9286
            f1: 0.8957
         kappa: 0.7273
  Predictions: 9 (dataset: 82)

Results saved to results/studies/exp23_wang_full/labram_s7/
