/raid/jupyter-linjimmy1003.md10/.conda/envs/stress/lib/python3.11/site-packages/timm/models/layers/__init__.py:49: FutureWarning: Importing from timm.models.layers is deprecated, please import via timm.layers
  warnings.warn(f"Importing from {__name__} is deprecated, please import via timm.layers", FutureWarning)
Mode: FT | Extractor: labram | Label: dass
Device: cuda:3 | Folds: 5 | Loss: ce
Augmentation: 75% overlap for increase class
LR: 1e-05 | WD: 0.05 | BS: 32 | Grad-accum: 1 | Grad-clip: 1.0

Results -> results/studies/exp23_wang_full/labram_s42/
Window: 5.0s
Duration filter: skipped 10 recordings > 400.0s
Dataset: 82 recordings loaded (19 increase, 63 normal)
Cache: 82 recordings ready (82 cached, 0 new)
Labels (dass): class_0=63, class_1=19 (total=82)

Wang single split (seed=42): train=65, val=8, test=9

============================================================
Wang split (seed=42)
============================================================
  Train:  65 trials, label_0=50, label_1=15
    Val:   8 trials, label_0=6, label_1=2
   Test:   9 trials, label_0=7, label_1=2
  Building window datasets...
    WindowDataset: 6497 windows (class_0=3058, class_1=3439)
    WindowDataset: 873 windows (class_0=367, class_1=506)
    WindowDataset: 922 windows (class_0=440, class_1=482)
[LaBraM] Loaded 221/223 params from weights/labram-base/model.safetensors
[LaBraM] Missing: ['fc_norm.weight', 'fc_norm.bias']
  Trainable parameters: 5,820,939
  Class weights: [1.06229567527771, 0.9446060061454773]
  LLRD: 14 layer groups, LR ∈ [3.70e-08, 1.00e-05] (decay=0.65)
  Fold 1 | Ep   1/50 | t_loss=0.7070 t_acc=0.514 | v_loss=0.7122 v_bal=0.535 | v_rec_bal=0.417 | lr=3.3e-06 | 9.6s
  Fold 1 | Ep   2/50 | t_loss=0.6518 t_acc=0.614 | v_loss=0.6786 v_bal=0.592 | v_rec_bal=0.667 | lr=6.7e-06 | 8.3s
  Fold 1 | Ep   3/50 | t_loss=0.5702 t_acc=0.706 | v_loss=0.6985 v_bal=0.590 | v_rec_bal=0.417 | lr=1.0e-05 | 8.3s
  Fold 1 | Ep   4/50 | t_loss=0.4918 t_acc=0.765 | v_loss=0.8438 v_bal=0.541 | v_rec_bal=0.417 | lr=1.0e-05 | 8.3s
  Fold 1 | Ep   5/50 | t_loss=0.4297 t_acc=0.798 | v_loss=0.8427 v_bal=0.546 | v_rec_bal=0.667 | lr=1.0e-05 | 8.3s
  Fold 1 | Ep   6/50 | t_loss=0.3718 t_acc=0.832 | v_loss=1.0247 v_bal=0.526 | v_rec_bal=0.667 | lr=9.9e-06 | 8.3s
  Fold 1 | Ep   7/50 | t_loss=0.3143 t_acc=0.864 | v_loss=1.3113 v_bal=0.474 | v_rec_bal=0.583 | lr=9.8e-06 | 8.4s
  Fold 1 | Ep   8/50 | t_loss=0.2752 t_acc=0.886 | v_loss=1.4379 v_bal=0.474 | v_rec_bal=0.583 | lr=9.7e-06 | 8.5s
  Fold 1 | Ep   9/50 | t_loss=0.2380 t_acc=0.904 | v_loss=1.4657 v_bal=0.510 | v_rec_bal=0.583 | lr=9.6e-06 | 9.0s
  Fold 1 | Ep  10/50 | t_loss=0.1970 t_acc=0.922 | v_loss=1.5716 v_bal=0.506 | v_rec_bal=0.583 | lr=9.5e-06 | 8.8s
  Fold 1 | Ep  11/50 | t_loss=0.1654 t_acc=0.938 | v_loss=1.8561 v_bal=0.488 | v_rec_bal=0.583 | lr=9.3e-06 | 8.7s
  Fold 1 | Ep  12/50 | t_loss=0.1412 t_acc=0.946 | v_loss=1.9725 v_bal=0.506 | v_rec_bal=0.583 | lr=9.1e-06 | 8.5s
  Fold 1 | Ep  13/50 | t_loss=0.1227 t_acc=0.952 | v_loss=2.0982 v_bal=0.487 | v_rec_bal=0.583 | lr=8.9e-06 | 8.3s
  Fold 1 | Ep  14/50 | t_loss=0.1025 t_acc=0.963 | v_loss=2.1261 v_bal=0.483 | v_rec_bal=0.500 | lr=8.7e-06 | 8.3s
  Fold 1 | Ep  15/50 | t_loss=0.0812 t_acc=0.970 | v_loss=2.2120 v_bal=0.512 | v_rec_bal=0.583 | lr=8.5e-06 | 8.3s
  Fold 1 | Ep  16/50 | t_loss=0.0679 t_acc=0.976 | v_loss=2.5111 v_bal=0.515 | v_rec_bal=0.667 | lr=8.2e-06 | 8.3s
  Fold 1 | Ep  17/50 | t_loss=0.0545 t_acc=0.981 | v_loss=2.5494 v_bal=0.506 | v_rec_bal=0.500 | lr=8.0e-06 | 8.3s
  Fold 1 | Ep  18/50 | t_loss=0.0483 t_acc=0.983 | v_loss=2.6502 v_bal=0.503 | v_rec_bal=0.500 | lr=7.7e-06 | 8.3s
  Fold 1 | Ep  19/50 | t_loss=0.0340 t_acc=0.990 | v_loss=2.8925 v_bal=0.494 | v_rec_bal=0.583 | lr=7.4e-06 | 8.3s
  Fold 1 | Ep  20/50 | t_loss=0.0292 t_acc=0.991 | v_loss=3.0501 v_bal=0.512 | v_rec_bal=0.583 | lr=7.1e-06 | 8.2s
  Fold 1 | Ep  21/50 | t_loss=0.0246 t_acc=0.992 | v_loss=3.3027 v_bal=0.501 | v_rec_bal=0.500 | lr=6.8e-06 | 8.3s
  Fold 1 | Ep  22/50 | t_loss=0.0182 t_acc=0.996 | v_loss=3.4991 v_bal=0.523 | v_rec_bal=0.583 | lr=6.5e-06 | 8.3s
  Fold 1 | Ep  23/50 | t_loss=0.0159 t_acc=0.996 | v_loss=3.6615 v_bal=0.508 | v_rec_bal=0.500 | lr=6.2e-06 | 8.2s
  Fold 1 | Ep  24/50 | t_loss=0.0138 t_acc=0.996 | v_loss=3.7894 v_bal=0.521 | v_rec_bal=0.583 | lr=5.8e-06 | 8.3s
  Fold 1 | Ep  25/50 | t_loss=0.0125 t_acc=0.997 | v_loss=3.9529 v_bal=0.518 | v_rec_bal=0.583 | lr=5.5e-06 | 8.2s
  Fold 1 | Ep  26/50 | t_loss=0.0100 t_acc=0.998 | v_loss=4.2008 v_bal=0.508 | v_rec_bal=0.500 | lr=5.2e-06 | 8.3s
  Fold 1 | Ep  27/50 | t_loss=0.0097 t_acc=0.998 | v_loss=4.3765 v_bal=0.502 | v_rec_bal=0.500 | lr=4.8e-06 | 8.3s
  Fold 1 | Ep  28/50 | t_loss=0.0074 t_acc=0.999 | v_loss=4.4185 v_bal=0.509 | v_rec_bal=0.500 | lr=4.5e-06 | 8.3s
  Fold 1 | Ep  29/50 | t_loss=0.0064 t_acc=0.999 | v_loss=4.5473 v_bal=0.510 | v_rec_bal=0.500 | lr=4.2e-06 | 8.3s
  Fold 1 | Ep  30/50 | t_loss=0.0059 t_acc=0.999 | v_loss=4.5530 v_bal=0.538 | v_rec_bal=0.667 | lr=3.8e-06 | 8.3s
  Fold 1 | Ep  31/50 | t_loss=0.0053 t_acc=0.999 | v_loss=4.6971 v_bal=0.511 | v_rec_bal=0.500 | lr=3.5e-06 | 8.5s
  Fold 1 | Ep  32/50 | t_loss=0.0035 t_acc=0.999 | v_loss=4.7689 v_bal=0.506 | v_rec_bal=0.500 | lr=3.2e-06 | 8.6s
  Fold 1 | Ep  33/50 | t_loss=0.0032 t_acc=1.000 | v_loss=4.7356 v_bal=0.524 | v_rec_bal=0.667 | lr=2.9e-06 | 8.8s
  Fold 1 | Ep  34/50 | t_loss=0.0029 t_acc=0.999 | v_loss=4.7542 v_bal=0.528 | v_rec_bal=0.667 | lr=2.6e-06 | 8.4s
  Fold 1 | Ep  35/50 | t_loss=0.0025 t_acc=0.999 | v_loss=4.8390 v_bal=0.514 | v_rec_bal=0.500 | lr=2.3e-06 | 8.6s
  Fold 1 | Ep  36/50 | t_loss=0.0020 t_acc=1.000 | v_loss=4.9024 v_bal=0.511 | v_rec_bal=0.500 | lr=2.0e-06 | 8.5s
  Fold 1 | Ep  37/50 | t_loss=0.0020 t_acc=1.000 | v_loss=4.9407 v_bal=0.514 | v_rec_bal=0.583 | lr=1.8e-06 | 8.4s
  Fold 1 | Ep  38/50 | t_loss=0.0008 t_acc=1.000 | v_loss=4.9287 v_bal=0.523 | v_rec_bal=0.667 | lr=1.5e-06 | 8.5s
  Fold 1 | Ep  39/50 | t_loss=0.0009 t_acc=1.000 | v_loss=4.9562 v_bal=0.521 | v_rec_bal=0.583 | lr=1.3e-06 | 8.5s
  Fold 1 | Ep  40/50 | t_loss=0.0003 t_acc=1.000 | v_loss=4.9735 v_bal=0.517 | v_rec_bal=0.583 | lr=1.1e-06 | 8.4s
  Fold 1 | Ep  41/50 | t_loss=0.0004 t_acc=1.000 | v_loss=4.9995 v_bal=0.516 | v_rec_bal=0.500 | lr=8.8e-07 | 8.6s
  Fold 1 | Ep  42/50 | t_loss=0.0001 t_acc=1.000 | v_loss=5.0118 v_bal=0.523 | v_rec_bal=0.667 | lr=7.0e-07 | 8.3s
  Fold 1 | Ep  43/50 | t_loss=0.0002 t_acc=1.000 | v_loss=5.0035 v_bal=0.513 | v_rec_bal=0.667 | lr=5.4e-07 | 8.2s
  Fold 1 | Ep  44/50 | t_loss=0.0003 t_acc=1.000 | v_loss=5.0245 v_bal=0.515 | v_rec_bal=0.583 | lr=4.0e-07 | 8.2s
  Fold 1 | Ep  45/50 | t_loss=0.0001 t_acc=1.000 | v_loss=5.0103 v_bal=0.519 | v_rec_bal=0.667 | lr=2.8e-07 | 8.2s
  Fold 1 | Ep  46/50 | t_loss=0.0000 t_acc=1.000 | v_loss=5.0432 v_bal=0.518 | v_rec_bal=0.583 | lr=1.8e-07 | 8.3s
  Fold 1 | Ep  47/50 | t_loss=0.0000 t_acc=1.000 | v_loss=5.0236 v_bal=0.523 | v_rec_bal=0.500 | lr=1.0e-07 | 8.4s
  Fold 1 | Ep  48/50 | t_loss=0.0000 t_acc=1.000 | v_loss=5.0640 v_bal=0.516 | v_rec_bal=0.583 | lr=1.0e-07 | 8.6s
  Fold 1 | Ep  49/50 | t_loss=0.0000 t_acc=1.000 | v_loss=5.0547 v_bal=0.520 | v_rec_bal=0.500 | lr=1.0e-07 | 8.7s
  Fold 1 | Ep  50/50 | t_loss=0.0000 t_acc=1.000 | v_loss=5.0619 v_bal=0.517 | v_rec_bal=0.583 | lr=1.0e-07 | 8.6s
  -> Test (best@ep2): rec_bal=0.7857  win_bal=0.6645
  -> Fold summary (best @ epoch 2): rec_acc=0.6667, rec_bal=0.7857, win_bal=0.6645

============================================================
Global Results (Wang single split (seed=42), FT)
Extractor: labram | Label: dass | Loss: ce
Augmentation: 75% overlap for increase class
============================================================
           acc: 0.6667
       bal_acc: 0.7857
            f1: 0.6926
         kappa: 0.3721
  Predictions: 9 (dataset: 82)

Results saved to results/studies/exp23_wang_full/labram_s42/
