/raid/jupyter-linjimmy1003.md10/.conda/envs/stress/lib/python3.11/site-packages/timm/models/layers/__init__.py:49: FutureWarning: Importing from timm.models.layers is deprecated, please import via timm.layers
  warnings.warn(f"Importing from {__name__} is deprecated, please import via timm.layers", FutureWarning)
Mode: FT | Extractor: labram | Label: dass
Device: cuda:7 | Folds: 5 | Loss: ce
Augmentation: 75% overlap for increase class
LR: 1e-05 | WD: 0.05 | BS: 32 | Grad-accum: 1 | Grad-clip: 1.0

Results -> results/studies/exp23_wang_full/labram_s47/
Window: 5.0s
Duration filter: skipped 10 recordings > 400.0s
Dataset: 82 recordings loaded (19 increase, 63 normal)
Cache: 82 recordings ready (82 cached, 0 new)
Labels (dass): class_0=63, class_1=19 (total=82)

Wang single split (seed=47): train=65, val=8, test=9

============================================================
Wang split (seed=47)
============================================================
  Train:  65 trials, label_0=50, label_1=15
    Val:   8 trials, label_0=6, label_1=2
   Test:   9 trials, label_0=7, label_1=2
  Building window datasets...
    WindowDataset: 6494 windows (class_0=3067, class_1=3427)
    WindowDataset: 883 windows (class_0=369, class_1=514)
    WindowDataset: 915 windows (class_0=429, class_1=486)
[LaBraM] Loaded 221/223 params from weights/labram-base/model.safetensors
[LaBraM] Missing: ['fc_norm.weight', 'fc_norm.bias']
  Trainable parameters: 5,820,939
  Class weights: [1.0586892366409302, 0.9474759101867676]
  LLRD: 14 layer groups, LR ∈ [3.70e-08, 1.00e-05] (decay=0.65)
  Fold 1 | Ep   1/50 | t_loss=0.6990 t_acc=0.532 | v_loss=0.7824 v_bal=0.390 | v_rec_bal=0.333 | lr=3.3e-06 | 9.9s
  Fold 1 | Ep   2/50 | t_loss=0.6406 t_acc=0.635 | v_loss=0.7983 v_bal=0.436 | v_rec_bal=0.417 | lr=6.7e-06 | 8.9s
  Fold 1 | Ep   3/50 | t_loss=0.5650 t_acc=0.712 | v_loss=0.8320 v_bal=0.479 | v_rec_bal=0.500 | lr=1.0e-05 | 8.6s
  Fold 1 | Ep   4/50 | t_loss=0.4970 t_acc=0.766 | v_loss=0.9360 v_bal=0.509 | v_rec_bal=0.500 | lr=1.0e-05 | 8.6s
  Fold 1 | Ep   5/50 | t_loss=0.4396 t_acc=0.796 | v_loss=0.8645 v_bal=0.546 | v_rec_bal=0.500 | lr=1.0e-05 | 8.8s
  Fold 1 | Ep   6/50 | t_loss=0.3862 t_acc=0.824 | v_loss=1.2710 v_bal=0.508 | v_rec_bal=0.500 | lr=9.9e-06 | 8.8s
  Fold 1 | Ep   7/50 | t_loss=0.3372 t_acc=0.851 | v_loss=1.0366 v_bal=0.556 | v_rec_bal=0.417 | lr=9.8e-06 | 8.8s
  Fold 1 | Ep   8/50 | t_loss=0.2900 t_acc=0.876 | v_loss=1.1956 v_bal=0.567 | v_rec_bal=0.500 | lr=9.7e-06 | 8.9s
  Fold 1 | Ep   9/50 | t_loss=0.2495 t_acc=0.898 | v_loss=1.3592 v_bal=0.539 | v_rec_bal=0.500 | lr=9.6e-06 | 9.0s
  Fold 1 | Ep  10/50 | t_loss=0.2077 t_acc=0.919 | v_loss=1.7514 v_bal=0.511 | v_rec_bal=0.500 | lr=9.5e-06 | 9.0s
  Fold 1 | Ep  11/50 | t_loss=0.1816 t_acc=0.932 | v_loss=1.7978 v_bal=0.509 | v_rec_bal=0.500 | lr=9.3e-06 | 8.8s
  Fold 1 | Ep  12/50 | t_loss=0.1532 t_acc=0.944 | v_loss=1.8039 v_bal=0.518 | v_rec_bal=0.500 | lr=9.1e-06 | 9.0s
  Fold 1 | Ep  13/50 | t_loss=0.1314 t_acc=0.954 | v_loss=2.0321 v_bal=0.498 | v_rec_bal=0.500 | lr=8.9e-06 | 8.9s
  Fold 1 | Ep  14/50 | t_loss=0.1086 t_acc=0.961 | v_loss=1.8652 v_bal=0.534 | v_rec_bal=0.500 | lr=8.7e-06 | 8.8s
  Fold 1 | Ep  15/50 | t_loss=0.0953 t_acc=0.969 | v_loss=2.2144 v_bal=0.514 | v_rec_bal=0.500 | lr=8.5e-06 | 8.9s
  Fold 1 | Ep  16/50 | t_loss=0.0795 t_acc=0.974 | v_loss=2.3108 v_bal=0.495 | v_rec_bal=0.417 | lr=8.2e-06 | 8.8s
  Fold 1 | Ep  17/50 | t_loss=0.0621 t_acc=0.979 | v_loss=2.5800 v_bal=0.515 | v_rec_bal=0.500 | lr=8.0e-06 | 8.8s
  Fold 1 | Ep  18/50 | t_loss=0.0512 t_acc=0.984 | v_loss=2.3104 v_bal=0.530 | v_rec_bal=0.417 | lr=7.7e-06 | 8.7s
  Fold 1 | Ep  19/50 | t_loss=0.0381 t_acc=0.990 | v_loss=2.9515 v_bal=0.511 | v_rec_bal=0.500 | lr=7.4e-06 | 8.6s
  Fold 1 | Ep  20/50 | t_loss=0.0317 t_acc=0.992 | v_loss=3.3502 v_bal=0.502 | v_rec_bal=0.500 | lr=7.1e-06 | 8.8s
  Fold 1 | Ep  21/50 | t_loss=0.0305 t_acc=0.993 | v_loss=3.0940 v_bal=0.514 | v_rec_bal=0.500 | lr=6.8e-06 | 8.7s
  Fold 1 | Ep  22/50 | t_loss=0.0227 t_acc=0.994 | v_loss=3.5972 v_bal=0.504 | v_rec_bal=0.500 | lr=6.5e-06 | 8.9s
  Fold 1 | Ep  23/50 | t_loss=0.0165 t_acc=0.996 | v_loss=3.3159 v_bal=0.532 | v_rec_bal=0.500 | lr=6.2e-06 | 8.8s
  Fold 1 | Ep  24/50 | t_loss=0.0146 t_acc=0.996 | v_loss=4.0768 v_bal=0.504 | v_rec_bal=0.500 | lr=5.8e-06 | 8.8s
  Fold 1 | Ep  25/50 | t_loss=0.0121 t_acc=0.998 | v_loss=4.1220 v_bal=0.514 | v_rec_bal=0.500 | lr=5.5e-06 | 8.7s
  Fold 1 | Ep  26/50 | t_loss=0.0104 t_acc=0.998 | v_loss=4.2396 v_bal=0.510 | v_rec_bal=0.500 | lr=5.2e-06 | 8.8s
  Fold 1 | Ep  27/50 | t_loss=0.0076 t_acc=0.999 | v_loss=4.4687 v_bal=0.514 | v_rec_bal=0.500 | lr=4.8e-06 | 8.8s
  Fold 1 | Ep  28/50 | t_loss=0.0070 t_acc=0.999 | v_loss=4.4167 v_bal=0.517 | v_rec_bal=0.500 | lr=4.5e-06 | 8.7s
  Fold 1 | Ep  29/50 | t_loss=0.0061 t_acc=0.999 | v_loss=4.7632 v_bal=0.511 | v_rec_bal=0.500 | lr=4.2e-06 | 8.7s
  Fold 1 | Ep  30/50 | t_loss=0.0049 t_acc=0.999 | v_loss=4.7514 v_bal=0.515 | v_rec_bal=0.500 | lr=3.8e-06 | 8.7s
  Fold 1 | Ep  31/50 | t_loss=0.0034 t_acc=0.999 | v_loss=4.8519 v_bal=0.516 | v_rec_bal=0.500 | lr=3.5e-06 | 8.8s
  Fold 1 | Ep  32/50 | t_loss=0.0024 t_acc=0.999 | v_loss=4.8971 v_bal=0.512 | v_rec_bal=0.500 | lr=3.2e-06 | 8.8s
  Fold 1 | Ep  33/50 | t_loss=0.0024 t_acc=0.999 | v_loss=5.0192 v_bal=0.513 | v_rec_bal=0.500 | lr=2.9e-06 | 8.7s
  Fold 1 | Ep  34/50 | t_loss=0.0012 t_acc=1.000 | v_loss=4.9553 v_bal=0.515 | v_rec_bal=0.500 | lr=2.6e-06 | 8.7s
  Fold 1 | Ep  35/50 | t_loss=0.0012 t_acc=1.000 | v_loss=4.9625 v_bal=0.516 | v_rec_bal=0.500 | lr=2.3e-06 | 8.6s
  Fold 1 | Ep  36/50 | t_loss=0.0009 t_acc=1.000 | v_loss=5.0873 v_bal=0.518 | v_rec_bal=0.500 | lr=2.0e-06 | 8.6s
  Fold 1 | Ep  37/50 | t_loss=0.0008 t_acc=1.000 | v_loss=5.1535 v_bal=0.512 | v_rec_bal=0.500 | lr=1.8e-06 | 8.7s
  Fold 1 | Ep  38/50 | t_loss=0.0006 t_acc=1.000 | v_loss=5.1662 v_bal=0.514 | v_rec_bal=0.500 | lr=1.5e-06 | 8.7s
  Fold 1 | Ep  39/50 | t_loss=0.0004 t_acc=1.000 | v_loss=5.1617 v_bal=0.515 | v_rec_bal=0.500 | lr=1.3e-06 | 8.7s
  Fold 1 | Ep  40/50 | t_loss=0.0005 t_acc=1.000 | v_loss=5.2360 v_bal=0.511 | v_rec_bal=0.500 | lr=1.1e-06 | 8.6s
  Fold 1 | Ep  41/50 | t_loss=0.0003 t_acc=1.000 | v_loss=5.2536 v_bal=0.515 | v_rec_bal=0.500 | lr=8.8e-07 | 8.7s
  Fold 1 | Ep  42/50 | t_loss=0.0002 t_acc=1.000 | v_loss=5.2633 v_bal=0.512 | v_rec_bal=0.500 | lr=7.0e-07 | 9.1s
  Fold 1 | Ep  43/50 | t_loss=0.0001 t_acc=1.000 | v_loss=5.2809 v_bal=0.511 | v_rec_bal=0.500 | lr=5.4e-07 | 9.8s
  Fold 1 | Ep  44/50 | t_loss=0.0002 t_acc=1.000 | v_loss=5.3074 v_bal=0.510 | v_rec_bal=0.500 | lr=4.0e-07 | 8.9s
  Fold 1 | Ep  45/50 | t_loss=0.0001 t_acc=1.000 | v_loss=5.2866 v_bal=0.512 | v_rec_bal=0.500 | lr=2.8e-07 | 8.8s
  Fold 1 | Ep  46/50 | t_loss=0.0001 t_acc=1.000 | v_loss=5.3036 v_bal=0.513 | v_rec_bal=0.500 | lr=1.8e-07 | 8.8s
  Fold 1 | Ep  47/50 | t_loss=0.0000 t_acc=1.000 | v_loss=5.3181 v_bal=0.512 | v_rec_bal=0.500 | lr=1.0e-07 | 8.9s
  Fold 1 | Ep  48/50 | t_loss=0.0001 t_acc=1.000 | v_loss=5.3321 v_bal=0.512 | v_rec_bal=0.500 | lr=1.0e-07 | 8.9s
  Fold 1 | Ep  49/50 | t_loss=0.0001 t_acc=1.000 | v_loss=5.3250 v_bal=0.512 | v_rec_bal=0.500 | lr=1.0e-07 | 9.0s
  Fold 1 | Ep  50/50 | t_loss=0.0001 t_acc=1.000 | v_loss=5.3289 v_bal=0.511 | v_rec_bal=0.500 | lr=1.0e-07 | 8.7s
  -> Test (best@ep8): rec_bal=0.7500  win_bal=0.6576
  -> Fold summary (best @ epoch 8): rec_acc=0.8889, rec_bal=0.7500, win_bal=0.6576

============================================================
Global Results (Wang single split (seed=47), FT)
Extractor: labram | Label: dass | Loss: ce
Augmentation: 75% overlap for increase class
============================================================
           acc: 0.8889
       bal_acc: 0.7500
            f1: 0.8741
         kappa: 0.6087
  Predictions: 9 (dataset: 82)

Results saved to results/studies/exp23_wang_full/labram_s47/
