/raid/jupyter-linjimmy1003.md10/.conda/envs/stress/lib/python3.11/site-packages/timm/models/layers/__init__.py:49: FutureWarning: Importing from timm.models.layers is deprecated, please import via timm.layers
  warnings.warn(f"Importing from {__name__} is deprecated, please import via timm.layers", FutureWarning)
Mode: FT | Extractor: labram | Label: dass
Device: cuda:3 | Folds: 5 | Loss: ce
Augmentation: 75% overlap for increase class
LR: 1e-05 | WD: 0.05 | BS: 32 | Grad-accum: 1 | Grad-clip: 1.0

Results -> results/studies/exp23_wang_full/labram_s1/
Window: 5.0s
Duration filter: skipped 10 recordings > 400.0s
Dataset: 82 recordings loaded (19 increase, 63 normal)
Cache: 82 recordings ready (82 cached, 0 new)
Labels (dass): class_0=63, class_1=19 (total=82)

Wang single split (seed=1): train=65, val=8, test=9

============================================================
Wang split (seed=1)
============================================================
  Train:  65 trials, label_0=50, label_1=15
    Val:   8 trials, label_0=6, label_1=2
   Test:   9 trials, label_0=7, label_1=2
  Building window datasets...
    WindowDataset: 6661 windows (class_0=3066, class_1=3595)
    WindowDataset: 679 windows (class_0=365, class_1=314)
    WindowDataset: 952 windows (class_0=434, class_1=518)
[LaBraM] Loaded 221/223 params from weights/labram-base/model.safetensors
[LaBraM] Missing: ['fc_norm.weight', 'fc_norm.bias']
  Trainable parameters: 5,820,939
  Class weights: [1.0862687826156616, 0.926425576210022]
  LLRD: 14 layer groups, LR ∈ [3.70e-08, 1.00e-05] (decay=0.65)
  Fold 1 | Ep   1/50 | t_loss=0.6792 t_acc=0.569 | v_loss=0.6683 v_bal=0.552 | v_rec_bal=0.417 | lr=3.3e-06 | 10.5s
  Fold 1 | Ep   2/50 | t_loss=0.6015 t_acc=0.684 | v_loss=0.5673 v_bal=0.686 | v_rec_bal=0.750 | lr=6.7e-06 | 9.0s
  Fold 1 | Ep   3/50 | t_loss=0.5077 t_acc=0.752 | v_loss=0.4678 v_bal=0.765 | v_rec_bal=0.750 | lr=1.0e-05 | 8.8s
  Fold 1 | Ep   4/50 | t_loss=0.4299 t_acc=0.794 | v_loss=0.4749 v_bal=0.740 | v_rec_bal=1.000 | lr=1.0e-05 | 9.0s
  Fold 1 | Ep   5/50 | t_loss=0.3698 t_acc=0.828 | v_loss=0.6073 v_bal=0.636 | v_rec_bal=0.500 | lr=1.0e-05 | 8.9s
  Fold 1 | Ep   6/50 | t_loss=0.3283 t_acc=0.851 | v_loss=0.6790 v_bal=0.611 | v_rec_bal=0.750 | lr=9.9e-06 | 8.9s
  Fold 1 | Ep   7/50 | t_loss=0.2965 t_acc=0.866 | v_loss=0.7849 v_bal=0.601 | v_rec_bal=0.750 | lr=9.8e-06 | 8.8s
  Fold 1 | Ep   8/50 | t_loss=0.2654 t_acc=0.885 | v_loss=0.9355 v_bal=0.573 | v_rec_bal=0.750 | lr=9.7e-06 | 8.7s
  Fold 1 | Ep   9/50 | t_loss=0.2419 t_acc=0.896 | v_loss=1.0022 v_bal=0.555 | v_rec_bal=0.750 | lr=9.6e-06 | 8.8s
  Fold 1 | Ep  10/50 | t_loss=0.2181 t_acc=0.911 | v_loss=1.3590 v_bal=0.527 | v_rec_bal=0.500 | lr=9.5e-06 | 8.5s
  Fold 1 | Ep  11/50 | t_loss=0.1921 t_acc=0.920 | v_loss=0.8932 v_bal=0.619 | v_rec_bal=0.667 | lr=9.3e-06 | 8.3s
  Fold 1 | Ep  12/50 | t_loss=0.1720 t_acc=0.933 | v_loss=1.0224 v_bal=0.592 | v_rec_bal=0.667 | lr=9.1e-06 | 8.3s
  Fold 1 | Ep  13/50 | t_loss=0.1487 t_acc=0.946 | v_loss=1.0453 v_bal=0.613 | v_rec_bal=0.750 | lr=8.9e-06 | 8.3s
  Fold 1 | Ep  14/50 | t_loss=0.1351 t_acc=0.949 | v_loss=1.4124 v_bal=0.563 | v_rec_bal=0.750 | lr=8.7e-06 | 8.3s
  Fold 1 | Ep  15/50 | t_loss=0.1145 t_acc=0.959 | v_loss=1.4139 v_bal=0.575 | v_rec_bal=0.750 | lr=8.5e-06 | 8.3s
  Fold 1 | Ep  16/50 | t_loss=0.0990 t_acc=0.965 | v_loss=1.4885 v_bal=0.571 | v_rec_bal=0.750 | lr=8.2e-06 | 8.3s
  Fold 1 | Ep  17/50 | t_loss=0.0837 t_acc=0.973 | v_loss=1.5961 v_bal=0.563 | v_rec_bal=0.667 | lr=8.0e-06 | 8.2s
  Fold 1 | Ep  18/50 | t_loss=0.0765 t_acc=0.972 | v_loss=1.7517 v_bal=0.550 | v_rec_bal=0.417 | lr=7.7e-06 | 8.3s
  Fold 1 | Ep  19/50 | t_loss=0.0564 t_acc=0.982 | v_loss=1.8523 v_bal=0.567 | v_rec_bal=0.500 | lr=7.4e-06 | 8.3s
  Fold 1 | Ep  20/50 | t_loss=0.0492 t_acc=0.984 | v_loss=1.7207 v_bal=0.580 | v_rec_bal=0.667 | lr=7.1e-06 | 8.2s
  Fold 1 | Ep  21/50 | t_loss=0.0418 t_acc=0.987 | v_loss=2.1061 v_bal=0.566 | v_rec_bal=0.750 | lr=6.8e-06 | 8.2s
  Fold 1 | Ep  22/50 | t_loss=0.0337 t_acc=0.990 | v_loss=2.0125 v_bal=0.575 | v_rec_bal=0.667 | lr=6.5e-06 | 8.3s
  Fold 1 | Ep  23/50 | t_loss=0.0284 t_acc=0.993 | v_loss=2.4973 v_bal=0.551 | v_rec_bal=0.417 | lr=6.2e-06 | 8.3s
  Fold 1 | Ep  24/50 | t_loss=0.0229 t_acc=0.995 | v_loss=2.5364 v_bal=0.558 | v_rec_bal=0.417 | lr=5.8e-06 | 8.2s
  Fold 1 | Ep  25/50 | t_loss=0.0205 t_acc=0.995 | v_loss=2.6714 v_bal=0.566 | v_rec_bal=0.667 | lr=5.5e-06 | 8.3s
  Fold 1 | Ep  26/50 | t_loss=0.0181 t_acc=0.996 | v_loss=2.6889 v_bal=0.569 | v_rec_bal=0.667 | lr=5.2e-06 | 8.3s
  Fold 1 | Ep  27/50 | t_loss=0.0145 t_acc=0.997 | v_loss=2.7796 v_bal=0.570 | v_rec_bal=0.667 | lr=4.8e-06 | 8.2s
  Fold 1 | Ep  28/50 | t_loss=0.0128 t_acc=0.998 | v_loss=3.0453 v_bal=0.558 | v_rec_bal=0.417 | lr=4.5e-06 | 8.2s
  Fold 1 | Ep  29/50 | t_loss=0.0116 t_acc=0.998 | v_loss=3.0863 v_bal=0.560 | v_rec_bal=0.667 | lr=4.2e-06 | 8.3s
  Fold 1 | Ep  30/50 | t_loss=0.0098 t_acc=0.998 | v_loss=3.1153 v_bal=0.570 | v_rec_bal=0.667 | lr=3.8e-06 | 8.3s
  Fold 1 | Ep  31/50 | t_loss=0.0091 t_acc=0.998 | v_loss=3.2188 v_bal=0.564 | v_rec_bal=0.417 | lr=3.5e-06 | 8.2s
  Fold 1 | Ep  32/50 | t_loss=0.0086 t_acc=0.998 | v_loss=3.3514 v_bal=0.560 | v_rec_bal=0.417 | lr=3.2e-06 | 8.2s
  Fold 1 | Ep  33/50 | t_loss=0.0088 t_acc=0.998 | v_loss=3.4989 v_bal=0.549 | v_rec_bal=0.417 | lr=2.9e-06 | 8.3s
  Fold 1 | Ep  34/50 | t_loss=0.0078 t_acc=0.999 | v_loss=3.4900 v_bal=0.548 | v_rec_bal=0.417 | lr=2.6e-06 | 8.6s
  Fold 1 | Ep  35/50 | t_loss=0.0075 t_acc=0.999 | v_loss=3.4433 v_bal=0.559 | v_rec_bal=0.417 | lr=2.3e-06 | 8.6s
  Fold 1 | Ep  36/50 | t_loss=0.0066 t_acc=0.999 | v_loss=3.4792 v_bal=0.562 | v_rec_bal=0.417 | lr=2.0e-06 | 8.6s
  Fold 1 | Ep  37/50 | t_loss=0.0061 t_acc=0.999 | v_loss=3.5360 v_bal=0.555 | v_rec_bal=0.417 | lr=1.8e-06 | 8.6s
  Fold 1 | Ep  38/50 | t_loss=0.0056 t_acc=0.999 | v_loss=3.5726 v_bal=0.559 | v_rec_bal=0.417 | lr=1.5e-06 | 8.6s
  Fold 1 | Ep  39/50 | t_loss=0.0055 t_acc=0.999 | v_loss=3.5718 v_bal=0.558 | v_rec_bal=0.417 | lr=1.3e-06 | 8.5s
  Fold 1 | Ep  40/50 | t_loss=0.0049 t_acc=0.999 | v_loss=3.5970 v_bal=0.556 | v_rec_bal=0.417 | lr=1.1e-06 | 8.3s
  Fold 1 | Ep  41/50 | t_loss=0.0043 t_acc=0.999 | v_loss=3.6384 v_bal=0.561 | v_rec_bal=0.417 | lr=8.8e-07 | 8.2s
  Fold 1 | Ep  42/50 | t_loss=0.0038 t_acc=0.999 | v_loss=3.6730 v_bal=0.555 | v_rec_bal=0.417 | lr=7.0e-07 | 8.3s
  Fold 1 | Ep  43/50 | t_loss=0.0037 t_acc=0.999 | v_loss=3.6696 v_bal=0.559 | v_rec_bal=0.417 | lr=5.4e-07 | 8.3s
  Fold 1 | Ep  44/50 | t_loss=0.0032 t_acc=0.999 | v_loss=3.6983 v_bal=0.556 | v_rec_bal=0.417 | lr=4.0e-07 | 8.5s
  Fold 1 | Ep  45/50 | t_loss=0.0035 t_acc=0.999 | v_loss=3.6830 v_bal=0.558 | v_rec_bal=0.417 | lr=2.8e-07 | 8.3s
  Fold 1 | Ep  46/50 | t_loss=0.0032 t_acc=0.999 | v_loss=3.6908 v_bal=0.556 | v_rec_bal=0.417 | lr=1.8e-07 | 8.2s
  Fold 1 | Ep  47/50 | t_loss=0.0034 t_acc=0.999 | v_loss=3.7081 v_bal=0.553 | v_rec_bal=0.417 | lr=1.0e-07 | 8.3s
  Fold 1 | Ep  48/50 | t_loss=0.0033 t_acc=0.999 | v_loss=3.7209 v_bal=0.556 | v_rec_bal=0.417 | lr=1.0e-07 | 8.3s
  Fold 1 | Ep  49/50 | t_loss=0.0031 t_acc=0.999 | v_loss=3.6896 v_bal=0.561 | v_rec_bal=0.417 | lr=1.0e-07 | 8.3s
  Fold 1 | Ep  50/50 | t_loss=0.0029 t_acc=0.999 | v_loss=3.6903 v_bal=0.559 | v_rec_bal=0.417 | lr=1.0e-07 | 8.5s
  -> Test (best@ep3): rec_bal=0.6786  win_bal=0.4743
  -> Fold summary (best @ epoch 3): rec_acc=0.7778, rec_bal=0.6786, win_bal=0.4743

============================================================
Global Results (Wang single split (seed=1), FT)
Extractor: labram | Label: dass | Loss: ce
Augmentation: 75% overlap for increase class
============================================================
           acc: 0.7778
       bal_acc: 0.6786
            f1: 0.7778
         kappa: 0.3571
  Predictions: 9 (dataset: 82)

Results saved to results/studies/exp23_wang_full/labram_s1/
