/raid/jupyter-linjimmy1003.md10/.conda/envs/stress/lib/python3.11/site-packages/timm/models/layers/__init__.py:49: FutureWarning: Importing from timm.models.layers is deprecated, please import via timm.layers
  warnings.warn(f"Importing from {__name__} is deprecated, please import via timm.layers", FutureWarning)
Mode: FT | Extractor: labram | Label: dass
Device: cuda:3 | Folds: 5 | Loss: ce
Augmentation: 75% overlap for increase class
LR: 1e-05 | WD: 0.05 | BS: 32 | Grad-accum: 1 | Grad-clip: 1.0

Results -> results/studies/exp23_wang_full/labram_s2/
Window: 5.0s
Duration filter: skipped 10 recordings > 400.0s
Dataset: 82 recordings loaded (19 increase, 63 normal)
Cache: 82 recordings ready (82 cached, 0 new)
Labels (dass): class_0=63, class_1=19 (total=82)

Wang single split (seed=2): train=65, val=8, test=9

============================================================
Wang split (seed=2)
============================================================
  Train:  65 trials, label_0=50, label_1=15
    Val:   8 trials, label_0=6, label_1=2
   Test:   9 trials, label_0=7, label_1=2
  Building window datasets...
    WindowDataset: 6476 windows (class_0=3041, class_1=3435)
    WindowDataset: 863 windows (class_0=377, class_1=486)
    WindowDataset: 953 windows (class_0=447, class_1=506)
[LaBraM] Loaded 221/223 params from weights/labram-base/model.safetensors
[LaBraM] Missing: ['fc_norm.weight', 'fc_norm.bias']
  Trainable parameters: 5,820,939
  Class weights: [1.0647813081741333, 0.9426491856575012]
  LLRD: 14 layer groups, LR ∈ [3.70e-08, 1.00e-05] (decay=0.65)
  Fold 1 | Ep   1/50 | t_loss=0.7364 t_acc=0.529 | v_loss=0.6534 v_bal=0.629 | v_rec_bal=0.917 | lr=3.3e-06 | 9.9s
  Fold 1 | Ep   2/50 | t_loss=0.6487 t_acc=0.627 | v_loss=0.6542 v_bal=0.630 | v_rec_bal=0.667 | lr=6.7e-06 | 8.8s
  Fold 1 | Ep   3/50 | t_loss=0.5686 t_acc=0.711 | v_loss=0.6653 v_bal=0.601 | v_rec_bal=0.667 | lr=1.0e-05 | 8.7s
  Fold 1 | Ep   4/50 | t_loss=0.4993 t_acc=0.758 | v_loss=0.6244 v_bal=0.666 | v_rec_bal=0.667 | lr=1.0e-05 | 8.8s
  Fold 1 | Ep   5/50 | t_loss=0.4484 t_acc=0.783 | v_loss=0.6871 v_bal=0.621 | v_rec_bal=0.667 | lr=1.0e-05 | 9.0s
  Fold 1 | Ep   6/50 | t_loss=0.4012 t_acc=0.811 | v_loss=0.6483 v_bal=0.661 | v_rec_bal=0.667 | lr=9.9e-06 | 9.1s
  Fold 1 | Ep   7/50 | t_loss=0.3496 t_acc=0.844 | v_loss=0.6652 v_bal=0.659 | v_rec_bal=0.667 | lr=9.8e-06 | 8.4s
  Fold 1 | Ep   8/50 | t_loss=0.3029 t_acc=0.869 | v_loss=0.7511 v_bal=0.663 | v_rec_bal=0.667 | lr=9.7e-06 | 8.3s
  Fold 1 | Ep   9/50 | t_loss=0.2625 t_acc=0.889 | v_loss=0.7575 v_bal=0.670 | v_rec_bal=0.667 | lr=9.6e-06 | 8.7s
  Fold 1 | Ep  10/50 | t_loss=0.2238 t_acc=0.908 | v_loss=0.8477 v_bal=0.667 | v_rec_bal=0.667 | lr=9.5e-06 | 8.4s
  Fold 1 | Ep  11/50 | t_loss=0.1876 t_acc=0.928 | v_loss=0.9038 v_bal=0.670 | v_rec_bal=0.667 | lr=9.3e-06 | 8.3s
  Fold 1 | Ep  12/50 | t_loss=0.1640 t_acc=0.937 | v_loss=0.8346 v_bal=0.668 | v_rec_bal=0.583 | lr=9.1e-06 | 8.3s
  Fold 1 | Ep  13/50 | t_loss=0.1348 t_acc=0.952 | v_loss=1.2225 v_bal=0.675 | v_rec_bal=0.750 | lr=8.9e-06 | 8.3s
  Fold 1 | Ep  14/50 | t_loss=0.1090 t_acc=0.960 | v_loss=1.3471 v_bal=0.668 | v_rec_bal=0.750 | lr=8.7e-06 | 8.3s
  Fold 1 | Ep  15/50 | t_loss=0.0929 t_acc=0.966 | v_loss=1.4597 v_bal=0.665 | v_rec_bal=0.750 | lr=8.5e-06 | 8.3s
  Fold 1 | Ep  16/50 | t_loss=0.0713 t_acc=0.974 | v_loss=1.5849 v_bal=0.681 | v_rec_bal=0.750 | lr=8.2e-06 | 8.3s
  Fold 1 | Ep  17/50 | t_loss=0.0614 t_acc=0.980 | v_loss=1.5211 v_bal=0.678 | v_rec_bal=0.750 | lr=8.0e-06 | 8.7s
  Fold 1 | Ep  18/50 | t_loss=0.0451 t_acc=0.986 | v_loss=1.8322 v_bal=0.667 | v_rec_bal=0.750 | lr=7.7e-06 | 8.4s
  Fold 1 | Ep  19/50 | t_loss=0.0346 t_acc=0.989 | v_loss=1.8104 v_bal=0.672 | v_rec_bal=0.750 | lr=7.4e-06 | 8.3s
  Fold 1 | Ep  20/50 | t_loss=0.0262 t_acc=0.992 | v_loss=1.7986 v_bal=0.676 | v_rec_bal=0.667 | lr=7.1e-06 | 8.2s
  Fold 1 | Ep  21/50 | t_loss=0.0241 t_acc=0.992 | v_loss=2.0499 v_bal=0.678 | v_rec_bal=0.750 | lr=6.8e-06 | 8.3s
  Fold 1 | Ep  22/50 | t_loss=0.0165 t_acc=0.995 | v_loss=2.2507 v_bal=0.674 | v_rec_bal=0.750 | lr=6.5e-06 | 8.2s
  Fold 1 | Ep  23/50 | t_loss=0.0139 t_acc=0.996 | v_loss=2.3800 v_bal=0.676 | v_rec_bal=0.750 | lr=6.2e-06 | 8.2s
  Fold 1 | Ep  24/50 | t_loss=0.0101 t_acc=0.997 | v_loss=2.4400 v_bal=0.677 | v_rec_bal=0.667 | lr=5.8e-06 | 8.2s
  Fold 1 | Ep  25/50 | t_loss=0.0059 t_acc=0.998 | v_loss=2.7311 v_bal=0.679 | v_rec_bal=0.750 | lr=5.5e-06 | 8.3s
  Fold 1 | Ep  26/50 | t_loss=0.0047 t_acc=0.998 | v_loss=2.5497 v_bal=0.678 | v_rec_bal=0.667 | lr=5.2e-06 | 8.2s
  Fold 1 | Ep  27/50 | t_loss=0.0027 t_acc=0.999 | v_loss=2.8365 v_bal=0.678 | v_rec_bal=0.750 | lr=4.8e-06 | 8.3s
  Fold 1 | Ep  28/50 | t_loss=0.0023 t_acc=0.999 | v_loss=2.8518 v_bal=0.685 | v_rec_bal=0.750 | lr=4.5e-06 | 8.2s
  Fold 1 | Ep  29/50 | t_loss=0.0019 t_acc=1.000 | v_loss=2.9472 v_bal=0.676 | v_rec_bal=0.750 | lr=4.2e-06 | 8.3s
  Fold 1 | Ep  30/50 | t_loss=0.0014 t_acc=1.000 | v_loss=2.9127 v_bal=0.684 | v_rec_bal=0.750 | lr=3.8e-06 | 8.2s
  Fold 1 | Ep  31/50 | t_loss=0.0010 t_acc=1.000 | v_loss=3.0381 v_bal=0.680 | v_rec_bal=0.750 | lr=3.5e-06 | 8.3s
  Fold 1 | Ep  32/50 | t_loss=0.0011 t_acc=1.000 | v_loss=3.0805 v_bal=0.679 | v_rec_bal=0.750 | lr=3.2e-06 | 8.2s
  Fold 1 | Ep  33/50 | t_loss=0.0008 t_acc=1.000 | v_loss=3.0581 v_bal=0.679 | v_rec_bal=0.750 | lr=2.9e-06 | 8.2s
  Fold 1 | Ep  34/50 | t_loss=0.0009 t_acc=1.000 | v_loss=3.1584 v_bal=0.676 | v_rec_bal=0.750 | lr=2.6e-06 | 8.3s
  Fold 1 | Ep  35/50 | t_loss=0.0007 t_acc=1.000 | v_loss=3.1649 v_bal=0.680 | v_rec_bal=0.750 | lr=2.3e-06 | 8.2s
  Fold 1 | Ep  36/50 | t_loss=0.0002 t_acc=1.000 | v_loss=3.1693 v_bal=0.677 | v_rec_bal=0.667 | lr=2.0e-06 | 8.3s
  Fold 1 | Ep  37/50 | t_loss=0.0006 t_acc=1.000 | v_loss=3.2115 v_bal=0.682 | v_rec_bal=0.750 | lr=1.8e-06 | 8.2s
  Fold 1 | Ep  38/50 | t_loss=0.0003 t_acc=1.000 | v_loss=3.2192 v_bal=0.682 | v_rec_bal=0.750 | lr=1.5e-06 | 8.2s
  Fold 1 | Ep  39/50 | t_loss=0.0002 t_acc=1.000 | v_loss=3.2442 v_bal=0.682 | v_rec_bal=0.750 | lr=1.3e-06 | 8.2s
  Fold 1 | Ep  40/50 | t_loss=0.0002 t_acc=1.000 | v_loss=3.3391 v_bal=0.679 | v_rec_bal=0.750 | lr=1.1e-06 | 8.2s
  Fold 1 | Ep  41/50 | t_loss=0.0001 t_acc=1.000 | v_loss=3.2530 v_bal=0.683 | v_rec_bal=0.750 | lr=8.8e-07 | 8.3s
  Fold 1 | Ep  42/50 | t_loss=0.0001 t_acc=1.000 | v_loss=3.2613 v_bal=0.680 | v_rec_bal=0.750 | lr=7.0e-07 | 8.2s
  Fold 1 | Ep  43/50 | t_loss=0.0001 t_acc=1.000 | v_loss=3.2659 v_bal=0.681 | v_rec_bal=0.750 | lr=5.4e-07 | 8.2s
  Fold 1 | Ep  44/50 | t_loss=0.0000 t_acc=1.000 | v_loss=3.2914 v_bal=0.680 | v_rec_bal=0.750 | lr=4.0e-07 | 8.4s
  Fold 1 | Ep  45/50 | t_loss=0.0000 t_acc=1.000 | v_loss=3.2659 v_bal=0.682 | v_rec_bal=0.750 | lr=2.8e-07 | 8.6s
  Fold 1 | Ep  46/50 | t_loss=0.0001 t_acc=1.000 | v_loss=3.2801 v_bal=0.679 | v_rec_bal=0.750 | lr=1.8e-07 | 8.5s
  Fold 1 | Ep  47/50 | t_loss=0.0000 t_acc=1.000 | v_loss=3.2643 v_bal=0.682 | v_rec_bal=0.750 | lr=1.0e-07 | 8.3s
  Fold 1 | Ep  48/50 | t_loss=0.0000 t_acc=1.000 | v_loss=3.2765 v_bal=0.682 | v_rec_bal=0.750 | lr=1.0e-07 | 8.2s
  Fold 1 | Ep  49/50 | t_loss=0.0000 t_acc=1.000 | v_loss=3.2651 v_bal=0.679 | v_rec_bal=0.750 | lr=1.0e-07 | 8.2s
  Fold 1 | Ep  50/50 | t_loss=0.0000 t_acc=1.000 | v_loss=3.2719 v_bal=0.680 | v_rec_bal=0.750 | lr=1.0e-07 | 8.5s
  -> Test (best@ep12): rec_bal=0.6071  win_bal=0.5430
  -> Fold summary (best @ epoch 12): rec_acc=0.6667, rec_bal=0.6071, win_bal=0.5430

============================================================
Global Results (Wang single split (seed=2), FT)
Extractor: labram | Label: dass | Loss: ce
Augmentation: 75% overlap for increase class
============================================================
           acc: 0.6667
       bal_acc: 0.6071
            f1: 0.6872
         kappa: 0.1818
  Predictions: 9 (dataset: 82)

Results saved to results/studies/exp23_wang_full/labram_s2/
