/raid/jupyter-linjimmy1003.md10/.conda/envs/stress/lib/python3.11/site-packages/timm/models/layers/__init__.py:49: FutureWarning: Importing from timm.models.layers is deprecated, please import via timm.layers
  warnings.warn(f"Importing from {__name__} is deprecated, please import via timm.layers", FutureWarning)
Mode: FT | Extractor: labram | Label: dass
Device: cuda:5 | Folds: 5 | Loss: ce
Augmentation: 75% overlap for increase class
LR: 1e-05 | WD: 0.05 | BS: 32 | Grad-accum: 1 | Grad-clip: 1.0

Results -> results/studies/exp23_wang_full/labram_s17/
Window: 5.0s
Duration filter: skipped 10 recordings > 400.0s
Dataset: 82 recordings loaded (19 increase, 63 normal)
Cache: 82 recordings ready (82 cached, 0 new)
Labels (dass): class_0=63, class_1=19 (total=82)

Wang single split (seed=17): train=65, val=8, test=9

============================================================
Wang split (seed=17)
============================================================
  Train:  65 trials, label_0=50, label_1=15
    Val:   8 trials, label_0=6, label_1=2
   Test:   9 trials, label_0=7, label_1=2
  Building window datasets...
    WindowDataset: 6501 windows (class_0=3054, class_1=3447)
    WindowDataset: 871 windows (class_0=381, class_1=490)
    WindowDataset: 920 windows (class_0=430, class_1=490)
[LaBraM] Loaded 221/223 params from weights/labram-base/model.safetensors
[LaBraM] Missing: ['fc_norm.weight', 'fc_norm.bias']
  Trainable parameters: 5,820,939
  Class weights: [1.0643419027328491, 0.9429938793182373]
  LLRD: 14 layer groups, LR ∈ [3.70e-08, 1.00e-05] (decay=0.65)
  Fold 1 | Ep   1/50 | t_loss=0.7099 t_acc=0.516 | v_loss=0.7089 v_bal=0.552 | v_rec_bal=0.500 | lr=3.3e-06 | 9.9s
  Fold 1 | Ep   2/50 | t_loss=0.6477 t_acc=0.626 | v_loss=0.6703 v_bal=0.604 | v_rec_bal=0.667 | lr=6.7e-06 | 8.6s
  Fold 1 | Ep   3/50 | t_loss=0.5785 t_acc=0.703 | v_loss=0.6880 v_bal=0.646 | v_rec_bal=0.750 | lr=1.0e-05 | 8.6s
  Fold 1 | Ep   4/50 | t_loss=0.5087 t_acc=0.754 | v_loss=0.7331 v_bal=0.663 | v_rec_bal=0.750 | lr=1.0e-05 | 8.6s
  Fold 1 | Ep   5/50 | t_loss=0.4482 t_acc=0.790 | v_loss=0.7178 v_bal=0.676 | v_rec_bal=0.750 | lr=1.0e-05 | 8.7s
  Fold 1 | Ep   6/50 | t_loss=0.3982 t_acc=0.814 | v_loss=1.0836 v_bal=0.652 | v_rec_bal=0.750 | lr=9.9e-06 | 8.6s
  Fold 1 | Ep   7/50 | t_loss=0.3403 t_acc=0.847 | v_loss=1.2026 v_bal=0.655 | v_rec_bal=0.750 | lr=9.8e-06 | 8.9s
  Fold 1 | Ep   8/50 | t_loss=0.2904 t_acc=0.876 | v_loss=1.1498 v_bal=0.668 | v_rec_bal=0.750 | lr=9.7e-06 | 8.3s
  Fold 1 | Ep   9/50 | t_loss=0.2442 t_acc=0.898 | v_loss=1.4986 v_bal=0.651 | v_rec_bal=0.750 | lr=9.6e-06 | 8.9s
  Fold 1 | Ep  10/50 | t_loss=0.2060 t_acc=0.918 | v_loss=1.4665 v_bal=0.671 | v_rec_bal=0.750 | lr=9.5e-06 | 8.3s
  Fold 1 | Ep  11/50 | t_loss=0.1755 t_acc=0.932 | v_loss=1.5235 v_bal=0.678 | v_rec_bal=0.750 | lr=9.3e-06 | 8.3s
  Fold 1 | Ep  12/50 | t_loss=0.1465 t_acc=0.947 | v_loss=1.8336 v_bal=0.642 | v_rec_bal=0.750 | lr=9.1e-06 | 8.2s
  Fold 1 | Ep  13/50 | t_loss=0.1261 t_acc=0.952 | v_loss=2.0375 v_bal=0.639 | v_rec_bal=0.750 | lr=8.9e-06 | 8.2s
  Fold 1 | Ep  14/50 | t_loss=0.1017 t_acc=0.964 | v_loss=2.0265 v_bal=0.648 | v_rec_bal=0.750 | lr=8.7e-06 | 8.2s
  Fold 1 | Ep  15/50 | t_loss=0.0836 t_acc=0.969 | v_loss=2.1355 v_bal=0.652 | v_rec_bal=0.750 | lr=8.5e-06 | 8.2s
  Fold 1 | Ep  16/50 | t_loss=0.0704 t_acc=0.975 | v_loss=2.2097 v_bal=0.653 | v_rec_bal=0.750 | lr=8.2e-06 | 8.2s
  Fold 1 | Ep  17/50 | t_loss=0.0589 t_acc=0.981 | v_loss=2.4214 v_bal=0.633 | v_rec_bal=0.750 | lr=8.0e-06 | 8.2s
  Fold 1 | Ep  18/50 | t_loss=0.0454 t_acc=0.985 | v_loss=2.5052 v_bal=0.658 | v_rec_bal=0.750 | lr=7.7e-06 | 8.1s
  Fold 1 | Ep  19/50 | t_loss=0.0355 t_acc=0.989 | v_loss=2.5904 v_bal=0.660 | v_rec_bal=0.750 | lr=7.4e-06 | 8.2s
  Fold 1 | Ep  20/50 | t_loss=0.0271 t_acc=0.993 | v_loss=2.8238 v_bal=0.646 | v_rec_bal=0.750 | lr=7.1e-06 | 8.1s
  Fold 1 | Ep  21/50 | t_loss=0.0223 t_acc=0.994 | v_loss=2.7021 v_bal=0.669 | v_rec_bal=0.750 | lr=6.8e-06 | 8.2s
  Fold 1 | Ep  22/50 | t_loss=0.0175 t_acc=0.995 | v_loss=3.0664 v_bal=0.662 | v_rec_bal=0.750 | lr=6.5e-06 | 8.1s
  Fold 1 | Ep  23/50 | t_loss=0.0176 t_acc=0.996 | v_loss=3.2391 v_bal=0.653 | v_rec_bal=0.750 | lr=6.2e-06 | 8.1s
  Fold 1 | Ep  24/50 | t_loss=0.0131 t_acc=0.996 | v_loss=3.2907 v_bal=0.658 | v_rec_bal=0.750 | lr=5.8e-06 | 8.1s
  Fold 1 | Ep  25/50 | t_loss=0.0106 t_acc=0.998 | v_loss=3.4701 v_bal=0.654 | v_rec_bal=0.750 | lr=5.5e-06 | 8.1s
  Fold 1 | Ep  26/50 | t_loss=0.0097 t_acc=0.998 | v_loss=3.4655 v_bal=0.672 | v_rec_bal=0.750 | lr=5.2e-06 | 8.1s
  Fold 1 | Ep  27/50 | t_loss=0.0094 t_acc=0.998 | v_loss=3.7662 v_bal=0.651 | v_rec_bal=0.750 | lr=4.8e-06 | 8.1s
  Fold 1 | Ep  28/50 | t_loss=0.0073 t_acc=0.999 | v_loss=3.9120 v_bal=0.645 | v_rec_bal=0.750 | lr=4.5e-06 | 8.1s
  Fold 1 | Ep  29/50 | t_loss=0.0070 t_acc=0.998 | v_loss=3.8493 v_bal=0.656 | v_rec_bal=0.750 | lr=4.2e-06 | 8.1s
  Fold 1 | Ep  30/50 | t_loss=0.0062 t_acc=0.999 | v_loss=3.8476 v_bal=0.658 | v_rec_bal=0.750 | lr=3.8e-06 | 8.1s
  Fold 1 | Ep  31/50 | t_loss=0.0049 t_acc=0.999 | v_loss=3.9115 v_bal=0.659 | v_rec_bal=0.750 | lr=3.5e-06 | 8.1s
  Fold 1 | Ep  32/50 | t_loss=0.0037 t_acc=0.999 | v_loss=3.8808 v_bal=0.658 | v_rec_bal=0.750 | lr=3.2e-06 | 8.1s
  Fold 1 | Ep  33/50 | t_loss=0.0038 t_acc=1.000 | v_loss=3.9970 v_bal=0.654 | v_rec_bal=0.750 | lr=2.9e-06 | 8.1s
  Fold 1 | Ep  34/50 | t_loss=0.0032 t_acc=1.000 | v_loss=4.0092 v_bal=0.655 | v_rec_bal=0.750 | lr=2.6e-06 | 8.1s
  Fold 1 | Ep  35/50 | t_loss=0.0032 t_acc=1.000 | v_loss=4.0357 v_bal=0.654 | v_rec_bal=0.750 | lr=2.3e-06 | 8.1s
  Fold 1 | Ep  36/50 | t_loss=0.0023 t_acc=1.000 | v_loss=4.0930 v_bal=0.649 | v_rec_bal=0.750 | lr=2.0e-06 | 8.1s
  Fold 1 | Ep  37/50 | t_loss=0.0025 t_acc=1.000 | v_loss=4.0371 v_bal=0.657 | v_rec_bal=0.750 | lr=1.8e-06 | 8.1s
  Fold 1 | Ep  38/50 | t_loss=0.0024 t_acc=1.000 | v_loss=4.0879 v_bal=0.656 | v_rec_bal=0.750 | lr=1.5e-06 | 8.1s
  Fold 1 | Ep  39/50 | t_loss=0.0019 t_acc=1.000 | v_loss=4.1743 v_bal=0.645 | v_rec_bal=0.750 | lr=1.3e-06 | 8.1s
  Fold 1 | Ep  40/50 | t_loss=0.0017 t_acc=1.000 | v_loss=4.1139 v_bal=0.653 | v_rec_bal=0.750 | lr=1.1e-06 | 8.1s
  Fold 1 | Ep  41/50 | t_loss=0.0017 t_acc=1.000 | v_loss=4.1157 v_bal=0.654 | v_rec_bal=0.750 | lr=8.8e-07 | 8.1s
  Fold 1 | Ep  42/50 | t_loss=0.0015 t_acc=1.000 | v_loss=4.1299 v_bal=0.653 | v_rec_bal=0.750 | lr=7.0e-07 | 8.2s
  Fold 1 | Ep  43/50 | t_loss=0.0014 t_acc=1.000 | v_loss=4.1513 v_bal=0.652 | v_rec_bal=0.750 | lr=5.4e-07 | 8.1s
  Fold 1 | Ep  44/50 | t_loss=0.0015 t_acc=1.000 | v_loss=4.1445 v_bal=0.655 | v_rec_bal=0.750 | lr=4.0e-07 | 8.1s
  Fold 1 | Ep  45/50 | t_loss=0.0014 t_acc=1.000 | v_loss=4.1569 v_bal=0.650 | v_rec_bal=0.750 | lr=2.8e-07 | 8.1s
  Fold 1 | Ep  46/50 | t_loss=0.0014 t_acc=1.000 | v_loss=4.1640 v_bal=0.652 | v_rec_bal=0.750 | lr=1.8e-07 | 8.1s
  Fold 1 | Ep  47/50 | t_loss=0.0013 t_acc=1.000 | v_loss=4.1681 v_bal=0.650 | v_rec_bal=0.750 | lr=1.0e-07 | 8.1s
  Fold 1 | Ep  48/50 | t_loss=0.0012 t_acc=1.000 | v_loss=4.1880 v_bal=0.655 | v_rec_bal=0.750 | lr=1.0e-07 | 8.1s
  Fold 1 | Ep  49/50 | t_loss=0.0012 t_acc=1.000 | v_loss=4.1678 v_bal=0.653 | v_rec_bal=0.750 | lr=1.0e-07 | 8.1s
  Fold 1 | Ep  50/50 | t_loss=0.0011 t_acc=1.000 | v_loss=4.1645 v_bal=0.653 | v_rec_bal=0.750 | lr=1.0e-07 | 8.1s
  -> Test (best@ep5): rec_bal=0.6786  win_bal=0.5924
  -> Fold summary (best @ epoch 5): rec_acc=0.7778, rec_bal=0.6786, win_bal=0.5924

============================================================
Global Results (Wang single split (seed=17), FT)
Extractor: labram | Label: dass | Loss: ce
Augmentation: 75% overlap for increase class
============================================================
           acc: 0.7778
       bal_acc: 0.6786
            f1: 0.7778
         kappa: 0.3571
  Predictions: 9 (dataset: 82)

Results saved to results/studies/exp23_wang_full/labram_s17/
