/raid/jupyter-linjimmy1003.md10/.conda/envs/stress/lib/python3.11/site-packages/timm/models/layers/__init__.py:49: FutureWarning: Importing from timm.models.layers is deprecated, please import via timm.layers
  warnings.warn(f"Importing from {__name__} is deprecated, please import via timm.layers", FutureWarning)
Mode: FT | Extractor: cbramod | Folds: 5
LR: 0.0001 | WD: 0.05 | Beta2: 0.999 | Grad clip: 2.0
Head: hidden=128, dropout=0.0 | Norm: none | Loss: focal
Full FT: encoder_lr_scale=0.1
Augmentation: 75% overlap for increase class

Results → results/hp_sweep/20260410_dass/cbramod/cbramod_encoderlrscale0.1_lr1e-4_s2024/
Dataset: 70 recordings loaded (14 increase, 56 normal)
Cache: 70 recordings ready (70 cached, 0 new)

============================================================
Fold 1/5
============================================================
  Train:  45 samples, 12 subjects [1, 2, 3, 6, 7, 9, 10, 12, 13, 14, 16, 18], label_0=34, label_1=11
    Val:  12 samples,  2 subjects [5, 11], label_0=11, label_1=1
   Test:  13 samples,  3 subjects [4, 8, 17], label_0=11, label_1=2
  Building window datasets...
    WindowDataset: 6044 windows (class_0=3001, class_1=3043)
    WindowDataset: 964 windows (class_0=903, class_1=61)
    WindowDataset: 824 windows (class_0=698, class_1=126)
[CBraMod] Loaded 209/209 params from weights/cbramod-base/pretrained_weights.pth
  Trainable parameters: 4,935,443
  Class weights: [1.0069977045059204, 0.9930989146232605]
  Fold 1 | Ep   1/50 | t_loss=0.1714 t_acc=0.591 | v_win_bal=0.308 v_rec_bal=0.273 | lr=3.3e-05 | 15.7s
  Fold 1 | Ep   2/50 | t_loss=0.1277 t_acc=0.772 | v_win_bal=0.451 v_rec_bal=0.545 | lr=6.7e-05 | 13.1s
  Fold 1 | Ep   3/50 | t_loss=0.1142 t_acc=0.805 | v_win_bal=0.439 v_rec_bal=0.545 | lr=1.0e-04 | 13.1s
  Fold 1 | Ep   4/50 | t_loss=0.1099 t_acc=0.821 | v_win_bal=0.368 v_rec_bal=0.273 | lr=1.0e-04 | 13.4s
  Fold 1 | Ep   5/50 | t_loss=0.1052 t_acc=0.828 | v_win_bal=0.387 v_rec_bal=0.318 | lr=1.0e-04 | 13.0s
  Fold 1 | Ep   6/50 | t_loss=0.1034 t_acc=0.835 | v_win_bal=0.402 v_rec_bal=0.409 | lr=9.9e-05 | 13.1s
  Fold 1 | Ep   7/50 | t_loss=0.0981 t_acc=0.846 | v_win_bal=0.399 v_rec_bal=0.455 | lr=9.8e-05 | 13.0s
  Fold 1 | Ep   8/50 | t_loss=0.0973 t_acc=0.850 | v_win_bal=0.379 v_rec_bal=0.364 | lr=9.7e-05 | 13.0s
  Fold 1 | Ep   9/50 | t_loss=0.0979 t_acc=0.847 | v_win_bal=0.436 v_rec_bal=0.500 | lr=9.6e-05 | 13.1s
  Fold 1 | Ep  10/50 | t_loss=0.0881 t_acc=0.865 | v_win_bal=0.459 v_rec_bal=0.500 | lr=9.5e-05 | 13.0s
  Fold 1 | Ep  11/50 | t_loss=0.0862 t_acc=0.866 | v_win_bal=0.439 v_rec_bal=0.500 | lr=9.3e-05 | 13.1s
  Fold 1 | Ep  12/50 | t_loss=0.0818 t_acc=0.867 | v_win_bal=0.451 v_rec_bal=0.500 | lr=9.1e-05 | 13.1s
  Fold 1 | Ep  13/50 | t_loss=0.0767 t_acc=0.881 | v_win_bal=0.351 v_rec_bal=0.318 | lr=8.9e-05 | 13.0s
  Fold 1 | Ep  14/50 | t_loss=0.0738 t_acc=0.890 | v_win_bal=0.389 v_rec_bal=0.409 | lr=8.7e-05 | 13.1s
  Fold 1 | Ep  15/50 | t_loss=0.0709 t_acc=0.893 | v_win_bal=0.368 v_rec_bal=0.318 | lr=8.5e-05 | 13.0s
  Fold 1 | Ep  16/50 | t_loss=0.0701 t_acc=0.890 | v_win_bal=0.397 v_rec_bal=0.455 | lr=8.2e-05 | 13.0s
  Fold 1 | Ep  17/50 | t_loss=0.0700 t_acc=0.891 | v_win_bal=0.330 v_rec_bal=0.318 | lr=8.0e-05 | 13.0s
  Fold 1 | Ep  18/50 | t_loss=0.0667 t_acc=0.898 | v_win_bal=0.411 v_rec_bal=0.500 | lr=7.7e-05 | 13.0s
  Fold 1 | Ep  19/50 | t_loss=0.0632 t_acc=0.902 | v_win_bal=0.358 v_rec_bal=0.318 | lr=7.4e-05 | 13.0s
  Fold 1 | Ep  20/50 | t_loss=0.0655 t_acc=0.901 | v_win_bal=0.331 v_rec_bal=0.318 | lr=7.1e-05 | 13.5s
  Fold 1 | Ep  21/50 | t_loss=0.0625 t_acc=0.907 | v_win_bal=0.286 v_rec_bal=0.227 | lr=6.8e-05 | 13.1s
  Fold 1 | Ep  22/50 | t_loss=0.0597 t_acc=0.910 | v_win_bal=0.280 v_rec_bal=0.227 | lr=6.5e-05 | 13.1s
  Fold 1 | Ep  23/50 | t_loss=0.0579 t_acc=0.912 | v_win_bal=0.305 v_rec_bal=0.227 | lr=6.2e-05 | 13.4s
  Fold 1 | Ep  24/50 | t_loss=0.0570 t_acc=0.916 | v_win_bal=0.279 v_rec_bal=0.227 | lr=5.8e-05 | 13.0s
  Fold 1 | Ep  25/50 | t_loss=0.0556 t_acc=0.919 | v_win_bal=0.278 v_rec_bal=0.227 | lr=5.5e-05 | 13.1s
  Fold 1 | Ep  26/50 | t_loss=0.0568 t_acc=0.918 | v_win_bal=0.306 v_rec_bal=0.227 | lr=5.2e-05 | 13.1s
  Early stop at epoch 26
  -> Test (best @ epoch 2): acc=0.8462, bal_acc=0.5000

============================================================
Fold 2/5
============================================================
  Train:  41 samples, 11 subjects [1, 2, 4, 6, 7, 8, 9, 10, 13, 14, 17], label_0=31, label_1=10
    Val:  17 samples,  4 subjects [3, 12, 16, 18], label_0=14, label_1=3
   Test:  12 samples,  2 subjects [5, 11], label_0=11, label_1=1
  Building window datasets...
    WindowDataset: 5268 windows (class_0=2478, class_1=2790)
    WindowDataset: 1411 windows (class_0=1221, class_1=190)
    WindowDataset: 964 windows (class_0=903, class_1=61)
[CBraMod] Loaded 209/209 params from weights/cbramod-base/pretrained_weights.pth
  Fold 2 | Ep   1/50 | t_loss=0.1728 t_acc=0.520 | v_win_bal=0.528 v_rec_bal=0.429 | lr=3.3e-05 | 12.5s
  Fold 2 | Ep   2/50 | t_loss=0.1480 t_acc=0.692 | v_win_bal=0.664 v_rec_bal=0.690 | lr=6.7e-05 | 12.1s
  Fold 2 | Ep   3/50 | t_loss=0.1204 t_acc=0.763 | v_win_bal=0.487 v_rec_bal=0.452 | lr=1.0e-04 | 12.2s
  Fold 2 | Ep   4/50 | t_loss=0.1018 t_acc=0.825 | v_win_bal=0.479 v_rec_bal=0.464 | lr=1.0e-04 | 12.1s
  Fold 2 | Ep   5/50 | t_loss=0.0862 t_acc=0.866 | v_win_bal=0.492 v_rec_bal=0.500 | lr=1.0e-04 | 12.2s
  Fold 2 | Ep   6/50 | t_loss=0.0720 t_acc=0.891 | v_win_bal=0.484 v_rec_bal=0.500 | lr=9.9e-05 | 12.1s
  Fold 2 | Ep   7/50 | t_loss=0.0749 t_acc=0.883 | v_win_bal=0.492 v_rec_bal=0.500 | lr=9.8e-05 | 12.3s
  Fold 2 | Ep   8/50 | t_loss=0.0662 t_acc=0.899 | v_win_bal=0.487 v_rec_bal=0.500 | lr=9.7e-05 | 12.1s
  Fold 2 | Ep   9/50 | t_loss=0.0628 t_acc=0.908 | v_win_bal=0.489 v_rec_bal=0.500 | lr=9.6e-05 | 12.1s
  Fold 2 | Ep  10/50 | t_loss=0.0579 t_acc=0.914 | v_win_bal=0.489 v_rec_bal=0.500 | lr=9.5e-05 | 12.1s
  Fold 2 | Ep  11/50 | t_loss=0.0578 t_acc=0.912 | v_win_bal=0.493 v_rec_bal=0.500 | lr=9.3e-05 | 12.0s
  Fold 2 | Ep  12/50 | t_loss=0.0558 t_acc=0.916 | v_win_bal=0.488 v_rec_bal=0.500 | lr=9.1e-05 | 12.0s
  Fold 2 | Ep  13/50 | t_loss=0.0553 t_acc=0.920 | v_win_bal=0.482 v_rec_bal=0.500 | lr=8.9e-05 | 12.1s
  Fold 2 | Ep  14/50 | t_loss=0.0574 t_acc=0.916 | v_win_bal=0.485 v_rec_bal=0.500 | lr=8.7e-05 | 12.0s
  Fold 2 | Ep  15/50 | t_loss=0.0528 t_acc=0.921 | v_win_bal=0.482 v_rec_bal=0.500 | lr=8.5e-05 | 12.1s
  Fold 2 | Ep  16/50 | t_loss=0.0491 t_acc=0.926 | v_win_bal=0.484 v_rec_bal=0.500 | lr=8.2e-05 | 12.1s
  Fold 2 | Ep  17/50 | t_loss=0.0474 t_acc=0.930 | v_win_bal=0.483 v_rec_bal=0.500 | lr=8.0e-05 | 12.0s
  Early stop at epoch 17
  -> Test (best @ epoch 2): acc=0.0833, bal_acc=0.5000

============================================================
Fold 3/5
============================================================
  Train:  44 samples, 10 subjects [1, 2, 3, 5, 6, 7, 11, 13, 16, 18], label_0=35, label_1=9
    Val:  13 samples,  3 subjects [4, 8, 17], label_0=11, label_1=2
   Test:  13 samples,  4 subjects [9, 10, 12, 14], label_0=10, label_1=3
  Building window datasets...
    WindowDataset: 4825 windows (class_0=2580, class_1=2245)
    WindowDataset: 824 windows (class_0=698, class_1=126)
    WindowDataset: 1586 windows (class_0=1324, class_1=262)
[CBraMod] Loaded 209/209 params from weights/cbramod-base/pretrained_weights.pth
  Fold 3 | Ep   1/50 | t_loss=0.1734 t_acc=0.538 | v_win_bal=0.378 v_rec_bal=0.591 | lr=3.3e-05 | 10.5s
  Fold 3 | Ep   2/50 | t_loss=0.1699 t_acc=0.554 | v_win_bal=0.287 v_rec_bal=0.227 | lr=6.7e-05 | 10.8s
  Fold 3 | Ep   3/50 | t_loss=0.1525 t_acc=0.643 | v_win_bal=0.479 v_rec_bal=0.500 | lr=1.0e-04 | 10.7s
  Fold 3 | Ep   4/50 | t_loss=0.1410 t_acc=0.700 | v_win_bal=0.488 v_rec_bal=0.500 | lr=1.0e-04 | 10.5s
  Fold 3 | Ep   5/50 | t_loss=0.1334 t_acc=0.731 | v_win_bal=0.495 v_rec_bal=0.500 | lr=1.0e-04 | 10.4s
  Fold 3 | Ep   6/50 | t_loss=0.1259 t_acc=0.741 | v_win_bal=0.497 v_rec_bal=0.500 | lr=9.9e-05 | 10.5s
  Fold 3 | Ep   7/50 | t_loss=0.1262 t_acc=0.747 | v_win_bal=0.498 v_rec_bal=0.500 | lr=9.8e-05 | 10.6s
  Fold 3 | Ep   8/50 | t_loss=0.1189 t_acc=0.764 | v_win_bal=0.500 v_rec_bal=0.500 | lr=9.7e-05 | 11.0s
  Fold 3 | Ep   9/50 | t_loss=0.1159 t_acc=0.772 | v_win_bal=0.500 v_rec_bal=0.500 | lr=9.6e-05 | 11.3s
  Fold 3 | Ep  10/50 | t_loss=0.1114 t_acc=0.789 | v_win_bal=0.500 v_rec_bal=0.500 | lr=9.5e-05 | 10.5s
  Fold 3 | Ep  11/50 | t_loss=0.1044 t_acc=0.800 | v_win_bal=0.500 v_rec_bal=0.500 | lr=9.3e-05 | 10.5s
  Fold 3 | Ep  12/50 | t_loss=0.1011 t_acc=0.810 | v_win_bal=0.500 v_rec_bal=0.500 | lr=9.1e-05 | 10.5s
  Fold 3 | Ep  13/50 | t_loss=0.1035 t_acc=0.811 | v_win_bal=0.500 v_rec_bal=0.500 | lr=8.9e-05 | 10.5s
  Fold 3 | Ep  14/50 | t_loss=0.1019 t_acc=0.813 | v_win_bal=0.500 v_rec_bal=0.500 | lr=8.7e-05 | 10.5s
  Fold 3 | Ep  15/50 | t_loss=0.0938 t_acc=0.826 | v_win_bal=0.500 v_rec_bal=0.500 | lr=8.5e-05 | 10.7s
  Fold 3 | Ep  16/50 | t_loss=0.0933 t_acc=0.842 | v_win_bal=0.500 v_rec_bal=0.500 | lr=8.2e-05 | 10.6s
  Early stop at epoch 16
  -> Test (best @ epoch 1): acc=0.1538, bal_acc=0.3333

============================================================
Fold 4/5
============================================================
  Train:  40 samples, 10 subjects [1, 2, 4, 5, 6, 8, 9, 10, 11, 14], label_0=31, label_1=9
    Val:  13 samples,  3 subjects [12, 17, 18], label_0=11, label_1=2
   Test:  17 samples,  4 subjects [3, 7, 13, 16], label_0=14, label_1=3
  Building window datasets...
    WindowDataset: 5020 windows (class_0=2487, class_1=2533)
    WindowDataset: 1166 windows (class_0=1040, class_1=126)
    WindowDataset: 1265 windows (class_0=1075, class_1=190)
[CBraMod] Loaded 209/209 params from weights/cbramod-base/pretrained_weights.pth
  Fold 4 | Ep   1/50 | t_loss=0.1733 t_acc=0.512 | v_win_bal=0.500 v_rec_bal=0.500 | lr=3.3e-05 | 11.4s
  Fold 4 | Ep   2/50 | t_loss=0.1685 t_acc=0.580 | v_win_bal=0.500 v_rec_bal=0.500 | lr=6.7e-05 | 11.3s
  Fold 4 | Ep   3/50 | t_loss=0.1476 t_acc=0.704 | v_win_bal=0.542 v_rec_bal=0.773 | lr=1.0e-04 | 11.3s
  Fold 4 | Ep   4/50 | t_loss=0.1261 t_acc=0.768 | v_win_bal=0.497 v_rec_bal=0.500 | lr=1.0e-04 | 11.2s
  Fold 4 | Ep   5/50 | t_loss=0.1098 t_acc=0.813 | v_win_bal=0.500 v_rec_bal=0.500 | lr=1.0e-04 | 11.2s
  Fold 4 | Ep   6/50 | t_loss=0.0958 t_acc=0.840 | v_win_bal=0.500 v_rec_bal=0.500 | lr=9.9e-05 | 11.2s
  Fold 4 | Ep   7/50 | t_loss=0.0928 t_acc=0.850 | v_win_bal=0.500 v_rec_bal=0.500 | lr=9.8e-05 | 11.3s
  Fold 4 | Ep   8/50 | t_loss=0.0824 t_acc=0.863 | v_win_bal=0.500 v_rec_bal=0.500 | lr=9.7e-05 | 11.3s
  Fold 4 | Ep   9/50 | t_loss=0.0811 t_acc=0.873 | v_win_bal=0.500 v_rec_bal=0.500 | lr=9.6e-05 | 10.6s
  Fold 4 | Ep  10/50 | t_loss=0.0806 t_acc=0.871 | v_win_bal=0.500 v_rec_bal=0.500 | lr=9.5e-05 | 10.9s
  Fold 4 | Ep  11/50 | t_loss=0.0813 t_acc=0.870 | v_win_bal=0.500 v_rec_bal=0.500 | lr=9.3e-05 | 9.8s
  Fold 4 | Ep  12/50 | t_loss=0.0799 t_acc=0.874 | v_win_bal=0.500 v_rec_bal=0.500 | lr=9.1e-05 | 9.8s
  Fold 4 | Ep  13/50 | t_loss=0.0728 t_acc=0.884 | v_win_bal=0.500 v_rec_bal=0.500 | lr=8.9e-05 | 9.8s
  Fold 4 | Ep  14/50 | t_loss=0.0717 t_acc=0.885 | v_win_bal=0.500 v_rec_bal=0.500 | lr=8.7e-05 | 9.8s
  Fold 4 | Ep  15/50 | t_loss=0.0707 t_acc=0.891 | v_win_bal=0.500 v_rec_bal=0.500 | lr=8.5e-05 | 9.7s
  Fold 4 | Ep  16/50 | t_loss=0.0732 t_acc=0.890 | v_win_bal=0.500 v_rec_bal=0.500 | lr=8.2e-05 | 9.8s
  Fold 4 | Ep  17/50 | t_loss=0.0679 t_acc=0.893 | v_win_bal=0.500 v_rec_bal=0.500 | lr=8.0e-05 | 10.1s
  Fold 4 | Ep  18/50 | t_loss=0.0642 t_acc=0.896 | v_win_bal=0.500 v_rec_bal=0.500 | lr=7.7e-05 | 9.9s
  Early stop at epoch 18
  -> Test (best @ epoch 3): acc=0.3529, bal_acc=0.4762

============================================================
Fold 5/5
============================================================
  Train:  43 samples, 11 subjects [3, 4, 7, 8, 9, 10, 12, 13, 14, 16, 17], label_0=35, label_1=8
    Val:  12 samples,  2 subjects [5, 11], label_0=11, label_1=1
   Test:  15 samples,  4 subjects [1, 2, 6, 18], label_0=10, label_1=5
  Building window datasets...
    WindowDataset: 5385 windows (class_0=3097, class_1=2288)
    WindowDataset: 964 windows (class_0=903, class_1=61)
    WindowDataset: 919 windows (class_0=602, class_1=317)
[CBraMod] Loaded 209/209 params from weights/cbramod-base/pretrained_weights.pth
  Fold 5 | Ep   1/50 | t_loss=0.1728 t_acc=0.494 | v_win_bal=0.500 v_rec_bal=0.500 | lr=3.3e-05 | 10.3s
  Fold 5 | Ep   2/50 | t_loss=0.1416 t_acc=0.752 | v_win_bal=0.507 v_rec_bal=0.500 | lr=6.7e-05 | 10.3s
  Fold 5 | Ep   3/50 | t_loss=0.1161 t_acc=0.789 | v_win_bal=0.515 v_rec_bal=0.500 | lr=1.0e-04 | 10.2s
  Fold 5 | Ep   4/50 | t_loss=0.1028 t_acc=0.828 | v_win_bal=0.421 v_rec_bal=0.500 | lr=1.0e-04 | 10.3s
  Fold 5 | Ep   5/50 | t_loss=0.0964 t_acc=0.840 | v_win_bal=0.435 v_rec_bal=0.500 | lr=1.0e-04 | 10.2s
  Fold 5 | Ep   6/50 | t_loss=0.0954 t_acc=0.844 | v_win_bal=0.447 v_rec_bal=0.500 | lr=9.9e-05 | 10.9s
  Fold 5 | Ep   7/50 | t_loss=0.0874 t_acc=0.858 | v_win_bal=0.468 v_rec_bal=0.500 | lr=9.8e-05 | 10.3s
  Fold 5 | Ep   8/50 | t_loss=0.0880 t_acc=0.863 | v_win_bal=0.424 v_rec_bal=0.500 | lr=9.7e-05 | 10.3s
  Fold 5 | Ep   9/50 | t_loss=0.0826 t_acc=0.869 | v_win_bal=0.475 v_rec_bal=0.500 | lr=9.6e-05 | 10.2s
  Fold 5 | Ep  10/50 | t_loss=0.0875 t_acc=0.860 | v_win_bal=0.429 v_rec_bal=0.500 | lr=9.5e-05 | 10.2s
  Fold 5 | Ep  11/50 | t_loss=0.0803 t_acc=0.876 | v_win_bal=0.445 v_rec_bal=0.500 | lr=9.3e-05 | 10.2s
  Fold 5 | Ep  12/50 | t_loss=0.0760 t_acc=0.886 | v_win_bal=0.478 v_rec_bal=0.500 | lr=9.1e-05 | 10.4s
  Fold 5 | Ep  13/50 | t_loss=0.0829 t_acc=0.881 | v_win_bal=0.395 v_rec_bal=0.455 | lr=8.9e-05 | 10.3s
  Fold 5 | Ep  14/50 | t_loss=0.0765 t_acc=0.888 | v_win_bal=0.377 v_rec_bal=0.364 | lr=8.7e-05 | 10.3s
  Fold 5 | Ep  15/50 | t_loss=0.0712 t_acc=0.895 | v_win_bal=0.418 v_rec_bal=0.500 | lr=8.5e-05 | 10.2s
  Fold 5 | Ep  16/50 | t_loss=0.0697 t_acc=0.894 | v_win_bal=0.469 v_rec_bal=0.500 | lr=8.2e-05 | 10.2s
  Early stop at epoch 16
  -> Test (best @ epoch 1): acc=0.3333, bal_acc=0.5000

============================================================
Global Results (5-Fold, subject-level CV)
Mode: FT | Extractor: cbramod | Loss: focal
============================================================
              acc: 0.3571
          bal_acc: 0.4911
               f1: 0.3815
            kappa: -0.0090
  Total predictions: 70 (should equal dataset size: 70)

Results saved to results/hp_sweep/20260410_dass/cbramod/cbramod_encoderlrscale0.1_lr1e-4_s2024/
s2024/
