/raid/jupyter-linjimmy1003.md10/.conda/envs/stress/lib/python3.11/site-packages/timm/models/layers/__init__.py:49: FutureWarning: Importing from timm.models.layers is deprecated, please import via timm.layers
  warnings.warn(f"Importing from {__name__} is deprecated, please import via timm.layers", FutureWarning)
Mode: FT | Extractor: cbramod | Folds: 5
LR: 1e-05 | WD: 0.05 | Beta2: 0.999 | Grad clip: 2.0
Head: hidden=128, dropout=0.0 | Norm: none | Loss: focal
Full FT: encoder_lr_scale=0.1
Augmentation: 75% overlap for increase class

Results → results/hp_sweep/20260410_dass/cbramod/cbramod_encoderlrscale0.1_lr1e-5_s123/
Dataset: 70 recordings loaded (14 increase, 56 normal)
Cache: 70 recordings ready (70 cached, 0 new)

============================================================
Fold 1/5
============================================================
  Train:  45 samples, 12 subjects [1, 2, 3, 4, 6, 7, 9, 10, 13, 14, 16, 18], label_0=34, label_1=11
    Val:  12 samples,  2 subjects [11, 12], label_0=11, label_1=1
   Test:  13 samples,  3 subjects [5, 8, 17], label_0=11, label_1=2
  Building window datasets...
    WindowDataset: 5684 windows (class_0=2641, class_1=3043)
    WindowDataset: 1311 windows (class_0=1250, class_1=61)
    WindowDataset: 837 windows (class_0=711, class_1=126)
[CBraMod] Loaded 209/209 params from weights/cbramod-base/pretrained_weights.pth
  Trainable parameters: 4,935,443
  Class weights: [1.0761075019836426, 0.9339467883110046]
  Fold 1 | Ep   1/50 | t_loss=0.1734 t_acc=0.535 | v_win_bal=0.493 v_rec_bal=0.500 | lr=3.3e-06 | 18.7s
  Fold 1 | Ep   2/50 | t_loss=0.1730 t_acc=0.545 | v_win_bal=0.498 v_rec_bal=0.500 | lr=6.7e-06 | 13.9s
  Fold 1 | Ep   3/50 | t_loss=0.1717 t_acc=0.649 | v_win_bal=0.480 v_rec_bal=0.500 | lr=1.0e-05 | 14.0s
  Fold 1 | Ep   4/50 | t_loss=0.1578 t_acc=0.693 | v_win_bal=0.508 v_rec_bal=0.455 | lr=1.0e-05 | 14.1s
  Fold 1 | Ep   5/50 | t_loss=0.1365 t_acc=0.736 | v_win_bal=0.619 v_rec_bal=0.409 | lr=1.0e-05 | 14.2s
  Fold 1 | Ep   6/50 | t_loss=0.1306 t_acc=0.755 | v_win_bal=0.645 v_rec_bal=0.818 | lr=9.9e-06 | 13.9s
  Fold 1 | Ep   7/50 | t_loss=0.1262 t_acc=0.773 | v_win_bal=0.742 v_rec_bal=0.773 | lr=9.8e-06 | 13.9s
  Fold 1 | Ep   8/50 | t_loss=0.1238 t_acc=0.779 | v_win_bal=0.748 v_rec_bal=0.773 | lr=9.7e-06 | 14.2s
  Fold 1 | Ep   9/50 | t_loss=0.1213 t_acc=0.788 | v_win_bal=0.730 v_rec_bal=0.818 | lr=9.6e-06 | 14.2s
  Fold 1 | Ep  10/50 | t_loss=0.1191 t_acc=0.794 | v_win_bal=0.743 v_rec_bal=0.818 | lr=9.5e-06 | 13.8s
  Fold 1 | Ep  11/50 | t_loss=0.1176 t_acc=0.800 | v_win_bal=0.718 v_rec_bal=0.818 | lr=9.3e-06 | 13.8s
  Fold 1 | Ep  12/50 | t_loss=0.1173 t_acc=0.807 | v_win_bal=0.696 v_rec_bal=0.818 | lr=9.1e-06 | 13.8s
  Fold 1 | Ep  13/50 | t_loss=0.1159 t_acc=0.806 | v_win_bal=0.656 v_rec_bal=0.864 | lr=8.9e-06 | 13.8s
  Fold 1 | Ep  14/50 | t_loss=0.1159 t_acc=0.807 | v_win_bal=0.622 v_rec_bal=0.409 | lr=8.7e-06 | 13.8s
  Fold 1 | Ep  15/50 | t_loss=0.1147 t_acc=0.808 | v_win_bal=0.582 v_rec_bal=0.455 | lr=8.5e-06 | 13.8s
  Fold 1 | Ep  16/50 | t_loss=0.1149 t_acc=0.808 | v_win_bal=0.582 v_rec_bal=0.455 | lr=8.2e-06 | 13.7s
  Fold 1 | Ep  17/50 | t_loss=0.1128 t_acc=0.813 | v_win_bal=0.550 v_rec_bal=0.455 | lr=8.0e-06 | 13.9s
  Fold 1 | Ep  18/50 | t_loss=0.1129 t_acc=0.815 | v_win_bal=0.535 v_rec_bal=0.455 | lr=7.7e-06 | 13.8s
  Fold 1 | Ep  19/50 | t_loss=0.1126 t_acc=0.817 | v_win_bal=0.536 v_rec_bal=0.455 | lr=7.4e-06 | 13.9s
  Fold 1 | Ep  20/50 | t_loss=0.1122 t_acc=0.817 | v_win_bal=0.537 v_rec_bal=0.455 | lr=7.1e-06 | 13.8s
  Fold 1 | Ep  21/50 | t_loss=0.1117 t_acc=0.819 | v_win_bal=0.528 v_rec_bal=0.500 | lr=6.8e-06 | 14.0s
  Fold 1 | Ep  22/50 | t_loss=0.1118 t_acc=0.816 | v_win_bal=0.525 v_rec_bal=0.455 | lr=6.5e-06 | 13.8s
  Fold 1 | Ep  23/50 | t_loss=0.1108 t_acc=0.816 | v_win_bal=0.532 v_rec_bal=0.500 | lr=6.2e-06 | 13.8s
  Fold 1 | Ep  24/50 | t_loss=0.1106 t_acc=0.822 | v_win_bal=0.525 v_rec_bal=0.500 | lr=5.8e-06 | 13.8s
  Fold 1 | Ep  25/50 | t_loss=0.1099 t_acc=0.824 | v_win_bal=0.505 v_rec_bal=0.500 | lr=5.5e-06 | 13.8s
  Fold 1 | Ep  26/50 | t_loss=0.1102 t_acc=0.821 | v_win_bal=0.505 v_rec_bal=0.500 | lr=5.2e-06 | 14.0s
  Fold 1 | Ep  27/50 | t_loss=0.1089 t_acc=0.826 | v_win_bal=0.512 v_rec_bal=0.500 | lr=4.8e-06 | 13.8s
  Fold 1 | Ep  28/50 | t_loss=0.1093 t_acc=0.825 | v_win_bal=0.506 v_rec_bal=0.500 | lr=4.5e-06 | 13.8s
  Early stop at epoch 28
  -> Test (best @ epoch 13): acc=0.3846, bal_acc=0.2273

============================================================
Fold 2/5
============================================================
  Train:  41 samples, 11 subjects [1, 2, 4, 6, 7, 8, 9, 10, 13, 14, 17], label_0=31, label_1=10
    Val:  17 samples,  4 subjects [3, 5, 16, 18], label_0=14, label_1=3
   Test:  12 samples,  2 subjects [11, 12], label_0=11, label_1=1
  Building window datasets...
    WindowDataset: 5268 windows (class_0=2478, class_1=2790)
    WindowDataset: 1064 windows (class_0=874, class_1=190)
    WindowDataset: 1311 windows (class_0=1250, class_1=61)
[CBraMod] Loaded 209/209 params from weights/cbramod-base/pretrained_weights.pth
  Fold 2 | Ep   1/50 | t_loss=0.1746 t_acc=0.470 | v_win_bal=0.500 v_rec_bal=0.500 | lr=3.3e-06 | 12.7s
  Fold 2 | Ep   2/50 | t_loss=0.1731 t_acc=0.482 | v_win_bal=0.461 v_rec_bal=0.500 | lr=6.7e-06 | 12.9s
  Fold 2 | Ep   3/50 | t_loss=0.1709 t_acc=0.637 | v_win_bal=0.385 v_rec_bal=0.250 | lr=1.0e-05 | 12.8s
  Fold 2 | Ep   4/50 | t_loss=0.1627 t_acc=0.659 | v_win_bal=0.397 v_rec_bal=0.286 | lr=1.0e-05 | 12.9s
  Fold 2 | Ep   5/50 | t_loss=0.1487 t_acc=0.684 | v_win_bal=0.411 v_rec_bal=0.417 | lr=1.0e-05 | 13.2s
  Fold 2 | Ep   6/50 | t_loss=0.1383 t_acc=0.724 | v_win_bal=0.470 v_rec_bal=0.476 | lr=9.9e-06 | 12.7s
  Fold 2 | Ep   7/50 | t_loss=0.1317 t_acc=0.746 | v_win_bal=0.524 v_rec_bal=0.607 | lr=9.8e-06 | 12.9s
  Fold 2 | Ep   8/50 | t_loss=0.1259 t_acc=0.757 | v_win_bal=0.515 v_rec_bal=0.536 | lr=9.7e-06 | 12.9s
  Fold 2 | Ep   9/50 | t_loss=0.1223 t_acc=0.764 | v_win_bal=0.508 v_rec_bal=0.536 | lr=9.6e-06 | 12.7s
  Fold 2 | Ep  10/50 | t_loss=0.1194 t_acc=0.769 | v_win_bal=0.491 v_rec_bal=0.536 | lr=9.5e-06 | 12.7s
  Fold 2 | Ep  11/50 | t_loss=0.1161 t_acc=0.776 | v_win_bal=0.478 v_rec_bal=0.536 | lr=9.3e-06 | 12.8s
  Fold 2 | Ep  12/50 | t_loss=0.1134 t_acc=0.790 | v_win_bal=0.462 v_rec_bal=0.536 | lr=9.1e-06 | 12.7s
  Fold 2 | Ep  13/50 | t_loss=0.1113 t_acc=0.793 | v_win_bal=0.469 v_rec_bal=0.536 | lr=8.9e-06 | 12.7s
  Fold 2 | Ep  14/50 | t_loss=0.1095 t_acc=0.797 | v_win_bal=0.411 v_rec_bal=0.536 | lr=8.7e-06 | 12.8s
  Fold 2 | Ep  15/50 | t_loss=0.1091 t_acc=0.804 | v_win_bal=0.402 v_rec_bal=0.369 | lr=8.5e-06 | 12.8s
  Fold 2 | Ep  16/50 | t_loss=0.1063 t_acc=0.805 | v_win_bal=0.378 v_rec_bal=0.369 | lr=8.2e-06 | 12.7s
  Fold 2 | Ep  17/50 | t_loss=0.1056 t_acc=0.806 | v_win_bal=0.342 v_rec_bal=0.369 | lr=8.0e-06 | 13.0s
  Fold 2 | Ep  18/50 | t_loss=0.1043 t_acc=0.812 | v_win_bal=0.315 v_rec_bal=0.405 | lr=7.7e-06 | 13.1s
  Fold 2 | Ep  19/50 | t_loss=0.1031 t_acc=0.816 | v_win_bal=0.316 v_rec_bal=0.405 | lr=7.4e-06 | 12.8s
  Fold 2 | Ep  20/50 | t_loss=0.1022 t_acc=0.814 | v_win_bal=0.278 v_rec_bal=0.143 | lr=7.1e-06 | 13.5s
  Fold 2 | Ep  21/50 | t_loss=0.0998 t_acc=0.821 | v_win_bal=0.279 v_rec_bal=0.179 | lr=6.8e-06 | 12.7s
  Fold 2 | Ep  22/50 | t_loss=0.0992 t_acc=0.825 | v_win_bal=0.278 v_rec_bal=0.179 | lr=6.5e-06 | 12.7s
  Fold 2 | Ep  23/50 | t_loss=0.0975 t_acc=0.832 | v_win_bal=0.301 v_rec_bal=0.250 | lr=6.2e-06 | 12.9s
  Fold 2 | Ep  24/50 | t_loss=0.0948 t_acc=0.835 | v_win_bal=0.295 v_rec_bal=0.250 | lr=5.8e-06 | 12.7s
  Early stop at epoch 24
  -> Test (best @ epoch 7): acc=0.5833, bal_acc=0.7727

============================================================
Fold 3/5
============================================================
  Train:  45 samples, 11 subjects [1, 2, 3, 5, 6, 7, 8, 13, 16, 17, 18], label_0=35, label_1=10
    Val:  12 samples,  2 subjects [11, 12], label_0=11, label_1=1
   Test:  13 samples,  4 subjects [4, 9, 10, 14], label_0=10, label_1=3
  Building window datasets...
    WindowDataset: 4890 windows (class_0=2388, class_1=2502)
    WindowDataset: 1311 windows (class_0=1250, class_1=61)
    WindowDataset: 1226 windows (class_0=964, class_1=262)
[CBraMod] Loaded 209/209 params from weights/cbramod-base/pretrained_weights.pth
  Fold 3 | Ep   1/50 | t_loss=0.1747 t_acc=0.512 | v_win_bal=0.500 v_rec_bal=0.500 | lr=3.3e-06 | 12.1s
  Fold 3 | Ep   2/50 | t_loss=0.1736 t_acc=0.518 | v_win_bal=0.504 v_rec_bal=0.500 | lr=6.7e-06 | 12.2s
  Fold 3 | Ep   3/50 | t_loss=0.1724 t_acc=0.548 | v_win_bal=0.565 v_rec_bal=0.591 | lr=1.0e-05 | 12.4s
  Fold 3 | Ep   4/50 | t_loss=0.1702 t_acc=0.564 | v_win_bal=0.539 v_rec_bal=0.591 | lr=1.0e-05 | 12.2s
  Fold 3 | Ep   5/50 | t_loss=0.1650 t_acc=0.573 | v_win_bal=0.506 v_rec_bal=0.591 | lr=1.0e-05 | 12.4s
  Fold 3 | Ep   6/50 | t_loss=0.1600 t_acc=0.590 | v_win_bal=0.583 v_rec_bal=0.591 | lr=9.9e-06 | 12.4s
  Fold 3 | Ep   7/50 | t_loss=0.1572 t_acc=0.622 | v_win_bal=0.579 v_rec_bal=0.591 | lr=9.8e-06 | 12.2s
  Fold 3 | Ep   8/50 | t_loss=0.1557 t_acc=0.623 | v_win_bal=0.584 v_rec_bal=0.591 | lr=9.7e-06 | 12.4s
  Fold 3 | Ep   9/50 | t_loss=0.1545 t_acc=0.626 | v_win_bal=0.598 v_rec_bal=0.591 | lr=9.6e-06 | 12.3s
  Fold 3 | Ep  10/50 | t_loss=0.1532 t_acc=0.634 | v_win_bal=0.600 v_rec_bal=0.591 | lr=9.5e-06 | 12.3s
  Fold 3 | Ep  11/50 | t_loss=0.1526 t_acc=0.642 | v_win_bal=0.612 v_rec_bal=0.591 | lr=9.3e-06 | 12.3s
  Fold 3 | Ep  12/50 | t_loss=0.1517 t_acc=0.644 | v_win_bal=0.599 v_rec_bal=0.591 | lr=9.1e-06 | 12.0s
  Fold 3 | Ep  13/50 | t_loss=0.1510 t_acc=0.645 | v_win_bal=0.605 v_rec_bal=0.591 | lr=8.9e-06 | 12.1s
  Fold 3 | Ep  14/50 | t_loss=0.1497 t_acc=0.650 | v_win_bal=0.638 v_rec_bal=0.591 | lr=8.7e-06 | 12.3s
  Fold 3 | Ep  15/50 | t_loss=0.1481 t_acc=0.656 | v_win_bal=0.624 v_rec_bal=0.591 | lr=8.5e-06 | 12.2s
  Fold 3 | Ep  16/50 | t_loss=0.1464 t_acc=0.672 | v_win_bal=0.647 v_rec_bal=0.591 | lr=8.2e-06 | 12.1s
  Fold 3 | Ep  17/50 | t_loss=0.1439 t_acc=0.694 | v_win_bal=0.670 v_rec_bal=0.636 | lr=8.0e-06 | 12.1s
  Fold 3 | Ep  18/50 | t_loss=0.1424 t_acc=0.694 | v_win_bal=0.644 v_rec_bal=0.636 | lr=7.7e-06 | 12.2s
  Fold 3 | Ep  19/50 | t_loss=0.1406 t_acc=0.702 | v_win_bal=0.657 v_rec_bal=0.636 | lr=7.4e-06 | 12.1s
  Fold 3 | Ep  20/50 | t_loss=0.1398 t_acc=0.698 | v_win_bal=0.651 v_rec_bal=0.636 | lr=7.1e-06 | 12.1s
  Fold 3 | Ep  21/50 | t_loss=0.1390 t_acc=0.699 | v_win_bal=0.636 v_rec_bal=0.636 | lr=6.8e-06 | 12.3s
  Fold 3 | Ep  22/50 | t_loss=0.1385 t_acc=0.689 | v_win_bal=0.627 v_rec_bal=0.636 | lr=6.5e-06 | 12.1s
  Fold 3 | Ep  23/50 | t_loss=0.1379 t_acc=0.690 | v_win_bal=0.626 v_rec_bal=0.636 | lr=6.2e-06 | 12.1s
  Fold 3 | Ep  24/50 | t_loss=0.1378 t_acc=0.689 | v_win_bal=0.635 v_rec_bal=0.636 | lr=5.8e-06 | 12.2s
  Fold 3 | Ep  25/50 | t_loss=0.1376 t_acc=0.692 | v_win_bal=0.651 v_rec_bal=0.636 | lr=5.5e-06 | 12.4s
  Fold 3 | Ep  26/50 | t_loss=0.1369 t_acc=0.695 | v_win_bal=0.642 v_rec_bal=0.636 | lr=5.2e-06 | 12.2s
  Fold 3 | Ep  27/50 | t_loss=0.1372 t_acc=0.694 | v_win_bal=0.668 v_rec_bal=0.682 | lr=4.8e-06 | 12.2s
  Fold 3 | Ep  28/50 | t_loss=0.1360 t_acc=0.699 | v_win_bal=0.655 v_rec_bal=0.636 | lr=4.5e-06 | 12.2s
  Fold 3 | Ep  29/50 | t_loss=0.1354 t_acc=0.700 | v_win_bal=0.646 v_rec_bal=0.636 | lr=4.2e-06 | 12.2s
  Fold 3 | Ep  30/50 | t_loss=0.1359 t_acc=0.695 | v_win_bal=0.663 v_rec_bal=0.682 | lr=3.8e-06 | 12.1s
  Fold 3 | Ep  31/50 | t_loss=0.1359 t_acc=0.691 | v_win_bal=0.665 v_rec_bal=0.682 | lr=3.5e-06 | 12.1s
  Fold 3 | Ep  32/50 | t_loss=0.1354 t_acc=0.696 | v_win_bal=0.646 v_rec_bal=0.682 | lr=3.2e-06 | 12.1s
  Fold 3 | Ep  33/50 | t_loss=0.1354 t_acc=0.707 | v_win_bal=0.664 v_rec_bal=0.682 | lr=2.9e-06 | 12.2s
  Fold 3 | Ep  34/50 | t_loss=0.1350 t_acc=0.702 | v_win_bal=0.646 v_rec_bal=0.682 | lr=2.6e-06 | 12.2s
  Fold 3 | Ep  35/50 | t_loss=0.1344 t_acc=0.699 | v_win_bal=0.667 v_rec_bal=0.682 | lr=2.3e-06 | 12.2s
  Fold 3 | Ep  36/50 | t_loss=0.1340 t_acc=0.703 | v_win_bal=0.670 v_rec_bal=0.682 | lr=2.0e-06 | 12.1s
  Fold 3 | Ep  37/50 | t_loss=0.1347 t_acc=0.699 | v_win_bal=0.669 v_rec_bal=0.682 | lr=1.8e-06 | 12.3s
  Fold 3 | Ep  38/50 | t_loss=0.1341 t_acc=0.704 | v_win_bal=0.672 v_rec_bal=0.682 | lr=1.5e-06 | 10.8s
  Fold 3 | Ep  39/50 | t_loss=0.1350 t_acc=0.701 | v_win_bal=0.660 v_rec_bal=0.682 | lr=1.3e-06 | 11.2s
  Fold 3 | Ep  40/50 | t_loss=0.1334 t_acc=0.704 | v_win_bal=0.670 v_rec_bal=0.682 | lr=1.1e-06 | 12.5s
  Fold 3 | Ep  41/50 | t_loss=0.1325 t_acc=0.709 | v_win_bal=0.664 v_rec_bal=0.682 | lr=8.8e-07 | 12.2s
  Fold 3 | Ep  42/50 | t_loss=0.1346 t_acc=0.707 | v_win_bal=0.662 v_rec_bal=0.682 | lr=7.0e-07 | 12.2s
  Fold 3 | Ep  43/50 | t_loss=0.1344 t_acc=0.707 | v_win_bal=0.665 v_rec_bal=0.682 | lr=5.4e-07 | 12.2s
  Fold 3 | Ep  44/50 | t_loss=0.1346 t_acc=0.701 | v_win_bal=0.669 v_rec_bal=0.682 | lr=4.0e-07 | 12.1s
  Fold 3 | Ep  45/50 | t_loss=0.1333 t_acc=0.708 | v_win_bal=0.662 v_rec_bal=0.682 | lr=2.8e-07 | 12.2s
  Fold 3 | Ep  46/50 | t_loss=0.1337 t_acc=0.709 | v_win_bal=0.662 v_rec_bal=0.682 | lr=1.8e-07 | 12.4s
  Fold 3 | Ep  47/50 | t_loss=0.1338 t_acc=0.698 | v_win_bal=0.670 v_rec_bal=0.682 | lr=1.0e-07 | 12.3s
  Early stop at epoch 47
  -> Test (best @ epoch 27): acc=0.2308, bal_acc=0.3833

============================================================
Fold 4/5
============================================================
  Train:  41 samples, 11 subjects [1, 2, 4, 5, 7, 8, 9, 10, 14, 17, 18], label_0=31, label_1=10
    Val:  12 samples,  2 subjects [11, 12], label_0=11, label_1=1
   Test:  17 samples,  4 subjects [3, 6, 13, 16], label_0=14, label_1=3
  Building window datasets...
    WindowDataset: 5063 windows (class_0=2273, class_1=2790)
    WindowDataset: 1311 windows (class_0=1250, class_1=61)
    WindowDataset: 1269 windows (class_0=1079, class_1=190)
[CBraMod] Loaded 209/209 params from weights/cbramod-base/pretrained_weights.pth
  Fold 4 | Ep   1/50 | t_loss=0.1734 t_acc=0.551 | v_win_bal=0.500 v_rec_bal=0.500 | lr=3.3e-06 | 12.8s
  Fold 4 | Ep   2/50 | t_loss=0.1732 t_acc=0.552 | v_win_bal=0.500 v_rec_bal=0.500 | lr=6.7e-06 | 12.7s
  Fold 4 | Ep   3/50 | t_loss=0.1727 t_acc=0.583 | v_win_bal=0.698 v_rec_bal=0.773 | lr=1.0e-05 | 12.8s
  Fold 4 | Ep   4/50 | t_loss=0.1714 t_acc=0.618 | v_win_bal=0.497 v_rec_bal=0.455 | lr=1.0e-05 | 12.7s
  Fold 4 | Ep   5/50 | t_loss=0.1663 t_acc=0.628 | v_win_bal=0.525 v_rec_bal=0.455 | lr=1.0e-05 | 13.4s
  Fold 4 | Ep   6/50 | t_loss=0.1591 t_acc=0.651 | v_win_bal=0.666 v_rec_bal=0.773 | lr=9.9e-06 | 14.1s
  Fold 4 | Ep   7/50 | t_loss=0.1556 t_acc=0.672 | v_win_bal=0.673 v_rec_bal=0.773 | lr=9.8e-06 | 13.9s
  Fold 4 | Ep   8/50 | t_loss=0.1532 t_acc=0.680 | v_win_bal=0.758 v_rec_bal=0.773 | lr=9.7e-06 | 14.1s
  Fold 4 | Ep   9/50 | t_loss=0.1509 t_acc=0.686 | v_win_bal=0.757 v_rec_bal=0.773 | lr=9.6e-06 | 14.1s
  Fold 4 | Ep  10/50 | t_loss=0.1484 t_acc=0.691 | v_win_bal=0.773 v_rec_bal=0.773 | lr=9.5e-06 | 14.0s
  Fold 4 | Ep  11/50 | t_loss=0.1459 t_acc=0.696 | v_win_bal=0.724 v_rec_bal=0.773 | lr=9.3e-06 | 14.2s
  Fold 4 | Ep  12/50 | t_loss=0.1431 t_acc=0.703 | v_win_bal=0.636 v_rec_bal=0.591 | lr=9.1e-06 | 14.1s
  Fold 4 | Ep  13/50 | t_loss=0.1413 t_acc=0.703 | v_win_bal=0.566 v_rec_bal=0.500 | lr=8.9e-06 | 14.1s
  Fold 4 | Ep  14/50 | t_loss=0.1397 t_acc=0.708 | v_win_bal=0.567 v_rec_bal=0.500 | lr=8.7e-06 | 14.1s
  Fold 4 | Ep  15/50 | t_loss=0.1369 t_acc=0.710 | v_win_bal=0.563 v_rec_bal=0.500 | lr=8.5e-06 | 13.9s
  Fold 4 | Ep  16/50 | t_loss=0.1360 t_acc=0.717 | v_win_bal=0.538 v_rec_bal=0.500 | lr=8.2e-06 | 14.0s
  Fold 4 | Ep  17/50 | t_loss=0.1344 t_acc=0.716 | v_win_bal=0.547 v_rec_bal=0.500 | lr=8.0e-06 | 12.6s
  Fold 4 | Ep  18/50 | t_loss=0.1330 t_acc=0.726 | v_win_bal=0.546 v_rec_bal=0.500 | lr=7.7e-06 | 12.6s
  Fold 4 | Ep  19/50 | t_loss=0.1310 t_acc=0.727 | v_win_bal=0.560 v_rec_bal=0.500 | lr=7.4e-06 | 12.8s
  Fold 4 | Ep  20/50 | t_loss=0.1289 t_acc=0.732 | v_win_bal=0.545 v_rec_bal=0.500 | lr=7.1e-06 | 12.6s
  Fold 4 | Ep  21/50 | t_loss=0.1264 t_acc=0.742 | v_win_bal=0.574 v_rec_bal=0.500 | lr=6.8e-06 | 12.7s
  Fold 4 | Ep  22/50 | t_loss=0.1264 t_acc=0.745 | v_win_bal=0.580 v_rec_bal=0.500 | lr=6.5e-06 | 12.7s
  Fold 4 | Ep  23/50 | t_loss=0.1249 t_acc=0.749 | v_win_bal=0.591 v_rec_bal=0.500 | lr=6.2e-06 | 12.6s
  Early stop at epoch 23
  -> Test (best @ epoch 3): acc=0.4706, bal_acc=0.6786

============================================================
Fold 5/5
============================================================
  Train:  43 samples, 11 subjects [3, 4, 5, 6, 8, 9, 10, 13, 14, 16, 17], label_0=35, label_1=8
    Val:  12 samples,  2 subjects [11, 12], label_0=11, label_1=1
   Test:  15 samples,  4 subjects [1, 2, 7, 18], label_0=10, label_1=5
  Building window datasets...
    WindowDataset: 5042 windows (class_0=2754, class_1=2288)
    WindowDataset: 1311 windows (class_0=1250, class_1=61)
    WindowDataset: 915 windows (class_0=598, class_1=317)
[CBraMod] Loaded 209/209 params from weights/cbramod-base/pretrained_weights.pth
  Fold 5 | Ep   1/50 | t_loss=0.1733 t_acc=0.494 | v_win_bal=0.525 v_rec_bal=0.727 | lr=3.3e-06 | 12.6s
  Fold 5 | Ep   2/50 | t_loss=0.1731 t_acc=0.501 | v_win_bal=0.525 v_rec_bal=0.409 | lr=6.7e-06 | 12.7s
  Fold 5 | Ep   3/50 | t_loss=0.1727 t_acc=0.571 | v_win_bal=0.487 v_rec_bal=0.500 | lr=1.0e-05 | 12.5s
  Fold 5 | Ep   4/50 | t_loss=0.1716 t_acc=0.600 | v_win_bal=0.492 v_rec_bal=0.409 | lr=1.0e-05 | 12.6s
  Fold 5 | Ep   5/50 | t_loss=0.1673 t_acc=0.621 | v_win_bal=0.541 v_rec_bal=0.364 | lr=1.0e-05 | 12.6s
  Fold 5 | Ep   6/50 | t_loss=0.1589 t_acc=0.677 | v_win_bal=0.680 v_rec_bal=0.727 | lr=9.9e-06 | 12.5s
  Fold 5 | Ep   7/50 | t_loss=0.1509 t_acc=0.717 | v_win_bal=0.522 v_rec_bal=0.500 | lr=9.8e-06 | 12.7s
  Fold 5 | Ep   8/50 | t_loss=0.1446 t_acc=0.727 | v_win_bal=0.523 v_rec_bal=0.545 | lr=9.7e-06 | 12.5s
  Fold 5 | Ep   9/50 | t_loss=0.1397 t_acc=0.731 | v_win_bal=0.505 v_rec_bal=0.545 | lr=9.6e-06 | 12.6s
  Fold 5 | Ep  10/50 | t_loss=0.1348 t_acc=0.744 | v_win_bal=0.499 v_rec_bal=0.545 | lr=9.5e-06 | 12.7s
  Fold 5 | Ep  11/50 | t_loss=0.1343 t_acc=0.741 | v_win_bal=0.520 v_rec_bal=0.545 | lr=9.3e-06 | 12.6s
  Fold 5 | Ep  12/50 | t_loss=0.1323 t_acc=0.750 | v_win_bal=0.536 v_rec_bal=0.545 | lr=9.1e-06 | 12.5s
  Fold 5 | Ep  13/50 | t_loss=0.1305 t_acc=0.750 | v_win_bal=0.532 v_rec_bal=0.545 | lr=8.9e-06 | 12.5s
  Fold 5 | Ep  14/50 | t_loss=0.1292 t_acc=0.749 | v_win_bal=0.514 v_rec_bal=0.591 | lr=8.7e-06 | 12.5s
  Fold 5 | Ep  15/50 | t_loss=0.1292 t_acc=0.756 | v_win_bal=0.499 v_rec_bal=0.636 | lr=8.5e-06 | 12.5s
  Fold 5 | Ep  16/50 | t_loss=0.1279 t_acc=0.753 | v_win_bal=0.499 v_rec_bal=0.636 | lr=8.2e-06 | 12.5s
  Early stop at epoch 16
  -> Test (best @ epoch 1): acc=0.8000, bal_acc=0.8000

============================================================
Global Results (5-Fold, subject-level CV)
Mode: FT | Extractor: cbramod | Loss: focal
============================================================
              acc: 0.5000
          bal_acc: 0.5804
               f1: 0.5433
            kappa: 0.0933
  Total predictions: 70 (should equal dataset size: 70)

Results saved to results/hp_sweep/20260410_dass/cbramod/cbramod_encoderlrscale0.1_lr1e-5_s123/
