/raid/jupyter-linjimmy1003.md10/.conda/envs/stress/lib/python3.11/site-packages/timm/models/layers/__init__.py:49: FutureWarning: Importing from timm.models.layers is deprecated, please import via timm.layers
  warnings.warn(f"Importing from {__name__} is deprecated, please import via timm.layers", FutureWarning)
Mode: FT | Extractor: labram | Label: dass
Device: cuda:7 | Folds: 5 | Loss: ce
Augmentation: 75% overlap for increase class
LR: 1e-05 | WD: 0.05 | BS: 32 | Grad-accum: 1 | Grad-clip: 1.0

Results -> results/studies/exp24_labram_fixed/labram_s31/
Window: 5.0s
Duration filter: skipped 10 recordings > 400.0s
Dataset: 82 recordings loaded (19 increase, 63 normal)
Cache: 82 recordings ready (82 cached, 0 new)
Labels (dass): class_0=63, class_1=19 (total=82)

Wang single split (seed=31): train=65, val=8, test=9

============================================================
Wang split (seed=31)
============================================================
  Train:  65 trials, label_0=50, label_1=15
    Val:   8 trials, label_0=6, label_1=2
   Test:   9 trials, label_0=7, label_1=2
  Building window datasets...
    WindowDataset: 6609 windows (class_0=3090, class_1=3519)
    WindowDataset: 901 windows (class_0=383, class_1=518)
    WindowDataset: 782 windows (class_0=392, class_1=390)
[LaBraM] Loaded 219/221 params from weights/labram-base/model.safetensors
[LaBraM] Missing: ['fc_norm.weight', 'fc_norm.bias']
  Trainable parameters: 5,820,539
  Class weights: [1.0694174766540527, 0.9390451908111572]
  LLRD: 14 layer groups, LR ∈ [3.70e-08, 1.00e-05] (decay=0.65)
  Fold 1 | Ep   1/50 | t_loss=0.7457 t_acc=0.508 | v_loss=0.6878 v_bal=0.516 | v_rec_bal=0.583 | lr=3.3e-06 | 10.1s
  Fold 1 | Ep   2/50 | t_loss=0.6625 t_acc=0.611 | v_loss=0.6328 v_bal=0.665 | v_rec_bal=0.750 | lr=6.7e-06 | 8.6s
  Fold 1 | Ep   3/50 | t_loss=0.5682 t_acc=0.714 | v_loss=0.5837 v_bal=0.716 | v_rec_bal=0.750 | lr=1.0e-05 | 8.5s
  Fold 1 | Ep   4/50 | t_loss=0.4897 t_acc=0.765 | v_loss=0.5659 v_bal=0.733 | v_rec_bal=0.917 | lr=1.0e-05 | 8.5s
  Fold 1 | Ep   5/50 | t_loss=0.4356 t_acc=0.788 | v_loss=0.5761 v_bal=0.739 | v_rec_bal=0.917 | lr=1.0e-05 | 8.8s
  Fold 1 | Ep   6/50 | t_loss=0.3938 t_acc=0.819 | v_loss=0.6097 v_bal=0.733 | v_rec_bal=0.917 | lr=9.9e-06 | 8.7s
  Fold 1 | Ep   7/50 | t_loss=0.3500 t_acc=0.843 | v_loss=0.6220 v_bal=0.731 | v_rec_bal=0.917 | lr=9.8e-06 | 8.6s
  Fold 1 | Ep   8/50 | t_loss=0.3078 t_acc=0.868 | v_loss=0.6540 v_bal=0.738 | v_rec_bal=0.917 | lr=9.7e-06 | 8.8s
  Fold 1 | Ep   9/50 | t_loss=0.2630 t_acc=0.890 | v_loss=0.6593 v_bal=0.762 | v_rec_bal=0.917 | lr=9.6e-06 | 8.4s
  Fold 1 | Ep  10/50 | t_loss=0.2231 t_acc=0.906 | v_loss=0.6390 v_bal=0.769 | v_rec_bal=0.917 | lr=9.5e-06 | 8.9s
  Fold 1 | Ep  11/50 | t_loss=0.1936 t_acc=0.920 | v_loss=0.6343 v_bal=0.774 | v_rec_bal=0.917 | lr=9.3e-06 | 8.5s
  Fold 1 | Ep  12/50 | t_loss=0.1550 t_acc=0.939 | v_loss=0.6375 v_bal=0.780 | v_rec_bal=0.917 | lr=9.1e-06 | 8.4s
  Fold 1 | Ep  13/50 | t_loss=0.1306 t_acc=0.949 | v_loss=0.7012 v_bal=0.767 | v_rec_bal=0.917 | lr=8.9e-06 | 9.0s
  Fold 1 | Ep  14/50 | t_loss=0.1051 t_acc=0.962 | v_loss=0.7267 v_bal=0.774 | v_rec_bal=0.917 | lr=8.7e-06 | 8.6s
  Fold 1 | Ep  15/50 | t_loss=0.0869 t_acc=0.969 | v_loss=0.7676 v_bal=0.767 | v_rec_bal=0.917 | lr=8.5e-06 | 9.3s
  Fold 1 | Ep  16/50 | t_loss=0.0729 t_acc=0.973 | v_loss=0.8275 v_bal=0.776 | v_rec_bal=0.917 | lr=8.2e-06 | 9.1s
  Fold 1 | Ep  17/50 | t_loss=0.0550 t_acc=0.982 | v_loss=0.8799 v_bal=0.780 | v_rec_bal=0.917 | lr=8.0e-06 | 8.4s
  Fold 1 | Ep  18/50 | t_loss=0.0475 t_acc=0.985 | v_loss=0.9194 v_bal=0.774 | v_rec_bal=0.917 | lr=7.7e-06 | 8.8s
  Fold 1 | Ep  19/50 | t_loss=0.0339 t_acc=0.990 | v_loss=0.9802 v_bal=0.777 | v_rec_bal=0.917 | lr=7.4e-06 | 8.4s
  Fold 1 | Ep  20/50 | t_loss=0.0288 t_acc=0.991 | v_loss=1.0875 v_bal=0.765 | v_rec_bal=0.917 | lr=7.1e-06 | 8.4s
  Fold 1 | Ep  21/50 | t_loss=0.0203 t_acc=0.995 | v_loss=1.1335 v_bal=0.788 | v_rec_bal=0.917 | lr=6.8e-06 | 9.0s
  Fold 1 | Ep  22/50 | t_loss=0.0178 t_acc=0.995 | v_loss=1.2755 v_bal=0.775 | v_rec_bal=0.917 | lr=6.5e-06 | 8.5s
  Fold 1 | Ep  23/50 | t_loss=0.0143 t_acc=0.996 | v_loss=1.3658 v_bal=0.776 | v_rec_bal=0.917 | lr=6.2e-06 | 8.5s
  Fold 1 | Ep  24/50 | t_loss=0.0115 t_acc=0.997 | v_loss=1.4113 v_bal=0.775 | v_rec_bal=0.917 | lr=5.8e-06 | 8.8s
  Fold 1 | Ep  25/50 | t_loss=0.0104 t_acc=0.997 | v_loss=1.5839 v_bal=0.772 | v_rec_bal=0.917 | lr=5.5e-06 | 8.4s
  Fold 1 | Ep  26/50 | t_loss=0.0089 t_acc=0.998 | v_loss=1.6708 v_bal=0.770 | v_rec_bal=0.917 | lr=5.2e-06 | 8.4s
  Fold 1 | Ep  27/50 | t_loss=0.0060 t_acc=0.999 | v_loss=1.8444 v_bal=0.752 | v_rec_bal=0.917 | lr=4.8e-06 | 8.8s
  Fold 1 | Ep  28/50 | t_loss=0.0053 t_acc=0.998 | v_loss=1.7647 v_bal=0.767 | v_rec_bal=0.917 | lr=4.5e-06 | 8.5s
  Fold 1 | Ep  29/50 | t_loss=0.0039 t_acc=0.999 | v_loss=1.8032 v_bal=0.766 | v_rec_bal=0.917 | lr=4.2e-06 | 8.5s
  Fold 1 | Ep  30/50 | t_loss=0.0032 t_acc=0.999 | v_loss=1.9225 v_bal=0.757 | v_rec_bal=0.917 | lr=3.8e-06 | 8.8s
  Fold 1 | Ep  31/50 | t_loss=0.0022 t_acc=0.999 | v_loss=1.8832 v_bal=0.763 | v_rec_bal=0.917 | lr=3.5e-06 | 8.4s
  Fold 1 | Ep  32/50 | t_loss=0.0005 t_acc=1.000 | v_loss=1.9346 v_bal=0.764 | v_rec_bal=0.917 | lr=3.2e-06 | 8.4s
  Fold 1 | Ep  33/50 | t_loss=0.0002 t_acc=1.000 | v_loss=1.9532 v_bal=0.756 | v_rec_bal=0.917 | lr=2.9e-06 | 8.4s
  Fold 1 | Ep  34/50 | t_loss=0.0001 t_acc=1.000 | v_loss=2.0575 v_bal=0.757 | v_rec_bal=0.917 | lr=2.6e-06 | 8.4s
  Fold 1 | Ep  35/50 | t_loss=0.0000 t_acc=1.000 | v_loss=2.0161 v_bal=0.765 | v_rec_bal=0.917 | lr=2.3e-06 | 8.5s
  Fold 1 | Ep  36/50 | t_loss=0.0000 t_acc=1.000 | v_loss=1.9537 v_bal=0.764 | v_rec_bal=0.917 | lr=2.0e-06 | 8.5s
  Fold 1 | Ep  37/50 | t_loss=0.0000 t_acc=1.000 | v_loss=2.0115 v_bal=0.763 | v_rec_bal=0.917 | lr=1.8e-06 | 8.5s
  Fold 1 | Ep  38/50 | t_loss=0.0000 t_acc=1.000 | v_loss=2.0481 v_bal=0.761 | v_rec_bal=0.917 | lr=1.5e-06 | 8.4s
  Fold 1 | Ep  39/50 | t_loss=0.0000 t_acc=1.000 | v_loss=2.0770 v_bal=0.761 | v_rec_bal=0.917 | lr=1.3e-06 | 8.4s
  Fold 1 | Ep  40/50 | t_loss=0.0000 t_acc=1.000 | v_loss=2.0980 v_bal=0.755 | v_rec_bal=0.917 | lr=1.1e-06 | 8.4s
  Fold 1 | Ep  41/50 | t_loss=0.0000 t_acc=1.000 | v_loss=2.1038 v_bal=0.761 | v_rec_bal=0.917 | lr=8.8e-07 | 8.4s
  Fold 1 | Ep  42/50 | t_loss=0.0000 t_acc=1.000 | v_loss=2.1172 v_bal=0.756 | v_rec_bal=0.917 | lr=7.0e-07 | 8.5s
  Fold 1 | Ep  43/50 | t_loss=0.0000 t_acc=1.000 | v_loss=2.1023 v_bal=0.757 | v_rec_bal=0.917 | lr=5.4e-07 | 8.5s
  Fold 1 | Ep  44/50 | t_loss=0.0000 t_acc=1.000 | v_loss=2.1126 v_bal=0.758 | v_rec_bal=0.917 | lr=4.0e-07 | 8.5s
  Fold 1 | Ep  45/50 | t_loss=0.0000 t_acc=1.000 | v_loss=2.1077 v_bal=0.762 | v_rec_bal=0.917 | lr=2.8e-07 | 8.5s
  Fold 1 | Ep  46/50 | t_loss=0.0000 t_acc=1.000 | v_loss=2.1122 v_bal=0.759 | v_rec_bal=0.917 | lr=1.8e-07 | 8.4s
  Fold 1 | Ep  47/50 | t_loss=0.0000 t_acc=1.000 | v_loss=2.1161 v_bal=0.760 | v_rec_bal=0.917 | lr=1.0e-07 | 8.4s
  Fold 1 | Ep  48/50 | t_loss=0.0000 t_acc=1.000 | v_loss=2.0721 v_bal=0.763 | v_rec_bal=0.917 | lr=1.0e-07 | 8.4s
  Fold 1 | Ep  49/50 | t_loss=0.0000 t_acc=1.000 | v_loss=2.1168 v_bal=0.758 | v_rec_bal=0.917 | lr=1.0e-07 | 8.7s
  Fold 1 | Ep  50/50 | t_loss=0.0000 t_acc=1.000 | v_loss=2.1088 v_bal=0.758 | v_rec_bal=0.917 | lr=1.0e-07 | 8.7s
  -> Test (best@ep21): rec_bal=0.2857  win_bal=0.3906
  -> Fold summary (best @ epoch 21): rec_acc=0.4444, rec_bal=0.2857, win_bal=0.3906

============================================================
Global Results (Wang single split (seed=31), FT)
Extractor: labram | Label: dass | Loss: ce
Augmentation: 75% overlap for increase class
============================================================
           acc: 0.4444
       bal_acc: 0.2857
            f1: 0.4786
         kappa: -0.3636
  Predictions: 9 (dataset: 82)

Results saved to results/studies/exp24_labram_fixed/labram_s31/
