/raid/jupyter-linjimmy1003.md10/.conda/envs/stress/lib/python3.11/site-packages/timm/models/layers/__init__.py:49: FutureWarning: Importing from timm.models.layers is deprecated, please import via timm.layers
  warnings.warn(f"Importing from {__name__} is deprecated, please import via timm.layers", FutureWarning)
Mode: FT | Extractor: labram | Label: dass
Device: cuda:5 | Folds: 5 | Loss: ce
Augmentation: 75% overlap for increase class
LR: 1e-05 | WD: 0.05 | BS: 32 | Grad-accum: 1 | Grad-clip: 1.0

Results -> results/studies/exp24_labram_fixed/labram_s17/
Window: 5.0s
Duration filter: skipped 10 recordings > 400.0s
Dataset: 82 recordings loaded (19 increase, 63 normal)
Cache: 82 recordings ready (82 cached, 0 new)
Labels (dass): class_0=63, class_1=19 (total=82)

Wang single split (seed=17): train=65, val=8, test=9

============================================================
Wang split (seed=17)
============================================================
  Train:  65 trials, label_0=50, label_1=15
    Val:   8 trials, label_0=6, label_1=2
   Test:   9 trials, label_0=7, label_1=2
  Building window datasets...
    WindowDataset: 6501 windows (class_0=3054, class_1=3447)
    WindowDataset: 871 windows (class_0=381, class_1=490)
    WindowDataset: 920 windows (class_0=430, class_1=490)
[LaBraM] Loaded 219/221 params from weights/labram-base/model.safetensors
[LaBraM] Missing: ['fc_norm.weight', 'fc_norm.bias']
  Trainable parameters: 5,820,539
  Class weights: [1.0643419027328491, 0.9429938793182373]
  LLRD: 14 layer groups, LR ∈ [3.70e-08, 1.00e-05] (decay=0.65)
  Fold 1 | Ep   1/50 | t_loss=0.6952 t_acc=0.522 | v_loss=0.6904 v_bal=0.565 | v_rec_bal=0.417 | lr=3.3e-06 | 9.7s
  Fold 1 | Ep   2/50 | t_loss=0.6584 t_acc=0.620 | v_loss=0.6740 v_bal=0.612 | v_rec_bal=0.667 | lr=6.7e-06 | 8.7s
  Fold 1 | Ep   3/50 | t_loss=0.5832 t_acc=0.694 | v_loss=0.7191 v_bal=0.647 | v_rec_bal=0.750 | lr=1.0e-05 | 8.4s
  Fold 1 | Ep   4/50 | t_loss=0.5072 t_acc=0.751 | v_loss=0.7591 v_bal=0.660 | v_rec_bal=0.750 | lr=1.0e-05 | 8.5s
  Fold 1 | Ep   5/50 | t_loss=0.4425 t_acc=0.793 | v_loss=0.7605 v_bal=0.671 | v_rec_bal=0.750 | lr=1.0e-05 | 8.3s
  Fold 1 | Ep   6/50 | t_loss=0.3893 t_acc=0.819 | v_loss=1.1696 v_bal=0.643 | v_rec_bal=0.750 | lr=9.9e-06 | 8.2s
  Fold 1 | Ep   7/50 | t_loss=0.3317 t_acc=0.851 | v_loss=1.2944 v_bal=0.643 | v_rec_bal=0.750 | lr=9.8e-06 | 8.3s
  Fold 1 | Ep   8/50 | t_loss=0.2829 t_acc=0.880 | v_loss=1.2274 v_bal=0.658 | v_rec_bal=0.750 | lr=9.7e-06 | 8.3s
  Fold 1 | Ep   9/50 | t_loss=0.2386 t_acc=0.904 | v_loss=1.5971 v_bal=0.643 | v_rec_bal=0.750 | lr=9.6e-06 | 8.2s
  Fold 1 | Ep  10/50 | t_loss=0.1993 t_acc=0.922 | v_loss=1.5104 v_bal=0.656 | v_rec_bal=0.750 | lr=9.5e-06 | 8.3s
  Fold 1 | Ep  11/50 | t_loss=0.1714 t_acc=0.935 | v_loss=1.6068 v_bal=0.672 | v_rec_bal=0.750 | lr=9.3e-06 | 8.3s
  Fold 1 | Ep  12/50 | t_loss=0.1449 t_acc=0.947 | v_loss=1.9481 v_bal=0.634 | v_rec_bal=0.750 | lr=9.1e-06 | 8.2s
  Fold 1 | Ep  13/50 | t_loss=0.1238 t_acc=0.954 | v_loss=2.0252 v_bal=0.640 | v_rec_bal=0.750 | lr=8.9e-06 | 8.2s
  Fold 1 | Ep  14/50 | t_loss=0.1045 t_acc=0.962 | v_loss=2.1290 v_bal=0.641 | v_rec_bal=0.750 | lr=8.7e-06 | 8.3s
  Fold 1 | Ep  15/50 | t_loss=0.0850 t_acc=0.970 | v_loss=2.0719 v_bal=0.654 | v_rec_bal=0.750 | lr=8.5e-06 | 8.2s
  Fold 1 | Ep  16/50 | t_loss=0.0713 t_acc=0.975 | v_loss=2.2323 v_bal=0.661 | v_rec_bal=0.750 | lr=8.2e-06 | 8.3s
  Fold 1 | Ep  17/50 | t_loss=0.0605 t_acc=0.979 | v_loss=2.4395 v_bal=0.625 | v_rec_bal=0.750 | lr=8.0e-06 | 8.5s
  Fold 1 | Ep  18/50 | t_loss=0.0468 t_acc=0.985 | v_loss=2.4430 v_bal=0.657 | v_rec_bal=0.750 | lr=7.7e-06 | 8.1s
  Fold 1 | Ep  19/50 | t_loss=0.0361 t_acc=0.989 | v_loss=2.6218 v_bal=0.663 | v_rec_bal=0.750 | lr=7.4e-06 | 8.3s
  Fold 1 | Ep  20/50 | t_loss=0.0336 t_acc=0.991 | v_loss=2.6775 v_bal=0.668 | v_rec_bal=0.750 | lr=7.1e-06 | 8.3s
  Fold 1 | Ep  21/50 | t_loss=0.0286 t_acc=0.992 | v_loss=2.6743 v_bal=0.673 | v_rec_bal=0.750 | lr=6.8e-06 | 8.6s
  Fold 1 | Ep  22/50 | t_loss=0.0225 t_acc=0.993 | v_loss=2.8603 v_bal=0.672 | v_rec_bal=0.750 | lr=6.5e-06 | 8.4s
  Fold 1 | Ep  23/50 | t_loss=0.0189 t_acc=0.995 | v_loss=3.2868 v_bal=0.657 | v_rec_bal=0.750 | lr=6.2e-06 | 8.5s
  Fold 1 | Ep  24/50 | t_loss=0.0154 t_acc=0.995 | v_loss=3.4034 v_bal=0.659 | v_rec_bal=0.750 | lr=5.8e-06 | 8.5s
  Fold 1 | Ep  25/50 | t_loss=0.0140 t_acc=0.997 | v_loss=3.4909 v_bal=0.670 | v_rec_bal=0.750 | lr=5.5e-06 | 8.5s
  Fold 1 | Ep  26/50 | t_loss=0.0119 t_acc=0.997 | v_loss=3.4544 v_bal=0.676 | v_rec_bal=0.750 | lr=5.2e-06 | 8.6s
  Fold 1 | Ep  27/50 | t_loss=0.0096 t_acc=0.998 | v_loss=3.6625 v_bal=0.671 | v_rec_bal=0.750 | lr=4.8e-06 | 8.5s
  Fold 1 | Ep  28/50 | t_loss=0.0084 t_acc=0.999 | v_loss=3.8062 v_bal=0.665 | v_rec_bal=0.750 | lr=4.5e-06 | 8.6s
  Fold 1 | Ep  29/50 | t_loss=0.0086 t_acc=0.998 | v_loss=3.9348 v_bal=0.655 | v_rec_bal=0.750 | lr=4.2e-06 | 8.6s
  Fold 1 | Ep  30/50 | t_loss=0.0073 t_acc=0.999 | v_loss=3.8531 v_bal=0.671 | v_rec_bal=0.750 | lr=3.8e-06 | 8.2s
  Fold 1 | Ep  31/50 | t_loss=0.0063 t_acc=0.999 | v_loss=3.8726 v_bal=0.671 | v_rec_bal=0.750 | lr=3.5e-06 | 8.1s
  Fold 1 | Ep  32/50 | t_loss=0.0064 t_acc=0.999 | v_loss=3.9188 v_bal=0.665 | v_rec_bal=0.750 | lr=3.2e-06 | 8.1s
  Fold 1 | Ep  33/50 | t_loss=0.0055 t_acc=0.999 | v_loss=3.9562 v_bal=0.668 | v_rec_bal=0.750 | lr=2.9e-06 | 8.2s
  Fold 1 | Ep  34/50 | t_loss=0.0050 t_acc=0.999 | v_loss=3.9997 v_bal=0.666 | v_rec_bal=0.750 | lr=2.6e-06 | 8.3s
  Fold 1 | Ep  35/50 | t_loss=0.0045 t_acc=0.999 | v_loss=4.0049 v_bal=0.668 | v_rec_bal=0.750 | lr=2.3e-06 | 8.1s
  Fold 1 | Ep  36/50 | t_loss=0.0033 t_acc=0.999 | v_loss=4.0341 v_bal=0.668 | v_rec_bal=0.750 | lr=2.0e-06 | 8.1s
  Fold 1 | Ep  37/50 | t_loss=0.0034 t_acc=1.000 | v_loss=4.0678 v_bal=0.666 | v_rec_bal=0.750 | lr=1.8e-06 | 8.1s
  Fold 1 | Ep  38/50 | t_loss=0.0028 t_acc=1.000 | v_loss=4.1045 v_bal=0.664 | v_rec_bal=0.750 | lr=1.5e-06 | 8.1s
  Fold 1 | Ep  39/50 | t_loss=0.0024 t_acc=1.000 | v_loss=4.1675 v_bal=0.660 | v_rec_bal=0.750 | lr=1.3e-06 | 8.1s
  Fold 1 | Ep  40/50 | t_loss=0.0021 t_acc=1.000 | v_loss=4.1172 v_bal=0.668 | v_rec_bal=0.750 | lr=1.1e-06 | 8.1s
  Fold 1 | Ep  41/50 | t_loss=0.0021 t_acc=1.000 | v_loss=4.1306 v_bal=0.666 | v_rec_bal=0.750 | lr=8.8e-07 | 8.1s
  Fold 1 | Ep  42/50 | t_loss=0.0017 t_acc=1.000 | v_loss=4.1527 v_bal=0.666 | v_rec_bal=0.750 | lr=7.0e-07 | 8.5s
  Fold 1 | Ep  43/50 | t_loss=0.0016 t_acc=1.000 | v_loss=4.1583 v_bal=0.665 | v_rec_bal=0.750 | lr=5.4e-07 | 8.1s
  Fold 1 | Ep  44/50 | t_loss=0.0012 t_acc=1.000 | v_loss=4.1442 v_bal=0.668 | v_rec_bal=0.750 | lr=4.0e-07 | 8.1s
  Fold 1 | Ep  45/50 | t_loss=0.0011 t_acc=1.000 | v_loss=4.1651 v_bal=0.663 | v_rec_bal=0.750 | lr=2.8e-07 | 8.1s
  Fold 1 | Ep  46/50 | t_loss=0.0012 t_acc=1.000 | v_loss=4.1522 v_bal=0.667 | v_rec_bal=0.750 | lr=1.8e-07 | 8.1s
  Fold 1 | Ep  47/50 | t_loss=0.0010 t_acc=1.000 | v_loss=4.1677 v_bal=0.667 | v_rec_bal=0.750 | lr=1.0e-07 | 8.1s
  Fold 1 | Ep  48/50 | t_loss=0.0009 t_acc=1.000 | v_loss=4.1824 v_bal=0.663 | v_rec_bal=0.750 | lr=1.0e-07 | 8.1s
  Fold 1 | Ep  49/50 | t_loss=0.0013 t_acc=1.000 | v_loss=4.1867 v_bal=0.662 | v_rec_bal=0.750 | lr=1.0e-07 | 8.1s
  Fold 1 | Ep  50/50 | t_loss=0.0007 t_acc=1.000 | v_loss=4.1836 v_bal=0.665 | v_rec_bal=0.750 | lr=1.0e-07 | 8.2s
  -> Test (best@ep5): rec_bal=0.6786  win_bal=0.5835
  -> Fold summary (best @ epoch 5): rec_acc=0.7778, rec_bal=0.6786, win_bal=0.5835

============================================================
Global Results (Wang single split (seed=17), FT)
Extractor: labram | Label: dass | Loss: ce
Augmentation: 75% overlap for increase class
============================================================
           acc: 0.7778
       bal_acc: 0.6786
            f1: 0.7778
         kappa: 0.3571
  Predictions: 9 (dataset: 82)

Results saved to results/studies/exp24_labram_fixed/labram_s17/
