/raid/jupyter-linjimmy1003.md10/.conda/envs/stress/lib/python3.11/site-packages/timm/models/layers/__init__.py:49: FutureWarning: Importing from timm.models.layers is deprecated, please import via timm.layers
  warnings.warn(f"Importing from {__name__} is deprecated, please import via timm.layers", FutureWarning)
Mode: FT | Extractor: cbramod | Folds: 5
LR: 0.0001 | WD: 0.05 | Beta2: 0.999 | Grad clip: 2.0
Head: hidden=128, dropout=0.0 | Norm: none | Loss: focal
Full FT: encoder_lr_scale=1.0
Augmentation: 75% overlap for increase class

Results → results/hp_sweep/20260410_dass/cbramod/cbramod_encoderlrscale1.0_lr1e-4_s2024/
Dataset: 70 recordings loaded (14 increase, 56 normal)
Cache: 70 recordings ready (70 cached, 0 new)

============================================================
Fold 1/5
============================================================
  Train:  45 samples, 12 subjects [1, 2, 3, 6, 7, 9, 10, 12, 13, 14, 16, 18], label_0=34, label_1=11
    Val:  12 samples,  2 subjects [5, 11], label_0=11, label_1=1
   Test:  13 samples,  3 subjects [4, 8, 17], label_0=11, label_1=2
  Building window datasets...
    WindowDataset: 6044 windows (class_0=3001, class_1=3043)
    WindowDataset: 964 windows (class_0=903, class_1=61)
    WindowDataset: 824 windows (class_0=698, class_1=126)
[CBraMod] Loaded 209/209 params from weights/cbramod-base/pretrained_weights.pth
  Trainable parameters: 4,935,443
  Class weights: [1.0069977045059204, 0.9930989146232605]
  Fold 1 | Ep   1/50 | t_loss=0.1457 t_acc=0.705 | v_win_bal=0.403 v_rec_bal=0.545 | lr=3.3e-05 | 18.9s
  Fold 1 | Ep   2/50 | t_loss=0.1168 t_acc=0.803 | v_win_bal=0.391 v_rec_bal=0.364 | lr=6.7e-05 | 14.4s
  Fold 1 | Ep   3/50 | t_loss=0.1090 t_acc=0.823 | v_win_bal=0.423 v_rec_bal=0.227 | lr=1.0e-04 | 14.5s
  Fold 1 | Ep   4/50 | t_loss=0.0980 t_acc=0.848 | v_win_bal=0.444 v_rec_bal=0.591 | lr=1.0e-04 | 14.3s
  Fold 1 | Ep   5/50 | t_loss=0.0847 t_acc=0.874 | v_win_bal=0.439 v_rec_bal=0.318 | lr=1.0e-04 | 14.3s
  Fold 1 | Ep   6/50 | t_loss=0.0785 t_acc=0.888 | v_win_bal=0.528 v_rec_bal=0.591 | lr=9.9e-05 | 14.2s
  Fold 1 | Ep   7/50 | t_loss=0.0694 t_acc=0.895 | v_win_bal=0.508 v_rec_bal=0.591 | lr=9.8e-05 | 14.2s
  Fold 1 | Ep   8/50 | t_loss=0.0658 t_acc=0.904 | v_win_bal=0.450 v_rec_bal=0.591 | lr=9.7e-05 | 14.5s
  Fold 1 | Ep   9/50 | t_loss=0.0573 t_acc=0.914 | v_win_bal=0.556 v_rec_bal=0.364 | lr=9.6e-05 | 14.2s
  Fold 1 | Ep  10/50 | t_loss=0.0577 t_acc=0.917 | v_win_bal=0.656 v_rec_bal=0.864 | lr=9.5e-05 | 14.2s
  Fold 1 | Ep  11/50 | t_loss=0.0537 t_acc=0.923 | v_win_bal=0.609 v_rec_bal=0.864 | lr=9.3e-05 | 14.5s
  Fold 1 | Ep  12/50 | t_loss=0.0541 t_acc=0.924 | v_win_bal=0.537 v_rec_bal=0.773 | lr=9.1e-05 | 14.3s
  Fold 1 | Ep  13/50 | t_loss=0.0465 t_acc=0.934 | v_win_bal=0.659 v_rec_bal=0.818 | lr=8.9e-05 | 14.2s
  Fold 1 | Ep  14/50 | t_loss=0.0465 t_acc=0.938 | v_win_bal=0.498 v_rec_bal=0.773 | lr=8.7e-05 | 14.2s
  Fold 1 | Ep  15/50 | t_loss=0.0437 t_acc=0.948 | v_win_bal=0.658 v_rec_bal=0.773 | lr=8.5e-05 | 14.4s
  Fold 1 | Ep  16/50 | t_loss=0.0405 t_acc=0.946 | v_win_bal=0.596 v_rec_bal=0.818 | lr=8.2e-05 | 14.3s
  Fold 1 | Ep  17/50 | t_loss=0.0423 t_acc=0.946 | v_win_bal=0.633 v_rec_bal=0.727 | lr=8.0e-05 | 14.3s
  Fold 1 | Ep  18/50 | t_loss=0.0344 t_acc=0.958 | v_win_bal=0.628 v_rec_bal=0.773 | lr=7.7e-05 | 14.1s
  Fold 1 | Ep  19/50 | t_loss=0.0321 t_acc=0.960 | v_win_bal=0.620 v_rec_bal=0.773 | lr=7.4e-05 | 14.2s
  Fold 1 | Ep  20/50 | t_loss=0.0315 t_acc=0.957 | v_win_bal=0.619 v_rec_bal=0.818 | lr=7.1e-05 | 14.3s
  Fold 1 | Ep  21/50 | t_loss=0.0292 t_acc=0.968 | v_win_bal=0.636 v_rec_bal=0.773 | lr=6.8e-05 | 14.2s
  Fold 1 | Ep  22/50 | t_loss=0.0311 t_acc=0.967 | v_win_bal=0.615 v_rec_bal=0.773 | lr=6.5e-05 | 14.1s
  Fold 1 | Ep  23/50 | t_loss=0.0245 t_acc=0.973 | v_win_bal=0.610 v_rec_bal=0.682 | lr=6.2e-05 | 14.1s
  Fold 1 | Ep  24/50 | t_loss=0.0230 t_acc=0.975 | v_win_bal=0.539 v_rec_bal=0.773 | lr=5.8e-05 | 14.3s
  Fold 1 | Ep  25/50 | t_loss=0.0244 t_acc=0.973 | v_win_bal=0.582 v_rec_bal=0.773 | lr=5.5e-05 | 14.2s
  Fold 1 | Ep  26/50 | t_loss=0.0213 t_acc=0.977 | v_win_bal=0.595 v_rec_bal=0.864 | lr=5.2e-05 | 14.1s
  Fold 1 | Ep  27/50 | t_loss=0.0201 t_acc=0.982 | v_win_bal=0.625 v_rec_bal=0.773 | lr=4.8e-05 | 14.8s
  Early stop at epoch 27
  -> Test (best @ epoch 10): acc=0.8462, bal_acc=0.5000

============================================================
Fold 2/5
============================================================
  Train:  41 samples, 11 subjects [1, 2, 4, 6, 7, 8, 9, 10, 13, 14, 17], label_0=31, label_1=10
    Val:  17 samples,  4 subjects [3, 12, 16, 18], label_0=14, label_1=3
   Test:  12 samples,  2 subjects [5, 11], label_0=11, label_1=1
  Building window datasets...
    WindowDataset: 5268 windows (class_0=2478, class_1=2790)
    WindowDataset: 1411 windows (class_0=1221, class_1=190)
    WindowDataset: 964 windows (class_0=903, class_1=61)
[CBraMod] Loaded 209/209 params from weights/cbramod-base/pretrained_weights.pth
  Fold 2 | Ep   1/50 | t_loss=0.1547 t_acc=0.646 | v_win_bal=0.536 v_rec_bal=0.536 | lr=3.3e-05 | 13.2s
  Fold 2 | Ep   2/50 | t_loss=0.1168 t_acc=0.793 | v_win_bal=0.482 v_rec_bal=0.393 | lr=6.7e-05 | 13.3s
  Fold 2 | Ep   3/50 | t_loss=0.0842 t_acc=0.872 | v_win_bal=0.479 v_rec_bal=0.429 | lr=1.0e-04 | 13.2s
  Fold 2 | Ep   4/50 | t_loss=0.0790 t_acc=0.881 | v_win_bal=0.467 v_rec_bal=0.464 | lr=1.0e-04 | 13.2s
  Fold 2 | Ep   5/50 | t_loss=0.0653 t_acc=0.909 | v_win_bal=0.485 v_rec_bal=0.464 | lr=1.0e-04 | 13.2s
  Fold 2 | Ep   6/50 | t_loss=0.0626 t_acc=0.910 | v_win_bal=0.589 v_rec_bal=0.488 | lr=9.9e-05 | 13.1s
  Fold 2 | Ep   7/50 | t_loss=0.0600 t_acc=0.913 | v_win_bal=0.499 v_rec_bal=0.393 | lr=9.8e-05 | 13.1s
  Fold 2 | Ep   8/50 | t_loss=0.0580 t_acc=0.919 | v_win_bal=0.602 v_rec_bal=0.595 | lr=9.7e-05 | 13.1s
  Fold 2 | Ep   9/50 | t_loss=0.0497 t_acc=0.930 | v_win_bal=0.468 v_rec_bal=0.429 | lr=9.6e-05 | 13.3s
  Fold 2 | Ep  10/50 | t_loss=0.0429 t_acc=0.943 | v_win_bal=0.515 v_rec_bal=0.393 | lr=9.5e-05 | 13.1s
  Fold 2 | Ep  11/50 | t_loss=0.0452 t_acc=0.940 | v_win_bal=0.590 v_rec_bal=0.429 | lr=9.3e-05 | 13.0s
  Fold 2 | Ep  12/50 | t_loss=0.0375 t_acc=0.950 | v_win_bal=0.581 v_rec_bal=0.429 | lr=9.1e-05 | 11.6s
  Fold 2 | Ep  13/50 | t_loss=0.0424 t_acc=0.949 | v_win_bal=0.566 v_rec_bal=0.631 | lr=8.9e-05 | 13.2s
  Fold 2 | Ep  14/50 | t_loss=0.0383 t_acc=0.950 | v_win_bal=0.570 v_rec_bal=0.429 | lr=8.7e-05 | 13.1s
  Fold 2 | Ep  15/50 | t_loss=0.0436 t_acc=0.946 | v_win_bal=0.623 v_rec_bal=0.595 | lr=8.5e-05 | 13.4s
  Fold 2 | Ep  16/50 | t_loss=0.0426 t_acc=0.954 | v_win_bal=0.715 v_rec_bal=0.690 | lr=8.2e-05 | 13.1s
  Fold 2 | Ep  17/50 | t_loss=0.0405 t_acc=0.955 | v_win_bal=0.673 v_rec_bal=0.726 | lr=8.0e-05 | 13.1s
  Fold 2 | Ep  18/50 | t_loss=0.0376 t_acc=0.960 | v_win_bal=0.615 v_rec_bal=0.595 | lr=7.7e-05 | 13.2s
  Fold 2 | Ep  19/50 | t_loss=0.0335 t_acc=0.966 | v_win_bal=0.580 v_rec_bal=0.429 | lr=7.4e-05 | 13.1s
  Fold 2 | Ep  20/50 | t_loss=0.0306 t_acc=0.964 | v_win_bal=0.560 v_rec_bal=0.429 | lr=7.1e-05 | 13.2s
  Fold 2 | Ep  21/50 | t_loss=0.0299 t_acc=0.968 | v_win_bal=0.586 v_rec_bal=0.464 | lr=6.8e-05 | 13.1s
  Fold 2 | Ep  22/50 | t_loss=0.0303 t_acc=0.967 | v_win_bal=0.581 v_rec_bal=0.595 | lr=6.5e-05 | 13.0s
  Fold 2 | Ep  23/50 | t_loss=0.0249 t_acc=0.974 | v_win_bal=0.613 v_rec_bal=0.464 | lr=6.2e-05 | 13.1s
  Fold 2 | Ep  24/50 | t_loss=0.0213 t_acc=0.979 | v_win_bal=0.701 v_rec_bal=0.726 | lr=5.8e-05 | 13.3s
  Fold 2 | Ep  25/50 | t_loss=0.0249 t_acc=0.978 | v_win_bal=0.576 v_rec_bal=0.429 | lr=5.5e-05 | 13.0s
  Fold 2 | Ep  26/50 | t_loss=0.0187 t_acc=0.983 | v_win_bal=0.562 v_rec_bal=0.429 | lr=5.2e-05 | 13.4s
  Fold 2 | Ep  27/50 | t_loss=0.0245 t_acc=0.982 | v_win_bal=0.521 v_rec_bal=0.429 | lr=4.8e-05 | 13.2s
  Fold 2 | Ep  28/50 | t_loss=0.0167 t_acc=0.984 | v_win_bal=0.606 v_rec_bal=0.595 | lr=4.5e-05 | 13.4s
  Fold 2 | Ep  29/50 | t_loss=0.0191 t_acc=0.986 | v_win_bal=0.577 v_rec_bal=0.464 | lr=4.2e-05 | 13.4s
  Fold 2 | Ep  30/50 | t_loss=0.0106 t_acc=0.989 | v_win_bal=0.518 v_rec_bal=0.429 | lr=3.8e-05 | 13.2s
  Fold 2 | Ep  31/50 | t_loss=0.0148 t_acc=0.990 | v_win_bal=0.577 v_rec_bal=0.429 | lr=3.5e-05 | 13.4s
  Fold 2 | Ep  32/50 | t_loss=0.0105 t_acc=0.992 | v_win_bal=0.543 v_rec_bal=0.429 | lr=3.2e-05 | 13.3s
  Early stop at epoch 32
  -> Test (best @ epoch 17): acc=0.2500, bal_acc=0.5909

============================================================
Fold 3/5
============================================================
  Train:  44 samples, 10 subjects [1, 2, 3, 5, 6, 7, 11, 13, 16, 18], label_0=35, label_1=9
    Val:  13 samples,  3 subjects [4, 8, 17], label_0=11, label_1=2
   Test:  13 samples,  4 subjects [9, 10, 12, 14], label_0=10, label_1=3
  Building window datasets...
    WindowDataset: 4825 windows (class_0=2580, class_1=2245)
    WindowDataset: 824 windows (class_0=698, class_1=126)
    WindowDataset: 1586 windows (class_0=1324, class_1=262)
[CBraMod] Loaded 209/209 params from weights/cbramod-base/pretrained_weights.pth
  Fold 3 | Ep   1/50 | t_loss=0.1700 t_acc=0.545 | v_win_bal=0.447 v_rec_bal=0.500 | lr=3.3e-05 | 11.5s
  Fold 3 | Ep   2/50 | t_loss=0.1547 t_acc=0.659 | v_win_bal=0.440 v_rec_bal=0.500 | lr=6.7e-05 | 11.7s
  Fold 3 | Ep   3/50 | t_loss=0.1431 t_acc=0.700 | v_win_bal=0.363 v_rec_bal=0.409 | lr=1.0e-04 | 11.4s
  Fold 3 | Ep   4/50 | t_loss=0.1302 t_acc=0.740 | v_win_bal=0.342 v_rec_bal=0.273 | lr=1.0e-04 | 11.6s
  Fold 3 | Ep   5/50 | t_loss=0.1232 t_acc=0.766 | v_win_bal=0.485 v_rec_bal=0.500 | lr=1.0e-04 | 11.4s
  Fold 3 | Ep   6/50 | t_loss=0.1180 t_acc=0.785 | v_win_bal=0.443 v_rec_bal=0.500 | lr=9.9e-05 | 11.6s
  Fold 3 | Ep   7/50 | t_loss=0.1092 t_acc=0.804 | v_win_bal=0.475 v_rec_bal=0.500 | lr=9.8e-05 | 11.7s
  Fold 3 | Ep   8/50 | t_loss=0.0980 t_acc=0.832 | v_win_bal=0.421 v_rec_bal=0.500 | lr=9.7e-05 | 11.4s
  Fold 3 | Ep   9/50 | t_loss=0.0888 t_acc=0.851 | v_win_bal=0.467 v_rec_bal=0.500 | lr=9.6e-05 | 11.6s
  Fold 3 | Ep  10/50 | t_loss=0.0750 t_acc=0.876 | v_win_bal=0.452 v_rec_bal=0.500 | lr=9.5e-05 | 11.3s
  Fold 3 | Ep  11/50 | t_loss=0.0776 t_acc=0.872 | v_win_bal=0.473 v_rec_bal=0.500 | lr=9.3e-05 | 11.5s
  Fold 3 | Ep  12/50 | t_loss=0.0665 t_acc=0.896 | v_win_bal=0.471 v_rec_bal=0.500 | lr=9.1e-05 | 11.3s
  Fold 3 | Ep  13/50 | t_loss=0.0568 t_acc=0.916 | v_win_bal=0.429 v_rec_bal=0.500 | lr=8.9e-05 | 11.4s
  Fold 3 | Ep  14/50 | t_loss=0.0565 t_acc=0.918 | v_win_bal=0.416 v_rec_bal=0.500 | lr=8.7e-05 | 11.4s
  Fold 3 | Ep  15/50 | t_loss=0.0509 t_acc=0.924 | v_win_bal=0.389 v_rec_bal=0.409 | lr=8.5e-05 | 11.5s
  Fold 3 | Ep  16/50 | t_loss=0.0474 t_acc=0.935 | v_win_bal=0.413 v_rec_bal=0.500 | lr=8.2e-05 | 11.5s
  Early stop at epoch 16
  -> Test (best @ epoch 1): acc=0.8462, bal_acc=0.6667

============================================================
Fold 4/5
============================================================
  Train:  40 samples, 10 subjects [1, 2, 4, 5, 6, 8, 9, 10, 11, 14], label_0=31, label_1=9
    Val:  13 samples,  3 subjects [12, 17, 18], label_0=11, label_1=2
   Test:  17 samples,  4 subjects [3, 7, 13, 16], label_0=14, label_1=3
  Building window datasets...
    WindowDataset: 5020 windows (class_0=2487, class_1=2533)
    WindowDataset: 1166 windows (class_0=1040, class_1=126)
    WindowDataset: 1265 windows (class_0=1075, class_1=190)
[CBraMod] Loaded 209/209 params from weights/cbramod-base/pretrained_weights.pth
  Fold 4 | Ep   1/50 | t_loss=0.1705 t_acc=0.547 | v_win_bal=0.497 v_rec_bal=0.500 | lr=3.3e-05 | 12.3s
  Fold 4 | Ep   2/50 | t_loss=0.1389 t_acc=0.732 | v_win_bal=0.523 v_rec_bal=0.500 | lr=6.7e-05 | 12.3s
  Fold 4 | Ep   3/50 | t_loss=0.1133 t_acc=0.817 | v_win_bal=0.503 v_rec_bal=0.500 | lr=1.0e-04 | 12.5s
  Fold 4 | Ep   4/50 | t_loss=0.1052 t_acc=0.832 | v_win_bal=0.468 v_rec_bal=0.318 | lr=1.0e-04 | 12.3s
  Fold 4 | Ep   5/50 | t_loss=0.0902 t_acc=0.868 | v_win_bal=0.502 v_rec_bal=0.500 | lr=1.0e-04 | 12.4s
  Fold 4 | Ep   6/50 | t_loss=0.0866 t_acc=0.877 | v_win_bal=0.491 v_rec_bal=0.500 | lr=9.9e-05 | 12.6s
  Fold 4 | Ep   7/50 | t_loss=0.0749 t_acc=0.883 | v_win_bal=0.553 v_rec_bal=0.455 | lr=9.8e-05 | 12.3s
  Fold 4 | Ep   8/50 | t_loss=0.0762 t_acc=0.885 | v_win_bal=0.571 v_rec_bal=0.455 | lr=9.7e-05 | 12.5s
  Fold 4 | Ep   9/50 | t_loss=0.0613 t_acc=0.907 | v_win_bal=0.523 v_rec_bal=0.500 | lr=9.6e-05 | 12.4s
  Fold 4 | Ep  10/50 | t_loss=0.0692 t_acc=0.906 | v_win_bal=0.506 v_rec_bal=0.455 | lr=9.5e-05 | 12.2s
  Fold 4 | Ep  11/50 | t_loss=0.0691 t_acc=0.897 | v_win_bal=0.542 v_rec_bal=0.500 | lr=9.3e-05 | 12.6s
  Fold 4 | Ep  12/50 | t_loss=0.0578 t_acc=0.911 | v_win_bal=0.513 v_rec_bal=0.455 | lr=9.1e-05 | 12.7s
  Fold 4 | Ep  13/50 | t_loss=0.0497 t_acc=0.924 | v_win_bal=0.652 v_rec_bal=0.659 | lr=8.9e-05 | 12.2s
  Fold 4 | Ep  14/50 | t_loss=0.0512 t_acc=0.927 | v_win_bal=0.500 v_rec_bal=0.500 | lr=8.7e-05 | 12.5s
  Fold 4 | Ep  15/50 | t_loss=0.0669 t_acc=0.920 | v_win_bal=0.570 v_rec_bal=0.659 | lr=8.5e-05 | 12.1s
  Fold 4 | Ep  16/50 | t_loss=0.0535 t_acc=0.928 | v_win_bal=0.497 v_rec_bal=0.500 | lr=8.2e-05 | 12.3s
  Fold 4 | Ep  17/50 | t_loss=0.0454 t_acc=0.931 | v_win_bal=0.627 v_rec_bal=0.705 | lr=8.0e-05 | 12.4s
  Fold 4 | Ep  18/50 | t_loss=0.0417 t_acc=0.943 | v_win_bal=0.491 v_rec_bal=0.455 | lr=7.7e-05 | 12.2s
  Fold 4 | Ep  19/50 | t_loss=0.0445 t_acc=0.941 | v_win_bal=0.558 v_rec_bal=0.455 | lr=7.4e-05 | 12.3s
  Fold 4 | Ep  20/50 | t_loss=0.0367 t_acc=0.951 | v_win_bal=0.490 v_rec_bal=0.455 | lr=7.1e-05 | 12.4s
  Fold 4 | Ep  21/50 | t_loss=0.0396 t_acc=0.950 | v_win_bal=0.491 v_rec_bal=0.500 | lr=6.8e-05 | 12.3s
  Fold 4 | Ep  22/50 | t_loss=0.0326 t_acc=0.956 | v_win_bal=0.497 v_rec_bal=0.455 | lr=6.5e-05 | 12.3s
  Fold 4 | Ep  23/50 | t_loss=0.0296 t_acc=0.961 | v_win_bal=0.491 v_rec_bal=0.500 | lr=6.2e-05 | 12.3s
  Fold 4 | Ep  24/50 | t_loss=0.0376 t_acc=0.958 | v_win_bal=0.494 v_rec_bal=0.500 | lr=5.8e-05 | 12.3s
  Fold 4 | Ep  25/50 | t_loss=0.0280 t_acc=0.964 | v_win_bal=0.486 v_rec_bal=0.455 | lr=5.5e-05 | 12.2s
  Fold 4 | Ep  26/50 | t_loss=0.0289 t_acc=0.967 | v_win_bal=0.477 v_rec_bal=0.500 | lr=5.2e-05 | 12.2s
  Fold 4 | Ep  27/50 | t_loss=0.0283 t_acc=0.969 | v_win_bal=0.457 v_rec_bal=0.409 | lr=4.8e-05 | 12.3s
  Fold 4 | Ep  28/50 | t_loss=0.0242 t_acc=0.974 | v_win_bal=0.489 v_rec_bal=0.500 | lr=4.5e-05 | 12.3s
  Fold 4 | Ep  29/50 | t_loss=0.0256 t_acc=0.973 | v_win_bal=0.475 v_rec_bal=0.500 | lr=4.2e-05 | 12.4s
  Fold 4 | Ep  30/50 | t_loss=0.0211 t_acc=0.977 | v_win_bal=0.463 v_rec_bal=0.500 | lr=3.8e-05 | 12.2s
  Fold 4 | Ep  31/50 | t_loss=0.0236 t_acc=0.977 | v_win_bal=0.472 v_rec_bal=0.500 | lr=3.5e-05 | 12.3s
  Fold 4 | Ep  32/50 | t_loss=0.0206 t_acc=0.976 | v_win_bal=0.482 v_rec_bal=0.500 | lr=3.2e-05 | 12.2s
  Early stop at epoch 32
  -> Test (best @ epoch 17): acc=0.8235, bal_acc=0.5000

============================================================
Fold 5/5
============================================================
  Train:  43 samples, 11 subjects [3, 4, 7, 8, 9, 10, 12, 13, 14, 16, 17], label_0=35, label_1=8
    Val:  12 samples,  2 subjects [5, 11], label_0=11, label_1=1
   Test:  15 samples,  4 subjects [1, 2, 6, 18], label_0=10, label_1=5
  Building window datasets...
    WindowDataset: 5385 windows (class_0=3097, class_1=2288)
    WindowDataset: 964 windows (class_0=903, class_1=61)
    WindowDataset: 919 windows (class_0=602, class_1=317)
[CBraMod] Loaded 209/209 params from weights/cbramod-base/pretrained_weights.pth
  Fold 5 | Ep   1/50 | t_loss=0.1553 t_acc=0.642 | v_win_bal=0.509 v_rec_bal=0.500 | lr=3.3e-05 | 12.8s
  Fold 5 | Ep   2/50 | t_loss=0.1184 t_acc=0.794 | v_win_bal=0.328 v_rec_bal=0.273 | lr=6.7e-05 | 12.8s
  Fold 5 | Ep   3/50 | t_loss=0.1088 t_acc=0.819 | v_win_bal=0.363 v_rec_bal=0.227 | lr=1.0e-04 | 12.9s
  Fold 5 | Ep   4/50 | t_loss=0.0946 t_acc=0.863 | v_win_bal=0.491 v_rec_bal=0.500 | lr=1.0e-04 | 12.8s
  Fold 5 | Ep   5/50 | t_loss=0.0846 t_acc=0.878 | v_win_bal=0.497 v_rec_bal=0.682 | lr=1.0e-04 | 12.8s
  Fold 5 | Ep   6/50 | t_loss=0.0787 t_acc=0.887 | v_win_bal=0.521 v_rec_bal=0.273 | lr=9.9e-05 | 12.8s
  Fold 5 | Ep   7/50 | t_loss=0.0745 t_acc=0.896 | v_win_bal=0.554 v_rec_bal=0.636 | lr=9.8e-05 | 12.9s
  Fold 5 | Ep   8/50 | t_loss=0.0677 t_acc=0.903 | v_win_bal=0.577 v_rec_bal=0.682 | lr=9.7e-05 | 12.8s
  Fold 5 | Ep   9/50 | t_loss=0.0680 t_acc=0.908 | v_win_bal=0.631 v_rec_bal=1.000 | lr=9.6e-05 | 12.8s
  Fold 5 | Ep  10/50 | t_loss=0.0569 t_acc=0.917 | v_win_bal=0.608 v_rec_bal=0.773 | lr=9.5e-05 | 12.8s
  Fold 5 | Ep  11/50 | t_loss=0.0572 t_acc=0.920 | v_win_bal=0.498 v_rec_bal=0.318 | lr=9.3e-05 | 12.9s
  Fold 5 | Ep  12/50 | t_loss=0.0513 t_acc=0.927 | v_win_bal=0.721 v_rec_bal=0.773 | lr=9.1e-05 | 12.8s
  Fold 5 | Ep  13/50 | t_loss=0.0441 t_acc=0.936 | v_win_bal=0.763 v_rec_bal=0.955 | lr=8.9e-05 | 12.9s
  Fold 5 | Ep  14/50 | t_loss=0.0473 t_acc=0.935 | v_win_bal=0.746 v_rec_bal=0.909 | lr=8.7e-05 | 12.9s
  Fold 5 | Ep  15/50 | t_loss=0.0413 t_acc=0.944 | v_win_bal=0.751 v_rec_bal=0.818 | lr=8.5e-05 | 12.9s
  Fold 5 | Ep  16/50 | t_loss=0.0406 t_acc=0.947 | v_win_bal=0.727 v_rec_bal=0.909 | lr=8.2e-05 | 12.8s
  Fold 5 | Ep  17/50 | t_loss=0.0358 t_acc=0.954 | v_win_bal=0.753 v_rec_bal=0.909 | lr=8.0e-05 | 12.9s
  Fold 5 | Ep  18/50 | t_loss=0.0333 t_acc=0.958 | v_win_bal=0.717 v_rec_bal=1.000 | lr=7.7e-05 | 12.8s
  Fold 5 | Ep  19/50 | t_loss=0.0256 t_acc=0.969 | v_win_bal=0.631 v_rec_bal=0.455 | lr=7.4e-05 | 12.9s
  Fold 5 | Ep  20/50 | t_loss=0.0262 t_acc=0.967 | v_win_bal=0.577 v_rec_bal=0.500 | lr=7.1e-05 | 12.8s
  Fold 5 | Ep  21/50 | t_loss=0.0253 t_acc=0.970 | v_win_bal=0.597 v_rec_bal=0.500 | lr=6.8e-05 | 12.9s
  Fold 5 | Ep  22/50 | t_loss=0.0235 t_acc=0.977 | v_win_bal=0.673 v_rec_bal=1.000 | lr=6.5e-05 | 12.8s
  Fold 5 | Ep  23/50 | t_loss=0.0187 t_acc=0.978 | v_win_bal=0.697 v_rec_bal=0.955 | lr=6.2e-05 | 13.0s
  Fold 5 | Ep  24/50 | t_loss=0.0213 t_acc=0.978 | v_win_bal=0.662 v_rec_bal=0.955 | lr=5.8e-05 | 13.1s
  Fold 5 | Ep  25/50 | t_loss=0.0205 t_acc=0.981 | v_win_bal=0.584 v_rec_bal=0.500 | lr=5.5e-05 | 12.8s
  Fold 5 | Ep  26/50 | t_loss=0.0162 t_acc=0.985 | v_win_bal=0.630 v_rec_bal=0.500 | lr=5.2e-05 | 13.0s
  Fold 5 | Ep  27/50 | t_loss=0.0154 t_acc=0.988 | v_win_bal=0.724 v_rec_bal=0.864 | lr=4.8e-05 | 13.0s
  Fold 5 | Ep  28/50 | t_loss=0.0183 t_acc=0.985 | v_win_bal=0.727 v_rec_bal=0.955 | lr=4.5e-05 | 12.9s
  Fold 5 | Ep  29/50 | t_loss=0.0108 t_acc=0.990 | v_win_bal=0.692 v_rec_bal=0.955 | lr=4.2e-05 | 13.0s
  Fold 5 | Ep  30/50 | t_loss=0.0121 t_acc=0.989 | v_win_bal=0.692 v_rec_bal=0.955 | lr=3.8e-05 | 13.2s
  Fold 5 | Ep  31/50 | t_loss=0.0135 t_acc=0.992 | v_win_bal=0.669 v_rec_bal=0.955 | lr=3.5e-05 | 13.0s
  Fold 5 | Ep  32/50 | t_loss=0.0081 t_acc=0.993 | v_win_bal=0.625 v_rec_bal=0.500 | lr=3.2e-05 | 12.9s
  Fold 5 | Ep  33/50 | t_loss=0.0080 t_acc=0.994 | v_win_bal=0.701 v_rec_bal=0.955 | lr=2.9e-05 | 13.5s
  Fold 5 | Ep  34/50 | t_loss=0.0093 t_acc=0.994 | v_win_bal=0.699 v_rec_bal=0.955 | lr=2.6e-05 | 13.1s
  Fold 5 | Ep  35/50 | t_loss=0.0047 t_acc=0.995 | v_win_bal=0.638 v_rec_bal=0.500 | lr=2.3e-05 | 13.0s
  Fold 5 | Ep  36/50 | t_loss=0.0090 t_acc=0.994 | v_win_bal=0.695 v_rec_bal=0.955 | lr=2.0e-05 | 13.0s
  Fold 5 | Ep  37/50 | t_loss=0.0062 t_acc=0.996 | v_win_bal=0.681 v_rec_bal=0.955 | lr=1.8e-05 | 13.1s
  Fold 5 | Ep  38/50 | t_loss=0.0050 t_acc=0.996 | v_win_bal=0.668 v_rec_bal=1.000 | lr=1.5e-05 | 12.9s
  Fold 5 | Ep  39/50 | t_loss=0.0030 t_acc=0.997 | v_win_bal=0.653 v_rec_bal=0.955 | lr=1.3e-05 | 12.9s
  Early stop at epoch 39
  -> Test (best @ epoch 9): acc=0.6000, bal_acc=0.4500

============================================================
Global Results (5-Fold, subject-level CV)
Mode: FT | Extractor: cbramod | Loss: focal
============================================================
              acc: 0.6857
          bal_acc: 0.4821
               f1: 0.6764
            kappa: -0.0377
  Total predictions: 70 (should equal dataset size: 70)

Results saved to results/hp_sweep/20260410_dass/cbramod/cbramod_encoderlrscale1.0_lr1e-4_s2024/
