/raid/jupyter-linjimmy1003.md10/.conda/envs/stress/lib/python3.11/site-packages/timm/models/layers/__init__.py:49: FutureWarning: Importing from timm.models.layers is deprecated, please import via timm.layers
  warnings.warn(f"Importing from {__name__} is deprecated, please import via timm.layers", FutureWarning)
Mode: FT | Extractor: labram | Folds: 5
LR: 3e-05 | WD: 0.05 | Beta2: 0.999 | Grad clip: 2.0
Head: hidden=128, dropout=0.0 | Norm: zscore | Loss: focal
Full FT: encoder_lr_scale=1.0
Augmentation: 75% overlap for increase class

Results → results/hp_sweep/20260410_dass/labram/labram_encoderlrscale1.0_lr3e-5_s123/
Dataset: 70 recordings loaded (14 increase, 56 normal)
Cache: 70 recordings ready (70 cached, 0 new)

============================================================
Fold 1/5
============================================================
  Train:  45 samples, 12 subjects [1, 2, 3, 4, 6, 7, 9, 10, 13, 14, 16, 18], label_0=34, label_1=11
    Val:  12 samples,  2 subjects [11, 12], label_0=11, label_1=1
   Test:  13 samples,  3 subjects [5, 8, 17], label_0=11, label_1=2
  Building window datasets...
    WindowDataset: 5684 windows (class_0=2641, class_1=3043)
    WindowDataset: 1311 windows (class_0=1250, class_1=61)
    WindowDataset: 837 windows (class_0=711, class_1=126)
[LaBraM] Loaded 221/223 params from weights/labram-base/model.safetensors
[LaBraM] Missing: ['fc_norm.weight', 'fc_norm.bias']
  Trainable parameters: 5,872,179
  Class weights: [1.0761075019836426, 0.9339467883110046]
  Fold 1 | Ep   1/50 | t_loss=0.1374 t_acc=0.716 | v_win_bal=0.602 v_rec_bal=0.500 | lr=1.0e-05 | 17.5s
  Fold 1 | Ep   2/50 | t_loss=0.0744 t_acc=0.886 | v_win_bal=0.579 v_rec_bal=0.364 | lr=2.0e-05 | 14.1s
  Fold 1 | Ep   3/50 | t_loss=0.0350 t_acc=0.957 | v_win_bal=0.508 v_rec_bal=0.455 | lr=3.0e-05 | 13.7s
  Fold 1 | Ep   4/50 | t_loss=0.0135 t_acc=0.989 | v_win_bal=0.554 v_rec_bal=0.455 | lr=3.0e-05 | 13.7s
  Fold 1 | Ep   5/50 | t_loss=0.0028 t_acc=0.997 | v_win_bal=0.543 v_rec_bal=0.409 | lr=3.0e-05 | 13.8s
  Fold 1 | Ep   6/50 | t_loss=0.0033 t_acc=0.998 | v_win_bal=0.493 v_rec_bal=0.500 | lr=3.0e-05 | 13.8s
  Fold 1 | Ep   7/50 | t_loss=0.0072 t_acc=0.995 | v_win_bal=0.755 v_rec_bal=0.818 | lr=2.9e-05 | 13.5s
  Fold 1 | Ep   8/50 | t_loss=0.0028 t_acc=0.998 | v_win_bal=0.538 v_rec_bal=0.500 | lr=2.9e-05 | 13.8s
  Fold 1 | Ep   9/50 | t_loss=0.0018 t_acc=0.999 | v_win_bal=0.584 v_rec_bal=0.364 | lr=2.9e-05 | 13.8s
  Fold 1 | Ep  10/50 | t_loss=0.0022 t_acc=0.999 | v_win_bal=0.636 v_rec_bal=0.409 | lr=2.8e-05 | 13.7s
  Fold 1 | Ep  11/50 | t_loss=0.0025 t_acc=0.999 | v_win_bal=0.499 v_rec_bal=0.409 | lr=2.8e-05 | 14.2s
  Fold 1 | Ep  12/50 | t_loss=0.0003 t_acc=0.999 | v_win_bal=0.676 v_rec_bal=0.864 | lr=2.7e-05 | 13.7s
  Fold 1 | Ep  13/50 | t_loss=0.0094 t_acc=0.993 | v_win_bal=0.716 v_rec_bal=0.818 | lr=2.7e-05 | 13.8s
  Fold 1 | Ep  14/50 | t_loss=0.0023 t_acc=0.998 | v_win_bal=0.575 v_rec_bal=0.409 | lr=2.6e-05 | 13.6s
  Fold 1 | Ep  15/50 | t_loss=0.0030 t_acc=0.998 | v_win_bal=0.516 v_rec_bal=0.455 | lr=2.5e-05 | 13.7s
  Fold 1 | Ep  16/50 | t_loss=0.0009 t_acc=0.999 | v_win_bal=0.511 v_rec_bal=0.409 | lr=2.5e-05 | 13.8s
  Fold 1 | Ep  17/50 | t_loss=0.0019 t_acc=0.999 | v_win_bal=0.511 v_rec_bal=0.409 | lr=2.4e-05 | 13.7s
  Fold 1 | Ep  18/50 | t_loss=0.0017 t_acc=0.999 | v_win_bal=0.592 v_rec_bal=0.364 | lr=2.3e-05 | 13.6s
  Fold 1 | Ep  19/50 | t_loss=0.0000 t_acc=1.000 | v_win_bal=0.586 v_rec_bal=0.364 | lr=2.2e-05 | 13.7s
  Fold 1 | Ep  20/50 | t_loss=0.0000 t_acc=1.000 | v_win_bal=0.581 v_rec_bal=0.364 | lr=2.1e-05 | 13.7s
  Fold 1 | Ep  21/50 | t_loss=0.0000 t_acc=1.000 | v_win_bal=0.580 v_rec_bal=0.364 | lr=2.0e-05 | 13.7s
  Fold 1 | Ep  22/50 | t_loss=0.0000 t_acc=1.000 | v_win_bal=0.581 v_rec_bal=0.364 | lr=1.9e-05 | 9.4s
  Fold 1 | Ep  23/50 | t_loss=0.0000 t_acc=1.000 | v_win_bal=0.571 v_rec_bal=0.364 | lr=1.8e-05 | 7.3s
  Fold 1 | Ep  24/50 | t_loss=0.0000 t_acc=1.000 | v_win_bal=0.580 v_rec_bal=0.364 | lr=1.7e-05 | 7.4s
  Fold 1 | Ep  25/50 | t_loss=0.0000 t_acc=1.000 | v_win_bal=0.582 v_rec_bal=0.364 | lr=1.7e-05 | 7.3s
  Fold 1 | Ep  26/50 | t_loss=0.0000 t_acc=1.000 | v_win_bal=0.572 v_rec_bal=0.364 | lr=1.6e-05 | 8.1s
  Fold 1 | Ep  27/50 | t_loss=0.0000 t_acc=1.000 | v_win_bal=0.571 v_rec_bal=0.364 | lr=1.4e-05 | 7.3s
  Fold 1 | Ep  28/50 | t_loss=0.0000 t_acc=1.000 | v_win_bal=0.572 v_rec_bal=0.364 | lr=1.3e-05 | 7.3s
  Early stop at epoch 28
  -> Test (best @ epoch 12): acc=0.7692, bal_acc=0.4545

============================================================
Fold 2/5
============================================================
  Train:  41 samples, 11 subjects [1, 2, 4, 6, 7, 8, 9, 10, 13, 14, 17], label_0=31, label_1=10
    Val:  17 samples,  4 subjects [3, 5, 16, 18], label_0=14, label_1=3
   Test:  12 samples,  2 subjects [11, 12], label_0=11, label_1=1
  Building window datasets...
    WindowDataset: 5268 windows (class_0=2478, class_1=2790)
    WindowDataset: 1064 windows (class_0=874, class_1=190)
    WindowDataset: 1311 windows (class_0=1250, class_1=61)
[LaBraM] Loaded 221/223 params from weights/labram-base/model.safetensors
[LaBraM] Missing: ['fc_norm.weight', 'fc_norm.bias']
  Fold 2 | Ep   1/50 | t_loss=0.1374 t_acc=0.724 | v_win_bal=0.531 v_rec_bal=0.679 | lr=1.0e-05 | 7.0s
  Fold 2 | Ep   2/50 | t_loss=0.0598 t_acc=0.910 | v_win_bal=0.424 v_rec_bal=0.345 | lr=2.0e-05 | 6.8s
  Fold 2 | Ep   3/50 | t_loss=0.0217 t_acc=0.975 | v_win_bal=0.459 v_rec_bal=0.524 | lr=3.0e-05 | 6.8s
  Fold 2 | Ep   4/50 | t_loss=0.0164 t_acc=0.984 | v_win_bal=0.432 v_rec_bal=0.452 | lr=3.0e-05 | 6.8s
  Fold 2 | Ep   5/50 | t_loss=0.0037 t_acc=0.996 | v_win_bal=0.422 v_rec_bal=0.357 | lr=3.0e-05 | 6.8s
  Fold 2 | Ep   6/50 | t_loss=0.0038 t_acc=0.998 | v_win_bal=0.482 v_rec_bal=0.310 | lr=3.0e-05 | 6.8s
  Fold 2 | Ep   7/50 | t_loss=0.0036 t_acc=0.997 | v_win_bal=0.459 v_rec_bal=0.524 | lr=2.9e-05 | 6.8s
  Fold 2 | Ep   8/50 | t_loss=0.0027 t_acc=0.999 | v_win_bal=0.503 v_rec_bal=0.595 | lr=2.9e-05 | 6.8s
  Fold 2 | Ep   9/50 | t_loss=0.0066 t_acc=0.996 | v_win_bal=0.446 v_rec_bal=0.417 | lr=2.9e-05 | 6.8s
  Fold 2 | Ep  10/50 | t_loss=0.0027 t_acc=0.998 | v_win_bal=0.460 v_rec_bal=0.417 | lr=2.8e-05 | 6.8s
  Fold 2 | Ep  11/50 | t_loss=0.0015 t_acc=0.999 | v_win_bal=0.442 v_rec_bal=0.417 | lr=2.8e-05 | 6.8s
  Fold 2 | Ep  12/50 | t_loss=0.0026 t_acc=0.998 | v_win_bal=0.478 v_rec_bal=0.524 | lr=2.7e-05 | 6.8s
  Fold 2 | Ep  13/50 | t_loss=0.0067 t_acc=0.996 | v_win_bal=0.496 v_rec_bal=0.500 | lr=2.7e-05 | 6.8s
  Fold 2 | Ep  14/50 | t_loss=0.0034 t_acc=0.998 | v_win_bal=0.499 v_rec_bal=0.595 | lr=2.6e-05 | 6.8s
  Fold 2 | Ep  15/50 | t_loss=0.0002 t_acc=1.000 | v_win_bal=0.479 v_rec_bal=0.524 | lr=2.5e-05 | 6.8s
  Fold 2 | Ep  16/50 | t_loss=0.0012 t_acc=0.999 | v_win_bal=0.484 v_rec_bal=0.595 | lr=2.5e-05 | 6.8s
  Early stop at epoch 16
  -> Test (best @ epoch 1): acc=1.0000, bal_acc=1.0000

============================================================
Fold 3/5
============================================================
  Train:  45 samples, 11 subjects [1, 2, 3, 5, 6, 7, 8, 13, 16, 17, 18], label_0=35, label_1=10
    Val:  12 samples,  2 subjects [11, 12], label_0=11, label_1=1
   Test:  13 samples,  4 subjects [4, 9, 10, 14], label_0=10, label_1=3
  Building window datasets...
    WindowDataset: 4890 windows (class_0=2388, class_1=2502)
    WindowDataset: 1311 windows (class_0=1250, class_1=61)
    WindowDataset: 1226 windows (class_0=964, class_1=262)
[LaBraM] Loaded 221/223 params from weights/labram-base/model.safetensors
[LaBraM] Missing: ['fc_norm.weight', 'fc_norm.bias']
  Fold 3 | Ep   1/50 | t_loss=0.1591 t_acc=0.626 | v_win_bal=0.668 v_rec_bal=0.773 | lr=1.0e-05 | 6.5s
  Fold 3 | Ep   2/50 | t_loss=0.0787 t_acc=0.871 | v_win_bal=0.474 v_rec_bal=0.455 | lr=2.0e-05 | 6.5s
  Fold 3 | Ep   3/50 | t_loss=0.0273 t_acc=0.970 | v_win_bal=0.673 v_rec_bal=0.773 | lr=3.0e-05 | 6.5s
  Fold 3 | Ep   4/50 | t_loss=0.0132 t_acc=0.987 | v_win_bal=0.496 v_rec_bal=0.409 | lr=3.0e-05 | 6.8s
  Fold 3 | Ep   5/50 | t_loss=0.0036 t_acc=0.997 | v_win_bal=0.494 v_rec_bal=0.409 | lr=3.0e-05 | 6.7s
  Fold 3 | Ep   6/50 | t_loss=0.0013 t_acc=0.998 | v_win_bal=0.542 v_rec_bal=0.318 | lr=3.0e-05 | 6.7s
  Fold 3 | Ep   7/50 | t_loss=0.0034 t_acc=0.998 | v_win_bal=0.595 v_rec_bal=0.364 | lr=2.9e-05 | 6.7s
  Fold 3 | Ep   8/50 | t_loss=0.0022 t_acc=0.998 | v_win_bal=0.594 v_rec_bal=0.818 | lr=2.9e-05 | 6.8s
  Fold 3 | Ep   9/50 | t_loss=0.0028 t_acc=0.999 | v_win_bal=0.425 v_rec_bal=0.364 | lr=2.9e-05 | 7.3s
  Fold 3 | Ep  10/50 | t_loss=0.0008 t_acc=0.999 | v_win_bal=0.402 v_rec_bal=0.364 | lr=2.8e-05 | 6.8s
  Fold 3 | Ep  11/50 | t_loss=0.0019 t_acc=0.999 | v_win_bal=0.469 v_rec_bal=0.409 | lr=2.8e-05 | 6.5s
  Fold 3 | Ep  12/50 | t_loss=0.0000 t_acc=1.000 | v_win_bal=0.485 v_rec_bal=0.409 | lr=2.7e-05 | 6.5s
  Fold 3 | Ep  13/50 | t_loss=0.0000 t_acc=1.000 | v_win_bal=0.477 v_rec_bal=0.409 | lr=2.7e-05 | 6.5s
  Fold 3 | Ep  14/50 | t_loss=0.0000 t_acc=1.000 | v_win_bal=0.461 v_rec_bal=0.409 | lr=2.6e-05 | 6.5s
  Fold 3 | Ep  15/50 | t_loss=0.0000 t_acc=1.000 | v_win_bal=0.472 v_rec_bal=0.409 | lr=2.5e-05 | 6.5s
  Fold 3 | Ep  16/50 | t_loss=0.0000 t_acc=1.000 | v_win_bal=0.464 v_rec_bal=0.409 | lr=2.5e-05 | 6.5s
  Early stop at epoch 16
  -> Test (best @ epoch 8): acc=0.5385, bal_acc=0.5833

============================================================
Fold 4/5
============================================================
  Train:  41 samples, 11 subjects [1, 2, 4, 5, 7, 8, 9, 10, 14, 17, 18], label_0=31, label_1=10
    Val:  12 samples,  2 subjects [11, 12], label_0=11, label_1=1
   Test:  17 samples,  4 subjects [3, 6, 13, 16], label_0=14, label_1=3
  Building window datasets...
    WindowDataset: 5063 windows (class_0=2273, class_1=2790)
    WindowDataset: 1311 windows (class_0=1250, class_1=61)
    WindowDataset: 1269 windows (class_0=1079, class_1=190)
[LaBraM] Loaded 221/223 params from weights/labram-base/model.safetensors
[LaBraM] Missing: ['fc_norm.weight', 'fc_norm.bias']
  Fold 4 | Ep   1/50 | t_loss=0.1465 t_acc=0.676 | v_win_bal=0.639 v_rec_bal=0.409 | lr=1.0e-05 | 6.7s
  Fold 4 | Ep   2/50 | t_loss=0.0477 t_acc=0.925 | v_win_bal=0.506 v_rec_bal=0.364 | lr=2.0e-05 | 6.7s
  Fold 4 | Ep   3/50 | t_loss=0.0242 t_acc=0.973 | v_win_bal=0.472 v_rec_bal=0.409 | lr=3.0e-05 | 6.7s
  Fold 4 | Ep   4/50 | t_loss=0.0114 t_acc=0.989 | v_win_bal=0.483 v_rec_bal=0.273 | lr=3.0e-05 | 6.8s
  Fold 4 | Ep   5/50 | t_loss=0.0085 t_acc=0.993 | v_win_bal=0.443 v_rec_bal=0.364 | lr=3.0e-05 | 6.7s
  Fold 4 | Ep   6/50 | t_loss=0.0103 t_acc=0.993 | v_win_bal=0.675 v_rec_bal=0.773 | lr=3.0e-05 | 6.7s
  Fold 4 | Ep   7/50 | t_loss=0.0031 t_acc=0.997 | v_win_bal=0.500 v_rec_bal=0.455 | lr=2.9e-05 | 6.9s
  Fold 4 | Ep   8/50 | t_loss=0.0015 t_acc=0.999 | v_win_bal=0.700 v_rec_bal=0.773 | lr=2.9e-05 | 12.2s
  Fold 4 | Ep   9/50 | t_loss=0.0012 t_acc=0.999 | v_win_bal=0.456 v_rec_bal=0.364 | lr=2.9e-05 | 10.4s
  Fold 4 | Ep  10/50 | t_loss=0.0014 t_acc=0.999 | v_win_bal=0.557 v_rec_bal=0.364 | lr=2.8e-05 | 12.5s
  Fold 4 | Ep  11/50 | t_loss=0.0041 t_acc=0.998 | v_win_bal=0.488 v_rec_bal=0.455 | lr=2.8e-05 | 12.5s
  Fold 4 | Ep  12/50 | t_loss=0.0011 t_acc=0.999 | v_win_bal=0.486 v_rec_bal=0.364 | lr=2.7e-05 | 12.4s
  Fold 4 | Ep  13/50 | t_loss=0.0069 t_acc=0.997 | v_win_bal=0.497 v_rec_bal=0.364 | lr=2.7e-05 | 12.5s
  Fold 4 | Ep  14/50 | t_loss=0.0059 t_acc=0.996 | v_win_bal=0.500 v_rec_bal=0.364 | lr=2.6e-05 | 12.5s
  Fold 4 | Ep  15/50 | t_loss=0.0023 t_acc=0.998 | v_win_bal=0.476 v_rec_bal=0.455 | lr=2.5e-05 | 12.4s
  Fold 4 | Ep  16/50 | t_loss=0.0000 t_acc=1.000 | v_win_bal=0.459 v_rec_bal=0.364 | lr=2.5e-05 | 12.5s
  Fold 4 | Ep  17/50 | t_loss=0.0000 t_acc=1.000 | v_win_bal=0.458 v_rec_bal=0.364 | lr=2.4e-05 | 12.5s
  Fold 4 | Ep  18/50 | t_loss=0.0000 t_acc=1.000 | v_win_bal=0.460 v_rec_bal=0.364 | lr=2.3e-05 | 12.5s
  Fold 4 | Ep  19/50 | t_loss=0.0000 t_acc=1.000 | v_win_bal=0.470 v_rec_bal=0.364 | lr=2.2e-05 | 12.5s
  Fold 4 | Ep  20/50 | t_loss=0.0000 t_acc=1.000 | v_win_bal=0.464 v_rec_bal=0.364 | lr=2.1e-05 | 12.6s
  Fold 4 | Ep  21/50 | t_loss=0.0000 t_acc=1.000 | v_win_bal=0.464 v_rec_bal=0.364 | lr=2.0e-05 | 12.5s
  Fold 4 | Ep  22/50 | t_loss=0.0000 t_acc=1.000 | v_win_bal=0.466 v_rec_bal=0.409 | lr=1.9e-05 | 12.6s
  Fold 4 | Ep  23/50 | t_loss=0.0000 t_acc=1.000 | v_win_bal=0.467 v_rec_bal=0.409 | lr=1.8e-05 | 13.3s
  Early stop at epoch 23
  -> Test (best @ epoch 6): acc=0.5882, bal_acc=0.4881

============================================================
Fold 5/5
============================================================
  Train:  43 samples, 11 subjects [3, 4, 5, 6, 8, 9, 10, 13, 14, 16, 17], label_0=35, label_1=8
    Val:  12 samples,  2 subjects [11, 12], label_0=11, label_1=1
   Test:  15 samples,  4 subjects [1, 2, 7, 18], label_0=10, label_1=5
  Building window datasets...
    WindowDataset: 5042 windows (class_0=2754, class_1=2288)
    WindowDataset: 1311 windows (class_0=1250, class_1=61)
    WindowDataset: 915 windows (class_0=598, class_1=317)
[LaBraM] Loaded 221/223 params from weights/labram-base/model.safetensors
[LaBraM] Missing: ['fc_norm.weight', 'fc_norm.bias']
  Fold 5 | Ep   1/50 | t_loss=0.1424 t_acc=0.697 | v_win_bal=0.527 v_rec_bal=0.500 | lr=1.0e-05 | 12.4s
  Fold 5 | Ep   2/50 | t_loss=0.0571 t_acc=0.914 | v_win_bal=0.489 v_rec_bal=0.500 | lr=2.0e-05 | 12.6s
  Fold 5 | Ep   3/50 | t_loss=0.0167 t_acc=0.981 | v_win_bal=0.484 v_rec_bal=0.500 | lr=3.0e-05 | 12.5s
  Fold 5 | Ep   4/50 | t_loss=0.0064 t_acc=0.996 | v_win_bal=0.490 v_rec_bal=0.500 | lr=3.0e-05 | 12.5s
  Fold 5 | Ep   5/50 | t_loss=0.0049 t_acc=0.997 | v_win_bal=0.493 v_rec_bal=0.500 | lr=3.0e-05 | 12.4s
  Fold 5 | Ep   6/50 | t_loss=0.0035 t_acc=0.997 | v_win_bal=0.498 v_rec_bal=0.500 | lr=3.0e-05 | 12.4s
  Fold 5 | Ep   7/50 | t_loss=0.0016 t_acc=0.999 | v_win_bal=0.499 v_rec_bal=0.500 | lr=2.9e-05 | 12.4s
  Fold 5 | Ep   8/50 | t_loss=0.0002 t_acc=1.000 | v_win_bal=0.474 v_rec_bal=0.455 | lr=2.9e-05 | 12.4s
  Fold 5 | Ep   9/50 | t_loss=0.0022 t_acc=0.999 | v_win_bal=0.496 v_rec_bal=0.500 | lr=2.9e-05 | 12.4s
  Fold 5 | Ep  10/50 | t_loss=0.0002 t_acc=1.000 | v_win_bal=0.491 v_rec_bal=0.500 | lr=2.8e-05 | 12.3s
  Fold 5 | Ep  11/50 | t_loss=0.0016 t_acc=0.999 | v_win_bal=0.486 v_rec_bal=0.500 | lr=2.8e-05 | 12.7s
  Fold 5 | Ep  12/50 | t_loss=0.0015 t_acc=0.999 | v_win_bal=0.493 v_rec_bal=0.500 | lr=2.7e-05 | 12.2s
  Fold 5 | Ep  13/50 | t_loss=0.0000 t_acc=1.000 | v_win_bal=0.491 v_rec_bal=0.500 | lr=2.7e-05 | 12.4s
  Fold 5 | Ep  14/50 | t_loss=0.0000 t_acc=1.000 | v_win_bal=0.491 v_rec_bal=0.500 | lr=2.6e-05 | 12.4s
  Fold 5 | Ep  15/50 | t_loss=0.0000 t_acc=1.000 | v_win_bal=0.491 v_rec_bal=0.500 | lr=2.5e-05 | 12.5s
  Fold 5 | Ep  16/50 | t_loss=0.0000 t_acc=1.000 | v_win_bal=0.491 v_rec_bal=0.500 | lr=2.5e-05 | 12.4s
  Early stop at epoch 16
  -> Test (best @ epoch 1): acc=0.6000, bal_acc=0.4500

============================================================
Global Results (5-Fold, subject-level CV)
Mode: FT | Extractor: labram | Loss: focal
============================================================
              acc: 0.6857
          bal_acc: 0.5357
               f1: 0.6933
            kappa: 0.0678
  Total predictions: 70 (should equal dataset size: 70)

Results saved to results/hp_sweep/20260410_dass/labram/labram_encoderlrscale1.0_lr3e-5_s123/
abram/labram_encoderlrscale1.0_lr3e-5_s123/
