/raid/jupyter-linjimmy1003.md10/.conda/envs/stress/lib/python3.11/site-packages/timm/models/layers/__init__.py:49: FutureWarning: Importing from timm.models.layers is deprecated, please import via timm.layers
  warnings.warn(f"Importing from {__name__} is deprecated, please import via timm.layers", FutureWarning)
Mode: FT | Extractor: labram | Folds: 5
LR: 1e-05 | WD: 0.05 | Beta2: 0.999 | Grad clip: 2.0
Head: hidden=128, dropout=0.0 | Norm: zscore | Loss: focal
Full FT: encoder_lr_scale=0.1
Augmentation: 75% overlap for increase class

Results → results/studies/exp27_paired_null/adftd/perm_s4/
ADFTD: 65 recordings from 65 subjects (AD=36, HC=29)
ADFTD: 65 recordings, 65 subjects (AD=36, HC=29)
[permute-labels] Subject-level shuffle with rng seed 4 over 65 subjects. Class balance preserved: 36 pos / 29 neg

============================================================
Fold 1/5
============================================================
  Train:  39 samples, 39 subjects [1, 2, 4, 5, 9, 10, 11, 12, 14, 15, 16, 17, 19, 20, 21, 22, 25, 26, 28, 29, 30, 31, 33, 35, 36, 37, 42, 43, 44, 45, 47, 51, 52, 55, 57, 58, 59, 61, 64], label_0=17, label_1=22
    Val:  13 samples, 13 subjects [3, 6, 7, 24, 38, 39, 41, 46, 48, 53, 62, 63, 65], label_0=6, label_1=7
   Test:  13 samples, 13 subjects [8, 13, 18, 23, 27, 32, 34, 40, 49, 50, 54, 56, 60], label_0=6, label_1=7
  Building window datasets...
    WindowDataset: 17435 windows (class_0=2789, class_1=14646)
    WindowDataset: 2051 windows (class_0=964, class_1=1087)
    WindowDataset: 2217 windows (class_0=1027, class_1=1190)
[LaBraM] Loaded 219/221 params from weights/labram-base/model.safetensors
[LaBraM] Missing: ['fc_norm.weight', 'fc_norm.bias']
  Trainable parameters: 5,871,779
  Class weights: [3.1256723403930664, 0.5952137112617493]
  Fold 1 | Ep   1/50 | t_loss=0.1859 t_acc=0.318 | v_win_bal=0.456 v_rec_bal=0.286 | lr=3.3e-06 | 23.6s
  Fold 1 | Ep   2/50 | t_loss=0.1632 t_acc=0.706 | v_win_bal=0.470 v_rec_bal=0.393 | lr=6.7e-06 | 21.4s
  Fold 1 | Ep   3/50 | t_loss=0.1464 t_acc=0.722 | v_win_bal=0.501 v_rec_bal=0.476 | lr=1.0e-05 | 21.4s
  Fold 1 | Ep   4/50 | t_loss=0.1218 t_acc=0.785 | v_win_bal=0.489 v_rec_bal=0.560 | lr=1.0e-05 | 21.3s
  Fold 1 | Ep   5/50 | t_loss=0.0904 t_acc=0.847 | v_win_bal=0.486 v_rec_bal=0.488 | lr=1.0e-05 | 21.3s
  Fold 1 | Ep   6/50 | t_loss=0.0731 t_acc=0.877 | v_win_bal=0.476 v_rec_bal=0.560 | lr=9.9e-06 | 21.3s
  Fold 1 | Ep   7/50 | t_loss=0.0639 t_acc=0.893 | v_win_bal=0.477 v_rec_bal=0.488 | lr=9.8e-06 | 21.2s
  Fold 1 | Ep   8/50 | t_loss=0.0561 t_acc=0.908 | v_win_bal=0.449 v_rec_bal=0.476 | lr=9.7e-06 | 21.3s
  Fold 1 | Ep   9/50 | t_loss=0.0505 t_acc=0.924 | v_win_bal=0.469 v_rec_bal=0.476 | lr=9.6e-06 | 21.3s
  Fold 1 | Ep  10/50 | t_loss=0.0449 t_acc=0.934 | v_win_bal=0.436 v_rec_bal=0.393 | lr=9.5e-06 | 21.3s
  Fold 1 | Ep  11/50 | t_loss=0.0398 t_acc=0.944 | v_win_bal=0.472 v_rec_bal=0.476 | lr=9.3e-06 | 21.3s
  Fold 1 | Ep  12/50 | t_loss=0.0355 t_acc=0.954 | v_win_bal=0.468 v_rec_bal=0.476 | lr=9.1e-06 | 21.2s
  Fold 1 | Ep  13/50 | t_loss=0.0312 t_acc=0.962 | v_win_bal=0.467 v_rec_bal=0.476 | lr=8.9e-06 | 21.3s
  Fold 1 | Ep  14/50 | t_loss=0.0286 t_acc=0.966 | v_win_bal=0.436 v_rec_bal=0.393 | lr=8.7e-06 | 21.2s
  Fold 1 | Ep  15/50 | t_loss=0.0243 t_acc=0.973 | v_win_bal=0.438 v_rec_bal=0.393 | lr=8.5e-06 | 22.6s
  Fold 1 | Ep  16/50 | t_loss=0.0214 t_acc=0.976 | v_win_bal=0.444 v_rec_bal=0.476 | lr=8.2e-06 | 22.4s
  Fold 1 | Ep  17/50 | t_loss=0.0193 t_acc=0.981 | v_win_bal=0.455 v_rec_bal=0.476 | lr=8.0e-06 | 22.6s
  Fold 1 | Ep  18/50 | t_loss=0.0166 t_acc=0.984 | v_win_bal=0.449 v_rec_bal=0.393 | lr=7.7e-06 | 22.0s
  Fold 1 | Ep  19/50 | t_loss=0.0135 t_acc=0.987 | v_win_bal=0.426 v_rec_bal=0.310 | lr=7.4e-06 | 22.2s
  Fold 1 | Ep  20/50 | t_loss=0.0127 t_acc=0.989 | v_win_bal=0.431 v_rec_bal=0.393 | lr=7.1e-06 | 21.3s
  Fold 1 | Ep  21/50 | t_loss=0.0100 t_acc=0.992 | v_win_bal=0.446 v_rec_bal=0.393 | lr=6.8e-06 | 21.3s
  Early stop at epoch 21
  -> Test (best @ epoch 4): acc=0.5385, bal_acc=0.5357

============================================================
Fold 2/5
============================================================
  Train:  39 samples, 39 subjects [3, 4, 5, 6, 7, 8, 10, 11, 12, 13, 14, 16, 18, 22, 23, 24, 26, 27, 29, 32, 34, 35, 38, 39, 40, 41, 43, 44, 46, 48, 49, 50, 54, 55, 56, 57, 58, 59, 60], label_0=17, label_1=22
    Val:  13 samples, 13 subjects [1, 17, 21, 28, 30, 31, 33, 37, 45, 51, 52, 53, 65], label_0=6, label_1=7
   Test:  13 samples, 13 subjects [2, 9, 15, 19, 20, 25, 36, 42, 47, 61, 62, 63, 64], label_0=6, label_1=7
  Building window datasets...
    WindowDataset: 17320 windows (class_0=2854, class_1=14466)
    WindowDataset: 2091 windows (class_0=981, class_1=1110)
    WindowDataset: 2157 windows (class_0=945, class_1=1212)
[LaBraM] Loaded 219/221 params from weights/labram-base/model.safetensors
[LaBraM] Missing: ['fc_norm.weight', 'fc_norm.bias']
  Fold 2 | Ep   1/50 | t_loss=0.1802 t_acc=0.313 | v_win_bal=0.518 v_rec_bal=0.524 | lr=3.3e-06 | 22.0s
  Fold 2 | Ep   2/50 | t_loss=0.1696 t_acc=0.662 | v_win_bal=0.527 v_rec_bal=0.619 | lr=6.7e-06 | 22.0s
  Fold 2 | Ep   3/50 | t_loss=0.1528 t_acc=0.717 | v_win_bal=0.511 v_rec_bal=0.452 | lr=1.0e-05 | 22.0s
  Fold 2 | Ep   4/50 | t_loss=0.0993 t_acc=0.814 | v_win_bal=0.519 v_rec_bal=0.571 | lr=1.0e-05 | 22.0s
  Fold 2 | Ep   5/50 | t_loss=0.0818 t_acc=0.839 | v_win_bal=0.504 v_rec_bal=0.571 | lr=1.0e-05 | 21.9s
  Fold 2 | Ep   6/50 | t_loss=0.0732 t_acc=0.862 | v_win_bal=0.497 v_rec_bal=0.631 | lr=9.9e-06 | 22.0s
  Fold 2 | Ep   7/50 | t_loss=0.0660 t_acc=0.884 | v_win_bal=0.497 v_rec_bal=0.631 | lr=9.8e-06 | 21.8s
  Fold 2 | Ep   8/50 | t_loss=0.0602 t_acc=0.898 | v_win_bal=0.491 v_rec_bal=0.381 | lr=9.7e-06 | 21.9s
  Fold 2 | Ep   9/50 | t_loss=0.0540 t_acc=0.911 | v_win_bal=0.515 v_rec_bal=0.464 | lr=9.6e-06 | 21.7s
  Fold 2 | Ep  10/50 | t_loss=0.0497 t_acc=0.923 | v_win_bal=0.505 v_rec_bal=0.464 | lr=9.5e-06 | 21.8s
  Fold 2 | Ep  11/50 | t_loss=0.0450 t_acc=0.938 | v_win_bal=0.499 v_rec_bal=0.452 | lr=9.3e-06 | 22.3s
  Fold 2 | Ep  12/50 | t_loss=0.0401 t_acc=0.945 | v_win_bal=0.488 v_rec_bal=0.524 | lr=9.1e-06 | 21.6s
  Fold 2 | Ep  13/50 | t_loss=0.0368 t_acc=0.951 | v_win_bal=0.505 v_rec_bal=0.524 | lr=8.9e-06 | 21.8s
  Fold 2 | Ep  14/50 | t_loss=0.0337 t_acc=0.958 | v_win_bal=0.479 v_rec_bal=0.440 | lr=8.7e-06 | 21.9s
  Fold 2 | Ep  15/50 | t_loss=0.0297 t_acc=0.966 | v_win_bal=0.475 v_rec_bal=0.440 | lr=8.5e-06 | 21.8s
  Fold 2 | Ep  16/50 | t_loss=0.0275 t_acc=0.970 | v_win_bal=0.490 v_rec_bal=0.524 | lr=8.2e-06 | 21.9s
  Fold 2 | Ep  17/50 | t_loss=0.0228 t_acc=0.976 | v_win_bal=0.471 v_rec_bal=0.440 | lr=8.0e-06 | 21.9s
  Fold 2 | Ep  18/50 | t_loss=0.0238 t_acc=0.979 | v_win_bal=0.489 v_rec_bal=0.524 | lr=7.7e-06 | 21.8s
  Fold 2 | Ep  19/50 | t_loss=0.0185 t_acc=0.983 | v_win_bal=0.472 v_rec_bal=0.440 | lr=7.4e-06 | 21.8s
  Fold 2 | Ep  20/50 | t_loss=0.0184 t_acc=0.986 | v_win_bal=0.479 v_rec_bal=0.524 | lr=7.1e-06 | 21.8s
  Fold 2 | Ep  21/50 | t_loss=0.0161 t_acc=0.988 | v_win_bal=0.472 v_rec_bal=0.440 | lr=6.8e-06 | 21.9s
  Fold 2 | Ep  22/50 | t_loss=0.0142 t_acc=0.990 | v_win_bal=0.469 v_rec_bal=0.440 | lr=6.5e-06 | 21.8s
  Early stop at epoch 22
  -> Test (best @ epoch 6): acc=0.3846, bal_acc=0.4048

============================================================
Fold 3/5
============================================================
  Train:  39 samples, 39 subjects [1, 2, 3, 4, 6, 8, 9, 10, 11, 13, 15, 16, 17, 18, 20, 21, 23, 25, 27, 29, 30, 31, 32, 34, 35, 39, 41, 42, 44, 47, 49, 50, 51, 54, 55, 56, 60, 62, 63], label_0=17, label_1=22
    Val:  13 samples, 13 subjects [7, 19, 28, 33, 36, 37, 40, 48, 52, 53, 57, 61, 64], label_0=6, label_1=7
   Test:  13 samples, 13 subjects [5, 12, 14, 22, 24, 26, 38, 43, 45, 46, 58, 59, 65], label_0=6, label_1=7
  Building window datasets...
    WindowDataset: 17057 windows (class_0=2803, class_1=14254)
    WindowDataset: 2173 windows (class_0=939, class_1=1234)
    WindowDataset: 2179 windows (class_0=1038, class_1=1141)
[LaBraM] Loaded 219/221 params from weights/labram-base/model.safetensors
[LaBraM] Missing: ['fc_norm.weight', 'fc_norm.bias']
  Fold 3 | Ep   1/50 | t_loss=0.1728 t_acc=0.404 | v_win_bal=0.491 v_rec_bal=0.357 | lr=3.3e-06 | 21.5s
  Fold 3 | Ep   2/50 | t_loss=0.1675 t_acc=0.711 | v_win_bal=0.559 v_rec_bal=0.714 | lr=6.7e-06 | 21.6s
  Fold 3 | Ep   3/50 | t_loss=0.1517 t_acc=0.712 | v_win_bal=0.581 v_rec_bal=0.702 | lr=1.0e-05 | 21.6s
  Fold 3 | Ep   4/50 | t_loss=0.1215 t_acc=0.782 | v_win_bal=0.566 v_rec_bal=0.643 | lr=1.0e-05 | 21.7s
  Fold 3 | Ep   5/50 | t_loss=0.0951 t_acc=0.839 | v_win_bal=0.560 v_rec_bal=0.714 | lr=1.0e-05 | 22.0s
  Fold 3 | Ep   6/50 | t_loss=0.0788 t_acc=0.873 | v_win_bal=0.571 v_rec_bal=0.643 | lr=9.9e-06 | 21.5s
  Fold 3 | Ep   7/50 | t_loss=0.0683 t_acc=0.891 | v_win_bal=0.572 v_rec_bal=0.643 | lr=9.8e-06 | 21.6s
  Fold 3 | Ep   8/50 | t_loss=0.0595 t_acc=0.902 | v_win_bal=0.559 v_rec_bal=0.714 | lr=9.7e-06 | 21.6s
  Fold 3 | Ep   9/50 | t_loss=0.0546 t_acc=0.916 | v_win_bal=0.551 v_rec_bal=0.714 | lr=9.6e-06 | 22.0s
  Fold 3 | Ep  10/50 | t_loss=0.0486 t_acc=0.926 | v_win_bal=0.554 v_rec_bal=0.631 | lr=9.5e-06 | 21.7s
  Fold 3 | Ep  11/50 | t_loss=0.0453 t_acc=0.935 | v_win_bal=0.559 v_rec_bal=0.631 | lr=9.3e-06 | 21.6s
  Fold 3 | Ep  12/50 | t_loss=0.0411 t_acc=0.943 | v_win_bal=0.560 v_rec_bal=0.714 | lr=9.1e-06 | 21.6s
  Fold 3 | Ep  13/50 | t_loss=0.0365 t_acc=0.951 | v_win_bal=0.545 v_rec_bal=0.631 | lr=8.9e-06 | 21.7s
  Fold 3 | Ep  14/50 | t_loss=0.0325 t_acc=0.958 | v_win_bal=0.554 v_rec_bal=0.631 | lr=8.7e-06 | 21.7s
  Fold 3 | Ep  15/50 | t_loss=0.0294 t_acc=0.964 | v_win_bal=0.552 v_rec_bal=0.536 | lr=8.5e-06 | 21.7s
  Fold 3 | Ep  16/50 | t_loss=0.0270 t_acc=0.968 | v_win_bal=0.544 v_rec_bal=0.619 | lr=8.2e-06 | 21.6s
  Fold 3 | Ep  17/50 | t_loss=0.0240 t_acc=0.974 | v_win_bal=0.566 v_rec_bal=0.714 | lr=8.0e-06 | 21.6s
  Fold 3 | Ep  18/50 | t_loss=0.0218 t_acc=0.979 | v_win_bal=0.550 v_rec_bal=0.619 | lr=7.7e-06 | 21.7s
  Fold 3 | Ep  19/50 | t_loss=0.0193 t_acc=0.980 | v_win_bal=0.547 v_rec_bal=0.702 | lr=7.4e-06 | 21.7s
  Fold 3 | Ep  20/50 | t_loss=0.0185 t_acc=0.982 | v_win_bal=0.544 v_rec_bal=0.631 | lr=7.1e-06 | 21.7s
  Fold 3 | Ep  21/50 | t_loss=0.0153 t_acc=0.987 | v_win_bal=0.547 v_rec_bal=0.619 | lr=6.8e-06 | 21.7s
  Fold 3 | Ep  22/50 | t_loss=0.0129 t_acc=0.989 | v_win_bal=0.539 v_rec_bal=0.619 | lr=6.5e-06 | 21.6s
  Fold 3 | Ep  23/50 | t_loss=0.0115 t_acc=0.990 | v_win_bal=0.557 v_rec_bal=0.702 | lr=6.2e-06 | 21.7s
  Fold 3 | Ep  24/50 | t_loss=0.0112 t_acc=0.992 | v_win_bal=0.538 v_rec_bal=0.536 | lr=5.8e-06 | 21.7s
  Early stop at epoch 24
  -> Test (best @ epoch 2): acc=0.4615, bal_acc=0.4762

============================================================
Fold 4/5
============================================================
  Train:  39 samples, 39 subjects [2, 3, 7, 8, 9, 10, 11, 12, 13, 14, 15, 18, 19, 21, 22, 23, 25, 27, 31, 33, 34, 36, 40, 41, 42, 43, 45, 46, 49, 50, 51, 52, 58, 59, 60, 61, 62, 63, 64], label_0=17, label_1=22
    Val:  13 samples, 13 subjects [1, 5, 20, 24, 26, 28, 32, 38, 44, 47, 54, 56, 65], label_0=6, label_1=7
   Test:  13 samples, 13 subjects [4, 6, 16, 17, 29, 30, 35, 37, 39, 48, 53, 55, 57], label_0=6, label_1=7
  Building window datasets...
    WindowDataset: 17559 windows (class_0=2821, class_1=14738)
    WindowDataset: 2159 windows (class_0=1009, class_1=1150)
    WindowDataset: 2054 windows (class_0=950, class_1=1104)
[LaBraM] Loaded 219/221 params from weights/labram-base/model.safetensors
[LaBraM] Missing: ['fc_norm.weight', 'fc_norm.bias']
  Fold 4 | Ep   1/50 | t_loss=0.1822 t_acc=0.825 | v_win_bal=0.451 v_rec_bal=0.500 | lr=3.3e-06 | 22.2s
  Fold 4 | Ep   2/50 | t_loss=0.1682 t_acc=0.671 | v_win_bal=0.461 v_rec_bal=0.357 | lr=6.7e-06 | 22.1s
  Fold 4 | Ep   3/50 | t_loss=0.1456 t_acc=0.716 | v_win_bal=0.509 v_rec_bal=0.476 | lr=1.0e-05 | 22.2s
  Fold 4 | Ep   4/50 | t_loss=0.0947 t_acc=0.810 | v_win_bal=0.533 v_rec_bal=0.476 | lr=1.0e-05 | 22.2s
  Fold 4 | Ep   5/50 | t_loss=0.0783 t_acc=0.840 | v_win_bal=0.557 v_rec_bal=0.476 | lr=1.0e-05 | 22.6s
  Fold 4 | Ep   6/50 | t_loss=0.0694 t_acc=0.866 | v_win_bal=0.563 v_rec_bal=0.476 | lr=9.9e-06 | 22.3s
  Fold 4 | Ep   7/50 | t_loss=0.0625 t_acc=0.885 | v_win_bal=0.556 v_rec_bal=0.476 | lr=9.8e-06 | 22.2s
  Fold 4 | Ep   8/50 | t_loss=0.0568 t_acc=0.903 | v_win_bal=0.578 v_rec_bal=0.619 | lr=9.7e-06 | 22.2s
  Fold 4 | Ep   9/50 | t_loss=0.0515 t_acc=0.917 | v_win_bal=0.581 v_rec_bal=0.619 | lr=9.6e-06 | 22.3s
  Fold 4 | Ep  10/50 | t_loss=0.0475 t_acc=0.926 | v_win_bal=0.603 v_rec_bal=0.679 | lr=9.5e-06 | 22.2s
  Fold 4 | Ep  11/50 | t_loss=0.0430 t_acc=0.936 | v_win_bal=0.590 v_rec_bal=0.679 | lr=9.3e-06 | 22.2s
  Fold 4 | Ep  12/50 | t_loss=0.0398 t_acc=0.943 | v_win_bal=0.595 v_rec_bal=0.619 | lr=9.1e-06 | 22.2s
  Fold 4 | Ep  13/50 | t_loss=0.0358 t_acc=0.951 | v_win_bal=0.590 v_rec_bal=0.762 | lr=8.9e-06 | 22.2s
  Fold 4 | Ep  14/50 | t_loss=0.0330 t_acc=0.958 | v_win_bal=0.602 v_rec_bal=0.679 | lr=8.7e-06 | 22.3s
  Fold 4 | Ep  15/50 | t_loss=0.0292 t_acc=0.967 | v_win_bal=0.606 v_rec_bal=0.762 | lr=8.5e-06 | 22.7s
  Fold 4 | Ep  16/50 | t_loss=0.0265 t_acc=0.970 | v_win_bal=0.606 v_rec_bal=0.679 | lr=8.2e-06 | 22.3s
  Fold 4 | Ep  17/50 | t_loss=0.0250 t_acc=0.974 | v_win_bal=0.595 v_rec_bal=0.679 | lr=8.0e-06 | 22.2s
  Fold 4 | Ep  18/50 | t_loss=0.0198 t_acc=0.980 | v_win_bal=0.594 v_rec_bal=0.679 | lr=7.7e-06 | 22.3s
  Fold 4 | Ep  19/50 | t_loss=0.0189 t_acc=0.981 | v_win_bal=0.619 v_rec_bal=0.679 | lr=7.4e-06 | 22.2s
  Fold 4 | Ep  20/50 | t_loss=0.0175 t_acc=0.985 | v_win_bal=0.605 v_rec_bal=0.679 | lr=7.1e-06 | 22.2s
  Fold 4 | Ep  21/50 | t_loss=0.0151 t_acc=0.988 | v_win_bal=0.600 v_rec_bal=0.679 | lr=6.8e-06 | 22.2s
  Fold 4 | Ep  22/50 | t_loss=0.0134 t_acc=0.990 | v_win_bal=0.595 v_rec_bal=0.679 | lr=6.5e-06 | 22.1s
  Fold 4 | Ep  23/50 | t_loss=0.0112 t_acc=0.992 | v_win_bal=0.612 v_rec_bal=0.679 | lr=6.2e-06 | 22.2s
  Fold 4 | Ep  24/50 | t_loss=0.0108 t_acc=0.993 | v_win_bal=0.612 v_rec_bal=0.679 | lr=5.8e-06 | 22.2s
  Fold 4 | Ep  25/50 | t_loss=0.0086 t_acc=0.995 | v_win_bal=0.620 v_rec_bal=0.679 | lr=5.5e-06 | 22.6s
  Fold 4 | Ep  26/50 | t_loss=0.0075 t_acc=0.995 | v_win_bal=0.617 v_rec_bal=0.679 | lr=5.2e-06 | 22.9s
  Fold 4 | Ep  27/50 | t_loss=0.0064 t_acc=0.997 | v_win_bal=0.604 v_rec_bal=0.679 | lr=4.8e-06 | 22.9s
  Fold 4 | Ep  28/50 | t_loss=0.0051 t_acc=0.998 | v_win_bal=0.610 v_rec_bal=0.679 | lr=4.5e-06 | 23.0s
  Fold 4 | Ep  29/50 | t_loss=0.0063 t_acc=0.997 | v_win_bal=0.604 v_rec_bal=0.679 | lr=4.2e-06 | 23.2s
  Fold 4 | Ep  30/50 | t_loss=0.0047 t_acc=0.998 | v_win_bal=0.606 v_rec_bal=0.679 | lr=3.8e-06 | 22.3s
  Early stop at epoch 30
  -> Test (best @ epoch 13): acc=0.4615, bal_acc=0.4643

============================================================
Fold 5/5
============================================================
  Train:  39 samples, 39 subjects [4, 6, 8, 12, 13, 14, 15, 16, 17, 18, 20, 22, 23, 24, 26, 27, 29, 30, 32, 34, 35, 37, 38, 39, 40, 42, 43, 45, 46, 47, 50, 54, 57, 58, 59, 60, 61, 64, 65], label_0=18, label_1=21
    Val:  13 samples, 13 subjects [2, 5, 9, 19, 25, 36, 48, 49, 53, 55, 56, 62, 63], label_0=6, label_1=7
   Test:  13 samples, 13 subjects [1, 3, 7, 10, 11, 21, 28, 31, 33, 41, 44, 51, 52], label_0=5, label_1=8
  Building window datasets...
    WindowDataset: 16724 windows (class_0=3035, class_1=13689)
    WindowDataset: 2134 windows (class_0=925, class_1=1209)
    WindowDataset: 2128 windows (class_0=820, class_1=1308)
[LaBraM] Loaded 219/221 params from weights/labram-base/model.safetensors
[LaBraM] Missing: ['fc_norm.weight', 'fc_norm.bias']
  Fold 5 | Ep   1/50 | t_loss=0.1737 t_acc=0.689 | v_win_bal=0.529 v_rec_bal=0.631 | lr=3.3e-06 | 21.3s
  Fold 5 | Ep   2/50 | t_loss=0.1685 t_acc=0.654 | v_win_bal=0.532 v_rec_bal=0.548 | lr=6.7e-06 | 21.3s
  Fold 5 | Ep   3/50 | t_loss=0.1528 t_acc=0.697 | v_win_bal=0.528 v_rec_bal=0.690 | lr=1.0e-05 | 21.4s
  Fold 5 | Ep   4/50 | t_loss=0.1117 t_acc=0.791 | v_win_bal=0.489 v_rec_bal=0.488 | lr=1.0e-05 | 21.4s
  Fold 5 | Ep   5/50 | t_loss=0.0835 t_acc=0.836 | v_win_bal=0.504 v_rec_bal=0.476 | lr=1.0e-05 | 21.3s
  Fold 5 | Ep   6/50 | t_loss=0.0730 t_acc=0.858 | v_win_bal=0.499 v_rec_bal=0.476 | lr=9.9e-06 | 21.9s
  Fold 5 | Ep   7/50 | t_loss=0.0663 t_acc=0.877 | v_win_bal=0.495 v_rec_bal=0.619 | lr=9.8e-06 | 21.9s
  Fold 5 | Ep   8/50 | t_loss=0.0606 t_acc=0.892 | v_win_bal=0.514 v_rec_bal=0.619 | lr=9.7e-06 | 21.3s
  Fold 5 | Ep   9/50 | t_loss=0.0543 t_acc=0.903 | v_win_bal=0.512 v_rec_bal=0.619 | lr=9.6e-06 | 21.2s
  Fold 5 | Ep  10/50 | t_loss=0.0498 t_acc=0.917 | v_win_bal=0.502 v_rec_bal=0.548 | lr=9.5e-06 | 21.2s
  Fold 5 | Ep  11/50 | t_loss=0.0433 t_acc=0.930 | v_win_bal=0.523 v_rec_bal=0.619 | lr=9.3e-06 | 21.2s
  Fold 5 | Ep  12/50 | t_loss=0.0409 t_acc=0.939 | v_win_bal=0.518 v_rec_bal=0.619 | lr=9.1e-06 | 21.5s
  Fold 5 | Ep  13/50 | t_loss=0.0344 t_acc=0.949 | v_win_bal=0.516 v_rec_bal=0.631 | lr=8.9e-06 | 21.9s
  Fold 5 | Ep  14/50 | t_loss=0.0310 t_acc=0.956 | v_win_bal=0.519 v_rec_bal=0.536 | lr=8.7e-06 | 21.9s
  Fold 5 | Ep  15/50 | t_loss=0.0264 t_acc=0.963 | v_win_bal=0.520 v_rec_bal=0.536 | lr=8.5e-06 | 21.7s
  Fold 5 | Ep  16/50 | t_loss=0.0219 t_acc=0.971 | v_win_bal=0.525 v_rec_bal=0.536 | lr=8.2e-06 | 21.4s
  Early stop at epoch 16
  -> Test (best @ epoch 3): acc=0.5385, bal_acc=0.5875

============================================================
Global Results (5-Fold, subject-level CV)
Mode: FT | Extractor: labram | Loss: focal
============================================================
              acc: 0.4769
          bal_acc: 0.4909
               f1: 0.4695
            kappa: -0.0175
  Total predictions: 65 (should equal dataset size: 65)

Results saved to results/studies/exp27_paired_null/adftd/perm_s4/
