/raid/jupyter-linjimmy1003.md10/.conda/envs/stress/lib/python3.11/site-packages/timm/models/layers/__init__.py:49: FutureWarning: Importing from timm.models.layers is deprecated, please import via timm.layers
  warnings.warn(f"Importing from {__name__} is deprecated, please import via timm.layers", FutureWarning)
Mode: FT | Extractor: labram | Folds: 5
LR: 1e-05 | WD: 0.05 | Beta2: 0.999 | Grad clip: 2.0
Head: hidden=128, dropout=0.0 | Norm: zscore | Loss: focal
Full FT: encoder_lr_scale=0.1
Augmentation: 75% overlap for increase class

Results → results/studies/exp27_paired_null/adftd/perm_s7/
ADFTD: 65 recordings from 65 subjects (AD=36, HC=29)
ADFTD: 65 recordings, 65 subjects (AD=36, HC=29)
[permute-labels] Subject-level shuffle with rng seed 7 over 65 subjects. Class balance preserved: 36 pos / 29 neg

============================================================
Fold 1/5
============================================================
  Train:  39 samples, 39 subjects [1, 2, 3, 6, 9, 10, 11, 12, 13, 14, 15, 16, 18, 19, 21, 22, 25, 29, 33, 35, 36, 37, 41, 42, 44, 45, 46, 47, 48, 49, 51, 52, 53, 56, 57, 58, 61, 62, 64], label_0=17, label_1=22
    Val:  13 samples, 13 subjects [4, 7, 8, 24, 28, 30, 31, 38, 39, 55, 59, 63, 65], label_0=6, label_1=7
   Test:  13 samples, 13 subjects [5, 17, 20, 23, 26, 27, 32, 34, 40, 43, 50, 54, 60], label_0=6, label_1=7
  Building window datasets...
    WindowDataset: 17141 windows (class_0=2767, class_1=14374)
    WindowDataset: 2120 windows (class_0=995, class_1=1125)
    WindowDataset: 2238 windows (class_0=1046, class_1=1192)
[LaBraM] Loaded 219/221 params from weights/labram-base/model.safetensors
[LaBraM] Missing: ['fc_norm.weight', 'fc_norm.bias']
  Trainable parameters: 5,871,779
  Class weights: [3.097397804260254, 0.5962501764297485]
  Fold 1 | Ep   1/50 | t_loss=0.1873 t_acc=0.286 | v_win_bal=0.566 v_rec_bal=0.667 | lr=3.3e-06 | 24.7s
  Fold 1 | Ep   2/50 | t_loss=0.1673 t_acc=0.637 | v_win_bal=0.575 v_rec_bal=0.607 | lr=6.7e-06 | 22.2s
  Fold 1 | Ep   3/50 | t_loss=0.1512 t_acc=0.691 | v_win_bal=0.527 v_rec_bal=0.393 | lr=1.0e-05 | 22.0s
  Fold 1 | Ep   4/50 | t_loss=0.1140 t_acc=0.788 | v_win_bal=0.512 v_rec_bal=0.488 | lr=1.0e-05 | 21.2s
  Fold 1 | Ep   5/50 | t_loss=0.0885 t_acc=0.834 | v_win_bal=0.516 v_rec_bal=0.571 | lr=1.0e-05 | 21.0s
  Fold 1 | Ep   6/50 | t_loss=0.0794 t_acc=0.847 | v_win_bal=0.504 v_rec_bal=0.560 | lr=9.9e-06 | 21.0s
  Fold 1 | Ep   7/50 | t_loss=0.0718 t_acc=0.863 | v_win_bal=0.499 v_rec_bal=0.571 | lr=9.8e-06 | 21.0s
  Fold 1 | Ep   8/50 | t_loss=0.0676 t_acc=0.878 | v_win_bal=0.495 v_rec_bal=0.571 | lr=9.7e-06 | 20.9s
  Fold 1 | Ep   9/50 | t_loss=0.0615 t_acc=0.891 | v_win_bal=0.477 v_rec_bal=0.488 | lr=9.6e-06 | 20.9s
  Fold 1 | Ep  10/50 | t_loss=0.0569 t_acc=0.905 | v_win_bal=0.464 v_rec_bal=0.488 | lr=9.5e-06 | 20.7s
  Fold 1 | Ep  11/50 | t_loss=0.0513 t_acc=0.918 | v_win_bal=0.468 v_rec_bal=0.488 | lr=9.3e-06 | 20.9s
  Fold 1 | Ep  12/50 | t_loss=0.0460 t_acc=0.931 | v_win_bal=0.460 v_rec_bal=0.488 | lr=9.1e-06 | 21.3s
  Fold 1 | Ep  13/50 | t_loss=0.0419 t_acc=0.940 | v_win_bal=0.446 v_rec_bal=0.405 | lr=8.9e-06 | 25.1s
  Fold 1 | Ep  14/50 | t_loss=0.0372 t_acc=0.949 | v_win_bal=0.448 v_rec_bal=0.405 | lr=8.7e-06 | 23.2s
  Fold 1 | Ep  15/50 | t_loss=0.0333 t_acc=0.956 | v_win_bal=0.439 v_rec_bal=0.405 | lr=8.5e-06 | 22.9s
  Fold 1 | Ep  16/50 | t_loss=0.0297 t_acc=0.964 | v_win_bal=0.445 v_rec_bal=0.464 | lr=8.2e-06 | 22.8s
  Early stop at epoch 16
  -> Test (best @ epoch 1): acc=0.6154, bal_acc=0.5833

============================================================
Fold 2/5
============================================================
  Train:  39 samples, 39 subjects [1, 2, 3, 5, 6, 10, 11, 12, 13, 15, 16, 17, 18, 19, 20, 21, 26, 28, 30, 32, 33, 34, 35, 37, 38, 39, 40, 42, 43, 44, 50, 51, 52, 54, 55, 57, 60, 63, 64], label_0=18, label_1=21
    Val:  13 samples, 13 subjects [4, 9, 23, 24, 27, 29, 31, 46, 48, 49, 53, 56, 62], label_0=5, label_1=8
   Test:  13 samples, 13 subjects [7, 8, 14, 22, 25, 36, 41, 45, 47, 58, 59, 61, 65], label_0=6, label_1=7
  Building window datasets...
    WindowDataset: 16873 windows (class_0=2948, class_1=13925)
    WindowDataset: 2160 windows (class_0=860, class_1=1300)
    WindowDataset: 2130 windows (class_0=1000, class_1=1130)
[LaBraM] Loaded 219/221 params from weights/labram-base/model.safetensors
[LaBraM] Missing: ['fc_norm.weight', 'fc_norm.bias']
  Fold 2 | Ep   1/50 | t_loss=0.1741 t_acc=0.752 | v_win_bal=0.582 v_rec_bal=0.613 | lr=3.3e-06 | 22.9s
  Fold 2 | Ep   2/50 | t_loss=0.1680 t_acc=0.624 | v_win_bal=0.611 v_rec_bal=0.613 | lr=6.7e-06 | 23.5s
  Fold 2 | Ep   3/50 | t_loss=0.1409 t_acc=0.724 | v_win_bal=0.565 v_rec_bal=0.562 | lr=1.0e-05 | 23.2s
  Fold 2 | Ep   4/50 | t_loss=0.0925 t_acc=0.809 | v_win_bal=0.569 v_rec_bal=0.562 | lr=1.0e-05 | 24.2s
  Fold 2 | Ep   5/50 | t_loss=0.0807 t_acc=0.828 | v_win_bal=0.552 v_rec_bal=0.562 | lr=1.0e-05 | 23.8s
  Fold 2 | Ep   6/50 | t_loss=0.0751 t_acc=0.846 | v_win_bal=0.556 v_rec_bal=0.562 | lr=9.9e-06 | 23.2s
  Fold 2 | Ep   7/50 | t_loss=0.0694 t_acc=0.860 | v_win_bal=0.551 v_rec_bal=0.562 | lr=9.8e-06 | 22.3s
  Fold 2 | Ep   8/50 | t_loss=0.0648 t_acc=0.877 | v_win_bal=0.556 v_rec_bal=0.562 | lr=9.7e-06 | 23.2s
  Fold 2 | Ep   9/50 | t_loss=0.0593 t_acc=0.891 | v_win_bal=0.531 v_rec_bal=0.562 | lr=9.6e-06 | 23.3s
  Fold 2 | Ep  10/50 | t_loss=0.0546 t_acc=0.901 | v_win_bal=0.509 v_rec_bal=0.562 | lr=9.5e-06 | 23.5s
  Fold 2 | Ep  11/50 | t_loss=0.0510 t_acc=0.913 | v_win_bal=0.532 v_rec_bal=0.562 | lr=9.3e-06 | 25.2s
  Fold 2 | Ep  12/50 | t_loss=0.0454 t_acc=0.925 | v_win_bal=0.523 v_rec_bal=0.562 | lr=9.1e-06 | 24.9s
  Fold 2 | Ep  13/50 | t_loss=0.0421 t_acc=0.932 | v_win_bal=0.511 v_rec_bal=0.463 | lr=8.9e-06 | 23.9s
  Fold 2 | Ep  14/50 | t_loss=0.0380 t_acc=0.943 | v_win_bal=0.499 v_rec_bal=0.425 | lr=8.7e-06 | 23.8s
  Fold 2 | Ep  15/50 | t_loss=0.0344 t_acc=0.950 | v_win_bal=0.499 v_rec_bal=0.463 | lr=8.5e-06 | 25.1s
  Fold 2 | Ep  16/50 | t_loss=0.0308 t_acc=0.956 | v_win_bal=0.499 v_rec_bal=0.588 | lr=8.2e-06 | 25.1s
  Early stop at epoch 16
  -> Test (best @ epoch 1): acc=0.4615, bal_acc=0.4524

============================================================
Fold 3/5
============================================================
  Train:  39 samples, 39 subjects [3, 4, 6, 7, 9, 11, 12, 14, 15, 17, 20, 21, 22, 23, 26, 27, 28, 31, 34, 35, 36, 39, 41, 42, 43, 44, 45, 46, 47, 49, 51, 54, 55, 56, 58, 59, 60, 61, 63], label_0=18, label_1=21
    Val:  13 samples, 13 subjects [2, 5, 8, 25, 30, 32, 33, 37, 40, 50, 52, 62, 65], label_0=6, label_1=7
   Test:  13 samples, 13 subjects [1, 10, 13, 16, 18, 19, 24, 29, 38, 48, 53, 57, 64], label_0=5, label_1=8
  Building window datasets...
    WindowDataset: 16490 windows (class_0=3017, class_1=13473)
    WindowDataset: 2071 windows (class_0=963, class_1=1108)
    WindowDataset: 2263 windows (class_0=828, class_1=1435)
[LaBraM] Loaded 219/221 params from weights/labram-base/model.safetensors
[LaBraM] Missing: ['fc_norm.weight', 'fc_norm.bias']
  Fold 3 | Ep   1/50 | t_loss=0.1727 t_acc=0.406 | v_win_bal=0.520 v_rec_bal=0.524 | lr=3.3e-06 | 23.2s
  Fold 3 | Ep   2/50 | t_loss=0.1661 t_acc=0.646 | v_win_bal=0.495 v_rec_bal=0.405 | lr=6.7e-06 | 24.3s
  Fold 3 | Ep   3/50 | t_loss=0.1364 t_acc=0.712 | v_win_bal=0.464 v_rec_bal=0.405 | lr=1.0e-05 | 24.4s
  Fold 3 | Ep   4/50 | t_loss=0.0890 t_acc=0.830 | v_win_bal=0.475 v_rec_bal=0.405 | lr=1.0e-05 | 24.8s
  Fold 3 | Ep   5/50 | t_loss=0.0739 t_acc=0.855 | v_win_bal=0.477 v_rec_bal=0.405 | lr=1.0e-05 | 23.3s
  Fold 3 | Ep   6/50 | t_loss=0.0664 t_acc=0.876 | v_win_bal=0.484 v_rec_bal=0.476 | lr=9.9e-06 | 24.4s
  Fold 3 | Ep   7/50 | t_loss=0.0595 t_acc=0.891 | v_win_bal=0.480 v_rec_bal=0.476 | lr=9.8e-06 | 24.6s
  Fold 3 | Ep   8/50 | t_loss=0.0548 t_acc=0.908 | v_win_bal=0.481 v_rec_bal=0.476 | lr=9.7e-06 | 24.5s
  Fold 3 | Ep   9/50 | t_loss=0.0490 t_acc=0.918 | v_win_bal=0.478 v_rec_bal=0.476 | lr=9.6e-06 | 23.4s
  Fold 3 | Ep  10/50 | t_loss=0.0448 t_acc=0.928 | v_win_bal=0.478 v_rec_bal=0.476 | lr=9.5e-06 | 23.7s
  Fold 3 | Ep  11/50 | t_loss=0.0403 t_acc=0.939 | v_win_bal=0.476 v_rec_bal=0.476 | lr=9.3e-06 | 23.9s
  Fold 3 | Ep  12/50 | t_loss=0.0358 t_acc=0.948 | v_win_bal=0.487 v_rec_bal=0.476 | lr=9.1e-06 | 22.0s
  Fold 3 | Ep  13/50 | t_loss=0.0333 t_acc=0.953 | v_win_bal=0.475 v_rec_bal=0.476 | lr=8.9e-06 | 21.0s
  Fold 3 | Ep  14/50 | t_loss=0.0304 t_acc=0.960 | v_win_bal=0.477 v_rec_bal=0.476 | lr=8.7e-06 | 21.0s
  Fold 3 | Ep  15/50 | t_loss=0.0266 t_acc=0.967 | v_win_bal=0.476 v_rec_bal=0.476 | lr=8.5e-06 | 20.8s
  Fold 3 | Ep  16/50 | t_loss=0.0240 t_acc=0.972 | v_win_bal=0.489 v_rec_bal=0.536 | lr=8.2e-06 | 20.9s
  Early stop at epoch 16
  -> Test (best @ epoch 16): acc=0.4615, bal_acc=0.4500

============================================================
Fold 4/5
============================================================
  Train:  39 samples, 39 subjects [1, 3, 4, 5, 6, 8, 10, 11, 13, 14, 15, 16, 17, 18, 20, 22, 23, 27, 33, 35, 39, 41, 43, 44, 45, 47, 48, 50, 53, 54, 56, 57, 58, 59, 61, 62, 63, 64, 65], label_0=17, label_1=22
    Val:  13 samples, 13 subjects [7, 19, 24, 25, 26, 29, 32, 34, 36, 37, 38, 40, 60], label_0=6, label_1=7
   Test:  13 samples, 13 subjects [2, 9, 12, 21, 28, 30, 31, 42, 46, 49, 51, 52, 55], label_0=6, label_1=7
  Building window datasets...
    WindowDataset: 17209 windows (class_0=2815, class_1=14394)
    WindowDataset: 2180 windows (class_0=1048, class_1=1132)
    WindowDataset: 2125 windows (class_0=945, class_1=1180)
[LaBraM] Loaded 219/221 params from weights/labram-base/model.safetensors
[LaBraM] Missing: ['fc_norm.weight', 'fc_norm.bias']
  Fold 4 | Ep   1/50 | t_loss=0.1787 t_acc=0.771 | v_win_bal=0.409 v_rec_bal=0.369 | lr=3.3e-06 | 22.1s
  Fold 4 | Ep   2/50 | t_loss=0.1666 t_acc=0.642 | v_win_bal=0.455 v_rec_bal=0.393 | lr=6.7e-06 | 21.9s
  Fold 4 | Ep   3/50 | t_loss=0.1533 t_acc=0.667 | v_win_bal=0.484 v_rec_bal=0.488 | lr=1.0e-05 | 21.9s
  Fold 4 | Ep   4/50 | t_loss=0.1043 t_acc=0.804 | v_win_bal=0.493 v_rec_bal=0.488 | lr=1.0e-05 | 21.9s
  Fold 4 | Ep   5/50 | t_loss=0.0836 t_acc=0.833 | v_win_bal=0.505 v_rec_bal=0.571 | lr=1.0e-05 | 21.9s
  Fold 4 | Ep   6/50 | t_loss=0.0766 t_acc=0.849 | v_win_bal=0.508 v_rec_bal=0.571 | lr=9.9e-06 | 21.9s
  Fold 4 | Ep   7/50 | t_loss=0.0710 t_acc=0.869 | v_win_bal=0.507 v_rec_bal=0.571 | lr=9.8e-06 | 22.0s
  Fold 4 | Ep   8/50 | t_loss=0.0657 t_acc=0.882 | v_win_bal=0.495 v_rec_bal=0.476 | lr=9.7e-06 | 21.8s
  Fold 4 | Ep   9/50 | t_loss=0.0595 t_acc=0.897 | v_win_bal=0.506 v_rec_bal=0.381 | lr=9.6e-06 | 21.9s
  Fold 4 | Ep  10/50 | t_loss=0.0556 t_acc=0.909 | v_win_bal=0.527 v_rec_bal=0.571 | lr=9.5e-06 | 22.0s
  Fold 4 | Ep  11/50 | t_loss=0.0520 t_acc=0.918 | v_win_bal=0.510 v_rec_bal=0.381 | lr=9.3e-06 | 21.8s
  Fold 4 | Ep  12/50 | t_loss=0.0474 t_acc=0.926 | v_win_bal=0.522 v_rec_bal=0.560 | lr=9.1e-06 | 21.9s
  Fold 4 | Ep  13/50 | t_loss=0.0444 t_acc=0.934 | v_win_bal=0.516 v_rec_bal=0.381 | lr=8.9e-06 | 22.1s
  Fold 4 | Ep  14/50 | t_loss=0.0413 t_acc=0.939 | v_win_bal=0.507 v_rec_bal=0.452 | lr=8.7e-06 | 21.9s
  Fold 4 | Ep  15/50 | t_loss=0.0370 t_acc=0.948 | v_win_bal=0.526 v_rec_bal=0.452 | lr=8.5e-06 | 21.7s
  Fold 4 | Ep  16/50 | t_loss=0.0349 t_acc=0.955 | v_win_bal=0.518 v_rec_bal=0.381 | lr=8.2e-06 | 21.9s
  Fold 4 | Ep  17/50 | t_loss=0.0316 t_acc=0.959 | v_win_bal=0.524 v_rec_bal=0.524 | lr=8.0e-06 | 22.7s
  Fold 4 | Ep  18/50 | t_loss=0.0297 t_acc=0.964 | v_win_bal=0.514 v_rec_bal=0.452 | lr=7.7e-06 | 22.8s
  Fold 4 | Ep  19/50 | t_loss=0.0265 t_acc=0.968 | v_win_bal=0.515 v_rec_bal=0.452 | lr=7.4e-06 | 22.8s
  Fold 4 | Ep  20/50 | t_loss=0.0238 t_acc=0.972 | v_win_bal=0.509 v_rec_bal=0.524 | lr=7.1e-06 | 22.0s
  Fold 4 | Ep  21/50 | t_loss=0.0240 t_acc=0.975 | v_win_bal=0.517 v_rec_bal=0.524 | lr=6.8e-06 | 21.9s
  Fold 4 | Ep  22/50 | t_loss=0.0198 t_acc=0.978 | v_win_bal=0.498 v_rec_bal=0.452 | lr=6.5e-06 | 21.9s
  Early stop at epoch 22
  -> Test (best @ epoch 5): acc=0.4615, bal_acc=0.5000

============================================================
Fold 5/5
============================================================
  Train:  39 samples, 39 subjects [2, 5, 7, 8, 12, 13, 14, 16, 17, 18, 19, 20, 22, 23, 26, 28, 31, 32, 34, 36, 38, 41, 43, 45, 46, 47, 48, 49, 51, 52, 54, 55, 57, 58, 59, 60, 61, 64, 65], label_0=17, label_1=22
    Val:  13 samples, 13 subjects [1, 9, 10, 21, 24, 25, 27, 29, 30, 40, 42, 50, 53], label_0=6, label_1=7
   Test:  13 samples, 13 subjects [3, 4, 6, 11, 15, 33, 35, 37, 39, 44, 56, 62, 63], label_0=6, label_1=7
  Building window datasets...
    WindowDataset: 17653 windows (class_0=2939, class_1=14714)
    WindowDataset: 2122 windows (class_0=880, class_1=1242)
    WindowDataset: 1979 windows (class_0=989, class_1=990)
[LaBraM] Loaded 219/221 params from weights/labram-base/model.safetensors
[LaBraM] Missing: ['fc_norm.weight', 'fc_norm.bias']
  Fold 5 | Ep   1/50 | t_loss=0.2073 t_acc=0.793 | v_win_bal=0.482 v_rec_bal=0.500 | lr=3.3e-06 | 22.4s
  Fold 5 | Ep   2/50 | t_loss=0.1685 t_acc=0.646 | v_win_bal=0.478 v_rec_bal=0.286 | lr=6.7e-06 | 22.5s
  Fold 5 | Ep   3/50 | t_loss=0.1469 t_acc=0.713 | v_win_bal=0.489 v_rec_bal=0.500 | lr=1.0e-05 | 22.5s
  Fold 5 | Ep   4/50 | t_loss=0.0991 t_acc=0.795 | v_win_bal=0.491 v_rec_bal=0.500 | lr=1.0e-05 | 22.5s
  Fold 5 | Ep   5/50 | t_loss=0.0851 t_acc=0.818 | v_win_bal=0.484 v_rec_bal=0.500 | lr=1.0e-05 | 22.5s
  Fold 5 | Ep   6/50 | t_loss=0.0786 t_acc=0.836 | v_win_bal=0.488 v_rec_bal=0.500 | lr=9.9e-06 | 22.5s
  Fold 5 | Ep   7/50 | t_loss=0.0728 t_acc=0.851 | v_win_bal=0.473 v_rec_bal=0.500 | lr=9.8e-06 | 22.4s
  Fold 5 | Ep   8/50 | t_loss=0.0679 t_acc=0.865 | v_win_bal=0.468 v_rec_bal=0.488 | lr=9.7e-06 | 22.5s
  Fold 5 | Ep   9/50 | t_loss=0.0621 t_acc=0.880 | v_win_bal=0.467 v_rec_bal=0.405 | lr=9.6e-06 | 22.6s
  Fold 5 | Ep  10/50 | t_loss=0.0571 t_acc=0.896 | v_win_bal=0.474 v_rec_bal=0.405 | lr=9.5e-06 | 22.5s
  Fold 5 | Ep  11/50 | t_loss=0.0526 t_acc=0.909 | v_win_bal=0.474 v_rec_bal=0.500 | lr=9.3e-06 | 22.5s
  Fold 5 | Ep  12/50 | t_loss=0.0475 t_acc=0.922 | v_win_bal=0.471 v_rec_bal=0.393 | lr=9.1e-06 | 22.9s
  Fold 5 | Ep  13/50 | t_loss=0.0430 t_acc=0.929 | v_win_bal=0.473 v_rec_bal=0.500 | lr=8.9e-06 | 22.3s
  Fold 5 | Ep  14/50 | t_loss=0.0394 t_acc=0.939 | v_win_bal=0.469 v_rec_bal=0.393 | lr=8.7e-06 | 22.4s
  Fold 5 | Ep  15/50 | t_loss=0.0344 t_acc=0.950 | v_win_bal=0.474 v_rec_bal=0.452 | lr=8.5e-06 | 22.3s
  Fold 5 | Ep  16/50 | t_loss=0.0299 t_acc=0.957 | v_win_bal=0.468 v_rec_bal=0.452 | lr=8.2e-06 | 22.8s
  Early stop at epoch 16
  -> Test (best @ epoch 1): acc=0.5385, bal_acc=0.5357

============================================================
Global Results (5-Fold, subject-level CV)
Mode: FT | Extractor: labram | Loss: focal
============================================================
              acc: 0.5077
          bal_acc: 0.5053
               f1: 0.5089
            kappa: 0.0105
  Total predictions: 65 (should equal dataset size: 65)

Results saved to results/studies/exp27_paired_null/adftd/perm_s7/
