/raid/jupyter-linjimmy1003.md10/.conda/envs/stress/lib/python3.11/site-packages/timm/models/layers/__init__.py:49: FutureWarning: Importing from timm.models.layers is deprecated, please import via timm.layers
  warnings.warn(f"Importing from {__name__} is deprecated, please import via timm.layers", FutureWarning)
Mode: FT | Extractor: labram | Folds: 5
LR: 1e-05 | WD: 0.05 | Beta2: 0.999 | Grad clip: 2.0
Head: hidden=128, dropout=0.0 | Norm: zscore | Loss: focal
Full FT: encoder_lr_scale=0.1
Augmentation: 75% overlap for increase class

Results → results/studies/exp27_paired_null/adftd/perm_s10/
ADFTD: 65 recordings from 65 subjects (AD=36, HC=29)
ADFTD: 65 recordings, 65 subjects (AD=36, HC=29)
[permute-labels] Subject-level shuffle with rng seed 10 over 65 subjects. Class balance preserved: 36 pos / 29 neg

============================================================
Fold 1/5
============================================================
  Train:  39 samples, 39 subjects [2, 3, 4, 5, 9, 10, 11, 12, 14, 15, 16, 17, 21, 23, 24, 28, 30, 37, 38, 39, 40, 41, 42, 45, 46, 47, 48, 49, 50, 52, 53, 56, 57, 58, 59, 61, 62, 64, 65], label_0=17, label_1=22
    Val:  13 samples, 13 subjects [1, 6, 8, 25, 26, 29, 31, 33, 35, 44, 51, 55, 63], label_0=6, label_1=7
   Test:  13 samples, 13 subjects [7, 13, 18, 19, 20, 22, 27, 32, 34, 36, 43, 54, 60], label_0=6, label_1=7
  Building window datasets...
    WindowDataset: 17084 windows (class_0=2930, class_1=14154)
    WindowDataset: 2056 windows (class_0=899, class_1=1157)
    WindowDataset: 2194 windows (class_0=1019, class_1=1175)
[LaBraM] Loaded 219/221 params from weights/labram-base/model.safetensors
[LaBraM] Missing: ['fc_norm.weight', 'fc_norm.bias']
  Trainable parameters: 5,871,779
  Class weights: [2.915358304977417, 0.6035043001174927]
  Fold 1 | Ep   1/50 | t_loss=0.1875 t_acc=0.291 | v_win_bal=0.471 v_rec_bal=0.512 | lr=3.3e-06 | 25.7s
  Fold 1 | Ep   2/50 | t_loss=0.1694 t_acc=0.673 | v_win_bal=0.450 v_rec_bal=0.369 | lr=6.7e-06 | 21.1s
  Fold 1 | Ep   3/50 | t_loss=0.1543 t_acc=0.707 | v_win_bal=0.484 v_rec_bal=0.571 | lr=1.0e-05 | 21.0s
  Fold 1 | Ep   4/50 | t_loss=0.1109 t_acc=0.793 | v_win_bal=0.526 v_rec_bal=0.500 | lr=1.0e-05 | 20.3s
  Fold 1 | Ep   5/50 | t_loss=0.0852 t_acc=0.832 | v_win_bal=0.524 v_rec_bal=0.500 | lr=1.0e-05 | 20.3s
  Fold 1 | Ep   6/50 | t_loss=0.0751 t_acc=0.853 | v_win_bal=0.526 v_rec_bal=0.500 | lr=9.9e-06 | 20.7s
  Fold 1 | Ep   7/50 | t_loss=0.0674 t_acc=0.872 | v_win_bal=0.496 v_rec_bal=0.571 | lr=9.8e-06 | 20.3s
  Fold 1 | Ep   8/50 | t_loss=0.0619 t_acc=0.890 | v_win_bal=0.510 v_rec_bal=0.571 | lr=9.7e-06 | 20.2s
  Fold 1 | Ep   9/50 | t_loss=0.0557 t_acc=0.904 | v_win_bal=0.498 v_rec_bal=0.571 | lr=9.6e-06 | 20.4s
  Fold 1 | Ep  10/50 | t_loss=0.0515 t_acc=0.917 | v_win_bal=0.499 v_rec_bal=0.571 | lr=9.5e-06 | 20.3s
  Fold 1 | Ep  11/50 | t_loss=0.0469 t_acc=0.929 | v_win_bal=0.518 v_rec_bal=0.500 | lr=9.3e-06 | 20.6s
  Fold 1 | Ep  12/50 | t_loss=0.0411 t_acc=0.941 | v_win_bal=0.491 v_rec_bal=0.571 | lr=9.1e-06 | 20.4s
  Fold 1 | Ep  13/50 | t_loss=0.0367 t_acc=0.948 | v_win_bal=0.488 v_rec_bal=0.560 | lr=8.9e-06 | 20.3s
  Fold 1 | Ep  14/50 | t_loss=0.0330 t_acc=0.956 | v_win_bal=0.479 v_rec_bal=0.488 | lr=8.7e-06 | 20.1s
  Fold 1 | Ep  15/50 | t_loss=0.0286 t_acc=0.964 | v_win_bal=0.475 v_rec_bal=0.405 | lr=8.5e-06 | 20.3s
  Fold 1 | Ep  16/50 | t_loss=0.0258 t_acc=0.969 | v_win_bal=0.479 v_rec_bal=0.476 | lr=8.2e-06 | 20.1s
  Fold 1 | Ep  17/50 | t_loss=0.0224 t_acc=0.974 | v_win_bal=0.478 v_rec_bal=0.405 | lr=8.0e-06 | 20.2s
  Fold 1 | Ep  18/50 | t_loss=0.0195 t_acc=0.980 | v_win_bal=0.472 v_rec_bal=0.393 | lr=7.7e-06 | 20.3s
  Fold 1 | Ep  19/50 | t_loss=0.0178 t_acc=0.983 | v_win_bal=0.454 v_rec_bal=0.298 | lr=7.4e-06 | 20.1s
  Fold 1 | Ep  20/50 | t_loss=0.0158 t_acc=0.986 | v_win_bal=0.469 v_rec_bal=0.476 | lr=7.1e-06 | 20.8s
  Fold 1 | Ep  21/50 | t_loss=0.0138 t_acc=0.989 | v_win_bal=0.461 v_rec_bal=0.381 | lr=6.8e-06 | 20.9s
  Fold 1 | Ep  22/50 | t_loss=0.0116 t_acc=0.991 | v_win_bal=0.471 v_rec_bal=0.548 | lr=6.5e-06 | 20.4s
  Fold 1 | Ep  23/50 | t_loss=0.0096 t_acc=0.993 | v_win_bal=0.463 v_rec_bal=0.476 | lr=6.2e-06 | 20.4s
  Fold 1 | Ep  24/50 | t_loss=0.0090 t_acc=0.994 | v_win_bal=0.473 v_rec_bal=0.464 | lr=5.8e-06 | 20.4s
  Early stop at epoch 24
  -> Test (best @ epoch 3): acc=0.3077, bal_acc=0.3333

============================================================
Fold 2/5
============================================================
  Train:  39 samples, 39 subjects [1, 2, 4, 6, 7, 8, 9, 11, 12, 13, 14, 15, 16, 18, 19, 20, 21, 22, 24, 27, 28, 30, 31, 33, 34, 37, 38, 39, 42, 43, 44, 48, 49, 50, 52, 54, 55, 58, 62], label_0=17, label_1=22
    Val:  13 samples, 13 subjects [5, 17, 26, 32, 35, 36, 46, 51, 53, 57, 59, 60, 63], label_0=6, label_1=7
   Test:  13 samples, 13 subjects [3, 10, 23, 25, 29, 40, 41, 45, 47, 56, 61, 64, 65], label_0=6, label_1=7
  Building window datasets...
    WindowDataset: 17510 windows (class_0=2760, class_1=14750)
    WindowDataset: 2097 windows (class_0=966, class_1=1131)
    WindowDataset: 2174 windows (class_0=1122, class_1=1052)
[LaBraM] Loaded 219/221 params from weights/labram-base/model.safetensors
[LaBraM] Missing: ['fc_norm.weight', 'fc_norm.bias']
  Fold 2 | Ep   1/50 | t_loss=0.1727 t_acc=0.400 | v_win_bal=0.524 v_rec_bal=0.429 | lr=3.3e-06 | 21.5s
  Fold 2 | Ep   2/50 | t_loss=0.1668 t_acc=0.685 | v_win_bal=0.509 v_rec_bal=0.405 | lr=6.7e-06 | 21.6s
  Fold 2 | Ep   3/50 | t_loss=0.1347 t_acc=0.746 | v_win_bal=0.537 v_rec_bal=0.571 | lr=1.0e-05 | 21.5s
  Fold 2 | Ep   4/50 | t_loss=0.0944 t_acc=0.810 | v_win_bal=0.535 v_rec_bal=0.571 | lr=1.0e-05 | 21.5s
  Fold 2 | Ep   5/50 | t_loss=0.0804 t_acc=0.838 | v_win_bal=0.529 v_rec_bal=0.643 | lr=1.0e-05 | 21.5s
  Fold 2 | Ep   6/50 | t_loss=0.0715 t_acc=0.863 | v_win_bal=0.520 v_rec_bal=0.560 | lr=9.9e-06 | 21.5s
  Fold 2 | Ep   7/50 | t_loss=0.0640 t_acc=0.884 | v_win_bal=0.520 v_rec_bal=0.560 | lr=9.8e-06 | 21.4s
  Fold 2 | Ep   8/50 | t_loss=0.0587 t_acc=0.900 | v_win_bal=0.530 v_rec_bal=0.643 | lr=9.7e-06 | 21.5s
  Fold 2 | Ep   9/50 | t_loss=0.0526 t_acc=0.913 | v_win_bal=0.526 v_rec_bal=0.560 | lr=9.6e-06 | 21.5s
  Fold 2 | Ep  10/50 | t_loss=0.0471 t_acc=0.926 | v_win_bal=0.524 v_rec_bal=0.643 | lr=9.5e-06 | 21.5s
  Fold 2 | Ep  11/50 | t_loss=0.0422 t_acc=0.936 | v_win_bal=0.519 v_rec_bal=0.560 | lr=9.3e-06 | 21.5s
  Fold 2 | Ep  12/50 | t_loss=0.0378 t_acc=0.945 | v_win_bal=0.512 v_rec_bal=0.560 | lr=9.1e-06 | 21.4s
  Fold 2 | Ep  13/50 | t_loss=0.0350 t_acc=0.954 | v_win_bal=0.503 v_rec_bal=0.560 | lr=8.9e-06 | 21.4s
  Fold 2 | Ep  14/50 | t_loss=0.0297 t_acc=0.960 | v_win_bal=0.515 v_rec_bal=0.560 | lr=8.7e-06 | 21.4s
  Fold 2 | Ep  15/50 | t_loss=0.0262 t_acc=0.969 | v_win_bal=0.504 v_rec_bal=0.560 | lr=8.5e-06 | 21.7s
  Fold 2 | Ep  16/50 | t_loss=0.0234 t_acc=0.973 | v_win_bal=0.515 v_rec_bal=0.560 | lr=8.2e-06 | 21.3s
  Fold 2 | Ep  17/50 | t_loss=0.0210 t_acc=0.977 | v_win_bal=0.502 v_rec_bal=0.560 | lr=8.0e-06 | 21.4s
  Fold 2 | Ep  18/50 | t_loss=0.0193 t_acc=0.980 | v_win_bal=0.510 v_rec_bal=0.560 | lr=7.7e-06 | 21.3s
  Fold 2 | Ep  19/50 | t_loss=0.0156 t_acc=0.985 | v_win_bal=0.499 v_rec_bal=0.560 | lr=7.4e-06 | 21.3s
  Fold 2 | Ep  20/50 | t_loss=0.0142 t_acc=0.987 | v_win_bal=0.501 v_rec_bal=0.560 | lr=7.1e-06 | 21.7s
  Fold 2 | Ep  21/50 | t_loss=0.0113 t_acc=0.990 | v_win_bal=0.486 v_rec_bal=0.476 | lr=6.8e-06 | 21.4s
  Fold 2 | Ep  22/50 | t_loss=0.0102 t_acc=0.992 | v_win_bal=0.499 v_rec_bal=0.560 | lr=6.5e-06 | 21.4s
  Fold 2 | Ep  23/50 | t_loss=0.0083 t_acc=0.994 | v_win_bal=0.502 v_rec_bal=0.560 | lr=6.2e-06 | 21.3s
  Fold 2 | Ep  24/50 | t_loss=0.0066 t_acc=0.996 | v_win_bal=0.504 v_rec_bal=0.560 | lr=5.8e-06 | 21.4s
  Fold 2 | Ep  25/50 | t_loss=0.0055 t_acc=0.996 | v_win_bal=0.504 v_rec_bal=0.560 | lr=5.5e-06 | 21.4s
  Early stop at epoch 25
  -> Test (best @ epoch 5): acc=0.5385, bal_acc=0.5595

============================================================
Fold 3/5
============================================================
  Train:  39 samples, 39 subjects [2, 3, 4, 5, 6, 9, 10, 11, 13, 14, 15, 17, 18, 19, 21, 22, 27, 29, 30, 32, 34, 36, 37, 40, 42, 43, 44, 45, 46, 47, 51, 52, 54, 55, 56, 60, 63, 64, 65], label_0=17, label_1=22
    Val:  13 samples, 13 subjects [7, 20, 23, 25, 28, 31, 33, 39, 41, 48, 53, 59, 61], label_0=6, label_1=7
   Test:  13 samples, 13 subjects [1, 8, 12, 16, 24, 26, 35, 38, 49, 50, 57, 58, 62], label_0=6, label_1=7
  Building window datasets...
    WindowDataset: 16655 windows (class_0=2961, class_1=13694)
    WindowDataset: 2201 windows (class_0=955, class_1=1246)
    WindowDataset: 2133 windows (class_0=932, class_1=1201)
[LaBraM] Loaded 219/221 params from weights/labram-base/model.safetensors
[LaBraM] Missing: ['fc_norm.weight', 'fc_norm.bias']
  Fold 3 | Ep   1/50 | t_loss=0.1785 t_acc=0.331 | v_win_bal=0.497 v_rec_bal=0.583 | lr=3.3e-06 | 20.4s
  Fold 3 | Ep   2/50 | t_loss=0.1665 t_acc=0.624 | v_win_bal=0.499 v_rec_bal=0.619 | lr=6.7e-06 | 20.5s
  Fold 3 | Ep   3/50 | t_loss=0.1499 t_acc=0.670 | v_win_bal=0.542 v_rec_bal=0.500 | lr=1.0e-05 | 20.5s
  Fold 3 | Ep   4/50 | t_loss=0.1063 t_acc=0.785 | v_win_bal=0.514 v_rec_bal=0.500 | lr=1.0e-05 | 20.5s
  Fold 3 | Ep   5/50 | t_loss=0.0861 t_acc=0.816 | v_win_bal=0.532 v_rec_bal=0.500 | lr=1.0e-05 | 20.5s
  Fold 3 | Ep   6/50 | t_loss=0.0795 t_acc=0.836 | v_win_bal=0.528 v_rec_bal=0.500 | lr=9.9e-06 | 20.4s
  Fold 3 | Ep   7/50 | t_loss=0.0738 t_acc=0.846 | v_win_bal=0.524 v_rec_bal=0.500 | lr=9.8e-06 | 20.6s
  Fold 3 | Ep   8/50 | t_loss=0.0687 t_acc=0.865 | v_win_bal=0.554 v_rec_bal=0.714 | lr=9.7e-06 | 20.5s
  Fold 3 | Ep   9/50 | t_loss=0.0654 t_acc=0.880 | v_win_bal=0.574 v_rec_bal=0.571 | lr=9.6e-06 | 20.4s
  Fold 3 | Ep  10/50 | t_loss=0.0589 t_acc=0.891 | v_win_bal=0.535 v_rec_bal=0.500 | lr=9.5e-06 | 20.3s
  Fold 3 | Ep  11/50 | t_loss=0.0546 t_acc=0.904 | v_win_bal=0.573 v_rec_bal=0.571 | lr=9.3e-06 | 20.4s
  Fold 3 | Ep  12/50 | t_loss=0.0497 t_acc=0.916 | v_win_bal=0.556 v_rec_bal=0.702 | lr=9.1e-06 | 20.2s
  Fold 3 | Ep  13/50 | t_loss=0.0475 t_acc=0.925 | v_win_bal=0.570 v_rec_bal=0.631 | lr=8.9e-06 | 20.5s
  Fold 3 | Ep  14/50 | t_loss=0.0410 t_acc=0.934 | v_win_bal=0.579 v_rec_bal=0.762 | lr=8.7e-06 | 20.5s
  Fold 3 | Ep  15/50 | t_loss=0.0371 t_acc=0.943 | v_win_bal=0.570 v_rec_bal=0.643 | lr=8.5e-06 | 20.6s
  Fold 3 | Ep  16/50 | t_loss=0.0331 t_acc=0.951 | v_win_bal=0.574 v_rec_bal=0.679 | lr=8.2e-06 | 20.5s
  Fold 3 | Ep  17/50 | t_loss=0.0306 t_acc=0.958 | v_win_bal=0.569 v_rec_bal=0.702 | lr=8.0e-06 | 20.6s
  Fold 3 | Ep  18/50 | t_loss=0.0266 t_acc=0.964 | v_win_bal=0.592 v_rec_bal=0.774 | lr=7.7e-06 | 20.5s
  Fold 3 | Ep  19/50 | t_loss=0.0260 t_acc=0.969 | v_win_bal=0.576 v_rec_bal=0.774 | lr=7.4e-06 | 20.5s
  Fold 3 | Ep  20/50 | t_loss=0.0224 t_acc=0.974 | v_win_bal=0.591 v_rec_bal=0.774 | lr=7.1e-06 | 20.5s
  Fold 3 | Ep  21/50 | t_loss=0.0191 t_acc=0.978 | v_win_bal=0.585 v_rec_bal=0.679 | lr=6.8e-06 | 20.5s
  Fold 3 | Ep  22/50 | t_loss=0.0164 t_acc=0.981 | v_win_bal=0.592 v_rec_bal=0.679 | lr=6.5e-06 | 20.6s
  Fold 3 | Ep  23/50 | t_loss=0.0138 t_acc=0.983 | v_win_bal=0.579 v_rec_bal=0.595 | lr=6.2e-06 | 20.5s
  Fold 3 | Ep  24/50 | t_loss=0.0133 t_acc=0.986 | v_win_bal=0.578 v_rec_bal=0.512 | lr=5.8e-06 | 20.4s
  Fold 3 | Ep  25/50 | t_loss=0.0110 t_acc=0.989 | v_win_bal=0.582 v_rec_bal=0.512 | lr=5.5e-06 | 21.0s
  Fold 3 | Ep  26/50 | t_loss=0.0092 t_acc=0.991 | v_win_bal=0.578 v_rec_bal=0.512 | lr=5.2e-06 | 20.5s
  Fold 3 | Ep  27/50 | t_loss=0.0079 t_acc=0.992 | v_win_bal=0.585 v_rec_bal=0.679 | lr=4.8e-06 | 20.5s
  Fold 3 | Ep  28/50 | t_loss=0.0071 t_acc=0.993 | v_win_bal=0.579 v_rec_bal=0.512 | lr=4.5e-06 | 20.4s
  Fold 3 | Ep  29/50 | t_loss=0.0058 t_acc=0.995 | v_win_bal=0.582 v_rec_bal=0.512 | lr=4.2e-06 | 20.5s
  Fold 3 | Ep  30/50 | t_loss=0.0048 t_acc=0.996 | v_win_bal=0.575 v_rec_bal=0.679 | lr=3.8e-06 | 20.5s
  Fold 3 | Ep  31/50 | t_loss=0.0034 t_acc=0.997 | v_win_bal=0.571 v_rec_bal=0.512 | lr=3.5e-06 | 20.6s
  Fold 3 | Ep  32/50 | t_loss=0.0032 t_acc=0.998 | v_win_bal=0.577 v_rec_bal=0.512 | lr=3.2e-06 | 20.5s
  Fold 3 | Ep  33/50 | t_loss=0.0036 t_acc=0.998 | v_win_bal=0.577 v_rec_bal=0.512 | lr=2.9e-06 | 20.5s
  Fold 3 | Ep  34/50 | t_loss=0.0031 t_acc=0.998 | v_win_bal=0.574 v_rec_bal=0.512 | lr=2.6e-06 | 20.5s
  Fold 3 | Ep  35/50 | t_loss=0.0021 t_acc=0.998 | v_win_bal=0.580 v_rec_bal=0.595 | lr=2.3e-06 | 21.0s
  Early stop at epoch 35
  -> Test (best @ epoch 18): acc=0.4615, bal_acc=0.4762

============================================================
Fold 4/5
============================================================
  Train:  39 samples, 39 subjects [1, 2, 3, 6, 7, 9, 10, 11, 12, 13, 15, 16, 18, 19, 20, 21, 22, 23, 24, 26, 32, 35, 37, 40, 41, 42, 43, 44, 45, 47, 48, 49, 50, 56, 57, 58, 61, 62, 64], label_0=18, label_1=21
    Val:  13 samples, 13 subjects [8, 17, 25, 27, 29, 34, 36, 38, 54, 59, 60, 63, 65], label_0=6, label_1=7
   Test:  13 samples, 13 subjects [4, 5, 14, 28, 30, 31, 33, 39, 46, 51, 52, 53, 55], label_0=5, label_1=8
  Building window datasets...
    WindowDataset: 16912 windows (class_0=3019, class_1=13893)
    WindowDataset: 2135 windows (class_0=1016, class_1=1119)
    WindowDataset: 2092 windows (class_0=813, class_1=1279)
[LaBraM] Loaded 219/221 params from weights/labram-base/model.safetensors
[LaBraM] Missing: ['fc_norm.weight', 'fc_norm.bias']
  Fold 4 | Ep   1/50 | t_loss=0.1742 t_acc=0.356 | v_win_bal=0.507 v_rec_bal=0.524 | lr=3.3e-06 | 20.7s
  Fold 4 | Ep   2/50 | t_loss=0.1635 t_acc=0.594 | v_win_bal=0.470 v_rec_bal=0.464 | lr=6.7e-06 | 20.8s
  Fold 4 | Ep   3/50 | t_loss=0.1409 t_acc=0.693 | v_win_bal=0.480 v_rec_bal=0.488 | lr=1.0e-05 | 20.7s
  Fold 4 | Ep   4/50 | t_loss=0.1028 t_acc=0.814 | v_win_bal=0.478 v_rec_bal=0.500 | lr=1.0e-05 | 20.8s
  Fold 4 | Ep   5/50 | t_loss=0.0838 t_acc=0.843 | v_win_bal=0.464 v_rec_bal=0.500 | lr=1.0e-05 | 20.8s
  Fold 4 | Ep   6/50 | t_loss=0.0754 t_acc=0.858 | v_win_bal=0.445 v_rec_bal=0.417 | lr=9.9e-06 | 20.8s
  Fold 4 | Ep   7/50 | t_loss=0.0680 t_acc=0.878 | v_win_bal=0.473 v_rec_bal=0.500 | lr=9.8e-06 | 20.8s
  Fold 4 | Ep   8/50 | t_loss=0.0613 t_acc=0.894 | v_win_bal=0.449 v_rec_bal=0.333 | lr=9.7e-06 | 20.7s
  Fold 4 | Ep   9/50 | t_loss=0.0547 t_acc=0.905 | v_win_bal=0.477 v_rec_bal=0.500 | lr=9.6e-06 | 22.1s
  Fold 4 | Ep  10/50 | t_loss=0.0494 t_acc=0.919 | v_win_bal=0.471 v_rec_bal=0.500 | lr=9.5e-06 | 21.4s
  Fold 4 | Ep  11/50 | t_loss=0.0437 t_acc=0.933 | v_win_bal=0.460 v_rec_bal=0.405 | lr=9.3e-06 | 21.0s
  Fold 4 | Ep  12/50 | t_loss=0.0396 t_acc=0.944 | v_win_bal=0.491 v_rec_bal=0.500 | lr=9.1e-06 | 20.9s
  Fold 4 | Ep  13/50 | t_loss=0.0342 t_acc=0.951 | v_win_bal=0.463 v_rec_bal=0.405 | lr=8.9e-06 | 20.9s
  Fold 4 | Ep  14/50 | t_loss=0.0301 t_acc=0.961 | v_win_bal=0.498 v_rec_bal=0.500 | lr=8.7e-06 | 20.8s
  Fold 4 | Ep  15/50 | t_loss=0.0267 t_acc=0.967 | v_win_bal=0.496 v_rec_bal=0.488 | lr=8.5e-06 | 20.9s
  Fold 4 | Ep  16/50 | t_loss=0.0237 t_acc=0.973 | v_win_bal=0.469 v_rec_bal=0.536 | lr=8.2e-06 | 20.8s
  Early stop at epoch 16
  -> Test (best @ epoch 16): acc=0.6154, bal_acc=0.5750

============================================================
Fold 5/5
============================================================
  Train:  39 samples, 39 subjects [3, 5, 7, 8, 10, 12, 13, 14, 16, 18, 19, 20, 24, 25, 28, 29, 30, 33, 35, 36, 39, 40, 43, 45, 46, 49, 50, 51, 52, 53, 54, 56, 57, 58, 60, 61, 62, 64, 65], label_0=17, label_1=22
    Val:  13 samples, 13 subjects [1, 4, 22, 23, 26, 27, 31, 32, 34, 38, 41, 47, 55], label_0=6, label_1=7
   Test:  13 samples, 13 subjects [2, 6, 9, 11, 15, 17, 21, 37, 42, 44, 48, 59, 63], label_0=6, label_1=7
  Building window datasets...
    WindowDataset: 16741 windows (class_0=2895, class_1=13846)
    WindowDataset: 2220 windows (class_0=991, class_1=1229)
    WindowDataset: 2142 windows (class_0=962, class_1=1180)
[LaBraM] Loaded 219/221 params from weights/labram-base/model.safetensors
[LaBraM] Missing: ['fc_norm.weight', 'fc_norm.bias']
  Fold 5 | Ep   1/50 | t_loss=0.1754 t_acc=0.492 | v_win_bal=0.472 v_rec_bal=0.429 | lr=3.3e-06 | 20.7s
  Fold 5 | Ep   2/50 | t_loss=0.1711 t_acc=0.657 | v_win_bal=0.540 v_rec_bal=0.440 | lr=6.7e-06 | 20.8s
  Fold 5 | Ep   3/50 | t_loss=0.1538 t_acc=0.684 | v_win_bal=0.512 v_rec_bal=0.536 | lr=1.0e-05 | 20.7s
  Fold 5 | Ep   4/50 | t_loss=0.1040 t_acc=0.795 | v_win_bal=0.520 v_rec_bal=0.500 | lr=1.0e-05 | 20.8s
  Fold 5 | Ep   5/50 | t_loss=0.0856 t_acc=0.819 | v_win_bal=0.533 v_rec_bal=0.500 | lr=1.0e-05 | 20.7s
  Fold 5 | Ep   6/50 | t_loss=0.0795 t_acc=0.836 | v_win_bal=0.529 v_rec_bal=0.702 | lr=9.9e-06 | 20.8s
  Fold 5 | Ep   7/50 | t_loss=0.0737 t_acc=0.852 | v_win_bal=0.541 v_rec_bal=0.500 | lr=9.8e-06 | 21.4s
  Fold 5 | Ep   8/50 | t_loss=0.0681 t_acc=0.866 | v_win_bal=0.548 v_rec_bal=0.560 | lr=9.7e-06 | 20.9s
  Fold 5 | Ep   9/50 | t_loss=0.0623 t_acc=0.879 | v_win_bal=0.566 v_rec_bal=0.560 | lr=9.6e-06 | 20.8s
  Fold 5 | Ep  10/50 | t_loss=0.0574 t_acc=0.893 | v_win_bal=0.581 v_rec_bal=0.631 | lr=9.5e-06 | 20.9s
  Fold 5 | Ep  11/50 | t_loss=0.0516 t_acc=0.909 | v_win_bal=0.571 v_rec_bal=0.560 | lr=9.3e-06 | 21.4s
  Fold 5 | Ep  12/50 | t_loss=0.0471 t_acc=0.918 | v_win_bal=0.575 v_rec_bal=0.762 | lr=9.1e-06 | 20.9s
  Fold 5 | Ep  13/50 | t_loss=0.0423 t_acc=0.930 | v_win_bal=0.590 v_rec_bal=0.774 | lr=8.9e-06 | 20.9s
  Fold 5 | Ep  14/50 | t_loss=0.0372 t_acc=0.940 | v_win_bal=0.563 v_rec_bal=0.690 | lr=8.7e-06 | 20.8s
  Fold 5 | Ep  15/50 | t_loss=0.0342 t_acc=0.947 | v_win_bal=0.589 v_rec_bal=0.690 | lr=8.5e-06 | 21.2s
  Fold 5 | Ep  16/50 | t_loss=0.0301 t_acc=0.955 | v_win_bal=0.579 v_rec_bal=0.690 | lr=8.2e-06 | 20.8s
  Fold 5 | Ep  17/50 | t_loss=0.0264 t_acc=0.964 | v_win_bal=0.587 v_rec_bal=0.607 | lr=8.0e-06 | 20.8s
  Fold 5 | Ep  18/50 | t_loss=0.0237 t_acc=0.969 | v_win_bal=0.589 v_rec_bal=0.607 | lr=7.7e-06 | 20.7s
  Fold 5 | Ep  19/50 | t_loss=0.0211 t_acc=0.972 | v_win_bal=0.571 v_rec_bal=0.595 | lr=7.4e-06 | 20.8s
  Fold 5 | Ep  20/50 | t_loss=0.0179 t_acc=0.977 | v_win_bal=0.595 v_rec_bal=0.690 | lr=7.1e-06 | 20.6s
  Fold 5 | Ep  21/50 | t_loss=0.0157 t_acc=0.982 | v_win_bal=0.585 v_rec_bal=0.607 | lr=6.8e-06 | 20.7s
  Fold 5 | Ep  22/50 | t_loss=0.0132 t_acc=0.985 | v_win_bal=0.583 v_rec_bal=0.607 | lr=6.5e-06 | 20.7s
  Fold 5 | Ep  23/50 | t_loss=0.0117 t_acc=0.987 | v_win_bal=0.587 v_rec_bal=0.607 | lr=6.2e-06 | 20.7s
  Fold 5 | Ep  24/50 | t_loss=0.0095 t_acc=0.989 | v_win_bal=0.564 v_rec_bal=0.524 | lr=5.8e-06 | 20.7s
  Fold 5 | Ep  25/50 | t_loss=0.0081 t_acc=0.991 | v_win_bal=0.556 v_rec_bal=0.524 | lr=5.5e-06 | 20.7s
  Fold 5 | Ep  26/50 | t_loss=0.0083 t_acc=0.992 | v_win_bal=0.581 v_rec_bal=0.607 | lr=5.2e-06 | 21.1s
  Fold 5 | Ep  27/50 | t_loss=0.0060 t_acc=0.994 | v_win_bal=0.570 v_rec_bal=0.607 | lr=4.8e-06 | 20.6s
  Fold 5 | Ep  28/50 | t_loss=0.0049 t_acc=0.995 | v_win_bal=0.567 v_rec_bal=0.524 | lr=4.5e-06 | 20.6s
  Fold 5 | Ep  29/50 | t_loss=0.0035 t_acc=0.996 | v_win_bal=0.564 v_rec_bal=0.440 | lr=4.2e-06 | 20.7s
  Early stop at epoch 29
  -> Test (best @ epoch 13): acc=0.5385, bal_acc=0.5595

============================================================
Global Results (5-Fold, subject-level CV)
Mode: FT | Extractor: labram | Loss: focal
============================================================
              acc: 0.4923
          bal_acc: 0.5115
               f1: 0.4777
            kappa: 0.0219
  Total predictions: 65 (should equal dataset size: 65)

Results saved to results/studies/exp27_paired_null/adftd/perm_s10/
