/raid/jupyter-linjimmy1003.md10/.conda/envs/stress/lib/python3.11/site-packages/timm/models/layers/__init__.py:49: FutureWarning: Importing from timm.models.layers is deprecated, please import via timm.layers
  warnings.warn(f"Importing from {__name__} is deprecated, please import via timm.layers", FutureWarning)
Mode: FT | Extractor: labram | Folds: 5
LR: 1e-05 | WD: 0.05 | Beta2: 0.999 | Grad clip: 2.0
Head: hidden=128, dropout=0.0 | Norm: zscore | Loss: focal
Full FT: encoder_lr_scale=0.1
Augmentation: 75% overlap for increase class

Results → results/studies/exp27_paired_null/adftd/perm_s19/
ADFTD: 65 recordings from 65 subjects (AD=36, HC=29)
ADFTD: 65 recordings, 65 subjects (AD=36, HC=29)
[permute-labels] Subject-level shuffle with rng seed 19 over 65 subjects. Class balance preserved: 36 pos / 29 neg

============================================================
Fold 1/5
============================================================
  Train:  39 samples, 39 subjects [3, 6, 8, 9, 11, 12, 13, 14, 15, 16, 17, 18, 19, 21, 22, 25, 26, 29, 31, 33, 35, 36, 37, 41, 42, 44, 45, 46, 48, 50, 51, 52, 57, 58, 59, 60, 61, 64, 65], label_0=17, label_1=22
    Val:  13 samples, 13 subjects [1, 7, 10, 24, 28, 30, 38, 39, 49, 53, 55, 56, 63], label_0=6, label_1=7
   Test:  13 samples, 13 subjects [2, 4, 5, 20, 23, 27, 32, 34, 40, 43, 47, 54, 62], label_0=6, label_1=7
  Building window datasets...
    WindowDataset: 16900 windows (class_0=2874, class_1=14026)
    WindowDataset: 2125 windows (class_0=1046, class_1=1079)
    WindowDataset: 2213 windows (class_0=1042, class_1=1171)
[LaBraM] Loaded 219/221 params from weights/labram-base/model.safetensors
[LaBraM] Missing: ['fc_norm.weight', 'fc_norm.bias']
  Trainable parameters: 5,871,779
  Class weights: [2.940153121948242, 0.6024525761604309]
  Fold 1 | Ep   1/50 | t_loss=0.1853 t_acc=0.304 | v_win_bal=0.609 v_rec_bal=0.667 | lr=3.3e-06 | 22.4s
  Fold 1 | Ep   2/50 | t_loss=0.1701 t_acc=0.642 | v_win_bal=0.598 v_rec_bal=0.595 | lr=6.7e-06 | 20.2s
  Fold 1 | Ep   3/50 | t_loss=0.1569 t_acc=0.693 | v_win_bal=0.546 v_rec_bal=0.452 | lr=1.0e-05 | 20.2s
  Fold 1 | Ep   4/50 | t_loss=0.1346 t_acc=0.736 | v_win_bal=0.510 v_rec_bal=0.488 | lr=1.0e-05 | 20.1s
  Fold 1 | Ep   5/50 | t_loss=0.1095 t_acc=0.792 | v_win_bal=0.479 v_rec_bal=0.393 | lr=1.0e-05 | 20.2s
  Fold 1 | Ep   6/50 | t_loss=0.0935 t_acc=0.831 | v_win_bal=0.483 v_rec_bal=0.536 | lr=9.9e-06 | 20.1s
  Fold 1 | Ep   7/50 | t_loss=0.0832 t_acc=0.851 | v_win_bal=0.477 v_rec_bal=0.524 | lr=9.8e-06 | 20.1s
  Fold 1 | Ep   8/50 | t_loss=0.0753 t_acc=0.866 | v_win_bal=0.469 v_rec_bal=0.524 | lr=9.7e-06 | 20.0s
  Fold 1 | Ep   9/50 | t_loss=0.0680 t_acc=0.876 | v_win_bal=0.470 v_rec_bal=0.452 | lr=9.6e-06 | 20.0s
  Fold 1 | Ep  10/50 | t_loss=0.0632 t_acc=0.894 | v_win_bal=0.457 v_rec_bal=0.524 | lr=9.5e-06 | 20.0s
  Fold 1 | Ep  11/50 | t_loss=0.0567 t_acc=0.904 | v_win_bal=0.471 v_rec_bal=0.524 | lr=9.3e-06 | 20.0s
  Fold 1 | Ep  12/50 | t_loss=0.0515 t_acc=0.915 | v_win_bal=0.467 v_rec_bal=0.464 | lr=9.1e-06 | 20.1s
  Fold 1 | Ep  13/50 | t_loss=0.0467 t_acc=0.925 | v_win_bal=0.462 v_rec_bal=0.393 | lr=8.9e-06 | 19.9s
  Fold 1 | Ep  14/50 | t_loss=0.0419 t_acc=0.936 | v_win_bal=0.466 v_rec_bal=0.524 | lr=8.7e-06 | 19.8s
  Fold 1 | Ep  15/50 | t_loss=0.0382 t_acc=0.945 | v_win_bal=0.478 v_rec_bal=0.524 | lr=8.5e-06 | 20.1s
  Fold 1 | Ep  16/50 | t_loss=0.0341 t_acc=0.953 | v_win_bal=0.474 v_rec_bal=0.524 | lr=8.2e-06 | 19.9s
  Early stop at epoch 16
  -> Test (best @ epoch 1): acc=0.2308, bal_acc=0.2143

============================================================
Fold 2/5
============================================================
  Train:  39 samples, 39 subjects [2, 3, 5, 6, 8, 9, 10, 11, 12, 14, 15, 16, 17, 18, 20, 21, 30, 31, 33, 34, 35, 36, 37, 40, 41, 43, 44, 46, 47, 48, 50, 51, 52, 53, 57, 59, 60, 64, 65], label_0=18, label_1=21
    Val:  13 samples, 13 subjects [1, 4, 7, 23, 27, 28, 32, 39, 54, 55, 58, 62, 63], label_0=6, label_1=7
   Test:  13 samples, 13 subjects [13, 19, 22, 24, 25, 26, 29, 38, 42, 45, 49, 56, 61], label_0=5, label_1=8
  Building window datasets...
    WindowDataset: 16508 windows (class_0=3107, class_1=13401)
    WindowDataset: 2084 windows (class_0=1004, class_1=1080)
    WindowDataset: 2178 windows (class_0=851, class_1=1327)
[LaBraM] Loaded 219/221 params from weights/labram-base/model.safetensors
[LaBraM] Missing: ['fc_norm.weight', 'fc_norm.bias']
  Fold 2 | Ep   1/50 | t_loss=0.1736 t_acc=0.732 | v_win_bal=0.461 v_rec_bal=0.452 | lr=3.3e-06 | 20.1s
  Fold 2 | Ep   2/50 | t_loss=0.1669 t_acc=0.652 | v_win_bal=0.410 v_rec_bal=0.286 | lr=6.7e-06 | 20.3s
  Fold 2 | Ep   3/50 | t_loss=0.1463 t_acc=0.715 | v_win_bal=0.397 v_rec_bal=0.476 | lr=1.0e-05 | 20.7s
  Fold 2 | Ep   4/50 | t_loss=0.1026 t_acc=0.808 | v_win_bal=0.413 v_rec_bal=0.488 | lr=1.0e-05 | 20.5s
  Fold 2 | Ep   5/50 | t_loss=0.0821 t_acc=0.838 | v_win_bal=0.409 v_rec_bal=0.393 | lr=1.0e-05 | 20.5s
  Fold 2 | Ep   6/50 | t_loss=0.0746 t_acc=0.855 | v_win_bal=0.426 v_rec_bal=0.476 | lr=9.9e-06 | 20.4s
  Fold 2 | Ep   7/50 | t_loss=0.0697 t_acc=0.868 | v_win_bal=0.420 v_rec_bal=0.393 | lr=9.8e-06 | 20.4s
  Fold 2 | Ep   8/50 | t_loss=0.0659 t_acc=0.880 | v_win_bal=0.423 v_rec_bal=0.310 | lr=9.7e-06 | 20.4s
  Fold 2 | Ep   9/50 | t_loss=0.0610 t_acc=0.890 | v_win_bal=0.433 v_rec_bal=0.393 | lr=9.6e-06 | 20.4s
  Fold 2 | Ep  10/50 | t_loss=0.0572 t_acc=0.901 | v_win_bal=0.424 v_rec_bal=0.393 | lr=9.5e-06 | 20.3s
  Fold 2 | Ep  11/50 | t_loss=0.0523 t_acc=0.910 | v_win_bal=0.424 v_rec_bal=0.310 | lr=9.3e-06 | 20.4s
  Fold 2 | Ep  12/50 | t_loss=0.0477 t_acc=0.918 | v_win_bal=0.450 v_rec_bal=0.464 | lr=9.1e-06 | 20.3s
  Fold 2 | Ep  13/50 | t_loss=0.0438 t_acc=0.928 | v_win_bal=0.457 v_rec_bal=0.393 | lr=8.9e-06 | 20.2s
  Fold 2 | Ep  14/50 | t_loss=0.0398 t_acc=0.934 | v_win_bal=0.447 v_rec_bal=0.393 | lr=8.7e-06 | 20.2s
  Fold 2 | Ep  15/50 | t_loss=0.0369 t_acc=0.943 | v_win_bal=0.454 v_rec_bal=0.393 | lr=8.5e-06 | 20.2s
  Fold 2 | Ep  16/50 | t_loss=0.0337 t_acc=0.948 | v_win_bal=0.450 v_rec_bal=0.381 | lr=8.2e-06 | 20.7s
  Fold 2 | Ep  17/50 | t_loss=0.0300 t_acc=0.955 | v_win_bal=0.460 v_rec_bal=0.464 | lr=8.0e-06 | 20.2s
  Fold 2 | Ep  18/50 | t_loss=0.0274 t_acc=0.961 | v_win_bal=0.490 v_rec_bal=0.452 | lr=7.7e-06 | 20.3s
  Fold 2 | Ep  19/50 | t_loss=0.0240 t_acc=0.966 | v_win_bal=0.483 v_rec_bal=0.381 | lr=7.4e-06 | 20.2s
  Fold 2 | Ep  20/50 | t_loss=0.0231 t_acc=0.969 | v_win_bal=0.509 v_rec_bal=0.452 | lr=7.1e-06 | 20.2s
  Early stop at epoch 20
  -> Test (best @ epoch 4): acc=0.3077, bal_acc=0.4000

============================================================
Fold 3/5
============================================================
  Train:  39 samples, 39 subjects [2, 3, 4, 5, 6, 8, 9, 10, 11, 16, 17, 19, 20, 21, 22, 23, 24, 26, 27, 31, 32, 33, 35, 37, 38, 41, 43, 44, 45, 46, 48, 52, 56, 57, 59, 60, 61, 62, 64], label_0=17, label_1=22
    Val:  13 samples, 13 subjects [13, 25, 28, 29, 34, 40, 42, 47, 49, 53, 54, 55, 58], label_0=6, label_1=7
   Test:  13 samples, 13 subjects [1, 7, 12, 14, 15, 18, 30, 36, 39, 50, 51, 63, 65], label_0=6, label_1=7
  Building window datasets...
    WindowDataset: 16823 windows (class_0=2985, class_1=13838)
    WindowDataset: 2172 windows (class_0=982, class_1=1190)
    WindowDataset: 2102 windows (class_0=995, class_1=1107)
[LaBraM] Loaded 219/221 params from weights/labram-base/model.safetensors
[LaBraM] Missing: ['fc_norm.weight', 'fc_norm.bias']
  Fold 3 | Ep   1/50 | t_loss=0.1736 t_acc=0.568 | v_win_bal=0.498 v_rec_bal=0.512 | lr=3.3e-06 | 21.3s
  Fold 3 | Ep   2/50 | t_loss=0.1674 t_acc=0.670 | v_win_bal=0.518 v_rec_bal=0.440 | lr=6.7e-06 | 20.6s
  Fold 3 | Ep   3/50 | t_loss=0.1483 t_acc=0.727 | v_win_bal=0.537 v_rec_bal=0.619 | lr=1.0e-05 | 20.7s
  Fold 3 | Ep   4/50 | t_loss=0.1071 t_acc=0.812 | v_win_bal=0.564 v_rec_bal=0.571 | lr=1.0e-05 | 20.6s
  Fold 3 | Ep   5/50 | t_loss=0.0804 t_acc=0.856 | v_win_bal=0.551 v_rec_bal=0.571 | lr=1.0e-05 | 20.8s
  Fold 3 | Ep   6/50 | t_loss=0.0692 t_acc=0.874 | v_win_bal=0.562 v_rec_bal=0.714 | lr=9.9e-06 | 20.7s
  Fold 3 | Ep   7/50 | t_loss=0.0627 t_acc=0.891 | v_win_bal=0.541 v_rec_bal=0.571 | lr=9.8e-06 | 20.7s
  Fold 3 | Ep   8/50 | t_loss=0.0562 t_acc=0.901 | v_win_bal=0.526 v_rec_bal=0.548 | lr=9.7e-06 | 21.1s
  Fold 3 | Ep   9/50 | t_loss=0.0518 t_acc=0.914 | v_win_bal=0.539 v_rec_bal=0.631 | lr=9.6e-06 | 20.6s
  Fold 3 | Ep  10/50 | t_loss=0.0469 t_acc=0.926 | v_win_bal=0.534 v_rec_bal=0.607 | lr=9.5e-06 | 20.7s
  Fold 3 | Ep  11/50 | t_loss=0.0417 t_acc=0.938 | v_win_bal=0.531 v_rec_bal=0.548 | lr=9.3e-06 | 20.5s
  Fold 3 | Ep  12/50 | t_loss=0.0386 t_acc=0.946 | v_win_bal=0.533 v_rec_bal=0.548 | lr=9.1e-06 | 20.4s
  Fold 3 | Ep  13/50 | t_loss=0.0346 t_acc=0.951 | v_win_bal=0.541 v_rec_bal=0.631 | lr=8.9e-06 | 20.9s
  Fold 3 | Ep  14/50 | t_loss=0.0308 t_acc=0.959 | v_win_bal=0.520 v_rec_bal=0.536 | lr=8.7e-06 | 20.5s
  Fold 3 | Ep  15/50 | t_loss=0.0278 t_acc=0.965 | v_win_bal=0.532 v_rec_bal=0.619 | lr=8.5e-06 | 20.6s
  Fold 3 | Ep  16/50 | t_loss=0.0239 t_acc=0.970 | v_win_bal=0.537 v_rec_bal=0.702 | lr=8.2e-06 | 20.5s
  Fold 3 | Ep  17/50 | t_loss=0.0214 t_acc=0.976 | v_win_bal=0.528 v_rec_bal=0.619 | lr=8.0e-06 | 20.5s
  Fold 3 | Ep  18/50 | t_loss=0.0183 t_acc=0.981 | v_win_bal=0.540 v_rec_bal=0.619 | lr=7.7e-06 | 20.4s
  Fold 3 | Ep  19/50 | t_loss=0.0175 t_acc=0.982 | v_win_bal=0.517 v_rec_bal=0.524 | lr=7.4e-06 | 20.5s
  Fold 3 | Ep  20/50 | t_loss=0.0152 t_acc=0.986 | v_win_bal=0.535 v_rec_bal=0.536 | lr=7.1e-06 | 20.5s
  Fold 3 | Ep  21/50 | t_loss=0.0132 t_acc=0.989 | v_win_bal=0.531 v_rec_bal=0.536 | lr=6.8e-06 | 20.4s
  Fold 3 | Ep  22/50 | t_loss=0.0111 t_acc=0.991 | v_win_bal=0.520 v_rec_bal=0.524 | lr=6.5e-06 | 20.5s
  Fold 3 | Ep  23/50 | t_loss=0.0095 t_acc=0.993 | v_win_bal=0.528 v_rec_bal=0.619 | lr=6.2e-06 | 20.6s
  Fold 3 | Ep  24/50 | t_loss=0.0086 t_acc=0.994 | v_win_bal=0.518 v_rec_bal=0.524 | lr=5.8e-06 | 20.7s
  Fold 3 | Ep  25/50 | t_loss=0.0075 t_acc=0.995 | v_win_bal=0.531 v_rec_bal=0.524 | lr=5.5e-06 | 20.6s
  Fold 3 | Ep  26/50 | t_loss=0.0048 t_acc=0.996 | v_win_bal=0.520 v_rec_bal=0.524 | lr=5.2e-06 | 20.8s
  Fold 3 | Ep  27/50 | t_loss=0.0045 t_acc=0.997 | v_win_bal=0.524 v_rec_bal=0.524 | lr=4.8e-06 | 20.5s
  Fold 3 | Ep  28/50 | t_loss=0.0036 t_acc=0.998 | v_win_bal=0.531 v_rec_bal=0.524 | lr=4.5e-06 | 20.6s
  Fold 3 | Ep  29/50 | t_loss=0.0029 t_acc=0.998 | v_win_bal=0.527 v_rec_bal=0.524 | lr=4.2e-06 | 20.5s
  Fold 3 | Ep  30/50 | t_loss=0.0023 t_acc=0.999 | v_win_bal=0.523 v_rec_bal=0.524 | lr=3.8e-06 | 20.5s
  Fold 3 | Ep  31/50 | t_loss=0.0018 t_acc=0.999 | v_win_bal=0.535 v_rec_bal=0.536 | lr=3.5e-06 | 20.6s
  Fold 3 | Ep  32/50 | t_loss=0.0015 t_acc=0.999 | v_win_bal=0.528 v_rec_bal=0.524 | lr=3.2e-06 | 20.7s
  Early stop at epoch 32
  -> Test (best @ epoch 6): acc=0.3846, bal_acc=0.4048

============================================================
Fold 4/5
============================================================
  Train:  39 samples, 39 subjects [1, 2, 4, 5, 6, 10, 11, 12, 13, 14, 15, 18, 21, 22, 25, 27, 29, 30, 31, 32, 34, 36, 38, 40, 42, 43, 44, 47, 49, 50, 51, 53, 54, 56, 58, 61, 62, 63, 65], label_0=17, label_1=22
    Val:  13 samples, 13 subjects [7, 9, 19, 20, 23, 24, 26, 28, 37, 39, 45, 48, 57], label_0=6, label_1=7
   Test:  13 samples, 13 subjects [3, 8, 16, 17, 33, 35, 41, 46, 52, 55, 59, 60, 64], label_0=6, label_1=7
  Building window datasets...
    WindowDataset: 17220 windows (class_0=3002, class_1=14218)
    WindowDataset: 2164 windows (class_0=1035, class_1=1129)
    WindowDataset: 1998 windows (class_0=925, class_1=1073)
[LaBraM] Loaded 219/221 params from weights/labram-base/model.safetensors
[LaBraM] Missing: ['fc_norm.weight', 'fc_norm.bias']
  Fold 4 | Ep   1/50 | t_loss=0.1754 t_acc=0.764 | v_win_bal=0.487 v_rec_bal=0.500 | lr=3.3e-06 | 21.1s
  Fold 4 | Ep   2/50 | t_loss=0.1675 t_acc=0.713 | v_win_bal=0.450 v_rec_bal=0.286 | lr=6.7e-06 | 21.1s
  Fold 4 | Ep   3/50 | t_loss=0.1420 t_acc=0.746 | v_win_bal=0.467 v_rec_bal=0.333 | lr=1.0e-05 | 21.2s
  Fold 4 | Ep   4/50 | t_loss=0.0922 t_acc=0.835 | v_win_bal=0.452 v_rec_bal=0.333 | lr=1.0e-05 | 21.2s
  Fold 4 | Ep   5/50 | t_loss=0.0720 t_acc=0.875 | v_win_bal=0.453 v_rec_bal=0.417 | lr=1.0e-05 | 21.2s
  Fold 4 | Ep   6/50 | t_loss=0.0617 t_acc=0.895 | v_win_bal=0.460 v_rec_bal=0.417 | lr=9.9e-06 | 21.2s
  Fold 4 | Ep   7/50 | t_loss=0.0546 t_acc=0.910 | v_win_bal=0.463 v_rec_bal=0.476 | lr=9.8e-06 | 21.5s
  Fold 4 | Ep   8/50 | t_loss=0.0489 t_acc=0.924 | v_win_bal=0.456 v_rec_bal=0.417 | lr=9.7e-06 | 21.2s
  Fold 4 | Ep   9/50 | t_loss=0.0427 t_acc=0.935 | v_win_bal=0.451 v_rec_bal=0.417 | lr=9.6e-06 | 21.3s
  Fold 4 | Ep  10/50 | t_loss=0.0386 t_acc=0.945 | v_win_bal=0.448 v_rec_bal=0.464 | lr=9.5e-06 | 21.2s
  Fold 4 | Ep  11/50 | t_loss=0.0348 t_acc=0.955 | v_win_bal=0.471 v_rec_bal=0.464 | lr=9.3e-06 | 21.1s
  Fold 4 | Ep  12/50 | t_loss=0.0307 t_acc=0.962 | v_win_bal=0.458 v_rec_bal=0.476 | lr=9.1e-06 | 21.2s
  Fold 4 | Ep  13/50 | t_loss=0.0263 t_acc=0.969 | v_win_bal=0.462 v_rec_bal=0.464 | lr=8.9e-06 | 21.1s
  Fold 4 | Ep  14/50 | t_loss=0.0236 t_acc=0.974 | v_win_bal=0.448 v_rec_bal=0.464 | lr=8.7e-06 | 21.2s
  Fold 4 | Ep  15/50 | t_loss=0.0203 t_acc=0.978 | v_win_bal=0.462 v_rec_bal=0.464 | lr=8.5e-06 | 21.1s
  Fold 4 | Ep  16/50 | t_loss=0.0191 t_acc=0.983 | v_win_bal=0.436 v_rec_bal=0.405 | lr=8.2e-06 | 21.1s
  Early stop at epoch 16
  -> Test (best @ epoch 1): acc=0.4615, bal_acc=0.4286

============================================================
Fold 5/5
============================================================
  Train:  39 samples, 39 subjects [1, 2, 5, 8, 12, 13, 14, 15, 16, 17, 18, 19, 22, 23, 25, 26, 27, 29, 32, 35, 36, 38, 39, 40, 41, 42, 43, 45, 46, 51, 54, 55, 56, 59, 61, 62, 63, 64, 65], label_0=18, label_1=21
    Val:  13 samples, 13 subjects [3, 4, 7, 20, 24, 30, 33, 34, 47, 49, 50, 52, 60], label_0=5, label_1=8
   Test:  13 samples, 13 subjects [6, 9, 10, 11, 21, 28, 31, 37, 44, 48, 53, 57, 58], label_0=6, label_1=7
  Building window datasets...
    WindowDataset: 17158 windows (class_0=3033, class_1=14125)
    WindowDataset: 1911 windows (class_0=780, class_1=1131)
    WindowDataset: 2244 windows (class_0=1149, class_1=1095)
[LaBraM] Loaded 219/221 params from weights/labram-base/model.safetensors
[LaBraM] Missing: ['fc_norm.weight', 'fc_norm.bias']
  Fold 5 | Ep   1/50 | t_loss=0.1794 t_acc=0.345 | v_win_bal=0.485 v_rec_bal=0.375 | lr=3.3e-06 | 20.9s
  Fold 5 | Ep   2/50 | t_loss=0.1683 t_acc=0.652 | v_win_bal=0.464 v_rec_bal=0.375 | lr=6.7e-06 | 21.0s
  Fold 5 | Ep   3/50 | t_loss=0.1448 t_acc=0.739 | v_win_bal=0.458 v_rec_bal=0.350 | lr=1.0e-05 | 20.9s
  Fold 5 | Ep   4/50 | t_loss=0.0940 t_acc=0.838 | v_win_bal=0.444 v_rec_bal=0.388 | lr=1.0e-05 | 20.9s
  Fold 5 | Ep   5/50 | t_loss=0.0707 t_acc=0.878 | v_win_bal=0.448 v_rec_bal=0.325 | lr=1.0e-05 | 20.9s
  Fold 5 | Ep   6/50 | t_loss=0.0607 t_acc=0.897 | v_win_bal=0.432 v_rec_bal=0.287 | lr=9.9e-06 | 21.1s
  Fold 5 | Ep   7/50 | t_loss=0.0543 t_acc=0.914 | v_win_bal=0.438 v_rec_bal=0.287 | lr=9.8e-06 | 20.9s
  Fold 5 | Ep   8/50 | t_loss=0.0487 t_acc=0.926 | v_win_bal=0.442 v_rec_bal=0.287 | lr=9.7e-06 | 20.8s
  Fold 5 | Ep   9/50 | t_loss=0.0432 t_acc=0.937 | v_win_bal=0.432 v_rec_bal=0.287 | lr=9.6e-06 | 20.9s
  Fold 5 | Ep  10/50 | t_loss=0.0383 t_acc=0.946 | v_win_bal=0.441 v_rec_bal=0.287 | lr=9.5e-06 | 20.9s
  Fold 5 | Ep  11/50 | t_loss=0.0336 t_acc=0.952 | v_win_bal=0.439 v_rec_bal=0.287 | lr=9.3e-06 | 21.0s
  Fold 5 | Ep  12/50 | t_loss=0.0303 t_acc=0.962 | v_win_bal=0.433 v_rec_bal=0.287 | lr=9.1e-06 | 20.8s
  Fold 5 | Ep  13/50 | t_loss=0.0272 t_acc=0.966 | v_win_bal=0.433 v_rec_bal=0.350 | lr=8.9e-06 | 20.8s
  Fold 5 | Ep  14/50 | t_loss=0.0235 t_acc=0.973 | v_win_bal=0.442 v_rec_bal=0.350 | lr=8.7e-06 | 20.9s
  Fold 5 | Ep  15/50 | t_loss=0.0191 t_acc=0.979 | v_win_bal=0.449 v_rec_bal=0.350 | lr=8.5e-06 | 21.0s
  Fold 5 | Ep  16/50 | t_loss=0.0169 t_acc=0.983 | v_win_bal=0.432 v_rec_bal=0.350 | lr=8.2e-06 | 20.9s
  Early stop at epoch 16
  -> Test (best @ epoch 4): acc=0.1538, bal_acc=0.1667

============================================================
Global Results (5-Fold, subject-level CV)
Mode: FT | Extractor: labram | Loss: focal
============================================================
              acc: 0.3077
          bal_acc: 0.3113
               f1: 0.3077
            kappa: -0.3687
  Total predictions: 65 (should equal dataset size: 65)

Results saved to results/studies/exp27_paired_null/adftd/perm_s19/
