/raid/jupyter-linjimmy1003.md10/.conda/envs/stress/lib/python3.11/site-packages/timm/models/layers/__init__.py:49: FutureWarning: Importing from timm.models.layers is deprecated, please import via timm.layers
  warnings.warn(f"Importing from {__name__} is deprecated, please import via timm.layers", FutureWarning)
Mode: FT | Extractor: labram | Folds: 5
LR: 1e-05 | WD: 0.05 | Beta2: 0.999 | Grad clip: 2.0
Head: hidden=128, dropout=0.0 | Norm: zscore | Loss: focal
Full FT: encoder_lr_scale=0.1
Augmentation: 75% overlap for increase class

Results → results/studies/exp27_paired_null/adftd/perm_s11/
ADFTD: 65 recordings from 65 subjects (AD=36, HC=29)
ADFTD: 65 recordings, 65 subjects (AD=36, HC=29)
[permute-labels] Subject-level shuffle with rng seed 11 over 65 subjects. Class balance preserved: 36 pos / 29 neg

============================================================
Fold 1/5
============================================================
  Train:  39 samples, 39 subjects [2, 3, 4, 6, 7, 9, 10, 11, 12, 13, 14, 16, 19, 20, 21, 22, 24, 25, 28, 29, 31, 32, 33, 35, 36, 37, 38, 39, 41, 42, 44, 46, 47, 49, 55, 57, 58, 59, 64], label_0=17, label_1=22
    Val:  13 samples, 13 subjects [1, 8, 15, 26, 30, 45, 48, 51, 52, 53, 61, 62, 65], label_0=6, label_1=7
   Test:  13 samples, 13 subjects [5, 17, 18, 23, 27, 34, 40, 43, 50, 54, 56, 60, 63], label_0=6, label_1=7
  Building window datasets...
    WindowDataset: 16652 windows (class_0=2962, class_1=13690)
    WindowDataset: 2115 windows (class_0=1004, class_1=1111)
    WindowDataset: 2219 windows (class_0=1005, class_1=1214)
[LaBraM] Loaded 219/221 params from weights/labram-base/model.safetensors
[LaBraM] Missing: ['fc_norm.weight', 'fc_norm.bias']
  Trainable parameters: 5,871,779
  Class weights: [2.810938596725464, 0.6081811785697937]
  Fold 1 | Ep   1/50 | t_loss=0.1849 t_acc=0.322 | v_win_bal=0.495 v_rec_bal=0.512 | lr=3.3e-06 | 22.2s
  Fold 1 | Ep   2/50 | t_loss=0.1668 t_acc=0.683 | v_win_bal=0.495 v_rec_bal=0.524 | lr=6.7e-06 | 19.8s
  Fold 1 | Ep   3/50 | t_loss=0.1544 t_acc=0.713 | v_win_bal=0.493 v_rec_bal=0.536 | lr=1.0e-05 | 19.8s
  Fold 1 | Ep   4/50 | t_loss=0.1309 t_acc=0.758 | v_win_bal=0.477 v_rec_bal=0.464 | lr=1.0e-05 | 20.2s
  Fold 1 | Ep   5/50 | t_loss=0.0974 t_acc=0.829 | v_win_bal=0.488 v_rec_bal=0.476 | lr=1.0e-05 | 19.8s
  Fold 1 | Ep   6/50 | t_loss=0.0768 t_acc=0.865 | v_win_bal=0.479 v_rec_bal=0.488 | lr=9.9e-06 | 20.4s
  Fold 1 | Ep   7/50 | t_loss=0.0644 t_acc=0.891 | v_win_bal=0.495 v_rec_bal=0.560 | lr=9.8e-06 | 19.8s
  Fold 1 | Ep   8/50 | t_loss=0.0554 t_acc=0.910 | v_win_bal=0.517 v_rec_bal=0.488 | lr=9.7e-06 | 19.9s
  Fold 1 | Ep   9/50 | t_loss=0.0483 t_acc=0.924 | v_win_bal=0.501 v_rec_bal=0.548 | lr=9.6e-06 | 20.9s
  Fold 1 | Ep  10/50 | t_loss=0.0418 t_acc=0.936 | v_win_bal=0.510 v_rec_bal=0.488 | lr=9.5e-06 | 19.9s
  Fold 1 | Ep  11/50 | t_loss=0.0364 t_acc=0.945 | v_win_bal=0.524 v_rec_bal=0.690 | lr=9.3e-06 | 19.9s
  Fold 1 | Ep  12/50 | t_loss=0.0319 t_acc=0.954 | v_win_bal=0.523 v_rec_bal=0.607 | lr=9.1e-06 | 20.0s
  Fold 1 | Ep  13/50 | t_loss=0.0274 t_acc=0.964 | v_win_bal=0.507 v_rec_bal=0.607 | lr=8.9e-06 | 20.3s
  Fold 1 | Ep  14/50 | t_loss=0.0229 t_acc=0.971 | v_win_bal=0.519 v_rec_bal=0.607 | lr=8.7e-06 | 19.9s
  Fold 1 | Ep  15/50 | t_loss=0.0190 t_acc=0.976 | v_win_bal=0.517 v_rec_bal=0.619 | lr=8.5e-06 | 20.4s
  Fold 1 | Ep  16/50 | t_loss=0.0163 t_acc=0.979 | v_win_bal=0.508 v_rec_bal=0.607 | lr=8.2e-06 | 20.4s
  Fold 1 | Ep  17/50 | t_loss=0.0143 t_acc=0.984 | v_win_bal=0.517 v_rec_bal=0.619 | lr=8.0e-06 | 19.9s
  Fold 1 | Ep  18/50 | t_loss=0.0110 t_acc=0.988 | v_win_bal=0.506 v_rec_bal=0.536 | lr=7.7e-06 | 19.9s
  Fold 1 | Ep  19/50 | t_loss=0.0094 t_acc=0.991 | v_win_bal=0.501 v_rec_bal=0.524 | lr=7.4e-06 | 19.8s
  Fold 1 | Ep  20/50 | t_loss=0.0070 t_acc=0.993 | v_win_bal=0.507 v_rec_bal=0.619 | lr=7.1e-06 | 19.8s
  Fold 1 | Ep  21/50 | t_loss=0.0051 t_acc=0.996 | v_win_bal=0.505 v_rec_bal=0.595 | lr=6.8e-06 | 19.7s
  Fold 1 | Ep  22/50 | t_loss=0.0037 t_acc=0.997 | v_win_bal=0.492 v_rec_bal=0.524 | lr=6.5e-06 | 19.8s
  Fold 1 | Ep  23/50 | t_loss=0.0031 t_acc=0.998 | v_win_bal=0.503 v_rec_bal=0.536 | lr=6.2e-06 | 19.7s
  Fold 1 | Ep  24/50 | t_loss=0.0018 t_acc=0.998 | v_win_bal=0.506 v_rec_bal=0.524 | lr=5.8e-06 | 19.8s
  Fold 1 | Ep  25/50 | t_loss=0.0014 t_acc=0.999 | v_win_bal=0.500 v_rec_bal=0.536 | lr=5.5e-06 | 19.6s
  Fold 1 | Ep  26/50 | t_loss=0.0005 t_acc=1.000 | v_win_bal=0.493 v_rec_bal=0.524 | lr=5.2e-06 | 19.9s
  Fold 1 | Ep  27/50 | t_loss=0.0003 t_acc=1.000 | v_win_bal=0.497 v_rec_bal=0.524 | lr=4.8e-06 | 19.5s
  Fold 1 | Ep  28/50 | t_loss=0.0002 t_acc=1.000 | v_win_bal=0.498 v_rec_bal=0.536 | lr=4.5e-06 | 19.6s
  Early stop at epoch 28
  -> Test (best @ epoch 11): acc=0.6923, bal_acc=0.6905

============================================================
Fold 2/5
============================================================
  Train:  39 samples, 39 subjects [1, 3, 7, 8, 10, 11, 12, 13, 14, 15, 16, 17, 18, 19, 20, 22, 23, 24, 26, 28, 30, 31, 33, 34, 35, 38, 39, 40, 41, 43, 44, 45, 46, 50, 55, 57, 60, 64, 65], label_0=17, label_1=22
    Val:  13 samples, 13 subjects [5, 6, 9, 21, 27, 37, 48, 51, 52, 53, 54, 56, 63], label_0=6, label_1=7
   Test:  13 samples, 13 subjects [2, 4, 25, 29, 32, 36, 42, 47, 49, 58, 59, 61, 62], label_0=6, label_1=7
  Building window datasets...
    WindowDataset: 17373 windows (class_0=2927, class_1=14446)
    WindowDataset: 2090 windows (class_0=1034, class_1=1056)
    WindowDataset: 2090 windows (class_0=1010, class_1=1080)
[LaBraM] Loaded 219/221 params from weights/labram-base/model.safetensors
[LaBraM] Missing: ['fc_norm.weight', 'fc_norm.bias']
  Fold 2 | Ep   1/50 | t_loss=0.2121 t_acc=0.235 | v_win_bal=0.417 v_rec_bal=0.167 | lr=3.3e-06 | 21.5s
  Fold 2 | Ep   2/50 | t_loss=0.1712 t_acc=0.662 | v_win_bal=0.423 v_rec_bal=0.440 | lr=6.7e-06 | 21.2s
  Fold 2 | Ep   3/50 | t_loss=0.1566 t_acc=0.706 | v_win_bal=0.503 v_rec_bal=0.488 | lr=1.0e-05 | 21.1s
  Fold 2 | Ep   4/50 | t_loss=0.1047 t_acc=0.803 | v_win_bal=0.482 v_rec_bal=0.500 | lr=1.0e-05 | 21.6s
  Fold 2 | Ep   5/50 | t_loss=0.0842 t_acc=0.837 | v_win_bal=0.458 v_rec_bal=0.405 | lr=1.0e-05 | 21.1s
  Fold 2 | Ep   6/50 | t_loss=0.0736 t_acc=0.867 | v_win_bal=0.455 v_rec_bal=0.405 | lr=9.9e-06 | 21.1s
  Fold 2 | Ep   7/50 | t_loss=0.0658 t_acc=0.891 | v_win_bal=0.467 v_rec_bal=0.476 | lr=9.8e-06 | 21.1s
  Fold 2 | Ep   8/50 | t_loss=0.0593 t_acc=0.902 | v_win_bal=0.464 v_rec_bal=0.476 | lr=9.7e-06 | 21.1s
  Fold 2 | Ep   9/50 | t_loss=0.0555 t_acc=0.913 | v_win_bal=0.459 v_rec_bal=0.548 | lr=9.6e-06 | 21.0s
  Fold 2 | Ep  10/50 | t_loss=0.0504 t_acc=0.924 | v_win_bal=0.442 v_rec_bal=0.464 | lr=9.5e-06 | 21.6s
  Fold 2 | Ep  11/50 | t_loss=0.0453 t_acc=0.935 | v_win_bal=0.457 v_rec_bal=0.548 | lr=9.3e-06 | 21.2s
  Fold 2 | Ep  12/50 | t_loss=0.0420 t_acc=0.941 | v_win_bal=0.450 v_rec_bal=0.464 | lr=9.1e-06 | 21.5s
  Fold 2 | Ep  13/50 | t_loss=0.0364 t_acc=0.950 | v_win_bal=0.440 v_rec_bal=0.464 | lr=8.9e-06 | 21.4s
  Fold 2 | Ep  14/50 | t_loss=0.0341 t_acc=0.956 | v_win_bal=0.446 v_rec_bal=0.464 | lr=8.7e-06 | 21.2s
  Fold 2 | Ep  15/50 | t_loss=0.0314 t_acc=0.961 | v_win_bal=0.441 v_rec_bal=0.464 | lr=8.5e-06 | 22.3s
  Fold 2 | Ep  16/50 | t_loss=0.0268 t_acc=0.968 | v_win_bal=0.448 v_rec_bal=0.464 | lr=8.2e-06 | 21.3s
  Fold 2 | Ep  17/50 | t_loss=0.0256 t_acc=0.972 | v_win_bal=0.449 v_rec_bal=0.464 | lr=8.0e-06 | 21.7s
  Fold 2 | Ep  18/50 | t_loss=0.0220 t_acc=0.975 | v_win_bal=0.441 v_rec_bal=0.381 | lr=7.7e-06 | 21.3s
  Fold 2 | Ep  19/50 | t_loss=0.0204 t_acc=0.979 | v_win_bal=0.461 v_rec_bal=0.464 | lr=7.4e-06 | 21.3s
  Fold 2 | Ep  20/50 | t_loss=0.0163 t_acc=0.983 | v_win_bal=0.461 v_rec_bal=0.464 | lr=7.1e-06 | 21.6s
  Fold 2 | Ep  21/50 | t_loss=0.0154 t_acc=0.986 | v_win_bal=0.455 v_rec_bal=0.381 | lr=6.8e-06 | 21.2s
  Fold 2 | Ep  22/50 | t_loss=0.0134 t_acc=0.989 | v_win_bal=0.457 v_rec_bal=0.464 | lr=6.5e-06 | 21.2s
  Fold 2 | Ep  23/50 | t_loss=0.0100 t_acc=0.990 | v_win_bal=0.456 v_rec_bal=0.464 | lr=6.2e-06 | 21.2s
  Fold 2 | Ep  24/50 | t_loss=0.0083 t_acc=0.992 | v_win_bal=0.454 v_rec_bal=0.381 | lr=5.8e-06 | 21.2s
  Fold 2 | Ep  25/50 | t_loss=0.0071 t_acc=0.993 | v_win_bal=0.462 v_rec_bal=0.464 | lr=5.5e-06 | 21.2s
  Fold 2 | Ep  26/50 | t_loss=0.0073 t_acc=0.995 | v_win_bal=0.464 v_rec_bal=0.464 | lr=5.2e-06 | 21.3s
  Early stop at epoch 26
  -> Test (best @ epoch 9): acc=0.3077, bal_acc=0.3214

============================================================
Fold 3/5
============================================================
  Train:  39 samples, 39 subjects [1, 2, 4, 6, 8, 11, 12, 13, 14, 15, 17, 18, 19, 20, 21, 22, 23, 26, 28, 29, 30, 31, 32, 33, 37, 40, 42, 43, 44, 45, 47, 49, 50, 51, 53, 54, 58, 60, 63], label_0=18, label_1=21
    Val:  13 samples, 13 subjects [5, 9, 25, 27, 34, 35, 36, 55, 56, 59, 61, 62, 64], label_0=6, label_1=7
   Test:  13 samples, 13 subjects [3, 7, 10, 16, 24, 38, 39, 41, 46, 48, 52, 57, 65], label_0=5, label_1=8
  Building window datasets...
    WindowDataset: 16620 windows (class_0=3019, class_1=13601)
    WindowDataset: 2112 windows (class_0=1008, class_1=1104)
    WindowDataset: 2188 windows (class_0=944, class_1=1244)
[LaBraM] Loaded 219/221 params from weights/labram-base/model.safetensors
[LaBraM] Missing: ['fc_norm.weight', 'fc_norm.bias']
  Fold 3 | Ep   1/50 | t_loss=0.1795 t_acc=0.324 | v_win_bal=0.519 v_rec_bal=0.548 | lr=3.3e-06 | 20.4s
  Fold 3 | Ep   2/50 | t_loss=0.1645 t_acc=0.615 | v_win_bal=0.621 v_rec_bal=0.631 | lr=6.7e-06 | 20.2s
  Fold 3 | Ep   3/50 | t_loss=0.1368 t_acc=0.699 | v_win_bal=0.651 v_rec_bal=0.702 | lr=1.0e-05 | 20.3s
  Fold 3 | Ep   4/50 | t_loss=0.0849 t_acc=0.843 | v_win_bal=0.647 v_rec_bal=0.702 | lr=1.0e-05 | 20.2s
  Fold 3 | Ep   5/50 | t_loss=0.0698 t_acc=0.877 | v_win_bal=0.687 v_rec_bal=0.714 | lr=1.0e-05 | 20.6s
  Fold 3 | Ep   6/50 | t_loss=0.0647 t_acc=0.890 | v_win_bal=0.667 v_rec_bal=0.702 | lr=9.9e-06 | 20.2s
  Fold 3 | Ep   7/50 | t_loss=0.0567 t_acc=0.905 | v_win_bal=0.680 v_rec_bal=0.619 | lr=9.8e-06 | 20.6s
  Fold 3 | Ep   8/50 | t_loss=0.0510 t_acc=0.918 | v_win_bal=0.646 v_rec_bal=0.690 | lr=9.7e-06 | 20.3s
  Fold 3 | Ep   9/50 | t_loss=0.0476 t_acc=0.926 | v_win_bal=0.673 v_rec_bal=0.619 | lr=9.6e-06 | 20.7s
  Fold 3 | Ep  10/50 | t_loss=0.0428 t_acc=0.936 | v_win_bal=0.665 v_rec_bal=0.619 | lr=9.5e-06 | 20.2s
  Fold 3 | Ep  11/50 | t_loss=0.0400 t_acc=0.945 | v_win_bal=0.667 v_rec_bal=0.619 | lr=9.3e-06 | 20.3s
  Fold 3 | Ep  12/50 | t_loss=0.0360 t_acc=0.951 | v_win_bal=0.684 v_rec_bal=0.619 | lr=9.1e-06 | 20.3s
  Fold 3 | Ep  13/50 | t_loss=0.0328 t_acc=0.959 | v_win_bal=0.670 v_rec_bal=0.619 | lr=8.9e-06 | 20.3s
  Fold 3 | Ep  14/50 | t_loss=0.0284 t_acc=0.965 | v_win_bal=0.679 v_rec_bal=0.619 | lr=8.7e-06 | 20.2s
  Fold 3 | Ep  15/50 | t_loss=0.0267 t_acc=0.970 | v_win_bal=0.636 v_rec_bal=0.762 | lr=8.5e-06 | 20.3s
  Fold 3 | Ep  16/50 | t_loss=0.0234 t_acc=0.974 | v_win_bal=0.654 v_rec_bal=0.619 | lr=8.2e-06 | 20.4s
  Fold 3 | Ep  17/50 | t_loss=0.0224 t_acc=0.977 | v_win_bal=0.657 v_rec_bal=0.690 | lr=8.0e-06 | 20.9s
  Fold 3 | Ep  18/50 | t_loss=0.0184 t_acc=0.981 | v_win_bal=0.651 v_rec_bal=0.619 | lr=7.7e-06 | 20.5s
  Fold 3 | Ep  19/50 | t_loss=0.0185 t_acc=0.983 | v_win_bal=0.672 v_rec_bal=0.619 | lr=7.4e-06 | 20.8s
  Fold 3 | Ep  20/50 | t_loss=0.0151 t_acc=0.987 | v_win_bal=0.668 v_rec_bal=0.690 | lr=7.1e-06 | 20.7s
  Early stop at epoch 20
  -> Test (best @ epoch 15): acc=0.6154, bal_acc=0.5750

============================================================
Fold 4/5
============================================================
  Train:  39 samples, 39 subjects [1, 2, 5, 7, 8, 10, 11, 12, 13, 16, 17, 18, 19, 23, 24, 26, 27, 29, 32, 35, 36, 38, 39, 40, 42, 43, 44, 45, 46, 47, 49, 52, 57, 58, 60, 61, 62, 63, 65], label_0=17, label_1=22
    Val:  13 samples, 13 subjects [3, 4, 20, 25, 34, 37, 41, 48, 50, 53, 54, 56, 59], label_0=6, label_1=7
   Test:  13 samples, 13 subjects [6, 9, 14, 15, 21, 22, 28, 30, 31, 33, 51, 55, 64], label_0=6, label_1=7
  Building window datasets...
    WindowDataset: 17442 windows (class_0=2912, class_1=14530)
    WindowDataset: 2068 windows (class_0=1006, class_1=1062)
    WindowDataset: 2106 windows (class_0=1053, class_1=1053)
[LaBraM] Loaded 219/221 params from weights/labram-base/model.safetensors
[LaBraM] Missing: ['fc_norm.weight', 'fc_norm.bias']
  Fold 4 | Ep   1/50 | t_loss=0.1782 t_acc=0.333 | v_win_bal=0.444 v_rec_bal=0.452 | lr=3.3e-06 | 25.0s
  Fold 4 | Ep   2/50 | t_loss=0.1659 t_acc=0.657 | v_win_bal=0.583 v_rec_bal=0.643 | lr=6.7e-06 | 24.0s
  Fold 4 | Ep   3/50 | t_loss=0.1484 t_acc=0.681 | v_win_bal=0.565 v_rec_bal=0.643 | lr=1.0e-05 | 23.3s
  Fold 4 | Ep   4/50 | t_loss=0.0990 t_acc=0.811 | v_win_bal=0.583 v_rec_bal=0.571 | lr=1.0e-05 | 22.3s
  Fold 4 | Ep   5/50 | t_loss=0.0764 t_acc=0.855 | v_win_bal=0.571 v_rec_bal=0.571 | lr=1.0e-05 | 21.7s
  Fold 4 | Ep   6/50 | t_loss=0.0686 t_acc=0.876 | v_win_bal=0.539 v_rec_bal=0.560 | lr=9.9e-06 | 21.7s
  Fold 4 | Ep   7/50 | t_loss=0.0613 t_acc=0.894 | v_win_bal=0.576 v_rec_bal=0.571 | lr=9.8e-06 | 21.7s
  Fold 4 | Ep   8/50 | t_loss=0.0565 t_acc=0.906 | v_win_bal=0.562 v_rec_bal=0.571 | lr=9.7e-06 | 21.7s
  Fold 4 | Ep   9/50 | t_loss=0.0510 t_acc=0.919 | v_win_bal=0.558 v_rec_bal=0.571 | lr=9.6e-06 | 21.7s
  Fold 4 | Ep  10/50 | t_loss=0.0478 t_acc=0.927 | v_win_bal=0.544 v_rec_bal=0.488 | lr=9.5e-06 | 21.6s
  Fold 4 | Ep  11/50 | t_loss=0.0430 t_acc=0.936 | v_win_bal=0.555 v_rec_bal=0.488 | lr=9.3e-06 | 21.6s
  Fold 4 | Ep  12/50 | t_loss=0.0392 t_acc=0.946 | v_win_bal=0.540 v_rec_bal=0.488 | lr=9.1e-06 | 21.6s
  Fold 4 | Ep  13/50 | t_loss=0.0369 t_acc=0.952 | v_win_bal=0.474 v_rec_bal=0.452 | lr=8.9e-06 | 21.6s
  Fold 4 | Ep  14/50 | t_loss=0.0332 t_acc=0.958 | v_win_bal=0.533 v_rec_bal=0.560 | lr=8.7e-06 | 21.6s
  Fold 4 | Ep  15/50 | t_loss=0.0316 t_acc=0.963 | v_win_bal=0.529 v_rec_bal=0.548 | lr=8.5e-06 | 21.5s
  Fold 4 | Ep  16/50 | t_loss=0.0286 t_acc=0.967 | v_win_bal=0.525 v_rec_bal=0.381 | lr=8.2e-06 | 21.5s
  Fold 4 | Ep  17/50 | t_loss=0.0254 t_acc=0.973 | v_win_bal=0.516 v_rec_bal=0.452 | lr=8.0e-06 | 21.4s
  Fold 4 | Ep  18/50 | t_loss=0.0234 t_acc=0.977 | v_win_bal=0.523 v_rec_bal=0.393 | lr=7.7e-06 | 21.7s
  Fold 4 | Ep  19/50 | t_loss=0.0212 t_acc=0.980 | v_win_bal=0.518 v_rec_bal=0.452 | lr=7.4e-06 | 22.1s
  Early stop at epoch 19
  -> Test (best @ epoch 2): acc=0.6154, bal_acc=0.6429

============================================================
Fold 5/5
============================================================
  Train:  39 samples, 39 subjects [2, 3, 4, 6, 9, 10, 14, 15, 16, 17, 18, 21, 23, 24, 25, 27, 29, 31, 32, 34, 38, 39, 40, 42, 43, 46, 47, 48, 49, 50, 51, 52, 54, 55, 56, 57, 58, 61, 64], label_0=17, label_1=22
    Val:  13 samples, 13 subjects [5, 7, 22, 28, 30, 33, 36, 41, 59, 60, 62, 63, 65], label_0=6, label_1=7
   Test:  13 samples, 13 subjects [1, 8, 11, 12, 13, 19, 20, 26, 35, 37, 44, 45, 53], label_0=6, label_1=7
  Building window datasets...
    WindowDataset: 16943 windows (class_0=3045, class_1=13898)
    WindowDataset: 2067 windows (class_0=967, class_1=1100)
    WindowDataset: 2132 windows (class_0=959, class_1=1173)
[LaBraM] Loaded 219/221 params from weights/labram-base/model.safetensors
[LaBraM] Missing: ['fc_norm.weight', 'fc_norm.bias']
  Fold 5 | Ep   1/50 | t_loss=0.1820 t_acc=0.328 | v_win_bal=0.630 v_rec_bal=0.690 | lr=3.3e-06 | 20.7s
  Fold 5 | Ep   2/50 | t_loss=0.1630 t_acc=0.651 | v_win_bal=0.666 v_rec_bal=0.774 | lr=6.7e-06 | 20.8s
  Fold 5 | Ep   3/50 | t_loss=0.1306 t_acc=0.743 | v_win_bal=0.638 v_rec_bal=0.643 | lr=1.0e-05 | 20.7s
  Fold 5 | Ep   4/50 | t_loss=0.0901 t_acc=0.824 | v_win_bal=0.641 v_rec_bal=0.643 | lr=1.0e-05 | 21.2s
  Fold 5 | Ep   5/50 | t_loss=0.0775 t_acc=0.850 | v_win_bal=0.664 v_rec_bal=0.643 | lr=1.0e-05 | 20.8s
  Fold 5 | Ep   6/50 | t_loss=0.0686 t_acc=0.869 | v_win_bal=0.656 v_rec_bal=0.643 | lr=9.9e-06 | 20.7s
  Fold 5 | Ep   7/50 | t_loss=0.0620 t_acc=0.888 | v_win_bal=0.674 v_rec_bal=0.714 | lr=9.8e-06 | 20.8s
  Fold 5 | Ep   8/50 | t_loss=0.0556 t_acc=0.907 | v_win_bal=0.663 v_rec_bal=0.774 | lr=9.7e-06 | 20.8s
  Fold 5 | Ep   9/50 | t_loss=0.0495 t_acc=0.918 | v_win_bal=0.664 v_rec_bal=0.714 | lr=9.6e-06 | 20.8s
  Fold 5 | Ep  10/50 | t_loss=0.0446 t_acc=0.932 | v_win_bal=0.663 v_rec_bal=0.643 | lr=9.5e-06 | 20.7s
  Fold 5 | Ep  11/50 | t_loss=0.0401 t_acc=0.943 | v_win_bal=0.656 v_rec_bal=0.714 | lr=9.3e-06 | 20.7s
  Fold 5 | Ep  12/50 | t_loss=0.0346 t_acc=0.952 | v_win_bal=0.641 v_rec_bal=0.786 | lr=9.1e-06 | 20.8s
  Fold 5 | Ep  13/50 | t_loss=0.0320 t_acc=0.958 | v_win_bal=0.642 v_rec_bal=0.702 | lr=8.9e-06 | 20.8s
  Fold 5 | Ep  14/50 | t_loss=0.0276 t_acc=0.966 | v_win_bal=0.648 v_rec_bal=0.643 | lr=8.7e-06 | 20.8s
  Fold 5 | Ep  15/50 | t_loss=0.0251 t_acc=0.972 | v_win_bal=0.645 v_rec_bal=0.643 | lr=8.5e-06 | 20.8s
  Fold 5 | Ep  16/50 | t_loss=0.0216 t_acc=0.977 | v_win_bal=0.639 v_rec_bal=0.786 | lr=8.2e-06 | 21.8s
  Fold 5 | Ep  17/50 | t_loss=0.0213 t_acc=0.980 | v_win_bal=0.633 v_rec_bal=0.786 | lr=8.0e-06 | 21.3s
  Fold 5 | Ep  18/50 | t_loss=0.0177 t_acc=0.984 | v_win_bal=0.631 v_rec_bal=0.702 | lr=7.7e-06 | 20.8s
  Fold 5 | Ep  19/50 | t_loss=0.0168 t_acc=0.987 | v_win_bal=0.612 v_rec_bal=0.619 | lr=7.4e-06 | 20.8s
  Fold 5 | Ep  20/50 | t_loss=0.0155 t_acc=0.990 | v_win_bal=0.618 v_rec_bal=0.619 | lr=7.1e-06 | 21.2s
  Fold 5 | Ep  21/50 | t_loss=0.0126 t_acc=0.992 | v_win_bal=0.627 v_rec_bal=0.702 | lr=6.8e-06 | 21.1s
  Fold 5 | Ep  22/50 | t_loss=0.0105 t_acc=0.993 | v_win_bal=0.632 v_rec_bal=0.690 | lr=6.5e-06 | 20.9s
  Fold 5 | Ep  23/50 | t_loss=0.0095 t_acc=0.995 | v_win_bal=0.634 v_rec_bal=0.702 | lr=6.2e-06 | 20.8s
  Fold 5 | Ep  24/50 | t_loss=0.0078 t_acc=0.996 | v_win_bal=0.636 v_rec_bal=0.714 | lr=5.8e-06 | 20.9s
  Fold 5 | Ep  25/50 | t_loss=0.0064 t_acc=0.997 | v_win_bal=0.611 v_rec_bal=0.619 | lr=5.5e-06 | 20.9s
  Fold 5 | Ep  26/50 | t_loss=0.0050 t_acc=0.997 | v_win_bal=0.619 v_rec_bal=0.607 | lr=5.2e-06 | 20.9s
  Fold 5 | Ep  27/50 | t_loss=0.0041 t_acc=0.998 | v_win_bal=0.620 v_rec_bal=0.536 | lr=4.8e-06 | 20.8s
  Fold 5 | Ep  28/50 | t_loss=0.0032 t_acc=0.999 | v_win_bal=0.617 v_rec_bal=0.619 | lr=4.5e-06 | 20.8s
  Fold 5 | Ep  29/50 | t_loss=0.0024 t_acc=0.999 | v_win_bal=0.620 v_rec_bal=0.619 | lr=4.2e-06 | 20.9s
  Fold 5 | Ep  30/50 | t_loss=0.0020 t_acc=0.999 | v_win_bal=0.611 v_rec_bal=0.607 | lr=3.8e-06 | 21.2s
  Fold 5 | Ep  31/50 | t_loss=0.0024 t_acc=0.999 | v_win_bal=0.619 v_rec_bal=0.607 | lr=3.5e-06 | 21.2s
  Fold 5 | Ep  32/50 | t_loss=0.0011 t_acc=0.999 | v_win_bal=0.621 v_rec_bal=0.690 | lr=3.2e-06 | 21.3s
  Fold 5 | Ep  33/50 | t_loss=0.0011 t_acc=0.999 | v_win_bal=0.621 v_rec_bal=0.619 | lr=2.9e-06 | 20.9s
  Early stop at epoch 33
  -> Test (best @ epoch 12): acc=0.6154, bal_acc=0.6310

============================================================
Global Results (5-Fold, subject-level CV)
Mode: FT | Extractor: labram | Loss: focal
============================================================
              acc: 0.5692
          bal_acc: 0.5809
               f1: 0.5662
            kappa: 0.1566
  Total predictions: 65 (should equal dataset size: 65)

Results saved to results/studies/exp27_paired_null/adftd/perm_s11/
