/raid/jupyter-linjimmy1003.md10/.conda/envs/stress/lib/python3.11/site-packages/timm/models/layers/__init__.py:49: FutureWarning: Importing from timm.models.layers is deprecated, please import via timm.layers
  warnings.warn(f"Importing from {__name__} is deprecated, please import via timm.layers", FutureWarning)
Mode: FT | Extractor: labram | Folds: 5
LR: 1e-05 | WD: 0.05 | Beta2: 0.999 | Grad clip: 2.0
Head: hidden=128, dropout=0.0 | Norm: zscore | Loss: focal
Full FT: encoder_lr_scale=0.1
Augmentation: 75% overlap for increase class

Results → results/studies/exp27_paired_null/adftd/perm_s2/
ADFTD: 65 recordings from 65 subjects (AD=36, HC=29)
ADFTD: 65 recordings, 65 subjects (AD=36, HC=29)
[permute-labels] Subject-level shuffle with rng seed 2 over 65 subjects. Class balance preserved: 36 pos / 29 neg

============================================================
Fold 1/5
============================================================
  Train:  39 samples, 39 subjects [1, 2, 4, 6, 7, 8, 9, 10, 11, 12, 13, 14, 15, 16, 18, 19, 26, 27, 28, 30, 31, 35, 36, 37, 39, 44, 45, 46, 48, 51, 53, 55, 57, 58, 59, 61, 62, 64, 65], label_0=17, label_1=22
    Val:  13 samples, 13 subjects [3, 21, 22, 24, 29, 33, 38, 42, 49, 52, 56, 60, 63], label_0=6, label_1=7
   Test:  13 samples, 13 subjects [5, 17, 20, 23, 25, 32, 34, 40, 41, 43, 47, 50, 54], label_0=6, label_1=7
  Building window datasets...
    WindowDataset: 17164 windows (class_0=2922, class_1=14242)
    WindowDataset: 2020 windows (class_0=885, class_1=1135)
    WindowDataset: 2216 windows (class_0=1044, class_1=1172)
[LaBraM] Loaded 219/221 params from weights/labram-base/model.safetensors
[LaBraM] Missing: ['fc_norm.weight', 'fc_norm.bias']
  Trainable parameters: 5,871,779
  Class weights: [2.9370293617248535, 0.6025838851928711]
  Fold 1 | Ep   1/50 | t_loss=0.1868 t_acc=0.298 | v_win_bal=0.544 v_rec_bal=0.631 | lr=3.3e-06 | 23.5s
  Fold 1 | Ep   2/50 | t_loss=0.1677 t_acc=0.656 | v_win_bal=0.511 v_rec_bal=0.560 | lr=6.7e-06 | 20.8s
  Fold 1 | Ep   3/50 | t_loss=0.1532 t_acc=0.718 | v_win_bal=0.518 v_rec_bal=0.560 | lr=1.0e-05 | 20.8s
  Fold 1 | Ep   4/50 | t_loss=0.1255 t_acc=0.776 | v_win_bal=0.485 v_rec_bal=0.405 | lr=1.0e-05 | 20.7s
  Fold 1 | Ep   5/50 | t_loss=0.0955 t_acc=0.835 | v_win_bal=0.467 v_rec_bal=0.405 | lr=1.0e-05 | 20.7s
  Fold 1 | Ep   6/50 | t_loss=0.0794 t_acc=0.860 | v_win_bal=0.455 v_rec_bal=0.333 | lr=9.9e-06 | 20.8s
  Fold 1 | Ep   7/50 | t_loss=0.0697 t_acc=0.877 | v_win_bal=0.475 v_rec_bal=0.321 | lr=9.8e-06 | 20.7s
  Fold 1 | Ep   8/50 | t_loss=0.0625 t_acc=0.892 | v_win_bal=0.460 v_rec_bal=0.321 | lr=9.7e-06 | 20.7s
  Fold 1 | Ep   9/50 | t_loss=0.0568 t_acc=0.905 | v_win_bal=0.455 v_rec_bal=0.333 | lr=9.6e-06 | 20.6s
  Fold 1 | Ep  10/50 | t_loss=0.0516 t_acc=0.920 | v_win_bal=0.458 v_rec_bal=0.321 | lr=9.5e-06 | 20.7s
  Fold 1 | Ep  11/50 | t_loss=0.0461 t_acc=0.931 | v_win_bal=0.450 v_rec_bal=0.321 | lr=9.3e-06 | 20.6s
  Fold 1 | Ep  12/50 | t_loss=0.0411 t_acc=0.938 | v_win_bal=0.454 v_rec_bal=0.321 | lr=9.1e-06 | 20.7s
  Fold 1 | Ep  13/50 | t_loss=0.0360 t_acc=0.949 | v_win_bal=0.458 v_rec_bal=0.321 | lr=8.9e-06 | 20.6s
  Fold 1 | Ep  14/50 | t_loss=0.0312 t_acc=0.958 | v_win_bal=0.459 v_rec_bal=0.321 | lr=8.7e-06 | 20.8s
  Fold 1 | Ep  15/50 | t_loss=0.0279 t_acc=0.965 | v_win_bal=0.476 v_rec_bal=0.238 | lr=8.5e-06 | 20.7s
  Fold 1 | Ep  16/50 | t_loss=0.0234 t_acc=0.972 | v_win_bal=0.463 v_rec_bal=0.238 | lr=8.2e-06 | 21.1s
  Early stop at epoch 16
  -> Test (best @ epoch 1): acc=0.6154, bal_acc=0.6071

============================================================
Fold 2/5
============================================================
  Train:  39 samples, 39 subjects [1, 3, 6, 8, 11, 12, 14, 15, 16, 17, 18, 21, 22, 23, 24, 25, 27, 28, 32, 34, 35, 39, 40, 41, 42, 43, 44, 45, 46, 47, 50, 52, 53, 54, 55, 58, 59, 64, 65], label_0=17, label_1=22
    Val:  13 samples, 13 subjects [4, 5, 7, 20, 26, 30, 31, 33, 37, 38, 51, 57, 62], label_0=6, label_1=7
   Test:  13 samples, 13 subjects [2, 9, 10, 13, 19, 29, 36, 48, 49, 56, 60, 61, 63], label_0=6, label_1=7
  Building window datasets...
    WindowDataset: 17133 windows (class_0=2795, class_1=14338)
    WindowDataset: 2124 windows (class_0=968, class_1=1156)
    WindowDataset: 2215 windows (class_0=1088, class_1=1127)
[LaBraM] Loaded 219/221 params from weights/labram-base/model.safetensors
[LaBraM] Missing: ['fc_norm.weight', 'fc_norm.bias']
  Fold 2 | Ep   1/50 | t_loss=0.1724 t_acc=0.777 | v_win_bal=0.532 v_rec_bal=0.500 | lr=3.3e-06 | 22.3s
  Fold 2 | Ep   2/50 | t_loss=0.1650 t_acc=0.674 | v_win_bal=0.513 v_rec_bal=0.369 | lr=6.7e-06 | 21.7s
  Fold 2 | Ep   3/50 | t_loss=0.1434 t_acc=0.738 | v_win_bal=0.536 v_rec_bal=0.619 | lr=1.0e-05 | 21.7s
  Fold 2 | Ep   4/50 | t_loss=0.0961 t_acc=0.815 | v_win_bal=0.513 v_rec_bal=0.417 | lr=1.0e-05 | 21.6s
  Fold 2 | Ep   5/50 | t_loss=0.0809 t_acc=0.833 | v_win_bal=0.521 v_rec_bal=0.417 | lr=1.0e-05 | 21.6s
  Fold 2 | Ep   6/50 | t_loss=0.0745 t_acc=0.851 | v_win_bal=0.540 v_rec_bal=0.488 | lr=9.9e-06 | 21.6s
  Fold 2 | Ep   7/50 | t_loss=0.0683 t_acc=0.868 | v_win_bal=0.547 v_rec_bal=0.488 | lr=9.8e-06 | 21.5s
  Fold 2 | Ep   8/50 | t_loss=0.0627 t_acc=0.883 | v_win_bal=0.538 v_rec_bal=0.488 | lr=9.7e-06 | 21.5s
  Fold 2 | Ep   9/50 | t_loss=0.0581 t_acc=0.897 | v_win_bal=0.545 v_rec_bal=0.488 | lr=9.6e-06 | 21.4s
  Fold 2 | Ep  10/50 | t_loss=0.0554 t_acc=0.909 | v_win_bal=0.535 v_rec_bal=0.690 | lr=9.5e-06 | 21.8s
  Fold 2 | Ep  11/50 | t_loss=0.0504 t_acc=0.919 | v_win_bal=0.538 v_rec_bal=0.619 | lr=9.3e-06 | 21.5s
  Fold 2 | Ep  12/50 | t_loss=0.0464 t_acc=0.929 | v_win_bal=0.544 v_rec_bal=0.690 | lr=9.1e-06 | 21.6s
  Fold 2 | Ep  13/50 | t_loss=0.0429 t_acc=0.936 | v_win_bal=0.564 v_rec_bal=0.690 | lr=8.9e-06 | 21.5s
  Fold 2 | Ep  14/50 | t_loss=0.0398 t_acc=0.944 | v_win_bal=0.556 v_rec_bal=0.690 | lr=8.7e-06 | 21.4s
  Fold 2 | Ep  15/50 | t_loss=0.0360 t_acc=0.950 | v_win_bal=0.544 v_rec_bal=0.524 | lr=8.5e-06 | 21.9s
  Fold 2 | Ep  16/50 | t_loss=0.0330 t_acc=0.958 | v_win_bal=0.540 v_rec_bal=0.524 | lr=8.2e-06 | 21.6s
  Fold 2 | Ep  17/50 | t_loss=0.0296 t_acc=0.964 | v_win_bal=0.550 v_rec_bal=0.524 | lr=8.0e-06 | 21.6s
  Fold 2 | Ep  18/50 | t_loss=0.0273 t_acc=0.967 | v_win_bal=0.552 v_rec_bal=0.524 | lr=7.7e-06 | 22.0s
  Fold 2 | Ep  19/50 | t_loss=0.0241 t_acc=0.973 | v_win_bal=0.565 v_rec_bal=0.595 | lr=7.4e-06 | 22.0s
  Fold 2 | Ep  20/50 | t_loss=0.0216 t_acc=0.977 | v_win_bal=0.565 v_rec_bal=0.524 | lr=7.1e-06 | 21.6s
  Fold 2 | Ep  21/50 | t_loss=0.0214 t_acc=0.979 | v_win_bal=0.549 v_rec_bal=0.524 | lr=6.8e-06 | 21.5s
  Fold 2 | Ep  22/50 | t_loss=0.0179 t_acc=0.983 | v_win_bal=0.549 v_rec_bal=0.524 | lr=6.5e-06 | 21.7s
  Fold 2 | Ep  23/50 | t_loss=0.0155 t_acc=0.986 | v_win_bal=0.554 v_rec_bal=0.524 | lr=6.2e-06 | 21.9s
  Fold 2 | Ep  24/50 | t_loss=0.0147 t_acc=0.988 | v_win_bal=0.550 v_rec_bal=0.524 | lr=5.8e-06 | 21.4s
  Fold 2 | Ep  25/50 | t_loss=0.0127 t_acc=0.990 | v_win_bal=0.552 v_rec_bal=0.524 | lr=5.5e-06 | 22.0s
  Fold 2 | Ep  26/50 | t_loss=0.0115 t_acc=0.991 | v_win_bal=0.550 v_rec_bal=0.524 | lr=5.2e-06 | 21.9s
  Fold 2 | Ep  27/50 | t_loss=0.0096 t_acc=0.993 | v_win_bal=0.546 v_rec_bal=0.524 | lr=4.8e-06 | 21.8s
  Fold 2 | Ep  28/50 | t_loss=0.0093 t_acc=0.994 | v_win_bal=0.546 v_rec_bal=0.524 | lr=4.5e-06 | 21.4s
  Fold 2 | Ep  29/50 | t_loss=0.0088 t_acc=0.994 | v_win_bal=0.547 v_rec_bal=0.524 | lr=4.2e-06 | 21.6s
  Early stop at epoch 29
  -> Test (best @ epoch 10): acc=0.4615, bal_acc=0.4643

============================================================
Fold 3/5
============================================================
  Train:  39 samples, 39 subjects [3, 5, 7, 10, 11, 13, 14, 15, 16, 17, 18, 20, 21, 23, 24, 25, 28, 31, 34, 35, 36, 38, 39, 40, 41, 43, 44, 46, 48, 50, 52, 53, 54, 56, 57, 60, 61, 63, 64], label_0=17, label_1=22
    Val:  13 samples, 13 subjects [2, 6, 9, 19, 26, 27, 29, 32, 33, 47, 49, 51, 62], label_0=6, label_1=7
   Test:  13 samples, 13 subjects [1, 4, 8, 12, 22, 30, 37, 42, 45, 55, 58, 59, 65], label_0=6, label_1=7
  Building window datasets...
    WindowDataset: 17559 windows (class_0=2973, class_1=14586)
    WindowDataset: 2055 windows (class_0=937, class_1=1118)
    WindowDataset: 2044 windows (class_0=941, class_1=1103)
[LaBraM] Loaded 219/221 params from weights/labram-base/model.safetensors
[LaBraM] Missing: ['fc_norm.weight', 'fc_norm.bias']
  Fold 3 | Ep   1/50 | t_loss=0.1750 t_acc=0.358 | v_win_bal=0.507 v_rec_bal=0.595 | lr=3.3e-06 | 22.2s
  Fold 3 | Ep   2/50 | t_loss=0.1672 t_acc=0.680 | v_win_bal=0.535 v_rec_bal=0.464 | lr=6.7e-06 | 22.2s
  Fold 3 | Ep   3/50 | t_loss=0.1469 t_acc=0.728 | v_win_bal=0.550 v_rec_bal=0.619 | lr=1.0e-05 | 22.3s
  Fold 3 | Ep   4/50 | t_loss=0.0992 t_acc=0.824 | v_win_bal=0.518 v_rec_bal=0.500 | lr=1.0e-05 | 21.8s
  Fold 3 | Ep   5/50 | t_loss=0.0807 t_acc=0.845 | v_win_bal=0.514 v_rec_bal=0.250 | lr=1.0e-05 | 22.8s
  Fold 3 | Ep   6/50 | t_loss=0.0708 t_acc=0.864 | v_win_bal=0.513 v_rec_bal=0.321 | lr=9.9e-06 | 22.1s
  Fold 3 | Ep   7/50 | t_loss=0.0651 t_acc=0.880 | v_win_bal=0.505 v_rec_bal=0.321 | lr=9.8e-06 | 22.0s
  Fold 3 | Ep   8/50 | t_loss=0.0601 t_acc=0.894 | v_win_bal=0.513 v_rec_bal=0.464 | lr=9.7e-06 | 22.0s
  Fold 3 | Ep   9/50 | t_loss=0.0557 t_acc=0.909 | v_win_bal=0.527 v_rec_bal=0.536 | lr=9.6e-06 | 22.1s
  Fold 3 | Ep  10/50 | t_loss=0.0518 t_acc=0.917 | v_win_bal=0.516 v_rec_bal=0.607 | lr=9.5e-06 | 22.0s
  Fold 3 | Ep  11/50 | t_loss=0.0478 t_acc=0.929 | v_win_bal=0.518 v_rec_bal=0.464 | lr=9.3e-06 | 22.0s
  Fold 3 | Ep  12/50 | t_loss=0.0440 t_acc=0.934 | v_win_bal=0.494 v_rec_bal=0.405 | lr=9.1e-06 | 22.0s
  Fold 3 | Ep  13/50 | t_loss=0.0393 t_acc=0.944 | v_win_bal=0.516 v_rec_bal=0.393 | lr=8.9e-06 | 22.1s
  Fold 3 | Ep  14/50 | t_loss=0.0377 t_acc=0.951 | v_win_bal=0.554 v_rec_bal=0.583 | lr=8.7e-06 | 22.0s
  Fold 3 | Ep  15/50 | t_loss=0.0339 t_acc=0.958 | v_win_bal=0.530 v_rec_bal=0.679 | lr=8.5e-06 | 21.9s
  Fold 3 | Ep  16/50 | t_loss=0.0300 t_acc=0.963 | v_win_bal=0.540 v_rec_bal=0.595 | lr=8.2e-06 | 22.0s
  Fold 3 | Ep  17/50 | t_loss=0.0267 t_acc=0.969 | v_win_bal=0.520 v_rec_bal=0.607 | lr=8.0e-06 | 21.9s
  Fold 3 | Ep  18/50 | t_loss=0.0243 t_acc=0.972 | v_win_bal=0.529 v_rec_bal=0.679 | lr=7.7e-06 | 22.1s
  Fold 3 | Ep  19/50 | t_loss=0.0233 t_acc=0.977 | v_win_bal=0.525 v_rec_bal=0.679 | lr=7.4e-06 | 21.9s
  Fold 3 | Ep  20/50 | t_loss=0.0194 t_acc=0.980 | v_win_bal=0.523 v_rec_bal=0.595 | lr=7.1e-06 | 21.9s
  Fold 3 | Ep  21/50 | t_loss=0.0177 t_acc=0.984 | v_win_bal=0.526 v_rec_bal=0.679 | lr=6.8e-06 | 21.9s
  Fold 3 | Ep  22/50 | t_loss=0.0154 t_acc=0.986 | v_win_bal=0.515 v_rec_bal=0.679 | lr=6.5e-06 | 21.8s
  Fold 3 | Ep  23/50 | t_loss=0.0152 t_acc=0.988 | v_win_bal=0.524 v_rec_bal=0.595 | lr=6.2e-06 | 21.8s
  Fold 3 | Ep  24/50 | t_loss=0.0136 t_acc=0.989 | v_win_bal=0.524 v_rec_bal=0.595 | lr=5.8e-06 | 21.9s
  Fold 3 | Ep  25/50 | t_loss=0.0110 t_acc=0.991 | v_win_bal=0.516 v_rec_bal=0.679 | lr=5.5e-06 | 21.8s
  Fold 3 | Ep  26/50 | t_loss=0.0106 t_acc=0.993 | v_win_bal=0.523 v_rec_bal=0.512 | lr=5.2e-06 | 21.8s
  Fold 3 | Ep  27/50 | t_loss=0.0086 t_acc=0.994 | v_win_bal=0.521 v_rec_bal=0.595 | lr=4.8e-06 | 21.9s
  Fold 3 | Ep  28/50 | t_loss=0.0090 t_acc=0.995 | v_win_bal=0.526 v_rec_bal=0.595 | lr=4.5e-06 | 21.9s
  Fold 3 | Ep  29/50 | t_loss=0.0072 t_acc=0.995 | v_win_bal=0.518 v_rec_bal=0.595 | lr=4.2e-06 | 21.7s
  Fold 3 | Ep  30/50 | t_loss=0.0062 t_acc=0.996 | v_win_bal=0.521 v_rec_bal=0.595 | lr=3.8e-06 | 21.8s
  Fold 3 | Ep  31/50 | t_loss=0.0058 t_acc=0.997 | v_win_bal=0.516 v_rec_bal=0.595 | lr=3.5e-06 | 21.8s
  Fold 3 | Ep  32/50 | t_loss=0.0050 t_acc=0.997 | v_win_bal=0.523 v_rec_bal=0.595 | lr=3.2e-06 | 21.8s
  Fold 3 | Ep  33/50 | t_loss=0.0039 t_acc=0.997 | v_win_bal=0.522 v_rec_bal=0.595 | lr=2.9e-06 | 21.8s
  Fold 3 | Ep  34/50 | t_loss=0.0033 t_acc=0.998 | v_win_bal=0.519 v_rec_bal=0.595 | lr=2.6e-06 | 21.8s
  Early stop at epoch 34
  -> Test (best @ epoch 15): acc=0.3846, bal_acc=0.3929

============================================================
Fold 4/5
============================================================
  Train:  39 samples, 39 subjects [2, 6, 8, 9, 10, 11, 12, 13, 17, 18, 19, 22, 23, 28, 29, 30, 35, 37, 40, 41, 42, 43, 44, 45, 47, 48, 50, 51, 52, 53, 54, 55, 58, 60, 61, 62, 63, 64, 65], label_0=17, label_1=22
    Val:  13 samples, 13 subjects [1, 4, 5, 20, 21, 25, 27, 32, 34, 36, 49, 56, 59], label_0=6, label_1=7
   Test:  13 samples, 13 subjects [3, 7, 14, 15, 16, 24, 26, 31, 33, 38, 39, 46, 57], label_0=6, label_1=7
  Building window datasets...
    WindowDataset: 17334 windows (class_0=2840, class_1=14494)
    WindowDataset: 2106 windows (class_0=1010, class_1=1096)
    WindowDataset: 2149 windows (class_0=1001, class_1=1148)
[LaBraM] Loaded 219/221 params from weights/labram-base/model.safetensors
[LaBraM] Missing: ['fc_norm.weight', 'fc_norm.bias']
  Fold 4 | Ep   1/50 | t_loss=0.1751 t_acc=0.764 | v_win_bal=0.558 v_rec_bal=0.583 | lr=3.3e-06 | 22.0s
  Fold 4 | Ep   2/50 | t_loss=0.1687 t_acc=0.702 | v_win_bal=0.528 v_rec_bal=0.524 | lr=6.7e-06 | 21.8s
  Fold 4 | Ep   3/50 | t_loss=0.1437 t_acc=0.736 | v_win_bal=0.490 v_rec_bal=0.500 | lr=1.0e-05 | 21.8s
  Fold 4 | Ep   4/50 | t_loss=0.0948 t_acc=0.810 | v_win_bal=0.521 v_rec_bal=0.500 | lr=1.0e-05 | 21.7s
  Fold 4 | Ep   5/50 | t_loss=0.0821 t_acc=0.835 | v_win_bal=0.504 v_rec_bal=0.500 | lr=1.0e-05 | 21.7s
  Fold 4 | Ep   6/50 | t_loss=0.0741 t_acc=0.851 | v_win_bal=0.516 v_rec_bal=0.500 | lr=9.9e-06 | 21.7s
  Fold 4 | Ep   7/50 | t_loss=0.0670 t_acc=0.873 | v_win_bal=0.504 v_rec_bal=0.500 | lr=9.8e-06 | 21.6s
  Fold 4 | Ep   8/50 | t_loss=0.0625 t_acc=0.890 | v_win_bal=0.518 v_rec_bal=0.500 | lr=9.7e-06 | 21.6s
  Fold 4 | Ep   9/50 | t_loss=0.0571 t_acc=0.904 | v_win_bal=0.521 v_rec_bal=0.548 | lr=9.6e-06 | 21.6s
  Fold 4 | Ep  10/50 | t_loss=0.0508 t_acc=0.919 | v_win_bal=0.482 v_rec_bal=0.500 | lr=9.5e-06 | 21.5s
  Fold 4 | Ep  11/50 | t_loss=0.0463 t_acc=0.928 | v_win_bal=0.486 v_rec_bal=0.417 | lr=9.3e-06 | 21.7s
  Fold 4 | Ep  12/50 | t_loss=0.0419 t_acc=0.938 | v_win_bal=0.495 v_rec_bal=0.405 | lr=9.1e-06 | 21.6s
  Fold 4 | Ep  13/50 | t_loss=0.0367 t_acc=0.948 | v_win_bal=0.482 v_rec_bal=0.405 | lr=8.9e-06 | 21.5s
  Fold 4 | Ep  14/50 | t_loss=0.0338 t_acc=0.956 | v_win_bal=0.479 v_rec_bal=0.333 | lr=8.7e-06 | 21.6s
  Fold 4 | Ep  15/50 | t_loss=0.0290 t_acc=0.963 | v_win_bal=0.480 v_rec_bal=0.476 | lr=8.5e-06 | 21.5s
  Fold 4 | Ep  16/50 | t_loss=0.0271 t_acc=0.969 | v_win_bal=0.480 v_rec_bal=0.464 | lr=8.2e-06 | 21.6s
  Early stop at epoch 16
  -> Test (best @ epoch 1): acc=0.5385, bal_acc=0.5000

============================================================
Fold 5/5
============================================================
  Train:  39 samples, 39 subjects [2, 3, 5, 7, 8, 9, 10, 12, 13, 14, 15, 16, 17, 19, 20, 22, 25, 29, 34, 36, 38, 39, 40, 41, 42, 43, 45, 46, 47, 48, 49, 50, 56, 57, 58, 59, 60, 63, 65], label_0=18, label_1=21
    Val:  13 samples, 13 subjects [1, 4, 23, 24, 26, 30, 31, 32, 33, 37, 54, 55, 61], label_0=6, label_1=7
   Test:  13 samples, 13 subjects [6, 11, 18, 21, 27, 28, 35, 44, 51, 52, 53, 62, 64], label_0=5, label_1=8
  Building window datasets...
    WindowDataset: 16851 windows (class_0=3102, class_1=13749)
    WindowDataset: 2069 windows (class_0=972, class_1=1097)
    WindowDataset: 2111 windows (class_0=777, class_1=1334)
[LaBraM] Loaded 219/221 params from weights/labram-base/model.safetensors
[LaBraM] Missing: ['fc_norm.weight', 'fc_norm.bias']
  Fold 5 | Ep   1/50 | t_loss=0.1820 t_acc=0.326 | v_win_bal=0.584 v_rec_bal=0.679 | lr=3.3e-06 | 21.1s
  Fold 5 | Ep   2/50 | t_loss=0.1679 t_acc=0.675 | v_win_bal=0.541 v_rec_bal=0.583 | lr=6.7e-06 | 21.1s
  Fold 5 | Ep   3/50 | t_loss=0.1395 t_acc=0.739 | v_win_bal=0.473 v_rec_bal=0.476 | lr=1.0e-05 | 21.0s
  Fold 5 | Ep   4/50 | t_loss=0.0939 t_acc=0.824 | v_win_bal=0.449 v_rec_bal=0.488 | lr=1.0e-05 | 21.0s
  Fold 5 | Ep   5/50 | t_loss=0.0811 t_acc=0.843 | v_win_bal=0.415 v_rec_bal=0.405 | lr=1.0e-05 | 21.1s
  Fold 5 | Ep   6/50 | t_loss=0.0758 t_acc=0.859 | v_win_bal=0.424 v_rec_bal=0.405 | lr=9.9e-06 | 21.0s
  Fold 5 | Ep   7/50 | t_loss=0.0689 t_acc=0.872 | v_win_bal=0.437 v_rec_bal=0.405 | lr=9.8e-06 | 21.5s
  Fold 5 | Ep   8/50 | t_loss=0.0642 t_acc=0.886 | v_win_bal=0.425 v_rec_bal=0.321 | lr=9.7e-06 | 21.7s
  Fold 5 | Ep   9/50 | t_loss=0.0594 t_acc=0.897 | v_win_bal=0.422 v_rec_bal=0.321 | lr=9.6e-06 | 21.1s
  Fold 5 | Ep  10/50 | t_loss=0.0540 t_acc=0.911 | v_win_bal=0.418 v_rec_bal=0.155 | lr=9.5e-06 | 21.0s
  Fold 5 | Ep  11/50 | t_loss=0.0519 t_acc=0.921 | v_win_bal=0.428 v_rec_bal=0.321 | lr=9.3e-06 | 20.9s
  Fold 5 | Ep  12/50 | t_loss=0.0466 t_acc=0.928 | v_win_bal=0.429 v_rec_bal=0.155 | lr=9.1e-06 | 21.0s
  Fold 5 | Ep  13/50 | t_loss=0.0440 t_acc=0.934 | v_win_bal=0.433 v_rec_bal=0.226 | lr=8.9e-06 | 21.6s
  Fold 5 | Ep  14/50 | t_loss=0.0390 t_acc=0.945 | v_win_bal=0.463 v_rec_bal=0.298 | lr=8.7e-06 | 21.0s
  Fold 5 | Ep  15/50 | t_loss=0.0352 t_acc=0.953 | v_win_bal=0.451 v_rec_bal=0.155 | lr=8.5e-06 | 21.0s
  Fold 5 | Ep  16/50 | t_loss=0.0320 t_acc=0.958 | v_win_bal=0.466 v_rec_bal=0.440 | lr=8.2e-06 | 20.9s
  Early stop at epoch 16
  -> Test (best @ epoch 1): acc=0.6154, bal_acc=0.5000

============================================================
Global Results (5-Fold, subject-level CV)
Mode: FT | Extractor: labram | Loss: focal
============================================================
              acc: 0.5231
          bal_acc: 0.5024
               f1: 0.5058
            kappa: 0.0049
  Total predictions: 65 (should equal dataset size: 65)

Results saved to results/studies/exp27_paired_null/adftd/perm_s2/
