/raid/jupyter-linjimmy1003.md10/.conda/envs/stress/lib/python3.11/site-packages/timm/models/layers/__init__.py:49: FutureWarning: Importing from timm.models.layers is deprecated, please import via timm.layers
  warnings.warn(f"Importing from {__name__} is deprecated, please import via timm.layers", FutureWarning)
Mode: FT | Extractor: labram | Folds: 5
LR: 1e-05 | WD: 0.05 | Beta2: 0.999 | Grad clip: 2.0
Head: hidden=128, dropout=0.0 | Norm: zscore | Loss: focal
Full FT: encoder_lr_scale=0.1
Augmentation: 75% overlap for increase class

Results → results/studies/exp27_paired_null/adftd/perm_s24/
ADFTD: 65 recordings from 65 subjects (AD=36, HC=29)
ADFTD: 65 recordings, 65 subjects (AD=36, HC=29)
[permute-labels] Subject-level shuffle with rng seed 24 over 65 subjects. Class balance preserved: 36 pos / 29 neg

============================================================
Fold 1/5
============================================================
  Train:  39 samples, 39 subjects [2, 3, 5, 10, 11, 12, 13, 14, 15, 16, 17, 18, 20, 21, 22, 24, 26, 27, 29, 30, 31, 32, 33, 35, 37, 38, 39, 40, 41, 46, 48, 51, 53, 55, 57, 58, 59, 61, 64], label_0=18, label_1=21
    Val:  13 samples, 13 subjects [1, 4, 6, 7, 23, 28, 42, 43, 44, 47, 52, 63, 65], label_0=6, label_1=7
   Test:  13 samples, 13 subjects [8, 9, 19, 25, 34, 36, 45, 49, 50, 54, 56, 60, 62], label_0=5, label_1=8
  Building window datasets...
    WindowDataset: 16725 windows (class_0=3116, class_1=13609)
    WindowDataset: 2063 windows (class_0=857, class_1=1206)
    WindowDataset: 2138 windows (class_0=854, class_1=1284)
[LaBraM] Loaded 219/221 params from weights/labram-base/model.safetensors
[LaBraM] Missing: ['fc_norm.weight', 'fc_norm.bias']
  Trainable parameters: 5,871,779
  Class weights: [2.6837291717529297, 0.6144830584526062]
  Fold 1 | Ep   1/50 | t_loss=0.1867 t_acc=0.306 | v_win_bal=0.501 v_rec_bal=0.583 | lr=3.3e-06 | 22.6s
  Fold 1 | Ep   2/50 | t_loss=0.1703 t_acc=0.672 | v_win_bal=0.465 v_rec_bal=0.298 | lr=6.7e-06 | 20.5s
  Fold 1 | Ep   3/50 | t_loss=0.1602 t_acc=0.702 | v_win_bal=0.479 v_rec_bal=0.583 | lr=1.0e-05 | 20.1s
  Fold 1 | Ep   4/50 | t_loss=0.1300 t_acc=0.765 | v_win_bal=0.492 v_rec_bal=0.464 | lr=1.0e-05 | 20.0s
  Fold 1 | Ep   5/50 | t_loss=0.0962 t_acc=0.839 | v_win_bal=0.491 v_rec_bal=0.500 | lr=1.0e-05 | 20.0s
  Fold 1 | Ep   6/50 | t_loss=0.0776 t_acc=0.865 | v_win_bal=0.490 v_rec_bal=0.417 | lr=9.9e-06 | 20.0s
  Fold 1 | Ep   7/50 | t_loss=0.0663 t_acc=0.887 | v_win_bal=0.483 v_rec_bal=0.417 | lr=9.8e-06 | 19.9s
  Fold 1 | Ep   8/50 | t_loss=0.0596 t_acc=0.901 | v_win_bal=0.481 v_rec_bal=0.417 | lr=9.7e-06 | 19.9s
  Fold 1 | Ep   9/50 | t_loss=0.0528 t_acc=0.916 | v_win_bal=0.520 v_rec_bal=0.464 | lr=9.6e-06 | 19.9s
  Fold 1 | Ep  10/50 | t_loss=0.0464 t_acc=0.927 | v_win_bal=0.487 v_rec_bal=0.250 | lr=9.5e-06 | 19.9s
  Fold 1 | Ep  11/50 | t_loss=0.0414 t_acc=0.938 | v_win_bal=0.518 v_rec_bal=0.536 | lr=9.3e-06 | 19.9s
  Fold 1 | Ep  12/50 | t_loss=0.0366 t_acc=0.950 | v_win_bal=0.514 v_rec_bal=0.536 | lr=9.1e-06 | 19.9s
  Fold 1 | Ep  13/50 | t_loss=0.0323 t_acc=0.957 | v_win_bal=0.516 v_rec_bal=0.536 | lr=8.9e-06 | 19.9s
  Fold 1 | Ep  14/50 | t_loss=0.0270 t_acc=0.963 | v_win_bal=0.486 v_rec_bal=0.393 | lr=8.7e-06 | 19.8s
  Fold 1 | Ep  15/50 | t_loss=0.0221 t_acc=0.973 | v_win_bal=0.512 v_rec_bal=0.536 | lr=8.5e-06 | 19.8s
  Fold 1 | Ep  16/50 | t_loss=0.0197 t_acc=0.976 | v_win_bal=0.509 v_rec_bal=0.536 | lr=8.2e-06 | 19.9s
  Early stop at epoch 16
  -> Test (best @ epoch 1): acc=0.6154, bal_acc=0.5375

============================================================
Fold 2/5
============================================================
  Train:  39 samples, 39 subjects [3, 4, 6, 8, 9, 11, 12, 13, 14, 15, 16, 17, 18, 19, 20, 21, 24, 28, 30, 32, 34, 35, 36, 38, 39, 41, 42, 44, 45, 48, 50, 51, 53, 54, 55, 56, 57, 58, 62], label_0=17, label_1=22
    Val:  13 samples, 13 subjects [1, 5, 7, 22, 25, 29, 33, 37, 46, 49, 52, 60, 65], label_0=6, label_1=7
   Test:  13 samples, 13 subjects [2, 10, 23, 26, 27, 31, 40, 43, 47, 59, 61, 63, 64], label_0=6, label_1=7
  Building window datasets...
    WindowDataset: 17022 windows (class_0=2872, class_1=14150)
    WindowDataset: 1964 windows (class_0=883, class_1=1081)
    WindowDataset: 2345 windows (class_0=1072, class_1=1273)
[LaBraM] Loaded 219/221 params from weights/labram-base/model.safetensors
[LaBraM] Missing: ['fc_norm.weight', 'fc_norm.bias']
  Fold 2 | Ep   1/50 | t_loss=0.1725 t_acc=0.770 | v_win_bal=0.436 v_rec_bal=0.595 | lr=3.3e-06 | 20.8s
  Fold 2 | Ep   2/50 | t_loss=0.1621 t_acc=0.703 | v_win_bal=0.457 v_rec_bal=0.524 | lr=6.7e-06 | 20.9s
  Fold 2 | Ep   3/50 | t_loss=0.1337 t_acc=0.750 | v_win_bal=0.450 v_rec_bal=0.417 | lr=1.0e-05 | 21.9s
  Fold 2 | Ep   4/50 | t_loss=0.0909 t_acc=0.844 | v_win_bal=0.496 v_rec_bal=0.548 | lr=1.0e-05 | 21.6s
  Fold 2 | Ep   5/50 | t_loss=0.0739 t_acc=0.874 | v_win_bal=0.509 v_rec_bal=0.548 | lr=1.0e-05 | 21.6s
  Fold 2 | Ep   6/50 | t_loss=0.0668 t_acc=0.888 | v_win_bal=0.506 v_rec_bal=0.560 | lr=9.9e-06 | 21.3s
  Fold 2 | Ep   7/50 | t_loss=0.0618 t_acc=0.900 | v_win_bal=0.514 v_rec_bal=0.560 | lr=9.8e-06 | 20.9s
  Fold 2 | Ep   8/50 | t_loss=0.0556 t_acc=0.912 | v_win_bal=0.538 v_rec_bal=0.619 | lr=9.7e-06 | 21.3s
  Fold 2 | Ep   9/50 | t_loss=0.0506 t_acc=0.922 | v_win_bal=0.519 v_rec_bal=0.560 | lr=9.6e-06 | 21.0s
  Fold 2 | Ep  10/50 | t_loss=0.0457 t_acc=0.931 | v_win_bal=0.536 v_rec_bal=0.619 | lr=9.5e-06 | 21.0s
  Fold 2 | Ep  11/50 | t_loss=0.0419 t_acc=0.940 | v_win_bal=0.537 v_rec_bal=0.619 | lr=9.3e-06 | 21.0s
  Fold 2 | Ep  12/50 | t_loss=0.0380 t_acc=0.947 | v_win_bal=0.546 v_rec_bal=0.619 | lr=9.1e-06 | 20.9s
  Fold 2 | Ep  13/50 | t_loss=0.0327 t_acc=0.956 | v_win_bal=0.554 v_rec_bal=0.619 | lr=8.9e-06 | 20.9s
  Fold 2 | Ep  14/50 | t_loss=0.0304 t_acc=0.962 | v_win_bal=0.546 v_rec_bal=0.619 | lr=8.7e-06 | 20.9s
  Fold 2 | Ep  15/50 | t_loss=0.0252 t_acc=0.967 | v_win_bal=0.543 v_rec_bal=0.679 | lr=8.5e-06 | 21.0s
  Fold 2 | Ep  16/50 | t_loss=0.0242 t_acc=0.970 | v_win_bal=0.548 v_rec_bal=0.679 | lr=8.2e-06 | 20.8s
  Fold 2 | Ep  17/50 | t_loss=0.0237 t_acc=0.975 | v_win_bal=0.543 v_rec_bal=0.690 | lr=8.0e-06 | 20.8s
  Fold 2 | Ep  18/50 | t_loss=0.0191 t_acc=0.980 | v_win_bal=0.552 v_rec_bal=0.690 | lr=7.7e-06 | 20.8s
  Fold 2 | Ep  19/50 | t_loss=0.0193 t_acc=0.983 | v_win_bal=0.560 v_rec_bal=0.690 | lr=7.4e-06 | 21.3s
  Fold 2 | Ep  20/50 | t_loss=0.0151 t_acc=0.986 | v_win_bal=0.550 v_rec_bal=0.690 | lr=7.1e-06 | 21.0s
  Fold 2 | Ep  21/50 | t_loss=0.0137 t_acc=0.988 | v_win_bal=0.549 v_rec_bal=0.679 | lr=6.8e-06 | 21.0s
  Fold 2 | Ep  22/50 | t_loss=0.0113 t_acc=0.989 | v_win_bal=0.550 v_rec_bal=0.690 | lr=6.5e-06 | 21.0s
  Fold 2 | Ep  23/50 | t_loss=0.0104 t_acc=0.991 | v_win_bal=0.549 v_rec_bal=0.762 | lr=6.2e-06 | 21.0s
  Fold 2 | Ep  24/50 | t_loss=0.0089 t_acc=0.992 | v_win_bal=0.559 v_rec_bal=0.690 | lr=5.8e-06 | 21.0s
  Fold 2 | Ep  25/50 | t_loss=0.0072 t_acc=0.994 | v_win_bal=0.549 v_rec_bal=0.679 | lr=5.5e-06 | 20.9s
  Fold 2 | Ep  26/50 | t_loss=0.0057 t_acc=0.996 | v_win_bal=0.554 v_rec_bal=0.679 | lr=5.2e-06 | 20.9s
  Fold 2 | Ep  27/50 | t_loss=0.0049 t_acc=0.996 | v_win_bal=0.555 v_rec_bal=0.690 | lr=4.8e-06 | 21.0s
  Fold 2 | Ep  28/50 | t_loss=0.0040 t_acc=0.997 | v_win_bal=0.547 v_rec_bal=0.690 | lr=4.5e-06 | 20.9s
  Fold 2 | Ep  29/50 | t_loss=0.0033 t_acc=0.997 | v_win_bal=0.549 v_rec_bal=0.595 | lr=4.2e-06 | 20.9s
  Fold 2 | Ep  30/50 | t_loss=0.0030 t_acc=0.998 | v_win_bal=0.542 v_rec_bal=0.679 | lr=3.8e-06 | 20.8s
  Fold 2 | Ep  31/50 | t_loss=0.0021 t_acc=0.998 | v_win_bal=0.561 v_rec_bal=0.690 | lr=3.5e-06 | 21.4s
  Fold 2 | Ep  32/50 | t_loss=0.0023 t_acc=0.999 | v_win_bal=0.556 v_rec_bal=0.690 | lr=3.2e-06 | 20.9s
  Fold 2 | Ep  33/50 | t_loss=0.0018 t_acc=0.999 | v_win_bal=0.553 v_rec_bal=0.690 | lr=2.9e-06 | 20.9s
  Fold 2 | Ep  34/50 | t_loss=0.0019 t_acc=0.999 | v_win_bal=0.558 v_rec_bal=0.690 | lr=2.6e-06 | 20.9s
  Fold 2 | Ep  35/50 | t_loss=0.0017 t_acc=0.999 | v_win_bal=0.561 v_rec_bal=0.690 | lr=2.3e-06 | 20.9s
  Fold 2 | Ep  36/50 | t_loss=0.0014 t_acc=0.999 | v_win_bal=0.550 v_rec_bal=0.690 | lr=2.0e-06 | 21.3s
  Fold 2 | Ep  37/50 | t_loss=0.0016 t_acc=0.999 | v_win_bal=0.561 v_rec_bal=0.690 | lr=1.8e-06 | 20.8s
  Fold 2 | Ep  38/50 | t_loss=0.0015 t_acc=0.999 | v_win_bal=0.556 v_rec_bal=0.690 | lr=1.5e-06 | 20.9s
  Fold 2 | Ep  39/50 | t_loss=0.0014 t_acc=0.999 | v_win_bal=0.551 v_rec_bal=0.690 | lr=1.3e-06 | 20.9s
  Early stop at epoch 39
  -> Test (best @ epoch 23): acc=0.3077, bal_acc=0.2976

============================================================
Fold 3/5
============================================================
  Train:  39 samples, 39 subjects [3, 7, 8, 10, 11, 12, 13, 14, 18, 19, 20, 25, 26, 29, 30, 31, 34, 36, 37, 40, 41, 44, 45, 46, 49, 50, 51, 52, 53, 54, 55, 56, 59, 60, 61, 62, 63, 64, 65], label_0=17, label_1=22
    Val:  13 samples, 13 subjects [2, 6, 9, 21, 23, 27, 28, 32, 33, 35, 39, 43, 47], label_0=6, label_1=7
   Test:  13 samples, 13 subjects [1, 4, 5, 15, 16, 17, 22, 24, 38, 42, 48, 57, 58], label_0=6, label_1=7
  Building window datasets...
    WindowDataset: 17134 windows (class_0=2948, class_1=14186)
    WindowDataset: 2053 windows (class_0=922, class_1=1131)
    WindowDataset: 2171 windows (class_0=957, class_1=1214)
[LaBraM] Loaded 219/221 params from weights/labram-base/model.safetensors
[LaBraM] Missing: ['fc_norm.weight', 'fc_norm.bias']
  Fold 3 | Ep   1/50 | t_loss=0.1788 t_acc=0.273 | v_win_bal=0.462 v_rec_bal=0.369 | lr=3.3e-06 | 21.0s
  Fold 3 | Ep   2/50 | t_loss=0.1692 t_acc=0.686 | v_win_bal=0.548 v_rec_bal=0.488 | lr=6.7e-06 | 21.0s
  Fold 3 | Ep   3/50 | t_loss=0.1548 t_acc=0.698 | v_win_bal=0.553 v_rec_bal=0.548 | lr=1.0e-05 | 21.0s
  Fold 3 | Ep   4/50 | t_loss=0.1276 t_acc=0.773 | v_win_bal=0.543 v_rec_bal=0.536 | lr=1.0e-05 | 21.0s
  Fold 3 | Ep   5/50 | t_loss=0.0944 t_acc=0.848 | v_win_bal=0.520 v_rec_bal=0.536 | lr=1.0e-05 | 21.0s
  Fold 3 | Ep   6/50 | t_loss=0.0745 t_acc=0.878 | v_win_bal=0.523 v_rec_bal=0.476 | lr=9.9e-06 | 21.1s
  Fold 3 | Ep   7/50 | t_loss=0.0631 t_acc=0.898 | v_win_bal=0.528 v_rec_bal=0.405 | lr=9.8e-06 | 21.1s
  Fold 3 | Ep   8/50 | t_loss=0.0552 t_acc=0.913 | v_win_bal=0.535 v_rec_bal=0.536 | lr=9.7e-06 | 21.1s
  Fold 3 | Ep   9/50 | t_loss=0.0496 t_acc=0.923 | v_win_bal=0.522 v_rec_bal=0.524 | lr=9.6e-06 | 21.0s
  Fold 3 | Ep  10/50 | t_loss=0.0439 t_acc=0.937 | v_win_bal=0.535 v_rec_bal=0.464 | lr=9.5e-06 | 21.0s
  Fold 3 | Ep  11/50 | t_loss=0.0392 t_acc=0.948 | v_win_bal=0.546 v_rec_bal=0.548 | lr=9.3e-06 | 21.1s
  Fold 3 | Ep  12/50 | t_loss=0.0336 t_acc=0.954 | v_win_bal=0.528 v_rec_bal=0.464 | lr=9.1e-06 | 21.1s
  Fold 3 | Ep  13/50 | t_loss=0.0295 t_acc=0.965 | v_win_bal=0.546 v_rec_bal=0.548 | lr=8.9e-06 | 21.0s
  Fold 3 | Ep  14/50 | t_loss=0.0270 t_acc=0.969 | v_win_bal=0.535 v_rec_bal=0.595 | lr=8.7e-06 | 21.1s
  Fold 3 | Ep  15/50 | t_loss=0.0226 t_acc=0.974 | v_win_bal=0.544 v_rec_bal=0.595 | lr=8.5e-06 | 21.1s
  Fold 3 | Ep  16/50 | t_loss=0.0201 t_acc=0.980 | v_win_bal=0.526 v_rec_bal=0.607 | lr=8.2e-06 | 21.6s
  Fold 3 | Ep  17/50 | t_loss=0.0166 t_acc=0.984 | v_win_bal=0.537 v_rec_bal=0.452 | lr=8.0e-06 | 21.0s
  Fold 3 | Ep  18/50 | t_loss=0.0137 t_acc=0.988 | v_win_bal=0.546 v_rec_bal=0.524 | lr=7.7e-06 | 21.0s
  Fold 3 | Ep  19/50 | t_loss=0.0120 t_acc=0.990 | v_win_bal=0.544 v_rec_bal=0.595 | lr=7.4e-06 | 21.1s
  Fold 3 | Ep  20/50 | t_loss=0.0118 t_acc=0.991 | v_win_bal=0.535 v_rec_bal=0.595 | lr=7.1e-06 | 21.1s
  Fold 3 | Ep  21/50 | t_loss=0.0076 t_acc=0.994 | v_win_bal=0.531 v_rec_bal=0.595 | lr=6.8e-06 | 21.5s
  Fold 3 | Ep  22/50 | t_loss=0.0063 t_acc=0.995 | v_win_bal=0.545 v_rec_bal=0.595 | lr=6.5e-06 | 21.0s
  Fold 3 | Ep  23/50 | t_loss=0.0045 t_acc=0.997 | v_win_bal=0.546 v_rec_bal=0.595 | lr=6.2e-06 | 21.1s
  Fold 3 | Ep  24/50 | t_loss=0.0029 t_acc=0.998 | v_win_bal=0.535 v_rec_bal=0.595 | lr=5.8e-06 | 21.1s
  Fold 3 | Ep  25/50 | t_loss=0.0025 t_acc=0.998 | v_win_bal=0.534 v_rec_bal=0.512 | lr=5.5e-06 | 21.0s
  Fold 3 | Ep  26/50 | t_loss=0.0020 t_acc=0.999 | v_win_bal=0.542 v_rec_bal=0.595 | lr=5.2e-06 | 20.9s
  Fold 3 | Ep  27/50 | t_loss=0.0012 t_acc=0.999 | v_win_bal=0.531 v_rec_bal=0.512 | lr=4.8e-06 | 21.0s
  Fold 3 | Ep  28/50 | t_loss=0.0012 t_acc=0.999 | v_win_bal=0.537 v_rec_bal=0.595 | lr=4.5e-06 | 21.0s
  Fold 3 | Ep  29/50 | t_loss=0.0008 t_acc=0.999 | v_win_bal=0.532 v_rec_bal=0.595 | lr=4.2e-06 | 21.1s
  Fold 3 | Ep  30/50 | t_loss=0.0007 t_acc=0.999 | v_win_bal=0.538 v_rec_bal=0.595 | lr=3.8e-06 | 21.0s
  Fold 3 | Ep  31/50 | t_loss=0.0003 t_acc=1.000 | v_win_bal=0.534 v_rec_bal=0.595 | lr=3.5e-06 | 21.0s
  Early stop at epoch 31
  -> Test (best @ epoch 16): acc=0.6923, bal_acc=0.6905

============================================================
Fold 4/5
============================================================
  Train:  39 samples, 39 subjects [1, 2, 7, 10, 11, 15, 16, 17, 18, 22, 23, 24, 26, 27, 31, 33, 34, 36, 38, 39, 40, 42, 43, 44, 45, 46, 47, 48, 51, 53, 56, 57, 58, 59, 61, 62, 63, 64, 65], label_0=17, label_1=22
    Val:  13 samples, 13 subjects [4, 5, 8, 9, 14, 19, 25, 32, 49, 50, 52, 54, 60], label_0=6, label_1=7
   Test:  13 samples, 13 subjects [3, 6, 12, 13, 20, 21, 28, 29, 30, 35, 37, 41, 55], label_0=6, label_1=7
  Building window datasets...
    WindowDataset: 18129 windows (class_0=2891, class_1=15238)
    WindowDataset: 2055 windows (class_0=948, class_1=1107)
    WindowDataset: 1963 windows (class_0=988, class_1=975)
[LaBraM] Loaded 219/221 params from weights/labram-base/model.safetensors
[LaBraM] Missing: ['fc_norm.weight', 'fc_norm.bias']
  Fold 4 | Ep   1/50 | t_loss=0.1757 t_acc=0.365 | v_win_bal=0.396 v_rec_bal=0.286 | lr=3.3e-06 | 22.3s
  Fold 4 | Ep   2/50 | t_loss=0.1655 t_acc=0.665 | v_win_bal=0.397 v_rec_bal=0.286 | lr=6.7e-06 | 22.2s
  Fold 4 | Ep   3/50 | t_loss=0.1438 t_acc=0.735 | v_win_bal=0.480 v_rec_bal=0.536 | lr=1.0e-05 | 22.3s
  Fold 4 | Ep   4/50 | t_loss=0.0917 t_acc=0.843 | v_win_bal=0.526 v_rec_bal=0.548 | lr=1.0e-05 | 22.2s
  Fold 4 | Ep   5/50 | t_loss=0.0711 t_acc=0.875 | v_win_bal=0.549 v_rec_bal=0.548 | lr=1.0e-05 | 22.3s
  Fold 4 | Ep   6/50 | t_loss=0.0622 t_acc=0.890 | v_win_bal=0.558 v_rec_bal=0.548 | lr=9.9e-06 | 22.2s
  Fold 4 | Ep   7/50 | t_loss=0.0581 t_acc=0.904 | v_win_bal=0.546 v_rec_bal=0.548 | lr=9.8e-06 | 22.2s
  Fold 4 | Ep   8/50 | t_loss=0.0525 t_acc=0.914 | v_win_bal=0.575 v_rec_bal=0.548 | lr=9.7e-06 | 22.2s
  Fold 4 | Ep   9/50 | t_loss=0.0483 t_acc=0.924 | v_win_bal=0.576 v_rec_bal=0.679 | lr=9.6e-06 | 22.3s
  Fold 4 | Ep  10/50 | t_loss=0.0429 t_acc=0.935 | v_win_bal=0.582 v_rec_bal=0.548 | lr=9.5e-06 | 22.2s
  Fold 4 | Ep  11/50 | t_loss=0.0395 t_acc=0.942 | v_win_bal=0.570 v_rec_bal=0.619 | lr=9.3e-06 | 22.3s
  Fold 4 | Ep  12/50 | t_loss=0.0355 t_acc=0.952 | v_win_bal=0.580 v_rec_bal=0.548 | lr=9.1e-06 | 22.3s
  Fold 4 | Ep  13/50 | t_loss=0.0318 t_acc=0.959 | v_win_bal=0.590 v_rec_bal=0.619 | lr=8.9e-06 | 22.4s
  Fold 4 | Ep  14/50 | t_loss=0.0269 t_acc=0.966 | v_win_bal=0.587 v_rec_bal=0.679 | lr=8.7e-06 | 22.2s
  Fold 4 | Ep  15/50 | t_loss=0.0250 t_acc=0.972 | v_win_bal=0.598 v_rec_bal=0.619 | lr=8.5e-06 | 22.8s
  Fold 4 | Ep  16/50 | t_loss=0.0236 t_acc=0.975 | v_win_bal=0.601 v_rec_bal=0.690 | lr=8.2e-06 | 22.8s
  Fold 4 | Ep  17/50 | t_loss=0.0198 t_acc=0.981 | v_win_bal=0.603 v_rec_bal=0.762 | lr=8.0e-06 | 22.3s
  Fold 4 | Ep  18/50 | t_loss=0.0187 t_acc=0.984 | v_win_bal=0.590 v_rec_bal=0.548 | lr=7.7e-06 | 22.2s
  Fold 4 | Ep  19/50 | t_loss=0.0165 t_acc=0.986 | v_win_bal=0.599 v_rec_bal=0.690 | lr=7.4e-06 | 22.2s
  Fold 4 | Ep  20/50 | t_loss=0.0155 t_acc=0.990 | v_win_bal=0.596 v_rec_bal=0.690 | lr=7.1e-06 | 22.3s
  Fold 4 | Ep  21/50 | t_loss=0.0132 t_acc=0.991 | v_win_bal=0.584 v_rec_bal=0.690 | lr=6.8e-06 | 22.3s
  Fold 4 | Ep  22/50 | t_loss=0.0115 t_acc=0.992 | v_win_bal=0.602 v_rec_bal=0.690 | lr=6.5e-06 | 22.2s
  Fold 4 | Ep  23/50 | t_loss=0.0108 t_acc=0.994 | v_win_bal=0.596 v_rec_bal=0.619 | lr=6.2e-06 | 22.3s
  Fold 4 | Ep  24/50 | t_loss=0.0088 t_acc=0.996 | v_win_bal=0.601 v_rec_bal=0.762 | lr=5.8e-06 | 22.3s
  Fold 4 | Ep  25/50 | t_loss=0.0080 t_acc=0.997 | v_win_bal=0.589 v_rec_bal=0.762 | lr=5.5e-06 | 22.3s
  Fold 4 | Ep  26/50 | t_loss=0.0063 t_acc=0.998 | v_win_bal=0.596 v_rec_bal=0.690 | lr=5.2e-06 | 22.2s
  Fold 4 | Ep  27/50 | t_loss=0.0066 t_acc=0.998 | v_win_bal=0.607 v_rec_bal=0.690 | lr=4.8e-06 | 22.2s
  Fold 4 | Ep  28/50 | t_loss=0.0059 t_acc=0.999 | v_win_bal=0.599 v_rec_bal=0.762 | lr=4.5e-06 | 22.3s
  Fold 4 | Ep  29/50 | t_loss=0.0050 t_acc=0.999 | v_win_bal=0.603 v_rec_bal=0.690 | lr=4.2e-06 | 22.3s
  Fold 4 | Ep  30/50 | t_loss=0.0039 t_acc=0.999 | v_win_bal=0.601 v_rec_bal=0.690 | lr=3.8e-06 | 22.2s
  Fold 4 | Ep  31/50 | t_loss=0.0031 t_acc=0.999 | v_win_bal=0.602 v_rec_bal=0.690 | lr=3.5e-06 | 22.4s
  Fold 4 | Ep  32/50 | t_loss=0.0036 t_acc=1.000 | v_win_bal=0.604 v_rec_bal=0.762 | lr=3.2e-06 | 22.9s
  Fold 4 | Ep  33/50 | t_loss=0.0027 t_acc=1.000 | v_win_bal=0.598 v_rec_bal=0.690 | lr=2.9e-06 | 22.3s
  Fold 4 | Ep  34/50 | t_loss=0.0026 t_acc=1.000 | v_win_bal=0.603 v_rec_bal=0.690 | lr=2.6e-06 | 22.2s
  Fold 4 | Ep  35/50 | t_loss=0.0015 t_acc=1.000 | v_win_bal=0.600 v_rec_bal=0.690 | lr=2.3e-06 | 22.3s
  Fold 4 | Ep  36/50 | t_loss=0.0009 t_acc=1.000 | v_win_bal=0.601 v_rec_bal=0.690 | lr=2.0e-06 | 22.3s
  Fold 4 | Ep  37/50 | t_loss=0.0007 t_acc=1.000 | v_win_bal=0.605 v_rec_bal=0.690 | lr=1.8e-06 | 22.2s
  Fold 4 | Ep  38/50 | t_loss=0.0003 t_acc=1.000 | v_win_bal=0.601 v_rec_bal=0.690 | lr=1.5e-06 | 22.3s
  Fold 4 | Ep  39/50 | t_loss=0.0002 t_acc=1.000 | v_win_bal=0.603 v_rec_bal=0.690 | lr=1.3e-06 | 22.3s
  Fold 4 | Ep  40/50 | t_loss=0.0001 t_acc=1.000 | v_win_bal=0.600 v_rec_bal=0.762 | lr=1.1e-06 | 22.4s
  Fold 4 | Ep  41/50 | t_loss=0.0000 t_acc=1.000 | v_win_bal=0.603 v_rec_bal=0.762 | lr=8.8e-07 | 22.2s
  Early stop at epoch 41
  -> Test (best @ epoch 17): acc=0.3077, bal_acc=0.3214

============================================================
Fold 5/5
============================================================
  Train:  39 samples, 39 subjects [2, 3, 4, 5, 9, 10, 12, 13, 15, 16, 17, 21, 22, 24, 25, 27, 28, 30, 31, 34, 35, 36, 38, 41, 42, 43, 45, 47, 48, 50, 55, 56, 57, 58, 59, 60, 62, 63, 64], label_0=17, label_1=22
    Val:  13 samples, 13 subjects [1, 6, 8, 19, 20, 23, 26, 29, 37, 40, 49, 54, 61], label_0=6, label_1=7
   Test:  13 samples, 13 subjects [7, 11, 14, 18, 32, 33, 39, 44, 46, 51, 52, 53, 65], label_0=6, label_1=7
  Building window datasets...
    WindowDataset: 17159 windows (class_0=2937, class_1=14222)
    WindowDataset: 2108 windows (class_0=934, class_1=1174)
    WindowDataset: 2118 windows (class_0=956, class_1=1162)
[LaBraM] Loaded 219/221 params from weights/labram-base/model.safetensors
[LaBraM] Missing: ['fc_norm.weight', 'fc_norm.bias']
  Fold 5 | Ep   1/50 | t_loss=0.1713 t_acc=0.519 | v_win_bal=0.430 v_rec_bal=0.143 | lr=3.3e-06 | 21.1s
  Fold 5 | Ep   2/50 | t_loss=0.1668 t_acc=0.645 | v_win_bal=0.412 v_rec_bal=0.429 | lr=6.7e-06 | 21.1s
  Fold 5 | Ep   3/50 | t_loss=0.1453 t_acc=0.713 | v_win_bal=0.482 v_rec_bal=0.500 | lr=1.0e-05 | 21.2s
  Fold 5 | Ep   4/50 | t_loss=0.0955 t_acc=0.813 | v_win_bal=0.493 v_rec_bal=0.500 | lr=1.0e-05 | 21.1s
  Fold 5 | Ep   5/50 | t_loss=0.0800 t_acc=0.841 | v_win_bal=0.505 v_rec_bal=0.500 | lr=1.0e-05 | 21.1s
  Fold 5 | Ep   6/50 | t_loss=0.0698 t_acc=0.865 | v_win_bal=0.499 v_rec_bal=0.417 | lr=9.9e-06 | 21.1s
  Fold 5 | Ep   7/50 | t_loss=0.0633 t_acc=0.883 | v_win_bal=0.494 v_rec_bal=0.488 | lr=9.8e-06 | 21.5s
  Fold 5 | Ep   8/50 | t_loss=0.0585 t_acc=0.898 | v_win_bal=0.493 v_rec_bal=0.417 | lr=9.7e-06 | 21.1s
  Fold 5 | Ep   9/50 | t_loss=0.0539 t_acc=0.908 | v_win_bal=0.507 v_rec_bal=0.405 | lr=9.6e-06 | 21.6s
  Fold 5 | Ep  10/50 | t_loss=0.0501 t_acc=0.920 | v_win_bal=0.507 v_rec_bal=0.405 | lr=9.5e-06 | 21.9s
  Fold 5 | Ep  11/50 | t_loss=0.0447 t_acc=0.930 | v_win_bal=0.518 v_rec_bal=0.405 | lr=9.3e-06 | 21.9s
  Fold 5 | Ep  12/50 | t_loss=0.0408 t_acc=0.939 | v_win_bal=0.529 v_rec_bal=0.548 | lr=9.1e-06 | 21.4s
  Fold 5 | Ep  13/50 | t_loss=0.0380 t_acc=0.946 | v_win_bal=0.523 v_rec_bal=0.405 | lr=8.9e-06 | 21.2s
  Fold 5 | Ep  14/50 | t_loss=0.0350 t_acc=0.954 | v_win_bal=0.507 v_rec_bal=0.405 | lr=8.7e-06 | 21.2s
  Fold 5 | Ep  15/50 | t_loss=0.0319 t_acc=0.958 | v_win_bal=0.565 v_rec_bal=0.679 | lr=8.5e-06 | 21.1s
  Fold 5 | Ep  16/50 | t_loss=0.0280 t_acc=0.965 | v_win_bal=0.525 v_rec_bal=0.405 | lr=8.2e-06 | 21.2s
  Fold 5 | Ep  17/50 | t_loss=0.0264 t_acc=0.969 | v_win_bal=0.514 v_rec_bal=0.405 | lr=8.0e-06 | 21.2s
  Fold 5 | Ep  18/50 | t_loss=0.0220 t_acc=0.974 | v_win_bal=0.542 v_rec_bal=0.762 | lr=7.7e-06 | 21.1s
  Fold 5 | Ep  19/50 | t_loss=0.0187 t_acc=0.979 | v_win_bal=0.531 v_rec_bal=0.405 | lr=7.4e-06 | 21.2s
  Fold 5 | Ep  20/50 | t_loss=0.0181 t_acc=0.981 | v_win_bal=0.559 v_rec_bal=0.762 | lr=7.1e-06 | 21.1s
  Fold 5 | Ep  21/50 | t_loss=0.0147 t_acc=0.985 | v_win_bal=0.555 v_rec_bal=0.679 | lr=6.8e-06 | 21.3s
  Fold 5 | Ep  22/50 | t_loss=0.0142 t_acc=0.988 | v_win_bal=0.558 v_rec_bal=0.762 | lr=6.5e-06 | 21.2s
  Fold 5 | Ep  23/50 | t_loss=0.0120 t_acc=0.990 | v_win_bal=0.573 v_rec_bal=0.762 | lr=6.2e-06 | 21.2s
  Fold 5 | Ep  24/50 | t_loss=0.0104 t_acc=0.991 | v_win_bal=0.565 v_rec_bal=0.762 | lr=5.8e-06 | 21.9s
  Fold 5 | Ep  25/50 | t_loss=0.0096 t_acc=0.993 | v_win_bal=0.563 v_rec_bal=0.762 | lr=5.5e-06 | 21.9s
  Fold 5 | Ep  26/50 | t_loss=0.0082 t_acc=0.993 | v_win_bal=0.562 v_rec_bal=0.762 | lr=5.2e-06 | 21.6s
  Fold 5 | Ep  27/50 | t_loss=0.0058 t_acc=0.995 | v_win_bal=0.555 v_rec_bal=0.762 | lr=4.8e-06 | 21.6s
  Fold 5 | Ep  28/50 | t_loss=0.0048 t_acc=0.995 | v_win_bal=0.553 v_rec_bal=0.762 | lr=4.5e-06 | 22.0s
  Fold 5 | Ep  29/50 | t_loss=0.0046 t_acc=0.996 | v_win_bal=0.561 v_rec_bal=0.762 | lr=4.2e-06 | 22.0s
  Fold 5 | Ep  30/50 | t_loss=0.0037 t_acc=0.997 | v_win_bal=0.563 v_rec_bal=0.762 | lr=3.8e-06 | 21.9s
  Fold 5 | Ep  31/50 | t_loss=0.0031 t_acc=0.998 | v_win_bal=0.559 v_rec_bal=0.762 | lr=3.5e-06 | 22.0s
  Fold 5 | Ep  32/50 | t_loss=0.0027 t_acc=0.998 | v_win_bal=0.565 v_rec_bal=0.762 | lr=3.2e-06 | 21.9s
  Fold 5 | Ep  33/50 | t_loss=0.0021 t_acc=0.998 | v_win_bal=0.561 v_rec_bal=0.762 | lr=2.9e-06 | 21.6s
  Fold 5 | Ep  34/50 | t_loss=0.0024 t_acc=0.999 | v_win_bal=0.566 v_rec_bal=0.762 | lr=2.6e-06 | 21.2s
  Fold 5 | Ep  35/50 | t_loss=0.0019 t_acc=0.999 | v_win_bal=0.574 v_rec_bal=0.762 | lr=2.3e-06 | 21.3s
  Fold 5 | Ep  36/50 | t_loss=0.0016 t_acc=0.999 | v_win_bal=0.567 v_rec_bal=0.762 | lr=2.0e-06 | 21.2s
  Fold 5 | Ep  37/50 | t_loss=0.0013 t_acc=0.999 | v_win_bal=0.571 v_rec_bal=0.762 | lr=1.8e-06 | 21.2s
  Fold 5 | Ep  38/50 | t_loss=0.0012 t_acc=0.999 | v_win_bal=0.571 v_rec_bal=0.762 | lr=1.5e-06 | 21.2s
  Fold 5 | Ep  39/50 | t_loss=0.0008 t_acc=0.999 | v_win_bal=0.570 v_rec_bal=0.762 | lr=1.3e-06 | 21.3s
  Early stop at epoch 39
  -> Test (best @ epoch 18): acc=0.6923, bal_acc=0.6905

============================================================
Global Results (5-Fold, subject-level CV)
Mode: FT | Extractor: labram | Loss: focal
============================================================
              acc: 0.5231
          bal_acc: 0.5158
               f1: 0.5222
            kappa: 0.0317
  Total predictions: 65 (should equal dataset size: 65)

Results saved to results/studies/exp27_paired_null/adftd/perm_s24/
