/raid/jupyter-linjimmy1003.md10/.conda/envs/stress/lib/python3.11/site-packages/timm/models/layers/__init__.py:49: FutureWarning: Importing from timm.models.layers is deprecated, please import via timm.layers
  warnings.warn(f"Importing from {__name__} is deprecated, please import via timm.layers", FutureWarning)
Mode: FT | Extractor: labram | Folds: 5
LR: 1e-05 | WD: 0.05 | Beta2: 0.999 | Grad clip: 2.0
Head: hidden=128, dropout=0.0 | Norm: zscore | Loss: focal
Full FT: encoder_lr_scale=0.1
Augmentation: 75% overlap for increase class

Results → results/studies/exp27_paired_null/adftd/perm_s14/
ADFTD: 65 recordings from 65 subjects (AD=36, HC=29)
ADFTD: 65 recordings, 65 subjects (AD=36, HC=29)
[permute-labels] Subject-level shuffle with rng seed 14 over 65 subjects. Class balance preserved: 36 pos / 29 neg

============================================================
Fold 1/5
============================================================
  Train:  39 samples, 39 subjects [2, 3, 5, 6, 8, 11, 12, 13, 14, 16, 18, 19, 20, 21, 24, 29, 31, 34, 35, 36, 37, 41, 42, 44, 45, 46, 49, 50, 51, 52, 53, 55, 56, 57, 58, 61, 62, 64, 65], label_0=18, label_1=21
    Val:  13 samples, 13 subjects [1, 9, 26, 27, 28, 30, 33, 38, 39, 43, 47, 48, 63], label_0=6, label_1=7
   Test:  13 samples, 13 subjects [4, 7, 10, 15, 17, 22, 23, 25, 32, 40, 54, 59, 60], label_0=5, label_1=8
  Building window datasets...
    WindowDataset: 17138 windows (class_0=2885, class_1=14253)
    WindowDataset: 2045 windows (class_0=879, class_1=1166)
    WindowDataset: 2226 windows (class_0=799, class_1=1427)
[LaBraM] Loaded 219/221 params from weights/labram-base/model.safetensors
[LaBraM] Missing: ['fc_norm.weight', 'fc_norm.bias']
  Trainable parameters: 5,871,779
  Class weights: [2.9701905250549316, 0.6012067794799805]
  Fold 1 | Ep   1/50 | t_loss=0.1864 t_acc=0.279 | v_win_bal=0.635 v_rec_bal=0.917 | lr=3.3e-06 | 23.0s
  Fold 1 | Ep   2/50 | t_loss=0.1701 t_acc=0.633 | v_win_bal=0.652 v_rec_bal=0.845 | lr=6.7e-06 | 21.2s
  Fold 1 | Ep   3/50 | t_loss=0.1575 t_acc=0.686 | v_win_bal=0.642 v_rec_bal=0.845 | lr=1.0e-05 | 21.2s
  Fold 1 | Ep   4/50 | t_loss=0.1124 t_acc=0.794 | v_win_bal=0.583 v_rec_bal=0.631 | lr=1.0e-05 | 20.2s
  Fold 1 | Ep   5/50 | t_loss=0.0845 t_acc=0.840 | v_win_bal=0.562 v_rec_bal=0.488 | lr=1.0e-05 | 20.8s
  Fold 1 | Ep   6/50 | t_loss=0.0754 t_acc=0.860 | v_win_bal=0.581 v_rec_bal=0.560 | lr=9.9e-06 | 21.0s
  Fold 1 | Ep   7/50 | t_loss=0.0689 t_acc=0.875 | v_win_bal=0.597 v_rec_bal=0.631 | lr=9.8e-06 | 20.5s
  Fold 1 | Ep   8/50 | t_loss=0.0636 t_acc=0.890 | v_win_bal=0.545 v_rec_bal=0.488 | lr=9.7e-06 | 20.5s
  Fold 1 | Ep   9/50 | t_loss=0.0585 t_acc=0.900 | v_win_bal=0.593 v_rec_bal=0.702 | lr=9.6e-06 | 20.5s
  Fold 1 | Ep  10/50 | t_loss=0.0551 t_acc=0.913 | v_win_bal=0.566 v_rec_bal=0.488 | lr=9.5e-06 | 20.5s
  Fold 1 | Ep  11/50 | t_loss=0.0502 t_acc=0.922 | v_win_bal=0.591 v_rec_bal=0.702 | lr=9.3e-06 | 20.5s
  Fold 1 | Ep  12/50 | t_loss=0.0451 t_acc=0.931 | v_win_bal=0.600 v_rec_bal=0.631 | lr=9.1e-06 | 20.4s
  Fold 1 | Ep  13/50 | t_loss=0.0400 t_acc=0.941 | v_win_bal=0.600 v_rec_bal=0.631 | lr=8.9e-06 | 20.4s
  Fold 1 | Ep  14/50 | t_loss=0.0358 t_acc=0.950 | v_win_bal=0.604 v_rec_bal=0.774 | lr=8.7e-06 | 20.3s
  Fold 1 | Ep  15/50 | t_loss=0.0325 t_acc=0.958 | v_win_bal=0.599 v_rec_bal=0.702 | lr=8.5e-06 | 20.3s
  Fold 1 | Ep  16/50 | t_loss=0.0300 t_acc=0.964 | v_win_bal=0.607 v_rec_bal=0.702 | lr=8.2e-06 | 20.3s
  Early stop at epoch 16
  -> Test (best @ epoch 1): acc=0.3846, bal_acc=0.3500

============================================================
Fold 2/5
============================================================
  Train:  39 samples, 39 subjects [4, 7, 9, 10, 12, 15, 16, 17, 18, 20, 21, 22, 23, 25, 27, 30, 31, 33, 34, 35, 36, 37, 38, 39, 40, 41, 43, 44, 46, 51, 52, 53, 54, 56, 58, 60, 61, 62, 65], label_0=17, label_1=22
    Val:  13 samples, 13 subjects [2, 6, 11, 14, 28, 29, 32, 49, 50, 55, 59, 63, 64], label_0=6, label_1=7
   Test:  13 samples, 13 subjects [1, 3, 5, 8, 13, 19, 24, 26, 42, 45, 47, 48, 57], label_0=6, label_1=7
  Building window datasets...
    WindowDataset: 18216 windows (class_0=2674, class_1=15542)
    WindowDataset: 2083 windows (class_0=931, class_1=1152)
    WindowDataset: 2076 windows (class_0=958, class_1=1118)
[LaBraM] Loaded 219/221 params from weights/labram-base/model.safetensors
[LaBraM] Missing: ['fc_norm.weight', 'fc_norm.bias']
  Fold 2 | Ep   1/50 | t_loss=0.1744 t_acc=0.770 | v_win_bal=0.560 v_rec_bal=0.679 | lr=3.3e-06 | 23.0s
  Fold 2 | Ep   2/50 | t_loss=0.1662 t_acc=0.674 | v_win_bal=0.564 v_rec_bal=0.667 | lr=6.7e-06 | 22.7s
  Fold 2 | Ep   3/50 | t_loss=0.1312 t_acc=0.771 | v_win_bal=0.533 v_rec_bal=0.571 | lr=1.0e-05 | 22.5s
  Fold 2 | Ep   4/50 | t_loss=0.0853 t_acc=0.844 | v_win_bal=0.485 v_rec_bal=0.560 | lr=1.0e-05 | 22.4s
  Fold 2 | Ep   5/50 | t_loss=0.0726 t_acc=0.871 | v_win_bal=0.484 v_rec_bal=0.560 | lr=1.0e-05 | 22.5s
  Fold 2 | Ep   6/50 | t_loss=0.0659 t_acc=0.890 | v_win_bal=0.492 v_rec_bal=0.631 | lr=9.9e-06 | 22.5s
  Fold 2 | Ep   7/50 | t_loss=0.0610 t_acc=0.900 | v_win_bal=0.507 v_rec_bal=0.560 | lr=9.8e-06 | 22.5s
  Fold 2 | Ep   8/50 | t_loss=0.0576 t_acc=0.911 | v_win_bal=0.513 v_rec_bal=0.560 | lr=9.7e-06 | 22.5s
  Fold 2 | Ep   9/50 | t_loss=0.0543 t_acc=0.919 | v_win_bal=0.493 v_rec_bal=0.631 | lr=9.6e-06 | 22.5s
  Fold 2 | Ep  10/50 | t_loss=0.0496 t_acc=0.925 | v_win_bal=0.509 v_rec_bal=0.619 | lr=9.5e-06 | 22.4s
  Fold 2 | Ep  11/50 | t_loss=0.0479 t_acc=0.934 | v_win_bal=0.531 v_rec_bal=0.524 | lr=9.3e-06 | 22.4s
  Fold 2 | Ep  12/50 | t_loss=0.0439 t_acc=0.941 | v_win_bal=0.559 v_rec_bal=0.702 | lr=9.1e-06 | 22.9s
  Fold 2 | Ep  13/50 | t_loss=0.0396 t_acc=0.947 | v_win_bal=0.556 v_rec_bal=0.631 | lr=8.9e-06 | 22.5s
  Fold 2 | Ep  14/50 | t_loss=0.0366 t_acc=0.954 | v_win_bal=0.586 v_rec_bal=0.607 | lr=8.7e-06 | 22.5s
  Fold 2 | Ep  15/50 | t_loss=0.0343 t_acc=0.959 | v_win_bal=0.589 v_rec_bal=0.702 | lr=8.5e-06 | 22.5s
  Fold 2 | Ep  16/50 | t_loss=0.0316 t_acc=0.965 | v_win_bal=0.573 v_rec_bal=0.595 | lr=8.2e-06 | 22.5s
  Early stop at epoch 16
  -> Test (best @ epoch 12): acc=0.6154, bal_acc=0.6071

============================================================
Fold 3/5
============================================================
  Train:  39 samples, 39 subjects [2, 3, 4, 5, 6, 7, 8, 9, 10, 11, 12, 13, 15, 17, 19, 20, 21, 22, 23, 25, 26, 30, 31, 32, 33, 35, 37, 40, 42, 45, 47, 48, 49, 52, 54, 55, 57, 59, 63], label_0=17, label_1=22
    Val:  13 samples, 13 subjects [1, 16, 24, 29, 34, 39, 41, 44, 51, 53, 60, 61, 65], label_0=6, label_1=7
   Test:  13 samples, 13 subjects [14, 18, 27, 28, 36, 38, 43, 46, 50, 56, 58, 62, 64], label_0=6, label_1=7
  Building window datasets...
    WindowDataset: 17691 windows (class_0=2613, class_1=15078)
    WindowDataset: 2138 windows (class_0=914, class_1=1224)
    WindowDataset: 2198 windows (class_0=1036, class_1=1162)
[LaBraM] Loaded 219/221 params from weights/labram-base/model.safetensors
[LaBraM] Missing: ['fc_norm.weight', 'fc_norm.bias']
  Fold 3 | Ep   1/50 | t_loss=0.1759 t_acc=0.326 | v_win_bal=0.515 v_rec_bal=0.512 | lr=3.3e-06 | 21.8s
  Fold 3 | Ep   2/50 | t_loss=0.1668 t_acc=0.660 | v_win_bal=0.530 v_rec_bal=0.690 | lr=6.7e-06 | 21.8s
  Fold 3 | Ep   3/50 | t_loss=0.1394 t_acc=0.732 | v_win_bal=0.513 v_rec_bal=0.476 | lr=1.0e-05 | 21.9s
  Fold 3 | Ep   4/50 | t_loss=0.0910 t_acc=0.834 | v_win_bal=0.509 v_rec_bal=0.548 | lr=1.0e-05 | 22.2s
  Fold 3 | Ep   5/50 | t_loss=0.0790 t_acc=0.858 | v_win_bal=0.555 v_rec_bal=0.571 | lr=1.0e-05 | 21.8s
  Fold 3 | Ep   6/50 | t_loss=0.0732 t_acc=0.872 | v_win_bal=0.543 v_rec_bal=0.643 | lr=9.9e-06 | 21.9s
  Fold 3 | Ep   7/50 | t_loss=0.0667 t_acc=0.887 | v_win_bal=0.546 v_rec_bal=0.631 | lr=9.8e-06 | 21.9s
  Fold 3 | Ep   8/50 | t_loss=0.0618 t_acc=0.900 | v_win_bal=0.549 v_rec_bal=0.631 | lr=9.7e-06 | 21.9s
  Fold 3 | Ep   9/50 | t_loss=0.0584 t_acc=0.910 | v_win_bal=0.541 v_rec_bal=0.571 | lr=9.6e-06 | 21.9s
  Fold 3 | Ep  10/50 | t_loss=0.0545 t_acc=0.918 | v_win_bal=0.543 v_rec_bal=0.548 | lr=9.5e-06 | 22.0s
  Fold 3 | Ep  11/50 | t_loss=0.0532 t_acc=0.929 | v_win_bal=0.547 v_rec_bal=0.548 | lr=9.3e-06 | 21.9s
  Fold 3 | Ep  12/50 | t_loss=0.0481 t_acc=0.938 | v_win_bal=0.537 v_rec_bal=0.548 | lr=9.1e-06 | 22.0s
  Fold 3 | Ep  13/50 | t_loss=0.0426 t_acc=0.944 | v_win_bal=0.536 v_rec_bal=0.607 | lr=8.9e-06 | 21.9s
  Fold 3 | Ep  14/50 | t_loss=0.0422 t_acc=0.951 | v_win_bal=0.543 v_rec_bal=0.619 | lr=8.7e-06 | 21.9s
  Fold 3 | Ep  15/50 | t_loss=0.0379 t_acc=0.956 | v_win_bal=0.543 v_rec_bal=0.607 | lr=8.5e-06 | 21.9s
  Fold 3 | Ep  16/50 | t_loss=0.0331 t_acc=0.962 | v_win_bal=0.533 v_rec_bal=0.536 | lr=8.2e-06 | 21.8s
  Fold 3 | Ep  17/50 | t_loss=0.0352 t_acc=0.968 | v_win_bal=0.536 v_rec_bal=0.607 | lr=8.0e-06 | 21.9s
  Fold 3 | Ep  18/50 | t_loss=0.0299 t_acc=0.971 | v_win_bal=0.540 v_rec_bal=0.619 | lr=7.7e-06 | 21.7s
  Fold 3 | Ep  19/50 | t_loss=0.0268 t_acc=0.976 | v_win_bal=0.538 v_rec_bal=0.607 | lr=7.4e-06 | 22.3s
  Fold 3 | Ep  20/50 | t_loss=0.0252 t_acc=0.977 | v_win_bal=0.518 v_rec_bal=0.524 | lr=7.1e-06 | 21.9s
  Fold 3 | Ep  21/50 | t_loss=0.0238 t_acc=0.981 | v_win_bal=0.523 v_rec_bal=0.524 | lr=6.8e-06 | 21.8s
  Fold 3 | Ep  22/50 | t_loss=0.0213 t_acc=0.983 | v_win_bal=0.530 v_rec_bal=0.607 | lr=6.5e-06 | 21.8s
  Fold 3 | Ep  23/50 | t_loss=0.0192 t_acc=0.987 | v_win_bal=0.516 v_rec_bal=0.524 | lr=6.2e-06 | 21.8s
  Early stop at epoch 23
  -> Test (best @ epoch 2): acc=0.7692, bal_acc=0.7619

============================================================
Fold 4/5
============================================================
  Train:  39 samples, 39 subjects [3, 4, 5, 7, 8, 10, 11, 13, 14, 15, 16, 17, 18, 19, 20, 21, 24, 26, 28, 32, 33, 34, 36, 37, 38, 40, 43, 44, 45, 48, 52, 53, 57, 58, 59, 60, 61, 64, 65], label_0=17, label_1=22
    Val:  13 samples, 13 subjects [1, 9, 22, 23, 25, 27, 42, 46, 47, 50, 54, 56, 62], label_0=6, label_1=7
   Test:  13 samples, 13 subjects [2, 6, 12, 29, 30, 31, 35, 39, 41, 49, 51, 55, 63], label_0=6, label_1=7
  Building window datasets...
    WindowDataset: 17810 windows (class_0=2792, class_1=15018)
    WindowDataset: 2081 windows (class_0=921, class_1=1160)
    WindowDataset: 2091 windows (class_0=850, class_1=1241)
[LaBraM] Loaded 219/221 params from weights/labram-base/model.safetensors
[LaBraM] Missing: ['fc_norm.weight', 'fc_norm.bias']
  Fold 4 | Ep   1/50 | t_loss=0.1755 t_acc=0.328 | v_win_bal=0.510 v_rec_bal=0.512 | lr=3.3e-06 | 22.0s
  Fold 4 | Ep   2/50 | t_loss=0.1689 t_acc=0.661 | v_win_bal=0.535 v_rec_bal=0.452 | lr=6.7e-06 | 21.9s
  Fold 4 | Ep   3/50 | t_loss=0.1567 t_acc=0.711 | v_win_bal=0.537 v_rec_bal=0.619 | lr=1.0e-05 | 21.9s
  Fold 4 | Ep   4/50 | t_loss=0.1250 t_acc=0.787 | v_win_bal=0.540 v_rec_bal=0.560 | lr=1.0e-05 | 21.8s
  Fold 4 | Ep   5/50 | t_loss=0.0930 t_acc=0.833 | v_win_bal=0.549 v_rec_bal=0.560 | lr=1.0e-05 | 22.0s
  Fold 4 | Ep   6/50 | t_loss=0.0806 t_acc=0.849 | v_win_bal=0.550 v_rec_bal=0.560 | lr=9.9e-06 | 21.9s
  Fold 4 | Ep   7/50 | t_loss=0.0757 t_acc=0.868 | v_win_bal=0.551 v_rec_bal=0.560 | lr=9.8e-06 | 21.8s
  Fold 4 | Ep   8/50 | t_loss=0.0698 t_acc=0.879 | v_win_bal=0.559 v_rec_bal=0.631 | lr=9.7e-06 | 21.8s
  Fold 4 | Ep   9/50 | t_loss=0.0647 t_acc=0.891 | v_win_bal=0.569 v_rec_bal=0.631 | lr=9.6e-06 | 22.0s
  Fold 4 | Ep  10/50 | t_loss=0.0619 t_acc=0.902 | v_win_bal=0.558 v_rec_bal=0.631 | lr=9.5e-06 | 21.9s
  Fold 4 | Ep  11/50 | t_loss=0.0563 t_acc=0.912 | v_win_bal=0.562 v_rec_bal=0.631 | lr=9.3e-06 | 22.3s
  Fold 4 | Ep  12/50 | t_loss=0.0523 t_acc=0.919 | v_win_bal=0.543 v_rec_bal=0.548 | lr=9.1e-06 | 22.0s
  Fold 4 | Ep  13/50 | t_loss=0.0486 t_acc=0.928 | v_win_bal=0.561 v_rec_bal=0.631 | lr=8.9e-06 | 22.0s
  Fold 4 | Ep  14/50 | t_loss=0.0444 t_acc=0.939 | v_win_bal=0.536 v_rec_bal=0.464 | lr=8.7e-06 | 21.9s
  Fold 4 | Ep  15/50 | t_loss=0.0397 t_acc=0.946 | v_win_bal=0.541 v_rec_bal=0.548 | lr=8.5e-06 | 22.0s
  Fold 4 | Ep  16/50 | t_loss=0.0370 t_acc=0.953 | v_win_bal=0.524 v_rec_bal=0.464 | lr=8.2e-06 | 22.0s
  Fold 4 | Ep  17/50 | t_loss=0.0352 t_acc=0.957 | v_win_bal=0.538 v_rec_bal=0.548 | lr=8.0e-06 | 22.0s
  Fold 4 | Ep  18/50 | t_loss=0.0312 t_acc=0.964 | v_win_bal=0.527 v_rec_bal=0.464 | lr=7.7e-06 | 21.9s
  Fold 4 | Ep  19/50 | t_loss=0.0288 t_acc=0.969 | v_win_bal=0.538 v_rec_bal=0.548 | lr=7.4e-06 | 21.9s
  Fold 4 | Ep  20/50 | t_loss=0.0255 t_acc=0.974 | v_win_bal=0.527 v_rec_bal=0.607 | lr=7.1e-06 | 21.9s
  Fold 4 | Ep  21/50 | t_loss=0.0224 t_acc=0.976 | v_win_bal=0.538 v_rec_bal=0.548 | lr=6.8e-06 | 22.0s
  Fold 4 | Ep  22/50 | t_loss=0.0199 t_acc=0.979 | v_win_bal=0.524 v_rec_bal=0.536 | lr=6.5e-06 | 21.9s
  Fold 4 | Ep  23/50 | t_loss=0.0194 t_acc=0.982 | v_win_bal=0.532 v_rec_bal=0.536 | lr=6.2e-06 | 22.0s
  Fold 4 | Ep  24/50 | t_loss=0.0177 t_acc=0.985 | v_win_bal=0.531 v_rec_bal=0.536 | lr=5.8e-06 | 22.0s
  Fold 4 | Ep  25/50 | t_loss=0.0161 t_acc=0.986 | v_win_bal=0.528 v_rec_bal=0.464 | lr=5.5e-06 | 22.0s
  Early stop at epoch 25
  -> Test (best @ epoch 8): acc=0.6923, bal_acc=0.7024

============================================================
Fold 5/5
============================================================
  Train:  39 samples, 39 subjects [1, 2, 4, 5, 8, 10, 12, 13, 14, 15, 17, 18, 22, 23, 24, 26, 27, 28, 29, 31, 32, 35, 36, 38, 40, 42, 43, 45, 46, 47, 48, 49, 50, 51, 55, 56, 59, 62, 63], label_0=17, label_1=22
    Val:  13 samples, 13 subjects [3, 6, 7, 19, 25, 30, 39, 41, 54, 57, 58, 60, 64], label_0=6, label_1=7
   Test:  13 samples, 13 subjects [9, 11, 16, 20, 21, 33, 34, 37, 44, 52, 53, 61, 65], label_0=6, label_1=7
  Building window datasets...
    WindowDataset: 18388 windows (class_0=2742, class_1=15646)
    WindowDataset: 1921 windows (class_0=901, class_1=1020)
    WindowDataset: 2144 windows (class_0=920, class_1=1224)
[LaBraM] Loaded 219/221 params from weights/labram-base/model.safetensors
[LaBraM] Missing: ['fc_norm.weight', 'fc_norm.bias']
  Fold 5 | Ep   1/50 | t_loss=0.1976 t_acc=0.804 | v_win_bal=0.556 v_rec_bal=0.702 | lr=3.3e-06 | 22.4s
  Fold 5 | Ep   2/50 | t_loss=0.1651 t_acc=0.655 | v_win_bal=0.563 v_rec_bal=0.702 | lr=6.7e-06 | 22.9s
  Fold 5 | Ep   3/50 | t_loss=0.1386 t_acc=0.744 | v_win_bal=0.503 v_rec_bal=0.476 | lr=1.0e-05 | 22.4s
  Fold 5 | Ep   4/50 | t_loss=0.0928 t_acc=0.846 | v_win_bal=0.532 v_rec_bal=0.560 | lr=1.0e-05 | 22.4s
  Fold 5 | Ep   5/50 | t_loss=0.0727 t_acc=0.886 | v_win_bal=0.518 v_rec_bal=0.643 | lr=1.0e-05 | 22.4s
  Fold 5 | Ep   6/50 | t_loss=0.0621 t_acc=0.904 | v_win_bal=0.500 v_rec_bal=0.560 | lr=9.9e-06 | 22.3s
  Fold 5 | Ep   7/50 | t_loss=0.0581 t_acc=0.921 | v_win_bal=0.493 v_rec_bal=0.476 | lr=9.8e-06 | 22.4s
  Fold 5 | Ep   8/50 | t_loss=0.0493 t_acc=0.932 | v_win_bal=0.472 v_rec_bal=0.476 | lr=9.7e-06 | 22.5s
  Fold 5 | Ep   9/50 | t_loss=0.0429 t_acc=0.943 | v_win_bal=0.482 v_rec_bal=0.476 | lr=9.6e-06 | 22.4s
  Fold 5 | Ep  10/50 | t_loss=0.0395 t_acc=0.951 | v_win_bal=0.467 v_rec_bal=0.476 | lr=9.5e-06 | 22.4s
  Fold 5 | Ep  11/50 | t_loss=0.0361 t_acc=0.958 | v_win_bal=0.469 v_rec_bal=0.476 | lr=9.3e-06 | 22.4s
  Fold 5 | Ep  12/50 | t_loss=0.0326 t_acc=0.964 | v_win_bal=0.448 v_rec_bal=0.536 | lr=9.1e-06 | 22.5s
  Fold 5 | Ep  13/50 | t_loss=0.0288 t_acc=0.970 | v_win_bal=0.447 v_rec_bal=0.536 | lr=8.9e-06 | 22.4s
  Fold 5 | Ep  14/50 | t_loss=0.0265 t_acc=0.974 | v_win_bal=0.447 v_rec_bal=0.464 | lr=8.7e-06 | 22.4s
  Fold 5 | Ep  15/50 | t_loss=0.0245 t_acc=0.978 | v_win_bal=0.447 v_rec_bal=0.464 | lr=8.5e-06 | 22.4s
  Fold 5 | Ep  16/50 | t_loss=0.0230 t_acc=0.981 | v_win_bal=0.439 v_rec_bal=0.536 | lr=8.2e-06 | 22.4s
  Early stop at epoch 16
  -> Test (best @ epoch 1): acc=0.6923, bal_acc=0.7024

============================================================
Global Results (5-Fold, subject-level CV)
Mode: FT | Extractor: labram | Loss: focal
============================================================
              acc: 0.6308
          bal_acc: 0.6298
               f1: 0.6316
            kappa: 0.2578
  Total predictions: 65 (should equal dataset size: 65)

Results saved to results/studies/exp27_paired_null/adftd/perm_s14/
