/raid/jupyter-linjimmy1003.md10/.conda/envs/stress/lib/python3.11/site-packages/timm/models/layers/__init__.py:49: FutureWarning: Importing from timm.models.layers is deprecated, please import via timm.layers
  warnings.warn(f"Importing from {__name__} is deprecated, please import via timm.layers", FutureWarning)
Mode: FT | Extractor: labram | Folds: 5
LR: 1e-05 | WD: 0.05 | Beta2: 0.999 | Grad clip: 2.0
Head: hidden=128, dropout=0.0 | Norm: zscore | Loss: focal
Full FT: encoder_lr_scale=0.1
Augmentation: 75% overlap for increase class

Results → results/studies/exp27_paired_null/adftd/perm_s27/
ADFTD: 65 recordings from 65 subjects (AD=36, HC=29)
ADFTD: 65 recordings, 65 subjects (AD=36, HC=29)
[permute-labels] Subject-level shuffle with rng seed 27 over 65 subjects. Class balance preserved: 36 pos / 29 neg

============================================================
Fold 1/5
============================================================
  Train:  39 samples, 39 subjects [1, 2, 5, 6, 8, 10, 11, 12, 13, 14, 15, 16, 17, 18, 19, 20, 21, 22, 24, 25, 28, 29, 30, 31, 32, 33, 36, 38, 39, 41, 42, 46, 47, 48, 53, 57, 61, 64, 65], label_0=17, label_1=22
    Val:  13 samples, 13 subjects [3, 9, 23, 26, 35, 37, 44, 49, 51, 52, 55, 56, 63], label_0=6, label_1=7
   Test:  13 samples, 13 subjects [4, 7, 27, 34, 40, 43, 45, 50, 54, 58, 59, 60, 62], label_0=6, label_1=7
  Building window datasets...
    WindowDataset: 17503 windows (class_0=2917, class_1=14586)
    WindowDataset: 1987 windows (class_0=845, class_1=1142)
    WindowDataset: 2168 windows (class_0=1003, class_1=1165)
[LaBraM] Loaded 219/221 params from weights/labram-base/model.safetensors
[LaBraM] Missing: ['fc_norm.weight', 'fc_norm.bias']
  Trainable parameters: 5,871,779
  Class weights: [3.000171422958374, 0.5999931693077087]
  Fold 1 | Ep   1/50 | t_loss=0.1862 t_acc=0.315 | v_win_bal=0.518 v_rec_bal=0.500 | lr=3.3e-06 | 22.8s
  Fold 1 | Ep   2/50 | t_loss=0.1694 t_acc=0.686 | v_win_bal=0.517 v_rec_bal=0.595 | lr=6.7e-06 | 20.7s
  Fold 1 | Ep   3/50 | t_loss=0.1603 t_acc=0.681 | v_win_bal=0.490 v_rec_bal=0.560 | lr=1.0e-05 | 20.8s
  Fold 1 | Ep   4/50 | t_loss=0.1342 t_acc=0.726 | v_win_bal=0.473 v_rec_bal=0.476 | lr=1.0e-05 | 20.7s
  Fold 1 | Ep   5/50 | t_loss=0.0966 t_acc=0.807 | v_win_bal=0.482 v_rec_bal=0.488 | lr=1.0e-05 | 20.6s
  Fold 1 | Ep   6/50 | t_loss=0.0832 t_acc=0.831 | v_win_bal=0.494 v_rec_bal=0.488 | lr=9.9e-06 | 21.1s
  Fold 1 | Ep   7/50 | t_loss=0.0765 t_acc=0.848 | v_win_bal=0.471 v_rec_bal=0.488 | lr=9.8e-06 | 21.6s
  Fold 1 | Ep   8/50 | t_loss=0.0712 t_acc=0.863 | v_win_bal=0.488 v_rec_bal=0.488 | lr=9.7e-06 | 20.8s
  Fold 1 | Ep   9/50 | t_loss=0.0656 t_acc=0.877 | v_win_bal=0.497 v_rec_bal=0.548 | lr=9.6e-06 | 20.8s
  Fold 1 | Ep  10/50 | t_loss=0.0599 t_acc=0.889 | v_win_bal=0.494 v_rec_bal=0.560 | lr=9.5e-06 | 20.9s
  Fold 1 | Ep  11/50 | t_loss=0.0565 t_acc=0.901 | v_win_bal=0.493 v_rec_bal=0.476 | lr=9.3e-06 | 20.8s
  Fold 1 | Ep  12/50 | t_loss=0.0513 t_acc=0.914 | v_win_bal=0.485 v_rec_bal=0.464 | lr=9.1e-06 | 20.8s
  Fold 1 | Ep  13/50 | t_loss=0.0465 t_acc=0.925 | v_win_bal=0.501 v_rec_bal=0.393 | lr=8.9e-06 | 20.8s
  Fold 1 | Ep  14/50 | t_loss=0.0419 t_acc=0.934 | v_win_bal=0.486 v_rec_bal=0.464 | lr=8.7e-06 | 20.8s
  Fold 1 | Ep  15/50 | t_loss=0.0382 t_acc=0.943 | v_win_bal=0.497 v_rec_bal=0.464 | lr=8.5e-06 | 20.7s
  Fold 1 | Ep  16/50 | t_loss=0.0348 t_acc=0.951 | v_win_bal=0.504 v_rec_bal=0.536 | lr=8.2e-06 | 20.8s
  Fold 1 | Ep  17/50 | t_loss=0.0295 t_acc=0.959 | v_win_bal=0.503 v_rec_bal=0.536 | lr=8.0e-06 | 20.6s
  Fold 1 | Ep  18/50 | t_loss=0.0258 t_acc=0.965 | v_win_bal=0.486 v_rec_bal=0.464 | lr=7.7e-06 | 20.8s
  Early stop at epoch 18
  -> Test (best @ epoch 2): acc=0.4615, bal_acc=0.4524

============================================================
Fold 2/5
============================================================
  Train:  39 samples, 39 subjects [2, 3, 4, 5, 8, 9, 12, 13, 14, 15, 16, 19, 21, 23, 24, 26, 27, 30, 35, 38, 40, 42, 43, 45, 46, 48, 49, 50, 51, 52, 53, 56, 57, 58, 59, 60, 62, 63, 64], label_0=18, label_1=21
    Val:  13 samples, 13 subjects [1, 6, 7, 11, 28, 31, 33, 34, 41, 44, 54, 55, 65], label_0=6, label_1=7
   Test:  13 samples, 13 subjects [10, 17, 18, 20, 22, 25, 29, 32, 36, 37, 39, 47, 61], label_0=5, label_1=8
  Building window datasets...
    WindowDataset: 16891 windows (class_0=2858, class_1=14033)
    WindowDataset: 2145 windows (class_0=1000, class_1=1145)
    WindowDataset: 2208 windows (class_0=907, class_1=1301)
[LaBraM] Loaded 219/221 params from weights/labram-base/model.safetensors
[LaBraM] Missing: ['fc_norm.weight', 'fc_norm.bias']
  Fold 2 | Ep   1/50 | t_loss=0.1729 t_acc=0.390 | v_win_bal=0.464 v_rec_bal=0.440 | lr=3.3e-06 | 20.7s
  Fold 2 | Ep   2/50 | t_loss=0.1683 t_acc=0.646 | v_win_bal=0.459 v_rec_bal=0.440 | lr=6.7e-06 | 20.7s
  Fold 2 | Ep   3/50 | t_loss=0.1621 t_acc=0.681 | v_win_bal=0.427 v_rec_bal=0.321 | lr=1.0e-05 | 20.6s
  Fold 2 | Ep   4/50 | t_loss=0.1353 t_acc=0.756 | v_win_bal=0.383 v_rec_bal=0.238 | lr=1.0e-05 | 20.6s
  Fold 2 | Ep   5/50 | t_loss=0.1000 t_acc=0.819 | v_win_bal=0.439 v_rec_bal=0.500 | lr=1.0e-05 | 21.1s
  Fold 2 | Ep   6/50 | t_loss=0.0828 t_acc=0.852 | v_win_bal=0.417 v_rec_bal=0.405 | lr=9.9e-06 | 21.6s
  Fold 2 | Ep   7/50 | t_loss=0.0727 t_acc=0.870 | v_win_bal=0.445 v_rec_bal=0.500 | lr=9.8e-06 | 21.6s
  Fold 2 | Ep   8/50 | t_loss=0.0643 t_acc=0.890 | v_win_bal=0.430 v_rec_bal=0.393 | lr=9.7e-06 | 21.6s
  Fold 2 | Ep   9/50 | t_loss=0.0565 t_acc=0.906 | v_win_bal=0.435 v_rec_bal=0.238 | lr=9.6e-06 | 21.1s
  Fold 2 | Ep  10/50 | t_loss=0.0513 t_acc=0.917 | v_win_bal=0.448 v_rec_bal=0.488 | lr=9.5e-06 | 20.8s
  Fold 2 | Ep  11/50 | t_loss=0.0460 t_acc=0.928 | v_win_bal=0.467 v_rec_bal=0.571 | lr=9.3e-06 | 20.8s
  Fold 2 | Ep  12/50 | t_loss=0.0428 t_acc=0.938 | v_win_bal=0.431 v_rec_bal=0.226 | lr=9.1e-06 | 20.8s
  Fold 2 | Ep  13/50 | t_loss=0.0359 t_acc=0.947 | v_win_bal=0.445 v_rec_bal=0.381 | lr=8.9e-06 | 20.7s
  Fold 2 | Ep  14/50 | t_loss=0.0318 t_acc=0.956 | v_win_bal=0.450 v_rec_bal=0.464 | lr=8.7e-06 | 20.7s
  Fold 2 | Ep  15/50 | t_loss=0.0271 t_acc=0.963 | v_win_bal=0.454 v_rec_bal=0.357 | lr=8.5e-06 | 20.8s
  Fold 2 | Ep  16/50 | t_loss=0.0256 t_acc=0.968 | v_win_bal=0.460 v_rec_bal=0.357 | lr=8.2e-06 | 20.7s
  Fold 2 | Ep  17/50 | t_loss=0.0224 t_acc=0.974 | v_win_bal=0.451 v_rec_bal=0.298 | lr=8.0e-06 | 20.7s
  Fold 2 | Ep  18/50 | t_loss=0.0199 t_acc=0.978 | v_win_bal=0.443 v_rec_bal=0.381 | lr=7.7e-06 | 20.7s
  Fold 2 | Ep  19/50 | t_loss=0.0181 t_acc=0.981 | v_win_bal=0.465 v_rec_bal=0.357 | lr=7.4e-06 | 20.7s
  Fold 2 | Ep  20/50 | t_loss=0.0152 t_acc=0.985 | v_win_bal=0.451 v_rec_bal=0.357 | lr=7.1e-06 | 20.8s
  Fold 2 | Ep  21/50 | t_loss=0.0126 t_acc=0.987 | v_win_bal=0.462 v_rec_bal=0.357 | lr=6.8e-06 | 20.9s
  Fold 2 | Ep  22/50 | t_loss=0.0107 t_acc=0.990 | v_win_bal=0.457 v_rec_bal=0.357 | lr=6.5e-06 | 20.8s
  Early stop at epoch 22
  -> Test (best @ epoch 11): acc=0.3846, bal_acc=0.4250

============================================================
Fold 3/5
============================================================
  Train:  39 samples, 39 subjects [1, 2, 4, 5, 6, 9, 10, 12, 14, 15, 16, 17, 18, 20, 21, 22, 23, 25, 28, 30, 31, 32, 33, 34, 36, 39, 41, 42, 43, 44, 47, 50, 54, 55, 57, 59, 60, 61, 62], label_0=17, label_1=22
    Val:  13 samples, 13 subjects [7, 8, 11, 27, 29, 37, 40, 45, 49, 51, 53, 58, 65], label_0=6, label_1=7
   Test:  13 samples, 13 subjects [3, 13, 19, 24, 26, 35, 38, 46, 48, 52, 56, 63, 64], label_0=6, label_1=7
  Building window datasets...
    WindowDataset: 17434 windows (class_0=2880, class_1=14554)
    WindowDataset: 2110 windows (class_0=967, class_1=1143)
    WindowDataset: 2090 windows (class_0=918, class_1=1172)
[LaBraM] Loaded 219/221 params from weights/labram-base/model.safetensors
[LaBraM] Missing: ['fc_norm.weight', 'fc_norm.bias']
  Fold 3 | Ep   1/50 | t_loss=0.1747 t_acc=0.394 | v_win_bal=0.485 v_rec_bal=0.560 | lr=3.3e-06 | 21.2s
  Fold 3 | Ep   2/50 | t_loss=0.1697 t_acc=0.672 | v_win_bal=0.461 v_rec_bal=0.476 | lr=6.7e-06 | 21.3s
  Fold 3 | Ep   3/50 | t_loss=0.1585 t_acc=0.687 | v_win_bal=0.461 v_rec_bal=0.393 | lr=1.0e-05 | 21.4s
  Fold 3 | Ep   4/50 | t_loss=0.1297 t_acc=0.744 | v_win_bal=0.507 v_rec_bal=0.571 | lr=1.0e-05 | 21.3s
  Fold 3 | Ep   5/50 | t_loss=0.0918 t_acc=0.823 | v_win_bal=0.501 v_rec_bal=0.571 | lr=1.0e-05 | 21.4s
  Fold 3 | Ep   6/50 | t_loss=0.0782 t_acc=0.853 | v_win_bal=0.502 v_rec_bal=0.571 | lr=9.9e-06 | 21.3s
  Fold 3 | Ep   7/50 | t_loss=0.0711 t_acc=0.872 | v_win_bal=0.499 v_rec_bal=0.571 | lr=9.8e-06 | 21.6s
  Fold 3 | Ep   8/50 | t_loss=0.0647 t_acc=0.887 | v_win_bal=0.519 v_rec_bal=0.571 | lr=9.7e-06 | 21.2s
  Fold 3 | Ep   9/50 | t_loss=0.0577 t_acc=0.901 | v_win_bal=0.513 v_rec_bal=0.488 | lr=9.6e-06 | 21.7s
  Fold 3 | Ep  10/50 | t_loss=0.0530 t_acc=0.913 | v_win_bal=0.520 v_rec_bal=0.571 | lr=9.5e-06 | 21.3s
  Fold 3 | Ep  11/50 | t_loss=0.0478 t_acc=0.925 | v_win_bal=0.510 v_rec_bal=0.488 | lr=9.3e-06 | 21.3s
  Fold 3 | Ep  12/50 | t_loss=0.0426 t_acc=0.936 | v_win_bal=0.505 v_rec_bal=0.476 | lr=9.1e-06 | 21.2s
  Fold 3 | Ep  13/50 | t_loss=0.0396 t_acc=0.944 | v_win_bal=0.512 v_rec_bal=0.548 | lr=8.9e-06 | 21.3s
  Fold 3 | Ep  14/50 | t_loss=0.0346 t_acc=0.954 | v_win_bal=0.496 v_rec_bal=0.536 | lr=8.7e-06 | 21.3s
  Fold 3 | Ep  15/50 | t_loss=0.0312 t_acc=0.961 | v_win_bal=0.501 v_rec_bal=0.536 | lr=8.5e-06 | 21.2s
  Fold 3 | Ep  16/50 | t_loss=0.0271 t_acc=0.968 | v_win_bal=0.510 v_rec_bal=0.548 | lr=8.2e-06 | 21.2s
  Fold 3 | Ep  17/50 | t_loss=0.0225 t_acc=0.972 | v_win_bal=0.493 v_rec_bal=0.536 | lr=8.0e-06 | 21.2s
  Fold 3 | Ep  18/50 | t_loss=0.0202 t_acc=0.977 | v_win_bal=0.490 v_rec_bal=0.440 | lr=7.7e-06 | 21.2s
  Fold 3 | Ep  19/50 | t_loss=0.0187 t_acc=0.981 | v_win_bal=0.504 v_rec_bal=0.619 | lr=7.4e-06 | 21.3s
  Fold 3 | Ep  20/50 | t_loss=0.0156 t_acc=0.985 | v_win_bal=0.495 v_rec_bal=0.452 | lr=7.1e-06 | 21.2s
  Fold 3 | Ep  21/50 | t_loss=0.0148 t_acc=0.987 | v_win_bal=0.496 v_rec_bal=0.524 | lr=6.8e-06 | 21.2s
  Early stop at epoch 21
  -> Test (best @ epoch 19): acc=0.4615, bal_acc=0.4524

============================================================
Fold 4/5
============================================================
  Train:  39 samples, 39 subjects [3, 4, 7, 9, 10, 12, 13, 14, 17, 18, 19, 20, 22, 23, 24, 26, 27, 29, 32, 34, 35, 36, 37, 38, 40, 44, 45, 46, 47, 49, 51, 53, 56, 58, 59, 60, 61, 63, 64], label_0=17, label_1=22
    Val:  13 samples, 13 subjects [1, 11, 21, 25, 28, 31, 39, 43, 48, 50, 52, 54, 62], label_0=6, label_1=7
   Test:  13 samples, 13 subjects [2, 5, 6, 8, 15, 16, 30, 33, 41, 42, 55, 57, 65], label_0=6, label_1=7
  Building window datasets...
    WindowDataset: 17367 windows (class_0=2765, class_1=14602)
    WindowDataset: 2197 windows (class_0=1070, class_1=1127)
    WindowDataset: 2106 windows (class_0=930, class_1=1176)
[LaBraM] Loaded 219/221 params from weights/labram-base/model.safetensors
[LaBraM] Missing: ['fc_norm.weight', 'fc_norm.bias']
  Fold 4 | Ep   1/50 | t_loss=0.1735 t_acc=0.631 | v_win_bal=0.479 v_rec_bal=0.452 | lr=3.3e-06 | 21.2s
  Fold 4 | Ep   2/50 | t_loss=0.1652 t_acc=0.625 | v_win_bal=0.465 v_rec_bal=0.488 | lr=6.7e-06 | 21.3s
  Fold 4 | Ep   3/50 | t_loss=0.1381 t_acc=0.710 | v_win_bal=0.467 v_rec_bal=0.500 | lr=1.0e-05 | 21.2s
  Fold 4 | Ep   4/50 | t_loss=0.0900 t_acc=0.822 | v_win_bal=0.473 v_rec_bal=0.500 | lr=1.0e-05 | 21.6s
  Fold 4 | Ep   5/50 | t_loss=0.0764 t_acc=0.849 | v_win_bal=0.432 v_rec_bal=0.321 | lr=1.0e-05 | 21.2s
  Fold 4 | Ep   6/50 | t_loss=0.0692 t_acc=0.868 | v_win_bal=0.447 v_rec_bal=0.333 | lr=9.9e-06 | 21.3s
  Fold 4 | Ep   7/50 | t_loss=0.0623 t_acc=0.885 | v_win_bal=0.441 v_rec_bal=0.333 | lr=9.8e-06 | 21.3s
  Fold 4 | Ep   8/50 | t_loss=0.0554 t_acc=0.904 | v_win_bal=0.442 v_rec_bal=0.405 | lr=9.7e-06 | 21.5s
  Fold 4 | Ep   9/50 | t_loss=0.0499 t_acc=0.920 | v_win_bal=0.450 v_rec_bal=0.321 | lr=9.6e-06 | 21.2s
  Fold 4 | Ep  10/50 | t_loss=0.0437 t_acc=0.931 | v_win_bal=0.451 v_rec_bal=0.393 | lr=9.5e-06 | 21.3s
  Fold 4 | Ep  11/50 | t_loss=0.0402 t_acc=0.943 | v_win_bal=0.430 v_rec_bal=0.333 | lr=9.3e-06 | 21.3s
  Fold 4 | Ep  12/50 | t_loss=0.0340 t_acc=0.953 | v_win_bal=0.444 v_rec_bal=0.333 | lr=9.1e-06 | 21.2s
  Fold 4 | Ep  13/50 | t_loss=0.0304 t_acc=0.962 | v_win_bal=0.451 v_rec_bal=0.393 | lr=8.9e-06 | 21.3s
  Fold 4 | Ep  14/50 | t_loss=0.0276 t_acc=0.968 | v_win_bal=0.475 v_rec_bal=0.452 | lr=8.7e-06 | 21.2s
  Fold 4 | Ep  15/50 | t_loss=0.0234 t_acc=0.973 | v_win_bal=0.470 v_rec_bal=0.464 | lr=8.5e-06 | 21.2s
  Fold 4 | Ep  16/50 | t_loss=0.0207 t_acc=0.979 | v_win_bal=0.456 v_rec_bal=0.464 | lr=8.2e-06 | 21.1s
  Fold 4 | Ep  17/50 | t_loss=0.0196 t_acc=0.982 | v_win_bal=0.462 v_rec_bal=0.548 | lr=8.0e-06 | 21.2s
  Fold 4 | Ep  18/50 | t_loss=0.0167 t_acc=0.985 | v_win_bal=0.469 v_rec_bal=0.464 | lr=7.7e-06 | 21.3s
  Fold 4 | Ep  19/50 | t_loss=0.0148 t_acc=0.988 | v_win_bal=0.455 v_rec_bal=0.393 | lr=7.4e-06 | 21.2s
  Early stop at epoch 19
  -> Test (best @ epoch 17): acc=0.4615, bal_acc=0.4405

============================================================
Fold 5/5
============================================================
  Train:  39 samples, 39 subjects [3, 4, 5, 6, 10, 13, 15, 16, 17, 18, 19, 20, 22, 24, 25, 29, 33, 34, 35, 36, 37, 38, 39, 41, 43, 45, 46, 47, 50, 54, 55, 57, 58, 59, 60, 61, 62, 64, 65], label_0=17, label_1=22
    Val:  13 samples, 13 subjects [2, 7, 8, 26, 27, 30, 32, 40, 42, 48, 52, 56, 63], label_0=6, label_1=7
   Test:  13 samples, 13 subjects [1, 9, 11, 12, 14, 21, 23, 28, 31, 44, 49, 51, 53], label_0=6, label_1=7
  Building window datasets...
    WindowDataset: 17068 windows (class_0=2798, class_1=14270)
    WindowDataset: 2190 windows (class_0=960, class_1=1230)
    WindowDataset: 2163 windows (class_0=1007, class_1=1156)
[LaBraM] Loaded 219/221 params from weights/labram-base/model.safetensors
[LaBraM] Missing: ['fc_norm.weight', 'fc_norm.bias']
  Fold 5 | Ep   1/50 | t_loss=0.1960 t_acc=0.813 | v_win_bal=0.426 v_rec_bal=0.357 | lr=3.3e-06 | 20.8s
  Fold 5 | Ep   2/50 | t_loss=0.1682 t_acc=0.714 | v_win_bal=0.333 v_rec_bal=0.167 | lr=6.7e-06 | 21.2s
  Fold 5 | Ep   3/50 | t_loss=0.1572 t_acc=0.723 | v_win_bal=0.297 v_rec_bal=0.143 | lr=1.0e-05 | 20.9s
  Fold 5 | Ep   4/50 | t_loss=0.1295 t_acc=0.776 | v_win_bal=0.300 v_rec_bal=0.167 | lr=1.0e-05 | 21.0s
  Fold 5 | Ep   5/50 | t_loss=0.1051 t_acc=0.819 | v_win_bal=0.356 v_rec_bal=0.333 | lr=1.0e-05 | 21.0s
  Fold 5 | Ep   6/50 | t_loss=0.0905 t_acc=0.847 | v_win_bal=0.309 v_rec_bal=0.238 | lr=9.9e-06 | 21.0s
  Fold 5 | Ep   7/50 | t_loss=0.0793 t_acc=0.869 | v_win_bal=0.319 v_rec_bal=0.250 | lr=9.8e-06 | 21.4s
  Fold 5 | Ep   8/50 | t_loss=0.0701 t_acc=0.884 | v_win_bal=0.323 v_rec_bal=0.250 | lr=9.7e-06 | 21.1s
  Fold 5 | Ep   9/50 | t_loss=0.0620 t_acc=0.901 | v_win_bal=0.323 v_rec_bal=0.321 | lr=9.6e-06 | 21.0s
  Fold 5 | Ep  10/50 | t_loss=0.0570 t_acc=0.915 | v_win_bal=0.309 v_rec_bal=0.238 | lr=9.5e-06 | 21.0s
  Fold 5 | Ep  11/50 | t_loss=0.0498 t_acc=0.928 | v_win_bal=0.318 v_rec_bal=0.250 | lr=9.3e-06 | 21.0s
  Fold 5 | Ep  12/50 | t_loss=0.0442 t_acc=0.937 | v_win_bal=0.303 v_rec_bal=0.238 | lr=9.1e-06 | 20.9s
  Fold 5 | Ep  13/50 | t_loss=0.0430 t_acc=0.947 | v_win_bal=0.312 v_rec_bal=0.238 | lr=8.9e-06 | 20.9s
  Fold 5 | Ep  14/50 | t_loss=0.0362 t_acc=0.956 | v_win_bal=0.309 v_rec_bal=0.238 | lr=8.7e-06 | 20.8s
  Fold 5 | Ep  15/50 | t_loss=0.0311 t_acc=0.963 | v_win_bal=0.306 v_rec_bal=0.238 | lr=8.5e-06 | 20.7s
  Fold 5 | Ep  16/50 | t_loss=0.0272 t_acc=0.970 | v_win_bal=0.310 v_rec_bal=0.238 | lr=8.2e-06 | 20.8s
  Early stop at epoch 16
  -> Test (best @ epoch 1): acc=0.6154, bal_acc=0.5833

============================================================
Global Results (5-Fold, subject-level CV)
Mode: FT | Extractor: labram | Loss: focal
============================================================
              acc: 0.4769
          bal_acc: 0.4607
               f1: 0.4669
            kappa: -0.0802
  Total predictions: 65 (should equal dataset size: 65)

Results saved to results/studies/exp27_paired_null/adftd/perm_s27/
