/raid/jupyter-linjimmy1003.md10/.conda/envs/stress/lib/python3.11/site-packages/timm/models/layers/__init__.py:49: FutureWarning: Importing from timm.models.layers is deprecated, please import via timm.layers
  warnings.warn(f"Importing from {__name__} is deprecated, please import via timm.layers", FutureWarning)
Mode: FT | Extractor: labram | Folds: 5
LR: 1e-05 | WD: 0.05 | Beta2: 0.999 | Grad clip: 2.0
Head: hidden=128, dropout=0.0 | Norm: zscore | Loss: focal
Full FT: encoder_lr_scale=0.1
Augmentation: 75% overlap for increase class

Results → results/studies/exp27_paired_null/adftd/perm_s0/
ADFTD: 65 recordings from 65 subjects (AD=36, HC=29)
ADFTD: 65 recordings, 65 subjects (AD=36, HC=29)
[permute-labels] Subject-level shuffle with rng seed 0 over 65 subjects. Class balance preserved: 36 pos / 29 neg

============================================================
Fold 1/5
============================================================
  Train:  39 samples, 39 subjects [1, 2, 4, 5, 6, 8, 9, 10, 11, 12, 13, 14, 15, 16, 19, 20, 21, 24, 25, 26, 30, 31, 32, 33, 36, 37, 39, 41, 42, 46, 47, 48, 51, 52, 57, 58, 61, 62, 64], label_0=17, label_1=22
    Val:  13 samples, 13 subjects [3, 7, 22, 28, 29, 35, 38, 44, 53, 55, 59, 63, 65], label_0=6, label_1=7
   Test:  13 samples, 13 subjects [17, 18, 23, 27, 34, 40, 43, 45, 49, 50, 54, 56, 60], label_0=6, label_1=7
  Building window datasets...
    WindowDataset: 17140 windows (class_0=2926, class_1=14214)
    WindowDataset: 2013 windows (class_0=973, class_1=1040)
    WindowDataset: 2226 windows (class_0=980, class_1=1246)
[LaBraM] Loaded 219/221 params from weights/labram-base/model.safetensors
[LaBraM] Missing: ['fc_norm.weight', 'fc_norm.bias']
  Trainable parameters: 5,871,779
  Class weights: [2.928913116455078, 0.6029266715049744]
  Fold 1 | Ep   1/50 | t_loss=0.1871 t_acc=0.266 | v_win_bal=0.494 v_rec_bal=0.440 | lr=3.3e-06 | 26.2s
  Fold 1 | Ep   2/50 | t_loss=0.1625 t_acc=0.707 | v_win_bal=0.544 v_rec_bal=0.536 | lr=6.7e-06 | 21.4s
  Fold 1 | Ep   3/50 | t_loss=0.1423 t_acc=0.740 | v_win_bal=0.545 v_rec_bal=0.536 | lr=1.0e-05 | 21.3s
  Fold 1 | Ep   4/50 | t_loss=0.1219 t_acc=0.793 | v_win_bal=0.546 v_rec_bal=0.536 | lr=1.0e-05 | 20.8s
  Fold 1 | Ep   5/50 | t_loss=0.1031 t_acc=0.838 | v_win_bal=0.531 v_rec_bal=0.452 | lr=1.0e-05 | 21.1s
  Fold 1 | Ep   6/50 | t_loss=0.0894 t_acc=0.859 | v_win_bal=0.528 v_rec_bal=0.452 | lr=9.9e-06 | 20.6s
  Fold 1 | Ep   7/50 | t_loss=0.0768 t_acc=0.883 | v_win_bal=0.529 v_rec_bal=0.381 | lr=9.8e-06 | 20.6s
  Fold 1 | Ep   8/50 | t_loss=0.0669 t_acc=0.899 | v_win_bal=0.529 v_rec_bal=0.452 | lr=9.7e-06 | 20.7s
  Fold 1 | Ep   9/50 | t_loss=0.0591 t_acc=0.911 | v_win_bal=0.529 v_rec_bal=0.548 | lr=9.6e-06 | 20.7s
  Fold 1 | Ep  10/50 | t_loss=0.0529 t_acc=0.924 | v_win_bal=0.538 v_rec_bal=0.524 | lr=9.5e-06 | 20.6s
  Fold 1 | Ep  11/50 | t_loss=0.0479 t_acc=0.935 | v_win_bal=0.537 v_rec_bal=0.452 | lr=9.3e-06 | 20.8s
  Fold 1 | Ep  12/50 | t_loss=0.0412 t_acc=0.945 | v_win_bal=0.537 v_rec_bal=0.381 | lr=9.1e-06 | 20.8s
  Fold 1 | Ep  13/50 | t_loss=0.0366 t_acc=0.954 | v_win_bal=0.542 v_rec_bal=0.452 | lr=8.9e-06 | 20.4s
  Fold 1 | Ep  14/50 | t_loss=0.0312 t_acc=0.962 | v_win_bal=0.534 v_rec_bal=0.381 | lr=8.7e-06 | 20.6s
  Fold 1 | Ep  15/50 | t_loss=0.0278 t_acc=0.968 | v_win_bal=0.543 v_rec_bal=0.548 | lr=8.5e-06 | 20.4s
  Fold 1 | Ep  16/50 | t_loss=0.0246 t_acc=0.974 | v_win_bal=0.538 v_rec_bal=0.452 | lr=8.2e-06 | 20.5s
  Fold 1 | Ep  17/50 | t_loss=0.0219 t_acc=0.980 | v_win_bal=0.539 v_rec_bal=0.524 | lr=8.0e-06 | 20.6s
  Fold 1 | Ep  18/50 | t_loss=0.0188 t_acc=0.984 | v_win_bal=0.534 v_rec_bal=0.452 | lr=7.7e-06 | 20.4s
  Fold 1 | Ep  19/50 | t_loss=0.0169 t_acc=0.986 | v_win_bal=0.535 v_rec_bal=0.452 | lr=7.4e-06 | 20.5s
  Early stop at epoch 19
  -> Test (best @ epoch 9): acc=0.3846, bal_acc=0.3929

============================================================
Fold 2/5
============================================================
  Train:  39 samples, 39 subjects [2, 3, 5, 9, 10, 11, 12, 13, 14, 16, 17, 18, 21, 23, 27, 29, 31, 33, 34, 35, 37, 38, 39, 40, 43, 44, 45, 46, 49, 51, 52, 54, 55, 56, 57, 58, 59, 64, 65], label_0=17, label_1=22
    Val:  13 samples, 13 subjects [1, 4, 6, 8, 24, 26, 28, 30, 32, 48, 50, 53, 60], label_0=6, label_1=7
   Test:  13 samples, 13 subjects [7, 15, 19, 20, 22, 25, 36, 41, 42, 47, 61, 62, 63], label_0=6, label_1=7
  Building window datasets...
    WindowDataset: 17368 windows (class_0=2894, class_1=14474)
    WindowDataset: 2004 windows (class_0=973, class_1=1031)
    WindowDataset: 2202 windows (class_0=1012, class_1=1190)
[LaBraM] Loaded 219/221 params from weights/labram-base/model.safetensors
[LaBraM] Missing: ['fc_norm.weight', 'fc_norm.bias']
  Fold 2 | Ep   1/50 | t_loss=0.1735 t_acc=0.731 | v_win_bal=0.568 v_rec_bal=0.595 | lr=3.3e-06 | 21.8s
  Fold 2 | Ep   2/50 | t_loss=0.1662 t_acc=0.644 | v_win_bal=0.650 v_rec_bal=0.762 | lr=6.7e-06 | 21.9s
  Fold 2 | Ep   3/50 | t_loss=0.1435 t_acc=0.725 | v_win_bal=0.655 v_rec_bal=0.929 | lr=1.0e-05 | 21.5s
  Fold 2 | Ep   4/50 | t_loss=0.0963 t_acc=0.818 | v_win_bal=0.578 v_rec_bal=0.643 | lr=1.0e-05 | 21.5s
  Fold 2 | Ep   5/50 | t_loss=0.0812 t_acc=0.839 | v_win_bal=0.548 v_rec_bal=0.571 | lr=1.0e-05 | 21.7s
  Fold 2 | Ep   6/50 | t_loss=0.0722 t_acc=0.854 | v_win_bal=0.600 v_rec_bal=0.679 | lr=9.9e-06 | 21.5s
  Fold 2 | Ep   7/50 | t_loss=0.0650 t_acc=0.873 | v_win_bal=0.598 v_rec_bal=0.667 | lr=9.8e-06 | 21.4s
  Fold 2 | Ep   8/50 | t_loss=0.0585 t_acc=0.894 | v_win_bal=0.575 v_rec_bal=0.762 | lr=9.7e-06 | 21.5s
  Fold 2 | Ep   9/50 | t_loss=0.0521 t_acc=0.910 | v_win_bal=0.572 v_rec_bal=0.512 | lr=9.6e-06 | 21.4s
  Fold 2 | Ep  10/50 | t_loss=0.0467 t_acc=0.924 | v_win_bal=0.584 v_rec_bal=0.762 | lr=9.5e-06 | 21.5s
  Fold 2 | Ep  11/50 | t_loss=0.0432 t_acc=0.935 | v_win_bal=0.567 v_rec_bal=0.679 | lr=9.3e-06 | 21.4s
  Fold 2 | Ep  12/50 | t_loss=0.0392 t_acc=0.945 | v_win_bal=0.578 v_rec_bal=0.512 | lr=9.1e-06 | 21.4s
  Fold 2 | Ep  13/50 | t_loss=0.0339 t_acc=0.952 | v_win_bal=0.552 v_rec_bal=0.500 | lr=8.9e-06 | 21.4s
  Fold 2 | Ep  14/50 | t_loss=0.0287 t_acc=0.961 | v_win_bal=0.594 v_rec_bal=0.762 | lr=8.7e-06 | 21.5s
  Fold 2 | Ep  15/50 | t_loss=0.0259 t_acc=0.968 | v_win_bal=0.565 v_rec_bal=0.500 | lr=8.5e-06 | 21.5s
  Fold 2 | Ep  16/50 | t_loss=0.0233 t_acc=0.972 | v_win_bal=0.571 v_rec_bal=0.429 | lr=8.2e-06 | 21.5s
  Fold 2 | Ep  17/50 | t_loss=0.0200 t_acc=0.979 | v_win_bal=0.547 v_rec_bal=0.500 | lr=8.0e-06 | 21.4s
  Fold 2 | Ep  18/50 | t_loss=0.0190 t_acc=0.982 | v_win_bal=0.576 v_rec_bal=0.583 | lr=7.7e-06 | 21.4s
  Fold 2 | Ep  19/50 | t_loss=0.0149 t_acc=0.985 | v_win_bal=0.560 v_rec_bal=0.500 | lr=7.4e-06 | 21.3s
  Early stop at epoch 19
  -> Test (best @ epoch 3): acc=0.6154, bal_acc=0.6429

============================================================
Fold 3/5
============================================================
  Train:  39 samples, 39 subjects [4, 5, 6, 7, 8, 11, 13, 14, 15, 17, 18, 19, 20, 21, 22, 23, 28, 30, 34, 35, 36, 37, 39, 41, 43, 44, 45, 46, 47, 48, 49, 50, 51, 55, 57, 60, 61, 63, 65], label_0=18, label_1=21
    Val:  13 samples, 13 subjects [2, 9, 25, 27, 29, 32, 33, 40, 42, 53, 54, 56, 62], label_0=6, label_1=7
   Test:  13 samples, 13 subjects [1, 3, 10, 12, 16, 24, 26, 31, 38, 52, 58, 59, 64], label_0=5, label_1=8
  Building window datasets...
    WindowDataset: 16726 windows (class_0=2961, class_1=13765)
    WindowDataset: 2128 windows (class_0=959, class_1=1169)
    WindowDataset: 2189 windows (class_0=959, class_1=1230)
[LaBraM] Loaded 219/221 params from weights/labram-base/model.safetensors
[LaBraM] Missing: ['fc_norm.weight', 'fc_norm.bias']
  Fold 3 | Ep   1/50 | t_loss=0.1721 t_acc=0.415 | v_win_bal=0.528 v_rec_bal=0.548 | lr=3.3e-06 | 20.6s
  Fold 3 | Ep   2/50 | t_loss=0.1608 t_acc=0.645 | v_win_bal=0.544 v_rec_bal=0.548 | lr=6.7e-06 | 20.6s
  Fold 3 | Ep   3/50 | t_loss=0.1392 t_acc=0.734 | v_win_bal=0.553 v_rec_bal=0.643 | lr=1.0e-05 | 20.6s
  Fold 3 | Ep   4/50 | t_loss=0.0932 t_acc=0.828 | v_win_bal=0.550 v_rec_bal=0.500 | lr=1.0e-05 | 20.8s
  Fold 3 | Ep   5/50 | t_loss=0.0796 t_acc=0.846 | v_win_bal=0.558 v_rec_bal=0.643 | lr=1.0e-05 | 21.0s
  Fold 3 | Ep   6/50 | t_loss=0.0732 t_acc=0.859 | v_win_bal=0.543 v_rec_bal=0.571 | lr=9.9e-06 | 20.6s
  Fold 3 | Ep   7/50 | t_loss=0.0692 t_acc=0.873 | v_win_bal=0.543 v_rec_bal=0.571 | lr=9.8e-06 | 20.7s
  Fold 3 | Ep   8/50 | t_loss=0.0648 t_acc=0.884 | v_win_bal=0.549 v_rec_bal=0.488 | lr=9.7e-06 | 20.7s
  Fold 3 | Ep   9/50 | t_loss=0.0612 t_acc=0.896 | v_win_bal=0.554 v_rec_bal=0.488 | lr=9.6e-06 | 20.8s
  Fold 3 | Ep  10/50 | t_loss=0.0573 t_acc=0.907 | v_win_bal=0.557 v_rec_bal=0.548 | lr=9.5e-06 | 20.7s
  Fold 3 | Ep  11/50 | t_loss=0.0526 t_acc=0.916 | v_win_bal=0.559 v_rec_bal=0.476 | lr=9.3e-06 | 21.1s
  Fold 3 | Ep  12/50 | t_loss=0.0492 t_acc=0.926 | v_win_bal=0.550 v_rec_bal=0.619 | lr=9.1e-06 | 20.7s
  Fold 3 | Ep  13/50 | t_loss=0.0451 t_acc=0.933 | v_win_bal=0.549 v_rec_bal=0.476 | lr=8.9e-06 | 20.8s
  Fold 3 | Ep  14/50 | t_loss=0.0418 t_acc=0.941 | v_win_bal=0.548 v_rec_bal=0.476 | lr=8.7e-06 | 20.7s
  Fold 3 | Ep  15/50 | t_loss=0.0376 t_acc=0.950 | v_win_bal=0.549 v_rec_bal=0.548 | lr=8.5e-06 | 20.7s
  Fold 3 | Ep  16/50 | t_loss=0.0342 t_acc=0.955 | v_win_bal=0.550 v_rec_bal=0.548 | lr=8.2e-06 | 20.7s
  Fold 3 | Ep  17/50 | t_loss=0.0311 t_acc=0.962 | v_win_bal=0.559 v_rec_bal=0.476 | lr=8.0e-06 | 20.7s
  Fold 3 | Ep  18/50 | t_loss=0.0285 t_acc=0.967 | v_win_bal=0.547 v_rec_bal=0.619 | lr=7.7e-06 | 20.8s
  Fold 3 | Ep  19/50 | t_loss=0.0255 t_acc=0.972 | v_win_bal=0.543 v_rec_bal=0.690 | lr=7.4e-06 | 20.7s
  Fold 3 | Ep  20/50 | t_loss=0.0239 t_acc=0.974 | v_win_bal=0.557 v_rec_bal=0.690 | lr=7.1e-06 | 20.6s
  Fold 3 | Ep  21/50 | t_loss=0.0216 t_acc=0.978 | v_win_bal=0.555 v_rec_bal=0.548 | lr=6.8e-06 | 20.6s
  Fold 3 | Ep  22/50 | t_loss=0.0199 t_acc=0.981 | v_win_bal=0.563 v_rec_bal=0.548 | lr=6.5e-06 | 20.7s
  Fold 3 | Ep  23/50 | t_loss=0.0169 t_acc=0.983 | v_win_bal=0.559 v_rec_bal=0.619 | lr=6.2e-06 | 20.6s
  Fold 3 | Ep  24/50 | t_loss=0.0154 t_acc=0.985 | v_win_bal=0.555 v_rec_bal=0.690 | lr=5.8e-06 | 20.8s
  Fold 3 | Ep  25/50 | t_loss=0.0142 t_acc=0.987 | v_win_bal=0.561 v_rec_bal=0.679 | lr=5.5e-06 | 20.6s
  Fold 3 | Ep  26/50 | t_loss=0.0122 t_acc=0.989 | v_win_bal=0.567 v_rec_bal=0.548 | lr=5.2e-06 | 21.0s
  Fold 3 | Ep  27/50 | t_loss=0.0115 t_acc=0.990 | v_win_bal=0.562 v_rec_bal=0.607 | lr=4.8e-06 | 20.8s
  Fold 3 | Ep  28/50 | t_loss=0.0087 t_acc=0.992 | v_win_bal=0.559 v_rec_bal=0.607 | lr=4.5e-06 | 20.7s
  Fold 3 | Ep  29/50 | t_loss=0.0080 t_acc=0.993 | v_win_bal=0.558 v_rec_bal=0.548 | lr=4.2e-06 | 20.8s
  Fold 3 | Ep  30/50 | t_loss=0.0073 t_acc=0.995 | v_win_bal=0.554 v_rec_bal=0.548 | lr=3.8e-06 | 20.8s
  Fold 3 | Ep  31/50 | t_loss=0.0058 t_acc=0.995 | v_win_bal=0.565 v_rec_bal=0.536 | lr=3.5e-06 | 20.8s
  Fold 3 | Ep  32/50 | t_loss=0.0057 t_acc=0.996 | v_win_bal=0.557 v_rec_bal=0.607 | lr=3.2e-06 | 20.7s
  Fold 3 | Ep  33/50 | t_loss=0.0052 t_acc=0.997 | v_win_bal=0.551 v_rec_bal=0.536 | lr=2.9e-06 | 20.8s
  Fold 3 | Ep  34/50 | t_loss=0.0033 t_acc=0.997 | v_win_bal=0.549 v_rec_bal=0.464 | lr=2.6e-06 | 20.7s
  Fold 3 | Ep  35/50 | t_loss=0.0034 t_acc=0.998 | v_win_bal=0.560 v_rec_bal=0.607 | lr=2.3e-06 | 20.8s
  Early stop at epoch 35
  -> Test (best @ epoch 19): acc=0.3846, bal_acc=0.4250

============================================================
Fold 4/5
============================================================
  Train:  39 samples, 39 subjects [3, 7, 10, 11, 12, 15, 16, 17, 18, 19, 20, 21, 22, 24, 26, 29, 32, 34, 35, 36, 37, 38, 40, 41, 43, 44, 45, 47, 48, 50, 51, 52, 53, 56, 58, 60, 61, 63, 64], label_0=17, label_1=22
    Val:  13 samples, 13 subjects [1, 9, 23, 25, 27, 31, 42, 46, 49, 54, 59, 62, 65], label_0=6, label_1=7
   Test:  13 samples, 13 subjects [2, 4, 5, 6, 8, 13, 14, 28, 30, 33, 39, 55, 57], label_0=6, label_1=7
  Building window datasets...
    WindowDataset: 17277 windows (class_0=3003, class_1=14274)
    WindowDataset: 2134 windows (class_0=936, class_1=1198)
    WindowDataset: 2013 windows (class_0=940, class_1=1073)
[LaBraM] Loaded 219/221 params from weights/labram-base/model.safetensors
[LaBraM] Missing: ['fc_norm.weight', 'fc_norm.bias']
  Fold 4 | Ep   1/50 | t_loss=0.1743 t_acc=0.758 | v_win_bal=0.626 v_rec_bal=0.690 | lr=3.3e-06 | 21.4s
  Fold 4 | Ep   2/50 | t_loss=0.1655 t_acc=0.654 | v_win_bal=0.628 v_rec_bal=0.774 | lr=6.7e-06 | 21.4s
  Fold 4 | Ep   3/50 | t_loss=0.1520 t_acc=0.702 | v_win_bal=0.622 v_rec_bal=0.786 | lr=1.0e-05 | 21.4s
  Fold 4 | Ep   4/50 | t_loss=0.1020 t_acc=0.807 | v_win_bal=0.592 v_rec_bal=0.571 | lr=1.0e-05 | 21.4s
  Fold 4 | Ep   5/50 | t_loss=0.0833 t_acc=0.835 | v_win_bal=0.577 v_rec_bal=0.571 | lr=1.0e-05 | 21.5s
  Fold 4 | Ep   6/50 | t_loss=0.0744 t_acc=0.851 | v_win_bal=0.566 v_rec_bal=0.571 | lr=9.9e-06 | 21.4s
  Fold 4 | Ep   7/50 | t_loss=0.0684 t_acc=0.866 | v_win_bal=0.558 v_rec_bal=0.571 | lr=9.8e-06 | 21.5s
  Fold 4 | Ep   8/50 | t_loss=0.0627 t_acc=0.881 | v_win_bal=0.553 v_rec_bal=0.571 | lr=9.7e-06 | 21.5s
  Fold 4 | Ep   9/50 | t_loss=0.0562 t_acc=0.897 | v_win_bal=0.557 v_rec_bal=0.548 | lr=9.6e-06 | 21.5s
  Fold 4 | Ep  10/50 | t_loss=0.0515 t_acc=0.908 | v_win_bal=0.552 v_rec_bal=0.476 | lr=9.5e-06 | 21.8s
  Fold 4 | Ep  11/50 | t_loss=0.0463 t_acc=0.922 | v_win_bal=0.540 v_rec_bal=0.536 | lr=9.3e-06 | 21.9s
  Fold 4 | Ep  12/50 | t_loss=0.0413 t_acc=0.934 | v_win_bal=0.553 v_rec_bal=0.607 | lr=9.1e-06 | 21.5s
  Fold 4 | Ep  13/50 | t_loss=0.0374 t_acc=0.943 | v_win_bal=0.541 v_rec_bal=0.476 | lr=8.9e-06 | 21.5s
  Fold 4 | Ep  14/50 | t_loss=0.0330 t_acc=0.951 | v_win_bal=0.549 v_rec_bal=0.536 | lr=8.7e-06 | 21.4s
  Fold 4 | Ep  15/50 | t_loss=0.0287 t_acc=0.961 | v_win_bal=0.549 v_rec_bal=0.607 | lr=8.5e-06 | 21.4s
  Fold 4 | Ep  16/50 | t_loss=0.0251 t_acc=0.966 | v_win_bal=0.559 v_rec_bal=0.464 | lr=8.2e-06 | 21.5s
  Fold 4 | Ep  17/50 | t_loss=0.0226 t_acc=0.971 | v_win_bal=0.553 v_rec_bal=0.607 | lr=8.0e-06 | 21.5s
  Fold 4 | Ep  18/50 | t_loss=0.0213 t_acc=0.976 | v_win_bal=0.533 v_rec_bal=0.667 | lr=7.7e-06 | 21.4s
  Early stop at epoch 18
  -> Test (best @ epoch 3): acc=0.7692, bal_acc=0.7857

============================================================
Fold 5/5
============================================================
  Train:  39 samples, 39 subjects [2, 3, 4, 5, 7, 8, 10, 12, 13, 14, 15, 17, 18, 19, 20, 22, 24, 26, 27, 28, 30, 33, 34, 36, 38, 39, 40, 41, 42, 43, 49, 52, 54, 56, 57, 58, 59, 60, 63], label_0=17, label_1=22
    Val:  13 samples, 13 subjects [1, 6, 16, 23, 25, 31, 45, 47, 50, 55, 61, 62, 64], label_0=6, label_1=7
   Test:  13 samples, 13 subjects [9, 11, 21, 29, 32, 35, 37, 44, 46, 48, 51, 53, 65], label_0=6, label_1=7
  Building window datasets...
    WindowDataset: 17169 windows (class_0=2883, class_1=14286)
    WindowDataset: 2159 windows (class_0=1008, class_1=1151)
    WindowDataset: 2105 windows (class_0=988, class_1=1117)
[LaBraM] Loaded 219/221 params from weights/labram-base/model.safetensors
[LaBraM] Missing: ['fc_norm.weight', 'fc_norm.bias']
  Fold 5 | Ep   1/50 | t_loss=0.1766 t_acc=0.781 | v_win_bal=0.585 v_rec_bal=0.690 | lr=3.3e-06 | 21.5s
  Fold 5 | Ep   2/50 | t_loss=0.1632 t_acc=0.664 | v_win_bal=0.622 v_rec_bal=0.774 | lr=6.7e-06 | 21.3s
  Fold 5 | Ep   3/50 | t_loss=0.1408 t_acc=0.720 | v_win_bal=0.555 v_rec_bal=0.690 | lr=1.0e-05 | 21.4s
  Fold 5 | Ep   4/50 | t_loss=0.1102 t_acc=0.807 | v_win_bal=0.541 v_rec_bal=0.571 | lr=1.0e-05 | 21.4s
  Fold 5 | Ep   5/50 | t_loss=0.0813 t_acc=0.862 | v_win_bal=0.534 v_rec_bal=0.500 | lr=1.0e-05 | 21.3s
  Fold 5 | Ep   6/50 | t_loss=0.0679 t_acc=0.883 | v_win_bal=0.511 v_rec_bal=0.488 | lr=9.9e-06 | 21.3s
  Fold 5 | Ep   7/50 | t_loss=0.0602 t_acc=0.897 | v_win_bal=0.522 v_rec_bal=0.488 | lr=9.8e-06 | 21.4s
  Fold 5 | Ep   8/50 | t_loss=0.0557 t_acc=0.910 | v_win_bal=0.493 v_rec_bal=0.417 | lr=9.7e-06 | 21.7s
  Fold 5 | Ep   9/50 | t_loss=0.0490 t_acc=0.920 | v_win_bal=0.493 v_rec_bal=0.405 | lr=9.6e-06 | 21.3s
  Fold 5 | Ep  10/50 | t_loss=0.0436 t_acc=0.933 | v_win_bal=0.502 v_rec_bal=0.488 | lr=9.5e-06 | 21.4s
  Fold 5 | Ep  11/50 | t_loss=0.0403 t_acc=0.942 | v_win_bal=0.482 v_rec_bal=0.417 | lr=9.3e-06 | 21.4s
  Fold 5 | Ep  12/50 | t_loss=0.0345 t_acc=0.952 | v_win_bal=0.489 v_rec_bal=0.488 | lr=9.1e-06 | 21.5s
  Fold 5 | Ep  13/50 | t_loss=0.0313 t_acc=0.958 | v_win_bal=0.505 v_rec_bal=0.405 | lr=8.9e-06 | 21.3s
  Fold 5 | Ep  14/50 | t_loss=0.0268 t_acc=0.965 | v_win_bal=0.478 v_rec_bal=0.548 | lr=8.7e-06 | 22.2s
  Fold 5 | Ep  15/50 | t_loss=0.0225 t_acc=0.973 | v_win_bal=0.483 v_rec_bal=0.476 | lr=8.5e-06 | 22.0s
  Fold 5 | Ep  16/50 | t_loss=0.0204 t_acc=0.977 | v_win_bal=0.468 v_rec_bal=0.476 | lr=8.2e-06 | 21.6s
  Fold 5 | Ep  17/50 | t_loss=0.0163 t_acc=0.982 | v_win_bal=0.473 v_rec_bal=0.548 | lr=8.0e-06 | 21.5s
  Early stop at epoch 17
  -> Test (best @ epoch 2): acc=0.5385, bal_acc=0.5357

============================================================
Global Results (5-Fold, subject-level CV)
Mode: FT | Extractor: labram | Loss: focal
============================================================
              acc: 0.5385
          bal_acc: 0.5565
               f1: 0.5276
            kappa: 0.1080
  Total predictions: 65 (should equal dataset size: 65)

Results saved to results/studies/exp27_paired_null/adftd/perm_s0/
