/raid/jupyter-linjimmy1003.md10/.conda/envs/stress/lib/python3.11/site-packages/timm/models/layers/__init__.py:49: FutureWarning: Importing from timm.models.layers is deprecated, please import via timm.layers
  warnings.warn(f"Importing from {__name__} is deprecated, please import via timm.layers", FutureWarning)
Mode: FT | Extractor: labram | Folds: 5
LR: 1e-05 | WD: 0.05 | Beta2: 0.999 | Grad clip: 2.0
Head: hidden=128, dropout=0.0 | Norm: zscore | Loss: focal
Full FT: encoder_lr_scale=0.1
Augmentation: 75% overlap for increase class

Results → results/studies/exp27_paired_null/adftd/perm_s23/
ADFTD: 65 recordings from 65 subjects (AD=36, HC=29)
ADFTD: 65 recordings, 65 subjects (AD=36, HC=29)
[permute-labels] Subject-level shuffle with rng seed 23 over 65 subjects. Class balance preserved: 36 pos / 29 neg

============================================================
Fold 1/5
============================================================
  Train:  39 samples, 39 subjects [1, 2, 3, 5, 6, 9, 12, 14, 15, 16, 17, 18, 20, 22, 23, 26, 27, 28, 30, 31, 34, 35, 36, 37, 38, 39, 41, 43, 44, 45, 47, 48, 51, 53, 55, 57, 58, 61, 64], label_0=17, label_1=22
    Val:  13 samples, 13 subjects [11, 21, 24, 29, 33, 42, 46, 49, 52, 59, 62, 63, 65], label_0=6, label_1=7
   Test:  13 samples, 13 subjects [4, 7, 8, 10, 13, 19, 25, 32, 40, 50, 54, 56, 60], label_0=6, label_1=7
  Building window datasets...
    WindowDataset: 16848 windows (class_0=2882, class_1=13966)
    WindowDataset: 2110 windows (class_0=935, class_1=1175)
    WindowDataset: 2235 windows (class_0=1107, class_1=1128)
[LaBraM] Loaded 219/221 params from weights/labram-base/model.safetensors
[LaBraM] Missing: ['fc_norm.weight', 'fc_norm.bias']
  Trainable parameters: 5,871,779
  Class weights: [2.9229700565338135, 0.6031791567802429]
  Fold 1 | Ep   1/50 | t_loss=0.1861 t_acc=0.287 | v_win_bal=0.508 v_rec_bal=0.500 | lr=3.3e-06 | 23.4s
  Fold 1 | Ep   2/50 | t_loss=0.1684 t_acc=0.689 | v_win_bal=0.488 v_rec_bal=0.429 | lr=6.7e-06 | 21.2s
  Fold 1 | Ep   3/50 | t_loss=0.1553 t_acc=0.718 | v_win_bal=0.505 v_rec_bal=0.512 | lr=1.0e-05 | 21.1s
  Fold 1 | Ep   4/50 | t_loss=0.1309 t_acc=0.766 | v_win_bal=0.492 v_rec_bal=0.536 | lr=1.0e-05 | 21.1s
  Fold 1 | Ep   5/50 | t_loss=0.1037 t_acc=0.818 | v_win_bal=0.470 v_rec_bal=0.476 | lr=1.0e-05 | 21.2s
  Fold 1 | Ep   6/50 | t_loss=0.0855 t_acc=0.848 | v_win_bal=0.507 v_rec_bal=0.488 | lr=9.9e-06 | 21.2s
  Fold 1 | Ep   7/50 | t_loss=0.0733 t_acc=0.871 | v_win_bal=0.483 v_rec_bal=0.488 | lr=9.8e-06 | 21.1s
  Fold 1 | Ep   8/50 | t_loss=0.0645 t_acc=0.885 | v_win_bal=0.459 v_rec_bal=0.464 | lr=9.7e-06 | 21.1s
  Fold 1 | Ep   9/50 | t_loss=0.0575 t_acc=0.903 | v_win_bal=0.456 v_rec_bal=0.464 | lr=9.6e-06 | 21.3s
  Fold 1 | Ep  10/50 | t_loss=0.0513 t_acc=0.917 | v_win_bal=0.494 v_rec_bal=0.488 | lr=9.5e-06 | 22.1s
  Fold 1 | Ep  11/50 | t_loss=0.0459 t_acc=0.929 | v_win_bal=0.474 v_rec_bal=0.536 | lr=9.3e-06 | 21.6s
  Fold 1 | Ep  12/50 | t_loss=0.0404 t_acc=0.940 | v_win_bal=0.482 v_rec_bal=0.548 | lr=9.1e-06 | 21.4s
  Fold 1 | Ep  13/50 | t_loss=0.0339 t_acc=0.952 | v_win_bal=0.482 v_rec_bal=0.548 | lr=8.9e-06 | 21.5s
  Fold 1 | Ep  14/50 | t_loss=0.0303 t_acc=0.960 | v_win_bal=0.453 v_rec_bal=0.607 | lr=8.7e-06 | 21.5s
  Fold 1 | Ep  15/50 | t_loss=0.0270 t_acc=0.967 | v_win_bal=0.472 v_rec_bal=0.536 | lr=8.5e-06 | 21.5s
  Fold 1 | Ep  16/50 | t_loss=0.0232 t_acc=0.972 | v_win_bal=0.482 v_rec_bal=0.536 | lr=8.2e-06 | 21.9s
  Fold 1 | Ep  17/50 | t_loss=0.0199 t_acc=0.978 | v_win_bal=0.485 v_rec_bal=0.536 | lr=8.0e-06 | 21.5s
  Fold 1 | Ep  18/50 | t_loss=0.0178 t_acc=0.982 | v_win_bal=0.473 v_rec_bal=0.607 | lr=7.7e-06 | 21.5s
  Fold 1 | Ep  19/50 | t_loss=0.0151 t_acc=0.986 | v_win_bal=0.474 v_rec_bal=0.607 | lr=7.4e-06 | 21.4s
  Fold 1 | Ep  20/50 | t_loss=0.0133 t_acc=0.989 | v_win_bal=0.468 v_rec_bal=0.524 | lr=7.1e-06 | 21.4s
  Fold 1 | Ep  21/50 | t_loss=0.0099 t_acc=0.991 | v_win_bal=0.476 v_rec_bal=0.607 | lr=6.8e-06 | 21.5s
  Fold 1 | Ep  22/50 | t_loss=0.0096 t_acc=0.993 | v_win_bal=0.458 v_rec_bal=0.357 | lr=6.5e-06 | 21.5s
  Fold 1 | Ep  23/50 | t_loss=0.0073 t_acc=0.995 | v_win_bal=0.472 v_rec_bal=0.524 | lr=6.2e-06 | 21.5s
  Fold 1 | Ep  24/50 | t_loss=0.0066 t_acc=0.996 | v_win_bal=0.474 v_rec_bal=0.607 | lr=5.8e-06 | 21.5s
  Fold 1 | Ep  25/50 | t_loss=0.0053 t_acc=0.996 | v_win_bal=0.485 v_rec_bal=0.607 | lr=5.5e-06 | 21.4s
  Fold 1 | Ep  26/50 | t_loss=0.0042 t_acc=0.997 | v_win_bal=0.482 v_rec_bal=0.607 | lr=5.2e-06 | 21.4s
  Fold 1 | Ep  27/50 | t_loss=0.0029 t_acc=0.998 | v_win_bal=0.476 v_rec_bal=0.524 | lr=4.8e-06 | 21.4s
  Fold 1 | Ep  28/50 | t_loss=0.0026 t_acc=0.998 | v_win_bal=0.484 v_rec_bal=0.607 | lr=4.5e-06 | 21.8s
  Fold 1 | Ep  29/50 | t_loss=0.0028 t_acc=0.998 | v_win_bal=0.489 v_rec_bal=0.607 | lr=4.2e-06 | 21.3s
  Fold 1 | Ep  30/50 | t_loss=0.0020 t_acc=0.999 | v_win_bal=0.486 v_rec_bal=0.607 | lr=3.8e-06 | 21.4s
  Fold 1 | Ep  31/50 | t_loss=0.0018 t_acc=0.999 | v_win_bal=0.479 v_rec_bal=0.524 | lr=3.5e-06 | 21.3s
  Fold 1 | Ep  32/50 | t_loss=0.0012 t_acc=0.999 | v_win_bal=0.481 v_rec_bal=0.607 | lr=3.2e-06 | 22.0s
  Fold 1 | Ep  33/50 | t_loss=0.0010 t_acc=1.000 | v_win_bal=0.479 v_rec_bal=0.524 | lr=2.9e-06 | 21.4s
  Fold 1 | Ep  34/50 | t_loss=0.0009 t_acc=1.000 | v_win_bal=0.481 v_rec_bal=0.607 | lr=2.6e-06 | 21.5s
  Fold 1 | Ep  35/50 | t_loss=0.0004 t_acc=1.000 | v_win_bal=0.488 v_rec_bal=0.607 | lr=2.3e-06 | 21.5s
  Fold 1 | Ep  36/50 | t_loss=0.0003 t_acc=1.000 | v_win_bal=0.488 v_rec_bal=0.607 | lr=2.0e-06 | 21.5s
  Fold 1 | Ep  37/50 | t_loss=0.0004 t_acc=1.000 | v_win_bal=0.477 v_rec_bal=0.440 | lr=1.8e-06 | 21.6s
  Fold 1 | Ep  38/50 | t_loss=0.0001 t_acc=1.000 | v_win_bal=0.485 v_rec_bal=0.607 | lr=1.5e-06 | 21.5s
  Fold 1 | Ep  39/50 | t_loss=0.0000 t_acc=1.000 | v_win_bal=0.486 v_rec_bal=0.524 | lr=1.3e-06 | 21.5s
  Fold 1 | Ep  40/50 | t_loss=0.0000 t_acc=1.000 | v_win_bal=0.483 v_rec_bal=0.524 | lr=1.1e-06 | 21.5s
  Fold 1 | Ep  41/50 | t_loss=0.0000 t_acc=1.000 | v_win_bal=0.479 v_rec_bal=0.524 | lr=8.8e-07 | 21.4s
  Early stop at epoch 41
  -> Test (best @ epoch 14): acc=0.4615, bal_acc=0.4762

============================================================
Fold 2/5
============================================================
  Train:  39 samples, 39 subjects [3, 5, 7, 8, 9, 10, 11, 12, 13, 14, 16, 18, 19, 20, 22, 23, 24, 25, 28, 29, 30, 31, 32, 33, 34, 35, 38, 39, 40, 44, 46, 49, 51, 54, 55, 56, 57, 63, 65], label_0=17, label_1=22
    Val:  13 samples, 13 subjects [1, 4, 6, 17, 21, 26, 37, 43, 48, 50, 52, 53, 60], label_0=6, label_1=7
   Test:  13 samples, 13 subjects [2, 15, 27, 36, 41, 42, 45, 47, 58, 59, 61, 62, 64], label_0=6, label_1=7
  Building window datasets...
    WindowDataset: 17034 windows (class_0=2916, class_1=14118)
    WindowDataset: 2071 windows (class_0=1015, class_1=1056)
    WindowDataset: 2202 windows (class_0=993, class_1=1209)
[LaBraM] Loaded 219/221 params from weights/labram-base/model.safetensors
[LaBraM] Missing: ['fc_norm.weight', 'fc_norm.bias']
  Fold 2 | Ep   1/50 | t_loss=0.1729 t_acc=0.505 | v_win_bal=0.523 v_rec_bal=0.512 | lr=3.3e-06 | 22.1s
  Fold 2 | Ep   2/50 | t_loss=0.1625 t_acc=0.734 | v_win_bal=0.535 v_rec_bal=0.512 | lr=6.7e-06 | 22.4s
  Fold 2 | Ep   3/50 | t_loss=0.1432 t_acc=0.756 | v_win_bal=0.529 v_rec_bal=0.583 | lr=1.0e-05 | 22.8s
  Fold 2 | Ep   4/50 | t_loss=0.1176 t_acc=0.796 | v_win_bal=0.489 v_rec_bal=0.476 | lr=1.0e-05 | 22.4s
  Fold 2 | Ep   5/50 | t_loss=0.0943 t_acc=0.842 | v_win_bal=0.496 v_rec_bal=0.595 | lr=1.0e-05 | 22.4s
  Fold 2 | Ep   6/50 | t_loss=0.0766 t_acc=0.877 | v_win_bal=0.489 v_rec_bal=0.452 | lr=9.9e-06 | 22.4s
  Fold 2 | Ep   7/50 | t_loss=0.0640 t_acc=0.901 | v_win_bal=0.495 v_rec_bal=0.524 | lr=9.8e-06 | 22.6s
  Fold 2 | Ep   8/50 | t_loss=0.0551 t_acc=0.916 | v_win_bal=0.489 v_rec_bal=0.381 | lr=9.7e-06 | 22.6s
  Fold 2 | Ep   9/50 | t_loss=0.0482 t_acc=0.930 | v_win_bal=0.505 v_rec_bal=0.583 | lr=9.6e-06 | 22.4s
  Fold 2 | Ep  10/50 | t_loss=0.0431 t_acc=0.940 | v_win_bal=0.484 v_rec_bal=0.393 | lr=9.5e-06 | 22.5s
  Fold 2 | Ep  11/50 | t_loss=0.0383 t_acc=0.951 | v_win_bal=0.507 v_rec_bal=0.440 | lr=9.3e-06 | 22.4s
  Fold 2 | Ep  12/50 | t_loss=0.0332 t_acc=0.960 | v_win_bal=0.498 v_rec_bal=0.369 | lr=9.1e-06 | 22.0s
  Fold 2 | Ep  13/50 | t_loss=0.0296 t_acc=0.968 | v_win_bal=0.489 v_rec_bal=0.440 | lr=8.9e-06 | 22.4s
  Fold 2 | Ep  14/50 | t_loss=0.0247 t_acc=0.974 | v_win_bal=0.500 v_rec_bal=0.512 | lr=8.7e-06 | 22.5s
  Fold 2 | Ep  15/50 | t_loss=0.0212 t_acc=0.979 | v_win_bal=0.494 v_rec_bal=0.583 | lr=8.5e-06 | 22.4s
  Fold 2 | Ep  16/50 | t_loss=0.0186 t_acc=0.984 | v_win_bal=0.503 v_rec_bal=0.583 | lr=8.2e-06 | 22.3s
  Fold 2 | Ep  17/50 | t_loss=0.0168 t_acc=0.987 | v_win_bal=0.486 v_rec_bal=0.512 | lr=8.0e-06 | 22.3s
  Fold 2 | Ep  18/50 | t_loss=0.0136 t_acc=0.992 | v_win_bal=0.493 v_rec_bal=0.440 | lr=7.7e-06 | 22.3s
  Fold 2 | Ep  19/50 | t_loss=0.0112 t_acc=0.993 | v_win_bal=0.500 v_rec_bal=0.583 | lr=7.4e-06 | 22.4s
  Fold 2 | Ep  20/50 | t_loss=0.0086 t_acc=0.995 | v_win_bal=0.498 v_rec_bal=0.440 | lr=7.1e-06 | 22.5s
  Fold 2 | Ep  21/50 | t_loss=0.0080 t_acc=0.997 | v_win_bal=0.504 v_rec_bal=0.512 | lr=6.8e-06 | 22.9s
  Fold 2 | Ep  22/50 | t_loss=0.0056 t_acc=0.998 | v_win_bal=0.502 v_rec_bal=0.512 | lr=6.5e-06 | 22.5s
  Fold 2 | Ep  23/50 | t_loss=0.0042 t_acc=0.998 | v_win_bal=0.501 v_rec_bal=0.583 | lr=6.2e-06 | 22.5s
  Fold 2 | Ep  24/50 | t_loss=0.0031 t_acc=0.999 | v_win_bal=0.508 v_rec_bal=0.512 | lr=5.8e-06 | 22.5s
  Fold 2 | Ep  25/50 | t_loss=0.0013 t_acc=0.999 | v_win_bal=0.503 v_rec_bal=0.512 | lr=5.5e-06 | 22.9s
  Fold 2 | Ep  26/50 | t_loss=0.0009 t_acc=1.000 | v_win_bal=0.501 v_rec_bal=0.512 | lr=5.2e-06 | 22.3s
  Fold 2 | Ep  27/50 | t_loss=0.0003 t_acc=1.000 | v_win_bal=0.513 v_rec_bal=0.583 | lr=4.8e-06 | 22.5s
  Fold 2 | Ep  28/50 | t_loss=0.0001 t_acc=1.000 | v_win_bal=0.505 v_rec_bal=0.512 | lr=4.5e-06 | 22.6s
  Fold 2 | Ep  29/50 | t_loss=0.0000 t_acc=1.000 | v_win_bal=0.509 v_rec_bal=0.440 | lr=4.2e-06 | 22.5s
  Fold 2 | Ep  30/50 | t_loss=0.0001 t_acc=1.000 | v_win_bal=0.498 v_rec_bal=0.512 | lr=3.8e-06 | 22.6s
  Fold 2 | Ep  31/50 | t_loss=0.0001 t_acc=1.000 | v_win_bal=0.493 v_rec_bal=0.512 | lr=3.5e-06 | 22.6s
  Early stop at epoch 31
  -> Test (best @ epoch 5): acc=0.5385, bal_acc=0.5357

============================================================
Fold 3/5
============================================================
  Train:  39 samples, 39 subjects [3, 4, 7, 8, 9, 10, 11, 12, 13, 15, 16, 17, 19, 21, 24, 25, 27, 28, 30, 32, 33, 35, 36, 37, 40, 41, 42, 44, 45, 46, 49, 51, 56, 57, 58, 59, 60, 62, 64], label_0=17, label_1=22
    Val:  13 samples, 13 subjects [2, 6, 26, 29, 31, 34, 39, 47, 50, 52, 53, 54, 61], label_0=6, label_1=7
   Test:  13 samples, 13 subjects [1, 5, 14, 18, 20, 22, 23, 38, 43, 48, 55, 63, 65], label_0=6, label_1=7
  Building window datasets...
    WindowDataset: 16760 windows (class_0=2878, class_1=13882)
    WindowDataset: 2178 windows (class_0=1007, class_1=1171)
    WindowDataset: 2192 windows (class_0=1039, class_1=1153)
[LaBraM] Loaded 219/221 params from weights/labram-base/model.safetensors
[LaBraM] Missing: ['fc_norm.weight', 'fc_norm.bias']
  Fold 3 | Ep   1/50 | t_loss=0.1803 t_acc=0.769 | v_win_bal=0.453 v_rec_bal=0.405 | lr=3.3e-06 | 22.2s
  Fold 3 | Ep   2/50 | t_loss=0.1634 t_acc=0.705 | v_win_bal=0.543 v_rec_bal=0.631 | lr=6.7e-06 | 22.3s
  Fold 3 | Ep   3/50 | t_loss=0.1393 t_acc=0.746 | v_win_bal=0.561 v_rec_bal=0.690 | lr=1.0e-05 | 22.3s
  Fold 3 | Ep   4/50 | t_loss=0.0988 t_acc=0.822 | v_win_bal=0.505 v_rec_bal=0.560 | lr=1.0e-05 | 22.3s
  Fold 3 | Ep   5/50 | t_loss=0.0741 t_acc=0.871 | v_win_bal=0.494 v_rec_bal=0.488 | lr=1.0e-05 | 22.2s
  Fold 3 | Ep   6/50 | t_loss=0.0663 t_acc=0.888 | v_win_bal=0.506 v_rec_bal=0.631 | lr=9.9e-06 | 22.2s
  Fold 3 | Ep   7/50 | t_loss=0.0598 t_acc=0.901 | v_win_bal=0.481 v_rec_bal=0.417 | lr=9.8e-06 | 22.3s
  Fold 3 | Ep   8/50 | t_loss=0.0544 t_acc=0.910 | v_win_bal=0.492 v_rec_bal=0.488 | lr=9.7e-06 | 22.2s
  Fold 3 | Ep   9/50 | t_loss=0.0485 t_acc=0.923 | v_win_bal=0.492 v_rec_bal=0.488 | lr=9.6e-06 | 22.6s
  Fold 3 | Ep  10/50 | t_loss=0.0440 t_acc=0.933 | v_win_bal=0.491 v_rec_bal=0.631 | lr=9.5e-06 | 22.2s
  Fold 3 | Ep  11/50 | t_loss=0.0396 t_acc=0.944 | v_win_bal=0.494 v_rec_bal=0.560 | lr=9.3e-06 | 22.3s
  Fold 3 | Ep  12/50 | t_loss=0.0362 t_acc=0.953 | v_win_bal=0.501 v_rec_bal=0.631 | lr=9.1e-06 | 22.4s
  Fold 3 | Ep  13/50 | t_loss=0.0338 t_acc=0.959 | v_win_bal=0.485 v_rec_bal=0.631 | lr=8.9e-06 | 22.4s
  Fold 3 | Ep  14/50 | t_loss=0.0280 t_acc=0.966 | v_win_bal=0.494 v_rec_bal=0.548 | lr=8.7e-06 | 22.3s
  Fold 3 | Ep  15/50 | t_loss=0.0256 t_acc=0.971 | v_win_bal=0.497 v_rec_bal=0.452 | lr=8.5e-06 | 22.3s
  Fold 3 | Ep  16/50 | t_loss=0.0228 t_acc=0.977 | v_win_bal=0.487 v_rec_bal=0.548 | lr=8.2e-06 | 22.3s
  Fold 3 | Ep  17/50 | t_loss=0.0203 t_acc=0.981 | v_win_bal=0.489 v_rec_bal=0.452 | lr=8.0e-06 | 22.3s
  Fold 3 | Ep  18/50 | t_loss=0.0181 t_acc=0.984 | v_win_bal=0.494 v_rec_bal=0.536 | lr=7.7e-06 | 22.3s
  Fold 3 | Ep  19/50 | t_loss=0.0174 t_acc=0.988 | v_win_bal=0.488 v_rec_bal=0.452 | lr=7.4e-06 | 22.7s
  Early stop at epoch 19
  -> Test (best @ epoch 3): acc=0.5385, bal_acc=0.5357

============================================================
Fold 4/5
============================================================
  Train:  39 samples, 39 subjects [2, 4, 6, 7, 8, 10, 11, 13, 14, 15, 17, 18, 20, 21, 22, 26, 28, 32, 33, 35, 37, 38, 40, 41, 42, 43, 44, 45, 47, 52, 54, 55, 56, 58, 59, 60, 61, 64, 65], label_0=18, label_1=21
    Val:  13 samples, 13 subjects [1, 5, 19, 23, 25, 27, 36, 48, 50, 53, 57, 62, 63], label_0=6, label_1=7
   Test:  13 samples, 13 subjects [3, 9, 12, 16, 24, 29, 30, 31, 34, 39, 46, 49, 51], label_0=5, label_1=8
  Building window datasets...
    WindowDataset: 16985 windows (class_0=3072, class_1=13913)
    WindowDataset: 2138 windows (class_0=1030, class_1=1108)
    WindowDataset: 2031 windows (class_0=822, class_1=1209)
[LaBraM] Loaded 219/221 params from weights/labram-base/model.safetensors
[LaBraM] Missing: ['fc_norm.weight', 'fc_norm.bias']
  Fold 4 | Ep   1/50 | t_loss=0.1754 t_acc=0.377 | v_win_bal=0.550 v_rec_bal=0.512 | lr=3.3e-06 | 22.3s
  Fold 4 | Ep   2/50 | t_loss=0.1643 t_acc=0.727 | v_win_bal=0.534 v_rec_bal=0.595 | lr=6.7e-06 | 22.2s
  Fold 4 | Ep   3/50 | t_loss=0.1480 t_acc=0.735 | v_win_bal=0.531 v_rec_bal=0.536 | lr=1.0e-05 | 22.5s
  Fold 4 | Ep   4/50 | t_loss=0.1212 t_acc=0.784 | v_win_bal=0.515 v_rec_bal=0.619 | lr=1.0e-05 | 22.6s
  Fold 4 | Ep   5/50 | t_loss=0.0934 t_acc=0.842 | v_win_bal=0.490 v_rec_bal=0.476 | lr=1.0e-05 | 22.5s
  Fold 4 | Ep   6/50 | t_loss=0.0740 t_acc=0.876 | v_win_bal=0.460 v_rec_bal=0.405 | lr=9.9e-06 | 22.4s
  Fold 4 | Ep   7/50 | t_loss=0.0619 t_acc=0.895 | v_win_bal=0.459 v_rec_bal=0.464 | lr=9.8e-06 | 22.4s
  Fold 4 | Ep   8/50 | t_loss=0.0537 t_acc=0.915 | v_win_bal=0.444 v_rec_bal=0.464 | lr=9.7e-06 | 22.5s
  Fold 4 | Ep   9/50 | t_loss=0.0465 t_acc=0.930 | v_win_bal=0.437 v_rec_bal=0.464 | lr=9.6e-06 | 22.4s
  Fold 4 | Ep  10/50 | t_loss=0.0417 t_acc=0.941 | v_win_bal=0.445 v_rec_bal=0.536 | lr=9.5e-06 | 22.7s
  Fold 4 | Ep  11/50 | t_loss=0.0364 t_acc=0.949 | v_win_bal=0.431 v_rec_bal=0.464 | lr=9.3e-06 | 22.5s
  Fold 4 | Ep  12/50 | t_loss=0.0317 t_acc=0.958 | v_win_bal=0.440 v_rec_bal=0.464 | lr=9.1e-06 | 22.6s
  Fold 4 | Ep  13/50 | t_loss=0.0285 t_acc=0.967 | v_win_bal=0.438 v_rec_bal=0.464 | lr=8.9e-06 | 22.5s
  Fold 4 | Ep  14/50 | t_loss=0.0237 t_acc=0.974 | v_win_bal=0.434 v_rec_bal=0.464 | lr=8.7e-06 | 22.5s
  Fold 4 | Ep  15/50 | t_loss=0.0236 t_acc=0.978 | v_win_bal=0.433 v_rec_bal=0.464 | lr=8.5e-06 | 22.4s
  Fold 4 | Ep  16/50 | t_loss=0.0191 t_acc=0.983 | v_win_bal=0.441 v_rec_bal=0.464 | lr=8.2e-06 | 22.1s
  Fold 4 | Ep  17/50 | t_loss=0.0178 t_acc=0.987 | v_win_bal=0.436 v_rec_bal=0.464 | lr=8.0e-06 | 22.9s
  Fold 4 | Ep  18/50 | t_loss=0.0149 t_acc=0.989 | v_win_bal=0.444 v_rec_bal=0.536 | lr=7.7e-06 | 22.5s
  Fold 4 | Ep  19/50 | t_loss=0.0140 t_acc=0.990 | v_win_bal=0.444 v_rec_bal=0.464 | lr=7.4e-06 | 22.5s
  Early stop at epoch 19
  -> Test (best @ epoch 4): acc=0.6923, bal_acc=0.7125

============================================================
Fold 5/5
============================================================
  Train:  39 samples, 39 subjects [1, 2, 3, 4, 5, 7, 8, 9, 10, 12, 13, 14, 15, 18, 19, 20, 22, 24, 25, 29, 30, 32, 36, 38, 39, 40, 41, 42, 43, 45, 46, 48, 49, 51, 58, 59, 61, 64, 65], label_0=17, label_1=22
    Val:  13 samples, 13 subjects [16, 23, 27, 31, 34, 47, 50, 54, 55, 56, 60, 62, 63], label_0=6, label_1=7
   Test:  13 samples, 13 subjects [6, 11, 17, 21, 26, 28, 33, 35, 37, 44, 52, 53, 57], label_0=6, label_1=7
  Building window datasets...
    WindowDataset: 16683 windows (class_0=2913, class_1=13770)
    WindowDataset: 2288 windows (class_0=1048, class_1=1240)
    WindowDataset: 2075 windows (class_0=963, class_1=1112)
[LaBraM] Loaded 219/221 params from weights/labram-base/model.safetensors
[LaBraM] Missing: ['fc_norm.weight', 'fc_norm.bias']
  Fold 5 | Ep   1/50 | t_loss=0.1722 t_acc=0.761 | v_win_bal=0.589 v_rec_bal=0.619 | lr=3.3e-06 | 22.1s
  Fold 5 | Ep   2/50 | t_loss=0.1636 t_acc=0.710 | v_win_bal=0.590 v_rec_bal=0.679 | lr=6.7e-06 | 22.1s
  Fold 5 | Ep   3/50 | t_loss=0.1462 t_acc=0.728 | v_win_bal=0.587 v_rec_bal=0.571 | lr=1.0e-05 | 22.2s
  Fold 5 | Ep   4/50 | t_loss=0.1268 t_acc=0.770 | v_win_bal=0.595 v_rec_bal=0.631 | lr=1.0e-05 | 22.2s
  Fold 5 | Ep   5/50 | t_loss=0.1044 t_acc=0.825 | v_win_bal=0.568 v_rec_bal=0.714 | lr=1.0e-05 | 22.2s
  Fold 5 | Ep   6/50 | t_loss=0.0871 t_acc=0.862 | v_win_bal=0.533 v_rec_bal=0.571 | lr=9.9e-06 | 22.2s
  Fold 5 | Ep   7/50 | t_loss=0.0740 t_acc=0.882 | v_win_bal=0.521 v_rec_bal=0.500 | lr=9.8e-06 | 22.1s
  Fold 5 | Ep   8/50 | t_loss=0.0653 t_acc=0.899 | v_win_bal=0.510 v_rec_bal=0.571 | lr=9.7e-06 | 22.2s
  Fold 5 | Ep   9/50 | t_loss=0.0562 t_acc=0.913 | v_win_bal=0.502 v_rec_bal=0.500 | lr=9.6e-06 | 22.2s
  Fold 5 | Ep  10/50 | t_loss=0.0514 t_acc=0.925 | v_win_bal=0.499 v_rec_bal=0.571 | lr=9.5e-06 | 22.2s
  Fold 5 | Ep  11/50 | t_loss=0.0454 t_acc=0.936 | v_win_bal=0.493 v_rec_bal=0.500 | lr=9.3e-06 | 22.1s
  Fold 5 | Ep  12/50 | t_loss=0.0398 t_acc=0.946 | v_win_bal=0.481 v_rec_bal=0.560 | lr=9.1e-06 | 21.8s
  Fold 5 | Ep  13/50 | t_loss=0.0357 t_acc=0.954 | v_win_bal=0.485 v_rec_bal=0.500 | lr=8.9e-06 | 22.1s
  Fold 5 | Ep  14/50 | t_loss=0.0293 t_acc=0.965 | v_win_bal=0.477 v_rec_bal=0.560 | lr=8.7e-06 | 22.6s
  Fold 5 | Ep  15/50 | t_loss=0.0257 t_acc=0.970 | v_win_bal=0.474 v_rec_bal=0.500 | lr=8.5e-06 | 22.2s
  Fold 5 | Ep  16/50 | t_loss=0.0223 t_acc=0.975 | v_win_bal=0.464 v_rec_bal=0.393 | lr=8.2e-06 | 22.2s
  Fold 5 | Ep  17/50 | t_loss=0.0198 t_acc=0.980 | v_win_bal=0.462 v_rec_bal=0.476 | lr=8.0e-06 | 22.0s
  Early stop at epoch 17
  -> Test (best @ epoch 5): acc=0.6923, bal_acc=0.6905

============================================================
Global Results (5-Fold, subject-level CV)
Mode: FT | Extractor: labram | Loss: focal
============================================================
              acc: 0.5846
          bal_acc: 0.5881
               f1: 0.5856
            kappa: 0.1733
  Total predictions: 65 (should equal dataset size: 65)

Results saved to results/studies/exp27_paired_null/adftd/perm_s23/
