/raid/jupyter-linjimmy1003.md10/.conda/envs/stress/lib/python3.11/site-packages/timm/models/layers/__init__.py:49: FutureWarning: Importing from timm.models.layers is deprecated, please import via timm.layers
  warnings.warn(f"Importing from {__name__} is deprecated, please import via timm.layers", FutureWarning)
Mode: FT | Extractor: labram | Folds: 5
LR: 1e-05 | WD: 0.05 | Beta2: 0.999 | Grad clip: 2.0
Head: hidden=128, dropout=0.0 | Norm: zscore | Loss: focal
Full FT: encoder_lr_scale=0.1
Augmentation: 75% overlap for increase class

Results → results/studies/exp27_paired_null/adftd/perm_s8/
ADFTD: 65 recordings from 65 subjects (AD=36, HC=29)
ADFTD: 65 recordings, 65 subjects (AD=36, HC=29)
[permute-labels] Subject-level shuffle with rng seed 8 over 65 subjects. Class balance preserved: 36 pos / 29 neg

============================================================
Fold 1/5
============================================================
  Train:  39 samples, 39 subjects [1, 2, 3, 4, 5, 6, 8, 9, 11, 12, 13, 14, 16, 18, 21, 22, 23, 25, 29, 30, 31, 33, 34, 36, 37, 39, 42, 43, 44, 45, 48, 49, 51, 52, 53, 56, 58, 59, 62], label_0=18, label_1=21
    Val:  13 samples, 13 subjects [7, 17, 24, 28, 35, 38, 41, 46, 55, 57, 60, 61, 63], label_0=6, label_1=7
   Test:  13 samples, 13 subjects [10, 15, 19, 20, 26, 27, 32, 40, 47, 50, 54, 64, 65], label_0=5, label_1=8
  Building window datasets...
    WindowDataset: 16260 windows (class_0=2939, class_1=13321)
    WindowDataset: 2092 windows (class_0=987, class_1=1105)
    WindowDataset: 2358 windows (class_0=922, class_1=1436)
[LaBraM] Loaded 219/221 params from weights/labram-base/model.safetensors
[LaBraM] Missing: ['fc_norm.weight', 'fc_norm.bias']
  Trainable parameters: 5,871,779
  Class weights: [2.766247034072876, 0.6103145480155945]
  Fold 1 | Ep   1/50 | t_loss=0.1868 t_acc=0.300 | v_win_bal=0.496 v_rec_bal=0.440 | lr=3.3e-06 | 22.6s
  Fold 1 | Ep   2/50 | t_loss=0.1691 t_acc=0.668 | v_win_bal=0.485 v_rec_bal=0.512 | lr=6.7e-06 | 19.9s
  Fold 1 | Ep   3/50 | t_loss=0.1589 t_acc=0.705 | v_win_bal=0.514 v_rec_bal=0.667 | lr=1.0e-05 | 19.8s
  Fold 1 | Ep   4/50 | t_loss=0.1320 t_acc=0.766 | v_win_bal=0.497 v_rec_bal=0.381 | lr=1.0e-05 | 19.8s
  Fold 1 | Ep   5/50 | t_loss=0.0971 t_acc=0.829 | v_win_bal=0.503 v_rec_bal=0.488 | lr=1.0e-05 | 19.7s
  Fold 1 | Ep   6/50 | t_loss=0.0796 t_acc=0.855 | v_win_bal=0.510 v_rec_bal=0.548 | lr=9.9e-06 | 19.7s
  Fold 1 | Ep   7/50 | t_loss=0.0688 t_acc=0.876 | v_win_bal=0.528 v_rec_bal=0.488 | lr=9.8e-06 | 19.8s
  Fold 1 | Ep   8/50 | t_loss=0.0615 t_acc=0.892 | v_win_bal=0.543 v_rec_bal=0.571 | lr=9.7e-06 | 19.7s
  Fold 1 | Ep   9/50 | t_loss=0.0550 t_acc=0.908 | v_win_bal=0.533 v_rec_bal=0.643 | lr=9.6e-06 | 19.8s
  Fold 1 | Ep  10/50 | t_loss=0.0485 t_acc=0.922 | v_win_bal=0.474 v_rec_bal=0.369 | lr=9.5e-06 | 19.7s
  Fold 1 | Ep  11/50 | t_loss=0.0424 t_acc=0.934 | v_win_bal=0.507 v_rec_bal=0.464 | lr=9.3e-06 | 19.8s
  Fold 1 | Ep  12/50 | t_loss=0.0376 t_acc=0.946 | v_win_bal=0.509 v_rec_bal=0.560 | lr=9.1e-06 | 19.7s
  Fold 1 | Ep  13/50 | t_loss=0.0327 t_acc=0.952 | v_win_bal=0.471 v_rec_bal=0.429 | lr=8.9e-06 | 19.6s
  Fold 1 | Ep  14/50 | t_loss=0.0287 t_acc=0.962 | v_win_bal=0.480 v_rec_bal=0.369 | lr=8.7e-06 | 19.7s
  Fold 1 | Ep  15/50 | t_loss=0.0239 t_acc=0.969 | v_win_bal=0.480 v_rec_bal=0.452 | lr=8.5e-06 | 19.8s
  Fold 1 | Ep  16/50 | t_loss=0.0214 t_acc=0.974 | v_win_bal=0.463 v_rec_bal=0.440 | lr=8.2e-06 | 19.6s
  Fold 1 | Ep  17/50 | t_loss=0.0181 t_acc=0.979 | v_win_bal=0.469 v_rec_bal=0.369 | lr=8.0e-06 | 19.7s
  Fold 1 | Ep  18/50 | t_loss=0.0157 t_acc=0.984 | v_win_bal=0.464 v_rec_bal=0.357 | lr=7.7e-06 | 20.2s
  Fold 1 | Ep  19/50 | t_loss=0.0126 t_acc=0.987 | v_win_bal=0.462 v_rec_bal=0.369 | lr=7.4e-06 | 19.7s
  Fold 1 | Ep  20/50 | t_loss=0.0109 t_acc=0.990 | v_win_bal=0.461 v_rec_bal=0.440 | lr=7.1e-06 | 19.6s
  Fold 1 | Ep  21/50 | t_loss=0.0095 t_acc=0.991 | v_win_bal=0.469 v_rec_bal=0.369 | lr=6.8e-06 | 19.6s
  Fold 1 | Ep  22/50 | t_loss=0.0080 t_acc=0.994 | v_win_bal=0.481 v_rec_bal=0.452 | lr=6.5e-06 | 19.7s
  Fold 1 | Ep  23/50 | t_loss=0.0055 t_acc=0.996 | v_win_bal=0.466 v_rec_bal=0.357 | lr=6.2e-06 | 19.8s
  Fold 1 | Ep  24/50 | t_loss=0.0052 t_acc=0.997 | v_win_bal=0.490 v_rec_bal=0.452 | lr=5.8e-06 | 19.6s
  Early stop at epoch 24
  -> Test (best @ epoch 3): acc=0.4615, bal_acc=0.4500

============================================================
Fold 2/5
============================================================
  Train:  39 samples, 39 subjects [1, 3, 4, 6, 7, 11, 12, 13, 14, 15, 16, 18, 19, 21, 22, 23, 26, 28, 30, 31, 32, 33, 34, 35, 37, 39, 40, 43, 44, 45, 48, 50, 51, 53, 54, 55, 57, 62, 64], label_0=17, label_1=22
    Val:  13 samples, 13 subjects [8, 10, 20, 24, 27, 41, 46, 47, 49, 52, 56, 60, 65], label_0=6, label_1=7
   Test:  13 samples, 13 subjects [2, 5, 9, 17, 25, 29, 36, 38, 42, 58, 59, 61, 63], label_0=6, label_1=7
  Building window datasets...
    WindowDataset: 17280 windows (class_0=2826, class_1=14454)
    WindowDataset: 2209 windows (class_0=1091, class_1=1118)
    WindowDataset: 2070 windows (class_0=931, class_1=1139)
[LaBraM] Loaded 219/221 params from weights/labram-base/model.safetensors
[LaBraM] Missing: ['fc_norm.weight', 'fc_norm.bias']
  Fold 2 | Ep   1/50 | t_loss=0.1687 t_acc=0.463 | v_win_bal=0.316 v_rec_bal=0.226 | lr=3.3e-06 | 21.9s
  Fold 2 | Ep   2/50 | t_loss=0.1618 t_acc=0.660 | v_win_bal=0.304 v_rec_bal=0.226 | lr=6.7e-06 | 22.0s
  Fold 2 | Ep   3/50 | t_loss=0.1251 t_acc=0.761 | v_win_bal=0.321 v_rec_bal=0.250 | lr=1.0e-05 | 21.8s
  Fold 2 | Ep   4/50 | t_loss=0.0880 t_acc=0.831 | v_win_bal=0.289 v_rec_bal=0.167 | lr=1.0e-05 | 21.7s
  Fold 2 | Ep   5/50 | t_loss=0.0782 t_acc=0.851 | v_win_bal=0.287 v_rec_bal=0.250 | lr=1.0e-05 | 21.7s
  Fold 2 | Ep   6/50 | t_loss=0.0702 t_acc=0.871 | v_win_bal=0.296 v_rec_bal=0.250 | lr=9.9e-06 | 21.8s
  Fold 2 | Ep   7/50 | t_loss=0.0636 t_acc=0.889 | v_win_bal=0.300 v_rec_bal=0.250 | lr=9.8e-06 | 21.8s
  Fold 2 | Ep   8/50 | t_loss=0.0575 t_acc=0.905 | v_win_bal=0.322 v_rec_bal=0.238 | lr=9.7e-06 | 21.7s
  Fold 2 | Ep   9/50 | t_loss=0.0506 t_acc=0.919 | v_win_bal=0.289 v_rec_bal=0.167 | lr=9.6e-06 | 21.7s
  Fold 2 | Ep  10/50 | t_loss=0.0450 t_acc=0.931 | v_win_bal=0.315 v_rec_bal=0.155 | lr=9.5e-06 | 21.8s
  Fold 2 | Ep  11/50 | t_loss=0.0396 t_acc=0.943 | v_win_bal=0.297 v_rec_bal=0.155 | lr=9.3e-06 | 22.3s
  Fold 2 | Ep  12/50 | t_loss=0.0348 t_acc=0.952 | v_win_bal=0.286 v_rec_bal=0.155 | lr=9.1e-06 | 21.7s
  Fold 2 | Ep  13/50 | t_loss=0.0306 t_acc=0.961 | v_win_bal=0.308 v_rec_bal=0.238 | lr=8.9e-06 | 21.7s
  Fold 2 | Ep  14/50 | t_loss=0.0261 t_acc=0.969 | v_win_bal=0.337 v_rec_bal=0.226 | lr=8.7e-06 | 21.8s
  Fold 2 | Ep  15/50 | t_loss=0.0241 t_acc=0.973 | v_win_bal=0.325 v_rec_bal=0.155 | lr=8.5e-06 | 22.2s
  Fold 2 | Ep  16/50 | t_loss=0.0199 t_acc=0.979 | v_win_bal=0.328 v_rec_bal=0.155 | lr=8.2e-06 | 21.6s
  Fold 2 | Ep  17/50 | t_loss=0.0182 t_acc=0.983 | v_win_bal=0.341 v_rec_bal=0.155 | lr=8.0e-06 | 21.6s
  Fold 2 | Ep  18/50 | t_loss=0.0166 t_acc=0.985 | v_win_bal=0.341 v_rec_bal=0.226 | lr=7.7e-06 | 21.7s
  Fold 2 | Ep  19/50 | t_loss=0.0135 t_acc=0.988 | v_win_bal=0.339 v_rec_bal=0.238 | lr=7.4e-06 | 22.7s
  Fold 2 | Ep  20/50 | t_loss=0.0109 t_acc=0.990 | v_win_bal=0.339 v_rec_bal=0.155 | lr=7.1e-06 | 22.6s
  Fold 2 | Ep  21/50 | t_loss=0.0078 t_acc=0.993 | v_win_bal=0.337 v_rec_bal=0.155 | lr=6.8e-06 | 22.0s
  Fold 2 | Ep  22/50 | t_loss=0.0062 t_acc=0.995 | v_win_bal=0.347 v_rec_bal=0.214 | lr=6.5e-06 | 21.9s
  Early stop at epoch 22
  -> Test (best @ epoch 3): acc=0.6923, bal_acc=0.7143

============================================================
Fold 3/5
============================================================
  Train:  39 samples, 39 subjects [2, 3, 4, 6, 7, 8, 9, 10, 11, 12, 15, 16, 17, 19, 20, 21, 23, 27, 29, 32, 33, 35, 36, 40, 41, 42, 43, 44, 46, 50, 51, 53, 54, 58, 59, 61, 62, 64, 65], label_0=17, label_1=22
    Val:  13 samples, 13 subjects [5, 25, 26, 28, 31, 34, 37, 38, 47, 55, 57, 60, 63], label_0=6, label_1=7
   Test:  13 samples, 13 subjects [1, 13, 14, 18, 22, 24, 30, 39, 45, 48, 49, 52, 56], label_0=6, label_1=7
  Building window datasets...
    WindowDataset: 17061 windows (class_0=2867, class_1=14194)
    WindowDataset: 2200 windows (class_0=982, class_1=1218)
    WindowDataset: 2103 windows (class_0=999, class_1=1104)
[LaBraM] Loaded 219/221 params from weights/labram-base/model.safetensors
[LaBraM] Missing: ['fc_norm.weight', 'fc_norm.bias']
  Fold 3 | Ep   1/50 | t_loss=0.1756 t_acc=0.547 | v_win_bal=0.509 v_rec_bal=0.512 | lr=3.3e-06 | 21.4s
  Fold 3 | Ep   2/50 | t_loss=0.1686 t_acc=0.673 | v_win_bal=0.570 v_rec_bal=0.619 | lr=6.7e-06 | 21.5s
  Fold 3 | Ep   3/50 | t_loss=0.1543 t_acc=0.704 | v_win_bal=0.547 v_rec_bal=0.452 | lr=1.0e-05 | 21.5s
  Fold 3 | Ep   4/50 | t_loss=0.1095 t_acc=0.797 | v_win_bal=0.552 v_rec_bal=0.488 | lr=1.0e-05 | 21.5s
  Fold 3 | Ep   5/50 | t_loss=0.0822 t_acc=0.842 | v_win_bal=0.539 v_rec_bal=0.488 | lr=1.0e-05 | 21.5s
  Fold 3 | Ep   6/50 | t_loss=0.0711 t_acc=0.865 | v_win_bal=0.521 v_rec_bal=0.405 | lr=9.9e-06 | 21.4s
  Fold 3 | Ep   7/50 | t_loss=0.0643 t_acc=0.885 | v_win_bal=0.520 v_rec_bal=0.405 | lr=9.8e-06 | 21.3s
  Fold 3 | Ep   8/50 | t_loss=0.0569 t_acc=0.900 | v_win_bal=0.518 v_rec_bal=0.405 | lr=9.7e-06 | 21.3s
  Fold 3 | Ep   9/50 | t_loss=0.0507 t_acc=0.918 | v_win_bal=0.501 v_rec_bal=0.476 | lr=9.6e-06 | 21.4s
  Fold 3 | Ep  10/50 | t_loss=0.0464 t_acc=0.930 | v_win_bal=0.502 v_rec_bal=0.476 | lr=9.5e-06 | 21.3s
  Fold 3 | Ep  11/50 | t_loss=0.0418 t_acc=0.939 | v_win_bal=0.505 v_rec_bal=0.476 | lr=9.3e-06 | 21.3s
  Fold 3 | Ep  12/50 | t_loss=0.0376 t_acc=0.948 | v_win_bal=0.499 v_rec_bal=0.536 | lr=9.1e-06 | 22.3s
  Fold 3 | Ep  13/50 | t_loss=0.0323 t_acc=0.957 | v_win_bal=0.502 v_rec_bal=0.452 | lr=8.9e-06 | 22.1s
  Fold 3 | Ep  14/50 | t_loss=0.0284 t_acc=0.965 | v_win_bal=0.514 v_rec_bal=0.524 | lr=8.7e-06 | 21.6s
  Fold 3 | Ep  15/50 | t_loss=0.0250 t_acc=0.969 | v_win_bal=0.507 v_rec_bal=0.524 | lr=8.5e-06 | 21.7s
  Fold 3 | Ep  16/50 | t_loss=0.0230 t_acc=0.975 | v_win_bal=0.505 v_rec_bal=0.452 | lr=8.2e-06 | 21.6s
  Fold 3 | Ep  17/50 | t_loss=0.0200 t_acc=0.980 | v_win_bal=0.511 v_rec_bal=0.595 | lr=8.0e-06 | 21.6s
  Early stop at epoch 17
  -> Test (best @ epoch 2): acc=0.3077, bal_acc=0.3095

============================================================
Fold 4/5
============================================================
  Train:  39 samples, 39 subjects [2, 5, 7, 11, 13, 14, 15, 17, 18, 19, 21, 22, 24, 27, 29, 32, 33, 35, 36, 38, 40, 41, 42, 43, 45, 47, 50, 51, 52, 53, 54, 56, 58, 59, 60, 61, 62, 64, 65], label_0=17, label_1=22
    Val:  13 samples, 13 subjects [1, 6, 9, 10, 20, 25, 26, 28, 30, 39, 48, 49, 63], label_0=6, label_1=7
   Test:  13 samples, 13 subjects [3, 4, 8, 12, 16, 23, 31, 34, 37, 44, 46, 55, 57], label_0=6, label_1=7
  Building window datasets...
    WindowDataset: 17456 windows (class_0=2838, class_1=14618)
    WindowDataset: 2087 windows (class_0=997, class_1=1090)
    WindowDataset: 2139 windows (class_0=1013, class_1=1126)
[LaBraM] Loaded 219/221 params from weights/labram-base/model.safetensors
[LaBraM] Missing: ['fc_norm.weight', 'fc_norm.bias']
  Fold 4 | Ep   1/50 | t_loss=0.1754 t_acc=0.754 | v_win_bal=0.486 v_rec_bal=0.500 | lr=3.3e-06 | 21.9s
  Fold 4 | Ep   2/50 | t_loss=0.1703 t_acc=0.648 | v_win_bal=0.496 v_rec_bal=0.595 | lr=6.7e-06 | 21.9s
  Fold 4 | Ep   3/50 | t_loss=0.1609 t_acc=0.679 | v_win_bal=0.497 v_rec_bal=0.476 | lr=1.0e-05 | 22.0s
  Fold 4 | Ep   4/50 | t_loss=0.1116 t_acc=0.795 | v_win_bal=0.509 v_rec_bal=0.500 | lr=1.0e-05 | 22.0s
  Fold 4 | Ep   5/50 | t_loss=0.0827 t_acc=0.837 | v_win_bal=0.500 v_rec_bal=0.571 | lr=1.0e-05 | 21.9s
  Fold 4 | Ep   6/50 | t_loss=0.0734 t_acc=0.859 | v_win_bal=0.507 v_rec_bal=0.488 | lr=9.9e-06 | 21.9s
  Fold 4 | Ep   7/50 | t_loss=0.0654 t_acc=0.876 | v_win_bal=0.512 v_rec_bal=0.631 | lr=9.8e-06 | 21.9s
  Fold 4 | Ep   8/50 | t_loss=0.0591 t_acc=0.897 | v_win_bal=0.506 v_rec_bal=0.548 | lr=9.7e-06 | 21.6s
  Fold 4 | Ep   9/50 | t_loss=0.0539 t_acc=0.911 | v_win_bal=0.512 v_rec_bal=0.631 | lr=9.6e-06 | 21.7s
  Fold 4 | Ep  10/50 | t_loss=0.0474 t_acc=0.926 | v_win_bal=0.502 v_rec_bal=0.536 | lr=9.5e-06 | 22.2s
  Fold 4 | Ep  11/50 | t_loss=0.0426 t_acc=0.937 | v_win_bal=0.514 v_rec_bal=0.536 | lr=9.3e-06 | 22.2s
  Fold 4 | Ep  12/50 | t_loss=0.0384 t_acc=0.948 | v_win_bal=0.494 v_rec_bal=0.536 | lr=9.1e-06 | 22.3s
  Fold 4 | Ep  13/50 | t_loss=0.0341 t_acc=0.954 | v_win_bal=0.502 v_rec_bal=0.548 | lr=8.9e-06 | 21.9s
  Fold 4 | Ep  14/50 | t_loss=0.0309 t_acc=0.962 | v_win_bal=0.511 v_rec_bal=0.524 | lr=8.7e-06 | 21.8s
  Fold 4 | Ep  15/50 | t_loss=0.0268 t_acc=0.970 | v_win_bal=0.513 v_rec_bal=0.524 | lr=8.5e-06 | 22.0s
  Fold 4 | Ep  16/50 | t_loss=0.0244 t_acc=0.973 | v_win_bal=0.518 v_rec_bal=0.440 | lr=8.2e-06 | 22.0s
  Fold 4 | Ep  17/50 | t_loss=0.0217 t_acc=0.977 | v_win_bal=0.517 v_rec_bal=0.452 | lr=8.0e-06 | 22.1s
  Fold 4 | Ep  18/50 | t_loss=0.0185 t_acc=0.983 | v_win_bal=0.506 v_rec_bal=0.452 | lr=7.7e-06 | 21.9s
  Fold 4 | Ep  19/50 | t_loss=0.0153 t_acc=0.985 | v_win_bal=0.521 v_rec_bal=0.607 | lr=7.4e-06 | 21.9s
  Fold 4 | Ep  20/50 | t_loss=0.0137 t_acc=0.989 | v_win_bal=0.519 v_rec_bal=0.440 | lr=7.1e-06 | 21.9s
  Fold 4 | Ep  21/50 | t_loss=0.0143 t_acc=0.990 | v_win_bal=0.516 v_rec_bal=0.440 | lr=6.8e-06 | 21.9s
  Fold 4 | Ep  22/50 | t_loss=0.0111 t_acc=0.992 | v_win_bal=0.523 v_rec_bal=0.440 | lr=6.5e-06 | 21.9s
  Fold 4 | Ep  23/50 | t_loss=0.0087 t_acc=0.994 | v_win_bal=0.522 v_rec_bal=0.440 | lr=6.2e-06 | 21.9s
  Fold 4 | Ep  24/50 | t_loss=0.0075 t_acc=0.995 | v_win_bal=0.530 v_rec_bal=0.440 | lr=5.8e-06 | 21.9s
  Early stop at epoch 24
  -> Test (best @ epoch 7): acc=0.4615, bal_acc=0.4881

============================================================
Fold 5/5
============================================================
  Train:  39 samples, 39 subjects [1, 2, 3, 4, 5, 8, 10, 12, 13, 14, 15, 16, 17, 18, 19, 20, 22, 25, 27, 30, 31, 32, 34, 36, 37, 38, 39, 42, 44, 45, 48, 49, 50, 52, 56, 59, 61, 64, 65], label_0=17, label_1=22
    Val:  13 samples, 13 subjects [9, 23, 24, 26, 29, 40, 46, 47, 54, 55, 57, 58, 63], label_0=6, label_1=7
   Test:  13 samples, 13 subjects [6, 7, 11, 21, 28, 33, 35, 41, 43, 51, 53, 60, 62], label_0=6, label_1=7
  Building window datasets...
    WindowDataset: 17397 windows (class_0=2943, class_1=14454)
    WindowDataset: 2097 windows (class_0=922, class_1=1175)
    WindowDataset: 2065 windows (class_0=983, class_1=1082)
[LaBraM] Loaded 219/221 params from weights/labram-base/model.safetensors
[LaBraM] Missing: ['fc_norm.weight', 'fc_norm.bias']
  Fold 5 | Ep   1/50 | t_loss=0.1747 t_acc=0.751 | v_win_bal=0.484 v_rec_bal=0.429 | lr=3.3e-06 | 22.0s
  Fold 5 | Ep   2/50 | t_loss=0.1666 t_acc=0.677 | v_win_bal=0.474 v_rec_bal=0.548 | lr=6.7e-06 | 25.2s
  Fold 5 | Ep   3/50 | t_loss=0.1414 t_acc=0.735 | v_win_bal=0.494 v_rec_bal=0.488 | lr=1.0e-05 | 22.5s
  Fold 5 | Ep   4/50 | t_loss=0.0998 t_acc=0.816 | v_win_bal=0.514 v_rec_bal=0.500 | lr=1.0e-05 | 21.9s
  Fold 5 | Ep   5/50 | t_loss=0.0852 t_acc=0.836 | v_win_bal=0.502 v_rec_bal=0.571 | lr=1.0e-05 | 21.8s
  Fold 5 | Ep   6/50 | t_loss=0.0774 t_acc=0.852 | v_win_bal=0.519 v_rec_bal=0.571 | lr=9.9e-06 | 21.9s
  Fold 5 | Ep   7/50 | t_loss=0.0709 t_acc=0.869 | v_win_bal=0.521 v_rec_bal=0.488 | lr=9.8e-06 | 21.8s
  Fold 5 | Ep   8/50 | t_loss=0.0649 t_acc=0.887 | v_win_bal=0.527 v_rec_bal=0.476 | lr=9.7e-06 | 21.8s
  Fold 5 | Ep   9/50 | t_loss=0.0591 t_acc=0.898 | v_win_bal=0.549 v_rec_bal=0.571 | lr=9.6e-06 | 21.8s
  Fold 5 | Ep  10/50 | t_loss=0.0533 t_acc=0.912 | v_win_bal=0.540 v_rec_bal=0.571 | lr=9.5e-06 | 21.8s
  Fold 5 | Ep  11/50 | t_loss=0.0480 t_acc=0.928 | v_win_bal=0.560 v_rec_bal=0.571 | lr=9.3e-06 | 21.9s
  Fold 5 | Ep  12/50 | t_loss=0.0422 t_acc=0.936 | v_win_bal=0.555 v_rec_bal=0.643 | lr=9.1e-06 | 21.9s
  Fold 5 | Ep  13/50 | t_loss=0.0374 t_acc=0.947 | v_win_bal=0.562 v_rec_bal=0.619 | lr=8.9e-06 | 21.9s
  Fold 5 | Ep  14/50 | t_loss=0.0331 t_acc=0.957 | v_win_bal=0.557 v_rec_bal=0.476 | lr=8.7e-06 | 21.8s
  Fold 5 | Ep  15/50 | t_loss=0.0305 t_acc=0.963 | v_win_bal=0.563 v_rec_bal=0.536 | lr=8.5e-06 | 21.8s
  Fold 5 | Ep  16/50 | t_loss=0.0258 t_acc=0.970 | v_win_bal=0.566 v_rec_bal=0.619 | lr=8.2e-06 | 21.8s
  Fold 5 | Ep  17/50 | t_loss=0.0213 t_acc=0.974 | v_win_bal=0.573 v_rec_bal=0.619 | lr=8.0e-06 | 21.9s
  Fold 5 | Ep  18/50 | t_loss=0.0190 t_acc=0.979 | v_win_bal=0.571 v_rec_bal=0.548 | lr=7.7e-06 | 22.0s
  Fold 5 | Ep  19/50 | t_loss=0.0174 t_acc=0.983 | v_win_bal=0.561 v_rec_bal=0.607 | lr=7.4e-06 | 21.8s
  Fold 5 | Ep  20/50 | t_loss=0.0147 t_acc=0.986 | v_win_bal=0.579 v_rec_bal=0.619 | lr=7.1e-06 | 23.0s
  Fold 5 | Ep  21/50 | t_loss=0.0125 t_acc=0.989 | v_win_bal=0.586 v_rec_bal=0.619 | lr=6.8e-06 | 22.3s
  Fold 5 | Ep  22/50 | t_loss=0.0101 t_acc=0.991 | v_win_bal=0.586 v_rec_bal=0.631 | lr=6.5e-06 | 22.0s
  Fold 5 | Ep  23/50 | t_loss=0.0093 t_acc=0.992 | v_win_bal=0.580 v_rec_bal=0.619 | lr=6.2e-06 | 22.1s
  Fold 5 | Ep  24/50 | t_loss=0.0085 t_acc=0.994 | v_win_bal=0.566 v_rec_bal=0.667 | lr=5.8e-06 | 22.0s
  Fold 5 | Ep  25/50 | t_loss=0.0057 t_acc=0.996 | v_win_bal=0.579 v_rec_bal=0.619 | lr=5.5e-06 | 21.9s
  Fold 5 | Ep  26/50 | t_loss=0.0049 t_acc=0.997 | v_win_bal=0.586 v_rec_bal=0.619 | lr=5.2e-06 | 21.9s
  Fold 5 | Ep  27/50 | t_loss=0.0051 t_acc=0.997 | v_win_bal=0.585 v_rec_bal=0.750 | lr=4.8e-06 | 21.9s
  Fold 5 | Ep  28/50 | t_loss=0.0045 t_acc=0.998 | v_win_bal=0.583 v_rec_bal=0.548 | lr=4.5e-06 | 21.9s
  Fold 5 | Ep  29/50 | t_loss=0.0025 t_acc=0.999 | v_win_bal=0.588 v_rec_bal=0.762 | lr=4.2e-06 | 22.2s
  Fold 5 | Ep  30/50 | t_loss=0.0028 t_acc=0.999 | v_win_bal=0.586 v_rec_bal=0.690 | lr=3.8e-06 | 21.8s
  Fold 5 | Ep  31/50 | t_loss=0.0025 t_acc=0.999 | v_win_bal=0.585 v_rec_bal=0.619 | lr=3.5e-06 | 21.8s
  Fold 5 | Ep  32/50 | t_loss=0.0023 t_acc=0.999 | v_win_bal=0.590 v_rec_bal=0.619 | lr=3.2e-06 | 21.8s
  Fold 5 | Ep  33/50 | t_loss=0.0017 t_acc=0.999 | v_win_bal=0.575 v_rec_bal=0.690 | lr=2.9e-06 | 21.7s
  Fold 5 | Ep  34/50 | t_loss=0.0018 t_acc=0.999 | v_win_bal=0.574 v_rec_bal=0.690 | lr=2.6e-06 | 21.8s
  Fold 5 | Ep  35/50 | t_loss=0.0012 t_acc=0.999 | v_win_bal=0.580 v_rec_bal=0.619 | lr=2.3e-06 | 21.7s
  Fold 5 | Ep  36/50 | t_loss=0.0014 t_acc=1.000 | v_win_bal=0.568 v_rec_bal=0.607 | lr=2.0e-06 | 21.8s
  Fold 5 | Ep  37/50 | t_loss=0.0012 t_acc=1.000 | v_win_bal=0.574 v_rec_bal=0.607 | lr=1.8e-06 | 21.7s
  Fold 5 | Ep  38/50 | t_loss=0.0010 t_acc=1.000 | v_win_bal=0.584 v_rec_bal=0.690 | lr=1.5e-06 | 21.7s
  Fold 5 | Ep  39/50 | t_loss=0.0006 t_acc=1.000 | v_win_bal=0.577 v_rec_bal=0.690 | lr=1.3e-06 | 21.7s
  Fold 5 | Ep  40/50 | t_loss=0.0006 t_acc=1.000 | v_win_bal=0.582 v_rec_bal=0.619 | lr=1.1e-06 | 22.2s
  Fold 5 | Ep  41/50 | t_loss=0.0005 t_acc=1.000 | v_win_bal=0.581 v_rec_bal=0.690 | lr=8.8e-07 | 21.9s
  Fold 5 | Ep  42/50 | t_loss=0.0008 t_acc=1.000 | v_win_bal=0.584 v_rec_bal=0.619 | lr=7.0e-07 | 21.9s
  Fold 5 | Ep  43/50 | t_loss=0.0003 t_acc=1.000 | v_win_bal=0.579 v_rec_bal=0.619 | lr=5.4e-07 | 22.1s
  Fold 5 | Ep  44/50 | t_loss=0.0003 t_acc=1.000 | v_win_bal=0.574 v_rec_bal=0.619 | lr=4.0e-07 | 22.0s
  Fold 5 | Ep  45/50 | t_loss=0.0002 t_acc=1.000 | v_win_bal=0.577 v_rec_bal=0.619 | lr=2.8e-07 | 22.0s
  Fold 5 | Ep  46/50 | t_loss=0.0002 t_acc=1.000 | v_win_bal=0.574 v_rec_bal=0.619 | lr=1.8e-07 | 22.0s
  Early stop at epoch 46
  -> Test (best @ epoch 29): acc=0.5385, bal_acc=0.5119

============================================================
Global Results (5-Fold, subject-level CV)
Mode: FT | Extractor: labram | Loss: focal
============================================================
              acc: 0.4923
          bal_acc: 0.4981
               f1: 0.4923
            kappa: -0.0037
  Total predictions: 65 (should equal dataset size: 65)

Results saved to results/studies/exp27_paired_null/adftd/perm_s8/
