/raid/jupyter-linjimmy1003.md10/.conda/envs/stress/lib/python3.11/site-packages/timm/models/layers/__init__.py:49: FutureWarning: Importing from timm.models.layers is deprecated, please import via timm.layers
  warnings.warn(f"Importing from {__name__} is deprecated, please import via timm.layers", FutureWarning)
Mode: FT | Extractor: labram | Folds: 5
LR: 1e-05 | WD: 0.05 | Beta2: 0.999 | Grad clip: 2.0
Head: hidden=128, dropout=0.0 | Norm: zscore | Loss: focal
Full FT: encoder_lr_scale=0.1
Augmentation: 75% overlap for increase class

Results → results/studies/exp27_paired_null/adftd/perm_s20/
ADFTD: 65 recordings from 65 subjects (AD=36, HC=29)
ADFTD: 65 recordings, 65 subjects (AD=36, HC=29)
[permute-labels] Subject-level shuffle with rng seed 20 over 65 subjects. Class balance preserved: 36 pos / 29 neg

============================================================
Fold 1/5
============================================================
  Train:  39 samples, 39 subjects [3, 4, 5, 6, 9, 11, 12, 13, 14, 15, 16, 18, 19, 21, 22, 23, 25, 26, 29, 30, 32, 33, 34, 35, 36, 38, 42, 44, 46, 47, 48, 50, 52, 55, 56, 57, 61, 64, 65], label_0=17, label_1=22
    Val:  13 samples, 13 subjects [1, 20, 24, 28, 31, 37, 39, 43, 49, 51, 53, 62, 63], label_0=6, label_1=7
   Test:  13 samples, 13 subjects [2, 7, 8, 10, 17, 27, 40, 41, 45, 54, 58, 59, 60], label_0=6, label_1=7
  Building window datasets...
    WindowDataset: 16951 windows (class_0=2789, class_1=14162)
    WindowDataset: 2147 windows (class_0=949, class_1=1198)
    WindowDataset: 2242 windows (class_0=1005, class_1=1237)
[LaBraM] Loaded 219/221 params from weights/labram-base/model.safetensors
[LaBraM] Missing: ['fc_norm.weight', 'fc_norm.bias']
  Trainable parameters: 5,871,779
  Class weights: [3.038902759552002, 0.5984677076339722]
  Fold 1 | Ep   1/50 | t_loss=0.1847 t_acc=0.299 | v_win_bal=0.469 v_rec_bal=0.429 | lr=3.3e-06 | 26.8s
  Fold 1 | Ep   2/50 | t_loss=0.1610 t_acc=0.686 | v_win_bal=0.460 v_rec_bal=0.440 | lr=6.7e-06 | 21.5s
  Fold 1 | Ep   3/50 | t_loss=0.1394 t_acc=0.717 | v_win_bal=0.504 v_rec_bal=0.464 | lr=1.0e-05 | 20.9s
  Fold 1 | Ep   4/50 | t_loss=0.0942 t_acc=0.829 | v_win_bal=0.522 v_rec_bal=0.548 | lr=1.0e-05 | 20.2s
  Fold 1 | Ep   5/50 | t_loss=0.0765 t_acc=0.861 | v_win_bal=0.521 v_rec_bal=0.548 | lr=1.0e-05 | 20.2s
  Fold 1 | Ep   6/50 | t_loss=0.0695 t_acc=0.875 | v_win_bal=0.515 v_rec_bal=0.464 | lr=9.9e-06 | 20.5s
  Fold 1 | Ep   7/50 | t_loss=0.0645 t_acc=0.892 | v_win_bal=0.510 v_rec_bal=0.548 | lr=9.8e-06 | 20.1s
  Fold 1 | Ep   8/50 | t_loss=0.0609 t_acc=0.902 | v_win_bal=0.513 v_rec_bal=0.464 | lr=9.7e-06 | 20.1s
  Fold 1 | Ep   9/50 | t_loss=0.0551 t_acc=0.913 | v_win_bal=0.486 v_rec_bal=0.405 | lr=9.6e-06 | 20.3s
  Fold 1 | Ep  10/50 | t_loss=0.0515 t_acc=0.924 | v_win_bal=0.496 v_rec_bal=0.464 | lr=9.5e-06 | 20.1s
  Fold 1 | Ep  11/50 | t_loss=0.0475 t_acc=0.931 | v_win_bal=0.509 v_rec_bal=0.464 | lr=9.3e-06 | 20.4s
  Fold 1 | Ep  12/50 | t_loss=0.0431 t_acc=0.940 | v_win_bal=0.499 v_rec_bal=0.464 | lr=9.1e-06 | 20.4s
  Fold 1 | Ep  13/50 | t_loss=0.0395 t_acc=0.947 | v_win_bal=0.493 v_rec_bal=0.464 | lr=8.9e-06 | 20.1s
  Fold 1 | Ep  14/50 | t_loss=0.0352 t_acc=0.954 | v_win_bal=0.503 v_rec_bal=0.536 | lr=8.7e-06 | 20.1s
  Fold 1 | Ep  15/50 | t_loss=0.0329 t_acc=0.960 | v_win_bal=0.487 v_rec_bal=0.393 | lr=8.5e-06 | 20.0s
  Fold 1 | Ep  16/50 | t_loss=0.0294 t_acc=0.964 | v_win_bal=0.496 v_rec_bal=0.452 | lr=8.2e-06 | 20.2s
  Fold 1 | Ep  17/50 | t_loss=0.0252 t_acc=0.971 | v_win_bal=0.509 v_rec_bal=0.452 | lr=8.0e-06 | 20.0s
  Fold 1 | Ep  18/50 | t_loss=0.0222 t_acc=0.975 | v_win_bal=0.496 v_rec_bal=0.524 | lr=7.7e-06 | 20.0s
  Fold 1 | Ep  19/50 | t_loss=0.0220 t_acc=0.979 | v_win_bal=0.489 v_rec_bal=0.452 | lr=7.4e-06 | 20.1s
  Fold 1 | Ep  20/50 | t_loss=0.0198 t_acc=0.982 | v_win_bal=0.496 v_rec_bal=0.452 | lr=7.1e-06 | 20.2s
  Early stop at epoch 20
  -> Test (best @ epoch 4): acc=0.3077, bal_acc=0.3333

============================================================
Fold 2/5
============================================================
  Train:  39 samples, 39 subjects [2, 3, 7, 9, 10, 11, 12, 15, 16, 17, 18, 21, 23, 28, 30, 31, 33, 34, 36, 37, 38, 41, 42, 44, 45, 46, 48, 50, 52, 53, 54, 55, 56, 58, 59, 60, 63, 64, 65], label_0=17, label_1=22
    Val:  13 samples, 13 subjects [1, 6, 8, 19, 20, 26, 27, 29, 35, 40, 49, 51, 62], label_0=6, label_1=7
   Test:  13 samples, 13 subjects [4, 5, 13, 14, 22, 24, 25, 32, 39, 43, 47, 57, 61], label_0=6, label_1=7
  Building window datasets...
    WindowDataset: 17764 windows (class_0=2758, class_1=15006)
    WindowDataset: 2108 windows (class_0=1012, class_1=1096)
    WindowDataset: 2101 windows (class_0=973, class_1=1128)
[LaBraM] Loaded 219/221 params from weights/labram-base/model.safetensors
[LaBraM] Missing: ['fc_norm.weight', 'fc_norm.bias']
  Fold 2 | Ep   1/50 | t_loss=0.1727 t_acc=0.571 | v_win_bal=0.482 v_rec_bal=0.381 | lr=3.3e-06 | 21.9s
  Fold 2 | Ep   2/50 | t_loss=0.1679 t_acc=0.655 | v_win_bal=0.442 v_rec_bal=0.393 | lr=6.7e-06 | 21.6s
  Fold 2 | Ep   3/50 | t_loss=0.1533 t_acc=0.702 | v_win_bal=0.417 v_rec_bal=0.333 | lr=1.0e-05 | 21.5s
  Fold 2 | Ep   4/50 | t_loss=0.1286 t_acc=0.769 | v_win_bal=0.424 v_rec_bal=0.417 | lr=1.0e-05 | 21.7s
  Fold 2 | Ep   5/50 | t_loss=0.0990 t_acc=0.830 | v_win_bal=0.447 v_rec_bal=0.417 | lr=1.0e-05 | 21.4s
  Fold 2 | Ep   6/50 | t_loss=0.0836 t_acc=0.851 | v_win_bal=0.461 v_rec_bal=0.500 | lr=9.9e-06 | 21.5s
  Fold 2 | Ep   7/50 | t_loss=0.0740 t_acc=0.869 | v_win_bal=0.456 v_rec_bal=0.488 | lr=9.8e-06 | 21.6s
  Fold 2 | Ep   8/50 | t_loss=0.0669 t_acc=0.887 | v_win_bal=0.462 v_rec_bal=0.500 | lr=9.7e-06 | 21.5s
  Fold 2 | Ep   9/50 | t_loss=0.0597 t_acc=0.900 | v_win_bal=0.463 v_rec_bal=0.488 | lr=9.6e-06 | 21.5s
  Fold 2 | Ep  10/50 | t_loss=0.0544 t_acc=0.915 | v_win_bal=0.458 v_rec_bal=0.476 | lr=9.5e-06 | 21.5s
  Fold 2 | Ep  11/50 | t_loss=0.0486 t_acc=0.927 | v_win_bal=0.465 v_rec_bal=0.488 | lr=9.3e-06 | 21.5s
  Fold 2 | Ep  12/50 | t_loss=0.0423 t_acc=0.936 | v_win_bal=0.465 v_rec_bal=0.488 | lr=9.1e-06 | 21.4s
  Fold 2 | Ep  13/50 | t_loss=0.0393 t_acc=0.945 | v_win_bal=0.453 v_rec_bal=0.393 | lr=8.9e-06 | 21.5s
  Fold 2 | Ep  14/50 | t_loss=0.0340 t_acc=0.954 | v_win_bal=0.454 v_rec_bal=0.393 | lr=8.7e-06 | 21.5s
  Fold 2 | Ep  15/50 | t_loss=0.0296 t_acc=0.963 | v_win_bal=0.467 v_rec_bal=0.488 | lr=8.5e-06 | 21.6s
  Fold 2 | Ep  16/50 | t_loss=0.0275 t_acc=0.968 | v_win_bal=0.469 v_rec_bal=0.560 | lr=8.2e-06 | 21.4s
  Fold 2 | Ep  17/50 | t_loss=0.0226 t_acc=0.974 | v_win_bal=0.456 v_rec_bal=0.393 | lr=8.0e-06 | 21.4s
  Fold 2 | Ep  18/50 | t_loss=0.0185 t_acc=0.980 | v_win_bal=0.459 v_rec_bal=0.393 | lr=7.7e-06 | 21.4s
  Fold 2 | Ep  19/50 | t_loss=0.0183 t_acc=0.983 | v_win_bal=0.452 v_rec_bal=0.310 | lr=7.4e-06 | 21.9s
  Fold 2 | Ep  20/50 | t_loss=0.0140 t_acc=0.987 | v_win_bal=0.448 v_rec_bal=0.393 | lr=7.1e-06 | 21.4s
  Fold 2 | Ep  21/50 | t_loss=0.0114 t_acc=0.990 | v_win_bal=0.446 v_rec_bal=0.381 | lr=6.8e-06 | 21.4s
  Fold 2 | Ep  22/50 | t_loss=0.0086 t_acc=0.993 | v_win_bal=0.457 v_rec_bal=0.393 | lr=6.5e-06 | 21.4s
  Fold 2 | Ep  23/50 | t_loss=0.0065 t_acc=0.995 | v_win_bal=0.455 v_rec_bal=0.393 | lr=6.2e-06 | 21.5s
  Early stop at epoch 23
  -> Test (best @ epoch 16): acc=0.4615, bal_acc=0.4762

============================================================
Fold 3/5
============================================================
  Train:  39 samples, 39 subjects [2, 3, 4, 6, 7, 8, 9, 10, 11, 12, 13, 14, 15, 16, 17, 19, 20, 21, 24, 26, 28, 30, 32, 33, 35, 37, 39, 40, 41, 42, 43, 45, 47, 49, 54, 56, 58, 59, 61], label_0=18, label_1=21
    Val:  13 samples, 13 subjects [5, 22, 25, 27, 31, 36, 44, 46, 52, 53, 57, 60, 62], label_0=6, label_1=7
   Test:  13 samples, 13 subjects [1, 18, 23, 29, 34, 38, 48, 50, 51, 55, 63, 64, 65], label_0=5, label_1=8
  Building window datasets...
    WindowDataset: 16704 windows (class_0=2947, class_1=13757)
    WindowDataset: 2159 windows (class_0=935, class_1=1224)
    WindowDataset: 2174 windows (class_0=861, class_1=1313)
[LaBraM] Loaded 219/221 params from weights/labram-base/model.safetensors
[LaBraM] Missing: ['fc_norm.weight', 'fc_norm.bias']
  Fold 3 | Ep   1/50 | t_loss=0.1725 t_acc=0.406 | v_win_bal=0.469 v_rec_bal=0.381 | lr=3.3e-06 | 20.2s
  Fold 3 | Ep   2/50 | t_loss=0.1627 t_acc=0.638 | v_win_bal=0.477 v_rec_bal=0.381 | lr=6.7e-06 | 20.2s
  Fold 3 | Ep   3/50 | t_loss=0.1464 t_acc=0.657 | v_win_bal=0.457 v_rec_bal=0.393 | lr=1.0e-05 | 20.2s
  Fold 3 | Ep   4/50 | t_loss=0.1218 t_acc=0.749 | v_win_bal=0.456 v_rec_bal=0.393 | lr=1.0e-05 | 20.3s
  Fold 3 | Ep   5/50 | t_loss=0.0900 t_acc=0.833 | v_win_bal=0.474 v_rec_bal=0.476 | lr=1.0e-05 | 20.3s
  Fold 3 | Ep   6/50 | t_loss=0.0730 t_acc=0.871 | v_win_bal=0.487 v_rec_bal=0.476 | lr=9.9e-06 | 20.2s
  Fold 3 | Ep   7/50 | t_loss=0.0644 t_acc=0.886 | v_win_bal=0.477 v_rec_bal=0.393 | lr=9.8e-06 | 20.6s
  Fold 3 | Ep   8/50 | t_loss=0.0584 t_acc=0.904 | v_win_bal=0.466 v_rec_bal=0.393 | lr=9.7e-06 | 20.3s
  Fold 3 | Ep   9/50 | t_loss=0.0536 t_acc=0.916 | v_win_bal=0.465 v_rec_bal=0.393 | lr=9.6e-06 | 20.5s
  Fold 3 | Ep  10/50 | t_loss=0.0490 t_acc=0.925 | v_win_bal=0.483 v_rec_bal=0.393 | lr=9.5e-06 | 20.3s
  Fold 3 | Ep  11/50 | t_loss=0.0449 t_acc=0.936 | v_win_bal=0.479 v_rec_bal=0.393 | lr=9.3e-06 | 20.3s
  Fold 3 | Ep  12/50 | t_loss=0.0400 t_acc=0.941 | v_win_bal=0.478 v_rec_bal=0.393 | lr=9.1e-06 | 20.2s
  Fold 3 | Ep  13/50 | t_loss=0.0370 t_acc=0.951 | v_win_bal=0.482 v_rec_bal=0.310 | lr=8.9e-06 | 20.4s
  Fold 3 | Ep  14/50 | t_loss=0.0326 t_acc=0.956 | v_win_bal=0.491 v_rec_bal=0.393 | lr=8.7e-06 | 20.3s
  Fold 3 | Ep  15/50 | t_loss=0.0302 t_acc=0.964 | v_win_bal=0.462 v_rec_bal=0.369 | lr=8.5e-06 | 20.1s
  Fold 3 | Ep  16/50 | t_loss=0.0268 t_acc=0.967 | v_win_bal=0.472 v_rec_bal=0.298 | lr=8.2e-06 | 20.2s
  Fold 3 | Ep  17/50 | t_loss=0.0240 t_acc=0.973 | v_win_bal=0.474 v_rec_bal=0.452 | lr=8.0e-06 | 20.3s
  Fold 3 | Ep  18/50 | t_loss=0.0210 t_acc=0.976 | v_win_bal=0.481 v_rec_bal=0.369 | lr=7.7e-06 | 20.2s
  Fold 3 | Ep  19/50 | t_loss=0.0196 t_acc=0.981 | v_win_bal=0.472 v_rec_bal=0.369 | lr=7.4e-06 | 20.2s
  Fold 3 | Ep  20/50 | t_loss=0.0166 t_acc=0.985 | v_win_bal=0.491 v_rec_bal=0.452 | lr=7.1e-06 | 20.4s
  Fold 3 | Ep  21/50 | t_loss=0.0157 t_acc=0.987 | v_win_bal=0.490 v_rec_bal=0.310 | lr=6.8e-06 | 20.2s
  Early stop at epoch 21
  -> Test (best @ epoch 5): acc=0.2308, bal_acc=0.2625

============================================================
Fold 4/5
============================================================
  Train:  39 samples, 39 subjects [2, 4, 6, 10, 13, 14, 15, 17, 18, 21, 22, 23, 24, 25, 26, 28, 32, 34, 35, 36, 37, 38, 39, 41, 43, 44, 45, 47, 48, 51, 54, 55, 57, 58, 59, 60, 61, 62, 64], label_0=17, label_1=22
    Val:  13 samples, 13 subjects [1, 5, 7, 8, 27, 29, 33, 40, 50, 53, 56, 63, 65], label_0=6, label_1=7
   Test:  13 samples, 13 subjects [3, 9, 11, 12, 16, 19, 20, 30, 31, 42, 46, 49, 52], label_0=6, label_1=7
  Building window datasets...
    WindowDataset: 17793 windows (class_0=2823, class_1=14970)
    WindowDataset: 2087 windows (class_0=1000, class_1=1087)
    WindowDataset: 2066 windows (class_0=920, class_1=1146)
[LaBraM] Loaded 219/221 params from weights/labram-base/model.safetensors
[LaBraM] Missing: ['fc_norm.weight', 'fc_norm.bias']
  Fold 4 | Ep   1/50 | t_loss=0.1745 t_acc=0.749 | v_win_bal=0.502 v_rec_bal=0.500 | lr=3.3e-06 | 21.6s
  Fold 4 | Ep   2/50 | t_loss=0.1693 t_acc=0.641 | v_win_bal=0.588 v_rec_bal=0.607 | lr=6.7e-06 | 21.6s
  Fold 4 | Ep   3/50 | t_loss=0.1470 t_acc=0.683 | v_win_bal=0.610 v_rec_bal=0.560 | lr=1.0e-05 | 21.6s
  Fold 4 | Ep   4/50 | t_loss=0.0968 t_acc=0.808 | v_win_bal=0.603 v_rec_bal=0.560 | lr=1.0e-05 | 21.6s
  Fold 4 | Ep   5/50 | t_loss=0.0826 t_acc=0.835 | v_win_bal=0.597 v_rec_bal=0.560 | lr=1.0e-05 | 21.7s
  Fold 4 | Ep   6/50 | t_loss=0.0764 t_acc=0.852 | v_win_bal=0.592 v_rec_bal=0.560 | lr=9.9e-06 | 21.6s
  Fold 4 | Ep   7/50 | t_loss=0.0713 t_acc=0.871 | v_win_bal=0.570 v_rec_bal=0.560 | lr=9.8e-06 | 21.7s
  Fold 4 | Ep   8/50 | t_loss=0.0644 t_acc=0.888 | v_win_bal=0.545 v_rec_bal=0.464 | lr=9.7e-06 | 21.6s
  Fold 4 | Ep   9/50 | t_loss=0.0589 t_acc=0.902 | v_win_bal=0.544 v_rec_bal=0.464 | lr=9.6e-06 | 21.7s
  Fold 4 | Ep  10/50 | t_loss=0.0545 t_acc=0.915 | v_win_bal=0.528 v_rec_bal=0.536 | lr=9.5e-06 | 22.1s
  Fold 4 | Ep  11/50 | t_loss=0.0483 t_acc=0.927 | v_win_bal=0.527 v_rec_bal=0.464 | lr=9.3e-06 | 21.6s
  Fold 4 | Ep  12/50 | t_loss=0.0442 t_acc=0.936 | v_win_bal=0.535 v_rec_bal=0.464 | lr=9.1e-06 | 21.6s
  Fold 4 | Ep  13/50 | t_loss=0.0418 t_acc=0.944 | v_win_bal=0.527 v_rec_bal=0.464 | lr=8.9e-06 | 21.7s
  Fold 4 | Ep  14/50 | t_loss=0.0394 t_acc=0.950 | v_win_bal=0.519 v_rec_bal=0.607 | lr=8.7e-06 | 21.6s
  Fold 4 | Ep  15/50 | t_loss=0.0347 t_acc=0.959 | v_win_bal=0.515 v_rec_bal=0.536 | lr=8.5e-06 | 21.6s
  Fold 4 | Ep  16/50 | t_loss=0.0316 t_acc=0.964 | v_win_bal=0.516 v_rec_bal=0.536 | lr=8.2e-06 | 21.6s
  Fold 4 | Ep  17/50 | t_loss=0.0281 t_acc=0.968 | v_win_bal=0.512 v_rec_bal=0.524 | lr=8.0e-06 | 21.7s
  Fold 4 | Ep  18/50 | t_loss=0.0247 t_acc=0.975 | v_win_bal=0.515 v_rec_bal=0.536 | lr=7.7e-06 | 21.7s
  Fold 4 | Ep  19/50 | t_loss=0.0237 t_acc=0.978 | v_win_bal=0.514 v_rec_bal=0.464 | lr=7.4e-06 | 21.6s
  Early stop at epoch 19
  -> Test (best @ epoch 2): acc=0.3846, bal_acc=0.3690

============================================================
Fold 5/5
============================================================
  Train:  39 samples, 39 subjects [2, 4, 5, 7, 8, 9, 10, 11, 12, 13, 14, 16, 17, 19, 20, 23, 24, 25, 27, 31, 34, 38, 39, 41, 43, 45, 46, 47, 48, 49, 51, 57, 58, 59, 60, 61, 63, 64, 65], label_0=17, label_1=22
    Val:  13 samples, 13 subjects [1, 3, 18, 22, 29, 30, 32, 40, 42, 50, 52, 54, 55], label_0=6, label_1=7
   Test:  13 samples, 13 subjects [6, 15, 21, 26, 28, 33, 35, 36, 37, 44, 53, 56, 62], label_0=6, label_1=7
  Building window datasets...
    WindowDataset: 18015 windows (class_0=2765, class_1=15250)
    WindowDataset: 1989 windows (class_0=994, class_1=995)
    WindowDataset: 2152 windows (class_0=984, class_1=1168)
[LaBraM] Loaded 219/221 params from weights/labram-base/model.safetensors
[LaBraM] Missing: ['fc_norm.weight', 'fc_norm.bias']
  Fold 5 | Ep   1/50 | t_loss=0.1925 t_acc=0.279 | v_win_bal=0.481 v_rec_bal=0.357 | lr=3.3e-06 | 22.2s
  Fold 5 | Ep   2/50 | t_loss=0.1703 t_acc=0.633 | v_win_bal=0.484 v_rec_bal=0.321 | lr=6.7e-06 | 21.9s
  Fold 5 | Ep   3/50 | t_loss=0.1515 t_acc=0.707 | v_win_bal=0.473 v_rec_bal=0.440 | lr=1.0e-05 | 21.9s
  Fold 5 | Ep   4/50 | t_loss=0.0992 t_acc=0.809 | v_win_bal=0.480 v_rec_bal=0.571 | lr=1.0e-05 | 21.8s
  Fold 5 | Ep   5/50 | t_loss=0.0878 t_acc=0.824 | v_win_bal=0.496 v_rec_bal=0.571 | lr=1.0e-05 | 21.8s
  Fold 5 | Ep   6/50 | t_loss=0.0813 t_acc=0.837 | v_win_bal=0.480 v_rec_bal=0.488 | lr=9.9e-06 | 21.9s
  Fold 5 | Ep   7/50 | t_loss=0.0765 t_acc=0.850 | v_win_bal=0.478 v_rec_bal=0.405 | lr=9.8e-06 | 21.9s
  Fold 5 | Ep   8/50 | t_loss=0.0720 t_acc=0.865 | v_win_bal=0.480 v_rec_bal=0.405 | lr=9.7e-06 | 21.8s
  Fold 5 | Ep   9/50 | t_loss=0.0674 t_acc=0.879 | v_win_bal=0.477 v_rec_bal=0.405 | lr=9.6e-06 | 22.8s
  Fold 5 | Ep  10/50 | t_loss=0.0623 t_acc=0.893 | v_win_bal=0.460 v_rec_bal=0.476 | lr=9.5e-06 | 22.0s
  Fold 5 | Ep  11/50 | t_loss=0.0581 t_acc=0.904 | v_win_bal=0.474 v_rec_bal=0.476 | lr=9.3e-06 | 21.9s
  Fold 5 | Ep  12/50 | t_loss=0.0556 t_acc=0.912 | v_win_bal=0.470 v_rec_bal=0.476 | lr=9.1e-06 | 21.9s
  Fold 5 | Ep  13/50 | t_loss=0.0510 t_acc=0.922 | v_win_bal=0.470 v_rec_bal=0.405 | lr=8.9e-06 | 21.9s
  Fold 5 | Ep  14/50 | t_loss=0.0485 t_acc=0.930 | v_win_bal=0.471 v_rec_bal=0.476 | lr=8.7e-06 | 21.9s
  Fold 5 | Ep  15/50 | t_loss=0.0436 t_acc=0.938 | v_win_bal=0.471 v_rec_bal=0.476 | lr=8.5e-06 | 21.9s
  Fold 5 | Ep  16/50 | t_loss=0.0414 t_acc=0.944 | v_win_bal=0.462 v_rec_bal=0.405 | lr=8.2e-06 | 22.3s
  Fold 5 | Ep  17/50 | t_loss=0.0375 t_acc=0.951 | v_win_bal=0.461 v_rec_bal=0.405 | lr=8.0e-06 | 22.0s
  Fold 5 | Ep  18/50 | t_loss=0.0347 t_acc=0.957 | v_win_bal=0.474 v_rec_bal=0.476 | lr=7.7e-06 | 22.0s
  Fold 5 | Ep  19/50 | t_loss=0.0329 t_acc=0.963 | v_win_bal=0.474 v_rec_bal=0.405 | lr=7.4e-06 | 21.9s
  Fold 5 | Ep  20/50 | t_loss=0.0316 t_acc=0.966 | v_win_bal=0.470 v_rec_bal=0.405 | lr=7.1e-06 | 21.9s
  Fold 5 | Ep  21/50 | t_loss=0.0296 t_acc=0.970 | v_win_bal=0.470 v_rec_bal=0.405 | lr=6.8e-06 | 22.0s
  Early stop at epoch 21
  -> Test (best @ epoch 4): acc=0.4615, bal_acc=0.4881

============================================================
Global Results (5-Fold, subject-level CV)
Mode: FT | Extractor: labram | Loss: focal
============================================================
              acc: 0.3692
          bal_acc: 0.3870
               f1: 0.3510
            kappa: -0.2152
  Total predictions: 65 (should equal dataset size: 65)

Results saved to results/studies/exp27_paired_null/adftd/perm_s20/
