/raid/jupyter-linjimmy1003.md10/.conda/envs/stress/lib/python3.11/site-packages/timm/models/layers/__init__.py:49: FutureWarning: Importing from timm.models.layers is deprecated, please import via timm.layers
  warnings.warn(f"Importing from {__name__} is deprecated, please import via timm.layers", FutureWarning)
Mode: FT | Extractor: labram | Folds: 5
LR: 1e-05 | WD: 0.05 | Beta2: 0.999 | Grad clip: 2.0
Head: hidden=128, dropout=0.0 | Norm: zscore | Loss: focal
Full FT: encoder_lr_scale=0.1
Augmentation: 75% overlap for increase class

Results → results/studies/exp27_paired_null/adftd/perm_s28/
ADFTD: 65 recordings from 65 subjects (AD=36, HC=29)
ADFTD: 65 recordings, 65 subjects (AD=36, HC=29)
[permute-labels] Subject-level shuffle with rng seed 28 over 65 subjects. Class balance preserved: 36 pos / 29 neg

============================================================
Fold 1/5
============================================================
  Train:  39 samples, 39 subjects [1, 2, 4, 5, 6, 11, 12, 13, 14, 15, 16, 19, 21, 22, 23, 24, 28, 29, 30, 32, 33, 34, 35, 37, 39, 40, 42, 43, 44, 47, 48, 49, 51, 55, 56, 59, 61, 64, 65], label_0=18, label_1=21
    Val:  13 samples, 13 subjects [3, 9, 26, 27, 31, 38, 41, 45, 46, 52, 53, 57, 62], label_0=5, label_1=8
   Test:  13 samples, 13 subjects [7, 8, 10, 17, 18, 20, 25, 36, 50, 54, 58, 60, 63], label_0=6, label_1=7
  Building window datasets...
    WindowDataset: 16593 windows (class_0=3056, class_1=13537)
    WindowDataset: 2093 windows (class_0=824, class_1=1269)
    WindowDataset: 2186 windows (class_0=932, class_1=1254)
[LaBraM] Loaded 219/221 params from weights/labram-base/model.safetensors
[LaBraM] Missing: ['fc_norm.weight', 'fc_norm.bias']
  Trainable parameters: 5,871,779
  Class weights: [2.7148232460021973, 0.6128758192062378]
  Fold 1 | Ep   1/50 | t_loss=0.1866 t_acc=0.298 | v_win_bal=0.437 v_rec_bal=0.450 | lr=3.3e-06 | 23.0s
  Fold 1 | Ep   2/50 | t_loss=0.1628 t_acc=0.645 | v_win_bal=0.458 v_rec_bal=0.388 | lr=6.7e-06 | 21.1s
  Fold 1 | Ep   3/50 | t_loss=0.1493 t_acc=0.681 | v_win_bal=0.486 v_rec_bal=0.388 | lr=1.0e-05 | 20.7s
  Fold 1 | Ep   4/50 | t_loss=0.1194 t_acc=0.786 | v_win_bal=0.520 v_rec_bal=0.487 | lr=1.0e-05 | 20.6s
  Fold 1 | Ep   5/50 | t_loss=0.0881 t_acc=0.858 | v_win_bal=0.524 v_rec_bal=0.487 | lr=1.0e-05 | 20.7s
  Fold 1 | Ep   6/50 | t_loss=0.0721 t_acc=0.883 | v_win_bal=0.534 v_rec_bal=0.588 | lr=9.9e-06 | 20.9s
  Fold 1 | Ep   7/50 | t_loss=0.0622 t_acc=0.900 | v_win_bal=0.536 v_rec_bal=0.487 | lr=9.8e-06 | 20.8s
  Fold 1 | Ep   8/50 | t_loss=0.0544 t_acc=0.914 | v_win_bal=0.553 v_rec_bal=0.588 | lr=9.7e-06 | 20.8s
  Fold 1 | Ep   9/50 | t_loss=0.0476 t_acc=0.928 | v_win_bal=0.546 v_rec_bal=0.588 | lr=9.6e-06 | 20.9s
  Fold 1 | Ep  10/50 | t_loss=0.0434 t_acc=0.939 | v_win_bal=0.545 v_rec_bal=0.588 | lr=9.5e-06 | 20.3s
  Fold 1 | Ep  11/50 | t_loss=0.0366 t_acc=0.947 | v_win_bal=0.562 v_rec_bal=0.588 | lr=9.3e-06 | 20.0s
  Fold 1 | Ep  12/50 | t_loss=0.0330 t_acc=0.953 | v_win_bal=0.557 v_rec_bal=0.613 | lr=9.1e-06 | 19.9s
  Fold 1 | Ep  13/50 | t_loss=0.0310 t_acc=0.960 | v_win_bal=0.555 v_rec_bal=0.588 | lr=8.9e-06 | 19.9s
  Fold 1 | Ep  14/50 | t_loss=0.0246 t_acc=0.967 | v_win_bal=0.565 v_rec_bal=0.588 | lr=8.7e-06 | 19.9s
  Fold 1 | Ep  15/50 | t_loss=0.0210 t_acc=0.974 | v_win_bal=0.551 v_rec_bal=0.588 | lr=8.5e-06 | 19.9s
  Fold 1 | Ep  16/50 | t_loss=0.0180 t_acc=0.979 | v_win_bal=0.567 v_rec_bal=0.650 | lr=8.2e-06 | 20.6s
  Fold 1 | Ep  17/50 | t_loss=0.0164 t_acc=0.983 | v_win_bal=0.561 v_rec_bal=0.650 | lr=8.0e-06 | 20.2s
  Fold 1 | Ep  18/50 | t_loss=0.0130 t_acc=0.986 | v_win_bal=0.565 v_rec_bal=0.713 | lr=7.7e-06 | 19.9s
  Fold 1 | Ep  19/50 | t_loss=0.0107 t_acc=0.990 | v_win_bal=0.571 v_rec_bal=0.713 | lr=7.4e-06 | 19.9s
  Fold 1 | Ep  20/50 | t_loss=0.0082 t_acc=0.993 | v_win_bal=0.546 v_rec_bal=0.550 | lr=7.1e-06 | 19.9s
  Fold 1 | Ep  21/50 | t_loss=0.0067 t_acc=0.994 | v_win_bal=0.555 v_rec_bal=0.512 | lr=6.8e-06 | 19.9s
  Fold 1 | Ep  22/50 | t_loss=0.0052 t_acc=0.995 | v_win_bal=0.563 v_rec_bal=0.713 | lr=6.5e-06 | 19.7s
  Fold 1 | Ep  23/50 | t_loss=0.0040 t_acc=0.996 | v_win_bal=0.565 v_rec_bal=0.650 | lr=6.2e-06 | 19.7s
  Fold 1 | Ep  24/50 | t_loss=0.0030 t_acc=0.997 | v_win_bal=0.550 v_rec_bal=0.650 | lr=5.8e-06 | 19.7s
  Fold 1 | Ep  25/50 | t_loss=0.0024 t_acc=0.998 | v_win_bal=0.547 v_rec_bal=0.512 | lr=5.5e-06 | 19.7s
  Fold 1 | Ep  26/50 | t_loss=0.0020 t_acc=0.998 | v_win_bal=0.550 v_rec_bal=0.613 | lr=5.2e-06 | 19.7s
  Fold 1 | Ep  27/50 | t_loss=0.0013 t_acc=0.999 | v_win_bal=0.554 v_rec_bal=0.512 | lr=4.8e-06 | 19.8s
  Fold 1 | Ep  28/50 | t_loss=0.0009 t_acc=0.999 | v_win_bal=0.559 v_rec_bal=0.650 | lr=4.5e-06 | 19.7s
  Fold 1 | Ep  29/50 | t_loss=0.0009 t_acc=0.999 | v_win_bal=0.561 v_rec_bal=0.613 | lr=4.2e-06 | 19.7s
  Fold 1 | Ep  30/50 | t_loss=0.0006 t_acc=0.999 | v_win_bal=0.561 v_rec_bal=0.613 | lr=3.8e-06 | 19.7s
  Fold 1 | Ep  31/50 | t_loss=0.0004 t_acc=1.000 | v_win_bal=0.563 v_rec_bal=0.512 | lr=3.5e-06 | 19.8s
  Fold 1 | Ep  32/50 | t_loss=0.0003 t_acc=1.000 | v_win_bal=0.555 v_rec_bal=0.512 | lr=3.2e-06 | 19.7s
  Fold 1 | Ep  33/50 | t_loss=0.0002 t_acc=1.000 | v_win_bal=0.558 v_rec_bal=0.613 | lr=2.9e-06 | 19.7s
  Fold 1 | Ep  34/50 | t_loss=0.0002 t_acc=1.000 | v_win_bal=0.563 v_rec_bal=0.512 | lr=2.6e-06 | 19.6s
  Early stop at epoch 34
  -> Test (best @ epoch 18): acc=0.5385, bal_acc=0.5238

============================================================
Fold 2/5
============================================================
  Train:  39 samples, 39 subjects [3, 4, 7, 10, 11, 12, 16, 17, 18, 19, 20, 21, 22, 25, 28, 31, 35, 36, 37, 38, 39, 42, 43, 44, 45, 46, 47, 49, 50, 52, 53, 55, 56, 57, 58, 60, 62, 64, 65], label_0=17, label_1=22
    Val:  13 samples, 13 subjects [1, 6, 8, 9, 26, 27, 29, 33, 34, 40, 51, 54, 63], label_0=6, label_1=7
   Test:  13 samples, 13 subjects [2, 5, 13, 14, 15, 23, 24, 30, 32, 41, 48, 59, 61], label_0=6, label_1=7
  Building window datasets...
    WindowDataset: 17684 windows (class_0=2786, class_1=14898)
    WindowDataset: 2048 windows (class_0=987, class_1=1061)
    WindowDataset: 2160 windows (class_0=1039, class_1=1121)
[LaBraM] Loaded 219/221 params from weights/labram-base/model.safetensors
[LaBraM] Missing: ['fc_norm.weight', 'fc_norm.bias']
  Fold 2 | Ep   1/50 | t_loss=0.1723 t_acc=0.537 | v_win_bal=0.536 v_rec_bal=0.429 | lr=3.3e-06 | 21.6s
  Fold 2 | Ep   2/50 | t_loss=0.1669 t_acc=0.681 | v_win_bal=0.535 v_rec_bal=0.429 | lr=6.7e-06 | 21.6s
  Fold 2 | Ep   3/50 | t_loss=0.1501 t_acc=0.712 | v_win_bal=0.525 v_rec_bal=0.524 | lr=1.0e-05 | 22.0s
  Fold 2 | Ep   4/50 | t_loss=0.1223 t_acc=0.791 | v_win_bal=0.590 v_rec_bal=0.619 | lr=1.0e-05 | 22.1s
  Fold 2 | Ep   5/50 | t_loss=0.0955 t_acc=0.842 | v_win_bal=0.601 v_rec_bal=0.714 | lr=1.0e-05 | 21.8s
  Fold 2 | Ep   6/50 | t_loss=0.0767 t_acc=0.865 | v_win_bal=0.589 v_rec_bal=0.786 | lr=9.9e-06 | 21.9s
  Fold 2 | Ep   7/50 | t_loss=0.0673 t_acc=0.884 | v_win_bal=0.613 v_rec_bal=0.774 | lr=9.8e-06 | 21.8s
  Fold 2 | Ep   8/50 | t_loss=0.0591 t_acc=0.900 | v_win_bal=0.608 v_rec_bal=0.774 | lr=9.7e-06 | 21.8s
  Fold 2 | Ep   9/50 | t_loss=0.0533 t_acc=0.914 | v_win_bal=0.617 v_rec_bal=0.786 | lr=9.6e-06 | 21.8s
  Fold 2 | Ep  10/50 | t_loss=0.0477 t_acc=0.926 | v_win_bal=0.595 v_rec_bal=0.714 | lr=9.5e-06 | 21.8s
  Fold 2 | Ep  11/50 | t_loss=0.0427 t_acc=0.935 | v_win_bal=0.600 v_rec_bal=0.714 | lr=9.3e-06 | 21.7s
  Fold 2 | Ep  12/50 | t_loss=0.0379 t_acc=0.947 | v_win_bal=0.609 v_rec_bal=0.786 | lr=9.1e-06 | 22.1s
  Fold 2 | Ep  13/50 | t_loss=0.0326 t_acc=0.954 | v_win_bal=0.591 v_rec_bal=0.690 | lr=8.9e-06 | 21.7s
  Fold 2 | Ep  14/50 | t_loss=0.0299 t_acc=0.962 | v_win_bal=0.595 v_rec_bal=0.607 | lr=8.7e-06 | 21.7s
  Fold 2 | Ep  15/50 | t_loss=0.0265 t_acc=0.969 | v_win_bal=0.573 v_rec_bal=0.607 | lr=8.5e-06 | 21.6s
  Fold 2 | Ep  16/50 | t_loss=0.0228 t_acc=0.974 | v_win_bal=0.561 v_rec_bal=0.524 | lr=8.2e-06 | 21.7s
  Fold 2 | Ep  17/50 | t_loss=0.0200 t_acc=0.979 | v_win_bal=0.573 v_rec_bal=0.524 | lr=8.0e-06 | 21.6s
  Fold 2 | Ep  18/50 | t_loss=0.0183 t_acc=0.982 | v_win_bal=0.574 v_rec_bal=0.595 | lr=7.7e-06 | 21.6s
  Fold 2 | Ep  19/50 | t_loss=0.0148 t_acc=0.986 | v_win_bal=0.565 v_rec_bal=0.524 | lr=7.4e-06 | 21.6s
  Fold 2 | Ep  20/50 | t_loss=0.0129 t_acc=0.989 | v_win_bal=0.565 v_rec_bal=0.524 | lr=7.1e-06 | 21.5s
  Fold 2 | Ep  21/50 | t_loss=0.0109 t_acc=0.992 | v_win_bal=0.577 v_rec_bal=0.524 | lr=6.8e-06 | 21.5s
  Fold 2 | Ep  22/50 | t_loss=0.0084 t_acc=0.993 | v_win_bal=0.570 v_rec_bal=0.595 | lr=6.5e-06 | 21.6s
  Fold 2 | Ep  23/50 | t_loss=0.0076 t_acc=0.994 | v_win_bal=0.578 v_rec_bal=0.595 | lr=6.2e-06 | 21.5s
  Early stop at epoch 23
  -> Test (best @ epoch 6): acc=0.5385, bal_acc=0.5714

============================================================
Fold 3/5
============================================================
  Train:  39 samples, 39 subjects [3, 6, 7, 9, 10, 11, 13, 14, 15, 16, 18, 19, 20, 21, 25, 27, 29, 30, 31, 32, 33, 37, 38, 40, 41, 42, 44, 48, 49, 50, 52, 53, 56, 57, 58, 59, 60, 62, 63], label_0=17, label_1=22
    Val:  13 samples, 13 subjects [2, 4, 5, 8, 17, 23, 24, 28, 35, 36, 46, 54, 61], label_0=6, label_1=7
   Test:  13 samples, 13 subjects [1, 12, 22, 26, 34, 39, 43, 45, 47, 51, 55, 64, 65], label_0=6, label_1=7
  Building window datasets...
    WindowDataset: 17322 windows (class_0=2848, class_1=14474)
    WindowDataset: 2078 windows (class_0=947, class_1=1131)
    WindowDataset: 2174 windows (class_0=1017, class_1=1157)
[LaBraM] Loaded 219/221 params from weights/labram-base/model.safetensors
[LaBraM] Missing: ['fc_norm.weight', 'fc_norm.bias']
  Fold 3 | Ep   1/50 | t_loss=0.1752 t_acc=0.396 | v_win_bal=0.535 v_rec_bal=0.690 | lr=3.3e-06 | 21.7s
  Fold 3 | Ep   2/50 | t_loss=0.1692 t_acc=0.624 | v_win_bal=0.545 v_rec_bal=0.429 | lr=6.7e-06 | 22.0s
  Fold 3 | Ep   3/50 | t_loss=0.1491 t_acc=0.720 | v_win_bal=0.532 v_rec_bal=0.631 | lr=1.0e-05 | 21.9s
  Fold 3 | Ep   4/50 | t_loss=0.1039 t_acc=0.827 | v_win_bal=0.558 v_rec_bal=0.548 | lr=1.0e-05 | 21.3s
  Fold 3 | Ep   5/50 | t_loss=0.0767 t_acc=0.874 | v_win_bal=0.529 v_rec_bal=0.548 | lr=1.0e-05 | 21.3s
  Fold 3 | Ep   6/50 | t_loss=0.0650 t_acc=0.891 | v_win_bal=0.529 v_rec_bal=0.464 | lr=9.9e-06 | 21.3s
  Fold 3 | Ep   7/50 | t_loss=0.0570 t_acc=0.905 | v_win_bal=0.543 v_rec_bal=0.548 | lr=9.8e-06 | 21.8s
  Fold 3 | Ep   8/50 | t_loss=0.0512 t_acc=0.919 | v_win_bal=0.522 v_rec_bal=0.536 | lr=9.7e-06 | 21.3s
  Fold 3 | Ep   9/50 | t_loss=0.0459 t_acc=0.934 | v_win_bal=0.544 v_rec_bal=0.607 | lr=9.6e-06 | 21.3s
  Fold 3 | Ep  10/50 | t_loss=0.0411 t_acc=0.943 | v_win_bal=0.543 v_rec_bal=0.536 | lr=9.5e-06 | 21.2s
  Fold 3 | Ep  11/50 | t_loss=0.0375 t_acc=0.954 | v_win_bal=0.515 v_rec_bal=0.524 | lr=9.3e-06 | 21.2s
  Fold 3 | Ep  12/50 | t_loss=0.0336 t_acc=0.960 | v_win_bal=0.535 v_rec_bal=0.536 | lr=9.1e-06 | 21.1s
  Fold 3 | Ep  13/50 | t_loss=0.0307 t_acc=0.966 | v_win_bal=0.516 v_rec_bal=0.452 | lr=8.9e-06 | 21.4s
  Fold 3 | Ep  14/50 | t_loss=0.0268 t_acc=0.971 | v_win_bal=0.513 v_rec_bal=0.512 | lr=8.7e-06 | 22.4s
  Fold 3 | Ep  15/50 | t_loss=0.0232 t_acc=0.978 | v_win_bal=0.517 v_rec_bal=0.440 | lr=8.5e-06 | 21.5s
  Fold 3 | Ep  16/50 | t_loss=0.0199 t_acc=0.981 | v_win_bal=0.526 v_rec_bal=0.440 | lr=8.2e-06 | 21.5s
  Early stop at epoch 16
  -> Test (best @ epoch 1): acc=0.3077, bal_acc=0.3214

============================================================
Fold 4/5
============================================================
  Train:  39 samples, 39 subjects [1, 2, 5, 7, 8, 9, 10, 12, 13, 14, 15, 17, 18, 19, 20, 23, 24, 27, 30, 36, 39, 40, 43, 45, 46, 47, 48, 50, 51, 52, 53, 54, 58, 59, 61, 62, 63, 64, 65], label_0=17, label_1=22
    Val:  13 samples, 13 subjects [22, 25, 26, 28, 32, 34, 37, 41, 42, 44, 55, 57, 60], label_0=6, label_1=7
   Test:  13 samples, 13 subjects [3, 4, 6, 11, 16, 21, 29, 31, 33, 35, 38, 49, 56], label_0=6, label_1=7
  Building window datasets...
    WindowDataset: 17562 windows (class_0=2788, class_1=14774)
    WindowDataset: 2191 windows (class_0=989, class_1=1202)
    WindowDataset: 2046 windows (class_0=1035, class_1=1011)
[LaBraM] Loaded 219/221 params from weights/labram-base/model.safetensors
[LaBraM] Missing: ['fc_norm.weight', 'fc_norm.bias']
  Fold 4 | Ep   1/50 | t_loss=0.1719 t_acc=0.798 | v_win_bal=0.462 v_rec_bal=0.393 | lr=3.3e-06 | 21.6s
  Fold 4 | Ep   2/50 | t_loss=0.1589 t_acc=0.631 | v_win_bal=0.457 v_rec_bal=0.393 | lr=6.7e-06 | 21.5s
  Fold 4 | Ep   3/50 | t_loss=0.1424 t_acc=0.697 | v_win_bal=0.488 v_rec_bal=0.488 | lr=1.0e-05 | 21.5s
  Fold 4 | Ep   4/50 | t_loss=0.0972 t_acc=0.824 | v_win_bal=0.536 v_rec_bal=0.560 | lr=1.0e-05 | 21.8s
  Fold 4 | Ep   5/50 | t_loss=0.0787 t_acc=0.851 | v_win_bal=0.547 v_rec_bal=0.560 | lr=1.0e-05 | 21.7s
  Fold 4 | Ep   6/50 | t_loss=0.0692 t_acc=0.867 | v_win_bal=0.563 v_rec_bal=0.643 | lr=9.9e-06 | 21.8s
  Fold 4 | Ep   7/50 | t_loss=0.0630 t_acc=0.883 | v_win_bal=0.582 v_rec_bal=0.643 | lr=9.8e-06 | 21.8s
  Fold 4 | Ep   8/50 | t_loss=0.0574 t_acc=0.899 | v_win_bal=0.563 v_rec_bal=0.714 | lr=9.7e-06 | 22.0s
  Fold 4 | Ep   9/50 | t_loss=0.0521 t_acc=0.912 | v_win_bal=0.569 v_rec_bal=0.714 | lr=9.6e-06 | 21.9s
  Fold 4 | Ep  10/50 | t_loss=0.0473 t_acc=0.922 | v_win_bal=0.578 v_rec_bal=0.714 | lr=9.5e-06 | 21.5s
  Fold 4 | Ep  11/50 | t_loss=0.0435 t_acc=0.932 | v_win_bal=0.537 v_rec_bal=0.536 | lr=9.3e-06 | 21.6s
  Fold 4 | Ep  12/50 | t_loss=0.0378 t_acc=0.943 | v_win_bal=0.586 v_rec_bal=0.714 | lr=9.1e-06 | 21.5s
  Fold 4 | Ep  13/50 | t_loss=0.0351 t_acc=0.950 | v_win_bal=0.570 v_rec_bal=0.702 | lr=8.9e-06 | 21.8s
  Fold 4 | Ep  14/50 | t_loss=0.0311 t_acc=0.960 | v_win_bal=0.572 v_rec_bal=0.702 | lr=8.7e-06 | 21.4s
  Fold 4 | Ep  15/50 | t_loss=0.0269 t_acc=0.966 | v_win_bal=0.559 v_rec_bal=0.631 | lr=8.5e-06 | 21.5s
  Fold 4 | Ep  16/50 | t_loss=0.0236 t_acc=0.972 | v_win_bal=0.566 v_rec_bal=0.536 | lr=8.2e-06 | 21.5s
  Fold 4 | Ep  17/50 | t_loss=0.0195 t_acc=0.978 | v_win_bal=0.555 v_rec_bal=0.536 | lr=8.0e-06 | 21.5s
  Fold 4 | Ep  18/50 | t_loss=0.0167 t_acc=0.982 | v_win_bal=0.555 v_rec_bal=0.536 | lr=7.7e-06 | 21.5s
  Fold 4 | Ep  19/50 | t_loss=0.0129 t_acc=0.985 | v_win_bal=0.576 v_rec_bal=0.619 | lr=7.4e-06 | 21.6s
  Fold 4 | Ep  20/50 | t_loss=0.0105 t_acc=0.989 | v_win_bal=0.549 v_rec_bal=0.536 | lr=7.1e-06 | 21.5s
  Fold 4 | Ep  21/50 | t_loss=0.0094 t_acc=0.992 | v_win_bal=0.556 v_rec_bal=0.536 | lr=6.8e-06 | 21.5s
  Fold 4 | Ep  22/50 | t_loss=0.0067 t_acc=0.994 | v_win_bal=0.540 v_rec_bal=0.607 | lr=6.5e-06 | 21.5s
  Fold 4 | Ep  23/50 | t_loss=0.0059 t_acc=0.995 | v_win_bal=0.550 v_rec_bal=0.536 | lr=6.2e-06 | 21.4s
  Fold 4 | Ep  24/50 | t_loss=0.0052 t_acc=0.996 | v_win_bal=0.541 v_rec_bal=0.524 | lr=5.8e-06 | 21.5s
  Fold 4 | Ep  25/50 | t_loss=0.0036 t_acc=0.997 | v_win_bal=0.549 v_rec_bal=0.524 | lr=5.5e-06 | 21.5s
  Early stop at epoch 25
  -> Test (best @ epoch 8): acc=0.3077, bal_acc=0.3214

============================================================
Fold 5/5
============================================================
  Train:  39 samples, 39 subjects [1, 2, 3, 4, 5, 7, 8, 10, 11, 12, 13, 14, 15, 16, 17, 18, 20, 21, 23, 25, 29, 30, 32, 33, 34, 35, 36, 39, 41, 43, 48, 50, 51, 55, 56, 58, 60, 61, 64], label_0=18, label_1=21
    Val:  13 samples, 13 subjects [6, 22, 24, 26, 31, 38, 45, 47, 49, 54, 59, 63, 65], label_0=6, label_1=7
   Test:  13 samples, 13 subjects [9, 19, 27, 28, 37, 40, 42, 44, 46, 52, 53, 57, 62], label_0=5, label_1=8
  Building window datasets...
    WindowDataset: 16318 windows (class_0=3045, class_1=13273)
    WindowDataset: 2187 windows (class_0=978, class_1=1209)
    WindowDataset: 2169 windows (class_0=789, class_1=1380)
[LaBraM] Loaded 219/221 params from weights/labram-base/model.safetensors
[LaBraM] Missing: ['fc_norm.weight', 'fc_norm.bias']
  Fold 5 | Ep   1/50 | t_loss=0.1815 t_acc=0.765 | v_win_bal=0.502 v_rec_bal=0.524 | lr=3.3e-06 | 19.9s
  Fold 5 | Ep   2/50 | t_loss=0.1682 t_acc=0.656 | v_win_bal=0.509 v_rec_bal=0.488 | lr=6.7e-06 | 19.9s
  Fold 5 | Ep   3/50 | t_loss=0.1541 t_acc=0.673 | v_win_bal=0.488 v_rec_bal=0.488 | lr=1.0e-05 | 19.9s
  Fold 5 | Ep   4/50 | t_loss=0.1232 t_acc=0.768 | v_win_bal=0.497 v_rec_bal=0.488 | lr=1.0e-05 | 20.0s
  Fold 5 | Ep   5/50 | t_loss=0.0977 t_acc=0.827 | v_win_bal=0.489 v_rec_bal=0.488 | lr=1.0e-05 | 20.0s
  Fold 5 | Ep   6/50 | t_loss=0.0844 t_acc=0.860 | v_win_bal=0.494 v_rec_bal=0.488 | lr=9.9e-06 | 19.9s
  Fold 5 | Ep   7/50 | t_loss=0.0732 t_acc=0.879 | v_win_bal=0.481 v_rec_bal=0.619 | lr=9.8e-06 | 19.8s
  Fold 5 | Ep   8/50 | t_loss=0.0648 t_acc=0.896 | v_win_bal=0.492 v_rec_bal=0.536 | lr=9.7e-06 | 20.9s
  Fold 5 | Ep   9/50 | t_loss=0.0579 t_acc=0.907 | v_win_bal=0.491 v_rec_bal=0.476 | lr=9.6e-06 | 20.3s
  Fold 5 | Ep  10/50 | t_loss=0.0524 t_acc=0.918 | v_win_bal=0.484 v_rec_bal=0.476 | lr=9.5e-06 | 20.1s
  Fold 5 | Ep  11/50 | t_loss=0.0461 t_acc=0.930 | v_win_bal=0.483 v_rec_bal=0.536 | lr=9.3e-06 | 20.2s
  Fold 5 | Ep  12/50 | t_loss=0.0411 t_acc=0.940 | v_win_bal=0.496 v_rec_bal=0.619 | lr=9.1e-06 | 20.2s
  Fold 5 | Ep  13/50 | t_loss=0.0364 t_acc=0.947 | v_win_bal=0.487 v_rec_bal=0.536 | lr=8.9e-06 | 20.1s
  Fold 5 | Ep  14/50 | t_loss=0.0330 t_acc=0.954 | v_win_bal=0.509 v_rec_bal=0.607 | lr=8.7e-06 | 20.1s
  Fold 5 | Ep  15/50 | t_loss=0.0290 t_acc=0.962 | v_win_bal=0.496 v_rec_bal=0.536 | lr=8.5e-06 | 20.1s
  Fold 5 | Ep  16/50 | t_loss=0.0252 t_acc=0.969 | v_win_bal=0.498 v_rec_bal=0.524 | lr=8.2e-06 | 20.6s
  Fold 5 | Ep  17/50 | t_loss=0.0221 t_acc=0.974 | v_win_bal=0.504 v_rec_bal=0.607 | lr=8.0e-06 | 20.2s
  Fold 5 | Ep  18/50 | t_loss=0.0188 t_acc=0.978 | v_win_bal=0.508 v_rec_bal=0.607 | lr=7.7e-06 | 20.2s
  Fold 5 | Ep  19/50 | t_loss=0.0163 t_acc=0.983 | v_win_bal=0.502 v_rec_bal=0.607 | lr=7.4e-06 | 20.2s
  Fold 5 | Ep  20/50 | t_loss=0.0136 t_acc=0.986 | v_win_bal=0.504 v_rec_bal=0.607 | lr=7.1e-06 | 20.1s
  Fold 5 | Ep  21/50 | t_loss=0.0119 t_acc=0.987 | v_win_bal=0.504 v_rec_bal=0.607 | lr=6.8e-06 | 20.0s
  Fold 5 | Ep  22/50 | t_loss=0.0103 t_acc=0.990 | v_win_bal=0.513 v_rec_bal=0.607 | lr=6.5e-06 | 20.1s
  Fold 5 | Ep  23/50 | t_loss=0.0069 t_acc=0.994 | v_win_bal=0.503 v_rec_bal=0.607 | lr=6.2e-06 | 20.1s
  Fold 5 | Ep  24/50 | t_loss=0.0060 t_acc=0.995 | v_win_bal=0.503 v_rec_bal=0.607 | lr=5.8e-06 | 20.0s
  Fold 5 | Ep  25/50 | t_loss=0.0050 t_acc=0.996 | v_win_bal=0.508 v_rec_bal=0.607 | lr=5.5e-06 | 20.0s
  Fold 5 | Ep  26/50 | t_loss=0.0035 t_acc=0.997 | v_win_bal=0.503 v_rec_bal=0.524 | lr=5.2e-06 | 20.1s
  Fold 5 | Ep  27/50 | t_loss=0.0022 t_acc=0.998 | v_win_bal=0.510 v_rec_bal=0.607 | lr=4.8e-06 | 20.0s
  Fold 5 | Ep  28/50 | t_loss=0.0022 t_acc=0.998 | v_win_bal=0.502 v_rec_bal=0.440 | lr=4.5e-06 | 20.1s
  Fold 5 | Ep  29/50 | t_loss=0.0012 t_acc=0.999 | v_win_bal=0.510 v_rec_bal=0.607 | lr=4.2e-06 | 20.0s
  Fold 5 | Ep  30/50 | t_loss=0.0009 t_acc=0.999 | v_win_bal=0.506 v_rec_bal=0.607 | lr=3.8e-06 | 19.9s
  Fold 5 | Ep  31/50 | t_loss=0.0007 t_acc=0.999 | v_win_bal=0.508 v_rec_bal=0.607 | lr=3.5e-06 | 20.0s
  Fold 5 | Ep  32/50 | t_loss=0.0004 t_acc=0.999 | v_win_bal=0.507 v_rec_bal=0.607 | lr=3.2e-06 | 20.4s
  Fold 5 | Ep  33/50 | t_loss=0.0003 t_acc=1.000 | v_win_bal=0.509 v_rec_bal=0.607 | lr=2.9e-06 | 20.1s
  Fold 5 | Ep  34/50 | t_loss=0.0002 t_acc=1.000 | v_win_bal=0.509 v_rec_bal=0.607 | lr=2.6e-06 | 20.0s
  Early stop at epoch 34
  -> Test (best @ epoch 7): acc=0.5385, bal_acc=0.6250

============================================================
Global Results (5-Fold, subject-level CV)
Mode: FT | Extractor: labram | Loss: focal
============================================================
              acc: 0.4462
          bal_acc: 0.4665
               f1: 0.4269
            kappa: -0.0636
  Total predictions: 65 (should equal dataset size: 65)

Results saved to results/studies/exp27_paired_null/adftd/perm_s28/
