/raid/jupyter-linjimmy1003.md10/.conda/envs/stress/lib/python3.11/site-packages/timm/models/layers/__init__.py:49: FutureWarning: Importing from timm.models.layers is deprecated, please import via timm.layers
  warnings.warn(f"Importing from {__name__} is deprecated, please import via timm.layers", FutureWarning)
Mode: FT | Extractor: labram | Folds: 5
LR: 1e-05 | WD: 0.05 | Beta2: 0.999 | Grad clip: 2.0
Head: hidden=128, dropout=0.0 | Norm: zscore | Loss: focal
Full FT: encoder_lr_scale=0.1
Augmentation: 75% overlap for increase class

Results → results/studies/exp27_paired_null/adftd/perm_s22/
ADFTD: 65 recordings from 65 subjects (AD=36, HC=29)
ADFTD: 65 recordings, 65 subjects (AD=36, HC=29)
[permute-labels] Subject-level shuffle with rng seed 22 over 65 subjects. Class balance preserved: 36 pos / 29 neg

============================================================
Fold 1/5
============================================================
  Train:  39 samples, 39 subjects [3, 5, 6, 10, 11, 12, 13, 14, 15, 16, 18, 19, 21, 22, 24, 25, 28, 29, 30, 32, 33, 35, 37, 38, 41, 44, 46, 47, 48, 50, 51, 52, 56, 57, 58, 59, 61, 62, 64], label_0=18, label_1=21
    Val:  13 samples, 13 subjects [1, 4, 8, 9, 31, 39, 40, 42, 49, 53, 55, 63, 65], label_0=6, label_1=7
   Test:  13 samples, 13 subjects [2, 7, 17, 20, 23, 26, 27, 34, 36, 43, 45, 54, 60], label_0=5, label_1=8
  Building window datasets...
    WindowDataset: 16651 windows (class_0=2942, class_1=13709)
    WindowDataset: 2157 windows (class_0=951, class_1=1206)
    WindowDataset: 2193 windows (class_0=851, class_1=1342)
[LaBraM] Loaded 219/221 params from weights/labram-base/model.safetensors
[LaBraM] Missing: ['fc_norm.weight', 'fc_norm.bias']
  Trainable parameters: 5,871,779
  Class weights: [2.8298776149749756, 0.6073017716407776]
  Fold 1 | Ep   1/50 | t_loss=0.1848 t_acc=0.317 | v_win_bal=0.468 v_rec_bal=0.440 | lr=3.3e-06 | 22.7s
  Fold 1 | Ep   2/50 | t_loss=0.1667 t_acc=0.692 | v_win_bal=0.478 v_rec_bal=0.381 | lr=6.7e-06 | 20.0s
  Fold 1 | Ep   3/50 | t_loss=0.1554 t_acc=0.720 | v_win_bal=0.458 v_rec_bal=0.464 | lr=1.0e-05 | 19.9s
  Fold 1 | Ep   4/50 | t_loss=0.1341 t_acc=0.759 | v_win_bal=0.407 v_rec_bal=0.298 | lr=1.0e-05 | 20.3s
  Fold 1 | Ep   5/50 | t_loss=0.1049 t_acc=0.822 | v_win_bal=0.426 v_rec_bal=0.417 | lr=1.0e-05 | 19.8s
  Fold 1 | Ep   6/50 | t_loss=0.0824 t_acc=0.858 | v_win_bal=0.398 v_rec_bal=0.405 | lr=9.9e-06 | 19.8s
  Fold 1 | Ep   7/50 | t_loss=0.0697 t_acc=0.880 | v_win_bal=0.412 v_rec_bal=0.417 | lr=9.8e-06 | 19.8s
  Fold 1 | Ep   8/50 | t_loss=0.0604 t_acc=0.896 | v_win_bal=0.391 v_rec_bal=0.405 | lr=9.7e-06 | 19.8s
  Fold 1 | Ep   9/50 | t_loss=0.0536 t_acc=0.911 | v_win_bal=0.351 v_rec_bal=0.405 | lr=9.6e-06 | 19.8s
  Fold 1 | Ep  10/50 | t_loss=0.0476 t_acc=0.924 | v_win_bal=0.381 v_rec_bal=0.321 | lr=9.5e-06 | 19.7s
  Fold 1 | Ep  11/50 | t_loss=0.0418 t_acc=0.937 | v_win_bal=0.393 v_rec_bal=0.405 | lr=9.3e-06 | 19.8s
  Fold 1 | Ep  12/50 | t_loss=0.0373 t_acc=0.947 | v_win_bal=0.353 v_rec_bal=0.321 | lr=9.1e-06 | 19.6s
  Fold 1 | Ep  13/50 | t_loss=0.0319 t_acc=0.954 | v_win_bal=0.363 v_rec_bal=0.238 | lr=8.9e-06 | 19.7s
  Fold 1 | Ep  14/50 | t_loss=0.0291 t_acc=0.963 | v_win_bal=0.363 v_rec_bal=0.310 | lr=8.7e-06 | 19.8s
  Fold 1 | Ep  15/50 | t_loss=0.0248 t_acc=0.970 | v_win_bal=0.381 v_rec_bal=0.310 | lr=8.5e-06 | 19.7s
  Fold 1 | Ep  16/50 | t_loss=0.0205 t_acc=0.975 | v_win_bal=0.387 v_rec_bal=0.310 | lr=8.2e-06 | 19.8s
  Early stop at epoch 16
  -> Test (best @ epoch 3): acc=0.5385, bal_acc=0.5125

============================================================
Fold 2/5
============================================================
  Train:  39 samples, 39 subjects [2, 3, 4, 7, 9, 10, 11, 12, 13, 14, 15, 16, 17, 20, 23, 26, 27, 29, 33, 36, 39, 43, 44, 45, 46, 48, 49, 50, 51, 52, 53, 54, 57, 58, 60, 61, 62, 63, 64], label_0=17, label_1=22
    Val:  13 samples, 13 subjects [6, 21, 28, 30, 34, 35, 37, 38, 40, 41, 55, 56, 65], label_0=6, label_1=7
   Test:  13 samples, 13 subjects [1, 5, 8, 18, 19, 22, 24, 25, 31, 32, 42, 47, 59], label_0=6, label_1=7
  Building window datasets...
    WindowDataset: 17191 windows (class_0=2797, class_1=14394)
    WindowDataset: 2162 windows (class_0=987, class_1=1175)
    WindowDataset: 2161 windows (class_0=960, class_1=1201)
[LaBraM] Loaded 219/221 params from weights/labram-base/model.safetensors
[LaBraM] Missing: ['fc_norm.weight', 'fc_norm.bias']
  Fold 2 | Ep   1/50 | t_loss=0.1749 t_acc=0.761 | v_win_bal=0.468 v_rec_bal=0.607 | lr=3.3e-06 | 20.8s
  Fold 2 | Ep   2/50 | t_loss=0.1689 t_acc=0.691 | v_win_bal=0.474 v_rec_bal=0.357 | lr=6.7e-06 | 20.9s
  Fold 2 | Ep   3/50 | t_loss=0.1489 t_acc=0.736 | v_win_bal=0.443 v_rec_bal=0.333 | lr=1.0e-05 | 20.8s
  Fold 2 | Ep   4/50 | t_loss=0.1010 t_acc=0.797 | v_win_bal=0.427 v_rec_bal=0.500 | lr=1.0e-05 | 20.8s
  Fold 2 | Ep   5/50 | t_loss=0.0863 t_acc=0.820 | v_win_bal=0.416 v_rec_bal=0.417 | lr=1.0e-05 | 21.4s
  Fold 2 | Ep   6/50 | t_loss=0.0793 t_acc=0.839 | v_win_bal=0.394 v_rec_bal=0.417 | lr=9.9e-06 | 21.7s
  Fold 2 | Ep   7/50 | t_loss=0.0729 t_acc=0.856 | v_win_bal=0.403 v_rec_bal=0.417 | lr=9.8e-06 | 20.9s
  Fold 2 | Ep   8/50 | t_loss=0.0682 t_acc=0.870 | v_win_bal=0.401 v_rec_bal=0.417 | lr=9.7e-06 | 21.0s
  Fold 2 | Ep   9/50 | t_loss=0.0622 t_acc=0.887 | v_win_bal=0.419 v_rec_bal=0.417 | lr=9.6e-06 | 21.0s
  Fold 2 | Ep  10/50 | t_loss=0.0574 t_acc=0.900 | v_win_bal=0.419 v_rec_bal=0.226 | lr=9.5e-06 | 20.8s
  Fold 2 | Ep  11/50 | t_loss=0.0526 t_acc=0.911 | v_win_bal=0.422 v_rec_bal=0.226 | lr=9.3e-06 | 20.9s
  Fold 2 | Ep  12/50 | t_loss=0.0477 t_acc=0.924 | v_win_bal=0.430 v_rec_bal=0.488 | lr=9.1e-06 | 20.9s
  Fold 2 | Ep  13/50 | t_loss=0.0443 t_acc=0.932 | v_win_bal=0.422 v_rec_bal=0.488 | lr=8.9e-06 | 21.0s
  Fold 2 | Ep  14/50 | t_loss=0.0401 t_acc=0.942 | v_win_bal=0.443 v_rec_bal=0.226 | lr=8.7e-06 | 20.8s
  Fold 2 | Ep  15/50 | t_loss=0.0379 t_acc=0.950 | v_win_bal=0.437 v_rec_bal=0.560 | lr=8.5e-06 | 20.9s
  Fold 2 | Ep  16/50 | t_loss=0.0322 t_acc=0.959 | v_win_bal=0.442 v_rec_bal=0.393 | lr=8.2e-06 | 20.9s
  Early stop at epoch 16
  -> Test (best @ epoch 1): acc=0.6154, bal_acc=0.5952

============================================================
Fold 3/5
============================================================
  Train:  39 samples, 39 subjects [2, 3, 6, 7, 8, 9, 10, 11, 12, 13, 16, 17, 18, 19, 20, 21, 24, 26, 27, 28, 29, 31, 32, 33, 34, 35, 36, 37, 38, 39, 43, 47, 49, 53, 54, 55, 56, 61, 65], label_0=17, label_1=22
    Val:  13 samples, 13 subjects [1, 5, 22, 23, 25, 30, 41, 42, 45, 51, 52, 59, 60], label_0=6, label_1=7
   Test:  13 samples, 13 subjects [4, 14, 15, 40, 44, 46, 48, 50, 57, 58, 62, 63, 64], label_0=6, label_1=7
  Building window datasets...
    WindowDataset: 17365 windows (class_0=2827, class_1=14538)
    WindowDataset: 2025 windows (class_0=873, class_1=1152)
    WindowDataset: 2232 windows (class_0=1044, class_1=1188)
[LaBraM] Loaded 219/221 params from weights/labram-base/model.safetensors
[LaBraM] Missing: ['fc_norm.weight', 'fc_norm.bias']
  Fold 3 | Ep   1/50 | t_loss=0.1757 t_acc=0.341 | v_win_bal=0.442 v_rec_bal=0.286 | lr=3.3e-06 | 20.9s
  Fold 3 | Ep   2/50 | t_loss=0.1661 t_acc=0.723 | v_win_bal=0.421 v_rec_bal=0.286 | lr=6.7e-06 | 21.4s
  Fold 3 | Ep   3/50 | t_loss=0.1549 t_acc=0.745 | v_win_bal=0.423 v_rec_bal=0.369 | lr=1.0e-05 | 21.8s
  Fold 3 | Ep   4/50 | t_loss=0.1359 t_acc=0.752 | v_win_bal=0.447 v_rec_bal=0.405 | lr=1.0e-05 | 21.3s
  Fold 3 | Ep   5/50 | t_loss=0.1113 t_acc=0.794 | v_win_bal=0.475 v_rec_bal=0.488 | lr=1.0e-05 | 21.1s
  Fold 3 | Ep   6/50 | t_loss=0.0878 t_acc=0.834 | v_win_bal=0.486 v_rec_bal=0.500 | lr=9.9e-06 | 21.3s
  Fold 3 | Ep   7/50 | t_loss=0.0760 t_acc=0.858 | v_win_bal=0.497 v_rec_bal=0.500 | lr=9.8e-06 | 21.6s
  Fold 3 | Ep   8/50 | t_loss=0.0681 t_acc=0.876 | v_win_bal=0.501 v_rec_bal=0.500 | lr=9.7e-06 | 21.0s
  Fold 3 | Ep   9/50 | t_loss=0.0629 t_acc=0.890 | v_win_bal=0.510 v_rec_bal=0.643 | lr=9.6e-06 | 21.1s
  Fold 3 | Ep  10/50 | t_loss=0.0560 t_acc=0.908 | v_win_bal=0.505 v_rec_bal=0.560 | lr=9.5e-06 | 21.1s
  Fold 3 | Ep  11/50 | t_loss=0.0505 t_acc=0.921 | v_win_bal=0.523 v_rec_bal=0.560 | lr=9.3e-06 | 21.0s
  Fold 3 | Ep  12/50 | t_loss=0.0456 t_acc=0.933 | v_win_bal=0.518 v_rec_bal=0.560 | lr=9.1e-06 | 21.1s
  Fold 3 | Ep  13/50 | t_loss=0.0391 t_acc=0.944 | v_win_bal=0.522 v_rec_bal=0.560 | lr=8.9e-06 | 21.1s
  Fold 3 | Ep  14/50 | t_loss=0.0344 t_acc=0.954 | v_win_bal=0.505 v_rec_bal=0.381 | lr=8.7e-06 | 21.1s
  Fold 3 | Ep  15/50 | t_loss=0.0304 t_acc=0.960 | v_win_bal=0.520 v_rec_bal=0.452 | lr=8.5e-06 | 20.9s
  Fold 3 | Ep  16/50 | t_loss=0.0270 t_acc=0.968 | v_win_bal=0.513 v_rec_bal=0.560 | lr=8.2e-06 | 21.0s
  Fold 3 | Ep  17/50 | t_loss=0.0232 t_acc=0.974 | v_win_bal=0.506 v_rec_bal=0.595 | lr=8.0e-06 | 21.1s
  Fold 3 | Ep  18/50 | t_loss=0.0216 t_acc=0.977 | v_win_bal=0.513 v_rec_bal=0.524 | lr=7.7e-06 | 21.1s
  Fold 3 | Ep  19/50 | t_loss=0.0187 t_acc=0.981 | v_win_bal=0.523 v_rec_bal=0.452 | lr=7.4e-06 | 21.1s
  Fold 3 | Ep  20/50 | t_loss=0.0143 t_acc=0.985 | v_win_bal=0.509 v_rec_bal=0.595 | lr=7.1e-06 | 21.2s
  Fold 3 | Ep  21/50 | t_loss=0.0141 t_acc=0.989 | v_win_bal=0.506 v_rec_bal=0.524 | lr=6.8e-06 | 21.2s
  Fold 3 | Ep  22/50 | t_loss=0.0126 t_acc=0.990 | v_win_bal=0.512 v_rec_bal=0.452 | lr=6.5e-06 | 21.2s
  Fold 3 | Ep  23/50 | t_loss=0.0100 t_acc=0.992 | v_win_bal=0.507 v_rec_bal=0.595 | lr=6.2e-06 | 21.3s
  Fold 3 | Ep  24/50 | t_loss=0.0094 t_acc=0.994 | v_win_bal=0.504 v_rec_bal=0.595 | lr=5.8e-06 | 21.1s
  Fold 3 | Ep  25/50 | t_loss=0.0071 t_acc=0.996 | v_win_bal=0.513 v_rec_bal=0.595 | lr=5.5e-06 | 21.1s
  Fold 3 | Ep  26/50 | t_loss=0.0057 t_acc=0.996 | v_win_bal=0.507 v_rec_bal=0.512 | lr=5.2e-06 | 21.2s
  Fold 3 | Ep  27/50 | t_loss=0.0044 t_acc=0.997 | v_win_bal=0.509 v_rec_bal=0.595 | lr=4.8e-06 | 21.0s
  Fold 3 | Ep  28/50 | t_loss=0.0034 t_acc=0.998 | v_win_bal=0.514 v_rec_bal=0.595 | lr=4.5e-06 | 21.0s
  Fold 3 | Ep  29/50 | t_loss=0.0030 t_acc=0.998 | v_win_bal=0.512 v_rec_bal=0.595 | lr=4.2e-06 | 21.0s
  Fold 3 | Ep  30/50 | t_loss=0.0027 t_acc=0.998 | v_win_bal=0.510 v_rec_bal=0.595 | lr=3.8e-06 | 21.1s
  Fold 3 | Ep  31/50 | t_loss=0.0021 t_acc=0.999 | v_win_bal=0.516 v_rec_bal=0.595 | lr=3.5e-06 | 21.0s
  Fold 3 | Ep  32/50 | t_loss=0.0015 t_acc=0.999 | v_win_bal=0.515 v_rec_bal=0.595 | lr=3.2e-06 | 21.4s
  Fold 3 | Ep  33/50 | t_loss=0.0014 t_acc=0.999 | v_win_bal=0.511 v_rec_bal=0.595 | lr=2.9e-06 | 21.1s
  Fold 3 | Ep  34/50 | t_loss=0.0012 t_acc=0.999 | v_win_bal=0.513 v_rec_bal=0.595 | lr=2.6e-06 | 21.2s
  Fold 3 | Ep  35/50 | t_loss=0.0016 t_acc=0.999 | v_win_bal=0.509 v_rec_bal=0.595 | lr=2.3e-06 | 21.1s
  Fold 3 | Ep  36/50 | t_loss=0.0005 t_acc=0.999 | v_win_bal=0.515 v_rec_bal=0.595 | lr=2.0e-06 | 21.1s
  Fold 3 | Ep  37/50 | t_loss=0.0008 t_acc=1.000 | v_win_bal=0.515 v_rec_bal=0.595 | lr=1.8e-06 | 20.9s
  Fold 3 | Ep  38/50 | t_loss=0.0004 t_acc=1.000 | v_win_bal=0.516 v_rec_bal=0.595 | lr=1.5e-06 | 21.9s
  Fold 3 | Ep  39/50 | t_loss=0.0008 t_acc=1.000 | v_win_bal=0.512 v_rec_bal=0.595 | lr=1.3e-06 | 21.2s
  Fold 3 | Ep  40/50 | t_loss=0.0004 t_acc=1.000 | v_win_bal=0.511 v_rec_bal=0.595 | lr=1.1e-06 | 21.4s
  Early stop at epoch 40
  -> Test (best @ epoch 9): acc=0.4615, bal_acc=0.4762

============================================================
Fold 4/5
============================================================
  Train:  39 samples, 39 subjects [1, 2, 7, 9, 10, 11, 13, 14, 15, 17, 18, 19, 20, 21, 22, 23, 24, 25, 26, 27, 30, 31, 33, 34, 36, 40, 42, 43, 44, 45, 46, 48, 52, 56, 57, 58, 60, 61, 63], label_0=18, label_1=21
    Val:  13 samples, 13 subjects [4, 5, 8, 28, 32, 37, 47, 50, 53, 54, 59, 62, 64], label_0=5, label_1=8
   Test:  13 samples, 13 subjects [3, 6, 12, 16, 29, 35, 38, 39, 41, 49, 51, 55, 65], label_0=6, label_1=7
  Building window datasets...
    WindowDataset: 17106 windows (class_0=3053, class_1=14053)
    WindowDataset: 2111 windows (class_0=820, class_1=1291)
    WindowDataset: 2042 windows (class_0=871, class_1=1171)
[LaBraM] Loaded 219/221 params from weights/labram-base/model.safetensors
[LaBraM] Missing: ['fc_norm.weight', 'fc_norm.bias']
  Fold 4 | Ep   1/50 | t_loss=0.1812 t_acc=0.773 | v_win_bal=0.534 v_rec_bal=0.613 | lr=3.3e-06 | 21.3s
  Fold 4 | Ep   2/50 | t_loss=0.1677 t_acc=0.652 | v_win_bal=0.490 v_rec_bal=0.512 | lr=6.7e-06 | 21.0s
  Fold 4 | Ep   3/50 | t_loss=0.1466 t_acc=0.718 | v_win_bal=0.438 v_rec_bal=0.388 | lr=1.0e-05 | 21.0s
  Fold 4 | Ep   4/50 | t_loss=0.1017 t_acc=0.806 | v_win_bal=0.449 v_rec_bal=0.400 | lr=1.0e-05 | 21.0s
  Fold 4 | Ep   5/50 | t_loss=0.0828 t_acc=0.826 | v_win_bal=0.448 v_rec_bal=0.388 | lr=1.0e-05 | 21.3s
  Fold 4 | Ep   6/50 | t_loss=0.0740 t_acc=0.852 | v_win_bal=0.440 v_rec_bal=0.463 | lr=9.9e-06 | 21.3s
  Fold 4 | Ep   7/50 | t_loss=0.0664 t_acc=0.867 | v_win_bal=0.426 v_rec_bal=0.362 | lr=9.8e-06 | 21.2s
  Fold 4 | Ep   8/50 | t_loss=0.0610 t_acc=0.888 | v_win_bal=0.427 v_rec_bal=0.362 | lr=9.7e-06 | 21.1s
  Fold 4 | Ep   9/50 | t_loss=0.0548 t_acc=0.900 | v_win_bal=0.415 v_rec_bal=0.263 | lr=9.6e-06 | 21.3s
  Fold 4 | Ep  10/50 | t_loss=0.0494 t_acc=0.915 | v_win_bal=0.442 v_rec_bal=0.450 | lr=9.5e-06 | 21.2s
  Fold 4 | Ep  11/50 | t_loss=0.0444 t_acc=0.928 | v_win_bal=0.433 v_rec_bal=0.325 | lr=9.3e-06 | 20.8s
  Fold 4 | Ep  12/50 | t_loss=0.0392 t_acc=0.940 | v_win_bal=0.437 v_rec_bal=0.425 | lr=9.1e-06 | 21.5s
  Fold 4 | Ep  13/50 | t_loss=0.0357 t_acc=0.950 | v_win_bal=0.441 v_rec_bal=0.450 | lr=8.9e-06 | 22.5s
  Fold 4 | Ep  14/50 | t_loss=0.0316 t_acc=0.958 | v_win_bal=0.454 v_rec_bal=0.475 | lr=8.7e-06 | 22.4s
  Fold 4 | Ep  15/50 | t_loss=0.0271 t_acc=0.964 | v_win_bal=0.435 v_rec_bal=0.325 | lr=8.5e-06 | 21.3s
  Fold 4 | Ep  16/50 | t_loss=0.0235 t_acc=0.971 | v_win_bal=0.426 v_rec_bal=0.325 | lr=8.2e-06 | 21.6s
  Early stop at epoch 16
  -> Test (best @ epoch 1): acc=0.6154, bal_acc=0.6071

============================================================
Fold 5/5
============================================================
  Train:  39 samples, 39 subjects [1, 2, 4, 5, 6, 8, 12, 14, 15, 16, 17, 20, 22, 23, 25, 26, 27, 29, 32, 34, 35, 36, 38, 39, 41, 42, 43, 44, 45, 46, 48, 50, 54, 57, 58, 60, 62, 64, 65], label_0=17, label_1=22
    Val:  13 samples, 13 subjects [3, 7, 18, 19, 24, 31, 40, 47, 49, 51, 55, 59, 63], label_0=6, label_1=7
   Test:  13 samples, 13 subjects [9, 10, 11, 13, 21, 28, 30, 33, 37, 52, 53, 56, 61], label_0=6, label_1=7
  Building window datasets...
    WindowDataset: 17435 windows (class_0=2857, class_1=14578)
    WindowDataset: 2110 windows (class_0=869, class_1=1241)
    WindowDataset: 2107 windows (class_0=1018, class_1=1089)
[LaBraM] Loaded 219/221 params from weights/labram-base/model.safetensors
[LaBraM] Missing: ['fc_norm.weight', 'fc_norm.bias']
  Fold 5 | Ep   1/50 | t_loss=0.1752 t_acc=0.772 | v_win_bal=0.449 v_rec_bal=0.500 | lr=3.3e-06 | 21.3s
  Fold 5 | Ep   2/50 | t_loss=0.1701 t_acc=0.670 | v_win_bal=0.440 v_rec_bal=0.369 | lr=6.7e-06 | 21.4s
  Fold 5 | Ep   3/50 | t_loss=0.1599 t_acc=0.693 | v_win_bal=0.424 v_rec_bal=0.369 | lr=1.0e-05 | 21.3s
  Fold 5 | Ep   4/50 | t_loss=0.1320 t_acc=0.760 | v_win_bal=0.499 v_rec_bal=0.500 | lr=1.0e-05 | 21.3s
  Fold 5 | Ep   5/50 | t_loss=0.0972 t_acc=0.807 | v_win_bal=0.517 v_rec_bal=0.500 | lr=1.0e-05 | 21.3s
  Fold 5 | Ep   6/50 | t_loss=0.0846 t_acc=0.828 | v_win_bal=0.493 v_rec_bal=0.417 | lr=9.9e-06 | 21.3s
  Fold 5 | Ep   7/50 | t_loss=0.0773 t_acc=0.842 | v_win_bal=0.481 v_rec_bal=0.417 | lr=9.8e-06 | 21.3s
  Fold 5 | Ep   8/50 | t_loss=0.0711 t_acc=0.860 | v_win_bal=0.469 v_rec_bal=0.417 | lr=9.7e-06 | 21.3s
  Fold 5 | Ep   9/50 | t_loss=0.0643 t_acc=0.876 | v_win_bal=0.459 v_rec_bal=0.417 | lr=9.6e-06 | 21.4s
  Fold 5 | Ep  10/50 | t_loss=0.0587 t_acc=0.893 | v_win_bal=0.467 v_rec_bal=0.476 | lr=9.5e-06 | 21.2s
  Fold 5 | Ep  11/50 | t_loss=0.0527 t_acc=0.906 | v_win_bal=0.477 v_rec_bal=0.405 | lr=9.3e-06 | 21.2s
  Fold 5 | Ep  12/50 | t_loss=0.0490 t_acc=0.918 | v_win_bal=0.469 v_rec_bal=0.476 | lr=9.1e-06 | 21.2s
  Fold 5 | Ep  13/50 | t_loss=0.0449 t_acc=0.928 | v_win_bal=0.484 v_rec_bal=0.536 | lr=8.9e-06 | 21.2s
  Fold 5 | Ep  14/50 | t_loss=0.0389 t_acc=0.939 | v_win_bal=0.483 v_rec_bal=0.619 | lr=8.7e-06 | 21.5s
  Fold 5 | Ep  15/50 | t_loss=0.0347 t_acc=0.951 | v_win_bal=0.490 v_rec_bal=0.524 | lr=8.5e-06 | 21.2s
  Fold 5 | Ep  16/50 | t_loss=0.0300 t_acc=0.958 | v_win_bal=0.483 v_rec_bal=0.607 | lr=8.2e-06 | 21.2s
  Fold 5 | Ep  17/50 | t_loss=0.0272 t_acc=0.966 | v_win_bal=0.482 v_rec_bal=0.548 | lr=8.0e-06 | 21.2s
  Fold 5 | Ep  18/50 | t_loss=0.0233 t_acc=0.972 | v_win_bal=0.500 v_rec_bal=0.524 | lr=7.7e-06 | 21.3s
  Fold 5 | Ep  19/50 | t_loss=0.0206 t_acc=0.978 | v_win_bal=0.474 v_rec_bal=0.536 | lr=7.4e-06 | 21.2s
  Fold 5 | Ep  20/50 | t_loss=0.0187 t_acc=0.981 | v_win_bal=0.484 v_rec_bal=0.536 | lr=7.1e-06 | 21.2s
  Fold 5 | Ep  21/50 | t_loss=0.0165 t_acc=0.985 | v_win_bal=0.483 v_rec_bal=0.524 | lr=6.8e-06 | 21.2s
  Fold 5 | Ep  22/50 | t_loss=0.0147 t_acc=0.988 | v_win_bal=0.473 v_rec_bal=0.524 | lr=6.5e-06 | 21.2s
  Fold 5 | Ep  23/50 | t_loss=0.0130 t_acc=0.990 | v_win_bal=0.486 v_rec_bal=0.524 | lr=6.2e-06 | 21.2s
  Fold 5 | Ep  24/50 | t_loss=0.0111 t_acc=0.992 | v_win_bal=0.482 v_rec_bal=0.512 | lr=5.8e-06 | 21.2s
  Fold 5 | Ep  25/50 | t_loss=0.0113 t_acc=0.992 | v_win_bal=0.495 v_rec_bal=0.512 | lr=5.5e-06 | 21.2s
  Fold 5 | Ep  26/50 | t_loss=0.0094 t_acc=0.994 | v_win_bal=0.492 v_rec_bal=0.524 | lr=5.2e-06 | 21.2s
  Fold 5 | Ep  27/50 | t_loss=0.0081 t_acc=0.996 | v_win_bal=0.484 v_rec_bal=0.524 | lr=4.8e-06 | 21.3s
  Fold 5 | Ep  28/50 | t_loss=0.0062 t_acc=0.997 | v_win_bal=0.487 v_rec_bal=0.524 | lr=4.5e-06 | 21.2s
  Fold 5 | Ep  29/50 | t_loss=0.0072 t_acc=0.997 | v_win_bal=0.483 v_rec_bal=0.595 | lr=4.2e-06 | 21.2s
  Fold 5 | Ep  30/50 | t_loss=0.0057 t_acc=0.998 | v_win_bal=0.485 v_rec_bal=0.524 | lr=3.8e-06 | 21.2s
  Fold 5 | Ep  31/50 | t_loss=0.0045 t_acc=0.998 | v_win_bal=0.482 v_rec_bal=0.524 | lr=3.5e-06 | 21.9s
  Early stop at epoch 31
  -> Test (best @ epoch 14): acc=0.3846, bal_acc=0.3929

============================================================
Global Results (5-Fold, subject-level CV)
Mode: FT | Extractor: labram | Loss: focal
============================================================
              acc: 0.5231
          bal_acc: 0.5192
               f1: 0.5238
            kappa: 0.0382
  Total predictions: 65 (should equal dataset size: 65)

Results saved to results/studies/exp27_paired_null/adftd/perm_s22/
