/raid/jupyter-linjimmy1003.md10/.conda/envs/stress/lib/python3.11/site-packages/timm/models/layers/__init__.py:49: FutureWarning: Importing from timm.models.layers is deprecated, please import via timm.layers
  warnings.warn(f"Importing from {__name__} is deprecated, please import via timm.layers", FutureWarning)
Mode: FT | Extractor: labram | Folds: 5
LR: 1e-05 | WD: 0.01 | Beta2: 0.999 | Grad clip: 2.0
Head: hidden=128, dropout=0.0 | Norm: zscore | Loss: focal
Full FT: encoder_lr_scale=0.1

Results → results/studies/exp27_paired_null/sleepdep/perm_s11/
[INFO] Skipped 0 subjects (incomplete sessions), 0 subjects (no SessionOrder), 2 subjects (failed cache markers)
SleepDep: 72 recordings from 36 subjects (SD=36, NS=36)
SleepDep: 72 recordings, 36 subjects (SD=36, NS=36)
[permute-labels] Recording-level shuffle with rng seed 11. Class balance preserved: 36 pos / 36 neg

============================================================
Fold 1/5
============================================================
  Train:  42 samples, 21 subjects [5, 6, 8, 9, 14, 15, 16, 17, 18, 19, 21, 22, 24, 25, 26, 27, 30, 32, 33, 34, 35], label_0=22, label_1=20
    Val:  16 samples,  8 subjects [2, 7, 11, 12, 13, 23, 37, 38], label_0=7, label_1=9
   Test:  14 samples,  7 subjects [1, 4, 10, 20, 29, 31, 36], label_0=7, label_1=7
  Building window datasets...
    WindowDataset: 2520 windows (class_0=1320, class_1=1200)
    WindowDataset: 960 windows (class_0=420, class_1=540)
    WindowDataset: 840 windows (class_0=420, class_1=420)
[LaBraM] Loaded 219/221 params from weights/labram-base/model.safetensors
[LaBraM] Missing: ['fc_norm.weight', 'fc_norm.bias']
  Trainable parameters: 5,871,779
  Class weights: [0.9545454382896423, 1.0499999523162842]
  Fold 1 | Ep   1/50 | t_loss=0.1907 t_acc=0.533 | v_win_bal=0.445 v_rec_bal=0.508 | lr=3.3e-06 | 32.0s
  Fold 1 | Ep   2/50 | t_loss=0.1672 t_acc=0.610 | v_win_bal=0.461 v_rec_bal=0.397 | lr=6.7e-06 | 30.1s
  Fold 1 | Ep   3/50 | t_loss=0.1587 t_acc=0.658 | v_win_bal=0.430 v_rec_bal=0.468 | lr=1.0e-05 | 32.4s
  Fold 1 | Ep   4/50 | t_loss=0.1376 t_acc=0.731 | v_win_bal=0.459 v_rec_bal=0.524 | lr=1.0e-05 | 32.5s
  Fold 1 | Ep   5/50 | t_loss=0.1173 t_acc=0.792 | v_win_bal=0.467 v_rec_bal=0.468 | lr=1.0e-05 | 31.3s
  Fold 1 | Ep   6/50 | t_loss=0.1037 t_acc=0.839 | v_win_bal=0.466 v_rec_bal=0.468 | lr=9.9e-06 | 30.4s
  Fold 1 | Ep   7/50 | t_loss=0.0935 t_acc=0.876 | v_win_bal=0.452 v_rec_bal=0.468 | lr=9.8e-06 | 29.8s
  Fold 1 | Ep   8/50 | t_loss=0.0845 t_acc=0.896 | v_win_bal=0.460 v_rec_bal=0.468 | lr=9.7e-06 | 31.4s
  Fold 1 | Ep   9/50 | t_loss=0.0763 t_acc=0.921 | v_win_bal=0.459 v_rec_bal=0.524 | lr=9.6e-06 | 32.2s
  Fold 1 | Ep  10/50 | t_loss=0.0635 t_acc=0.941 | v_win_bal=0.477 v_rec_bal=0.468 | lr=9.5e-06 | 30.0s
  Fold 1 | Ep  11/50 | t_loss=0.0579 t_acc=0.952 | v_win_bal=0.466 v_rec_bal=0.524 | lr=9.3e-06 | 30.3s
  Fold 1 | Ep  12/50 | t_loss=0.0421 t_acc=0.967 | v_win_bal=0.482 v_rec_bal=0.413 | lr=9.1e-06 | 30.4s
  Fold 1 | Ep  13/50 | t_loss=0.0302 t_acc=0.977 | v_win_bal=0.481 v_rec_bal=0.468 | lr=8.9e-06 | 30.2s
  Fold 1 | Ep  14/50 | t_loss=0.0220 t_acc=0.984 | v_win_bal=0.463 v_rec_bal=0.524 | lr=8.7e-06 | 30.9s
  Fold 1 | Ep  15/50 | t_loss=0.0139 t_acc=0.990 | v_win_bal=0.479 v_rec_bal=0.468 | lr=8.5e-06 | 30.7s
  Fold 1 | Ep  16/50 | t_loss=0.0084 t_acc=0.995 | v_win_bal=0.477 v_rec_bal=0.413 | lr=8.2e-06 | 31.3s
  Early stop at epoch 16
  -> Test (best @ epoch 4): acc=0.5000, bal_acc=0.5000

============================================================
Fold 2/5
============================================================
  Train:  42 samples, 21 subjects [1, 2, 5, 6, 7, 8, 10, 12, 14, 16, 17, 19, 20, 21, 22, 23, 26, 29, 36, 37, 38], label_0=20, label_1=22
    Val:  14 samples,  7 subjects [4, 13, 15, 24, 25, 31, 34], label_0=7, label_1=7
   Test:  16 samples,  8 subjects [9, 11, 18, 27, 30, 32, 33, 35], label_0=9, label_1=7
  Building window datasets...
    WindowDataset: 2520 windows (class_0=1200, class_1=1320)
    WindowDataset: 840 windows (class_0=420, class_1=420)
    WindowDataset: 960 windows (class_0=540, class_1=420)
[LaBraM] Loaded 219/221 params from weights/labram-base/model.safetensors
[LaBraM] Missing: ['fc_norm.weight', 'fc_norm.bias']
  Fold 2 | Ep   1/50 | t_loss=0.1763 t_acc=0.540 | v_win_bal=0.574 v_rec_bal=0.500 | lr=3.3e-06 | 30.6s
  Fold 2 | Ep   2/50 | t_loss=0.1691 t_acc=0.582 | v_win_bal=0.510 v_rec_bal=0.500 | lr=6.7e-06 | 29.9s
  Fold 2 | Ep   3/50 | t_loss=0.1588 t_acc=0.656 | v_win_bal=0.502 v_rec_bal=0.571 | lr=1.0e-05 | 30.4s
  Fold 2 | Ep   4/50 | t_loss=0.1418 t_acc=0.704 | v_win_bal=0.473 v_rec_bal=0.500 | lr=1.0e-05 | 30.8s
  Fold 2 | Ep   5/50 | t_loss=0.1270 t_acc=0.764 | v_win_bal=0.485 v_rec_bal=0.500 | lr=1.0e-05 | 32.3s
  Fold 2 | Ep   6/50 | t_loss=0.1141 t_acc=0.794 | v_win_bal=0.476 v_rec_bal=0.500 | lr=9.9e-06 | 30.8s
  Fold 2 | Ep   7/50 | t_loss=0.1039 t_acc=0.827 | v_win_bal=0.482 v_rec_bal=0.500 | lr=9.8e-06 | 30.1s
  Fold 2 | Ep   8/50 | t_loss=0.0996 t_acc=0.850 | v_win_bal=0.436 v_rec_bal=0.357 | lr=9.7e-06 | 31.0s
  Fold 2 | Ep   9/50 | t_loss=0.0996 t_acc=0.877 | v_win_bal=0.437 v_rec_bal=0.429 | lr=9.6e-06 | 29.7s
  Fold 2 | Ep  10/50 | t_loss=0.0850 t_acc=0.900 | v_win_bal=0.446 v_rec_bal=0.429 | lr=9.5e-06 | 29.4s
  Fold 2 | Ep  11/50 | t_loss=0.0798 t_acc=0.913 | v_win_bal=0.449 v_rec_bal=0.500 | lr=9.3e-06 | 30.0s
  Fold 2 | Ep  12/50 | t_loss=0.0666 t_acc=0.938 | v_win_bal=0.442 v_rec_bal=0.429 | lr=9.1e-06 | 29.7s
  Fold 2 | Ep  13/50 | t_loss=0.0574 t_acc=0.954 | v_win_bal=0.425 v_rec_bal=0.429 | lr=8.9e-06 | 29.3s
  Fold 2 | Ep  14/50 | t_loss=0.0415 t_acc=0.965 | v_win_bal=0.437 v_rec_bal=0.500 | lr=8.7e-06 | 29.7s
  Fold 2 | Ep  15/50 | t_loss=0.0289 t_acc=0.978 | v_win_bal=0.443 v_rec_bal=0.429 | lr=8.5e-06 | 29.5s
  Fold 2 | Ep  16/50 | t_loss=0.0220 t_acc=0.984 | v_win_bal=0.432 v_rec_bal=0.429 | lr=8.2e-06 | 29.2s
  Fold 2 | Ep  17/50 | t_loss=0.0155 t_acc=0.991 | v_win_bal=0.454 v_rec_bal=0.500 | lr=8.0e-06 | 29.4s
  Fold 2 | Ep  18/50 | t_loss=0.0082 t_acc=0.994 | v_win_bal=0.439 v_rec_bal=0.429 | lr=7.7e-06 | 28.6s
  Early stop at epoch 18
  -> Test (best @ epoch 3): acc=0.3750, bal_acc=0.4127

============================================================
Fold 3/5
============================================================
  Train:  44 samples, 22 subjects [1, 6, 9, 10, 11, 12, 13, 14, 15, 18, 19, 20, 21, 22, 23, 25, 26, 27, 29, 30, 31, 32], label_0=23, label_1=21
    Val:  14 samples,  7 subjects [4, 16, 24, 33, 35, 36, 37], label_0=7, label_1=7
   Test:  14 samples,  7 subjects [2, 5, 7, 8, 17, 34, 38], label_0=6, label_1=8
  Building window datasets...
    WindowDataset: 2640 windows (class_0=1380, class_1=1260)
    WindowDataset: 840 windows (class_0=420, class_1=420)
    WindowDataset: 840 windows (class_0=360, class_1=480)
[LaBraM] Loaded 219/221 params from weights/labram-base/model.safetensors
[LaBraM] Missing: ['fc_norm.weight', 'fc_norm.bias']
  Fold 3 | Ep   1/50 | t_loss=0.1807 t_acc=0.500 | v_win_bal=0.555 v_rec_bal=0.643 | lr=3.3e-06 | 30.2s
  Fold 3 | Ep   2/50 | t_loss=0.1689 t_acc=0.558 | v_win_bal=0.517 v_rec_bal=0.500 | lr=6.7e-06 | 32.4s
  Fold 3 | Ep   3/50 | t_loss=0.1652 t_acc=0.600 | v_win_bal=0.457 v_rec_bal=0.357 | lr=1.0e-05 | 30.1s
  Fold 3 | Ep   4/50 | t_loss=0.1589 t_acc=0.645 | v_win_bal=0.392 v_rec_bal=0.286 | lr=1.0e-05 | 30.4s
  Fold 3 | Ep   5/50 | t_loss=0.1442 t_acc=0.706 | v_win_bal=0.352 v_rec_bal=0.286 | lr=1.0e-05 | 30.4s
  Fold 3 | Ep   6/50 | t_loss=0.1310 t_acc=0.750 | v_win_bal=0.376 v_rec_bal=0.286 | lr=9.9e-06 | 29.0s
  Fold 3 | Ep   7/50 | t_loss=0.1151 t_acc=0.811 | v_win_bal=0.376 v_rec_bal=0.286 | lr=9.8e-06 | 29.9s
  Fold 3 | Ep   8/50 | t_loss=0.1052 t_acc=0.835 | v_win_bal=0.371 v_rec_bal=0.286 | lr=9.7e-06 | 30.9s
  Fold 3 | Ep   9/50 | t_loss=0.0948 t_acc=0.865 | v_win_bal=0.398 v_rec_bal=0.429 | lr=9.6e-06 | 30.8s
  Fold 3 | Ep  10/50 | t_loss=0.0876 t_acc=0.897 | v_win_bal=0.404 v_rec_bal=0.286 | lr=9.5e-06 | 30.1s
  Fold 3 | Ep  11/50 | t_loss=0.0748 t_acc=0.911 | v_win_bal=0.412 v_rec_bal=0.286 | lr=9.3e-06 | 30.8s
  Fold 3 | Ep  12/50 | t_loss=0.0674 t_acc=0.931 | v_win_bal=0.396 v_rec_bal=0.286 | lr=9.1e-06 | 30.7s
  Fold 3 | Ep  13/50 | t_loss=0.0512 t_acc=0.951 | v_win_bal=0.420 v_rec_bal=0.429 | lr=8.9e-06 | 31.3s
  Fold 3 | Ep  14/50 | t_loss=0.0412 t_acc=0.967 | v_win_bal=0.419 v_rec_bal=0.357 | lr=8.7e-06 | 30.6s
  Fold 3 | Ep  15/50 | t_loss=0.0317 t_acc=0.972 | v_win_bal=0.399 v_rec_bal=0.286 | lr=8.5e-06 | 30.8s
  Fold 3 | Ep  16/50 | t_loss=0.0245 t_acc=0.983 | v_win_bal=0.411 v_rec_bal=0.286 | lr=8.2e-06 | 30.0s
  Early stop at epoch 16
  -> Test (best @ epoch 1): acc=0.5000, bal_acc=0.5208

============================================================
Fold 4/5
============================================================
  Train:  42 samples, 21 subjects [1, 4, 7, 8, 9, 10, 11, 13, 14, 15, 18, 20, 21, 24, 26, 27, 30, 31, 32, 33, 34], label_0=19, label_1=23
    Val:  16 samples,  8 subjects [2, 5, 17, 22, 29, 35, 36, 38], label_0=9, label_1=7
   Test:  14 samples,  7 subjects [6, 12, 16, 19, 23, 25, 37], label_0=8, label_1=6
  Building window datasets...
    WindowDataset: 2520 windows (class_0=1140, class_1=1380)
    WindowDataset: 960 windows (class_0=540, class_1=420)
    WindowDataset: 840 windows (class_0=480, class_1=360)
[LaBraM] Loaded 219/221 params from weights/labram-base/model.safetensors
[LaBraM] Missing: ['fc_norm.weight', 'fc_norm.bias']
  Fold 4 | Ep   1/50 | t_loss=0.1754 t_acc=0.538 | v_win_bal=0.481 v_rec_bal=0.460 | lr=3.3e-06 | 29.8s
  Fold 4 | Ep   2/50 | t_loss=0.1715 t_acc=0.554 | v_win_bal=0.402 v_rec_bal=0.381 | lr=6.7e-06 | 30.2s
  Fold 4 | Ep   3/50 | t_loss=0.1667 t_acc=0.592 | v_win_bal=0.434 v_rec_bal=0.397 | lr=1.0e-05 | 30.3s
  Fold 4 | Ep   4/50 | t_loss=0.1601 t_acc=0.638 | v_win_bal=0.452 v_rec_bal=0.365 | lr=1.0e-05 | 30.2s
  Fold 4 | Ep   5/50 | t_loss=0.1477 t_acc=0.688 | v_win_bal=0.444 v_rec_bal=0.524 | lr=1.0e-05 | 30.1s
  Fold 4 | Ep   6/50 | t_loss=0.1350 t_acc=0.736 | v_win_bal=0.440 v_rec_bal=0.365 | lr=9.9e-06 | 30.1s
  Fold 4 | Ep   7/50 | t_loss=0.1191 t_acc=0.780 | v_win_bal=0.436 v_rec_bal=0.452 | lr=9.8e-06 | 30.7s
  Fold 4 | Ep   8/50 | t_loss=0.1052 t_acc=0.810 | v_win_bal=0.447 v_rec_bal=0.452 | lr=9.7e-06 | 30.4s
  Fold 4 | Ep   9/50 | t_loss=0.0924 t_acc=0.843 | v_win_bal=0.438 v_rec_bal=0.381 | lr=9.6e-06 | 30.2s
  Fold 4 | Ep  10/50 | t_loss=0.0815 t_acc=0.874 | v_win_bal=0.454 v_rec_bal=0.381 | lr=9.5e-06 | 30.4s
  Fold 4 | Ep  11/50 | t_loss=0.0756 t_acc=0.896 | v_win_bal=0.455 v_rec_bal=0.452 | lr=9.3e-06 | 30.5s
  Fold 4 | Ep  12/50 | t_loss=0.0668 t_acc=0.917 | v_win_bal=0.460 v_rec_bal=0.413 | lr=9.1e-06 | 30.0s
  Fold 4 | Ep  13/50 | t_loss=0.0588 t_acc=0.934 | v_win_bal=0.462 v_rec_bal=0.452 | lr=8.9e-06 | 30.0s
  Fold 4 | Ep  14/50 | t_loss=0.0488 t_acc=0.952 | v_win_bal=0.444 v_rec_bal=0.468 | lr=8.7e-06 | 31.2s
  Fold 4 | Ep  15/50 | t_loss=0.0387 t_acc=0.962 | v_win_bal=0.448 v_rec_bal=0.452 | lr=8.5e-06 | 30.7s
  Fold 4 | Ep  16/50 | t_loss=0.0266 t_acc=0.973 | v_win_bal=0.459 v_rec_bal=0.452 | lr=8.2e-06 | 31.5s
  Early stop at epoch 16
  -> Test (best @ epoch 5): acc=0.5714, bal_acc=0.5833

============================================================
Fold 5/5
============================================================
  Train:  44 samples, 22 subjects [1, 2, 5, 6, 7, 8, 10, 11, 12, 16, 17, 19, 20, 25, 27, 30, 31, 32, 33, 35, 37, 38], label_0=23, label_1=21
    Val:  14 samples,  7 subjects [4, 9, 18, 23, 29, 34, 36], label_0=7, label_1=7
   Test:  14 samples,  7 subjects [13, 14, 15, 21, 22, 24, 26], label_0=6, label_1=8
  Building window datasets...
    WindowDataset: 2640 windows (class_0=1380, class_1=1260)
    WindowDataset: 840 windows (class_0=420, class_1=420)
    WindowDataset: 840 windows (class_0=360, class_1=480)
[LaBraM] Loaded 219/221 params from weights/labram-base/model.safetensors
[LaBraM] Missing: ['fc_norm.weight', 'fc_norm.bias']
  Fold 5 | Ep   1/50 | t_loss=0.1762 t_acc=0.527 | v_win_bal=0.632 v_rec_bal=0.714 | lr=3.3e-06 | 33.6s
  Fold 5 | Ep   2/50 | t_loss=0.1681 t_acc=0.617 | v_win_bal=0.644 v_rec_bal=0.714 | lr=6.7e-06 | 31.1s
  Fold 5 | Ep   3/50 | t_loss=0.1581 t_acc=0.653 | v_win_bal=0.554 v_rec_bal=0.571 | lr=1.0e-05 | 31.8s
  Fold 5 | Ep   4/50 | t_loss=0.1407 t_acc=0.726 | v_win_bal=0.555 v_rec_bal=0.571 | lr=1.0e-05 | 31.2s
  Fold 5 | Ep   5/50 | t_loss=0.1256 t_acc=0.770 | v_win_bal=0.579 v_rec_bal=0.643 | lr=1.0e-05 | 31.2s
  Fold 5 | Ep   6/50 | t_loss=0.1138 t_acc=0.807 | v_win_bal=0.560 v_rec_bal=0.571 | lr=9.9e-06 | 30.6s
  Fold 5 | Ep   7/50 | t_loss=0.0983 t_acc=0.847 | v_win_bal=0.574 v_rec_bal=0.571 | lr=9.8e-06 | 31.0s
  Fold 5 | Ep   8/50 | t_loss=0.0965 t_acc=0.867 | v_win_bal=0.577 v_rec_bal=0.643 | lr=9.7e-06 | 31.8s
  Fold 5 | Ep   9/50 | t_loss=0.0902 t_acc=0.889 | v_win_bal=0.561 v_rec_bal=0.571 | lr=9.6e-06 | 30.6s
  Fold 5 | Ep  10/50 | t_loss=0.0757 t_acc=0.918 | v_win_bal=0.580 v_rec_bal=0.643 | lr=9.5e-06 | 30.5s
  Fold 5 | Ep  11/50 | t_loss=0.0691 t_acc=0.932 | v_win_bal=0.561 v_rec_bal=0.643 | lr=9.3e-06 | 30.6s
  Fold 5 | Ep  12/50 | t_loss=0.0493 t_acc=0.950 | v_win_bal=0.554 v_rec_bal=0.643 | lr=9.1e-06 | 31.4s
  Fold 5 | Ep  13/50 | t_loss=0.0428 t_acc=0.963 | v_win_bal=0.581 v_rec_bal=0.714 | lr=8.9e-06 | 33.1s
  Fold 5 | Ep  14/50 | t_loss=0.0301 t_acc=0.975 | v_win_bal=0.573 v_rec_bal=0.643 | lr=8.7e-06 | 31.4s
  Fold 5 | Ep  15/50 | t_loss=0.0175 t_acc=0.984 | v_win_bal=0.565 v_rec_bal=0.571 | lr=8.5e-06 | 30.6s
  Fold 5 | Ep  16/50 | t_loss=0.0112 t_acc=0.989 | v_win_bal=0.575 v_rec_bal=0.643 | lr=8.2e-06 | 30.4s
  Early stop at epoch 16
  -> Test (best @ epoch 1): acc=0.4286, bal_acc=0.4375

============================================================
Global Results (5-Fold, subject-level CV)
Mode: FT | Extractor: labram | Loss: focal
============================================================
              acc: 0.4722
          bal_acc: 0.4722
               f1: 0.4718
            kappa: -0.0556
  Total predictions: 72 (should equal dataset size: 72)

Results saved to results/studies/exp27_paired_null/sleepdep/perm_s11/
