/raid/jupyter-linjimmy1003.md10/.conda/envs/stress/lib/python3.11/site-packages/timm/models/layers/__init__.py:49: FutureWarning: Importing from timm.models.layers is deprecated, please import via timm.layers
  warnings.warn(f"Importing from {__name__} is deprecated, please import via timm.layers", FutureWarning)
Mode: FT | Extractor: labram | Folds: 5
LR: 1e-05 | WD: 0.01 | Beta2: 0.999 | Grad clip: 2.0
Head: hidden=128, dropout=0.0 | Norm: zscore | Loss: focal
Full FT: encoder_lr_scale=0.1

Results → results/studies/exp27_paired_null/sleepdep/perm_s16/
[INFO] Skipped 0 subjects (incomplete sessions), 0 subjects (no SessionOrder), 2 subjects (failed cache markers)
SleepDep: 72 recordings from 36 subjects (SD=36, NS=36)
SleepDep: 72 recordings, 36 subjects (SD=36, NS=36)
[permute-labels] Recording-level shuffle with rng seed 16. Class balance preserved: 36 pos / 36 neg

============================================================
Fold 1/5
============================================================
  Train:  42 samples, 21 subjects [2, 6, 7, 10, 12, 14, 17, 18, 19, 21, 22, 23, 24, 25, 27, 29, 30, 31, 32, 35, 36], label_0=21, label_1=21
    Val:  14 samples,  7 subjects [4, 11, 13, 16, 20, 33, 34], label_0=7, label_1=7
   Test:  16 samples,  8 subjects [1, 5, 8, 9, 15, 26, 37, 38], label_0=8, label_1=8
  Building window datasets...
    WindowDataset: 2520 windows (class_0=1260, class_1=1260)
    WindowDataset: 840 windows (class_0=420, class_1=420)
    WindowDataset: 960 windows (class_0=480, class_1=480)
[LaBraM] Loaded 219/221 params from weights/labram-base/model.safetensors
[LaBraM] Missing: ['fc_norm.weight', 'fc_norm.bias']
  Trainable parameters: 5,871,779
  Class weights: [1.0, 1.0]
  Fold 1 | Ep   1/50 | t_loss=0.1909 t_acc=0.516 | v_win_bal=0.550 v_rec_bal=0.500 | lr=3.3e-06 | 30.9s
  Fold 1 | Ep   2/50 | t_loss=0.1618 t_acc=0.639 | v_win_bal=0.606 v_rec_bal=0.643 | lr=6.7e-06 | 31.0s
  Fold 1 | Ep   3/50 | t_loss=0.1506 t_acc=0.673 | v_win_bal=0.601 v_rec_bal=0.643 | lr=1.0e-05 | 28.1s
  Fold 1 | Ep   4/50 | t_loss=0.1372 t_acc=0.728 | v_win_bal=0.570 v_rec_bal=0.643 | lr=1.0e-05 | 28.8s
  Fold 1 | Ep   5/50 | t_loss=0.1209 t_acc=0.776 | v_win_bal=0.556 v_rec_bal=0.643 | lr=1.0e-05 | 28.0s
  Fold 1 | Ep   6/50 | t_loss=0.1085 t_acc=0.808 | v_win_bal=0.562 v_rec_bal=0.643 | lr=9.9e-06 | 27.7s
  Fold 1 | Ep   7/50 | t_loss=0.0956 t_acc=0.850 | v_win_bal=0.549 v_rec_bal=0.643 | lr=9.8e-06 | 28.7s
  Fold 1 | Ep   8/50 | t_loss=0.0925 t_acc=0.877 | v_win_bal=0.533 v_rec_bal=0.571 | lr=9.7e-06 | 29.8s
  Fold 1 | Ep   9/50 | t_loss=0.0838 t_acc=0.903 | v_win_bal=0.531 v_rec_bal=0.571 | lr=9.6e-06 | 29.8s
  Fold 1 | Ep  10/50 | t_loss=0.0804 t_acc=0.922 | v_win_bal=0.546 v_rec_bal=0.714 | lr=9.5e-06 | 28.6s
  Fold 1 | Ep  11/50 | t_loss=0.0646 t_acc=0.943 | v_win_bal=0.523 v_rec_bal=0.571 | lr=9.3e-06 | 28.2s
  Fold 1 | Ep  12/50 | t_loss=0.0551 t_acc=0.958 | v_win_bal=0.523 v_rec_bal=0.500 | lr=9.1e-06 | 28.6s
  Fold 1 | Ep  13/50 | t_loss=0.0404 t_acc=0.969 | v_win_bal=0.536 v_rec_bal=0.714 | lr=8.9e-06 | 27.4s
  Fold 1 | Ep  14/50 | t_loss=0.0266 t_acc=0.979 | v_win_bal=0.543 v_rec_bal=0.571 | lr=8.7e-06 | 28.0s
  Fold 1 | Ep  15/50 | t_loss=0.0228 t_acc=0.985 | v_win_bal=0.531 v_rec_bal=0.643 | lr=8.5e-06 | 27.4s
  Fold 1 | Ep  16/50 | t_loss=0.0120 t_acc=0.991 | v_win_bal=0.536 v_rec_bal=0.571 | lr=8.2e-06 | 27.3s
  Fold 1 | Ep  17/50 | t_loss=0.0067 t_acc=0.995 | v_win_bal=0.554 v_rec_bal=0.571 | lr=8.0e-06 | 29.0s
  Fold 1 | Ep  18/50 | t_loss=0.0031 t_acc=0.998 | v_win_bal=0.537 v_rec_bal=0.643 | lr=7.7e-06 | 27.4s
  Fold 1 | Ep  19/50 | t_loss=0.0034 t_acc=0.998 | v_win_bal=0.525 v_rec_bal=0.643 | lr=7.4e-06 | 27.9s
  Early stop at epoch 19
  -> Test (best @ epoch 10): acc=0.4375, bal_acc=0.4375

============================================================
Fold 2/5
============================================================
  Train:  42 samples, 21 subjects [1, 2, 8, 9, 10, 12, 13, 14, 15, 16, 17, 18, 19, 21, 22, 25, 30, 32, 34, 36, 38], label_0=21, label_1=21
    Val:  16 samples,  8 subjects [5, 7, 20, 23, 24, 26, 27, 37], label_0=8, label_1=8
   Test:  14 samples,  7 subjects [4, 6, 11, 29, 31, 33, 35], label_0=7, label_1=7
  Building window datasets...
    WindowDataset: 2520 windows (class_0=1260, class_1=1260)
    WindowDataset: 960 windows (class_0=480, class_1=480)
    WindowDataset: 840 windows (class_0=420, class_1=420)
[LaBraM] Loaded 219/221 params from weights/labram-base/model.safetensors
[LaBraM] Missing: ['fc_norm.weight', 'fc_norm.bias']
  Fold 2 | Ep   1/50 | t_loss=0.1729 t_acc=0.531 | v_win_bal=0.527 v_rec_bal=0.562 | lr=3.3e-06 | 28.6s
  Fold 2 | Ep   2/50 | t_loss=0.1669 t_acc=0.612 | v_win_bal=0.424 v_rec_bal=0.312 | lr=6.7e-06 | 28.9s
  Fold 2 | Ep   3/50 | t_loss=0.1520 t_acc=0.679 | v_win_bal=0.392 v_rec_bal=0.312 | lr=1.0e-05 | 28.4s
  Fold 2 | Ep   4/50 | t_loss=0.1388 t_acc=0.719 | v_win_bal=0.399 v_rec_bal=0.312 | lr=1.0e-05 | 28.2s
  Fold 2 | Ep   5/50 | t_loss=0.1245 t_acc=0.758 | v_win_bal=0.436 v_rec_bal=0.438 | lr=1.0e-05 | 28.1s
  Fold 2 | Ep   6/50 | t_loss=0.1097 t_acc=0.796 | v_win_bal=0.401 v_rec_bal=0.188 | lr=9.9e-06 | 28.1s
  Fold 2 | Ep   7/50 | t_loss=0.0955 t_acc=0.826 | v_win_bal=0.442 v_rec_bal=0.375 | lr=9.8e-06 | 28.2s
  Fold 2 | Ep   8/50 | t_loss=0.0877 t_acc=0.862 | v_win_bal=0.434 v_rec_bal=0.438 | lr=9.7e-06 | 28.2s
  Fold 2 | Ep   9/50 | t_loss=0.0807 t_acc=0.883 | v_win_bal=0.446 v_rec_bal=0.312 | lr=9.6e-06 | 28.3s
  Fold 2 | Ep  10/50 | t_loss=0.0705 t_acc=0.908 | v_win_bal=0.446 v_rec_bal=0.375 | lr=9.5e-06 | 28.5s
  Fold 2 | Ep  11/50 | t_loss=0.0618 t_acc=0.925 | v_win_bal=0.450 v_rec_bal=0.500 | lr=9.3e-06 | 28.2s
  Fold 2 | Ep  12/50 | t_loss=0.0500 t_acc=0.943 | v_win_bal=0.454 v_rec_bal=0.438 | lr=9.1e-06 | 28.2s
  Fold 2 | Ep  13/50 | t_loss=0.0468 t_acc=0.957 | v_win_bal=0.460 v_rec_bal=0.500 | lr=8.9e-06 | 30.4s
  Fold 2 | Ep  14/50 | t_loss=0.0299 t_acc=0.969 | v_win_bal=0.457 v_rec_bal=0.438 | lr=8.7e-06 | 28.1s
  Fold 2 | Ep  15/50 | t_loss=0.0201 t_acc=0.980 | v_win_bal=0.476 v_rec_bal=0.500 | lr=8.5e-06 | 27.6s
  Fold 2 | Ep  16/50 | t_loss=0.0144 t_acc=0.986 | v_win_bal=0.467 v_rec_bal=0.500 | lr=8.2e-06 | 28.2s
  Early stop at epoch 16
  -> Test (best @ epoch 1): acc=0.5714, bal_acc=0.5714

============================================================
Fold 3/5
============================================================
  Train:  42 samples, 21 subjects [1, 4, 8, 10, 11, 12, 13, 14, 16, 19, 20, 21, 22, 23, 24, 29, 31, 32, 33, 35, 38], label_0=21, label_1=21
    Val:  16 samples,  8 subjects [2, 5, 6, 9, 15, 26, 36, 37], label_0=8, label_1=8
   Test:  14 samples,  7 subjects [7, 17, 18, 25, 27, 30, 34], label_0=7, label_1=7
  Building window datasets...
    WindowDataset: 2520 windows (class_0=1260, class_1=1260)
    WindowDataset: 960 windows (class_0=480, class_1=480)
    WindowDataset: 840 windows (class_0=420, class_1=420)
[LaBraM] Loaded 219/221 params from weights/labram-base/model.safetensors
[LaBraM] Missing: ['fc_norm.weight', 'fc_norm.bias']
  Fold 3 | Ep   1/50 | t_loss=0.1753 t_acc=0.442 | v_win_bal=0.481 v_rec_bal=0.562 | lr=3.3e-06 | 28.1s
  Fold 3 | Ep   2/50 | t_loss=0.1718 t_acc=0.552 | v_win_bal=0.447 v_rec_bal=0.375 | lr=6.7e-06 | 28.5s
  Fold 3 | Ep   3/50 | t_loss=0.1632 t_acc=0.640 | v_win_bal=0.464 v_rec_bal=0.500 | lr=1.0e-05 | 28.4s
  Fold 3 | Ep   4/50 | t_loss=0.1477 t_acc=0.712 | v_win_bal=0.442 v_rec_bal=0.312 | lr=1.0e-05 | 28.2s
  Fold 3 | Ep   5/50 | t_loss=0.1344 t_acc=0.740 | v_win_bal=0.461 v_rec_bal=0.438 | lr=1.0e-05 | 28.0s
  Fold 3 | Ep   6/50 | t_loss=0.1216 t_acc=0.777 | v_win_bal=0.474 v_rec_bal=0.438 | lr=9.9e-06 | 28.5s
  Fold 3 | Ep   7/50 | t_loss=0.1139 t_acc=0.812 | v_win_bal=0.457 v_rec_bal=0.375 | lr=9.8e-06 | 28.5s
  Fold 3 | Ep   8/50 | t_loss=0.1109 t_acc=0.835 | v_win_bal=0.454 v_rec_bal=0.375 | lr=9.7e-06 | 28.3s
  Fold 3 | Ep   9/50 | t_loss=0.1001 t_acc=0.868 | v_win_bal=0.457 v_rec_bal=0.375 | lr=9.6e-06 | 28.2s
  Fold 3 | Ep  10/50 | t_loss=0.1025 t_acc=0.883 | v_win_bal=0.456 v_rec_bal=0.375 | lr=9.5e-06 | 30.9s
  Fold 3 | Ep  11/50 | t_loss=0.0918 t_acc=0.911 | v_win_bal=0.442 v_rec_bal=0.375 | lr=9.3e-06 | 28.6s
  Fold 3 | Ep  12/50 | t_loss=0.0791 t_acc=0.931 | v_win_bal=0.466 v_rec_bal=0.375 | lr=9.1e-06 | 28.9s
  Fold 3 | Ep  13/50 | t_loss=0.0654 t_acc=0.950 | v_win_bal=0.461 v_rec_bal=0.375 | lr=8.9e-06 | 29.8s
  Fold 3 | Ep  14/50 | t_loss=0.0491 t_acc=0.959 | v_win_bal=0.435 v_rec_bal=0.375 | lr=8.7e-06 | 29.2s
  Fold 3 | Ep  15/50 | t_loss=0.0363 t_acc=0.976 | v_win_bal=0.455 v_rec_bal=0.375 | lr=8.5e-06 | 28.0s
  Fold 3 | Ep  16/50 | t_loss=0.0257 t_acc=0.984 | v_win_bal=0.434 v_rec_bal=0.500 | lr=8.2e-06 | 28.3s
  Early stop at epoch 16
  -> Test (best @ epoch 1): acc=0.3571, bal_acc=0.3571

============================================================
Fold 4/5
============================================================
  Train:  42 samples, 21 subjects [1, 4, 5, 6, 8, 11, 13, 15, 16, 17, 19, 20, 24, 25, 27, 29, 32, 33, 34, 35, 38], label_0=21, label_1=21
    Val:  16 samples,  8 subjects [7, 9, 10, 18, 26, 30, 31, 37], label_0=8, label_1=8
   Test:  14 samples,  7 subjects [2, 12, 14, 21, 22, 23, 36], label_0=7, label_1=7
  Building window datasets...
    WindowDataset: 2520 windows (class_0=1260, class_1=1260)
    WindowDataset: 960 windows (class_0=480, class_1=480)
    WindowDataset: 840 windows (class_0=420, class_1=420)
[LaBraM] Loaded 219/221 params from weights/labram-base/model.safetensors
[LaBraM] Missing: ['fc_norm.weight', 'fc_norm.bias']
  Fold 4 | Ep   1/50 | t_loss=0.1755 t_acc=0.516 | v_win_bal=0.445 v_rec_bal=0.312 | lr=3.3e-06 | 29.8s
  Fold 4 | Ep   2/50 | t_loss=0.1688 t_acc=0.583 | v_win_bal=0.463 v_rec_bal=0.438 | lr=6.7e-06 | 30.4s
  Fold 4 | Ep   3/50 | t_loss=0.1589 t_acc=0.649 | v_win_bal=0.441 v_rec_bal=0.375 | lr=1.0e-05 | 29.6s
  Fold 4 | Ep   4/50 | t_loss=0.1411 t_acc=0.709 | v_win_bal=0.504 v_rec_bal=0.625 | lr=1.0e-05 | 28.9s
  Fold 4 | Ep   5/50 | t_loss=0.1270 t_acc=0.757 | v_win_bal=0.458 v_rec_bal=0.438 | lr=1.0e-05 | 28.7s
  Fold 4 | Ep   6/50 | t_loss=0.1145 t_acc=0.787 | v_win_bal=0.459 v_rec_bal=0.438 | lr=9.9e-06 | 28.4s
  Fold 4 | Ep   7/50 | t_loss=0.1026 t_acc=0.828 | v_win_bal=0.451 v_rec_bal=0.312 | lr=9.8e-06 | 28.8s
  Fold 4 | Ep   8/50 | t_loss=0.0945 t_acc=0.850 | v_win_bal=0.464 v_rec_bal=0.438 | lr=9.7e-06 | 28.6s
  Fold 4 | Ep   9/50 | t_loss=0.0868 t_acc=0.883 | v_win_bal=0.454 v_rec_bal=0.438 | lr=9.6e-06 | 28.9s
  Fold 4 | Ep  10/50 | t_loss=0.0795 t_acc=0.907 | v_win_bal=0.455 v_rec_bal=0.562 | lr=9.5e-06 | 29.8s
  Fold 4 | Ep  11/50 | t_loss=0.0744 t_acc=0.927 | v_win_bal=0.479 v_rec_bal=0.562 | lr=9.3e-06 | 29.2s
  Fold 4 | Ep  12/50 | t_loss=0.0556 t_acc=0.950 | v_win_bal=0.450 v_rec_bal=0.500 | lr=9.1e-06 | 29.0s
  Fold 4 | Ep  13/50 | t_loss=0.0449 t_acc=0.960 | v_win_bal=0.466 v_rec_bal=0.562 | lr=8.9e-06 | 29.9s
  Fold 4 | Ep  14/50 | t_loss=0.0296 t_acc=0.973 | v_win_bal=0.448 v_rec_bal=0.562 | lr=8.7e-06 | 31.6s
  Fold 4 | Ep  15/50 | t_loss=0.0229 t_acc=0.983 | v_win_bal=0.468 v_rec_bal=0.562 | lr=8.5e-06 | 34.7s
  Fold 4 | Ep  16/50 | t_loss=0.0175 t_acc=0.988 | v_win_bal=0.441 v_rec_bal=0.562 | lr=8.2e-06 | 34.3s
  Fold 4 | Ep  17/50 | t_loss=0.0094 t_acc=0.994 | v_win_bal=0.449 v_rec_bal=0.562 | lr=8.0e-06 | 32.6s
  Fold 4 | Ep  18/50 | t_loss=0.0062 t_acc=0.996 | v_win_bal=0.432 v_rec_bal=0.375 | lr=7.7e-06 | 31.0s
  Fold 4 | Ep  19/50 | t_loss=0.0029 t_acc=0.998 | v_win_bal=0.445 v_rec_bal=0.562 | lr=7.4e-06 | 29.5s
  Fold 4 | Ep  20/50 | t_loss=0.0024 t_acc=0.998 | v_win_bal=0.468 v_rec_bal=0.562 | lr=7.1e-06 | 31.6s
  Fold 4 | Ep  21/50 | t_loss=0.0001 t_acc=1.000 | v_win_bal=0.448 v_rec_bal=0.438 | lr=6.8e-06 | 29.7s
  Fold 4 | Ep  22/50 | t_loss=0.0000 t_acc=1.000 | v_win_bal=0.442 v_rec_bal=0.562 | lr=6.5e-06 | 28.6s
  Fold 4 | Ep  23/50 | t_loss=0.0000 t_acc=1.000 | v_win_bal=0.448 v_rec_bal=0.562 | lr=6.2e-06 | 28.2s
  Fold 4 | Ep  24/50 | t_loss=0.0000 t_acc=1.000 | v_win_bal=0.423 v_rec_bal=0.375 | lr=5.8e-06 | 28.6s
  Fold 4 | Ep  25/50 | t_loss=0.0009 t_acc=1.000 | v_win_bal=0.471 v_rec_bal=0.562 | lr=5.5e-06 | 29.4s
  Fold 4 | Ep  26/50 | t_loss=0.0030 t_acc=0.999 | v_win_bal=0.461 v_rec_bal=0.562 | lr=5.2e-06 | 29.6s
  Fold 4 | Ep  27/50 | t_loss=0.0000 t_acc=1.000 | v_win_bal=0.450 v_rec_bal=0.562 | lr=4.8e-06 | 30.2s
  Fold 4 | Ep  28/50 | t_loss=0.0000 t_acc=1.000 | v_win_bal=0.457 v_rec_bal=0.562 | lr=4.5e-06 | 30.1s
  Fold 4 | Ep  29/50 | t_loss=0.0000 t_acc=1.000 | v_win_bal=0.452 v_rec_bal=0.562 | lr=4.2e-06 | 29.0s
  Fold 4 | Ep  30/50 | t_loss=0.0000 t_acc=1.000 | v_win_bal=0.454 v_rec_bal=0.562 | lr=3.8e-06 | 28.7s
  Early stop at epoch 30
  -> Test (best @ epoch 4): acc=0.5714, bal_acc=0.5714

============================================================
Fold 5/5
============================================================
  Train:  42 samples, 21 subjects [1, 4, 5, 6, 7, 8, 9, 11, 12, 14, 15, 17, 22, 23, 25, 27, 29, 33, 34, 36, 38], label_0=21, label_1=21
    Val:  16 samples,  8 subjects [2, 18, 21, 26, 30, 31, 35, 37], label_0=8, label_1=8
   Test:  14 samples,  7 subjects [10, 13, 16, 19, 20, 24, 32], label_0=7, label_1=7
  Building window datasets...
    WindowDataset: 2520 windows (class_0=1260, class_1=1260)
    WindowDataset: 960 windows (class_0=480, class_1=480)
    WindowDataset: 840 windows (class_0=420, class_1=420)
[LaBraM] Loaded 219/221 params from weights/labram-base/model.safetensors
[LaBraM] Missing: ['fc_norm.weight', 'fc_norm.bias']
  Fold 5 | Ep   1/50 | t_loss=0.1844 t_acc=0.502 | v_win_bal=0.423 v_rec_bal=0.438 | lr=3.3e-06 | 28.4s
  Fold 5 | Ep   2/50 | t_loss=0.1672 t_acc=0.605 | v_win_bal=0.498 v_rec_bal=0.500 | lr=6.7e-06 | 28.1s
  Fold 5 | Ep   3/50 | t_loss=0.1517 t_acc=0.673 | v_win_bal=0.504 v_rec_bal=0.500 | lr=1.0e-05 | 31.6s
  Fold 5 | Ep   4/50 | t_loss=0.1303 t_acc=0.735 | v_win_bal=0.521 v_rec_bal=0.438 | lr=1.0e-05 | 28.5s
  Fold 5 | Ep   5/50 | t_loss=0.1103 t_acc=0.792 | v_win_bal=0.525 v_rec_bal=0.562 | lr=1.0e-05 | 28.8s
  Fold 5 | Ep   6/50 | t_loss=0.0950 t_acc=0.837 | v_win_bal=0.520 v_rec_bal=0.500 | lr=9.9e-06 | 29.3s
  Fold 5 | Ep   7/50 | t_loss=0.0816 t_acc=0.869 | v_win_bal=0.545 v_rec_bal=0.625 | lr=9.8e-06 | 28.9s
  Fold 5 | Ep   8/50 | t_loss=0.0778 t_acc=0.892 | v_win_bal=0.546 v_rec_bal=0.562 | lr=9.7e-06 | 29.1s
  Fold 5 | Ep   9/50 | t_loss=0.0711 t_acc=0.917 | v_win_bal=0.543 v_rec_bal=0.500 | lr=9.6e-06 | 28.7s
  Fold 5 | Ep  10/50 | t_loss=0.0590 t_acc=0.942 | v_win_bal=0.547 v_rec_bal=0.625 | lr=9.5e-06 | 28.1s
  Fold 5 | Ep  11/50 | t_loss=0.0466 t_acc=0.957 | v_win_bal=0.526 v_rec_bal=0.562 | lr=9.3e-06 | 28.1s
  Fold 5 | Ep  12/50 | t_loss=0.0374 t_acc=0.967 | v_win_bal=0.522 v_rec_bal=0.625 | lr=9.1e-06 | 28.3s
  Fold 5 | Ep  13/50 | t_loss=0.0271 t_acc=0.980 | v_win_bal=0.556 v_rec_bal=0.500 | lr=8.9e-06 | 28.6s
  Fold 5 | Ep  14/50 | t_loss=0.0170 t_acc=0.989 | v_win_bal=0.533 v_rec_bal=0.562 | lr=8.7e-06 | 28.1s
  Fold 5 | Ep  15/50 | t_loss=0.0110 t_acc=0.993 | v_win_bal=0.526 v_rec_bal=0.500 | lr=8.5e-06 | 28.0s
  Fold 5 | Ep  16/50 | t_loss=0.0059 t_acc=0.996 | v_win_bal=0.531 v_rec_bal=0.562 | lr=8.2e-06 | 28.4s
  Fold 5 | Ep  17/50 | t_loss=0.0036 t_acc=0.998 | v_win_bal=0.536 v_rec_bal=0.500 | lr=8.0e-06 | 28.2s
  Fold 5 | Ep  18/50 | t_loss=0.0024 t_acc=0.999 | v_win_bal=0.544 v_rec_bal=0.562 | lr=7.7e-06 | 28.5s
  Fold 5 | Ep  19/50 | t_loss=0.0012 t_acc=0.999 | v_win_bal=0.511 v_rec_bal=0.438 | lr=7.4e-06 | 31.6s
  Fold 5 | Ep  20/50 | t_loss=0.0001 t_acc=1.000 | v_win_bal=0.525 v_rec_bal=0.562 | lr=7.1e-06 | 28.6s
  Fold 5 | Ep  21/50 | t_loss=0.0001 t_acc=1.000 | v_win_bal=0.530 v_rec_bal=0.500 | lr=6.8e-06 | 28.2s
  Fold 5 | Ep  22/50 | t_loss=0.0000 t_acc=1.000 | v_win_bal=0.534 v_rec_bal=0.562 | lr=6.5e-06 | 28.7s
  Fold 5 | Ep  23/50 | t_loss=0.0000 t_acc=1.000 | v_win_bal=0.515 v_rec_bal=0.500 | lr=6.2e-06 | 28.8s
  Fold 5 | Ep  24/50 | t_loss=0.0000 t_acc=1.000 | v_win_bal=0.522 v_rec_bal=0.500 | lr=5.8e-06 | 29.2s
  Fold 5 | Ep  25/50 | t_loss=0.0000 t_acc=1.000 | v_win_bal=0.522 v_rec_bal=0.500 | lr=5.5e-06 | 29.1s
  Fold 5 | Ep  26/50 | t_loss=0.0000 t_acc=1.000 | v_win_bal=0.517 v_rec_bal=0.438 | lr=5.2e-06 | 28.9s
  Fold 5 | Ep  27/50 | t_loss=0.0000 t_acc=1.000 | v_win_bal=0.510 v_rec_bal=0.562 | lr=4.8e-06 | 28.9s
  Early stop at epoch 27
  -> Test (best @ epoch 7): acc=0.3571, bal_acc=0.3571

============================================================
Global Results (5-Fold, subject-level CV)
Mode: FT | Extractor: labram | Loss: focal
============================================================
              acc: 0.4583
          bal_acc: 0.4583
               f1: 0.4338
            kappa: -0.0833
  Total predictions: 72 (should equal dataset size: 72)

Results saved to results/studies/exp27_paired_null/sleepdep/perm_s16/
