/raid/jupyter-linjimmy1003.md10/.conda/envs/stress/lib/python3.11/site-packages/timm/models/layers/__init__.py:49: FutureWarning: Importing from timm.models.layers is deprecated, please import via timm.layers
  warnings.warn(f"Importing from {__name__} is deprecated, please import via timm.layers", FutureWarning)
Mode: FT | Extractor: labram | Folds: 5
LR: 1e-05 | WD: 0.01 | Beta2: 0.999 | Grad clip: 2.0
Head: hidden=128, dropout=0.0 | Norm: zscore | Loss: focal
Full FT: encoder_lr_scale=0.1

Results → results/studies/exp27_paired_null/sleepdep/perm_s1/
[INFO] Skipped 0 subjects (incomplete sessions), 0 subjects (no SessionOrder), 2 subjects (failed cache markers)
SleepDep: 72 recordings from 36 subjects (SD=36, NS=36)
SleepDep: 72 recordings, 36 subjects (SD=36, NS=36)
[permute-labels] Recording-level shuffle with rng seed 1. Class balance preserved: 36 pos / 36 neg

============================================================
Fold 1/5
============================================================
  Train:  42 samples, 21 subjects [1, 2, 4, 5, 6, 7, 9, 11, 12, 13, 14, 16, 18, 21, 22, 24, 25, 27, 29, 32, 37], label_0=22, label_1=20
    Val:  16 samples,  8 subjects [8, 10, 15, 23, 33, 34, 35, 36], label_0=7, label_1=9
   Test:  14 samples,  7 subjects [17, 19, 20, 26, 30, 31, 38], label_0=7, label_1=7
  Building window datasets...
    WindowDataset: 2520 windows (class_0=1320, class_1=1200)
    WindowDataset: 960 windows (class_0=420, class_1=540)
    WindowDataset: 840 windows (class_0=420, class_1=420)
[LaBraM] Loaded 219/221 params from weights/labram-base/model.safetensors
[LaBraM] Missing: ['fc_norm.weight', 'fc_norm.bias']
  Trainable parameters: 5,871,779
  Class weights: [0.9545454382896423, 1.0499999523162842]
  Fold 1 | Ep   1/50 | t_loss=0.1947 t_acc=0.524 | v_win_bal=0.486 v_rec_bal=0.556 | lr=3.3e-06 | 35.8s
  Fold 1 | Ep   2/50 | t_loss=0.1717 t_acc=0.550 | v_win_bal=0.425 v_rec_bal=0.429 | lr=6.7e-06 | 32.0s
  Fold 1 | Ep   3/50 | t_loss=0.1581 t_acc=0.662 | v_win_bal=0.368 v_rec_bal=0.254 | lr=1.0e-05 | 36.5s
  Fold 1 | Ep   4/50 | t_loss=0.1332 t_acc=0.746 | v_win_bal=0.416 v_rec_bal=0.421 | lr=1.0e-05 | 32.7s
  Fold 1 | Ep   5/50 | t_loss=0.1149 t_acc=0.804 | v_win_bal=0.354 v_rec_bal=0.254 | lr=1.0e-05 | 32.4s
  Fold 1 | Ep   6/50 | t_loss=0.1057 t_acc=0.832 | v_win_bal=0.368 v_rec_bal=0.365 | lr=9.9e-06 | 32.1s
  Fold 1 | Ep   7/50 | t_loss=0.0988 t_acc=0.860 | v_win_bal=0.364 v_rec_bal=0.365 | lr=9.8e-06 | 31.1s
  Fold 1 | Ep   8/50 | t_loss=0.0885 t_acc=0.894 | v_win_bal=0.383 v_rec_bal=0.365 | lr=9.7e-06 | 31.6s
  Fold 1 | Ep   9/50 | t_loss=0.0885 t_acc=0.907 | v_win_bal=0.382 v_rec_bal=0.365 | lr=9.6e-06 | 32.9s
  Fold 1 | Ep  10/50 | t_loss=0.0803 t_acc=0.927 | v_win_bal=0.365 v_rec_bal=0.365 | lr=9.5e-06 | 30.9s
  Fold 1 | Ep  11/50 | t_loss=0.0623 t_acc=0.947 | v_win_bal=0.367 v_rec_bal=0.294 | lr=9.3e-06 | 31.0s
  Fold 1 | Ep  12/50 | t_loss=0.0513 t_acc=0.958 | v_win_bal=0.375 v_rec_bal=0.365 | lr=9.1e-06 | 31.2s
  Fold 1 | Ep  13/50 | t_loss=0.0365 t_acc=0.971 | v_win_bal=0.362 v_rec_bal=0.365 | lr=8.9e-06 | 31.6s
  Fold 1 | Ep  14/50 | t_loss=0.0303 t_acc=0.977 | v_win_bal=0.371 v_rec_bal=0.365 | lr=8.7e-06 | 30.8s
  Fold 1 | Ep  15/50 | t_loss=0.0176 t_acc=0.985 | v_win_bal=0.365 v_rec_bal=0.365 | lr=8.5e-06 | 33.9s
  Fold 1 | Ep  16/50 | t_loss=0.0124 t_acc=0.992 | v_win_bal=0.370 v_rec_bal=0.294 | lr=8.2e-06 | 31.8s
  Early stop at epoch 16
  -> Test (best @ epoch 1): acc=0.5000, bal_acc=0.5000

============================================================
Fold 2/5
============================================================
  Train:  42 samples, 21 subjects [1, 2, 6, 8, 10, 12, 14, 15, 17, 18, 20, 21, 24, 26, 27, 30, 31, 32, 35, 36, 37], label_0=22, label_1=20
    Val:  14 samples,  7 subjects [9, 11, 13, 19, 22, 29, 38], label_0=7, label_1=7
   Test:  16 samples,  8 subjects [4, 5, 7, 16, 23, 25, 33, 34], label_0=7, label_1=9
  Building window datasets...
    WindowDataset: 2520 windows (class_0=1320, class_1=1200)
    WindowDataset: 840 windows (class_0=420, class_1=420)
    WindowDataset: 960 windows (class_0=420, class_1=540)
[LaBraM] Loaded 219/221 params from weights/labram-base/model.safetensors
[LaBraM] Missing: ['fc_norm.weight', 'fc_norm.bias']
  Fold 2 | Ep   1/50 | t_loss=0.1780 t_acc=0.485 | v_win_bal=0.549 v_rec_bal=0.500 | lr=3.3e-06 | 30.5s
  Fold 2 | Ep   2/50 | t_loss=0.1700 t_acc=0.577 | v_win_bal=0.496 v_rec_bal=0.500 | lr=6.7e-06 | 30.8s
  Fold 2 | Ep   3/50 | t_loss=0.1597 t_acc=0.649 | v_win_bal=0.429 v_rec_bal=0.286 | lr=1.0e-05 | 30.7s
  Fold 2 | Ep   4/50 | t_loss=0.1456 t_acc=0.690 | v_win_bal=0.437 v_rec_bal=0.357 | lr=1.0e-05 | 30.5s
  Fold 2 | Ep   5/50 | t_loss=0.1337 t_acc=0.732 | v_win_bal=0.424 v_rec_bal=0.357 | lr=1.0e-05 | 30.3s
  Fold 2 | Ep   6/50 | t_loss=0.1193 t_acc=0.775 | v_win_bal=0.410 v_rec_bal=0.357 | lr=9.9e-06 | 31.3s
  Fold 2 | Ep   7/50 | t_loss=0.1028 t_acc=0.816 | v_win_bal=0.400 v_rec_bal=0.286 | lr=9.8e-06 | 30.4s
  Fold 2 | Ep   8/50 | t_loss=0.0875 t_acc=0.867 | v_win_bal=0.456 v_rec_bal=0.357 | lr=9.7e-06 | 30.6s
  Fold 2 | Ep   9/50 | t_loss=0.0846 t_acc=0.881 | v_win_bal=0.421 v_rec_bal=0.429 | lr=9.6e-06 | 30.3s
  Fold 2 | Ep  10/50 | t_loss=0.0758 t_acc=0.911 | v_win_bal=0.458 v_rec_bal=0.500 | lr=9.5e-06 | 30.6s
  Fold 2 | Ep  11/50 | t_loss=0.0601 t_acc=0.935 | v_win_bal=0.457 v_rec_bal=0.429 | lr=9.3e-06 | 32.0s
  Fold 2 | Ep  12/50 | t_loss=0.0499 t_acc=0.951 | v_win_bal=0.439 v_rec_bal=0.286 | lr=9.1e-06 | 30.5s
  Fold 2 | Ep  13/50 | t_loss=0.0425 t_acc=0.960 | v_win_bal=0.468 v_rec_bal=0.500 | lr=8.9e-06 | 31.0s
  Fold 2 | Ep  14/50 | t_loss=0.0268 t_acc=0.975 | v_win_bal=0.444 v_rec_bal=0.286 | lr=8.7e-06 | 32.8s
  Fold 2 | Ep  15/50 | t_loss=0.0168 t_acc=0.985 | v_win_bal=0.432 v_rec_bal=0.214 | lr=8.5e-06 | 32.9s
  Fold 2 | Ep  16/50 | t_loss=0.0098 t_acc=0.992 | v_win_bal=0.463 v_rec_bal=0.286 | lr=8.2e-06 | 32.5s
  Early stop at epoch 16
  -> Test (best @ epoch 1): acc=0.5625, bal_acc=0.5000

============================================================
Fold 3/5
============================================================
  Train:  44 samples, 22 subjects [1, 4, 6, 14, 17, 18, 19, 20, 22, 23, 24, 25, 26, 27, 29, 30, 32, 33, 34, 35, 36, 38], label_0=21, label_1=23
    Val:  14 samples,  7 subjects [2, 5, 7, 9, 11, 16, 31], label_0=7, label_1=7
   Test:  14 samples,  7 subjects [8, 10, 12, 13, 15, 21, 37], label_0=8, label_1=6
  Building window datasets...
    WindowDataset: 2640 windows (class_0=1260, class_1=1380)
    WindowDataset: 840 windows (class_0=420, class_1=420)
    WindowDataset: 840 windows (class_0=480, class_1=360)
[LaBraM] Loaded 219/221 params from weights/labram-base/model.safetensors
[LaBraM] Missing: ['fc_norm.weight', 'fc_norm.bias']
  Fold 3 | Ep   1/50 | t_loss=0.1756 t_acc=0.490 | v_win_bal=0.435 v_rec_bal=0.286 | lr=3.3e-06 | 34.4s
  Fold 3 | Ep   2/50 | t_loss=0.1690 t_acc=0.580 | v_win_bal=0.377 v_rec_bal=0.357 | lr=6.7e-06 | 31.4s
  Fold 3 | Ep   3/50 | t_loss=0.1550 t_acc=0.643 | v_win_bal=0.425 v_rec_bal=0.429 | lr=1.0e-05 | 31.5s
  Fold 3 | Ep   4/50 | t_loss=0.1293 t_acc=0.747 | v_win_bal=0.476 v_rec_bal=0.429 | lr=1.0e-05 | 32.1s
  Fold 3 | Ep   5/50 | t_loss=0.1081 t_acc=0.815 | v_win_bal=0.507 v_rec_bal=0.500 | lr=1.0e-05 | 31.7s
  Fold 3 | Ep   6/50 | t_loss=0.0942 t_acc=0.852 | v_win_bal=0.488 v_rec_bal=0.500 | lr=9.9e-06 | 32.3s
  Fold 3 | Ep   7/50 | t_loss=0.0891 t_acc=0.886 | v_win_bal=0.490 v_rec_bal=0.500 | lr=9.8e-06 | 32.5s
  Fold 3 | Ep   8/50 | t_loss=0.0811 t_acc=0.912 | v_win_bal=0.498 v_rec_bal=0.571 | lr=9.7e-06 | 32.9s
  Fold 3 | Ep   9/50 | t_loss=0.0748 t_acc=0.927 | v_win_bal=0.514 v_rec_bal=0.571 | lr=9.6e-06 | 32.3s
  Fold 3 | Ep  10/50 | t_loss=0.0650 t_acc=0.943 | v_win_bal=0.524 v_rec_bal=0.500 | lr=9.5e-06 | 31.9s
  Fold 3 | Ep  11/50 | t_loss=0.0596 t_acc=0.955 | v_win_bal=0.501 v_rec_bal=0.571 | lr=9.3e-06 | 31.7s
  Fold 3 | Ep  12/50 | t_loss=0.0384 t_acc=0.972 | v_win_bal=0.521 v_rec_bal=0.571 | lr=9.1e-06 | 32.0s
  Fold 3 | Ep  13/50 | t_loss=0.0287 t_acc=0.979 | v_win_bal=0.510 v_rec_bal=0.500 | lr=8.9e-06 | 31.7s
  Fold 3 | Ep  14/50 | t_loss=0.0209 t_acc=0.986 | v_win_bal=0.526 v_rec_bal=0.643 | lr=8.7e-06 | 32.1s
  Fold 3 | Ep  15/50 | t_loss=0.0134 t_acc=0.993 | v_win_bal=0.508 v_rec_bal=0.643 | lr=8.5e-06 | 31.6s
  Fold 3 | Ep  16/50 | t_loss=0.0070 t_acc=0.997 | v_win_bal=0.501 v_rec_bal=0.571 | lr=8.2e-06 | 32.5s
  Fold 3 | Ep  17/50 | t_loss=0.0049 t_acc=0.998 | v_win_bal=0.520 v_rec_bal=0.643 | lr=8.0e-06 | 32.4s
  Fold 3 | Ep  18/50 | t_loss=0.0025 t_acc=0.998 | v_win_bal=0.521 v_rec_bal=0.643 | lr=7.7e-06 | 32.5s
  Fold 3 | Ep  19/50 | t_loss=0.0007 t_acc=0.999 | v_win_bal=0.532 v_rec_bal=0.643 | lr=7.4e-06 | 32.5s
  Fold 3 | Ep  20/50 | t_loss=0.0001 t_acc=1.000 | v_win_bal=0.523 v_rec_bal=0.643 | lr=7.1e-06 | 32.4s
  Fold 3 | Ep  21/50 | t_loss=0.0001 t_acc=1.000 | v_win_bal=0.517 v_rec_bal=0.714 | lr=6.8e-06 | 30.0s
  Fold 3 | Ep  22/50 | t_loss=0.0000 t_acc=1.000 | v_win_bal=0.529 v_rec_bal=0.643 | lr=6.5e-06 | 29.8s
  Fold 3 | Ep  23/50 | t_loss=0.0000 t_acc=1.000 | v_win_bal=0.511 v_rec_bal=0.571 | lr=6.2e-06 | 29.7s
  Fold 3 | Ep  24/50 | t_loss=0.0000 t_acc=1.000 | v_win_bal=0.524 v_rec_bal=0.643 | lr=5.8e-06 | 29.6s
  Fold 3 | Ep  25/50 | t_loss=0.0000 t_acc=1.000 | v_win_bal=0.519 v_rec_bal=0.643 | lr=5.5e-06 | 32.8s
  Fold 3 | Ep  26/50 | t_loss=0.0000 t_acc=1.000 | v_win_bal=0.526 v_rec_bal=0.643 | lr=5.2e-06 | 30.0s
  Fold 3 | Ep  27/50 | t_loss=0.0000 t_acc=1.000 | v_win_bal=0.517 v_rec_bal=0.643 | lr=4.8e-06 | 29.6s
  Fold 3 | Ep  28/50 | t_loss=0.0000 t_acc=1.000 | v_win_bal=0.520 v_rec_bal=0.643 | lr=4.5e-06 | 30.7s
  Fold 3 | Ep  29/50 | t_loss=0.0000 t_acc=1.000 | v_win_bal=0.519 v_rec_bal=0.643 | lr=4.2e-06 | 30.8s
  Fold 3 | Ep  30/50 | t_loss=0.0000 t_acc=1.000 | v_win_bal=0.521 v_rec_bal=0.643 | lr=3.8e-06 | 30.8s
  Fold 3 | Ep  31/50 | t_loss=0.0000 t_acc=1.000 | v_win_bal=0.523 v_rec_bal=0.643 | lr=3.5e-06 | 29.7s
  Fold 3 | Ep  32/50 | t_loss=0.0000 t_acc=1.000 | v_win_bal=0.517 v_rec_bal=0.643 | lr=3.2e-06 | 30.8s
  Fold 3 | Ep  33/50 | t_loss=0.0000 t_acc=1.000 | v_win_bal=0.523 v_rec_bal=0.643 | lr=2.9e-06 | 30.7s
  Fold 3 | Ep  34/50 | t_loss=0.0000 t_acc=1.000 | v_win_bal=0.525 v_rec_bal=0.643 | lr=2.6e-06 | 30.8s
  Fold 3 | Ep  35/50 | t_loss=0.0000 t_acc=1.000 | v_win_bal=0.524 v_rec_bal=0.643 | lr=2.3e-06 | 31.6s
  Fold 3 | Ep  36/50 | t_loss=0.0000 t_acc=1.000 | v_win_bal=0.527 v_rec_bal=0.643 | lr=2.0e-06 | 31.0s
  Early stop at epoch 36
  -> Test (best @ epoch 21): acc=0.4286, bal_acc=0.3958

============================================================
Fold 4/5
============================================================
  Train:  44 samples, 22 subjects [1, 2, 4, 5, 7, 8, 9, 10, 12, 13, 15, 16, 19, 21, 22, 26, 29, 31, 32, 33, 34, 37], label_0=23, label_1=21
    Val:  14 samples,  7 subjects [6, 17, 20, 23, 25, 30, 38], label_0=7, label_1=7
   Test:  14 samples,  7 subjects [11, 14, 18, 24, 27, 35, 36], label_0=6, label_1=8
  Building window datasets...
    WindowDataset: 2640 windows (class_0=1380, class_1=1260)
    WindowDataset: 840 windows (class_0=420, class_1=420)
    WindowDataset: 840 windows (class_0=360, class_1=480)
[LaBraM] Loaded 219/221 params from weights/labram-base/model.safetensors
[LaBraM] Missing: ['fc_norm.weight', 'fc_norm.bias']
  Fold 4 | Ep   1/50 | t_loss=0.1743 t_acc=0.505 | v_win_bal=0.337 v_rec_bal=0.286 | lr=3.3e-06 | 31.0s
  Fold 4 | Ep   2/50 | t_loss=0.1676 t_acc=0.590 | v_win_bal=0.270 v_rec_bal=0.214 | lr=6.7e-06 | 30.0s
  Fold 4 | Ep   3/50 | t_loss=0.1601 t_acc=0.624 | v_win_bal=0.302 v_rec_bal=0.143 | lr=1.0e-05 | 33.9s
  Fold 4 | Ep   4/50 | t_loss=0.1478 t_acc=0.683 | v_win_bal=0.386 v_rec_bal=0.357 | lr=1.0e-05 | 29.5s
  Fold 4 | Ep   5/50 | t_loss=0.1298 t_acc=0.743 | v_win_bal=0.381 v_rec_bal=0.429 | lr=1.0e-05 | 29.6s
  Fold 4 | Ep   6/50 | t_loss=0.1135 t_acc=0.805 | v_win_bal=0.401 v_rec_bal=0.357 | lr=9.9e-06 | 28.9s
  Fold 4 | Ep   7/50 | t_loss=0.1037 t_acc=0.837 | v_win_bal=0.402 v_rec_bal=0.357 | lr=9.8e-06 | 29.7s
  Fold 4 | Ep   8/50 | t_loss=0.0994 t_acc=0.872 | v_win_bal=0.431 v_rec_bal=0.500 | lr=9.7e-06 | 29.1s
  Fold 4 | Ep   9/50 | t_loss=0.0963 t_acc=0.894 | v_win_bal=0.407 v_rec_bal=0.429 | lr=9.6e-06 | 29.4s
  Fold 4 | Ep  10/50 | t_loss=0.0915 t_acc=0.911 | v_win_bal=0.440 v_rec_bal=0.429 | lr=9.5e-06 | 29.5s
  Fold 4 | Ep  11/50 | t_loss=0.0791 t_acc=0.937 | v_win_bal=0.450 v_rec_bal=0.357 | lr=9.3e-06 | 30.0s
  Fold 4 | Ep  12/50 | t_loss=0.0637 t_acc=0.951 | v_win_bal=0.443 v_rec_bal=0.357 | lr=9.1e-06 | 29.1s
  Fold 4 | Ep  13/50 | t_loss=0.0514 t_acc=0.963 | v_win_bal=0.442 v_rec_bal=0.500 | lr=8.9e-06 | 29.1s
  Fold 4 | Ep  14/50 | t_loss=0.0346 t_acc=0.975 | v_win_bal=0.458 v_rec_bal=0.357 | lr=8.7e-06 | 31.0s
  Fold 4 | Ep  15/50 | t_loss=0.0256 t_acc=0.984 | v_win_bal=0.424 v_rec_bal=0.357 | lr=8.5e-06 | 29.9s
  Fold 4 | Ep  16/50 | t_loss=0.0175 t_acc=0.989 | v_win_bal=0.437 v_rec_bal=0.500 | lr=8.2e-06 | 32.3s
  Fold 4 | Ep  17/50 | t_loss=0.0128 t_acc=0.994 | v_win_bal=0.433 v_rec_bal=0.500 | lr=8.0e-06 | 29.8s
  Fold 4 | Ep  18/50 | t_loss=0.0085 t_acc=0.995 | v_win_bal=0.440 v_rec_bal=0.500 | lr=7.7e-06 | 30.0s
  Fold 4 | Ep  19/50 | t_loss=0.0063 t_acc=0.997 | v_win_bal=0.449 v_rec_bal=0.500 | lr=7.4e-06 | 29.7s
  Fold 4 | Ep  20/50 | t_loss=0.0037 t_acc=0.998 | v_win_bal=0.449 v_rec_bal=0.500 | lr=7.1e-06 | 29.5s
  Fold 4 | Ep  21/50 | t_loss=0.0037 t_acc=0.997 | v_win_bal=0.461 v_rec_bal=0.429 | lr=6.8e-06 | 30.3s
  Fold 4 | Ep  22/50 | t_loss=0.0050 t_acc=0.997 | v_win_bal=0.432 v_rec_bal=0.500 | lr=6.5e-06 | 29.3s
  Fold 4 | Ep  23/50 | t_loss=0.0023 t_acc=0.999 | v_win_bal=0.461 v_rec_bal=0.429 | lr=6.2e-06 | 29.6s
  Fold 4 | Ep  24/50 | t_loss=0.0023 t_acc=0.998 | v_win_bal=0.455 v_rec_bal=0.429 | lr=5.8e-06 | 29.4s
  Fold 4 | Ep  25/50 | t_loss=0.0017 t_acc=0.998 | v_win_bal=0.458 v_rec_bal=0.429 | lr=5.5e-06 | 30.1s
  Fold 4 | Ep  26/50 | t_loss=0.0019 t_acc=0.999 | v_win_bal=0.446 v_rec_bal=0.429 | lr=5.2e-06 | 29.8s
  Fold 4 | Ep  27/50 | t_loss=0.0009 t_acc=1.000 | v_win_bal=0.471 v_rec_bal=0.429 | lr=4.8e-06 | 29.4s
  Fold 4 | Ep  28/50 | t_loss=0.0009 t_acc=1.000 | v_win_bal=0.448 v_rec_bal=0.429 | lr=4.5e-06 | 29.6s
  Fold 4 | Ep  29/50 | t_loss=0.0006 t_acc=1.000 | v_win_bal=0.436 v_rec_bal=0.357 | lr=4.2e-06 | 29.7s
  Fold 4 | Ep  30/50 | t_loss=0.0004 t_acc=1.000 | v_win_bal=0.458 v_rec_bal=0.429 | lr=3.8e-06 | 33.1s
  Fold 4 | Ep  31/50 | t_loss=0.0002 t_acc=1.000 | v_win_bal=0.465 v_rec_bal=0.429 | lr=3.5e-06 | 30.7s
  Fold 4 | Ep  32/50 | t_loss=0.0002 t_acc=1.000 | v_win_bal=0.445 v_rec_bal=0.357 | lr=3.2e-06 | 30.7s
  Fold 4 | Ep  33/50 | t_loss=0.0000 t_acc=1.000 | v_win_bal=0.467 v_rec_bal=0.500 | lr=2.9e-06 | 30.3s
  Early stop at epoch 33
  -> Test (best @ epoch 8): acc=0.5000, bal_acc=0.4583

============================================================
Fold 5/5
============================================================
  Train:  44 samples, 22 subjects [4, 5, 7, 8, 10, 13, 14, 16, 17, 18, 19, 20, 23, 24, 25, 26, 27, 30, 34, 35, 36, 37], label_0=21, label_1=23
    Val:  14 samples,  7 subjects [11, 12, 15, 21, 31, 33, 38], label_0=7, label_1=7
   Test:  14 samples,  7 subjects [1, 2, 6, 9, 22, 29, 32], label_0=8, label_1=6
  Building window datasets...
    WindowDataset: 2640 windows (class_0=1260, class_1=1380)
    WindowDataset: 840 windows (class_0=420, class_1=420)
    WindowDataset: 840 windows (class_0=480, class_1=360)
[LaBraM] Loaded 219/221 params from weights/labram-base/model.safetensors
[LaBraM] Missing: ['fc_norm.weight', 'fc_norm.bias']
  Fold 5 | Ep   1/50 | t_loss=0.1861 t_acc=0.527 | v_win_bal=0.443 v_rec_bal=0.357 | lr=3.3e-06 | 29.2s
  Fold 5 | Ep   2/50 | t_loss=0.1706 t_acc=0.543 | v_win_bal=0.471 v_rec_bal=0.500 | lr=6.7e-06 | 29.7s
  Fold 5 | Ep   3/50 | t_loss=0.1636 t_acc=0.613 | v_win_bal=0.458 v_rec_bal=0.429 | lr=1.0e-05 | 29.6s
  Fold 5 | Ep   4/50 | t_loss=0.1468 t_acc=0.686 | v_win_bal=0.480 v_rec_bal=0.500 | lr=1.0e-05 | 29.4s
  Fold 5 | Ep   5/50 | t_loss=0.1296 t_acc=0.752 | v_win_bal=0.482 v_rec_bal=0.500 | lr=1.0e-05 | 30.4s
  Fold 5 | Ep   6/50 | t_loss=0.1110 t_acc=0.808 | v_win_bal=0.501 v_rec_bal=0.429 | lr=9.9e-06 | 29.8s
  Fold 5 | Ep   7/50 | t_loss=0.0970 t_acc=0.840 | v_win_bal=0.496 v_rec_bal=0.500 | lr=9.8e-06 | 29.8s
  Fold 5 | Ep   8/50 | t_loss=0.0924 t_acc=0.870 | v_win_bal=0.506 v_rec_bal=0.500 | lr=9.7e-06 | 30.1s
  Fold 5 | Ep   9/50 | t_loss=0.0838 t_acc=0.891 | v_win_bal=0.502 v_rec_bal=0.500 | lr=9.6e-06 | 30.2s
  Fold 5 | Ep  10/50 | t_loss=0.0747 t_acc=0.924 | v_win_bal=0.517 v_rec_bal=0.571 | lr=9.5e-06 | 33.1s
  Fold 5 | Ep  11/50 | t_loss=0.0601 t_acc=0.942 | v_win_bal=0.514 v_rec_bal=0.500 | lr=9.3e-06 | 30.8s
  Fold 5 | Ep  12/50 | t_loss=0.0497 t_acc=0.953 | v_win_bal=0.506 v_rec_bal=0.500 | lr=9.1e-06 | 30.7s
  Fold 5 | Ep  13/50 | t_loss=0.0362 t_acc=0.969 | v_win_bal=0.521 v_rec_bal=0.500 | lr=8.9e-06 | 31.0s
  Fold 5 | Ep  14/50 | t_loss=0.0233 t_acc=0.984 | v_win_bal=0.527 v_rec_bal=0.500 | lr=8.7e-06 | 31.5s
  Fold 5 | Ep  15/50 | t_loss=0.0165 t_acc=0.988 | v_win_bal=0.506 v_rec_bal=0.500 | lr=8.5e-06 | 30.6s
  Fold 5 | Ep  16/50 | t_loss=0.0092 t_acc=0.994 | v_win_bal=0.519 v_rec_bal=0.500 | lr=8.2e-06 | 31.6s
  Fold 5 | Ep  17/50 | t_loss=0.0056 t_acc=0.996 | v_win_bal=0.518 v_rec_bal=0.571 | lr=8.0e-06 | 31.2s
  Fold 5 | Ep  18/50 | t_loss=0.0039 t_acc=0.998 | v_win_bal=0.521 v_rec_bal=0.500 | lr=7.7e-06 | 30.3s
  Fold 5 | Ep  19/50 | t_loss=0.0019 t_acc=0.999 | v_win_bal=0.533 v_rec_bal=0.500 | lr=7.4e-06 | 29.7s
  Fold 5 | Ep  20/50 | t_loss=0.0001 t_acc=1.000 | v_win_bal=0.532 v_rec_bal=0.571 | lr=7.1e-06 | 29.5s
  Fold 5 | Ep  21/50 | t_loss=0.0001 t_acc=1.000 | v_win_bal=0.520 v_rec_bal=0.571 | lr=6.8e-06 | 30.2s
  Fold 5 | Ep  22/50 | t_loss=0.0002 t_acc=0.999 | v_win_bal=0.524 v_rec_bal=0.429 | lr=6.5e-06 | 30.5s
  Fold 5 | Ep  23/50 | t_loss=0.0000 t_acc=1.000 | v_win_bal=0.515 v_rec_bal=0.429 | lr=6.2e-06 | 29.4s
  Fold 5 | Ep  24/50 | t_loss=0.0000 t_acc=1.000 | v_win_bal=0.517 v_rec_bal=0.429 | lr=5.8e-06 | 30.4s
  Fold 5 | Ep  25/50 | t_loss=0.0011 t_acc=1.000 | v_win_bal=0.538 v_rec_bal=0.571 | lr=5.5e-06 | 30.7s
  Fold 5 | Ep  26/50 | t_loss=0.0000 t_acc=1.000 | v_win_bal=0.524 v_rec_bal=0.429 | lr=5.2e-06 | 30.4s
  Fold 5 | Ep  27/50 | t_loss=0.0000 t_acc=1.000 | v_win_bal=0.524 v_rec_bal=0.500 | lr=4.8e-06 | 31.7s
  Fold 5 | Ep  28/50 | t_loss=0.0000 t_acc=1.000 | v_win_bal=0.525 v_rec_bal=0.429 | lr=4.5e-06 | 32.5s
  Fold 5 | Ep  29/50 | t_loss=0.0000 t_acc=1.000 | v_win_bal=0.527 v_rec_bal=0.500 | lr=4.2e-06 | 30.9s
  Fold 5 | Ep  30/50 | t_loss=0.0000 t_acc=1.000 | v_win_bal=0.525 v_rec_bal=0.429 | lr=3.8e-06 | 30.3s
  Fold 5 | Ep  31/50 | t_loss=0.0000 t_acc=1.000 | v_win_bal=0.529 v_rec_bal=0.429 | lr=3.5e-06 | 29.4s
  Fold 5 | Ep  32/50 | t_loss=0.0000 t_acc=1.000 | v_win_bal=0.529 v_rec_bal=0.429 | lr=3.2e-06 | 29.6s
  Fold 5 | Ep  33/50 | t_loss=0.0000 t_acc=1.000 | v_win_bal=0.525 v_rec_bal=0.571 | lr=2.9e-06 | 29.9s
  Fold 5 | Ep  34/50 | t_loss=0.0000 t_acc=1.000 | v_win_bal=0.532 v_rec_bal=0.571 | lr=2.6e-06 | 30.4s
  Fold 5 | Ep  35/50 | t_loss=0.0000 t_acc=1.000 | v_win_bal=0.530 v_rec_bal=0.500 | lr=2.3e-06 | 30.9s
  Fold 5 | Ep  36/50 | t_loss=0.0000 t_acc=1.000 | v_win_bal=0.521 v_rec_bal=0.429 | lr=2.0e-06 | 30.8s
  Early stop at epoch 36
  -> Test (best @ epoch 10): acc=0.3571, bal_acc=0.3958

============================================================
Global Results (5-Fold, subject-level CV)
Mode: FT | Extractor: labram | Loss: focal
============================================================
              acc: 0.4722
          bal_acc: 0.4722
               f1: 0.4685
            kappa: -0.0556
  Total predictions: 72 (should equal dataset size: 72)

Results saved to results/studies/exp27_paired_null/sleepdep/perm_s1/
