/raid/jupyter-linjimmy1003.md10/.conda/envs/stress/lib/python3.11/site-packages/timm/models/layers/__init__.py:49: FutureWarning: Importing from timm.models.layers is deprecated, please import via timm.layers
  warnings.warn(f"Importing from {__name__} is deprecated, please import via timm.layers", FutureWarning)
Mode: FT | Extractor: labram | Folds: 5
LR: 1e-05 | WD: 0.01 | Beta2: 0.999 | Grad clip: 2.0
Head: hidden=128, dropout=0.0 | Norm: zscore | Loss: focal
Full FT: encoder_lr_scale=0.1

Results → results/studies/exp27_paired_null/sleepdep/perm_s12/
[INFO] Skipped 0 subjects (incomplete sessions), 0 subjects (no SessionOrder), 2 subjects (failed cache markers)
SleepDep: 72 recordings from 36 subjects (SD=36, NS=36)
SleepDep: 72 recordings, 36 subjects (SD=36, NS=36)
[permute-labels] Recording-level shuffle with rng seed 12. Class balance preserved: 36 pos / 36 neg

============================================================
Fold 1/5
============================================================
  Train:  44 samples, 22 subjects [1, 2, 4, 8, 11, 12, 13, 14, 15, 16, 19, 20, 21, 22, 23, 24, 26, 29, 30, 34, 35, 38], label_0=22, label_1=22
    Val:  14 samples,  7 subjects [6, 9, 10, 17, 25, 36, 37], label_0=7, label_1=7
   Test:  14 samples,  7 subjects [5, 7, 18, 27, 31, 32, 33], label_0=7, label_1=7
  Building window datasets...
    WindowDataset: 2640 windows (class_0=1320, class_1=1320)
    WindowDataset: 840 windows (class_0=420, class_1=420)
    WindowDataset: 840 windows (class_0=420, class_1=420)
[LaBraM] Loaded 219/221 params from weights/labram-base/model.safetensors
[LaBraM] Missing: ['fc_norm.weight', 'fc_norm.bias']
  Trainable parameters: 5,871,779
  Class weights: [1.0, 1.0]
  Fold 1 | Ep   1/50 | t_loss=0.1894 t_acc=0.509 | v_win_bal=0.482 v_rec_bal=0.286 | lr=3.3e-06 | 34.3s
  Fold 1 | Ep   2/50 | t_loss=0.1681 t_acc=0.591 | v_win_bal=0.451 v_rec_bal=0.429 | lr=6.7e-06 | 30.7s
  Fold 1 | Ep   3/50 | t_loss=0.1578 t_acc=0.648 | v_win_bal=0.390 v_rec_bal=0.286 | lr=1.0e-05 | 30.7s
  Fold 1 | Ep   4/50 | t_loss=0.1411 t_acc=0.724 | v_win_bal=0.436 v_rec_bal=0.357 | lr=1.0e-05 | 30.6s
  Fold 1 | Ep   5/50 | t_loss=0.1198 t_acc=0.774 | v_win_bal=0.489 v_rec_bal=0.571 | lr=1.0e-05 | 30.4s
  Fold 1 | Ep   6/50 | t_loss=0.1041 t_acc=0.821 | v_win_bal=0.439 v_rec_bal=0.500 | lr=9.9e-06 | 30.9s
  Fold 1 | Ep   7/50 | t_loss=0.0919 t_acc=0.854 | v_win_bal=0.431 v_rec_bal=0.429 | lr=9.8e-06 | 29.9s
  Fold 1 | Ep   8/50 | t_loss=0.0909 t_acc=0.886 | v_win_bal=0.444 v_rec_bal=0.429 | lr=9.7e-06 | 31.2s
  Fold 1 | Ep   9/50 | t_loss=0.0753 t_acc=0.909 | v_win_bal=0.462 v_rec_bal=0.500 | lr=9.6e-06 | 31.5s
  Fold 1 | Ep  10/50 | t_loss=0.0739 t_acc=0.925 | v_win_bal=0.470 v_rec_bal=0.429 | lr=9.5e-06 | 33.8s
  Fold 1 | Ep  11/50 | t_loss=0.0627 t_acc=0.945 | v_win_bal=0.458 v_rec_bal=0.500 | lr=9.3e-06 | 31.1s
  Fold 1 | Ep  12/50 | t_loss=0.0486 t_acc=0.960 | v_win_bal=0.425 v_rec_bal=0.429 | lr=9.1e-06 | 31.5s
  Fold 1 | Ep  13/50 | t_loss=0.0335 t_acc=0.972 | v_win_bal=0.471 v_rec_bal=0.500 | lr=8.9e-06 | 30.9s
  Fold 1 | Ep  14/50 | t_loss=0.0262 t_acc=0.979 | v_win_bal=0.440 v_rec_bal=0.429 | lr=8.7e-06 | 30.7s
  Fold 1 | Ep  15/50 | t_loss=0.0169 t_acc=0.989 | v_win_bal=0.423 v_rec_bal=0.429 | lr=8.5e-06 | 30.1s
  Fold 1 | Ep  16/50 | t_loss=0.0097 t_acc=0.994 | v_win_bal=0.418 v_rec_bal=0.429 | lr=8.2e-06 | 30.5s
  Fold 1 | Ep  17/50 | t_loss=0.0049 t_acc=0.997 | v_win_bal=0.418 v_rec_bal=0.429 | lr=8.0e-06 | 30.5s
  Fold 1 | Ep  18/50 | t_loss=0.0030 t_acc=0.998 | v_win_bal=0.425 v_rec_bal=0.429 | lr=7.7e-06 | 30.6s
  Fold 1 | Ep  19/50 | t_loss=0.0018 t_acc=0.999 | v_win_bal=0.423 v_rec_bal=0.429 | lr=7.4e-06 | 31.4s
  Fold 1 | Ep  20/50 | t_loss=0.0014 t_acc=1.000 | v_win_bal=0.420 v_rec_bal=0.429 | lr=7.1e-06 | 31.4s
  Fold 1 | Ep  21/50 | t_loss=0.0012 t_acc=0.999 | v_win_bal=0.444 v_rec_bal=0.429 | lr=6.8e-06 | 31.3s
  Fold 1 | Ep  22/50 | t_loss=0.0008 t_acc=0.999 | v_win_bal=0.439 v_rec_bal=0.429 | lr=6.5e-06 | 31.6s
  Early stop at epoch 22
  -> Test (best @ epoch 5): acc=0.2857, bal_acc=0.2857

============================================================
Fold 2/5
============================================================
  Train:  44 samples, 22 subjects [5, 6, 7, 10, 12, 13, 14, 15, 16, 17, 18, 19, 20, 22, 24, 26, 27, 29, 30, 31, 32, 33], label_0=22, label_1=22
    Val:  14 samples,  7 subjects [2, 4, 11, 35, 36, 37, 38], label_0=7, label_1=7
   Test:  14 samples,  7 subjects [1, 8, 9, 21, 23, 25, 34], label_0=7, label_1=7
  Building window datasets...
    WindowDataset: 2640 windows (class_0=1320, class_1=1320)
    WindowDataset: 840 windows (class_0=420, class_1=420)
    WindowDataset: 840 windows (class_0=420, class_1=420)
[LaBraM] Loaded 219/221 params from weights/labram-base/model.safetensors
[LaBraM] Missing: ['fc_norm.weight', 'fc_norm.bias']
  Fold 2 | Ep   1/50 | t_loss=0.1756 t_acc=0.524 | v_win_bal=0.404 v_rec_bal=0.357 | lr=3.3e-06 | 33.9s
  Fold 2 | Ep   2/50 | t_loss=0.1700 t_acc=0.571 | v_win_bal=0.362 v_rec_bal=0.286 | lr=6.7e-06 | 32.1s
  Fold 2 | Ep   3/50 | t_loss=0.1628 t_acc=0.627 | v_win_bal=0.382 v_rec_bal=0.357 | lr=1.0e-05 | 31.8s
  Fold 2 | Ep   4/50 | t_loss=0.1494 t_acc=0.693 | v_win_bal=0.423 v_rec_bal=0.357 | lr=1.0e-05 | 31.8s
  Fold 2 | Ep   5/50 | t_loss=0.1290 t_acc=0.749 | v_win_bal=0.473 v_rec_bal=0.500 | lr=1.0e-05 | 31.8s
  Fold 2 | Ep   6/50 | t_loss=0.1080 t_acc=0.806 | v_win_bal=0.392 v_rec_bal=0.429 | lr=9.9e-06 | 31.9s
  Fold 2 | Ep   7/50 | t_loss=0.0962 t_acc=0.836 | v_win_bal=0.461 v_rec_bal=0.429 | lr=9.8e-06 | 32.1s
  Fold 2 | Ep   8/50 | t_loss=0.0827 t_acc=0.878 | v_win_bal=0.402 v_rec_bal=0.500 | lr=9.7e-06 | 31.5s
  Fold 2 | Ep   9/50 | t_loss=0.0785 t_acc=0.898 | v_win_bal=0.413 v_rec_bal=0.357 | lr=9.6e-06 | 31.9s
  Fold 2 | Ep  10/50 | t_loss=0.0631 t_acc=0.925 | v_win_bal=0.450 v_rec_bal=0.429 | lr=9.5e-06 | 33.0s
  Fold 2 | Ep  11/50 | t_loss=0.0537 t_acc=0.940 | v_win_bal=0.433 v_rec_bal=0.429 | lr=9.3e-06 | 33.9s
  Fold 2 | Ep  12/50 | t_loss=0.0443 t_acc=0.961 | v_win_bal=0.479 v_rec_bal=0.500 | lr=9.1e-06 | 33.1s
  Fold 2 | Ep  13/50 | t_loss=0.0343 t_acc=0.973 | v_win_bal=0.462 v_rec_bal=0.500 | lr=8.9e-06 | 33.4s
  Fold 2 | Ep  14/50 | t_loss=0.0258 t_acc=0.980 | v_win_bal=0.445 v_rec_bal=0.357 | lr=8.7e-06 | 33.5s
  Fold 2 | Ep  15/50 | t_loss=0.0157 t_acc=0.986 | v_win_bal=0.475 v_rec_bal=0.429 | lr=8.5e-06 | 32.8s
  Fold 2 | Ep  16/50 | t_loss=0.0130 t_acc=0.990 | v_win_bal=0.464 v_rec_bal=0.429 | lr=8.2e-06 | 34.1s
  Fold 2 | Ep  17/50 | t_loss=0.0073 t_acc=0.994 | v_win_bal=0.477 v_rec_bal=0.429 | lr=8.0e-06 | 33.0s
  Fold 2 | Ep  18/50 | t_loss=0.0044 t_acc=0.997 | v_win_bal=0.465 v_rec_bal=0.429 | lr=7.7e-06 | 33.5s
  Fold 2 | Ep  19/50 | t_loss=0.0023 t_acc=0.998 | v_win_bal=0.473 v_rec_bal=0.429 | lr=7.4e-06 | 33.0s
  Fold 2 | Ep  20/50 | t_loss=0.0014 t_acc=0.998 | v_win_bal=0.504 v_rec_bal=0.571 | lr=7.1e-06 | 32.4s
  Fold 2 | Ep  21/50 | t_loss=0.0004 t_acc=0.999 | v_win_bal=0.463 v_rec_bal=0.500 | lr=6.8e-06 | 31.8s
  Fold 2 | Ep  22/50 | t_loss=0.0001 t_acc=1.000 | v_win_bal=0.474 v_rec_bal=0.500 | lr=6.5e-06 | 31.2s
  Fold 2 | Ep  23/50 | t_loss=0.0003 t_acc=1.000 | v_win_bal=0.480 v_rec_bal=0.429 | lr=6.2e-06 | 31.6s
  Fold 2 | Ep  24/50 | t_loss=0.0002 t_acc=1.000 | v_win_bal=0.481 v_rec_bal=0.500 | lr=5.8e-06 | 31.9s
  Fold 2 | Ep  25/50 | t_loss=0.0000 t_acc=1.000 | v_win_bal=0.470 v_rec_bal=0.429 | lr=5.5e-06 | 31.8s
  Fold 2 | Ep  26/50 | t_loss=0.0000 t_acc=1.000 | v_win_bal=0.469 v_rec_bal=0.429 | lr=5.2e-06 | 31.9s
  Fold 2 | Ep  27/50 | t_loss=0.0000 t_acc=1.000 | v_win_bal=0.475 v_rec_bal=0.500 | lr=4.8e-06 | 31.7s
  Fold 2 | Ep  28/50 | t_loss=0.0000 t_acc=1.000 | v_win_bal=0.474 v_rec_bal=0.429 | lr=4.5e-06 | 31.4s
  Fold 2 | Ep  29/50 | t_loss=0.0000 t_acc=1.000 | v_win_bal=0.470 v_rec_bal=0.429 | lr=4.2e-06 | 31.8s
  Fold 2 | Ep  30/50 | t_loss=0.0000 t_acc=1.000 | v_win_bal=0.471 v_rec_bal=0.429 | lr=3.8e-06 | 31.9s
  Fold 2 | Ep  31/50 | t_loss=0.0000 t_acc=1.000 | v_win_bal=0.473 v_rec_bal=0.429 | lr=3.5e-06 | 31.6s
  Fold 2 | Ep  32/50 | t_loss=0.0000 t_acc=1.000 | v_win_bal=0.474 v_rec_bal=0.429 | lr=3.2e-06 | 31.7s
  Fold 2 | Ep  33/50 | t_loss=0.0000 t_acc=1.000 | v_win_bal=0.475 v_rec_bal=0.429 | lr=2.9e-06 | 32.3s
  Fold 2 | Ep  34/50 | t_loss=0.0000 t_acc=1.000 | v_win_bal=0.471 v_rec_bal=0.429 | lr=2.6e-06 | 32.2s
  Fold 2 | Ep  35/50 | t_loss=0.0000 t_acc=1.000 | v_win_bal=0.480 v_rec_bal=0.500 | lr=2.3e-06 | 31.4s
  Fold 2 | Ep  36/50 | t_loss=0.0000 t_acc=1.000 | v_win_bal=0.470 v_rec_bal=0.500 | lr=2.0e-06 | 31.8s
  Fold 2 | Ep  37/50 | t_loss=0.0000 t_acc=1.000 | v_win_bal=0.475 v_rec_bal=0.429 | lr=1.8e-06 | 32.8s
  Early stop at epoch 37
  -> Test (best @ epoch 20): acc=0.5714, bal_acc=0.5714

============================================================
Fold 3/5
============================================================
  Train:  44 samples, 22 subjects [2, 4, 5, 7, 8, 11, 12, 14, 15, 16, 18, 19, 20, 21, 25, 26, 27, 30, 31, 32, 34, 37], label_0=21, label_1=23
    Val:  14 samples,  7 subjects [1, 9, 13, 23, 24, 33, 35], label_0=7, label_1=7
   Test:  14 samples,  7 subjects [6, 10, 17, 22, 29, 36, 38], label_0=8, label_1=6
  Building window datasets...
    WindowDataset: 2640 windows (class_0=1260, class_1=1380)
    WindowDataset: 840 windows (class_0=420, class_1=420)
    WindowDataset: 840 windows (class_0=480, class_1=360)
[LaBraM] Loaded 219/221 params from weights/labram-base/model.safetensors
[LaBraM] Missing: ['fc_norm.weight', 'fc_norm.bias']
  Fold 3 | Ep   1/50 | t_loss=0.1896 t_acc=0.481 | v_win_bal=0.586 v_rec_bal=0.786 | lr=3.3e-06 | 32.2s
  Fold 3 | Ep   2/50 | t_loss=0.1690 t_acc=0.589 | v_win_bal=0.614 v_rec_bal=0.643 | lr=6.7e-06 | 42.1s
  Fold 3 | Ep   3/50 | t_loss=0.1631 t_acc=0.618 | v_win_bal=0.600 v_rec_bal=0.643 | lr=1.0e-05 | 37.1s
  Fold 3 | Ep   4/50 | t_loss=0.1568 t_acc=0.653 | v_win_bal=0.626 v_rec_bal=0.714 | lr=1.0e-05 | 32.2s
  Fold 3 | Ep   5/50 | t_loss=0.1468 t_acc=0.690 | v_win_bal=0.571 v_rec_bal=0.643 | lr=1.0e-05 | 32.0s
  Fold 3 | Ep   6/50 | t_loss=0.1350 t_acc=0.733 | v_win_bal=0.502 v_rec_bal=0.357 | lr=9.9e-06 | 37.7s
  Fold 3 | Ep   7/50 | t_loss=0.1171 t_acc=0.785 | v_win_bal=0.556 v_rec_bal=0.571 | lr=9.8e-06 | 37.6s
  Fold 3 | Ep   8/50 | t_loss=0.0994 t_acc=0.828 | v_win_bal=0.545 v_rec_bal=0.643 | lr=9.7e-06 | 36.8s
  Fold 3 | Ep   9/50 | t_loss=0.0843 t_acc=0.869 | v_win_bal=0.527 v_rec_bal=0.571 | lr=9.6e-06 | 37.0s
  Fold 3 | Ep  10/50 | t_loss=0.0728 t_acc=0.894 | v_win_bal=0.527 v_rec_bal=0.643 | lr=9.5e-06 | 36.8s
  Fold 3 | Ep  11/50 | t_loss=0.0626 t_acc=0.923 | v_win_bal=0.531 v_rec_bal=0.714 | lr=9.3e-06 | 37.5s
  Fold 3 | Ep  12/50 | t_loss=0.0521 t_acc=0.941 | v_win_bal=0.554 v_rec_bal=0.571 | lr=9.1e-06 | 36.7s
  Fold 3 | Ep  13/50 | t_loss=0.0410 t_acc=0.959 | v_win_bal=0.523 v_rec_bal=0.571 | lr=8.9e-06 | 37.1s
  Fold 3 | Ep  14/50 | t_loss=0.0298 t_acc=0.972 | v_win_bal=0.544 v_rec_bal=0.571 | lr=8.7e-06 | 37.9s
  Fold 3 | Ep  15/50 | t_loss=0.0201 t_acc=0.983 | v_win_bal=0.535 v_rec_bal=0.500 | lr=8.5e-06 | 44.0s
  Fold 3 | Ep  16/50 | t_loss=0.0134 t_acc=0.989 | v_win_bal=0.512 v_rec_bal=0.571 | lr=8.2e-06 | 37.0s
  Early stop at epoch 16
  -> Test (best @ epoch 1): acc=0.3571, bal_acc=0.3542

============================================================
Fold 4/5
============================================================
  Train:  44 samples, 22 subjects [1, 4, 5, 8, 9, 10, 17, 18, 20, 21, 22, 23, 24, 25, 29, 31, 32, 33, 34, 35, 36, 38], label_0=22, label_1=22
    Val:  14 samples,  7 subjects [6, 7, 15, 19, 26, 27, 37], label_0=7, label_1=7
   Test:  14 samples,  7 subjects [2, 11, 12, 13, 14, 16, 30], label_0=7, label_1=7
  Building window datasets...
    WindowDataset: 2640 windows (class_0=1320, class_1=1320)
    WindowDataset: 840 windows (class_0=420, class_1=420)
    WindowDataset: 840 windows (class_0=420, class_1=420)
[LaBraM] Loaded 219/221 params from weights/labram-base/model.safetensors
[LaBraM] Missing: ['fc_norm.weight', 'fc_norm.bias']
  Fold 4 | Ep   1/50 | t_loss=0.1931 t_acc=0.503 | v_win_bal=0.571 v_rec_bal=0.571 | lr=3.3e-06 | 37.8s
  Fold 4 | Ep   2/50 | t_loss=0.1720 t_acc=0.547 | v_win_bal=0.548 v_rec_bal=0.643 | lr=6.7e-06 | 36.8s
  Fold 4 | Ep   3/50 | t_loss=0.1677 t_acc=0.605 | v_win_bal=0.465 v_rec_bal=0.429 | lr=1.0e-05 | 37.0s
  Fold 4 | Ep   4/50 | t_loss=0.1572 t_acc=0.653 | v_win_bal=0.500 v_rec_bal=0.500 | lr=1.0e-05 | 36.3s
  Fold 4 | Ep   5/50 | t_loss=0.1352 t_acc=0.738 | v_win_bal=0.437 v_rec_bal=0.500 | lr=1.0e-05 | 31.6s
  Fold 4 | Ep   6/50 | t_loss=0.1164 t_acc=0.792 | v_win_bal=0.477 v_rec_bal=0.500 | lr=9.9e-06 | 31.8s
  Fold 4 | Ep   7/50 | t_loss=0.1009 t_acc=0.845 | v_win_bal=0.480 v_rec_bal=0.500 | lr=9.8e-06 | 32.1s
  Fold 4 | Ep   8/50 | t_loss=0.0879 t_acc=0.863 | v_win_bal=0.508 v_rec_bal=0.571 | lr=9.7e-06 | 31.6s
  Fold 4 | Ep   9/50 | t_loss=0.0743 t_acc=0.892 | v_win_bal=0.492 v_rec_bal=0.500 | lr=9.6e-06 | 31.2s
  Fold 4 | Ep  10/50 | t_loss=0.0701 t_acc=0.917 | v_win_bal=0.511 v_rec_bal=0.500 | lr=9.5e-06 | 31.4s
  Fold 4 | Ep  11/50 | t_loss=0.0607 t_acc=0.932 | v_win_bal=0.506 v_rec_bal=0.500 | lr=9.3e-06 | 31.1s
  Fold 4 | Ep  12/50 | t_loss=0.0459 t_acc=0.954 | v_win_bal=0.501 v_rec_bal=0.500 | lr=9.1e-06 | 34.6s
  Fold 4 | Ep  13/50 | t_loss=0.0310 t_acc=0.971 | v_win_bal=0.523 v_rec_bal=0.500 | lr=8.9e-06 | 31.4s
  Fold 4 | Ep  14/50 | t_loss=0.0276 t_acc=0.979 | v_win_bal=0.511 v_rec_bal=0.500 | lr=8.7e-06 | 31.4s
  Fold 4 | Ep  15/50 | t_loss=0.0168 t_acc=0.988 | v_win_bal=0.510 v_rec_bal=0.500 | lr=8.5e-06 | 31.0s
  Fold 4 | Ep  16/50 | t_loss=0.0098 t_acc=0.993 | v_win_bal=0.513 v_rec_bal=0.500 | lr=8.2e-06 | 31.9s
  Fold 4 | Ep  17/50 | t_loss=0.0038 t_acc=0.997 | v_win_bal=0.515 v_rec_bal=0.500 | lr=8.0e-06 | 31.2s
  Early stop at epoch 17
  -> Test (best @ epoch 2): acc=0.3571, bal_acc=0.3571

============================================================
Fold 5/5
============================================================
  Train:  42 samples, 21 subjects [1, 2, 5, 7, 9, 11, 13, 17, 18, 21, 22, 23, 25, 27, 30, 31, 32, 33, 34, 36, 38], label_0=22, label_1=20
    Val:  14 samples,  7 subjects [6, 8, 10, 12, 14, 16, 29], label_0=7, label_1=7
   Test:  16 samples,  8 subjects [4, 15, 19, 20, 24, 26, 35, 37], label_0=7, label_1=9
  Building window datasets...
    WindowDataset: 2520 windows (class_0=1320, class_1=1200)
    WindowDataset: 840 windows (class_0=420, class_1=420)
    WindowDataset: 960 windows (class_0=420, class_1=540)
[LaBraM] Loaded 219/221 params from weights/labram-base/model.safetensors
[LaBraM] Missing: ['fc_norm.weight', 'fc_norm.bias']
  Fold 5 | Ep   1/50 | t_loss=0.1746 t_acc=0.535 | v_win_bal=0.406 v_rec_bal=0.357 | lr=3.3e-06 | 30.6s
  Fold 5 | Ep   2/50 | t_loss=0.1680 t_acc=0.590 | v_win_bal=0.344 v_rec_bal=0.357 | lr=6.7e-06 | 30.3s
  Fold 5 | Ep   3/50 | t_loss=0.1612 t_acc=0.631 | v_win_bal=0.360 v_rec_bal=0.286 | lr=1.0e-05 | 30.6s
  Fold 5 | Ep   4/50 | t_loss=0.1517 t_acc=0.675 | v_win_bal=0.357 v_rec_bal=0.357 | lr=1.0e-05 | 30.5s
  Fold 5 | Ep   5/50 | t_loss=0.1413 t_acc=0.719 | v_win_bal=0.354 v_rec_bal=0.286 | lr=1.0e-05 | 30.1s
  Fold 5 | Ep   6/50 | t_loss=0.1272 t_acc=0.761 | v_win_bal=0.338 v_rec_bal=0.214 | lr=9.9e-06 | 30.2s
  Fold 5 | Ep   7/50 | t_loss=0.1142 t_acc=0.806 | v_win_bal=0.305 v_rec_bal=0.214 | lr=9.8e-06 | 30.6s
  Fold 5 | Ep   8/50 | t_loss=0.1018 t_acc=0.837 | v_win_bal=0.338 v_rec_bal=0.357 | lr=9.7e-06 | 32.7s
  Fold 5 | Ep   9/50 | t_loss=0.0906 t_acc=0.858 | v_win_bal=0.365 v_rec_bal=0.357 | lr=9.6e-06 | 30.1s
  Fold 5 | Ep  10/50 | t_loss=0.0909 t_acc=0.878 | v_win_bal=0.339 v_rec_bal=0.357 | lr=9.5e-06 | 30.4s
  Fold 5 | Ep  11/50 | t_loss=0.0729 t_acc=0.912 | v_win_bal=0.326 v_rec_bal=0.214 | lr=9.3e-06 | 30.1s
  Fold 5 | Ep  12/50 | t_loss=0.0652 t_acc=0.925 | v_win_bal=0.333 v_rec_bal=0.357 | lr=9.1e-06 | 30.1s
  Fold 5 | Ep  13/50 | t_loss=0.0581 t_acc=0.944 | v_win_bal=0.336 v_rec_bal=0.357 | lr=8.9e-06 | 29.7s
  Fold 5 | Ep  14/50 | t_loss=0.0417 t_acc=0.960 | v_win_bal=0.307 v_rec_bal=0.143 | lr=8.7e-06 | 29.4s
  Fold 5 | Ep  15/50 | t_loss=0.0295 t_acc=0.970 | v_win_bal=0.325 v_rec_bal=0.286 | lr=8.5e-06 | 29.5s
  Fold 5 | Ep  16/50 | t_loss=0.0221 t_acc=0.982 | v_win_bal=0.337 v_rec_bal=0.286 | lr=8.2e-06 | 30.0s
  Early stop at epoch 16
  -> Test (best @ epoch 1): acc=0.5625, bal_acc=0.5317

============================================================
Global Results (5-Fold, subject-level CV)
Mode: FT | Extractor: labram | Loss: focal
============================================================
              acc: 0.4306
          bal_acc: 0.4306
               f1: 0.4047
            kappa: -0.1389
  Total predictions: 72 (should equal dataset size: 72)

Results saved to results/studies/exp27_paired_null/sleepdep/perm_s12/
