/raid/jupyter-linjimmy1003.md10/.conda/envs/stress/lib/python3.11/site-packages/timm/models/layers/__init__.py:49: FutureWarning: Importing from timm.models.layers is deprecated, please import via timm.layers
  warnings.warn(f"Importing from {__name__} is deprecated, please import via timm.layers", FutureWarning)
Mode: FT | Extractor: labram | Folds: 5
LR: 1e-05 | WD: 0.01 | Beta2: 0.999 | Grad clip: 2.0
Head: hidden=128, dropout=0.0 | Norm: zscore | Loss: focal
Full FT: encoder_lr_scale=0.1

Results → results/studies/exp27_paired_null/sleepdep/perm_s21/
[INFO] Skipped 0 subjects (incomplete sessions), 0 subjects (no SessionOrder), 2 subjects (failed cache markers)
SleepDep: 72 recordings from 36 subjects (SD=36, NS=36)
SleepDep: 72 recordings, 36 subjects (SD=36, NS=36)
[permute-labels] Recording-level shuffle with rng seed 21. Class balance preserved: 36 pos / 36 neg

============================================================
Fold 1/5
============================================================
  Train:  44 samples, 22 subjects [2, 6, 9, 10, 11, 12, 13, 15, 16, 17, 19, 21, 22, 23, 25, 26, 27, 29, 32, 34, 35, 36], label_0=21, label_1=23
    Val:  14 samples,  7 subjects [1, 8, 18, 24, 30, 33, 37], label_0=8, label_1=6
   Test:  14 samples,  7 subjects [4, 5, 7, 14, 20, 31, 38], label_0=7, label_1=7
  Building window datasets...
    WindowDataset: 2640 windows (class_0=1260, class_1=1380)
    WindowDataset: 840 windows (class_0=480, class_1=360)
    WindowDataset: 840 windows (class_0=420, class_1=420)
[LaBraM] Loaded 219/221 params from weights/labram-base/model.safetensors
[LaBraM] Missing: ['fc_norm.weight', 'fc_norm.bias']
  Trainable parameters: 5,871,779
  Class weights: [1.047619104385376, 0.95652174949646]
  Fold 1 | Ep   1/50 | t_loss=0.1898 t_acc=0.480 | v_win_bal=0.521 v_rec_bal=0.500 | lr=3.3e-06 | 30.8s
  Fold 1 | Ep   2/50 | t_loss=0.1670 t_acc=0.605 | v_win_bal=0.660 v_rec_bal=0.646 | lr=6.7e-06 | 28.4s
  Fold 1 | Ep   3/50 | t_loss=0.1522 t_acc=0.672 | v_win_bal=0.664 v_rec_bal=0.729 | lr=1.0e-05 | 27.9s
  Fold 1 | Ep   4/50 | t_loss=0.1335 t_acc=0.721 | v_win_bal=0.680 v_rec_bal=0.729 | lr=1.0e-05 | 26.8s
  Fold 1 | Ep   5/50 | t_loss=0.1129 t_acc=0.790 | v_win_bal=0.650 v_rec_bal=0.688 | lr=1.0e-05 | 26.6s
  Fold 1 | Ep   6/50 | t_loss=0.0956 t_acc=0.833 | v_win_bal=0.671 v_rec_bal=0.708 | lr=9.9e-06 | 26.6s
  Fold 1 | Ep   7/50 | t_loss=0.0863 t_acc=0.864 | v_win_bal=0.666 v_rec_bal=0.708 | lr=9.8e-06 | 28.7s
  Fold 1 | Ep   8/50 | t_loss=0.0774 t_acc=0.888 | v_win_bal=0.644 v_rec_bal=0.708 | lr=9.7e-06 | 27.0s
  Fold 1 | Ep   9/50 | t_loss=0.0733 t_acc=0.912 | v_win_bal=0.632 v_rec_bal=0.708 | lr=9.6e-06 | 27.0s
  Fold 1 | Ep  10/50 | t_loss=0.0618 t_acc=0.937 | v_win_bal=0.608 v_rec_bal=0.771 | lr=9.5e-06 | 27.4s
  Fold 1 | Ep  11/50 | t_loss=0.0537 t_acc=0.951 | v_win_bal=0.604 v_rec_bal=0.771 | lr=9.3e-06 | 27.2s
  Fold 1 | Ep  12/50 | t_loss=0.0343 t_acc=0.969 | v_win_bal=0.631 v_rec_bal=0.708 | lr=9.1e-06 | 27.2s
  Fold 1 | Ep  13/50 | t_loss=0.0244 t_acc=0.979 | v_win_bal=0.564 v_rec_bal=0.604 | lr=8.9e-06 | 27.0s
  Fold 1 | Ep  14/50 | t_loss=0.0147 t_acc=0.986 | v_win_bal=0.590 v_rec_bal=0.708 | lr=8.7e-06 | 27.1s
  Fold 1 | Ep  15/50 | t_loss=0.0091 t_acc=0.994 | v_win_bal=0.596 v_rec_bal=0.708 | lr=8.5e-06 | 27.4s
  Fold 1 | Ep  16/50 | t_loss=0.0050 t_acc=0.997 | v_win_bal=0.594 v_rec_bal=0.771 | lr=8.2e-06 | 26.9s
  Fold 1 | Ep  17/50 | t_loss=0.0032 t_acc=0.998 | v_win_bal=0.585 v_rec_bal=0.688 | lr=8.0e-06 | 26.8s
  Fold 1 | Ep  18/50 | t_loss=0.0018 t_acc=0.999 | v_win_bal=0.589 v_rec_bal=0.688 | lr=7.7e-06 | 26.8s
  Fold 1 | Ep  19/50 | t_loss=0.0005 t_acc=1.000 | v_win_bal=0.604 v_rec_bal=0.771 | lr=7.4e-06 | 26.8s
  Fold 1 | Ep  20/50 | t_loss=0.0000 t_acc=1.000 | v_win_bal=0.610 v_rec_bal=0.688 | lr=7.1e-06 | 26.9s
  Fold 1 | Ep  21/50 | t_loss=0.0000 t_acc=1.000 | v_win_bal=0.592 v_rec_bal=0.708 | lr=6.8e-06 | 26.7s
  Fold 1 | Ep  22/50 | t_loss=0.0000 t_acc=1.000 | v_win_bal=0.592 v_rec_bal=0.708 | lr=6.5e-06 | 26.7s
  Fold 1 | Ep  23/50 | t_loss=0.0000 t_acc=1.000 | v_win_bal=0.588 v_rec_bal=0.708 | lr=6.2e-06 | 26.9s
  Fold 1 | Ep  24/50 | t_loss=0.0000 t_acc=1.000 | v_win_bal=0.590 v_rec_bal=0.708 | lr=5.8e-06 | 26.8s
  Fold 1 | Ep  25/50 | t_loss=0.0000 t_acc=1.000 | v_win_bal=0.598 v_rec_bal=0.708 | lr=5.5e-06 | 26.7s
  Fold 1 | Ep  26/50 | t_loss=0.0000 t_acc=1.000 | v_win_bal=0.598 v_rec_bal=0.708 | lr=5.2e-06 | 26.5s
  Early stop at epoch 26
  -> Test (best @ epoch 10): acc=0.4286, bal_acc=0.4286

============================================================
Fold 2/5
============================================================
  Train:  42 samples, 21 subjects [1, 2, 4, 5, 8, 11, 13, 14, 21, 22, 23, 24, 26, 27, 29, 30, 31, 32, 33, 36, 37], label_0=21, label_1=21
    Val:  14 samples,  7 subjects [7, 16, 17, 18, 20, 34, 38], label_0=8, label_1=6
   Test:  16 samples,  8 subjects [6, 9, 10, 12, 15, 19, 25, 35], label_0=7, label_1=9
  Building window datasets...
    WindowDataset: 2520 windows (class_0=1260, class_1=1260)
    WindowDataset: 840 windows (class_0=480, class_1=360)
    WindowDataset: 960 windows (class_0=420, class_1=540)
[LaBraM] Loaded 219/221 params from weights/labram-base/model.safetensors
[LaBraM] Missing: ['fc_norm.weight', 'fc_norm.bias']
  Fold 2 | Ep   1/50 | t_loss=0.1733 t_acc=0.508 | v_win_bal=0.586 v_rec_bal=0.562 | lr=3.3e-06 | 26.1s
  Fold 2 | Ep   2/50 | t_loss=0.1687 t_acc=0.578 | v_win_bal=0.618 v_rec_bal=0.646 | lr=6.7e-06 | 25.9s
  Fold 2 | Ep   3/50 | t_loss=0.1542 t_acc=0.648 | v_win_bal=0.631 v_rec_bal=0.688 | lr=1.0e-05 | 25.8s
  Fold 2 | Ep   4/50 | t_loss=0.1364 t_acc=0.727 | v_win_bal=0.658 v_rec_bal=0.771 | lr=1.0e-05 | 25.7s
  Fold 2 | Ep   5/50 | t_loss=0.1223 t_acc=0.765 | v_win_bal=0.642 v_rec_bal=0.646 | lr=1.0e-05 | 27.4s
  Fold 2 | Ep   6/50 | t_loss=0.1121 t_acc=0.792 | v_win_bal=0.649 v_rec_bal=0.708 | lr=9.9e-06 | 26.0s
  Fold 2 | Ep   7/50 | t_loss=0.1014 t_acc=0.826 | v_win_bal=0.636 v_rec_bal=0.750 | lr=9.8e-06 | 25.9s
  Fold 2 | Ep   8/50 | t_loss=0.0903 t_acc=0.859 | v_win_bal=0.617 v_rec_bal=0.625 | lr=9.7e-06 | 25.8s
  Fold 2 | Ep   9/50 | t_loss=0.0842 t_acc=0.889 | v_win_bal=0.607 v_rec_bal=0.583 | lr=9.6e-06 | 25.8s
  Fold 2 | Ep  10/50 | t_loss=0.0812 t_acc=0.904 | v_win_bal=0.620 v_rec_bal=0.667 | lr=9.5e-06 | 25.8s
  Fold 2 | Ep  11/50 | t_loss=0.0690 t_acc=0.925 | v_win_bal=0.618 v_rec_bal=0.562 | lr=9.3e-06 | 25.8s
  Fold 2 | Ep  12/50 | t_loss=0.0518 t_acc=0.952 | v_win_bal=0.629 v_rec_bal=0.625 | lr=9.1e-06 | 25.8s
  Fold 2 | Ep  13/50 | t_loss=0.0383 t_acc=0.969 | v_win_bal=0.616 v_rec_bal=0.625 | lr=8.9e-06 | 26.0s
  Fold 2 | Ep  14/50 | t_loss=0.0265 t_acc=0.977 | v_win_bal=0.618 v_rec_bal=0.688 | lr=8.7e-06 | 25.9s
  Fold 2 | Ep  15/50 | t_loss=0.0228 t_acc=0.984 | v_win_bal=0.628 v_rec_bal=0.625 | lr=8.5e-06 | 26.0s
  Fold 2 | Ep  16/50 | t_loss=0.0126 t_acc=0.992 | v_win_bal=0.619 v_rec_bal=0.604 | lr=8.2e-06 | 25.9s
  Fold 2 | Ep  17/50 | t_loss=0.0070 t_acc=0.995 | v_win_bal=0.621 v_rec_bal=0.688 | lr=8.0e-06 | 26.0s
  Fold 2 | Ep  18/50 | t_loss=0.0054 t_acc=0.997 | v_win_bal=0.616 v_rec_bal=0.688 | lr=7.7e-06 | 25.9s
  Fold 2 | Ep  19/50 | t_loss=0.0040 t_acc=0.998 | v_win_bal=0.639 v_rec_bal=0.625 | lr=7.4e-06 | 26.2s
  Fold 2 | Ep  20/50 | t_loss=0.0013 t_acc=0.998 | v_win_bal=0.617 v_rec_bal=0.604 | lr=7.1e-06 | 26.1s
  Fold 2 | Ep  21/50 | t_loss=0.0004 t_acc=1.000 | v_win_bal=0.632 v_rec_bal=0.604 | lr=6.8e-06 | 25.9s
  Early stop at epoch 21
  -> Test (best @ epoch 4): acc=0.5625, bal_acc=0.5476

============================================================
Fold 3/5
============================================================
  Train:  42 samples, 21 subjects [1, 2, 4, 6, 7, 8, 9, 10, 11, 12, 14, 16, 18, 21, 23, 24, 25, 30, 33, 35, 38], label_0=19, label_1=23
    Val:  16 samples,  8 subjects [5, 15, 17, 19, 20, 31, 32, 36], label_0=9, label_1=7
   Test:  14 samples,  7 subjects [13, 22, 26, 27, 29, 34, 37], label_0=8, label_1=6
  Building window datasets...
    WindowDataset: 2520 windows (class_0=1140, class_1=1380)
    WindowDataset: 960 windows (class_0=540, class_1=420)
    WindowDataset: 840 windows (class_0=480, class_1=360)
[LaBraM] Loaded 219/221 params from weights/labram-base/model.safetensors
[LaBraM] Missing: ['fc_norm.weight', 'fc_norm.bias']
  Fold 3 | Ep   1/50 | t_loss=0.1735 t_acc=0.535 | v_win_bal=0.486 v_rec_bal=0.587 | lr=3.3e-06 | 26.5s
  Fold 3 | Ep   2/50 | t_loss=0.1687 t_acc=0.594 | v_win_bal=0.502 v_rec_bal=0.500 | lr=6.7e-06 | 26.4s
  Fold 3 | Ep   3/50 | t_loss=0.1512 t_acc=0.677 | v_win_bal=0.548 v_rec_bal=0.603 | lr=1.0e-05 | 26.2s
  Fold 3 | Ep   4/50 | t_loss=0.1314 t_acc=0.721 | v_win_bal=0.583 v_rec_bal=0.579 | lr=1.0e-05 | 26.2s
  Fold 3 | Ep   5/50 | t_loss=0.1227 t_acc=0.777 | v_win_bal=0.577 v_rec_bal=0.579 | lr=1.0e-05 | 27.5s
  Fold 3 | Ep   6/50 | t_loss=0.1145 t_acc=0.797 | v_win_bal=0.589 v_rec_bal=0.675 | lr=9.9e-06 | 26.3s
  Fold 3 | Ep   7/50 | t_loss=0.1069 t_acc=0.841 | v_win_bal=0.578 v_rec_bal=0.595 | lr=9.8e-06 | 26.2s
  Fold 3 | Ep   8/50 | t_loss=0.1182 t_acc=0.861 | v_win_bal=0.590 v_rec_bal=0.579 | lr=9.7e-06 | 26.1s
  Fold 3 | Ep   9/50 | t_loss=0.1144 t_acc=0.891 | v_win_bal=0.566 v_rec_bal=0.540 | lr=9.6e-06 | 26.0s
  Fold 3 | Ep  10/50 | t_loss=0.1060 t_acc=0.904 | v_win_bal=0.581 v_rec_bal=0.524 | lr=9.5e-06 | 25.9s
  Fold 3 | Ep  11/50 | t_loss=0.1009 t_acc=0.925 | v_win_bal=0.588 v_rec_bal=0.579 | lr=9.3e-06 | 26.0s
  Fold 3 | Ep  12/50 | t_loss=0.0832 t_acc=0.943 | v_win_bal=0.599 v_rec_bal=0.579 | lr=9.1e-06 | 26.0s
  Fold 3 | Ep  13/50 | t_loss=0.0693 t_acc=0.949 | v_win_bal=0.595 v_rec_bal=0.524 | lr=8.9e-06 | 26.0s
  Fold 3 | Ep  14/50 | t_loss=0.0534 t_acc=0.962 | v_win_bal=0.590 v_rec_bal=0.635 | lr=8.7e-06 | 26.0s
  Fold 3 | Ep  15/50 | t_loss=0.0547 t_acc=0.970 | v_win_bal=0.592 v_rec_bal=0.579 | lr=8.5e-06 | 26.2s
  Fold 3 | Ep  16/50 | t_loss=0.0368 t_acc=0.979 | v_win_bal=0.584 v_rec_bal=0.595 | lr=8.2e-06 | 26.3s
  Fold 3 | Ep  17/50 | t_loss=0.0266 t_acc=0.981 | v_win_bal=0.602 v_rec_bal=0.690 | lr=8.0e-06 | 26.8s
  Fold 3 | Ep  18/50 | t_loss=0.0203 t_acc=0.987 | v_win_bal=0.592 v_rec_bal=0.635 | lr=7.7e-06 | 26.0s
  Fold 3 | Ep  19/50 | t_loss=0.0104 t_acc=0.992 | v_win_bal=0.583 v_rec_bal=0.524 | lr=7.4e-06 | 26.3s
  Fold 3 | Ep  20/50 | t_loss=0.0076 t_acc=0.995 | v_win_bal=0.571 v_rec_bal=0.524 | lr=7.1e-06 | 26.3s
  Fold 3 | Ep  21/50 | t_loss=0.0035 t_acc=0.996 | v_win_bal=0.571 v_rec_bal=0.524 | lr=6.8e-06 | 26.3s
  Fold 3 | Ep  22/50 | t_loss=0.0010 t_acc=0.998 | v_win_bal=0.590 v_rec_bal=0.579 | lr=6.5e-06 | 26.3s
  Fold 3 | Ep  23/50 | t_loss=0.0000 t_acc=1.000 | v_win_bal=0.592 v_rec_bal=0.579 | lr=6.2e-06 | 26.0s
  Fold 3 | Ep  24/50 | t_loss=0.0000 t_acc=1.000 | v_win_bal=0.589 v_rec_bal=0.579 | lr=5.8e-06 | 26.0s
  Fold 3 | Ep  25/50 | t_loss=0.0037 t_acc=0.998 | v_win_bal=0.586 v_rec_bal=0.524 | lr=5.5e-06 | 26.3s
  Fold 3 | Ep  26/50 | t_loss=0.0001 t_acc=1.000 | v_win_bal=0.582 v_rec_bal=0.524 | lr=5.2e-06 | 26.4s
  Fold 3 | Ep  27/50 | t_loss=0.0000 t_acc=1.000 | v_win_bal=0.578 v_rec_bal=0.524 | lr=4.8e-06 | 26.8s
  Fold 3 | Ep  28/50 | t_loss=0.0000 t_acc=1.000 | v_win_bal=0.580 v_rec_bal=0.524 | lr=4.5e-06 | 26.3s
  Fold 3 | Ep  29/50 | t_loss=0.0000 t_acc=1.000 | v_win_bal=0.575 v_rec_bal=0.524 | lr=4.2e-06 | 26.2s
  Fold 3 | Ep  30/50 | t_loss=0.0000 t_acc=1.000 | v_win_bal=0.578 v_rec_bal=0.524 | lr=3.8e-06 | 26.1s
  Fold 3 | Ep  31/50 | t_loss=0.0000 t_acc=1.000 | v_win_bal=0.583 v_rec_bal=0.524 | lr=3.5e-06 | 26.1s
  Fold 3 | Ep  32/50 | t_loss=0.0000 t_acc=1.000 | v_win_bal=0.581 v_rec_bal=0.524 | lr=3.2e-06 | 26.3s
  Fold 3 | Ep  33/50 | t_loss=0.0000 t_acc=1.000 | v_win_bal=0.578 v_rec_bal=0.524 | lr=2.9e-06 | 26.3s
  Early stop at epoch 33
  -> Test (best @ epoch 17): acc=0.7857, bal_acc=0.7708

============================================================
Fold 4/5
============================================================
  Train:  42 samples, 21 subjects [2, 4, 5, 6, 7, 8, 9, 10, 14, 15, 18, 19, 21, 22, 26, 27, 31, 32, 35, 36, 38], label_0=23, label_1=19
    Val:  16 samples,  8 subjects [12, 13, 20, 23, 25, 29, 34, 37], label_0=7, label_1=9
   Test:  14 samples,  7 subjects [1, 11, 16, 17, 24, 30, 33], label_0=6, label_1=8
  Building window datasets...
    WindowDataset: 2520 windows (class_0=1380, class_1=1140)
    WindowDataset: 960 windows (class_0=420, class_1=540)
    WindowDataset: 840 windows (class_0=360, class_1=480)
[LaBraM] Loaded 219/221 params from weights/labram-base/model.safetensors
[LaBraM] Missing: ['fc_norm.weight', 'fc_norm.bias']
  Fold 4 | Ep   1/50 | t_loss=0.1750 t_acc=0.529 | v_win_bal=0.530 v_rec_bal=0.524 | lr=3.3e-06 | 26.2s
  Fold 4 | Ep   2/50 | t_loss=0.1702 t_acc=0.556 | v_win_bal=0.540 v_rec_bal=0.508 | lr=6.7e-06 | 26.2s
  Fold 4 | Ep   3/50 | t_loss=0.1570 t_acc=0.628 | v_win_bal=0.539 v_rec_bal=0.357 | lr=1.0e-05 | 26.2s
  Fold 4 | Ep   4/50 | t_loss=0.1331 t_acc=0.728 | v_win_bal=0.538 v_rec_bal=0.563 | lr=1.0e-05 | 26.2s
  Fold 4 | Ep   5/50 | t_loss=0.1090 t_acc=0.800 | v_win_bal=0.577 v_rec_bal=0.714 | lr=1.0e-05 | 26.2s
  Fold 4 | Ep   6/50 | t_loss=0.0898 t_acc=0.849 | v_win_bal=0.579 v_rec_bal=0.659 | lr=9.9e-06 | 26.2s
  Fold 4 | Ep   7/50 | t_loss=0.0768 t_acc=0.880 | v_win_bal=0.565 v_rec_bal=0.675 | lr=9.8e-06 | 26.2s
  Fold 4 | Ep   8/50 | t_loss=0.0654 t_acc=0.909 | v_win_bal=0.565 v_rec_bal=0.524 | lr=9.7e-06 | 26.3s
  Fold 4 | Ep   9/50 | t_loss=0.0556 t_acc=0.936 | v_win_bal=0.579 v_rec_bal=0.675 | lr=9.6e-06 | 27.5s
  Fold 4 | Ep  10/50 | t_loss=0.0485 t_acc=0.952 | v_win_bal=0.587 v_rec_bal=0.730 | lr=9.5e-06 | 26.6s
  Fold 4 | Ep  11/50 | t_loss=0.0334 t_acc=0.969 | v_win_bal=0.585 v_rec_bal=0.730 | lr=9.3e-06 | 26.1s
  Fold 4 | Ep  12/50 | t_loss=0.0263 t_acc=0.977 | v_win_bal=0.579 v_rec_bal=0.746 | lr=9.1e-06 | 26.4s
  Fold 4 | Ep  13/50 | t_loss=0.0185 t_acc=0.985 | v_win_bal=0.583 v_rec_bal=0.659 | lr=8.9e-06 | 26.8s
  Fold 4 | Ep  14/50 | t_loss=0.0133 t_acc=0.992 | v_win_bal=0.583 v_rec_bal=0.730 | lr=8.7e-06 | 26.4s
  Fold 4 | Ep  15/50 | t_loss=0.0080 t_acc=0.994 | v_win_bal=0.594 v_rec_bal=0.730 | lr=8.5e-06 | 26.2s
  Fold 4 | Ep  16/50 | t_loss=0.0056 t_acc=0.996 | v_win_bal=0.586 v_rec_bal=0.579 | lr=8.2e-06 | 27.1s
  Fold 4 | Ep  17/50 | t_loss=0.0037 t_acc=0.997 | v_win_bal=0.589 v_rec_bal=0.802 | lr=8.0e-06 | 26.3s
  Fold 4 | Ep  18/50 | t_loss=0.0023 t_acc=0.998 | v_win_bal=0.604 v_rec_bal=0.746 | lr=7.7e-06 | 26.4s
  Fold 4 | Ep  19/50 | t_loss=0.0014 t_acc=0.999 | v_win_bal=0.587 v_rec_bal=0.802 | lr=7.4e-06 | 26.3s
  Fold 4 | Ep  20/50 | t_loss=0.0009 t_acc=0.999 | v_win_bal=0.601 v_rec_bal=0.690 | lr=7.1e-06 | 26.3s
  Fold 4 | Ep  21/50 | t_loss=0.0006 t_acc=1.000 | v_win_bal=0.587 v_rec_bal=0.659 | lr=6.8e-06 | 26.4s
  Fold 4 | Ep  22/50 | t_loss=0.0004 t_acc=1.000 | v_win_bal=0.581 v_rec_bal=0.802 | lr=6.5e-06 | 26.3s
  Fold 4 | Ep  23/50 | t_loss=0.0002 t_acc=1.000 | v_win_bal=0.589 v_rec_bal=0.802 | lr=6.2e-06 | 26.1s
  Fold 4 | Ep  24/50 | t_loss=0.0000 t_acc=1.000 | v_win_bal=0.590 v_rec_bal=0.730 | lr=5.8e-06 | 26.2s
  Fold 4 | Ep  25/50 | t_loss=0.0000 t_acc=1.000 | v_win_bal=0.599 v_rec_bal=0.730 | lr=5.5e-06 | 26.7s
  Fold 4 | Ep  26/50 | t_loss=0.0000 t_acc=1.000 | v_win_bal=0.597 v_rec_bal=0.690 | lr=5.2e-06 | 26.7s
  Fold 4 | Ep  27/50 | t_loss=0.0000 t_acc=1.000 | v_win_bal=0.598 v_rec_bal=0.802 | lr=4.8e-06 | 26.3s
  Fold 4 | Ep  28/50 | t_loss=0.0000 t_acc=1.000 | v_win_bal=0.604 v_rec_bal=0.802 | lr=4.5e-06 | 26.6s
  Fold 4 | Ep  29/50 | t_loss=0.0000 t_acc=1.000 | v_win_bal=0.601 v_rec_bal=0.802 | lr=4.2e-06 | 26.3s
  Fold 4 | Ep  30/50 | t_loss=0.0000 t_acc=1.000 | v_win_bal=0.602 v_rec_bal=0.802 | lr=3.8e-06 | 26.3s
  Fold 4 | Ep  31/50 | t_loss=0.0000 t_acc=1.000 | v_win_bal=0.603 v_rec_bal=0.802 | lr=3.5e-06 | 26.3s
  Fold 4 | Ep  32/50 | t_loss=0.0000 t_acc=1.000 | v_win_bal=0.600 v_rec_bal=0.802 | lr=3.2e-06 | 26.3s
  Fold 4 | Ep  33/50 | t_loss=0.0000 t_acc=1.000 | v_win_bal=0.606 v_rec_bal=0.802 | lr=2.9e-06 | 27.0s
  Fold 4 | Ep  34/50 | t_loss=0.0000 t_acc=1.000 | v_win_bal=0.599 v_rec_bal=0.730 | lr=2.6e-06 | 26.2s
  Fold 4 | Ep  35/50 | t_loss=0.0000 t_acc=1.000 | v_win_bal=0.593 v_rec_bal=0.730 | lr=2.3e-06 | 26.5s
  Fold 4 | Ep  36/50 | t_loss=0.0000 t_acc=1.000 | v_win_bal=0.598 v_rec_bal=0.802 | lr=2.0e-06 | 26.2s
  Fold 4 | Ep  37/50 | t_loss=0.0000 t_acc=1.000 | v_win_bal=0.601 v_rec_bal=0.802 | lr=1.8e-06 | 26.1s
  Fold 4 | Ep  38/50 | t_loss=0.0000 t_acc=1.000 | v_win_bal=0.605 v_rec_bal=0.802 | lr=1.5e-06 | 27.5s
  Fold 4 | Ep  39/50 | t_loss=0.0000 t_acc=1.000 | v_win_bal=0.606 v_rec_bal=0.802 | lr=1.3e-06 | 26.6s
  Fold 4 | Ep  40/50 | t_loss=0.0000 t_acc=1.000 | v_win_bal=0.605 v_rec_bal=0.730 | lr=1.1e-06 | 26.3s
  Fold 4 | Ep  41/50 | t_loss=0.0000 t_acc=1.000 | v_win_bal=0.611 v_rec_bal=0.802 | lr=8.8e-07 | 28.5s
  Fold 4 | Ep  42/50 | t_loss=0.0000 t_acc=1.000 | v_win_bal=0.602 v_rec_bal=0.730 | lr=7.0e-07 | 27.1s
  Fold 4 | Ep  43/50 | t_loss=0.0000 t_acc=1.000 | v_win_bal=0.604 v_rec_bal=0.730 | lr=5.4e-07 | 27.2s
  Fold 4 | Ep  44/50 | t_loss=0.0000 t_acc=1.000 | v_win_bal=0.609 v_rec_bal=0.802 | lr=4.0e-07 | 26.9s
  Early stop at epoch 44
  -> Test (best @ epoch 17): acc=0.5714, bal_acc=0.5625

============================================================
Fold 5/5
============================================================
  Train:  44 samples, 22 subjects [1, 4, 5, 6, 9, 11, 12, 13, 14, 16, 17, 19, 20, 22, 24, 26, 27, 29, 30, 31, 33, 38], label_0=21, label_1=23
    Val:  14 samples,  7 subjects [7, 10, 15, 25, 34, 35, 37], label_0=7, label_1=7
   Test:  14 samples,  7 subjects [2, 8, 18, 21, 23, 32, 36], label_0=8, label_1=6
  Building window datasets...
    WindowDataset: 2640 windows (class_0=1260, class_1=1380)
    WindowDataset: 840 windows (class_0=420, class_1=420)
    WindowDataset: 840 windows (class_0=480, class_1=360)
[LaBraM] Loaded 219/221 params from weights/labram-base/model.safetensors
[LaBraM] Missing: ['fc_norm.weight', 'fc_norm.bias']
  Fold 5 | Ep   1/50 | t_loss=0.1934 t_acc=0.503 | v_win_bal=0.440 v_rec_bal=0.500 | lr=3.3e-06 | 26.9s
  Fold 5 | Ep   2/50 | t_loss=0.1676 t_acc=0.595 | v_win_bal=0.432 v_rec_bal=0.357 | lr=6.7e-06 | 27.0s
  Fold 5 | Ep   3/50 | t_loss=0.1574 t_acc=0.642 | v_win_bal=0.448 v_rec_bal=0.429 | lr=1.0e-05 | 27.1s
  Fold 5 | Ep   4/50 | t_loss=0.1452 t_acc=0.684 | v_win_bal=0.476 v_rec_bal=0.357 | lr=1.0e-05 | 27.0s
  Fold 5 | Ep   5/50 | t_loss=0.1356 t_acc=0.723 | v_win_bal=0.474 v_rec_bal=0.500 | lr=1.0e-05 | 27.3s
  Fold 5 | Ep   6/50 | t_loss=0.1241 t_acc=0.764 | v_win_bal=0.505 v_rec_bal=0.500 | lr=9.9e-06 | 26.9s
  Fold 5 | Ep   7/50 | t_loss=0.1109 t_acc=0.811 | v_win_bal=0.537 v_rec_bal=0.571 | lr=9.8e-06 | 26.7s
  Fold 5 | Ep   8/50 | t_loss=0.1118 t_acc=0.839 | v_win_bal=0.527 v_rec_bal=0.571 | lr=9.7e-06 | 26.8s
  Fold 5 | Ep   9/50 | t_loss=0.0993 t_acc=0.870 | v_win_bal=0.568 v_rec_bal=0.643 | lr=9.6e-06 | 29.0s
  Fold 5 | Ep  10/50 | t_loss=0.1065 t_acc=0.886 | v_win_bal=0.531 v_rec_bal=0.500 | lr=9.5e-06 | 27.8s
  Fold 5 | Ep  11/50 | t_loss=0.1018 t_acc=0.906 | v_win_bal=0.555 v_rec_bal=0.500 | lr=9.3e-06 | 27.9s
  Fold 5 | Ep  12/50 | t_loss=0.0764 t_acc=0.935 | v_win_bal=0.568 v_rec_bal=0.571 | lr=9.1e-06 | 26.5s
  Fold 5 | Ep  13/50 | t_loss=0.0581 t_acc=0.952 | v_win_bal=0.595 v_rec_bal=0.714 | lr=8.9e-06 | 26.8s
  Fold 5 | Ep  14/50 | t_loss=0.0455 t_acc=0.963 | v_win_bal=0.551 v_rec_bal=0.571 | lr=8.7e-06 | 27.0s
  Fold 5 | Ep  15/50 | t_loss=0.0351 t_acc=0.973 | v_win_bal=0.548 v_rec_bal=0.500 | lr=8.5e-06 | 26.9s
  Fold 5 | Ep  16/50 | t_loss=0.0202 t_acc=0.983 | v_win_bal=0.557 v_rec_bal=0.571 | lr=8.2e-06 | 27.1s
  Fold 5 | Ep  17/50 | t_loss=0.0126 t_acc=0.990 | v_win_bal=0.557 v_rec_bal=0.571 | lr=8.0e-06 | 26.7s
  Fold 5 | Ep  18/50 | t_loss=0.0062 t_acc=0.995 | v_win_bal=0.552 v_rec_bal=0.571 | lr=7.7e-06 | 26.7s
  Fold 5 | Ep  19/50 | t_loss=0.0044 t_acc=0.995 | v_win_bal=0.545 v_rec_bal=0.571 | lr=7.4e-06 | 27.0s
  Fold 5 | Ep  20/50 | t_loss=0.0016 t_acc=0.998 | v_win_bal=0.561 v_rec_bal=0.571 | lr=7.1e-06 | 27.0s
  Fold 5 | Ep  21/50 | t_loss=0.0010 t_acc=1.000 | v_win_bal=0.548 v_rec_bal=0.571 | lr=6.8e-06 | 27.6s
  Fold 5 | Ep  22/50 | t_loss=0.0007 t_acc=1.000 | v_win_bal=0.560 v_rec_bal=0.571 | lr=6.5e-06 | 27.1s
  Fold 5 | Ep  23/50 | t_loss=0.0002 t_acc=1.000 | v_win_bal=0.562 v_rec_bal=0.571 | lr=6.2e-06 | 26.7s
  Fold 5 | Ep  24/50 | t_loss=0.0012 t_acc=1.000 | v_win_bal=0.544 v_rec_bal=0.571 | lr=5.8e-06 | 26.9s
  Fold 5 | Ep  25/50 | t_loss=0.0000 t_acc=1.000 | v_win_bal=0.535 v_rec_bal=0.500 | lr=5.5e-06 | 28.1s
  Fold 5 | Ep  26/50 | t_loss=0.0001 t_acc=1.000 | v_win_bal=0.551 v_rec_bal=0.571 | lr=5.2e-06 | 27.4s
  Fold 5 | Ep  27/50 | t_loss=0.0000 t_acc=1.000 | v_win_bal=0.546 v_rec_bal=0.500 | lr=4.8e-06 | 26.8s
  Fold 5 | Ep  28/50 | t_loss=0.0000 t_acc=1.000 | v_win_bal=0.558 v_rec_bal=0.571 | lr=4.5e-06 | 27.0s
  Fold 5 | Ep  29/50 | t_loss=0.0000 t_acc=1.000 | v_win_bal=0.560 v_rec_bal=0.571 | lr=4.2e-06 | 26.6s
  Early stop at epoch 29
  -> Test (best @ epoch 13): acc=0.5714, bal_acc=0.5625

============================================================
Global Results (5-Fold, subject-level CV)
Mode: FT | Extractor: labram | Loss: focal
============================================================
              acc: 0.5833
          bal_acc: 0.5833
               f1: 0.5830
            kappa: 0.1667
  Total predictions: 72 (should equal dataset size: 72)

Results saved to results/studies/exp27_paired_null/sleepdep/perm_s21/
