/raid/jupyter-linjimmy1003.md10/.conda/envs/stress/lib/python3.11/site-packages/timm/models/layers/__init__.py:49: FutureWarning: Importing from timm.models.layers is deprecated, please import via timm.layers
  warnings.warn(f"Importing from {__name__} is deprecated, please import via timm.layers", FutureWarning)
Mode: FT | Extractor: labram | Folds: 5
LR: 1e-05 | WD: 0.01 | Beta2: 0.999 | Grad clip: 2.0
Head: hidden=128, dropout=0.0 | Norm: zscore | Loss: focal
Full FT: encoder_lr_scale=0.1

Results → results/studies/exp27_paired_null/sleepdep/perm_s23/
[INFO] Skipped 0 subjects (incomplete sessions), 0 subjects (no SessionOrder), 2 subjects (failed cache markers)
SleepDep: 72 recordings from 36 subjects (SD=36, NS=36)
SleepDep: 72 recordings, 36 subjects (SD=36, NS=36)
[permute-labels] Recording-level shuffle with rng seed 23. Class balance preserved: 36 pos / 36 neg

============================================================
Fold 1/5
============================================================
  Train:  44 samples, 22 subjects [1, 5, 6, 7, 8, 9, 10, 13, 14, 15, 17, 18, 19, 20, 22, 23, 27, 30, 33, 34, 35, 36], label_0=23, label_1=21
    Val:  14 samples,  7 subjects [2, 11, 16, 21, 25, 26, 29], label_0=6, label_1=8
   Test:  14 samples,  7 subjects [4, 12, 24, 31, 32, 37, 38], label_0=7, label_1=7
  Building window datasets...
    WindowDataset: 2640 windows (class_0=1380, class_1=1260)
    WindowDataset: 840 windows (class_0=360, class_1=480)
    WindowDataset: 840 windows (class_0=420, class_1=420)
[LaBraM] Loaded 219/221 params from weights/labram-base/model.safetensors
[LaBraM] Missing: ['fc_norm.weight', 'fc_norm.bias']
  Trainable parameters: 5,871,779
  Class weights: [0.95652174949646, 1.047619104385376]
  Fold 1 | Ep   1/50 | t_loss=0.1913 t_acc=0.525 | v_win_bal=0.464 v_rec_bal=0.438 | lr=3.3e-06 | 32.0s
  Fold 1 | Ep   2/50 | t_loss=0.1679 t_acc=0.595 | v_win_bal=0.441 v_rec_bal=0.458 | lr=6.7e-06 | 29.4s
  Fold 1 | Ep   3/50 | t_loss=0.1557 t_acc=0.637 | v_win_bal=0.490 v_rec_bal=0.500 | lr=1.0e-05 | 31.5s
  Fold 1 | Ep   4/50 | t_loss=0.1430 t_acc=0.681 | v_win_bal=0.542 v_rec_bal=0.562 | lr=1.0e-05 | 32.3s
  Fold 1 | Ep   5/50 | t_loss=0.1266 t_acc=0.746 | v_win_bal=0.513 v_rec_bal=0.562 | lr=1.0e-05 | 32.1s
  Fold 1 | Ep   6/50 | t_loss=0.1067 t_acc=0.806 | v_win_bal=0.507 v_rec_bal=0.625 | lr=9.9e-06 | 31.8s
  Fold 1 | Ep   7/50 | t_loss=0.0885 t_acc=0.858 | v_win_bal=0.490 v_rec_bal=0.521 | lr=9.8e-06 | 31.1s
  Fold 1 | Ep   8/50 | t_loss=0.0807 t_acc=0.893 | v_win_bal=0.514 v_rec_bal=0.521 | lr=9.7e-06 | 31.1s
  Fold 1 | Ep   9/50 | t_loss=0.0751 t_acc=0.911 | v_win_bal=0.568 v_rec_bal=0.562 | lr=9.6e-06 | 31.4s
  Fold 1 | Ep  10/50 | t_loss=0.0692 t_acc=0.934 | v_win_bal=0.507 v_rec_bal=0.604 | lr=9.5e-06 | 31.4s
  Fold 1 | Ep  11/50 | t_loss=0.0540 t_acc=0.955 | v_win_bal=0.534 v_rec_bal=0.542 | lr=9.3e-06 | 30.6s
  Fold 1 | Ep  12/50 | t_loss=0.0461 t_acc=0.964 | v_win_bal=0.523 v_rec_bal=0.562 | lr=9.1e-06 | 36.4s
  Fold 1 | Ep  13/50 | t_loss=0.0373 t_acc=0.974 | v_win_bal=0.523 v_rec_bal=0.562 | lr=8.9e-06 | 31.1s
  Fold 1 | Ep  14/50 | t_loss=0.0230 t_acc=0.984 | v_win_bal=0.489 v_rec_bal=0.458 | lr=8.7e-06 | 31.4s
  Fold 1 | Ep  15/50 | t_loss=0.0210 t_acc=0.988 | v_win_bal=0.503 v_rec_bal=0.458 | lr=8.5e-06 | 31.0s
  Fold 1 | Ep  16/50 | t_loss=0.0091 t_acc=0.993 | v_win_bal=0.499 v_rec_bal=0.479 | lr=8.2e-06 | 31.1s
  Fold 1 | Ep  17/50 | t_loss=0.0042 t_acc=0.997 | v_win_bal=0.511 v_rec_bal=0.562 | lr=8.0e-06 | 32.2s
  Fold 1 | Ep  18/50 | t_loss=0.0023 t_acc=0.999 | v_win_bal=0.529 v_rec_bal=0.562 | lr=7.7e-06 | 33.4s
  Fold 1 | Ep  19/50 | t_loss=0.0004 t_acc=1.000 | v_win_bal=0.524 v_rec_bal=0.562 | lr=7.4e-06 | 32.5s
  Fold 1 | Ep  20/50 | t_loss=0.0000 t_acc=1.000 | v_win_bal=0.514 v_rec_bal=0.562 | lr=7.1e-06 | 30.4s
  Fold 1 | Ep  21/50 | t_loss=0.0000 t_acc=1.000 | v_win_bal=0.519 v_rec_bal=0.479 | lr=6.8e-06 | 30.0s
  Early stop at epoch 21
  -> Test (best @ epoch 6): acc=0.4286, bal_acc=0.4286

============================================================
Fold 2/5
============================================================
  Train:  42 samples, 21 subjects [1, 4, 7, 8, 10, 11, 13, 14, 16, 18, 22, 23, 24, 26, 30, 31, 32, 33, 34, 35, 37], label_0=22, label_1=20
    Val:  14 samples,  7 subjects [5, 12, 17, 20, 21, 36, 38], label_0=7, label_1=7
   Test:  16 samples,  8 subjects [2, 6, 9, 15, 19, 25, 27, 29], label_0=7, label_1=9
  Building window datasets...
    WindowDataset: 2520 windows (class_0=1320, class_1=1200)
    WindowDataset: 840 windows (class_0=420, class_1=420)
    WindowDataset: 960 windows (class_0=420, class_1=540)
[LaBraM] Loaded 219/221 params from weights/labram-base/model.safetensors
[LaBraM] Missing: ['fc_norm.weight', 'fc_norm.bias']
  Fold 2 | Ep   1/50 | t_loss=0.1823 t_acc=0.525 | v_win_bal=0.420 v_rec_bal=0.500 | lr=3.3e-06 | 28.7s
  Fold 2 | Ep   2/50 | t_loss=0.1704 t_acc=0.566 | v_win_bal=0.493 v_rec_bal=0.500 | lr=6.7e-06 | 30.4s
  Fold 2 | Ep   3/50 | t_loss=0.1599 t_acc=0.620 | v_win_bal=0.501 v_rec_bal=0.571 | lr=1.0e-05 | 29.8s
  Fold 2 | Ep   4/50 | t_loss=0.1448 t_acc=0.682 | v_win_bal=0.618 v_rec_bal=0.643 | lr=1.0e-05 | 29.0s
  Fold 2 | Ep   5/50 | t_loss=0.1278 t_acc=0.754 | v_win_bal=0.631 v_rec_bal=0.643 | lr=1.0e-05 | 29.5s
  Fold 2 | Ep   6/50 | t_loss=0.1127 t_acc=0.815 | v_win_bal=0.624 v_rec_bal=0.714 | lr=9.9e-06 | 29.1s
  Fold 2 | Ep   7/50 | t_loss=0.1074 t_acc=0.840 | v_win_bal=0.637 v_rec_bal=0.786 | lr=9.8e-06 | 30.1s
  Fold 2 | Ep   8/50 | t_loss=0.0965 t_acc=0.877 | v_win_bal=0.600 v_rec_bal=0.643 | lr=9.7e-06 | 30.5s
  Fold 2 | Ep   9/50 | t_loss=0.0891 t_acc=0.900 | v_win_bal=0.624 v_rec_bal=0.643 | lr=9.6e-06 | 33.1s
  Fold 2 | Ep  10/50 | t_loss=0.0778 t_acc=0.925 | v_win_bal=0.618 v_rec_bal=0.643 | lr=9.5e-06 | 29.2s
  Fold 2 | Ep  11/50 | t_loss=0.0682 t_acc=0.939 | v_win_bal=0.595 v_rec_bal=0.786 | lr=9.3e-06 | 30.4s
  Fold 2 | Ep  12/50 | t_loss=0.0530 t_acc=0.960 | v_win_bal=0.606 v_rec_bal=0.714 | lr=9.1e-06 | 29.7s
  Fold 2 | Ep  13/50 | t_loss=0.0404 t_acc=0.973 | v_win_bal=0.606 v_rec_bal=0.643 | lr=8.9e-06 | 29.0s
  Fold 2 | Ep  14/50 | t_loss=0.0288 t_acc=0.980 | v_win_bal=0.617 v_rec_bal=0.786 | lr=8.7e-06 | 30.2s
  Fold 2 | Ep  15/50 | t_loss=0.0157 t_acc=0.990 | v_win_bal=0.613 v_rec_bal=0.786 | lr=8.5e-06 | 30.0s
  Fold 2 | Ep  16/50 | t_loss=0.0108 t_acc=0.992 | v_win_bal=0.599 v_rec_bal=0.786 | lr=8.2e-06 | 28.6s
  Fold 2 | Ep  17/50 | t_loss=0.0070 t_acc=0.996 | v_win_bal=0.588 v_rec_bal=0.786 | lr=8.0e-06 | 29.3s
  Fold 2 | Ep  18/50 | t_loss=0.0046 t_acc=0.997 | v_win_bal=0.595 v_rec_bal=0.643 | lr=7.7e-06 | 28.6s
  Fold 2 | Ep  19/50 | t_loss=0.0024 t_acc=0.999 | v_win_bal=0.580 v_rec_bal=0.643 | lr=7.4e-06 | 30.3s
  Fold 2 | Ep  20/50 | t_loss=0.0014 t_acc=0.999 | v_win_bal=0.620 v_rec_bal=0.714 | lr=7.1e-06 | 29.3s
  Fold 2 | Ep  21/50 | t_loss=0.0010 t_acc=1.000 | v_win_bal=0.598 v_rec_bal=0.714 | lr=6.8e-06 | 29.4s
  Fold 2 | Ep  22/50 | t_loss=0.0008 t_acc=1.000 | v_win_bal=0.604 v_rec_bal=0.714 | lr=6.5e-06 | 29.1s
  Fold 2 | Ep  23/50 | t_loss=0.0002 t_acc=1.000 | v_win_bal=0.596 v_rec_bal=0.714 | lr=6.2e-06 | 29.8s
  Fold 2 | Ep  24/50 | t_loss=0.0004 t_acc=1.000 | v_win_bal=0.605 v_rec_bal=0.714 | lr=5.8e-06 | 29.7s
  Fold 2 | Ep  25/50 | t_loss=0.0000 t_acc=1.000 | v_win_bal=0.596 v_rec_bal=0.714 | lr=5.5e-06 | 28.7s
  Fold 2 | Ep  26/50 | t_loss=0.0000 t_acc=1.000 | v_win_bal=0.599 v_rec_bal=0.714 | lr=5.2e-06 | 29.3s
  Fold 2 | Ep  27/50 | t_loss=0.0000 t_acc=1.000 | v_win_bal=0.605 v_rec_bal=0.714 | lr=4.8e-06 | 28.8s
  Fold 2 | Ep  28/50 | t_loss=0.0000 t_acc=1.000 | v_win_bal=0.596 v_rec_bal=0.714 | lr=4.5e-06 | 28.8s
  Fold 2 | Ep  29/50 | t_loss=0.0000 t_acc=1.000 | v_win_bal=0.596 v_rec_bal=0.714 | lr=4.2e-06 | 29.8s
  Fold 2 | Ep  30/50 | t_loss=0.0000 t_acc=1.000 | v_win_bal=0.600 v_rec_bal=0.714 | lr=3.8e-06 | 34.5s
  Fold 2 | Ep  31/50 | t_loss=0.0000 t_acc=1.000 | v_win_bal=0.594 v_rec_bal=0.786 | lr=3.5e-06 | 30.2s
  Early stop at epoch 31
  -> Test (best @ epoch 7): acc=0.3125, bal_acc=0.3254

============================================================
Fold 3/5
============================================================
  Train:  44 samples, 22 subjects [2, 6, 7, 9, 10, 11, 12, 13, 15, 16, 18, 19, 22, 23, 25, 29, 31, 32, 34, 35, 36, 37], label_0=21, label_1=23
    Val:  14 samples,  7 subjects [4, 17, 24, 26, 27, 30, 38], label_0=7, label_1=7
   Test:  14 samples,  7 subjects [1, 5, 8, 14, 20, 21, 33], label_0=8, label_1=6
  Building window datasets...
    WindowDataset: 2640 windows (class_0=1260, class_1=1380)
    WindowDataset: 840 windows (class_0=420, class_1=420)
    WindowDataset: 840 windows (class_0=480, class_1=360)
[LaBraM] Loaded 219/221 params from weights/labram-base/model.safetensors
[LaBraM] Missing: ['fc_norm.weight', 'fc_norm.bias']
  Fold 3 | Ep   1/50 | t_loss=0.1749 t_acc=0.500 | v_win_bal=0.482 v_rec_bal=0.429 | lr=3.3e-06 | 30.7s
  Fold 3 | Ep   2/50 | t_loss=0.1697 t_acc=0.579 | v_win_bal=0.504 v_rec_bal=0.429 | lr=6.7e-06 | 31.2s
  Fold 3 | Ep   3/50 | t_loss=0.1585 t_acc=0.646 | v_win_bal=0.577 v_rec_bal=0.643 | lr=1.0e-05 | 30.0s
  Fold 3 | Ep   4/50 | t_loss=0.1343 t_acc=0.732 | v_win_bal=0.593 v_rec_bal=0.571 | lr=1.0e-05 | 30.5s
  Fold 3 | Ep   5/50 | t_loss=0.1152 t_acc=0.787 | v_win_bal=0.625 v_rec_bal=0.714 | lr=1.0e-05 | 31.3s
  Fold 3 | Ep   6/50 | t_loss=0.1041 t_acc=0.824 | v_win_bal=0.640 v_rec_bal=0.714 | lr=9.9e-06 | 30.9s
  Fold 3 | Ep   7/50 | t_loss=0.0905 t_acc=0.861 | v_win_bal=0.636 v_rec_bal=0.714 | lr=9.8e-06 | 30.9s
  Fold 3 | Ep   8/50 | t_loss=0.0886 t_acc=0.886 | v_win_bal=0.648 v_rec_bal=0.714 | lr=9.7e-06 | 31.2s
  Fold 3 | Ep   9/50 | t_loss=0.0815 t_acc=0.906 | v_win_bal=0.630 v_rec_bal=0.714 | lr=9.6e-06 | 30.3s
  Fold 3 | Ep  10/50 | t_loss=0.0743 t_acc=0.928 | v_win_bal=0.627 v_rec_bal=0.714 | lr=9.5e-06 | 32.2s
  Fold 3 | Ep  11/50 | t_loss=0.0617 t_acc=0.948 | v_win_bal=0.625 v_rec_bal=0.571 | lr=9.3e-06 | 30.8s
  Fold 3 | Ep  12/50 | t_loss=0.0528 t_acc=0.958 | v_win_bal=0.635 v_rec_bal=0.714 | lr=9.1e-06 | 39.5s
  Fold 3 | Ep  13/50 | t_loss=0.0415 t_acc=0.970 | v_win_bal=0.631 v_rec_bal=0.714 | lr=8.9e-06 | 34.7s
  Fold 3 | Ep  14/50 | t_loss=0.0314 t_acc=0.978 | v_win_bal=0.639 v_rec_bal=0.714 | lr=8.7e-06 | 36.6s
  Fold 3 | Ep  15/50 | t_loss=0.0218 t_acc=0.986 | v_win_bal=0.633 v_rec_bal=0.714 | lr=8.5e-06 | 32.9s
  Fold 3 | Ep  16/50 | t_loss=0.0165 t_acc=0.988 | v_win_bal=0.621 v_rec_bal=0.714 | lr=8.2e-06 | 31.9s
  Fold 3 | Ep  17/50 | t_loss=0.0103 t_acc=0.993 | v_win_bal=0.646 v_rec_bal=0.714 | lr=8.0e-06 | 32.5s
  Fold 3 | Ep  18/50 | t_loss=0.0050 t_acc=0.997 | v_win_bal=0.631 v_rec_bal=0.714 | lr=7.7e-06 | 33.6s
  Fold 3 | Ep  19/50 | t_loss=0.0034 t_acc=0.998 | v_win_bal=0.639 v_rec_bal=0.714 | lr=7.4e-06 | 35.5s
  Fold 3 | Ep  20/50 | t_loss=0.0020 t_acc=0.998 | v_win_bal=0.636 v_rec_bal=0.786 | lr=7.1e-06 | 35.0s
  Fold 3 | Ep  21/50 | t_loss=0.0006 t_acc=0.999 | v_win_bal=0.615 v_rec_bal=0.643 | lr=6.8e-06 | 34.5s
  Fold 3 | Ep  22/50 | t_loss=0.0000 t_acc=1.000 | v_win_bal=0.630 v_rec_bal=0.786 | lr=6.5e-06 | 34.5s
  Fold 3 | Ep  23/50 | t_loss=0.0025 t_acc=0.998 | v_win_bal=0.631 v_rec_bal=0.714 | lr=6.2e-06 | 35.3s
  Fold 3 | Ep  24/50 | t_loss=0.0000 t_acc=1.000 | v_win_bal=0.636 v_rec_bal=0.643 | lr=5.8e-06 | 36.2s
  Fold 3 | Ep  25/50 | t_loss=0.0000 t_acc=1.000 | v_win_bal=0.632 v_rec_bal=0.714 | lr=5.5e-06 | 35.4s
  Fold 3 | Ep  26/50 | t_loss=0.0000 t_acc=1.000 | v_win_bal=0.631 v_rec_bal=0.714 | lr=5.2e-06 | 34.6s
  Fold 3 | Ep  27/50 | t_loss=0.0000 t_acc=1.000 | v_win_bal=0.632 v_rec_bal=0.714 | lr=4.8e-06 | 33.9s
  Fold 3 | Ep  28/50 | t_loss=0.0000 t_acc=1.000 | v_win_bal=0.633 v_rec_bal=0.714 | lr=4.5e-06 | 37.8s
  Fold 3 | Ep  29/50 | t_loss=0.0000 t_acc=1.000 | v_win_bal=0.629 v_rec_bal=0.714 | lr=4.2e-06 | 33.9s
  Fold 3 | Ep  30/50 | t_loss=0.0000 t_acc=1.000 | v_win_bal=0.630 v_rec_bal=0.786 | lr=3.8e-06 | 34.5s
  Fold 3 | Ep  31/50 | t_loss=0.0000 t_acc=1.000 | v_win_bal=0.636 v_rec_bal=0.714 | lr=3.5e-06 | 33.9s
  Fold 3 | Ep  32/50 | t_loss=0.0000 t_acc=1.000 | v_win_bal=0.633 v_rec_bal=0.786 | lr=3.2e-06 | 36.1s
  Fold 3 | Ep  33/50 | t_loss=0.0000 t_acc=1.000 | v_win_bal=0.631 v_rec_bal=0.714 | lr=2.9e-06 | 35.3s
  Fold 3 | Ep  34/50 | t_loss=0.0000 t_acc=1.000 | v_win_bal=0.632 v_rec_bal=0.714 | lr=2.6e-06 | 34.9s
  Fold 3 | Ep  35/50 | t_loss=0.0000 t_acc=1.000 | v_win_bal=0.629 v_rec_bal=0.643 | lr=2.3e-06 | 36.2s
  Fold 3 | Ep  36/50 | t_loss=0.0000 t_acc=1.000 | v_win_bal=0.627 v_rec_bal=0.786 | lr=2.0e-06 | 34.0s
  Fold 3 | Ep  37/50 | t_loss=0.0000 t_acc=1.000 | v_win_bal=0.631 v_rec_bal=0.643 | lr=1.8e-06 | 37.3s
  Fold 3 | Ep  38/50 | t_loss=0.0000 t_acc=1.000 | v_win_bal=0.631 v_rec_bal=0.643 | lr=1.5e-06 | 37.3s
  Fold 3 | Ep  39/50 | t_loss=0.0000 t_acc=1.000 | v_win_bal=0.632 v_rec_bal=0.786 | lr=1.3e-06 | 37.3s
  Fold 3 | Ep  40/50 | t_loss=0.0000 t_acc=1.000 | v_win_bal=0.631 v_rec_bal=0.714 | lr=1.1e-06 | 35.3s
  Fold 3 | Ep  41/50 | t_loss=0.0000 t_acc=1.000 | v_win_bal=0.627 v_rec_bal=0.643 | lr=8.8e-07 | 35.4s
  Fold 3 | Ep  42/50 | t_loss=0.0000 t_acc=1.000 | v_win_bal=0.632 v_rec_bal=0.714 | lr=7.0e-07 | 39.6s
  Fold 3 | Ep  43/50 | t_loss=0.0000 t_acc=1.000 | v_win_bal=0.626 v_rec_bal=0.643 | lr=5.4e-07 | 34.9s
  Fold 3 | Ep  44/50 | t_loss=0.0000 t_acc=1.000 | v_win_bal=0.632 v_rec_bal=0.643 | lr=4.0e-07 | 36.6s
  Fold 3 | Ep  45/50 | t_loss=0.0000 t_acc=1.000 | v_win_bal=0.629 v_rec_bal=0.714 | lr=2.8e-07 | 35.2s
  Fold 3 | Ep  46/50 | t_loss=0.0000 t_acc=1.000 | v_win_bal=0.632 v_rec_bal=0.714 | lr=1.8e-07 | 35.6s
  Fold 3 | Ep  47/50 | t_loss=0.0000 t_acc=1.000 | v_win_bal=0.630 v_rec_bal=0.643 | lr=1.0e-07 | 35.2s
  Early stop at epoch 47
  -> Test (best @ epoch 20): acc=0.4286, bal_acc=0.4583

============================================================
Fold 4/5
============================================================
  Train:  42 samples, 21 subjects [2, 5, 6, 7, 8, 9, 11, 12, 15, 19, 20, 21, 25, 26, 27, 29, 30, 31, 32, 33, 36], label_0=19, label_1=23
    Val:  16 samples,  8 subjects [1, 4, 14, 18, 23, 24, 37, 38], label_0=9, label_1=7
   Test:  14 samples,  7 subjects [10, 13, 16, 17, 22, 34, 35], label_0=8, label_1=6
  Building window datasets...
    WindowDataset: 2520 windows (class_0=1140, class_1=1380)
    WindowDataset: 960 windows (class_0=540, class_1=420)
    WindowDataset: 840 windows (class_0=480, class_1=360)
[LaBraM] Loaded 219/221 params from weights/labram-base/model.safetensors
[LaBraM] Missing: ['fc_norm.weight', 'fc_norm.bias']
  Fold 4 | Ep   1/50 | t_loss=0.1747 t_acc=0.548 | v_win_bal=0.534 v_rec_bal=0.516 | lr=3.3e-06 | 34.7s
  Fold 4 | Ep   2/50 | t_loss=0.1670 t_acc=0.591 | v_win_bal=0.504 v_rec_bal=0.460 | lr=6.7e-06 | 33.6s
  Fold 4 | Ep   3/50 | t_loss=0.1575 t_acc=0.654 | v_win_bal=0.497 v_rec_bal=0.532 | lr=1.0e-05 | 35.7s
  Fold 4 | Ep   4/50 | t_loss=0.1427 t_acc=0.708 | v_win_bal=0.474 v_rec_bal=0.524 | lr=1.0e-05 | 33.7s
  Fold 4 | Ep   5/50 | t_loss=0.1252 t_acc=0.765 | v_win_bal=0.492 v_rec_bal=0.532 | lr=1.0e-05 | 33.7s
  Fold 4 | Ep   6/50 | t_loss=0.1116 t_acc=0.807 | v_win_bal=0.523 v_rec_bal=0.460 | lr=9.9e-06 | 36.2s
  Fold 4 | Ep   7/50 | t_loss=0.1044 t_acc=0.840 | v_win_bal=0.511 v_rec_bal=0.421 | lr=9.8e-06 | 32.9s
  Fold 4 | Ep   8/50 | t_loss=0.1009 t_acc=0.860 | v_win_bal=0.496 v_rec_bal=0.508 | lr=9.7e-06 | 34.6s
  Fold 4 | Ep   9/50 | t_loss=0.0896 t_acc=0.893 | v_win_bal=0.528 v_rec_bal=0.532 | lr=9.6e-06 | 35.6s
  Fold 4 | Ep  10/50 | t_loss=0.0739 t_acc=0.921 | v_win_bal=0.530 v_rec_bal=0.476 | lr=9.5e-06 | 33.3s
  Fold 4 | Ep  11/50 | t_loss=0.0681 t_acc=0.934 | v_win_bal=0.537 v_rec_bal=0.532 | lr=9.3e-06 | 33.0s
  Fold 4 | Ep  12/50 | t_loss=0.0580 t_acc=0.954 | v_win_bal=0.548 v_rec_bal=0.603 | lr=9.1e-06 | 36.2s
  Fold 4 | Ep  13/50 | t_loss=0.0470 t_acc=0.968 | v_win_bal=0.540 v_rec_bal=0.548 | lr=8.9e-06 | 32.9s
  Fold 4 | Ep  14/50 | t_loss=0.0343 t_acc=0.974 | v_win_bal=0.526 v_rec_bal=0.508 | lr=8.7e-06 | 32.1s
  Fold 4 | Ep  15/50 | t_loss=0.0259 t_acc=0.983 | v_win_bal=0.544 v_rec_bal=0.619 | lr=8.5e-06 | 32.8s
  Fold 4 | Ep  16/50 | t_loss=0.0216 t_acc=0.986 | v_win_bal=0.565 v_rec_bal=0.587 | lr=8.2e-06 | 34.5s
  Fold 4 | Ep  17/50 | t_loss=0.0126 t_acc=0.990 | v_win_bal=0.525 v_rec_bal=0.619 | lr=8.0e-06 | 34.0s
  Fold 4 | Ep  18/50 | t_loss=0.0073 t_acc=0.995 | v_win_bal=0.526 v_rec_bal=0.563 | lr=7.7e-06 | 32.4s
  Fold 4 | Ep  19/50 | t_loss=0.0036 t_acc=0.998 | v_win_bal=0.564 v_rec_bal=0.659 | lr=7.4e-06 | 33.4s
  Fold 4 | Ep  20/50 | t_loss=0.0036 t_acc=0.998 | v_win_bal=0.556 v_rec_bal=0.603 | lr=7.1e-06 | 32.7s
  Fold 4 | Ep  21/50 | t_loss=0.0009 t_acc=0.999 | v_win_bal=0.555 v_rec_bal=0.603 | lr=6.8e-06 | 33.3s
  Fold 4 | Ep  22/50 | t_loss=0.0004 t_acc=1.000 | v_win_bal=0.549 v_rec_bal=0.619 | lr=6.5e-06 | 32.6s
  Fold 4 | Ep  23/50 | t_loss=0.0005 t_acc=1.000 | v_win_bal=0.529 v_rec_bal=0.595 | lr=6.2e-06 | 32.4s
  Fold 4 | Ep  24/50 | t_loss=0.0000 t_acc=1.000 | v_win_bal=0.556 v_rec_bal=0.603 | lr=5.8e-06 | 32.2s
  Fold 4 | Ep  25/50 | t_loss=0.0000 t_acc=1.000 | v_win_bal=0.547 v_rec_bal=0.532 | lr=5.5e-06 | 31.7s
  Fold 4 | Ep  26/50 | t_loss=0.0000 t_acc=1.000 | v_win_bal=0.554 v_rec_bal=0.675 | lr=5.2e-06 | 34.6s
  Fold 4 | Ep  27/50 | t_loss=0.0000 t_acc=1.000 | v_win_bal=0.549 v_rec_bal=0.603 | lr=4.8e-06 | 34.0s
  Fold 4 | Ep  28/50 | t_loss=0.0000 t_acc=1.000 | v_win_bal=0.553 v_rec_bal=0.603 | lr=4.5e-06 | 33.3s
  Fold 4 | Ep  29/50 | t_loss=0.0000 t_acc=1.000 | v_win_bal=0.542 v_rec_bal=0.603 | lr=4.2e-06 | 33.4s
  Fold 4 | Ep  30/50 | t_loss=0.0000 t_acc=1.000 | v_win_bal=0.552 v_rec_bal=0.603 | lr=3.8e-06 | 32.4s
  Fold 4 | Ep  31/50 | t_loss=0.0000 t_acc=1.000 | v_win_bal=0.547 v_rec_bal=0.603 | lr=3.5e-06 | 32.6s
  Fold 4 | Ep  32/50 | t_loss=0.0000 t_acc=1.000 | v_win_bal=0.551 v_rec_bal=0.675 | lr=3.2e-06 | 33.5s
  Fold 4 | Ep  33/50 | t_loss=0.0000 t_acc=1.000 | v_win_bal=0.547 v_rec_bal=0.675 | lr=2.9e-06 | 32.3s
  Fold 4 | Ep  34/50 | t_loss=0.0000 t_acc=1.000 | v_win_bal=0.547 v_rec_bal=0.603 | lr=2.6e-06 | 33.6s
  Fold 4 | Ep  35/50 | t_loss=0.0000 t_acc=1.000 | v_win_bal=0.544 v_rec_bal=0.603 | lr=2.3e-06 | 32.6s
  Fold 4 | Ep  36/50 | t_loss=0.0000 t_acc=1.000 | v_win_bal=0.552 v_rec_bal=0.603 | lr=2.0e-06 | 32.5s
  Fold 4 | Ep  37/50 | t_loss=0.0000 t_acc=1.000 | v_win_bal=0.551 v_rec_bal=0.675 | lr=1.8e-06 | 32.7s
  Fold 4 | Ep  38/50 | t_loss=0.0000 t_acc=1.000 | v_win_bal=0.549 v_rec_bal=0.675 | lr=1.5e-06 | 32.8s
  Fold 4 | Ep  39/50 | t_loss=0.0000 t_acc=1.000 | v_win_bal=0.549 v_rec_bal=0.675 | lr=1.3e-06 | 33.9s
  Fold 4 | Ep  40/50 | t_loss=0.0000 t_acc=1.000 | v_win_bal=0.548 v_rec_bal=0.675 | lr=1.1e-06 | 32.7s
  Fold 4 | Ep  41/50 | t_loss=0.0000 t_acc=1.000 | v_win_bal=0.546 v_rec_bal=0.675 | lr=8.8e-07 | 32.6s
  Fold 4 | Ep  42/50 | t_loss=0.0000 t_acc=1.000 | v_win_bal=0.552 v_rec_bal=0.675 | lr=7.0e-07 | 36.5s
  Fold 4 | Ep  43/50 | t_loss=0.0000 t_acc=1.000 | v_win_bal=0.552 v_rec_bal=0.675 | lr=5.4e-07 | 32.2s
  Fold 4 | Ep  44/50 | t_loss=0.0000 t_acc=1.000 | v_win_bal=0.544 v_rec_bal=0.675 | lr=4.0e-07 | 34.2s
  Fold 4 | Ep  45/50 | t_loss=0.0000 t_acc=1.000 | v_win_bal=0.544 v_rec_bal=0.675 | lr=2.8e-07 | 32.0s
  Fold 4 | Ep  46/50 | t_loss=0.0000 t_acc=1.000 | v_win_bal=0.545 v_rec_bal=0.675 | lr=1.8e-07 | 32.1s
  Fold 4 | Ep  47/50 | t_loss=0.0000 t_acc=1.000 | v_win_bal=0.551 v_rec_bal=0.675 | lr=1.0e-07 | 34.5s
  Fold 4 | Ep  48/50 | t_loss=0.0000 t_acc=1.000 | v_win_bal=0.549 v_rec_bal=0.675 | lr=1.0e-07 | 32.3s
  Fold 4 | Ep  49/50 | t_loss=0.0000 t_acc=1.000 | v_win_bal=0.549 v_rec_bal=0.675 | lr=1.0e-07 | 33.8s
  Fold 4 | Ep  50/50 | t_loss=0.0000 t_acc=1.000 | v_win_bal=0.547 v_rec_bal=0.675 | lr=1.0e-07 | 33.4s
  -> Test (best @ epoch 26): acc=0.6429, bal_acc=0.6458

============================================================
Fold 5/5
============================================================
  Train:  42 samples, 21 subjects [1, 2, 5, 8, 9, 10, 13, 14, 15, 16, 17, 22, 24, 25, 27, 29, 31, 33, 34, 35, 38], label_0=23, label_1=19
    Val:  16 samples,  8 subjects [4, 6, 12, 19, 20, 21, 32, 37], label_0=7, label_1=9
   Test:  14 samples,  7 subjects [7, 11, 18, 23, 26, 30, 36], label_0=6, label_1=8
  Building window datasets...
    WindowDataset: 2520 windows (class_0=1380, class_1=1140)
    WindowDataset: 960 windows (class_0=420, class_1=540)
    WindowDataset: 840 windows (class_0=360, class_1=480)
[LaBraM] Loaded 219/221 params from weights/labram-base/model.safetensors
[LaBraM] Missing: ['fc_norm.weight', 'fc_norm.bias']
  Fold 5 | Ep   1/50 | t_loss=0.1894 t_acc=0.549 | v_win_bal=0.501 v_rec_bal=0.579 | lr=3.3e-06 | 33.4s
  Fold 5 | Ep   2/50 | t_loss=0.1687 t_acc=0.611 | v_win_bal=0.483 v_rec_bal=0.476 | lr=6.7e-06 | 31.5s
  Fold 5 | Ep   3/50 | t_loss=0.1524 t_acc=0.682 | v_win_bal=0.481 v_rec_bal=0.492 | lr=1.0e-05 | 33.2s
  Fold 5 | Ep   4/50 | t_loss=0.1297 t_acc=0.747 | v_win_bal=0.494 v_rec_bal=0.563 | lr=1.0e-05 | 32.7s
  Fold 5 | Ep   5/50 | t_loss=0.1096 t_acc=0.811 | v_win_bal=0.520 v_rec_bal=0.563 | lr=1.0e-05 | 32.9s
  Fold 5 | Ep   6/50 | t_loss=0.0959 t_acc=0.847 | v_win_bal=0.512 v_rec_bal=0.563 | lr=9.9e-06 | 32.0s
  Fold 5 | Ep   7/50 | t_loss=0.0923 t_acc=0.875 | v_win_bal=0.520 v_rec_bal=0.563 | lr=9.8e-06 | 33.3s
  Fold 5 | Ep   8/50 | t_loss=0.0858 t_acc=0.894 | v_win_bal=0.523 v_rec_bal=0.563 | lr=9.7e-06 | 33.5s
  Fold 5 | Ep   9/50 | t_loss=0.0785 t_acc=0.916 | v_win_bal=0.530 v_rec_bal=0.563 | lr=9.6e-06 | 32.3s
  Fold 5 | Ep  10/50 | t_loss=0.0672 t_acc=0.940 | v_win_bal=0.522 v_rec_bal=0.563 | lr=9.5e-06 | 32.8s
  Fold 5 | Ep  11/50 | t_loss=0.0583 t_acc=0.951 | v_win_bal=0.511 v_rec_bal=0.563 | lr=9.3e-06 | 31.7s
  Fold 5 | Ep  12/50 | t_loss=0.0449 t_acc=0.960 | v_win_bal=0.523 v_rec_bal=0.563 | lr=9.1e-06 | 32.5s
  Fold 5 | Ep  13/50 | t_loss=0.0351 t_acc=0.974 | v_win_bal=0.526 v_rec_bal=0.563 | lr=8.9e-06 | 36.3s
  Fold 5 | Ep  14/50 | t_loss=0.0274 t_acc=0.984 | v_win_bal=0.529 v_rec_bal=0.619 | lr=8.7e-06 | 34.3s
  Fold 5 | Ep  15/50 | t_loss=0.0165 t_acc=0.989 | v_win_bal=0.518 v_rec_bal=0.563 | lr=8.5e-06 | 34.4s
  Fold 5 | Ep  16/50 | t_loss=0.0110 t_acc=0.994 | v_win_bal=0.524 v_rec_bal=0.563 | lr=8.2e-06 | 33.6s
  Fold 5 | Ep  17/50 | t_loss=0.0069 t_acc=0.996 | v_win_bal=0.543 v_rec_bal=0.563 | lr=8.0e-06 | 33.2s
  Fold 5 | Ep  18/50 | t_loss=0.0041 t_acc=0.997 | v_win_bal=0.530 v_rec_bal=0.563 | lr=7.7e-06 | 33.2s
  Fold 5 | Ep  19/50 | t_loss=0.0016 t_acc=0.999 | v_win_bal=0.521 v_rec_bal=0.563 | lr=7.4e-06 | 32.7s
  Fold 5 | Ep  20/50 | t_loss=0.0001 t_acc=1.000 | v_win_bal=0.529 v_rec_bal=0.619 | lr=7.1e-06 | 33.9s
  Fold 5 | Ep  21/50 | t_loss=0.0001 t_acc=1.000 | v_win_bal=0.524 v_rec_bal=0.563 | lr=6.8e-06 | 33.4s
  Fold 5 | Ep  22/50 | t_loss=0.0000 t_acc=1.000 | v_win_bal=0.520 v_rec_bal=0.563 | lr=6.5e-06 | 34.2s
  Fold 5 | Ep  23/50 | t_loss=0.0000 t_acc=1.000 | v_win_bal=0.530 v_rec_bal=0.563 | lr=6.2e-06 | 33.4s
  Fold 5 | Ep  24/50 | t_loss=0.0000 t_acc=1.000 | v_win_bal=0.528 v_rec_bal=0.563 | lr=5.8e-06 | 35.0s
  Fold 5 | Ep  25/50 | t_loss=0.0000 t_acc=1.000 | v_win_bal=0.530 v_rec_bal=0.563 | lr=5.5e-06 | 33.0s
  Fold 5 | Ep  26/50 | t_loss=0.0000 t_acc=1.000 | v_win_bal=0.531 v_rec_bal=0.563 | lr=5.2e-06 | 36.1s
  Fold 5 | Ep  27/50 | t_loss=0.0000 t_acc=1.000 | v_win_bal=0.531 v_rec_bal=0.563 | lr=4.8e-06 | 32.2s
  Fold 5 | Ep  28/50 | t_loss=0.0000 t_acc=1.000 | v_win_bal=0.528 v_rec_bal=0.563 | lr=4.5e-06 | 31.7s
  Fold 5 | Ep  29/50 | t_loss=0.0000 t_acc=1.000 | v_win_bal=0.527 v_rec_bal=0.563 | lr=4.2e-06 | 32.7s
  Early stop at epoch 29
  -> Test (best @ epoch 14): acc=0.6429, bal_acc=0.6458

============================================================
Global Results (5-Fold, subject-level CV)
Mode: FT | Extractor: labram | Loss: focal
============================================================
              acc: 0.4861
          bal_acc: 0.4861
               f1: 0.4852
            kappa: -0.0278
  Total predictions: 72 (should equal dataset size: 72)

Results saved to results/studies/exp27_paired_null/sleepdep/perm_s23/
