/raid/jupyter-linjimmy1003.md10/.conda/envs/stress/lib/python3.11/site-packages/timm/models/layers/__init__.py:49: FutureWarning: Importing from timm.models.layers is deprecated, please import via timm.layers
  warnings.warn(f"Importing from {__name__} is deprecated, please import via timm.layers", FutureWarning)
Mode: FT | Extractor: labram | Folds: 5
LR: 1e-05 | WD: 0.01 | Beta2: 0.999 | Grad clip: 2.0
Head: hidden=128, dropout=0.0 | Norm: zscore | Loss: focal
Full FT: encoder_lr_scale=0.1

Results → results/studies/exp27_paired_null/sleepdep/perm_s3/
[INFO] Skipped 0 subjects (incomplete sessions), 0 subjects (no SessionOrder), 2 subjects (failed cache markers)
SleepDep: 72 recordings from 36 subjects (SD=36, NS=36)
SleepDep: 72 recordings, 36 subjects (SD=36, NS=36)
[permute-labels] Recording-level shuffle with rng seed 3. Class balance preserved: 36 pos / 36 neg

============================================================
Fold 1/5
============================================================
  Train:  44 samples, 22 subjects [1, 2, 4, 5, 7, 8, 11, 12, 13, 16, 18, 19, 20, 22, 25, 26, 27, 29, 30, 33, 37, 38], label_0=22, label_1=22
    Val:  14 samples,  7 subjects [6, 10, 14, 21, 31, 34, 36], label_0=7, label_1=7
   Test:  14 samples,  7 subjects [9, 15, 17, 23, 24, 32, 35], label_0=7, label_1=7
  Building window datasets...
    WindowDataset: 2640 windows (class_0=1320, class_1=1320)
    WindowDataset: 840 windows (class_0=420, class_1=420)
    WindowDataset: 840 windows (class_0=420, class_1=420)
[LaBraM] Loaded 219/221 params from weights/labram-base/model.safetensors
[LaBraM] Missing: ['fc_norm.weight', 'fc_norm.bias']
  Trainable parameters: 5,871,779
  Class weights: [1.0, 1.0]
  Fold 1 | Ep   1/50 | t_loss=0.1939 t_acc=0.495 | v_win_bal=0.494 v_rec_bal=0.429 | lr=3.3e-06 | 33.1s
  Fold 1 | Ep   2/50 | t_loss=0.1719 t_acc=0.550 | v_win_bal=0.457 v_rec_bal=0.500 | lr=6.7e-06 | 30.5s
  Fold 1 | Ep   3/50 | t_loss=0.1659 t_acc=0.599 | v_win_bal=0.367 v_rec_bal=0.214 | lr=1.0e-05 | 30.6s
  Fold 1 | Ep   4/50 | t_loss=0.1527 t_acc=0.679 | v_win_bal=0.361 v_rec_bal=0.286 | lr=1.0e-05 | 30.8s
  Fold 1 | Ep   5/50 | t_loss=0.1331 t_acc=0.740 | v_win_bal=0.379 v_rec_bal=0.357 | lr=1.0e-05 | 30.8s
  Fold 1 | Ep   6/50 | t_loss=0.1128 t_acc=0.794 | v_win_bal=0.364 v_rec_bal=0.286 | lr=9.9e-06 | 30.8s
  Fold 1 | Ep   7/50 | t_loss=0.0944 t_acc=0.844 | v_win_bal=0.405 v_rec_bal=0.286 | lr=9.8e-06 | 30.8s
  Fold 1 | Ep   8/50 | t_loss=0.0792 t_acc=0.883 | v_win_bal=0.429 v_rec_bal=0.357 | lr=9.7e-06 | 30.2s
  Fold 1 | Ep   9/50 | t_loss=0.0670 t_acc=0.912 | v_win_bal=0.448 v_rec_bal=0.357 | lr=9.6e-06 | 30.8s
  Fold 1 | Ep  10/50 | t_loss=0.0555 t_acc=0.936 | v_win_bal=0.442 v_rec_bal=0.357 | lr=9.5e-06 | 30.3s
  Fold 1 | Ep  11/50 | t_loss=0.0472 t_acc=0.951 | v_win_bal=0.473 v_rec_bal=0.429 | lr=9.3e-06 | 30.8s
  Fold 1 | Ep  12/50 | t_loss=0.0375 t_acc=0.964 | v_win_bal=0.476 v_rec_bal=0.429 | lr=9.1e-06 | 30.1s
  Fold 1 | Ep  13/50 | t_loss=0.0234 t_acc=0.979 | v_win_bal=0.460 v_rec_bal=0.500 | lr=8.9e-06 | 30.2s
  Fold 1 | Ep  14/50 | t_loss=0.0134 t_acc=0.989 | v_win_bal=0.452 v_rec_bal=0.500 | lr=8.7e-06 | 29.7s
  Fold 1 | Ep  15/50 | t_loss=0.0085 t_acc=0.995 | v_win_bal=0.481 v_rec_bal=0.429 | lr=8.5e-06 | 30.1s
  Fold 1 | Ep  16/50 | t_loss=0.0041 t_acc=0.997 | v_win_bal=0.460 v_rec_bal=0.429 | lr=8.2e-06 | 30.1s
  Fold 1 | Ep  17/50 | t_loss=0.0025 t_acc=0.998 | v_win_bal=0.467 v_rec_bal=0.500 | lr=8.0e-06 | 30.4s
  Fold 1 | Ep  18/50 | t_loss=0.0013 t_acc=0.998 | v_win_bal=0.460 v_rec_bal=0.429 | lr=7.7e-06 | 31.6s
  Fold 1 | Ep  19/50 | t_loss=0.0000 t_acc=1.000 | v_win_bal=0.476 v_rec_bal=0.500 | lr=7.4e-06 | 30.1s
  Fold 1 | Ep  20/50 | t_loss=0.0000 t_acc=1.000 | v_win_bal=0.475 v_rec_bal=0.500 | lr=7.1e-06 | 30.0s
  Fold 1 | Ep  21/50 | t_loss=0.0000 t_acc=1.000 | v_win_bal=0.471 v_rec_bal=0.500 | lr=6.8e-06 | 29.9s
  Fold 1 | Ep  22/50 | t_loss=0.0000 t_acc=1.000 | v_win_bal=0.470 v_rec_bal=0.500 | lr=6.5e-06 | 30.1s
  Fold 1 | Ep  23/50 | t_loss=0.0000 t_acc=1.000 | v_win_bal=0.479 v_rec_bal=0.500 | lr=6.2e-06 | 30.3s
  Fold 1 | Ep  24/50 | t_loss=0.0000 t_acc=1.000 | v_win_bal=0.468 v_rec_bal=0.500 | lr=5.8e-06 | 29.5s
  Fold 1 | Ep  25/50 | t_loss=0.0000 t_acc=1.000 | v_win_bal=0.471 v_rec_bal=0.500 | lr=5.5e-06 | 29.5s
  Fold 1 | Ep  26/50 | t_loss=0.0000 t_acc=1.000 | v_win_bal=0.465 v_rec_bal=0.500 | lr=5.2e-06 | 29.6s
  Fold 1 | Ep  27/50 | t_loss=0.0000 t_acc=1.000 | v_win_bal=0.470 v_rec_bal=0.429 | lr=4.8e-06 | 29.6s
  Fold 1 | Ep  28/50 | t_loss=0.0000 t_acc=1.000 | v_win_bal=0.470 v_rec_bal=0.500 | lr=4.5e-06 | 29.4s
  Fold 1 | Ep  29/50 | t_loss=0.0000 t_acc=1.000 | v_win_bal=0.471 v_rec_bal=0.500 | lr=4.2e-06 | 30.4s
  Fold 1 | Ep  30/50 | t_loss=0.0000 t_acc=1.000 | v_win_bal=0.468 v_rec_bal=0.500 | lr=3.8e-06 | 30.5s
  Fold 1 | Ep  31/50 | t_loss=0.0000 t_acc=1.000 | v_win_bal=0.474 v_rec_bal=0.500 | lr=3.5e-06 | 30.2s
  Fold 1 | Ep  32/50 | t_loss=0.0000 t_acc=1.000 | v_win_bal=0.469 v_rec_bal=0.500 | lr=3.2e-06 | 32.3s
  Fold 1 | Ep  33/50 | t_loss=0.0000 t_acc=1.000 | v_win_bal=0.470 v_rec_bal=0.500 | lr=2.9e-06 | 29.9s
  Fold 1 | Ep  34/50 | t_loss=0.0000 t_acc=1.000 | v_win_bal=0.467 v_rec_bal=0.500 | lr=2.6e-06 | 29.7s
  Fold 1 | Ep  35/50 | t_loss=0.0000 t_acc=1.000 | v_win_bal=0.470 v_rec_bal=0.500 | lr=2.3e-06 | 29.5s
  Fold 1 | Ep  36/50 | t_loss=0.0000 t_acc=1.000 | v_win_bal=0.469 v_rec_bal=0.500 | lr=2.0e-06 | 29.7s
  Early stop at epoch 36
  -> Test (best @ epoch 2): acc=0.3571, bal_acc=0.3571

============================================================
Fold 2/5
============================================================
  Train:  44 samples, 22 subjects [2, 4, 5, 6, 8, 11, 12, 14, 15, 16, 19, 21, 22, 23, 25, 29, 31, 32, 34, 36, 37, 38], label_0=22, label_1=22
    Val:  14 samples,  7 subjects [9, 13, 17, 24, 26, 33, 35], label_0=7, label_1=7
   Test:  14 samples,  7 subjects [1, 7, 10, 18, 20, 27, 30], label_0=7, label_1=7
  Building window datasets...
    WindowDataset: 2640 windows (class_0=1320, class_1=1320)
    WindowDataset: 840 windows (class_0=420, class_1=420)
    WindowDataset: 840 windows (class_0=420, class_1=420)
[LaBraM] Loaded 219/221 params from weights/labram-base/model.safetensors
[LaBraM] Missing: ['fc_norm.weight', 'fc_norm.bias']
  Fold 2 | Ep   1/50 | t_loss=0.1724 t_acc=0.514 | v_win_bal=0.560 v_rec_bal=0.714 | lr=3.3e-06 | 29.7s
  Fold 2 | Ep   2/50 | t_loss=0.1695 t_acc=0.543 | v_win_bal=0.538 v_rec_bal=0.500 | lr=6.7e-06 | 29.6s
  Fold 2 | Ep   3/50 | t_loss=0.1645 t_acc=0.584 | v_win_bal=0.539 v_rec_bal=0.429 | lr=1.0e-05 | 29.8s
  Fold 2 | Ep   4/50 | t_loss=0.1517 t_acc=0.676 | v_win_bal=0.456 v_rec_bal=0.357 | lr=1.0e-05 | 30.0s
  Fold 2 | Ep   5/50 | t_loss=0.1290 t_acc=0.759 | v_win_bal=0.423 v_rec_bal=0.429 | lr=1.0e-05 | 30.4s
  Fold 2 | Ep   6/50 | t_loss=0.1057 t_acc=0.813 | v_win_bal=0.450 v_rec_bal=0.357 | lr=9.9e-06 | 30.6s
  Fold 2 | Ep   7/50 | t_loss=0.0895 t_acc=0.855 | v_win_bal=0.454 v_rec_bal=0.429 | lr=9.8e-06 | 30.4s
  Fold 2 | Ep   8/50 | t_loss=0.0753 t_acc=0.895 | v_win_bal=0.415 v_rec_bal=0.429 | lr=9.7e-06 | 30.0s
  Fold 2 | Ep   9/50 | t_loss=0.0617 t_acc=0.918 | v_win_bal=0.433 v_rec_bal=0.429 | lr=9.6e-06 | 30.0s
  Fold 2 | Ep  10/50 | t_loss=0.0522 t_acc=0.942 | v_win_bal=0.412 v_rec_bal=0.357 | lr=9.5e-06 | 29.9s
  Fold 2 | Ep  11/50 | t_loss=0.0391 t_acc=0.958 | v_win_bal=0.418 v_rec_bal=0.429 | lr=9.3e-06 | 31.7s
  Fold 2 | Ep  12/50 | t_loss=0.0267 t_acc=0.974 | v_win_bal=0.436 v_rec_bal=0.357 | lr=9.1e-06 | 30.0s
  Fold 2 | Ep  13/50 | t_loss=0.0173 t_acc=0.985 | v_win_bal=0.426 v_rec_bal=0.429 | lr=8.9e-06 | 29.8s
  Fold 2 | Ep  14/50 | t_loss=0.0112 t_acc=0.991 | v_win_bal=0.430 v_rec_bal=0.429 | lr=8.7e-06 | 29.5s
  Fold 2 | Ep  15/50 | t_loss=0.0064 t_acc=0.994 | v_win_bal=0.419 v_rec_bal=0.429 | lr=8.5e-06 | 29.6s
  Fold 2 | Ep  16/50 | t_loss=0.0033 t_acc=0.997 | v_win_bal=0.442 v_rec_bal=0.429 | lr=8.2e-06 | 30.2s
  Early stop at epoch 16
  -> Test (best @ epoch 1): acc=0.3571, bal_acc=0.3571

============================================================
Fold 3/5
============================================================
  Train:  44 samples, 22 subjects [1, 2, 5, 7, 9, 10, 11, 16, 17, 18, 19, 20, 22, 24, 26, 27, 29, 30, 31, 32, 35, 37], label_0=23, label_1=21
    Val:  14 samples,  7 subjects [4, 8, 13, 14, 15, 23, 36], label_0=7, label_1=7
   Test:  14 samples,  7 subjects [6, 12, 21, 25, 33, 34, 38], label_0=6, label_1=8
  Building window datasets...
    WindowDataset: 2640 windows (class_0=1380, class_1=1260)
    WindowDataset: 840 windows (class_0=420, class_1=420)
    WindowDataset: 840 windows (class_0=360, class_1=480)
[LaBraM] Loaded 219/221 params from weights/labram-base/model.safetensors
[LaBraM] Missing: ['fc_norm.weight', 'fc_norm.bias']
  Fold 3 | Ep   1/50 | t_loss=0.1712 t_acc=0.547 | v_win_bal=0.424 v_rec_bal=0.429 | lr=3.3e-06 | 30.4s
  Fold 3 | Ep   2/50 | t_loss=0.1653 t_acc=0.630 | v_win_bal=0.370 v_rec_bal=0.357 | lr=6.7e-06 | 30.5s
  Fold 3 | Ep   3/50 | t_loss=0.1544 t_acc=0.664 | v_win_bal=0.406 v_rec_bal=0.286 | lr=1.0e-05 | 29.8s
  Fold 3 | Ep   4/50 | t_loss=0.1340 t_acc=0.732 | v_win_bal=0.401 v_rec_bal=0.286 | lr=1.0e-05 | 29.5s
  Fold 3 | Ep   5/50 | t_loss=0.1132 t_acc=0.802 | v_win_bal=0.405 v_rec_bal=0.429 | lr=1.0e-05 | 29.6s
  Fold 3 | Ep   6/50 | t_loss=0.0996 t_acc=0.848 | v_win_bal=0.393 v_rec_bal=0.286 | lr=9.9e-06 | 29.8s
  Fold 3 | Ep   7/50 | t_loss=0.0970 t_acc=0.877 | v_win_bal=0.388 v_rec_bal=0.357 | lr=9.8e-06 | 29.3s
  Fold 3 | Ep   8/50 | t_loss=0.0813 t_acc=0.903 | v_win_bal=0.394 v_rec_bal=0.286 | lr=9.7e-06 | 29.8s
  Fold 3 | Ep   9/50 | t_loss=0.0764 t_acc=0.922 | v_win_bal=0.407 v_rec_bal=0.286 | lr=9.6e-06 | 29.8s
  Fold 3 | Ep  10/50 | t_loss=0.0699 t_acc=0.942 | v_win_bal=0.415 v_rec_bal=0.357 | lr=9.5e-06 | 31.8s
  Fold 3 | Ep  11/50 | t_loss=0.0575 t_acc=0.953 | v_win_bal=0.413 v_rec_bal=0.286 | lr=9.3e-06 | 29.8s
  Fold 3 | Ep  12/50 | t_loss=0.0442 t_acc=0.965 | v_win_bal=0.413 v_rec_bal=0.357 | lr=9.1e-06 | 30.0s
  Fold 3 | Ep  13/50 | t_loss=0.0350 t_acc=0.978 | v_win_bal=0.424 v_rec_bal=0.357 | lr=8.9e-06 | 30.0s
  Fold 3 | Ep  14/50 | t_loss=0.0268 t_acc=0.984 | v_win_bal=0.430 v_rec_bal=0.357 | lr=8.7e-06 | 30.1s
  Fold 3 | Ep  15/50 | t_loss=0.0192 t_acc=0.990 | v_win_bal=0.440 v_rec_bal=0.357 | lr=8.5e-06 | 30.0s
  Fold 3 | Ep  16/50 | t_loss=0.0128 t_acc=0.992 | v_win_bal=0.427 v_rec_bal=0.357 | lr=8.2e-06 | 30.2s
  Early stop at epoch 16
  -> Test (best @ epoch 1): acc=0.4286, bal_acc=0.4583

============================================================
Fold 4/5
============================================================
  Train:  44 samples, 22 subjects [1, 5, 6, 7, 9, 12, 15, 17, 18, 23, 24, 25, 26, 29, 30, 31, 32, 33, 34, 36, 37, 38], label_0=22, label_1=22
    Val:  14 samples,  7 subjects [10, 11, 16, 20, 21, 27, 35], label_0=7, label_1=7
   Test:  14 samples,  7 subjects [2, 4, 8, 13, 14, 19, 22], label_0=7, label_1=7
  Building window datasets...
    WindowDataset: 2640 windows (class_0=1320, class_1=1320)
    WindowDataset: 840 windows (class_0=420, class_1=420)
    WindowDataset: 840 windows (class_0=420, class_1=420)
[LaBraM] Loaded 219/221 params from weights/labram-base/model.safetensors
[LaBraM] Missing: ['fc_norm.weight', 'fc_norm.bias']
  Fold 4 | Ep   1/50 | t_loss=0.1733 t_acc=0.533 | v_win_bal=0.467 v_rec_bal=0.571 | lr=3.3e-06 | 30.4s
  Fold 4 | Ep   2/50 | t_loss=0.1685 t_acc=0.580 | v_win_bal=0.427 v_rec_bal=0.357 | lr=6.7e-06 | 30.4s
  Fold 4 | Ep   3/50 | t_loss=0.1606 t_acc=0.623 | v_win_bal=0.470 v_rec_bal=0.500 | lr=1.0e-05 | 30.3s
  Fold 4 | Ep   4/50 | t_loss=0.1514 t_acc=0.672 | v_win_bal=0.483 v_rec_bal=0.571 | lr=1.0e-05 | 30.2s
  Fold 4 | Ep   5/50 | t_loss=0.1364 t_acc=0.723 | v_win_bal=0.433 v_rec_bal=0.357 | lr=1.0e-05 | 30.2s
  Fold 4 | Ep   6/50 | t_loss=0.1147 t_acc=0.787 | v_win_bal=0.456 v_rec_bal=0.571 | lr=9.9e-06 | 30.1s
  Fold 4 | Ep   7/50 | t_loss=0.1045 t_acc=0.829 | v_win_bal=0.448 v_rec_bal=0.429 | lr=9.8e-06 | 30.0s
  Fold 4 | Ep   8/50 | t_loss=0.0880 t_acc=0.861 | v_win_bal=0.436 v_rec_bal=0.357 | lr=9.7e-06 | 33.5s
  Fold 4 | Ep   9/50 | t_loss=0.0895 t_acc=0.887 | v_win_bal=0.432 v_rec_bal=0.357 | lr=9.6e-06 | 29.8s
  Fold 4 | Ep  10/50 | t_loss=0.0806 t_acc=0.910 | v_win_bal=0.445 v_rec_bal=0.357 | lr=9.5e-06 | 30.2s
  Fold 4 | Ep  11/50 | t_loss=0.0690 t_acc=0.935 | v_win_bal=0.443 v_rec_bal=0.357 | lr=9.3e-06 | 30.6s
  Fold 4 | Ep  12/50 | t_loss=0.0545 t_acc=0.956 | v_win_bal=0.471 v_rec_bal=0.500 | lr=9.1e-06 | 29.9s
  Fold 4 | Ep  13/50 | t_loss=0.0482 t_acc=0.962 | v_win_bal=0.457 v_rec_bal=0.357 | lr=8.9e-06 | 29.7s
  Fold 4 | Ep  14/50 | t_loss=0.0369 t_acc=0.973 | v_win_bal=0.454 v_rec_bal=0.357 | lr=8.7e-06 | 29.9s
  Fold 4 | Ep  15/50 | t_loss=0.0207 t_acc=0.988 | v_win_bal=0.458 v_rec_bal=0.357 | lr=8.5e-06 | 30.2s
  Fold 4 | Ep  16/50 | t_loss=0.0131 t_acc=0.993 | v_win_bal=0.460 v_rec_bal=0.429 | lr=8.2e-06 | 29.7s
  Early stop at epoch 16
  -> Test (best @ epoch 1): acc=0.5000, bal_acc=0.5000

============================================================
Fold 5/5
============================================================
  Train:  42 samples, 21 subjects [1, 2, 4, 6, 8, 9, 12, 13, 15, 17, 18, 19, 21, 22, 23, 24, 25, 27, 32, 35, 38], label_0=20, label_1=22
    Val:  14 samples,  7 subjects [7, 10, 14, 20, 30, 33, 34], label_0=7, label_1=7
   Test:  16 samples,  8 subjects [5, 11, 16, 26, 29, 31, 36, 37], label_0=9, label_1=7
  Building window datasets...
    WindowDataset: 2520 windows (class_0=1200, class_1=1320)
    WindowDataset: 840 windows (class_0=420, class_1=420)
    WindowDataset: 960 windows (class_0=540, class_1=420)
[LaBraM] Loaded 219/221 params from weights/labram-base/model.safetensors
[LaBraM] Missing: ['fc_norm.weight', 'fc_norm.bias']
  Fold 5 | Ep   1/50 | t_loss=0.1748 t_acc=0.521 | v_win_bal=0.474 v_rec_bal=0.357 | lr=3.3e-06 | 28.8s
  Fold 5 | Ep   2/50 | t_loss=0.1679 t_acc=0.594 | v_win_bal=0.438 v_rec_bal=0.357 | lr=6.7e-06 | 28.6s
  Fold 5 | Ep   3/50 | t_loss=0.1555 t_acc=0.661 | v_win_bal=0.371 v_rec_bal=0.286 | lr=1.0e-05 | 29.2s
  Fold 5 | Ep   4/50 | t_loss=0.1394 t_acc=0.717 | v_win_bal=0.415 v_rec_bal=0.429 | lr=1.0e-05 | 28.9s
  Fold 5 | Ep   5/50 | t_loss=0.1224 t_acc=0.774 | v_win_bal=0.396 v_rec_bal=0.500 | lr=1.0e-05 | 28.5s
  Fold 5 | Ep   6/50 | t_loss=0.1080 t_acc=0.825 | v_win_bal=0.426 v_rec_bal=0.500 | lr=9.9e-06 | 28.7s
  Fold 5 | Ep   7/50 | t_loss=0.0965 t_acc=0.860 | v_win_bal=0.448 v_rec_bal=0.500 | lr=9.8e-06 | 28.7s
  Fold 5 | Ep   8/50 | t_loss=0.0922 t_acc=0.885 | v_win_bal=0.446 v_rec_bal=0.500 | lr=9.7e-06 | 28.7s
  Fold 5 | Ep   9/50 | t_loss=0.0748 t_acc=0.914 | v_win_bal=0.475 v_rec_bal=0.571 | lr=9.6e-06 | 28.5s
  Fold 5 | Ep  10/50 | t_loss=0.0726 t_acc=0.933 | v_win_bal=0.455 v_rec_bal=0.500 | lr=9.5e-06 | 32.6s
  Fold 5 | Ep  11/50 | t_loss=0.0533 t_acc=0.951 | v_win_bal=0.457 v_rec_bal=0.571 | lr=9.3e-06 | 28.8s
  Fold 5 | Ep  12/50 | t_loss=0.0336 t_acc=0.973 | v_win_bal=0.482 v_rec_bal=0.500 | lr=9.1e-06 | 28.1s
  Fold 5 | Ep  13/50 | t_loss=0.0275 t_acc=0.981 | v_win_bal=0.465 v_rec_bal=0.500 | lr=8.9e-06 | 28.3s
  Fold 5 | Ep  14/50 | t_loss=0.0197 t_acc=0.988 | v_win_bal=0.450 v_rec_bal=0.571 | lr=8.7e-06 | 28.2s
  Fold 5 | Ep  15/50 | t_loss=0.0161 t_acc=0.991 | v_win_bal=0.492 v_rec_bal=0.500 | lr=8.5e-06 | 28.5s
  Fold 5 | Ep  16/50 | t_loss=0.0076 t_acc=0.995 | v_win_bal=0.460 v_rec_bal=0.571 | lr=8.2e-06 | 28.7s
  Fold 5 | Ep  17/50 | t_loss=0.0042 t_acc=0.998 | v_win_bal=0.483 v_rec_bal=0.500 | lr=8.0e-06 | 28.8s
  Fold 5 | Ep  18/50 | t_loss=0.0025 t_acc=0.999 | v_win_bal=0.480 v_rec_bal=0.500 | lr=7.7e-06 | 28.5s
  Fold 5 | Ep  19/50 | t_loss=0.0004 t_acc=1.000 | v_win_bal=0.471 v_rec_bal=0.500 | lr=7.4e-06 | 28.8s
  Fold 5 | Ep  20/50 | t_loss=0.0005 t_acc=1.000 | v_win_bal=0.490 v_rec_bal=0.500 | lr=7.1e-06 | 28.6s
  Fold 5 | Ep  21/50 | t_loss=0.0000 t_acc=1.000 | v_win_bal=0.482 v_rec_bal=0.500 | lr=6.8e-06 | 28.6s
  Fold 5 | Ep  22/50 | t_loss=0.0008 t_acc=0.999 | v_win_bal=0.486 v_rec_bal=0.500 | lr=6.5e-06 | 28.9s
  Fold 5 | Ep  23/50 | t_loss=0.0000 t_acc=1.000 | v_win_bal=0.482 v_rec_bal=0.500 | lr=6.2e-06 | 28.5s
  Fold 5 | Ep  24/50 | t_loss=0.0000 t_acc=1.000 | v_win_bal=0.482 v_rec_bal=0.500 | lr=5.8e-06 | 28.7s
  Fold 5 | Ep  25/50 | t_loss=0.0000 t_acc=1.000 | v_win_bal=0.486 v_rec_bal=0.571 | lr=5.5e-06 | 29.4s
  Fold 5 | Ep  26/50 | t_loss=0.0000 t_acc=1.000 | v_win_bal=0.485 v_rec_bal=0.500 | lr=5.2e-06 | 29.0s
  Early stop at epoch 26
  -> Test (best @ epoch 9): acc=0.4375, bal_acc=0.4365

============================================================
Global Results (5-Fold, subject-level CV)
Mode: FT | Extractor: labram | Loss: focal
============================================================
              acc: 0.4167
          bal_acc: 0.4167
               f1: 0.3937
            kappa: -0.1667
  Total predictions: 72 (should equal dataset size: 72)

Results saved to results/studies/exp27_paired_null/sleepdep/perm_s3/
