/raid/jupyter-linjimmy1003.md10/.conda/envs/stress/lib/python3.11/site-packages/timm/models/layers/__init__.py:49: FutureWarning: Importing from timm.models.layers is deprecated, please import via timm.layers
  warnings.warn(f"Importing from {__name__} is deprecated, please import via timm.layers", FutureWarning)
Mode: FT | Extractor: labram | Folds: 5
LR: 1e-05 | WD: 0.01 | Beta2: 0.999 | Grad clip: 2.0
Head: hidden=128, dropout=0.0 | Norm: zscore | Loss: focal
Full FT: encoder_lr_scale=0.1

Results → results/studies/exp27_paired_null/sleepdep/perm_s24/
[INFO] Skipped 0 subjects (incomplete sessions), 0 subjects (no SessionOrder), 2 subjects (failed cache markers)
SleepDep: 72 recordings from 36 subjects (SD=36, NS=36)
SleepDep: 72 recordings, 36 subjects (SD=36, NS=36)
[permute-labels] Recording-level shuffle with rng seed 24. Class balance preserved: 36 pos / 36 neg

============================================================
Fold 1/5
============================================================
  Train:  42 samples, 21 subjects [1, 4, 5, 7, 11, 14, 15, 16, 18, 20, 21, 23, 24, 25, 27, 30, 32, 33, 35, 36, 37], label_0=22, label_1=20
    Val:  14 samples,  7 subjects [6, 8, 9, 10, 17, 22, 29], label_0=7, label_1=7
   Test:  16 samples,  8 subjects [2, 12, 13, 19, 26, 31, 34, 38], label_0=7, label_1=9
  Building window datasets...
    WindowDataset: 2520 windows (class_0=1320, class_1=1200)
    WindowDataset: 840 windows (class_0=420, class_1=420)
    WindowDataset: 960 windows (class_0=420, class_1=540)
[LaBraM] Loaded 219/221 params from weights/labram-base/model.safetensors
[LaBraM] Missing: ['fc_norm.weight', 'fc_norm.bias']
  Trainable parameters: 5,871,779
  Class weights: [0.9545454382896423, 1.0499999523162842]
  Fold 1 | Ep   1/50 | t_loss=0.1928 t_acc=0.530 | v_win_bal=0.517 v_rec_bal=0.429 | lr=3.3e-06 | 32.9s
  Fold 1 | Ep   2/50 | t_loss=0.1674 t_acc=0.623 | v_win_bal=0.471 v_rec_bal=0.429 | lr=6.7e-06 | 31.7s
  Fold 1 | Ep   3/50 | t_loss=0.1464 t_acc=0.731 | v_win_bal=0.471 v_rec_bal=0.500 | lr=1.0e-05 | 32.7s
  Fold 1 | Ep   4/50 | t_loss=0.1235 t_acc=0.780 | v_win_bal=0.444 v_rec_bal=0.357 | lr=1.0e-05 | 29.6s
  Fold 1 | Ep   5/50 | t_loss=0.1063 t_acc=0.820 | v_win_bal=0.437 v_rec_bal=0.429 | lr=1.0e-05 | 25.8s
  Fold 1 | Ep   6/50 | t_loss=0.0938 t_acc=0.853 | v_win_bal=0.430 v_rec_bal=0.429 | lr=9.9e-06 | 26.4s
  Fold 1 | Ep   7/50 | t_loss=0.0850 t_acc=0.888 | v_win_bal=0.435 v_rec_bal=0.357 | lr=9.8e-06 | 25.8s
  Fold 1 | Ep   8/50 | t_loss=0.0835 t_acc=0.909 | v_win_bal=0.465 v_rec_bal=0.500 | lr=9.7e-06 | 26.2s
  Fold 1 | Ep   9/50 | t_loss=0.0682 t_acc=0.933 | v_win_bal=0.444 v_rec_bal=0.429 | lr=9.6e-06 | 26.1s
  Fold 1 | Ep  10/50 | t_loss=0.0569 t_acc=0.952 | v_win_bal=0.485 v_rec_bal=0.500 | lr=9.5e-06 | 26.0s
  Fold 1 | Ep  11/50 | t_loss=0.0442 t_acc=0.964 | v_win_bal=0.424 v_rec_bal=0.286 | lr=9.3e-06 | 25.9s
  Fold 1 | Ep  12/50 | t_loss=0.0341 t_acc=0.974 | v_win_bal=0.456 v_rec_bal=0.500 | lr=9.1e-06 | 25.8s
  Fold 1 | Ep  13/50 | t_loss=0.0263 t_acc=0.981 | v_win_bal=0.443 v_rec_bal=0.429 | lr=8.9e-06 | 26.0s
  Fold 1 | Ep  14/50 | t_loss=0.0187 t_acc=0.987 | v_win_bal=0.469 v_rec_bal=0.500 | lr=8.7e-06 | 25.7s
  Fold 1 | Ep  15/50 | t_loss=0.0137 t_acc=0.992 | v_win_bal=0.469 v_rec_bal=0.500 | lr=8.5e-06 | 26.5s
  Fold 1 | Ep  16/50 | t_loss=0.0081 t_acc=0.994 | v_win_bal=0.462 v_rec_bal=0.500 | lr=8.2e-06 | 25.8s
  Fold 1 | Ep  17/50 | t_loss=0.0050 t_acc=0.996 | v_win_bal=0.450 v_rec_bal=0.500 | lr=8.0e-06 | 25.8s
  Fold 1 | Ep  18/50 | t_loss=0.0033 t_acc=0.998 | v_win_bal=0.451 v_rec_bal=0.500 | lr=7.7e-06 | 27.5s
  Fold 1 | Ep  19/50 | t_loss=0.0016 t_acc=0.998 | v_win_bal=0.471 v_rec_bal=0.500 | lr=7.4e-06 | 25.4s
  Fold 1 | Ep  20/50 | t_loss=0.0013 t_acc=0.998 | v_win_bal=0.444 v_rec_bal=0.500 | lr=7.1e-06 | 26.1s
  Fold 1 | Ep  21/50 | t_loss=0.0001 t_acc=1.000 | v_win_bal=0.450 v_rec_bal=0.500 | lr=6.8e-06 | 25.9s
  Fold 1 | Ep  22/50 | t_loss=0.0003 t_acc=1.000 | v_win_bal=0.450 v_rec_bal=0.500 | lr=6.5e-06 | 26.3s
  Fold 1 | Ep  23/50 | t_loss=0.0001 t_acc=1.000 | v_win_bal=0.445 v_rec_bal=0.500 | lr=6.2e-06 | 26.3s
  Fold 1 | Ep  24/50 | t_loss=0.0001 t_acc=1.000 | v_win_bal=0.424 v_rec_bal=0.357 | lr=5.8e-06 | 26.4s
  Fold 1 | Ep  25/50 | t_loss=0.0008 t_acc=0.999 | v_win_bal=0.465 v_rec_bal=0.500 | lr=5.5e-06 | 26.2s
  Fold 1 | Ep  26/50 | t_loss=0.0000 t_acc=1.000 | v_win_bal=0.462 v_rec_bal=0.500 | lr=5.2e-06 | 26.3s
  Fold 1 | Ep  27/50 | t_loss=0.0000 t_acc=1.000 | v_win_bal=0.458 v_rec_bal=0.500 | lr=4.8e-06 | 26.8s
  Fold 1 | Ep  28/50 | t_loss=0.0000 t_acc=1.000 | v_win_bal=0.461 v_rec_bal=0.500 | lr=4.5e-06 | 26.8s
  Fold 1 | Ep  29/50 | t_loss=0.0000 t_acc=1.000 | v_win_bal=0.455 v_rec_bal=0.500 | lr=4.2e-06 | 26.6s
  Fold 1 | Ep  30/50 | t_loss=0.0000 t_acc=1.000 | v_win_bal=0.457 v_rec_bal=0.500 | lr=3.8e-06 | 27.1s
  Fold 1 | Ep  31/50 | t_loss=0.0000 t_acc=1.000 | v_win_bal=0.454 v_rec_bal=0.500 | lr=3.5e-06 | 28.6s
  Early stop at epoch 31
  -> Test (best @ epoch 3): acc=0.4375, bal_acc=0.4524

============================================================
Fold 2/5
============================================================
  Train:  42 samples, 21 subjects [4, 6, 7, 8, 9, 11, 12, 13, 14, 17, 21, 22, 23, 24, 25, 26, 29, 30, 32, 34, 38], label_0=22, label_1=20
    Val:  16 samples,  8 subjects [2, 10, 18, 19, 27, 31, 33, 35], label_0=7, label_1=9
   Test:  14 samples,  7 subjects [1, 5, 15, 16, 20, 36, 37], label_0=7, label_1=7
  Building window datasets...
    WindowDataset: 2520 windows (class_0=1320, class_1=1200)
    WindowDataset: 960 windows (class_0=420, class_1=540)
    WindowDataset: 840 windows (class_0=420, class_1=420)
[LaBraM] Loaded 219/221 params from weights/labram-base/model.safetensors
[LaBraM] Missing: ['fc_norm.weight', 'fc_norm.bias']
  Fold 2 | Ep   1/50 | t_loss=0.1751 t_acc=0.535 | v_win_bal=0.420 v_rec_bal=0.325 | lr=3.3e-06 | 27.5s
  Fold 2 | Ep   2/50 | t_loss=0.1685 t_acc=0.596 | v_win_bal=0.489 v_rec_bal=0.452 | lr=6.7e-06 | 27.3s
  Fold 2 | Ep   3/50 | t_loss=0.1582 t_acc=0.669 | v_win_bal=0.558 v_rec_bal=0.563 | lr=1.0e-05 | 27.4s
  Fold 2 | Ep   4/50 | t_loss=0.1410 t_acc=0.716 | v_win_bal=0.526 v_rec_bal=0.484 | lr=1.0e-05 | 27.7s
  Fold 2 | Ep   5/50 | t_loss=0.1222 t_acc=0.775 | v_win_bal=0.612 v_rec_bal=0.635 | lr=1.0e-05 | 26.9s
  Fold 2 | Ep   6/50 | t_loss=0.1062 t_acc=0.817 | v_win_bal=0.607 v_rec_bal=0.762 | lr=9.9e-06 | 26.4s
  Fold 2 | Ep   7/50 | t_loss=0.0975 t_acc=0.847 | v_win_bal=0.613 v_rec_bal=0.817 | lr=9.8e-06 | 26.3s
  Fold 2 | Ep   8/50 | t_loss=0.0879 t_acc=0.879 | v_win_bal=0.608 v_rec_bal=0.540 | lr=9.7e-06 | 26.4s
  Fold 2 | Ep   9/50 | t_loss=0.0804 t_acc=0.900 | v_win_bal=0.623 v_rec_bal=0.762 | lr=9.6e-06 | 26.4s
  Fold 2 | Ep  10/50 | t_loss=0.0692 t_acc=0.919 | v_win_bal=0.631 v_rec_bal=0.817 | lr=9.5e-06 | 26.3s
  Fold 2 | Ep  11/50 | t_loss=0.0649 t_acc=0.941 | v_win_bal=0.619 v_rec_bal=0.817 | lr=9.3e-06 | 26.3s
  Fold 2 | Ep  12/50 | t_loss=0.0555 t_acc=0.953 | v_win_bal=0.645 v_rec_bal=0.706 | lr=9.1e-06 | 26.2s
  Fold 2 | Ep  13/50 | t_loss=0.0435 t_acc=0.967 | v_win_bal=0.604 v_rec_bal=0.762 | lr=8.9e-06 | 26.2s
  Fold 2 | Ep  14/50 | t_loss=0.0356 t_acc=0.972 | v_win_bal=0.630 v_rec_bal=0.651 | lr=8.7e-06 | 26.2s
  Fold 2 | Ep  15/50 | t_loss=0.0238 t_acc=0.983 | v_win_bal=0.668 v_rec_bal=0.817 | lr=8.5e-06 | 26.3s
  Fold 2 | Ep  16/50 | t_loss=0.0172 t_acc=0.988 | v_win_bal=0.655 v_rec_bal=0.762 | lr=8.2e-06 | 26.2s
  Fold 2 | Ep  17/50 | t_loss=0.0120 t_acc=0.994 | v_win_bal=0.644 v_rec_bal=0.762 | lr=8.0e-06 | 26.2s
  Fold 2 | Ep  18/50 | t_loss=0.0070 t_acc=0.995 | v_win_bal=0.636 v_rec_bal=0.706 | lr=7.7e-06 | 26.3s
  Fold 2 | Ep  19/50 | t_loss=0.0037 t_acc=0.998 | v_win_bal=0.658 v_rec_bal=0.873 | lr=7.4e-06 | 26.3s
  Fold 2 | Ep  20/50 | t_loss=0.0039 t_acc=0.998 | v_win_bal=0.656 v_rec_bal=0.762 | lr=7.1e-06 | 26.2s
  Fold 2 | Ep  21/50 | t_loss=0.0011 t_acc=0.999 | v_win_bal=0.642 v_rec_bal=0.706 | lr=6.8e-06 | 26.2s
  Fold 2 | Ep  22/50 | t_loss=0.0009 t_acc=0.999 | v_win_bal=0.635 v_rec_bal=0.651 | lr=6.5e-06 | 26.1s
  Fold 2 | Ep  23/50 | t_loss=0.0000 t_acc=1.000 | v_win_bal=0.652 v_rec_bal=0.706 | lr=6.2e-06 | 26.2s
  Fold 2 | Ep  24/50 | t_loss=0.0000 t_acc=1.000 | v_win_bal=0.658 v_rec_bal=0.762 | lr=5.8e-06 | 27.4s
  Fold 2 | Ep  25/50 | t_loss=0.0000 t_acc=1.000 | v_win_bal=0.657 v_rec_bal=0.817 | lr=5.5e-06 | 26.1s
  Fold 2 | Ep  26/50 | t_loss=0.0000 t_acc=1.000 | v_win_bal=0.650 v_rec_bal=0.762 | lr=5.2e-06 | 26.2s
  Early stop at epoch 26
  -> Test (best @ epoch 19): acc=0.7143, bal_acc=0.7143

============================================================
Fold 3/5
============================================================
  Train:  44 samples, 22 subjects [2, 4, 8, 10, 11, 12, 13, 16, 18, 19, 20, 21, 22, 23, 24, 26, 31, 32, 33, 34, 36, 38], label_0=21, label_1=23
    Val:  14 samples,  7 subjects [1, 5, 7, 9, 15, 25, 37], label_0=7, label_1=7
   Test:  14 samples,  7 subjects [6, 14, 17, 27, 29, 30, 35], label_0=8, label_1=6
  Building window datasets...
    WindowDataset: 2640 windows (class_0=1260, class_1=1380)
    WindowDataset: 840 windows (class_0=420, class_1=420)
    WindowDataset: 840 windows (class_0=480, class_1=360)
[LaBraM] Loaded 219/221 params from weights/labram-base/model.safetensors
[LaBraM] Missing: ['fc_norm.weight', 'fc_norm.bias']
  Fold 3 | Ep   1/50 | t_loss=0.1728 t_acc=0.526 | v_win_bal=0.370 v_rec_bal=0.286 | lr=3.3e-06 | 26.4s
  Fold 3 | Ep   2/50 | t_loss=0.1611 t_acc=0.661 | v_win_bal=0.380 v_rec_bal=0.429 | lr=6.7e-06 | 26.5s
  Fold 3 | Ep   3/50 | t_loss=0.1423 t_acc=0.729 | v_win_bal=0.426 v_rec_bal=0.429 | lr=1.0e-05 | 26.6s
  Fold 3 | Ep   4/50 | t_loss=0.1275 t_acc=0.775 | v_win_bal=0.458 v_rec_bal=0.429 | lr=1.0e-05 | 26.5s
  Fold 3 | Ep   5/50 | t_loss=0.1188 t_acc=0.809 | v_win_bal=0.451 v_rec_bal=0.429 | lr=1.0e-05 | 26.5s
  Fold 3 | Ep   6/50 | t_loss=0.1149 t_acc=0.830 | v_win_bal=0.470 v_rec_bal=0.429 | lr=9.9e-06 | 26.4s
  Fold 3 | Ep   7/50 | t_loss=0.1119 t_acc=0.853 | v_win_bal=0.474 v_rec_bal=0.500 | lr=9.8e-06 | 26.4s
  Fold 3 | Ep   8/50 | t_loss=0.1101 t_acc=0.879 | v_win_bal=0.465 v_rec_bal=0.500 | lr=9.7e-06 | 26.5s
  Fold 3 | Ep   9/50 | t_loss=0.1070 t_acc=0.895 | v_win_bal=0.504 v_rec_bal=0.571 | lr=9.6e-06 | 26.4s
  Fold 3 | Ep  10/50 | t_loss=0.0918 t_acc=0.915 | v_win_bal=0.489 v_rec_bal=0.571 | lr=9.5e-06 | 26.4s
  Fold 3 | Ep  11/50 | t_loss=0.0762 t_acc=0.930 | v_win_bal=0.448 v_rec_bal=0.429 | lr=9.3e-06 | 26.5s
  Fold 3 | Ep  12/50 | t_loss=0.0687 t_acc=0.950 | v_win_bal=0.473 v_rec_bal=0.571 | lr=9.1e-06 | 26.4s
  Fold 3 | Ep  13/50 | t_loss=0.0564 t_acc=0.958 | v_win_bal=0.462 v_rec_bal=0.429 | lr=8.9e-06 | 26.5s
  Fold 3 | Ep  14/50 | t_loss=0.0404 t_acc=0.970 | v_win_bal=0.454 v_rec_bal=0.500 | lr=8.7e-06 | 26.5s
  Fold 3 | Ep  15/50 | t_loss=0.0345 t_acc=0.977 | v_win_bal=0.448 v_rec_bal=0.500 | lr=8.5e-06 | 26.5s
  Fold 3 | Ep  16/50 | t_loss=0.0277 t_acc=0.981 | v_win_bal=0.469 v_rec_bal=0.500 | lr=8.2e-06 | 26.5s
  Fold 3 | Ep  17/50 | t_loss=0.0159 t_acc=0.989 | v_win_bal=0.470 v_rec_bal=0.500 | lr=8.0e-06 | 26.4s
  Fold 3 | Ep  18/50 | t_loss=0.0132 t_acc=0.993 | v_win_bal=0.443 v_rec_bal=0.429 | lr=7.7e-06 | 27.7s
  Fold 3 | Ep  19/50 | t_loss=0.0095 t_acc=0.994 | v_win_bal=0.445 v_rec_bal=0.429 | lr=7.4e-06 | 26.5s
  Fold 3 | Ep  20/50 | t_loss=0.0064 t_acc=0.996 | v_win_bal=0.461 v_rec_bal=0.500 | lr=7.1e-06 | 26.4s
  Fold 3 | Ep  21/50 | t_loss=0.0046 t_acc=0.998 | v_win_bal=0.485 v_rec_bal=0.500 | lr=6.8e-06 | 26.5s
  Fold 3 | Ep  22/50 | t_loss=0.0035 t_acc=0.998 | v_win_bal=0.448 v_rec_bal=0.500 | lr=6.5e-06 | 26.5s
  Fold 3 | Ep  23/50 | t_loss=0.0019 t_acc=0.998 | v_win_bal=0.469 v_rec_bal=0.429 | lr=6.2e-06 | 26.4s
  Fold 3 | Ep  24/50 | t_loss=0.0016 t_acc=0.999 | v_win_bal=0.455 v_rec_bal=0.500 | lr=5.8e-06 | 26.5s
  Fold 3 | Ep  25/50 | t_loss=0.0015 t_acc=0.999 | v_win_bal=0.473 v_rec_bal=0.500 | lr=5.5e-06 | 26.5s
  Early stop at epoch 25
  -> Test (best @ epoch 9): acc=0.3571, bal_acc=0.3750

============================================================
Fold 4/5
============================================================
  Train:  44 samples, 22 subjects [2, 6, 9, 11, 13, 14, 16, 17, 18, 19, 20, 23, 24, 26, 27, 29, 30, 31, 34, 35, 36, 38], label_0=21, label_1=23
    Val:  14 samples,  7 subjects [1, 4, 5, 12, 15, 32, 37], label_0=7, label_1=7
   Test:  14 samples,  7 subjects [7, 8, 10, 21, 22, 25, 33], label_0=8, label_1=6
  Building window datasets...
    WindowDataset: 2640 windows (class_0=1260, class_1=1380)
    WindowDataset: 840 windows (class_0=420, class_1=420)
    WindowDataset: 840 windows (class_0=480, class_1=360)
[LaBraM] Loaded 219/221 params from weights/labram-base/model.safetensors
[LaBraM] Missing: ['fc_norm.weight', 'fc_norm.bias']
  Fold 4 | Ep   1/50 | t_loss=0.1868 t_acc=0.487 | v_win_bal=0.576 v_rec_bal=0.571 | lr=3.3e-06 | 26.4s
  Fold 4 | Ep   2/50 | t_loss=0.1693 t_acc=0.566 | v_win_bal=0.525 v_rec_bal=0.571 | lr=6.7e-06 | 26.5s
  Fold 4 | Ep   3/50 | t_loss=0.1616 t_acc=0.621 | v_win_bal=0.504 v_rec_bal=0.571 | lr=1.0e-05 | 26.4s
  Fold 4 | Ep   4/50 | t_loss=0.1476 t_acc=0.695 | v_win_bal=0.485 v_rec_bal=0.571 | lr=1.0e-05 | 26.4s
  Fold 4 | Ep   5/50 | t_loss=0.1285 t_acc=0.762 | v_win_bal=0.489 v_rec_bal=0.571 | lr=1.0e-05 | 26.4s
  Fold 4 | Ep   6/50 | t_loss=0.1135 t_acc=0.794 | v_win_bal=0.515 v_rec_bal=0.714 | lr=9.9e-06 | 26.4s
  Fold 4 | Ep   7/50 | t_loss=0.0976 t_acc=0.837 | v_win_bal=0.499 v_rec_bal=0.571 | lr=9.8e-06 | 26.5s
  Fold 4 | Ep   8/50 | t_loss=0.0856 t_acc=0.873 | v_win_bal=0.545 v_rec_bal=0.571 | lr=9.7e-06 | 26.5s
  Fold 4 | Ep   9/50 | t_loss=0.0842 t_acc=0.887 | v_win_bal=0.520 v_rec_bal=0.571 | lr=9.6e-06 | 26.5s
  Fold 4 | Ep  10/50 | t_loss=0.0736 t_acc=0.909 | v_win_bal=0.570 v_rec_bal=0.714 | lr=9.5e-06 | 26.5s
  Fold 4 | Ep  11/50 | t_loss=0.0654 t_acc=0.937 | v_win_bal=0.549 v_rec_bal=0.571 | lr=9.3e-06 | 26.5s
  Fold 4 | Ep  12/50 | t_loss=0.0485 t_acc=0.954 | v_win_bal=0.585 v_rec_bal=0.643 | lr=9.1e-06 | 26.5s
  Fold 4 | Ep  13/50 | t_loss=0.0383 t_acc=0.966 | v_win_bal=0.561 v_rec_bal=0.643 | lr=8.9e-06 | 26.6s
  Fold 4 | Ep  14/50 | t_loss=0.0297 t_acc=0.975 | v_win_bal=0.569 v_rec_bal=0.643 | lr=8.7e-06 | 26.5s
  Fold 4 | Ep  15/50 | t_loss=0.0237 t_acc=0.982 | v_win_bal=0.564 v_rec_bal=0.643 | lr=8.5e-06 | 26.5s
  Fold 4 | Ep  16/50 | t_loss=0.0143 t_acc=0.991 | v_win_bal=0.560 v_rec_bal=0.643 | lr=8.2e-06 | 26.5s
  Fold 4 | Ep  17/50 | t_loss=0.0106 t_acc=0.993 | v_win_bal=0.579 v_rec_bal=0.714 | lr=8.0e-06 | 26.5s
  Fold 4 | Ep  18/50 | t_loss=0.0077 t_acc=0.995 | v_win_bal=0.549 v_rec_bal=0.571 | lr=7.7e-06 | 26.5s
  Fold 4 | Ep  19/50 | t_loss=0.0042 t_acc=0.998 | v_win_bal=0.555 v_rec_bal=0.643 | lr=7.4e-06 | 26.4s
  Fold 4 | Ep  20/50 | t_loss=0.0032 t_acc=0.999 | v_win_bal=0.576 v_rec_bal=0.714 | lr=7.1e-06 | 26.4s
  Fold 4 | Ep  21/50 | t_loss=0.0027 t_acc=0.999 | v_win_bal=0.570 v_rec_bal=0.643 | lr=6.8e-06 | 26.5s
  Fold 4 | Ep  22/50 | t_loss=0.0013 t_acc=0.998 | v_win_bal=0.593 v_rec_bal=0.643 | lr=6.5e-06 | 26.4s
  Fold 4 | Ep  23/50 | t_loss=0.0000 t_acc=1.000 | v_win_bal=0.570 v_rec_bal=0.714 | lr=6.2e-06 | 26.5s
  Fold 4 | Ep  24/50 | t_loss=0.0000 t_acc=1.000 | v_win_bal=0.589 v_rec_bal=0.714 | lr=5.8e-06 | 26.5s
  Fold 4 | Ep  25/50 | t_loss=0.0000 t_acc=1.000 | v_win_bal=0.587 v_rec_bal=0.714 | lr=5.5e-06 | 26.5s
  Fold 4 | Ep  26/50 | t_loss=0.0000 t_acc=1.000 | v_win_bal=0.587 v_rec_bal=0.714 | lr=5.2e-06 | 26.5s
  Fold 4 | Ep  27/50 | t_loss=0.0000 t_acc=1.000 | v_win_bal=0.585 v_rec_bal=0.714 | lr=4.8e-06 | 26.5s
  Fold 4 | Ep  28/50 | t_loss=0.0000 t_acc=1.000 | v_win_bal=0.588 v_rec_bal=0.714 | lr=4.5e-06 | 26.5s
  Fold 4 | Ep  29/50 | t_loss=0.0000 t_acc=1.000 | v_win_bal=0.588 v_rec_bal=0.714 | lr=4.2e-06 | 26.5s
  Fold 4 | Ep  30/50 | t_loss=0.0000 t_acc=1.000 | v_win_bal=0.596 v_rec_bal=0.714 | lr=3.8e-06 | 26.4s
  Fold 4 | Ep  31/50 | t_loss=0.0000 t_acc=1.000 | v_win_bal=0.593 v_rec_bal=0.714 | lr=3.5e-06 | 26.4s
  Fold 4 | Ep  32/50 | t_loss=0.0000 t_acc=1.000 | v_win_bal=0.596 v_rec_bal=0.714 | lr=3.2e-06 | 26.4s
  Fold 4 | Ep  33/50 | t_loss=0.0000 t_acc=1.000 | v_win_bal=0.587 v_rec_bal=0.714 | lr=2.9e-06 | 26.4s
  Fold 4 | Ep  34/50 | t_loss=0.0000 t_acc=1.000 | v_win_bal=0.587 v_rec_bal=0.714 | lr=2.6e-06 | 26.5s
  Fold 4 | Ep  35/50 | t_loss=0.0000 t_acc=1.000 | v_win_bal=0.582 v_rec_bal=0.714 | lr=2.3e-06 | 26.5s
  Fold 4 | Ep  36/50 | t_loss=0.0000 t_acc=1.000 | v_win_bal=0.587 v_rec_bal=0.714 | lr=2.0e-06 | 26.5s
  Fold 4 | Ep  37/50 | t_loss=0.0000 t_acc=1.000 | v_win_bal=0.587 v_rec_bal=0.714 | lr=1.8e-06 | 26.5s
  Fold 4 | Ep  38/50 | t_loss=0.0000 t_acc=1.000 | v_win_bal=0.577 v_rec_bal=0.714 | lr=1.5e-06 | 26.5s
  Fold 4 | Ep  39/50 | t_loss=0.0000 t_acc=1.000 | v_win_bal=0.593 v_rec_bal=0.714 | lr=1.3e-06 | 26.5s
  Fold 4 | Ep  40/50 | t_loss=0.0000 t_acc=1.000 | v_win_bal=0.588 v_rec_bal=0.714 | lr=1.1e-06 | 26.5s
  Early stop at epoch 40
  -> Test (best @ epoch 6): acc=0.7143, bal_acc=0.6667

============================================================
Fold 5/5
============================================================
  Train:  44 samples, 22 subjects [2, 5, 6, 10, 13, 14, 16, 17, 19, 20, 21, 22, 25, 26, 27, 29, 30, 31, 34, 35, 36, 38], label_0=23, label_1=21
    Val:  14 samples,  7 subjects [1, 7, 8, 12, 15, 33, 37], label_0=7, label_1=7
   Test:  14 samples,  7 subjects [4, 9, 11, 18, 23, 24, 32], label_0=6, label_1=8
  Building window datasets...
    WindowDataset: 2640 windows (class_0=1380, class_1=1260)
    WindowDataset: 840 windows (class_0=420, class_1=420)
    WindowDataset: 840 windows (class_0=360, class_1=480)
[LaBraM] Loaded 219/221 params from weights/labram-base/model.safetensors
[LaBraM] Missing: ['fc_norm.weight', 'fc_norm.bias']
  Fold 5 | Ep   1/50 | t_loss=0.1732 t_acc=0.511 | v_win_bal=0.437 v_rec_bal=0.357 | lr=3.3e-06 | 26.5s
  Fold 5 | Ep   2/50 | t_loss=0.1692 t_acc=0.575 | v_win_bal=0.396 v_rec_bal=0.357 | lr=6.7e-06 | 26.4s
  Fold 5 | Ep   3/50 | t_loss=0.1569 t_acc=0.649 | v_win_bal=0.432 v_rec_bal=0.500 | lr=1.0e-05 | 26.4s
  Fold 5 | Ep   4/50 | t_loss=0.1331 t_acc=0.732 | v_win_bal=0.498 v_rec_bal=0.571 | lr=1.0e-05 | 26.5s
  Fold 5 | Ep   5/50 | t_loss=0.1103 t_acc=0.802 | v_win_bal=0.498 v_rec_bal=0.500 | lr=1.0e-05 | 26.4s
  Fold 5 | Ep   6/50 | t_loss=0.0941 t_acc=0.848 | v_win_bal=0.546 v_rec_bal=0.643 | lr=9.9e-06 | 26.5s
  Fold 5 | Ep   7/50 | t_loss=0.0838 t_acc=0.887 | v_win_bal=0.533 v_rec_bal=0.643 | lr=9.8e-06 | 26.6s
  Fold 5 | Ep   8/50 | t_loss=0.0745 t_acc=0.910 | v_win_bal=0.550 v_rec_bal=0.571 | lr=9.7e-06 | 26.6s
  Fold 5 | Ep   9/50 | t_loss=0.0624 t_acc=0.938 | v_win_bal=0.564 v_rec_bal=0.643 | lr=9.6e-06 | 26.5s
  Fold 5 | Ep  10/50 | t_loss=0.0524 t_acc=0.953 | v_win_bal=0.551 v_rec_bal=0.571 | lr=9.5e-06 | 26.6s
  Fold 5 | Ep  11/50 | t_loss=0.0409 t_acc=0.968 | v_win_bal=0.548 v_rec_bal=0.571 | lr=9.3e-06 | 26.5s
  Fold 5 | Ep  12/50 | t_loss=0.0261 t_acc=0.981 | v_win_bal=0.531 v_rec_bal=0.571 | lr=9.1e-06 | 26.5s
  Fold 5 | Ep  13/50 | t_loss=0.0181 t_acc=0.988 | v_win_bal=0.523 v_rec_bal=0.500 | lr=8.9e-06 | 26.5s
  Fold 5 | Ep  14/50 | t_loss=0.0128 t_acc=0.992 | v_win_bal=0.533 v_rec_bal=0.643 | lr=8.7e-06 | 26.5s
  Fold 5 | Ep  15/50 | t_loss=0.0085 t_acc=0.996 | v_win_bal=0.523 v_rec_bal=0.571 | lr=8.5e-06 | 26.5s
  Fold 5 | Ep  16/50 | t_loss=0.0056 t_acc=0.997 | v_win_bal=0.510 v_rec_bal=0.500 | lr=8.2e-06 | 26.5s
  Fold 5 | Ep  17/50 | t_loss=0.0029 t_acc=0.998 | v_win_bal=0.548 v_rec_bal=0.500 | lr=8.0e-06 | 26.7s
  Fold 5 | Ep  18/50 | t_loss=0.0012 t_acc=0.999 | v_win_bal=0.501 v_rec_bal=0.571 | lr=7.7e-06 | 26.5s
  Fold 5 | Ep  19/50 | t_loss=0.0015 t_acc=0.999 | v_win_bal=0.533 v_rec_bal=0.500 | lr=7.4e-06 | 26.5s
  Fold 5 | Ep  20/50 | t_loss=0.0001 t_acc=1.000 | v_win_bal=0.531 v_rec_bal=0.500 | lr=7.1e-06 | 26.5s
  Fold 5 | Ep  21/50 | t_loss=0.0011 t_acc=0.999 | v_win_bal=0.514 v_rec_bal=0.500 | lr=6.8e-06 | 26.5s
  Fold 5 | Ep  22/50 | t_loss=0.0000 t_acc=1.000 | v_win_bal=0.536 v_rec_bal=0.500 | lr=6.5e-06 | 26.5s
  Fold 5 | Ep  23/50 | t_loss=0.0000 t_acc=1.000 | v_win_bal=0.532 v_rec_bal=0.500 | lr=6.2e-06 | 26.5s
  Early stop at epoch 23
  -> Test (best @ epoch 6): acc=0.6429, bal_acc=0.6458

============================================================
Global Results (5-Fold, subject-level CV)
Mode: FT | Extractor: labram | Loss: focal
============================================================
              acc: 0.5694
          bal_acc: 0.5694
               f1: 0.5653
            kappa: 0.1389
  Total predictions: 72 (should equal dataset size: 72)

Results saved to results/studies/exp27_paired_null/sleepdep/perm_s24/
