/raid/jupyter-linjimmy1003.md10/.conda/envs/stress/lib/python3.11/site-packages/timm/models/layers/__init__.py:49: FutureWarning: Importing from timm.models.layers is deprecated, please import via timm.layers
  warnings.warn(f"Importing from {__name__} is deprecated, please import via timm.layers", FutureWarning)
Mode: FT | Extractor: labram | Folds: 5
LR: 1e-05 | WD: 0.01 | Beta2: 0.999 | Grad clip: 2.0
Head: hidden=128, dropout=0.0 | Norm: zscore | Loss: focal
Full FT: encoder_lr_scale=0.1

Results → results/studies/exp27_paired_null/sleepdep/perm_s9/
[INFO] Skipped 0 subjects (incomplete sessions), 0 subjects (no SessionOrder), 2 subjects (failed cache markers)
SleepDep: 72 recordings from 36 subjects (SD=36, NS=36)
SleepDep: 72 recordings, 36 subjects (SD=36, NS=36)
[permute-labels] Recording-level shuffle with rng seed 9. Class balance preserved: 36 pos / 36 neg

============================================================
Fold 1/5
============================================================
  Train:  44 samples, 22 subjects [4, 5, 6, 7, 9, 10, 12, 14, 15, 16, 17, 18, 19, 22, 26, 27, 30, 32, 33, 34, 35, 36], label_0=21, label_1=23
    Val:  14 samples,  7 subjects [2, 8, 11, 23, 24, 37, 38], label_0=8, label_1=6
   Test:  14 samples,  7 subjects [1, 13, 20, 21, 25, 29, 31], label_0=7, label_1=7
  Building window datasets...
    WindowDataset: 2640 windows (class_0=1260, class_1=1380)
    WindowDataset: 840 windows (class_0=480, class_1=360)
    WindowDataset: 840 windows (class_0=420, class_1=420)
[LaBraM] Loaded 219/221 params from weights/labram-base/model.safetensors
[LaBraM] Missing: ['fc_norm.weight', 'fc_norm.bias']
  Trainable parameters: 5,871,779
  Class weights: [1.047619104385376, 0.95652174949646]
  Fold 1 | Ep   1/50 | t_loss=0.1898 t_acc=0.491 | v_win_bal=0.451 v_rec_bal=0.479 | lr=3.3e-06 | 33.4s
  Fold 1 | Ep   2/50 | t_loss=0.1686 t_acc=0.589 | v_win_bal=0.404 v_rec_bal=0.292 | lr=6.7e-06 | 31.0s
  Fold 1 | Ep   3/50 | t_loss=0.1566 t_acc=0.646 | v_win_bal=0.434 v_rec_bal=0.479 | lr=1.0e-05 | 30.2s
  Fold 1 | Ep   4/50 | t_loss=0.1329 t_acc=0.731 | v_win_bal=0.404 v_rec_bal=0.458 | lr=1.0e-05 | 30.0s
  Fold 1 | Ep   5/50 | t_loss=0.1168 t_acc=0.793 | v_win_bal=0.373 v_rec_bal=0.312 | lr=1.0e-05 | 30.7s
  Fold 1 | Ep   6/50 | t_loss=0.1001 t_acc=0.842 | v_win_bal=0.342 v_rec_bal=0.229 | lr=9.9e-06 | 30.8s
  Fold 1 | Ep   7/50 | t_loss=0.0964 t_acc=0.864 | v_win_bal=0.379 v_rec_bal=0.312 | lr=9.8e-06 | 31.5s
  Fold 1 | Ep   8/50 | t_loss=0.0955 t_acc=0.889 | v_win_bal=0.381 v_rec_bal=0.396 | lr=9.7e-06 | 31.8s
  Fold 1 | Ep   9/50 | t_loss=0.0912 t_acc=0.909 | v_win_bal=0.364 v_rec_bal=0.312 | lr=9.6e-06 | 31.0s
  Fold 1 | Ep  10/50 | t_loss=0.0742 t_acc=0.929 | v_win_bal=0.372 v_rec_bal=0.292 | lr=9.5e-06 | 30.3s
  Fold 1 | Ep  11/50 | t_loss=0.0638 t_acc=0.942 | v_win_bal=0.392 v_rec_bal=0.354 | lr=9.3e-06 | 33.1s
  Fold 1 | Ep  12/50 | t_loss=0.0491 t_acc=0.958 | v_win_bal=0.400 v_rec_bal=0.375 | lr=9.1e-06 | 30.6s
  Fold 1 | Ep  13/50 | t_loss=0.0358 t_acc=0.973 | v_win_bal=0.382 v_rec_bal=0.375 | lr=8.9e-06 | 30.1s
  Fold 1 | Ep  14/50 | t_loss=0.0243 t_acc=0.981 | v_win_bal=0.394 v_rec_bal=0.396 | lr=8.7e-06 | 30.4s
  Fold 1 | Ep  15/50 | t_loss=0.0167 t_acc=0.989 | v_win_bal=0.372 v_rec_bal=0.354 | lr=8.5e-06 | 30.2s
  Fold 1 | Ep  16/50 | t_loss=0.0127 t_acc=0.991 | v_win_bal=0.393 v_rec_bal=0.438 | lr=8.2e-06 | 30.3s
  Early stop at epoch 16
  -> Test (best @ epoch 1): acc=0.4286, bal_acc=0.4286

============================================================
Fold 2/5
============================================================
  Train:  42 samples, 21 subjects [1, 2, 5, 6, 7, 9, 11, 12, 13, 15, 19, 21, 23, 25, 26, 27, 30, 31, 32, 34, 37], label_0=20, label_1=22
    Val:  14 samples,  7 subjects [8, 10, 18, 20, 22, 29, 36], label_0=7, label_1=7
   Test:  16 samples,  8 subjects [4, 14, 16, 17, 24, 33, 35, 38], label_0=9, label_1=7
  Building window datasets...
    WindowDataset: 2520 windows (class_0=1200, class_1=1320)
    WindowDataset: 840 windows (class_0=420, class_1=420)
    WindowDataset: 960 windows (class_0=540, class_1=420)
[LaBraM] Loaded 219/221 params from weights/labram-base/model.safetensors
[LaBraM] Missing: ['fc_norm.weight', 'fc_norm.bias']
  Fold 2 | Ep   1/50 | t_loss=0.1787 t_acc=0.529 | v_win_bal=0.552 v_rec_bal=0.571 | lr=3.3e-06 | 29.0s
  Fold 2 | Ep   2/50 | t_loss=0.1678 t_acc=0.606 | v_win_bal=0.488 v_rec_bal=0.500 | lr=6.7e-06 | 29.3s
  Fold 2 | Ep   3/50 | t_loss=0.1545 t_acc=0.672 | v_win_bal=0.490 v_rec_bal=0.429 | lr=1.0e-05 | 28.9s
  Fold 2 | Ep   4/50 | t_loss=0.1398 t_acc=0.715 | v_win_bal=0.490 v_rec_bal=0.500 | lr=1.0e-05 | 29.0s
  Fold 2 | Ep   5/50 | t_loss=0.1255 t_acc=0.763 | v_win_bal=0.487 v_rec_bal=0.500 | lr=1.0e-05 | 29.6s
  Fold 2 | Ep   6/50 | t_loss=0.1106 t_acc=0.807 | v_win_bal=0.479 v_rec_bal=0.429 | lr=9.9e-06 | 29.6s
  Fold 2 | Ep   7/50 | t_loss=0.0975 t_acc=0.854 | v_win_bal=0.510 v_rec_bal=0.429 | lr=9.8e-06 | 29.3s
  Fold 2 | Ep   8/50 | t_loss=0.0889 t_acc=0.873 | v_win_bal=0.455 v_rec_bal=0.500 | lr=9.7e-06 | 29.5s
  Fold 2 | Ep   9/50 | t_loss=0.0856 t_acc=0.898 | v_win_bal=0.468 v_rec_bal=0.500 | lr=9.6e-06 | 29.4s
  Fold 2 | Ep  10/50 | t_loss=0.0706 t_acc=0.924 | v_win_bal=0.468 v_rec_bal=0.500 | lr=9.5e-06 | 28.9s
  Fold 2 | Ep  11/50 | t_loss=0.0648 t_acc=0.936 | v_win_bal=0.462 v_rec_bal=0.500 | lr=9.3e-06 | 29.1s
  Fold 2 | Ep  12/50 | t_loss=0.0551 t_acc=0.954 | v_win_bal=0.498 v_rec_bal=0.500 | lr=9.1e-06 | 28.6s
  Fold 2 | Ep  13/50 | t_loss=0.0405 t_acc=0.968 | v_win_bal=0.499 v_rec_bal=0.571 | lr=8.9e-06 | 29.1s
  Fold 2 | Ep  14/50 | t_loss=0.0306 t_acc=0.979 | v_win_bal=0.464 v_rec_bal=0.500 | lr=8.7e-06 | 29.1s
  Fold 2 | Ep  15/50 | t_loss=0.0196 t_acc=0.983 | v_win_bal=0.471 v_rec_bal=0.500 | lr=8.5e-06 | 29.2s
  Fold 2 | Ep  16/50 | t_loss=0.0112 t_acc=0.991 | v_win_bal=0.506 v_rec_bal=0.500 | lr=8.2e-06 | 29.0s
  Early stop at epoch 16
  -> Test (best @ epoch 1): acc=0.3125, bal_acc=0.3571

============================================================
Fold 3/5
============================================================
  Train:  44 samples, 22 subjects [1, 4, 5, 7, 10, 11, 12, 13, 15, 16, 17, 20, 21, 22, 24, 25, 29, 30, 31, 32, 34, 35], label_0=22, label_1=22
    Val:  14 samples,  7 subjects [9, 14, 19, 26, 33, 36, 38], label_0=8, label_1=6
   Test:  14 samples,  7 subjects [2, 6, 8, 18, 23, 27, 37], label_0=6, label_1=8
  Building window datasets...
    WindowDataset: 2640 windows (class_0=1320, class_1=1320)
    WindowDataset: 840 windows (class_0=480, class_1=360)
    WindowDataset: 840 windows (class_0=360, class_1=480)
[LaBraM] Loaded 219/221 params from weights/labram-base/model.safetensors
[LaBraM] Missing: ['fc_norm.weight', 'fc_norm.bias']
  Fold 3 | Ep   1/50 | t_loss=0.1746 t_acc=0.517 | v_win_bal=0.365 v_rec_bal=0.250 | lr=3.3e-06 | 30.4s
  Fold 3 | Ep   2/50 | t_loss=0.1684 t_acc=0.597 | v_win_bal=0.442 v_rec_bal=0.562 | lr=6.7e-06 | 30.8s
  Fold 3 | Ep   3/50 | t_loss=0.1590 t_acc=0.653 | v_win_bal=0.438 v_rec_bal=0.500 | lr=1.0e-05 | 29.7s
  Fold 3 | Ep   4/50 | t_loss=0.1422 t_acc=0.713 | v_win_bal=0.449 v_rec_bal=0.396 | lr=1.0e-05 | 30.0s
  Fold 3 | Ep   5/50 | t_loss=0.1232 t_acc=0.775 | v_win_bal=0.464 v_rec_bal=0.458 | lr=1.0e-05 | 30.4s
  Fold 3 | Ep   6/50 | t_loss=0.1107 t_acc=0.822 | v_win_bal=0.433 v_rec_bal=0.438 | lr=9.9e-06 | 30.6s
  Fold 3 | Ep   7/50 | t_loss=0.1039 t_acc=0.848 | v_win_bal=0.503 v_rec_bal=0.479 | lr=9.8e-06 | 33.1s
  Fold 3 | Ep   8/50 | t_loss=0.0990 t_acc=0.869 | v_win_bal=0.488 v_rec_bal=0.396 | lr=9.7e-06 | 30.4s
  Fold 3 | Ep   9/50 | t_loss=0.0854 t_acc=0.896 | v_win_bal=0.495 v_rec_bal=0.396 | lr=9.6e-06 | 30.9s
  Fold 3 | Ep  10/50 | t_loss=0.0769 t_acc=0.923 | v_win_bal=0.494 v_rec_bal=0.479 | lr=9.5e-06 | 30.0s
  Fold 3 | Ep  11/50 | t_loss=0.0632 t_acc=0.938 | v_win_bal=0.512 v_rec_bal=0.562 | lr=9.3e-06 | 31.2s
  Fold 3 | Ep  12/50 | t_loss=0.0519 t_acc=0.948 | v_win_bal=0.506 v_rec_bal=0.521 | lr=9.1e-06 | 30.8s
  Fold 3 | Ep  13/50 | t_loss=0.0423 t_acc=0.960 | v_win_bal=0.511 v_rec_bal=0.458 | lr=8.9e-06 | 31.5s
  Fold 3 | Ep  14/50 | t_loss=0.0300 t_acc=0.972 | v_win_bal=0.501 v_rec_bal=0.479 | lr=8.7e-06 | 31.8s
  Fold 3 | Ep  15/50 | t_loss=0.0208 t_acc=0.983 | v_win_bal=0.512 v_rec_bal=0.542 | lr=8.5e-06 | 31.4s
  Fold 3 | Ep  16/50 | t_loss=0.0114 t_acc=0.987 | v_win_bal=0.510 v_rec_bal=0.625 | lr=8.2e-06 | 31.9s
  Fold 3 | Ep  17/50 | t_loss=0.0057 t_acc=0.993 | v_win_bal=0.501 v_rec_bal=0.625 | lr=8.0e-06 | 31.4s
  Fold 3 | Ep  18/50 | t_loss=0.0027 t_acc=0.998 | v_win_bal=0.505 v_rec_bal=0.542 | lr=7.7e-06 | 31.0s
  Fold 3 | Ep  19/50 | t_loss=0.0023 t_acc=0.998 | v_win_bal=0.499 v_rec_bal=0.458 | lr=7.4e-06 | 31.5s
  Fold 3 | Ep  20/50 | t_loss=0.0003 t_acc=1.000 | v_win_bal=0.511 v_rec_bal=0.542 | lr=7.1e-06 | 31.2s
  Fold 3 | Ep  21/50 | t_loss=0.0002 t_acc=1.000 | v_win_bal=0.497 v_rec_bal=0.458 | lr=6.8e-06 | 32.0s
  Fold 3 | Ep  22/50 | t_loss=0.0001 t_acc=1.000 | v_win_bal=0.505 v_rec_bal=0.562 | lr=6.5e-06 | 31.5s
  Fold 3 | Ep  23/50 | t_loss=0.0000 t_acc=1.000 | v_win_bal=0.503 v_rec_bal=0.625 | lr=6.2e-06 | 30.3s
  Fold 3 | Ep  24/50 | t_loss=0.0005 t_acc=0.999 | v_win_bal=0.502 v_rec_bal=0.542 | lr=5.8e-06 | 29.5s
  Fold 3 | Ep  25/50 | t_loss=0.0000 t_acc=1.000 | v_win_bal=0.493 v_rec_bal=0.625 | lr=5.5e-06 | 30.5s
  Fold 3 | Ep  26/50 | t_loss=0.0000 t_acc=1.000 | v_win_bal=0.494 v_rec_bal=0.625 | lr=5.2e-06 | 32.6s
  Fold 3 | Ep  27/50 | t_loss=0.0000 t_acc=1.000 | v_win_bal=0.487 v_rec_bal=0.625 | lr=4.8e-06 | 31.3s
  Fold 3 | Ep  28/50 | t_loss=0.0000 t_acc=1.000 | v_win_bal=0.492 v_rec_bal=0.625 | lr=4.5e-06 | 31.3s
  Fold 3 | Ep  29/50 | t_loss=0.0000 t_acc=1.000 | v_win_bal=0.496 v_rec_bal=0.542 | lr=4.2e-06 | 31.7s
  Fold 3 | Ep  30/50 | t_loss=0.0000 t_acc=1.000 | v_win_bal=0.489 v_rec_bal=0.542 | lr=3.8e-06 | 31.7s
  Fold 3 | Ep  31/50 | t_loss=0.0000 t_acc=1.000 | v_win_bal=0.496 v_rec_bal=0.625 | lr=3.5e-06 | 31.3s
  Fold 3 | Ep  32/50 | t_loss=0.0000 t_acc=1.000 | v_win_bal=0.493 v_rec_bal=0.542 | lr=3.2e-06 | 32.4s
  Fold 3 | Ep  33/50 | t_loss=0.0000 t_acc=1.000 | v_win_bal=0.496 v_rec_bal=0.542 | lr=2.9e-06 | 31.3s
  Fold 3 | Ep  34/50 | t_loss=0.0000 t_acc=1.000 | v_win_bal=0.488 v_rec_bal=0.625 | lr=2.6e-06 | 31.9s
  Fold 3 | Ep  35/50 | t_loss=0.0000 t_acc=1.000 | v_win_bal=0.497 v_rec_bal=0.542 | lr=2.3e-06 | 31.3s
  Fold 3 | Ep  36/50 | t_loss=0.0000 t_acc=1.000 | v_win_bal=0.495 v_rec_bal=0.625 | lr=2.0e-06 | 31.3s
  Fold 3 | Ep  37/50 | t_loss=0.0000 t_acc=1.000 | v_win_bal=0.495 v_rec_bal=0.625 | lr=1.8e-06 | 32.0s
  Fold 3 | Ep  38/50 | t_loss=0.0000 t_acc=1.000 | v_win_bal=0.491 v_rec_bal=0.542 | lr=1.5e-06 | 31.4s
  Fold 3 | Ep  39/50 | t_loss=0.0000 t_acc=1.000 | v_win_bal=0.491 v_rec_bal=0.542 | lr=1.3e-06 | 33.5s
  Fold 3 | Ep  40/50 | t_loss=0.0000 t_acc=1.000 | v_win_bal=0.493 v_rec_bal=0.542 | lr=1.1e-06 | 31.4s
  Fold 3 | Ep  41/50 | t_loss=0.0000 t_acc=1.000 | v_win_bal=0.493 v_rec_bal=0.458 | lr=8.8e-07 | 31.8s
  Fold 3 | Ep  42/50 | t_loss=0.0000 t_acc=1.000 | v_win_bal=0.492 v_rec_bal=0.458 | lr=7.0e-07 | 30.8s
  Early stop at epoch 42
  -> Test (best @ epoch 16): acc=0.2857, bal_acc=0.2708

============================================================
Fold 4/5
============================================================
  Train:  44 samples, 22 subjects [1, 2, 5, 6, 8, 11, 13, 14, 15, 16, 19, 20, 21, 23, 24, 25, 27, 29, 30, 31, 35, 38], label_0=22, label_1=22
    Val:  14 samples,  7 subjects [4, 7, 12, 17, 18, 33, 37], label_0=8, label_1=6
   Test:  14 samples,  7 subjects [9, 10, 22, 26, 32, 34, 36], label_0=6, label_1=8
  Building window datasets...
    WindowDataset: 2640 windows (class_0=1320, class_1=1320)
    WindowDataset: 840 windows (class_0=480, class_1=360)
    WindowDataset: 840 windows (class_0=360, class_1=480)
[LaBraM] Loaded 219/221 params from weights/labram-base/model.safetensors
[LaBraM] Missing: ['fc_norm.weight', 'fc_norm.bias']
  Fold 4 | Ep   1/50 | t_loss=0.1764 t_acc=0.528 | v_win_bal=0.598 v_rec_bal=0.708 | lr=3.3e-06 | 30.9s
  Fold 4 | Ep   2/50 | t_loss=0.1682 t_acc=0.597 | v_win_bal=0.517 v_rec_bal=0.438 | lr=6.7e-06 | 33.6s
  Fold 4 | Ep   3/50 | t_loss=0.1620 t_acc=0.635 | v_win_bal=0.566 v_rec_bal=0.646 | lr=1.0e-05 | 31.7s
  Fold 4 | Ep   4/50 | t_loss=0.1510 t_acc=0.678 | v_win_bal=0.534 v_rec_bal=0.625 | lr=1.0e-05 | 31.1s
  Fold 4 | Ep   5/50 | t_loss=0.1340 t_acc=0.738 | v_win_bal=0.524 v_rec_bal=0.521 | lr=1.0e-05 | 31.5s
  Fold 4 | Ep   6/50 | t_loss=0.1194 t_acc=0.784 | v_win_bal=0.517 v_rec_bal=0.521 | lr=9.9e-06 | 30.9s
  Fold 4 | Ep   7/50 | t_loss=0.1043 t_acc=0.823 | v_win_bal=0.494 v_rec_bal=0.479 | lr=9.8e-06 | 31.6s
  Fold 4 | Ep   8/50 | t_loss=0.0940 t_acc=0.855 | v_win_bal=0.521 v_rec_bal=0.479 | lr=9.7e-06 | 31.0s
  Fold 4 | Ep   9/50 | t_loss=0.0896 t_acc=0.885 | v_win_bal=0.494 v_rec_bal=0.521 | lr=9.6e-06 | 30.7s
  Fold 4 | Ep  10/50 | t_loss=0.0779 t_acc=0.907 | v_win_bal=0.509 v_rec_bal=0.521 | lr=9.5e-06 | 30.5s
  Fold 4 | Ep  11/50 | t_loss=0.0641 t_acc=0.927 | v_win_bal=0.521 v_rec_bal=0.521 | lr=9.3e-06 | 30.2s
  Fold 4 | Ep  12/50 | t_loss=0.0531 t_acc=0.948 | v_win_bal=0.508 v_rec_bal=0.479 | lr=9.1e-06 | 30.9s
  Fold 4 | Ep  13/50 | t_loss=0.0365 t_acc=0.966 | v_win_bal=0.494 v_rec_bal=0.458 | lr=8.9e-06 | 31.1s
  Fold 4 | Ep  14/50 | t_loss=0.0256 t_acc=0.974 | v_win_bal=0.505 v_rec_bal=0.458 | lr=8.7e-06 | 31.0s
  Fold 4 | Ep  15/50 | t_loss=0.0171 t_acc=0.985 | v_win_bal=0.523 v_rec_bal=0.583 | lr=8.5e-06 | 31.6s
  Fold 4 | Ep  16/50 | t_loss=0.0073 t_acc=0.994 | v_win_bal=0.526 v_rec_bal=0.521 | lr=8.2e-06 | 30.5s
  Early stop at epoch 16
  -> Test (best @ epoch 1): acc=0.5000, bal_acc=0.4792

============================================================
Fold 5/5
============================================================
  Train:  42 samples, 21 subjects [1, 2, 4, 6, 8, 9, 10, 13, 14, 16, 17, 21, 22, 24, 25, 26, 27, 31, 33, 35, 36], label_0=19, label_1=23
    Val:  16 samples,  8 subjects [18, 20, 23, 29, 32, 34, 37, 38], label_0=9, label_1=7
   Test:  14 samples,  7 subjects [5, 7, 11, 12, 15, 19, 30], label_0=8, label_1=6
  Building window datasets...
    WindowDataset: 2520 windows (class_0=1140, class_1=1380)
    WindowDataset: 960 windows (class_0=540, class_1=420)
    WindowDataset: 840 windows (class_0=480, class_1=360)
[LaBraM] Loaded 219/221 params from weights/labram-base/model.safetensors
[LaBraM] Missing: ['fc_norm.weight', 'fc_norm.bias']
  Fold 5 | Ep   1/50 | t_loss=0.1762 t_acc=0.482 | v_win_bal=0.574 v_rec_bal=0.667 | lr=3.3e-06 | 31.0s
  Fold 5 | Ep   2/50 | t_loss=0.1704 t_acc=0.590 | v_win_bal=0.494 v_rec_bal=0.468 | lr=6.7e-06 | 30.1s
  Fold 5 | Ep   3/50 | t_loss=0.1589 t_acc=0.666 | v_win_bal=0.523 v_rec_bal=0.548 | lr=1.0e-05 | 29.9s
  Fold 5 | Ep   4/50 | t_loss=0.1426 t_acc=0.727 | v_win_bal=0.522 v_rec_bal=0.492 | lr=1.0e-05 | 30.0s
  Fold 5 | Ep   5/50 | t_loss=0.1262 t_acc=0.777 | v_win_bal=0.560 v_rec_bal=0.492 | lr=1.0e-05 | 30.0s
  Fold 5 | Ep   6/50 | t_loss=0.1109 t_acc=0.814 | v_win_bal=0.565 v_rec_bal=0.563 | lr=9.9e-06 | 33.5s
  Fold 5 | Ep   7/50 | t_loss=0.0964 t_acc=0.853 | v_win_bal=0.585 v_rec_bal=0.603 | lr=9.8e-06 | 31.2s
  Fold 5 | Ep   8/50 | t_loss=0.0852 t_acc=0.881 | v_win_bal=0.583 v_rec_bal=0.563 | lr=9.7e-06 | 31.2s
  Fold 5 | Ep   9/50 | t_loss=0.0814 t_acc=0.904 | v_win_bal=0.584 v_rec_bal=0.619 | lr=9.6e-06 | 30.8s
  Fold 5 | Ep  10/50 | t_loss=0.0715 t_acc=0.916 | v_win_bal=0.574 v_rec_bal=0.619 | lr=9.5e-06 | 30.5s
  Fold 5 | Ep  11/50 | t_loss=0.0668 t_acc=0.939 | v_win_bal=0.590 v_rec_bal=0.635 | lr=9.3e-06 | 30.5s
  Fold 5 | Ep  12/50 | t_loss=0.0449 t_acc=0.958 | v_win_bal=0.556 v_rec_bal=0.563 | lr=9.1e-06 | 31.0s
  Fold 5 | Ep  13/50 | t_loss=0.0332 t_acc=0.972 | v_win_bal=0.563 v_rec_bal=0.603 | lr=8.9e-06 | 32.1s
  Fold 5 | Ep  14/50 | t_loss=0.0244 t_acc=0.979 | v_win_bal=0.570 v_rec_bal=0.659 | lr=8.7e-06 | 31.4s
  Fold 5 | Ep  15/50 | t_loss=0.0202 t_acc=0.986 | v_win_bal=0.576 v_rec_bal=0.563 | lr=8.5e-06 | 31.7s
  Fold 5 | Ep  16/50 | t_loss=0.0110 t_acc=0.992 | v_win_bal=0.564 v_rec_bal=0.563 | lr=8.2e-06 | 31.3s
  Early stop at epoch 16
  -> Test (best @ epoch 1): acc=0.5714, bal_acc=0.6042

============================================================
Global Results (5-Fold, subject-level CV)
Mode: FT | Extractor: labram | Loss: focal
============================================================
              acc: 0.4167
          bal_acc: 0.4167
               f1: 0.3778
            kappa: -0.1667
  Total predictions: 72 (should equal dataset size: 72)

Results saved to results/studies/exp27_paired_null/sleepdep/perm_s9/
