/raid/jupyter-linjimmy1003.md10/.conda/envs/stress/lib/python3.11/site-packages/timm/models/layers/__init__.py:49: FutureWarning: Importing from timm.models.layers is deprecated, please import via timm.layers
  warnings.warn(f"Importing from {__name__} is deprecated, please import via timm.layers", FutureWarning)
Mode: FT | Extractor: labram | Folds: 5
LR: 1e-05 | WD: 0.01 | Beta2: 0.999 | Grad clip: 2.0
Head: hidden=128, dropout=0.0 | Norm: zscore | Loss: focal
Full FT: encoder_lr_scale=0.1

Results → results/studies/exp27_paired_null/sleepdep/perm_s14/
[INFO] Skipped 0 subjects (incomplete sessions), 0 subjects (no SessionOrder), 2 subjects (failed cache markers)
SleepDep: 72 recordings from 36 subjects (SD=36, NS=36)
SleepDep: 72 recordings, 36 subjects (SD=36, NS=36)
[permute-labels] Recording-level shuffle with rng seed 14. Class balance preserved: 36 pos / 36 neg

============================================================
Fold 1/5
============================================================
  Train:  44 samples, 22 subjects [1, 2, 5, 6, 8, 10, 11, 12, 13, 14, 15, 16, 17, 21, 22, 24, 26, 27, 30, 31, 32, 35], label_0=22, label_1=22
    Val:  14 samples,  7 subjects [9, 18, 19, 23, 29, 34, 36], label_0=8, label_1=6
   Test:  14 samples,  7 subjects [4, 7, 20, 25, 33, 37, 38], label_0=6, label_1=8
  Building window datasets...
    WindowDataset: 2640 windows (class_0=1320, class_1=1320)
    WindowDataset: 840 windows (class_0=480, class_1=360)
    WindowDataset: 840 windows (class_0=360, class_1=480)
[LaBraM] Loaded 219/221 params from weights/labram-base/model.safetensors
[LaBraM] Missing: ['fc_norm.weight', 'fc_norm.bias']
  Trainable parameters: 5,871,779
  Class weights: [1.0, 1.0]
  Fold 1 | Ep   1/50 | t_loss=0.1901 t_acc=0.518 | v_win_bal=0.473 v_rec_bal=0.479 | lr=3.3e-06 | 34.0s
  Fold 1 | Ep   2/50 | t_loss=0.1608 t_acc=0.651 | v_win_bal=0.560 v_rec_bal=0.583 | lr=6.7e-06 | 31.4s
  Fold 1 | Ep   3/50 | t_loss=0.1446 t_acc=0.695 | v_win_bal=0.543 v_rec_bal=0.646 | lr=1.0e-05 | 33.9s
  Fold 1 | Ep   4/50 | t_loss=0.1324 t_acc=0.738 | v_win_bal=0.551 v_rec_bal=0.583 | lr=1.0e-05 | 30.9s
  Fold 1 | Ep   5/50 | t_loss=0.1142 t_acc=0.787 | v_win_bal=0.561 v_rec_bal=0.542 | lr=1.0e-05 | 30.6s
  Fold 1 | Ep   6/50 | t_loss=0.1021 t_acc=0.835 | v_win_bal=0.562 v_rec_bal=0.583 | lr=9.9e-06 | 31.2s
  Fold 1 | Ep   7/50 | t_loss=0.0959 t_acc=0.864 | v_win_bal=0.541 v_rec_bal=0.583 | lr=9.8e-06 | 31.2s
  Fold 1 | Ep   8/50 | t_loss=0.0912 t_acc=0.876 | v_win_bal=0.545 v_rec_bal=0.583 | lr=9.7e-06 | 30.9s
  Fold 1 | Ep   9/50 | t_loss=0.0756 t_acc=0.916 | v_win_bal=0.556 v_rec_bal=0.583 | lr=9.6e-06 | 31.1s
  Fold 1 | Ep  10/50 | t_loss=0.0688 t_acc=0.931 | v_win_bal=0.526 v_rec_bal=0.500 | lr=9.5e-06 | 31.3s
  Fold 1 | Ep  11/50 | t_loss=0.0526 t_acc=0.950 | v_win_bal=0.541 v_rec_bal=0.583 | lr=9.3e-06 | 31.6s
  Fold 1 | Ep  12/50 | t_loss=0.0402 t_acc=0.964 | v_win_bal=0.544 v_rec_bal=0.583 | lr=9.1e-06 | 31.5s
  Fold 1 | Ep  13/50 | t_loss=0.0263 t_acc=0.979 | v_win_bal=0.549 v_rec_bal=0.583 | lr=8.9e-06 | 30.9s
  Fold 1 | Ep  14/50 | t_loss=0.0150 t_acc=0.988 | v_win_bal=0.545 v_rec_bal=0.583 | lr=8.7e-06 | 31.7s
  Fold 1 | Ep  15/50 | t_loss=0.0089 t_acc=0.995 | v_win_bal=0.548 v_rec_bal=0.583 | lr=8.5e-06 | 31.3s
  Fold 1 | Ep  16/50 | t_loss=0.0041 t_acc=0.997 | v_win_bal=0.544 v_rec_bal=0.583 | lr=8.2e-06 | 32.4s
  Fold 1 | Ep  17/50 | t_loss=0.0032 t_acc=0.998 | v_win_bal=0.528 v_rec_bal=0.562 | lr=8.0e-06 | 31.1s
  Fold 1 | Ep  18/50 | t_loss=0.0011 t_acc=0.999 | v_win_bal=0.546 v_rec_bal=0.583 | lr=7.7e-06 | 30.9s
  Fold 1 | Ep  19/50 | t_loss=0.0006 t_acc=1.000 | v_win_bal=0.549 v_rec_bal=0.583 | lr=7.4e-06 | 31.8s
  Early stop at epoch 19
  -> Test (best @ epoch 3): acc=0.4286, bal_acc=0.4583

============================================================
Fold 2/5
============================================================
  Train:  40 samples, 20 subjects [1, 2, 4, 5, 7, 8, 10, 14, 15, 16, 17, 18, 20, 23, 26, 27, 33, 35, 37, 38], label_0=18, label_1=22
    Val:  16 samples,  8 subjects [6, 11, 12, 22, 24, 25, 32, 34], label_0=9, label_1=7
   Test:  16 samples,  8 subjects [9, 13, 19, 21, 29, 30, 31, 36], label_0=9, label_1=7
  Building window datasets...
    WindowDataset: 2400 windows (class_0=1080, class_1=1320)
    WindowDataset: 960 windows (class_0=540, class_1=420)
    WindowDataset: 960 windows (class_0=540, class_1=420)
[LaBraM] Loaded 219/221 params from weights/labram-base/model.safetensors
[LaBraM] Missing: ['fc_norm.weight', 'fc_norm.bias']
  Fold 2 | Ep   1/50 | t_loss=0.1734 t_acc=0.531 | v_win_bal=0.536 v_rec_bal=0.468 | lr=3.3e-06 | 30.5s
  Fold 2 | Ep   2/50 | t_loss=0.1684 t_acc=0.575 | v_win_bal=0.579 v_rec_bal=0.611 | lr=6.7e-06 | 30.1s
  Fold 2 | Ep   3/50 | t_loss=0.1569 t_acc=0.649 | v_win_bal=0.562 v_rec_bal=0.595 | lr=1.0e-05 | 30.4s
  Fold 2 | Ep   4/50 | t_loss=0.1355 t_acc=0.739 | v_win_bal=0.552 v_rec_bal=0.651 | lr=1.0e-05 | 30.1s
  Fold 2 | Ep   5/50 | t_loss=0.1114 t_acc=0.800 | v_win_bal=0.527 v_rec_bal=0.595 | lr=1.0e-05 | 29.5s
  Fold 2 | Ep   6/50 | t_loss=0.0974 t_acc=0.841 | v_win_bal=0.515 v_rec_bal=0.524 | lr=9.9e-06 | 29.4s
  Fold 2 | Ep   7/50 | t_loss=0.0844 t_acc=0.873 | v_win_bal=0.507 v_rec_bal=0.579 | lr=9.8e-06 | 28.8s
  Fold 2 | Ep   8/50 | t_loss=0.0819 t_acc=0.900 | v_win_bal=0.494 v_rec_bal=0.524 | lr=9.7e-06 | 29.4s
  Fold 2 | Ep   9/50 | t_loss=0.0735 t_acc=0.920 | v_win_bal=0.485 v_rec_bal=0.413 | lr=9.6e-06 | 29.5s
  Fold 2 | Ep  10/50 | t_loss=0.0624 t_acc=0.941 | v_win_bal=0.503 v_rec_bal=0.524 | lr=9.5e-06 | 32.5s
  Fold 2 | Ep  11/50 | t_loss=0.0480 t_acc=0.956 | v_win_bal=0.499 v_rec_bal=0.524 | lr=9.3e-06 | 29.5s
  Fold 2 | Ep  12/50 | t_loss=0.0359 t_acc=0.969 | v_win_bal=0.496 v_rec_bal=0.524 | lr=9.1e-06 | 29.7s
  Fold 2 | Ep  13/50 | t_loss=0.0238 t_acc=0.982 | v_win_bal=0.499 v_rec_bal=0.524 | lr=8.9e-06 | 30.2s
  Fold 2 | Ep  14/50 | t_loss=0.0160 t_acc=0.988 | v_win_bal=0.492 v_rec_bal=0.524 | lr=8.7e-06 | 30.5s
  Fold 2 | Ep  15/50 | t_loss=0.0120 t_acc=0.991 | v_win_bal=0.487 v_rec_bal=0.468 | lr=8.5e-06 | 29.8s
  Fold 2 | Ep  16/50 | t_loss=0.0070 t_acc=0.996 | v_win_bal=0.484 v_rec_bal=0.468 | lr=8.2e-06 | 30.2s
  Fold 2 | Ep  17/50 | t_loss=0.0028 t_acc=0.998 | v_win_bal=0.485 v_rec_bal=0.468 | lr=8.0e-06 | 30.5s
  Fold 2 | Ep  18/50 | t_loss=0.0014 t_acc=0.998 | v_win_bal=0.493 v_rec_bal=0.524 | lr=7.7e-06 | 30.3s
  Fold 2 | Ep  19/50 | t_loss=0.0014 t_acc=1.000 | v_win_bal=0.482 v_rec_bal=0.468 | lr=7.4e-06 | 30.6s
  Early stop at epoch 19
  -> Test (best @ epoch 4): acc=0.5625, bal_acc=0.5635

============================================================
Fold 3/5
============================================================
  Train:  42 samples, 21 subjects [2, 4, 7, 8, 10, 15, 17, 18, 20, 21, 24, 27, 29, 30, 31, 32, 33, 35, 36, 37, 38], label_0=19, label_1=23
    Val:  16 samples,  8 subjects [6, 9, 13, 14, 19, 22, 23, 25], label_0=9, label_1=7
   Test:  14 samples,  7 subjects [1, 5, 11, 12, 16, 26, 34], label_0=8, label_1=6
  Building window datasets...
    WindowDataset: 2520 windows (class_0=1140, class_1=1380)
    WindowDataset: 960 windows (class_0=540, class_1=420)
    WindowDataset: 840 windows (class_0=480, class_1=360)
[LaBraM] Loaded 219/221 params from weights/labram-base/model.safetensors
[LaBraM] Missing: ['fc_norm.weight', 'fc_norm.bias']
  Fold 3 | Ep   1/50 | t_loss=0.1754 t_acc=0.470 | v_win_bal=0.424 v_rec_bal=0.389 | lr=3.3e-06 | 31.8s
  Fold 3 | Ep   2/50 | t_loss=0.1687 t_acc=0.589 | v_win_bal=0.484 v_rec_bal=0.571 | lr=6.7e-06 | 31.3s
  Fold 3 | Ep   3/50 | t_loss=0.1601 t_acc=0.642 | v_win_bal=0.519 v_rec_bal=0.619 | lr=1.0e-05 | 32.0s
  Fold 3 | Ep   4/50 | t_loss=0.1516 t_acc=0.677 | v_win_bal=0.497 v_rec_bal=0.484 | lr=1.0e-05 | 31.1s
  Fold 3 | Ep   5/50 | t_loss=0.1426 t_acc=0.725 | v_win_bal=0.469 v_rec_bal=0.413 | lr=1.0e-05 | 30.7s
  Fold 3 | Ep   6/50 | t_loss=0.1338 t_acc=0.751 | v_win_bal=0.489 v_rec_bal=0.484 | lr=9.9e-06 | 31.5s
  Fold 3 | Ep   7/50 | t_loss=0.1198 t_acc=0.794 | v_win_bal=0.453 v_rec_bal=0.397 | lr=9.8e-06 | 30.5s
  Fold 3 | Ep   8/50 | t_loss=0.1121 t_acc=0.819 | v_win_bal=0.434 v_rec_bal=0.254 | lr=9.7e-06 | 30.5s
  Fold 3 | Ep   9/50 | t_loss=0.1034 t_acc=0.849 | v_win_bal=0.456 v_rec_bal=0.397 | lr=9.6e-06 | 31.0s
  Fold 3 | Ep  10/50 | t_loss=0.0976 t_acc=0.877 | v_win_bal=0.458 v_rec_bal=0.540 | lr=9.5e-06 | 31.2s
  Fold 3 | Ep  11/50 | t_loss=0.0994 t_acc=0.894 | v_win_bal=0.455 v_rec_bal=0.484 | lr=9.3e-06 | 31.5s
  Fold 3 | Ep  12/50 | t_loss=0.0889 t_acc=0.920 | v_win_bal=0.458 v_rec_bal=0.325 | lr=9.1e-06 | 31.0s
  Fold 3 | Ep  13/50 | t_loss=0.0794 t_acc=0.929 | v_win_bal=0.452 v_rec_bal=0.452 | lr=8.9e-06 | 30.9s
  Fold 3 | Ep  14/50 | t_loss=0.0669 t_acc=0.947 | v_win_bal=0.457 v_rec_bal=0.381 | lr=8.7e-06 | 31.3s
  Fold 3 | Ep  15/50 | t_loss=0.0559 t_acc=0.956 | v_win_bal=0.464 v_rec_bal=0.413 | lr=8.5e-06 | 30.8s
  Fold 3 | Ep  16/50 | t_loss=0.0380 t_acc=0.969 | v_win_bal=0.459 v_rec_bal=0.452 | lr=8.2e-06 | 31.1s
  Fold 3 | Ep  17/50 | t_loss=0.0274 t_acc=0.977 | v_win_bal=0.471 v_rec_bal=0.397 | lr=8.0e-06 | 31.7s
  Fold 3 | Ep  18/50 | t_loss=0.0206 t_acc=0.983 | v_win_bal=0.455 v_rec_bal=0.325 | lr=7.7e-06 | 31.2s
  Fold 3 | Ep  19/50 | t_loss=0.0122 t_acc=0.990 | v_win_bal=0.460 v_rec_bal=0.413 | lr=7.4e-06 | 30.7s
  Early stop at epoch 19
  -> Test (best @ epoch 3): acc=0.6429, bal_acc=0.6250

============================================================
Fold 4/5
============================================================
  Train:  42 samples, 21 subjects [1, 2, 4, 5, 9, 11, 13, 16, 17, 19, 20, 22, 25, 26, 29, 30, 34, 35, 36, 37, 38], label_0=23, label_1=19
    Val:  16 samples,  8 subjects [7, 10, 12, 14, 15, 21, 31, 33], label_0=7, label_1=9
   Test:  14 samples,  7 subjects [6, 8, 18, 23, 24, 27, 32], label_0=6, label_1=8
  Building window datasets...
    WindowDataset: 2520 windows (class_0=1380, class_1=1140)
    WindowDataset: 960 windows (class_0=420, class_1=540)
    WindowDataset: 840 windows (class_0=360, class_1=480)
[LaBraM] Loaded 219/221 params from weights/labram-base/model.safetensors
[LaBraM] Missing: ['fc_norm.weight', 'fc_norm.bias']
  Fold 4 | Ep   1/50 | t_loss=0.1784 t_acc=0.539 | v_win_bal=0.565 v_rec_bal=0.778 | lr=3.3e-06 | 31.8s
  Fold 4 | Ep   2/50 | t_loss=0.1700 t_acc=0.571 | v_win_bal=0.549 v_rec_bal=0.667 | lr=6.7e-06 | 31.5s
  Fold 4 | Ep   3/50 | t_loss=0.1586 t_acc=0.634 | v_win_bal=0.511 v_rec_bal=0.468 | lr=1.0e-05 | 31.8s
  Fold 4 | Ep   4/50 | t_loss=0.1461 t_acc=0.672 | v_win_bal=0.481 v_rec_bal=0.468 | lr=1.0e-05 | 32.9s
  Fold 4 | Ep   5/50 | t_loss=0.1325 t_acc=0.729 | v_win_bal=0.448 v_rec_bal=0.476 | lr=1.0e-05 | 32.7s
  Fold 4 | Ep   6/50 | t_loss=0.1168 t_acc=0.768 | v_win_bal=0.442 v_rec_bal=0.397 | lr=9.9e-06 | 31.2s
  Fold 4 | Ep   7/50 | t_loss=0.1025 t_acc=0.818 | v_win_bal=0.447 v_rec_bal=0.397 | lr=9.8e-06 | 31.2s
  Fold 4 | Ep   8/50 | t_loss=0.0949 t_acc=0.847 | v_win_bal=0.472 v_rec_bal=0.468 | lr=9.7e-06 | 30.9s
  Fold 4 | Ep   9/50 | t_loss=0.0846 t_acc=0.879 | v_win_bal=0.447 v_rec_bal=0.397 | lr=9.6e-06 | 30.6s
  Fold 4 | Ep  10/50 | t_loss=0.0908 t_acc=0.893 | v_win_bal=0.480 v_rec_bal=0.540 | lr=9.5e-06 | 31.5s
  Fold 4 | Ep  11/50 | t_loss=0.0707 t_acc=0.920 | v_win_bal=0.485 v_rec_bal=0.540 | lr=9.3e-06 | 31.5s
  Fold 4 | Ep  12/50 | t_loss=0.0643 t_acc=0.936 | v_win_bal=0.489 v_rec_bal=0.468 | lr=9.1e-06 | 33.4s
  Fold 4 | Ep  13/50 | t_loss=0.0521 t_acc=0.950 | v_win_bal=0.449 v_rec_bal=0.397 | lr=8.9e-06 | 31.6s
  Fold 4 | Ep  14/50 | t_loss=0.0428 t_acc=0.962 | v_win_bal=0.494 v_rec_bal=0.540 | lr=8.7e-06 | 31.4s
  Fold 4 | Ep  15/50 | t_loss=0.0340 t_acc=0.972 | v_win_bal=0.450 v_rec_bal=0.310 | lr=8.5e-06 | 31.6s
  Fold 4 | Ep  16/50 | t_loss=0.0228 t_acc=0.982 | v_win_bal=0.437 v_rec_bal=0.365 | lr=8.2e-06 | 31.3s
  Early stop at epoch 16
  -> Test (best @ epoch 1): acc=0.6429, bal_acc=0.6458

============================================================
Fold 5/5
============================================================
  Train:  42 samples, 21 subjects [1, 5, 6, 7, 8, 11, 13, 16, 18, 19, 20, 21, 23, 24, 25, 27, 29, 30, 31, 32, 34], label_0=20, label_1=22
    Val:  16 samples,  8 subjects [4, 9, 12, 26, 33, 36, 37, 38], label_0=9, label_1=7
   Test:  14 samples,  7 subjects [2, 10, 14, 15, 17, 22, 35], label_0=7, label_1=7
  Building window datasets...
    WindowDataset: 2520 windows (class_0=1200, class_1=1320)
    WindowDataset: 960 windows (class_0=540, class_1=420)
    WindowDataset: 840 windows (class_0=420, class_1=420)
[LaBraM] Loaded 219/221 params from weights/labram-base/model.safetensors
[LaBraM] Missing: ['fc_norm.weight', 'fc_norm.bias']
  Fold 5 | Ep   1/50 | t_loss=0.1926 t_acc=0.543 | v_win_bal=0.451 v_rec_bal=0.444 | lr=3.3e-06 | 31.8s
  Fold 5 | Ep   2/50 | t_loss=0.1654 t_acc=0.595 | v_win_bal=0.446 v_rec_bal=0.460 | lr=6.7e-06 | 31.3s
  Fold 5 | Ep   3/50 | t_loss=0.1570 t_acc=0.638 | v_win_bal=0.456 v_rec_bal=0.516 | lr=1.0e-05 | 31.1s
  Fold 5 | Ep   4/50 | t_loss=0.1451 t_acc=0.688 | v_win_bal=0.418 v_rec_bal=0.460 | lr=1.0e-05 | 31.6s
  Fold 5 | Ep   5/50 | t_loss=0.1307 t_acc=0.738 | v_win_bal=0.424 v_rec_bal=0.460 | lr=1.0e-05 | 31.5s
  Fold 5 | Ep   6/50 | t_loss=0.1182 t_acc=0.803 | v_win_bal=0.422 v_rec_bal=0.405 | lr=9.9e-06 | 31.2s
  Fold 5 | Ep   7/50 | t_loss=0.1150 t_acc=0.836 | v_win_bal=0.425 v_rec_bal=0.460 | lr=9.8e-06 | 31.0s
  Fold 5 | Ep   8/50 | t_loss=0.1085 t_acc=0.871 | v_win_bal=0.439 v_rec_bal=0.460 | lr=9.7e-06 | 32.1s
  Fold 5 | Ep   9/50 | t_loss=0.0940 t_acc=0.896 | v_win_bal=0.443 v_rec_bal=0.460 | lr=9.6e-06 | 31.0s
  Fold 5 | Ep  10/50 | t_loss=0.0833 t_acc=0.924 | v_win_bal=0.469 v_rec_bal=0.571 | lr=9.5e-06 | 30.9s
  Fold 5 | Ep  11/50 | t_loss=0.0707 t_acc=0.939 | v_win_bal=0.451 v_rec_bal=0.516 | lr=9.3e-06 | 31.1s
  Fold 5 | Ep  12/50 | t_loss=0.0546 t_acc=0.958 | v_win_bal=0.457 v_rec_bal=0.516 | lr=9.1e-06 | 31.2s
  Fold 5 | Ep  13/50 | t_loss=0.0475 t_acc=0.970 | v_win_bal=0.477 v_rec_bal=0.571 | lr=8.9e-06 | 33.1s
  Fold 5 | Ep  14/50 | t_loss=0.0341 t_acc=0.979 | v_win_bal=0.469 v_rec_bal=0.516 | lr=8.7e-06 | 32.3s
  Fold 5 | Ep  15/50 | t_loss=0.0276 t_acc=0.985 | v_win_bal=0.465 v_rec_bal=0.571 | lr=8.5e-06 | 32.1s
  Fold 5 | Ep  16/50 | t_loss=0.0168 t_acc=0.989 | v_win_bal=0.450 v_rec_bal=0.516 | lr=8.2e-06 | 31.7s
  Fold 5 | Ep  17/50 | t_loss=0.0118 t_acc=0.992 | v_win_bal=0.456 v_rec_bal=0.460 | lr=8.0e-06 | 30.7s
  Fold 5 | Ep  18/50 | t_loss=0.0075 t_acc=0.996 | v_win_bal=0.451 v_rec_bal=0.516 | lr=7.7e-06 | 30.8s
  Fold 5 | Ep  19/50 | t_loss=0.0075 t_acc=0.996 | v_win_bal=0.452 v_rec_bal=0.460 | lr=7.4e-06 | 31.8s
  Fold 5 | Ep  20/50 | t_loss=0.0044 t_acc=0.998 | v_win_bal=0.478 v_rec_bal=0.571 | lr=7.1e-06 | 30.8s
  Fold 5 | Ep  21/50 | t_loss=0.0034 t_acc=0.998 | v_win_bal=0.454 v_rec_bal=0.516 | lr=6.8e-06 | 34.6s
  Fold 5 | Ep  22/50 | t_loss=0.0034 t_acc=0.998 | v_win_bal=0.471 v_rec_bal=0.571 | lr=6.5e-06 | 31.4s
  Fold 5 | Ep  23/50 | t_loss=0.0023 t_acc=0.998 | v_win_bal=0.446 v_rec_bal=0.532 | lr=6.2e-06 | 31.4s
  Fold 5 | Ep  24/50 | t_loss=0.0008 t_acc=0.998 | v_win_bal=0.467 v_rec_bal=0.460 | lr=5.8e-06 | 31.5s
  Fold 5 | Ep  25/50 | t_loss=0.0003 t_acc=1.000 | v_win_bal=0.456 v_rec_bal=0.460 | lr=5.5e-06 | 31.2s
  Fold 5 | Ep  26/50 | t_loss=0.0000 t_acc=1.000 | v_win_bal=0.481 v_rec_bal=0.571 | lr=5.2e-06 | 31.2s
  Fold 5 | Ep  27/50 | t_loss=0.0000 t_acc=1.000 | v_win_bal=0.469 v_rec_bal=0.516 | lr=4.8e-06 | 32.0s
  Fold 5 | Ep  28/50 | t_loss=0.0000 t_acc=1.000 | v_win_bal=0.442 v_rec_bal=0.460 | lr=4.5e-06 | 32.0s
  Fold 5 | Ep  29/50 | t_loss=0.0000 t_acc=1.000 | v_win_bal=0.465 v_rec_bal=0.460 | lr=4.2e-06 | 32.0s
  Fold 5 | Ep  30/50 | t_loss=0.0000 t_acc=1.000 | v_win_bal=0.447 v_rec_bal=0.460 | lr=3.8e-06 | 31.1s
  Early stop at epoch 30
  -> Test (best @ epoch 10): acc=0.7143, bal_acc=0.7143

============================================================
Global Results (5-Fold, subject-level CV)
Mode: FT | Extractor: labram | Loss: focal
============================================================
              acc: 0.5972
          bal_acc: 0.5972
               f1: 0.5934
            kappa: 0.1944
  Total predictions: 72 (should equal dataset size: 72)

Results saved to results/studies/exp27_paired_null/sleepdep/perm_s14/
