/raid/jupyter-linjimmy1003.md10/.conda/envs/stress/lib/python3.11/site-packages/timm/models/layers/__init__.py:49: FutureWarning: Importing from timm.models.layers is deprecated, please import via timm.layers
  warnings.warn(f"Importing from {__name__} is deprecated, please import via timm.layers", FutureWarning)
Mode: FT | Extractor: labram | Folds: 5
LR: 1e-05 | WD: 0.01 | Beta2: 0.999 | Grad clip: 2.0
Head: hidden=128, dropout=0.0 | Norm: zscore | Loss: focal
Full FT: encoder_lr_scale=0.1

Results → results/studies/exp27_paired_null/sleepdep/perm_s17/
[INFO] Skipped 0 subjects (incomplete sessions), 0 subjects (no SessionOrder), 2 subjects (failed cache markers)
SleepDep: 72 recordings from 36 subjects (SD=36, NS=36)
SleepDep: 72 recordings, 36 subjects (SD=36, NS=36)
[permute-labels] Recording-level shuffle with rng seed 17. Class balance preserved: 36 pos / 36 neg

============================================================
Fold 1/5
============================================================
  Train:  42 samples, 21 subjects [1, 2, 5, 6, 8, 9, 10, 11, 14, 15, 16, 17, 20, 22, 26, 27, 30, 33, 34, 36, 37], label_0=21, label_1=21
    Val:  14 samples,  7 subjects [4, 13, 18, 19, 24, 32, 35], label_0=7, label_1=7
   Test:  16 samples,  8 subjects [7, 12, 21, 23, 25, 29, 31, 38], label_0=8, label_1=8
  Building window datasets...
    WindowDataset: 2520 windows (class_0=1260, class_1=1260)
    WindowDataset: 840 windows (class_0=420, class_1=420)
    WindowDataset: 960 windows (class_0=480, class_1=480)
[LaBraM] Loaded 219/221 params from weights/labram-base/model.safetensors
[LaBraM] Missing: ['fc_norm.weight', 'fc_norm.bias']
  Trainable parameters: 5,871,779
  Class weights: [1.0, 1.0]
  Fold 1 | Ep   1/50 | t_loss=0.1930 t_acc=0.505 | v_win_bal=0.504 v_rec_bal=0.429 | lr=3.3e-06 | 31.9s
  Fold 1 | Ep   2/50 | t_loss=0.1704 t_acc=0.572 | v_win_bal=0.479 v_rec_bal=0.429 | lr=6.7e-06 | 31.3s
  Fold 1 | Ep   3/50 | t_loss=0.1615 t_acc=0.623 | v_win_bal=0.401 v_rec_bal=0.429 | lr=1.0e-05 | 30.3s
  Fold 1 | Ep   4/50 | t_loss=0.1423 t_acc=0.698 | v_win_bal=0.402 v_rec_bal=0.429 | lr=1.0e-05 | 29.9s
  Fold 1 | Ep   5/50 | t_loss=0.1213 t_acc=0.763 | v_win_bal=0.410 v_rec_bal=0.357 | lr=1.0e-05 | 29.1s
  Fold 1 | Ep   6/50 | t_loss=0.1064 t_acc=0.811 | v_win_bal=0.401 v_rec_bal=0.429 | lr=9.9e-06 | 28.9s
  Fold 1 | Ep   7/50 | t_loss=0.0956 t_acc=0.852 | v_win_bal=0.424 v_rec_bal=0.429 | lr=9.8e-06 | 29.0s
  Fold 1 | Ep   8/50 | t_loss=0.0792 t_acc=0.880 | v_win_bal=0.406 v_rec_bal=0.357 | lr=9.7e-06 | 31.2s
  Fold 1 | Ep   9/50 | t_loss=0.0807 t_acc=0.901 | v_win_bal=0.398 v_rec_bal=0.357 | lr=9.6e-06 | 28.2s
  Fold 1 | Ep  10/50 | t_loss=0.0682 t_acc=0.920 | v_win_bal=0.396 v_rec_bal=0.357 | lr=9.5e-06 | 28.5s
  Fold 1 | Ep  11/50 | t_loss=0.0591 t_acc=0.944 | v_win_bal=0.395 v_rec_bal=0.357 | lr=9.3e-06 | 29.2s
  Fold 1 | Ep  12/50 | t_loss=0.0409 t_acc=0.960 | v_win_bal=0.404 v_rec_bal=0.429 | lr=9.1e-06 | 28.7s
  Fold 1 | Ep  13/50 | t_loss=0.0325 t_acc=0.974 | v_win_bal=0.404 v_rec_bal=0.429 | lr=8.9e-06 | 28.8s
  Fold 1 | Ep  14/50 | t_loss=0.0233 t_acc=0.985 | v_win_bal=0.425 v_rec_bal=0.357 | lr=8.7e-06 | 28.8s
  Fold 1 | Ep  15/50 | t_loss=0.0189 t_acc=0.987 | v_win_bal=0.420 v_rec_bal=0.357 | lr=8.5e-06 | 28.9s
  Fold 1 | Ep  16/50 | t_loss=0.0091 t_acc=0.994 | v_win_bal=0.427 v_rec_bal=0.357 | lr=8.2e-06 | 28.9s
  Early stop at epoch 16
  -> Test (best @ epoch 1): acc=0.3750, bal_acc=0.3750

============================================================
Fold 2/5
============================================================
  Train:  42 samples, 21 subjects [4, 6, 7, 9, 10, 12, 18, 19, 20, 21, 22, 23, 26, 27, 29, 30, 31, 32, 33, 35, 36], label_0=21, label_1=21
    Val:  16 samples,  8 subjects [1, 2, 5, 8, 25, 34, 37, 38], label_0=8, label_1=8
   Test:  14 samples,  7 subjects [11, 13, 14, 15, 16, 17, 24], label_0=7, label_1=7
  Building window datasets...
    WindowDataset: 2520 windows (class_0=1260, class_1=1260)
    WindowDataset: 960 windows (class_0=480, class_1=480)
    WindowDataset: 840 windows (class_0=420, class_1=420)
[LaBraM] Loaded 219/221 params from weights/labram-base/model.safetensors
[LaBraM] Missing: ['fc_norm.weight', 'fc_norm.bias']
  Fold 2 | Ep   1/50 | t_loss=0.1771 t_acc=0.514 | v_win_bal=0.474 v_rec_bal=0.375 | lr=3.3e-06 | 29.5s
  Fold 2 | Ep   2/50 | t_loss=0.1688 t_acc=0.598 | v_win_bal=0.505 v_rec_bal=0.562 | lr=6.7e-06 | 29.4s
  Fold 2 | Ep   3/50 | t_loss=0.1543 t_acc=0.679 | v_win_bal=0.540 v_rec_bal=0.500 | lr=1.0e-05 | 29.3s
  Fold 2 | Ep   4/50 | t_loss=0.1341 t_acc=0.741 | v_win_bal=0.553 v_rec_bal=0.500 | lr=1.0e-05 | 29.8s
  Fold 2 | Ep   5/50 | t_loss=0.1196 t_acc=0.799 | v_win_bal=0.546 v_rec_bal=0.562 | lr=1.0e-05 | 29.6s
  Fold 2 | Ep   6/50 | t_loss=0.1127 t_acc=0.833 | v_win_bal=0.559 v_rec_bal=0.625 | lr=9.9e-06 | 29.4s
  Fold 2 | Ep   7/50 | t_loss=0.1123 t_acc=0.858 | v_win_bal=0.558 v_rec_bal=0.562 | lr=9.8e-06 | 29.6s
  Fold 2 | Ep   8/50 | t_loss=0.1137 t_acc=0.883 | v_win_bal=0.567 v_rec_bal=0.688 | lr=9.7e-06 | 30.3s
  Fold 2 | Ep   9/50 | t_loss=0.0932 t_acc=0.911 | v_win_bal=0.564 v_rec_bal=0.625 | lr=9.6e-06 | 29.3s
  Fold 2 | Ep  10/50 | t_loss=0.0847 t_acc=0.932 | v_win_bal=0.558 v_rec_bal=0.562 | lr=9.5e-06 | 29.5s
  Fold 2 | Ep  11/50 | t_loss=0.0724 t_acc=0.946 | v_win_bal=0.560 v_rec_bal=0.562 | lr=9.3e-06 | 30.2s
  Fold 2 | Ep  12/50 | t_loss=0.0598 t_acc=0.958 | v_win_bal=0.579 v_rec_bal=0.688 | lr=9.1e-06 | 29.5s
  Fold 2 | Ep  13/50 | t_loss=0.0421 t_acc=0.974 | v_win_bal=0.564 v_rec_bal=0.688 | lr=8.9e-06 | 29.9s
  Fold 2 | Ep  14/50 | t_loss=0.0320 t_acc=0.979 | v_win_bal=0.572 v_rec_bal=0.688 | lr=8.7e-06 | 29.8s
  Fold 2 | Ep  15/50 | t_loss=0.0220 t_acc=0.986 | v_win_bal=0.575 v_rec_bal=0.688 | lr=8.5e-06 | 29.5s
  Fold 2 | Ep  16/50 | t_loss=0.0179 t_acc=0.991 | v_win_bal=0.567 v_rec_bal=0.562 | lr=8.2e-06 | 30.6s
  Fold 2 | Ep  17/50 | t_loss=0.0127 t_acc=0.993 | v_win_bal=0.578 v_rec_bal=0.688 | lr=8.0e-06 | 30.0s
  Fold 2 | Ep  18/50 | t_loss=0.0081 t_acc=0.996 | v_win_bal=0.573 v_rec_bal=0.688 | lr=7.7e-06 | 29.7s
  Fold 2 | Ep  19/50 | t_loss=0.0066 t_acc=0.996 | v_win_bal=0.580 v_rec_bal=0.688 | lr=7.4e-06 | 29.7s
  Fold 2 | Ep  20/50 | t_loss=0.0030 t_acc=0.996 | v_win_bal=0.575 v_rec_bal=0.625 | lr=7.1e-06 | 29.8s
  Fold 2 | Ep  21/50 | t_loss=0.0027 t_acc=0.998 | v_win_bal=0.586 v_rec_bal=0.750 | lr=6.8e-06 | 31.1s
  Fold 2 | Ep  22/50 | t_loss=0.0012 t_acc=0.999 | v_win_bal=0.594 v_rec_bal=0.688 | lr=6.5e-06 | 29.9s
  Fold 2 | Ep  23/50 | t_loss=0.0001 t_acc=1.000 | v_win_bal=0.590 v_rec_bal=0.688 | lr=6.2e-06 | 29.6s
  Fold 2 | Ep  24/50 | t_loss=0.0002 t_acc=1.000 | v_win_bal=0.584 v_rec_bal=0.688 | lr=5.8e-06 | 29.4s
  Fold 2 | Ep  25/50 | t_loss=0.0000 t_acc=1.000 | v_win_bal=0.576 v_rec_bal=0.625 | lr=5.5e-06 | 28.1s
  Fold 2 | Ep  26/50 | t_loss=0.0000 t_acc=1.000 | v_win_bal=0.578 v_rec_bal=0.688 | lr=5.2e-06 | 31.6s
  Fold 2 | Ep  27/50 | t_loss=0.0000 t_acc=1.000 | v_win_bal=0.581 v_rec_bal=0.688 | lr=4.8e-06 | 27.7s
  Fold 2 | Ep  28/50 | t_loss=0.0000 t_acc=1.000 | v_win_bal=0.577 v_rec_bal=0.750 | lr=4.5e-06 | 27.8s
  Fold 2 | Ep  29/50 | t_loss=0.0000 t_acc=1.000 | v_win_bal=0.579 v_rec_bal=0.688 | lr=4.2e-06 | 28.6s
  Fold 2 | Ep  30/50 | t_loss=0.0000 t_acc=1.000 | v_win_bal=0.574 v_rec_bal=0.625 | lr=3.8e-06 | 29.9s
  Fold 2 | Ep  31/50 | t_loss=0.0000 t_acc=1.000 | v_win_bal=0.580 v_rec_bal=0.688 | lr=3.5e-06 | 27.5s
  Fold 2 | Ep  32/50 | t_loss=0.0000 t_acc=1.000 | v_win_bal=0.574 v_rec_bal=0.688 | lr=3.2e-06 | 27.9s
  Fold 2 | Ep  33/50 | t_loss=0.0000 t_acc=1.000 | v_win_bal=0.574 v_rec_bal=0.688 | lr=2.9e-06 | 27.4s
  Fold 2 | Ep  34/50 | t_loss=0.0000 t_acc=1.000 | v_win_bal=0.576 v_rec_bal=0.625 | lr=2.6e-06 | 27.6s
  Fold 2 | Ep  35/50 | t_loss=0.0000 t_acc=1.000 | v_win_bal=0.577 v_rec_bal=0.688 | lr=2.3e-06 | 27.6s
  Fold 2 | Ep  36/50 | t_loss=0.0000 t_acc=1.000 | v_win_bal=0.577 v_rec_bal=0.688 | lr=2.0e-06 | 27.7s
  Fold 2 | Ep  37/50 | t_loss=0.0000 t_acc=1.000 | v_win_bal=0.575 v_rec_bal=0.750 | lr=1.8e-06 | 28.1s
  Fold 2 | Ep  38/50 | t_loss=0.0000 t_acc=1.000 | v_win_bal=0.584 v_rec_bal=0.688 | lr=1.5e-06 | 27.9s
  Early stop at epoch 38
  -> Test (best @ epoch 21): acc=0.2857, bal_acc=0.2857

============================================================
Fold 3/5
============================================================
  Train:  42 samples, 21 subjects [4, 5, 6, 8, 9, 12, 13, 14, 15, 16, 19, 21, 22, 23, 24, 25, 29, 31, 34, 35, 38], label_0=21, label_1=21
    Val:  16 samples,  8 subjects [1, 7, 11, 17, 18, 20, 32, 36], label_0=8, label_1=8
   Test:  14 samples,  7 subjects [2, 10, 26, 27, 30, 33, 37], label_0=7, label_1=7
  Building window datasets...
    WindowDataset: 2520 windows (class_0=1260, class_1=1260)
    WindowDataset: 960 windows (class_0=480, class_1=480)
    WindowDataset: 840 windows (class_0=420, class_1=420)
[LaBraM] Loaded 219/221 params from weights/labram-base/model.safetensors
[LaBraM] Missing: ['fc_norm.weight', 'fc_norm.bias']
  Fold 3 | Ep   1/50 | t_loss=0.1807 t_acc=0.515 | v_win_bal=0.415 v_rec_bal=0.312 | lr=3.3e-06 | 28.1s
  Fold 3 | Ep   2/50 | t_loss=0.1685 t_acc=0.590 | v_win_bal=0.349 v_rec_bal=0.375 | lr=6.7e-06 | 28.3s
  Fold 3 | Ep   3/50 | t_loss=0.1619 t_acc=0.624 | v_win_bal=0.327 v_rec_bal=0.250 | lr=1.0e-05 | 28.9s
  Fold 3 | Ep   4/50 | t_loss=0.1469 t_acc=0.677 | v_win_bal=0.371 v_rec_bal=0.438 | lr=1.0e-05 | 27.7s
  Fold 3 | Ep   5/50 | t_loss=0.1246 t_acc=0.772 | v_win_bal=0.412 v_rec_bal=0.438 | lr=1.0e-05 | 28.6s
  Fold 3 | Ep   6/50 | t_loss=0.1037 t_acc=0.815 | v_win_bal=0.401 v_rec_bal=0.375 | lr=9.9e-06 | 29.5s
  Fold 3 | Ep   7/50 | t_loss=0.0957 t_acc=0.850 | v_win_bal=0.441 v_rec_bal=0.438 | lr=9.8e-06 | 27.4s
  Fold 3 | Ep   8/50 | t_loss=0.0905 t_acc=0.874 | v_win_bal=0.462 v_rec_bal=0.438 | lr=9.7e-06 | 27.9s
  Fold 3 | Ep   9/50 | t_loss=0.0813 t_acc=0.899 | v_win_bal=0.438 v_rec_bal=0.500 | lr=9.6e-06 | 27.7s
  Fold 3 | Ep  10/50 | t_loss=0.0781 t_acc=0.920 | v_win_bal=0.412 v_rec_bal=0.375 | lr=9.5e-06 | 28.0s
  Fold 3 | Ep  11/50 | t_loss=0.0647 t_acc=0.941 | v_win_bal=0.438 v_rec_bal=0.375 | lr=9.3e-06 | 27.6s
  Fold 3 | Ep  12/50 | t_loss=0.0555 t_acc=0.954 | v_win_bal=0.431 v_rec_bal=0.375 | lr=9.1e-06 | 27.5s
  Fold 3 | Ep  13/50 | t_loss=0.0383 t_acc=0.964 | v_win_bal=0.448 v_rec_bal=0.438 | lr=8.9e-06 | 27.5s
  Fold 3 | Ep  14/50 | t_loss=0.0272 t_acc=0.978 | v_win_bal=0.443 v_rec_bal=0.438 | lr=8.7e-06 | 27.9s
  Fold 3 | Ep  15/50 | t_loss=0.0161 t_acc=0.985 | v_win_bal=0.480 v_rec_bal=0.438 | lr=8.5e-06 | 27.9s
  Fold 3 | Ep  16/50 | t_loss=0.0099 t_acc=0.991 | v_win_bal=0.467 v_rec_bal=0.438 | lr=8.2e-06 | 28.0s
  Fold 3 | Ep  17/50 | t_loss=0.0038 t_acc=0.997 | v_win_bal=0.466 v_rec_bal=0.500 | lr=8.0e-06 | 28.1s
  Fold 3 | Ep  18/50 | t_loss=0.0025 t_acc=0.999 | v_win_bal=0.460 v_rec_bal=0.438 | lr=7.7e-06 | 28.5s
  Fold 3 | Ep  19/50 | t_loss=0.0020 t_acc=1.000 | v_win_bal=0.510 v_rec_bal=0.562 | lr=7.4e-06 | 28.4s
  Fold 3 | Ep  20/50 | t_loss=0.0010 t_acc=1.000 | v_win_bal=0.481 v_rec_bal=0.500 | lr=7.1e-06 | 27.7s
  Fold 3 | Ep  21/50 | t_loss=0.0007 t_acc=1.000 | v_win_bal=0.464 v_rec_bal=0.500 | lr=6.8e-06 | 28.3s
  Fold 3 | Ep  22/50 | t_loss=0.0003 t_acc=1.000 | v_win_bal=0.428 v_rec_bal=0.312 | lr=6.5e-06 | 27.9s
  Fold 3 | Ep  23/50 | t_loss=0.0000 t_acc=1.000 | v_win_bal=0.463 v_rec_bal=0.562 | lr=6.2e-06 | 27.9s
  Fold 3 | Ep  24/50 | t_loss=0.0004 t_acc=1.000 | v_win_bal=0.492 v_rec_bal=0.500 | lr=5.8e-06 | 28.0s
  Fold 3 | Ep  25/50 | t_loss=0.0012 t_acc=0.999 | v_win_bal=0.455 v_rec_bal=0.375 | lr=5.5e-06 | 29.1s
  Fold 3 | Ep  26/50 | t_loss=0.0000 t_acc=1.000 | v_win_bal=0.466 v_rec_bal=0.500 | lr=5.2e-06 | 29.1s
  Fold 3 | Ep  27/50 | t_loss=0.0000 t_acc=1.000 | v_win_bal=0.464 v_rec_bal=0.500 | lr=4.8e-06 | 28.0s
  Fold 3 | Ep  28/50 | t_loss=0.0000 t_acc=1.000 | v_win_bal=0.459 v_rec_bal=0.500 | lr=4.5e-06 | 28.2s
  Fold 3 | Ep  29/50 | t_loss=0.0000 t_acc=1.000 | v_win_bal=0.459 v_rec_bal=0.500 | lr=4.2e-06 | 27.6s
  Fold 3 | Ep  30/50 | t_loss=0.0000 t_acc=1.000 | v_win_bal=0.471 v_rec_bal=0.500 | lr=3.8e-06 | 27.8s
  Fold 3 | Ep  31/50 | t_loss=0.0000 t_acc=1.000 | v_win_bal=0.466 v_rec_bal=0.500 | lr=3.5e-06 | 27.9s
  Fold 3 | Ep  32/50 | t_loss=0.0000 t_acc=1.000 | v_win_bal=0.473 v_rec_bal=0.500 | lr=3.2e-06 | 27.7s
  Fold 3 | Ep  33/50 | t_loss=0.0000 t_acc=1.000 | v_win_bal=0.473 v_rec_bal=0.500 | lr=2.9e-06 | 27.9s
  Fold 3 | Ep  34/50 | t_loss=0.0000 t_acc=1.000 | v_win_bal=0.466 v_rec_bal=0.500 | lr=2.6e-06 | 27.4s
  Fold 3 | Ep  35/50 | t_loss=0.0000 t_acc=1.000 | v_win_bal=0.468 v_rec_bal=0.500 | lr=2.3e-06 | 28.8s
  Fold 3 | Ep  36/50 | t_loss=0.0000 t_acc=1.000 | v_win_bal=0.466 v_rec_bal=0.562 | lr=2.0e-06 | 28.1s
  Early stop at epoch 36
  -> Test (best @ epoch 19): acc=0.7143, bal_acc=0.7143

============================================================
Fold 4/5
============================================================
  Train:  42 samples, 21 subjects [2, 6, 7, 11, 13, 14, 15, 16, 17, 21, 22, 23, 24, 25, 26, 27, 30, 31, 32, 33, 38], label_0=21, label_1=21
    Val:  16 samples,  8 subjects [5, 10, 12, 20, 29, 34, 35, 37], label_0=8, label_1=8
   Test:  14 samples,  7 subjects [1, 4, 8, 9, 18, 19, 36], label_0=7, label_1=7
  Building window datasets...
    WindowDataset: 2520 windows (class_0=1260, class_1=1260)
    WindowDataset: 960 windows (class_0=480, class_1=480)
    WindowDataset: 840 windows (class_0=420, class_1=420)
[LaBraM] Loaded 219/221 params from weights/labram-base/model.safetensors
[LaBraM] Missing: ['fc_norm.weight', 'fc_norm.bias']
  Fold 4 | Ep   1/50 | t_loss=0.1751 t_acc=0.468 | v_win_bal=0.483 v_rec_bal=0.500 | lr=3.3e-06 | 28.5s
  Fold 4 | Ep   2/50 | t_loss=0.1713 t_acc=0.554 | v_win_bal=0.423 v_rec_bal=0.375 | lr=6.7e-06 | 29.8s
  Fold 4 | Ep   3/50 | t_loss=0.1632 t_acc=0.640 | v_win_bal=0.449 v_rec_bal=0.375 | lr=1.0e-05 | 27.6s
  Fold 4 | Ep   4/50 | t_loss=0.1471 t_acc=0.687 | v_win_bal=0.461 v_rec_bal=0.562 | lr=1.0e-05 | 28.2s
  Fold 4 | Ep   5/50 | t_loss=0.1278 t_acc=0.752 | v_win_bal=0.512 v_rec_bal=0.562 | lr=1.0e-05 | 28.5s
  Fold 4 | Ep   6/50 | t_loss=0.1161 t_acc=0.792 | v_win_bal=0.517 v_rec_bal=0.500 | lr=9.9e-06 | 27.4s
  Fold 4 | Ep   7/50 | t_loss=0.1025 t_acc=0.835 | v_win_bal=0.533 v_rec_bal=0.562 | lr=9.8e-06 | 27.4s
  Fold 4 | Ep   8/50 | t_loss=0.0887 t_acc=0.861 | v_win_bal=0.533 v_rec_bal=0.562 | lr=9.7e-06 | 27.6s
  Fold 4 | Ep   9/50 | t_loss=0.0854 t_acc=0.890 | v_win_bal=0.517 v_rec_bal=0.562 | lr=9.6e-06 | 28.6s
  Fold 4 | Ep  10/50 | t_loss=0.0749 t_acc=0.915 | v_win_bal=0.514 v_rec_bal=0.438 | lr=9.5e-06 | 28.3s
  Fold 4 | Ep  11/50 | t_loss=0.0590 t_acc=0.938 | v_win_bal=0.501 v_rec_bal=0.438 | lr=9.3e-06 | 27.9s
  Fold 4 | Ep  12/50 | t_loss=0.0513 t_acc=0.951 | v_win_bal=0.533 v_rec_bal=0.625 | lr=9.1e-06 | 28.1s
  Fold 4 | Ep  13/50 | t_loss=0.0403 t_acc=0.964 | v_win_bal=0.527 v_rec_bal=0.625 | lr=8.9e-06 | 29.0s
  Fold 4 | Ep  14/50 | t_loss=0.0252 t_acc=0.976 | v_win_bal=0.541 v_rec_bal=0.625 | lr=8.7e-06 | 30.2s
  Fold 4 | Ep  15/50 | t_loss=0.0175 t_acc=0.985 | v_win_bal=0.532 v_rec_bal=0.625 | lr=8.5e-06 | 29.5s
  Fold 4 | Ep  16/50 | t_loss=0.0113 t_acc=0.990 | v_win_bal=0.529 v_rec_bal=0.625 | lr=8.2e-06 | 29.1s
  Fold 4 | Ep  17/50 | t_loss=0.0064 t_acc=0.994 | v_win_bal=0.541 v_rec_bal=0.625 | lr=8.0e-06 | 28.6s
  Fold 4 | Ep  18/50 | t_loss=0.0043 t_acc=0.996 | v_win_bal=0.516 v_rec_bal=0.500 | lr=7.7e-06 | 29.2s
  Fold 4 | Ep  19/50 | t_loss=0.0023 t_acc=0.998 | v_win_bal=0.530 v_rec_bal=0.562 | lr=7.4e-06 | 28.4s
  Fold 4 | Ep  20/50 | t_loss=0.0010 t_acc=0.998 | v_win_bal=0.519 v_rec_bal=0.438 | lr=7.1e-06 | 28.5s
  Fold 4 | Ep  21/50 | t_loss=0.0007 t_acc=0.999 | v_win_bal=0.527 v_rec_bal=0.625 | lr=6.8e-06 | 27.7s
  Fold 4 | Ep  22/50 | t_loss=0.0001 t_acc=1.000 | v_win_bal=0.542 v_rec_bal=0.688 | lr=6.5e-06 | 28.8s
  Fold 4 | Ep  23/50 | t_loss=0.0001 t_acc=1.000 | v_win_bal=0.526 v_rec_bal=0.625 | lr=6.2e-06 | 28.5s
  Fold 4 | Ep  24/50 | t_loss=0.0000 t_acc=1.000 | v_win_bal=0.534 v_rec_bal=0.688 | lr=5.8e-06 | 28.4s
  Fold 4 | Ep  25/50 | t_loss=0.0000 t_acc=1.000 | v_win_bal=0.523 v_rec_bal=0.625 | lr=5.5e-06 | 28.0s
  Fold 4 | Ep  26/50 | t_loss=0.0000 t_acc=1.000 | v_win_bal=0.522 v_rec_bal=0.625 | lr=5.2e-06 | 27.5s
  Fold 4 | Ep  27/50 | t_loss=0.0000 t_acc=1.000 | v_win_bal=0.531 v_rec_bal=0.625 | lr=4.8e-06 | 27.5s
  Fold 4 | Ep  28/50 | t_loss=0.0000 t_acc=1.000 | v_win_bal=0.522 v_rec_bal=0.625 | lr=4.5e-06 | 28.5s
  Fold 4 | Ep  29/50 | t_loss=0.0000 t_acc=1.000 | v_win_bal=0.523 v_rec_bal=0.562 | lr=4.2e-06 | 27.6s
  Fold 4 | Ep  30/50 | t_loss=0.0000 t_acc=1.000 | v_win_bal=0.524 v_rec_bal=0.562 | lr=3.8e-06 | 29.2s
  Fold 4 | Ep  31/50 | t_loss=0.0000 t_acc=1.000 | v_win_bal=0.522 v_rec_bal=0.562 | lr=3.5e-06 | 28.4s
  Fold 4 | Ep  32/50 | t_loss=0.0000 t_acc=1.000 | v_win_bal=0.530 v_rec_bal=0.625 | lr=3.2e-06 | 27.9s
  Fold 4 | Ep  33/50 | t_loss=0.0000 t_acc=1.000 | v_win_bal=0.523 v_rec_bal=0.562 | lr=2.9e-06 | 27.8s
  Fold 4 | Ep  34/50 | t_loss=0.0000 t_acc=1.000 | v_win_bal=0.524 v_rec_bal=0.625 | lr=2.6e-06 | 28.1s
  Fold 4 | Ep  35/50 | t_loss=0.0000 t_acc=1.000 | v_win_bal=0.518 v_rec_bal=0.562 | lr=2.3e-06 | 28.5s
  Fold 4 | Ep  36/50 | t_loss=0.0000 t_acc=1.000 | v_win_bal=0.523 v_rec_bal=0.625 | lr=2.0e-06 | 27.9s
  Fold 4 | Ep  37/50 | t_loss=0.0000 t_acc=1.000 | v_win_bal=0.520 v_rec_bal=0.625 | lr=1.8e-06 | 28.0s
  Fold 4 | Ep  38/50 | t_loss=0.0000 t_acc=1.000 | v_win_bal=0.519 v_rec_bal=0.562 | lr=1.5e-06 | 28.4s
  Fold 4 | Ep  39/50 | t_loss=0.0000 t_acc=1.000 | v_win_bal=0.525 v_rec_bal=0.625 | lr=1.3e-06 | 29.7s
  Early stop at epoch 39
  -> Test (best @ epoch 22): acc=0.3571, bal_acc=0.3571

============================================================
Fold 5/5
============================================================
  Train:  42 samples, 21 subjects [1, 2, 4, 9, 10, 12, 14, 15, 17, 19, 21, 24, 25, 26, 27, 29, 30, 31, 33, 36, 38], label_0=21, label_1=21
    Val:  16 samples,  8 subjects [7, 8, 11, 13, 16, 18, 23, 37], label_0=8, label_1=8
   Test:  14 samples,  7 subjects [5, 6, 20, 22, 32, 34, 35], label_0=7, label_1=7
  Building window datasets...
    WindowDataset: 2520 windows (class_0=1260, class_1=1260)
    WindowDataset: 960 windows (class_0=480, class_1=480)
    WindowDataset: 840 windows (class_0=420, class_1=420)
[LaBraM] Loaded 219/221 params from weights/labram-base/model.safetensors
[LaBraM] Missing: ['fc_norm.weight', 'fc_norm.bias']
  Fold 5 | Ep   1/50 | t_loss=0.1856 t_acc=0.538 | v_win_bal=0.416 v_rec_bal=0.312 | lr=3.3e-06 | 29.6s
  Fold 5 | Ep   2/50 | t_loss=0.1673 t_acc=0.603 | v_win_bal=0.392 v_rec_bal=0.312 | lr=6.7e-06 | 29.9s
  Fold 5 | Ep   3/50 | t_loss=0.1595 t_acc=0.639 | v_win_bal=0.398 v_rec_bal=0.375 | lr=1.0e-05 | 28.0s
  Fold 5 | Ep   4/50 | t_loss=0.1417 t_acc=0.716 | v_win_bal=0.461 v_rec_bal=0.375 | lr=1.0e-05 | 28.7s
  Fold 5 | Ep   5/50 | t_loss=0.1162 t_acc=0.781 | v_win_bal=0.465 v_rec_bal=0.438 | lr=1.0e-05 | 30.1s
  Fold 5 | Ep   6/50 | t_loss=0.0999 t_acc=0.833 | v_win_bal=0.452 v_rec_bal=0.438 | lr=9.9e-06 | 29.0s
  Fold 5 | Ep   7/50 | t_loss=0.0858 t_acc=0.871 | v_win_bal=0.460 v_rec_bal=0.438 | lr=9.8e-06 | 29.0s
  Fold 5 | Ep   8/50 | t_loss=0.0769 t_acc=0.898 | v_win_bal=0.507 v_rec_bal=0.438 | lr=9.7e-06 | 30.3s
  Fold 5 | Ep   9/50 | t_loss=0.0676 t_acc=0.920 | v_win_bal=0.479 v_rec_bal=0.438 | lr=9.6e-06 | 28.7s
  Fold 5 | Ep  10/50 | t_loss=0.0619 t_acc=0.944 | v_win_bal=0.486 v_rec_bal=0.500 | lr=9.5e-06 | 28.8s
  Fold 5 | Ep  11/50 | t_loss=0.0570 t_acc=0.949 | v_win_bal=0.474 v_rec_bal=0.500 | lr=9.3e-06 | 28.4s
  Fold 5 | Ep  12/50 | t_loss=0.0509 t_acc=0.963 | v_win_bal=0.481 v_rec_bal=0.500 | lr=9.1e-06 | 28.4s
  Fold 5 | Ep  13/50 | t_loss=0.0400 t_acc=0.975 | v_win_bal=0.487 v_rec_bal=0.500 | lr=8.9e-06 | 28.5s
  Fold 5 | Ep  14/50 | t_loss=0.0276 t_acc=0.983 | v_win_bal=0.484 v_rec_bal=0.438 | lr=8.7e-06 | 28.3s
  Fold 5 | Ep  15/50 | t_loss=0.0191 t_acc=0.987 | v_win_bal=0.495 v_rec_bal=0.500 | lr=8.5e-06 | 28.3s
  Fold 5 | Ep  16/50 | t_loss=0.0116 t_acc=0.990 | v_win_bal=0.479 v_rec_bal=0.438 | lr=8.2e-06 | 28.0s
  Fold 5 | Ep  17/50 | t_loss=0.0052 t_acc=0.996 | v_win_bal=0.474 v_rec_bal=0.438 | lr=8.0e-06 | 27.8s
  Fold 5 | Ep  18/50 | t_loss=0.0021 t_acc=0.998 | v_win_bal=0.494 v_rec_bal=0.562 | lr=7.7e-06 | 27.6s
  Fold 5 | Ep  19/50 | t_loss=0.0004 t_acc=0.999 | v_win_bal=0.480 v_rec_bal=0.438 | lr=7.4e-06 | 27.9s
  Fold 5 | Ep  20/50 | t_loss=0.0002 t_acc=1.000 | v_win_bal=0.494 v_rec_bal=0.438 | lr=7.1e-06 | 28.5s
  Fold 5 | Ep  21/50 | t_loss=0.0002 t_acc=1.000 | v_win_bal=0.491 v_rec_bal=0.438 | lr=6.8e-06 | 27.8s
  Fold 5 | Ep  22/50 | t_loss=0.0000 t_acc=1.000 | v_win_bal=0.493 v_rec_bal=0.438 | lr=6.5e-06 | 27.6s
  Fold 5 | Ep  23/50 | t_loss=0.0000 t_acc=1.000 | v_win_bal=0.499 v_rec_bal=0.500 | lr=6.2e-06 | 28.0s
  Fold 5 | Ep  24/50 | t_loss=0.0000 t_acc=1.000 | v_win_bal=0.495 v_rec_bal=0.500 | lr=5.8e-06 | 28.7s
  Fold 5 | Ep  25/50 | t_loss=0.0000 t_acc=1.000 | v_win_bal=0.494 v_rec_bal=0.500 | lr=5.5e-06 | 28.1s
  Fold 5 | Ep  26/50 | t_loss=0.0000 t_acc=1.000 | v_win_bal=0.499 v_rec_bal=0.500 | lr=5.2e-06 | 27.9s
  Fold 5 | Ep  27/50 | t_loss=0.0000 t_acc=1.000 | v_win_bal=0.491 v_rec_bal=0.500 | lr=4.8e-06 | 27.8s
  Early stop at epoch 27
  -> Test (best @ epoch 18): acc=0.3571, bal_acc=0.3571

============================================================
Global Results (5-Fold, subject-level CV)
Mode: FT | Extractor: labram | Loss: focal
============================================================
              acc: 0.4167
          bal_acc: 0.4167
               f1: 0.4052
            kappa: -0.1667
  Total predictions: 72 (should equal dataset size: 72)

Results saved to results/studies/exp27_paired_null/sleepdep/perm_s17/
