/raid/jupyter-linjimmy1003.md10/.conda/envs/stress/lib/python3.11/site-packages/timm/models/layers/__init__.py:49: FutureWarning: Importing from timm.models.layers is deprecated, please import via timm.layers
  warnings.warn(f"Importing from {__name__} is deprecated, please import via timm.layers", FutureWarning)
Mode: FT | Extractor: labram | Folds: 5
LR: 1e-05 | WD: 0.01 | Beta2: 0.999 | Grad clip: 2.0
Head: hidden=128, dropout=0.0 | Norm: zscore | Loss: focal
Full FT: encoder_lr_scale=0.1

Results → results/studies/exp27_paired_null/sleepdep/perm_s20/
[INFO] Skipped 0 subjects (incomplete sessions), 0 subjects (no SessionOrder), 2 subjects (failed cache markers)
SleepDep: 72 recordings from 36 subjects (SD=36, NS=36)
SleepDep: 72 recordings, 36 subjects (SD=36, NS=36)
[permute-labels] Recording-level shuffle with rng seed 20. Class balance preserved: 36 pos / 36 neg

============================================================
Fold 1/5
============================================================
  Train:  42 samples, 21 subjects [1, 2, 8, 9, 10, 12, 13, 18, 20, 21, 22, 23, 25, 26, 27, 29, 30, 32, 33, 34, 35], label_0=20, label_1=22
    Val:  14 samples,  7 subjects [4, 7, 14, 16, 17, 24, 37], label_0=7, label_1=7
   Test:  16 samples,  8 subjects [5, 6, 11, 15, 19, 31, 36, 38], label_0=9, label_1=7
  Building window datasets...
    WindowDataset: 2520 windows (class_0=1200, class_1=1320)
    WindowDataset: 840 windows (class_0=420, class_1=420)
    WindowDataset: 960 windows (class_0=540, class_1=420)
[LaBraM] Loaded 219/221 params from weights/labram-base/model.safetensors
[LaBraM] Missing: ['fc_norm.weight', 'fc_norm.bias']
  Trainable parameters: 5,871,779
  Class weights: [1.0499999523162842, 0.9545454382896423]
  Fold 1 | Ep   1/50 | t_loss=0.1926 t_acc=0.494 | v_win_bal=0.329 v_rec_bal=0.214 | lr=3.3e-06 | 28.0s
  Fold 1 | Ep   2/50 | t_loss=0.1638 t_acc=0.628 | v_win_bal=0.286 v_rec_bal=0.214 | lr=6.7e-06 | 25.4s
  Fold 1 | Ep   3/50 | t_loss=0.1436 t_acc=0.694 | v_win_bal=0.315 v_rec_bal=0.143 | lr=1.0e-05 | 25.4s
  Fold 1 | Ep   4/50 | t_loss=0.1247 t_acc=0.765 | v_win_bal=0.312 v_rec_bal=0.214 | lr=1.0e-05 | 25.3s
  Fold 1 | Ep   5/50 | t_loss=0.1142 t_acc=0.798 | v_win_bal=0.325 v_rec_bal=0.214 | lr=1.0e-05 | 25.4s
  Fold 1 | Ep   6/50 | t_loss=0.1101 t_acc=0.825 | v_win_bal=0.310 v_rec_bal=0.214 | lr=9.9e-06 | 26.9s
  Fold 1 | Ep   7/50 | t_loss=0.1056 t_acc=0.855 | v_win_bal=0.345 v_rec_bal=0.286 | lr=9.8e-06 | 25.3s
  Fold 1 | Ep   8/50 | t_loss=0.0950 t_acc=0.880 | v_win_bal=0.345 v_rec_bal=0.286 | lr=9.7e-06 | 25.4s
  Fold 1 | Ep   9/50 | t_loss=0.0947 t_acc=0.893 | v_win_bal=0.304 v_rec_bal=0.214 | lr=9.6e-06 | 25.4s
  Fold 1 | Ep  10/50 | t_loss=0.0881 t_acc=0.909 | v_win_bal=0.345 v_rec_bal=0.286 | lr=9.5e-06 | 25.5s
  Fold 1 | Ep  11/50 | t_loss=0.0707 t_acc=0.938 | v_win_bal=0.336 v_rec_bal=0.286 | lr=9.3e-06 | 25.5s
  Fold 1 | Ep  12/50 | t_loss=0.0574 t_acc=0.954 | v_win_bal=0.332 v_rec_bal=0.214 | lr=9.1e-06 | 25.5s
  Fold 1 | Ep  13/50 | t_loss=0.0431 t_acc=0.967 | v_win_bal=0.329 v_rec_bal=0.214 | lr=8.9e-06 | 25.4s
  Fold 1 | Ep  14/50 | t_loss=0.0317 t_acc=0.979 | v_win_bal=0.337 v_rec_bal=0.214 | lr=8.7e-06 | 25.5s
  Fold 1 | Ep  15/50 | t_loss=0.0210 t_acc=0.985 | v_win_bal=0.343 v_rec_bal=0.214 | lr=8.5e-06 | 25.4s
  Fold 1 | Ep  16/50 | t_loss=0.0149 t_acc=0.990 | v_win_bal=0.338 v_rec_bal=0.214 | lr=8.2e-06 | 25.5s
  Fold 1 | Ep  17/50 | t_loss=0.0089 t_acc=0.994 | v_win_bal=0.337 v_rec_bal=0.214 | lr=8.0e-06 | 25.4s
  Fold 1 | Ep  18/50 | t_loss=0.0045 t_acc=0.997 | v_win_bal=0.324 v_rec_bal=0.143 | lr=7.7e-06 | 25.5s
  Fold 1 | Ep  19/50 | t_loss=0.0007 t_acc=0.999 | v_win_bal=0.331 v_rec_bal=0.214 | lr=7.4e-06 | 26.8s
  Fold 1 | Ep  20/50 | t_loss=0.0002 t_acc=1.000 | v_win_bal=0.317 v_rec_bal=0.214 | lr=7.1e-06 | 25.5s
  Fold 1 | Ep  21/50 | t_loss=0.0009 t_acc=1.000 | v_win_bal=0.318 v_rec_bal=0.214 | lr=6.8e-06 | 25.4s
  Fold 1 | Ep  22/50 | t_loss=0.0002 t_acc=1.000 | v_win_bal=0.327 v_rec_bal=0.214 | lr=6.5e-06 | 25.4s
  Fold 1 | Ep  23/50 | t_loss=0.0000 t_acc=1.000 | v_win_bal=0.315 v_rec_bal=0.143 | lr=6.2e-06 | 25.4s
  Early stop at epoch 23
  -> Test (best @ epoch 7): acc=0.5625, bal_acc=0.5476

============================================================
Fold 2/5
============================================================
  Train:  44 samples, 22 subjects [1, 2, 4, 5, 6, 7, 10, 14, 15, 19, 20, 21, 22, 23, 26, 27, 30, 31, 32, 33, 36, 38], label_0=22, label_1=22
    Val:  14 samples,  7 subjects [9, 11, 16, 24, 29, 35, 37], label_0=7, label_1=7
   Test:  14 samples,  7 subjects [8, 12, 13, 17, 18, 25, 34], label_0=7, label_1=7
  Building window datasets...
    WindowDataset: 2640 windows (class_0=1320, class_1=1320)
    WindowDataset: 840 windows (class_0=420, class_1=420)
    WindowDataset: 840 windows (class_0=420, class_1=420)
[LaBraM] Loaded 219/221 params from weights/labram-base/model.safetensors
[LaBraM] Missing: ['fc_norm.weight', 'fc_norm.bias']
  Fold 2 | Ep   1/50 | t_loss=0.1744 t_acc=0.524 | v_win_bal=0.531 v_rec_bal=0.500 | lr=3.3e-06 | 26.4s
  Fold 2 | Ep   2/50 | t_loss=0.1694 t_acc=0.591 | v_win_bal=0.544 v_rec_bal=0.571 | lr=6.7e-06 | 26.4s
  Fold 2 | Ep   3/50 | t_loss=0.1612 t_acc=0.635 | v_win_bal=0.526 v_rec_bal=0.500 | lr=1.0e-05 | 26.6s
  Fold 2 | Ep   4/50 | t_loss=0.1464 t_acc=0.684 | v_win_bal=0.563 v_rec_bal=0.571 | lr=1.0e-05 | 26.6s
  Fold 2 | Ep   5/50 | t_loss=0.1261 t_acc=0.753 | v_win_bal=0.505 v_rec_bal=0.429 | lr=1.0e-05 | 26.6s
  Fold 2 | Ep   6/50 | t_loss=0.1079 t_acc=0.805 | v_win_bal=0.380 v_rec_bal=0.357 | lr=9.9e-06 | 26.6s
  Fold 2 | Ep   7/50 | t_loss=0.0953 t_acc=0.845 | v_win_bal=0.380 v_rec_bal=0.357 | lr=9.8e-06 | 26.6s
  Fold 2 | Ep   8/50 | t_loss=0.0859 t_acc=0.883 | v_win_bal=0.375 v_rec_bal=0.286 | lr=9.7e-06 | 26.5s
  Fold 2 | Ep   9/50 | t_loss=0.0832 t_acc=0.898 | v_win_bal=0.383 v_rec_bal=0.357 | lr=9.6e-06 | 26.5s
  Fold 2 | Ep  10/50 | t_loss=0.0713 t_acc=0.923 | v_win_bal=0.370 v_rec_bal=0.286 | lr=9.5e-06 | 26.6s
  Fold 2 | Ep  11/50 | t_loss=0.0647 t_acc=0.939 | v_win_bal=0.375 v_rec_bal=0.286 | lr=9.3e-06 | 26.6s
  Fold 2 | Ep  12/50 | t_loss=0.0533 t_acc=0.957 | v_win_bal=0.370 v_rec_bal=0.286 | lr=9.1e-06 | 27.7s
  Fold 2 | Ep  13/50 | t_loss=0.0408 t_acc=0.968 | v_win_bal=0.354 v_rec_bal=0.286 | lr=8.9e-06 | 26.6s
  Fold 2 | Ep  14/50 | t_loss=0.0329 t_acc=0.977 | v_win_bal=0.368 v_rec_bal=0.286 | lr=8.7e-06 | 26.7s
  Fold 2 | Ep  15/50 | t_loss=0.0216 t_acc=0.986 | v_win_bal=0.374 v_rec_bal=0.286 | lr=8.5e-06 | 26.7s
  Fold 2 | Ep  16/50 | t_loss=0.0155 t_acc=0.990 | v_win_bal=0.379 v_rec_bal=0.286 | lr=8.2e-06 | 26.6s
  Fold 2 | Ep  17/50 | t_loss=0.0118 t_acc=0.992 | v_win_bal=0.389 v_rec_bal=0.357 | lr=8.0e-06 | 26.6s
  Fold 2 | Ep  18/50 | t_loss=0.0064 t_acc=0.996 | v_win_bal=0.379 v_rec_bal=0.286 | lr=7.7e-06 | 26.8s
  Fold 2 | Ep  19/50 | t_loss=0.0043 t_acc=0.998 | v_win_bal=0.381 v_rec_bal=0.286 | lr=7.4e-06 | 27.6s
  Early stop at epoch 19
  -> Test (best @ epoch 2): acc=0.4286, bal_acc=0.4286

============================================================
Fold 3/5
============================================================
  Train:  44 samples, 22 subjects [1, 2, 5, 6, 8, 10, 12, 13, 15, 16, 18, 19, 22, 24, 25, 27, 29, 31, 33, 34, 35, 36], label_0=22, label_1=22
    Val:  14 samples,  7 subjects [4, 7, 11, 17, 26, 37, 38], label_0=7, label_1=7
   Test:  14 samples,  7 subjects [9, 14, 20, 21, 23, 30, 32], label_0=7, label_1=7
  Building window datasets...
    WindowDataset: 2640 windows (class_0=1320, class_1=1320)
    WindowDataset: 840 windows (class_0=420, class_1=420)
    WindowDataset: 840 windows (class_0=420, class_1=420)
[LaBraM] Loaded 219/221 params from weights/labram-base/model.safetensors
[LaBraM] Missing: ['fc_norm.weight', 'fc_norm.bias']
  Fold 3 | Ep   1/50 | t_loss=0.1732 t_acc=0.512 | v_win_bal=0.233 v_rec_bal=0.071 | lr=3.3e-06 | 26.5s
  Fold 3 | Ep   2/50 | t_loss=0.1653 t_acc=0.610 | v_win_bal=0.214 v_rec_bal=0.143 | lr=6.7e-06 | 26.9s
  Fold 3 | Ep   3/50 | t_loss=0.1487 t_acc=0.673 | v_win_bal=0.237 v_rec_bal=0.214 | lr=1.0e-05 | 26.6s
  Fold 3 | Ep   4/50 | t_loss=0.1331 t_acc=0.731 | v_win_bal=0.271 v_rec_bal=0.143 | lr=1.0e-05 | 26.6s
  Fold 3 | Ep   5/50 | t_loss=0.1147 t_acc=0.790 | v_win_bal=0.261 v_rec_bal=0.143 | lr=1.0e-05 | 26.6s
  Fold 3 | Ep   6/50 | t_loss=0.1043 t_acc=0.820 | v_win_bal=0.285 v_rec_bal=0.143 | lr=9.9e-06 | 26.6s
  Fold 3 | Ep   7/50 | t_loss=0.0953 t_acc=0.861 | v_win_bal=0.339 v_rec_bal=0.286 | lr=9.8e-06 | 26.8s
  Fold 3 | Ep   8/50 | t_loss=0.0905 t_acc=0.889 | v_win_bal=0.313 v_rec_bal=0.286 | lr=9.7e-06 | 27.9s
  Fold 3 | Ep   9/50 | t_loss=0.0841 t_acc=0.914 | v_win_bal=0.254 v_rec_bal=0.143 | lr=9.6e-06 | 26.6s
  Fold 3 | Ep  10/50 | t_loss=0.0721 t_acc=0.935 | v_win_bal=0.333 v_rec_bal=0.357 | lr=9.5e-06 | 26.6s
  Fold 3 | Ep  11/50 | t_loss=0.0638 t_acc=0.944 | v_win_bal=0.315 v_rec_bal=0.286 | lr=9.3e-06 | 26.6s
  Fold 3 | Ep  12/50 | t_loss=0.0471 t_acc=0.960 | v_win_bal=0.293 v_rec_bal=0.143 | lr=9.1e-06 | 26.5s
  Fold 3 | Ep  13/50 | t_loss=0.0361 t_acc=0.973 | v_win_bal=0.287 v_rec_bal=0.143 | lr=8.9e-06 | 26.5s
  Fold 3 | Ep  14/50 | t_loss=0.0253 t_acc=0.980 | v_win_bal=0.349 v_rec_bal=0.286 | lr=8.7e-06 | 26.5s
  Fold 3 | Ep  15/50 | t_loss=0.0145 t_acc=0.987 | v_win_bal=0.354 v_rec_bal=0.357 | lr=8.5e-06 | 26.6s
  Fold 3 | Ep  16/50 | t_loss=0.0101 t_acc=0.993 | v_win_bal=0.311 v_rec_bal=0.143 | lr=8.2e-06 | 26.6s
  Fold 3 | Ep  17/50 | t_loss=0.0061 t_acc=0.997 | v_win_bal=0.350 v_rec_bal=0.357 | lr=8.0e-06 | 26.5s
  Fold 3 | Ep  18/50 | t_loss=0.0035 t_acc=0.998 | v_win_bal=0.329 v_rec_bal=0.214 | lr=7.7e-06 | 26.6s
  Fold 3 | Ep  19/50 | t_loss=0.0006 t_acc=1.000 | v_win_bal=0.336 v_rec_bal=0.286 | lr=7.4e-06 | 26.5s
  Fold 3 | Ep  20/50 | t_loss=0.0000 t_acc=1.000 | v_win_bal=0.330 v_rec_bal=0.214 | lr=7.1e-06 | 26.7s
  Fold 3 | Ep  21/50 | t_loss=0.0000 t_acc=1.000 | v_win_bal=0.348 v_rec_bal=0.357 | lr=6.8e-06 | 27.9s
  Fold 3 | Ep  22/50 | t_loss=0.0000 t_acc=1.000 | v_win_bal=0.335 v_rec_bal=0.214 | lr=6.5e-06 | 27.7s
  Fold 3 | Ep  23/50 | t_loss=0.0000 t_acc=1.000 | v_win_bal=0.333 v_rec_bal=0.214 | lr=6.2e-06 | 27.1s
  Fold 3 | Ep  24/50 | t_loss=0.0000 t_acc=1.000 | v_win_bal=0.332 v_rec_bal=0.286 | lr=5.8e-06 | 28.5s
  Fold 3 | Ep  25/50 | t_loss=0.0000 t_acc=1.000 | v_win_bal=0.340 v_rec_bal=0.286 | lr=5.5e-06 | 26.8s
  Fold 3 | Ep  26/50 | t_loss=0.0000 t_acc=1.000 | v_win_bal=0.335 v_rec_bal=0.214 | lr=5.2e-06 | 26.8s
  Fold 3 | Ep  27/50 | t_loss=0.0000 t_acc=1.000 | v_win_bal=0.335 v_rec_bal=0.286 | lr=4.8e-06 | 26.8s
  Fold 3 | Ep  28/50 | t_loss=0.0000 t_acc=1.000 | v_win_bal=0.330 v_rec_bal=0.286 | lr=4.5e-06 | 26.8s
  Fold 3 | Ep  29/50 | t_loss=0.0000 t_acc=1.000 | v_win_bal=0.330 v_rec_bal=0.214 | lr=4.2e-06 | 26.7s
  Fold 3 | Ep  30/50 | t_loss=0.0000 t_acc=1.000 | v_win_bal=0.326 v_rec_bal=0.286 | lr=3.8e-06 | 26.7s
  Fold 3 | Ep  31/50 | t_loss=0.0000 t_acc=1.000 | v_win_bal=0.333 v_rec_bal=0.214 | lr=3.5e-06 | 26.7s
  Fold 3 | Ep  32/50 | t_loss=0.0000 t_acc=1.000 | v_win_bal=0.340 v_rec_bal=0.286 | lr=3.2e-06 | 26.7s
  Early stop at epoch 32
  -> Test (best @ epoch 10): acc=0.5000, bal_acc=0.5000

============================================================
Fold 4/5
============================================================
  Train:  44 samples, 22 subjects [1, 2, 5, 6, 9, 10, 11, 12, 13, 14, 15, 18, 19, 20, 21, 25, 27, 31, 34, 35, 36, 38], label_0=23, label_1=21
    Val:  14 samples,  7 subjects [8, 17, 22, 23, 26, 30, 32], label_0=7, label_1=7
   Test:  14 samples,  7 subjects [4, 7, 16, 24, 29, 33, 37], label_0=6, label_1=8
  Building window datasets...
    WindowDataset: 2640 windows (class_0=1380, class_1=1260)
    WindowDataset: 840 windows (class_0=420, class_1=420)
    WindowDataset: 840 windows (class_0=360, class_1=480)
[LaBraM] Loaded 219/221 params from weights/labram-base/model.safetensors
[LaBraM] Missing: ['fc_norm.weight', 'fc_norm.bias']
  Fold 4 | Ep   1/50 | t_loss=0.1788 t_acc=0.531 | v_win_bal=0.531 v_rec_bal=0.571 | lr=3.3e-06 | 26.5s
  Fold 4 | Ep   2/50 | t_loss=0.1682 t_acc=0.607 | v_win_bal=0.400 v_rec_bal=0.357 | lr=6.7e-06 | 26.6s
  Fold 4 | Ep   3/50 | t_loss=0.1525 t_acc=0.677 | v_win_bal=0.460 v_rec_bal=0.500 | lr=1.0e-05 | 26.7s
  Fold 4 | Ep   4/50 | t_loss=0.1258 t_acc=0.761 | v_win_bal=0.526 v_rec_bal=0.571 | lr=1.0e-05 | 27.2s
  Fold 4 | Ep   5/50 | t_loss=0.1124 t_acc=0.810 | v_win_bal=0.495 v_rec_bal=0.500 | lr=1.0e-05 | 27.6s
  Fold 4 | Ep   6/50 | t_loss=0.1051 t_acc=0.845 | v_win_bal=0.502 v_rec_bal=0.571 | lr=9.9e-06 | 27.7s
  Fold 4 | Ep   7/50 | t_loss=0.1012 t_acc=0.871 | v_win_bal=0.511 v_rec_bal=0.429 | lr=9.8e-06 | 27.0s
  Fold 4 | Ep   8/50 | t_loss=0.1038 t_acc=0.887 | v_win_bal=0.510 v_rec_bal=0.429 | lr=9.7e-06 | 28.0s
  Fold 4 | Ep   9/50 | t_loss=0.0900 t_acc=0.916 | v_win_bal=0.508 v_rec_bal=0.429 | lr=9.6e-06 | 26.7s
  Fold 4 | Ep  10/50 | t_loss=0.0765 t_acc=0.929 | v_win_bal=0.485 v_rec_bal=0.500 | lr=9.5e-06 | 26.9s
  Fold 4 | Ep  11/50 | t_loss=0.0651 t_acc=0.947 | v_win_bal=0.488 v_rec_bal=0.500 | lr=9.3e-06 | 27.0s
  Fold 4 | Ep  12/50 | t_loss=0.0503 t_acc=0.965 | v_win_bal=0.458 v_rec_bal=0.429 | lr=9.1e-06 | 26.9s
  Fold 4 | Ep  13/50 | t_loss=0.0351 t_acc=0.977 | v_win_bal=0.475 v_rec_bal=0.429 | lr=8.9e-06 | 26.9s
  Fold 4 | Ep  14/50 | t_loss=0.0244 t_acc=0.986 | v_win_bal=0.487 v_rec_bal=0.429 | lr=8.7e-06 | 26.9s
  Fold 4 | Ep  15/50 | t_loss=0.0169 t_acc=0.989 | v_win_bal=0.487 v_rec_bal=0.429 | lr=8.5e-06 | 26.9s
  Fold 4 | Ep  16/50 | t_loss=0.0114 t_acc=0.992 | v_win_bal=0.464 v_rec_bal=0.357 | lr=8.2e-06 | 27.0s
  Early stop at epoch 16
  -> Test (best @ epoch 1): acc=0.2857, bal_acc=0.3333

============================================================
Fold 5/5
============================================================
  Train:  44 samples, 22 subjects [5, 7, 8, 9, 11, 13, 14, 15, 16, 17, 19, 20, 21, 24, 25, 29, 30, 31, 32, 33, 34, 36], label_0=22, label_1=22
    Val:  14 samples,  7 subjects [4, 6, 12, 18, 23, 37, 38], label_0=7, label_1=7
   Test:  14 samples,  7 subjects [1, 2, 10, 22, 26, 27, 35], label_0=7, label_1=7
  Building window datasets...
    WindowDataset: 2640 windows (class_0=1320, class_1=1320)
    WindowDataset: 840 windows (class_0=420, class_1=420)
    WindowDataset: 840 windows (class_0=420, class_1=420)
[LaBraM] Loaded 219/221 params from weights/labram-base/model.safetensors
[LaBraM] Missing: ['fc_norm.weight', 'fc_norm.bias']
  Fold 5 | Ep   1/50 | t_loss=0.1751 t_acc=0.523 | v_win_bal=0.526 v_rec_bal=0.500 | lr=3.3e-06 | 26.8s
  Fold 5 | Ep   2/50 | t_loss=0.1684 t_acc=0.595 | v_win_bal=0.533 v_rec_bal=0.500 | lr=6.7e-06 | 26.8s
  Fold 5 | Ep   3/50 | t_loss=0.1565 t_acc=0.637 | v_win_bal=0.514 v_rec_bal=0.500 | lr=1.0e-05 | 26.8s
  Fold 5 | Ep   4/50 | t_loss=0.1409 t_acc=0.697 | v_win_bal=0.519 v_rec_bal=0.571 | lr=1.0e-05 | 27.8s
  Fold 5 | Ep   5/50 | t_loss=0.1273 t_acc=0.751 | v_win_bal=0.493 v_rec_bal=0.429 | lr=1.0e-05 | 26.7s
  Fold 5 | Ep   6/50 | t_loss=0.1111 t_acc=0.794 | v_win_bal=0.479 v_rec_bal=0.429 | lr=9.9e-06 | 26.6s
  Fold 5 | Ep   7/50 | t_loss=0.0993 t_acc=0.825 | v_win_bal=0.432 v_rec_bal=0.500 | lr=9.8e-06 | 26.7s
  Fold 5 | Ep   8/50 | t_loss=0.0873 t_acc=0.865 | v_win_bal=0.458 v_rec_bal=0.357 | lr=9.7e-06 | 26.7s
  Fold 5 | Ep   9/50 | t_loss=0.0765 t_acc=0.894 | v_win_bal=0.486 v_rec_bal=0.571 | lr=9.6e-06 | 26.6s
  Fold 5 | Ep  10/50 | t_loss=0.0714 t_acc=0.916 | v_win_bal=0.423 v_rec_bal=0.429 | lr=9.5e-06 | 26.7s
  Fold 5 | Ep  11/50 | t_loss=0.0591 t_acc=0.942 | v_win_bal=0.424 v_rec_bal=0.429 | lr=9.3e-06 | 26.7s
  Fold 5 | Ep  12/50 | t_loss=0.0525 t_acc=0.954 | v_win_bal=0.457 v_rec_bal=0.429 | lr=9.1e-06 | 26.6s
  Fold 5 | Ep  13/50 | t_loss=0.0459 t_acc=0.969 | v_win_bal=0.433 v_rec_bal=0.357 | lr=8.9e-06 | 27.4s
  Fold 5 | Ep  14/50 | t_loss=0.0294 t_acc=0.979 | v_win_bal=0.418 v_rec_bal=0.357 | lr=8.7e-06 | 28.1s
  Fold 5 | Ep  15/50 | t_loss=0.0218 t_acc=0.988 | v_win_bal=0.411 v_rec_bal=0.429 | lr=8.5e-06 | 27.4s
  Fold 5 | Ep  16/50 | t_loss=0.0153 t_acc=0.991 | v_win_bal=0.456 v_rec_bal=0.429 | lr=8.2e-06 | 27.2s
  Fold 5 | Ep  17/50 | t_loss=0.0097 t_acc=0.994 | v_win_bal=0.436 v_rec_bal=0.357 | lr=8.0e-06 | 27.0s
  Fold 5 | Ep  18/50 | t_loss=0.0106 t_acc=0.995 | v_win_bal=0.443 v_rec_bal=0.357 | lr=7.7e-06 | 26.7s
  Fold 5 | Ep  19/50 | t_loss=0.0042 t_acc=0.998 | v_win_bal=0.430 v_rec_bal=0.500 | lr=7.4e-06 | 26.7s
  Early stop at epoch 19
  -> Test (best @ epoch 4): acc=0.5714, bal_acc=0.5714

============================================================
Global Results (5-Fold, subject-level CV)
Mode: FT | Extractor: labram | Loss: focal
============================================================
              acc: 0.4722
          bal_acc: 0.4722
               f1: 0.4281
            kappa: -0.0556
  Total predictions: 72 (should equal dataset size: 72)

Results saved to results/studies/exp27_paired_null/sleepdep/perm_s20/
