/raid/jupyter-linjimmy1003.md10/.conda/envs/stress/lib/python3.11/site-packages/timm/models/layers/__init__.py:49: FutureWarning: Importing from timm.models.layers is deprecated, please import via timm.layers
  warnings.warn(f"Importing from {__name__} is deprecated, please import via timm.layers", FutureWarning)
Mode: FT | Extractor: labram | Folds: 5
LR: 0.0001 | WD: 0.05 | Beta2: 0.999 | Grad clip: 2.0
Head: hidden=128, dropout=0.0 | Norm: zscore | Loss: focal
Full FT: encoder_lr_scale=1.0
Augmentation: 75% overlap for increase class

Results → results/studies/exp27_paired_null/stress/perm_s26/
Dataset: 70 recordings loaded (14 increase, 56 normal)
Cache: 70 recordings ready (70 cached, 0 new)
[permute-labels] Shuffled labels with rng seed 26. Class balance preserved: 14 pos / 56 neg

============================================================
Fold 1/5
============================================================
  Train:  42 samples, 11 subjects [1, 2, 6, 7, 8, 10, 11, 13, 16, 17, 18], label_0=34, label_1=8
    Val:  14 samples,  3 subjects [3, 4, 9], label_0=11, label_1=3
   Test:  14 samples,  3 subjects [5, 12, 14], label_0=11, label_1=3
  Building window datasets...
    WindowDataset: 5667 windows (class_0=2251, class_1=3416)
    WindowDataset: 979 windows (class_0=795, class_1=184)
    WindowDataset: 1468 windows (class_0=1053, class_1=415)
[LaBraM] Loaded 219/221 params from weights/labram-base/model.safetensors
[LaBraM] Missing: ['fc_norm.weight', 'fc_norm.bias']
  Trainable parameters: 5,871,779
  Class weights: [1.258773922920227, 0.829478919506073]
  Fold 1 | Ep   1/50 | t_loss=0.1489 t_acc=0.656 | v_win_bal=0.505 v_rec_bal=0.606 | lr=3.3e-05 | 9.5s
  Fold 1 | Ep   2/50 | t_loss=0.0340 t_acc=0.957 | v_win_bal=0.484 v_rec_bal=0.576 | lr=6.7e-05 | 7.2s
  Fold 1 | Ep   3/50 | t_loss=0.0168 t_acc=0.985 | v_win_bal=0.520 v_rec_bal=0.576 | lr=1.0e-04 | 7.3s
  Fold 1 | Ep   4/50 | t_loss=0.0209 t_acc=0.982 | v_win_bal=0.524 v_rec_bal=0.576 | lr=1.0e-04 | 7.2s
  Fold 1 | Ep   5/50 | t_loss=0.0113 t_acc=0.992 | v_win_bal=0.573 v_rec_bal=0.667 | lr=1.0e-04 | 7.2s
  Fold 1 | Ep   6/50 | t_loss=0.0080 t_acc=0.994 | v_win_bal=0.539 v_rec_bal=0.576 | lr=9.9e-05 | 7.3s
  Fold 1 | Ep   7/50 | t_loss=0.0074 t_acc=0.994 | v_win_bal=0.597 v_rec_bal=0.621 | lr=9.8e-05 | 7.5s
  Fold 1 | Ep   8/50 | t_loss=0.0049 t_acc=0.996 | v_win_bal=0.512 v_rec_bal=0.576 | lr=9.7e-05 | 7.7s
  Fold 1 | Ep   9/50 | t_loss=0.0069 t_acc=0.995 | v_win_bal=0.587 v_rec_bal=0.621 | lr=9.6e-05 | 7.4s
  Fold 1 | Ep  10/50 | t_loss=0.0016 t_acc=0.999 | v_win_bal=0.514 v_rec_bal=0.530 | lr=9.5e-05 | 7.4s
  Fold 1 | Ep  11/50 | t_loss=0.0037 t_acc=0.997 | v_win_bal=0.575 v_rec_bal=0.621 | lr=9.3e-05 | 7.8s
  Fold 1 | Ep  12/50 | t_loss=0.0077 t_acc=0.995 | v_win_bal=0.563 v_rec_bal=0.621 | lr=9.1e-05 | 7.5s
  Fold 1 | Ep  13/50 | t_loss=0.0033 t_acc=0.997 | v_win_bal=0.542 v_rec_bal=0.621 | lr=8.9e-05 | 7.6s
  Fold 1 | Ep  14/50 | t_loss=0.0006 t_acc=1.000 | v_win_bal=0.599 v_rec_bal=0.621 | lr=8.7e-05 | 7.2s
  Fold 1 | Ep  15/50 | t_loss=0.0000 t_acc=1.000 | v_win_bal=0.596 v_rec_bal=0.621 | lr=8.5e-05 | 7.1s
  Fold 1 | Ep  16/50 | t_loss=0.0000 t_acc=1.000 | v_win_bal=0.599 v_rec_bal=0.621 | lr=8.2e-05 | 7.1s
  Fold 1 | Ep  17/50 | t_loss=0.0000 t_acc=1.000 | v_win_bal=0.597 v_rec_bal=0.621 | lr=8.0e-05 | 7.5s
  Fold 1 | Ep  18/50 | t_loss=0.0000 t_acc=1.000 | v_win_bal=0.601 v_rec_bal=0.621 | lr=7.7e-05 | 7.1s
  Fold 1 | Ep  19/50 | t_loss=0.0000 t_acc=1.000 | v_win_bal=0.597 v_rec_bal=0.621 | lr=7.4e-05 | 7.2s
  Fold 1 | Ep  20/50 | t_loss=0.0000 t_acc=1.000 | v_win_bal=0.604 v_rec_bal=0.621 | lr=7.1e-05 | 7.2s
  Fold 1 | Ep  21/50 | t_loss=0.0000 t_acc=1.000 | v_win_bal=0.598 v_rec_bal=0.621 | lr=6.8e-05 | 7.2s
  Fold 1 | Ep  22/50 | t_loss=0.0000 t_acc=1.000 | v_win_bal=0.603 v_rec_bal=0.621 | lr=6.5e-05 | 7.2s
  Early stop at epoch 22
  -> Test (best @ epoch 5): acc=0.8571, bal_acc=0.7879

============================================================
Fold 2/5
============================================================
  Train:  42 samples, 10 subjects [1, 5, 6, 7, 9, 11, 13, 16, 17, 18], label_0=34, label_1=8
    Val:  14 samples,  3 subjects [3, 12, 14], label_0=11, label_1=3
   Test:  14 samples,  4 subjects [2, 4, 8, 10], label_0=11, label_1=3
  Building window datasets...
    WindowDataset: 5290 windows (class_0=2426, class_1=2864)
    WindowDataset: 1455 windows (class_0=1038, class_1=417)
    WindowDataset: 955 windows (class_0=635, class_1=320)
[LaBraM] Loaded 219/221 params from weights/labram-base/model.safetensors
[LaBraM] Missing: ['fc_norm.weight', 'fc_norm.bias']
  Fold 2 | Ep   1/50 | t_loss=0.1458 t_acc=0.663 | v_win_bal=0.480 v_rec_bal=0.455 | lr=3.3e-05 | 7.2s
  Fold 2 | Ep   2/50 | t_loss=0.0502 t_acc=0.944 | v_win_bal=0.471 v_rec_bal=0.455 | lr=6.7e-05 | 7.2s
  Fold 2 | Ep   3/50 | t_loss=0.0315 t_acc=0.976 | v_win_bal=0.503 v_rec_bal=0.500 | lr=1.0e-04 | 7.2s
  Fold 2 | Ep   4/50 | t_loss=0.0142 t_acc=0.989 | v_win_bal=0.460 v_rec_bal=0.409 | lr=1.0e-04 | 7.2s
  Fold 2 | Ep   5/50 | t_loss=0.0133 t_acc=0.988 | v_win_bal=0.455 v_rec_bal=0.455 | lr=1.0e-04 | 7.2s
  Fold 2 | Ep   6/50 | t_loss=0.0049 t_acc=0.996 | v_win_bal=0.470 v_rec_bal=0.455 | lr=9.9e-05 | 7.2s
  Fold 2 | Ep   7/50 | t_loss=0.0060 t_acc=0.996 | v_win_bal=0.428 v_rec_bal=0.409 | lr=9.8e-05 | 7.2s
  Fold 2 | Ep   8/50 | t_loss=0.0046 t_acc=0.997 | v_win_bal=0.432 v_rec_bal=0.409 | lr=9.7e-05 | 7.2s
  Fold 2 | Ep   9/50 | t_loss=0.0041 t_acc=0.997 | v_win_bal=0.445 v_rec_bal=0.409 | lr=9.6e-05 | 7.2s
  Fold 2 | Ep  10/50 | t_loss=0.0027 t_acc=0.997 | v_win_bal=0.443 v_rec_bal=0.409 | lr=9.5e-05 | 7.2s
  Fold 2 | Ep  11/50 | t_loss=0.0048 t_acc=0.997 | v_win_bal=0.451 v_rec_bal=0.455 | lr=9.3e-05 | 7.2s
  Fold 2 | Ep  12/50 | t_loss=0.0022 t_acc=0.999 | v_win_bal=0.443 v_rec_bal=0.409 | lr=9.1e-05 | 7.2s
  Fold 2 | Ep  13/50 | t_loss=0.0020 t_acc=0.998 | v_win_bal=0.441 v_rec_bal=0.409 | lr=8.9e-05 | 7.2s
  Fold 2 | Ep  14/50 | t_loss=0.0000 t_acc=1.000 | v_win_bal=0.496 v_rec_bal=0.409 | lr=8.7e-05 | 7.2s
  Fold 2 | Ep  15/50 | t_loss=0.0013 t_acc=0.999 | v_win_bal=0.430 v_rec_bal=0.409 | lr=8.5e-05 | 7.2s
  Fold 2 | Ep  16/50 | t_loss=0.0047 t_acc=0.996 | v_win_bal=0.457 v_rec_bal=0.409 | lr=8.2e-05 | 7.2s
  Fold 2 | Ep  17/50 | t_loss=0.0025 t_acc=0.998 | v_win_bal=0.465 v_rec_bal=0.409 | lr=8.0e-05 | 7.2s
  Fold 2 | Ep  18/50 | t_loss=0.0025 t_acc=0.998 | v_win_bal=0.492 v_rec_bal=0.409 | lr=7.7e-05 | 7.2s
  Early stop at epoch 18
  -> Test (best @ epoch 3): acc=0.7143, bal_acc=0.4545

============================================================
Fold 3/5
============================================================
  Train:  40 samples,  9 subjects [3, 4, 5, 6, 9, 11, 14, 17, 18], label_0=32, label_1=8
    Val:  14 samples,  4 subjects [2, 8, 10, 12], label_0=11, label_1=3
   Test:  16 samples,  4 subjects [1, 7, 13, 16], label_0=13, label_1=3
  Building window datasets...
    WindowDataset: 5173 windows (class_0=2309, class_1=2864)
    WindowDataset: 1315 windows (class_0=995, class_1=320)
    WindowDataset: 1212 windows (class_0=795, class_1=417)
[LaBraM] Loaded 219/221 params from weights/labram-base/model.safetensors
[LaBraM] Missing: ['fc_norm.weight', 'fc_norm.bias']
  Fold 3 | Ep   1/50 | t_loss=0.1561 t_acc=0.641 | v_win_bal=0.287 v_rec_bal=0.212 | lr=3.3e-05 | 7.0s
  Fold 3 | Ep   2/50 | t_loss=0.0912 t_acc=0.862 | v_win_bal=0.500 v_rec_bal=0.409 | lr=6.7e-05 | 6.9s
  Fold 3 | Ep   3/50 | t_loss=0.0519 t_acc=0.939 | v_win_bal=0.452 v_rec_bal=0.318 | lr=1.0e-04 | 6.9s
  Fold 3 | Ep   4/50 | t_loss=0.0300 t_acc=0.967 | v_win_bal=0.601 v_rec_bal=0.515 | lr=1.0e-04 | 6.9s
  Fold 3 | Ep   5/50 | t_loss=0.0152 t_acc=0.985 | v_win_bal=0.663 v_rec_bal=0.530 | lr=1.0e-04 | 7.3s
  Fold 3 | Ep   6/50 | t_loss=0.0102 t_acc=0.990 | v_win_bal=0.525 v_rec_bal=0.439 | lr=9.9e-05 | 7.0s
  Fold 3 | Ep   7/50 | t_loss=0.0082 t_acc=0.994 | v_win_bal=0.527 v_rec_bal=0.409 | lr=9.8e-05 | 7.0s
  Fold 3 | Ep   8/50 | t_loss=0.0103 t_acc=0.992 | v_win_bal=0.639 v_rec_bal=0.697 | lr=9.7e-05 | 7.0s
  Fold 3 | Ep   9/50 | t_loss=0.0046 t_acc=0.995 | v_win_bal=0.559 v_rec_bal=0.485 | lr=9.6e-05 | 6.9s
  Fold 3 | Ep  10/50 | t_loss=0.0087 t_acc=0.994 | v_win_bal=0.550 v_rec_bal=0.621 | lr=9.5e-05 | 6.9s
  Fold 3 | Ep  11/50 | t_loss=0.0060 t_acc=0.996 | v_win_bal=0.595 v_rec_bal=0.455 | lr=9.3e-05 | 6.9s
  Fold 3 | Ep  12/50 | t_loss=0.0066 t_acc=0.995 | v_win_bal=0.607 v_rec_bal=0.576 | lr=9.1e-05 | 6.9s
  Fold 3 | Ep  13/50 | t_loss=0.0036 t_acc=0.997 | v_win_bal=0.617 v_rec_bal=0.621 | lr=8.9e-05 | 6.9s
  Fold 3 | Ep  14/50 | t_loss=0.0000 t_acc=1.000 | v_win_bal=0.617 v_rec_bal=0.621 | lr=8.7e-05 | 6.9s
  Fold 3 | Ep  15/50 | t_loss=0.0000 t_acc=1.000 | v_win_bal=0.611 v_rec_bal=0.621 | lr=8.5e-05 | 7.0s
  Fold 3 | Ep  16/50 | t_loss=0.0000 t_acc=1.000 | v_win_bal=0.604 v_rec_bal=0.621 | lr=8.2e-05 | 6.9s
  Fold 3 | Ep  17/50 | t_loss=0.0000 t_acc=1.000 | v_win_bal=0.597 v_rec_bal=0.621 | lr=8.0e-05 | 6.9s
  Fold 3 | Ep  18/50 | t_loss=0.0000 t_acc=1.000 | v_win_bal=0.589 v_rec_bal=0.621 | lr=7.7e-05 | 6.9s
  Fold 3 | Ep  19/50 | t_loss=0.0000 t_acc=1.000 | v_win_bal=0.593 v_rec_bal=0.621 | lr=7.4e-05 | 6.9s
  Fold 3 | Ep  20/50 | t_loss=0.0000 t_acc=1.000 | v_win_bal=0.593 v_rec_bal=0.621 | lr=7.1e-05 | 6.9s
  Fold 3 | Ep  21/50 | t_loss=0.0000 t_acc=1.000 | v_win_bal=0.590 v_rec_bal=0.621 | lr=6.8e-05 | 6.9s
  Fold 3 | Ep  22/50 | t_loss=0.0000 t_acc=1.000 | v_win_bal=0.592 v_rec_bal=0.621 | lr=6.5e-05 | 6.9s
  Fold 3 | Ep  23/50 | t_loss=0.0000 t_acc=1.000 | v_win_bal=0.590 v_rec_bal=0.621 | lr=6.2e-05 | 6.9s
  Fold 3 | Ep  24/50 | t_loss=0.0000 t_acc=1.000 | v_win_bal=0.592 v_rec_bal=0.621 | lr=5.8e-05 | 6.9s
  Fold 3 | Ep  25/50 | t_loss=0.0000 t_acc=1.000 | v_win_bal=0.587 v_rec_bal=0.621 | lr=5.5e-05 | 6.9s
  Fold 3 | Ep  26/50 | t_loss=0.0000 t_acc=1.000 | v_win_bal=0.584 v_rec_bal=0.621 | lr=5.2e-05 | 6.9s
  Fold 3 | Ep  27/50 | t_loss=0.0000 t_acc=1.000 | v_win_bal=0.587 v_rec_bal=0.621 | lr=4.8e-05 | 7.0s
  Fold 3 | Ep  28/50 | t_loss=0.0000 t_acc=1.000 | v_win_bal=0.585 v_rec_bal=0.621 | lr=4.5e-05 | 6.9s
  Fold 3 | Ep  29/50 | t_loss=0.0000 t_acc=1.000 | v_win_bal=0.581 v_rec_bal=0.621 | lr=4.2e-05 | 7.0s
  Fold 3 | Ep  30/50 | t_loss=0.0000 t_acc=1.000 | v_win_bal=0.581 v_rec_bal=0.621 | lr=3.8e-05 | 7.0s
  Early stop at epoch 30
  -> Test (best @ epoch 8): acc=0.7500, bal_acc=0.5897

============================================================
Fold 4/5
============================================================
  Train:  42 samples, 11 subjects [1, 2, 4, 5, 7, 10, 11, 14, 16, 17, 18], label_0=34, label_1=8
    Val:  15 samples,  3 subjects [8, 12, 13], label_0=12, label_1=3
   Test:  13 samples,  3 subjects [3, 6, 9], label_0=10, label_1=3
  Building window datasets...
    WindowDataset: 5639 windows (class_0=2263, class_1=3376)
    WindowDataset: 1539 windows (class_0=1114, class_1=425)
    WindowDataset: 906 windows (class_0=722, class_1=184)
[LaBraM] Loaded 219/221 params from weights/labram-base/model.safetensors
[LaBraM] Missing: ['fc_norm.weight', 'fc_norm.bias']
  Fold 4 | Ep   1/50 | t_loss=0.1495 t_acc=0.647 | v_win_bal=0.725 v_rec_bal=0.708 | lr=3.3e-05 | 7.7s
  Fold 4 | Ep   2/50 | t_loss=0.0559 t_acc=0.940 | v_win_bal=0.638 v_rec_bal=0.708 | lr=6.7e-05 | 7.7s
  Fold 4 | Ep   3/50 | t_loss=0.0357 t_acc=0.972 | v_win_bal=0.618 v_rec_bal=0.708 | lr=1.0e-04 | 7.7s
  Fold 4 | Ep   4/50 | t_loss=0.0298 t_acc=0.979 | v_win_bal=0.507 v_rec_bal=0.458 | lr=1.0e-04 | 7.7s
  Fold 4 | Ep   5/50 | t_loss=0.0172 t_acc=0.987 | v_win_bal=0.542 v_rec_bal=0.458 | lr=1.0e-04 | 7.7s
  Fold 4 | Ep   6/50 | t_loss=0.0066 t_acc=0.995 | v_win_bal=0.577 v_rec_bal=0.625 | lr=9.9e-05 | 7.7s
  Fold 4 | Ep   7/50 | t_loss=0.0063 t_acc=0.997 | v_win_bal=0.497 v_rec_bal=0.458 | lr=9.8e-05 | 7.7s
  Fold 4 | Ep   8/50 | t_loss=0.0109 t_acc=0.991 | v_win_bal=0.511 v_rec_bal=0.500 | lr=9.7e-05 | 7.7s
  Fold 4 | Ep   9/50 | t_loss=0.0057 t_acc=0.996 | v_win_bal=0.607 v_rec_bal=0.542 | lr=9.6e-05 | 7.7s
  Fold 4 | Ep  10/50 | t_loss=0.0032 t_acc=0.998 | v_win_bal=0.517 v_rec_bal=0.500 | lr=9.5e-05 | 7.7s
  Fold 4 | Ep  11/50 | t_loss=0.0015 t_acc=0.999 | v_win_bal=0.602 v_rec_bal=0.625 | lr=9.3e-05 | 7.7s
  Fold 4 | Ep  12/50 | t_loss=0.0000 t_acc=1.000 | v_win_bal=0.612 v_rec_bal=0.625 | lr=9.1e-05 | 7.7s
  Fold 4 | Ep  13/50 | t_loss=0.0000 t_acc=1.000 | v_win_bal=0.607 v_rec_bal=0.625 | lr=8.9e-05 | 7.7s
  Fold 4 | Ep  14/50 | t_loss=0.0000 t_acc=1.000 | v_win_bal=0.607 v_rec_bal=0.625 | lr=8.7e-05 | 7.7s
  Fold 4 | Ep  15/50 | t_loss=0.0000 t_acc=1.000 | v_win_bal=0.605 v_rec_bal=0.625 | lr=8.5e-05 | 7.7s
  Fold 4 | Ep  16/50 | t_loss=0.0000 t_acc=1.000 | v_win_bal=0.605 v_rec_bal=0.625 | lr=8.2e-05 | 7.7s
  Fold 4 | Ep  17/50 | t_loss=0.0000 t_acc=1.000 | v_win_bal=0.606 v_rec_bal=0.625 | lr=8.0e-05 | 7.7s
  Fold 4 | Ep  18/50 | t_loss=0.0000 t_acc=1.000 | v_win_bal=0.605 v_rec_bal=0.625 | lr=7.7e-05 | 7.7s
  Early stop at epoch 18
  -> Test (best @ epoch 1): acc=0.5385, bal_acc=0.3500

============================================================
Fold 5/5
============================================================
  Train:  42 samples, 10 subjects [1, 2, 3, 4, 6, 7, 8, 10, 13, 14], label_0=33, label_1=9
    Val:  15 samples,  4 subjects [5, 9, 12, 16], label_0=12, label_1=3
   Test:  13 samples,  3 subjects [11, 17, 18], label_0=11, label_1=2
  Building window datasets...
    WindowDataset: 6563 windows (class_0=1974, class_1=4589)
    WindowDataset: 1413 windows (class_0=1231, class_1=182)
    WindowDataset: 1017 windows (class_0=894, class_1=123)
[LaBraM] Loaded 219/221 params from weights/labram-base/model.safetensors
[LaBraM] Missing: ['fc_norm.weight', 'fc_norm.bias']
  Fold 5 | Ep   1/50 | t_loss=0.1220 t_acc=0.734 | v_win_bal=0.412 v_rec_bal=0.375 | lr=3.3e-05 | 8.8s
  Fold 5 | Ep   2/50 | t_loss=0.0318 t_acc=0.968 | v_win_bal=0.376 v_rec_bal=0.375 | lr=6.7e-05 | 8.7s
  Fold 5 | Ep   3/50 | t_loss=0.0253 t_acc=0.981 | v_win_bal=0.409 v_rec_bal=0.417 | lr=1.0e-04 | 8.8s
  Fold 5 | Ep   4/50 | t_loss=0.0151 t_acc=0.991 | v_win_bal=0.392 v_rec_bal=0.375 | lr=1.0e-04 | 8.8s
  Fold 5 | Ep   5/50 | t_loss=0.0098 t_acc=0.994 | v_win_bal=0.363 v_rec_bal=0.375 | lr=1.0e-04 | 8.8s
  Fold 5 | Ep   6/50 | t_loss=0.0083 t_acc=0.994 | v_win_bal=0.396 v_rec_bal=0.375 | lr=9.9e-05 | 8.8s
  Fold 5 | Ep   7/50 | t_loss=0.0101 t_acc=0.993 | v_win_bal=0.405 v_rec_bal=0.458 | lr=9.8e-05 | 8.8s
  Fold 5 | Ep   8/50 | t_loss=0.0029 t_acc=0.997 | v_win_bal=0.422 v_rec_bal=0.458 | lr=9.7e-05 | 8.7s
  Fold 5 | Ep   9/50 | t_loss=0.0044 t_acc=0.997 | v_win_bal=0.380 v_rec_bal=0.375 | lr=9.6e-05 | 8.7s
  Fold 5 | Ep  10/50 | t_loss=0.0035 t_acc=0.998 | v_win_bal=0.412 v_rec_bal=0.458 | lr=9.5e-05 | 8.7s
  Fold 5 | Ep  11/50 | t_loss=0.0063 t_acc=0.996 | v_win_bal=0.444 v_rec_bal=0.375 | lr=9.3e-05 | 8.8s
  Fold 5 | Ep  12/50 | t_loss=0.0033 t_acc=0.998 | v_win_bal=0.388 v_rec_bal=0.375 | lr=9.1e-05 | 8.8s
  Fold 5 | Ep  13/50 | t_loss=0.0037 t_acc=0.997 | v_win_bal=0.401 v_rec_bal=0.375 | lr=8.9e-05 | 8.8s
  Fold 5 | Ep  14/50 | t_loss=0.0045 t_acc=0.996 | v_win_bal=0.419 v_rec_bal=0.375 | lr=8.7e-05 | 8.8s
  Fold 5 | Ep  15/50 | t_loss=0.0072 t_acc=0.996 | v_win_bal=0.356 v_rec_bal=0.375 | lr=8.5e-05 | 8.8s
  Fold 5 | Ep  16/50 | t_loss=0.0037 t_acc=0.998 | v_win_bal=0.426 v_rec_bal=0.458 | lr=8.2e-05 | 8.8s
  Fold 5 | Ep  17/50 | t_loss=0.0010 t_acc=0.999 | v_win_bal=0.416 v_rec_bal=0.458 | lr=8.0e-05 | 8.8s
  Fold 5 | Ep  18/50 | t_loss=0.0000 t_acc=1.000 | v_win_bal=0.416 v_rec_bal=0.458 | lr=7.7e-05 | 8.8s
  Fold 5 | Ep  19/50 | t_loss=0.0000 t_acc=1.000 | v_win_bal=0.415 v_rec_bal=0.458 | lr=7.4e-05 | 8.8s
  Fold 5 | Ep  20/50 | t_loss=0.0000 t_acc=1.000 | v_win_bal=0.416 v_rec_bal=0.458 | lr=7.1e-05 | 8.8s
  Fold 5 | Ep  21/50 | t_loss=0.0000 t_acc=1.000 | v_win_bal=0.415 v_rec_bal=0.458 | lr=6.8e-05 | 8.8s
  Fold 5 | Ep  22/50 | t_loss=0.0000 t_acc=1.000 | v_win_bal=0.416 v_rec_bal=0.458 | lr=6.5e-05 | 8.8s
  Fold 5 | Ep  23/50 | t_loss=0.0000 t_acc=1.000 | v_win_bal=0.415 v_rec_bal=0.458 | lr=6.2e-05 | 8.8s
  Fold 5 | Ep  24/50 | t_loss=0.0000 t_acc=1.000 | v_win_bal=0.415 v_rec_bal=0.458 | lr=5.8e-05 | 8.8s
  Fold 5 | Ep  25/50 | t_loss=0.0000 t_acc=1.000 | v_win_bal=0.415 v_rec_bal=0.458 | lr=5.5e-05 | 8.8s
  Fold 5 | Ep  26/50 | t_loss=0.0000 t_acc=1.000 | v_win_bal=0.414 v_rec_bal=0.458 | lr=5.2e-05 | 8.8s
  Fold 5 | Ep  27/50 | t_loss=0.0000 t_acc=1.000 | v_win_bal=0.414 v_rec_bal=0.458 | lr=4.8e-05 | 8.7s
  Fold 5 | Ep  28/50 | t_loss=0.0000 t_acc=1.000 | v_win_bal=0.415 v_rec_bal=0.458 | lr=4.5e-05 | 8.8s
  Fold 5 | Ep  29/50 | t_loss=0.0000 t_acc=1.000 | v_win_bal=0.414 v_rec_bal=0.458 | lr=4.2e-05 | 8.9s
  Fold 5 | Ep  30/50 | t_loss=0.0000 t_acc=1.000 | v_win_bal=0.414 v_rec_bal=0.458 | lr=3.8e-05 | 8.8s
  Fold 5 | Ep  31/50 | t_loss=0.0000 t_acc=1.000 | v_win_bal=0.413 v_rec_bal=0.458 | lr=3.5e-05 | 8.8s
  Fold 5 | Ep  32/50 | t_loss=0.0000 t_acc=1.000 | v_win_bal=0.414 v_rec_bal=0.458 | lr=3.2e-05 | 8.7s
  Fold 5 | Ep  33/50 | t_loss=0.0000 t_acc=1.000 | v_win_bal=0.415 v_rec_bal=0.458 | lr=2.9e-05 | 8.7s
  Early stop at epoch 33
  -> Test (best @ epoch 7): acc=0.3077, bal_acc=0.1818

============================================================
Global Results (5-Fold, subject-level CV)
Mode: FT | Extractor: labram | Loss: focal
============================================================
              acc: 0.6429
          bal_acc: 0.4821
               f1: 0.6552
            kappa: -0.0331
  Total predictions: 70 (should equal dataset size: 70)

Results saved to results/studies/exp27_paired_null/stress/perm_s26/
