/raid/jupyter-linjimmy1003.md10/.conda/envs/stress/lib/python3.11/site-packages/timm/models/layers/__init__.py:49: FutureWarning: Importing from timm.models.layers is deprecated, please import via timm.layers
  warnings.warn(f"Importing from {__name__} is deprecated, please import via timm.layers", FutureWarning)
Mode: FT | Extractor: labram | Folds: 5
LR: 0.0001 | WD: 0.05 | Beta2: 0.999 | Grad clip: 2.0
Head: hidden=128, dropout=0.0 | Norm: zscore | Loss: focal
Full FT: encoder_lr_scale=1.0
Augmentation: 75% overlap for increase class

Results → results/studies/exp27_paired_null/stress/perm_s15/
Dataset: 70 recordings loaded (14 increase, 56 normal)
Cache: 70 recordings ready (70 cached, 0 new)
[permute-labels] Shuffled labels with rng seed 15. Class balance preserved: 14 pos / 56 neg

============================================================
Fold 1/5
============================================================
  Train:  39 samples, 11 subjects [1, 2, 3, 8, 9, 10, 11, 12, 14, 16, 17], label_0=31, label_1=8
    Val:  16 samples,  3 subjects [4, 7, 13], label_0=13, label_1=3
   Test:  15 samples,  3 subjects [5, 6, 18], label_0=12, label_1=3
  Building window datasets...
    WindowDataset: 5617 windows (class_0=2685, class_1=2932)
    WindowDataset: 1204 windows (class_0=1029, class_1=175)
    WindowDataset: 930 windows (class_0=745, class_1=185)
[LaBraM] Loaded 219/221 params from weights/labram-base/model.safetensors
[LaBraM] Missing: ['fc_norm.weight', 'fc_norm.bias']
  Trainable parameters: 5,871,779
  Class weights: [1.0459963083267212, 0.957878589630127]
  Fold 1 | Ep   1/50 | t_loss=0.1489 t_acc=0.657 | v_win_bal=0.483 v_rec_bal=0.397 | lr=3.3e-05 | 9.9s
  Fold 1 | Ep   2/50 | t_loss=0.0517 t_acc=0.932 | v_win_bal=0.536 v_rec_bal=0.474 | lr=6.7e-05 | 7.4s
  Fold 1 | Ep   3/50 | t_loss=0.0298 t_acc=0.972 | v_win_bal=0.670 v_rec_bal=0.679 | lr=1.0e-04 | 7.3s
  Fold 1 | Ep   4/50 | t_loss=0.0175 t_acc=0.983 | v_win_bal=0.595 v_rec_bal=0.590 | lr=1.0e-04 | 7.2s
  Fold 1 | Ep   5/50 | t_loss=0.0114 t_acc=0.991 | v_win_bal=0.674 v_rec_bal=0.718 | lr=1.0e-04 | 7.3s
  Fold 1 | Ep   6/50 | t_loss=0.0109 t_acc=0.991 | v_win_bal=0.488 v_rec_bal=0.500 | lr=9.9e-05 | 7.3s
  Fold 1 | Ep   7/50 | t_loss=0.0034 t_acc=0.997 | v_win_bal=0.623 v_rec_bal=0.641 | lr=9.8e-05 | 7.3s
  Fold 1 | Ep   8/50 | t_loss=0.0039 t_acc=0.998 | v_win_bal=0.535 v_rec_bal=0.500 | lr=9.7e-05 | 7.2s
  Fold 1 | Ep   9/50 | t_loss=0.0036 t_acc=0.998 | v_win_bal=0.579 v_rec_bal=0.590 | lr=9.6e-05 | 7.3s
  Fold 1 | Ep  10/50 | t_loss=0.0040 t_acc=0.997 | v_win_bal=0.646 v_rec_bal=0.718 | lr=9.5e-05 | 7.3s
  Fold 1 | Ep  11/50 | t_loss=0.0036 t_acc=0.996 | v_win_bal=0.569 v_rec_bal=0.590 | lr=9.3e-05 | 7.3s
  Fold 1 | Ep  12/50 | t_loss=0.0053 t_acc=0.996 | v_win_bal=0.502 v_rec_bal=0.462 | lr=9.1e-05 | 7.3s
  Fold 1 | Ep  13/50 | t_loss=0.0031 t_acc=0.998 | v_win_bal=0.585 v_rec_bal=0.628 | lr=8.9e-05 | 7.2s
  Fold 1 | Ep  14/50 | t_loss=0.0048 t_acc=0.997 | v_win_bal=0.605 v_rec_bal=0.628 | lr=8.7e-05 | 7.2s
  Fold 1 | Ep  15/50 | t_loss=0.0015 t_acc=0.999 | v_win_bal=0.563 v_rec_bal=0.590 | lr=8.5e-05 | 7.2s
  Fold 1 | Ep  16/50 | t_loss=0.0062 t_acc=0.997 | v_win_bal=0.575 v_rec_bal=0.628 | lr=8.2e-05 | 7.2s
  Fold 1 | Ep  17/50 | t_loss=0.0040 t_acc=0.997 | v_win_bal=0.676 v_rec_bal=0.795 | lr=8.0e-05 | 7.2s
  Fold 1 | Ep  18/50 | t_loss=0.0010 t_acc=0.999 | v_win_bal=0.639 v_rec_bal=0.718 | lr=7.7e-05 | 7.2s
  Fold 1 | Ep  19/50 | t_loss=0.0000 t_acc=1.000 | v_win_bal=0.563 v_rec_bal=0.500 | lr=7.4e-05 | 7.2s
  Fold 1 | Ep  20/50 | t_loss=0.0000 t_acc=1.000 | v_win_bal=0.569 v_rec_bal=0.500 | lr=7.1e-05 | 7.2s
  Fold 1 | Ep  21/50 | t_loss=0.0000 t_acc=1.000 | v_win_bal=0.569 v_rec_bal=0.500 | lr=6.8e-05 | 7.2s
  Fold 1 | Ep  22/50 | t_loss=0.0000 t_acc=1.000 | v_win_bal=0.580 v_rec_bal=0.500 | lr=6.5e-05 | 7.2s
  Fold 1 | Ep  23/50 | t_loss=0.0000 t_acc=1.000 | v_win_bal=0.572 v_rec_bal=0.500 | lr=6.2e-05 | 7.2s
  Fold 1 | Ep  24/50 | t_loss=0.0000 t_acc=1.000 | v_win_bal=0.572 v_rec_bal=0.500 | lr=5.8e-05 | 7.2s
  Fold 1 | Ep  25/50 | t_loss=0.0000 t_acc=1.000 | v_win_bal=0.569 v_rec_bal=0.500 | lr=5.5e-05 | 7.2s
  Fold 1 | Ep  26/50 | t_loss=0.0000 t_acc=1.000 | v_win_bal=0.567 v_rec_bal=0.500 | lr=5.2e-05 | 7.2s
  Fold 1 | Ep  27/50 | t_loss=0.0000 t_acc=1.000 | v_win_bal=0.574 v_rec_bal=0.500 | lr=4.8e-05 | 7.2s
  Fold 1 | Ep  28/50 | t_loss=0.0000 t_acc=1.000 | v_win_bal=0.562 v_rec_bal=0.500 | lr=4.5e-05 | 7.2s
  Fold 1 | Ep  29/50 | t_loss=0.0000 t_acc=1.000 | v_win_bal=0.568 v_rec_bal=0.500 | lr=4.2e-05 | 7.2s
  Fold 1 | Ep  30/50 | t_loss=0.0000 t_acc=1.000 | v_win_bal=0.575 v_rec_bal=0.500 | lr=3.8e-05 | 7.3s
  Fold 1 | Ep  31/50 | t_loss=0.0000 t_acc=1.000 | v_win_bal=0.569 v_rec_bal=0.500 | lr=3.5e-05 | 7.2s
  Fold 1 | Ep  32/50 | t_loss=0.0000 t_acc=1.000 | v_win_bal=0.576 v_rec_bal=0.500 | lr=3.2e-05 | 7.2s
  Fold 1 | Ep  33/50 | t_loss=0.0000 t_acc=1.000 | v_win_bal=0.569 v_rec_bal=0.500 | lr=2.9e-05 | 7.2s
  Early stop at epoch 33
  -> Test (best @ epoch 17): acc=0.8000, bal_acc=0.7500

============================================================
Fold 2/5
============================================================
  Train:  40 samples, 10 subjects [1, 3, 7, 8, 9, 11, 12, 14, 16, 17], label_0=31, label_1=9
    Val:  16 samples,  4 subjects [2, 5, 6, 18], label_0=13, label_1=3
   Test:  14 samples,  3 subjects [4, 10, 13], label_0=12, label_1=2
  Building window datasets...
    WindowDataset: 5752 windows (class_0=2607, class_1=3145)
    WindowDataset: 985 windows (class_0=800, class_1=185)
    WindowDataset: 1173 windows (class_0=1052, class_1=121)
[LaBraM] Loaded 219/221 params from weights/labram-base/model.safetensors
[LaBraM] Missing: ['fc_norm.weight', 'fc_norm.bias']
  Fold 2 | Ep   1/50 | t_loss=0.1659 t_acc=0.605 | v_win_bal=0.513 v_rec_bal=0.526 | lr=3.3e-05 | 7.4s
  Fold 2 | Ep   2/50 | t_loss=0.0657 t_acc=0.906 | v_win_bal=0.560 v_rec_bal=0.551 | lr=6.7e-05 | 7.4s
  Fold 2 | Ep   3/50 | t_loss=0.0338 t_acc=0.969 | v_win_bal=0.700 v_rec_bal=0.846 | lr=1.0e-04 | 7.4s
  Fold 2 | Ep   4/50 | t_loss=0.0261 t_acc=0.976 | v_win_bal=0.736 v_rec_bal=0.718 | lr=1.0e-04 | 7.4s
  Fold 2 | Ep   5/50 | t_loss=0.0173 t_acc=0.985 | v_win_bal=0.703 v_rec_bal=0.718 | lr=1.0e-04 | 7.3s
  Fold 2 | Ep   6/50 | t_loss=0.0071 t_acc=0.995 | v_win_bal=0.695 v_rec_bal=0.679 | lr=9.9e-05 | 7.4s
  Fold 2 | Ep   7/50 | t_loss=0.0067 t_acc=0.994 | v_win_bal=0.692 v_rec_bal=0.718 | lr=9.8e-05 | 7.4s
  Fold 2 | Ep   8/50 | t_loss=0.0084 t_acc=0.993 | v_win_bal=0.536 v_rec_bal=0.462 | lr=9.7e-05 | 7.4s
  Fold 2 | Ep   9/50 | t_loss=0.0074 t_acc=0.994 | v_win_bal=0.772 v_rec_bal=0.756 | lr=9.6e-05 | 7.4s
  Fold 2 | Ep  10/50 | t_loss=0.0043 t_acc=0.997 | v_win_bal=0.703 v_rec_bal=0.756 | lr=9.5e-05 | 7.3s
  Fold 2 | Ep  11/50 | t_loss=0.0064 t_acc=0.995 | v_win_bal=0.693 v_rec_bal=0.718 | lr=9.3e-05 | 7.4s
  Fold 2 | Ep  12/50 | t_loss=0.0027 t_acc=0.998 | v_win_bal=0.724 v_rec_bal=0.756 | lr=9.1e-05 | 7.5s
  Fold 2 | Ep  13/50 | t_loss=0.0025 t_acc=0.998 | v_win_bal=0.676 v_rec_bal=0.756 | lr=8.9e-05 | 7.4s
  Fold 2 | Ep  14/50 | t_loss=0.0047 t_acc=0.997 | v_win_bal=0.720 v_rec_bal=0.718 | lr=8.7e-05 | 7.3s
  Fold 2 | Ep  15/50 | t_loss=0.0039 t_acc=0.997 | v_win_bal=0.668 v_rec_bal=0.718 | lr=8.5e-05 | 7.4s
  Fold 2 | Ep  16/50 | t_loss=0.0032 t_acc=0.997 | v_win_bal=0.696 v_rec_bal=0.718 | lr=8.2e-05 | 7.4s
  Fold 2 | Ep  17/50 | t_loss=0.0004 t_acc=1.000 | v_win_bal=0.720 v_rec_bal=0.718 | lr=8.0e-05 | 7.3s
  Fold 2 | Ep  18/50 | t_loss=0.0033 t_acc=0.998 | v_win_bal=0.702 v_rec_bal=0.756 | lr=7.7e-05 | 7.7s
  Fold 2 | Ep  19/50 | t_loss=0.0036 t_acc=0.998 | v_win_bal=0.719 v_rec_bal=0.718 | lr=7.4e-05 | 7.4s
  Fold 2 | Ep  20/50 | t_loss=0.0005 t_acc=1.000 | v_win_bal=0.707 v_rec_bal=0.718 | lr=7.1e-05 | 7.4s
  Early stop at epoch 20
  -> Test (best @ epoch 3): acc=0.5714, bal_acc=0.3333

============================================================
Fold 3/5
============================================================
  Train:  39 samples,  9 subjects [3, 4, 6, 9, 10, 11, 13, 14, 18], label_0=32, label_1=7
    Val:  15 samples,  3 subjects [1, 5, 8], label_0=11, label_1=4
   Test:  16 samples,  5 subjects [2, 7, 12, 16, 17], label_0=13, label_1=3
  Building window datasets...
    WindowDataset: 4528 windows (class_0=2837, class_1=1691)
    WindowDataset: 968 windows (class_0=712, class_1=256)
    WindowDataset: 1325 windows (class_0=910, class_1=415)
[LaBraM] Loaded 219/221 params from weights/labram-base/model.safetensors
[LaBraM] Missing: ['fc_norm.weight', 'fc_norm.bias']
  Fold 3 | Ep   1/50 | t_loss=0.1641 t_acc=0.600 | v_win_bal=0.451 v_rec_bal=0.318 | lr=3.3e-05 | 5.9s
  Fold 3 | Ep   2/50 | t_loss=0.0857 t_acc=0.862 | v_win_bal=0.424 v_rec_bal=0.409 | lr=6.7e-05 | 6.3s
  Fold 3 | Ep   3/50 | t_loss=0.0534 t_acc=0.949 | v_win_bal=0.486 v_rec_bal=0.568 | lr=1.0e-04 | 5.9s
  Fold 3 | Ep   4/50 | t_loss=0.0345 t_acc=0.967 | v_win_bal=0.495 v_rec_bal=0.534 | lr=1.0e-04 | 5.9s
  Fold 3 | Ep   5/50 | t_loss=0.0162 t_acc=0.990 | v_win_bal=0.518 v_rec_bal=0.489 | lr=1.0e-04 | 5.9s
  Fold 3 | Ep   6/50 | t_loss=0.0094 t_acc=0.991 | v_win_bal=0.459 v_rec_bal=0.455 | lr=9.9e-05 | 6.1s
  Fold 3 | Ep   7/50 | t_loss=0.0122 t_acc=0.992 | v_win_bal=0.452 v_rec_bal=0.455 | lr=9.8e-05 | 6.1s
  Fold 3 | Ep   8/50 | t_loss=0.0056 t_acc=0.996 | v_win_bal=0.478 v_rec_bal=0.489 | lr=9.7e-05 | 6.1s
  Fold 3 | Ep   9/50 | t_loss=0.0065 t_acc=0.995 | v_win_bal=0.488 v_rec_bal=0.364 | lr=9.6e-05 | 6.0s
  Fold 3 | Ep  10/50 | t_loss=0.0033 t_acc=0.998 | v_win_bal=0.512 v_rec_bal=0.489 | lr=9.5e-05 | 5.9s
  Fold 3 | Ep  11/50 | t_loss=0.0034 t_acc=0.997 | v_win_bal=0.464 v_rec_bal=0.409 | lr=9.3e-05 | 5.9s
  Fold 3 | Ep  12/50 | t_loss=0.0055 t_acc=0.997 | v_win_bal=0.454 v_rec_bal=0.364 | lr=9.1e-05 | 5.9s
  Fold 3 | Ep  13/50 | t_loss=0.0076 t_acc=0.995 | v_win_bal=0.485 v_rec_bal=0.409 | lr=8.9e-05 | 5.9s
  Fold 3 | Ep  14/50 | t_loss=0.0052 t_acc=0.996 | v_win_bal=0.443 v_rec_bal=0.409 | lr=8.7e-05 | 5.9s
  Fold 3 | Ep  15/50 | t_loss=0.0038 t_acc=0.997 | v_win_bal=0.498 v_rec_bal=0.455 | lr=8.5e-05 | 6.3s
  Fold 3 | Ep  16/50 | t_loss=0.0010 t_acc=0.999 | v_win_bal=0.548 v_rec_bal=0.580 | lr=8.2e-05 | 5.9s
  Fold 3 | Ep  17/50 | t_loss=0.0058 t_acc=0.997 | v_win_bal=0.492 v_rec_bal=0.409 | lr=8.0e-05 | 5.9s
  Fold 3 | Ep  18/50 | t_loss=0.0000 t_acc=1.000 | v_win_bal=0.518 v_rec_bal=0.409 | lr=7.7e-05 | 5.9s
  Fold 3 | Ep  19/50 | t_loss=0.0026 t_acc=0.998 | v_win_bal=0.465 v_rec_bal=0.273 | lr=7.4e-05 | 6.2s
  Fold 3 | Ep  20/50 | t_loss=0.0037 t_acc=0.998 | v_win_bal=0.489 v_rec_bal=0.364 | lr=7.1e-05 | 5.9s
  Early stop at epoch 20
  -> Test (best @ epoch 16): acc=0.8125, bal_acc=0.5000

============================================================
Fold 4/5
============================================================
  Train:  42 samples, 10 subjects [1, 4, 7, 10, 11, 12, 13, 14, 16, 17], label_0=33, label_1=9
    Val:  16 samples,  4 subjects [2, 5, 6, 18], label_0=13, label_1=3
   Test:  12 samples,  3 subjects [3, 8, 9], label_0=10, label_1=2
  Building window datasets...
    WindowDataset: 6033 windows (class_0=2908, class_1=3125)
    WindowDataset: 985 windows (class_0=800, class_1=185)
    WindowDataset: 877 windows (class_0=751, class_1=126)
[LaBraM] Loaded 219/221 params from weights/labram-base/model.safetensors
[LaBraM] Missing: ['fc_norm.weight', 'fc_norm.bias']
  Fold 4 | Ep   1/50 | t_loss=0.1463 t_acc=0.660 | v_win_bal=0.445 v_rec_bal=0.474 | lr=3.3e-05 | 7.8s
  Fold 4 | Ep   2/50 | t_loss=0.0508 t_acc=0.932 | v_win_bal=0.544 v_rec_bal=0.551 | lr=6.7e-05 | 7.7s
  Fold 4 | Ep   3/50 | t_loss=0.0350 t_acc=0.962 | v_win_bal=0.620 v_rec_bal=0.551 | lr=1.0e-04 | 7.9s
  Fold 4 | Ep   4/50 | t_loss=0.0276 t_acc=0.976 | v_win_bal=0.582 v_rec_bal=0.641 | lr=1.0e-04 | 8.0s
  Fold 4 | Ep   5/50 | t_loss=0.0194 t_acc=0.985 | v_win_bal=0.704 v_rec_bal=0.679 | lr=1.0e-04 | 7.9s
  Fold 4 | Ep   6/50 | t_loss=0.0104 t_acc=0.991 | v_win_bal=0.671 v_rec_bal=0.718 | lr=9.9e-05 | 7.7s
  Fold 4 | Ep   7/50 | t_loss=0.0058 t_acc=0.996 | v_win_bal=0.631 v_rec_bal=0.551 | lr=9.8e-05 | 7.7s
  Fold 4 | Ep   8/50 | t_loss=0.0061 t_acc=0.996 | v_win_bal=0.638 v_rec_bal=0.564 | lr=9.7e-05 | 8.1s
  Fold 4 | Ep   9/50 | t_loss=0.0047 t_acc=0.997 | v_win_bal=0.664 v_rec_bal=0.641 | lr=9.6e-05 | 7.7s
  Fold 4 | Ep  10/50 | t_loss=0.0055 t_acc=0.995 | v_win_bal=0.673 v_rec_bal=0.679 | lr=9.5e-05 | 7.7s
  Fold 4 | Ep  11/50 | t_loss=0.0060 t_acc=0.995 | v_win_bal=0.629 v_rec_bal=0.590 | lr=9.3e-05 | 7.7s
  Fold 4 | Ep  12/50 | t_loss=0.0061 t_acc=0.994 | v_win_bal=0.597 v_rec_bal=0.551 | lr=9.1e-05 | 7.7s
  Fold 4 | Ep  13/50 | t_loss=0.0053 t_acc=0.996 | v_win_bal=0.717 v_rec_bal=0.641 | lr=8.9e-05 | 8.0s
  Fold 4 | Ep  14/50 | t_loss=0.0022 t_acc=0.998 | v_win_bal=0.687 v_rec_bal=0.667 | lr=8.7e-05 | 7.7s
  Fold 4 | Ep  15/50 | t_loss=0.0051 t_acc=0.997 | v_win_bal=0.571 v_rec_bal=0.590 | lr=8.5e-05 | 8.0s
  Fold 4 | Ep  16/50 | t_loss=0.0053 t_acc=0.995 | v_win_bal=0.552 v_rec_bal=0.474 | lr=8.2e-05 | 7.7s
  Fold 4 | Ep  17/50 | t_loss=0.0018 t_acc=0.998 | v_win_bal=0.603 v_rec_bal=0.551 | lr=8.0e-05 | 7.7s
  Fold 4 | Ep  18/50 | t_loss=0.0014 t_acc=0.999 | v_win_bal=0.599 v_rec_bal=0.551 | lr=7.7e-05 | 8.0s
  Fold 4 | Ep  19/50 | t_loss=0.0040 t_acc=0.997 | v_win_bal=0.597 v_rec_bal=0.551 | lr=7.4e-05 | 7.7s
  Fold 4 | Ep  20/50 | t_loss=0.0011 t_acc=0.999 | v_win_bal=0.637 v_rec_bal=0.628 | lr=7.1e-05 | 7.7s
  Fold 4 | Ep  21/50 | t_loss=0.0012 t_acc=0.999 | v_win_bal=0.645 v_rec_bal=0.641 | lr=6.8e-05 | 7.7s
  Early stop at epoch 21
  -> Test (best @ epoch 6): acc=0.7500, bal_acc=0.4500

============================================================
Fold 5/5
============================================================
  Train:  43 samples, 10 subjects [3, 4, 6, 7, 8, 9, 12, 13, 16, 17], label_0=35, label_1=8
    Val:  14 samples,  4 subjects [2, 5, 10, 18], label_0=12, label_1=2
   Test:  13 samples,  3 subjects [1, 11, 14], label_0=9, label_1=4
  Building window datasets...
    WindowDataset: 5500 windows (class_0=2632, class_1=2868)
    WindowDataset: 950 windows (class_0=826, class_1=124)
    WindowDataset: 1253 windows (class_0=1001, class_1=252)
[LaBraM] Loaded 219/221 params from weights/labram-base/model.safetensors
[LaBraM] Missing: ['fc_norm.weight', 'fc_norm.bias']
  Fold 5 | Ep   1/50 | t_loss=0.1545 t_acc=0.639 | v_win_bal=0.484 v_rec_bal=0.417 | lr=3.3e-05 | 7.4s
  Fold 5 | Ep   2/50 | t_loss=0.0780 t_acc=0.888 | v_win_bal=0.456 v_rec_bal=0.417 | lr=6.7e-05 | 7.1s
  Fold 5 | Ep   3/50 | t_loss=0.0227 t_acc=0.976 | v_win_bal=0.484 v_rec_bal=0.500 | lr=1.0e-04 | 7.1s
  Fold 5 | Ep   4/50 | t_loss=0.0217 t_acc=0.980 | v_win_bal=0.466 v_rec_bal=0.458 | lr=1.0e-04 | 7.4s
  Fold 5 | Ep   5/50 | t_loss=0.0138 t_acc=0.990 | v_win_bal=0.492 v_rec_bal=0.500 | lr=1.0e-04 | 7.1s
  Fold 5 | Ep   6/50 | t_loss=0.0086 t_acc=0.994 | v_win_bal=0.468 v_rec_bal=0.458 | lr=9.9e-05 | 7.1s
  Fold 5 | Ep   7/50 | t_loss=0.0075 t_acc=0.994 | v_win_bal=0.485 v_rec_bal=0.500 | lr=9.8e-05 | 7.4s
  Fold 5 | Ep   8/50 | t_loss=0.0092 t_acc=0.991 | v_win_bal=0.481 v_rec_bal=0.458 | lr=9.7e-05 | 7.1s
  Fold 5 | Ep   9/50 | t_loss=0.0061 t_acc=0.995 | v_win_bal=0.453 v_rec_bal=0.458 | lr=9.6e-05 | 7.1s
  Fold 5 | Ep  10/50 | t_loss=0.0024 t_acc=0.999 | v_win_bal=0.482 v_rec_bal=0.500 | lr=9.5e-05 | 7.1s
  Fold 5 | Ep  11/50 | t_loss=0.0013 t_acc=0.999 | v_win_bal=0.488 v_rec_bal=0.500 | lr=9.3e-05 | 7.1s
  Fold 5 | Ep  12/50 | t_loss=0.0022 t_acc=0.998 | v_win_bal=0.491 v_rec_bal=0.500 | lr=9.1e-05 | 7.3s
  Fold 5 | Ep  13/50 | t_loss=0.0066 t_acc=0.995 | v_win_bal=0.440 v_rec_bal=0.417 | lr=8.9e-05 | 7.0s
  Fold 5 | Ep  14/50 | t_loss=0.0048 t_acc=0.995 | v_win_bal=0.500 v_rec_bal=0.500 | lr=8.7e-05 | 7.1s
  Fold 5 | Ep  15/50 | t_loss=0.0039 t_acc=0.997 | v_win_bal=0.480 v_rec_bal=0.500 | lr=8.5e-05 | 7.1s
  Fold 5 | Ep  16/50 | t_loss=0.0020 t_acc=0.999 | v_win_bal=0.495 v_rec_bal=0.500 | lr=8.2e-05 | 7.1s
  Fold 5 | Ep  17/50 | t_loss=0.0000 t_acc=1.000 | v_win_bal=0.495 v_rec_bal=0.500 | lr=8.0e-05 | 7.1s
  Fold 5 | Ep  18/50 | t_loss=0.0000 t_acc=1.000 | v_win_bal=0.495 v_rec_bal=0.500 | lr=7.7e-05 | 7.1s
  Fold 5 | Ep  19/50 | t_loss=0.0000 t_acc=1.000 | v_win_bal=0.495 v_rec_bal=0.500 | lr=7.4e-05 | 7.1s
  Fold 5 | Ep  20/50 | t_loss=0.0000 t_acc=1.000 | v_win_bal=0.495 v_rec_bal=0.500 | lr=7.1e-05 | 7.1s
  Fold 5 | Ep  21/50 | t_loss=0.0000 t_acc=1.000 | v_win_bal=0.495 v_rec_bal=0.500 | lr=6.8e-05 | 7.1s
  Fold 5 | Ep  22/50 | t_loss=0.0000 t_acc=1.000 | v_win_bal=0.495 v_rec_bal=0.500 | lr=6.5e-05 | 7.1s
  Fold 5 | Ep  23/50 | t_loss=0.0000 t_acc=1.000 | v_win_bal=0.495 v_rec_bal=0.500 | lr=6.2e-05 | 7.1s
  Fold 5 | Ep  24/50 | t_loss=0.0000 t_acc=1.000 | v_win_bal=0.495 v_rec_bal=0.500 | lr=5.8e-05 | 7.1s
  Fold 5 | Ep  25/50 | t_loss=0.0000 t_acc=1.000 | v_win_bal=0.495 v_rec_bal=0.500 | lr=5.5e-05 | 7.1s
  Fold 5 | Ep  26/50 | t_loss=0.0000 t_acc=1.000 | v_win_bal=0.495 v_rec_bal=0.500 | lr=5.2e-05 | 7.1s
  Fold 5 | Ep  27/50 | t_loss=0.0000 t_acc=1.000 | v_win_bal=0.495 v_rec_bal=0.500 | lr=4.8e-05 | 7.1s
  Early stop at epoch 27
  -> Test (best @ epoch 3): acc=0.6923, bal_acc=0.5000

============================================================
Global Results (5-Fold, subject-level CV)
Mode: FT | Extractor: labram | Loss: focal
============================================================
              acc: 0.7286
          bal_acc: 0.5089
               f1: 0.7049
            kappa: 0.0206
  Total predictions: 70 (should equal dataset size: 70)

Results saved to results/studies/exp27_paired_null/stress/perm_s15/
