/raid/jupyter-linjimmy1003.md10/.conda/envs/stress/lib/python3.11/site-packages/timm/models/layers/__init__.py:49: FutureWarning: Importing from timm.models.layers is deprecated, please import via timm.layers
  warnings.warn(f"Importing from {__name__} is deprecated, please import via timm.layers", FutureWarning)
Mode: FT | Extractor: labram | Folds: 5
LR: 0.0001 | WD: 0.05 | Beta2: 0.999 | Grad clip: 2.0
Head: hidden=128, dropout=0.0 | Norm: zscore | Loss: focal
Full FT: encoder_lr_scale=1.0
Augmentation: 75% overlap for increase class

Results → results/studies/exp27_paired_null/stress/perm_s3/
Dataset: 70 recordings loaded (14 increase, 56 normal)
Cache: 70 recordings ready (70 cached, 0 new)
[permute-labels] Shuffled labels with rng seed 3. Class balance preserved: 14 pos / 56 neg

============================================================
Fold 1/5
============================================================
  Train:  40 samples, 11 subjects [2, 3, 5, 6, 8, 9, 12, 14, 16, 17, 18], label_0=32, label_1=8
    Val:  16 samples,  3 subjects [4, 7, 13], label_0=12, label_1=4
   Test:  14 samples,  3 subjects [1, 10, 11], label_0=12, label_1=2
  Building window datasets...
    WindowDataset: 5381 windows (class_0=2457, class_1=2924)
    WindowDataset: 1204 windows (class_0=976, class_1=228)
    WindowDataset: 1160 windows (class_0=909, class_1=251)
[LaBraM] Loaded 219/221 params from weights/labram-base/model.safetensors
[LaBraM] Missing: ['fc_norm.weight', 'fc_norm.bias']
  Trainable parameters: 5,871,779
  Class weights: [1.0950345993041992, 0.9201436638832092]
  Fold 1 | Ep   1/50 | t_loss=0.1687 t_acc=0.578 | v_win_bal=0.517 v_rec_bal=0.500 | lr=3.3e-05 | 9.7s
  Fold 1 | Ep   2/50 | t_loss=0.0475 t_acc=0.937 | v_win_bal=0.550 v_rec_bal=0.542 | lr=6.7e-05 | 7.1s
  Fold 1 | Ep   3/50 | t_loss=0.0229 t_acc=0.978 | v_win_bal=0.565 v_rec_bal=0.625 | lr=1.0e-04 | 7.0s
  Fold 1 | Ep   4/50 | t_loss=0.0139 t_acc=0.986 | v_win_bal=0.532 v_rec_bal=0.500 | lr=1.0e-04 | 7.0s
  Fold 1 | Ep   5/50 | t_loss=0.0157 t_acc=0.986 | v_win_bal=0.476 v_rec_bal=0.458 | lr=1.0e-04 | 7.0s
  Fold 1 | Ep   6/50 | t_loss=0.0070 t_acc=0.994 | v_win_bal=0.532 v_rec_bal=0.500 | lr=9.9e-05 | 7.0s
  Fold 1 | Ep   7/50 | t_loss=0.0021 t_acc=0.998 | v_win_bal=0.498 v_rec_bal=0.458 | lr=9.8e-05 | 7.0s
  Fold 1 | Ep   8/50 | t_loss=0.0088 t_acc=0.992 | v_win_bal=0.494 v_rec_bal=0.417 | lr=9.7e-05 | 7.4s
  Fold 1 | Ep   9/50 | t_loss=0.0011 t_acc=0.999 | v_win_bal=0.496 v_rec_bal=0.458 | lr=9.6e-05 | 7.0s
  Fold 1 | Ep  10/50 | t_loss=0.0052 t_acc=0.995 | v_win_bal=0.541 v_rec_bal=0.500 | lr=9.5e-05 | 7.0s
  Fold 1 | Ep  11/50 | t_loss=0.0032 t_acc=0.998 | v_win_bal=0.493 v_rec_bal=0.458 | lr=9.3e-05 | 7.0s
  Fold 1 | Ep  12/50 | t_loss=0.0034 t_acc=0.997 | v_win_bal=0.507 v_rec_bal=0.583 | lr=9.1e-05 | 7.0s
  Fold 1 | Ep  13/50 | t_loss=0.0032 t_acc=0.997 | v_win_bal=0.502 v_rec_bal=0.458 | lr=8.9e-05 | 7.0s
  Fold 1 | Ep  14/50 | t_loss=0.0002 t_acc=1.000 | v_win_bal=0.552 v_rec_bal=0.542 | lr=8.7e-05 | 7.0s
  Fold 1 | Ep  15/50 | t_loss=0.0004 t_acc=0.999 | v_win_bal=0.477 v_rec_bal=0.458 | lr=8.5e-05 | 7.0s
  Fold 1 | Ep  16/50 | t_loss=0.0042 t_acc=0.996 | v_win_bal=0.544 v_rec_bal=0.542 | lr=8.2e-05 | 7.0s
  Fold 1 | Ep  17/50 | t_loss=0.0032 t_acc=0.998 | v_win_bal=0.506 v_rec_bal=0.542 | lr=8.0e-05 | 7.0s
  Fold 1 | Ep  18/50 | t_loss=0.0013 t_acc=0.999 | v_win_bal=0.497 v_rec_bal=0.458 | lr=7.7e-05 | 7.4s
  Early stop at epoch 18
  -> Test (best @ epoch 3): acc=0.6429, bal_acc=0.3750

============================================================
Fold 2/5
============================================================
  Train:  40 samples, 11 subjects [1, 2, 3, 5, 6, 8, 10, 14, 16, 17, 18], label_0=33, label_1=7
    Val:  14 samples,  3 subjects [9, 11, 12], label_0=11, label_1=3
   Test:  16 samples,  3 subjects [4, 7, 13], label_0=12, label_1=4
  Building window datasets...
    WindowDataset: 4496 windows (class_0=2233, class_1=2263)
    WindowDataset: 1550 windows (class_0=1133, class_1=417)
    WindowDataset: 1204 windows (class_0=976, class_1=228)
[LaBraM] Loaded 219/221 params from weights/labram-base/model.safetensors
[LaBraM] Missing: ['fc_norm.weight', 'fc_norm.bias']
  Fold 2 | Ep   1/50 | t_loss=0.1690 t_acc=0.575 | v_win_bal=0.340 v_rec_bal=0.182 | lr=3.3e-05 | 6.2s
  Fold 2 | Ep   2/50 | t_loss=0.0831 t_acc=0.845 | v_win_bal=0.499 v_rec_bal=0.500 | lr=6.7e-05 | 6.3s
  Fold 2 | Ep   3/50 | t_loss=0.0260 t_acc=0.968 | v_win_bal=0.558 v_rec_bal=0.530 | lr=1.0e-04 | 6.3s
  Fold 2 | Ep   4/50 | t_loss=0.0173 t_acc=0.981 | v_win_bal=0.591 v_rec_bal=0.621 | lr=1.0e-04 | 6.3s
  Fold 2 | Ep   5/50 | t_loss=0.0056 t_acc=0.996 | v_win_bal=0.553 v_rec_bal=0.530 | lr=1.0e-04 | 6.3s
  Fold 2 | Ep   6/50 | t_loss=0.0081 t_acc=0.992 | v_win_bal=0.518 v_rec_bal=0.500 | lr=9.9e-05 | 6.3s
  Fold 2 | Ep   7/50 | t_loss=0.0047 t_acc=0.995 | v_win_bal=0.603 v_rec_bal=0.576 | lr=9.8e-05 | 6.3s
  Fold 2 | Ep   8/50 | t_loss=0.0099 t_acc=0.991 | v_win_bal=0.472 v_rec_bal=0.409 | lr=9.7e-05 | 6.3s
  Fold 2 | Ep   9/50 | t_loss=0.0071 t_acc=0.995 | v_win_bal=0.643 v_rec_bal=0.621 | lr=9.6e-05 | 6.3s
  Fold 2 | Ep  10/50 | t_loss=0.0016 t_acc=0.999 | v_win_bal=0.477 v_rec_bal=0.364 | lr=9.5e-05 | 6.3s
  Fold 2 | Ep  11/50 | t_loss=0.0023 t_acc=0.998 | v_win_bal=0.624 v_rec_bal=0.621 | lr=9.3e-05 | 6.2s
  Fold 2 | Ep  12/50 | t_loss=0.0028 t_acc=0.998 | v_win_bal=0.535 v_rec_bal=0.455 | lr=9.1e-05 | 6.6s
  Fold 2 | Ep  13/50 | t_loss=0.0018 t_acc=0.998 | v_win_bal=0.662 v_rec_bal=0.621 | lr=8.9e-05 | 6.3s
  Fold 2 | Ep  14/50 | t_loss=0.0013 t_acc=0.999 | v_win_bal=0.549 v_rec_bal=0.621 | lr=8.7e-05 | 6.3s
  Fold 2 | Ep  15/50 | t_loss=0.0059 t_acc=0.996 | v_win_bal=0.559 v_rec_bal=0.530 | lr=8.5e-05 | 6.3s
  Fold 2 | Ep  16/50 | t_loss=0.0015 t_acc=0.999 | v_win_bal=0.623 v_rec_bal=0.621 | lr=8.2e-05 | 6.3s
  Fold 2 | Ep  17/50 | t_loss=0.0000 t_acc=1.000 | v_win_bal=0.631 v_rec_bal=0.621 | lr=8.0e-05 | 6.2s
  Fold 2 | Ep  18/50 | t_loss=0.0000 t_acc=1.000 | v_win_bal=0.632 v_rec_bal=0.621 | lr=7.7e-05 | 6.2s
  Fold 2 | Ep  19/50 | t_loss=0.0000 t_acc=1.000 | v_win_bal=0.632 v_rec_bal=0.621 | lr=7.4e-05 | 6.3s
  Fold 2 | Ep  20/50 | t_loss=0.0000 t_acc=1.000 | v_win_bal=0.633 v_rec_bal=0.621 | lr=7.1e-05 | 6.3s
  Fold 2 | Ep  21/50 | t_loss=0.0000 t_acc=1.000 | v_win_bal=0.630 v_rec_bal=0.621 | lr=6.8e-05 | 6.2s
  Fold 2 | Ep  22/50 | t_loss=0.0000 t_acc=1.000 | v_win_bal=0.632 v_rec_bal=0.621 | lr=6.5e-05 | 6.4s
  Fold 2 | Ep  23/50 | t_loss=0.0000 t_acc=1.000 | v_win_bal=0.630 v_rec_bal=0.621 | lr=6.2e-05 | 7.1s
  Fold 2 | Ep  24/50 | t_loss=0.0000 t_acc=1.000 | v_win_bal=0.628 v_rec_bal=0.621 | lr=5.8e-05 | 6.7s
  Fold 2 | Ep  25/50 | t_loss=0.0000 t_acc=1.000 | v_win_bal=0.628 v_rec_bal=0.621 | lr=5.5e-05 | 6.6s
  Fold 2 | Ep  26/50 | t_loss=0.0000 t_acc=1.000 | v_win_bal=0.628 v_rec_bal=0.621 | lr=5.2e-05 | 6.6s
  Fold 2 | Ep  27/50 | t_loss=0.0000 t_acc=1.000 | v_win_bal=0.626 v_rec_bal=0.667 | lr=4.8e-05 | 6.6s
  Fold 2 | Ep  28/50 | t_loss=0.0000 t_acc=1.000 | v_win_bal=0.629 v_rec_bal=0.667 | lr=4.5e-05 | 6.6s
  Fold 2 | Ep  29/50 | t_loss=0.0000 t_acc=1.000 | v_win_bal=0.628 v_rec_bal=0.667 | lr=4.2e-05 | 6.6s
  Fold 2 | Ep  30/50 | t_loss=0.0000 t_acc=1.000 | v_win_bal=0.625 v_rec_bal=0.667 | lr=3.8e-05 | 6.6s
  Fold 2 | Ep  31/50 | t_loss=0.0000 t_acc=1.000 | v_win_bal=0.624 v_rec_bal=0.667 | lr=3.5e-05 | 6.6s
  Fold 2 | Ep  32/50 | t_loss=0.0000 t_acc=1.000 | v_win_bal=0.628 v_rec_bal=0.667 | lr=3.2e-05 | 7.0s
  Fold 2 | Ep  33/50 | t_loss=0.0000 t_acc=1.000 | v_win_bal=0.629 v_rec_bal=0.667 | lr=2.9e-05 | 6.6s
  Fold 2 | Ep  34/50 | t_loss=0.0000 t_acc=1.000 | v_win_bal=0.627 v_rec_bal=0.667 | lr=2.6e-05 | 6.5s
  Fold 2 | Ep  35/50 | t_loss=0.0000 t_acc=1.000 | v_win_bal=0.627 v_rec_bal=0.667 | lr=2.3e-05 | 6.6s
  Fold 2 | Ep  36/50 | t_loss=0.0000 t_acc=1.000 | v_win_bal=0.623 v_rec_bal=0.667 | lr=2.0e-05 | 6.4s
  Fold 2 | Ep  37/50 | t_loss=0.0000 t_acc=1.000 | v_win_bal=0.626 v_rec_bal=0.667 | lr=1.8e-05 | 6.3s
  Fold 2 | Ep  38/50 | t_loss=0.0000 t_acc=1.000 | v_win_bal=0.622 v_rec_bal=0.667 | lr=1.5e-05 | 6.3s
  Fold 2 | Ep  39/50 | t_loss=0.0000 t_acc=1.000 | v_win_bal=0.618 v_rec_bal=0.667 | lr=1.3e-05 | 6.4s
  Fold 2 | Ep  40/50 | t_loss=0.0000 t_acc=1.000 | v_win_bal=0.621 v_rec_bal=0.667 | lr=1.1e-05 | 6.6s
  Fold 2 | Ep  41/50 | t_loss=0.0000 t_acc=1.000 | v_win_bal=0.622 v_rec_bal=0.667 | lr=8.8e-06 | 6.3s
  Fold 2 | Ep  42/50 | t_loss=0.0000 t_acc=1.000 | v_win_bal=0.627 v_rec_bal=0.667 | lr=7.0e-06 | 6.3s
  Fold 2 | Ep  43/50 | t_loss=0.0000 t_acc=1.000 | v_win_bal=0.625 v_rec_bal=0.667 | lr=5.4e-06 | 6.3s
  Fold 2 | Ep  44/50 | t_loss=0.0000 t_acc=1.000 | v_win_bal=0.624 v_rec_bal=0.667 | lr=4.0e-06 | 6.3s
  Early stop at epoch 44
  -> Test (best @ epoch 27): acc=0.7500, bal_acc=0.5000

============================================================
Fold 3/5
============================================================
  Train:  39 samples, 11 subjects [1, 2, 3, 4, 5, 9, 10, 14, 16, 17, 18], label_0=31, label_1=8
    Val:  16 samples,  3 subjects [7, 11, 13], label_0=12, label_1=4
   Test:  15 samples,  3 subjects [6, 8, 12], label_0=13, label_1=2
  Building window datasets...
    WindowDataset: 5071 windows (class_0=2099, class_1=2972)
    WindowDataset: 1415 windows (class_0=1187, class_1=228)
    WindowDataset: 1295 windows (class_0=1056, class_1=239)
[LaBraM] Loaded 219/221 params from weights/labram-base/model.safetensors
[LaBraM] Missing: ['fc_norm.weight', 'fc_norm.bias']
  Fold 3 | Ep   1/50 | t_loss=0.1579 t_acc=0.645 | v_win_bal=0.497 v_rec_bal=0.500 | lr=3.3e-05 | 6.9s
  Fold 3 | Ep   2/50 | t_loss=0.0643 t_acc=0.905 | v_win_bal=0.372 v_rec_bal=0.333 | lr=6.7e-05 | 6.9s
  Fold 3 | Ep   3/50 | t_loss=0.0288 t_acc=0.975 | v_win_bal=0.409 v_rec_bal=0.458 | lr=1.0e-04 | 7.2s
  Fold 3 | Ep   4/50 | t_loss=0.0196 t_acc=0.984 | v_win_bal=0.414 v_rec_bal=0.375 | lr=1.0e-04 | 7.1s
  Fold 3 | Ep   5/50 | t_loss=0.0097 t_acc=0.992 | v_win_bal=0.406 v_rec_bal=0.375 | lr=1.0e-04 | 6.9s
  Fold 3 | Ep   6/50 | t_loss=0.0136 t_acc=0.992 | v_win_bal=0.329 v_rec_bal=0.250 | lr=9.9e-05 | 6.9s
  Fold 3 | Ep   7/50 | t_loss=0.0063 t_acc=0.995 | v_win_bal=0.356 v_rec_bal=0.292 | lr=9.8e-05 | 6.9s
  Fold 3 | Ep   8/50 | t_loss=0.0029 t_acc=0.998 | v_win_bal=0.418 v_rec_bal=0.500 | lr=9.7e-05 | 6.9s
  Fold 3 | Ep   9/50 | t_loss=0.0093 t_acc=0.993 | v_win_bal=0.472 v_rec_bal=0.458 | lr=9.6e-05 | 6.9s
  Fold 3 | Ep  10/50 | t_loss=0.0050 t_acc=0.996 | v_win_bal=0.355 v_rec_bal=0.333 | lr=9.5e-05 | 7.2s
  Fold 3 | Ep  11/50 | t_loss=0.0053 t_acc=0.996 | v_win_bal=0.385 v_rec_bal=0.417 | lr=9.3e-05 | 6.9s
  Fold 3 | Ep  12/50 | t_loss=0.0014 t_acc=0.999 | v_win_bal=0.430 v_rec_bal=0.417 | lr=9.1e-05 | 7.3s
  Fold 3 | Ep  13/50 | t_loss=0.0000 t_acc=1.000 | v_win_bal=0.439 v_rec_bal=0.417 | lr=8.9e-05 | 6.9s
  Fold 3 | Ep  14/50 | t_loss=0.0000 t_acc=1.000 | v_win_bal=0.435 v_rec_bal=0.417 | lr=8.7e-05 | 7.3s
  Fold 3 | Ep  15/50 | t_loss=0.0000 t_acc=1.000 | v_win_bal=0.432 v_rec_bal=0.417 | lr=8.5e-05 | 6.9s
  Fold 3 | Ep  16/50 | t_loss=0.0000 t_acc=1.000 | v_win_bal=0.440 v_rec_bal=0.542 | lr=8.2e-05 | 6.9s
  Early stop at epoch 16
  -> Test (best @ epoch 16): acc=0.8667, bal_acc=0.5000

============================================================
Fold 4/5
============================================================
  Train:  41 samples, 10 subjects [1, 2, 4, 5, 6, 8, 9, 10, 12, 17], label_0=34, label_1=7
    Val:  16 samples,  3 subjects [7, 11, 13], label_0=12, label_1=4
   Test:  13 samples,  4 subjects [3, 14, 16, 18], label_0=10, label_1=3
  Building window datasets...
    WindowDataset: 5492 windows (class_0=2305, class_1=3187)
    WindowDataset: 1415 windows (class_0=1187, class_1=228)
    WindowDataset: 1036 windows (class_0=850, class_1=186)
[LaBraM] Loaded 219/221 params from weights/labram-base/model.safetensors
[LaBraM] Missing: ['fc_norm.weight', 'fc_norm.bias']
  Fold 4 | Ep   1/50 | t_loss=0.1589 t_acc=0.616 | v_win_bal=0.421 v_rec_bal=0.375 | lr=3.3e-05 | 7.4s
  Fold 4 | Ep   2/50 | t_loss=0.0433 t_acc=0.946 | v_win_bal=0.497 v_rec_bal=0.500 | lr=6.7e-05 | 7.4s
  Fold 4 | Ep   3/50 | t_loss=0.0334 t_acc=0.974 | v_win_bal=0.508 v_rec_bal=0.458 | lr=1.0e-04 | 7.5s
  Fold 4 | Ep   4/50 | t_loss=0.0161 t_acc=0.984 | v_win_bal=0.493 v_rec_bal=0.417 | lr=1.0e-04 | 8.1s
  Fold 4 | Ep   5/50 | t_loss=0.0122 t_acc=0.990 | v_win_bal=0.516 v_rec_bal=0.458 | lr=1.0e-04 | 7.7s
  Fold 4 | Ep   6/50 | t_loss=0.0043 t_acc=0.997 | v_win_bal=0.561 v_rec_bal=0.458 | lr=9.9e-05 | 7.4s
  Fold 4 | Ep   7/50 | t_loss=0.0063 t_acc=0.996 | v_win_bal=0.429 v_rec_bal=0.375 | lr=9.8e-05 | 7.4s
  Fold 4 | Ep   8/50 | t_loss=0.0059 t_acc=0.996 | v_win_bal=0.539 v_rec_bal=0.500 | lr=9.7e-05 | 7.3s
  Fold 4 | Ep   9/50 | t_loss=0.0049 t_acc=0.996 | v_win_bal=0.418 v_rec_bal=0.333 | lr=9.6e-05 | 7.3s
  Fold 4 | Ep  10/50 | t_loss=0.0041 t_acc=0.997 | v_win_bal=0.474 v_rec_bal=0.500 | lr=9.5e-05 | 7.7s
  Fold 4 | Ep  11/50 | t_loss=0.0041 t_acc=0.997 | v_win_bal=0.425 v_rec_bal=0.458 | lr=9.3e-05 | 7.4s
  Fold 4 | Ep  12/50 | t_loss=0.0000 t_acc=1.000 | v_win_bal=0.514 v_rec_bal=0.583 | lr=9.1e-05 | 7.4s
  Fold 4 | Ep  13/50 | t_loss=0.0062 t_acc=0.995 | v_win_bal=0.498 v_rec_bal=0.458 | lr=8.9e-05 | 7.8s
  Fold 4 | Ep  14/50 | t_loss=0.0030 t_acc=0.998 | v_win_bal=0.660 v_rec_bal=0.625 | lr=8.7e-05 | 7.8s
  Fold 4 | Ep  15/50 | t_loss=0.0009 t_acc=0.999 | v_win_bal=0.497 v_rec_bal=0.458 | lr=8.5e-05 | 7.5s
  Fold 4 | Ep  16/50 | t_loss=0.0026 t_acc=0.998 | v_win_bal=0.409 v_rec_bal=0.333 | lr=8.2e-05 | 7.5s
  Fold 4 | Ep  17/50 | t_loss=0.0020 t_acc=0.999 | v_win_bal=0.555 v_rec_bal=0.500 | lr=8.0e-05 | 7.5s
  Fold 4 | Ep  18/50 | t_loss=0.0000 t_acc=1.000 | v_win_bal=0.597 v_rec_bal=0.708 | lr=7.7e-05 | 7.5s
  Fold 4 | Ep  19/50 | t_loss=0.0000 t_acc=1.000 | v_win_bal=0.598 v_rec_bal=0.708 | lr=7.4e-05 | 7.5s
  Fold 4 | Ep  20/50 | t_loss=0.0000 t_acc=1.000 | v_win_bal=0.591 v_rec_bal=0.667 | lr=7.1e-05 | 7.5s
  Fold 4 | Ep  21/50 | t_loss=0.0000 t_acc=1.000 | v_win_bal=0.595 v_rec_bal=0.708 | lr=6.8e-05 | 7.4s
  Fold 4 | Ep  22/50 | t_loss=0.0000 t_acc=1.000 | v_win_bal=0.594 v_rec_bal=0.667 | lr=6.5e-05 | 7.9s
  Fold 4 | Ep  23/50 | t_loss=0.0000 t_acc=1.000 | v_win_bal=0.588 v_rec_bal=0.708 | lr=6.2e-05 | 7.8s
  Fold 4 | Ep  24/50 | t_loss=0.0000 t_acc=1.000 | v_win_bal=0.591 v_rec_bal=0.667 | lr=5.8e-05 | 7.4s
  Fold 4 | Ep  25/50 | t_loss=0.0000 t_acc=1.000 | v_win_bal=0.592 v_rec_bal=0.708 | lr=5.5e-05 | 7.4s
  Fold 4 | Ep  26/50 | t_loss=0.0000 t_acc=1.000 | v_win_bal=0.593 v_rec_bal=0.667 | lr=5.2e-05 | 7.4s
  Fold 4 | Ep  27/50 | t_loss=0.0000 t_acc=1.000 | v_win_bal=0.592 v_rec_bal=0.708 | lr=4.8e-05 | 7.4s
  Fold 4 | Ep  28/50 | t_loss=0.0000 t_acc=1.000 | v_win_bal=0.591 v_rec_bal=0.708 | lr=4.5e-05 | 7.4s
  Fold 4 | Ep  29/50 | t_loss=0.0000 t_acc=1.000 | v_win_bal=0.592 v_rec_bal=0.667 | lr=4.2e-05 | 8.2s
  Fold 4 | Ep  30/50 | t_loss=0.0000 t_acc=1.000 | v_win_bal=0.593 v_rec_bal=0.667 | lr=3.8e-05 | 7.8s
  Fold 4 | Ep  31/50 | t_loss=0.0000 t_acc=1.000 | v_win_bal=0.593 v_rec_bal=0.667 | lr=3.5e-05 | 7.8s
  Fold 4 | Ep  32/50 | t_loss=0.0000 t_acc=1.000 | v_win_bal=0.595 v_rec_bal=0.667 | lr=3.2e-05 | 8.1s
  Fold 4 | Ep  33/50 | t_loss=0.0000 t_acc=1.000 | v_win_bal=0.595 v_rec_bal=0.667 | lr=2.9e-05 | 7.6s
  Fold 4 | Ep  34/50 | t_loss=0.0000 t_acc=1.000 | v_win_bal=0.589 v_rec_bal=0.667 | lr=2.6e-05 | 7.4s
  Fold 4 | Ep  35/50 | t_loss=0.0000 t_acc=1.000 | v_win_bal=0.601 v_rec_bal=0.667 | lr=2.3e-05 | 7.4s
  Early stop at epoch 35
  -> Test (best @ epoch 18): acc=0.6923, bal_acc=0.4500

============================================================
Fold 5/5
============================================================
  Train:  42 samples, 10 subjects [3, 6, 8, 10, 11, 12, 13, 14, 16, 18], label_0=35, label_1=7
    Val:  16 samples,  3 subjects [1, 4, 7], label_0=12, label_1=4
   Test:  12 samples,  4 subjects [2, 5, 9, 17], label_0=9, label_1=3
  Building window datasets...
    WindowDataset: 5719 windows (class_0=3040, class_1=2679)
    WindowDataset: 980 windows (class_0=751, class_1=229)
    WindowDataset: 863 windows (class_0=551, class_1=312)
[LaBraM] Loaded 219/221 params from weights/labram-base/model.safetensors
[LaBraM] Missing: ['fc_norm.weight', 'fc_norm.bias']
  Fold 5 | Ep   1/50 | t_loss=0.1651 t_acc=0.579 | v_win_bal=0.560 v_rec_bal=0.583 | lr=3.3e-05 | 7.8s
  Fold 5 | Ep   2/50 | t_loss=0.0855 t_acc=0.854 | v_win_bal=0.463 v_rec_bal=0.458 | lr=6.7e-05 | 7.3s
  Fold 5 | Ep   3/50 | t_loss=0.0322 t_acc=0.971 | v_win_bal=0.368 v_rec_bal=0.375 | lr=1.0e-04 | 7.7s
  Fold 5 | Ep   4/50 | t_loss=0.0228 t_acc=0.978 | v_win_bal=0.505 v_rec_bal=0.542 | lr=1.0e-04 | 7.3s
  Fold 5 | Ep   5/50 | t_loss=0.0101 t_acc=0.991 | v_win_bal=0.514 v_rec_bal=0.542 | lr=1.0e-04 | 7.3s
  Fold 5 | Ep   6/50 | t_loss=0.0090 t_acc=0.992 | v_win_bal=0.519 v_rec_bal=0.583 | lr=9.9e-05 | 7.3s
  Fold 5 | Ep   7/50 | t_loss=0.0074 t_acc=0.994 | v_win_bal=0.474 v_rec_bal=0.458 | lr=9.8e-05 | 7.3s
  Fold 5 | Ep   8/50 | t_loss=0.0063 t_acc=0.993 | v_win_bal=0.509 v_rec_bal=0.458 | lr=9.7e-05 | 7.3s
  Fold 5 | Ep   9/50 | t_loss=0.0050 t_acc=0.996 | v_win_bal=0.524 v_rec_bal=0.458 | lr=9.6e-05 | 7.3s
  Fold 5 | Ep  10/50 | t_loss=0.0023 t_acc=0.998 | v_win_bal=0.477 v_rec_bal=0.417 | lr=9.5e-05 | 8.0s
  Fold 5 | Ep  11/50 | t_loss=0.0040 t_acc=0.997 | v_win_bal=0.497 v_rec_bal=0.542 | lr=9.3e-05 | 7.3s
  Fold 5 | Ep  12/50 | t_loss=0.0030 t_acc=0.998 | v_win_bal=0.546 v_rec_bal=0.583 | lr=9.1e-05 | 7.3s
  Fold 5 | Ep  13/50 | t_loss=0.0027 t_acc=0.998 | v_win_bal=0.497 v_rec_bal=0.583 | lr=8.9e-05 | 7.3s
  Fold 5 | Ep  14/50 | t_loss=0.0043 t_acc=0.995 | v_win_bal=0.471 v_rec_bal=0.458 | lr=8.7e-05 | 7.6s
  Fold 5 | Ep  15/50 | t_loss=0.0026 t_acc=0.998 | v_win_bal=0.557 v_rec_bal=0.583 | lr=8.5e-05 | 7.3s
  Fold 5 | Ep  16/50 | t_loss=0.0038 t_acc=0.997 | v_win_bal=0.514 v_rec_bal=0.583 | lr=8.2e-05 | 7.3s
  Early stop at epoch 16
  -> Test (best @ epoch 1): acc=0.6667, bal_acc=0.4444

============================================================
Global Results (5-Fold, subject-level CV)
Mode: FT | Extractor: labram | Loss: focal
============================================================
              acc: 0.7286
          bal_acc: 0.4554
               f1: 0.6744
            kappa: -0.1176
  Total predictions: 70 (should equal dataset size: 70)

Results saved to results/studies/exp27_paired_null/stress/perm_s3/
