/raid/jupyter-linjimmy1003.md10/.conda/envs/stress/lib/python3.11/site-packages/timm/models/layers/__init__.py:49: FutureWarning: Importing from timm.models.layers is deprecated, please import via timm.layers
  warnings.warn(f"Importing from {__name__} is deprecated, please import via timm.layers", FutureWarning)
Mode: FT | Extractor: labram | Folds: 5
LR: 0.0001 | WD: 0.05 | Beta2: 0.999 | Grad clip: 2.0
Head: hidden=128, dropout=0.0 | Norm: zscore | Loss: focal
Full FT: encoder_lr_scale=1.0
Augmentation: 75% overlap for increase class

Results → results/studies/exp27_paired_null/stress/perm_s14/
Dataset: 70 recordings loaded (14 increase, 56 normal)
Cache: 70 recordings ready (70 cached, 0 new)
[permute-labels] Shuffled labels with rng seed 14. Class balance preserved: 14 pos / 56 neg

============================================================
Fold 1/5
============================================================
  Train:  37 samples, 10 subjects [2, 4, 5, 6, 9, 10, 11, 16, 17, 18], label_0=29, label_1=8
    Val:  19 samples,  4 subjects [1, 7, 8, 13], label_0=16, label_1=3
   Test:  14 samples,  3 subjects [3, 12, 14], label_0=11, label_1=3
  Building window datasets...
    WindowDataset: 4085 windows (class_0=2209, class_1=1876)
    WindowDataset: 1419 windows (class_0=1233, class_1=186)
    WindowDataset: 1455 windows (class_0=1276, class_1=179)
[LaBraM] Loaded 219/221 params from weights/labram-base/model.safetensors
[LaBraM] Missing: ['fc_norm.weight', 'fc_norm.bias']
  Trainable parameters: 5,871,779
  Class weights: [0.9246265292167664, 1.0887526273727417]
  Fold 1 | Ep   1/50 | t_loss=0.1742 t_acc=0.544 | v_win_bal=0.494 v_rec_bal=0.500 | lr=3.3e-05 | 7.9s
  Fold 1 | Ep   2/50 | t_loss=0.1276 t_acc=0.781 | v_win_bal=0.558 v_rec_bal=0.510 | lr=6.7e-05 | 5.7s
  Fold 1 | Ep   3/50 | t_loss=0.0508 t_acc=0.947 | v_win_bal=0.486 v_rec_bal=0.542 | lr=1.0e-04 | 5.7s
  Fold 1 | Ep   4/50 | t_loss=0.0172 t_acc=0.982 | v_win_bal=0.465 v_rec_bal=0.438 | lr=1.0e-04 | 5.7s
  Fold 1 | Ep   5/50 | t_loss=0.0243 t_acc=0.978 | v_win_bal=0.492 v_rec_bal=0.469 | lr=1.0e-04 | 5.6s
  Fold 1 | Ep   6/50 | t_loss=0.0062 t_acc=0.995 | v_win_bal=0.467 v_rec_bal=0.604 | lr=9.9e-05 | 5.7s
  Fold 1 | Ep   7/50 | t_loss=0.0123 t_acc=0.990 | v_win_bal=0.490 v_rec_bal=0.604 | lr=9.8e-05 | 5.7s
  Fold 1 | Ep   8/50 | t_loss=0.0032 t_acc=0.997 | v_win_bal=0.433 v_rec_bal=0.438 | lr=9.7e-05 | 5.7s
  Fold 1 | Ep   9/50 | t_loss=0.0032 t_acc=0.997 | v_win_bal=0.466 v_rec_bal=0.469 | lr=9.6e-05 | 5.6s
  Fold 1 | Ep  10/50 | t_loss=0.0003 t_acc=1.000 | v_win_bal=0.493 v_rec_bal=0.469 | lr=9.5e-05 | 5.6s
  Fold 1 | Ep  11/50 | t_loss=0.0044 t_acc=0.997 | v_win_bal=0.488 v_rec_bal=0.438 | lr=9.3e-05 | 5.6s
  Fold 1 | Ep  12/50 | t_loss=0.0044 t_acc=0.997 | v_win_bal=0.400 v_rec_bal=0.438 | lr=9.1e-05 | 5.7s
  Fold 1 | Ep  13/50 | t_loss=0.0050 t_acc=0.995 | v_win_bal=0.429 v_rec_bal=0.469 | lr=8.9e-05 | 5.6s
  Fold 1 | Ep  14/50 | t_loss=0.0046 t_acc=0.996 | v_win_bal=0.443 v_rec_bal=0.438 | lr=8.7e-05 | 5.7s
  Fold 1 | Ep  15/50 | t_loss=0.0029 t_acc=0.998 | v_win_bal=0.413 v_rec_bal=0.438 | lr=8.5e-05 | 5.7s
  Fold 1 | Ep  16/50 | t_loss=0.0033 t_acc=0.998 | v_win_bal=0.409 v_rec_bal=0.438 | lr=8.2e-05 | 5.8s
  Fold 1 | Ep  17/50 | t_loss=0.0036 t_acc=0.997 | v_win_bal=0.445 v_rec_bal=0.438 | lr=8.0e-05 | 5.8s
  Fold 1 | Ep  18/50 | t_loss=0.0047 t_acc=0.996 | v_win_bal=0.437 v_rec_bal=0.469 | lr=7.7e-05 | 5.8s
  Fold 1 | Ep  19/50 | t_loss=0.0021 t_acc=0.998 | v_win_bal=0.451 v_rec_bal=0.469 | lr=7.4e-05 | 5.8s
  Fold 1 | Ep  20/50 | t_loss=0.0004 t_acc=1.000 | v_win_bal=0.479 v_rec_bal=0.469 | lr=7.1e-05 | 5.8s
  Fold 1 | Ep  21/50 | t_loss=0.0000 t_acc=1.000 | v_win_bal=0.458 v_rec_bal=0.469 | lr=6.8e-05 | 5.8s
  Fold 1 | Ep  22/50 | t_loss=0.0000 t_acc=1.000 | v_win_bal=0.458 v_rec_bal=0.469 | lr=6.5e-05 | 5.8s
  Early stop at epoch 22
  -> Test (best @ epoch 6): acc=0.7857, bal_acc=0.6212

============================================================
Fold 2/5
============================================================
  Train:  39 samples,  9 subjects [3, 4, 5, 6, 9, 12, 13, 14, 16], label_0=30, label_1=9
    Val:  17 samples,  4 subjects [1, 7, 8, 17], label_0=15, label_1=2
   Test:  14 samples,  4 subjects [2, 10, 11, 18], label_0=11, label_1=3
  Building window datasets...
    WindowDataset: 4996 windows (class_0=2787, class_1=2209)
    WindowDataset: 1064 windows (class_0=939, class_1=125)
    WindowDataset: 1148 windows (class_0=992, class_1=156)
[LaBraM] Loaded 219/221 params from weights/labram-base/model.safetensors
[LaBraM] Missing: ['fc_norm.weight', 'fc_norm.bias']
  Fold 2 | Ep   1/50 | t_loss=0.1674 t_acc=0.571 | v_win_bal=0.482 v_rec_bal=0.500 | lr=3.3e-05 | 6.8s
  Fold 2 | Ep   2/50 | t_loss=0.0637 t_acc=0.898 | v_win_bal=0.437 v_rec_bal=0.467 | lr=6.7e-05 | 6.8s
  Fold 2 | Ep   3/50 | t_loss=0.0335 t_acc=0.962 | v_win_bal=0.442 v_rec_bal=0.433 | lr=1.0e-04 | 6.8s
  Fold 2 | Ep   4/50 | t_loss=0.0242 t_acc=0.979 | v_win_bal=0.375 v_rec_bal=0.400 | lr=1.0e-04 | 6.8s
  Fold 2 | Ep   5/50 | t_loss=0.0168 t_acc=0.985 | v_win_bal=0.433 v_rec_bal=0.433 | lr=1.0e-04 | 6.8s
  Fold 2 | Ep   6/50 | t_loss=0.0048 t_acc=0.997 | v_win_bal=0.407 v_rec_bal=0.433 | lr=9.9e-05 | 6.8s
  Fold 2 | Ep   7/50 | t_loss=0.0093 t_acc=0.992 | v_win_bal=0.374 v_rec_bal=0.367 | lr=9.8e-05 | 6.9s
  Fold 2 | Ep   8/50 | t_loss=0.0058 t_acc=0.995 | v_win_bal=0.448 v_rec_bal=0.433 | lr=9.7e-05 | 6.8s
  Fold 2 | Ep   9/50 | t_loss=0.0051 t_acc=0.996 | v_win_bal=0.459 v_rec_bal=0.500 | lr=9.6e-05 | 6.8s
  Fold 2 | Ep  10/50 | t_loss=0.0092 t_acc=0.992 | v_win_bal=0.464 v_rec_bal=0.467 | lr=9.5e-05 | 6.8s
  Fold 2 | Ep  11/50 | t_loss=0.0065 t_acc=0.995 | v_win_bal=0.368 v_rec_bal=0.400 | lr=9.3e-05 | 6.8s
  Fold 2 | Ep  12/50 | t_loss=0.0031 t_acc=0.998 | v_win_bal=0.420 v_rec_bal=0.467 | lr=9.1e-05 | 6.8s
  Fold 2 | Ep  13/50 | t_loss=0.0007 t_acc=1.000 | v_win_bal=0.421 v_rec_bal=0.433 | lr=8.9e-05 | 6.8s
  Fold 2 | Ep  14/50 | t_loss=0.0000 t_acc=1.000 | v_win_bal=0.417 v_rec_bal=0.433 | lr=8.7e-05 | 6.8s
  Fold 2 | Ep  15/50 | t_loss=0.0000 t_acc=1.000 | v_win_bal=0.416 v_rec_bal=0.433 | lr=8.5e-05 | 6.8s
  Fold 2 | Ep  16/50 | t_loss=0.0000 t_acc=1.000 | v_win_bal=0.414 v_rec_bal=0.433 | lr=8.2e-05 | 6.8s
  Early stop at epoch 16
  -> Test (best @ epoch 1): acc=0.7857, bal_acc=0.5000

============================================================
Fold 3/5
============================================================
  Train:  42 samples, 10 subjects [2, 3, 4, 8, 11, 12, 13, 16, 17, 18], label_0=34, label_1=8
    Val:  15 samples,  4 subjects [1, 6, 10, 14], label_0=12, label_1=3
   Test:  13 samples,  3 subjects [5, 7, 9], label_0=10, label_1=3
  Building window datasets...
    WindowDataset: 4918 windows (class_0=2902, class_1=2016)
    WindowDataset: 1231 windows (class_0=1095, class_1=136)
    WindowDataset: 915 windows (class_0=721, class_1=194)
[LaBraM] Loaded 219/221 params from weights/labram-base/model.safetensors
[LaBraM] Missing: ['fc_norm.weight', 'fc_norm.bias']
  Fold 3 | Ep   1/50 | t_loss=0.1618 t_acc=0.596 | v_win_bal=0.689 v_rec_bal=0.833 | lr=3.3e-05 | 6.8s
  Fold 3 | Ep   2/50 | t_loss=0.0561 t_acc=0.915 | v_win_bal=0.403 v_rec_bal=0.333 | lr=6.7e-05 | 6.8s
  Fold 3 | Ep   3/50 | t_loss=0.0339 t_acc=0.965 | v_win_bal=0.390 v_rec_bal=0.458 | lr=1.0e-04 | 6.8s
  Fold 3 | Ep   4/50 | t_loss=0.0260 t_acc=0.974 | v_win_bal=0.320 v_rec_bal=0.333 | lr=1.0e-04 | 6.8s
  Fold 3 | Ep   5/50 | t_loss=0.0180 t_acc=0.984 | v_win_bal=0.330 v_rec_bal=0.333 | lr=1.0e-04 | 6.8s
  Fold 3 | Ep   6/50 | t_loss=0.0108 t_acc=0.990 | v_win_bal=0.424 v_rec_bal=0.458 | lr=9.9e-05 | 6.8s
  Fold 3 | Ep   7/50 | t_loss=0.0067 t_acc=0.995 | v_win_bal=0.446 v_rec_bal=0.417 | lr=9.8e-05 | 6.8s
  Fold 3 | Ep   8/50 | t_loss=0.0058 t_acc=0.996 | v_win_bal=0.406 v_rec_bal=0.417 | lr=9.7e-05 | 6.8s
  Fold 3 | Ep   9/50 | t_loss=0.0030 t_acc=0.997 | v_win_bal=0.395 v_rec_bal=0.375 | lr=9.6e-05 | 6.8s
  Fold 3 | Ep  10/50 | t_loss=0.0079 t_acc=0.994 | v_win_bal=0.351 v_rec_bal=0.417 | lr=9.5e-05 | 6.8s
  Fold 3 | Ep  11/50 | t_loss=0.0023 t_acc=0.999 | v_win_bal=0.381 v_rec_bal=0.458 | lr=9.3e-05 | 6.8s
  Fold 3 | Ep  12/50 | t_loss=0.0000 t_acc=1.000 | v_win_bal=0.370 v_rec_bal=0.417 | lr=9.1e-05 | 6.8s
  Fold 3 | Ep  13/50 | t_loss=0.0000 t_acc=1.000 | v_win_bal=0.371 v_rec_bal=0.417 | lr=8.9e-05 | 6.8s
  Fold 3 | Ep  14/50 | t_loss=0.0000 t_acc=1.000 | v_win_bal=0.374 v_rec_bal=0.458 | lr=8.7e-05 | 6.8s
  Fold 3 | Ep  15/50 | t_loss=0.0000 t_acc=1.000 | v_win_bal=0.372 v_rec_bal=0.417 | lr=8.5e-05 | 6.8s
  Fold 3 | Ep  16/50 | t_loss=0.0000 t_acc=1.000 | v_win_bal=0.374 v_rec_bal=0.458 | lr=8.2e-05 | 6.8s
  Early stop at epoch 16
  -> Test (best @ epoch 1): acc=0.5385, bal_acc=0.5833

============================================================
Fold 4/5
============================================================
  Train:  43 samples, 10 subjects [2, 3, 5, 6, 9, 11, 12, 13, 14, 18], label_0=34, label_1=9
    Val:  14 samples,  4 subjects [1, 7, 10, 16], label_0=11, label_1=3
   Test:  13 samples,  3 subjects [4, 8, 17], label_0=11, label_1=2
  Building window datasets...
    WindowDataset: 5517 windows (class_0=3220, class_1=2297)
    WindowDataset: 933 windows (class_0=798, class_1=135)
    WindowDataset: 824 windows (class_0=700, class_1=124)
[LaBraM] Loaded 219/221 params from weights/labram-base/model.safetensors
[LaBraM] Missing: ['fc_norm.weight', 'fc_norm.bias']
  Fold 4 | Ep   1/50 | t_loss=0.1680 t_acc=0.573 | v_win_bal=0.498 v_rec_bal=0.500 | lr=3.3e-05 | 7.4s
  Fold 4 | Ep   2/50 | t_loss=0.0524 t_acc=0.934 | v_win_bal=0.473 v_rec_bal=0.409 | lr=6.7e-05 | 7.3s
  Fold 4 | Ep   3/50 | t_loss=0.0259 t_acc=0.976 | v_win_bal=0.528 v_rec_bal=0.409 | lr=1.0e-04 | 7.3s
  Fold 4 | Ep   4/50 | t_loss=0.0274 t_acc=0.976 | v_win_bal=0.491 v_rec_bal=0.409 | lr=1.0e-04 | 7.3s
  Fold 4 | Ep   5/50 | t_loss=0.0138 t_acc=0.988 | v_win_bal=0.526 v_rec_bal=0.576 | lr=1.0e-04 | 7.3s
  Fold 4 | Ep   6/50 | t_loss=0.0118 t_acc=0.992 | v_win_bal=0.533 v_rec_bal=0.576 | lr=9.9e-05 | 7.3s
  Fold 4 | Ep   7/50 | t_loss=0.0096 t_acc=0.993 | v_win_bal=0.556 v_rec_bal=0.621 | lr=9.8e-05 | 7.4s
  Fold 4 | Ep   8/50 | t_loss=0.0052 t_acc=0.997 | v_win_bal=0.547 v_rec_bal=0.576 | lr=9.7e-05 | 7.4s
  Fold 4 | Ep   9/50 | t_loss=0.0041 t_acc=0.996 | v_win_bal=0.537 v_rec_bal=0.667 | lr=9.6e-05 | 7.3s
  Fold 4 | Ep  10/50 | t_loss=0.0053 t_acc=0.995 | v_win_bal=0.516 v_rec_bal=0.621 | lr=9.5e-05 | 7.3s
  Fold 4 | Ep  11/50 | t_loss=0.0016 t_acc=0.999 | v_win_bal=0.466 v_rec_bal=0.409 | lr=9.3e-05 | 7.3s
  Fold 4 | Ep  12/50 | t_loss=0.0021 t_acc=0.998 | v_win_bal=0.464 v_rec_bal=0.409 | lr=9.1e-05 | 7.3s
  Fold 4 | Ep  13/50 | t_loss=0.0024 t_acc=0.998 | v_win_bal=0.485 v_rec_bal=0.455 | lr=8.9e-05 | 7.4s
  Fold 4 | Ep  14/50 | t_loss=0.0034 t_acc=0.997 | v_win_bal=0.519 v_rec_bal=0.455 | lr=8.7e-05 | 7.4s
  Fold 4 | Ep  15/50 | t_loss=0.0047 t_acc=0.996 | v_win_bal=0.491 v_rec_bal=0.455 | lr=8.5e-05 | 7.3s
  Fold 4 | Ep  16/50 | t_loss=0.0027 t_acc=0.999 | v_win_bal=0.486 v_rec_bal=0.455 | lr=8.2e-05 | 7.3s
  Fold 4 | Ep  17/50 | t_loss=0.0012 t_acc=0.999 | v_win_bal=0.503 v_rec_bal=0.621 | lr=8.0e-05 | 7.3s
  Fold 4 | Ep  18/50 | t_loss=0.0043 t_acc=0.997 | v_win_bal=0.593 v_rec_bal=0.576 | lr=7.7e-05 | 7.3s
  Fold 4 | Ep  19/50 | t_loss=0.0017 t_acc=0.999 | v_win_bal=0.456 v_rec_bal=0.455 | lr=7.4e-05 | 7.3s
  Fold 4 | Ep  20/50 | t_loss=0.0000 t_acc=1.000 | v_win_bal=0.459 v_rec_bal=0.455 | lr=7.1e-05 | 7.3s
  Fold 4 | Ep  21/50 | t_loss=0.0000 t_acc=1.000 | v_win_bal=0.460 v_rec_bal=0.455 | lr=6.8e-05 | 7.4s
  Fold 4 | Ep  22/50 | t_loss=0.0000 t_acc=1.000 | v_win_bal=0.460 v_rec_bal=0.455 | lr=6.5e-05 | 7.4s
  Fold 4 | Ep  23/50 | t_loss=0.0000 t_acc=1.000 | v_win_bal=0.459 v_rec_bal=0.455 | lr=6.2e-05 | 7.3s
  Fold 4 | Ep  24/50 | t_loss=0.0000 t_acc=1.000 | v_win_bal=0.459 v_rec_bal=0.455 | lr=5.8e-05 | 7.3s
  Early stop at epoch 24
  -> Test (best @ epoch 9): acc=0.8462, bal_acc=0.5000

============================================================
Fold 5/5
============================================================
  Train:  42 samples, 10 subjects [3, 4, 5, 8, 9, 10, 11, 14, 17, 18], label_0=33, label_1=9
    Val:  12 samples,  3 subjects [2, 7, 12], label_0=10, label_1=2
   Test:  16 samples,  4 subjects [1, 6, 13, 16], label_0=13, label_1=3
  Building window datasets...
    WindowDataset: 4821 windows (class_0=2736, class_1=2085)
    WindowDataset: 1078 windows (class_0=953, class_1=125)
    WindowDataset: 1216 windows (class_0=1029, class_1=187)
[LaBraM] Loaded 219/221 params from weights/labram-base/model.safetensors
[LaBraM] Missing: ['fc_norm.weight', 'fc_norm.bias']
  Fold 5 | Ep   1/50 | t_loss=0.1650 t_acc=0.596 | v_win_bal=0.477 v_rec_bal=0.450 | lr=3.3e-05 | 6.6s
  Fold 5 | Ep   2/50 | t_loss=0.0663 t_acc=0.904 | v_win_bal=0.493 v_rec_bal=0.500 | lr=6.7e-05 | 6.6s
  Fold 5 | Ep   3/50 | t_loss=0.0313 t_acc=0.968 | v_win_bal=0.498 v_rec_bal=0.500 | lr=1.0e-04 | 6.6s
  Fold 5 | Ep   4/50 | t_loss=0.0342 t_acc=0.967 | v_win_bal=0.494 v_rec_bal=0.500 | lr=1.0e-04 | 6.6s
  Fold 5 | Ep   5/50 | t_loss=0.0216 t_acc=0.980 | v_win_bal=0.500 v_rec_bal=0.500 | lr=1.0e-04 | 6.6s
  Fold 5 | Ep   6/50 | t_loss=0.0064 t_acc=0.994 | v_win_bal=0.499 v_rec_bal=0.500 | lr=9.9e-05 | 6.6s
  Fold 5 | Ep   7/50 | t_loss=0.0124 t_acc=0.991 | v_win_bal=0.497 v_rec_bal=0.500 | lr=9.8e-05 | 6.6s
  Fold 5 | Ep   8/50 | t_loss=0.0076 t_acc=0.993 | v_win_bal=0.473 v_rec_bal=0.500 | lr=9.7e-05 | 6.6s
  Fold 5 | Ep   9/50 | t_loss=0.0074 t_acc=0.994 | v_win_bal=0.498 v_rec_bal=0.500 | lr=9.6e-05 | 6.6s
  Fold 5 | Ep  10/50 | t_loss=0.0047 t_acc=0.997 | v_win_bal=0.499 v_rec_bal=0.500 | lr=9.5e-05 | 6.6s
  Fold 5 | Ep  11/50 | t_loss=0.0024 t_acc=0.999 | v_win_bal=0.493 v_rec_bal=0.500 | lr=9.3e-05 | 6.3s
  Fold 5 | Ep  12/50 | t_loss=0.0047 t_acc=0.997 | v_win_bal=0.500 v_rec_bal=0.500 | lr=9.1e-05 | 6.3s
  Fold 5 | Ep  13/50 | t_loss=0.0034 t_acc=0.997 | v_win_bal=0.499 v_rec_bal=0.500 | lr=8.9e-05 | 6.3s
  Fold 5 | Ep  14/50 | t_loss=0.0061 t_acc=0.995 | v_win_bal=0.494 v_rec_bal=0.500 | lr=8.7e-05 | 6.3s
  Fold 5 | Ep  15/50 | t_loss=0.0041 t_acc=0.996 | v_win_bal=0.491 v_rec_bal=0.500 | lr=8.5e-05 | 6.3s
  Fold 5 | Ep  16/50 | t_loss=0.0014 t_acc=0.998 | v_win_bal=0.499 v_rec_bal=0.500 | lr=8.2e-05 | 6.4s
  Fold 5 | Ep  17/50 | t_loss=0.0000 t_acc=1.000 | v_win_bal=0.499 v_rec_bal=0.500 | lr=8.0e-05 | 6.3s
  Fold 5 | Ep  18/50 | t_loss=0.0000 t_acc=1.000 | v_win_bal=0.499 v_rec_bal=0.500 | lr=7.7e-05 | 6.3s
  Fold 5 | Ep  19/50 | t_loss=0.0000 t_acc=1.000 | v_win_bal=0.499 v_rec_bal=0.500 | lr=7.4e-05 | 6.3s
  Early stop at epoch 19
  -> Test (best @ epoch 2): acc=0.4375, bal_acc=0.2692

============================================================
Global Results (5-Fold, subject-level CV)
Mode: FT | Extractor: labram | Loss: focal
============================================================
              acc: 0.6714
          bal_acc: 0.5000
               f1: 0.6756
            kappa: 0.0000
  Total predictions: 70 (should equal dataset size: 70)

Results saved to results/studies/exp27_paired_null/stress/perm_s14/
