/raid/jupyter-linjimmy1003.md10/.conda/envs/stress/lib/python3.11/site-packages/timm/models/layers/__init__.py:49: FutureWarning: Importing from timm.models.layers is deprecated, please import via timm.layers
  warnings.warn(f"Importing from {__name__} is deprecated, please import via timm.layers", FutureWarning)
Mode: FT | Extractor: labram | Folds: 5
LR: 0.0001 | WD: 0.05 | Beta2: 0.999 | Grad clip: 2.0
Head: hidden=128, dropout=0.0 | Norm: zscore | Loss: focal
Full FT: encoder_lr_scale=1.0
Augmentation: 75% overlap for increase class

Results → results/studies/exp27_paired_null/stress/perm_s1/
Dataset: 70 recordings loaded (14 increase, 56 normal)
Cache: 70 recordings ready (70 cached, 0 new)
[permute-labels] Shuffled labels with rng seed 1. Class balance preserved: 14 pos / 56 neg

============================================================
Fold 1/5
============================================================
  Train:  40 samples, 10 subjects [3, 5, 8, 10, 11, 13, 14, 16, 17, 18], label_0=32, label_1=8
    Val:  14 samples,  4 subjects [1, 2, 9, 12], label_0=11, label_1=3
   Test:  16 samples,  3 subjects [4, 6, 7], label_0=13, label_1=3
  Building window datasets...
    WindowDataset: 5609 windows (class_0=2465, class_1=3144)
    WindowDataset: 1341 windows (class_0=1038, class_1=303)
    WindowDataset: 960 windows (class_0=780, class_1=180)
[LaBraM] Loaded 219/221 params from weights/labram-base/model.safetensors
[LaBraM] Missing: ['fc_norm.weight', 'fc_norm.bias']
  Trainable parameters: 5,871,779
  Class weights: [1.137728214263916, 0.8920165300369263]
  Fold 1 | Ep   1/50 | t_loss=0.1475 t_acc=0.663 | v_win_bal=0.490 v_rec_bal=0.500 | lr=3.3e-05 | 9.9s
  Fold 1 | Ep   2/50 | t_loss=0.0347 t_acc=0.959 | v_win_bal=0.502 v_rec_bal=0.409 | lr=6.7e-05 | 7.7s
  Fold 1 | Ep   3/50 | t_loss=0.0204 t_acc=0.982 | v_win_bal=0.481 v_rec_bal=0.500 | lr=1.0e-04 | 7.5s
  Fold 1 | Ep   4/50 | t_loss=0.0233 t_acc=0.980 | v_win_bal=0.440 v_rec_bal=0.409 | lr=1.0e-04 | 7.5s
  Fold 1 | Ep   5/50 | t_loss=0.0062 t_acc=0.995 | v_win_bal=0.520 v_rec_bal=0.500 | lr=1.0e-04 | 7.9s
  Fold 1 | Ep   6/50 | t_loss=0.0074 t_acc=0.993 | v_win_bal=0.464 v_rec_bal=0.500 | lr=9.9e-05 | 7.4s
  Fold 1 | Ep   7/50 | t_loss=0.0072 t_acc=0.995 | v_win_bal=0.479 v_rec_bal=0.500 | lr=9.8e-05 | 7.4s
  Fold 1 | Ep   8/50 | t_loss=0.0028 t_acc=0.998 | v_win_bal=0.491 v_rec_bal=0.500 | lr=9.7e-05 | 7.8s
  Fold 1 | Ep   9/50 | t_loss=0.0072 t_acc=0.996 | v_win_bal=0.501 v_rec_bal=0.500 | lr=9.6e-05 | 7.4s
  Fold 1 | Ep  10/50 | t_loss=0.0052 t_acc=0.997 | v_win_bal=0.420 v_rec_bal=0.485 | lr=9.5e-05 | 7.4s
  Fold 1 | Ep  11/50 | t_loss=0.0076 t_acc=0.994 | v_win_bal=0.452 v_rec_bal=0.364 | lr=9.3e-05 | 7.8s
  Fold 1 | Ep  12/50 | t_loss=0.0035 t_acc=0.997 | v_win_bal=0.492 v_rec_bal=0.500 | lr=9.1e-05 | 7.8s
  Fold 1 | Ep  13/50 | t_loss=0.0016 t_acc=0.999 | v_win_bal=0.493 v_rec_bal=0.500 | lr=8.9e-05 | 7.8s
  Fold 1 | Ep  14/50 | t_loss=0.0056 t_acc=0.996 | v_win_bal=0.485 v_rec_bal=0.500 | lr=8.7e-05 | 7.4s
  Fold 1 | Ep  15/50 | t_loss=0.0009 t_acc=0.999 | v_win_bal=0.468 v_rec_bal=0.500 | lr=8.5e-05 | 7.4s
  Fold 1 | Ep  16/50 | t_loss=0.0000 t_acc=1.000 | v_win_bal=0.484 v_rec_bal=0.500 | lr=8.2e-05 | 7.8s
  Early stop at epoch 16
  -> Test (best @ epoch 1): acc=0.7500, bal_acc=0.4615

============================================================
Fold 2/5
============================================================
  Train:  42 samples, 10 subjects [1, 3, 5, 8, 9, 10, 11, 13, 16, 18], label_0=34, label_1=8
    Val:  16 samples,  3 subjects [4, 6, 7], label_0=13, label_1=3
   Test:  12 samples,  4 subjects [2, 12, 14, 17], label_0=9, label_1=3
  Building window datasets...
    WindowDataset: 5279 windows (class_0=2595, class_1=2684)
    WindowDataset: 960 windows (class_0=780, class_1=180)
    WindowDataset: 1326 windows (class_0=908, class_1=418)
[LaBraM] Loaded 219/221 params from weights/labram-base/model.safetensors
[LaBraM] Missing: ['fc_norm.weight', 'fc_norm.bias']
  Fold 2 | Ep   1/50 | t_loss=0.1606 t_acc=0.592 | v_win_bal=0.471 v_rec_bal=0.500 | lr=3.3e-05 | 6.8s
  Fold 2 | Ep   2/50 | t_loss=0.0733 t_acc=0.886 | v_win_bal=0.568 v_rec_bal=0.667 | lr=6.7e-05 | 6.9s
  Fold 2 | Ep   3/50 | t_loss=0.0389 t_acc=0.962 | v_win_bal=0.492 v_rec_bal=0.423 | lr=1.0e-04 | 7.2s
  Fold 2 | Ep   4/50 | t_loss=0.0215 t_acc=0.981 | v_win_bal=0.498 v_rec_bal=0.462 | lr=1.0e-04 | 6.9s
  Fold 2 | Ep   5/50 | t_loss=0.0086 t_acc=0.993 | v_win_bal=0.500 v_rec_bal=0.500 | lr=1.0e-04 | 6.8s
  Fold 2 | Ep   6/50 | t_loss=0.0068 t_acc=0.994 | v_win_bal=0.487 v_rec_bal=0.500 | lr=9.9e-05 | 6.8s
  Fold 2 | Ep   7/50 | t_loss=0.0075 t_acc=0.994 | v_win_bal=0.649 v_rec_bal=0.628 | lr=9.8e-05 | 6.8s
  Fold 2 | Ep   8/50 | t_loss=0.0042 t_acc=0.996 | v_win_bal=0.487 v_rec_bal=0.500 | lr=9.7e-05 | 6.8s
  Fold 2 | Ep   9/50 | t_loss=0.0037 t_acc=0.996 | v_win_bal=0.482 v_rec_bal=0.462 | lr=9.6e-05 | 6.8s
  Fold 2 | Ep  10/50 | t_loss=0.0052 t_acc=0.997 | v_win_bal=0.516 v_rec_bal=0.462 | lr=9.5e-05 | 6.8s
  Fold 2 | Ep  11/50 | t_loss=0.0033 t_acc=0.998 | v_win_bal=0.438 v_rec_bal=0.462 | lr=9.3e-05 | 6.9s
  Fold 2 | Ep  12/50 | t_loss=0.0064 t_acc=0.995 | v_win_bal=0.479 v_rec_bal=0.500 | lr=9.1e-05 | 7.6s
  Fold 2 | Ep  13/50 | t_loss=0.0014 t_acc=0.999 | v_win_bal=0.433 v_rec_bal=0.462 | lr=8.9e-05 | 6.9s
  Fold 2 | Ep  14/50 | t_loss=0.0042 t_acc=0.996 | v_win_bal=0.485 v_rec_bal=0.500 | lr=8.7e-05 | 6.9s
  Fold 2 | Ep  15/50 | t_loss=0.0005 t_acc=1.000 | v_win_bal=0.469 v_rec_bal=0.500 | lr=8.5e-05 | 6.9s
  Fold 2 | Ep  16/50 | t_loss=0.0000 t_acc=1.000 | v_win_bal=0.477 v_rec_bal=0.462 | lr=8.2e-05 | 6.9s
  Fold 2 | Ep  17/50 | t_loss=0.0000 t_acc=1.000 | v_win_bal=0.480 v_rec_bal=0.462 | lr=8.0e-05 | 6.9s
  Early stop at epoch 17
  -> Test (best @ epoch 2): acc=0.7500, bal_acc=0.5000

============================================================
Fold 3/5
============================================================
  Train:  41 samples, 11 subjects [2, 5, 6, 9, 11, 12, 13, 14, 16, 17, 18], label_0=32, label_1=9
    Val:  16 samples,  3 subjects [1, 4, 7], label_0=13, label_1=3
   Test:  13 samples,  3 subjects [3, 8, 10], label_0=11, label_1=2
  Building window datasets...
    WindowDataset: 6579 windows (class_0=2702, class_1=3877)
    WindowDataset: 980 windows (class_0=801, class_1=179)
    WindowDataset: 900 windows (class_0=780, class_1=120)
[LaBraM] Loaded 219/221 params from weights/labram-base/model.safetensors
[LaBraM] Missing: ['fc_norm.weight', 'fc_norm.bias']
  Fold 3 | Ep   1/50 | t_loss=0.1557 t_acc=0.638 | v_win_bal=0.471 v_rec_bal=0.462 | lr=3.3e-05 | 8.4s
  Fold 3 | Ep   2/50 | t_loss=0.0376 t_acc=0.948 | v_win_bal=0.466 v_rec_bal=0.423 | lr=6.7e-05 | 8.5s
  Fold 3 | Ep   3/50 | t_loss=0.0155 t_acc=0.984 | v_win_bal=0.472 v_rec_bal=0.474 | lr=1.0e-04 | 8.5s
  Fold 3 | Ep   4/50 | t_loss=0.0191 t_acc=0.982 | v_win_bal=0.531 v_rec_bal=0.462 | lr=1.0e-04 | 8.5s
  Fold 3 | Ep   5/50 | t_loss=0.0109 t_acc=0.991 | v_win_bal=0.537 v_rec_bal=0.628 | lr=1.0e-04 | 8.5s
  Fold 3 | Ep   6/50 | t_loss=0.0053 t_acc=0.996 | v_win_bal=0.510 v_rec_bal=0.462 | lr=9.9e-05 | 8.9s
  Fold 3 | Ep   7/50 | t_loss=0.0062 t_acc=0.995 | v_win_bal=0.491 v_rec_bal=0.423 | lr=9.8e-05 | 8.5s
  Fold 3 | Ep   8/50 | t_loss=0.0064 t_acc=0.995 | v_win_bal=0.498 v_rec_bal=0.500 | lr=9.7e-05 | 8.4s
  Fold 3 | Ep   9/50 | t_loss=0.0045 t_acc=0.996 | v_win_bal=0.479 v_rec_bal=0.462 | lr=9.6e-05 | 8.5s
  Fold 3 | Ep  10/50 | t_loss=0.0040 t_acc=0.997 | v_win_bal=0.503 v_rec_bal=0.462 | lr=9.5e-05 | 8.4s
  Fold 3 | Ep  11/50 | t_loss=0.0081 t_acc=0.994 | v_win_bal=0.514 v_rec_bal=0.500 | lr=9.3e-05 | 8.4s
  Fold 3 | Ep  12/50 | t_loss=0.0028 t_acc=0.998 | v_win_bal=0.596 v_rec_bal=0.628 | lr=9.1e-05 | 8.4s
  Fold 3 | Ep  13/50 | t_loss=0.0001 t_acc=1.000 | v_win_bal=0.487 v_rec_bal=0.462 | lr=8.9e-05 | 9.2s
  Fold 3 | Ep  14/50 | t_loss=0.0000 t_acc=1.000 | v_win_bal=0.494 v_rec_bal=0.462 | lr=8.7e-05 | 8.6s
  Fold 3 | Ep  15/50 | t_loss=0.0000 t_acc=1.000 | v_win_bal=0.486 v_rec_bal=0.462 | lr=8.5e-05 | 8.5s
  Fold 3 | Ep  16/50 | t_loss=0.0000 t_acc=1.000 | v_win_bal=0.491 v_rec_bal=0.462 | lr=8.2e-05 | 8.5s
  Fold 3 | Ep  17/50 | t_loss=0.0000 t_acc=1.000 | v_win_bal=0.497 v_rec_bal=0.462 | lr=8.0e-05 | 8.5s
  Fold 3 | Ep  18/50 | t_loss=0.0000 t_acc=1.000 | v_win_bal=0.486 v_rec_bal=0.462 | lr=7.7e-05 | 8.4s
  Fold 3 | Ep  19/50 | t_loss=0.0000 t_acc=1.000 | v_win_bal=0.494 v_rec_bal=0.462 | lr=7.4e-05 | 8.8s
  Fold 3 | Ep  20/50 | t_loss=0.0000 t_acc=1.000 | v_win_bal=0.493 v_rec_bal=0.462 | lr=7.1e-05 | 8.4s
  Fold 3 | Ep  21/50 | t_loss=0.0000 t_acc=1.000 | v_win_bal=0.495 v_rec_bal=0.462 | lr=6.8e-05 | 8.5s
  Fold 3 | Ep  22/50 | t_loss=0.0000 t_acc=1.000 | v_win_bal=0.489 v_rec_bal=0.462 | lr=6.5e-05 | 8.4s
  Fold 3 | Ep  23/50 | t_loss=0.0000 t_acc=1.000 | v_win_bal=0.496 v_rec_bal=0.462 | lr=6.2e-05 | 8.5s
  Fold 3 | Ep  24/50 | t_loss=0.0000 t_acc=1.000 | v_win_bal=0.500 v_rec_bal=0.462 | lr=5.8e-05 | 8.4s
  Fold 3 | Ep  25/50 | t_loss=0.0000 t_acc=1.000 | v_win_bal=0.497 v_rec_bal=0.462 | lr=5.5e-05 | 8.5s
  Fold 3 | Ep  26/50 | t_loss=0.0000 t_acc=1.000 | v_win_bal=0.489 v_rec_bal=0.462 | lr=5.2e-05 | 8.5s
  Fold 3 | Ep  27/50 | t_loss=0.0000 t_acc=1.000 | v_win_bal=0.493 v_rec_bal=0.462 | lr=4.8e-05 | 8.7s
  Early stop at epoch 27
  -> Test (best @ epoch 5): acc=0.5385, bal_acc=0.3182

============================================================
Fold 4/5
============================================================
  Train:  39 samples, 11 subjects [2, 3, 5, 8, 9, 10, 12, 13, 14, 16, 17], label_0=31, label_1=8
    Val:  16 samples,  3 subjects [4, 6, 7], label_0=13, label_1=3
   Test:  15 samples,  3 subjects [1, 11, 18], label_0=12, label_1=3
  Building window datasets...
    WindowDataset: 5967 windows (class_0=2603, class_1=3364)
    WindowDataset: 960 windows (class_0=780, class_1=180)
    WindowDataset: 1148 windows (class_0=900, class_1=248)
[LaBraM] Loaded 219/221 params from weights/labram-base/model.safetensors
[LaBraM] Missing: ['fc_norm.weight', 'fc_norm.bias']
  Fold 4 | Ep   1/50 | t_loss=0.1422 t_acc=0.676 | v_win_bal=0.457 v_rec_bal=0.462 | lr=3.3e-05 | 7.6s
  Fold 4 | Ep   2/50 | t_loss=0.0255 t_acc=0.970 | v_win_bal=0.476 v_rec_bal=0.500 | lr=6.7e-05 | 7.7s
  Fold 4 | Ep   3/50 | t_loss=0.0197 t_acc=0.986 | v_win_bal=0.488 v_rec_bal=0.500 | lr=1.0e-04 | 7.7s
  Fold 4 | Ep   4/50 | t_loss=0.0149 t_acc=0.990 | v_win_bal=0.525 v_rec_bal=0.590 | lr=1.0e-04 | 7.7s
  Fold 4 | Ep   5/50 | t_loss=0.0075 t_acc=0.994 | v_win_bal=0.482 v_rec_bal=0.462 | lr=1.0e-04 | 7.7s
  Fold 4 | Ep   6/50 | t_loss=0.0073 t_acc=0.995 | v_win_bal=0.570 v_rec_bal=0.667 | lr=9.9e-05 | 7.8s
  Fold 4 | Ep   7/50 | t_loss=0.0077 t_acc=0.994 | v_win_bal=0.572 v_rec_bal=0.513 | lr=9.8e-05 | 7.7s
  Fold 4 | Ep   8/50 | t_loss=0.0048 t_acc=0.997 | v_win_bal=0.434 v_rec_bal=0.385 | lr=9.7e-05 | 7.8s
  Fold 4 | Ep   9/50 | t_loss=0.0059 t_acc=0.995 | v_win_bal=0.525 v_rec_bal=0.500 | lr=9.6e-05 | 8.6s
  Fold 4 | Ep  10/50 | t_loss=0.0027 t_acc=0.998 | v_win_bal=0.490 v_rec_bal=0.462 | lr=9.5e-05 | 8.0s
  Fold 4 | Ep  11/50 | t_loss=0.0042 t_acc=0.997 | v_win_bal=0.471 v_rec_bal=0.500 | lr=9.3e-05 | 8.0s
  Fold 4 | Ep  12/50 | t_loss=0.0043 t_acc=0.996 | v_win_bal=0.531 v_rec_bal=0.590 | lr=9.1e-05 | 8.0s
  Fold 4 | Ep  13/50 | t_loss=0.0046 t_acc=0.996 | v_win_bal=0.553 v_rec_bal=0.551 | lr=8.9e-05 | 8.0s
  Fold 4 | Ep  14/50 | t_loss=0.0022 t_acc=0.998 | v_win_bal=0.527 v_rec_bal=0.423 | lr=8.7e-05 | 7.7s
  Fold 4 | Ep  15/50 | t_loss=0.0021 t_acc=0.999 | v_win_bal=0.470 v_rec_bal=0.462 | lr=8.5e-05 | 7.8s
  Fold 4 | Ep  16/50 | t_loss=0.0000 t_acc=1.000 | v_win_bal=0.506 v_rec_bal=0.462 | lr=8.2e-05 | 8.2s
  Fold 4 | Ep  17/50 | t_loss=0.0000 t_acc=1.000 | v_win_bal=0.510 v_rec_bal=0.462 | lr=8.0e-05 | 7.8s
  Fold 4 | Ep  18/50 | t_loss=0.0000 t_acc=1.000 | v_win_bal=0.510 v_rec_bal=0.462 | lr=7.7e-05 | 8.1s
  Fold 4 | Ep  19/50 | t_loss=0.0000 t_acc=1.000 | v_win_bal=0.512 v_rec_bal=0.462 | lr=7.4e-05 | 7.8s
  Fold 4 | Ep  20/50 | t_loss=0.0000 t_acc=1.000 | v_win_bal=0.510 v_rec_bal=0.462 | lr=7.1e-05 | 7.7s
  Fold 4 | Ep  21/50 | t_loss=0.0000 t_acc=1.000 | v_win_bal=0.515 v_rec_bal=0.462 | lr=6.8e-05 | 7.7s
  Early stop at epoch 21
  -> Test (best @ epoch 6): acc=0.6667, bal_acc=0.4167

============================================================
Fold 5/5
============================================================
  Train:  41 samples, 10 subjects [2, 3, 6, 7, 10, 11, 12, 14, 17, 18], label_0=32, label_1=9
    Val:  15 samples,  3 subjects [1, 4, 8], label_0=13, label_1=2
   Test:  14 samples,  4 subjects [5, 9, 13, 16], label_0=11, label_1=3
  Building window datasets...
    WindowDataset: 5884 windows (class_0=2535, class_1=3349)
    WindowDataset: 955 windows (class_0=833, class_1=122)
    WindowDataset: 1224 windows (class_0=915, class_1=309)
[LaBraM] Loaded 219/221 params from weights/labram-base/model.safetensors
[LaBraM] Missing: ['fc_norm.weight', 'fc_norm.bias']
  Fold 5 | Ep   1/50 | t_loss=0.1473 t_acc=0.668 | v_win_bal=0.529 v_rec_bal=0.500 | lr=3.3e-05 | 7.6s
  Fold 5 | Ep   2/50 | t_loss=0.0492 t_acc=0.941 | v_win_bal=0.453 v_rec_bal=0.423 | lr=6.7e-05 | 7.6s
  Fold 5 | Ep   3/50 | t_loss=0.0346 t_acc=0.972 | v_win_bal=0.608 v_rec_bal=0.750 | lr=1.0e-04 | 7.6s
  Fold 5 | Ep   4/50 | t_loss=0.0290 t_acc=0.977 | v_win_bal=0.515 v_rec_bal=0.500 | lr=1.0e-04 | 7.9s
  Fold 5 | Ep   5/50 | t_loss=0.0157 t_acc=0.984 | v_win_bal=0.472 v_rec_bal=0.423 | lr=1.0e-04 | 7.6s
  Fold 5 | Ep   6/50 | t_loss=0.0129 t_acc=0.990 | v_win_bal=0.644 v_rec_bal=0.750 | lr=9.9e-05 | 7.6s
  Fold 5 | Ep   7/50 | t_loss=0.0051 t_acc=0.993 | v_win_bal=0.640 v_rec_bal=0.750 | lr=9.8e-05 | 7.6s
  Fold 5 | Ep   8/50 | t_loss=0.0028 t_acc=0.998 | v_win_bal=0.554 v_rec_bal=0.673 | lr=9.7e-05 | 7.6s
  Fold 5 | Ep   9/50 | t_loss=0.0063 t_acc=0.997 | v_win_bal=0.484 v_rec_bal=0.500 | lr=9.6e-05 | 7.6s
  Fold 5 | Ep  10/50 | t_loss=0.0039 t_acc=0.997 | v_win_bal=0.547 v_rec_bal=0.500 | lr=9.5e-05 | 7.6s
  Fold 5 | Ep  11/50 | t_loss=0.0034 t_acc=0.998 | v_win_bal=0.400 v_rec_bal=0.423 | lr=9.3e-05 | 7.6s
  Fold 5 | Ep  12/50 | t_loss=0.0031 t_acc=0.998 | v_win_bal=0.615 v_rec_bal=0.750 | lr=9.1e-05 | 7.5s
  Fold 5 | Ep  13/50 | t_loss=0.0065 t_acc=0.995 | v_win_bal=0.618 v_rec_bal=0.750 | lr=8.9e-05 | 7.6s
  Fold 5 | Ep  14/50 | t_loss=0.0074 t_acc=0.995 | v_win_bal=0.500 v_rec_bal=0.500 | lr=8.7e-05 | 7.6s
  Fold 5 | Ep  15/50 | t_loss=0.0000 t_acc=1.000 | v_win_bal=0.493 v_rec_bal=0.500 | lr=8.5e-05 | 7.6s
  Fold 5 | Ep  16/50 | t_loss=0.0000 t_acc=1.000 | v_win_bal=0.478 v_rec_bal=0.500 | lr=8.2e-05 | 7.5s
  Fold 5 | Ep  17/50 | t_loss=0.0000 t_acc=1.000 | v_win_bal=0.475 v_rec_bal=0.500 | lr=8.0e-05 | 7.9s
  Fold 5 | Ep  18/50 | t_loss=0.0000 t_acc=1.000 | v_win_bal=0.483 v_rec_bal=0.500 | lr=7.7e-05 | 7.6s
  Fold 5 | Ep  19/50 | t_loss=0.0000 t_acc=1.000 | v_win_bal=0.482 v_rec_bal=0.500 | lr=7.4e-05 | 7.6s
  Fold 5 | Ep  20/50 | t_loss=0.0000 t_acc=1.000 | v_win_bal=0.482 v_rec_bal=0.500 | lr=7.1e-05 | 7.6s
  Fold 5 | Ep  21/50 | t_loss=0.0000 t_acc=1.000 | v_win_bal=0.480 v_rec_bal=0.500 | lr=6.8e-05 | 7.5s
  Fold 5 | Ep  22/50 | t_loss=0.0000 t_acc=1.000 | v_win_bal=0.482 v_rec_bal=0.500 | lr=6.5e-05 | 7.6s
  Fold 5 | Ep  23/50 | t_loss=0.0000 t_acc=1.000 | v_win_bal=0.479 v_rec_bal=0.500 | lr=6.2e-05 | 7.6s
  Early stop at epoch 23
  -> Test (best @ epoch 3): acc=0.7857, bal_acc=0.6212

============================================================
Global Results (5-Fold, subject-level CV)
Mode: FT | Extractor: labram | Loss: focal
============================================================
              acc: 0.7000
          bal_acc: 0.4643
               f1: 0.6738
            kappa: -0.0825
  Total predictions: 70 (should equal dataset size: 70)

Results saved to results/studies/exp27_paired_null/stress/perm_s1/
