/raid/jupyter-linjimmy1003.md10/.conda/envs/stress/lib/python3.11/site-packages/timm/models/layers/__init__.py:49: FutureWarning: Importing from timm.models.layers is deprecated, please import via timm.layers
  warnings.warn(f"Importing from {__name__} is deprecated, please import via timm.layers", FutureWarning)
Mode: FT | Extractor: labram | Folds: 5
LR: 0.0001 | WD: 0.05 | Beta2: 0.999 | Grad clip: 2.0
Head: hidden=128, dropout=0.0 | Norm: zscore | Loss: focal
Full FT: encoder_lr_scale=1.0
Augmentation: 75% overlap for increase class

Results → results/studies/exp27_paired_null/stress/perm_s22/
Dataset: 70 recordings loaded (14 increase, 56 normal)
Cache: 70 recordings ready (70 cached, 0 new)
[permute-labels] Shuffled labels with rng seed 22. Class balance preserved: 14 pos / 56 neg

============================================================
Fold 1/5
============================================================
  Train:  42 samples, 10 subjects [3, 4, 6, 7, 8, 9, 10, 12, 16, 18], label_0=33, label_1=9
    Val:  14 samples,  3 subjects [11, 13, 17], label_0=12, label_1=2
   Test:  14 samples,  4 subjects [1, 2, 5, 14], label_0=11, label_1=3
  Building window datasets...
    WindowDataset: 5069 windows (class_0=2488, class_1=2581)
    WindowDataset: 1308 windows (class_0=1184, class_1=124)
    WindowDataset: 1110 windows (class_0=692, class_1=418)
[LaBraM] Loaded 219/221 params from weights/labram-base/model.safetensors
[LaBraM] Missing: ['fc_norm.weight', 'fc_norm.bias']
  Trainable parameters: 5,871,779
  Class weights: [1.018689751625061, 0.9819837212562561]
  Fold 1 | Ep   1/50 | t_loss=0.1594 t_acc=0.628 | v_win_bal=0.628 v_rec_bal=0.625 | lr=3.3e-05 | 9.0s
  Fold 1 | Ep   2/50 | t_loss=0.0490 t_acc=0.936 | v_win_bal=0.818 v_rec_bal=0.958 | lr=6.7e-05 | 6.8s
  Fold 1 | Ep   3/50 | t_loss=0.0357 t_acc=0.965 | v_win_bal=0.679 v_rec_bal=0.667 | lr=1.0e-04 | 6.8s
  Fold 1 | Ep   4/50 | t_loss=0.0267 t_acc=0.974 | v_win_bal=0.716 v_rec_bal=0.750 | lr=1.0e-04 | 6.8s
  Fold 1 | Ep   5/50 | t_loss=0.0085 t_acc=0.991 | v_win_bal=0.834 v_rec_bal=0.917 | lr=1.0e-04 | 6.8s
  Fold 1 | Ep   6/50 | t_loss=0.0061 t_acc=0.996 | v_win_bal=0.560 v_rec_bal=0.500 | lr=9.9e-05 | 6.7s
  Fold 1 | Ep   7/50 | t_loss=0.0061 t_acc=0.995 | v_win_bal=0.751 v_rec_bal=0.750 | lr=9.8e-05 | 6.8s
  Fold 1 | Ep   8/50 | t_loss=0.0068 t_acc=0.995 | v_win_bal=0.737 v_rec_bal=0.875 | lr=9.7e-05 | 6.7s
  Fold 1 | Ep   9/50 | t_loss=0.0095 t_acc=0.992 | v_win_bal=0.876 v_rec_bal=1.000 | lr=9.6e-05 | 6.7s
  Fold 1 | Ep  10/50 | t_loss=0.0036 t_acc=0.997 | v_win_bal=0.556 v_rec_bal=0.500 | lr=9.5e-05 | 6.8s
  Fold 1 | Ep  11/50 | t_loss=0.0033 t_acc=0.996 | v_win_bal=0.728 v_rec_bal=0.750 | lr=9.3e-05 | 6.7s
  Fold 1 | Ep  12/50 | t_loss=0.0029 t_acc=0.998 | v_win_bal=0.764 v_rec_bal=0.750 | lr=9.1e-05 | 6.7s
  Fold 1 | Ep  13/50 | t_loss=0.0053 t_acc=0.995 | v_win_bal=0.730 v_rec_bal=0.750 | lr=8.9e-05 | 6.8s
  Fold 1 | Ep  14/50 | t_loss=0.0039 t_acc=0.997 | v_win_bal=0.732 v_rec_bal=0.750 | lr=8.7e-05 | 6.7s
  Fold 1 | Ep  15/50 | t_loss=0.0034 t_acc=0.997 | v_win_bal=0.592 v_rec_bal=0.500 | lr=8.5e-05 | 6.7s
  Fold 1 | Ep  16/50 | t_loss=0.0028 t_acc=0.998 | v_win_bal=0.847 v_rec_bal=0.958 | lr=8.2e-05 | 6.7s
  Fold 1 | Ep  17/50 | t_loss=0.0027 t_acc=0.998 | v_win_bal=0.816 v_rec_bal=0.750 | lr=8.0e-05 | 6.7s
  Fold 1 | Ep  18/50 | t_loss=0.0000 t_acc=1.000 | v_win_bal=0.835 v_rec_bal=0.750 | lr=7.7e-05 | 6.7s
  Fold 1 | Ep  19/50 | t_loss=0.0000 t_acc=1.000 | v_win_bal=0.833 v_rec_bal=0.750 | lr=7.4e-05 | 6.9s
  Fold 1 | Ep  20/50 | t_loss=0.0000 t_acc=1.000 | v_win_bal=0.834 v_rec_bal=0.750 | lr=7.1e-05 | 6.7s
  Fold 1 | Ep  21/50 | t_loss=0.0000 t_acc=1.000 | v_win_bal=0.837 v_rec_bal=0.750 | lr=6.8e-05 | 6.7s
  Fold 1 | Ep  22/50 | t_loss=0.0000 t_acc=1.000 | v_win_bal=0.825 v_rec_bal=0.750 | lr=6.5e-05 | 6.7s
  Fold 1 | Ep  23/50 | t_loss=0.0000 t_acc=1.000 | v_win_bal=0.822 v_rec_bal=0.750 | lr=6.2e-05 | 6.7s
  Fold 1 | Ep  24/50 | t_loss=0.0000 t_acc=1.000 | v_win_bal=0.835 v_rec_bal=0.750 | lr=5.8e-05 | 7.0s
  Early stop at epoch 24
  -> Test (best @ epoch 9): acc=0.4286, bal_acc=0.2727

============================================================
Fold 2/5
============================================================
  Train:  42 samples, 11 subjects [2, 3, 4, 7, 8, 9, 12, 13, 14, 16, 18], label_0=32, label_1=10
    Val:  14 samples,  3 subjects [1, 5, 10], label_0=12, label_1=2
   Test:  14 samples,  3 subjects [6, 11, 17], label_0=12, label_1=2
  Building window datasets...
    WindowDataset: 6463 windows (class_0=2545, class_1=3918)
    WindowDataset: 962 windows (class_0=880, class_1=82)
    WindowDataset: 1064 windows (class_0=939, class_1=125)
[LaBraM] Loaded 219/221 params from weights/labram-base/model.safetensors
[LaBraM] Missing: ['fc_norm.weight', 'fc_norm.bias']
  Fold 2 | Ep   1/50 | t_loss=0.1498 t_acc=0.662 | v_win_bal=0.544 v_rec_bal=0.375 | lr=3.3e-05 | 8.3s
  Fold 2 | Ep   2/50 | t_loss=0.0417 t_acc=0.950 | v_win_bal=0.472 v_rec_bal=0.417 | lr=6.7e-05 | 8.3s
  Fold 2 | Ep   3/50 | t_loss=0.0219 t_acc=0.980 | v_win_bal=0.523 v_rec_bal=0.458 | lr=1.0e-04 | 8.3s
  Fold 2 | Ep   4/50 | t_loss=0.0251 t_acc=0.980 | v_win_bal=0.621 v_rec_bal=0.625 | lr=1.0e-04 | 8.6s
  Fold 2 | Ep   5/50 | t_loss=0.0108 t_acc=0.989 | v_win_bal=0.742 v_rec_bal=0.708 | lr=1.0e-04 | 8.3s
  Fold 2 | Ep   6/50 | t_loss=0.0094 t_acc=0.993 | v_win_bal=0.548 v_rec_bal=0.625 | lr=9.9e-05 | 8.3s
  Fold 2 | Ep   7/50 | t_loss=0.0087 t_acc=0.992 | v_win_bal=0.495 v_rec_bal=0.417 | lr=9.8e-05 | 8.7s
  Fold 2 | Ep   8/50 | t_loss=0.0085 t_acc=0.993 | v_win_bal=0.684 v_rec_bal=0.625 | lr=9.7e-05 | 8.3s
  Fold 2 | Ep   9/50 | t_loss=0.0030 t_acc=0.998 | v_win_bal=0.557 v_rec_bal=0.375 | lr=9.6e-05 | 8.3s
  Fold 2 | Ep  10/50 | t_loss=0.0041 t_acc=0.996 | v_win_bal=0.638 v_rec_bal=0.667 | lr=9.5e-05 | 8.3s
  Fold 2 | Ep  11/50 | t_loss=0.0047 t_acc=0.997 | v_win_bal=0.620 v_rec_bal=0.583 | lr=9.3e-05 | 8.3s
  Fold 2 | Ep  12/50 | t_loss=0.0018 t_acc=0.999 | v_win_bal=0.496 v_rec_bal=0.458 | lr=9.1e-05 | 8.2s
  Fold 2 | Ep  13/50 | t_loss=0.0000 t_acc=1.000 | v_win_bal=0.552 v_rec_bal=0.417 | lr=8.9e-05 | 8.3s
  Fold 2 | Ep  14/50 | t_loss=0.0000 t_acc=1.000 | v_win_bal=0.555 v_rec_bal=0.417 | lr=8.7e-05 | 8.7s
  Fold 2 | Ep  15/50 | t_loss=0.0000 t_acc=1.000 | v_win_bal=0.550 v_rec_bal=0.417 | lr=8.5e-05 | 8.3s
  Fold 2 | Ep  16/50 | t_loss=0.0000 t_acc=1.000 | v_win_bal=0.558 v_rec_bal=0.417 | lr=8.2e-05 | 8.3s
  Fold 2 | Ep  17/50 | t_loss=0.0000 t_acc=1.000 | v_win_bal=0.567 v_rec_bal=0.417 | lr=8.0e-05 | 8.3s
  Fold 2 | Ep  18/50 | t_loss=0.0000 t_acc=1.000 | v_win_bal=0.569 v_rec_bal=0.417 | lr=7.7e-05 | 8.2s
  Fold 2 | Ep  19/50 | t_loss=0.0000 t_acc=1.000 | v_win_bal=0.564 v_rec_bal=0.417 | lr=7.4e-05 | 8.5s
  Fold 2 | Ep  20/50 | t_loss=0.0000 t_acc=1.000 | v_win_bal=0.569 v_rec_bal=0.417 | lr=7.1e-05 | 8.2s
  Fold 2 | Ep  21/50 | t_loss=0.0000 t_acc=1.000 | v_win_bal=0.563 v_rec_bal=0.417 | lr=6.8e-05 | 8.2s
  Early stop at epoch 21
  -> Test (best @ epoch 5): acc=0.8571, bal_acc=0.5000

============================================================
Fold 3/5
============================================================
  Train:  40 samples, 10 subjects [2, 3, 4, 5, 6, 7, 9, 10, 14, 18], label_0=32, label_1=8
    Val:  14 samples,  3 subjects [1, 11, 17], label_0=12, label_1=2
   Test:  16 samples,  4 subjects [8, 12, 13, 16], label_0=12, label_1=4
  Building window datasets...
    WindowDataset: 4893 windows (class_0=2193, class_1=2700)
    WindowDataset: 1084 windows (class_0=952, class_1=132)
    WindowDataset: 1600 windows (class_0=1219, class_1=381)
[LaBraM] Loaded 219/221 params from weights/labram-base/model.safetensors
[LaBraM] Missing: ['fc_norm.weight', 'fc_norm.bias']
  Fold 3 | Ep   1/50 | t_loss=0.1581 t_acc=0.627 | v_win_bal=0.564 v_rec_bal=0.542 | lr=3.3e-05 | 6.5s
  Fold 3 | Ep   2/50 | t_loss=0.0674 t_acc=0.882 | v_win_bal=0.544 v_rec_bal=0.542 | lr=6.7e-05 | 6.4s
  Fold 3 | Ep   3/50 | t_loss=0.0356 t_acc=0.963 | v_win_bal=0.519 v_rec_bal=0.625 | lr=1.0e-04 | 6.5s
  Fold 3 | Ep   4/50 | t_loss=0.0235 t_acc=0.978 | v_win_bal=0.576 v_rec_bal=0.708 | lr=1.0e-04 | 6.5s
  Fold 3 | Ep   5/50 | t_loss=0.0146 t_acc=0.989 | v_win_bal=0.524 v_rec_bal=0.542 | lr=1.0e-04 | 6.5s
  Fold 3 | Ep   6/50 | t_loss=0.0141 t_acc=0.989 | v_win_bal=0.489 v_rec_bal=0.583 | lr=9.9e-05 | 6.4s
  Fold 3 | Ep   7/50 | t_loss=0.0093 t_acc=0.992 | v_win_bal=0.580 v_rec_bal=0.667 | lr=9.8e-05 | 6.4s
  Fold 3 | Ep   8/50 | t_loss=0.0086 t_acc=0.994 | v_win_bal=0.498 v_rec_bal=0.500 | lr=9.7e-05 | 6.4s
  Fold 3 | Ep   9/50 | t_loss=0.0068 t_acc=0.995 | v_win_bal=0.504 v_rec_bal=0.542 | lr=9.6e-05 | 6.4s
  Fold 3 | Ep  10/50 | t_loss=0.0056 t_acc=0.996 | v_win_bal=0.598 v_rec_bal=0.583 | lr=9.5e-05 | 6.4s
  Fold 3 | Ep  11/50 | t_loss=0.0033 t_acc=0.997 | v_win_bal=0.477 v_rec_bal=0.458 | lr=9.3e-05 | 6.4s
  Fold 3 | Ep  12/50 | t_loss=0.0082 t_acc=0.994 | v_win_bal=0.512 v_rec_bal=0.417 | lr=9.1e-05 | 6.5s
  Fold 3 | Ep  13/50 | t_loss=0.0043 t_acc=0.997 | v_win_bal=0.594 v_rec_bal=0.708 | lr=8.9e-05 | 6.8s
  Fold 3 | Ep  14/50 | t_loss=0.0046 t_acc=0.997 | v_win_bal=0.563 v_rec_bal=0.500 | lr=8.7e-05 | 6.4s
  Fold 3 | Ep  15/50 | t_loss=0.0032 t_acc=0.998 | v_win_bal=0.646 v_rec_bal=0.667 | lr=8.5e-05 | 6.4s
  Fold 3 | Ep  16/50 | t_loss=0.0009 t_acc=0.999 | v_win_bal=0.639 v_rec_bal=0.542 | lr=8.2e-05 | 6.4s
  Fold 3 | Ep  17/50 | t_loss=0.0034 t_acc=0.998 | v_win_bal=0.494 v_rec_bal=0.500 | lr=8.0e-05 | 6.5s
  Fold 3 | Ep  18/50 | t_loss=0.0037 t_acc=0.998 | v_win_bal=0.584 v_rec_bal=0.542 | lr=7.7e-05 | 6.8s
  Fold 3 | Ep  19/50 | t_loss=0.0015 t_acc=0.998 | v_win_bal=0.516 v_rec_bal=0.458 | lr=7.4e-05 | 6.4s
  Early stop at epoch 19
  -> Test (best @ epoch 4): acc=0.7500, bal_acc=0.5000

============================================================
Fold 4/5
============================================================
  Train:  42 samples, 11 subjects [1, 2, 4, 5, 6, 8, 9, 12, 14, 16, 18], label_0=33, label_1=9
    Val:  14 samples,  3 subjects [11, 13, 17], label_0=12, label_1=2
   Test:  14 samples,  3 subjects [3, 7, 10], label_0=11, label_1=3
  Building window datasets...
    WindowDataset: 6079 windows (class_0=2398, class_1=3681)
    WindowDataset: 1308 windows (class_0=1184, class_1=124)
    WindowDataset: 925 windows (class_0=782, class_1=143)
[LaBraM] Loaded 219/221 params from weights/labram-base/model.safetensors
[LaBraM] Missing: ['fc_norm.weight', 'fc_norm.bias']
  Fold 4 | Ep   1/50 | t_loss=0.1508 t_acc=0.673 | v_win_bal=0.457 v_rec_bal=0.542 | lr=3.3e-05 | 8.0s
  Fold 4 | Ep   2/50 | t_loss=0.0482 t_acc=0.942 | v_win_bal=0.533 v_rec_bal=0.500 | lr=6.7e-05 | 8.3s
  Fold 4 | Ep   3/50 | t_loss=0.0265 t_acc=0.974 | v_win_bal=0.620 v_rec_bal=0.792 | lr=1.0e-04 | 8.0s
  Fold 4 | Ep   4/50 | t_loss=0.0279 t_acc=0.973 | v_win_bal=0.455 v_rec_bal=0.333 | lr=1.0e-04 | 8.0s
  Fold 4 | Ep   5/50 | t_loss=0.0132 t_acc=0.987 | v_win_bal=0.693 v_rec_bal=0.708 | lr=1.0e-04 | 8.0s
  Fold 4 | Ep   6/50 | t_loss=0.0063 t_acc=0.993 | v_win_bal=0.598 v_rec_bal=0.417 | lr=9.9e-05 | 8.1s
  Fold 4 | Ep   7/50 | t_loss=0.0096 t_acc=0.992 | v_win_bal=0.485 v_rec_bal=0.458 | lr=9.8e-05 | 8.0s
  Fold 4 | Ep   8/50 | t_loss=0.0081 t_acc=0.994 | v_win_bal=0.482 v_rec_bal=0.458 | lr=9.7e-05 | 8.0s
  Fold 4 | Ep   9/50 | t_loss=0.0060 t_acc=0.996 | v_win_bal=0.545 v_rec_bal=0.542 | lr=9.6e-05 | 8.0s
  Fold 4 | Ep  10/50 | t_loss=0.0089 t_acc=0.993 | v_win_bal=0.526 v_rec_bal=0.583 | lr=9.5e-05 | 8.0s
  Fold 4 | Ep  11/50 | t_loss=0.0022 t_acc=0.999 | v_win_bal=0.718 v_rec_bal=0.958 | lr=9.3e-05 | 8.0s
  Fold 4 | Ep  12/50 | t_loss=0.0014 t_acc=0.999 | v_win_bal=0.466 v_rec_bal=0.500 | lr=9.1e-05 | 8.0s
  Fold 4 | Ep  13/50 | t_loss=0.0037 t_acc=0.998 | v_win_bal=0.423 v_rec_bal=0.375 | lr=8.9e-05 | 8.0s
  Fold 4 | Ep  14/50 | t_loss=0.0008 t_acc=0.999 | v_win_bal=0.510 v_rec_bal=0.500 | lr=8.7e-05 | 8.0s
  Fold 4 | Ep  15/50 | t_loss=0.0004 t_acc=1.000 | v_win_bal=0.474 v_rec_bal=0.500 | lr=8.5e-05 | 8.0s
  Fold 4 | Ep  16/50 | t_loss=0.0077 t_acc=0.994 | v_win_bal=0.607 v_rec_bal=0.750 | lr=8.2e-05 | 8.0s
  Fold 4 | Ep  17/50 | t_loss=0.0070 t_acc=0.994 | v_win_bal=0.605 v_rec_bal=0.583 | lr=8.0e-05 | 8.0s
  Fold 4 | Ep  18/50 | t_loss=0.0049 t_acc=0.995 | v_win_bal=0.470 v_rec_bal=0.500 | lr=7.7e-05 | 8.1s
  Fold 4 | Ep  19/50 | t_loss=0.0001 t_acc=1.000 | v_win_bal=0.610 v_rec_bal=0.667 | lr=7.4e-05 | 8.1s
  Fold 4 | Ep  20/50 | t_loss=0.0016 t_acc=0.999 | v_win_bal=0.627 v_rec_bal=0.708 | lr=7.1e-05 | 8.0s
  Fold 4 | Ep  21/50 | t_loss=0.0000 t_acc=1.000 | v_win_bal=0.560 v_rec_bal=0.500 | lr=6.8e-05 | 8.0s
  Fold 4 | Ep  22/50 | t_loss=0.0000 t_acc=1.000 | v_win_bal=0.561 v_rec_bal=0.458 | lr=6.5e-05 | 8.1s
  Fold 4 | Ep  23/50 | t_loss=0.0000 t_acc=1.000 | v_win_bal=0.551 v_rec_bal=0.500 | lr=6.2e-05 | 8.1s
  Fold 4 | Ep  24/50 | t_loss=0.0000 t_acc=1.000 | v_win_bal=0.551 v_rec_bal=0.458 | lr=5.8e-05 | 8.0s
  Fold 4 | Ep  25/50 | t_loss=0.0000 t_acc=1.000 | v_win_bal=0.552 v_rec_bal=0.500 | lr=5.5e-05 | 8.0s
  Fold 4 | Ep  26/50 | t_loss=0.0000 t_acc=1.000 | v_win_bal=0.554 v_rec_bal=0.500 | lr=5.2e-05 | 8.3s
  Early stop at epoch 26
  -> Test (best @ epoch 11): acc=0.4286, bal_acc=0.3939

============================================================
Fold 5/5
============================================================
  Train:  44 samples, 10 subjects [3, 5, 6, 7, 8, 10, 12, 13, 16, 17], label_0=35, label_1=9
    Val:  14 samples,  4 subjects [1, 2, 11, 14], label_0=11, label_1=3
   Test:  12 samples,  3 subjects [4, 9, 18], label_0=10, label_1=2
  Building window datasets...
    WindowDataset: 5311 windows (class_0=2742, class_1=2569)
    WindowDataset: 1308 windows (class_0=890, class_1=418)
    WindowDataset: 859 windows (class_0=732, class_1=127)
[LaBraM] Loaded 219/221 params from weights/labram-base/model.safetensors
[LaBraM] Missing: ['fc_norm.weight', 'fc_norm.bias']
  Fold 5 | Ep   1/50 | t_loss=0.1534 t_acc=0.648 | v_win_bal=0.652 v_rec_bal=0.576 | lr=3.3e-05 | 7.3s
  Fold 5 | Ep   2/50 | t_loss=0.0645 t_acc=0.911 | v_win_bal=0.492 v_rec_bal=0.500 | lr=6.7e-05 | 7.4s
  Fold 5 | Ep   3/50 | t_loss=0.0267 t_acc=0.978 | v_win_bal=0.497 v_rec_bal=0.455 | lr=1.0e-04 | 7.3s
  Fold 5 | Ep   4/50 | t_loss=0.0107 t_acc=0.992 | v_win_bal=0.501 v_rec_bal=0.530 | lr=1.0e-04 | 7.3s
  Fold 5 | Ep   5/50 | t_loss=0.0109 t_acc=0.992 | v_win_bal=0.577 v_rec_bal=0.667 | lr=1.0e-04 | 7.3s
  Fold 5 | Ep   6/50 | t_loss=0.0066 t_acc=0.996 | v_win_bal=0.482 v_rec_bal=0.485 | lr=9.9e-05 | 7.3s
  Fold 5 | Ep   7/50 | t_loss=0.0070 t_acc=0.994 | v_win_bal=0.528 v_rec_bal=0.667 | lr=9.8e-05 | 7.4s
  Fold 5 | Ep   8/50 | t_loss=0.0003 t_acc=0.999 | v_win_bal=0.519 v_rec_bal=0.455 | lr=9.7e-05 | 7.4s
  Fold 5 | Ep   9/50 | t_loss=0.0074 t_acc=0.995 | v_win_bal=0.485 v_rec_bal=0.500 | lr=9.6e-05 | 7.3s
  Fold 5 | Ep  10/50 | t_loss=0.0059 t_acc=0.996 | v_win_bal=0.508 v_rec_bal=0.409 | lr=9.5e-05 | 7.3s
  Fold 5 | Ep  11/50 | t_loss=0.0038 t_acc=0.997 | v_win_bal=0.529 v_rec_bal=0.697 | lr=9.3e-05 | 7.3s
  Fold 5 | Ep  12/50 | t_loss=0.0000 t_acc=1.000 | v_win_bal=0.523 v_rec_bal=0.621 | lr=9.1e-05 | 7.3s
  Fold 5 | Ep  13/50 | t_loss=0.0000 t_acc=1.000 | v_win_bal=0.521 v_rec_bal=0.621 | lr=8.9e-05 | 7.3s
  Fold 5 | Ep  14/50 | t_loss=0.0000 t_acc=1.000 | v_win_bal=0.523 v_rec_bal=0.621 | lr=8.7e-05 | 7.4s
  Fold 5 | Ep  15/50 | t_loss=0.0000 t_acc=1.000 | v_win_bal=0.521 v_rec_bal=0.621 | lr=8.5e-05 | 7.4s
  Fold 5 | Ep  16/50 | t_loss=0.0000 t_acc=1.000 | v_win_bal=0.523 v_rec_bal=0.621 | lr=8.2e-05 | 7.3s
  Fold 5 | Ep  17/50 | t_loss=0.0000 t_acc=1.000 | v_win_bal=0.519 v_rec_bal=0.621 | lr=8.0e-05 | 7.3s
  Fold 5 | Ep  18/50 | t_loss=0.0000 t_acc=1.000 | v_win_bal=0.520 v_rec_bal=0.621 | lr=7.7e-05 | 7.3s
  Fold 5 | Ep  19/50 | t_loss=0.0000 t_acc=1.000 | v_win_bal=0.523 v_rec_bal=0.621 | lr=7.4e-05 | 7.4s
  Fold 5 | Ep  20/50 | t_loss=0.0000 t_acc=1.000 | v_win_bal=0.526 v_rec_bal=0.621 | lr=7.1e-05 | 7.3s
  Fold 5 | Ep  21/50 | t_loss=0.0000 t_acc=1.000 | v_win_bal=0.521 v_rec_bal=0.621 | lr=6.8e-05 | 7.3s
  Fold 5 | Ep  22/50 | t_loss=0.0000 t_acc=1.000 | v_win_bal=0.524 v_rec_bal=0.621 | lr=6.5e-05 | 7.3s
  Fold 5 | Ep  23/50 | t_loss=0.0000 t_acc=1.000 | v_win_bal=0.522 v_rec_bal=0.621 | lr=6.2e-05 | 7.4s
  Fold 5 | Ep  24/50 | t_loss=0.0000 t_acc=1.000 | v_win_bal=0.525 v_rec_bal=0.621 | lr=5.8e-05 | 7.3s
  Fold 5 | Ep  25/50 | t_loss=0.0000 t_acc=1.000 | v_win_bal=0.526 v_rec_bal=0.621 | lr=5.5e-05 | 7.5s
  Fold 5 | Ep  26/50 | t_loss=0.0000 t_acc=1.000 | v_win_bal=0.526 v_rec_bal=0.621 | lr=5.2e-05 | 7.1s
  Fold 5 | Ep  27/50 | t_loss=0.0000 t_acc=1.000 | v_win_bal=0.522 v_rec_bal=0.621 | lr=4.8e-05 | 7.1s
  Fold 5 | Ep  28/50 | t_loss=0.0000 t_acc=1.000 | v_win_bal=0.527 v_rec_bal=0.621 | lr=4.5e-05 | 7.4s
  Early stop at epoch 28
  -> Test (best @ epoch 11): acc=0.6667, bal_acc=0.4000

============================================================
Global Results (5-Fold, subject-level CV)
Mode: FT | Extractor: labram | Loss: focal
============================================================
              acc: 0.6286
          bal_acc: 0.4196
               f1: 0.6286
            kappa: -0.1607
  Total predictions: 70 (should equal dataset size: 70)

Results saved to results/studies/exp27_paired_null/stress/perm_s22/
