/raid/jupyter-linjimmy1003.md10/.conda/envs/stress/lib/python3.11/site-packages/timm/models/layers/__init__.py:49: FutureWarning: Importing from timm.models.layers is deprecated, please import via timm.layers
  warnings.warn(f"Importing from {__name__} is deprecated, please import via timm.layers", FutureWarning)
Mode: FT | Extractor: labram | Folds: 5
LR: 0.0001 | WD: 0.05 | Beta2: 0.999 | Grad clip: 2.0
Head: hidden=128, dropout=0.0 | Norm: zscore | Loss: focal
Full FT: encoder_lr_scale=1.0
Augmentation: 75% overlap for increase class

Results → results/studies/exp27_paired_null/stress/perm_s24/
Dataset: 70 recordings loaded (14 increase, 56 normal)
Cache: 70 recordings ready (70 cached, 0 new)
[permute-labels] Shuffled labels with rng seed 24. Class balance preserved: 14 pos / 56 neg

============================================================
Fold 1/5
============================================================
  Train:  41 samples, 11 subjects [2, 5, 6, 8, 9, 10, 11, 13, 14, 17, 18], label_0=33, label_1=8
    Val:  13 samples,  3 subjects [4, 12, 16], label_0=10, label_1=3
   Test:  16 samples,  3 subjects [1, 3, 7], label_0=13, label_1=3
  Building window datasets...
    WindowDataset: 4944 windows (class_0=2900, class_1=2044)
    WindowDataset: 1161 windows (class_0=621, class_1=540)
    WindowDataset: 980 windows (class_0=794, class_1=186)
[LaBraM] Loaded 219/221 params from weights/labram-base/model.safetensors
[LaBraM] Missing: ['fc_norm.weight', 'fc_norm.bias']
  Trainable parameters: 5,871,779
  Class weights: [0.8524137735366821, 1.2093933820724487]
  Fold 1 | Ep   1/50 | t_loss=0.1315 t_acc=0.739 | v_win_bal=0.510 v_rec_bal=0.350 | lr=3.3e-05 | 9.0s
  Fold 1 | Ep   2/50 | t_loss=0.0376 t_acc=0.962 | v_win_bal=0.725 v_rec_bal=0.800 | lr=6.7e-05 | 6.8s
  Fold 1 | Ep   3/50 | t_loss=0.0159 t_acc=0.988 | v_win_bal=0.767 v_rec_bal=0.800 | lr=1.0e-04 | 6.8s
  Fold 1 | Ep   4/50 | t_loss=0.0266 t_acc=0.980 | v_win_bal=0.679 v_rec_bal=0.683 | lr=1.0e-04 | 6.7s
  Fold 1 | Ep   5/50 | t_loss=0.0100 t_acc=0.992 | v_win_bal=0.491 v_rec_bal=0.450 | lr=1.0e-04 | 6.8s
  Fold 1 | Ep   6/50 | t_loss=0.0038 t_acc=0.997 | v_win_bal=0.596 v_rec_bal=0.617 | lr=9.9e-05 | 7.1s
  Fold 1 | Ep   7/50 | t_loss=0.0067 t_acc=0.995 | v_win_bal=0.592 v_rec_bal=0.517 | lr=9.8e-05 | 6.8s
  Fold 1 | Ep   8/50 | t_loss=0.0043 t_acc=0.998 | v_win_bal=0.634 v_rec_bal=0.517 | lr=9.7e-05 | 6.7s
  Fold 1 | Ep   9/50 | t_loss=0.0069 t_acc=0.995 | v_win_bal=0.569 v_rec_bal=0.617 | lr=9.6e-05 | 6.5s
  Fold 1 | Ep  10/50 | t_loss=0.0021 t_acc=0.999 | v_win_bal=0.645 v_rec_bal=0.517 | lr=9.5e-05 | 6.5s
  Fold 1 | Ep  11/50 | t_loss=0.0002 t_acc=1.000 | v_win_bal=0.687 v_rec_bal=0.683 | lr=9.3e-05 | 6.5s
  Fold 1 | Ep  12/50 | t_loss=0.0045 t_acc=0.998 | v_win_bal=0.658 v_rec_bal=0.517 | lr=9.1e-05 | 6.8s
  Fold 1 | Ep  13/50 | t_loss=0.0008 t_acc=0.999 | v_win_bal=0.653 v_rec_bal=0.683 | lr=8.9e-05 | 6.5s
  Fold 1 | Ep  14/50 | t_loss=0.0018 t_acc=0.999 | v_win_bal=0.606 v_rec_bal=0.517 | lr=8.7e-05 | 6.5s
  Fold 1 | Ep  15/50 | t_loss=0.0032 t_acc=0.998 | v_win_bal=0.713 v_rec_bal=0.683 | lr=8.5e-05 | 6.5s
  Fold 1 | Ep  16/50 | t_loss=0.0036 t_acc=0.997 | v_win_bal=0.599 v_rec_bal=0.617 | lr=8.2e-05 | 6.5s
  Fold 1 | Ep  17/50 | t_loss=0.0000 t_acc=1.000 | v_win_bal=0.640 v_rec_bal=0.567 | lr=8.0e-05 | 6.5s
  Fold 1 | Ep  18/50 | t_loss=0.0000 t_acc=1.000 | v_win_bal=0.637 v_rec_bal=0.567 | lr=7.7e-05 | 6.5s
  Fold 1 | Ep  19/50 | t_loss=0.0000 t_acc=1.000 | v_win_bal=0.641 v_rec_bal=0.567 | lr=7.4e-05 | 6.5s
  Early stop at epoch 19
  -> Test (best @ epoch 2): acc=0.5000, bal_acc=0.3077

============================================================
Fold 2/5
============================================================
  Train:  45 samples, 11 subjects [1, 5, 6, 7, 9, 10, 11, 13, 16, 17, 18], label_0=36, label_1=9
    Val:  12 samples,  3 subjects [3, 8, 14], label_0=9, label_1=3
   Test:  13 samples,  3 subjects [2, 4, 12], label_0=11, label_1=2
  Building window datasets...
    WindowDataset: 5051 windows (class_0=2854, class_1=2197)
    WindowDataset: 993 windows (class_0=785, class_1=208)
    WindowDataset: 1155 windows (class_0=676, class_1=479)
[LaBraM] Loaded 219/221 params from weights/labram-base/model.safetensors
[LaBraM] Missing: ['fc_norm.weight', 'fc_norm.bias']
  Fold 2 | Ep   1/50 | t_loss=0.1342 t_acc=0.717 | v_win_bal=0.524 v_rec_bal=0.389 | lr=3.3e-05 | 6.6s
  Fold 2 | Ep   2/50 | t_loss=0.0389 t_acc=0.949 | v_win_bal=0.501 v_rec_bal=0.389 | lr=6.7e-05 | 6.5s
  Fold 2 | Ep   3/50 | t_loss=0.0279 t_acc=0.974 | v_win_bal=0.481 v_rec_bal=0.444 | lr=1.0e-04 | 6.5s
  Fold 2 | Ep   4/50 | t_loss=0.0140 t_acc=0.987 | v_win_bal=0.479 v_rec_bal=0.389 | lr=1.0e-04 | 6.6s
  Fold 2 | Ep   5/50 | t_loss=0.0189 t_acc=0.985 | v_win_bal=0.642 v_rec_bal=0.611 | lr=1.0e-04 | 6.6s
  Fold 2 | Ep   6/50 | t_loss=0.0085 t_acc=0.993 | v_win_bal=0.533 v_rec_bal=0.444 | lr=9.9e-05 | 6.6s
  Fold 2 | Ep   7/50 | t_loss=0.0085 t_acc=0.992 | v_win_bal=0.643 v_rec_bal=0.611 | lr=9.8e-05 | 6.6s
  Fold 2 | Ep   8/50 | t_loss=0.0036 t_acc=0.997 | v_win_bal=0.612 v_rec_bal=0.444 | lr=9.7e-05 | 6.5s
  Fold 2 | Ep   9/50 | t_loss=0.0007 t_acc=1.000 | v_win_bal=0.553 v_rec_bal=0.556 | lr=9.6e-05 | 6.5s
  Fold 2 | Ep  10/50 | t_loss=0.0000 t_acc=1.000 | v_win_bal=0.558 v_rec_bal=0.556 | lr=9.5e-05 | 6.6s
  Fold 2 | Ep  11/50 | t_loss=0.0000 t_acc=1.000 | v_win_bal=0.564 v_rec_bal=0.556 | lr=9.3e-05 | 6.6s
  Fold 2 | Ep  12/50 | t_loss=0.0000 t_acc=1.000 | v_win_bal=0.559 v_rec_bal=0.556 | lr=9.1e-05 | 6.6s
  Fold 2 | Ep  13/50 | t_loss=0.0000 t_acc=1.000 | v_win_bal=0.562 v_rec_bal=0.556 | lr=8.9e-05 | 6.5s
  Fold 2 | Ep  14/50 | t_loss=0.0000 t_acc=1.000 | v_win_bal=0.565 v_rec_bal=0.556 | lr=8.7e-05 | 6.6s
  Fold 2 | Ep  15/50 | t_loss=0.0000 t_acc=1.000 | v_win_bal=0.555 v_rec_bal=0.556 | lr=8.5e-05 | 6.9s
  Fold 2 | Ep  16/50 | t_loss=0.0000 t_acc=1.000 | v_win_bal=0.561 v_rec_bal=0.556 | lr=8.2e-05 | 6.6s
  Fold 2 | Ep  17/50 | t_loss=0.0000 t_acc=1.000 | v_win_bal=0.559 v_rec_bal=0.556 | lr=8.0e-05 | 6.8s
  Fold 2 | Ep  18/50 | t_loss=0.0000 t_acc=1.000 | v_win_bal=0.560 v_rec_bal=0.556 | lr=7.7e-05 | 6.6s
  Fold 2 | Ep  19/50 | t_loss=0.0000 t_acc=1.000 | v_win_bal=0.557 v_rec_bal=0.556 | lr=7.4e-05 | 6.5s
  Fold 2 | Ep  20/50 | t_loss=0.0000 t_acc=1.000 | v_win_bal=0.557 v_rec_bal=0.556 | lr=7.1e-05 | 6.5s
  Fold 2 | Ep  21/50 | t_loss=0.0000 t_acc=1.000 | v_win_bal=0.558 v_rec_bal=0.556 | lr=6.8e-05 | 6.5s
  Fold 2 | Ep  22/50 | t_loss=0.0000 t_acc=1.000 | v_win_bal=0.559 v_rec_bal=0.556 | lr=6.5e-05 | 6.6s
  Early stop at epoch 22
  -> Test (best @ epoch 5): acc=0.5385, bal_acc=0.7273

============================================================
Fold 3/5
============================================================
  Train:  43 samples, 11 subjects [1, 4, 5, 7, 9, 10, 11, 14, 16, 17, 18], label_0=35, label_1=8
    Val:  13 samples,  3 subjects [2, 3, 12], label_0=11, label_1=2
   Test:  14 samples,  3 subjects [6, 8, 13], label_0=10, label_1=4
  Building window datasets...
    WindowDataset: 4749 windows (class_0=2805, class_1=1944)
    WindowDataset: 1155 windows (class_0=676, class_1=479)
    WindowDataset: 1106 windows (class_0=834, class_1=272)
[LaBraM] Loaded 219/221 params from weights/labram-base/model.safetensors
[LaBraM] Missing: ['fc_norm.weight', 'fc_norm.bias']
  Fold 3 | Ep   1/50 | t_loss=0.1387 t_acc=0.707 | v_win_bal=0.482 v_rec_bal=0.455 | lr=3.3e-05 | 6.3s
  Fold 3 | Ep   2/50 | t_loss=0.0443 t_acc=0.944 | v_win_bal=0.645 v_rec_bal=0.773 | lr=6.7e-05 | 6.3s
  Fold 3 | Ep   3/50 | t_loss=0.0199 t_acc=0.984 | v_win_bal=0.598 v_rec_bal=0.523 | lr=1.0e-04 | 6.4s
  Fold 3 | Ep   4/50 | t_loss=0.0188 t_acc=0.981 | v_win_bal=0.676 v_rec_bal=0.727 | lr=1.0e-04 | 6.3s
  Fold 3 | Ep   5/50 | t_loss=0.0108 t_acc=0.992 | v_win_bal=0.634 v_rec_bal=0.523 | lr=1.0e-04 | 6.3s
  Fold 3 | Ep   6/50 | t_loss=0.0095 t_acc=0.992 | v_win_bal=0.694 v_rec_bal=0.773 | lr=9.9e-05 | 6.3s
  Fold 3 | Ep   7/50 | t_loss=0.0212 t_acc=0.988 | v_win_bal=0.687 v_rec_bal=0.773 | lr=9.8e-05 | 6.3s
  Fold 3 | Ep   8/50 | t_loss=0.0102 t_acc=0.992 | v_win_bal=0.640 v_rec_bal=0.773 | lr=9.7e-05 | 6.4s
  Fold 3 | Ep   9/50 | t_loss=0.0061 t_acc=0.996 | v_win_bal=0.714 v_rec_bal=0.773 | lr=9.6e-05 | 6.3s
  Fold 3 | Ep  10/50 | t_loss=0.0053 t_acc=0.996 | v_win_bal=0.636 v_rec_bal=0.773 | lr=9.5e-05 | 6.3s
  Fold 3 | Ep  11/50 | t_loss=0.0020 t_acc=0.999 | v_win_bal=0.636 v_rec_bal=0.523 | lr=9.3e-05 | 6.3s
  Fold 3 | Ep  12/50 | t_loss=0.0011 t_acc=0.999 | v_win_bal=0.637 v_rec_bal=0.727 | lr=9.1e-05 | 6.3s
  Fold 3 | Ep  13/50 | t_loss=0.0037 t_acc=0.998 | v_win_bal=0.641 v_rec_bal=0.659 | lr=8.9e-05 | 6.4s
  Fold 3 | Ep  14/50 | t_loss=0.0014 t_acc=0.999 | v_win_bal=0.583 v_rec_bal=0.523 | lr=8.7e-05 | 6.3s
  Fold 3 | Ep  15/50 | t_loss=0.0000 t_acc=1.000 | v_win_bal=0.576 v_rec_bal=0.523 | lr=8.5e-05 | 6.3s
  Fold 3 | Ep  16/50 | t_loss=0.0000 t_acc=1.000 | v_win_bal=0.575 v_rec_bal=0.568 | lr=8.2e-05 | 6.3s
  Fold 3 | Ep  17/50 | t_loss=0.0000 t_acc=1.000 | v_win_bal=0.568 v_rec_bal=0.568 | lr=8.0e-05 | 6.3s
  Fold 3 | Ep  18/50 | t_loss=0.0000 t_acc=1.000 | v_win_bal=0.571 v_rec_bal=0.568 | lr=7.7e-05 | 6.3s
  Fold 3 | Ep  19/50 | t_loss=0.0000 t_acc=1.000 | v_win_bal=0.565 v_rec_bal=0.568 | lr=7.4e-05 | 6.3s
  Fold 3 | Ep  20/50 | t_loss=0.0000 t_acc=1.000 | v_win_bal=0.566 v_rec_bal=0.568 | lr=7.1e-05 | 6.4s
  Fold 3 | Ep  21/50 | t_loss=0.0000 t_acc=1.000 | v_win_bal=0.560 v_rec_bal=0.568 | lr=6.8e-05 | 6.3s
  Fold 3 | Ep  22/50 | t_loss=0.0000 t_acc=1.000 | v_win_bal=0.557 v_rec_bal=0.568 | lr=6.5e-05 | 6.3s
  Fold 3 | Ep  23/50 | t_loss=0.0000 t_acc=1.000 | v_win_bal=0.554 v_rec_bal=0.568 | lr=6.2e-05 | 6.5s
  Early stop at epoch 23
  -> Test (best @ epoch 2): acc=0.6429, bal_acc=0.5250

============================================================
Fold 4/5
============================================================
  Train:  38 samples, 10 subjects [2, 4, 6, 7, 8, 12, 13, 14, 16, 17], label_0=30, label_1=8
    Val:  18 samples,  4 subjects [1, 3, 10, 18], label_0=15, label_1=3
   Test:  14 samples,  3 subjects [5, 9, 11], label_0=11, label_1=3
  Building window datasets...
    WindowDataset: 5721 windows (class_0=2293, class_1=3428)
    WindowDataset: 1199 windows (class_0=1001, class_1=198)
    WindowDataset: 1203 windows (class_0=1021, class_1=182)
[LaBraM] Loaded 219/221 params from weights/labram-base/model.safetensors
[LaBraM] Missing: ['fc_norm.weight', 'fc_norm.bias']
  Fold 4 | Ep   1/50 | t_loss=0.1372 t_acc=0.722 | v_win_bal=0.549 v_rec_bal=0.500 | lr=3.3e-05 | 7.9s
  Fold 4 | Ep   2/50 | t_loss=0.0322 t_acc=0.964 | v_win_bal=0.502 v_rec_bal=0.467 | lr=6.7e-05 | 7.6s
  Fold 4 | Ep   3/50 | t_loss=0.0233 t_acc=0.976 | v_win_bal=0.488 v_rec_bal=0.467 | lr=1.0e-04 | 7.5s
  Fold 4 | Ep   4/50 | t_loss=0.0099 t_acc=0.992 | v_win_bal=0.483 v_rec_bal=0.467 | lr=1.0e-04 | 7.9s
  Fold 4 | Ep   5/50 | t_loss=0.0096 t_acc=0.991 | v_win_bal=0.505 v_rec_bal=0.500 | lr=1.0e-04 | 7.5s
  Fold 4 | Ep   6/50 | t_loss=0.0068 t_acc=0.995 | v_win_bal=0.528 v_rec_bal=0.500 | lr=9.9e-05 | 7.6s
  Fold 4 | Ep   7/50 | t_loss=0.0081 t_acc=0.994 | v_win_bal=0.513 v_rec_bal=0.500 | lr=9.8e-05 | 7.8s
  Fold 4 | Ep   8/50 | t_loss=0.0072 t_acc=0.995 | v_win_bal=0.486 v_rec_bal=0.467 | lr=9.7e-05 | 7.5s
  Fold 4 | Ep   9/50 | t_loss=0.0011 t_acc=0.999 | v_win_bal=0.530 v_rec_bal=0.500 | lr=9.6e-05 | 7.8s
  Fold 4 | Ep  10/50 | t_loss=0.0022 t_acc=0.998 | v_win_bal=0.547 v_rec_bal=0.433 | lr=9.5e-05 | 7.5s
  Fold 4 | Ep  11/50 | t_loss=0.0044 t_acc=0.997 | v_win_bal=0.497 v_rec_bal=0.500 | lr=9.3e-05 | 7.5s
  Fold 4 | Ep  12/50 | t_loss=0.0000 t_acc=1.000 | v_win_bal=0.492 v_rec_bal=0.500 | lr=9.1e-05 | 7.6s
  Fold 4 | Ep  13/50 | t_loss=0.0000 t_acc=1.000 | v_win_bal=0.496 v_rec_bal=0.500 | lr=8.9e-05 | 7.5s
  Fold 4 | Ep  14/50 | t_loss=0.0000 t_acc=1.000 | v_win_bal=0.492 v_rec_bal=0.500 | lr=8.7e-05 | 7.5s
  Fold 4 | Ep  15/50 | t_loss=0.0000 t_acc=1.000 | v_win_bal=0.494 v_rec_bal=0.500 | lr=8.5e-05 | 7.5s
  Fold 4 | Ep  16/50 | t_loss=0.0000 t_acc=1.000 | v_win_bal=0.496 v_rec_bal=0.500 | lr=8.2e-05 | 7.5s
  Early stop at epoch 16
  -> Test (best @ epoch 1): acc=0.5714, bal_acc=0.3636

============================================================
Fold 5/5
============================================================
  Train:  41 samples,  9 subjects [2, 4, 5, 6, 8, 9, 11, 12, 13], label_0=32, label_1=9
    Val:  16 samples,  3 subjects [1, 3, 7], label_0=13, label_1=3
   Test:  13 samples,  5 subjects [10, 14, 16, 17, 18], label_0=11, label_1=2
  Building window datasets...
    WindowDataset: 6236 windows (class_0=2531, class_1=3705)
    WindowDataset: 980 windows (class_0=794, class_1=186)
    WindowDataset: 1114 windows (class_0=990, class_1=124)
[LaBraM] Loaded 219/221 params from weights/labram-base/model.safetensors
[LaBraM] Missing: ['fc_norm.weight', 'fc_norm.bias']
  Fold 5 | Ep   1/50 | t_loss=0.1329 t_acc=0.745 | v_win_bal=0.404 v_rec_bal=0.308 | lr=3.3e-05 | 8.1s
  Fold 5 | Ep   2/50 | t_loss=0.0341 t_acc=0.966 | v_win_bal=0.397 v_rec_bal=0.385 | lr=6.7e-05 | 8.3s
  Fold 5 | Ep   3/50 | t_loss=0.0326 t_acc=0.975 | v_win_bal=0.441 v_rec_bal=0.385 | lr=1.0e-04 | 8.3s
  Fold 5 | Ep   4/50 | t_loss=0.0088 t_acc=0.993 | v_win_bal=0.402 v_rec_bal=0.385 | lr=1.0e-04 | 8.3s
  Fold 5 | Ep   5/50 | t_loss=0.0077 t_acc=0.995 | v_win_bal=0.434 v_rec_bal=0.423 | lr=1.0e-04 | 8.3s
  Fold 5 | Ep   6/50 | t_loss=0.0113 t_acc=0.992 | v_win_bal=0.420 v_rec_bal=0.346 | lr=9.9e-05 | 8.6s
  Fold 5 | Ep   7/50 | t_loss=0.0064 t_acc=0.995 | v_win_bal=0.506 v_rec_bal=0.551 | lr=9.8e-05 | 8.3s
  Fold 5 | Ep   8/50 | t_loss=0.0048 t_acc=0.996 | v_win_bal=0.376 v_rec_bal=0.346 | lr=9.7e-05 | 8.3s
  Fold 5 | Ep   9/50 | t_loss=0.0030 t_acc=0.998 | v_win_bal=0.404 v_rec_bal=0.385 | lr=9.6e-05 | 8.3s
  Fold 5 | Ep  10/50 | t_loss=0.0050 t_acc=0.997 | v_win_bal=0.430 v_rec_bal=0.385 | lr=9.5e-05 | 8.3s
  Fold 5 | Ep  11/50 | t_loss=0.0046 t_acc=0.997 | v_win_bal=0.414 v_rec_bal=0.423 | lr=9.3e-05 | 8.6s
  Fold 5 | Ep  12/50 | t_loss=0.0047 t_acc=0.996 | v_win_bal=0.381 v_rec_bal=0.346 | lr=9.1e-05 | 8.3s
  Fold 5 | Ep  13/50 | t_loss=0.0013 t_acc=0.999 | v_win_bal=0.368 v_rec_bal=0.346 | lr=8.9e-05 | 8.3s
  Fold 5 | Ep  14/50 | t_loss=0.0003 t_acc=1.000 | v_win_bal=0.388 v_rec_bal=0.385 | lr=8.7e-05 | 8.3s
  Fold 5 | Ep  15/50 | t_loss=0.0019 t_acc=0.999 | v_win_bal=0.385 v_rec_bal=0.385 | lr=8.5e-05 | 8.6s
  Fold 5 | Ep  16/50 | t_loss=0.0006 t_acc=1.000 | v_win_bal=0.409 v_rec_bal=0.385 | lr=8.2e-05 | 8.3s
  Fold 5 | Ep  17/50 | t_loss=0.0000 t_acc=1.000 | v_win_bal=0.411 v_rec_bal=0.385 | lr=8.0e-05 | 8.3s
  Fold 5 | Ep  18/50 | t_loss=0.0000 t_acc=1.000 | v_win_bal=0.407 v_rec_bal=0.385 | lr=7.7e-05 | 8.3s
  Fold 5 | Ep  19/50 | t_loss=0.0000 t_acc=1.000 | v_win_bal=0.410 v_rec_bal=0.385 | lr=7.4e-05 | 8.3s
  Fold 5 | Ep  20/50 | t_loss=0.0000 t_acc=1.000 | v_win_bal=0.408 v_rec_bal=0.385 | lr=7.1e-05 | 8.3s
  Fold 5 | Ep  21/50 | t_loss=0.0000 t_acc=1.000 | v_win_bal=0.410 v_rec_bal=0.385 | lr=6.8e-05 | 8.3s
  Fold 5 | Ep  22/50 | t_loss=0.0000 t_acc=1.000 | v_win_bal=0.411 v_rec_bal=0.385 | lr=6.5e-05 | 8.4s
  Early stop at epoch 22
  -> Test (best @ epoch 7): acc=0.9231, bal_acc=0.7500

============================================================
Global Results (5-Fold, subject-level CV)
Mode: FT | Extractor: labram | Loss: focal
============================================================
              acc: 0.6286
          bal_acc: 0.5000
               f1: 0.6508
            kappa: 0.0000
  Total predictions: 70 (should equal dataset size: 70)

Results saved to results/studies/exp27_paired_null/stress/perm_s24/
