/raid/jupyter-linjimmy1003.md10/.conda/envs/stress/lib/python3.11/site-packages/timm/models/layers/__init__.py:49: FutureWarning: Importing from timm.models.layers is deprecated, please import via timm.layers
  warnings.warn(f"Importing from {__name__} is deprecated, please import via timm.layers", FutureWarning)
Mode: FT | Extractor: cbramod | Folds: 5
LR: 3e-05 | WD: 0.05 | Beta2: 0.999 | Grad clip: 2.0
Head: hidden=128, dropout=0.0 | Norm: none | Loss: focal
Full FT: encoder_lr_scale=0.1
Augmentation: 75% overlap for increase class

Results → results/hp_sweep/20260410_dass/cbramod/cbramod_encoderlrscale0.1_lr3e-5_s123/
Dataset: 70 recordings loaded (14 increase, 56 normal)
Cache: 70 recordings ready (70 cached, 0 new)

============================================================
Fold 1/5
============================================================
  Train:  45 samples, 12 subjects [1, 2, 3, 4, 6, 7, 9, 10, 13, 14, 16, 18], label_0=34, label_1=11
    Val:  12 samples,  2 subjects [11, 12], label_0=11, label_1=1
   Test:  13 samples,  3 subjects [5, 8, 17], label_0=11, label_1=2
  Building window datasets...
    WindowDataset: 5684 windows (class_0=2641, class_1=3043)
    WindowDataset: 1311 windows (class_0=1250, class_1=61)
    WindowDataset: 837 windows (class_0=711, class_1=126)
[CBraMod] Loaded 209/209 params from weights/cbramod-base/pretrained_weights.pth
  Trainable parameters: 4,935,443
  Class weights: [1.0761075019836426, 0.9339467883110046]
  Fold 1 | Ep   1/50 | t_loss=0.1733 t_acc=0.535 | v_win_bal=0.498 v_rec_bal=0.455 | lr=1.0e-05 | 18.6s
  Fold 1 | Ep   2/50 | t_loss=0.1705 t_acc=0.608 | v_win_bal=0.478 v_rec_bal=0.455 | lr=2.0e-05 | 14.1s
  Fold 1 | Ep   3/50 | t_loss=0.1381 t_acc=0.743 | v_win_bal=0.660 v_rec_bal=0.818 | lr=3.0e-05 | 14.0s
  Fold 1 | Ep   4/50 | t_loss=0.1246 t_acc=0.781 | v_win_bal=0.778 v_rec_bal=0.773 | lr=3.0e-05 | 14.0s
  Fold 1 | Ep   5/50 | t_loss=0.1182 t_acc=0.797 | v_win_bal=0.683 v_rec_bal=0.818 | lr=3.0e-05 | 14.0s
  Fold 1 | Ep   6/50 | t_loss=0.1155 t_acc=0.804 | v_win_bal=0.583 v_rec_bal=0.455 | lr=3.0e-05 | 14.1s
  Fold 1 | Ep   7/50 | t_loss=0.1144 t_acc=0.806 | v_win_bal=0.532 v_rec_bal=0.455 | lr=2.9e-05 | 14.2s
  Fold 1 | Ep   8/50 | t_loss=0.1129 t_acc=0.815 | v_win_bal=0.522 v_rec_bal=0.500 | lr=2.9e-05 | 14.3s
  Fold 1 | Ep   9/50 | t_loss=0.1116 t_acc=0.819 | v_win_bal=0.509 v_rec_bal=0.500 | lr=2.9e-05 | 13.8s
  Fold 1 | Ep  10/50 | t_loss=0.1101 t_acc=0.821 | v_win_bal=0.489 v_rec_bal=0.500 | lr=2.8e-05 | 14.0s
  Fold 1 | Ep  11/50 | t_loss=0.1083 t_acc=0.831 | v_win_bal=0.497 v_rec_bal=0.500 | lr=2.8e-05 | 13.8s
  Fold 1 | Ep  12/50 | t_loss=0.1103 t_acc=0.819 | v_win_bal=0.495 v_rec_bal=0.500 | lr=2.7e-05 | 13.9s
  Fold 1 | Ep  13/50 | t_loss=0.1072 t_acc=0.828 | v_win_bal=0.497 v_rec_bal=0.500 | lr=2.7e-05 | 13.8s
  Fold 1 | Ep  14/50 | t_loss=0.1071 t_acc=0.828 | v_win_bal=0.495 v_rec_bal=0.500 | lr=2.6e-05 | 14.1s
  Fold 1 | Ep  15/50 | t_loss=0.1046 t_acc=0.831 | v_win_bal=0.496 v_rec_bal=0.500 | lr=2.5e-05 | 13.9s
  Fold 1 | Ep  16/50 | t_loss=0.1047 t_acc=0.835 | v_win_bal=0.497 v_rec_bal=0.500 | lr=2.5e-05 | 13.9s
  Fold 1 | Ep  17/50 | t_loss=0.1027 t_acc=0.835 | v_win_bal=0.501 v_rec_bal=0.500 | lr=2.4e-05 | 14.1s
  Fold 1 | Ep  18/50 | t_loss=0.1023 t_acc=0.839 | v_win_bal=0.499 v_rec_bal=0.500 | lr=2.3e-05 | 14.1s
  Fold 1 | Ep  19/50 | t_loss=0.1023 t_acc=0.837 | v_win_bal=0.499 v_rec_bal=0.500 | lr=2.2e-05 | 14.0s
  Fold 1 | Ep  20/50 | t_loss=0.1005 t_acc=0.841 | v_win_bal=0.500 v_rec_bal=0.500 | lr=2.1e-05 | 14.1s
  Early stop at epoch 20
  -> Test (best @ epoch 3): acc=0.3846, bal_acc=0.2273

============================================================
Fold 2/5
============================================================
  Train:  41 samples, 11 subjects [1, 2, 4, 6, 7, 8, 9, 10, 13, 14, 17], label_0=31, label_1=10
    Val:  17 samples,  4 subjects [3, 5, 16, 18], label_0=14, label_1=3
   Test:  12 samples,  2 subjects [11, 12], label_0=11, label_1=1
  Building window datasets...
    WindowDataset: 5268 windows (class_0=2478, class_1=2790)
    WindowDataset: 1064 windows (class_0=874, class_1=190)
    WindowDataset: 1311 windows (class_0=1250, class_1=61)
[CBraMod] Loaded 209/209 params from weights/cbramod-base/pretrained_weights.pth
  Fold 2 | Ep   1/50 | t_loss=0.1731 t_acc=0.538 | v_win_bal=0.504 v_rec_bal=0.571 | lr=1.0e-05 | 12.9s
  Fold 2 | Ep   2/50 | t_loss=0.1705 t_acc=0.651 | v_win_bal=0.401 v_rec_bal=0.321 | lr=2.0e-05 | 13.0s
  Fold 2 | Ep   3/50 | t_loss=0.1457 t_acc=0.697 | v_win_bal=0.458 v_rec_bal=0.310 | lr=3.0e-05 | 13.1s
  Fold 2 | Ep   4/50 | t_loss=0.1276 t_acc=0.755 | v_win_bal=0.499 v_rec_bal=0.536 | lr=3.0e-05 | 12.8s
  Fold 2 | Ep   5/50 | t_loss=0.1159 t_acc=0.777 | v_win_bal=0.476 v_rec_bal=0.536 | lr=3.0e-05 | 12.8s
  Fold 2 | Ep   6/50 | t_loss=0.1118 t_acc=0.788 | v_win_bal=0.373 v_rec_bal=0.405 | lr=3.0e-05 | 27.4s
  Fold 2 | Ep   7/50 | t_loss=0.1066 t_acc=0.802 | v_win_bal=0.333 v_rec_bal=0.238 | lr=2.9e-05 | 25.0s
  Fold 2 | Ep   8/50 | t_loss=0.1007 t_acc=0.824 | v_win_bal=0.323 v_rec_bal=0.286 | lr=2.9e-05 | 23.9s
  Fold 2 | Ep   9/50 | t_loss=0.0960 t_acc=0.836 | v_win_bal=0.366 v_rec_bal=0.321 | lr=2.9e-05 | 21.8s
  Fold 2 | Ep  10/50 | t_loss=0.0884 t_acc=0.851 | v_win_bal=0.399 v_rec_bal=0.429 | lr=2.8e-05 | 25.0s
  Fold 2 | Ep  11/50 | t_loss=0.0815 t_acc=0.867 | v_win_bal=0.437 v_rec_bal=0.464 | lr=2.8e-05 | 23.3s
  Fold 2 | Ep  12/50 | t_loss=0.0769 t_acc=0.881 | v_win_bal=0.476 v_rec_bal=0.500 | lr=2.7e-05 | 23.4s
  Fold 2 | Ep  13/50 | t_loss=0.0745 t_acc=0.883 | v_win_bal=0.486 v_rec_bal=0.500 | lr=2.7e-05 | 23.3s
  Fold 2 | Ep  14/50 | t_loss=0.0713 t_acc=0.890 | v_win_bal=0.479 v_rec_bal=0.500 | lr=2.6e-05 | 25.0s
  Fold 2 | Ep  15/50 | t_loss=0.0721 t_acc=0.889 | v_win_bal=0.489 v_rec_bal=0.500 | lr=2.5e-05 | 19.8s
  Fold 2 | Ep  16/50 | t_loss=0.0692 t_acc=0.899 | v_win_bal=0.489 v_rec_bal=0.500 | lr=2.5e-05 | 21.3s
  Early stop at epoch 16
  -> Test (best @ epoch 1): acc=0.0833, bal_acc=0.5000

============================================================
Fold 3/5
============================================================
  Train:  45 samples, 11 subjects [1, 2, 3, 5, 6, 7, 8, 13, 16, 17, 18], label_0=35, label_1=10
    Val:  12 samples,  2 subjects [11, 12], label_0=11, label_1=1
   Test:  13 samples,  4 subjects [4, 9, 10, 14], label_0=10, label_1=3
  Building window datasets...
    WindowDataset: 4890 windows (class_0=2388, class_1=2502)
    WindowDataset: 1311 windows (class_0=1250, class_1=61)
    WindowDataset: 1226 windows (class_0=964, class_1=262)
[CBraMod] Loaded 209/209 params from weights/cbramod-base/pretrained_weights.pth
  Fold 3 | Ep   1/50 | t_loss=0.1734 t_acc=0.513 | v_win_bal=0.500 v_rec_bal=0.500 | lr=1.0e-05 | 20.8s
  Fold 3 | Ep   2/50 | t_loss=0.1726 t_acc=0.545 | v_win_bal=0.538 v_rec_bal=0.591 | lr=2.0e-05 | 23.1s
  Fold 3 | Ep   3/50 | t_loss=0.1665 t_acc=0.578 | v_win_bal=0.548 v_rec_bal=0.591 | lr=3.0e-05 | 21.1s
  Fold 3 | Ep   4/50 | t_loss=0.1567 t_acc=0.607 | v_win_bal=0.567 v_rec_bal=0.591 | lr=3.0e-05 | 22.8s
  Fold 3 | Ep   5/50 | t_loss=0.1526 t_acc=0.631 | v_win_bal=0.700 v_rec_bal=0.727 | lr=3.0e-05 | 24.9s
  Fold 3 | Ep   6/50 | t_loss=0.1457 t_acc=0.667 | v_win_bal=0.643 v_rec_bal=0.636 | lr=3.0e-05 | 21.2s
  Fold 3 | Ep   7/50 | t_loss=0.1402 t_acc=0.689 | v_win_bal=0.676 v_rec_bal=0.727 | lr=2.9e-05 | 21.8s
  Fold 3 | Ep   8/50 | t_loss=0.1381 t_acc=0.694 | v_win_bal=0.631 v_rec_bal=0.682 | lr=2.9e-05 | 25.9s
  Fold 3 | Ep   9/50 | t_loss=0.1357 t_acc=0.708 | v_win_bal=0.620 v_rec_bal=0.682 | lr=2.9e-05 | 13.4s
  Fold 3 | Ep  10/50 | t_loss=0.1337 t_acc=0.701 | v_win_bal=0.634 v_rec_bal=0.727 | lr=2.8e-05 | 12.2s
  Fold 3 | Ep  11/50 | t_loss=0.1325 t_acc=0.712 | v_win_bal=0.623 v_rec_bal=0.727 | lr=2.8e-05 | 12.4s
  Fold 3 | Ep  12/50 | t_loss=0.1305 t_acc=0.718 | v_win_bal=0.606 v_rec_bal=0.682 | lr=2.7e-05 | 12.5s
  Fold 3 | Ep  13/50 | t_loss=0.1282 t_acc=0.729 | v_win_bal=0.623 v_rec_bal=0.727 | lr=2.7e-05 | 12.3s
  Fold 3 | Ep  14/50 | t_loss=0.1270 t_acc=0.737 | v_win_bal=0.567 v_rec_bal=0.682 | lr=2.6e-05 | 12.4s
  Fold 3 | Ep  15/50 | t_loss=0.1236 t_acc=0.745 | v_win_bal=0.596 v_rec_bal=0.682 | lr=2.5e-05 | 12.3s
  Fold 3 | Ep  16/50 | t_loss=0.1234 t_acc=0.749 | v_win_bal=0.635 v_rec_bal=0.773 | lr=2.5e-05 | 12.1s
  Fold 3 | Ep  17/50 | t_loss=0.1191 t_acc=0.759 | v_win_bal=0.629 v_rec_bal=0.773 | lr=2.4e-05 | 12.3s
  Fold 3 | Ep  18/50 | t_loss=0.1181 t_acc=0.768 | v_win_bal=0.591 v_rec_bal=0.818 | lr=2.3e-05 | 12.3s
  Fold 3 | Ep  19/50 | t_loss=0.1156 t_acc=0.785 | v_win_bal=0.608 v_rec_bal=0.818 | lr=2.2e-05 | 12.4s
  Fold 3 | Ep  20/50 | t_loss=0.1138 t_acc=0.787 | v_win_bal=0.606 v_rec_bal=0.864 | lr=2.1e-05 | 12.5s
  Fold 3 | Ep  21/50 | t_loss=0.1119 t_acc=0.789 | v_win_bal=0.532 v_rec_bal=0.409 | lr=2.0e-05 | 12.3s
  Fold 3 | Ep  22/50 | t_loss=0.1087 t_acc=0.803 | v_win_bal=0.589 v_rec_bal=0.318 | lr=1.9e-05 | 12.4s
  Fold 3 | Ep  23/50 | t_loss=0.1083 t_acc=0.805 | v_win_bal=0.536 v_rec_bal=0.409 | lr=1.8e-05 | 12.3s
  Fold 3 | Ep  24/50 | t_loss=0.1060 t_acc=0.805 | v_win_bal=0.501 v_rec_bal=0.500 | lr=1.7e-05 | 12.3s
  Fold 3 | Ep  25/50 | t_loss=0.1043 t_acc=0.814 | v_win_bal=0.499 v_rec_bal=0.500 | lr=1.7e-05 | 12.4s
  Fold 3 | Ep  26/50 | t_loss=0.1041 t_acc=0.816 | v_win_bal=0.531 v_rec_bal=0.455 | lr=1.6e-05 | 12.3s
  Fold 3 | Ep  27/50 | t_loss=0.1022 t_acc=0.822 | v_win_bal=0.517 v_rec_bal=0.500 | lr=1.4e-05 | 12.3s
  Fold 3 | Ep  28/50 | t_loss=0.1001 t_acc=0.822 | v_win_bal=0.476 v_rec_bal=0.500 | lr=1.3e-05 | 12.5s
  Fold 3 | Ep  29/50 | t_loss=0.1004 t_acc=0.824 | v_win_bal=0.500 v_rec_bal=0.500 | lr=1.3e-05 | 12.2s
  Fold 3 | Ep  30/50 | t_loss=0.0987 t_acc=0.826 | v_win_bal=0.496 v_rec_bal=0.500 | lr=1.2e-05 | 12.4s
  Fold 3 | Ep  31/50 | t_loss=0.0988 t_acc=0.826 | v_win_bal=0.475 v_rec_bal=0.500 | lr=1.1e-05 | 12.4s
  Fold 3 | Ep  32/50 | t_loss=0.0977 t_acc=0.833 | v_win_bal=0.478 v_rec_bal=0.500 | lr=9.6e-06 | 12.2s
  Fold 3 | Ep  33/50 | t_loss=0.0994 t_acc=0.830 | v_win_bal=0.478 v_rec_bal=0.500 | lr=8.7e-06 | 12.4s
  Fold 3 | Ep  34/50 | t_loss=0.0953 t_acc=0.832 | v_win_bal=0.491 v_rec_bal=0.500 | lr=7.8e-06 | 12.1s
  Fold 3 | Ep  35/50 | t_loss=0.0925 t_acc=0.838 | v_win_bal=0.478 v_rec_bal=0.500 | lr=6.9e-06 | 12.2s
  Early stop at epoch 35
  -> Test (best @ epoch 20): acc=0.3077, bal_acc=0.3167

============================================================
Fold 4/5
============================================================
  Train:  41 samples, 11 subjects [1, 2, 4, 5, 7, 8, 9, 10, 14, 17, 18], label_0=31, label_1=10
    Val:  12 samples,  2 subjects [11, 12], label_0=11, label_1=1
   Test:  17 samples,  4 subjects [3, 6, 13, 16], label_0=14, label_1=3
  Building window datasets...
    WindowDataset: 5063 windows (class_0=2273, class_1=2790)
    WindowDataset: 1311 windows (class_0=1250, class_1=61)
    WindowDataset: 1269 windows (class_0=1079, class_1=190)
[CBraMod] Loaded 209/209 params from weights/cbramod-base/pretrained_weights.pth
  Fold 4 | Ep   1/50 | t_loss=0.1732 t_acc=0.536 | v_win_bal=0.500 v_rec_bal=0.500 | lr=1.0e-05 | 13.0s
  Fold 4 | Ep   2/50 | t_loss=0.1727 t_acc=0.582 | v_win_bal=0.501 v_rec_bal=0.455 | lr=2.0e-05 | 12.6s
  Fold 4 | Ep   3/50 | t_loss=0.1672 t_acc=0.594 | v_win_bal=0.543 v_rec_bal=0.455 | lr=3.0e-05 | 12.6s
  Fold 4 | Ep   4/50 | t_loss=0.1559 t_acc=0.665 | v_win_bal=0.759 v_rec_bal=0.773 | lr=3.0e-05 | 12.7s
  Fold 4 | Ep   5/50 | t_loss=0.1498 t_acc=0.685 | v_win_bal=0.722 v_rec_bal=0.773 | lr=3.0e-05 | 12.6s
  Fold 4 | Ep   6/50 | t_loss=0.1432 t_acc=0.697 | v_win_bal=0.531 v_rec_bal=0.500 | lr=3.0e-05 | 12.7s
  Fold 4 | Ep   7/50 | t_loss=0.1370 t_acc=0.711 | v_win_bal=0.536 v_rec_bal=0.500 | lr=2.9e-05 | 12.9s
  Fold 4 | Ep   8/50 | t_loss=0.1317 t_acc=0.730 | v_win_bal=0.565 v_rec_bal=0.500 | lr=2.9e-05 | 12.6s
  Fold 4 | Ep   9/50 | t_loss=0.1266 t_acc=0.752 | v_win_bal=0.591 v_rec_bal=0.500 | lr=2.9e-05 | 12.7s
  Fold 4 | Ep  10/50 | t_loss=0.1183 t_acc=0.774 | v_win_bal=0.747 v_rec_bal=0.773 | lr=2.8e-05 | 12.7s
  Fold 4 | Ep  11/50 | t_loss=0.1090 t_acc=0.800 | v_win_bal=0.769 v_rec_bal=0.864 | lr=2.8e-05 | 12.6s
  Fold 4 | Ep  12/50 | t_loss=0.1045 t_acc=0.817 | v_win_bal=0.679 v_rec_bal=0.864 | lr=2.7e-05 | 12.6s
  Fold 4 | Ep  13/50 | t_loss=0.0992 t_acc=0.826 | v_win_bal=0.526 v_rec_bal=0.500 | lr=2.7e-05 | 12.9s
  Fold 4 | Ep  14/50 | t_loss=0.0980 t_acc=0.825 | v_win_bal=0.525 v_rec_bal=0.500 | lr=2.6e-05 | 12.6s
  Fold 4 | Ep  15/50 | t_loss=0.0908 t_acc=0.848 | v_win_bal=0.522 v_rec_bal=0.500 | lr=2.5e-05 | 12.7s
  Fold 4 | Ep  16/50 | t_loss=0.0895 t_acc=0.848 | v_win_bal=0.502 v_rec_bal=0.500 | lr=2.5e-05 | 13.0s
  Fold 4 | Ep  17/50 | t_loss=0.0872 t_acc=0.848 | v_win_bal=0.501 v_rec_bal=0.500 | lr=2.4e-05 | 12.8s
  Fold 4 | Ep  18/50 | t_loss=0.0816 t_acc=0.863 | v_win_bal=0.494 v_rec_bal=0.500 | lr=2.3e-05 | 12.8s
  Fold 4 | Ep  19/50 | t_loss=0.0816 t_acc=0.860 | v_win_bal=0.497 v_rec_bal=0.500 | lr=2.2e-05 | 12.9s
  Fold 4 | Ep  20/50 | t_loss=0.0785 t_acc=0.865 | v_win_bal=0.497 v_rec_bal=0.500 | lr=2.1e-05 | 12.7s
  Fold 4 | Ep  21/50 | t_loss=0.0784 t_acc=0.866 | v_win_bal=0.496 v_rec_bal=0.500 | lr=2.0e-05 | 12.7s
  Fold 4 | Ep  22/50 | t_loss=0.0780 t_acc=0.871 | v_win_bal=0.496 v_rec_bal=0.500 | lr=1.9e-05 | 12.9s
  Fold 4 | Ep  23/50 | t_loss=0.0741 t_acc=0.872 | v_win_bal=0.494 v_rec_bal=0.500 | lr=1.8e-05 | 12.7s
  Fold 4 | Ep  24/50 | t_loss=0.0733 t_acc=0.882 | v_win_bal=0.492 v_rec_bal=0.500 | lr=1.7e-05 | 12.7s
  Fold 4 | Ep  25/50 | t_loss=0.0704 t_acc=0.883 | v_win_bal=0.496 v_rec_bal=0.500 | lr=1.7e-05 | 12.8s
  Fold 4 | Ep  26/50 | t_loss=0.0717 t_acc=0.879 | v_win_bal=0.496 v_rec_bal=0.500 | lr=1.6e-05 | 12.9s
  Fold 4 | Ep  27/50 | t_loss=0.0724 t_acc=0.881 | v_win_bal=0.496 v_rec_bal=0.500 | lr=1.4e-05 | 12.9s
  Early stop at epoch 27
  -> Test (best @ epoch 11): acc=0.7647, bal_acc=0.4643

============================================================
Fold 5/5
============================================================
  Train:  43 samples, 11 subjects [3, 4, 5, 6, 8, 9, 10, 13, 14, 16, 17], label_0=35, label_1=8
    Val:  12 samples,  2 subjects [11, 12], label_0=11, label_1=1
   Test:  15 samples,  4 subjects [1, 2, 7, 18], label_0=10, label_1=5
  Building window datasets...
    WindowDataset: 5042 windows (class_0=2754, class_1=2288)
    WindowDataset: 1311 windows (class_0=1250, class_1=61)
    WindowDataset: 915 windows (class_0=598, class_1=317)
[CBraMod] Loaded 209/209 params from weights/cbramod-base/pretrained_weights.pth
  Fold 5 | Ep   1/50 | t_loss=0.1733 t_acc=0.547 | v_win_bal=0.500 v_rec_bal=0.500 | lr=1.0e-05 | 12.6s
  Fold 5 | Ep   2/50 | t_loss=0.1728 t_acc=0.576 | v_win_bal=0.473 v_rec_bal=0.500 | lr=2.0e-05 | 12.7s
  Fold 5 | Ep   3/50 | t_loss=0.1660 t_acc=0.619 | v_win_bal=0.738 v_rec_bal=0.818 | lr=3.0e-05 | 12.7s
  Fold 5 | Ep   4/50 | t_loss=0.1459 t_acc=0.724 | v_win_bal=0.518 v_rec_bal=0.545 | lr=3.0e-05 | 12.5s
  Fold 5 | Ep   5/50 | t_loss=0.1355 t_acc=0.736 | v_win_bal=0.527 v_rec_bal=0.545 | lr=3.0e-05 | 12.7s
  Fold 5 | Ep   6/50 | t_loss=0.1294 t_acc=0.758 | v_win_bal=0.539 v_rec_bal=0.727 | lr=3.0e-05 | 12.6s
  Fold 5 | Ep   7/50 | t_loss=0.1276 t_acc=0.765 | v_win_bal=0.426 v_rec_bal=0.455 | lr=2.9e-05 | 12.5s
  Fold 5 | Ep   8/50 | t_loss=0.1240 t_acc=0.765 | v_win_bal=0.472 v_rec_bal=0.500 | lr=2.9e-05 | 12.4s
  Fold 5 | Ep   9/50 | t_loss=0.1207 t_acc=0.776 | v_win_bal=0.480 v_rec_bal=0.500 | lr=2.9e-05 | 12.7s
  Fold 5 | Ep  10/50 | t_loss=0.1198 t_acc=0.785 | v_win_bal=0.490 v_rec_bal=0.500 | lr=2.8e-05 | 12.6s
  Fold 5 | Ep  11/50 | t_loss=0.1184 t_acc=0.784 | v_win_bal=0.493 v_rec_bal=0.500 | lr=2.8e-05 | 12.6s
  Fold 5 | Ep  12/50 | t_loss=0.1180 t_acc=0.785 | v_win_bal=0.490 v_rec_bal=0.500 | lr=2.7e-05 | 12.7s
  Fold 5 | Ep  13/50 | t_loss=0.1149 t_acc=0.791 | v_win_bal=0.494 v_rec_bal=0.500 | lr=2.7e-05 | 12.8s
  Fold 5 | Ep  14/50 | t_loss=0.1134 t_acc=0.795 | v_win_bal=0.489 v_rec_bal=0.500 | lr=2.6e-05 | 12.7s
  Fold 5 | Ep  15/50 | t_loss=0.1105 t_acc=0.800 | v_win_bal=0.494 v_rec_bal=0.500 | lr=2.5e-05 | 12.8s
  Fold 5 | Ep  16/50 | t_loss=0.1114 t_acc=0.799 | v_win_bal=0.492 v_rec_bal=0.500 | lr=2.5e-05 | 12.6s
  Fold 5 | Ep  17/50 | t_loss=0.1096 t_acc=0.802 | v_win_bal=0.491 v_rec_bal=0.500 | lr=2.4e-05 | 12.5s
  Fold 5 | Ep  18/50 | t_loss=0.1102 t_acc=0.799 | v_win_bal=0.488 v_rec_bal=0.500 | lr=2.3e-05 | 12.9s
  Fold 5 | Ep  19/50 | t_loss=0.1095 t_acc=0.799 | v_win_bal=0.481 v_rec_bal=0.500 | lr=2.2e-05 | 12.7s
  Fold 5 | Ep  20/50 | t_loss=0.1067 t_acc=0.808 | v_win_bal=0.490 v_rec_bal=0.500 | lr=2.1e-05 | 12.6s
  Early stop at epoch 20
  -> Test (best @ epoch 3): acc=0.8000, bal_acc=0.7500

============================================================
Global Results (5-Fold, subject-level CV)
Mode: FT | Extractor: cbramod | Loss: focal
============================================================
              acc: 0.5000
          bal_acc: 0.4464
               f1: 0.5497
            kappa: -0.0736
  Total predictions: 70 (should equal dataset size: 70)

Results saved to results/hp_sweep/20260410_dass/cbramod/cbramod_encoderlrscale0.1_lr3e-5_s123/
