/raid/jupyter-linjimmy1003.md10/.conda/envs/stress/lib/python3.11/site-packages/timm/models/layers/__init__.py:49: FutureWarning: Importing from timm.models.layers is deprecated, please import via timm.layers
  warnings.warn(f"Importing from {__name__} is deprecated, please import via timm.layers", FutureWarning)
Mode: FT | Extractor: cbramod | Label: dass
Device: cuda:7 | Folds: 5 | Loss: focal
Augmentation: 75% overlap for increase class
LR: 1e-05 | WD: 0.05 | BS: 32 | Grad-accum: 1 | Grad-clip: 1.0

Results -> results/studies/exp20_wang_split_llrd/cbramod_s0/
Window: 5.0s
Duration filter: skipped 10 recordings > 400.0s
Dataset: 82 recordings loaded (19 increase, 63 normal)
Cache: 82 recordings ready (82 cached, 0 new)
Labels (dass): class_0=63, class_1=19 (total=82)

Wang single split (seed=0): train=65, val=8, test=9

============================================================
Wang split (seed=0)
============================================================
  Train:  65 trials, label_0=50, label_1=15
    Val:   8 trials, label_0=6, label_1=2
   Test:   9 trials, label_0=7, label_1=2
  Building window datasets...
    WindowDataset: 6704 windows (class_0=3045, class_1=3659)
    WindowDataset: 484 windows (class_0=363, class_1=121)
    WindowDataset: 531 windows (class_0=457, class_1=74)
[CBraMod] Loaded 209/209 params from weights/cbramod-base/pretrained_weights.pth
  Trainable parameters: 4,884,203
  Class weights: [1.1008210182189941, 0.9160972833633423]
  LLRD: 13 layer groups, LR ∈ [5.69e-08, 1.00e-05] (decay=0.65)
  Fold 1 | Ep   1/50 | t_loss=0.1740 t_acc=0.471 | v_loss=0.2041 v_bal=0.500 | v_rec_bal=0.500 | lr=3.3e-06 | 19.7s
  Fold 1 | Ep   2/50 | t_loss=0.1729 t_acc=0.541 | v_loss=0.2093 v_bal=0.500 | v_rec_bal=0.500 | lr=6.7e-06 | 13.8s
  Fold 1 | Ep   3/50 | t_loss=0.1714 t_acc=0.587 | v_loss=0.2525 v_bal=0.500 | v_rec_bal=0.500 | lr=1.0e-05 | 13.5s
  Fold 1 | Ep   4/50 | t_loss=0.1683 t_acc=0.595 | v_loss=0.3934 v_bal=0.497 | v_rec_bal=0.500 | lr=1.0e-05 | 13.2s
  Fold 1 | Ep   5/50 | t_loss=0.1658 t_acc=0.600 | v_loss=0.6723 v_bal=0.500 | v_rec_bal=0.500 | lr=1.0e-05 | 14.2s
  Fold 1 | Ep   6/50 | t_loss=0.1632 t_acc=0.609 | v_loss=1.1130 v_bal=0.500 | v_rec_bal=0.500 | lr=9.9e-06 | 13.6s
  Fold 1 | Ep   7/50 | t_loss=0.1627 t_acc=0.608 | v_loss=1.1086 v_bal=0.501 | v_rec_bal=0.500 | lr=9.8e-06 | 13.6s
  Fold 1 | Ep   8/50 | t_loss=0.1614 t_acc=0.615 | v_loss=1.2610 v_bal=0.511 | v_rec_bal=0.500 | lr=9.7e-06 | 13.0s
  Fold 1 | Ep   9/50 | t_loss=0.1605 t_acc=0.622 | v_loss=1.4592 v_bal=0.525 | v_rec_bal=0.500 | lr=9.6e-06 | 13.6s
  Fold 1 | Ep  10/50 | t_loss=0.1600 t_acc=0.622 | v_loss=1.5710 v_bal=0.537 | v_rec_bal=0.583 | lr=9.5e-06 | 13.4s
  Fold 1 | Ep  11/50 | t_loss=0.1589 t_acc=0.626 | v_loss=1.7791 v_bal=0.544 | v_rec_bal=0.583 | lr=9.3e-06 | 13.7s
  Fold 1 | Ep  12/50 | t_loss=0.1599 t_acc=0.618 | v_loss=1.7355 v_bal=0.547 | v_rec_bal=0.583 | lr=9.1e-06 | 13.2s
  Fold 1 | Ep  13/50 | t_loss=0.1578 t_acc=0.633 | v_loss=1.8493 v_bal=0.547 | v_rec_bal=0.583 | lr=8.9e-06 | 12.9s
  Fold 1 | Ep  14/50 | t_loss=0.1583 t_acc=0.624 | v_loss=1.7412 v_bal=0.547 | v_rec_bal=0.583 | lr=8.7e-06 | 13.2s
  Fold 1 | Ep  15/50 | t_loss=0.1581 t_acc=0.631 | v_loss=1.7241 v_bal=0.548 | v_rec_bal=0.583 | lr=8.5e-06 | 13.2s
  Fold 1 | Ep  16/50 | t_loss=0.1568 t_acc=0.634 | v_loss=1.8815 v_bal=0.548 | v_rec_bal=0.583 | lr=8.2e-06 | 13.2s
  Fold 1 | Ep  17/50 | t_loss=0.1588 t_acc=0.625 | v_loss=1.7851 v_bal=0.548 | v_rec_bal=0.583 | lr=8.0e-06 | 13.0s
  Fold 1 | Ep  18/50 | t_loss=0.1564 t_acc=0.638 | v_loss=1.8661 v_bal=0.548 | v_rec_bal=0.583 | lr=7.7e-06 | 13.2s
  Fold 1 | Ep  19/50 | t_loss=0.1580 t_acc=0.633 | v_loss=1.8704 v_bal=0.548 | v_rec_bal=0.583 | lr=7.4e-06 | 13.4s
  Fold 1 | Ep  20/50 | t_loss=0.1565 t_acc=0.636 | v_loss=1.8576 v_bal=0.548 | v_rec_bal=0.583 | lr=7.1e-06 | 13.3s
  Fold 1 | Ep  21/50 | t_loss=0.1573 t_acc=0.635 | v_loss=1.7691 v_bal=0.548 | v_rec_bal=0.583 | lr=6.8e-06 | 13.4s
  Fold 1 | Ep  22/50 | t_loss=0.1565 t_acc=0.632 | v_loss=1.8654 v_bal=0.548 | v_rec_bal=0.583 | lr=6.5e-06 | 13.0s
  Fold 1 | Ep  23/50 | t_loss=0.1556 t_acc=0.643 | v_loss=1.9017 v_bal=0.548 | v_rec_bal=0.583 | lr=6.2e-06 | 13.1s
  Fold 1 | Ep  24/50 | t_loss=0.1560 t_acc=0.638 | v_loss=1.8337 v_bal=0.550 | v_rec_bal=0.583 | lr=5.8e-06 | 12.9s
  Fold 1 | Ep  25/50 | t_loss=0.1564 t_acc=0.637 | v_loss=1.8725 v_bal=0.548 | v_rec_bal=0.583 | lr=5.5e-06 | 12.2s
  Fold 1 | Ep  26/50 | t_loss=0.1565 t_acc=0.638 | v_loss=1.7427 v_bal=0.548 | v_rec_bal=0.583 | lr=5.2e-06 | 12.8s
  Fold 1 | Ep  27/50 | t_loss=0.1549 t_acc=0.641 | v_loss=1.7873 v_bal=0.548 | v_rec_bal=0.583 | lr=4.8e-06 | 12.7s
  Fold 1 | Ep  28/50 | t_loss=0.1552 t_acc=0.644 | v_loss=1.7857 v_bal=0.550 | v_rec_bal=0.583 | lr=4.5e-06 | 13.2s
  Fold 1 | Ep  29/50 | t_loss=0.1554 t_acc=0.639 | v_loss=1.7757 v_bal=0.550 | v_rec_bal=0.583 | lr=4.2e-06 | 13.1s
  Fold 1 | Ep  30/50 | t_loss=0.1547 t_acc=0.638 | v_loss=1.8383 v_bal=0.550 | v_rec_bal=0.583 | lr=3.8e-06 | 13.3s
  Fold 1 | Ep  31/50 | t_loss=0.1557 t_acc=0.639 | v_loss=1.7636 v_bal=0.550 | v_rec_bal=0.583 | lr=3.5e-06 | 13.0s
  Fold 1 | Ep  32/50 | t_loss=0.1551 t_acc=0.642 | v_loss=1.7520 v_bal=0.551 | v_rec_bal=0.583 | lr=3.2e-06 | 13.5s
  Fold 1 | Ep  33/50 | t_loss=0.1547 t_acc=0.640 | v_loss=1.7516 v_bal=0.551 | v_rec_bal=0.583 | lr=2.9e-06 | 12.7s
  Fold 1 | Ep  34/50 | t_loss=0.1543 t_acc=0.645 | v_loss=1.7370 v_bal=0.551 | v_rec_bal=0.583 | lr=2.6e-06 | 14.7s
  Fold 1 | Ep  35/50 | t_loss=0.1559 t_acc=0.634 | v_loss=1.7625 v_bal=0.551 | v_rec_bal=0.583 | lr=2.3e-06 | 12.3s
  Fold 1 | Ep  36/50 | t_loss=0.1543 t_acc=0.642 | v_loss=1.8011 v_bal=0.551 | v_rec_bal=0.583 | lr=2.0e-06 | 13.2s
  Fold 1 | Ep  37/50 | t_loss=0.1548 t_acc=0.638 | v_loss=1.7835 v_bal=0.551 | v_rec_bal=0.583 | lr=1.8e-06 | 12.5s
  Fold 1 | Ep  38/50 | t_loss=0.1541 t_acc=0.647 | v_loss=1.7981 v_bal=0.551 | v_rec_bal=0.583 | lr=1.5e-06 | 12.4s
  Fold 1 | Ep  39/50 | t_loss=0.1544 t_acc=0.640 | v_loss=1.7583 v_bal=0.551 | v_rec_bal=0.583 | lr=1.3e-06 | 12.7s
  Fold 1 | Ep  40/50 | t_loss=0.1546 t_acc=0.641 | v_loss=1.7691 v_bal=0.551 | v_rec_bal=0.583 | lr=1.1e-06 | 12.6s
  Fold 1 | Ep  41/50 | t_loss=0.1538 t_acc=0.647 | v_loss=1.7832 v_bal=0.551 | v_rec_bal=0.583 | lr=8.8e-07 | 13.3s
  Fold 1 | Ep  42/50 | t_loss=0.1551 t_acc=0.637 | v_loss=1.7572 v_bal=0.551 | v_rec_bal=0.583 | lr=7.0e-07 | 12.7s
  Fold 1 | Ep  43/50 | t_loss=0.1547 t_acc=0.643 | v_loss=1.7510 v_bal=0.551 | v_rec_bal=0.583 | lr=5.4e-07 | 12.9s
  Fold 1 | Ep  44/50 | t_loss=0.1543 t_acc=0.641 | v_loss=1.7509 v_bal=0.551 | v_rec_bal=0.583 | lr=4.0e-07 | 13.0s
  Fold 1 | Ep  45/50 | t_loss=0.1541 t_acc=0.638 | v_loss=1.7474 v_bal=0.551 | v_rec_bal=0.583 | lr=2.8e-07 | 12.9s
  Fold 1 | Ep  46/50 | t_loss=0.1553 t_acc=0.640 | v_loss=1.7547 v_bal=0.551 | v_rec_bal=0.583 | lr=1.8e-07 | 12.7s
  Fold 1 | Ep  47/50 | t_loss=0.1551 t_acc=0.640 | v_loss=1.7491 v_bal=0.551 | v_rec_bal=0.583 | lr=1.0e-07 | 13.6s
  Fold 1 | Ep  48/50 | t_loss=0.1542 t_acc=0.640 | v_loss=1.7513 v_bal=0.551 | v_rec_bal=0.583 | lr=1.0e-07 | 12.6s
  Fold 1 | Ep  49/50 | t_loss=0.1545 t_acc=0.640 | v_loss=1.7514 v_bal=0.551 | v_rec_bal=0.583 | lr=1.0e-07 | 12.7s
  Fold 1 | Ep  50/50 | t_loss=0.1546 t_acc=0.637 | v_loss=1.7499 v_bal=0.551 | v_rec_bal=0.583 | lr=1.0e-07 | 12.2s
  -> Test (best @ epoch 10): acc=0.2222, bal_acc=0.5000

============================================================
Global Results (Wang single split (seed=0), FT)
Extractor: cbramod | Label: dass | Loss: focal
Augmentation: 75% overlap for increase class
============================================================
           acc: 0.2222
       bal_acc: 0.5000
            f1: 0.0808
         kappa: 0.0000
  Predictions: 9 (dataset: 82)

Results saved to results/studies/exp20_wang_split_llrd/cbramod_s0/
