/raid/jupyter-linjimmy1003.md10/.conda/envs/stress/lib/python3.11/site-packages/timm/models/layers/__init__.py:49: FutureWarning: Importing from timm.models.layers is deprecated, please import via timm.layers
  warnings.warn(f"Importing from {__name__} is deprecated, please import via timm.layers", FutureWarning)
Mode: FT | Extractor: cbramod | Folds: 5
LR: 3e-05 | WD: 0.05 | Beta2: 0.999 | Grad clip: 2.0
Head: hidden=128, dropout=0.0 | Norm: none | Loss: focal
Full FT: encoder_lr_scale=0.1
Augmentation: 75% overlap for increase class

Results → results/hp_sweep/20260410_dass/cbramod/cbramod_encoderlrscale0.1_lr3e-5_s42/
Dataset: 70 recordings loaded (14 increase, 56 normal)
Cache: 70 recordings ready (70 cached, 0 new)

============================================================
Fold 1/5
============================================================
  Train:  45 samples, 12 subjects [1, 2, 3, 4, 6, 7, 9, 10, 13, 14, 16, 18], label_0=34, label_1=11
    Val:  12 samples,  2 subjects [5, 11], label_0=11, label_1=1
   Test:  13 samples,  3 subjects [8, 12, 17], label_0=11, label_1=2
  Building window datasets...
    WindowDataset: 5684 windows (class_0=2641, class_1=3043)
    WindowDataset: 964 windows (class_0=903, class_1=61)
    WindowDataset: 1184 windows (class_0=1058, class_1=126)
[CBraMod] Loaded 209/209 params from weights/cbramod-base/pretrained_weights.pth
  Trainable parameters: 4,935,443
  Class weights: [1.0761075019836426, 0.9339467883110046]
  Fold 1 | Ep   1/50 | t_loss=0.1734 t_acc=0.535 | v_win_bal=0.491 v_rec_bal=0.500 | lr=1.0e-05 | 15.6s
  Fold 1 | Ep   2/50 | t_loss=0.1705 t_acc=0.616 | v_win_bal=0.329 v_rec_bal=0.227 | lr=2.0e-05 | 12.4s
  Fold 1 | Ep   3/50 | t_loss=0.1435 t_acc=0.720 | v_win_bal=0.410 v_rec_bal=0.545 | lr=3.0e-05 | 17.4s
  Fold 1 | Ep   4/50 | t_loss=0.1271 t_acc=0.774 | v_win_bal=0.504 v_rec_bal=0.500 | lr=3.0e-05 | 32.1s
  Fold 1 | Ep   5/50 | t_loss=0.1198 t_acc=0.798 | v_win_bal=0.434 v_rec_bal=0.545 | lr=3.0e-05 | 29.6s
  Fold 1 | Ep   6/50 | t_loss=0.1165 t_acc=0.799 | v_win_bal=0.357 v_rec_bal=0.227 | lr=3.0e-05 | 24.6s
  Fold 1 | Ep   7/50 | t_loss=0.1139 t_acc=0.809 | v_win_bal=0.380 v_rec_bal=0.318 | lr=2.9e-05 | 26.1s
  Fold 1 | Ep   8/50 | t_loss=0.1142 t_acc=0.808 | v_win_bal=0.420 v_rec_bal=0.455 | lr=2.9e-05 | 24.3s
  Fold 1 | Ep   9/50 | t_loss=0.1093 t_acc=0.819 | v_win_bal=0.427 v_rec_bal=0.500 | lr=2.9e-05 | 25.3s
  Fold 1 | Ep  10/50 | t_loss=0.1099 t_acc=0.819 | v_win_bal=0.444 v_rec_bal=0.500 | lr=2.8e-05 | 23.6s
  Fold 1 | Ep  11/50 | t_loss=0.1097 t_acc=0.818 | v_win_bal=0.451 v_rec_bal=0.500 | lr=2.8e-05 | 27.3s
  Fold 1 | Ep  12/50 | t_loss=0.1070 t_acc=0.828 | v_win_bal=0.461 v_rec_bal=0.500 | lr=2.7e-05 | 21.8s
  Fold 1 | Ep  13/50 | t_loss=0.1077 t_acc=0.827 | v_win_bal=0.460 v_rec_bal=0.500 | lr=2.7e-05 | 23.1s
  Fold 1 | Ep  14/50 | t_loss=0.1052 t_acc=0.833 | v_win_bal=0.466 v_rec_bal=0.500 | lr=2.6e-05 | 23.1s
  Fold 1 | Ep  15/50 | t_loss=0.1047 t_acc=0.830 | v_win_bal=0.480 v_rec_bal=0.500 | lr=2.5e-05 | 24.3s
  Fold 1 | Ep  16/50 | t_loss=0.1034 t_acc=0.831 | v_win_bal=0.483 v_rec_bal=0.500 | lr=2.5e-05 | 23.9s
  Fold 1 | Ep  17/50 | t_loss=0.1021 t_acc=0.839 | v_win_bal=0.484 v_rec_bal=0.500 | lr=2.4e-05 | 24.5s
  Fold 1 | Ep  18/50 | t_loss=0.1007 t_acc=0.839 | v_win_bal=0.489 v_rec_bal=0.500 | lr=2.3e-05 | 24.2s
  Fold 1 | Ep  19/50 | t_loss=0.1011 t_acc=0.837 | v_win_bal=0.496 v_rec_bal=0.500 | lr=2.2e-05 | 22.8s
  Fold 1 | Ep  20/50 | t_loss=0.1005 t_acc=0.839 | v_win_bal=0.495 v_rec_bal=0.500 | lr=2.1e-05 | 24.3s
  Early stop at epoch 20
  -> Test (best @ epoch 3): acc=0.8462, bal_acc=0.5000

============================================================
Fold 2/5
============================================================
  Train:  41 samples, 11 subjects [1, 2, 4, 6, 7, 9, 10, 13, 14, 17, 18], label_0=31, label_1=10
    Val:  17 samples,  4 subjects [3, 8, 12, 16], label_0=14, label_1=3
   Test:  12 samples,  2 subjects [5, 11], label_0=11, label_1=1
  Building window datasets...
    WindowDataset: 5250 windows (class_0=2460, class_1=2790)
    WindowDataset: 1429 windows (class_0=1239, class_1=190)
    WindowDataset: 964 windows (class_0=903, class_1=61)
[CBraMod] Loaded 209/209 params from weights/cbramod-base/pretrained_weights.pth
  Fold 2 | Ep   1/50 | t_loss=0.1735 t_acc=0.533 | v_win_bal=0.496 v_rec_bal=0.500 | lr=1.0e-05 | 15.5s
  Fold 2 | Ep   2/50 | t_loss=0.1710 t_acc=0.566 | v_win_bal=0.550 v_rec_bal=0.583 | lr=2.0e-05 | 12.3s
  Fold 2 | Ep   3/50 | t_loss=0.1540 t_acc=0.655 | v_win_bal=0.748 v_rec_bal=0.714 | lr=3.0e-05 | 12.3s
  Fold 2 | Ep   4/50 | t_loss=0.1290 t_acc=0.751 | v_win_bal=0.501 v_rec_bal=0.500 | lr=3.0e-05 | 12.3s
  Fold 2 | Ep   5/50 | t_loss=0.1186 t_acc=0.777 | v_win_bal=0.529 v_rec_bal=0.500 | lr=3.0e-05 | 12.3s
  Fold 2 | Ep   6/50 | t_loss=0.1143 t_acc=0.789 | v_win_bal=0.571 v_rec_bal=0.643 | lr=3.0e-05 | 12.3s
  Fold 2 | Ep   7/50 | t_loss=0.1096 t_acc=0.798 | v_win_bal=0.598 v_rec_bal=0.619 | lr=2.9e-05 | 12.3s
  Fold 2 | Ep   8/50 | t_loss=0.1056 t_acc=0.813 | v_win_bal=0.595 v_rec_bal=0.690 | lr=2.9e-05 | 12.3s
  Fold 2 | Ep   9/50 | t_loss=0.1033 t_acc=0.816 | v_win_bal=0.559 v_rec_bal=0.595 | lr=2.9e-05 | 12.3s
  Fold 2 | Ep  10/50 | t_loss=0.1011 t_acc=0.820 | v_win_bal=0.512 v_rec_bal=0.429 | lr=2.8e-05 | 12.3s
  Fold 2 | Ep  11/50 | t_loss=0.0954 t_acc=0.836 | v_win_bal=0.496 v_rec_bal=0.464 | lr=2.8e-05 | 12.3s
  Fold 2 | Ep  12/50 | t_loss=0.0890 t_acc=0.854 | v_win_bal=0.482 v_rec_bal=0.464 | lr=2.7e-05 | 12.2s
  Fold 2 | Ep  13/50 | t_loss=0.0838 t_acc=0.864 | v_win_bal=0.485 v_rec_bal=0.464 | lr=2.7e-05 | 12.2s
  Fold 2 | Ep  14/50 | t_loss=0.0822 t_acc=0.866 | v_win_bal=0.486 v_rec_bal=0.464 | lr=2.6e-05 | 12.2s
  Fold 2 | Ep  15/50 | t_loss=0.0804 t_acc=0.870 | v_win_bal=0.488 v_rec_bal=0.464 | lr=2.5e-05 | 12.2s
  Fold 2 | Ep  16/50 | t_loss=0.0792 t_acc=0.872 | v_win_bal=0.490 v_rec_bal=0.500 | lr=2.5e-05 | 12.2s
  Fold 2 | Ep  17/50 | t_loss=0.0760 t_acc=0.878 | v_win_bal=0.488 v_rec_bal=0.464 | lr=2.4e-05 | 12.2s
  Fold 2 | Ep  18/50 | t_loss=0.0779 t_acc=0.873 | v_win_bal=0.487 v_rec_bal=0.464 | lr=2.3e-05 | 12.2s
  Fold 2 | Ep  19/50 | t_loss=0.0740 t_acc=0.882 | v_win_bal=0.487 v_rec_bal=0.464 | lr=2.2e-05 | 12.2s
  Fold 2 | Ep  20/50 | t_loss=0.0725 t_acc=0.881 | v_win_bal=0.488 v_rec_bal=0.464 | lr=2.1e-05 | 12.5s
  Fold 2 | Ep  21/50 | t_loss=0.0709 t_acc=0.890 | v_win_bal=0.489 v_rec_bal=0.464 | lr=2.0e-05 | 12.2s
  Fold 2 | Ep  22/50 | t_loss=0.0721 t_acc=0.885 | v_win_bal=0.489 v_rec_bal=0.500 | lr=1.9e-05 | 12.2s
  Fold 2 | Ep  23/50 | t_loss=0.0680 t_acc=0.889 | v_win_bal=0.491 v_rec_bal=0.500 | lr=1.8e-05 | 12.2s
  Early stop at epoch 23
  -> Test (best @ epoch 3): acc=0.0833, bal_acc=0.5000

============================================================
Fold 3/5
============================================================
  Train:  45 samples, 11 subjects [1, 2, 3, 5, 6, 7, 8, 13, 16, 17, 18], label_0=35, label_1=10
    Val:  12 samples,  2 subjects [11, 12], label_0=11, label_1=1
   Test:  13 samples,  4 subjects [4, 9, 10, 14], label_0=10, label_1=3
  Building window datasets...
    WindowDataset: 4890 windows (class_0=2388, class_1=2502)
    WindowDataset: 1311 windows (class_0=1250, class_1=61)
    WindowDataset: 1226 windows (class_0=964, class_1=262)
[CBraMod] Loaded 209/209 params from weights/cbramod-base/pretrained_weights.pth
  Fold 3 | Ep   1/50 | t_loss=0.1746 t_acc=0.513 | v_win_bal=0.500 v_rec_bal=0.500 | lr=1.0e-05 | 11.3s
  Fold 3 | Ep   2/50 | t_loss=0.1725 t_acc=0.543 | v_win_bal=0.419 v_rec_bal=0.136 | lr=2.0e-05 | 11.3s
  Fold 3 | Ep   3/50 | t_loss=0.1666 t_acc=0.571 | v_win_bal=0.590 v_rec_bal=0.591 | lr=3.0e-05 | 11.2s
  Fold 3 | Ep   4/50 | t_loss=0.1567 t_acc=0.613 | v_win_bal=0.613 v_rec_bal=0.591 | lr=3.0e-05 | 11.3s
  Fold 3 | Ep   5/50 | t_loss=0.1534 t_acc=0.635 | v_win_bal=0.650 v_rec_bal=0.682 | lr=3.0e-05 | 11.5s
  Fold 3 | Ep   6/50 | t_loss=0.1507 t_acc=0.645 | v_win_bal=0.665 v_rec_bal=0.636 | lr=3.0e-05 | 11.4s
  Fold 3 | Ep   7/50 | t_loss=0.1461 t_acc=0.678 | v_win_bal=0.688 v_rec_bal=0.682 | lr=2.9e-05 | 11.3s
  Fold 3 | Ep   8/50 | t_loss=0.1412 t_acc=0.692 | v_win_bal=0.655 v_rec_bal=0.636 | lr=2.9e-05 | 11.3s
  Fold 3 | Ep   9/50 | t_loss=0.1380 t_acc=0.696 | v_win_bal=0.651 v_rec_bal=0.773 | lr=2.9e-05 | 11.3s
  Fold 3 | Ep  10/50 | t_loss=0.1348 t_acc=0.703 | v_win_bal=0.651 v_rec_bal=0.727 | lr=2.8e-05 | 11.3s
  Fold 3 | Ep  11/50 | t_loss=0.1329 t_acc=0.715 | v_win_bal=0.649 v_rec_bal=0.682 | lr=2.8e-05 | 11.3s
  Fold 3 | Ep  12/50 | t_loss=0.1333 t_acc=0.718 | v_win_bal=0.659 v_rec_bal=0.773 | lr=2.7e-05 | 11.3s
  Fold 3 | Ep  13/50 | t_loss=0.1305 t_acc=0.724 | v_win_bal=0.676 v_rec_bal=0.773 | lr=2.7e-05 | 11.4s
  Fold 3 | Ep  14/50 | t_loss=0.1283 t_acc=0.733 | v_win_bal=0.652 v_rec_bal=0.773 | lr=2.6e-05 | 11.4s
  Fold 3 | Ep  15/50 | t_loss=0.1257 t_acc=0.747 | v_win_bal=0.632 v_rec_bal=0.773 | lr=2.5e-05 | 11.4s
  Fold 3 | Ep  16/50 | t_loss=0.1264 t_acc=0.742 | v_win_bal=0.673 v_rec_bal=0.773 | lr=2.5e-05 | 11.3s
  Fold 3 | Ep  17/50 | t_loss=0.1226 t_acc=0.756 | v_win_bal=0.649 v_rec_bal=0.773 | lr=2.4e-05 | 11.3s
  Fold 3 | Ep  18/50 | t_loss=0.1199 t_acc=0.768 | v_win_bal=0.610 v_rec_bal=0.818 | lr=2.3e-05 | 11.3s
  Fold 3 | Ep  19/50 | t_loss=0.1198 t_acc=0.773 | v_win_bal=0.675 v_rec_bal=0.864 | lr=2.2e-05 | 11.3s
  Fold 3 | Ep  20/50 | t_loss=0.1166 t_acc=0.785 | v_win_bal=0.564 v_rec_bal=0.409 | lr=2.1e-05 | 11.3s
  Fold 3 | Ep  21/50 | t_loss=0.1142 t_acc=0.785 | v_win_bal=0.600 v_rec_bal=0.364 | lr=2.0e-05 | 11.4s
  Fold 3 | Ep  22/50 | t_loss=0.1139 t_acc=0.776 | v_win_bal=0.582 v_rec_bal=0.364 | lr=1.9e-05 | 11.3s
  Fold 3 | Ep  23/50 | t_loss=0.1102 t_acc=0.797 | v_win_bal=0.571 v_rec_bal=0.364 | lr=1.8e-05 | 11.6s
  Fold 3 | Ep  24/50 | t_loss=0.1110 t_acc=0.791 | v_win_bal=0.552 v_rec_bal=0.455 | lr=1.7e-05 | 11.6s
  Fold 3 | Ep  25/50 | t_loss=0.1078 t_acc=0.805 | v_win_bal=0.499 v_rec_bal=0.500 | lr=1.7e-05 | 11.3s
  Fold 3 | Ep  26/50 | t_loss=0.1069 t_acc=0.805 | v_win_bal=0.522 v_rec_bal=0.455 | lr=1.6e-05 | 11.3s
  Fold 3 | Ep  27/50 | t_loss=0.1057 t_acc=0.804 | v_win_bal=0.498 v_rec_bal=0.500 | lr=1.4e-05 | 11.2s
  Fold 3 | Ep  28/50 | t_loss=0.1017 t_acc=0.819 | v_win_bal=0.471 v_rec_bal=0.500 | lr=1.3e-05 | 11.3s
  Fold 3 | Ep  29/50 | t_loss=0.1005 t_acc=0.822 | v_win_bal=0.481 v_rec_bal=0.500 | lr=1.3e-05 | 11.3s
  Fold 3 | Ep  30/50 | t_loss=0.1003 t_acc=0.825 | v_win_bal=0.514 v_rec_bal=0.500 | lr=1.2e-05 | 11.3s
  Fold 3 | Ep  31/50 | t_loss=0.1011 t_acc=0.827 | v_win_bal=0.480 v_rec_bal=0.500 | lr=1.1e-05 | 11.2s
  Fold 3 | Ep  32/50 | t_loss=0.0993 t_acc=0.833 | v_win_bal=0.472 v_rec_bal=0.500 | lr=9.6e-06 | 11.2s
  Fold 3 | Ep  33/50 | t_loss=0.0979 t_acc=0.834 | v_win_bal=0.474 v_rec_bal=0.500 | lr=8.7e-06 | 11.2s
  Fold 3 | Ep  34/50 | t_loss=0.0958 t_acc=0.831 | v_win_bal=0.466 v_rec_bal=0.500 | lr=7.8e-06 | 11.2s
  Early stop at epoch 34
  -> Test (best @ epoch 19): acc=0.3077, bal_acc=0.3167

============================================================
Fold 4/5
============================================================
  Train:  40 samples, 10 subjects [1, 2, 4, 5, 9, 10, 11, 13, 14, 18], label_0=31, label_1=9
    Val:  13 samples,  3 subjects [8, 12, 17], label_0=11, label_1=2
   Test:  17 samples,  4 subjects [3, 6, 7, 16], label_0=14, label_1=3
  Building window datasets...
    WindowDataset: 5246 windows (class_0=2713, class_1=2533)
    WindowDataset: 1184 windows (class_0=1058, class_1=126)
    WindowDataset: 1021 windows (class_0=831, class_1=190)
[CBraMod] Loaded 209/209 params from weights/cbramod-base/pretrained_weights.pth
  Fold 4 | Ep   1/50 | t_loss=0.1754 t_acc=0.518 | v_win_bal=0.500 v_rec_bal=0.500 | lr=1.0e-05 | 12.0s
  Fold 4 | Ep   2/50 | t_loss=0.1725 t_acc=0.556 | v_win_bal=0.500 v_rec_bal=0.500 | lr=2.0e-05 | 11.9s
  Fold 4 | Ep   3/50 | t_loss=0.1644 t_acc=0.633 | v_win_bal=0.500 v_rec_bal=0.500 | lr=3.0e-05 | 11.9s
  Fold 4 | Ep   4/50 | t_loss=0.1505 t_acc=0.690 | v_win_bal=0.498 v_rec_bal=0.500 | lr=3.0e-05 | 11.9s
  Fold 4 | Ep   5/50 | t_loss=0.1430 t_acc=0.715 | v_win_bal=0.502 v_rec_bal=0.500 | lr=3.0e-05 | 11.8s
  Fold 4 | Ep   6/50 | t_loss=0.1407 t_acc=0.726 | v_win_bal=0.517 v_rec_bal=0.500 | lr=3.0e-05 | 11.2s
  Fold 4 | Ep   7/50 | t_loss=0.1384 t_acc=0.731 | v_win_bal=0.519 v_rec_bal=0.500 | lr=2.9e-05 | 10.7s
  Fold 4 | Ep   8/50 | t_loss=0.1340 t_acc=0.745 | v_win_bal=0.524 v_rec_bal=0.500 | lr=2.9e-05 | 10.6s
  Fold 4 | Ep   9/50 | t_loss=0.1289 t_acc=0.760 | v_win_bal=0.500 v_rec_bal=0.500 | lr=2.9e-05 | 10.7s
  Fold 4 | Ep  10/50 | t_loss=0.1230 t_acc=0.776 | v_win_bal=0.500 v_rec_bal=0.500 | lr=2.8e-05 | 10.7s
  Fold 4 | Ep  11/50 | t_loss=0.1125 t_acc=0.802 | v_win_bal=0.500 v_rec_bal=0.500 | lr=2.8e-05 | 10.7s
  Fold 4 | Ep  12/50 | t_loss=0.1023 t_acc=0.823 | v_win_bal=0.500 v_rec_bal=0.500 | lr=2.7e-05 | 10.7s
  Fold 4 | Ep  13/50 | t_loss=0.0991 t_acc=0.830 | v_win_bal=0.500 v_rec_bal=0.500 | lr=2.7e-05 | 10.8s
  Fold 4 | Ep  14/50 | t_loss=0.0979 t_acc=0.833 | v_win_bal=0.500 v_rec_bal=0.500 | lr=2.6e-05 | 10.7s
  Fold 4 | Ep  15/50 | t_loss=0.0926 t_acc=0.846 | v_win_bal=0.500 v_rec_bal=0.500 | lr=2.5e-05 | 11.1s
  Fold 4 | Ep  16/50 | t_loss=0.0916 t_acc=0.849 | v_win_bal=0.500 v_rec_bal=0.500 | lr=2.5e-05 | 10.9s
  Early stop at epoch 16
  -> Test (best @ epoch 1): acc=0.8235, bal_acc=0.5000

============================================================
Fold 5/5
============================================================
  Train:  43 samples, 11 subjects [3, 4, 5, 6, 7, 8, 9, 10, 14, 16, 17], label_0=35, label_1=8
    Val:  12 samples,  2 subjects [11, 12], label_0=11, label_1=1
   Test:  15 samples,  4 subjects [1, 2, 13, 18], label_0=10, label_1=5
  Building window datasets...
    WindowDataset: 4794 windows (class_0=2506, class_1=2288)
    WindowDataset: 1311 windows (class_0=1250, class_1=61)
    WindowDataset: 1163 windows (class_0=846, class_1=317)
[CBraMod] Loaded 209/209 params from weights/cbramod-base/pretrained_weights.pth
  Fold 5 | Ep   1/50 | t_loss=0.1733 t_acc=0.519 | v_win_bal=0.545 v_rec_bal=0.545 | lr=1.0e-05 | 10.3s
  Fold 5 | Ep   2/50 | t_loss=0.1728 t_acc=0.562 | v_win_bal=0.598 v_rec_bal=0.591 | lr=2.0e-05 | 10.2s
  Fold 5 | Ep   3/50 | t_loss=0.1699 t_acc=0.583 | v_win_bal=0.696 v_rec_bal=0.773 | lr=3.0e-05 | 10.0s
  Fold 5 | Ep   4/50 | t_loss=0.1533 t_acc=0.690 | v_win_bal=0.518 v_rec_bal=0.500 | lr=3.0e-05 | 10.0s
  Fold 5 | Ep   5/50 | t_loss=0.1427 t_acc=0.713 | v_win_bal=0.491 v_rec_bal=0.545 | lr=3.0e-05 | 10.0s
  Fold 5 | Ep   6/50 | t_loss=0.1373 t_acc=0.730 | v_win_bal=0.546 v_rec_bal=0.545 | lr=3.0e-05 | 10.0s
  Fold 5 | Ep   7/50 | t_loss=0.1336 t_acc=0.735 | v_win_bal=0.427 v_rec_bal=0.273 | lr=2.9e-05 | 10.0s
  Fold 5 | Ep   8/50 | t_loss=0.1300 t_acc=0.751 | v_win_bal=0.477 v_rec_bal=0.500 | lr=2.9e-05 | 10.0s
  Fold 5 | Ep   9/50 | t_loss=0.1298 t_acc=0.750 | v_win_bal=0.483 v_rec_bal=0.500 | lr=2.9e-05 | 10.3s
  Fold 5 | Ep  10/50 | t_loss=0.1263 t_acc=0.758 | v_win_bal=0.491 v_rec_bal=0.500 | lr=2.8e-05 | 11.8s
  Fold 5 | Ep  11/50 | t_loss=0.1239 t_acc=0.766 | v_win_bal=0.489 v_rec_bal=0.500 | lr=2.8e-05 | 11.2s
  Fold 5 | Ep  12/50 | t_loss=0.1228 t_acc=0.772 | v_win_bal=0.495 v_rec_bal=0.500 | lr=2.7e-05 | 11.2s
  Fold 5 | Ep  13/50 | t_loss=0.1218 t_acc=0.772 | v_win_bal=0.500 v_rec_bal=0.500 | lr=2.7e-05 | 11.2s
  Fold 5 | Ep  14/50 | t_loss=0.1187 t_acc=0.780 | v_win_bal=0.502 v_rec_bal=0.500 | lr=2.6e-05 | 11.2s
  Fold 5 | Ep  15/50 | t_loss=0.1168 t_acc=0.783 | v_win_bal=0.488 v_rec_bal=0.500 | lr=2.5e-05 | 11.1s
  Fold 5 | Ep  16/50 | t_loss=0.1183 t_acc=0.785 | v_win_bal=0.501 v_rec_bal=0.500 | lr=2.5e-05 | 11.1s
  Fold 5 | Ep  17/50 | t_loss=0.1144 t_acc=0.786 | v_win_bal=0.502 v_rec_bal=0.500 | lr=2.4e-05 | 11.1s
  Fold 5 | Ep  18/50 | t_loss=0.1134 t_acc=0.792 | v_win_bal=0.500 v_rec_bal=0.500 | lr=2.3e-05 | 11.2s
  Early stop at epoch 18
  -> Test (best @ epoch 3): acc=0.8000, bal_acc=0.7500

============================================================
Global Results (5-Fold, subject-level CV)
Mode: FT | Extractor: cbramod | Loss: focal
============================================================
              acc: 0.6000
          bal_acc: 0.5089
               f1: 0.6330
            kappa: 0.0141
  Total predictions: 70 (should equal dataset size: 70)

Results saved to results/hp_sweep/20260410_dass/cbramod/cbramod_encoderlrscale0.1_lr3e-5_s42/
