/raid/jupyter-linjimmy1003.md10/.conda/envs/stress/lib/python3.11/site-packages/timm/models/layers/__init__.py:49: FutureWarning: Importing from timm.models.layers is deprecated, please import via timm.layers
  warnings.warn(f"Importing from {__name__} is deprecated, please import via timm.layers", FutureWarning)

=== reve seed 41 mode=ft ===
  recipe: {'lr': 0.00024, 'weight_decay': 0.01, 'layer_decay': 1.0, 'label_smoothing': 0.0, 'head_hidden': 0, 'drop_path': 0.0, 'encoder_lr_scale': 0.1, 'warmup_epochs': 2, 'optimizer_betas': (0.9, 0.95), 'norm': 'none'}
ADFTD: 88 recordings from 88 subjects (AD=36, HC=29)
  ADFTD 3-class: 88 recordings, 88 subjects, label counts={0: 29, 1: 36, 2: 23}
  split: train rec=70/70 subj, val=9/9, test=9/9
  windows: train=11158, val=1527, test=1389
[PosBank] Loaded 543 positions from weights/reve-positions
[REVE] Loaded 140/140 encoder params from weights/reve-base/model.safetensors
[PosBank] Loaded 543 positions from weights/reve-positions
[REVE] Loaded 140/140 encoder params from weights/reve-base/model.safetensors
  mode=ft — full fine-tuning per recipe
  Ep   1/200 | train_loss=1.3436 | val_sample_f1=0.315 auroc=0.518 | val_subj_f1=0.205 | lr=1.2e-04 | 13.9s
  Ep   2/200 | train_loss=1.1949 | val_sample_f1=0.360 auroc=0.571 | val_subj_f1=0.422 | lr=2.4e-04 | 12.8s
  Ep   3/200 | train_loss=1.4399 | val_sample_f1=0.344 auroc=0.589 | val_subj_f1=0.315 | lr=2.4e-04 | 13.0s
  Ep   4/200 | train_loss=1.3772 | val_sample_f1=0.380 auroc=0.617 | val_subj_f1=0.339 | lr=2.4e-04 | 12.7s
  Ep   5/200 | train_loss=1.2546 | val_sample_f1=0.431 auroc=0.630 | val_subj_f1=0.422 | lr=2.4e-04 | 12.7s
  Ep   6/200 | train_loss=1.3331 | val_sample_f1=0.408 auroc=0.635 | val_subj_f1=0.422 | lr=2.4e-04 | 12.8s
  Ep   7/200 | train_loss=1.2143 | val_sample_f1=0.411 auroc=0.663 | val_subj_f1=0.422 | lr=2.4e-04 | 12.7s
  Ep   8/200 | train_loss=1.2035 | val_sample_f1=0.422 auroc=0.673 | val_subj_f1=0.422 | lr=2.4e-04 | 12.9s
  Ep   9/200 | train_loss=1.0798 | val_sample_f1=0.433 auroc=0.677 | val_subj_f1=0.422 | lr=2.4e-04 | 12.8s
  Ep  10/200 | train_loss=1.2140 | val_sample_f1=0.430 auroc=0.676 | val_subj_f1=0.422 | lr=2.4e-04 | 12.6s
  Ep  11/200 | train_loss=1.0004 | val_sample_f1=0.440 auroc=0.677 | val_subj_f1=0.422 | lr=2.4e-04 | 12.8s
  Ep  12/200 | train_loss=0.9284 | val_sample_f1=0.442 auroc=0.678 | val_subj_f1=0.422 | lr=2.4e-04 | 12.7s
  Ep  13/200 | train_loss=0.8451 | val_sample_f1=0.440 auroc=0.677 | val_subj_f1=0.422 | lr=2.4e-04 | 12.7s
  Ep  14/200 | train_loss=0.8314 | val_sample_f1=0.439 auroc=0.675 | val_subj_f1=0.422 | lr=2.4e-04 | 12.6s
  Ep  15/200 | train_loss=0.8172 | val_sample_f1=0.445 auroc=0.677 | val_subj_f1=0.422 | lr=2.4e-04 | 12.7s
  Ep  16/200 | train_loss=0.7294 | val_sample_f1=0.445 auroc=0.676 | val_subj_f1=0.422 | lr=2.4e-04 | 12.8s
  Ep  17/200 | train_loss=0.7104 | val_sample_f1=0.442 auroc=0.673 | val_subj_f1=0.422 | lr=2.4e-04 | 12.7s
  Ep  18/200 | train_loss=0.6042 | val_sample_f1=0.447 auroc=0.675 | val_subj_f1=0.422 | lr=2.4e-04 | 12.7s
  Ep  19/200 | train_loss=0.6103 | val_sample_f1=0.449 auroc=0.677 | val_subj_f1=0.422 | lr=2.4e-04 | 12.7s
  Ep  20/200 | train_loss=0.6255 | val_sample_f1=0.451 auroc=0.680 | val_subj_f1=0.422 | lr=2.4e-04 | 12.8s
  Ep  21/200 | train_loss=0.5503 | val_sample_f1=0.456 auroc=0.682 | val_subj_f1=0.422 | lr=2.3e-04 | 12.8s
  Ep  22/200 | train_loss=0.4555 | val_sample_f1=0.456 auroc=0.684 | val_subj_f1=0.444 | lr=2.3e-04 | 12.9s
  Ep  23/200 | train_loss=0.4071 | val_sample_f1=0.462 auroc=0.686 | val_subj_f1=0.444 | lr=2.3e-04 | 13.4s
  Ep  24/200 | train_loss=0.3688 | val_sample_f1=0.464 auroc=0.689 | val_subj_f1=0.444 | lr=2.3e-04 | 12.6s
  Ep  25/200 | train_loss=0.3303 | val_sample_f1=0.469 auroc=0.690 | val_subj_f1=0.444 | lr=2.3e-04 | 12.9s
  Ep  26/200 | train_loss=0.2790 | val_sample_f1=0.474 auroc=0.692 | val_subj_f1=0.444 | lr=2.3e-04 | 12.8s
  Ep  27/200 | train_loss=0.3129 | val_sample_f1=0.480 auroc=0.694 | val_subj_f1=0.444 | lr=2.3e-04 | 12.8s
  Ep  28/200 | train_loss=0.1885 | val_sample_f1=0.488 auroc=0.696 | val_subj_f1=0.444 | lr=2.3e-04 | 12.8s
  Ep  29/200 | train_loss=0.1989 | val_sample_f1=0.488 auroc=0.697 | val_subj_f1=0.444 | lr=2.3e-04 | 12.9s
  Ep  30/200 | train_loss=0.1688 | val_sample_f1=0.496 auroc=0.699 | val_subj_f1=0.444 | lr=2.3e-04 | 13.1s
  Ep  31/200 | train_loss=0.1080 | val_sample_f1=0.496 auroc=0.700 | val_subj_f1=0.444 | lr=2.3e-04 | 13.1s
  Ep  32/200 | train_loss=0.1463 | val_sample_f1=0.502 auroc=0.702 | val_subj_f1=0.444 | lr=2.3e-04 | 13.4s
  Ep  33/200 | train_loss=0.1127 | val_sample_f1=0.503 auroc=0.705 | val_subj_f1=0.444 | lr=2.3e-04 | 13.0s
  Ep  34/200 | train_loss=0.1474 | val_sample_f1=0.511 auroc=0.708 | val_subj_f1=0.444 | lr=2.2e-04 | 13.3s
  Ep  35/200 | train_loss=0.1664 | val_sample_f1=0.518 auroc=0.710 | val_subj_f1=0.444 | lr=2.2e-04 | 13.1s
  Ep  36/200 | train_loss=0.1812 | val_sample_f1=0.518 auroc=0.711 | val_subj_f1=0.444 | lr=2.2e-04 | 12.9s
  Ep  37/200 | train_loss=0.1214 | val_sample_f1=0.519 auroc=0.714 | val_subj_f1=0.444 | lr=2.2e-04 | 12.7s
  Ep  38/200 | train_loss=0.0978 | val_sample_f1=0.516 auroc=0.716 | val_subj_f1=0.444 | lr=2.2e-04 | 13.0s
  Ep  39/200 | train_loss=0.0797 | val_sample_f1=0.513 auroc=0.718 | val_subj_f1=0.444 | lr=2.2e-04 | 12.9s
  Ep  40/200 | train_loss=0.1262 | val_sample_f1=0.513 auroc=0.720 | val_subj_f1=0.444 | lr=2.2e-04 | 13.2s
  Ep  41/200 | train_loss=0.1082 | val_sample_f1=0.517 auroc=0.722 | val_subj_f1=0.444 | lr=2.2e-04 | 13.3s
  Ep  42/200 | train_loss=0.0910 | val_sample_f1=0.522 auroc=0.723 | val_subj_f1=0.444 | lr=2.2e-04 | 12.8s
  Ep  43/200 | train_loss=0.0740 | val_sample_f1=0.524 auroc=0.723 | val_subj_f1=0.639 | lr=2.2e-04 | 13.2s
  Ep  44/200 | train_loss=0.1241 | val_sample_f1=0.526 auroc=0.724 | val_subj_f1=0.639 | lr=2.1e-04 | 13.4s
  Ep  45/200 | train_loss=0.0741 | val_sample_f1=0.527 auroc=0.725 | val_subj_f1=0.639 | lr=2.1e-04 | 13.0s
  Ep  46/200 | train_loss=0.0981 | val_sample_f1=0.526 auroc=0.727 | val_subj_f1=0.639 | lr=2.1e-04 | 13.3s
  Ep  47/200 | train_loss=0.0747 | val_sample_f1=0.526 auroc=0.727 | val_subj_f1=0.639 | lr=2.1e-04 | 13.2s
  Ep  48/200 | train_loss=0.1843 | val_sample_f1=0.529 auroc=0.728 | val_subj_f1=0.639 | lr=2.1e-04 | 13.1s
  Ep  49/200 | train_loss=0.1151 | val_sample_f1=0.529 auroc=0.728 | val_subj_f1=0.639 | lr=2.1e-04 | 13.2s
  Ep  50/200 | train_loss=0.0989 | val_sample_f1=0.529 auroc=0.729 | val_subj_f1=0.639 | lr=2.1e-04 | 13.0s
  Ep  51/200 | train_loss=0.0968 | val_sample_f1=0.528 auroc=0.730 | val_subj_f1=0.639 | lr=2.1e-04 | 13.6s
  Ep  52/200 | train_loss=0.1093 | val_sample_f1=0.528 auroc=0.730 | val_subj_f1=0.639 | lr=2.0e-04 | 13.4s
  Ep  53/200 | train_loss=0.0973 | val_sample_f1=0.525 auroc=0.731 | val_subj_f1=0.639 | lr=2.0e-04 | 13.3s
  Ep  54/200 | train_loss=0.0726 | val_sample_f1=0.529 auroc=0.732 | val_subj_f1=0.775 | lr=2.0e-04 | 12.8s
  Ep  55/200 | train_loss=0.1338 | val_sample_f1=0.530 auroc=0.732 | val_subj_f1=0.775 | lr=2.0e-04 | 13.4s
  Ep  56/200 | train_loss=0.1109 | val_sample_f1=0.532 auroc=0.733 | val_subj_f1=0.775 | lr=2.0e-04 | 13.5s
  Ep  57/200 | train_loss=0.0993 | val_sample_f1=0.532 auroc=0.734 | val_subj_f1=0.775 | lr=2.0e-04 | 13.5s
  Ep  58/200 | train_loss=0.1496 | val_sample_f1=0.531 auroc=0.734 | val_subj_f1=0.775 | lr=2.0e-04 | 13.2s
  Ep  59/200 | train_loss=0.0830 | val_sample_f1=0.530 auroc=0.734 | val_subj_f1=0.775 | lr=1.9e-04 | 13.3s
  Ep  60/200 | train_loss=0.0806 | val_sample_f1=0.531 auroc=0.735 | val_subj_f1=0.775 | lr=1.9e-04 | 13.0s
  Ep  61/200 | train_loss=0.0895 | val_sample_f1=0.531 auroc=0.736 | val_subj_f1=0.775 | lr=1.9e-04 | 13.1s
  Ep  62/200 | train_loss=0.0952 | val_sample_f1=0.530 auroc=0.736 | val_subj_f1=0.775 | lr=1.9e-04 | 13.2s
  Ep  63/200 | train_loss=0.0659 | val_sample_f1=0.531 auroc=0.737 | val_subj_f1=0.775 | lr=1.9e-04 | 13.2s
  Ep  64/200 | train_loss=0.0606 | val_sample_f1=0.532 auroc=0.737 | val_subj_f1=0.775 | lr=1.9e-04 | 13.4s
  Ep  65/200 | train_loss=0.0605 | val_sample_f1=0.533 auroc=0.738 | val_subj_f1=0.775 | lr=1.8e-04 | 13.2s
  Ep  66/200 | train_loss=0.0924 | val_sample_f1=0.535 auroc=0.739 | val_subj_f1=0.775 | lr=1.8e-04 | 13.3s
  Ep  67/200 | train_loss=0.0841 | val_sample_f1=0.535 auroc=0.740 | val_subj_f1=0.775 | lr=1.8e-04 | 13.4s
  Ep  68/200 | train_loss=0.1259 | val_sample_f1=0.537 auroc=0.740 | val_subj_f1=0.775 | lr=1.8e-04 | 13.6s
  Ep  69/200 | train_loss=0.0936 | val_sample_f1=0.537 auroc=0.741 | val_subj_f1=0.775 | lr=1.8e-04 | 13.4s
  Ep  70/200 | train_loss=0.2132 | val_sample_f1=0.538 auroc=0.741 | val_subj_f1=0.775 | lr=1.8e-04 | 13.4s
  Ep  71/200 | train_loss=0.0528 | val_sample_f1=0.536 auroc=0.742 | val_subj_f1=0.775 | lr=1.7e-04 | 13.4s
  Ep  72/200 | train_loss=0.0983 | val_sample_f1=0.536 auroc=0.742 | val_subj_f1=0.775 | lr=1.7e-04 | 13.5s
  Ep  73/200 | train_loss=0.0738 | val_sample_f1=0.536 auroc=0.743 | val_subj_f1=0.775 | lr=1.7e-04 | 13.4s
  Ep  74/200 | train_loss=0.0814 | val_sample_f1=0.536 auroc=0.743 | val_subj_f1=0.775 | lr=1.7e-04 | 13.2s
  Ep  75/200 | train_loss=0.0621 | val_sample_f1=0.537 auroc=0.744 | val_subj_f1=0.775 | lr=1.7e-04 | 13.1s
  Ep  76/200 | train_loss=0.0704 | val_sample_f1=0.535 auroc=0.745 | val_subj_f1=0.775 | lr=1.7e-04 | 13.5s
  Ep  77/200 | train_loss=0.0419 | val_sample_f1=0.535 auroc=0.745 | val_subj_f1=0.775 | lr=1.6e-04 | 13.5s
  Ep  78/200 | train_loss=0.0917 | val_sample_f1=0.537 auroc=0.745 | val_subj_f1=0.775 | lr=1.6e-04 | 13.6s
  Ep  79/200 | train_loss=0.0751 | val_sample_f1=0.540 auroc=0.745 | val_subj_f1=0.775 | lr=1.6e-04 | 13.5s
  Ep  80/200 | train_loss=0.1212 | val_sample_f1=0.540 auroc=0.746 | val_subj_f1=0.775 | lr=1.6e-04 | 13.2s
  Ep  81/200 | train_loss=0.1320 | val_sample_f1=0.540 auroc=0.746 | val_subj_f1=0.775 | lr=1.6e-04 | 13.0s
  Ep  82/200 | train_loss=0.1416 | val_sample_f1=0.541 auroc=0.746 | val_subj_f1=0.775 | lr=1.6e-04 | 13.2s
  Ep  83/200 | train_loss=0.1295 | val_sample_f1=0.542 auroc=0.747 | val_subj_f1=0.775 | lr=1.5e-04 | 13.7s
  Ep  84/200 | train_loss=0.0531 | val_sample_f1=0.544 auroc=0.747 | val_subj_f1=0.775 | lr=1.5e-04 | 13.2s
  Ep  85/200 | train_loss=0.0873 | val_sample_f1=0.545 auroc=0.748 | val_subj_f1=0.775 | lr=1.5e-04 | 13.7s
  Ep  86/200 | train_loss=0.0724 | val_sample_f1=0.545 auroc=0.748 | val_subj_f1=0.775 | lr=1.5e-04 | 13.3s
  Ep  87/200 | train_loss=0.1666 | val_sample_f1=0.544 auroc=0.749 | val_subj_f1=0.775 | lr=1.5e-04 | 12.9s
  Ep  88/200 | train_loss=0.0671 | val_sample_f1=0.546 auroc=0.749 | val_subj_f1=0.775 | lr=1.4e-04 | 13.0s
  Ep  89/200 | train_loss=0.0646 | val_sample_f1=0.545 auroc=0.749 | val_subj_f1=0.775 | lr=1.4e-04 | 13.1s
  Ep  90/200 | train_loss=0.0928 | val_sample_f1=0.546 auroc=0.749 | val_subj_f1=0.775 | lr=1.4e-04 | 13.1s
  Ep  91/200 | train_loss=0.0891 | val_sample_f1=0.545 auroc=0.750 | val_subj_f1=0.775 | lr=1.4e-04 | 13.1s
  Ep  92/200 | train_loss=0.0765 | val_sample_f1=0.549 auroc=0.750 | val_subj_f1=0.775 | lr=1.4e-04 | 12.9s
  Ep  93/200 | train_loss=0.0726 | val_sample_f1=0.547 auroc=0.750 | val_subj_f1=0.775 | lr=1.4e-04 | 13.4s
  Ep  94/200 | train_loss=0.0854 | val_sample_f1=0.544 auroc=0.750 | val_subj_f1=0.775 | lr=1.3e-04 | 13.3s
  Ep  95/200 | train_loss=0.1164 | val_sample_f1=0.549 auroc=0.751 | val_subj_f1=0.775 | lr=1.3e-04 | 13.0s
  Ep  96/200 | train_loss=0.0968 | val_sample_f1=0.549 auroc=0.751 | val_subj_f1=0.775 | lr=1.3e-04 | 14.0s
  Ep  97/200 | train_loss=0.0616 | val_sample_f1=0.548 auroc=0.751 | val_subj_f1=0.775 | lr=1.3e-04 | 13.1s
  Ep  98/200 | train_loss=0.0507 | val_sample_f1=0.551 auroc=0.751 | val_subj_f1=0.775 | lr=1.3e-04 | 13.3s
  Ep  99/200 | train_loss=0.0828 | val_sample_f1=0.549 auroc=0.752 | val_subj_f1=0.775 | lr=1.2e-04 | 13.1s
  Ep 100/200 | train_loss=0.0906 | val_sample_f1=0.551 auroc=0.752 | val_subj_f1=0.775 | lr=1.2e-04 | 12.8s
  Ep 101/200 | train_loss=0.0439 | val_sample_f1=0.551 auroc=0.752 | val_subj_f1=0.775 | lr=1.2e-04 | 12.6s
  Ep 102/200 | train_loss=0.0279 | val_sample_f1=0.549 auroc=0.752 | val_subj_f1=0.775 | lr=1.2e-04 | 12.8s
  Ep 103/200 | train_loss=0.0459 | val_sample_f1=0.550 auroc=0.752 | val_subj_f1=0.775 | lr=1.2e-04 | 12.8s
  Ep 104/200 | train_loss=0.0735 | val_sample_f1=0.548 auroc=0.753 | val_subj_f1=0.775 | lr=1.1e-04 | 12.8s
  Ep 105/200 | train_loss=0.0437 | val_sample_f1=0.548 auroc=0.753 | val_subj_f1=0.775 | lr=1.1e-04 | 12.7s
  Ep 106/200 | train_loss=0.0630 | val_sample_f1=0.549 auroc=0.753 | val_subj_f1=0.775 | lr=1.1e-04 | 13.0s
  Ep 107/200 | train_loss=0.0524 | val_sample_f1=0.547 auroc=0.753 | val_subj_f1=0.775 | lr=1.1e-04 | 12.7s
  Ep 108/200 | train_loss=0.0358 | val_sample_f1=0.550 auroc=0.753 | val_subj_f1=0.775 | lr=1.1e-04 | 12.6s
  Ep 109/200 | train_loss=0.0599 | val_sample_f1=0.549 auroc=0.754 | val_subj_f1=0.775 | lr=1.0e-04 | 13.0s
  Ep 110/200 | train_loss=0.0727 | val_sample_f1=0.548 auroc=0.754 | val_subj_f1=0.775 | lr=1.0e-04 | 12.6s
  Ep 111/200 | train_loss=0.0624 | val_sample_f1=0.547 auroc=0.754 | val_subj_f1=0.639 | lr=1.0e-04 | 12.9s
  Ep 112/200 | train_loss=0.0586 | val_sample_f1=0.547 auroc=0.754 | val_subj_f1=0.639 | lr=9.9e-05 | 13.5s
  Ep 113/200 | train_loss=0.0745 | val_sample_f1=0.549 auroc=0.754 | val_subj_f1=0.639 | lr=9.7e-05 | 12.8s
  Ep 114/200 | train_loss=0.0724 | val_sample_f1=0.549 auroc=0.755 | val_subj_f1=0.639 | lr=9.5e-05 | 12.7s
  Ep 115/200 | train_loss=0.0398 | val_sample_f1=0.548 auroc=0.755 | val_subj_f1=0.775 | lr=9.4e-05 | 12.7s
  early stop @ ep 115

  TEST  sample: f1=0.4465 acc=0.4744 auroc=0.5956 bal_acc=0.4481
  TEST  subject: f1=0.5556 acc=0.5556 auroc=0.6206 bal_acc=0.5556
/raid/jupyter-linjimmy1003.md10/.conda/envs/stress/lib/python3.11/site-packages/timm/models/layers/__init__.py:49: FutureWarning: Importing from timm.models.layers is deprecated, please import via timm.layers
  warnings.warn(f"Importing from {__name__} is deprecated, please import via timm.layers", FutureWarning)

=== reve seed 41 mode=frozen ===
  recipe: {'lr': 0.00024, 'weight_decay': 0.01, 'layer_decay': 1.0, 'label_smoothing': 0.0, 'head_hidden': 0, 'drop_path': 0.0, 'encoder_lr_scale': 0.1, 'warmup_epochs': 2, 'optimizer_betas': (0.9, 0.95), 'norm': 'none'}
ADFTD: 88 recordings from 88 subjects (AD=36, HC=29)
  ADFTD 3-class: 88 recordings, 88 subjects, label counts={0: 29, 1: 36, 2: 23}
  split: train rec=70/70 subj, val=9/9, test=9/9
  windows: train=11158, val=1527, test=1389
[PosBank] Loaded 543 positions from weights/reve-positions
[REVE] Loaded 140/140 encoder params from weights/reve-base/model.safetensors
[PosBank] Loaded 543 positions from weights/reve-positions
[REVE] Loaded 140/140 encoder params from weights/reve-base/model.safetensors
  mode=frozen — backbone frozen, head-only LR=0.005
  Ep   1/200 | train_loss=2.7921 | val_sample_f1=0.318 auroc=0.474 | val_subj_f1=0.167 | lr=2.5e-03 | 6.8s
  Ep   2/200 | train_loss=4.6369 | val_sample_f1=0.349 auroc=0.556 | val_subj_f1=0.205 | lr=5.0e-03 | 5.1s
  Ep   3/200 | train_loss=5.6575 | val_sample_f1=0.342 auroc=0.506 | val_subj_f1=0.205 | lr=5.0e-03 | 5.0s
  Ep   4/200 | train_loss=6.2897 | val_sample_f1=0.378 auroc=0.521 | val_subj_f1=0.422 | lr=5.0e-03 | 5.2s
  Ep   5/200 | train_loss=5.7241 | val_sample_f1=0.385 auroc=0.551 | val_subj_f1=0.417 | lr=5.0e-03 | 5.1s
  Ep   6/200 | train_loss=5.8734 | val_sample_f1=0.365 auroc=0.520 | val_subj_f1=0.370 | lr=5.0e-03 | 5.2s
  Ep   7/200 | train_loss=6.2166 | val_sample_f1=0.379 auroc=0.555 | val_subj_f1=0.422 | lr=5.0e-03 | 5.2s
  Ep   8/200 | train_loss=6.2434 | val_sample_f1=0.387 auroc=0.575 | val_subj_f1=0.389 | lr=5.0e-03 | 5.0s
  Ep   9/200 | train_loss=6.2668 | val_sample_f1=0.405 auroc=0.584 | val_subj_f1=0.389 | lr=5.0e-03 | 5.3s
  Ep  10/200 | train_loss=6.4475 | val_sample_f1=0.388 auroc=0.594 | val_subj_f1=0.317 | lr=5.0e-03 | 5.5s
  Ep  11/200 | train_loss=7.1872 | val_sample_f1=0.385 auroc=0.601 | val_subj_f1=0.317 | lr=5.0e-03 | 5.2s
  Ep  12/200 | train_loss=6.5314 | val_sample_f1=0.379 auroc=0.601 | val_subj_f1=0.317 | lr=5.0e-03 | 5.0s
  Ep  13/200 | train_loss=7.5346 | val_sample_f1=0.391 auroc=0.596 | val_subj_f1=0.317 | lr=5.0e-03 | 5.4s
  Ep  14/200 | train_loss=6.4225 | val_sample_f1=0.390 auroc=0.587 | val_subj_f1=0.317 | lr=5.0e-03 | 5.4s
  Ep  15/200 | train_loss=7.1020 | val_sample_f1=0.388 auroc=0.587 | val_subj_f1=0.389 | lr=4.9e-03 | 5.1s
  Ep  16/200 | train_loss=7.8561 | val_sample_f1=0.405 auroc=0.595 | val_subj_f1=0.389 | lr=4.9e-03 | 5.4s
  Ep  17/200 | train_loss=6.3583 | val_sample_f1=0.410 auroc=0.603 | val_subj_f1=0.389 | lr=4.9e-03 | 5.3s
  Ep  18/200 | train_loss=6.2651 | val_sample_f1=0.409 auroc=0.611 | val_subj_f1=0.389 | lr=4.9e-03 | 5.3s
  Ep  19/200 | train_loss=6.7286 | val_sample_f1=0.417 auroc=0.612 | val_subj_f1=0.389 | lr=4.9e-03 | 5.2s
  Ep  20/200 | train_loss=6.7294 | val_sample_f1=0.411 auroc=0.617 | val_subj_f1=0.389 | lr=4.9e-03 | 5.6s
  Ep  21/200 | train_loss=6.4889 | val_sample_f1=0.413 auroc=0.615 | val_subj_f1=0.389 | lr=4.9e-03 | 5.2s
  Ep  22/200 | train_loss=6.0902 | val_sample_f1=0.415 auroc=0.614 | val_subj_f1=0.389 | lr=4.9e-03 | 5.1s
  Ep  23/200 | train_loss=5.8365 | val_sample_f1=0.417 auroc=0.615 | val_subj_f1=0.357 | lr=4.9e-03 | 5.3s
  Ep  24/200 | train_loss=6.4603 | val_sample_f1=0.411 auroc=0.617 | val_subj_f1=0.357 | lr=4.8e-03 | 5.4s
  Ep  25/200 | train_loss=5.6447 | val_sample_f1=0.408 auroc=0.611 | val_subj_f1=0.357 | lr=4.8e-03 | 5.4s
  Ep  26/200 | train_loss=5.2838 | val_sample_f1=0.412 auroc=0.610 | val_subj_f1=0.357 | lr=4.8e-03 | 5.1s
  Ep  27/200 | train_loss=5.5216 | val_sample_f1=0.411 auroc=0.608 | val_subj_f1=0.357 | lr=4.8e-03 | 5.3s
  Ep  28/200 | train_loss=6.3915 | val_sample_f1=0.411 auroc=0.607 | val_subj_f1=0.357 | lr=4.8e-03 | 5.4s
  Ep  29/200 | train_loss=4.7921 | val_sample_f1=0.413 auroc=0.610 | val_subj_f1=0.357 | lr=4.8e-03 | 5.1s
  Ep  30/200 | train_loss=4.6955 | val_sample_f1=0.414 auroc=0.611 | val_subj_f1=0.357 | lr=4.8e-03 | 5.2s
  Ep  31/200 | train_loss=4.2986 | val_sample_f1=0.414 auroc=0.614 | val_subj_f1=0.357 | lr=4.7e-03 | 5.5s
  Ep  32/200 | train_loss=5.3216 | val_sample_f1=0.416 auroc=0.613 | val_subj_f1=0.357 | lr=4.7e-03 | 5.2s
  Ep  33/200 | train_loss=6.2087 | val_sample_f1=0.416 auroc=0.613 | val_subj_f1=0.357 | lr=4.7e-03 | 5.4s
  Ep  34/200 | train_loss=5.8633 | val_sample_f1=0.417 auroc=0.611 | val_subj_f1=0.357 | lr=4.7e-03 | 5.3s
  early stop @ ep 34

  TEST  sample: f1=0.3897 acc=0.4226 auroc=0.5443 bal_acc=0.3905
  TEST  subject: f1=0.5222 acc=0.5556 auroc=0.6056 bal_acc=0.5278
/raid/jupyter-linjimmy1003.md10/.conda/envs/stress/lib/python3.11/site-packages/timm/models/layers/__init__.py:49: FutureWarning: Importing from timm.models.layers is deprecated, please import via timm.layers
  warnings.warn(f"Importing from {__name__} is deprecated, please import via timm.layers", FutureWarning)

=== reve seed 42 mode=ft ===
  recipe: {'lr': 0.00024, 'weight_decay': 0.01, 'layer_decay': 1.0, 'label_smoothing': 0.0, 'head_hidden': 0, 'drop_path': 0.0, 'encoder_lr_scale': 0.1, 'warmup_epochs': 2, 'optimizer_betas': (0.9, 0.95), 'norm': 'none'}
ADFTD: 88 recordings from 88 subjects (AD=36, HC=29)
  ADFTD 3-class: 88 recordings, 88 subjects, label counts={0: 29, 1: 36, 2: 23}
  split: train rec=70/70 subj, val=9/9, test=9/9
  windows: train=11390, val=1384, test=1300
[PosBank] Loaded 543 positions from weights/reve-positions
[REVE] Loaded 140/140 encoder params from weights/reve-base/model.safetensors
[PosBank] Loaded 543 positions from weights/reve-positions
[REVE] Loaded 140/140 encoder params from weights/reve-base/model.safetensors
  mode=ft — full fine-tuning per recipe
  Ep   1/200 | train_loss=1.2177 | val_sample_f1=0.238 auroc=0.411 | val_subj_f1=0.167 | lr=1.2e-04 | 14.3s
  Ep   2/200 | train_loss=1.1697 | val_sample_f1=0.262 auroc=0.465 | val_subj_f1=0.205 | lr=2.4e-04 | 12.6s
  Ep   3/200 | train_loss=1.3728 | val_sample_f1=0.253 auroc=0.432 | val_subj_f1=0.205 | lr=2.4e-04 | 12.8s
  Ep   4/200 | train_loss=1.2849 | val_sample_f1=0.282 auroc=0.456 | val_subj_f1=0.205 | lr=2.4e-04 | 12.8s
  Ep   5/200 | train_loss=1.2131 | val_sample_f1=0.264 auroc=0.456 | val_subj_f1=0.205 | lr=2.4e-04 | 13.1s
  Ep   6/200 | train_loss=1.1931 | val_sample_f1=0.265 auroc=0.439 | val_subj_f1=0.205 | lr=2.4e-04 | 13.1s
  Ep   7/200 | train_loss=1.0529 | val_sample_f1=0.269 auroc=0.432 | val_subj_f1=0.205 | lr=2.4e-04 | 13.3s
  Ep   8/200 | train_loss=1.0621 | val_sample_f1=0.272 auroc=0.424 | val_subj_f1=0.205 | lr=2.4e-04 | 13.5s
  Ep   9/200 | train_loss=1.1583 | val_sample_f1=0.264 auroc=0.406 | val_subj_f1=0.205 | lr=2.4e-04 | 13.3s
  Ep  10/200 | train_loss=0.9933 | val_sample_f1=0.261 auroc=0.406 | val_subj_f1=0.205 | lr=2.4e-04 | 13.3s
  Ep  11/200 | train_loss=0.9613 | val_sample_f1=0.257 auroc=0.391 | val_subj_f1=0.205 | lr=2.4e-04 | 13.2s
  Ep  12/200 | train_loss=0.9407 | val_sample_f1=0.253 auroc=0.385 | val_subj_f1=0.167 | lr=2.4e-04 | 12.8s
  Ep  13/200 | train_loss=0.9460 | val_sample_f1=0.251 auroc=0.374 | val_subj_f1=0.167 | lr=2.4e-04 | 13.0s
  Ep  14/200 | train_loss=0.8446 | val_sample_f1=0.247 auroc=0.372 | val_subj_f1=0.167 | lr=2.4e-04 | 12.9s
  Ep  15/200 | train_loss=0.7743 | val_sample_f1=0.244 auroc=0.368 | val_subj_f1=0.167 | lr=2.4e-04 | 13.0s
  Ep  16/200 | train_loss=0.6408 | val_sample_f1=0.241 auroc=0.365 | val_subj_f1=0.167 | lr=2.4e-04 | 13.0s
  Ep  17/200 | train_loss=0.6299 | val_sample_f1=0.236 auroc=0.359 | val_subj_f1=0.167 | lr=2.4e-04 | 12.9s
  Ep  18/200 | train_loss=0.6260 | val_sample_f1=0.230 auroc=0.358 | val_subj_f1=0.167 | lr=2.4e-04 | 13.0s
  Ep  19/200 | train_loss=0.6424 | val_sample_f1=0.225 auroc=0.358 | val_subj_f1=0.167 | lr=2.4e-04 | 13.2s
  early stop @ ep 19

  TEST  sample: f1=0.3854 acc=0.5215 auroc=0.5715 bal_acc=0.4219
  TEST  subject: f1=0.4222 acc=0.5556 auroc=0.5767 bal_acc=0.4722
/raid/jupyter-linjimmy1003.md10/.conda/envs/stress/lib/python3.11/site-packages/timm/models/layers/__init__.py:49: FutureWarning: Importing from timm.models.layers is deprecated, please import via timm.layers
  warnings.warn(f"Importing from {__name__} is deprecated, please import via timm.layers", FutureWarning)

=== reve seed 42 mode=frozen ===
  recipe: {'lr': 0.00024, 'weight_decay': 0.01, 'layer_decay': 1.0, 'label_smoothing': 0.0, 'head_hidden': 0, 'drop_path': 0.0, 'encoder_lr_scale': 0.1, 'warmup_epochs': 2, 'optimizer_betas': (0.9, 0.95), 'norm': 'none'}
ADFTD: 88 recordings from 88 subjects (AD=36, HC=29)
  ADFTD 3-class: 88 recordings, 88 subjects, label counts={0: 29, 1: 36, 2: 23}
  split: train rec=70/70 subj, val=9/9, test=9/9
  windows: train=11390, val=1384, test=1300
[PosBank] Loaded 543 positions from weights/reve-positions
[REVE] Loaded 140/140 encoder params from weights/reve-base/model.safetensors
[PosBank] Loaded 543 positions from weights/reve-positions
[REVE] Loaded 140/140 encoder params from weights/reve-base/model.safetensors
  mode=frozen — backbone frozen, head-only LR=0.005
  Ep   1/200 | train_loss=2.4798 | val_sample_f1=0.365 auroc=0.539 | val_subj_f1=0.243 | lr=2.5e-03 | 7.7s
  Ep   2/200 | train_loss=5.3512 | val_sample_f1=0.317 auroc=0.519 | val_subj_f1=0.200 | lr=5.0e-03 | 5.4s
  Ep   3/200 | train_loss=8.1477 | val_sample_f1=0.267 auroc=0.570 | val_subj_f1=0.167 | lr=5.0e-03 | 5.1s
  Ep   4/200 | train_loss=7.6145 | val_sample_f1=0.281 auroc=0.578 | val_subj_f1=0.167 | lr=5.0e-03 | 5.5s
  Ep   5/200 | train_loss=7.5870 | val_sample_f1=0.322 auroc=0.546 | val_subj_f1=0.311 | lr=5.0e-03 | 5.3s
  Ep   6/200 | train_loss=7.2247 | val_sample_f1=0.318 auroc=0.517 | val_subj_f1=0.311 | lr=5.0e-03 | 5.8s
  Ep   7/200 | train_loss=6.0064 | val_sample_f1=0.320 auroc=0.507 | val_subj_f1=0.182 | lr=5.0e-03 | 6.5s
  Ep   8/200 | train_loss=5.8669 | val_sample_f1=0.315 auroc=0.489 | val_subj_f1=0.182 | lr=5.0e-03 | 5.4s
  Ep   9/200 | train_loss=6.7532 | val_sample_f1=0.327 auroc=0.508 | val_subj_f1=0.333 | lr=5.0e-03 | 5.4s
  Ep  10/200 | train_loss=7.1895 | val_sample_f1=0.351 auroc=0.535 | val_subj_f1=0.413 | lr=5.0e-03 | 5.9s
  Ep  11/200 | train_loss=6.8998 | val_sample_f1=0.350 auroc=0.526 | val_subj_f1=0.339 | lr=5.0e-03 | 5.3s
  Ep  12/200 | train_loss=5.8623 | val_sample_f1=0.343 auroc=0.518 | val_subj_f1=0.339 | lr=5.0e-03 | 5.5s
  Ep  13/200 | train_loss=5.8606 | val_sample_f1=0.349 auroc=0.528 | val_subj_f1=0.339 | lr=5.0e-03 | 5.4s
  Ep  14/200 | train_loss=6.0925 | val_sample_f1=0.355 auroc=0.525 | val_subj_f1=0.339 | lr=5.0e-03 | 5.4s
  Ep  15/200 | train_loss=7.5597 | val_sample_f1=0.357 auroc=0.521 | val_subj_f1=0.339 | lr=4.9e-03 | 5.3s
  Ep  16/200 | train_loss=6.1832 | val_sample_f1=0.331 auroc=0.479 | val_subj_f1=0.333 | lr=4.9e-03 | 5.3s
  early stop @ ep 16

  TEST  sample: f1=0.3764 acc=0.4069 auroc=0.5507 bal_acc=0.3812
  TEST  subject: f1=0.1667 acc=0.3333 auroc=0.7503 bal_acc=0.3333
/raid/jupyter-linjimmy1003.md10/.conda/envs/stress/lib/python3.11/site-packages/timm/models/layers/__init__.py:49: FutureWarning: Importing from timm.models.layers is deprecated, please import via timm.layers
  warnings.warn(f"Importing from {__name__} is deprecated, please import via timm.layers", FutureWarning)

=== reve seed 43 mode=ft ===
  recipe: {'lr': 0.00024, 'weight_decay': 0.01, 'layer_decay': 1.0, 'label_smoothing': 0.0, 'head_hidden': 0, 'drop_path': 0.0, 'encoder_lr_scale': 0.1, 'warmup_epochs': 2, 'optimizer_betas': (0.9, 0.95), 'norm': 'none'}
ADFTD: 88 recordings from 88 subjects (AD=36, HC=29)
  ADFTD 3-class: 88 recordings, 88 subjects, label counts={0: 29, 1: 36, 2: 23}
  split: train rec=70/70 subj, val=9/9, test=9/9
  windows: train=11291, val=1398, test=1385
[PosBank] Loaded 543 positions from weights/reve-positions
[REVE] Loaded 140/140 encoder params from weights/reve-base/model.safetensors
[PosBank] Loaded 543 positions from weights/reve-positions
[REVE] Loaded 140/140 encoder params from weights/reve-base/model.safetensors
  mode=ft — full fine-tuning per recipe
  Ep   1/200 | train_loss=1.1993 | val_sample_f1=0.344 auroc=0.536 | val_subj_f1=0.205 | lr=1.2e-04 | 14.0s
  Ep   2/200 | train_loss=1.2192 | val_sample_f1=0.367 auroc=0.556 | val_subj_f1=0.417 | lr=2.4e-04 | 13.1s
  Ep   3/200 | train_loss=1.4717 | val_sample_f1=0.343 auroc=0.542 | val_subj_f1=0.339 | lr=2.4e-04 | 13.3s
  Ep   4/200 | train_loss=1.3871 | val_sample_f1=0.329 auroc=0.504 | val_subj_f1=0.205 | lr=2.4e-04 | 13.1s
  Ep   5/200 | train_loss=1.4072 | val_sample_f1=0.324 auroc=0.515 | val_subj_f1=0.205 | lr=2.4e-04 | 13.8s
  Ep   6/200 | train_loss=1.2905 | val_sample_f1=0.333 auroc=0.527 | val_subj_f1=0.389 | lr=2.4e-04 | 13.4s
  Ep   7/200 | train_loss=1.1451 | val_sample_f1=0.323 auroc=0.513 | val_subj_f1=0.205 | lr=2.4e-04 | 12.9s
  Ep   8/200 | train_loss=1.3763 | val_sample_f1=0.329 auroc=0.512 | val_subj_f1=0.376 | lr=2.4e-04 | 13.1s
  Ep   9/200 | train_loss=1.4261 | val_sample_f1=0.340 auroc=0.523 | val_subj_f1=0.311 | lr=2.4e-04 | 13.4s
  Ep  10/200 | train_loss=1.1324 | val_sample_f1=0.332 auroc=0.522 | val_subj_f1=0.315 | lr=2.4e-04 | 13.1s
  Ep  11/200 | train_loss=1.0901 | val_sample_f1=0.338 auroc=0.532 | val_subj_f1=0.315 | lr=2.4e-04 | 12.8s
  Ep  12/200 | train_loss=1.0510 | val_sample_f1=0.327 auroc=0.532 | val_subj_f1=0.315 | lr=2.4e-04 | 13.1s
  Ep  13/200 | train_loss=1.0385 | val_sample_f1=0.340 auroc=0.539 | val_subj_f1=0.315 | lr=2.4e-04 | 13.0s
  Ep  14/200 | train_loss=0.8364 | val_sample_f1=0.334 auroc=0.538 | val_subj_f1=0.315 | lr=2.4e-04 | 13.1s
  Ep  15/200 | train_loss=0.7542 | val_sample_f1=0.328 auroc=0.539 | val_subj_f1=0.315 | lr=2.4e-04 | 13.1s
  Ep  16/200 | train_loss=0.8091 | val_sample_f1=0.327 auroc=0.543 | val_subj_f1=0.315 | lr=2.4e-04 | 13.1s
  Ep  17/200 | train_loss=0.7681 | val_sample_f1=0.322 auroc=0.544 | val_subj_f1=0.315 | lr=2.4e-04 | 13.3s
  early stop @ ep 17

  TEST  sample: f1=0.2984 acc=0.3697 auroc=0.4795 bal_acc=0.3187
  TEST  subject: f1=0.2434 acc=0.3333 auroc=0.4386 bal_acc=0.3056
/raid/jupyter-linjimmy1003.md10/.conda/envs/stress/lib/python3.11/site-packages/timm/models/layers/__init__.py:49: FutureWarning: Importing from timm.models.layers is deprecated, please import via timm.layers
  warnings.warn(f"Importing from {__name__} is deprecated, please import via timm.layers", FutureWarning)

=== reve seed 43 mode=frozen ===
  recipe: {'lr': 0.00024, 'weight_decay': 0.01, 'layer_decay': 1.0, 'label_smoothing': 0.0, 'head_hidden': 0, 'drop_path': 0.0, 'encoder_lr_scale': 0.1, 'warmup_epochs': 2, 'optimizer_betas': (0.9, 0.95), 'norm': 'none'}
ADFTD: 88 recordings from 88 subjects (AD=36, HC=29)
  ADFTD 3-class: 88 recordings, 88 subjects, label counts={0: 29, 1: 36, 2: 23}
  split: train rec=70/70 subj, val=9/9, test=9/9
  windows: train=11291, val=1398, test=1385
[PosBank] Loaded 543 positions from weights/reve-positions
[REVE] Loaded 140/140 encoder params from weights/reve-base/model.safetensors
[PosBank] Loaded 543 positions from weights/reve-positions
[REVE] Loaded 140/140 encoder params from weights/reve-base/model.safetensors
  mode=frozen — backbone frozen, head-only LR=0.005
  Ep   1/200 | train_loss=2.5611 | val_sample_f1=0.294 auroc=0.514 | val_subj_f1=0.205 | lr=2.5e-03 | 6.2s
  Ep   2/200 | train_loss=5.6254 | val_sample_f1=0.353 auroc=0.548 | val_subj_f1=0.167 | lr=5.0e-03 | 5.2s
  Ep   3/200 | train_loss=7.8945 | val_sample_f1=0.331 auroc=0.525 | val_subj_f1=0.205 | lr=5.0e-03 | 5.4s
  Ep   4/200 | train_loss=8.1525 | val_sample_f1=0.349 auroc=0.526 | val_subj_f1=0.376 | lr=5.0e-03 | 5.2s
  Ep   5/200 | train_loss=8.7935 | val_sample_f1=0.346 auroc=0.532 | val_subj_f1=0.315 | lr=5.0e-03 | 5.2s
  Ep   6/200 | train_loss=7.9207 | val_sample_f1=0.344 auroc=0.538 | val_subj_f1=0.311 | lr=5.0e-03 | 5.2s
  Ep   7/200 | train_loss=7.9013 | val_sample_f1=0.343 auroc=0.538 | val_subj_f1=0.389 | lr=5.0e-03 | 5.1s
  Ep   8/200 | train_loss=6.4563 | val_sample_f1=0.353 auroc=0.548 | val_subj_f1=0.311 | lr=5.0e-03 | 5.2s
  Ep   9/200 | train_loss=5.8138 | val_sample_f1=0.351 auroc=0.548 | val_subj_f1=0.311 | lr=5.0e-03 | 5.1s
  Ep  10/200 | train_loss=7.2462 | val_sample_f1=0.360 auroc=0.554 | val_subj_f1=0.311 | lr=5.0e-03 | 5.1s
  Ep  11/200 | train_loss=6.1856 | val_sample_f1=0.369 auroc=0.561 | val_subj_f1=0.413 | lr=5.0e-03 | 5.0s
  Ep  12/200 | train_loss=6.5427 | val_sample_f1=0.360 auroc=0.562 | val_subj_f1=0.311 | lr=5.0e-03 | 5.2s
  Ep  13/200 | train_loss=7.3049 | val_sample_f1=0.367 auroc=0.557 | val_subj_f1=0.311 | lr=5.0e-03 | 5.4s
  Ep  14/200 | train_loss=5.7107 | val_sample_f1=0.363 auroc=0.558 | val_subj_f1=0.311 | lr=5.0e-03 | 5.5s
  Ep  15/200 | train_loss=7.2884 | val_sample_f1=0.346 auroc=0.545 | val_subj_f1=0.376 | lr=4.9e-03 | 5.2s
  Ep  16/200 | train_loss=7.8794 | val_sample_f1=0.347 auroc=0.546 | val_subj_f1=0.376 | lr=4.9e-03 | 5.3s
  Ep  17/200 | train_loss=5.5959 | val_sample_f1=0.348 auroc=0.542 | val_subj_f1=0.376 | lr=4.9e-03 | 5.2s
  Ep  18/200 | train_loss=5.9059 | val_sample_f1=0.348 auroc=0.542 | val_subj_f1=0.376 | lr=4.9e-03 | 5.3s
  Ep  19/200 | train_loss=6.4531 | val_sample_f1=0.345 auroc=0.546 | val_subj_f1=0.376 | lr=4.9e-03 | 5.0s
  Ep  20/200 | train_loss=7.1772 | val_sample_f1=0.345 auroc=0.547 | val_subj_f1=0.389 | lr=4.9e-03 | 5.5s
  Ep  21/200 | train_loss=6.3143 | val_sample_f1=0.353 auroc=0.549 | val_subj_f1=0.376 | lr=4.9e-03 | 5.1s
  Ep  22/200 | train_loss=7.3794 | val_sample_f1=0.351 auroc=0.551 | val_subj_f1=0.376 | lr=4.9e-03 | 5.3s
  Ep  23/200 | train_loss=7.1733 | val_sample_f1=0.352 auroc=0.547 | val_subj_f1=0.376 | lr=4.9e-03 | 5.0s
  Ep  24/200 | train_loss=6.5166 | val_sample_f1=0.352 auroc=0.545 | val_subj_f1=0.376 | lr=4.8e-03 | 5.1s
  Ep  25/200 | train_loss=6.0728 | val_sample_f1=0.356 auroc=0.549 | val_subj_f1=0.311 | lr=4.8e-03 | 5.1s
  Ep  26/200 | train_loss=6.7029 | val_sample_f1=0.356 auroc=0.549 | val_subj_f1=0.311 | lr=4.8e-03 | 5.3s
  early stop @ ep 26

  TEST  sample: f1=0.3258 acc=0.4253 auroc=0.5428 bal_acc=0.3537
  TEST  subject: f1=0.3386 acc=0.4444 auroc=0.5884 bal_acc=0.3889
/raid/jupyter-linjimmy1003.md10/.conda/envs/stress/lib/python3.11/site-packages/timm/models/layers/__init__.py:49: FutureWarning: Importing from timm.models.layers is deprecated, please import via timm.layers
  warnings.warn(f"Importing from {__name__} is deprecated, please import via timm.layers", FutureWarning)

=== reve seed 44 mode=ft ===
  recipe: {'lr': 0.00024, 'weight_decay': 0.01, 'layer_decay': 1.0, 'label_smoothing': 0.0, 'head_hidden': 0, 'drop_path': 0.0, 'encoder_lr_scale': 0.1, 'warmup_epochs': 2, 'optimizer_betas': (0.9, 0.95), 'norm': 'none'}
ADFTD: 88 recordings from 88 subjects (AD=36, HC=29)
  ADFTD 3-class: 88 recordings, 88 subjects, label counts={0: 29, 1: 36, 2: 23}
  split: train rec=70/70 subj, val=9/9, test=9/9
  windows: train=11271, val=1380, test=1423
[PosBank] Loaded 543 positions from weights/reve-positions
[REVE] Loaded 140/140 encoder params from weights/reve-base/model.safetensors
[PosBank] Loaded 543 positions from weights/reve-positions
[REVE] Loaded 140/140 encoder params from weights/reve-base/model.safetensors
  mode=ft — full fine-tuning per recipe
  Ep   1/200 | train_loss=1.1862 | val_sample_f1=0.293 auroc=0.513 | val_subj_f1=0.205 | lr=1.2e-04 | 14.3s
  Ep   2/200 | train_loss=1.2770 | val_sample_f1=0.337 auroc=0.506 | val_subj_f1=0.389 | lr=2.4e-04 | 13.4s
  Ep   3/200 | train_loss=1.3216 | val_sample_f1=0.374 auroc=0.544 | val_subj_f1=0.389 | lr=2.4e-04 | 13.2s
  Ep   4/200 | train_loss=1.3822 | val_sample_f1=0.362 auroc=0.518 | val_subj_f1=0.315 | lr=2.4e-04 | 13.1s
  Ep   5/200 | train_loss=1.2442 | val_sample_f1=0.347 auroc=0.520 | val_subj_f1=0.315 | lr=2.4e-04 | 13.3s
  Ep   6/200 | train_loss=1.2604 | val_sample_f1=0.345 auroc=0.519 | val_subj_f1=0.389 | lr=2.4e-04 | 12.8s
  Ep   7/200 | train_loss=1.0710 | val_sample_f1=0.329 auroc=0.519 | val_subj_f1=0.389 | lr=2.4e-04 | 13.3s
  Ep   8/200 | train_loss=1.1438 | val_sample_f1=0.327 auroc=0.522 | val_subj_f1=0.389 | lr=2.4e-04 | 13.3s
  Ep   9/200 | train_loss=1.0641 | val_sample_f1=0.337 auroc=0.528 | val_subj_f1=0.389 | lr=2.4e-04 | 13.3s
  Ep  10/200 | train_loss=1.0252 | val_sample_f1=0.351 auroc=0.534 | val_subj_f1=0.389 | lr=2.4e-04 | 13.3s
  Ep  11/200 | train_loss=0.9879 | val_sample_f1=0.362 auroc=0.546 | val_subj_f1=0.389 | lr=2.4e-04 | 13.2s
  Ep  12/200 | train_loss=0.9727 | val_sample_f1=0.377 auroc=0.554 | val_subj_f1=0.389 | lr=2.4e-04 | 13.2s
  Ep  13/200 | train_loss=0.7831 | val_sample_f1=0.377 auroc=0.564 | val_subj_f1=0.389 | lr=2.4e-04 | 13.5s
  Ep  14/200 | train_loss=0.7865 | val_sample_f1=0.390 auroc=0.570 | val_subj_f1=0.409 | lr=2.4e-04 | 13.3s
  Ep  15/200 | train_loss=0.6840 | val_sample_f1=0.395 auroc=0.578 | val_subj_f1=0.409 | lr=2.4e-04 | 13.2s
  Ep  16/200 | train_loss=0.7338 | val_sample_f1=0.397 auroc=0.584 | val_subj_f1=0.409 | lr=2.4e-04 | 13.3s
  Ep  17/200 | train_loss=0.5460 | val_sample_f1=0.405 auroc=0.589 | val_subj_f1=0.409 | lr=2.4e-04 | 13.1s
  Ep  18/200 | train_loss=0.5968 | val_sample_f1=0.401 auroc=0.594 | val_subj_f1=0.409 | lr=2.4e-04 | 13.7s
  Ep  19/200 | train_loss=0.5082 | val_sample_f1=0.405 auroc=0.599 | val_subj_f1=0.409 | lr=2.4e-04 | 13.3s
  Ep  20/200 | train_loss=0.5636 | val_sample_f1=0.410 auroc=0.604 | val_subj_f1=0.409 | lr=2.4e-04 | 13.1s
  Ep  21/200 | train_loss=0.3820 | val_sample_f1=0.420 auroc=0.606 | val_subj_f1=0.409 | lr=2.3e-04 | 13.0s
  Ep  22/200 | train_loss=0.3871 | val_sample_f1=0.425 auroc=0.608 | val_subj_f1=0.409 | lr=2.3e-04 | 13.3s
  Ep  23/200 | train_loss=0.3479 | val_sample_f1=0.428 auroc=0.612 | val_subj_f1=0.409 | lr=2.3e-04 | 12.9s
  Ep  24/200 | train_loss=0.2978 | val_sample_f1=0.431 auroc=0.613 | val_subj_f1=0.409 | lr=2.3e-04 | 13.1s
  Ep  25/200 | train_loss=0.3320 | val_sample_f1=0.432 auroc=0.614 | val_subj_f1=0.409 | lr=2.3e-04 | 13.1s
  Ep  26/200 | train_loss=0.3395 | val_sample_f1=0.437 auroc=0.616 | val_subj_f1=0.600 | lr=2.3e-04 | 14.0s
  Ep  27/200 | train_loss=0.2534 | val_sample_f1=0.433 auroc=0.617 | val_subj_f1=0.600 | lr=2.3e-04 | 13.4s
  Ep  28/200 | train_loss=0.1844 | val_sample_f1=0.437 auroc=0.618 | val_subj_f1=0.600 | lr=2.3e-04 | 13.4s
  Ep  29/200 | train_loss=0.2308 | val_sample_f1=0.441 auroc=0.619 | val_subj_f1=0.600 | lr=2.3e-04 | 13.2s
  Ep  30/200 | train_loss=0.2929 | val_sample_f1=0.440 auroc=0.619 | val_subj_f1=0.600 | lr=2.3e-04 | 13.7s
  Ep  31/200 | train_loss=0.2117 | val_sample_f1=0.438 auroc=0.619 | val_subj_f1=0.600 | lr=2.3e-04 | 13.3s
  Ep  32/200 | train_loss=0.1163 | val_sample_f1=0.437 auroc=0.620 | val_subj_f1=0.600 | lr=2.3e-04 | 13.0s
  Ep  33/200 | train_loss=0.1835 | val_sample_f1=0.439 auroc=0.621 | val_subj_f1=0.600 | lr=2.3e-04 | 13.3s
  Ep  34/200 | train_loss=0.0957 | val_sample_f1=0.442 auroc=0.621 | val_subj_f1=0.600 | lr=2.2e-04 | 12.1s
  Ep  35/200 | train_loss=0.1281 | val_sample_f1=0.444 auroc=0.621 | val_subj_f1=0.600 | lr=2.2e-04 | 13.5s
  Ep  36/200 | train_loss=0.2457 | val_sample_f1=0.445 auroc=0.622 | val_subj_f1=0.600 | lr=2.2e-04 | 13.5s
  Ep  37/200 | train_loss=0.2694 | val_sample_f1=0.448 auroc=0.622 | val_subj_f1=0.600 | lr=2.2e-04 | 13.1s
  Ep  38/200 | train_loss=0.1593 | val_sample_f1=0.446 auroc=0.622 | val_subj_f1=0.600 | lr=2.2e-04 | 13.3s
  Ep  39/200 | train_loss=0.1913 | val_sample_f1=0.449 auroc=0.623 | val_subj_f1=0.600 | lr=2.2e-04 | 13.4s
  Ep  40/200 | train_loss=0.1508 | val_sample_f1=0.447 auroc=0.623 | val_subj_f1=0.600 | lr=2.2e-04 | 13.7s
  Ep  41/200 | train_loss=0.1669 | val_sample_f1=0.447 auroc=0.623 | val_subj_f1=0.600 | lr=2.2e-04 | 13.2s
  Ep  42/200 | train_loss=0.1194 | val_sample_f1=0.449 auroc=0.623 | val_subj_f1=0.600 | lr=2.2e-04 | 13.2s
  Ep  43/200 | train_loss=0.0887 | val_sample_f1=0.447 auroc=0.623 | val_subj_f1=0.600 | lr=2.2e-04 | 14.0s
  Ep  44/200 | train_loss=0.1647 | val_sample_f1=0.446 auroc=0.624 | val_subj_f1=0.600 | lr=2.1e-04 | 13.3s
  Ep  45/200 | train_loss=0.0928 | val_sample_f1=0.445 auroc=0.624 | val_subj_f1=0.600 | lr=2.1e-04 | 13.5s
  Ep  46/200 | train_loss=0.0813 | val_sample_f1=0.443 auroc=0.625 | val_subj_f1=0.522 | lr=2.1e-04 | 13.4s
  Ep  47/200 | train_loss=0.0697 | val_sample_f1=0.443 auroc=0.625 | val_subj_f1=0.522 | lr=2.1e-04 | 13.6s
  Ep  48/200 | train_loss=0.1573 | val_sample_f1=0.444 auroc=0.625 | val_subj_f1=0.522 | lr=2.1e-04 | 13.6s
  Ep  49/200 | train_loss=0.1296 | val_sample_f1=0.445 auroc=0.625 | val_subj_f1=0.522 | lr=2.1e-04 | 13.4s
  Ep  50/200 | train_loss=0.0658 | val_sample_f1=0.447 auroc=0.625 | val_subj_f1=0.522 | lr=2.1e-04 | 13.3s
  Ep  51/200 | train_loss=0.0953 | val_sample_f1=0.449 auroc=0.625 | val_subj_f1=0.517 | lr=2.1e-04 | 13.1s
  Ep  52/200 | train_loss=0.0923 | val_sample_f1=0.445 auroc=0.625 | val_subj_f1=0.517 | lr=2.0e-04 | 13.4s
  Ep  53/200 | train_loss=0.1108 | val_sample_f1=0.444 auroc=0.625 | val_subj_f1=0.517 | lr=2.0e-04 | 13.4s
  Ep  54/200 | train_loss=0.0778 | val_sample_f1=0.446 auroc=0.626 | val_subj_f1=0.517 | lr=2.0e-04 | 13.3s
  Ep  55/200 | train_loss=0.0599 | val_sample_f1=0.444 auroc=0.625 | val_subj_f1=0.517 | lr=2.0e-04 | 13.5s
  Ep  56/200 | train_loss=0.0585 | val_sample_f1=0.444 auroc=0.625 | val_subj_f1=0.517 | lr=2.0e-04 | 13.2s
  Ep  57/200 | train_loss=0.1208 | val_sample_f1=0.446 auroc=0.625 | val_subj_f1=0.517 | lr=2.0e-04 | 13.4s
  Ep  58/200 | train_loss=0.1199 | val_sample_f1=0.441 auroc=0.626 | val_subj_f1=0.517 | lr=2.0e-04 | 13.1s
  Ep  59/200 | train_loss=0.1260 | val_sample_f1=0.441 auroc=0.626 | val_subj_f1=0.517 | lr=1.9e-04 | 13.7s
  Ep  60/200 | train_loss=0.1213 | val_sample_f1=0.437 auroc=0.626 | val_subj_f1=0.517 | lr=1.9e-04 | 13.1s
  Ep  61/200 | train_loss=0.0756 | val_sample_f1=0.439 auroc=0.626 | val_subj_f1=0.517 | lr=1.9e-04 | 13.3s
  Ep  62/200 | train_loss=0.1162 | val_sample_f1=0.439 auroc=0.625 | val_subj_f1=0.517 | lr=1.9e-04 | 13.1s
  Ep  63/200 | train_loss=0.0458 | val_sample_f1=0.439 auroc=0.625 | val_subj_f1=0.517 | lr=1.9e-04 | 13.0s
  Ep  64/200 | train_loss=0.1010 | val_sample_f1=0.440 auroc=0.625 | val_subj_f1=0.517 | lr=1.9e-04 | 13.2s
  Ep  65/200 | train_loss=0.0778 | val_sample_f1=0.440 auroc=0.625 | val_subj_f1=0.517 | lr=1.8e-04 | 13.2s
  Ep  66/200 | train_loss=0.0786 | val_sample_f1=0.437 auroc=0.625 | val_subj_f1=0.517 | lr=1.8e-04 | 13.2s
  early stop @ ep 66

  TEST  sample: f1=0.2627 acc=0.2727 auroc=0.3769 bal_acc=0.2595
  TEST  subject: f1=0.1111 acc=0.1111 auroc=0.3542 bal_acc=0.1111
/raid/jupyter-linjimmy1003.md10/.conda/envs/stress/lib/python3.11/site-packages/timm/models/layers/__init__.py:49: FutureWarning: Importing from timm.models.layers is deprecated, please import via timm.layers
  warnings.warn(f"Importing from {__name__} is deprecated, please import via timm.layers", FutureWarning)

=== reve seed 44 mode=frozen ===
  recipe: {'lr': 0.00024, 'weight_decay': 0.01, 'layer_decay': 1.0, 'label_smoothing': 0.0, 'head_hidden': 0, 'drop_path': 0.0, 'encoder_lr_scale': 0.1, 'warmup_epochs': 2, 'optimizer_betas': (0.9, 0.95), 'norm': 'none'}
ADFTD: 88 recordings from 88 subjects (AD=36, HC=29)
  ADFTD 3-class: 88 recordings, 88 subjects, label counts={0: 29, 1: 36, 2: 23}
  split: train rec=70/70 subj, val=9/9, test=9/9
  windows: train=11271, val=1380, test=1423
[PosBank] Loaded 543 positions from weights/reve-positions
[REVE] Loaded 140/140 encoder params from weights/reve-base/model.safetensors
[PosBank] Loaded 543 positions from weights/reve-positions
[REVE] Loaded 140/140 encoder params from weights/reve-base/model.safetensors
  mode=frozen — backbone frozen, head-only LR=0.005
  Ep   1/200 | train_loss=2.1979 | val_sample_f1=0.336 auroc=0.507 | val_subj_f1=0.222 | lr=2.5e-03 | 6.6s
  Ep   2/200 | train_loss=5.4223 | val_sample_f1=0.372 auroc=0.566 | val_subj_f1=0.389 | lr=5.0e-03 | 5.2s
  Ep   3/200 | train_loss=5.9041 | val_sample_f1=0.419 auroc=0.584 | val_subj_f1=0.631 | lr=5.0e-03 | 5.2s
  Ep   4/200 | train_loss=8.9993 | val_sample_f1=0.389 auroc=0.573 | val_subj_f1=0.389 | lr=5.0e-03 | 5.1s
  Ep   5/200 | train_loss=6.0159 | val_sample_f1=0.386 auroc=0.554 | val_subj_f1=0.389 | lr=5.0e-03 | 5.1s
  Ep   6/200 | train_loss=7.5649 | val_sample_f1=0.336 auroc=0.504 | val_subj_f1=0.315 | lr=5.0e-03 | 5.3s
  Ep   7/200 | train_loss=8.2147 | val_sample_f1=0.345 auroc=0.517 | val_subj_f1=0.315 | lr=5.0e-03 | 5.2s
  Ep   8/200 | train_loss=5.8593 | val_sample_f1=0.360 auroc=0.537 | val_subj_f1=0.315 | lr=5.0e-03 | 5.0s
  Ep   9/200 | train_loss=6.7872 | val_sample_f1=0.372 auroc=0.554 | val_subj_f1=0.315 | lr=5.0e-03 | 5.2s
  Ep  10/200 | train_loss=6.3027 | val_sample_f1=0.355 auroc=0.549 | val_subj_f1=0.315 | lr=5.0e-03 | 4.9s
  Ep  11/200 | train_loss=6.4644 | val_sample_f1=0.375 auroc=0.558 | val_subj_f1=0.315 | lr=5.0e-03 | 5.4s
  Ep  12/200 | train_loss=6.6661 | val_sample_f1=0.368 auroc=0.554 | val_subj_f1=0.315 | lr=5.0e-03 | 5.3s
  Ep  13/200 | train_loss=5.6884 | val_sample_f1=0.381 auroc=0.552 | val_subj_f1=0.315 | lr=5.0e-03 | 5.3s
  Ep  14/200 | train_loss=5.5486 | val_sample_f1=0.384 auroc=0.553 | val_subj_f1=0.315 | lr=5.0e-03 | 5.1s
  Ep  15/200 | train_loss=7.8623 | val_sample_f1=0.401 auroc=0.567 | val_subj_f1=0.315 | lr=4.9e-03 | 5.4s
  Ep  16/200 | train_loss=7.6799 | val_sample_f1=0.397 auroc=0.565 | val_subj_f1=0.315 | lr=4.9e-03 | 5.5s
  Ep  17/200 | train_loss=7.2440 | val_sample_f1=0.396 auroc=0.564 | val_subj_f1=0.389 | lr=4.9e-03 | 5.1s
  Ep  18/200 | train_loss=6.6522 | val_sample_f1=0.402 auroc=0.566 | val_subj_f1=0.389 | lr=4.9e-03 | 5.3s
  early stop @ ep 18

  TEST  sample: f1=0.2344 acc=0.2523 auroc=0.3280 bal_acc=0.2334
  TEST  subject: f1=0.3152 acc=0.4444 auroc=0.2749 bal_acc=0.3611
/raid/jupyter-linjimmy1003.md10/.conda/envs/stress/lib/python3.11/site-packages/timm/models/layers/__init__.py:49: FutureWarning: Importing from timm.models.layers is deprecated, please import via timm.layers
  warnings.warn(f"Importing from {__name__} is deprecated, please import via timm.layers", FutureWarning)

=== reve seed 45 mode=ft ===
  recipe: {'lr': 0.00024, 'weight_decay': 0.01, 'layer_decay': 1.0, 'label_smoothing': 0.0, 'head_hidden': 0, 'drop_path': 0.0, 'encoder_lr_scale': 0.1, 'warmup_epochs': 2, 'optimizer_betas': (0.9, 0.95), 'norm': 'none'}
ADFTD: 88 recordings from 88 subjects (AD=36, HC=29)
  ADFTD 3-class: 88 recordings, 88 subjects, label counts={0: 29, 1: 36, 2: 23}
  split: train rec=70/70 subj, val=9/9, test=9/9
  windows: train=11116, val=1462, test=1496
[PosBank] Loaded 543 positions from weights/reve-positions
[REVE] Loaded 140/140 encoder params from weights/reve-base/model.safetensors
[PosBank] Loaded 543 positions from weights/reve-positions
[REVE] Loaded 140/140 encoder params from weights/reve-base/model.safetensors
  mode=ft — full fine-tuning per recipe
  Ep   1/200 | train_loss=1.2138 | val_sample_f1=0.354 auroc=0.526 | val_subj_f1=0.259 | lr=1.2e-04 | 14.4s
  Ep   2/200 | train_loss=1.1941 | val_sample_f1=0.322 auroc=0.561 | val_subj_f1=0.205 | lr=2.4e-04 | 12.8s
  Ep   3/200 | train_loss=1.3522 | val_sample_f1=0.332 auroc=0.615 | val_subj_f1=0.205 | lr=2.4e-04 | 12.7s
  Ep   4/200 | train_loss=1.3368 | val_sample_f1=0.378 auroc=0.657 | val_subj_f1=0.167 | lr=2.4e-04 | 12.8s
  Ep   5/200 | train_loss=1.1627 | val_sample_f1=0.399 auroc=0.661 | val_subj_f1=0.167 | lr=2.4e-04 | 12.9s
  Ep   6/200 | train_loss=1.1053 | val_sample_f1=0.422 auroc=0.676 | val_subj_f1=0.422 | lr=2.4e-04 | 12.7s
  Ep   7/200 | train_loss=1.2396 | val_sample_f1=0.442 auroc=0.686 | val_subj_f1=0.422 | lr=2.4e-04 | 13.0s
  Ep   8/200 | train_loss=1.1173 | val_sample_f1=0.449 auroc=0.681 | val_subj_f1=0.422 | lr=2.4e-04 | 13.1s
  Ep   9/200 | train_loss=1.2071 | val_sample_f1=0.444 auroc=0.680 | val_subj_f1=0.422 | lr=2.4e-04 | 13.2s
  Ep  10/200 | train_loss=0.9842 | val_sample_f1=0.446 auroc=0.685 | val_subj_f1=0.422 | lr=2.4e-04 | 13.4s
  Ep  11/200 | train_loss=0.9338 | val_sample_f1=0.455 auroc=0.690 | val_subj_f1=0.422 | lr=2.4e-04 | 13.3s
  Ep  12/200 | train_loss=0.9602 | val_sample_f1=0.444 auroc=0.682 | val_subj_f1=0.315 | lr=2.4e-04 | 12.9s
  Ep  13/200 | train_loss=0.8459 | val_sample_f1=0.446 auroc=0.680 | val_subj_f1=0.315 | lr=2.4e-04 | 13.5s
  Ep  14/200 | train_loss=0.7150 | val_sample_f1=0.454 auroc=0.676 | val_subj_f1=0.422 | lr=2.4e-04 | 13.0s
  Ep  15/200 | train_loss=0.7687 | val_sample_f1=0.458 auroc=0.678 | val_subj_f1=0.422 | lr=2.4e-04 | 13.4s
  Ep  16/200 | train_loss=0.6185 | val_sample_f1=0.467 auroc=0.678 | val_subj_f1=0.422 | lr=2.4e-04 | 13.2s
  Ep  17/200 | train_loss=0.5476 | val_sample_f1=0.474 auroc=0.677 | val_subj_f1=0.422 | lr=2.4e-04 | 13.7s
  Ep  18/200 | train_loss=0.4750 | val_sample_f1=0.475 auroc=0.675 | val_subj_f1=0.422 | lr=2.4e-04 | 14.0s
  Ep  19/200 | train_loss=0.4585 | val_sample_f1=0.479 auroc=0.674 | val_subj_f1=0.422 | lr=2.4e-04 | 13.3s
  Ep  20/200 | train_loss=0.3972 | val_sample_f1=0.481 auroc=0.675 | val_subj_f1=0.422 | lr=2.4e-04 | 13.2s
  Ep  21/200 | train_loss=0.5155 | val_sample_f1=0.489 auroc=0.676 | val_subj_f1=0.422 | lr=2.3e-04 | 13.5s
  Ep  22/200 | train_loss=0.4312 | val_sample_f1=0.490 auroc=0.676 | val_subj_f1=0.422 | lr=2.3e-04 | 13.4s
  Ep  23/200 | train_loss=0.3311 | val_sample_f1=0.494 auroc=0.675 | val_subj_f1=0.422 | lr=2.3e-04 | 13.0s
  Ep  24/200 | train_loss=0.2729 | val_sample_f1=0.490 auroc=0.673 | val_subj_f1=0.422 | lr=2.3e-04 | 13.4s
  Ep  25/200 | train_loss=0.2399 | val_sample_f1=0.497 auroc=0.672 | val_subj_f1=0.413 | lr=2.3e-04 | 13.2s
  Ep  26/200 | train_loss=0.2186 | val_sample_f1=0.498 auroc=0.673 | val_subj_f1=0.413 | lr=2.3e-04 | 13.0s
  Ep  27/200 | train_loss=0.2086 | val_sample_f1=0.497 auroc=0.672 | val_subj_f1=0.413 | lr=2.3e-04 | 13.4s
  Ep  28/200 | train_loss=0.1846 | val_sample_f1=0.504 auroc=0.671 | val_subj_f1=0.413 | lr=2.3e-04 | 13.1s
  Ep  29/200 | train_loss=0.1218 | val_sample_f1=0.505 auroc=0.671 | val_subj_f1=0.413 | lr=2.3e-04 | 13.1s
  Ep  30/200 | train_loss=0.1152 | val_sample_f1=0.502 auroc=0.671 | val_subj_f1=0.413 | lr=2.3e-04 | 13.1s
  Ep  31/200 | train_loss=0.1200 | val_sample_f1=0.506 auroc=0.672 | val_subj_f1=0.413 | lr=2.3e-04 | 13.3s
  Ep  32/200 | train_loss=0.0886 | val_sample_f1=0.503 auroc=0.671 | val_subj_f1=0.413 | lr=2.3e-04 | 13.1s
  Ep  33/200 | train_loss=0.1065 | val_sample_f1=0.503 auroc=0.671 | val_subj_f1=0.413 | lr=2.3e-04 | 13.2s
  Ep  34/200 | train_loss=0.1378 | val_sample_f1=0.503 auroc=0.672 | val_subj_f1=0.413 | lr=2.2e-04 | 13.4s
  Ep  35/200 | train_loss=0.1007 | val_sample_f1=0.502 auroc=0.672 | val_subj_f1=0.413 | lr=2.2e-04 | 13.2s
  Ep  36/200 | train_loss=0.1235 | val_sample_f1=0.500 auroc=0.672 | val_subj_f1=0.413 | lr=2.2e-04 | 13.3s
  Ep  37/200 | train_loss=0.0707 | val_sample_f1=0.501 auroc=0.672 | val_subj_f1=0.413 | lr=2.2e-04 | 13.2s
  Ep  38/200 | train_loss=0.1051 | val_sample_f1=0.499 auroc=0.673 | val_subj_f1=0.413 | lr=2.2e-04 | 13.2s
  Ep  39/200 | train_loss=0.0781 | val_sample_f1=0.503 auroc=0.673 | val_subj_f1=0.413 | lr=2.2e-04 | 13.2s
  Ep  40/200 | train_loss=0.0730 | val_sample_f1=0.502 auroc=0.674 | val_subj_f1=0.413 | lr=2.2e-04 | 13.2s
  Ep  41/200 | train_loss=0.0902 | val_sample_f1=0.502 auroc=0.674 | val_subj_f1=0.413 | lr=2.2e-04 | 13.3s
  Ep  42/200 | train_loss=0.1137 | val_sample_f1=0.499 auroc=0.673 | val_subj_f1=0.413 | lr=2.2e-04 | 13.0s
  Ep  43/200 | train_loss=0.0795 | val_sample_f1=0.507 auroc=0.674 | val_subj_f1=0.413 | lr=2.2e-04 | 12.9s
  Ep  44/200 | train_loss=0.0609 | val_sample_f1=0.507 auroc=0.675 | val_subj_f1=0.413 | lr=2.1e-04 | 12.8s
  Ep  45/200 | train_loss=0.0894 | val_sample_f1=0.510 auroc=0.675 | val_subj_f1=0.413 | lr=2.1e-04 | 13.4s
  Ep  46/200 | train_loss=0.2097 | val_sample_f1=0.504 auroc=0.676 | val_subj_f1=0.413 | lr=2.1e-04 | 13.4s
  Ep  47/200 | train_loss=0.0901 | val_sample_f1=0.503 auroc=0.676 | val_subj_f1=0.413 | lr=2.1e-04 | 13.1s
  Ep  48/200 | train_loss=0.1483 | val_sample_f1=0.501 auroc=0.676 | val_subj_f1=0.413 | lr=2.1e-04 | 13.4s
  Ep  49/200 | train_loss=0.0636 | val_sample_f1=0.499 auroc=0.676 | val_subj_f1=0.413 | lr=2.1e-04 | 13.3s
  Ep  50/200 | train_loss=0.0513 | val_sample_f1=0.504 auroc=0.676 | val_subj_f1=0.413 | lr=2.1e-04 | 13.2s
  Ep  51/200 | train_loss=0.0813 | val_sample_f1=0.504 auroc=0.677 | val_subj_f1=0.413 | lr=2.1e-04 | 13.5s
  Ep  52/200 | train_loss=0.0665 | val_sample_f1=0.503 auroc=0.678 | val_subj_f1=0.413 | lr=2.0e-04 | 13.6s
  Ep  53/200 | train_loss=0.1374 | val_sample_f1=0.504 auroc=0.678 | val_subj_f1=0.413 | lr=2.0e-04 | 13.1s
  Ep  54/200 | train_loss=0.0604 | val_sample_f1=0.504 auroc=0.678 | val_subj_f1=0.413 | lr=2.0e-04 | 13.4s
  Ep  55/200 | train_loss=0.0630 | val_sample_f1=0.504 auroc=0.678 | val_subj_f1=0.413 | lr=2.0e-04 | 13.4s
  Ep  56/200 | train_loss=0.0597 | val_sample_f1=0.504 auroc=0.678 | val_subj_f1=0.413 | lr=2.0e-04 | 13.1s
  Ep  57/200 | train_loss=0.1115 | val_sample_f1=0.505 auroc=0.678 | val_subj_f1=0.413 | lr=2.0e-04 | 13.5s
  Ep  58/200 | train_loss=0.1242 | val_sample_f1=0.504 auroc=0.679 | val_subj_f1=0.413 | lr=2.0e-04 | 13.6s
  Ep  59/200 | train_loss=0.0432 | val_sample_f1=0.504 auroc=0.679 | val_subj_f1=0.413 | lr=1.9e-04 | 13.3s
  Ep  60/200 | train_loss=0.0430 | val_sample_f1=0.503 auroc=0.679 | val_subj_f1=0.413 | lr=1.9e-04 | 13.2s
  early stop @ ep 60

  TEST  sample: f1=0.3073 acc=0.3155 auroc=0.4439 bal_acc=0.3071
  TEST  subject: f1=0.2778 acc=0.3333 auroc=0.5458 bal_acc=0.2778
/raid/jupyter-linjimmy1003.md10/.conda/envs/stress/lib/python3.11/site-packages/timm/models/layers/__init__.py:49: FutureWarning: Importing from timm.models.layers is deprecated, please import via timm.layers
  warnings.warn(f"Importing from {__name__} is deprecated, please import via timm.layers", FutureWarning)

=== reve seed 45 mode=frozen ===
  recipe: {'lr': 0.00024, 'weight_decay': 0.01, 'layer_decay': 1.0, 'label_smoothing': 0.0, 'head_hidden': 0, 'drop_path': 0.0, 'encoder_lr_scale': 0.1, 'warmup_epochs': 2, 'optimizer_betas': (0.9, 0.95), 'norm': 'none'}
ADFTD: 88 recordings from 88 subjects (AD=36, HC=29)
  ADFTD 3-class: 88 recordings, 88 subjects, label counts={0: 29, 1: 36, 2: 23}
  split: train rec=70/70 subj, val=9/9, test=9/9
  windows: train=11116, val=1462, test=1496
[PosBank] Loaded 543 positions from weights/reve-positions
[REVE] Loaded 140/140 encoder params from weights/reve-base/model.safetensors
[PosBank] Loaded 543 positions from weights/reve-positions
[REVE] Loaded 140/140 encoder params from weights/reve-base/model.safetensors
  mode=frozen — backbone frozen, head-only LR=0.005
  Ep   1/200 | train_loss=2.0199 | val_sample_f1=0.315 auroc=0.544 | val_subj_f1=0.205 | lr=2.5e-03 | 6.1s
  Ep   2/200 | train_loss=4.2408 | val_sample_f1=0.350 auroc=0.564 | val_subj_f1=0.315 | lr=5.0e-03 | 5.0s
  Ep   3/200 | train_loss=8.8630 | val_sample_f1=0.316 auroc=0.574 | val_subj_f1=0.182 | lr=5.0e-03 | 5.2s
  Ep   4/200 | train_loss=8.5310 | val_sample_f1=0.386 auroc=0.632 | val_subj_f1=0.182 | lr=5.0e-03 | 4.9s
  Ep   5/200 | train_loss=9.7491 | val_sample_f1=0.359 auroc=0.622 | val_subj_f1=0.182 | lr=5.0e-03 | 5.6s
  Ep   6/200 | train_loss=9.5269 | val_sample_f1=0.407 auroc=0.636 | val_subj_f1=0.404 | lr=5.0e-03 | 5.2s
  Ep   7/200 | train_loss=6.1208 | val_sample_f1=0.413 auroc=0.643 | val_subj_f1=0.404 | lr=5.0e-03 | 5.0s
  Ep   8/200 | train_loss=5.8560 | val_sample_f1=0.441 auroc=0.647 | val_subj_f1=0.556 | lr=5.0e-03 | 5.0s
  Ep   9/200 | train_loss=6.4260 | val_sample_f1=0.433 auroc=0.639 | val_subj_f1=0.311 | lr=5.0e-03 | 5.2s
  Ep  10/200 | train_loss=5.9503 | val_sample_f1=0.403 auroc=0.621 | val_subj_f1=0.311 | lr=5.0e-03 | 5.0s
  Ep  11/200 | train_loss=6.2030 | val_sample_f1=0.430 auroc=0.630 | val_subj_f1=0.413 | lr=5.0e-03 | 5.1s
  Ep  12/200 | train_loss=6.3625 | val_sample_f1=0.441 auroc=0.624 | val_subj_f1=0.413 | lr=5.0e-03 | 5.0s
  Ep  13/200 | train_loss=7.6844 | val_sample_f1=0.429 auroc=0.617 | val_subj_f1=0.413 | lr=5.0e-03 | 5.1s
  Ep  14/200 | train_loss=5.8607 | val_sample_f1=0.424 auroc=0.612 | val_subj_f1=0.311 | lr=5.0e-03 | 5.0s
  Ep  15/200 | train_loss=6.3823 | val_sample_f1=0.434 auroc=0.623 | val_subj_f1=0.413 | lr=4.9e-03 | 5.0s
  Ep  16/200 | train_loss=6.9006 | val_sample_f1=0.442 auroc=0.618 | val_subj_f1=0.422 | lr=4.9e-03 | 5.1s
  Ep  17/200 | train_loss=7.5617 | val_sample_f1=0.445 auroc=0.619 | val_subj_f1=0.422 | lr=4.9e-03 | 5.1s
  Ep  18/200 | train_loss=5.7109 | val_sample_f1=0.438 auroc=0.613 | val_subj_f1=0.422 | lr=4.9e-03 | 5.2s
  Ep  19/200 | train_loss=4.7912 | val_sample_f1=0.434 auroc=0.609 | val_subj_f1=0.422 | lr=4.9e-03 | 5.1s
  Ep  20/200 | train_loss=5.4086 | val_sample_f1=0.421 auroc=0.603 | val_subj_f1=0.422 | lr=4.9e-03 | 5.0s
  Ep  21/200 | train_loss=5.9653 | val_sample_f1=0.420 auroc=0.598 | val_subj_f1=0.422 | lr=4.9e-03 | 5.2s
  Ep  22/200 | train_loss=4.9439 | val_sample_f1=0.417 auroc=0.596 | val_subj_f1=0.508 | lr=4.9e-03 | 5.0s
  Ep  23/200 | train_loss=7.2115 | val_sample_f1=0.405 auroc=0.606 | val_subj_f1=0.500 | lr=4.9e-03 | 5.1s
  Ep  24/200 | train_loss=7.0747 | val_sample_f1=0.420 auroc=0.606 | val_subj_f1=0.508 | lr=4.8e-03 | 5.0s
  Ep  25/200 | train_loss=6.1448 | val_sample_f1=0.414 auroc=0.606 | val_subj_f1=0.508 | lr=4.8e-03 | 5.2s
  Ep  26/200 | train_loss=6.0152 | val_sample_f1=0.412 auroc=0.615 | val_subj_f1=0.508 | lr=4.8e-03 | 4.9s
  Ep  27/200 | train_loss=7.8467 | val_sample_f1=0.416 auroc=0.613 | val_subj_f1=0.508 | lr=4.8e-03 | 5.3s
  Ep  28/200 | train_loss=6.1009 | val_sample_f1=0.430 auroc=0.608 | val_subj_f1=0.422 | lr=4.8e-03 | 5.0s
  Ep  29/200 | train_loss=5.6217 | val_sample_f1=0.436 auroc=0.608 | val_subj_f1=0.422 | lr=4.8e-03 | 5.1s
  Ep  30/200 | train_loss=5.1471 | val_sample_f1=0.436 auroc=0.606 | val_subj_f1=0.422 | lr=4.8e-03 | 5.1s
  Ep  31/200 | train_loss=5.5491 | val_sample_f1=0.423 auroc=0.602 | val_subj_f1=0.422 | lr=4.7e-03 | 5.1s
  Ep  32/200 | train_loss=5.8225 | val_sample_f1=0.422 auroc=0.597 | val_subj_f1=0.422 | lr=4.7e-03 | 5.2s
  early stop @ ep 32

  TEST  sample: f1=0.3231 acc=0.3269 auroc=0.4572 bal_acc=0.3290
  TEST  subject: f1=0.3397 acc=0.3333 auroc=0.5476 bal_acc=0.3611
