/raid/jupyter-linjimmy1003.md10/.conda/envs/stress/lib/python3.11/site-packages/timm/models/layers/__init__.py:49: FutureWarning: Importing from timm.models.layers is deprecated, please import via timm.layers
  warnings.warn(f"Importing from {__name__} is deprecated, please import via timm.layers", FutureWarning)
Mode: FT | Extractor: cbramod | Folds: 5
LR: 3e-05 | WD: 0.05 | Beta2: 0.999 | Grad clip: 2.0
Head: hidden=128, dropout=0.0 | Norm: none | Loss: focal
Full FT: encoder_lr_scale=1.0
Augmentation: 75% overlap for increase class

Results → results/hp_sweep/20260410_dass/cbramod/cbramod_encoderlrscale1.0_lr3e-5_s42/
Dataset: 70 recordings loaded (14 increase, 56 normal)
Cache: 70 recordings ready (70 cached, 0 new)

============================================================
Fold 1/5
============================================================
  Train:  45 samples, 12 subjects [1, 2, 3, 4, 6, 7, 9, 10, 13, 14, 16, 18], label_0=34, label_1=11
    Val:  12 samples,  2 subjects [5, 11], label_0=11, label_1=1
   Test:  13 samples,  3 subjects [8, 12, 17], label_0=11, label_1=2
  Building window datasets...
    WindowDataset: 5684 windows (class_0=2641, class_1=3043)
    WindowDataset: 964 windows (class_0=903, class_1=61)
    WindowDataset: 1184 windows (class_0=1058, class_1=126)
[CBraMod] Loaded 209/209 params from weights/cbramod-base/pretrained_weights.pth
  Trainable parameters: 4,935,443
  Class weights: [1.0761075019836426, 0.9339467883110046]
  Fold 1 | Ep   1/50 | t_loss=0.1670 t_acc=0.599 | v_win_bal=0.338 v_rec_bal=0.227 | lr=1.0e-05 | 13.0s
  Fold 1 | Ep   2/50 | t_loss=0.1287 t_acc=0.770 | v_win_bal=0.386 v_rec_bal=0.273 | lr=2.0e-05 | 10.7s
  Fold 1 | Ep   3/50 | t_loss=0.1237 t_acc=0.789 | v_win_bal=0.369 v_rec_bal=0.318 | lr=3.0e-05 | 10.7s
  Fold 1 | Ep   4/50 | t_loss=0.1155 t_acc=0.808 | v_win_bal=0.369 v_rec_bal=0.273 | lr=3.0e-05 | 10.7s
  Fold 1 | Ep   5/50 | t_loss=0.1112 t_acc=0.813 | v_win_bal=0.392 v_rec_bal=0.318 | lr=3.0e-05 | 10.7s
  Fold 1 | Ep   6/50 | t_loss=0.1031 t_acc=0.835 | v_win_bal=0.459 v_rec_bal=0.500 | lr=3.0e-05 | 10.6s
  Fold 1 | Ep   7/50 | t_loss=0.0943 t_acc=0.846 | v_win_bal=0.429 v_rec_bal=0.500 | lr=2.9e-05 | 10.7s
  Fold 1 | Ep   8/50 | t_loss=0.0883 t_acc=0.860 | v_win_bal=0.429 v_rec_bal=0.500 | lr=2.9e-05 | 10.6s
  Fold 1 | Ep   9/50 | t_loss=0.0774 t_acc=0.872 | v_win_bal=0.484 v_rec_bal=0.500 | lr=2.9e-05 | 10.9s
  Fold 1 | Ep  10/50 | t_loss=0.0725 t_acc=0.883 | v_win_bal=0.487 v_rec_bal=0.500 | lr=2.8e-05 | 10.6s
  Fold 1 | Ep  11/50 | t_loss=0.0706 t_acc=0.885 | v_win_bal=0.522 v_rec_bal=0.500 | lr=2.8e-05 | 11.0s
  Fold 1 | Ep  12/50 | t_loss=0.0766 t_acc=0.872 | v_win_bal=0.508 v_rec_bal=0.455 | lr=2.7e-05 | 10.7s
  Fold 1 | Ep  13/50 | t_loss=0.0648 t_acc=0.888 | v_win_bal=0.378 v_rec_bal=0.273 | lr=2.7e-05 | 10.6s
  Fold 1 | Ep  14/50 | t_loss=0.0628 t_acc=0.896 | v_win_bal=0.524 v_rec_bal=0.500 | lr=2.6e-05 | 10.6s
  Fold 1 | Ep  15/50 | t_loss=0.0617 t_acc=0.899 | v_win_bal=0.531 v_rec_bal=0.500 | lr=2.5e-05 | 10.6s
  Fold 1 | Ep  16/50 | t_loss=0.0549 t_acc=0.913 | v_win_bal=0.531 v_rec_bal=0.500 | lr=2.5e-05 | 10.7s
  Fold 1 | Ep  17/50 | t_loss=0.0549 t_acc=0.915 | v_win_bal=0.464 v_rec_bal=0.455 | lr=2.4e-05 | 10.6s
  Fold 1 | Ep  18/50 | t_loss=0.0491 t_acc=0.922 | v_win_bal=0.521 v_rec_bal=0.500 | lr=2.3e-05 | 10.6s
  Fold 1 | Ep  19/50 | t_loss=0.0526 t_acc=0.925 | v_win_bal=0.580 v_rec_bal=0.500 | lr=2.2e-05 | 10.7s
  Fold 1 | Ep  20/50 | t_loss=0.0473 t_acc=0.931 | v_win_bal=0.548 v_rec_bal=0.455 | lr=2.1e-05 | 10.7s
  Fold 1 | Ep  21/50 | t_loss=0.0439 t_acc=0.935 | v_win_bal=0.572 v_rec_bal=0.455 | lr=2.0e-05 | 10.7s
  Fold 1 | Ep  22/50 | t_loss=0.0397 t_acc=0.945 | v_win_bal=0.571 v_rec_bal=0.455 | lr=1.9e-05 | 10.6s
  Fold 1 | Ep  23/50 | t_loss=0.0392 t_acc=0.945 | v_win_bal=0.471 v_rec_bal=0.500 | lr=1.8e-05 | 10.7s
  Early stop at epoch 23
  -> Test (best @ epoch 6): acc=0.8462, bal_acc=0.5000

============================================================
Fold 2/5
============================================================
  Train:  41 samples, 11 subjects [1, 2, 4, 6, 7, 9, 10, 13, 14, 17, 18], label_0=31, label_1=10
    Val:  17 samples,  4 subjects [3, 8, 12, 16], label_0=14, label_1=3
   Test:  12 samples,  2 subjects [5, 11], label_0=11, label_1=1
  Building window datasets...
    WindowDataset: 5250 windows (class_0=2460, class_1=2790)
    WindowDataset: 1429 windows (class_0=1239, class_1=190)
    WindowDataset: 964 windows (class_0=903, class_1=61)
[CBraMod] Loaded 209/209 params from weights/cbramod-base/pretrained_weights.pth
  Fold 2 | Ep   1/50 | t_loss=0.1686 t_acc=0.579 | v_win_bal=0.685 v_rec_bal=0.524 | lr=1.0e-05 | 10.6s
  Fold 2 | Ep   2/50 | t_loss=0.1345 t_acc=0.737 | v_win_bal=0.539 v_rec_bal=0.560 | lr=2.0e-05 | 10.5s
  Fold 2 | Ep   3/50 | t_loss=0.1065 t_acc=0.812 | v_win_bal=0.483 v_rec_bal=0.500 | lr=3.0e-05 | 10.5s
  Fold 2 | Ep   4/50 | t_loss=0.0840 t_acc=0.865 | v_win_bal=0.476 v_rec_bal=0.464 | lr=3.0e-05 | 10.6s
  Fold 2 | Ep   5/50 | t_loss=0.0722 t_acc=0.888 | v_win_bal=0.474 v_rec_bal=0.464 | lr=3.0e-05 | 10.6s
  Fold 2 | Ep   6/50 | t_loss=0.0693 t_acc=0.894 | v_win_bal=0.479 v_rec_bal=0.464 | lr=3.0e-05 | 13.0s
  Fold 2 | Ep   7/50 | t_loss=0.0691 t_acc=0.894 | v_win_bal=0.477 v_rec_bal=0.429 | lr=2.9e-05 | 12.0s
  Fold 2 | Ep   8/50 | t_loss=0.0624 t_acc=0.903 | v_win_bal=0.476 v_rec_bal=0.464 | lr=2.9e-05 | 12.1s
  Fold 2 | Ep   9/50 | t_loss=0.0590 t_acc=0.915 | v_win_bal=0.481 v_rec_bal=0.464 | lr=2.9e-05 | 12.1s
  Fold 2 | Ep  10/50 | t_loss=0.0515 t_acc=0.926 | v_win_bal=0.473 v_rec_bal=0.464 | lr=2.8e-05 | 12.1s
  Fold 2 | Ep  11/50 | t_loss=0.0572 t_acc=0.916 | v_win_bal=0.482 v_rec_bal=0.464 | lr=2.8e-05 | 12.0s
  Fold 2 | Ep  12/50 | t_loss=0.0503 t_acc=0.927 | v_win_bal=0.481 v_rec_bal=0.464 | lr=2.7e-05 | 12.1s
  Fold 2 | Ep  13/50 | t_loss=0.0518 t_acc=0.928 | v_win_bal=0.478 v_rec_bal=0.464 | lr=2.7e-05 | 12.0s
  Fold 2 | Ep  14/50 | t_loss=0.0484 t_acc=0.929 | v_win_bal=0.467 v_rec_bal=0.429 | lr=2.6e-05 | 12.7s
  Fold 2 | Ep  15/50 | t_loss=0.0501 t_acc=0.927 | v_win_bal=0.469 v_rec_bal=0.429 | lr=2.5e-05 | 12.0s
  Fold 2 | Ep  16/50 | t_loss=0.0415 t_acc=0.938 | v_win_bal=0.487 v_rec_bal=0.500 | lr=2.5e-05 | 12.0s
  Fold 2 | Ep  17/50 | t_loss=0.0454 t_acc=0.940 | v_win_bal=0.481 v_rec_bal=0.464 | lr=2.4e-05 | 12.0s
  Early stop at epoch 17
  -> Test (best @ epoch 2): acc=0.0833, bal_acc=0.5000

============================================================
Fold 3/5
============================================================
  Train:  45 samples, 11 subjects [1, 2, 3, 5, 6, 7, 8, 13, 16, 17, 18], label_0=35, label_1=10
    Val:  12 samples,  2 subjects [11, 12], label_0=11, label_1=1
   Test:  13 samples,  4 subjects [4, 9, 10, 14], label_0=10, label_1=3
  Building window datasets...
    WindowDataset: 4890 windows (class_0=2388, class_1=2502)
    WindowDataset: 1311 windows (class_0=1250, class_1=61)
    WindowDataset: 1226 windows (class_0=964, class_1=262)
[CBraMod] Loaded 209/209 params from weights/cbramod-base/pretrained_weights.pth
  Fold 3 | Ep   1/50 | t_loss=0.1726 t_acc=0.538 | v_win_bal=0.466 v_rec_bal=0.455 | lr=1.0e-05 | 11.1s
  Fold 3 | Ep   2/50 | t_loss=0.1585 t_acc=0.622 | v_win_bal=0.593 v_rec_bal=0.591 | lr=2.0e-05 | 11.1s
  Fold 3 | Ep   3/50 | t_loss=0.1536 t_acc=0.656 | v_win_bal=0.608 v_rec_bal=0.591 | lr=3.0e-05 | 11.2s
  Fold 3 | Ep   4/50 | t_loss=0.1377 t_acc=0.705 | v_win_bal=0.754 v_rec_bal=0.818 | lr=3.0e-05 | 11.2s
  Fold 3 | Ep   5/50 | t_loss=0.1183 t_acc=0.779 | v_win_bal=0.732 v_rec_bal=0.727 | lr=3.0e-05 | 11.1s
  Fold 3 | Ep   6/50 | t_loss=0.1072 t_acc=0.817 | v_win_bal=0.697 v_rec_bal=0.727 | lr=3.0e-05 | 11.1s
  Fold 3 | Ep   7/50 | t_loss=0.0859 t_acc=0.856 | v_win_bal=0.721 v_rec_bal=0.773 | lr=2.9e-05 | 11.1s
  Fold 3 | Ep   8/50 | t_loss=0.0782 t_acc=0.870 | v_win_bal=0.692 v_rec_bal=0.773 | lr=2.9e-05 | 11.5s
  Fold 3 | Ep   9/50 | t_loss=0.0692 t_acc=0.888 | v_win_bal=0.677 v_rec_bal=0.818 | lr=2.9e-05 | 11.1s
  Fold 3 | Ep  10/50 | t_loss=0.0652 t_acc=0.892 | v_win_bal=0.597 v_rec_bal=0.455 | lr=2.8e-05 | 11.2s
  Fold 3 | Ep  11/50 | t_loss=0.0613 t_acc=0.903 | v_win_bal=0.636 v_rec_bal=0.909 | lr=2.8e-05 | 11.2s
  Fold 3 | Ep  12/50 | t_loss=0.0557 t_acc=0.917 | v_win_bal=0.643 v_rec_bal=0.909 | lr=2.7e-05 | 11.1s
  Fold 3 | Ep  13/50 | t_loss=0.0583 t_acc=0.908 | v_win_bal=0.651 v_rec_bal=0.818 | lr=2.7e-05 | 11.2s
  Fold 3 | Ep  14/50 | t_loss=0.0442 t_acc=0.936 | v_win_bal=0.601 v_rec_bal=0.955 | lr=2.6e-05 | 11.2s
  Fold 3 | Ep  15/50 | t_loss=0.0444 t_acc=0.933 | v_win_bal=0.590 v_rec_bal=0.909 | lr=2.5e-05 | 11.3s
  Fold 3 | Ep  16/50 | t_loss=0.0379 t_acc=0.948 | v_win_bal=0.734 v_rec_bal=0.773 | lr=2.5e-05 | 11.2s
  Fold 3 | Ep  17/50 | t_loss=0.0414 t_acc=0.940 | v_win_bal=0.583 v_rec_bal=0.455 | lr=2.4e-05 | 11.2s
  Fold 3 | Ep  18/50 | t_loss=0.0367 t_acc=0.950 | v_win_bal=0.660 v_rec_bal=0.864 | lr=2.3e-05 | 11.2s
  Fold 3 | Ep  19/50 | t_loss=0.0361 t_acc=0.950 | v_win_bal=0.625 v_rec_bal=0.864 | lr=2.2e-05 | 11.1s
  Fold 3 | Ep  20/50 | t_loss=0.0315 t_acc=0.961 | v_win_bal=0.609 v_rec_bal=0.909 | lr=2.1e-05 | 11.2s
  Fold 3 | Ep  21/50 | t_loss=0.0322 t_acc=0.959 | v_win_bal=0.643 v_rec_bal=0.864 | lr=2.0e-05 | 11.2s
  Fold 3 | Ep  22/50 | t_loss=0.0262 t_acc=0.966 | v_win_bal=0.594 v_rec_bal=0.455 | lr=1.9e-05 | 11.2s
  Fold 3 | Ep  23/50 | t_loss=0.0268 t_acc=0.967 | v_win_bal=0.668 v_rec_bal=0.955 | lr=1.8e-05 | 11.8s
  Fold 3 | Ep  24/50 | t_loss=0.0225 t_acc=0.973 | v_win_bal=0.693 v_rec_bal=0.909 | lr=1.7e-05 | 11.2s
  Fold 3 | Ep  25/50 | t_loss=0.0219 t_acc=0.977 | v_win_bal=0.618 v_rec_bal=0.818 | lr=1.7e-05 | 11.2s
  Fold 3 | Ep  26/50 | t_loss=0.0229 t_acc=0.977 | v_win_bal=0.660 v_rec_bal=0.818 | lr=1.6e-05 | 11.4s
  Fold 3 | Ep  27/50 | t_loss=0.0211 t_acc=0.979 | v_win_bal=0.677 v_rec_bal=0.864 | lr=1.4e-05 | 11.1s
  Fold 3 | Ep  28/50 | t_loss=0.0230 t_acc=0.977 | v_win_bal=0.669 v_rec_bal=0.909 | lr=1.3e-05 | 11.1s
  Fold 3 | Ep  29/50 | t_loss=0.0243 t_acc=0.977 | v_win_bal=0.641 v_rec_bal=0.909 | lr=1.3e-05 | 11.1s
  Fold 3 | Ep  30/50 | t_loss=0.0139 t_acc=0.984 | v_win_bal=0.700 v_rec_bal=0.864 | lr=1.2e-05 | 11.1s
  Fold 3 | Ep  31/50 | t_loss=0.0185 t_acc=0.982 | v_win_bal=0.663 v_rec_bal=0.864 | lr=1.1e-05 | 11.1s
  Fold 3 | Ep  32/50 | t_loss=0.0171 t_acc=0.982 | v_win_bal=0.736 v_rec_bal=0.818 | lr=9.6e-06 | 11.1s
  Fold 3 | Ep  33/50 | t_loss=0.0126 t_acc=0.985 | v_win_bal=0.692 v_rec_bal=0.864 | lr=8.7e-06 | 11.5s
  Fold 3 | Ep  34/50 | t_loss=0.0109 t_acc=0.989 | v_win_bal=0.700 v_rec_bal=0.818 | lr=7.8e-06 | 10.8s
  Fold 3 | Ep  35/50 | t_loss=0.0110 t_acc=0.988 | v_win_bal=0.629 v_rec_bal=0.864 | lr=6.9e-06 | 11.2s
  Fold 3 | Ep  36/50 | t_loss=0.0092 t_acc=0.991 | v_win_bal=0.691 v_rec_bal=0.818 | lr=6.1e-06 | 11.1s
  Fold 3 | Ep  37/50 | t_loss=0.0152 t_acc=0.986 | v_win_bal=0.677 v_rec_bal=0.864 | lr=5.3e-06 | 11.1s
  Fold 3 | Ep  38/50 | t_loss=0.0134 t_acc=0.987 | v_win_bal=0.637 v_rec_bal=0.909 | lr=4.6e-06 | 11.1s
  Fold 3 | Ep  39/50 | t_loss=0.0118 t_acc=0.989 | v_win_bal=0.656 v_rec_bal=0.909 | lr=3.9e-06 | 11.1s
  Fold 3 | Ep  40/50 | t_loss=0.0085 t_acc=0.993 | v_win_bal=0.674 v_rec_bal=0.864 | lr=3.2e-06 | 11.1s
  Fold 3 | Ep  41/50 | t_loss=0.0075 t_acc=0.993 | v_win_bal=0.657 v_rec_bal=0.864 | lr=2.6e-06 | 11.1s
  Fold 3 | Ep  42/50 | t_loss=0.0083 t_acc=0.992 | v_win_bal=0.647 v_rec_bal=0.864 | lr=2.1e-06 | 11.2s
  Fold 3 | Ep  43/50 | t_loss=0.0073 t_acc=0.993 | v_win_bal=0.657 v_rec_bal=0.864 | lr=1.6e-06 | 11.1s
  Fold 3 | Ep  44/50 | t_loss=0.0073 t_acc=0.994 | v_win_bal=0.667 v_rec_bal=0.864 | lr=1.2e-06 | 11.1s
  Early stop at epoch 44
  -> Test (best @ epoch 14): acc=0.4615, bal_acc=0.5333

============================================================
Fold 4/5
============================================================
  Train:  40 samples, 10 subjects [1, 2, 4, 5, 9, 10, 11, 13, 14, 18], label_0=31, label_1=9
    Val:  13 samples,  3 subjects [8, 12, 17], label_0=11, label_1=2
   Test:  17 samples,  4 subjects [3, 6, 7, 16], label_0=14, label_1=3
  Building window datasets...
    WindowDataset: 5246 windows (class_0=2713, class_1=2533)
    WindowDataset: 1184 windows (class_0=1058, class_1=126)
    WindowDataset: 1021 windows (class_0=831, class_1=190)
[CBraMod] Loaded 209/209 params from weights/cbramod-base/pretrained_weights.pth
  Fold 4 | Ep   1/50 | t_loss=0.1722 t_acc=0.547 | v_win_bal=0.500 v_rec_bal=0.500 | lr=1.0e-05 | 11.7s
  Fold 4 | Ep   2/50 | t_loss=0.1511 t_acc=0.683 | v_win_bal=0.498 v_rec_bal=0.500 | lr=2.0e-05 | 11.7s
  Fold 4 | Ep   3/50 | t_loss=0.1482 t_acc=0.695 | v_win_bal=0.500 v_rec_bal=0.500 | lr=3.0e-05 | 11.8s
  Fold 4 | Ep   4/50 | t_loss=0.1113 t_acc=0.806 | v_win_bal=0.500 v_rec_bal=0.500 | lr=3.0e-05 | 11.6s
  Fold 4 | Ep   5/50 | t_loss=0.0968 t_acc=0.841 | v_win_bal=0.500 v_rec_bal=0.500 | lr=3.0e-05 | 11.6s
  Fold 4 | Ep   6/50 | t_loss=0.0857 t_acc=0.865 | v_win_bal=0.500 v_rec_bal=0.500 | lr=3.0e-05 | 12.5s
  Fold 4 | Ep   7/50 | t_loss=0.0828 t_acc=0.867 | v_win_bal=0.500 v_rec_bal=0.500 | lr=2.9e-05 | 11.8s
  Fold 4 | Ep   8/50 | t_loss=0.0713 t_acc=0.886 | v_win_bal=0.500 v_rec_bal=0.500 | lr=2.9e-05 | 12.5s
  Fold 4 | Ep   9/50 | t_loss=0.0893 t_acc=0.869 | v_win_bal=0.500 v_rec_bal=0.500 | lr=2.9e-05 | 11.8s
  Fold 4 | Ep  10/50 | t_loss=0.0716 t_acc=0.888 | v_win_bal=0.500 v_rec_bal=0.500 | lr=2.8e-05 | 11.8s
  Fold 4 | Ep  11/50 | t_loss=0.0601 t_acc=0.907 | v_win_bal=0.500 v_rec_bal=0.500 | lr=2.8e-05 | 11.7s
  Fold 4 | Ep  12/50 | t_loss=0.0700 t_acc=0.895 | v_win_bal=0.500 v_rec_bal=0.500 | lr=2.7e-05 | 11.7s
  Fold 4 | Ep  13/50 | t_loss=0.0637 t_acc=0.903 | v_win_bal=0.500 v_rec_bal=0.500 | lr=2.7e-05 | 11.7s
  Fold 4 | Ep  14/50 | t_loss=0.0681 t_acc=0.907 | v_win_bal=0.500 v_rec_bal=0.500 | lr=2.6e-05 | 11.7s
  Fold 4 | Ep  15/50 | t_loss=0.0601 t_acc=0.909 | v_win_bal=0.500 v_rec_bal=0.500 | lr=2.5e-05 | 11.7s
  Fold 4 | Ep  16/50 | t_loss=0.0520 t_acc=0.918 | v_win_bal=0.500 v_rec_bal=0.500 | lr=2.5e-05 | 11.7s
  Early stop at epoch 16
  -> Test (best @ epoch 1): acc=0.8235, bal_acc=0.6310

============================================================
Fold 5/5
============================================================
  Train:  43 samples, 11 subjects [3, 4, 5, 6, 7, 8, 9, 10, 14, 16, 17], label_0=35, label_1=8
    Val:  12 samples,  2 subjects [11, 12], label_0=11, label_1=1
   Test:  15 samples,  4 subjects [1, 2, 13, 18], label_0=10, label_1=5
  Building window datasets...
    WindowDataset: 4794 windows (class_0=2506, class_1=2288)
    WindowDataset: 1311 windows (class_0=1250, class_1=61)
    WindowDataset: 1163 windows (class_0=846, class_1=317)
[CBraMod] Loaded 209/209 params from weights/cbramod-base/pretrained_weights.pth
  Fold 5 | Ep   1/50 | t_loss=0.1724 t_acc=0.538 | v_win_bal=0.515 v_rec_bal=0.500 | lr=1.0e-05 | 10.9s
  Fold 5 | Ep   2/50 | t_loss=0.1523 t_acc=0.679 | v_win_bal=0.526 v_rec_bal=0.636 | lr=2.0e-05 | 10.9s
  Fold 5 | Ep   3/50 | t_loss=0.1408 t_acc=0.726 | v_win_bal=0.477 v_rec_bal=0.500 | lr=3.0e-05 | 10.9s
  Fold 5 | Ep   4/50 | t_loss=0.1307 t_acc=0.757 | v_win_bal=0.502 v_rec_bal=0.500 | lr=3.0e-05 | 10.9s
  Fold 5 | Ep   5/50 | t_loss=0.1225 t_acc=0.775 | v_win_bal=0.499 v_rec_bal=0.500 | lr=3.0e-05 | 10.9s
  Fold 5 | Ep   6/50 | t_loss=0.1122 t_acc=0.797 | v_win_bal=0.488 v_rec_bal=0.500 | lr=3.0e-05 | 11.0s
  Fold 5 | Ep   7/50 | t_loss=0.0956 t_acc=0.842 | v_win_bal=0.516 v_rec_bal=0.500 | lr=2.9e-05 | 10.9s
  Fold 5 | Ep   8/50 | t_loss=0.0875 t_acc=0.856 | v_win_bal=0.488 v_rec_bal=0.500 | lr=2.9e-05 | 10.9s
  Fold 5 | Ep   9/50 | t_loss=0.0776 t_acc=0.876 | v_win_bal=0.496 v_rec_bal=0.500 | lr=2.9e-05 | 10.9s
  Fold 5 | Ep  10/50 | t_loss=0.0749 t_acc=0.883 | v_win_bal=0.509 v_rec_bal=0.500 | lr=2.8e-05 | 10.9s
  Fold 5 | Ep  11/50 | t_loss=0.0757 t_acc=0.884 | v_win_bal=0.531 v_rec_bal=0.500 | lr=2.8e-05 | 10.9s
  Fold 5 | Ep  12/50 | t_loss=0.0615 t_acc=0.905 | v_win_bal=0.561 v_rec_bal=0.500 | lr=2.7e-05 | 10.9s
  Fold 5 | Ep  13/50 | t_loss=0.0638 t_acc=0.901 | v_win_bal=0.533 v_rec_bal=0.500 | lr=2.7e-05 | 10.9s
  Fold 5 | Ep  14/50 | t_loss=0.0521 t_acc=0.926 | v_win_bal=0.548 v_rec_bal=0.500 | lr=2.6e-05 | 11.1s
  Fold 5 | Ep  15/50 | t_loss=0.0503 t_acc=0.929 | v_win_bal=0.510 v_rec_bal=0.500 | lr=2.5e-05 | 11.0s
  Fold 5 | Ep  16/50 | t_loss=0.0498 t_acc=0.927 | v_win_bal=0.563 v_rec_bal=0.500 | lr=2.5e-05 | 11.1s
  Fold 5 | Ep  17/50 | t_loss=0.0388 t_acc=0.948 | v_win_bal=0.551 v_rec_bal=0.500 | lr=2.4e-05 | 11.1s
  Early stop at epoch 17
  -> Test (best @ epoch 2): acc=0.8000, bal_acc=0.7500

============================================================
Global Results (5-Fold, subject-level CV)
Mode: FT | Extractor: cbramod | Loss: focal
============================================================
              acc: 0.6286
          bal_acc: 0.5804
               f1: 0.6620
            kappa: 0.1216
  Total predictions: 70 (should equal dataset size: 70)

Results saved to results/hp_sweep/20260410_dass/cbramod/cbramod_encoderlrscale1.0_lr3e-5_s42/
