/raid/jupyter-linjimmy1003.md10/.conda/envs/stress/lib/python3.11/site-packages/timm/models/layers/__init__.py:49: FutureWarning: Importing from timm.models.layers is deprecated, please import via timm.layers
  warnings.warn(f"Importing from {__name__} is deprecated, please import via timm.layers", FutureWarning)
Mode: FT | Extractor: cbramod | Label: dass
Device: cuda:4 | Folds: 5 | Loss: focal
Augmentation: 75% overlap for increase class
LR: 1e-05 | WD: 0.05 | BS: 32 | Grad-accum: 1 | Grad-clip: 1.0

Results -> results/studies/exp19_wang_82rec_trial/cbramod_s42/
Window: 5.0s
Duration filter: skipped 10 recordings > 400.0s
Dataset: 82 recordings loaded (19 increase, 63 normal)
Cache: 82 recordings ready (82 cached, 0 new)
Labels (dass): class_0=63, class_1=19 (total=82)


============================================================
Fold 1/5
============================================================
  Train:  48 trials, label_0=37, label_1=11
    Val:  17 trials, label_0=13, label_1=4
   Test:  17 trials, label_0=13, label_1=4
  Building window datasets...
    WindowDataset: 4751 windows (class_0=2304, class_1=2447)
    WindowDataset: 1048 windows (class_0=795, class_1=253)
    WindowDataset: 1014 windows (class_0=766, class_1=248)
[CBraMod] Loaded 209/209 params from weights/cbramod-base/pretrained_weights.pth
  Trainable parameters: 4,884,203
  Class weights: [1.0310330390930176, 0.9707805514335632]
  Fold 1 | Ep   1/50 | t_loss=0.1729 t_acc=0.525 | v_loss=0.1953 v_bal=0.500 | v_rec_bal=0.500 | lr=3.3e-06 | 12.5s
  Fold 1 | Ep   2/50 | t_loss=0.1697 t_acc=0.565 | v_loss=0.3858 v_bal=0.504 | v_rec_bal=0.500 | lr=6.7e-06 | 11.5s
  Fold 1 | Ep   3/50 | t_loss=0.1567 t_acc=0.645 | v_loss=0.7145 v_bal=0.539 | v_rec_bal=0.538 | lr=1.0e-05 | 10.8s
  Fold 1 | Ep   4/50 | t_loss=0.1477 t_acc=0.662 | v_loss=0.8790 v_bal=0.543 | v_rec_bal=0.538 | lr=1.0e-05 | 11.7s
  Fold 1 | Ep   5/50 | t_loss=0.1428 t_acc=0.687 | v_loss=0.6573 v_bal=0.571 | v_rec_bal=0.577 | lr=1.0e-05 | 10.5s
  Fold 1 | Ep   6/50 | t_loss=0.1364 t_acc=0.716 | v_loss=0.5631 v_bal=0.496 | v_rec_bal=0.404 | lr=9.9e-06 | 11.3s
  Fold 1 | Ep   7/50 | t_loss=0.1324 t_acc=0.734 | v_loss=0.4259 v_bal=0.508 | v_rec_bal=0.519 | lr=9.8e-06 | 10.0s
  Fold 1 | Ep   8/50 | t_loss=0.1217 t_acc=0.772 | v_loss=0.4057 v_bal=0.467 | v_rec_bal=0.423 | lr=9.7e-06 | 9.8s
  Fold 1 | Ep   9/50 | t_loss=0.1200 t_acc=0.781 | v_loss=0.4087 v_bal=0.465 | v_rec_bal=0.462 | lr=9.6e-06 | 10.0s
  Fold 1 | Ep  10/50 | t_loss=0.1143 t_acc=0.796 | v_loss=0.4508 v_bal=0.473 | v_rec_bal=0.462 | lr=9.5e-06 | 10.8s
  Fold 1 | Ep  11/50 | t_loss=0.1121 t_acc=0.800 | v_loss=0.4254 v_bal=0.496 | v_rec_bal=0.500 | lr=9.3e-06 | 10.8s
  Fold 1 | Ep  12/50 | t_loss=0.1138 t_acc=0.798 | v_loss=0.4040 v_bal=0.489 | v_rec_bal=0.500 | lr=9.1e-06 | 13.1s
  Fold 1 | Ep  13/50 | t_loss=0.1095 t_acc=0.812 | v_loss=0.4308 v_bal=0.492 | v_rec_bal=0.500 | lr=8.9e-06 | 11.0s
  Fold 1 | Ep  14/50 | t_loss=0.1047 t_acc=0.814 | v_loss=0.4622 v_bal=0.486 | v_rec_bal=0.500 | lr=8.7e-06 | 10.8s
  Fold 1 | Ep  15/50 | t_loss=0.1043 t_acc=0.815 | v_loss=0.4684 v_bal=0.477 | v_rec_bal=0.500 | lr=8.5e-06 | 11.1s
  Fold 1 | Ep  16/50 | t_loss=0.1013 t_acc=0.831 | v_loss=0.4970 v_bal=0.481 | v_rec_bal=0.500 | lr=8.2e-06 | 11.1s
  Fold 1 | Ep  17/50 | t_loss=0.1012 t_acc=0.827 | v_loss=0.4718 v_bal=0.469 | v_rec_bal=0.462 | lr=8.0e-06 | 11.0s
  Fold 1 | Ep  18/50 | t_loss=0.0973 t_acc=0.833 | v_loss=0.4744 v_bal=0.481 | v_rec_bal=0.500 | lr=7.7e-06 | 10.6s
  Fold 1 | Ep  19/50 | t_loss=0.0964 t_acc=0.836 | v_loss=0.4988 v_bal=0.482 | v_rec_bal=0.500 | lr=7.4e-06 | 11.0s
  Fold 1 | Ep  20/50 | t_loss=0.0965 t_acc=0.840 | v_loss=0.4499 v_bal=0.489 | v_rec_bal=0.500 | lr=7.1e-06 | 11.3s
  Early stop at epoch 20
  -> Test (best @ epoch 5): acc=0.4118, bal_acc=0.6154

============================================================
Fold 2/5
============================================================
  Train:  48 trials, label_0=37, label_1=11
    Val:  17 trials, label_0=13, label_1=4
   Test:  17 trials, label_0=13, label_1=4
  Building window datasets...
    WindowDataset: 4831 windows (class_0=2268, class_1=2563)
    WindowDataset: 1014 windows (class_0=788, class_1=226)
    WindowDataset: 1055 windows (class_0=809, class_1=246)
[CBraMod] Loaded 209/209 params from weights/cbramod-base/pretrained_weights.pth
  Class weights: [1.0650352239608765, 0.942450225353241]
  Fold 2 | Ep   1/50 | t_loss=0.1729 t_acc=0.552 | v_loss=0.1816 v_bal=0.491 | v_rec_bal=0.442 | lr=3.3e-06 | 12.5s
  Fold 2 | Ep   2/50 | t_loss=0.1620 t_acc=0.644 | v_loss=0.3749 v_bal=0.473 | v_rec_bal=0.442 | lr=6.7e-06 | 11.2s
  Fold 2 | Ep   3/50 | t_loss=0.1469 t_acc=0.681 | v_loss=1.1434 v_bal=0.527 | v_rec_bal=0.500 | lr=1.0e-05 | 11.0s
  Fold 2 | Ep   4/50 | t_loss=0.1409 t_acc=0.699 | v_loss=1.1516 v_bal=0.528 | v_rec_bal=0.500 | lr=1.0e-05 | 10.9s
  Fold 2 | Ep   5/50 | t_loss=0.1392 t_acc=0.710 | v_loss=1.1225 v_bal=0.518 | v_rec_bal=0.577 | lr=1.0e-05 | 12.9s
  Fold 2 | Ep   6/50 | t_loss=0.1376 t_acc=0.715 | v_loss=1.2787 v_bal=0.526 | v_rec_bal=0.538 | lr=9.9e-06 | 11.5s
  Fold 2 | Ep   7/50 | t_loss=0.1319 t_acc=0.728 | v_loss=1.0737 v_bal=0.437 | v_rec_bal=0.529 | lr=9.8e-06 | 12.2s
  Fold 2 | Ep   8/50 | t_loss=0.1289 t_acc=0.742 | v_loss=0.9394 v_bal=0.431 | v_rec_bal=0.452 | lr=9.7e-06 | 11.5s
  Fold 2 | Ep   9/50 | t_loss=0.1271 t_acc=0.744 | v_loss=0.8734 v_bal=0.426 | v_rec_bal=0.365 | lr=9.6e-06 | 11.1s
  Fold 2 | Ep  10/50 | t_loss=0.1200 t_acc=0.771 | v_loss=0.5062 v_bal=0.478 | v_rec_bal=0.471 | lr=9.5e-06 | 11.0s
  Fold 2 | Ep  11/50 | t_loss=0.1197 t_acc=0.779 | v_loss=0.7351 v_bal=0.442 | v_rec_bal=0.317 | lr=9.3e-06 | 10.9s
  Fold 2 | Ep  12/50 | t_loss=0.1176 t_acc=0.777 | v_loss=0.6646 v_bal=0.461 | v_rec_bal=0.356 | lr=9.1e-06 | 11.5s
  Fold 2 | Ep  13/50 | t_loss=0.1151 t_acc=0.781 | v_loss=0.5282 v_bal=0.503 | v_rec_bal=0.519 | lr=8.9e-06 | 11.5s
  Fold 2 | Ep  14/50 | t_loss=0.1104 t_acc=0.791 | v_loss=0.5408 v_bal=0.503 | v_rec_bal=0.356 | lr=8.7e-06 | 11.5s
  Fold 2 | Ep  15/50 | t_loss=0.1074 t_acc=0.796 | v_loss=0.4684 v_bal=0.529 | v_rec_bal=0.548 | lr=8.5e-06 | 11.9s
  Fold 2 | Ep  16/50 | t_loss=0.1069 t_acc=0.803 | v_loss=0.4662 v_bal=0.534 | v_rec_bal=0.510 | lr=8.2e-06 | 13.9s
  Fold 2 | Ep  17/50 | t_loss=0.1043 t_acc=0.806 | v_loss=0.5380 v_bal=0.522 | v_rec_bal=0.519 | lr=8.0e-06 | 13.3s
  Fold 2 | Ep  18/50 | t_loss=0.0999 t_acc=0.822 | v_loss=0.5550 v_bal=0.538 | v_rec_bal=0.519 | lr=7.7e-06 | 11.2s
  Fold 2 | Ep  19/50 | t_loss=0.0973 t_acc=0.821 | v_loss=0.4661 v_bal=0.561 | v_rec_bal=0.635 | lr=7.4e-06 | 11.2s
  Fold 2 | Ep  20/50 | t_loss=0.0940 t_acc=0.831 | v_loss=0.4411 v_bal=0.548 | v_rec_bal=0.558 | lr=7.1e-06 | 10.9s
  Fold 2 | Ep  21/50 | t_loss=0.0894 t_acc=0.837 | v_loss=0.5470 v_bal=0.550 | v_rec_bal=0.596 | lr=6.8e-06 | 11.9s
  Fold 2 | Ep  22/50 | t_loss=0.0890 t_acc=0.843 | v_loss=0.6291 v_bal=0.552 | v_rec_bal=0.644 | lr=6.5e-06 | 11.6s
  Fold 2 | Ep  23/50 | t_loss=0.0888 t_acc=0.834 | v_loss=0.4796 v_bal=0.563 | v_rec_bal=0.635 | lr=6.2e-06 | 11.5s
  Fold 2 | Ep  24/50 | t_loss=0.0880 t_acc=0.844 | v_loss=0.4652 v_bal=0.560 | v_rec_bal=0.558 | lr=5.8e-06 | 11.5s
  Fold 2 | Ep  25/50 | t_loss=0.0872 t_acc=0.841 | v_loss=0.4221 v_bal=0.595 | v_rec_bal=0.635 | lr=5.5e-06 | 11.9s
  Fold 2 | Ep  26/50 | t_loss=0.0836 t_acc=0.852 | v_loss=0.4950 v_bal=0.582 | v_rec_bal=0.760 | lr=5.2e-06 | 11.7s
  Fold 2 | Ep  27/50 | t_loss=0.0844 t_acc=0.847 | v_loss=0.4456 v_bal=0.607 | v_rec_bal=0.760 | lr=4.8e-06 | 11.2s
  Fold 2 | Ep  28/50 | t_loss=0.0791 t_acc=0.854 | v_loss=0.4539 v_bal=0.603 | v_rec_bal=0.721 | lr=4.5e-06 | 12.7s
  Fold 2 | Ep  29/50 | t_loss=0.0785 t_acc=0.855 | v_loss=0.4678 v_bal=0.599 | v_rec_bal=0.673 | lr=4.2e-06 | 11.6s
  Fold 2 | Ep  30/50 | t_loss=0.0792 t_acc=0.856 | v_loss=0.4039 v_bal=0.607 | v_rec_bal=0.635 | lr=3.8e-06 | 11.7s
  Fold 2 | Ep  31/50 | t_loss=0.0798 t_acc=0.854 | v_loss=0.3912 v_bal=0.595 | v_rec_bal=0.548 | lr=3.5e-06 | 11.7s
  Fold 2 | Ep  32/50 | t_loss=0.0782 t_acc=0.851 | v_loss=0.4570 v_bal=0.602 | v_rec_bal=0.635 | lr=3.2e-06 | 12.0s
  Fold 2 | Ep  33/50 | t_loss=0.0750 t_acc=0.866 | v_loss=0.4100 v_bal=0.608 | v_rec_bal=0.635 | lr=2.9e-06 | 12.3s
  Fold 2 | Ep  34/50 | t_loss=0.0739 t_acc=0.870 | v_loss=0.5235 v_bal=0.629 | v_rec_bal=0.760 | lr=2.6e-06 | 11.9s
  Fold 2 | Ep  35/50 | t_loss=0.0750 t_acc=0.860 | v_loss=0.4763 v_bal=0.584 | v_rec_bal=0.510 | lr=2.3e-06 | 12.6s
  Fold 2 | Ep  36/50 | t_loss=0.0744 t_acc=0.868 | v_loss=0.4460 v_bal=0.622 | v_rec_bal=0.635 | lr=2.0e-06 | 11.3s
  Fold 2 | Ep  37/50 | t_loss=0.0729 t_acc=0.867 | v_loss=0.4613 v_bal=0.626 | v_rec_bal=0.760 | lr=1.8e-06 | 12.0s
  Fold 2 | Ep  38/50 | t_loss=0.0738 t_acc=0.869 | v_loss=0.4471 v_bal=0.617 | v_rec_bal=0.760 | lr=1.5e-06 | 11.3s
  Fold 2 | Ep  39/50 | t_loss=0.0728 t_acc=0.871 | v_loss=0.4586 v_bal=0.616 | v_rec_bal=0.635 | lr=1.3e-06 | 12.0s
  Fold 2 | Ep  40/50 | t_loss=0.0726 t_acc=0.864 | v_loss=0.4733 v_bal=0.626 | v_rec_bal=0.760 | lr=1.1e-06 | 12.7s
  Fold 2 | Ep  41/50 | t_loss=0.0708 t_acc=0.875 | v_loss=0.4385 v_bal=0.617 | v_rec_bal=0.635 | lr=8.8e-07 | 14.5s
  Fold 2 | Ep  42/50 | t_loss=0.0724 t_acc=0.869 | v_loss=0.4384 v_bal=0.617 | v_rec_bal=0.635 | lr=7.0e-07 | 11.3s
  Fold 2 | Ep  43/50 | t_loss=0.0691 t_acc=0.873 | v_loss=0.4538 v_bal=0.626 | v_rec_bal=0.635 | lr=5.4e-07 | 12.7s
  Early stop at epoch 43
  -> Test (best @ epoch 26): acc=0.6471, bal_acc=0.6827

============================================================
Fold 3/5
============================================================
  Train:  49 trials, label_0=38, label_1=11
    Val:  17 trials, label_0=13, label_1=4
   Test:  16 trials, label_0=12, label_1=4
  Building window datasets...
    WindowDataset: 4858 windows (class_0=2351, class_1=2507)
    WindowDataset: 1049 windows (class_0=792, class_1=257)
    WindowDataset: 951 windows (class_0=722, class_1=229)
[CBraMod] Loaded 209/209 params from weights/cbramod-base/pretrained_weights.pth
  Class weights: [1.033177375793457, 0.9688870906829834]
  Fold 3 | Ep   1/50 | t_loss=0.1727 t_acc=0.523 | v_loss=0.1691 v_bal=0.463 | v_rec_bal=0.462 | lr=3.3e-06 | 12.4s
  Fold 3 | Ep   2/50 | t_loss=0.1654 t_acc=0.632 | v_loss=0.3403 v_bal=0.430 | v_rec_bal=0.442 | lr=6.7e-06 | 11.6s
  Fold 3 | Ep   3/50 | t_loss=0.1559 t_acc=0.678 | v_loss=0.3486 v_bal=0.546 | v_rec_bal=0.538 | lr=1.0e-05 | 12.3s
  Fold 3 | Ep   4/50 | t_loss=0.1521 t_acc=0.679 | v_loss=0.4242 v_bal=0.540 | v_rec_bal=0.538 | lr=1.0e-05 | 11.9s
  Fold 3 | Ep   5/50 | t_loss=0.1506 t_acc=0.683 | v_loss=0.3839 v_bal=0.536 | v_rec_bal=0.538 | lr=1.0e-05 | 11.5s
  Fold 3 | Ep   6/50 | t_loss=0.1479 t_acc=0.691 | v_loss=0.4099 v_bal=0.447 | v_rec_bal=0.490 | lr=9.9e-06 | 11.9s
  Fold 3 | Ep   7/50 | t_loss=0.1442 t_acc=0.704 | v_loss=0.4712 v_bal=0.452 | v_rec_bal=0.404 | lr=9.8e-06 | 12.3s
  Fold 3 | Ep   8/50 | t_loss=0.1390 t_acc=0.719 | v_loss=0.5177 v_bal=0.430 | v_rec_bal=0.356 | lr=9.7e-06 | 14.8s
  Fold 3 | Ep   9/50 | t_loss=0.1330 t_acc=0.742 | v_loss=0.5432 v_bal=0.446 | v_rec_bal=0.433 | lr=9.6e-06 | 12.4s
  Fold 3 | Ep  10/50 | t_loss=0.1286 t_acc=0.759 | v_loss=0.5928 v_bal=0.452 | v_rec_bal=0.510 | lr=9.5e-06 | 12.6s
  Fold 3 | Ep  11/50 | t_loss=0.1256 t_acc=0.768 | v_loss=0.5526 v_bal=0.444 | v_rec_bal=0.510 | lr=9.3e-06 | 12.6s
  Fold 3 | Ep  12/50 | t_loss=0.1251 t_acc=0.768 | v_loss=0.5863 v_bal=0.438 | v_rec_bal=0.471 | lr=9.1e-06 | 12.8s
  Fold 3 | Ep  13/50 | t_loss=0.1179 t_acc=0.788 | v_loss=0.5308 v_bal=0.447 | v_rec_bal=0.510 | lr=8.9e-06 | 11.6s
  Fold 3 | Ep  14/50 | t_loss=0.1184 t_acc=0.781 | v_loss=0.5573 v_bal=0.461 | v_rec_bal=0.510 | lr=8.7e-06 | 11.5s
  Fold 3 | Ep  15/50 | t_loss=0.1147 t_acc=0.795 | v_loss=0.5820 v_bal=0.464 | v_rec_bal=0.471 | lr=8.5e-06 | 12.3s
  Fold 3 | Ep  16/50 | t_loss=0.1119 t_acc=0.797 | v_loss=0.5356 v_bal=0.452 | v_rec_bal=0.510 | lr=8.2e-06 | 12.0s
  Fold 3 | Ep  17/50 | t_loss=0.1111 t_acc=0.799 | v_loss=0.5271 v_bal=0.464 | v_rec_bal=0.510 | lr=8.0e-06 | 11.2s
  Fold 3 | Ep  18/50 | t_loss=0.1064 t_acc=0.807 | v_loss=0.5737 v_bal=0.447 | v_rec_bal=0.510 | lr=7.7e-06 | 12.4s
  Fold 3 | Ep  19/50 | t_loss=0.1046 t_acc=0.817 | v_loss=0.4600 v_bal=0.510 | v_rec_bal=0.548 | lr=7.4e-06 | 11.5s
  Fold 3 | Ep  20/50 | t_loss=0.1038 t_acc=0.817 | v_loss=0.4565 v_bal=0.510 | v_rec_bal=0.510 | lr=7.1e-06 | 11.4s
  Early stop at epoch 20
  -> Test (best @ epoch 19): acc=0.5625, bal_acc=0.4583

============================================================
Fold 4/5
============================================================
  Train:  49 trials, label_0=38, label_1=11
    Val:  17 trials, label_0=13, label_1=4
   Test:  16 trials, label_0=12, label_1=4
  Building window datasets...
    WindowDataset: 4863 windows (class_0=2352, class_1=2511)
    WindowDataset: 982 windows (class_0=750, class_1=232)
    WindowDataset: 1016 windows (class_0=763, class_1=253)
[CBraMod] Loaded 209/209 params from weights/cbramod-base/pretrained_weights.pth
  Class weights: [1.0338010787963867, 0.9683393239974976]
  Fold 4 | Ep   1/50 | t_loss=0.1720 t_acc=0.530 | v_loss=0.1671 v_bal=0.382 | v_rec_bal=0.308 | lr=3.3e-06 | 11.5s
  Fold 4 | Ep   2/50 | t_loss=0.1586 t_acc=0.661 | v_loss=0.1644 v_bal=0.639 | v_rec_bal=0.587 | lr=6.7e-06 | 12.0s
  Fold 4 | Ep   3/50 | t_loss=0.1443 t_acc=0.719 | v_loss=0.2662 v_bal=0.621 | v_rec_bal=0.673 | lr=1.0e-05 | 13.7s
  Fold 4 | Ep   4/50 | t_loss=0.1377 t_acc=0.734 | v_loss=0.5138 v_bal=0.514 | v_rec_bal=0.490 | lr=1.0e-05 | 11.5s
  Fold 4 | Ep   5/50 | t_loss=0.1367 t_acc=0.728 | v_loss=0.4295 v_bal=0.506 | v_rec_bal=0.433 | lr=1.0e-05 | 11.2s
  Fold 4 | Ep   6/50 | t_loss=0.1330 t_acc=0.740 | v_loss=0.4351 v_bal=0.526 | v_rec_bal=0.471 | lr=9.9e-06 | 11.1s
  Fold 4 | Ep   7/50 | t_loss=0.1302 t_acc=0.745 | v_loss=0.5593 v_bal=0.510 | v_rec_bal=0.433 | lr=9.8e-06 | 11.2s
  Fold 4 | Ep   8/50 | t_loss=0.1261 t_acc=0.754 | v_loss=0.4357 v_bal=0.527 | v_rec_bal=0.471 | lr=9.7e-06 | 11.5s
  Fold 4 | Ep   9/50 | t_loss=0.1236 t_acc=0.762 | v_loss=0.4734 v_bal=0.525 | v_rec_bal=0.471 | lr=9.6e-06 | 11.4s
  Fold 4 | Ep  10/50 | t_loss=0.1216 t_acc=0.769 | v_loss=0.5607 v_bal=0.540 | v_rec_bal=0.471 | lr=9.5e-06 | 11.6s
  Fold 4 | Ep  11/50 | t_loss=0.1159 t_acc=0.777 | v_loss=0.5046 v_bal=0.493 | v_rec_bal=0.471 | lr=9.3e-06 | 11.1s
  Fold 4 | Ep  12/50 | t_loss=0.1131 t_acc=0.790 | v_loss=0.4710 v_bal=0.508 | v_rec_bal=0.510 | lr=9.1e-06 | 12.1s
  Fold 4 | Ep  13/50 | t_loss=0.1135 t_acc=0.795 | v_loss=0.4068 v_bal=0.538 | v_rec_bal=0.510 | lr=8.9e-06 | 11.1s
  Fold 4 | Ep  14/50 | t_loss=0.1092 t_acc=0.794 | v_loss=0.4055 v_bal=0.536 | v_rec_bal=0.625 | lr=8.7e-06 | 11.3s
  Fold 4 | Ep  15/50 | t_loss=0.1078 t_acc=0.794 | v_loss=0.4168 v_bal=0.529 | v_rec_bal=0.500 | lr=8.5e-06 | 13.4s
  Fold 4 | Ep  16/50 | t_loss=0.1075 t_acc=0.799 | v_loss=0.3914 v_bal=0.538 | v_rec_bal=0.625 | lr=8.2e-06 | 11.4s
  Fold 4 | Ep  17/50 | t_loss=0.1035 t_acc=0.801 | v_loss=0.4097 v_bal=0.516 | v_rec_bal=0.462 | lr=8.0e-06 | 10.9s
  Fold 4 | Ep  18/50 | t_loss=0.1022 t_acc=0.797 | v_loss=0.5133 v_bal=0.531 | v_rec_bal=0.548 | lr=7.7e-06 | 10.6s
  Fold 4 | Ep  19/50 | t_loss=0.0972 t_acc=0.812 | v_loss=0.5535 v_bal=0.508 | v_rec_bal=0.500 | lr=7.4e-06 | 11.3s
  Early stop at epoch 19
  -> Test (best @ epoch 3): acc=0.5000, bal_acc=0.4167

============================================================
Fold 5/5
============================================================
  Train:  49 trials, label_0=37, label_1=12
    Val:  17 trials, label_0=13, label_1=4
   Test:  16 trials, label_0=13, label_1=3
  Building window datasets...
    WindowDataset: 5140 windows (class_0=2276, class_1=2864)
    WindowDataset: 1035 windows (class_0=784, class_1=251)
    WindowDataset: 950 windows (class_0=805, class_1=145)
[CBraMod] Loaded 209/209 params from weights/cbramod-base/pretrained_weights.pth
  Class weights: [1.129173994064331, 0.8973463773727417]
  Fold 5 | Ep   1/50 | t_loss=0.1731 t_acc=0.510 | v_loss=0.1926 v_bal=0.503 | v_rec_bal=0.500 | lr=3.3e-06 | 13.1s
  Fold 5 | Ep   2/50 | t_loss=0.1692 t_acc=0.577 | v_loss=0.3529 v_bal=0.536 | v_rec_bal=0.529 | lr=6.7e-06 | 13.5s
  Fold 5 | Ep   3/50 | t_loss=0.1550 t_acc=0.655 | v_loss=0.5231 v_bal=0.541 | v_rec_bal=0.577 | lr=1.0e-05 | 12.5s
  Fold 5 | Ep   4/50 | t_loss=0.1470 t_acc=0.675 | v_loss=0.4530 v_bal=0.525 | v_rec_bal=0.529 | lr=1.0e-05 | 12.0s
  Fold 5 | Ep   5/50 | t_loss=0.1406 t_acc=0.700 | v_loss=0.4353 v_bal=0.560 | v_rec_bal=0.529 | lr=1.0e-05 | 12.3s
  Fold 5 | Ep   6/50 | t_loss=0.1366 t_acc=0.718 | v_loss=0.2528 v_bal=0.639 | v_rec_bal=0.798 | lr=9.9e-06 | 11.4s
  Fold 5 | Ep   7/50 | t_loss=0.1296 t_acc=0.736 | v_loss=0.2756 v_bal=0.535 | v_rec_bal=0.500 | lr=9.8e-06 | 14.5s
  Fold 5 | Ep   8/50 | t_loss=0.1263 t_acc=0.752 | v_loss=0.4236 v_bal=0.502 | v_rec_bal=0.500 | lr=9.7e-06 | 11.5s
  Fold 5 | Ep   9/50 | t_loss=0.1211 t_acc=0.767 | v_loss=0.4525 v_bal=0.500 | v_rec_bal=0.500 | lr=9.6e-06 | 11.7s
  Fold 5 | Ep  10/50 | t_loss=0.1187 t_acc=0.776 | v_loss=0.4429 v_bal=0.502 | v_rec_bal=0.500 | lr=9.5e-06 | 11.7s
  Fold 5 | Ep  11/50 | t_loss=0.1147 t_acc=0.789 | v_loss=0.4740 v_bal=0.500 | v_rec_bal=0.500 | lr=9.3e-06 | 13.0s
  Fold 5 | Ep  12/50 | t_loss=0.1130 t_acc=0.796 | v_loss=0.5036 v_bal=0.500 | v_rec_bal=0.500 | lr=9.1e-06 | 12.6s
  Fold 5 | Ep  13/50 | t_loss=0.1110 t_acc=0.795 | v_loss=0.4913 v_bal=0.500 | v_rec_bal=0.500 | lr=8.9e-06 | 13.1s
  Fold 5 | Ep  14/50 | t_loss=0.1089 t_acc=0.799 | v_loss=0.5053 v_bal=0.500 | v_rec_bal=0.500 | lr=8.7e-06 | 11.7s
  Fold 5 | Ep  15/50 | t_loss=0.1033 t_acc=0.814 | v_loss=0.5282 v_bal=0.499 | v_rec_bal=0.500 | lr=8.5e-06 | 11.7s
  Fold 5 | Ep  16/50 | t_loss=0.1060 t_acc=0.810 | v_loss=0.4958 v_bal=0.506 | v_rec_bal=0.500 | lr=8.2e-06 | 11.9s
  Fold 5 | Ep  17/50 | t_loss=0.1054 t_acc=0.809 | v_loss=0.4910 v_bal=0.505 | v_rec_bal=0.500 | lr=8.0e-06 | 11.7s
  Fold 5 | Ep  18/50 | t_loss=0.1019 t_acc=0.816 | v_loss=0.5169 v_bal=0.506 | v_rec_bal=0.500 | lr=7.7e-06 | 12.6s
  Fold 5 | Ep  19/50 | t_loss=0.1007 t_acc=0.823 | v_loss=0.4520 v_bal=0.513 | v_rec_bal=0.500 | lr=7.4e-06 | 14.1s
  Fold 5 | Ep  20/50 | t_loss=0.0997 t_acc=0.826 | v_loss=0.5431 v_bal=0.506 | v_rec_bal=0.500 | lr=7.1e-06 | 12.7s
  Fold 5 | Ep  21/50 | t_loss=0.0970 t_acc=0.831 | v_loss=0.5297 v_bal=0.507 | v_rec_bal=0.500 | lr=6.8e-06 | 12.1s
  Early stop at epoch 21
  -> Test (best @ epoch 6): acc=0.6875, bal_acc=0.4231

============================================================
Global Results (5-Fold, trial-level CV, FT)
Extractor: cbramod | Label: dass | Loss: focal
Augmentation: 75% overlap for increase class
============================================================
           acc: 0.5610
       bal_acc: 0.5305
            f1: 0.5941
         kappa: 0.0471
  Predictions: 82 (dataset: 82)

Results saved to results/studies/exp19_wang_82rec_trial/cbramod_s42/
