/raid/jupyter-linjimmy1003.md10/.conda/envs/stress/lib/python3.11/site-packages/timm/models/layers/__init__.py:49: FutureWarning: Importing from timm.models.layers is deprecated, please import via timm.layers
  warnings.warn(f"Importing from {__name__} is deprecated, please import via timm.layers", FutureWarning)
Mode: FT | Extractor: labram | Folds: 5
LR: 1e-05 | WD: 0.05 | Beta2: 0.999 | Grad clip: 2.0
Head: hidden=128, dropout=0.0 | Norm: zscore | Loss: focal
Full FT: encoder_lr_scale=0.1
Augmentation: 75% overlap for increase class

Results → results/studies/exp27_paired_null/eegmat/perm_s22/
EEGMAT: 72 recordings from 36 subjects (rest=36, task=36)
EEGMAT: 72 recordings, 36 subjects (task=36, rest=36)
[permute-labels] Shuffled labels with rng seed 22. Class balance preserved: 36 pos / 36 neg

============================================================
Fold 1/5
============================================================
  Train:  42 samples, 21 subjects [0, 1, 5, 8, 10, 11, 12, 13, 15, 16, 17, 18, 20, 21, 22, 26, 27, 28, 30, 31, 34], label_0=20, label_1=22
    Val:  16 samples,  8 subjects [3, 4, 6, 7, 19, 23, 24, 32], label_0=9, label_1=7
   Test:  14 samples,  7 subjects [2, 9, 14, 25, 29, 33, 35], label_0=7, label_1=7
  Building window datasets...
    WindowDataset: 2594 windows (class_0=432, class_1=2162)
    WindowDataset: 382 windows (class_0=228, class_1=154)
    WindowDataset: 336 windows (class_0=132, class_1=204)
[LaBraM] Loaded 219/221 params from weights/labram-base/model.safetensors
[LaBraM] Missing: ['fc_norm.weight', 'fc_norm.bias']
  Trainable parameters: 5,871,779
  Class weights: [3.002314805984497, 0.5999075174331665]
  Fold 1 | Ep   1/50 | t_loss=0.1877 t_acc=0.172 | v_win_bal=0.484 v_rec_bal=0.500 | lr=3.3e-06 | 5.4s
  Fold 1 | Ep   2/50 | t_loss=0.1743 t_acc=0.454 | v_win_bal=0.437 v_rec_bal=0.452 | lr=6.7e-06 | 3.1s
  Fold 1 | Ep   3/50 | t_loss=0.1716 t_acc=0.605 | v_win_bal=0.453 v_rec_bal=0.516 | lr=1.0e-05 | 3.2s
  Fold 1 | Ep   4/50 | t_loss=0.1651 t_acc=0.615 | v_win_bal=0.435 v_rec_bal=0.437 | lr=1.0e-05 | 3.1s
  Fold 1 | Ep   5/50 | t_loss=0.1567 t_acc=0.721 | v_win_bal=0.414 v_rec_bal=0.476 | lr=1.0e-05 | 3.2s
  Fold 1 | Ep   6/50 | t_loss=0.1475 t_acc=0.726 | v_win_bal=0.411 v_rec_bal=0.437 | lr=9.9e-06 | 3.1s
  Fold 1 | Ep   7/50 | t_loss=0.1391 t_acc=0.750 | v_win_bal=0.418 v_rec_bal=0.405 | lr=9.8e-06 | 3.1s
  Fold 1 | Ep   8/50 | t_loss=0.1321 t_acc=0.798 | v_win_bal=0.387 v_rec_bal=0.365 | lr=9.7e-06 | 3.2s
  Fold 1 | Ep   9/50 | t_loss=0.1249 t_acc=0.810 | v_win_bal=0.384 v_rec_bal=0.310 | lr=9.6e-06 | 3.1s
  Fold 1 | Ep  10/50 | t_loss=0.1161 t_acc=0.835 | v_win_bal=0.443 v_rec_bal=0.460 | lr=9.5e-06 | 3.1s
  Fold 1 | Ep  11/50 | t_loss=0.1104 t_acc=0.836 | v_win_bal=0.422 v_rec_bal=0.365 | lr=9.3e-06 | 3.1s
  Fold 1 | Ep  12/50 | t_loss=0.1024 t_acc=0.858 | v_win_bal=0.402 v_rec_bal=0.365 | lr=9.1e-06 | 3.2s
  Fold 1 | Ep  13/50 | t_loss=0.0951 t_acc=0.884 | v_win_bal=0.401 v_rec_bal=0.325 | lr=8.9e-06 | 3.1s
  Fold 1 | Ep  14/50 | t_loss=0.0829 t_acc=0.883 | v_win_bal=0.404 v_rec_bal=0.421 | lr=8.7e-06 | 3.1s
  Fold 1 | Ep  15/50 | t_loss=0.0772 t_acc=0.904 | v_win_bal=0.438 v_rec_bal=0.476 | lr=8.5e-06 | 3.1s
  Fold 1 | Ep  16/50 | t_loss=0.0721 t_acc=0.902 | v_win_bal=0.442 v_rec_bal=0.460 | lr=8.2e-06 | 3.2s
  Early stop at epoch 16
  -> Test (best @ epoch 3): acc=0.3571, bal_acc=0.3571

============================================================
Fold 2/5
============================================================
  Train:  42 samples, 21 subjects [0, 2, 3, 4, 5, 6, 7, 9, 10, 11, 12, 15, 17, 21, 22, 24, 25, 29, 30, 32, 34], label_0=20, label_1=22
    Val:  14 samples,  7 subjects [14, 18, 20, 26, 31, 33, 35], label_0=7, label_1=7
   Test:  16 samples,  8 subjects [1, 8, 13, 16, 19, 23, 27, 28], label_0=9, label_1=7
  Building window datasets...
    WindowDataset: 2666 windows (class_0=432, class_1=2234)
    WindowDataset: 316 windows (class_0=156, class_1=160)
    WindowDataset: 384 windows (class_0=204, class_1=180)
[LaBraM] Loaded 219/221 params from weights/labram-base/model.safetensors
[LaBraM] Missing: ['fc_norm.weight', 'fc_norm.bias']
  Fold 2 | Ep   1/50 | t_loss=0.1769 t_acc=0.834 | v_win_bal=0.500 v_rec_bal=0.500 | lr=3.3e-06 | 3.2s
  Fold 2 | Ep   2/50 | t_loss=0.1718 t_acc=0.684 | v_win_bal=0.447 v_rec_bal=0.500 | lr=6.7e-06 | 3.3s
  Fold 2 | Ep   3/50 | t_loss=0.1691 t_acc=0.667 | v_win_bal=0.426 v_rec_bal=0.429 | lr=1.0e-05 | 3.4s
  Fold 2 | Ep   4/50 | t_loss=0.1644 t_acc=0.727 | v_win_bal=0.435 v_rec_bal=0.357 | lr=1.0e-05 | 3.3s
  Fold 2 | Ep   5/50 | t_loss=0.1569 t_acc=0.711 | v_win_bal=0.429 v_rec_bal=0.429 | lr=1.0e-05 | 3.3s
  Fold 2 | Ep   6/50 | t_loss=0.1454 t_acc=0.721 | v_win_bal=0.458 v_rec_bal=0.429 | lr=9.9e-06 | 3.3s
  Fold 2 | Ep   7/50 | t_loss=0.1355 t_acc=0.767 | v_win_bal=0.460 v_rec_bal=0.500 | lr=9.8e-06 | 3.3s
  Fold 2 | Ep   8/50 | t_loss=0.1273 t_acc=0.780 | v_win_bal=0.483 v_rec_bal=0.500 | lr=9.7e-06 | 3.3s
  Fold 2 | Ep   9/50 | t_loss=0.1182 t_acc=0.793 | v_win_bal=0.500 v_rec_bal=0.429 | lr=9.6e-06 | 3.3s
  Fold 2 | Ep  10/50 | t_loss=0.1118 t_acc=0.831 | v_win_bal=0.488 v_rec_bal=0.429 | lr=9.5e-06 | 3.3s
  Fold 2 | Ep  11/50 | t_loss=0.1011 t_acc=0.839 | v_win_bal=0.469 v_rec_bal=0.500 | lr=9.3e-06 | 3.3s
  Fold 2 | Ep  12/50 | t_loss=0.0924 t_acc=0.853 | v_win_bal=0.488 v_rec_bal=0.429 | lr=9.1e-06 | 3.3s
  Fold 2 | Ep  13/50 | t_loss=0.0835 t_acc=0.888 | v_win_bal=0.485 v_rec_bal=0.429 | lr=8.9e-06 | 3.3s
  Fold 2 | Ep  14/50 | t_loss=0.0773 t_acc=0.896 | v_win_bal=0.479 v_rec_bal=0.500 | lr=8.7e-06 | 3.3s
  Fold 2 | Ep  15/50 | t_loss=0.0672 t_acc=0.913 | v_win_bal=0.474 v_rec_bal=0.357 | lr=8.5e-06 | 3.3s
  Fold 2 | Ep  16/50 | t_loss=0.0605 t_acc=0.926 | v_win_bal=0.475 v_rec_bal=0.571 | lr=8.2e-06 | 3.3s
  Early stop at epoch 16
  -> Test (best @ epoch 16): acc=0.5000, bal_acc=0.5238

============================================================
Fold 3/5
============================================================
  Train:  44 samples, 22 subjects [0, 1, 4, 6, 7, 8, 10, 11, 12, 13, 14, 17, 18, 19, 23, 24, 25, 26, 27, 28, 29, 35], label_0=23, label_1=21
    Val:  14 samples,  7 subjects [2, 9, 15, 16, 31, 32, 33], label_0=7, label_1=7
   Test:  14 samples,  7 subjects [3, 5, 20, 21, 22, 30, 34], label_0=6, label_1=8
  Building window datasets...
    WindowDataset: 2609 windows (class_0=516, class_1=2093)
    WindowDataset: 316 windows (class_0=156, class_1=160)
    WindowDataset: 336 windows (class_0=120, class_1=216)
[LaBraM] Loaded 219/221 params from weights/labram-base/model.safetensors
[LaBraM] Missing: ['fc_norm.weight', 'fc_norm.bias']
  Fold 3 | Ep   1/50 | t_loss=0.1854 t_acc=0.199 | v_win_bal=0.500 v_rec_bal=0.500 | lr=3.3e-06 | 3.3s
  Fold 3 | Ep   2/50 | t_loss=0.1739 t_acc=0.395 | v_win_bal=0.480 v_rec_bal=0.429 | lr=6.7e-06 | 3.3s
  Fold 3 | Ep   3/50 | t_loss=0.1712 t_acc=0.668 | v_win_bal=0.426 v_rec_bal=0.429 | lr=1.0e-05 | 3.3s
  Fold 3 | Ep   4/50 | t_loss=0.1663 t_acc=0.686 | v_win_bal=0.408 v_rec_bal=0.429 | lr=1.0e-05 | 3.3s
  Fold 3 | Ep   5/50 | t_loss=0.1589 t_acc=0.640 | v_win_bal=0.428 v_rec_bal=0.357 | lr=1.0e-05 | 3.2s
  Fold 3 | Ep   6/50 | t_loss=0.1502 t_acc=0.740 | v_win_bal=0.419 v_rec_bal=0.214 | lr=9.9e-06 | 3.3s
  Fold 3 | Ep   7/50 | t_loss=0.1406 t_acc=0.772 | v_win_bal=0.494 v_rec_bal=0.500 | lr=9.8e-06 | 3.3s
  Fold 3 | Ep   8/50 | t_loss=0.1311 t_acc=0.787 | v_win_bal=0.478 v_rec_bal=0.500 | lr=9.7e-06 | 3.2s
  Fold 3 | Ep   9/50 | t_loss=0.1212 t_acc=0.812 | v_win_bal=0.490 v_rec_bal=0.429 | lr=9.6e-06 | 3.2s
  Fold 3 | Ep  10/50 | t_loss=0.1125 t_acc=0.827 | v_win_bal=0.496 v_rec_bal=0.429 | lr=9.5e-06 | 3.2s
  Fold 3 | Ep  11/50 | t_loss=0.1038 t_acc=0.856 | v_win_bal=0.498 v_rec_bal=0.643 | lr=9.3e-06 | 3.3s
  Fold 3 | Ep  12/50 | t_loss=0.0957 t_acc=0.867 | v_win_bal=0.499 v_rec_bal=0.500 | lr=9.1e-06 | 3.3s
  Fold 3 | Ep  13/50 | t_loss=0.0871 t_acc=0.889 | v_win_bal=0.495 v_rec_bal=0.429 | lr=8.9e-06 | 3.2s
  Fold 3 | Ep  14/50 | t_loss=0.0823 t_acc=0.899 | v_win_bal=0.492 v_rec_bal=0.429 | lr=8.7e-06 | 3.2s
  Fold 3 | Ep  15/50 | t_loss=0.0732 t_acc=0.908 | v_win_bal=0.502 v_rec_bal=0.429 | lr=8.5e-06 | 3.3s
  Fold 3 | Ep  16/50 | t_loss=0.0682 t_acc=0.920 | v_win_bal=0.502 v_rec_bal=0.500 | lr=8.2e-06 | 3.3s
  Fold 3 | Ep  17/50 | t_loss=0.0627 t_acc=0.927 | v_win_bal=0.497 v_rec_bal=0.500 | lr=8.0e-06 | 3.3s
  Fold 3 | Ep  18/50 | t_loss=0.0569 t_acc=0.932 | v_win_bal=0.514 v_rec_bal=0.429 | lr=7.7e-06 | 3.2s
  Fold 3 | Ep  19/50 | t_loss=0.0538 t_acc=0.942 | v_win_bal=0.522 v_rec_bal=0.500 | lr=7.4e-06 | 3.3s
  Fold 3 | Ep  20/50 | t_loss=0.0476 t_acc=0.949 | v_win_bal=0.512 v_rec_bal=0.500 | lr=7.1e-06 | 3.3s
  Fold 3 | Ep  21/50 | t_loss=0.0430 t_acc=0.955 | v_win_bal=0.513 v_rec_bal=0.500 | lr=6.8e-06 | 3.2s
  Fold 3 | Ep  22/50 | t_loss=0.0379 t_acc=0.961 | v_win_bal=0.506 v_rec_bal=0.500 | lr=6.5e-06 | 3.2s
  Fold 3 | Ep  23/50 | t_loss=0.0343 t_acc=0.966 | v_win_bal=0.500 v_rec_bal=0.500 | lr=6.2e-06 | 3.2s
  Fold 3 | Ep  24/50 | t_loss=0.0310 t_acc=0.971 | v_win_bal=0.528 v_rec_bal=0.429 | lr=5.8e-06 | 3.2s
  Fold 3 | Ep  25/50 | t_loss=0.0285 t_acc=0.975 | v_win_bal=0.533 v_rec_bal=0.500 | lr=5.5e-06 | 3.2s
  Fold 3 | Ep  26/50 | t_loss=0.0275 t_acc=0.973 | v_win_bal=0.546 v_rec_bal=0.500 | lr=5.2e-06 | 3.2s
  Fold 3 | Ep  27/50 | t_loss=0.0234 t_acc=0.980 | v_win_bal=0.549 v_rec_bal=0.500 | lr=4.8e-06 | 3.2s
  Early stop at epoch 27
  -> Test (best @ epoch 11): acc=0.5714, bal_acc=0.5417

============================================================
Fold 4/5
============================================================
  Train:  44 samples, 22 subjects [0, 2, 3, 4, 5, 8, 9, 10, 13, 14, 16, 19, 20, 21, 23, 24, 26, 27, 28, 30, 33, 35], label_0=23, label_1=21
    Val:  14 samples,  7 subjects [1, 6, 17, 22, 25, 29, 34], label_0=7, label_1=7
   Test:  14 samples,  7 subjects [7, 11, 12, 15, 18, 31, 32], label_0=6, label_1=8
  Building window datasets...
    WindowDataset: 2681 windows (class_0=492, class_1=2189)
    WindowDataset: 336 windows (class_0=156, class_1=180)
    WindowDataset: 316 windows (class_0=144, class_1=172)
[LaBraM] Loaded 219/221 params from weights/labram-base/model.safetensors
[LaBraM] Missing: ['fc_norm.weight', 'fc_norm.bias']
  Fold 4 | Ep   1/50 | t_loss=0.1812 t_acc=0.786 | v_win_bal=0.536 v_rec_bal=0.571 | lr=3.3e-06 | 3.3s
  Fold 4 | Ep   2/50 | t_loss=0.1714 t_acc=0.652 | v_win_bal=0.536 v_rec_bal=0.571 | lr=6.7e-06 | 3.2s
  Fold 4 | Ep   3/50 | t_loss=0.1681 t_acc=0.583 | v_win_bal=0.510 v_rec_bal=0.571 | lr=1.0e-05 | 3.2s
  Fold 4 | Ep   4/50 | t_loss=0.1616 t_acc=0.662 | v_win_bal=0.460 v_rec_bal=0.500 | lr=1.0e-05 | 3.2s
  Fold 4 | Ep   5/50 | t_loss=0.1492 t_acc=0.696 | v_win_bal=0.419 v_rec_bal=0.429 | lr=1.0e-05 | 3.2s
  Fold 4 | Ep   6/50 | t_loss=0.1359 t_acc=0.768 | v_win_bal=0.425 v_rec_bal=0.500 | lr=9.9e-06 | 3.2s
  Fold 4 | Ep   7/50 | t_loss=0.1212 t_acc=0.805 | v_win_bal=0.437 v_rec_bal=0.429 | lr=9.8e-06 | 3.2s
  Fold 4 | Ep   8/50 | t_loss=0.1113 t_acc=0.842 | v_win_bal=0.434 v_rec_bal=0.429 | lr=9.7e-06 | 3.2s
  Fold 4 | Ep   9/50 | t_loss=0.0985 t_acc=0.859 | v_win_bal=0.434 v_rec_bal=0.500 | lr=9.6e-06 | 3.2s
  Fold 4 | Ep  10/50 | t_loss=0.0891 t_acc=0.885 | v_win_bal=0.439 v_rec_bal=0.429 | lr=9.5e-06 | 3.2s
  Fold 4 | Ep  11/50 | t_loss=0.0789 t_acc=0.902 | v_win_bal=0.421 v_rec_bal=0.429 | lr=9.3e-06 | 3.2s
  Fold 4 | Ep  12/50 | t_loss=0.0711 t_acc=0.918 | v_win_bal=0.426 v_rec_bal=0.429 | lr=9.1e-06 | 3.2s
  Fold 4 | Ep  13/50 | t_loss=0.0625 t_acc=0.929 | v_win_bal=0.439 v_rec_bal=0.429 | lr=8.9e-06 | 3.2s
  Fold 4 | Ep  14/50 | t_loss=0.0555 t_acc=0.940 | v_win_bal=0.444 v_rec_bal=0.429 | lr=8.7e-06 | 3.2s
  Fold 4 | Ep  15/50 | t_loss=0.0485 t_acc=0.948 | v_win_bal=0.441 v_rec_bal=0.429 | lr=8.5e-06 | 3.4s
  Fold 4 | Ep  16/50 | t_loss=0.0413 t_acc=0.961 | v_win_bal=0.450 v_rec_bal=0.429 | lr=8.2e-06 | 3.2s
  Early stop at epoch 16
  -> Test (best @ epoch 1): acc=0.5000, bal_acc=0.4375

============================================================
Fold 5/5
============================================================
  Train:  44 samples, 22 subjects [1, 2, 5, 7, 8, 11, 12, 13, 14, 15, 16, 19, 21, 22, 25, 27, 28, 29, 30, 31, 33, 35], label_0=21, label_1=23
    Val:  14 samples,  7 subjects [3, 9, 18, 20, 23, 32, 34], label_0=7, label_1=7
   Test:  14 samples,  7 subjects [0, 4, 6, 10, 17, 24, 26], label_0=8, label_1=6
  Building window datasets...
    WindowDataset: 2743 windows (class_0=444, class_1=2299)
    WindowDataset: 336 windows (class_0=156, class_1=180)
    WindowDataset: 335 windows (class_0=192, class_1=143)
[LaBraM] Loaded 219/221 params from weights/labram-base/model.safetensors
[LaBraM] Missing: ['fc_norm.weight', 'fc_norm.bias']
  Fold 5 | Ep   1/50 | t_loss=0.1760 t_acc=0.669 | v_win_bal=0.471 v_rec_bal=0.429 | lr=3.3e-06 | 3.3s
  Fold 5 | Ep   2/50 | t_loss=0.1734 t_acc=0.570 | v_win_bal=0.473 v_rec_bal=0.500 | lr=6.7e-06 | 3.3s
  Fold 5 | Ep   3/50 | t_loss=0.1698 t_acc=0.693 | v_win_bal=0.459 v_rec_bal=0.429 | lr=1.0e-05 | 3.3s
  Fold 5 | Ep   4/50 | t_loss=0.1647 t_acc=0.648 | v_win_bal=0.490 v_rec_bal=0.429 | lr=1.0e-05 | 3.3s
  Fold 5 | Ep   5/50 | t_loss=0.1600 t_acc=0.700 | v_win_bal=0.491 v_rec_bal=0.500 | lr=1.0e-05 | 3.3s
  Fold 5 | Ep   6/50 | t_loss=0.1544 t_acc=0.662 | v_win_bal=0.501 v_rec_bal=0.429 | lr=9.9e-06 | 3.3s
  Fold 5 | Ep   7/50 | t_loss=0.1477 t_acc=0.714 | v_win_bal=0.511 v_rec_bal=0.429 | lr=9.8e-06 | 3.3s
  Fold 5 | Ep   8/50 | t_loss=0.1405 t_acc=0.740 | v_win_bal=0.502 v_rec_bal=0.429 | lr=9.7e-06 | 3.3s
  Fold 5 | Ep   9/50 | t_loss=0.1322 t_acc=0.774 | v_win_bal=0.517 v_rec_bal=0.429 | lr=9.6e-06 | 3.3s
  Fold 5 | Ep  10/50 | t_loss=0.1241 t_acc=0.792 | v_win_bal=0.492 v_rec_bal=0.429 | lr=9.5e-06 | 3.3s
  Fold 5 | Ep  11/50 | t_loss=0.1195 t_acc=0.808 | v_win_bal=0.514 v_rec_bal=0.429 | lr=9.3e-06 | 3.3s
  Fold 5 | Ep  12/50 | t_loss=0.1094 t_acc=0.819 | v_win_bal=0.514 v_rec_bal=0.429 | lr=9.1e-06 | 3.3s
  Fold 5 | Ep  13/50 | t_loss=0.1029 t_acc=0.842 | v_win_bal=0.523 v_rec_bal=0.429 | lr=8.9e-06 | 3.3s
  Fold 5 | Ep  14/50 | t_loss=0.0947 t_acc=0.852 | v_win_bal=0.502 v_rec_bal=0.429 | lr=8.7e-06 | 3.3s
  Fold 5 | Ep  15/50 | t_loss=0.0898 t_acc=0.871 | v_win_bal=0.503 v_rec_bal=0.500 | lr=8.5e-06 | 3.3s
  Fold 5 | Ep  16/50 | t_loss=0.0838 t_acc=0.878 | v_win_bal=0.497 v_rec_bal=0.429 | lr=8.2e-06 | 3.3s
  Fold 5 | Ep  17/50 | t_loss=0.0755 t_acc=0.888 | v_win_bal=0.505 v_rec_bal=0.500 | lr=8.0e-06 | 3.3s
  Fold 5 | Ep  18/50 | t_loss=0.0712 t_acc=0.909 | v_win_bal=0.500 v_rec_bal=0.429 | lr=7.7e-06 | 3.3s
  Fold 5 | Ep  19/50 | t_loss=0.0666 t_acc=0.919 | v_win_bal=0.505 v_rec_bal=0.500 | lr=7.4e-06 | 3.3s
  Fold 5 | Ep  20/50 | t_loss=0.0586 t_acc=0.923 | v_win_bal=0.494 v_rec_bal=0.429 | lr=7.1e-06 | 3.3s
  Fold 5 | Ep  21/50 | t_loss=0.0523 t_acc=0.938 | v_win_bal=0.482 v_rec_bal=0.429 | lr=6.8e-06 | 3.3s
  Fold 5 | Ep  22/50 | t_loss=0.0498 t_acc=0.944 | v_win_bal=0.489 v_rec_bal=0.500 | lr=6.5e-06 | 3.3s
  Fold 5 | Ep  23/50 | t_loss=0.0431 t_acc=0.953 | v_win_bal=0.493 v_rec_bal=0.429 | lr=6.2e-06 | 3.3s
  Fold 5 | Ep  24/50 | t_loss=0.0395 t_acc=0.955 | v_win_bal=0.478 v_rec_bal=0.500 | lr=5.8e-06 | 3.3s
  Fold 5 | Ep  25/50 | t_loss=0.0363 t_acc=0.958 | v_win_bal=0.490 v_rec_bal=0.429 | lr=5.5e-06 | 3.3s
  Fold 5 | Ep  26/50 | t_loss=0.0327 t_acc=0.964 | v_win_bal=0.500 v_rec_bal=0.500 | lr=5.2e-06 | 3.3s
  Fold 5 | Ep  27/50 | t_loss=0.0289 t_acc=0.971 | v_win_bal=0.491 v_rec_bal=0.429 | lr=4.8e-06 | 3.3s
  Fold 5 | Ep  28/50 | t_loss=0.0261 t_acc=0.971 | v_win_bal=0.507 v_rec_bal=0.429 | lr=4.5e-06 | 3.3s
  Fold 5 | Ep  29/50 | t_loss=0.0234 t_acc=0.977 | v_win_bal=0.482 v_rec_bal=0.429 | lr=4.2e-06 | 3.3s
  Fold 5 | Ep  30/50 | t_loss=0.0225 t_acc=0.976 | v_win_bal=0.500 v_rec_bal=0.429 | lr=3.8e-06 | 3.3s
  Fold 5 | Ep  31/50 | t_loss=0.0195 t_acc=0.981 | v_win_bal=0.501 v_rec_bal=0.500 | lr=3.5e-06 | 3.3s
  Fold 5 | Ep  32/50 | t_loss=0.0165 t_acc=0.986 | v_win_bal=0.491 v_rec_bal=0.429 | lr=3.2e-06 | 3.3s
  Early stop at epoch 32
  -> Test (best @ epoch 2): acc=0.4286, bal_acc=0.5000

============================================================
Global Results (5-Fold, subject-level CV)
Mode: FT | Extractor: labram | Loss: focal
============================================================
              acc: 0.4722
          bal_acc: 0.4722
               f1: 0.4515
            kappa: -0.0556
  Total predictions: 72 (should equal dataset size: 72)

Results saved to results/studies/exp27_paired_null/eegmat/perm_s22/
