/raid/jupyter-linjimmy1003.md10/.conda/envs/stress/lib/python3.11/site-packages/timm/models/layers/__init__.py:49: FutureWarning: Importing from timm.models.layers is deprecated, please import via timm.layers
  warnings.warn(f"Importing from {__name__} is deprecated, please import via timm.layers", FutureWarning)
Mode: FT | Extractor: labram | Folds: 5
LR: 1e-05 | WD: 0.05 | Beta2: 0.999 | Grad clip: 2.0
Head: hidden=128, dropout=0.0 | Norm: zscore | Loss: focal
Full FT: encoder_lr_scale=0.1
Augmentation: 75% overlap for increase class

Results → results/studies/exp27_paired_null/eegmat/perm_s4/
EEGMAT: 72 recordings from 36 subjects (rest=36, task=36)
EEGMAT: 72 recordings, 36 subjects (task=36, rest=36)
[permute-labels] Shuffled labels with rng seed 4. Class balance preserved: 36 pos / 36 neg

============================================================
Fold 1/5
============================================================
  Train:  42 samples, 21 subjects [0, 1, 3, 4, 5, 6, 7, 11, 13, 14, 16, 18, 21, 22, 23, 24, 25, 27, 29, 30, 34], label_0=21, label_1=21
    Val:  14 samples,  7 subjects [9, 12, 17, 19, 20, 31, 32], label_0=7, label_1=7
   Test:  16 samples,  8 subjects [2, 8, 10, 15, 26, 28, 33, 35], label_0=8, label_1=8
  Building window datasets...
    WindowDataset: 2419 windows (class_0=514, class_1=1905)
    WindowDataset: 316 windows (class_0=132, class_1=184)
    WindowDataset: 385 windows (class_0=241, class_1=144)
[LaBraM] Loaded 219/221 params from weights/labram-base/model.safetensors
[LaBraM] Missing: ['fc_norm.weight', 'fc_norm.bias']
  Trainable parameters: 5,871,779
  Class weights: [2.3531129360198975, 0.634908139705658]
  Fold 1 | Ep   1/50 | t_loss=0.1897 t_acc=0.215 | v_win_bal=0.521 v_rec_bal=0.500 | lr=3.3e-06 | 5.2s
  Fold 1 | Ep   2/50 | t_loss=0.1762 t_acc=0.383 | v_win_bal=0.413 v_rec_bal=0.357 | lr=6.7e-06 | 3.0s
  Fold 1 | Ep   3/50 | t_loss=0.1721 t_acc=0.522 | v_win_bal=0.410 v_rec_bal=0.357 | lr=1.0e-05 | 3.0s
  Fold 1 | Ep   4/50 | t_loss=0.1677 t_acc=0.608 | v_win_bal=0.382 v_rec_bal=0.214 | lr=1.0e-05 | 3.0s
  Fold 1 | Ep   5/50 | t_loss=0.1635 t_acc=0.633 | v_win_bal=0.394 v_rec_bal=0.214 | lr=1.0e-05 | 3.0s
  Fold 1 | Ep   6/50 | t_loss=0.1585 t_acc=0.692 | v_win_bal=0.398 v_rec_bal=0.286 | lr=9.9e-06 | 3.0s
  Fold 1 | Ep   7/50 | t_loss=0.1519 t_acc=0.704 | v_win_bal=0.418 v_rec_bal=0.357 | lr=9.8e-06 | 3.0s
  Fold 1 | Ep   8/50 | t_loss=0.1418 t_acc=0.740 | v_win_bal=0.410 v_rec_bal=0.286 | lr=9.7e-06 | 3.0s
  Fold 1 | Ep   9/50 | t_loss=0.1324 t_acc=0.795 | v_win_bal=0.449 v_rec_bal=0.429 | lr=9.6e-06 | 3.0s
  Fold 1 | Ep  10/50 | t_loss=0.1180 t_acc=0.814 | v_win_bal=0.457 v_rec_bal=0.429 | lr=9.5e-06 | 3.0s
  Fold 1 | Ep  11/50 | t_loss=0.1053 t_acc=0.852 | v_win_bal=0.473 v_rec_bal=0.500 | lr=9.3e-06 | 3.0s
  Fold 1 | Ep  12/50 | t_loss=0.0928 t_acc=0.863 | v_win_bal=0.474 v_rec_bal=0.500 | lr=9.1e-06 | 3.0s
  Fold 1 | Ep  13/50 | t_loss=0.0815 t_acc=0.897 | v_win_bal=0.485 v_rec_bal=0.500 | lr=8.9e-06 | 3.0s
  Fold 1 | Ep  14/50 | t_loss=0.0706 t_acc=0.910 | v_win_bal=0.467 v_rec_bal=0.429 | lr=8.7e-06 | 3.0s
  Fold 1 | Ep  15/50 | t_loss=0.0620 t_acc=0.923 | v_win_bal=0.465 v_rec_bal=0.429 | lr=8.5e-06 | 3.0s
  Fold 1 | Ep  16/50 | t_loss=0.0544 t_acc=0.940 | v_win_bal=0.480 v_rec_bal=0.429 | lr=8.2e-06 | 3.0s
  Early stop at epoch 16
  -> Test (best @ epoch 1): acc=0.5000, bal_acc=0.5000

============================================================
Fold 2/5
============================================================
  Train:  42 samples, 21 subjects [0, 1, 2, 4, 6, 8, 9, 10, 11, 12, 14, 15, 20, 21, 22, 25, 26, 30, 31, 33, 35], label_0=21, label_1=21
    Val:  16 samples,  8 subjects [5, 7, 23, 24, 27, 28, 29, 34], label_0=8, label_1=8
   Test:  14 samples,  7 subjects [3, 13, 16, 17, 18, 19, 32], label_0=7, label_1=7
  Building window datasets...
    WindowDataset: 2340 windows (class_0=515, class_1=1825)
    WindowDataset: 384 windows (class_0=216, class_1=168)
    WindowDataset: 336 windows (class_0=156, class_1=180)
[LaBraM] Loaded 219/221 params from weights/labram-base/model.safetensors
[LaBraM] Missing: ['fc_norm.weight', 'fc_norm.bias']
  Fold 2 | Ep   1/50 | t_loss=0.1774 t_acc=0.779 | v_win_bal=0.568 v_rec_bal=0.500 | lr=3.3e-06 | 3.0s
  Fold 2 | Ep   2/50 | t_loss=0.1712 t_acc=0.617 | v_win_bal=0.517 v_rec_bal=0.500 | lr=6.7e-06 | 3.0s
  Fold 2 | Ep   3/50 | t_loss=0.1665 t_acc=0.633 | v_win_bal=0.527 v_rec_bal=0.625 | lr=1.0e-05 | 3.0s
  Fold 2 | Ep   4/50 | t_loss=0.1591 t_acc=0.674 | v_win_bal=0.512 v_rec_bal=0.625 | lr=1.0e-05 | 3.0s
  Fold 2 | Ep   5/50 | t_loss=0.1492 t_acc=0.715 | v_win_bal=0.499 v_rec_bal=0.562 | lr=1.0e-05 | 2.9s
  Fold 2 | Ep   6/50 | t_loss=0.1382 t_acc=0.748 | v_win_bal=0.530 v_rec_bal=0.562 | lr=9.9e-06 | 3.2s
  Fold 2 | Ep   7/50 | t_loss=0.1283 t_acc=0.759 | v_win_bal=0.540 v_rec_bal=0.562 | lr=9.8e-06 | 2.9s
  Fold 2 | Ep   8/50 | t_loss=0.1186 t_acc=0.778 | v_win_bal=0.552 v_rec_bal=0.688 | lr=9.7e-06 | 2.9s
  Fold 2 | Ep   9/50 | t_loss=0.1078 t_acc=0.813 | v_win_bal=0.577 v_rec_bal=0.688 | lr=9.6e-06 | 2.9s
  Fold 2 | Ep  10/50 | t_loss=0.0983 t_acc=0.838 | v_win_bal=0.568 v_rec_bal=0.688 | lr=9.5e-06 | 2.9s
  Fold 2 | Ep  11/50 | t_loss=0.0888 t_acc=0.867 | v_win_bal=0.547 v_rec_bal=0.625 | lr=9.3e-06 | 2.9s
  Fold 2 | Ep  12/50 | t_loss=0.0825 t_acc=0.887 | v_win_bal=0.575 v_rec_bal=0.562 | lr=9.1e-06 | 2.9s
  Fold 2 | Ep  13/50 | t_loss=0.0746 t_acc=0.901 | v_win_bal=0.589 v_rec_bal=0.688 | lr=8.9e-06 | 2.9s
  Fold 2 | Ep  14/50 | t_loss=0.0623 t_acc=0.923 | v_win_bal=0.565 v_rec_bal=0.625 | lr=8.7e-06 | 2.9s
  Fold 2 | Ep  15/50 | t_loss=0.0570 t_acc=0.927 | v_win_bal=0.586 v_rec_bal=0.625 | lr=8.5e-06 | 2.9s
  Fold 2 | Ep  16/50 | t_loss=0.0476 t_acc=0.941 | v_win_bal=0.578 v_rec_bal=0.625 | lr=8.2e-06 | 3.2s
  Fold 2 | Ep  17/50 | t_loss=0.0429 t_acc=0.953 | v_win_bal=0.575 v_rec_bal=0.562 | lr=8.0e-06 | 2.9s
  Fold 2 | Ep  18/50 | t_loss=0.0401 t_acc=0.961 | v_win_bal=0.569 v_rec_bal=0.625 | lr=7.7e-06 | 2.9s
  Fold 2 | Ep  19/50 | t_loss=0.0370 t_acc=0.964 | v_win_bal=0.573 v_rec_bal=0.688 | lr=7.4e-06 | 2.9s
  Fold 2 | Ep  20/50 | t_loss=0.0298 t_acc=0.971 | v_win_bal=0.573 v_rec_bal=0.688 | lr=7.1e-06 | 2.9s
  Fold 2 | Ep  21/50 | t_loss=0.0269 t_acc=0.973 | v_win_bal=0.577 v_rec_bal=0.688 | lr=6.8e-06 | 2.9s
  Fold 2 | Ep  22/50 | t_loss=0.0219 t_acc=0.981 | v_win_bal=0.570 v_rec_bal=0.688 | lr=6.5e-06 | 2.9s
  Fold 2 | Ep  23/50 | t_loss=0.0202 t_acc=0.981 | v_win_bal=0.565 v_rec_bal=0.688 | lr=6.2e-06 | 2.9s
  Fold 2 | Ep  24/50 | t_loss=0.0202 t_acc=0.981 | v_win_bal=0.567 v_rec_bal=0.625 | lr=5.8e-06 | 2.9s
  Fold 2 | Ep  25/50 | t_loss=0.0165 t_acc=0.986 | v_win_bal=0.586 v_rec_bal=0.750 | lr=5.5e-06 | 2.9s
  Early stop at epoch 25
  -> Test (best @ epoch 25): acc=0.5000, bal_acc=0.5000

============================================================
Fold 3/5
============================================================
  Train:  42 samples, 21 subjects [0, 2, 3, 4, 8, 9, 10, 13, 15, 16, 17, 19, 20, 22, 23, 25, 26, 27, 28, 32, 35], label_0=21, label_1=21
    Val:  16 samples,  8 subjects [7, 11, 12, 18, 21, 24, 29, 33], label_0=8, label_1=8
   Test:  14 samples,  7 subjects [1, 5, 6, 14, 30, 31, 34], label_0=7, label_1=7
  Building window datasets...
    WindowDataset: 2420 windows (class_0=515, class_1=1905)
    WindowDataset: 384 windows (class_0=216, class_1=168)
    WindowDataset: 316 windows (class_0=156, class_1=160)
[LaBraM] Loaded 219/221 params from weights/labram-base/model.safetensors
[LaBraM] Missing: ['fc_norm.weight', 'fc_norm.bias']
  Fold 3 | Ep   1/50 | t_loss=0.1763 t_acc=0.223 | v_win_bal=0.494 v_rec_bal=0.438 | lr=3.3e-06 | 2.9s
  Fold 3 | Ep   2/50 | t_loss=0.1714 t_acc=0.619 | v_win_bal=0.548 v_rec_bal=0.625 | lr=6.7e-06 | 3.0s
  Fold 3 | Ep   3/50 | t_loss=0.1667 t_acc=0.726 | v_win_bal=0.505 v_rec_bal=0.438 | lr=1.0e-05 | 3.0s
  Fold 3 | Ep   4/50 | t_loss=0.1611 t_acc=0.743 | v_win_bal=0.513 v_rec_bal=0.438 | lr=1.0e-05 | 2.9s
  Fold 3 | Ep   5/50 | t_loss=0.1545 t_acc=0.715 | v_win_bal=0.519 v_rec_bal=0.375 | lr=1.0e-05 | 2.9s
  Fold 3 | Ep   6/50 | t_loss=0.1462 t_acc=0.736 | v_win_bal=0.505 v_rec_bal=0.438 | lr=9.9e-06 | 2.9s
  Fold 3 | Ep   7/50 | t_loss=0.1387 t_acc=0.746 | v_win_bal=0.539 v_rec_bal=0.500 | lr=9.8e-06 | 3.0s
  Fold 3 | Ep   8/50 | t_loss=0.1305 t_acc=0.769 | v_win_bal=0.547 v_rec_bal=0.500 | lr=9.7e-06 | 2.9s
  Fold 3 | Ep   9/50 | t_loss=0.1225 t_acc=0.791 | v_win_bal=0.559 v_rec_bal=0.625 | lr=9.6e-06 | 2.9s
  Fold 3 | Ep  10/50 | t_loss=0.1130 t_acc=0.818 | v_win_bal=0.586 v_rec_bal=0.562 | lr=9.5e-06 | 3.0s
  Fold 3 | Ep  11/50 | t_loss=0.1026 t_acc=0.846 | v_win_bal=0.590 v_rec_bal=0.562 | lr=9.3e-06 | 2.9s
  Fold 3 | Ep  12/50 | t_loss=0.0958 t_acc=0.866 | v_win_bal=0.607 v_rec_bal=0.562 | lr=9.1e-06 | 3.0s
  Fold 3 | Ep  13/50 | t_loss=0.0863 t_acc=0.887 | v_win_bal=0.590 v_rec_bal=0.562 | lr=8.9e-06 | 3.0s
  Fold 3 | Ep  14/50 | t_loss=0.0774 t_acc=0.892 | v_win_bal=0.602 v_rec_bal=0.562 | lr=8.7e-06 | 3.0s
  Fold 3 | Ep  15/50 | t_loss=0.0706 t_acc=0.908 | v_win_bal=0.599 v_rec_bal=0.562 | lr=8.5e-06 | 2.9s
  Fold 3 | Ep  16/50 | t_loss=0.0644 t_acc=0.918 | v_win_bal=0.601 v_rec_bal=0.625 | lr=8.2e-06 | 2.9s
  Fold 3 | Ep  17/50 | t_loss=0.0604 t_acc=0.925 | v_win_bal=0.611 v_rec_bal=0.625 | lr=8.0e-06 | 2.9s
  Fold 3 | Ep  18/50 | t_loss=0.0551 t_acc=0.932 | v_win_bal=0.600 v_rec_bal=0.688 | lr=7.7e-06 | 2.9s
  Fold 3 | Ep  19/50 | t_loss=0.0475 t_acc=0.941 | v_win_bal=0.607 v_rec_bal=0.625 | lr=7.4e-06 | 2.9s
  Fold 3 | Ep  20/50 | t_loss=0.0446 t_acc=0.950 | v_win_bal=0.603 v_rec_bal=0.500 | lr=7.1e-06 | 3.0s
  Fold 3 | Ep  21/50 | t_loss=0.0382 t_acc=0.957 | v_win_bal=0.615 v_rec_bal=0.625 | lr=6.8e-06 | 2.9s
  Fold 3 | Ep  22/50 | t_loss=0.0338 t_acc=0.963 | v_win_bal=0.610 v_rec_bal=0.625 | lr=6.5e-06 | 3.0s
  Fold 3 | Ep  23/50 | t_loss=0.0297 t_acc=0.969 | v_win_bal=0.611 v_rec_bal=0.625 | lr=6.2e-06 | 3.0s
  Fold 3 | Ep  24/50 | t_loss=0.0263 t_acc=0.976 | v_win_bal=0.610 v_rec_bal=0.625 | lr=5.8e-06 | 2.9s
  Fold 3 | Ep  25/50 | t_loss=0.0234 t_acc=0.976 | v_win_bal=0.617 v_rec_bal=0.625 | lr=5.5e-06 | 2.9s
  Fold 3 | Ep  26/50 | t_loss=0.0203 t_acc=0.980 | v_win_bal=0.620 v_rec_bal=0.562 | lr=5.2e-06 | 2.9s
  Fold 3 | Ep  27/50 | t_loss=0.0182 t_acc=0.983 | v_win_bal=0.626 v_rec_bal=0.625 | lr=4.8e-06 | 2.9s
  Fold 3 | Ep  28/50 | t_loss=0.0155 t_acc=0.983 | v_win_bal=0.626 v_rec_bal=0.688 | lr=4.5e-06 | 3.0s
  Fold 3 | Ep  29/50 | t_loss=0.0147 t_acc=0.986 | v_win_bal=0.625 v_rec_bal=0.625 | lr=4.2e-06 | 3.0s
  Fold 3 | Ep  30/50 | t_loss=0.0128 t_acc=0.987 | v_win_bal=0.624 v_rec_bal=0.625 | lr=3.8e-06 | 3.0s
  Fold 3 | Ep  31/50 | t_loss=0.0123 t_acc=0.988 | v_win_bal=0.633 v_rec_bal=0.625 | lr=3.5e-06 | 2.9s
  Fold 3 | Ep  32/50 | t_loss=0.0103 t_acc=0.990 | v_win_bal=0.632 v_rec_bal=0.625 | lr=3.2e-06 | 2.9s
  Fold 3 | Ep  33/50 | t_loss=0.0088 t_acc=0.993 | v_win_bal=0.626 v_rec_bal=0.688 | lr=2.9e-06 | 2.9s
  Early stop at epoch 33
  -> Test (best @ epoch 18): acc=0.5000, bal_acc=0.5000

============================================================
Fold 4/5
============================================================
  Train:  42 samples, 21 subjects [1, 3, 6, 8, 9, 10, 12, 13, 14, 15, 16, 17, 18, 19, 24, 26, 30, 31, 32, 33, 35], label_0=21, label_1=21
    Val:  16 samples,  8 subjects [2, 4, 5, 7, 22, 27, 28, 34], label_0=8, label_1=8
   Test:  14 samples,  7 subjects [0, 11, 20, 21, 23, 25, 29], label_0=7, label_1=7
  Building window datasets...
    WindowDataset: 2270 windows (class_0=541, class_1=1729)
    WindowDataset: 382 windows (class_0=214, class_1=168)
    WindowDataset: 336 windows (class_0=132, class_1=204)
[LaBraM] Loaded 219/221 params from weights/labram-base/model.safetensors
[LaBraM] Missing: ['fc_norm.weight', 'fc_norm.bias']
  Fold 4 | Ep   1/50 | t_loss=0.1770 t_acc=0.277 | v_win_bal=0.500 v_rec_bal=0.438 | lr=3.3e-06 | 2.8s
  Fold 4 | Ep   2/50 | t_loss=0.1713 t_acc=0.519 | v_win_bal=0.573 v_rec_bal=0.750 | lr=6.7e-06 | 2.8s
  Fold 4 | Ep   3/50 | t_loss=0.1655 t_acc=0.646 | v_win_bal=0.606 v_rec_bal=0.688 | lr=1.0e-05 | 2.8s
  Fold 4 | Ep   4/50 | t_loss=0.1598 t_acc=0.675 | v_win_bal=0.621 v_rec_bal=0.625 | lr=1.0e-05 | 2.8s
  Fold 4 | Ep   5/50 | t_loss=0.1526 t_acc=0.709 | v_win_bal=0.618 v_rec_bal=0.750 | lr=1.0e-05 | 2.8s
  Fold 4 | Ep   6/50 | t_loss=0.1441 t_acc=0.727 | v_win_bal=0.602 v_rec_bal=0.750 | lr=9.9e-06 | 2.8s
  Fold 4 | Ep   7/50 | t_loss=0.1349 t_acc=0.756 | v_win_bal=0.617 v_rec_bal=0.812 | lr=9.8e-06 | 2.8s
  Fold 4 | Ep   8/50 | t_loss=0.1238 t_acc=0.780 | v_win_bal=0.604 v_rec_bal=0.625 | lr=9.7e-06 | 2.8s
  Fold 4 | Ep   9/50 | t_loss=0.1153 t_acc=0.812 | v_win_bal=0.616 v_rec_bal=0.750 | lr=9.6e-06 | 2.8s
  Fold 4 | Ep  10/50 | t_loss=0.1081 t_acc=0.833 | v_win_bal=0.603 v_rec_bal=0.562 | lr=9.5e-06 | 2.8s
  Fold 4 | Ep  11/50 | t_loss=0.0970 t_acc=0.863 | v_win_bal=0.593 v_rec_bal=0.688 | lr=9.3e-06 | 2.8s
  Fold 4 | Ep  12/50 | t_loss=0.0862 t_acc=0.879 | v_win_bal=0.581 v_rec_bal=0.688 | lr=9.1e-06 | 2.8s
  Fold 4 | Ep  13/50 | t_loss=0.0763 t_acc=0.896 | v_win_bal=0.577 v_rec_bal=0.688 | lr=8.9e-06 | 2.8s
  Fold 4 | Ep  14/50 | t_loss=0.0690 t_acc=0.908 | v_win_bal=0.574 v_rec_bal=0.688 | lr=8.7e-06 | 2.8s
  Fold 4 | Ep  15/50 | t_loss=0.0594 t_acc=0.919 | v_win_bal=0.524 v_rec_bal=0.438 | lr=8.5e-06 | 2.8s
  Fold 4 | Ep  16/50 | t_loss=0.0540 t_acc=0.933 | v_win_bal=0.561 v_rec_bal=0.625 | lr=8.2e-06 | 2.8s
  Fold 4 | Ep  17/50 | t_loss=0.0486 t_acc=0.945 | v_win_bal=0.540 v_rec_bal=0.562 | lr=8.0e-06 | 2.8s
  Fold 4 | Ep  18/50 | t_loss=0.0411 t_acc=0.950 | v_win_bal=0.543 v_rec_bal=0.562 | lr=7.7e-06 | 2.8s
  Fold 4 | Ep  19/50 | t_loss=0.0388 t_acc=0.955 | v_win_bal=0.549 v_rec_bal=0.562 | lr=7.4e-06 | 3.0s
  Fold 4 | Ep  20/50 | t_loss=0.0323 t_acc=0.967 | v_win_bal=0.543 v_rec_bal=0.688 | lr=7.1e-06 | 2.8s
  Fold 4 | Ep  21/50 | t_loss=0.0286 t_acc=0.968 | v_win_bal=0.512 v_rec_bal=0.438 | lr=6.8e-06 | 3.0s
  Fold 4 | Ep  22/50 | t_loss=0.0255 t_acc=0.972 | v_win_bal=0.536 v_rec_bal=0.562 | lr=6.5e-06 | 2.8s
  Early stop at epoch 22
  -> Test (best @ epoch 7): acc=0.2143, bal_acc=0.2143

============================================================
Fold 5/5
============================================================
  Train:  42 samples, 21 subjects [2, 3, 6, 8, 10, 11, 13, 14, 15, 16, 17, 19, 21, 23, 25, 28, 29, 30, 31, 33, 35], label_0=21, label_1=21
    Val:  16 samples,  8 subjects [0, 1, 5, 18, 20, 26, 32, 34], label_0=8, label_1=8
   Test:  14 samples,  7 subjects [4, 7, 9, 12, 22, 24, 27], label_0=7, label_1=7
  Building window datasets...
    WindowDataset: 2342 windows (class_0=517, class_1=1825)
    WindowDataset: 384 windows (class_0=168, class_1=216)
    WindowDataset: 334 windows (class_0=202, class_1=132)
[LaBraM] Loaded 219/221 params from weights/labram-base/model.safetensors
[LaBraM] Missing: ['fc_norm.weight', 'fc_norm.bias']
  Fold 5 | Ep   1/50 | t_loss=0.2050 t_acc=0.221 | v_win_bal=0.500 v_rec_bal=0.500 | lr=3.3e-06 | 2.9s
  Fold 5 | Ep   2/50 | t_loss=0.1768 t_acc=0.391 | v_win_bal=0.408 v_rec_bal=0.188 | lr=6.7e-06 | 2.9s
  Fold 5 | Ep   3/50 | t_loss=0.1702 t_acc=0.535 | v_win_bal=0.411 v_rec_bal=0.250 | lr=1.0e-05 | 2.9s
  Fold 5 | Ep   4/50 | t_loss=0.1642 t_acc=0.600 | v_win_bal=0.434 v_rec_bal=0.438 | lr=1.0e-05 | 2.9s
  Fold 5 | Ep   5/50 | t_loss=0.1579 t_acc=0.624 | v_win_bal=0.433 v_rec_bal=0.438 | lr=1.0e-05 | 2.9s
  Fold 5 | Ep   6/50 | t_loss=0.1516 t_acc=0.697 | v_win_bal=0.436 v_rec_bal=0.312 | lr=9.9e-06 | 2.9s
  Fold 5 | Ep   7/50 | t_loss=0.1401 t_acc=0.738 | v_win_bal=0.456 v_rec_bal=0.375 | lr=9.8e-06 | 2.9s
  Fold 5 | Ep   8/50 | t_loss=0.1296 t_acc=0.779 | v_win_bal=0.451 v_rec_bal=0.375 | lr=9.7e-06 | 2.9s
  Fold 5 | Ep   9/50 | t_loss=0.1153 t_acc=0.818 | v_win_bal=0.461 v_rec_bal=0.438 | lr=9.6e-06 | 2.9s
  Fold 5 | Ep  10/50 | t_loss=0.1039 t_acc=0.843 | v_win_bal=0.441 v_rec_bal=0.375 | lr=9.5e-06 | 2.9s
  Fold 5 | Ep  11/50 | t_loss=0.0929 t_acc=0.869 | v_win_bal=0.417 v_rec_bal=0.312 | lr=9.3e-06 | 2.9s
  Fold 5 | Ep  12/50 | t_loss=0.0838 t_acc=0.879 | v_win_bal=0.442 v_rec_bal=0.250 | lr=9.1e-06 | 2.9s
  Fold 5 | Ep  13/50 | t_loss=0.0735 t_acc=0.902 | v_win_bal=0.427 v_rec_bal=0.312 | lr=8.9e-06 | 2.9s
  Fold 5 | Ep  14/50 | t_loss=0.0665 t_acc=0.913 | v_win_bal=0.449 v_rec_bal=0.375 | lr=8.7e-06 | 2.9s
  Fold 5 | Ep  15/50 | t_loss=0.0587 t_acc=0.928 | v_win_bal=0.409 v_rec_bal=0.250 | lr=8.5e-06 | 2.9s
  Fold 5 | Ep  16/50 | t_loss=0.0535 t_acc=0.936 | v_win_bal=0.424 v_rec_bal=0.250 | lr=8.2e-06 | 2.9s
  Early stop at epoch 16
  -> Test (best @ epoch 1): acc=0.5000, bal_acc=0.5000

============================================================
Global Results (5-Fold, subject-level CV)
Mode: FT | Extractor: labram | Loss: focal
============================================================
              acc: 0.4444
          bal_acc: 0.4444
               f1: 0.4074
            kappa: -0.1111
  Total predictions: 72 (should equal dataset size: 72)

Results saved to results/studies/exp27_paired_null/eegmat/perm_s4/
