/raid/jupyter-linjimmy1003.md10/.conda/envs/stress/lib/python3.11/site-packages/timm/models/layers/__init__.py:49: FutureWarning: Importing from timm.models.layers is deprecated, please import via timm.layers
  warnings.warn(f"Importing from {__name__} is deprecated, please import via timm.layers", FutureWarning)
Mode: FT | Extractor: labram | Folds: 5
LR: 1e-05 | WD: 0.05 | Beta2: 0.999 | Grad clip: 2.0
Head: hidden=128, dropout=0.0 | Norm: zscore | Loss: focal
Full FT: encoder_lr_scale=0.1
Augmentation: 75% overlap for increase class

Results → results/studies/exp27_paired_null/eegmat/perm_s0/
EEGMAT: 72 recordings from 36 subjects (rest=36, task=36)
EEGMAT: 72 recordings, 36 subjects (task=36, rest=36)
[permute-labels] Shuffled labels with rng seed 0. Class balance preserved: 36 pos / 36 neg

============================================================
Fold 1/5
============================================================
  Train:  44 samples, 22 subjects [2, 4, 5, 6, 7, 8, 9, 14, 15, 16, 18, 20, 21, 23, 26, 27, 28, 29, 30, 31, 32, 35], label_0=22, label_1=22
    Val:  14 samples,  7 subjects [0, 1, 3, 11, 19, 22, 34], label_0=7, label_1=7
   Test:  14 samples,  7 subjects [10, 12, 13, 17, 24, 25, 33], label_0=7, label_1=7
  Building window datasets...
    WindowDataset: 2492 windows (class_0=526, class_1=1966)
    WindowDataset: 336 windows (class_0=156, class_1=180)
    WindowDataset: 337 windows (class_0=157, class_1=180)
[LaBraM] Loaded 219/221 params from weights/labram-base/model.safetensors
[LaBraM] Missing: ['fc_norm.weight', 'fc_norm.bias']
  Trainable parameters: 5,871,779
  Class weights: [2.368821382522583, 0.6337741613388062]
  Fold 1 | Ep   1/50 | t_loss=0.1883 t_acc=0.212 | v_win_bal=0.504 v_rec_bal=0.500 | lr=3.3e-06 | 5.6s
  Fold 1 | Ep   2/50 | t_loss=0.1750 t_acc=0.456 | v_win_bal=0.556 v_rec_bal=0.500 | lr=6.7e-06 | 3.1s
  Fold 1 | Ep   3/50 | t_loss=0.1707 t_acc=0.594 | v_win_bal=0.529 v_rec_bal=0.500 | lr=1.0e-05 | 3.1s
  Fold 1 | Ep   4/50 | t_loss=0.1659 t_acc=0.633 | v_win_bal=0.487 v_rec_bal=0.500 | lr=1.0e-05 | 3.1s
  Fold 1 | Ep   5/50 | t_loss=0.1603 t_acc=0.681 | v_win_bal=0.489 v_rec_bal=0.500 | lr=1.0e-05 | 3.4s
  Fold 1 | Ep   6/50 | t_loss=0.1528 t_acc=0.672 | v_win_bal=0.495 v_rec_bal=0.500 | lr=9.9e-06 | 3.0s
  Fold 1 | Ep   7/50 | t_loss=0.1462 t_acc=0.726 | v_win_bal=0.514 v_rec_bal=0.500 | lr=9.8e-06 | 2.9s
  Fold 1 | Ep   8/50 | t_loss=0.1399 t_acc=0.728 | v_win_bal=0.526 v_rec_bal=0.571 | lr=9.7e-06 | 2.9s
  Fold 1 | Ep   9/50 | t_loss=0.1347 t_acc=0.764 | v_win_bal=0.500 v_rec_bal=0.500 | lr=9.6e-06 | 3.0s
  Fold 1 | Ep  10/50 | t_loss=0.1268 t_acc=0.773 | v_win_bal=0.520 v_rec_bal=0.571 | lr=9.5e-06 | 2.9s
  Fold 1 | Ep  11/50 | t_loss=0.1197 t_acc=0.791 | v_win_bal=0.497 v_rec_bal=0.429 | lr=9.3e-06 | 2.9s
  Fold 1 | Ep  12/50 | t_loss=0.1119 t_acc=0.807 | v_win_bal=0.526 v_rec_bal=0.500 | lr=9.1e-06 | 3.3s
  Fold 1 | Ep  13/50 | t_loss=0.1025 t_acc=0.840 | v_win_bal=0.507 v_rec_bal=0.500 | lr=8.9e-06 | 2.9s
  Fold 1 | Ep  14/50 | t_loss=0.0956 t_acc=0.853 | v_win_bal=0.519 v_rec_bal=0.571 | lr=8.7e-06 | 2.9s
  Fold 1 | Ep  15/50 | t_loss=0.0871 t_acc=0.880 | v_win_bal=0.515 v_rec_bal=0.500 | lr=8.5e-06 | 2.9s
  Fold 1 | Ep  16/50 | t_loss=0.0797 t_acc=0.884 | v_win_bal=0.504 v_rec_bal=0.500 | lr=8.2e-06 | 2.9s
  Fold 1 | Ep  17/50 | t_loss=0.0716 t_acc=0.903 | v_win_bal=0.509 v_rec_bal=0.500 | lr=8.0e-06 | 2.9s
  Fold 1 | Ep  18/50 | t_loss=0.0659 t_acc=0.911 | v_win_bal=0.509 v_rec_bal=0.429 | lr=7.7e-06 | 2.9s
  Fold 1 | Ep  19/50 | t_loss=0.0590 t_acc=0.919 | v_win_bal=0.500 v_rec_bal=0.500 | lr=7.4e-06 | 2.9s
  Fold 1 | Ep  20/50 | t_loss=0.0520 t_acc=0.939 | v_win_bal=0.509 v_rec_bal=0.500 | lr=7.1e-06 | 2.9s
  Fold 1 | Ep  21/50 | t_loss=0.0469 t_acc=0.946 | v_win_bal=0.511 v_rec_bal=0.500 | lr=6.8e-06 | 2.9s
  Fold 1 | Ep  22/50 | t_loss=0.0440 t_acc=0.948 | v_win_bal=0.500 v_rec_bal=0.500 | lr=6.5e-06 | 2.9s
  Fold 1 | Ep  23/50 | t_loss=0.0378 t_acc=0.957 | v_win_bal=0.486 v_rec_bal=0.429 | lr=6.2e-06 | 3.3s
  Fold 1 | Ep  24/50 | t_loss=0.0388 t_acc=0.954 | v_win_bal=0.512 v_rec_bal=0.429 | lr=5.8e-06 | 3.0s
  Fold 1 | Ep  25/50 | t_loss=0.0304 t_acc=0.969 | v_win_bal=0.514 v_rec_bal=0.571 | lr=5.5e-06 | 3.0s
  Early stop at epoch 25
  -> Test (best @ epoch 8): acc=0.3571, bal_acc=0.3571

============================================================
Fold 2/5
============================================================
  Train:  42 samples, 21 subjects [0, 3, 5, 6, 7, 12, 14, 15, 16, 19, 20, 21, 23, 24, 27, 29, 30, 31, 32, 33, 34], label_0=20, label_1=22
    Val:  14 samples,  7 subjects [1, 4, 10, 13, 17, 22, 25], label_0=7, label_1=7
   Test:  16 samples,  8 subjects [2, 8, 9, 11, 18, 26, 28, 35], label_0=9, label_1=7
  Building window datasets...
    WindowDataset: 2662 windows (class_0=408, class_1=2254)
    WindowDataset: 335 windows (class_0=179, class_1=156)
    WindowDataset: 384 windows (class_0=252, class_1=132)
[LaBraM] Loaded 219/221 params from weights/labram-base/model.safetensors
[LaBraM] Missing: ['fc_norm.weight', 'fc_norm.bias']
  Fold 2 | Ep   1/50 | t_loss=0.1922 t_acc=0.847 | v_win_bal=0.496 v_rec_bal=0.500 | lr=3.3e-06 | 3.3s
  Fold 2 | Ep   2/50 | t_loss=0.1759 t_acc=0.698 | v_win_bal=0.415 v_rec_bal=0.429 | lr=6.7e-06 | 3.4s
  Fold 2 | Ep   3/50 | t_loss=0.1722 t_acc=0.721 | v_win_bal=0.440 v_rec_bal=0.500 | lr=1.0e-05 | 3.3s
  Fold 2 | Ep   4/50 | t_loss=0.1680 t_acc=0.675 | v_win_bal=0.435 v_rec_bal=0.357 | lr=1.0e-05 | 3.3s
  Fold 2 | Ep   5/50 | t_loss=0.1645 t_acc=0.734 | v_win_bal=0.430 v_rec_bal=0.357 | lr=1.0e-05 | 3.3s
  Fold 2 | Ep   6/50 | t_loss=0.1571 t_acc=0.711 | v_win_bal=0.450 v_rec_bal=0.286 | lr=9.9e-06 | 3.3s
  Fold 2 | Ep   7/50 | t_loss=0.1473 t_acc=0.738 | v_win_bal=0.415 v_rec_bal=0.357 | lr=9.8e-06 | 3.3s
  Fold 2 | Ep   8/50 | t_loss=0.1343 t_acc=0.804 | v_win_bal=0.455 v_rec_bal=0.357 | lr=9.7e-06 | 3.4s
  Fold 2 | Ep   9/50 | t_loss=0.1206 t_acc=0.824 | v_win_bal=0.425 v_rec_bal=0.357 | lr=9.6e-06 | 3.3s
  Fold 2 | Ep  10/50 | t_loss=0.1121 t_acc=0.845 | v_win_bal=0.458 v_rec_bal=0.357 | lr=9.5e-06 | 3.3s
  Fold 2 | Ep  11/50 | t_loss=0.1011 t_acc=0.865 | v_win_bal=0.474 v_rec_bal=0.429 | lr=9.3e-06 | 3.3s
  Fold 2 | Ep  12/50 | t_loss=0.0900 t_acc=0.888 | v_win_bal=0.506 v_rec_bal=0.429 | lr=9.1e-06 | 3.3s
  Fold 2 | Ep  13/50 | t_loss=0.0807 t_acc=0.898 | v_win_bal=0.502 v_rec_bal=0.429 | lr=8.9e-06 | 3.3s
  Fold 2 | Ep  14/50 | t_loss=0.0743 t_acc=0.911 | v_win_bal=0.505 v_rec_bal=0.429 | lr=8.7e-06 | 3.4s
  Fold 2 | Ep  15/50 | t_loss=0.0680 t_acc=0.930 | v_win_bal=0.523 v_rec_bal=0.429 | lr=8.5e-06 | 3.6s
  Fold 2 | Ep  16/50 | t_loss=0.0616 t_acc=0.938 | v_win_bal=0.464 v_rec_bal=0.357 | lr=8.2e-06 | 3.3s
  Early stop at epoch 16
  -> Test (best @ epoch 1): acc=0.4375, bal_acc=0.5000

============================================================
Fold 3/5
============================================================
  Train:  42 samples, 21 subjects [2, 4, 8, 9, 10, 11, 12, 13, 14, 15, 16, 17, 18, 20, 21, 26, 27, 28, 29, 31, 35], label_0=22, label_1=20
    Val:  16 samples,  8 subjects [1, 5, 7, 19, 23, 24, 25, 33], label_0=7, label_1=9
   Test:  14 samples,  7 subjects [0, 3, 6, 22, 30, 32, 34], label_0=7, label_1=7
  Building window datasets...
    WindowDataset: 2307 windows (class_0=527, class_1=1780)
    WindowDataset: 384 windows (class_0=156, class_1=228)
    WindowDataset: 336 windows (class_0=156, class_1=180)
[LaBraM] Loaded 219/221 params from weights/labram-base/model.safetensors
[LaBraM] Missing: ['fc_norm.weight', 'fc_norm.bias']
  Fold 3 | Ep   1/50 | t_loss=0.1779 t_acc=0.237 | v_win_bal=0.448 v_rec_bal=0.500 | lr=3.3e-06 | 3.0s
  Fold 3 | Ep   2/50 | t_loss=0.1734 t_acc=0.497 | v_win_bal=0.429 v_rec_bal=0.516 | lr=6.7e-06 | 2.9s
  Fold 3 | Ep   3/50 | t_loss=0.1707 t_acc=0.643 | v_win_bal=0.375 v_rec_bal=0.238 | lr=1.0e-05 | 3.0s
  Fold 3 | Ep   4/50 | t_loss=0.1670 t_acc=0.651 | v_win_bal=0.385 v_rec_bal=0.460 | lr=1.0e-05 | 3.0s
  Fold 3 | Ep   5/50 | t_loss=0.1615 t_acc=0.689 | v_win_bal=0.413 v_rec_bal=0.444 | lr=1.0e-05 | 2.9s
  Fold 3 | Ep   6/50 | t_loss=0.1565 t_acc=0.720 | v_win_bal=0.329 v_rec_bal=0.310 | lr=9.9e-06 | 2.9s
  Fold 3 | Ep   7/50 | t_loss=0.1494 t_acc=0.713 | v_win_bal=0.334 v_rec_bal=0.405 | lr=9.8e-06 | 2.9s
  Fold 3 | Ep   8/50 | t_loss=0.1435 t_acc=0.730 | v_win_bal=0.331 v_rec_bal=0.278 | lr=9.7e-06 | 2.9s
  Fold 3 | Ep   9/50 | t_loss=0.1381 t_acc=0.745 | v_win_bal=0.349 v_rec_bal=0.389 | lr=9.6e-06 | 2.9s
  Fold 3 | Ep  10/50 | t_loss=0.1311 t_acc=0.767 | v_win_bal=0.332 v_rec_bal=0.333 | lr=9.5e-06 | 2.9s
  Fold 3 | Ep  11/50 | t_loss=0.1256 t_acc=0.793 | v_win_bal=0.325 v_rec_bal=0.222 | lr=9.3e-06 | 3.0s
  Fold 3 | Ep  12/50 | t_loss=0.1188 t_acc=0.803 | v_win_bal=0.335 v_rec_bal=0.167 | lr=9.1e-06 | 3.0s
  Fold 3 | Ep  13/50 | t_loss=0.1103 t_acc=0.823 | v_win_bal=0.338 v_rec_bal=0.278 | lr=8.9e-06 | 2.9s
  Fold 3 | Ep  14/50 | t_loss=0.1032 t_acc=0.837 | v_win_bal=0.356 v_rec_bal=0.278 | lr=8.7e-06 | 3.0s
  Fold 3 | Ep  15/50 | t_loss=0.0950 t_acc=0.860 | v_win_bal=0.358 v_rec_bal=0.183 | lr=8.5e-06 | 3.0s
  Fold 3 | Ep  16/50 | t_loss=0.0886 t_acc=0.868 | v_win_bal=0.391 v_rec_bal=0.278 | lr=8.2e-06 | 3.0s
  Fold 3 | Ep  17/50 | t_loss=0.0813 t_acc=0.891 | v_win_bal=0.381 v_rec_bal=0.222 | lr=8.0e-06 | 2.9s
  Early stop at epoch 17
  -> Test (best @ epoch 2): acc=0.5714, bal_acc=0.5714

============================================================
Fold 4/5
============================================================
  Train:  44 samples, 22 subjects [0, 1, 2, 3, 6, 8, 10, 11, 12, 13, 14, 15, 17, 18, 21, 24, 25, 26, 28, 31, 32, 33], label_0=22, label_1=22
    Val:  14 samples,  7 subjects [5, 9, 22, 27, 30, 34, 35], label_0=7, label_1=7
   Test:  14 samples,  7 subjects [4, 7, 16, 19, 20, 23, 29], label_0=7, label_1=7
  Building window datasets...
    WindowDataset: 2567 windows (class_0=505, class_1=2062)
    WindowDataset: 336 windows (class_0=156, class_1=180)
    WindowDataset: 334 windows (class_0=178, class_1=156)
[LaBraM] Loaded 219/221 params from weights/labram-base/model.safetensors
[LaBraM] Missing: ['fc_norm.weight', 'fc_norm.bias']
  Fold 4 | Ep   1/50 | t_loss=0.1726 t_acc=0.651 | v_win_bal=0.450 v_rec_bal=0.429 | lr=3.3e-06 | 3.2s
  Fold 4 | Ep   2/50 | t_loss=0.1709 t_acc=0.632 | v_win_bal=0.440 v_rec_bal=0.357 | lr=6.7e-06 | 3.2s
  Fold 4 | Ep   3/50 | t_loss=0.1679 t_acc=0.668 | v_win_bal=0.432 v_rec_bal=0.500 | lr=1.0e-05 | 3.2s
  Fold 4 | Ep   4/50 | t_loss=0.1637 t_acc=0.660 | v_win_bal=0.429 v_rec_bal=0.429 | lr=1.0e-05 | 3.1s
  Fold 4 | Ep   5/50 | t_loss=0.1589 t_acc=0.691 | v_win_bal=0.415 v_rec_bal=0.500 | lr=1.0e-05 | 3.1s
  Fold 4 | Ep   6/50 | t_loss=0.1545 t_acc=0.680 | v_win_bal=0.399 v_rec_bal=0.500 | lr=9.9e-06 | 3.1s
  Fold 4 | Ep   7/50 | t_loss=0.1493 t_acc=0.700 | v_win_bal=0.414 v_rec_bal=0.571 | lr=9.8e-06 | 3.1s
  Fold 4 | Ep   8/50 | t_loss=0.1421 t_acc=0.727 | v_win_bal=0.389 v_rec_bal=0.500 | lr=9.7e-06 | 3.1s
  Fold 4 | Ep   9/50 | t_loss=0.1354 t_acc=0.756 | v_win_bal=0.372 v_rec_bal=0.571 | lr=9.6e-06 | 3.1s
  Fold 4 | Ep  10/50 | t_loss=0.1282 t_acc=0.779 | v_win_bal=0.350 v_rec_bal=0.500 | lr=9.5e-06 | 3.1s
  Fold 4 | Ep  11/50 | t_loss=0.1206 t_acc=0.793 | v_win_bal=0.344 v_rec_bal=0.571 | lr=9.3e-06 | 3.1s
  Fold 4 | Ep  12/50 | t_loss=0.1118 t_acc=0.809 | v_win_bal=0.349 v_rec_bal=0.571 | lr=9.1e-06 | 3.1s
  Fold 4 | Ep  13/50 | t_loss=0.1074 t_acc=0.826 | v_win_bal=0.357 v_rec_bal=0.571 | lr=8.9e-06 | 3.4s
  Fold 4 | Ep  14/50 | t_loss=0.0967 t_acc=0.850 | v_win_bal=0.335 v_rec_bal=0.500 | lr=8.7e-06 | 3.1s
  Fold 4 | Ep  15/50 | t_loss=0.0886 t_acc=0.868 | v_win_bal=0.355 v_rec_bal=0.500 | lr=8.5e-06 | 3.1s
  Fold 4 | Ep  16/50 | t_loss=0.0805 t_acc=0.883 | v_win_bal=0.341 v_rec_bal=0.571 | lr=8.2e-06 | 3.1s
  Fold 4 | Ep  17/50 | t_loss=0.0734 t_acc=0.900 | v_win_bal=0.371 v_rec_bal=0.429 | lr=8.0e-06 | 3.1s
  Fold 4 | Ep  18/50 | t_loss=0.0691 t_acc=0.911 | v_win_bal=0.353 v_rec_bal=0.571 | lr=7.7e-06 | 3.1s
  Fold 4 | Ep  19/50 | t_loss=0.0616 t_acc=0.921 | v_win_bal=0.364 v_rec_bal=0.571 | lr=7.4e-06 | 3.1s
  Fold 4 | Ep  20/50 | t_loss=0.0543 t_acc=0.931 | v_win_bal=0.350 v_rec_bal=0.571 | lr=7.1e-06 | 3.1s
  Fold 4 | Ep  21/50 | t_loss=0.0484 t_acc=0.941 | v_win_bal=0.361 v_rec_bal=0.571 | lr=6.8e-06 | 3.1s
  Fold 4 | Ep  22/50 | t_loss=0.0427 t_acc=0.946 | v_win_bal=0.362 v_rec_bal=0.571 | lr=6.5e-06 | 3.1s
  Fold 4 | Ep  23/50 | t_loss=0.0376 t_acc=0.951 | v_win_bal=0.363 v_rec_bal=0.571 | lr=6.2e-06 | 3.1s
  Fold 4 | Ep  24/50 | t_loss=0.0371 t_acc=0.959 | v_win_bal=0.390 v_rec_bal=0.571 | lr=5.8e-06 | 3.1s
  Fold 4 | Ep  25/50 | t_loss=0.0318 t_acc=0.963 | v_win_bal=0.393 v_rec_bal=0.500 | lr=5.5e-06 | 3.1s
  Fold 4 | Ep  26/50 | t_loss=0.0274 t_acc=0.969 | v_win_bal=0.370 v_rec_bal=0.571 | lr=5.2e-06 | 3.1s
  Fold 4 | Ep  27/50 | t_loss=0.0272 t_acc=0.971 | v_win_bal=0.396 v_rec_bal=0.571 | lr=4.8e-06 | 3.1s
  Fold 4 | Ep  28/50 | t_loss=0.0229 t_acc=0.978 | v_win_bal=0.393 v_rec_bal=0.500 | lr=4.5e-06 | 3.1s
  Early stop at epoch 28
  -> Test (best @ epoch 7): acc=0.2857, bal_acc=0.2857

============================================================
Fold 5/5
============================================================
  Train:  44 samples, 22 subjects [2, 3, 4, 6, 8, 10, 11, 12, 13, 16, 17, 18, 19, 20, 22, 23, 24, 25, 28, 29, 32, 33], label_0=23, label_1=21
    Val:  14 samples,  7 subjects [0, 7, 9, 26, 30, 34, 35], label_0=7, label_1=7
   Test:  14 samples,  7 subjects [1, 5, 14, 15, 21, 27, 31], label_0=6, label_1=8
  Building window datasets...
    WindowDataset: 2396 windows (class_0=587, class_1=1809)
    WindowDataset: 336 windows (class_0=156, class_1=180)
    WindowDataset: 316 windows (class_0=96, class_1=220)
[LaBraM] Loaded 219/221 params from weights/labram-base/model.safetensors
[LaBraM] Missing: ['fc_norm.weight', 'fc_norm.bias']
  Fold 5 | Ep   1/50 | t_loss=0.1828 t_acc=0.253 | v_win_bal=0.522 v_rec_bal=0.500 | lr=3.3e-06 | 2.9s
  Fold 5 | Ep   2/50 | t_loss=0.1725 t_acc=0.535 | v_win_bal=0.483 v_rec_bal=0.429 | lr=6.7e-06 | 2.9s
  Fold 5 | Ep   3/50 | t_loss=0.1703 t_acc=0.593 | v_win_bal=0.490 v_rec_bal=0.429 | lr=1.0e-05 | 2.9s
  Fold 5 | Ep   4/50 | t_loss=0.1671 t_acc=0.688 | v_win_bal=0.515 v_rec_bal=0.571 | lr=1.0e-05 | 2.9s
  Fold 5 | Ep   5/50 | t_loss=0.1623 t_acc=0.657 | v_win_bal=0.525 v_rec_bal=0.643 | lr=1.0e-05 | 2.9s
  Fold 5 | Ep   6/50 | t_loss=0.1579 t_acc=0.734 | v_win_bal=0.532 v_rec_bal=0.429 | lr=9.9e-06 | 2.9s
  Fold 5 | Ep   7/50 | t_loss=0.1521 t_acc=0.729 | v_win_bal=0.550 v_rec_bal=0.643 | lr=9.8e-06 | 2.9s
  Fold 5 | Ep   8/50 | t_loss=0.1458 t_acc=0.756 | v_win_bal=0.546 v_rec_bal=0.571 | lr=9.7e-06 | 2.9s
  Fold 5 | Ep   9/50 | t_loss=0.1382 t_acc=0.765 | v_win_bal=0.535 v_rec_bal=0.643 | lr=9.6e-06 | 2.9s
  Fold 5 | Ep  10/50 | t_loss=0.1298 t_acc=0.791 | v_win_bal=0.509 v_rec_bal=0.571 | lr=9.5e-06 | 2.9s
  Fold 5 | Ep  11/50 | t_loss=0.1205 t_acc=0.819 | v_win_bal=0.475 v_rec_bal=0.500 | lr=9.3e-06 | 2.9s
  Fold 5 | Ep  12/50 | t_loss=0.1113 t_acc=0.837 | v_win_bal=0.477 v_rec_bal=0.500 | lr=9.1e-06 | 2.9s
  Fold 5 | Ep  13/50 | t_loss=0.1035 t_acc=0.848 | v_win_bal=0.495 v_rec_bal=0.571 | lr=8.9e-06 | 2.9s
  Fold 5 | Ep  14/50 | t_loss=0.0926 t_acc=0.873 | v_win_bal=0.478 v_rec_bal=0.500 | lr=8.7e-06 | 2.9s
  Fold 5 | Ep  15/50 | t_loss=0.0847 t_acc=0.884 | v_win_bal=0.463 v_rec_bal=0.571 | lr=8.5e-06 | 2.9s
  Fold 5 | Ep  16/50 | t_loss=0.0756 t_acc=0.899 | v_win_bal=0.478 v_rec_bal=0.500 | lr=8.2e-06 | 2.9s
  Fold 5 | Ep  17/50 | t_loss=0.0695 t_acc=0.906 | v_win_bal=0.479 v_rec_bal=0.429 | lr=8.0e-06 | 2.9s
  Fold 5 | Ep  18/50 | t_loss=0.0625 t_acc=0.918 | v_win_bal=0.453 v_rec_bal=0.357 | lr=7.7e-06 | 2.9s
  Fold 5 | Ep  19/50 | t_loss=0.0553 t_acc=0.930 | v_win_bal=0.468 v_rec_bal=0.429 | lr=7.4e-06 | 2.9s
  Fold 5 | Ep  20/50 | t_loss=0.0488 t_acc=0.940 | v_win_bal=0.482 v_rec_bal=0.571 | lr=7.1e-06 | 2.9s
  Fold 5 | Ep  21/50 | t_loss=0.0437 t_acc=0.948 | v_win_bal=0.485 v_rec_bal=0.571 | lr=6.8e-06 | 2.9s
  Fold 5 | Ep  22/50 | t_loss=0.0381 t_acc=0.951 | v_win_bal=0.465 v_rec_bal=0.500 | lr=6.5e-06 | 2.9s
  Fold 5 | Ep  23/50 | t_loss=0.0341 t_acc=0.960 | v_win_bal=0.475 v_rec_bal=0.500 | lr=6.2e-06 | 3.1s
  Fold 5 | Ep  24/50 | t_loss=0.0303 t_acc=0.971 | v_win_bal=0.488 v_rec_bal=0.500 | lr=5.8e-06 | 2.9s
  Early stop at epoch 24
  -> Test (best @ epoch 5): acc=0.5000, bal_acc=0.4792

============================================================
Global Results (5-Fold, subject-level CV)
Mode: FT | Extractor: labram | Loss: focal
============================================================
              acc: 0.4306
          bal_acc: 0.4306
               f1: 0.3969
            kappa: -0.1389
  Total predictions: 72 (should equal dataset size: 72)

Results saved to results/studies/exp27_paired_null/eegmat/perm_s0/
