/raid/jupyter-linjimmy1003.md10/.conda/envs/stress/lib/python3.11/site-packages/timm/models/layers/__init__.py:49: FutureWarning: Importing from timm.models.layers is deprecated, please import via timm.layers
  warnings.warn(f"Importing from {__name__} is deprecated, please import via timm.layers", FutureWarning)
Mode: FT | Extractor: labram | Folds: 5
LR: 1e-05 | WD: 0.05 | Beta2: 0.999 | Grad clip: 2.0
Head: hidden=128, dropout=0.0 | Norm: zscore | Loss: focal
Full FT: encoder_lr_scale=0.1
Augmentation: 75% overlap for increase class

Results → results/studies/exp27_paired_null/eegmat/perm_s29/
EEGMAT: 72 recordings from 36 subjects (rest=36, task=36)
EEGMAT: 72 recordings, 36 subjects (task=36, rest=36)
[permute-labels] Shuffled labels with rng seed 29. Class balance preserved: 36 pos / 36 neg

============================================================
Fold 1/5
============================================================
  Train:  42 samples, 21 subjects [0, 1, 3, 4, 5, 7, 10, 11, 12, 13, 14, 16, 17, 18, 19, 20, 21, 25, 29, 31, 34], label_0=20, label_1=22
    Val:  14 samples,  7 subjects [2, 6, 15, 24, 27, 32, 35], label_0=7, label_1=7
   Test:  16 samples,  8 subjects [8, 9, 22, 23, 26, 28, 30, 33], label_0=9, label_1=7
  Building window datasets...
    WindowDataset: 2505 windows (class_0=459, class_1=2046)
    WindowDataset: 336 windows (class_0=156, class_1=180)
    WindowDataset: 384 windows (class_0=180, class_1=204)
[LaBraM] Loaded 219/221 params from weights/labram-base/model.safetensors
[LaBraM] Missing: ['fc_norm.weight', 'fc_norm.bias']
  Trainable parameters: 5,871,779
  Class weights: [2.7287580966949463, 0.6121701002120972]
  Fold 1 | Ep   1/50 | t_loss=0.1880 t_acc=0.188 | v_win_bal=0.481 v_rec_bal=0.500 | lr=3.3e-06 | 5.1s
  Fold 1 | Ep   2/50 | t_loss=0.1719 t_acc=0.514 | v_win_bal=0.414 v_rec_bal=0.286 | lr=6.7e-06 | 3.0s
  Fold 1 | Ep   3/50 | t_loss=0.1662 t_acc=0.670 | v_win_bal=0.438 v_rec_bal=0.357 | lr=1.0e-05 | 3.0s
  Fold 1 | Ep   4/50 | t_loss=0.1584 t_acc=0.722 | v_win_bal=0.454 v_rec_bal=0.357 | lr=1.0e-05 | 3.0s
  Fold 1 | Ep   5/50 | t_loss=0.1506 t_acc=0.713 | v_win_bal=0.441 v_rec_bal=0.429 | lr=1.0e-05 | 3.0s
  Fold 1 | Ep   6/50 | t_loss=0.1440 t_acc=0.734 | v_win_bal=0.419 v_rec_bal=0.500 | lr=9.9e-06 | 3.0s
  Fold 1 | Ep   7/50 | t_loss=0.1343 t_acc=0.764 | v_win_bal=0.428 v_rec_bal=0.429 | lr=9.8e-06 | 3.0s
  Fold 1 | Ep   8/50 | t_loss=0.1268 t_acc=0.774 | v_win_bal=0.412 v_rec_bal=0.500 | lr=9.7e-06 | 3.0s
  Fold 1 | Ep   9/50 | t_loss=0.1185 t_acc=0.802 | v_win_bal=0.401 v_rec_bal=0.429 | lr=9.6e-06 | 3.0s
  Fold 1 | Ep  10/50 | t_loss=0.1129 t_acc=0.820 | v_win_bal=0.410 v_rec_bal=0.429 | lr=9.5e-06 | 3.0s
  Fold 1 | Ep  11/50 | t_loss=0.1015 t_acc=0.829 | v_win_bal=0.397 v_rec_bal=0.429 | lr=9.3e-06 | 3.0s
  Fold 1 | Ep  12/50 | t_loss=0.0971 t_acc=0.857 | v_win_bal=0.413 v_rec_bal=0.429 | lr=9.1e-06 | 3.0s
  Fold 1 | Ep  13/50 | t_loss=0.0883 t_acc=0.863 | v_win_bal=0.445 v_rec_bal=0.429 | lr=8.9e-06 | 3.0s
  Fold 1 | Ep  14/50 | t_loss=0.0817 t_acc=0.872 | v_win_bal=0.436 v_rec_bal=0.429 | lr=8.7e-06 | 3.0s
  Fold 1 | Ep  15/50 | t_loss=0.0763 t_acc=0.883 | v_win_bal=0.426 v_rec_bal=0.429 | lr=8.5e-06 | 3.2s
  Fold 1 | Ep  16/50 | t_loss=0.0680 t_acc=0.900 | v_win_bal=0.404 v_rec_bal=0.357 | lr=8.2e-06 | 3.0s
  Early stop at epoch 16
  -> Test (best @ epoch 1): acc=0.5625, bal_acc=0.5000

============================================================
Fold 2/5
============================================================
  Train:  44 samples, 22 subjects [2, 5, 6, 7, 8, 9, 11, 12, 13, 14, 15, 17, 19, 20, 21, 22, 24, 26, 27, 28, 30, 35], label_0=22, label_1=22
    Val:  14 samples,  7 subjects [0, 1, 3, 23, 25, 29, 33], label_0=6, label_1=8
   Test:  14 samples,  7 subjects [4, 10, 16, 18, 31, 32, 34], label_0=8, label_1=6
  Building window datasets...
    WindowDataset: 2718 windows (class_0=480, class_1=2238)
    WindowDataset: 336 windows (class_0=120, class_1=216)
    WindowDataset: 315 windows (class_0=195, class_1=120)
[LaBraM] Loaded 219/221 params from weights/labram-base/model.safetensors
[LaBraM] Missing: ['fc_norm.weight', 'fc_norm.bias']
  Fold 2 | Ep   1/50 | t_loss=0.1765 t_acc=0.821 | v_win_bal=0.487 v_rec_bal=0.500 | lr=3.3e-06 | 3.3s
  Fold 2 | Ep   2/50 | t_loss=0.1716 t_acc=0.680 | v_win_bal=0.488 v_rec_bal=0.542 | lr=6.7e-06 | 3.3s
  Fold 2 | Ep   3/50 | t_loss=0.1691 t_acc=0.684 | v_win_bal=0.473 v_rec_bal=0.458 | lr=1.0e-05 | 3.2s
  Fold 2 | Ep   4/50 | t_loss=0.1656 t_acc=0.658 | v_win_bal=0.499 v_rec_bal=0.458 | lr=1.0e-05 | 3.3s
  Fold 2 | Ep   5/50 | t_loss=0.1614 t_acc=0.646 | v_win_bal=0.492 v_rec_bal=0.458 | lr=1.0e-05 | 3.3s
  Fold 2 | Ep   6/50 | t_loss=0.1552 t_acc=0.686 | v_win_bal=0.453 v_rec_bal=0.562 | lr=9.9e-06 | 3.2s
  Fold 2 | Ep   7/50 | t_loss=0.1478 t_acc=0.707 | v_win_bal=0.453 v_rec_bal=0.604 | lr=9.8e-06 | 3.2s
  Fold 2 | Ep   8/50 | t_loss=0.1380 t_acc=0.745 | v_win_bal=0.432 v_rec_bal=0.500 | lr=9.7e-06 | 3.2s
  Fold 2 | Ep   9/50 | t_loss=0.1270 t_acc=0.778 | v_win_bal=0.433 v_rec_bal=0.500 | lr=9.6e-06 | 3.2s
  Fold 2 | Ep  10/50 | t_loss=0.1148 t_acc=0.811 | v_win_bal=0.454 v_rec_bal=0.604 | lr=9.5e-06 | 3.2s
  Fold 2 | Ep  11/50 | t_loss=0.1040 t_acc=0.834 | v_win_bal=0.464 v_rec_bal=0.604 | lr=9.3e-06 | 3.3s
  Fold 2 | Ep  12/50 | t_loss=0.0911 t_acc=0.862 | v_win_bal=0.460 v_rec_bal=0.604 | lr=9.1e-06 | 3.3s
  Fold 2 | Ep  13/50 | t_loss=0.0799 t_acc=0.888 | v_win_bal=0.500 v_rec_bal=0.542 | lr=8.9e-06 | 3.3s
  Fold 2 | Ep  14/50 | t_loss=0.0691 t_acc=0.898 | v_win_bal=0.518 v_rec_bal=0.604 | lr=8.7e-06 | 3.3s
  Fold 2 | Ep  15/50 | t_loss=0.0595 t_acc=0.916 | v_win_bal=0.481 v_rec_bal=0.604 | lr=8.5e-06 | 3.3s
  Fold 2 | Ep  16/50 | t_loss=0.0500 t_acc=0.930 | v_win_bal=0.513 v_rec_bal=0.604 | lr=8.2e-06 | 3.2s
  Fold 2 | Ep  17/50 | t_loss=0.0450 t_acc=0.943 | v_win_bal=0.491 v_rec_bal=0.521 | lr=8.0e-06 | 3.3s
  Fold 2 | Ep  18/50 | t_loss=0.0352 t_acc=0.953 | v_win_bal=0.474 v_rec_bal=0.604 | lr=7.7e-06 | 3.3s
  Fold 2 | Ep  19/50 | t_loss=0.0306 t_acc=0.960 | v_win_bal=0.491 v_rec_bal=0.604 | lr=7.4e-06 | 3.2s
  Fold 2 | Ep  20/50 | t_loss=0.0254 t_acc=0.972 | v_win_bal=0.490 v_rec_bal=0.521 | lr=7.1e-06 | 3.3s
  Fold 2 | Ep  21/50 | t_loss=0.0201 t_acc=0.978 | v_win_bal=0.489 v_rec_bal=0.542 | lr=6.8e-06 | 3.2s
  Fold 2 | Ep  22/50 | t_loss=0.0166 t_acc=0.984 | v_win_bal=0.472 v_rec_bal=0.438 | lr=6.5e-06 | 3.2s
  Fold 2 | Ep  23/50 | t_loss=0.0147 t_acc=0.985 | v_win_bal=0.485 v_rec_bal=0.521 | lr=6.2e-06 | 3.3s
  Fold 2 | Ep  24/50 | t_loss=0.0103 t_acc=0.988 | v_win_bal=0.494 v_rec_bal=0.438 | lr=5.8e-06 | 3.2s
  Fold 2 | Ep  25/50 | t_loss=0.0120 t_acc=0.992 | v_win_bal=0.488 v_rec_bal=0.438 | lr=5.5e-06 | 3.3s
  Fold 2 | Ep  26/50 | t_loss=0.0071 t_acc=0.994 | v_win_bal=0.490 v_rec_bal=0.604 | lr=5.2e-06 | 3.2s
  Fold 2 | Ep  27/50 | t_loss=0.0061 t_acc=0.996 | v_win_bal=0.498 v_rec_bal=0.604 | lr=4.8e-06 | 3.2s
  Early stop at epoch 27
  -> Test (best @ epoch 7): acc=0.5000, bal_acc=0.5208

============================================================
Fold 3/5
============================================================
  Train:  42 samples, 21 subjects [0, 1, 2, 4, 5, 6, 8, 9, 10, 11, 12, 16, 17, 19, 20, 22, 23, 26, 27, 28, 32], label_0=20, label_1=22
    Val:  16 samples,  8 subjects [7, 13, 18, 30, 31, 33, 34, 35], label_0=9, label_1=7
   Test:  14 samples,  7 subjects [3, 14, 15, 21, 24, 25, 29], label_0=7, label_1=7
  Building window datasets...
    WindowDataset: 2525 windows (class_0=479, class_1=2046)
    WindowDataset: 364 windows (class_0=184, class_1=180)
    WindowDataset: 336 windows (class_0=132, class_1=204)
[LaBraM] Loaded 219/221 params from weights/labram-base/model.safetensors
[LaBraM] Missing: ['fc_norm.weight', 'fc_norm.bias']
  Fold 3 | Ep   1/50 | t_loss=0.1754 t_acc=0.211 | v_win_bal=0.466 v_rec_bal=0.500 | lr=3.3e-06 | 3.1s
  Fold 3 | Ep   2/50 | t_loss=0.1697 t_acc=0.608 | v_win_bal=0.483 v_rec_bal=0.484 | lr=6.7e-06 | 3.1s
  Fold 3 | Ep   3/50 | t_loss=0.1643 t_acc=0.750 | v_win_bal=0.439 v_rec_bal=0.524 | lr=1.0e-05 | 3.1s
  Fold 3 | Ep   4/50 | t_loss=0.1552 t_acc=0.754 | v_win_bal=0.448 v_rec_bal=0.484 | lr=1.0e-05 | 3.1s
  Fold 3 | Ep   5/50 | t_loss=0.1496 t_acc=0.749 | v_win_bal=0.435 v_rec_bal=0.508 | lr=1.0e-05 | 3.1s
  Fold 3 | Ep   6/50 | t_loss=0.1445 t_acc=0.747 | v_win_bal=0.445 v_rec_bal=0.540 | lr=9.9e-06 | 3.1s
  Fold 3 | Ep   7/50 | t_loss=0.1382 t_acc=0.759 | v_win_bal=0.450 v_rec_bal=0.595 | lr=9.8e-06 | 3.1s
  Fold 3 | Ep   8/50 | t_loss=0.1333 t_acc=0.777 | v_win_bal=0.453 v_rec_bal=0.595 | lr=9.7e-06 | 3.1s
  Fold 3 | Ep   9/50 | t_loss=0.1249 t_acc=0.789 | v_win_bal=0.442 v_rec_bal=0.484 | lr=9.6e-06 | 3.1s
  Fold 3 | Ep  10/50 | t_loss=0.1187 t_acc=0.797 | v_win_bal=0.401 v_rec_bal=0.508 | lr=9.5e-06 | 3.1s
  Fold 3 | Ep  11/50 | t_loss=0.1113 t_acc=0.809 | v_win_bal=0.421 v_rec_bal=0.651 | lr=9.3e-06 | 3.1s
  Fold 3 | Ep  12/50 | t_loss=0.1036 t_acc=0.845 | v_win_bal=0.396 v_rec_bal=0.579 | lr=9.1e-06 | 3.1s
  Fold 3 | Ep  13/50 | t_loss=0.0940 t_acc=0.862 | v_win_bal=0.407 v_rec_bal=0.579 | lr=8.9e-06 | 3.1s
  Fold 3 | Ep  14/50 | t_loss=0.0851 t_acc=0.882 | v_win_bal=0.363 v_rec_bal=0.492 | lr=8.7e-06 | 3.1s
  Fold 3 | Ep  15/50 | t_loss=0.0758 t_acc=0.897 | v_win_bal=0.383 v_rec_bal=0.524 | lr=8.5e-06 | 3.1s
  Fold 3 | Ep  16/50 | t_loss=0.0682 t_acc=0.912 | v_win_bal=0.363 v_rec_bal=0.381 | lr=8.2e-06 | 3.1s
  Fold 3 | Ep  17/50 | t_loss=0.0607 t_acc=0.919 | v_win_bal=0.386 v_rec_bal=0.524 | lr=8.0e-06 | 3.1s
  Fold 3 | Ep  18/50 | t_loss=0.0574 t_acc=0.927 | v_win_bal=0.329 v_rec_bal=0.492 | lr=7.7e-06 | 3.1s
  Fold 3 | Ep  19/50 | t_loss=0.0487 t_acc=0.935 | v_win_bal=0.364 v_rec_bal=0.452 | lr=7.4e-06 | 3.1s
  Fold 3 | Ep  20/50 | t_loss=0.0441 t_acc=0.945 | v_win_bal=0.366 v_rec_bal=0.452 | lr=7.1e-06 | 3.1s
  Fold 3 | Ep  21/50 | t_loss=0.0401 t_acc=0.951 | v_win_bal=0.333 v_rec_bal=0.381 | lr=6.8e-06 | 3.0s
  Fold 3 | Ep  22/50 | t_loss=0.0344 t_acc=0.954 | v_win_bal=0.338 v_rec_bal=0.381 | lr=6.5e-06 | 3.1s
  Fold 3 | Ep  23/50 | t_loss=0.0320 t_acc=0.962 | v_win_bal=0.347 v_rec_bal=0.452 | lr=6.2e-06 | 3.1s
  Fold 3 | Ep  24/50 | t_loss=0.0278 t_acc=0.969 | v_win_bal=0.358 v_rec_bal=0.452 | lr=5.8e-06 | 3.1s
  Fold 3 | Ep  25/50 | t_loss=0.0233 t_acc=0.974 | v_win_bal=0.350 v_rec_bal=0.381 | lr=5.5e-06 | 3.1s
  Fold 3 | Ep  26/50 | t_loss=0.0218 t_acc=0.977 | v_win_bal=0.325 v_rec_bal=0.381 | lr=5.2e-06 | 3.1s
  Fold 3 | Ep  27/50 | t_loss=0.0186 t_acc=0.980 | v_win_bal=0.333 v_rec_bal=0.381 | lr=4.8e-06 | 3.1s
  Fold 3 | Ep  28/50 | t_loss=0.0163 t_acc=0.983 | v_win_bal=0.322 v_rec_bal=0.381 | lr=4.5e-06 | 3.1s
  Early stop at epoch 28
  -> Test (best @ epoch 11): acc=0.5000, bal_acc=0.5000

============================================================
Fold 4/5
============================================================
  Train:  42 samples, 21 subjects [2, 3, 4, 6, 7, 9, 14, 15, 17, 18, 19, 21, 23, 24, 25, 28, 29, 30, 31, 32, 35], label_0=23, label_1=19
    Val:  16 samples,  8 subjects [8, 10, 11, 16, 22, 26, 33, 34], label_0=7, label_1=9
   Test:  14 samples,  7 subjects [0, 1, 5, 12, 13, 20, 27], label_0=6, label_1=8
  Building window datasets...
    WindowDataset: 2405 windows (class_0=494, class_1=1911)
    WindowDataset: 385 windows (class_0=157, class_1=228)
    WindowDataset: 336 windows (class_0=144, class_1=192)
[LaBraM] Loaded 219/221 params from weights/labram-base/model.safetensors
[LaBraM] Missing: ['fc_norm.weight', 'fc_norm.bias']
  Fold 4 | Ep   1/50 | t_loss=0.1754 t_acc=0.471 | v_win_bal=0.519 v_rec_bal=0.603 | lr=3.3e-06 | 3.0s
  Fold 4 | Ep   2/50 | t_loss=0.1740 t_acc=0.601 | v_win_bal=0.506 v_rec_bal=0.508 | lr=6.7e-06 | 3.0s
  Fold 4 | Ep   3/50 | t_loss=0.1711 t_acc=0.642 | v_win_bal=0.556 v_rec_bal=0.579 | lr=1.0e-05 | 3.0s
  Fold 4 | Ep   4/50 | t_loss=0.1654 t_acc=0.710 | v_win_bal=0.514 v_rec_bal=0.492 | lr=1.0e-05 | 3.0s
  Fold 4 | Ep   5/50 | t_loss=0.1569 t_acc=0.711 | v_win_bal=0.511 v_rec_bal=0.548 | lr=1.0e-05 | 3.0s
  Fold 4 | Ep   6/50 | t_loss=0.1484 t_acc=0.742 | v_win_bal=0.528 v_rec_bal=0.579 | lr=9.9e-06 | 3.0s
  Fold 4 | Ep   7/50 | t_loss=0.1400 t_acc=0.735 | v_win_bal=0.525 v_rec_bal=0.563 | lr=9.8e-06 | 3.0s
  Fold 4 | Ep   8/50 | t_loss=0.1292 t_acc=0.772 | v_win_bal=0.503 v_rec_bal=0.548 | lr=9.7e-06 | 3.1s
  Fold 4 | Ep   9/50 | t_loss=0.1178 t_acc=0.795 | v_win_bal=0.490 v_rec_bal=0.563 | lr=9.6e-06 | 3.1s
  Fold 4 | Ep  10/50 | t_loss=0.1065 t_acc=0.831 | v_win_bal=0.483 v_rec_bal=0.508 | lr=9.5e-06 | 3.2s
  Fold 4 | Ep  11/50 | t_loss=0.0968 t_acc=0.854 | v_win_bal=0.496 v_rec_bal=0.563 | lr=9.3e-06 | 3.0s
  Fold 4 | Ep  12/50 | t_loss=0.0879 t_acc=0.873 | v_win_bal=0.513 v_rec_bal=0.563 | lr=9.1e-06 | 3.0s
  Fold 4 | Ep  13/50 | t_loss=0.0797 t_acc=0.891 | v_win_bal=0.476 v_rec_bal=0.508 | lr=8.9e-06 | 3.0s
  Fold 4 | Ep  14/50 | t_loss=0.0696 t_acc=0.904 | v_win_bal=0.463 v_rec_bal=0.508 | lr=8.7e-06 | 3.0s
  Fold 4 | Ep  15/50 | t_loss=0.0642 t_acc=0.921 | v_win_bal=0.472 v_rec_bal=0.508 | lr=8.5e-06 | 3.0s
  Fold 4 | Ep  16/50 | t_loss=0.0564 t_acc=0.929 | v_win_bal=0.477 v_rec_bal=0.508 | lr=8.2e-06 | 3.0s
  Early stop at epoch 16
  -> Test (best @ epoch 1): acc=0.5714, bal_acc=0.5208

============================================================
Fold 5/5
============================================================
  Train:  44 samples, 22 subjects [0, 1, 3, 8, 10, 12, 13, 14, 15, 16, 20, 22, 23, 24, 25, 26, 27, 28, 29, 30, 31, 32], label_0=23, label_1=21
    Val:  14 samples,  7 subjects [4, 5, 9, 18, 21, 33, 34], label_0=7, label_1=7
   Test:  14 samples,  7 subjects [2, 6, 7, 11, 17, 19, 35], label_0=6, label_1=8
  Building window datasets...
    WindowDataset: 2666 windows (class_0=473, class_1=2193)
    WindowDataset: 334 windows (class_0=178, class_1=156)
    WindowDataset: 336 windows (class_0=144, class_1=192)
[LaBraM] Loaded 219/221 params from weights/labram-base/model.safetensors
[LaBraM] Missing: ['fc_norm.weight', 'fc_norm.bias']
  Fold 5 | Ep   1/50 | t_loss=0.1773 t_acc=0.803 | v_win_bal=0.488 v_rec_bal=0.500 | lr=3.3e-06 | 3.2s
  Fold 5 | Ep   2/50 | t_loss=0.1699 t_acc=0.695 | v_win_bal=0.464 v_rec_bal=0.429 | lr=6.7e-06 | 3.2s
  Fold 5 | Ep   3/50 | t_loss=0.1645 t_acc=0.651 | v_win_bal=0.531 v_rec_bal=0.571 | lr=1.0e-05 | 3.2s
  Fold 5 | Ep   4/50 | t_loss=0.1581 t_acc=0.669 | v_win_bal=0.580 v_rec_bal=0.643 | lr=1.0e-05 | 3.2s
  Fold 5 | Ep   5/50 | t_loss=0.1532 t_acc=0.706 | v_win_bal=0.565 v_rec_bal=0.571 | lr=1.0e-05 | 3.2s
  Fold 5 | Ep   6/50 | t_loss=0.1465 t_acc=0.709 | v_win_bal=0.586 v_rec_bal=0.643 | lr=9.9e-06 | 3.2s
  Fold 5 | Ep   7/50 | t_loss=0.1410 t_acc=0.734 | v_win_bal=0.559 v_rec_bal=0.643 | lr=9.8e-06 | 3.2s
  Fold 5 | Ep   8/50 | t_loss=0.1337 t_acc=0.733 | v_win_bal=0.553 v_rec_bal=0.643 | lr=9.7e-06 | 3.2s
  Fold 5 | Ep   9/50 | t_loss=0.1273 t_acc=0.756 | v_win_bal=0.516 v_rec_bal=0.571 | lr=9.6e-06 | 3.2s
  Fold 5 | Ep  10/50 | t_loss=0.1182 t_acc=0.781 | v_win_bal=0.525 v_rec_bal=0.500 | lr=9.5e-06 | 3.2s
  Fold 5 | Ep  11/50 | t_loss=0.1086 t_acc=0.808 | v_win_bal=0.496 v_rec_bal=0.571 | lr=9.3e-06 | 3.2s
  Fold 5 | Ep  12/50 | t_loss=0.0997 t_acc=0.846 | v_win_bal=0.502 v_rec_bal=0.571 | lr=9.1e-06 | 3.2s
  Fold 5 | Ep  13/50 | t_loss=0.0917 t_acc=0.860 | v_win_bal=0.479 v_rec_bal=0.429 | lr=8.9e-06 | 3.2s
  Fold 5 | Ep  14/50 | t_loss=0.0832 t_acc=0.872 | v_win_bal=0.481 v_rec_bal=0.500 | lr=8.7e-06 | 3.2s
  Fold 5 | Ep  15/50 | t_loss=0.0744 t_acc=0.897 | v_win_bal=0.490 v_rec_bal=0.429 | lr=8.5e-06 | 3.2s
  Fold 5 | Ep  16/50 | t_loss=0.0661 t_acc=0.909 | v_win_bal=0.492 v_rec_bal=0.357 | lr=8.2e-06 | 3.2s
  Fold 5 | Ep  17/50 | t_loss=0.0608 t_acc=0.918 | v_win_bal=0.508 v_rec_bal=0.500 | lr=8.0e-06 | 3.2s
  Fold 5 | Ep  18/50 | t_loss=0.0522 t_acc=0.933 | v_win_bal=0.506 v_rec_bal=0.643 | lr=7.7e-06 | 3.2s
  Fold 5 | Ep  19/50 | t_loss=0.0459 t_acc=0.946 | v_win_bal=0.522 v_rec_bal=0.500 | lr=7.4e-06 | 3.2s
  Fold 5 | Ep  20/50 | t_loss=0.0398 t_acc=0.950 | v_win_bal=0.511 v_rec_bal=0.643 | lr=7.1e-06 | 3.2s
  Fold 5 | Ep  21/50 | t_loss=0.0346 t_acc=0.962 | v_win_bal=0.512 v_rec_bal=0.500 | lr=6.8e-06 | 3.2s
  Fold 5 | Ep  22/50 | t_loss=0.0299 t_acc=0.965 | v_win_bal=0.481 v_rec_bal=0.429 | lr=6.5e-06 | 3.2s
  Fold 5 | Ep  23/50 | t_loss=0.0256 t_acc=0.980 | v_win_bal=0.518 v_rec_bal=0.571 | lr=6.2e-06 | 3.2s
  Early stop at epoch 23
  -> Test (best @ epoch 4): acc=0.5714, bal_acc=0.5625

============================================================
Global Results (5-Fold, subject-level CV)
Mode: FT | Extractor: labram | Loss: focal
============================================================
              acc: 0.5417
          bal_acc: 0.5417
               f1: 0.5416
            kappa: 0.0833
  Total predictions: 72 (should equal dataset size: 72)

Results saved to results/studies/exp27_paired_null/eegmat/perm_s29/
