/raid/jupyter-linjimmy1003.md10/.conda/envs/stress/lib/python3.11/site-packages/timm/models/layers/__init__.py:49: FutureWarning: Importing from timm.models.layers is deprecated, please import via timm.layers
  warnings.warn(f"Importing from {__name__} is deprecated, please import via timm.layers", FutureWarning)
Mode: FT | Extractor: labram | Folds: 5
LR: 1e-05 | WD: 0.05 | Beta2: 0.999 | Grad clip: 2.0
Head: hidden=128, dropout=0.0 | Norm: zscore | Loss: focal
Full FT: encoder_lr_scale=0.1
Augmentation: 75% overlap for increase class

Results → results/studies/exp27_paired_null/eegmat/perm_s5/
EEGMAT: 72 recordings from 36 subjects (rest=36, task=36)
EEGMAT: 72 recordings, 36 subjects (task=36, rest=36)
[permute-labels] Shuffled labels with rng seed 5. Class balance preserved: 36 pos / 36 neg

============================================================
Fold 1/5
============================================================
  Train:  44 samples, 22 subjects [0, 3, 4, 6, 7, 8, 9, 10, 12, 14, 17, 18, 20, 22, 23, 25, 26, 27, 29, 33, 34, 35], label_0=22, label_1=22
    Val:  14 samples,  7 subjects [1, 11, 16, 19, 24, 30, 31], label_0=7, label_1=7
   Test:  14 samples,  7 subjects [2, 5, 13, 15, 21, 28, 32], label_0=7, label_1=7
  Building window datasets...
    WindowDataset: 2648 windows (class_0=502, class_1=2146)
    WindowDataset: 316 windows (class_0=132, class_1=184)
    WindowDataset: 336 windows (class_0=180, class_1=156)
[LaBraM] Loaded 219/221 params from weights/labram-base/model.safetensors
[LaBraM] Missing: ['fc_norm.weight', 'fc_norm.bias']
  Trainable parameters: 5,871,779
  Class weights: [2.6374502182006836, 0.6169617772102356]
  Fold 1 | Ep   1/50 | t_loss=0.1877 t_acc=0.194 | v_win_bal=0.527 v_rec_bal=0.500 | lr=3.3e-06 | 5.5s
  Fold 1 | Ep   2/50 | t_loss=0.1740 t_acc=0.494 | v_win_bal=0.574 v_rec_bal=0.643 | lr=6.7e-06 | 3.3s
  Fold 1 | Ep   3/50 | t_loss=0.1704 t_acc=0.637 | v_win_bal=0.638 v_rec_bal=0.786 | lr=1.0e-05 | 3.2s
  Fold 1 | Ep   4/50 | t_loss=0.1651 t_acc=0.636 | v_win_bal=0.596 v_rec_bal=0.571 | lr=1.0e-05 | 3.2s
  Fold 1 | Ep   5/50 | t_loss=0.1589 t_acc=0.667 | v_win_bal=0.622 v_rec_bal=0.643 | lr=1.0e-05 | 3.3s
  Fold 1 | Ep   6/50 | t_loss=0.1516 t_acc=0.658 | v_win_bal=0.602 v_rec_bal=0.500 | lr=9.9e-06 | 3.2s
  Fold 1 | Ep   7/50 | t_loss=0.1436 t_acc=0.716 | v_win_bal=0.633 v_rec_bal=0.643 | lr=9.8e-06 | 3.2s
  Fold 1 | Ep   8/50 | t_loss=0.1348 t_acc=0.751 | v_win_bal=0.616 v_rec_bal=0.571 | lr=9.7e-06 | 3.2s
  Fold 1 | Ep   9/50 | t_loss=0.1253 t_acc=0.776 | v_win_bal=0.648 v_rec_bal=0.571 | lr=9.6e-06 | 3.2s
  Fold 1 | Ep  10/50 | t_loss=0.1129 t_acc=0.802 | v_win_bal=0.677 v_rec_bal=0.714 | lr=9.5e-06 | 3.2s
  Fold 1 | Ep  11/50 | t_loss=0.1037 t_acc=0.843 | v_win_bal=0.648 v_rec_bal=0.643 | lr=9.3e-06 | 3.2s
  Fold 1 | Ep  12/50 | t_loss=0.0944 t_acc=0.859 | v_win_bal=0.629 v_rec_bal=0.571 | lr=9.1e-06 | 3.2s
  Fold 1 | Ep  13/50 | t_loss=0.0837 t_acc=0.885 | v_win_bal=0.652 v_rec_bal=0.643 | lr=8.9e-06 | 3.2s
  Fold 1 | Ep  14/50 | t_loss=0.0761 t_acc=0.896 | v_win_bal=0.627 v_rec_bal=0.571 | lr=8.7e-06 | 3.2s
  Fold 1 | Ep  15/50 | t_loss=0.0698 t_acc=0.906 | v_win_bal=0.631 v_rec_bal=0.643 | lr=8.5e-06 | 3.2s
  Fold 1 | Ep  16/50 | t_loss=0.0613 t_acc=0.923 | v_win_bal=0.652 v_rec_bal=0.643 | lr=8.2e-06 | 3.2s
  Fold 1 | Ep  17/50 | t_loss=0.0547 t_acc=0.934 | v_win_bal=0.623 v_rec_bal=0.571 | lr=8.0e-06 | 3.2s
  Fold 1 | Ep  18/50 | t_loss=0.0501 t_acc=0.936 | v_win_bal=0.633 v_rec_bal=0.643 | lr=7.7e-06 | 3.2s
  Fold 1 | Ep  19/50 | t_loss=0.0427 t_acc=0.947 | v_win_bal=0.633 v_rec_bal=0.643 | lr=7.4e-06 | 3.2s
  Early stop at epoch 19
  -> Test (best @ epoch 3): acc=0.6429, bal_acc=0.6429

============================================================
Fold 2/5
============================================================
  Train:  42 samples, 21 subjects [0, 1, 2, 5, 8, 10, 12, 13, 14, 15, 17, 18, 19, 21, 22, 25, 26, 28, 32, 33, 34], label_0=20, label_1=22
    Val:  14 samples,  7 subjects [4, 6, 7, 9, 11, 16, 23], label_0=7, label_1=7
   Test:  16 samples,  8 subjects [3, 20, 24, 27, 29, 30, 31, 35], label_0=9, label_1=7
  Building window datasets...
    WindowDataset: 2674 windows (class_0=432, class_1=2242)
    WindowDataset: 334 windows (class_0=178, class_1=156)
    WindowDataset: 364 windows (class_0=204, class_1=160)
[LaBraM] Loaded 219/221 params from weights/labram-base/model.safetensors
[LaBraM] Missing: ['fc_norm.weight', 'fc_norm.bias']
  Fold 2 | Ep   1/50 | t_loss=0.1721 t_acc=0.773 | v_win_bal=0.422 v_rec_bal=0.429 | lr=3.3e-06 | 3.3s
  Fold 2 | Ep   2/50 | t_loss=0.1693 t_acc=0.703 | v_win_bal=0.396 v_rec_bal=0.571 | lr=6.7e-06 | 3.3s
  Fold 2 | Ep   3/50 | t_loss=0.1626 t_acc=0.691 | v_win_bal=0.347 v_rec_bal=0.429 | lr=1.0e-05 | 3.3s
  Fold 2 | Ep   4/50 | t_loss=0.1562 t_acc=0.677 | v_win_bal=0.367 v_rec_bal=0.357 | lr=1.0e-05 | 3.3s
  Fold 2 | Ep   5/50 | t_loss=0.1511 t_acc=0.713 | v_win_bal=0.347 v_rec_bal=0.357 | lr=1.0e-05 | 3.3s
  Fold 2 | Ep   6/50 | t_loss=0.1460 t_acc=0.714 | v_win_bal=0.345 v_rec_bal=0.357 | lr=9.9e-06 | 3.3s
  Fold 2 | Ep   7/50 | t_loss=0.1397 t_acc=0.744 | v_win_bal=0.308 v_rec_bal=0.429 | lr=9.8e-06 | 3.3s
  Fold 2 | Ep   8/50 | t_loss=0.1316 t_acc=0.762 | v_win_bal=0.318 v_rec_bal=0.286 | lr=9.7e-06 | 3.2s
  Fold 2 | Ep   9/50 | t_loss=0.1238 t_acc=0.781 | v_win_bal=0.324 v_rec_bal=0.286 | lr=9.6e-06 | 3.2s
  Fold 2 | Ep  10/50 | t_loss=0.1139 t_acc=0.803 | v_win_bal=0.354 v_rec_bal=0.286 | lr=9.5e-06 | 3.2s
  Fold 2 | Ep  11/50 | t_loss=0.1052 t_acc=0.838 | v_win_bal=0.341 v_rec_bal=0.357 | lr=9.3e-06 | 3.2s
  Fold 2 | Ep  12/50 | t_loss=0.0952 t_acc=0.860 | v_win_bal=0.385 v_rec_bal=0.357 | lr=9.1e-06 | 3.2s
  Fold 2 | Ep  13/50 | t_loss=0.0870 t_acc=0.877 | v_win_bal=0.381 v_rec_bal=0.429 | lr=8.9e-06 | 3.2s
  Fold 2 | Ep  14/50 | t_loss=0.0768 t_acc=0.893 | v_win_bal=0.397 v_rec_bal=0.357 | lr=8.7e-06 | 3.2s
  Fold 2 | Ep  15/50 | t_loss=0.0685 t_acc=0.910 | v_win_bal=0.420 v_rec_bal=0.429 | lr=8.5e-06 | 3.2s
  Fold 2 | Ep  16/50 | t_loss=0.0617 t_acc=0.922 | v_win_bal=0.379 v_rec_bal=0.357 | lr=8.2e-06 | 3.2s
  Fold 2 | Ep  17/50 | t_loss=0.0523 t_acc=0.937 | v_win_bal=0.405 v_rec_bal=0.357 | lr=8.0e-06 | 3.2s
  Early stop at epoch 17
  -> Test (best @ epoch 2): acc=0.3750, bal_acc=0.3651

============================================================
Fold 3/5
============================================================
  Train:  44 samples, 22 subjects [1, 3, 5, 6, 8, 9, 10, 11, 14, 15, 18, 20, 21, 24, 26, 27, 28, 29, 30, 31, 32, 33], label_0=22, label_1=22
    Val:  14 samples,  7 subjects [0, 2, 4, 12, 13, 25, 35], label_0=7, label_1=7
   Test:  14 samples,  7 subjects [7, 16, 17, 19, 22, 23, 34], label_0=7, label_1=7
  Building window datasets...
    WindowDataset: 2570 windows (class_0=504, class_1=2066)
    WindowDataset: 334 windows (class_0=154, class_1=180)
    WindowDataset: 336 windows (class_0=156, class_1=180)
[LaBraM] Loaded 219/221 params from weights/labram-base/model.safetensors
[LaBraM] Missing: ['fc_norm.weight', 'fc_norm.bias']
  Fold 3 | Ep   1/50 | t_loss=0.1766 t_acc=0.305 | v_win_bal=0.552 v_rec_bal=0.571 | lr=3.3e-06 | 3.1s
  Fold 3 | Ep   2/50 | t_loss=0.1734 t_acc=0.505 | v_win_bal=0.495 v_rec_bal=0.429 | lr=6.7e-06 | 3.1s
  Fold 3 | Ep   3/50 | t_loss=0.1702 t_acc=0.614 | v_win_bal=0.434 v_rec_bal=0.357 | lr=1.0e-05 | 3.1s
  Fold 3 | Ep   4/50 | t_loss=0.1663 t_acc=0.639 | v_win_bal=0.405 v_rec_bal=0.357 | lr=1.0e-05 | 3.1s
  Fold 3 | Ep   5/50 | t_loss=0.1614 t_acc=0.696 | v_win_bal=0.405 v_rec_bal=0.429 | lr=1.0e-05 | 3.1s
  Fold 3 | Ep   6/50 | t_loss=0.1550 t_acc=0.693 | v_win_bal=0.416 v_rec_bal=0.286 | lr=9.9e-06 | 3.1s
  Fold 3 | Ep   7/50 | t_loss=0.1475 t_acc=0.728 | v_win_bal=0.434 v_rec_bal=0.429 | lr=9.8e-06 | 3.1s
  Fold 3 | Ep   8/50 | t_loss=0.1401 t_acc=0.757 | v_win_bal=0.455 v_rec_bal=0.429 | lr=9.7e-06 | 3.1s
  Fold 3 | Ep   9/50 | t_loss=0.1328 t_acc=0.779 | v_win_bal=0.487 v_rec_bal=0.429 | lr=9.6e-06 | 3.1s
  Fold 3 | Ep  10/50 | t_loss=0.1229 t_acc=0.809 | v_win_bal=0.515 v_rec_bal=0.500 | lr=9.5e-06 | 3.1s
  Fold 3 | Ep  11/50 | t_loss=0.1152 t_acc=0.823 | v_win_bal=0.504 v_rec_bal=0.429 | lr=9.3e-06 | 3.1s
  Fold 3 | Ep  12/50 | t_loss=0.1072 t_acc=0.846 | v_win_bal=0.526 v_rec_bal=0.500 | lr=9.1e-06 | 3.1s
  Fold 3 | Ep  13/50 | t_loss=0.0993 t_acc=0.859 | v_win_bal=0.529 v_rec_bal=0.500 | lr=8.9e-06 | 3.1s
  Fold 3 | Ep  14/50 | t_loss=0.0914 t_acc=0.864 | v_win_bal=0.513 v_rec_bal=0.571 | lr=8.7e-06 | 3.1s
  Fold 3 | Ep  15/50 | t_loss=0.0845 t_acc=0.879 | v_win_bal=0.496 v_rec_bal=0.500 | lr=8.5e-06 | 3.1s
  Fold 3 | Ep  16/50 | t_loss=0.0782 t_acc=0.895 | v_win_bal=0.449 v_rec_bal=0.500 | lr=8.2e-06 | 3.1s
  Early stop at epoch 16
  -> Test (best @ epoch 1): acc=0.5714, bal_acc=0.5714

============================================================
Fold 4/5
============================================================
  Train:  44 samples, 22 subjects [1, 2, 3, 4, 5, 6, 7, 8, 13, 18, 19, 20, 21, 24, 26, 27, 28, 29, 31, 33, 34, 35], label_0=22, label_1=22
    Val:  14 samples,  7 subjects [15, 16, 17, 22, 23, 30, 32], label_0=7, label_1=7
   Test:  14 samples,  7 subjects [0, 9, 10, 11, 12, 14, 25], label_0=7, label_1=7
  Building window datasets...
    WindowDataset: 2636 windows (class_0=478, class_1=2158)
    WindowDataset: 336 windows (class_0=204, class_1=132)
    WindowDataset: 337 windows (class_0=132, class_1=205)
[LaBraM] Loaded 219/221 params from weights/labram-base/model.safetensors
[LaBraM] Missing: ['fc_norm.weight', 'fc_norm.bias']
  Fold 4 | Ep   1/50 | t_loss=0.1715 t_acc=0.651 | v_win_bal=0.502 v_rec_bal=0.500 | lr=3.3e-06 | 3.2s
  Fold 4 | Ep   2/50 | t_loss=0.1692 t_acc=0.723 | v_win_bal=0.485 v_rec_bal=0.429 | lr=6.7e-06 | 3.2s
  Fold 4 | Ep   3/50 | t_loss=0.1642 t_acc=0.667 | v_win_bal=0.459 v_rec_bal=0.500 | lr=1.0e-05 | 3.2s
  Fold 4 | Ep   4/50 | t_loss=0.1579 t_acc=0.679 | v_win_bal=0.437 v_rec_bal=0.500 | lr=1.0e-05 | 3.2s
  Fold 4 | Ep   5/50 | t_loss=0.1494 t_acc=0.706 | v_win_bal=0.436 v_rec_bal=0.429 | lr=1.0e-05 | 3.2s
  Fold 4 | Ep   6/50 | t_loss=0.1402 t_acc=0.741 | v_win_bal=0.439 v_rec_bal=0.357 | lr=9.9e-06 | 3.6s
  Fold 4 | Ep   7/50 | t_loss=0.1321 t_acc=0.780 | v_win_bal=0.443 v_rec_bal=0.429 | lr=9.8e-06 | 3.7s
  Fold 4 | Ep   8/50 | t_loss=0.1236 t_acc=0.789 | v_win_bal=0.451 v_rec_bal=0.429 | lr=9.7e-06 | 3.5s
  Fold 4 | Ep   9/50 | t_loss=0.1143 t_acc=0.822 | v_win_bal=0.433 v_rec_bal=0.429 | lr=9.6e-06 | 3.4s
  Fold 4 | Ep  10/50 | t_loss=0.1073 t_acc=0.849 | v_win_bal=0.448 v_rec_bal=0.429 | lr=9.5e-06 | 3.4s
  Fold 4 | Ep  11/50 | t_loss=0.0984 t_acc=0.865 | v_win_bal=0.464 v_rec_bal=0.429 | lr=9.3e-06 | 3.4s
  Fold 4 | Ep  12/50 | t_loss=0.0900 t_acc=0.880 | v_win_bal=0.457 v_rec_bal=0.429 | lr=9.1e-06 | 3.9s
  Fold 4 | Ep  13/50 | t_loss=0.0777 t_acc=0.904 | v_win_bal=0.462 v_rec_bal=0.500 | lr=8.9e-06 | 3.8s
  Fold 4 | Ep  14/50 | t_loss=0.0737 t_acc=0.909 | v_win_bal=0.469 v_rec_bal=0.571 | lr=8.7e-06 | 3.8s
  Fold 4 | Ep  15/50 | t_loss=0.0640 t_acc=0.921 | v_win_bal=0.447 v_rec_bal=0.571 | lr=8.5e-06 | 3.8s
  Fold 4 | Ep  16/50 | t_loss=0.0603 t_acc=0.936 | v_win_bal=0.447 v_rec_bal=0.500 | lr=8.2e-06 | 3.8s
  Fold 4 | Ep  17/50 | t_loss=0.0532 t_acc=0.942 | v_win_bal=0.465 v_rec_bal=0.500 | lr=8.0e-06 | 4.1s
  Fold 4 | Ep  18/50 | t_loss=0.0466 t_acc=0.949 | v_win_bal=0.458 v_rec_bal=0.571 | lr=7.7e-06 | 3.5s
  Fold 4 | Ep  19/50 | t_loss=0.0437 t_acc=0.954 | v_win_bal=0.460 v_rec_bal=0.429 | lr=7.4e-06 | 3.5s
  Fold 4 | Ep  20/50 | t_loss=0.0383 t_acc=0.966 | v_win_bal=0.468 v_rec_bal=0.500 | lr=7.1e-06 | 3.5s
  Fold 4 | Ep  21/50 | t_loss=0.0355 t_acc=0.972 | v_win_bal=0.479 v_rec_bal=0.571 | lr=6.8e-06 | 3.8s
  Fold 4 | Ep  22/50 | t_loss=0.0307 t_acc=0.970 | v_win_bal=0.463 v_rec_bal=0.500 | lr=6.5e-06 | 3.5s
  Fold 4 | Ep  23/50 | t_loss=0.0279 t_acc=0.974 | v_win_bal=0.471 v_rec_bal=0.500 | lr=6.2e-06 | 3.5s
  Fold 4 | Ep  24/50 | t_loss=0.0259 t_acc=0.980 | v_win_bal=0.465 v_rec_bal=0.500 | lr=5.8e-06 | 3.5s
  Fold 4 | Ep  25/50 | t_loss=0.0241 t_acc=0.985 | v_win_bal=0.458 v_rec_bal=0.429 | lr=5.5e-06 | 3.4s
  Fold 4 | Ep  26/50 | t_loss=0.0223 t_acc=0.985 | v_win_bal=0.460 v_rec_bal=0.429 | lr=5.2e-06 | 3.9s
  Fold 4 | Ep  27/50 | t_loss=0.0207 t_acc=0.987 | v_win_bal=0.470 v_rec_bal=0.500 | lr=4.8e-06 | 3.5s
  Fold 4 | Ep  28/50 | t_loss=0.0205 t_acc=0.988 | v_win_bal=0.467 v_rec_bal=0.429 | lr=4.5e-06 | 3.5s
  Fold 4 | Ep  29/50 | t_loss=0.0187 t_acc=0.990 | v_win_bal=0.471 v_rec_bal=0.500 | lr=4.2e-06 | 3.4s
  Fold 4 | Ep  30/50 | t_loss=0.0174 t_acc=0.990 | v_win_bal=0.467 v_rec_bal=0.500 | lr=3.8e-06 | 3.5s
  Early stop at epoch 30
  -> Test (best @ epoch 14): acc=0.4286, bal_acc=0.4286

============================================================
Fold 5/5
============================================================
  Train:  44 samples, 22 subjects [2, 5, 7, 10, 11, 12, 13, 14, 15, 17, 19, 20, 21, 22, 23, 24, 28, 29, 30, 31, 32, 34], label_0=23, label_1=21
    Val:  14 samples,  7 subjects [0, 3, 9, 16, 25, 27, 35], label_0=7, label_1=7
   Test:  14 samples,  7 subjects [1, 4, 6, 8, 18, 26, 33], label_0=6, label_1=8
  Building window datasets...
    WindowDataset: 2537 windows (class_0=516, class_1=2021)
    WindowDataset: 336 windows (class_0=156, class_1=180)
    WindowDataset: 334 windows (class_0=142, class_1=192)
[LaBraM] Loaded 219/221 params from weights/labram-base/model.safetensors
[LaBraM] Missing: ['fc_norm.weight', 'fc_norm.bias']
  Fold 5 | Ep   1/50 | t_loss=0.2275 t_acc=0.796 | v_win_bal=0.500 v_rec_bal=0.500 | lr=3.3e-06 | 3.3s
  Fold 5 | Ep   2/50 | t_loss=0.1794 t_acc=0.671 | v_win_bal=0.545 v_rec_bal=0.643 | lr=6.7e-06 | 3.3s
  Fold 5 | Ep   3/50 | t_loss=0.1722 t_acc=0.645 | v_win_bal=0.529 v_rec_bal=0.571 | lr=1.0e-05 | 3.3s
  Fold 5 | Ep   4/50 | t_loss=0.1677 t_acc=0.625 | v_win_bal=0.547 v_rec_bal=0.643 | lr=1.0e-05 | 3.7s
  Fold 5 | Ep   5/50 | t_loss=0.1647 t_acc=0.674 | v_win_bal=0.523 v_rec_bal=0.571 | lr=1.0e-05 | 3.3s
  Fold 5 | Ep   6/50 | t_loss=0.1594 t_acc=0.673 | v_win_bal=0.512 v_rec_bal=0.571 | lr=9.9e-06 | 3.3s
  Fold 5 | Ep   7/50 | t_loss=0.1524 t_acc=0.678 | v_win_bal=0.512 v_rec_bal=0.500 | lr=9.8e-06 | 3.3s
  Fold 5 | Ep   8/50 | t_loss=0.1445 t_acc=0.754 | v_win_bal=0.507 v_rec_bal=0.429 | lr=9.7e-06 | 3.3s
  Fold 5 | Ep   9/50 | t_loss=0.1335 t_acc=0.757 | v_win_bal=0.463 v_rec_bal=0.500 | lr=9.6e-06 | 3.3s
  Fold 5 | Ep  10/50 | t_loss=0.1203 t_acc=0.809 | v_win_bal=0.491 v_rec_bal=0.429 | lr=9.5e-06 | 3.3s
  Fold 5 | Ep  11/50 | t_loss=0.1068 t_acc=0.835 | v_win_bal=0.472 v_rec_bal=0.357 | lr=9.3e-06 | 3.6s
  Fold 5 | Ep  12/50 | t_loss=0.0940 t_acc=0.865 | v_win_bal=0.465 v_rec_bal=0.500 | lr=9.1e-06 | 3.3s
  Fold 5 | Ep  13/50 | t_loss=0.0818 t_acc=0.881 | v_win_bal=0.466 v_rec_bal=0.500 | lr=8.9e-06 | 3.3s
  Fold 5 | Ep  14/50 | t_loss=0.0694 t_acc=0.902 | v_win_bal=0.461 v_rec_bal=0.571 | lr=8.7e-06 | 3.3s
  Fold 5 | Ep  15/50 | t_loss=0.0594 t_acc=0.925 | v_win_bal=0.424 v_rec_bal=0.357 | lr=8.5e-06 | 3.5s
  Fold 5 | Ep  16/50 | t_loss=0.0513 t_acc=0.932 | v_win_bal=0.465 v_rec_bal=0.643 | lr=8.2e-06 | 3.3s
  Fold 5 | Ep  17/50 | t_loss=0.0413 t_acc=0.955 | v_win_bal=0.481 v_rec_bal=0.571 | lr=8.0e-06 | 3.3s
  Fold 5 | Ep  18/50 | t_loss=0.0339 t_acc=0.960 | v_win_bal=0.459 v_rec_bal=0.500 | lr=7.7e-06 | 3.2s
  Fold 5 | Ep  19/50 | t_loss=0.0276 t_acc=0.975 | v_win_bal=0.487 v_rec_bal=0.500 | lr=7.4e-06 | 3.2s
  Early stop at epoch 19
  -> Test (best @ epoch 2): acc=0.5714, bal_acc=0.5000

============================================================
Global Results (5-Fold, subject-level CV)
Mode: FT | Extractor: labram | Loss: focal
============================================================
              acc: 0.5139
          bal_acc: 0.5139
               f1: 0.5138
            kappa: 0.0278
  Total predictions: 72 (should equal dataset size: 72)

Results saved to results/studies/exp27_paired_null/eegmat/perm_s5/
