/raid/jupyter-linjimmy1003.md10/.conda/envs/stress/lib/python3.11/site-packages/timm/models/layers/__init__.py:49: FutureWarning: Importing from timm.models.layers is deprecated, please import via timm.layers
  warnings.warn(f"Importing from {__name__} is deprecated, please import via timm.layers", FutureWarning)
Mode: FT | Extractor: labram | Folds: 5
LR: 1e-05 | WD: 0.05 | Beta2: 0.999 | Grad clip: 2.0
Head: hidden=128, dropout=0.0 | Norm: zscore | Loss: focal
Full FT: encoder_lr_scale=0.1
Augmentation: 75% overlap for increase class

Results → results/studies/exp27_paired_null/eegmat/perm_s12/
EEGMAT: 72 recordings from 36 subjects (rest=36, task=36)
EEGMAT: 72 recordings, 36 subjects (task=36, rest=36)
[permute-labels] Shuffled labels with rng seed 12. Class balance preserved: 36 pos / 36 neg

============================================================
Fold 1/5
============================================================
  Train:  42 samples, 21 subjects [4, 5, 6, 8, 10, 11, 12, 13, 14, 15, 16, 18, 20, 22, 23, 24, 26, 27, 30, 31, 34], label_0=22, label_1=20
    Val:  16 samples,  8 subjects [0, 1, 3, 7, 9, 21, 29, 32], label_0=7, label_1=9
   Test:  14 samples,  7 subjects [2, 17, 19, 25, 28, 33, 35], label_0=7, label_1=7
  Building window datasets...
    WindowDataset: 2382 windows (class_0=502, class_1=1880)
    WindowDataset: 384 windows (class_0=180, class_1=204)
    WindowDataset: 336 windows (class_0=156, class_1=180)
[LaBraM] Loaded 219/221 params from weights/labram-base/model.safetensors
[LaBraM] Missing: ['fc_norm.weight', 'fc_norm.bias']
  Trainable parameters: 5,871,779
  Class weights: [2.3725099563598633, 0.6335106492042542]
  Fold 1 | Ep   1/50 | t_loss=0.1886 t_acc=0.214 | v_win_bal=0.498 v_rec_bal=0.500 | lr=3.3e-06 | 5.1s
  Fold 1 | Ep   2/50 | t_loss=0.1746 t_acc=0.439 | v_win_bal=0.528 v_rec_bal=0.444 | lr=6.7e-06 | 3.3s
  Fold 1 | Ep   3/50 | t_loss=0.1726 t_acc=0.611 | v_win_bal=0.531 v_rec_bal=0.667 | lr=1.0e-05 | 3.0s
  Fold 1 | Ep   4/50 | t_loss=0.1690 t_acc=0.610 | v_win_bal=0.490 v_rec_bal=0.492 | lr=1.0e-05 | 2.9s
  Fold 1 | Ep   5/50 | t_loss=0.1644 t_acc=0.643 | v_win_bal=0.504 v_rec_bal=0.413 | lr=1.0e-05 | 2.9s
  Fold 1 | Ep   6/50 | t_loss=0.1582 t_acc=0.690 | v_win_bal=0.502 v_rec_bal=0.452 | lr=9.9e-06 | 2.9s
  Fold 1 | Ep   7/50 | t_loss=0.1526 t_acc=0.728 | v_win_bal=0.492 v_rec_bal=0.429 | lr=9.8e-06 | 2.9s
  Fold 1 | Ep   8/50 | t_loss=0.1477 t_acc=0.698 | v_win_bal=0.498 v_rec_bal=0.413 | lr=9.7e-06 | 2.9s
  Fold 1 | Ep   9/50 | t_loss=0.1403 t_acc=0.752 | v_win_bal=0.522 v_rec_bal=0.508 | lr=9.6e-06 | 2.9s
  Fold 1 | Ep  10/50 | t_loss=0.1313 t_acc=0.785 | v_win_bal=0.509 v_rec_bal=0.357 | lr=9.5e-06 | 2.9s
  Fold 1 | Ep  11/50 | t_loss=0.1241 t_acc=0.777 | v_win_bal=0.521 v_rec_bal=0.452 | lr=9.3e-06 | 2.9s
  Fold 1 | Ep  12/50 | t_loss=0.1160 t_acc=0.809 | v_win_bal=0.531 v_rec_bal=0.452 | lr=9.1e-06 | 3.0s
  Fold 1 | Ep  13/50 | t_loss=0.1074 t_acc=0.842 | v_win_bal=0.546 v_rec_bal=0.452 | lr=8.9e-06 | 2.9s
  Fold 1 | Ep  14/50 | t_loss=0.1001 t_acc=0.857 | v_win_bal=0.524 v_rec_bal=0.413 | lr=8.7e-06 | 3.1s
  Fold 1 | Ep  15/50 | t_loss=0.0916 t_acc=0.865 | v_win_bal=0.561 v_rec_bal=0.452 | lr=8.5e-06 | 2.9s
  Fold 1 | Ep  16/50 | t_loss=0.0837 t_acc=0.879 | v_win_bal=0.551 v_rec_bal=0.397 | lr=8.2e-06 | 2.9s
  Fold 1 | Ep  17/50 | t_loss=0.0758 t_acc=0.897 | v_win_bal=0.553 v_rec_bal=0.468 | lr=8.0e-06 | 2.9s
  Fold 1 | Ep  18/50 | t_loss=0.0702 t_acc=0.908 | v_win_bal=0.576 v_rec_bal=0.397 | lr=7.7e-06 | 2.9s
  Early stop at epoch 18
  -> Test (best @ epoch 3): acc=0.5714, bal_acc=0.5714

============================================================
Fold 2/5
============================================================
  Train:  40 samples, 20 subjects [1, 2, 3, 4, 6, 7, 8, 13, 15, 16, 17, 18, 19, 20, 21, 29, 31, 33, 34, 35], label_0=18, label_1=22
    Val:  16 samples,  8 subjects [5, 11, 12, 22, 23, 24, 25, 28], label_0=9, label_1=7
   Test:  16 samples,  8 subjects [0, 9, 10, 14, 26, 27, 30, 32], label_0=9, label_1=7
  Building window datasets...
    WindowDataset: 2468 windows (class_0=406, class_1=2062)
    WindowDataset: 384 windows (class_0=252, class_1=132)
    WindowDataset: 385 windows (class_0=180, class_1=205)
[LaBraM] Loaded 219/221 params from weights/labram-base/model.safetensors
[LaBraM] Missing: ['fc_norm.weight', 'fc_norm.bias']
  Fold 2 | Ep   1/50 | t_loss=0.1764 t_acc=0.172 | v_win_bal=0.452 v_rec_bal=0.444 | lr=3.3e-06 | 3.0s
  Fold 2 | Ep   2/50 | t_loss=0.1708 t_acc=0.542 | v_win_bal=0.374 v_rec_bal=0.341 | lr=6.7e-06 | 3.0s
  Fold 2 | Ep   3/50 | t_loss=0.1672 t_acc=0.719 | v_win_bal=0.366 v_rec_bal=0.437 | lr=1.0e-05 | 3.0s
  Fold 2 | Ep   4/50 | t_loss=0.1600 t_acc=0.667 | v_win_bal=0.345 v_rec_bal=0.270 | lr=1.0e-05 | 3.0s
  Fold 2 | Ep   5/50 | t_loss=0.1500 t_acc=0.710 | v_win_bal=0.397 v_rec_bal=0.365 | lr=1.0e-05 | 3.0s
  Fold 2 | Ep   6/50 | t_loss=0.1390 t_acc=0.736 | v_win_bal=0.426 v_rec_bal=0.421 | lr=9.9e-06 | 3.0s
  Fold 2 | Ep   7/50 | t_loss=0.1289 t_acc=0.757 | v_win_bal=0.426 v_rec_bal=0.310 | lr=9.8e-06 | 3.0s
  Fold 2 | Ep   8/50 | t_loss=0.1175 t_acc=0.789 | v_win_bal=0.394 v_rec_bal=0.325 | lr=9.7e-06 | 3.0s
  Fold 2 | Ep   9/50 | t_loss=0.1074 t_acc=0.806 | v_win_bal=0.404 v_rec_bal=0.325 | lr=9.6e-06 | 3.0s
  Fold 2 | Ep  10/50 | t_loss=0.0979 t_acc=0.831 | v_win_bal=0.419 v_rec_bal=0.325 | lr=9.5e-06 | 3.0s
  Fold 2 | Ep  11/50 | t_loss=0.0903 t_acc=0.847 | v_win_bal=0.413 v_rec_bal=0.325 | lr=9.3e-06 | 3.0s
  Fold 2 | Ep  12/50 | t_loss=0.0815 t_acc=0.863 | v_win_bal=0.437 v_rec_bal=0.381 | lr=9.1e-06 | 3.0s
  Fold 2 | Ep  13/50 | t_loss=0.0727 t_acc=0.879 | v_win_bal=0.421 v_rec_bal=0.325 | lr=8.9e-06 | 3.0s
  Fold 2 | Ep  14/50 | t_loss=0.0634 t_acc=0.903 | v_win_bal=0.417 v_rec_bal=0.341 | lr=8.7e-06 | 3.0s
  Fold 2 | Ep  15/50 | t_loss=0.0581 t_acc=0.912 | v_win_bal=0.420 v_rec_bal=0.341 | lr=8.5e-06 | 3.0s
  Fold 2 | Ep  16/50 | t_loss=0.0498 t_acc=0.918 | v_win_bal=0.427 v_rec_bal=0.341 | lr=8.2e-06 | 3.0s
  Early stop at epoch 16
  -> Test (best @ epoch 1): acc=0.5625, bal_acc=0.5000

============================================================
Fold 3/5
============================================================
  Train:  44 samples, 22 subjects [0, 2, 3, 5, 7, 8, 9, 10, 11, 12, 14, 15, 17, 19, 20, 21, 24, 26, 27, 30, 31, 35], label_0=21, label_1=23
    Val:  14 samples,  7 subjects [1, 4, 6, 25, 28, 32, 33], label_0=7, label_1=7
   Test:  14 samples,  7 subjects [13, 16, 18, 22, 23, 29, 34], label_0=8, label_1=6
  Building window datasets...
    WindowDataset: 2747 windows (class_0=444, class_1=2303)
    WindowDataset: 334 windows (class_0=178, class_1=156)
    WindowDataset: 336 windows (class_0=216, class_1=120)
[LaBraM] Loaded 219/221 params from weights/labram-base/model.safetensors
[LaBraM] Missing: ['fc_norm.weight', 'fc_norm.bias']
  Fold 3 | Ep   1/50 | t_loss=0.1815 t_acc=0.836 | v_win_bal=0.500 v_rec_bal=0.500 | lr=3.3e-06 | 3.3s
  Fold 3 | Ep   2/50 | t_loss=0.1714 t_acc=0.711 | v_win_bal=0.463 v_rec_bal=0.429 | lr=6.7e-06 | 3.3s
  Fold 3 | Ep   3/50 | t_loss=0.1667 t_acc=0.617 | v_win_bal=0.425 v_rec_bal=0.429 | lr=1.0e-05 | 3.3s
  Fold 3 | Ep   4/50 | t_loss=0.1603 t_acc=0.635 | v_win_bal=0.419 v_rec_bal=0.429 | lr=1.0e-05 | 3.3s
  Fold 3 | Ep   5/50 | t_loss=0.1505 t_acc=0.652 | v_win_bal=0.455 v_rec_bal=0.500 | lr=1.0e-05 | 3.3s
  Fold 3 | Ep   6/50 | t_loss=0.1442 t_acc=0.692 | v_win_bal=0.476 v_rec_bal=0.571 | lr=9.9e-06 | 3.3s
  Fold 3 | Ep   7/50 | t_loss=0.1359 t_acc=0.718 | v_win_bal=0.488 v_rec_bal=0.571 | lr=9.8e-06 | 3.3s
  Fold 3 | Ep   8/50 | t_loss=0.1288 t_acc=0.756 | v_win_bal=0.479 v_rec_bal=0.500 | lr=9.7e-06 | 3.3s
  Fold 3 | Ep   9/50 | t_loss=0.1219 t_acc=0.791 | v_win_bal=0.489 v_rec_bal=0.500 | lr=9.6e-06 | 3.3s
  Fold 3 | Ep  10/50 | t_loss=0.1128 t_acc=0.812 | v_win_bal=0.488 v_rec_bal=0.500 | lr=9.5e-06 | 3.3s
  Fold 3 | Ep  11/50 | t_loss=0.1045 t_acc=0.832 | v_win_bal=0.492 v_rec_bal=0.571 | lr=9.3e-06 | 3.3s
  Fold 3 | Ep  12/50 | t_loss=0.0959 t_acc=0.856 | v_win_bal=0.512 v_rec_bal=0.571 | lr=9.1e-06 | 3.3s
  Fold 3 | Ep  13/50 | t_loss=0.0890 t_acc=0.868 | v_win_bal=0.499 v_rec_bal=0.500 | lr=8.9e-06 | 3.3s
  Fold 3 | Ep  14/50 | t_loss=0.0819 t_acc=0.881 | v_win_bal=0.467 v_rec_bal=0.571 | lr=8.7e-06 | 3.3s
  Fold 3 | Ep  15/50 | t_loss=0.0728 t_acc=0.903 | v_win_bal=0.472 v_rec_bal=0.429 | lr=8.5e-06 | 3.3s
  Fold 3 | Ep  16/50 | t_loss=0.0657 t_acc=0.906 | v_win_bal=0.475 v_rec_bal=0.429 | lr=8.2e-06 | 3.3s
  Fold 3 | Ep  17/50 | t_loss=0.0584 t_acc=0.922 | v_win_bal=0.464 v_rec_bal=0.500 | lr=8.0e-06 | 3.3s
  Fold 3 | Ep  18/50 | t_loss=0.0536 t_acc=0.926 | v_win_bal=0.458 v_rec_bal=0.500 | lr=7.7e-06 | 3.3s
  Fold 3 | Ep  19/50 | t_loss=0.0457 t_acc=0.943 | v_win_bal=0.467 v_rec_bal=0.429 | lr=7.4e-06 | 3.3s
  Fold 3 | Ep  20/50 | t_loss=0.0382 t_acc=0.953 | v_win_bal=0.466 v_rec_bal=0.429 | lr=7.1e-06 | 3.3s
  Fold 3 | Ep  21/50 | t_loss=0.0332 t_acc=0.960 | v_win_bal=0.448 v_rec_bal=0.500 | lr=6.8e-06 | 3.3s
  Fold 3 | Ep  22/50 | t_loss=0.0283 t_acc=0.966 | v_win_bal=0.469 v_rec_bal=0.429 | lr=6.5e-06 | 3.3s
  Early stop at epoch 22
  -> Test (best @ epoch 6): acc=0.3571, bal_acc=0.3958

============================================================
Fold 4/5
============================================================
  Train:  44 samples, 22 subjects [0, 2, 3, 7, 9, 11, 12, 13, 14, 16, 17, 19, 22, 23, 24, 26, 27, 28, 29, 30, 31, 32], label_0=23, label_1=21
    Val:  14 samples,  7 subjects [10, 15, 18, 25, 33, 34, 35], label_0=7, label_1=7
   Test:  14 samples,  7 subjects [1, 4, 5, 6, 8, 20, 21], label_0=6, label_1=8
  Building window datasets...
    WindowDataset: 2461 windows (class_0=540, class_1=1921)
    WindowDataset: 337 windows (class_0=156, class_1=181)
    WindowDataset: 334 windows (class_0=142, class_1=192)
[LaBraM] Loaded 219/221 params from weights/labram-base/model.safetensors
[LaBraM] Missing: ['fc_norm.weight', 'fc_norm.bias']
  Fold 4 | Ep   1/50 | t_loss=0.1841 t_acc=0.228 | v_win_bal=0.495 v_rec_bal=0.500 | lr=3.3e-06 | 3.0s
  Fold 4 | Ep   2/50 | t_loss=0.1734 t_acc=0.481 | v_win_bal=0.450 v_rec_bal=0.357 | lr=6.7e-06 | 3.0s
  Fold 4 | Ep   3/50 | t_loss=0.1721 t_acc=0.633 | v_win_bal=0.441 v_rec_bal=0.357 | lr=1.0e-05 | 3.0s
  Fold 4 | Ep   4/50 | t_loss=0.1678 t_acc=0.643 | v_win_bal=0.451 v_rec_bal=0.429 | lr=1.0e-05 | 3.2s
  Fold 4 | Ep   5/50 | t_loss=0.1643 t_acc=0.663 | v_win_bal=0.464 v_rec_bal=0.429 | lr=1.0e-05 | 3.0s
  Fold 4 | Ep   6/50 | t_loss=0.1593 t_acc=0.685 | v_win_bal=0.448 v_rec_bal=0.429 | lr=9.9e-06 | 3.0s
  Fold 4 | Ep   7/50 | t_loss=0.1535 t_acc=0.713 | v_win_bal=0.463 v_rec_bal=0.429 | lr=9.8e-06 | 3.0s
  Fold 4 | Ep   8/50 | t_loss=0.1461 t_acc=0.741 | v_win_bal=0.465 v_rec_bal=0.357 | lr=9.7e-06 | 3.0s
  Fold 4 | Ep   9/50 | t_loss=0.1379 t_acc=0.762 | v_win_bal=0.474 v_rec_bal=0.429 | lr=9.6e-06 | 3.0s
  Fold 4 | Ep  10/50 | t_loss=0.1313 t_acc=0.773 | v_win_bal=0.467 v_rec_bal=0.429 | lr=9.5e-06 | 3.0s
  Fold 4 | Ep  11/50 | t_loss=0.1223 t_acc=0.790 | v_win_bal=0.488 v_rec_bal=0.357 | lr=9.3e-06 | 2.9s
  Fold 4 | Ep  12/50 | t_loss=0.1147 t_acc=0.801 | v_win_bal=0.482 v_rec_bal=0.500 | lr=9.1e-06 | 3.0s
  Fold 4 | Ep  13/50 | t_loss=0.1054 t_acc=0.845 | v_win_bal=0.471 v_rec_bal=0.429 | lr=8.9e-06 | 3.0s
  Fold 4 | Ep  14/50 | t_loss=0.0995 t_acc=0.836 | v_win_bal=0.483 v_rec_bal=0.429 | lr=8.7e-06 | 2.9s
  Fold 4 | Ep  15/50 | t_loss=0.0924 t_acc=0.864 | v_win_bal=0.473 v_rec_bal=0.500 | lr=8.5e-06 | 3.0s
  Fold 4 | Ep  16/50 | t_loss=0.0860 t_acc=0.866 | v_win_bal=0.498 v_rec_bal=0.571 | lr=8.2e-06 | 3.0s
  Early stop at epoch 16
  -> Test (best @ epoch 16): acc=0.5000, bal_acc=0.5000

============================================================
Fold 5/5
============================================================
  Train:  44 samples, 22 subjects [0, 2, 4, 5, 8, 9, 10, 13, 16, 17, 18, 19, 20, 21, 22, 23, 25, 26, 27, 28, 29, 30], label_0=23, label_1=21
    Val:  14 samples,  7 subjects [1, 6, 14, 32, 33, 34, 35], label_0=7, label_1=7
   Test:  14 samples,  7 subjects [3, 7, 11, 12, 15, 24, 31], label_0=6, label_1=8
  Building window datasets...
    WindowDataset: 2543 windows (class_0=538, class_1=2005)
    WindowDataset: 336 windows (class_0=156, class_1=180)
    WindowDataset: 316 windows (class_0=144, class_1=172)
[LaBraM] Loaded 219/221 params from weights/labram-base/model.safetensors
[LaBraM] Missing: ['fc_norm.weight', 'fc_norm.bias']
  Fold 5 | Ep   1/50 | t_loss=0.1761 t_acc=0.724 | v_win_bal=0.508 v_rec_bal=0.571 | lr=3.3e-06 | 3.1s
  Fold 5 | Ep   2/50 | t_loss=0.1732 t_acc=0.597 | v_win_bal=0.512 v_rec_bal=0.429 | lr=6.7e-06 | 3.1s
  Fold 5 | Ep   3/50 | t_loss=0.1689 t_acc=0.638 | v_win_bal=0.486 v_rec_bal=0.643 | lr=1.0e-05 | 3.1s
  Fold 5 | Ep   4/50 | t_loss=0.1608 t_acc=0.697 | v_win_bal=0.466 v_rec_bal=0.571 | lr=1.0e-05 | 3.1s
  Fold 5 | Ep   5/50 | t_loss=0.1500 t_acc=0.736 | v_win_bal=0.489 v_rec_bal=0.500 | lr=1.0e-05 | 3.1s
  Fold 5 | Ep   6/50 | t_loss=0.1408 t_acc=0.745 | v_win_bal=0.498 v_rec_bal=0.429 | lr=9.9e-06 | 3.1s
  Fold 5 | Ep   7/50 | t_loss=0.1325 t_acc=0.774 | v_win_bal=0.521 v_rec_bal=0.643 | lr=9.8e-06 | 3.1s
  Fold 5 | Ep   8/50 | t_loss=0.1238 t_acc=0.786 | v_win_bal=0.550 v_rec_bal=0.643 | lr=9.7e-06 | 3.1s
  Fold 5 | Ep   9/50 | t_loss=0.1171 t_acc=0.801 | v_win_bal=0.546 v_rec_bal=0.714 | lr=9.6e-06 | 3.2s
  Fold 5 | Ep  10/50 | t_loss=0.1079 t_acc=0.822 | v_win_bal=0.549 v_rec_bal=0.714 | lr=9.5e-06 | 3.1s
  Fold 5 | Ep  11/50 | t_loss=0.0996 t_acc=0.840 | v_win_bal=0.543 v_rec_bal=0.643 | lr=9.3e-06 | 3.1s
  Fold 5 | Ep  12/50 | t_loss=0.0947 t_acc=0.847 | v_win_bal=0.565 v_rec_bal=0.714 | lr=9.1e-06 | 3.0s
  Fold 5 | Ep  13/50 | t_loss=0.0860 t_acc=0.866 | v_win_bal=0.557 v_rec_bal=0.714 | lr=8.9e-06 | 3.0s
  Fold 5 | Ep  14/50 | t_loss=0.0804 t_acc=0.880 | v_win_bal=0.559 v_rec_bal=0.714 | lr=8.7e-06 | 3.1s
  Fold 5 | Ep  15/50 | t_loss=0.0729 t_acc=0.892 | v_win_bal=0.575 v_rec_bal=0.714 | lr=8.5e-06 | 3.1s
  Fold 5 | Ep  16/50 | t_loss=0.0657 t_acc=0.903 | v_win_bal=0.554 v_rec_bal=0.643 | lr=8.2e-06 | 3.2s
  Fold 5 | Ep  17/50 | t_loss=0.0620 t_acc=0.905 | v_win_bal=0.570 v_rec_bal=0.643 | lr=8.0e-06 | 3.1s
  Fold 5 | Ep  18/50 | t_loss=0.0544 t_acc=0.924 | v_win_bal=0.574 v_rec_bal=0.714 | lr=7.7e-06 | 3.1s
  Fold 5 | Ep  19/50 | t_loss=0.0483 t_acc=0.936 | v_win_bal=0.556 v_rec_bal=0.714 | lr=7.4e-06 | 3.1s
  Fold 5 | Ep  20/50 | t_loss=0.0445 t_acc=0.942 | v_win_bal=0.564 v_rec_bal=0.714 | lr=7.1e-06 | 3.1s
  Fold 5 | Ep  21/50 | t_loss=0.0385 t_acc=0.953 | v_win_bal=0.571 v_rec_bal=0.714 | lr=6.8e-06 | 3.1s
  Fold 5 | Ep  22/50 | t_loss=0.0345 t_acc=0.957 | v_win_bal=0.568 v_rec_bal=0.714 | lr=6.5e-06 | 3.1s
  Fold 5 | Ep  23/50 | t_loss=0.0299 t_acc=0.962 | v_win_bal=0.583 v_rec_bal=0.714 | lr=6.2e-06 | 3.4s
  Fold 5 | Ep  24/50 | t_loss=0.0263 t_acc=0.971 | v_win_bal=0.591 v_rec_bal=0.643 | lr=5.8e-06 | 3.4s
  Fold 5 | Ep  25/50 | t_loss=0.0237 t_acc=0.972 | v_win_bal=0.579 v_rec_bal=0.714 | lr=5.5e-06 | 3.3s
  Fold 5 | Ep  26/50 | t_loss=0.0195 t_acc=0.980 | v_win_bal=0.572 v_rec_bal=0.714 | lr=5.2e-06 | 3.1s
  Fold 5 | Ep  27/50 | t_loss=0.0182 t_acc=0.981 | v_win_bal=0.580 v_rec_bal=0.714 | lr=4.8e-06 | 3.1s
  Fold 5 | Ep  28/50 | t_loss=0.0153 t_acc=0.984 | v_win_bal=0.584 v_rec_bal=0.714 | lr=4.5e-06 | 3.1s
  Fold 5 | Ep  29/50 | t_loss=0.0135 t_acc=0.987 | v_win_bal=0.578 v_rec_bal=0.714 | lr=4.2e-06 | 3.5s
  Early stop at epoch 29
  -> Test (best @ epoch 9): acc=0.5000, bal_acc=0.5417

============================================================
Global Results (5-Fold, subject-level CV)
Mode: FT | Extractor: labram | Loss: focal
============================================================
              acc: 0.5000
          bal_acc: 0.5000
               f1: 0.4937
            kappa: 0.0000
  Total predictions: 72 (should equal dataset size: 72)

Results saved to results/studies/exp27_paired_null/eegmat/perm_s12/
