/raid/jupyter-linjimmy1003.md10/.conda/envs/stress/lib/python3.11/site-packages/timm/models/layers/__init__.py:49: FutureWarning: Importing from timm.models.layers is deprecated, please import via timm.layers
  warnings.warn(f"Importing from {__name__} is deprecated, please import via timm.layers", FutureWarning)
Mode: FT | Extractor: labram | Folds: 5
LR: 1e-05 | WD: 0.05 | Beta2: 0.999 | Grad clip: 2.0
Head: hidden=128, dropout=0.0 | Norm: zscore | Loss: focal
Full FT: encoder_lr_scale=0.1
Augmentation: 75% overlap for increase class

Results → results/studies/exp27_paired_null/eegmat/perm_s27/
EEGMAT: 72 recordings from 36 subjects (rest=36, task=36)
EEGMAT: 72 recordings, 36 subjects (task=36, rest=36)
[permute-labels] Shuffled labels with rng seed 27. Class balance preserved: 36 pos / 36 neg

============================================================
Fold 1/5
============================================================
  Train:  44 samples, 22 subjects [1, 2, 3, 4, 6, 7, 8, 9, 11, 14, 15, 18, 19, 20, 21, 22, 24, 27, 29, 30, 31, 33], label_0=22, label_1=22
    Val:  14 samples,  7 subjects [5, 12, 13, 17, 26, 28, 32], label_0=8, label_1=6
   Test:  14 samples,  7 subjects [0, 10, 16, 23, 25, 34, 35], label_0=6, label_1=8
  Building window datasets...
    WindowDataset: 2348 windows (class_0=574, class_1=1774)
    WindowDataset: 336 windows (class_0=192, class_1=144)
    WindowDataset: 337 windows (class_0=96, class_1=241)
[LaBraM] Loaded 219/221 params from weights/labram-base/model.safetensors
[LaBraM] Missing: ['fc_norm.weight', 'fc_norm.bias']
  Trainable parameters: 5,871,779
  Class weights: [2.0452961921691895, 0.6617813110351562]
  Fold 1 | Ep   1/50 | t_loss=0.1883 t_acc=0.246 | v_win_bal=0.498 v_rec_bal=0.500 | lr=3.3e-06 | 5.0s
  Fold 1 | Ep   2/50 | t_loss=0.1730 t_acc=0.489 | v_win_bal=0.467 v_rec_bal=0.438 | lr=6.7e-06 | 3.2s
  Fold 1 | Ep   3/50 | t_loss=0.1672 t_acc=0.630 | v_win_bal=0.412 v_rec_bal=0.375 | lr=1.0e-05 | 2.9s
  Fold 1 | Ep   4/50 | t_loss=0.1586 t_acc=0.669 | v_win_bal=0.390 v_rec_bal=0.417 | lr=1.0e-05 | 3.0s
  Fold 1 | Ep   5/50 | t_loss=0.1432 t_acc=0.747 | v_win_bal=0.385 v_rec_bal=0.333 | lr=1.0e-05 | 2.9s
  Fold 1 | Ep   6/50 | t_loss=0.1308 t_acc=0.777 | v_win_bal=0.399 v_rec_bal=0.417 | lr=9.9e-06 | 2.9s
  Fold 1 | Ep   7/50 | t_loss=0.1189 t_acc=0.795 | v_win_bal=0.407 v_rec_bal=0.438 | lr=9.8e-06 | 2.9s
  Fold 1 | Ep   8/50 | t_loss=0.1124 t_acc=0.819 | v_win_bal=0.394 v_rec_bal=0.333 | lr=9.7e-06 | 2.9s
  Fold 1 | Ep   9/50 | t_loss=0.1036 t_acc=0.852 | v_win_bal=0.397 v_rec_bal=0.271 | lr=9.6e-06 | 2.9s
  Fold 1 | Ep  10/50 | t_loss=0.0929 t_acc=0.870 | v_win_bal=0.396 v_rec_bal=0.354 | lr=9.5e-06 | 2.9s
  Fold 1 | Ep  11/50 | t_loss=0.0844 t_acc=0.884 | v_win_bal=0.406 v_rec_bal=0.354 | lr=9.3e-06 | 2.9s
  Fold 1 | Ep  12/50 | t_loss=0.0780 t_acc=0.893 | v_win_bal=0.419 v_rec_bal=0.438 | lr=9.1e-06 | 2.9s
  Fold 1 | Ep  13/50 | t_loss=0.0701 t_acc=0.911 | v_win_bal=0.449 v_rec_bal=0.521 | lr=8.9e-06 | 2.9s
  Fold 1 | Ep  14/50 | t_loss=0.0667 t_acc=0.917 | v_win_bal=0.419 v_rec_bal=0.354 | lr=8.7e-06 | 2.9s
  Fold 1 | Ep  15/50 | t_loss=0.0604 t_acc=0.929 | v_win_bal=0.403 v_rec_bal=0.354 | lr=8.5e-06 | 2.9s
  Fold 1 | Ep  16/50 | t_loss=0.0550 t_acc=0.936 | v_win_bal=0.435 v_rec_bal=0.521 | lr=8.2e-06 | 2.9s
  Early stop at epoch 16
  -> Test (best @ epoch 13): acc=0.4286, bal_acc=0.4167

============================================================
Fold 2/5
============================================================
  Train:  42 samples, 21 subjects [0, 2, 3, 4, 6, 11, 14, 18, 19, 20, 21, 23, 25, 26, 29, 30, 31, 32, 33, 34, 35], label_0=21, label_1=21
    Val:  14 samples,  7 subjects [8, 9, 10, 12, 16, 22, 24], label_0=6, label_1=8
   Test:  16 samples,  8 subjects [1, 5, 7, 13, 15, 17, 27, 28], label_0=9, label_1=7
  Building window datasets...
    WindowDataset: 2411 windows (class_0=490, class_1=1921)
    WindowDataset: 337 windows (class_0=144, class_1=193)
    WindowDataset: 384 windows (class_0=228, class_1=156)
[LaBraM] Loaded 219/221 params from weights/labram-base/model.safetensors
[LaBraM] Missing: ['fc_norm.weight', 'fc_norm.bias']
  Fold 2 | Ep   1/50 | t_loss=0.1782 t_acc=0.794 | v_win_bal=0.494 v_rec_bal=0.500 | lr=3.3e-06 | 3.0s
  Fold 2 | Ep   2/50 | t_loss=0.1726 t_acc=0.676 | v_win_bal=0.449 v_rec_bal=0.375 | lr=6.7e-06 | 3.0s
  Fold 2 | Ep   3/50 | t_loss=0.1698 t_acc=0.570 | v_win_bal=0.453 v_rec_bal=0.396 | lr=1.0e-05 | 3.0s
  Fold 2 | Ep   4/50 | t_loss=0.1663 t_acc=0.608 | v_win_bal=0.389 v_rec_bal=0.354 | lr=1.0e-05 | 3.0s
  Fold 2 | Ep   5/50 | t_loss=0.1621 t_acc=0.686 | v_win_bal=0.408 v_rec_bal=0.292 | lr=1.0e-05 | 3.0s
  Fold 2 | Ep   6/50 | t_loss=0.1552 t_acc=0.651 | v_win_bal=0.393 v_rec_bal=0.292 | lr=9.9e-06 | 3.0s
  Fold 2 | Ep   7/50 | t_loss=0.1465 t_acc=0.697 | v_win_bal=0.390 v_rec_bal=0.417 | lr=9.8e-06 | 3.0s
  Fold 2 | Ep   8/50 | t_loss=0.1419 t_acc=0.749 | v_win_bal=0.371 v_rec_bal=0.354 | lr=9.7e-06 | 2.9s
  Fold 2 | Ep   9/50 | t_loss=0.1265 t_acc=0.796 | v_win_bal=0.423 v_rec_bal=0.479 | lr=9.6e-06 | 2.9s
  Fold 2 | Ep  10/50 | t_loss=0.1144 t_acc=0.829 | v_win_bal=0.435 v_rec_bal=0.354 | lr=9.5e-06 | 2.9s
  Fold 2 | Ep  11/50 | t_loss=0.1014 t_acc=0.868 | v_win_bal=0.488 v_rec_bal=0.458 | lr=9.3e-06 | 2.9s
  Fold 2 | Ep  12/50 | t_loss=0.0900 t_acc=0.874 | v_win_bal=0.504 v_rec_bal=0.521 | lr=9.1e-06 | 2.9s
  Fold 2 | Ep  13/50 | t_loss=0.0788 t_acc=0.889 | v_win_bal=0.509 v_rec_bal=0.521 | lr=8.9e-06 | 2.9s
  Fold 2 | Ep  14/50 | t_loss=0.0699 t_acc=0.917 | v_win_bal=0.512 v_rec_bal=0.521 | lr=8.7e-06 | 2.9s
  Fold 2 | Ep  15/50 | t_loss=0.0614 t_acc=0.924 | v_win_bal=0.503 v_rec_bal=0.500 | lr=8.5e-06 | 2.9s
  Fold 2 | Ep  16/50 | t_loss=0.0543 t_acc=0.937 | v_win_bal=0.527 v_rec_bal=0.583 | lr=8.2e-06 | 2.9s
  Fold 2 | Ep  17/50 | t_loss=0.0456 t_acc=0.946 | v_win_bal=0.528 v_rec_bal=0.500 | lr=8.0e-06 | 2.9s
  Fold 2 | Ep  18/50 | t_loss=0.0412 t_acc=0.956 | v_win_bal=0.522 v_rec_bal=0.500 | lr=7.7e-06 | 2.9s
  Fold 2 | Ep  19/50 | t_loss=0.0381 t_acc=0.963 | v_win_bal=0.521 v_rec_bal=0.479 | lr=7.4e-06 | 2.9s
  Fold 2 | Ep  20/50 | t_loss=0.0330 t_acc=0.964 | v_win_bal=0.514 v_rec_bal=0.583 | lr=7.1e-06 | 2.9s
  Fold 2 | Ep  21/50 | t_loss=0.0271 t_acc=0.975 | v_win_bal=0.538 v_rec_bal=0.583 | lr=6.8e-06 | 2.9s
  Fold 2 | Ep  22/50 | t_loss=0.0245 t_acc=0.979 | v_win_bal=0.530 v_rec_bal=0.583 | lr=6.5e-06 | 2.9s
  Fold 2 | Ep  23/50 | t_loss=0.0230 t_acc=0.981 | v_win_bal=0.531 v_rec_bal=0.604 | lr=6.2e-06 | 2.9s
  Fold 2 | Ep  24/50 | t_loss=0.0179 t_acc=0.985 | v_win_bal=0.532 v_rec_bal=0.500 | lr=5.8e-06 | 2.9s
  Fold 2 | Ep  25/50 | t_loss=0.0156 t_acc=0.987 | v_win_bal=0.540 v_rec_bal=0.583 | lr=5.5e-06 | 2.9s
  Fold 2 | Ep  26/50 | t_loss=0.0136 t_acc=0.988 | v_win_bal=0.530 v_rec_bal=0.521 | lr=5.2e-06 | 2.9s
  Fold 2 | Ep  27/50 | t_loss=0.0129 t_acc=0.990 | v_win_bal=0.542 v_rec_bal=0.521 | lr=4.8e-06 | 2.9s
  Fold 2 | Ep  28/50 | t_loss=0.0095 t_acc=0.993 | v_win_bal=0.554 v_rec_bal=0.521 | lr=4.5e-06 | 2.9s
  Fold 2 | Ep  29/50 | t_loss=0.0087 t_acc=0.993 | v_win_bal=0.552 v_rec_bal=0.500 | lr=4.2e-06 | 2.9s
  Fold 2 | Ep  30/50 | t_loss=0.0082 t_acc=0.995 | v_win_bal=0.553 v_rec_bal=0.500 | lr=3.8e-06 | 2.9s
  Fold 2 | Ep  31/50 | t_loss=0.0078 t_acc=0.994 | v_win_bal=0.536 v_rec_bal=0.583 | lr=3.5e-06 | 2.9s
  Fold 2 | Ep  32/50 | t_loss=0.0065 t_acc=0.995 | v_win_bal=0.572 v_rec_bal=0.583 | lr=3.2e-06 | 2.9s
  Fold 2 | Ep  33/50 | t_loss=0.0044 t_acc=0.997 | v_win_bal=0.566 v_rec_bal=0.521 | lr=2.9e-06 | 2.9s
  Fold 2 | Ep  34/50 | t_loss=0.0050 t_acc=0.996 | v_win_bal=0.553 v_rec_bal=0.583 | lr=2.6e-06 | 2.9s
  Fold 2 | Ep  35/50 | t_loss=0.0055 t_acc=0.997 | v_win_bal=0.546 v_rec_bal=0.500 | lr=2.3e-06 | 2.9s
  Fold 2 | Ep  36/50 | t_loss=0.0042 t_acc=0.997 | v_win_bal=0.560 v_rec_bal=0.583 | lr=2.0e-06 | 2.9s
  Fold 2 | Ep  37/50 | t_loss=0.0039 t_acc=0.998 | v_win_bal=0.543 v_rec_bal=0.500 | lr=1.8e-06 | 2.9s
  Fold 2 | Ep  38/50 | t_loss=0.0026 t_acc=0.997 | v_win_bal=0.541 v_rec_bal=0.500 | lr=1.5e-06 | 2.9s
  Early stop at epoch 38
  -> Test (best @ epoch 23): acc=0.2500, bal_acc=0.2381

============================================================
Fold 3/5
============================================================
  Train:  42 samples, 21 subjects [0, 1, 3, 4, 5, 7, 10, 15, 16, 17, 18, 21, 23, 24, 25, 27, 28, 29, 31, 34, 35], label_0=19, label_1=23
    Val:  16 samples,  8 subjects [6, 8, 12, 13, 19, 20, 22, 26], label_0=9, label_1=7
   Test:  14 samples,  7 subjects [2, 9, 11, 14, 30, 32, 33], label_0=8, label_1=6
  Building window datasets...
    WindowDataset: 2481 windows (class_0=466, class_1=2015)
    WindowDataset: 384 windows (class_0=204, class_1=180)
    WindowDataset: 336 windows (class_0=192, class_1=144)
[LaBraM] Loaded 219/221 params from weights/labram-base/model.safetensors
[LaBraM] Missing: ['fc_norm.weight', 'fc_norm.bias']
  Fold 3 | Ep   1/50 | t_loss=0.1765 t_acc=0.244 | v_win_bal=0.497 v_rec_bal=0.643 | lr=3.3e-06 | 3.0s
  Fold 3 | Ep   2/50 | t_loss=0.1743 t_acc=0.615 | v_win_bal=0.445 v_rec_bal=0.492 | lr=6.7e-06 | 3.0s
  Fold 3 | Ep   3/50 | t_loss=0.1701 t_acc=0.578 | v_win_bal=0.350 v_rec_bal=0.437 | lr=1.0e-05 | 3.0s
  Fold 3 | Ep   4/50 | t_loss=0.1642 t_acc=0.719 | v_win_bal=0.299 v_rec_bal=0.325 | lr=1.0e-05 | 3.0s
  Fold 3 | Ep   5/50 | t_loss=0.1564 t_acc=0.718 | v_win_bal=0.276 v_rec_bal=0.325 | lr=1.0e-05 | 3.0s
  Fold 3 | Ep   6/50 | t_loss=0.1477 t_acc=0.731 | v_win_bal=0.287 v_rec_bal=0.270 | lr=9.9e-06 | 3.0s
  Fold 3 | Ep   7/50 | t_loss=0.1391 t_acc=0.754 | v_win_bal=0.304 v_rec_bal=0.270 | lr=9.8e-06 | 3.0s
  Fold 3 | Ep   8/50 | t_loss=0.1323 t_acc=0.765 | v_win_bal=0.317 v_rec_bal=0.198 | lr=9.7e-06 | 3.0s
  Fold 3 | Ep   9/50 | t_loss=0.1268 t_acc=0.784 | v_win_bal=0.335 v_rec_bal=0.270 | lr=9.6e-06 | 3.0s
  Fold 3 | Ep  10/50 | t_loss=0.1186 t_acc=0.789 | v_win_bal=0.379 v_rec_bal=0.413 | lr=9.5e-06 | 3.0s
  Fold 3 | Ep  11/50 | t_loss=0.1145 t_acc=0.822 | v_win_bal=0.401 v_rec_bal=0.468 | lr=9.3e-06 | 3.0s
  Fold 3 | Ep  12/50 | t_loss=0.1035 t_acc=0.830 | v_win_bal=0.381 v_rec_bal=0.397 | lr=9.1e-06 | 3.0s
  Fold 3 | Ep  13/50 | t_loss=0.0962 t_acc=0.849 | v_win_bal=0.399 v_rec_bal=0.325 | lr=8.9e-06 | 3.0s
  Fold 3 | Ep  14/50 | t_loss=0.0867 t_acc=0.862 | v_win_bal=0.431 v_rec_bal=0.484 | lr=8.7e-06 | 3.0s
  Fold 3 | Ep  15/50 | t_loss=0.0811 t_acc=0.885 | v_win_bal=0.438 v_rec_bal=0.397 | lr=8.5e-06 | 3.0s
  Fold 3 | Ep  16/50 | t_loss=0.0749 t_acc=0.891 | v_win_bal=0.465 v_rec_bal=0.500 | lr=8.2e-06 | 3.0s
  Early stop at epoch 16
  -> Test (best @ epoch 1): acc=0.5714, bal_acc=0.5208

============================================================
Fold 4/5
============================================================
  Train:  44 samples, 22 subjects [0, 1, 2, 5, 7, 8, 9, 10, 13, 14, 15, 17, 19, 23, 24, 25, 26, 28, 30, 33, 34, 35], label_0=22, label_1=22
    Val:  14 samples,  7 subjects [3, 11, 12, 16, 20, 27, 32], label_0=8, label_1=6
   Test:  14 samples,  7 subjects [4, 6, 18, 21, 22, 29, 31], label_0=6, label_1=8
  Building window datasets...
    WindowDataset: 2578 windows (class_0=528, class_1=2050)
    WindowDataset: 336 windows (class_0=168, class_1=168)
    WindowDataset: 314 windows (class_0=166, class_1=148)
[LaBraM] Loaded 219/221 params from weights/labram-base/model.safetensors
[LaBraM] Missing: ['fc_norm.weight', 'fc_norm.bias']
  Fold 4 | Ep   1/50 | t_loss=0.1782 t_acc=0.210 | v_win_bal=0.521 v_rec_bal=0.500 | lr=3.3e-06 | 3.1s
  Fold 4 | Ep   2/50 | t_loss=0.1722 t_acc=0.471 | v_win_bal=0.530 v_rec_bal=0.667 | lr=6.7e-06 | 3.1s
  Fold 4 | Ep   3/50 | t_loss=0.1696 t_acc=0.648 | v_win_bal=0.536 v_rec_bal=0.646 | lr=1.0e-05 | 3.1s
  Fold 4 | Ep   4/50 | t_loss=0.1657 t_acc=0.681 | v_win_bal=0.521 v_rec_bal=0.667 | lr=1.0e-05 | 3.1s
  Fold 4 | Ep   5/50 | t_loss=0.1609 t_acc=0.673 | v_win_bal=0.524 v_rec_bal=0.688 | lr=1.0e-05 | 3.1s
  Fold 4 | Ep   6/50 | t_loss=0.1550 t_acc=0.693 | v_win_bal=0.485 v_rec_bal=0.667 | lr=9.9e-06 | 3.1s
  Fold 4 | Ep   7/50 | t_loss=0.1495 t_acc=0.714 | v_win_bal=0.518 v_rec_bal=0.646 | lr=9.8e-06 | 3.1s
  Fold 4 | Ep   8/50 | t_loss=0.1439 t_acc=0.727 | v_win_bal=0.524 v_rec_bal=0.646 | lr=9.7e-06 | 3.1s
  Fold 4 | Ep   9/50 | t_loss=0.1369 t_acc=0.754 | v_win_bal=0.536 v_rec_bal=0.708 | lr=9.6e-06 | 3.1s
  Fold 4 | Ep  10/50 | t_loss=0.1300 t_acc=0.783 | v_win_bal=0.509 v_rec_bal=0.667 | lr=9.5e-06 | 3.1s
  Fold 4 | Ep  11/50 | t_loss=0.1226 t_acc=0.804 | v_win_bal=0.551 v_rec_bal=0.667 | lr=9.3e-06 | 3.1s
  Fold 4 | Ep  12/50 | t_loss=0.1147 t_acc=0.817 | v_win_bal=0.551 v_rec_bal=0.604 | lr=9.1e-06 | 3.1s
  Fold 4 | Ep  13/50 | t_loss=0.1074 t_acc=0.834 | v_win_bal=0.574 v_rec_bal=0.688 | lr=8.9e-06 | 3.1s
  Fold 4 | Ep  14/50 | t_loss=0.0993 t_acc=0.854 | v_win_bal=0.551 v_rec_bal=0.542 | lr=8.7e-06 | 3.1s
  Fold 4 | Ep  15/50 | t_loss=0.0909 t_acc=0.864 | v_win_bal=0.583 v_rec_bal=0.604 | lr=8.5e-06 | 3.1s
  Fold 4 | Ep  16/50 | t_loss=0.0833 t_acc=0.886 | v_win_bal=0.595 v_rec_bal=0.604 | lr=8.2e-06 | 3.1s
  Fold 4 | Ep  17/50 | t_loss=0.0759 t_acc=0.893 | v_win_bal=0.574 v_rec_bal=0.729 | lr=8.0e-06 | 3.1s
  Fold 4 | Ep  18/50 | t_loss=0.0689 t_acc=0.906 | v_win_bal=0.604 v_rec_bal=0.625 | lr=7.7e-06 | 3.1s
  Fold 4 | Ep  19/50 | t_loss=0.0626 t_acc=0.918 | v_win_bal=0.580 v_rec_bal=0.854 | lr=7.4e-06 | 3.1s
  Fold 4 | Ep  20/50 | t_loss=0.0569 t_acc=0.927 | v_win_bal=0.613 v_rec_bal=0.625 | lr=7.1e-06 | 3.1s
  Fold 4 | Ep  21/50 | t_loss=0.0482 t_acc=0.943 | v_win_bal=0.595 v_rec_bal=0.604 | lr=6.8e-06 | 3.1s
  Fold 4 | Ep  22/50 | t_loss=0.0444 t_acc=0.946 | v_win_bal=0.580 v_rec_bal=0.625 | lr=6.5e-06 | 3.3s
  Fold 4 | Ep  23/50 | t_loss=0.0380 t_acc=0.960 | v_win_bal=0.592 v_rec_bal=0.625 | lr=6.2e-06 | 3.1s
  Fold 4 | Ep  24/50 | t_loss=0.0356 t_acc=0.962 | v_win_bal=0.598 v_rec_bal=0.625 | lr=5.8e-06 | 3.1s
  Fold 4 | Ep  25/50 | t_loss=0.0313 t_acc=0.966 | v_win_bal=0.589 v_rec_bal=0.625 | lr=5.5e-06 | 3.1s
  Fold 4 | Ep  26/50 | t_loss=0.0263 t_acc=0.971 | v_win_bal=0.568 v_rec_bal=0.542 | lr=5.2e-06 | 3.1s
  Fold 4 | Ep  27/50 | t_loss=0.0251 t_acc=0.976 | v_win_bal=0.577 v_rec_bal=0.542 | lr=4.8e-06 | 3.1s
  Fold 4 | Ep  28/50 | t_loss=0.0217 t_acc=0.978 | v_win_bal=0.577 v_rec_bal=0.604 | lr=4.5e-06 | 3.1s
  Fold 4 | Ep  29/50 | t_loss=0.0190 t_acc=0.983 | v_win_bal=0.601 v_rec_bal=0.625 | lr=4.2e-06 | 3.1s
  Fold 4 | Ep  30/50 | t_loss=0.0175 t_acc=0.985 | v_win_bal=0.592 v_rec_bal=0.625 | lr=3.8e-06 | 3.1s
  Fold 4 | Ep  31/50 | t_loss=0.0175 t_acc=0.986 | v_win_bal=0.610 v_rec_bal=0.625 | lr=3.5e-06 | 3.1s
  Fold 4 | Ep  32/50 | t_loss=0.0155 t_acc=0.987 | v_win_bal=0.601 v_rec_bal=0.688 | lr=3.2e-06 | 3.1s
  Fold 4 | Ep  33/50 | t_loss=0.0129 t_acc=0.989 | v_win_bal=0.577 v_rec_bal=0.688 | lr=2.9e-06 | 3.1s
  Fold 4 | Ep  34/50 | t_loss=0.0132 t_acc=0.989 | v_win_bal=0.595 v_rec_bal=0.625 | lr=2.6e-06 | 3.1s
  Early stop at epoch 34
  -> Test (best @ epoch 19): acc=0.3571, bal_acc=0.3542

============================================================
Fold 5/5
============================================================
  Train:  42 samples, 21 subjects [0, 2, 5, 9, 10, 13, 14, 16, 17, 18, 21, 22, 25, 27, 28, 29, 30, 31, 32, 33, 35], label_0=22, label_1=20
    Val:  16 samples,  8 subjects [1, 4, 6, 7, 11, 15, 23, 34], label_0=7, label_1=9
   Test:  14 samples,  7 subjects [3, 8, 12, 19, 20, 24, 26], label_0=7, label_1=7
  Building window datasets...
    WindowDataset: 2312 windows (class_0=528, class_1=1784)
    WindowDataset: 382 windows (class_0=154, class_1=228)
    WindowDataset: 336 windows (class_0=180, class_1=156)
[LaBraM] Loaded 219/221 params from weights/labram-base/model.safetensors
[LaBraM] Missing: ['fc_norm.weight', 'fc_norm.bias']
  Fold 5 | Ep   1/50 | t_loss=0.1833 t_acc=0.228 | v_win_bal=0.514 v_rec_bal=0.500 | lr=3.3e-06 | 2.9s
  Fold 5 | Ep   2/50 | t_loss=0.1747 t_acc=0.414 | v_win_bal=0.529 v_rec_bal=0.476 | lr=6.7e-06 | 2.9s
  Fold 5 | Ep   3/50 | t_loss=0.1725 t_acc=0.564 | v_win_bal=0.544 v_rec_bal=0.595 | lr=1.0e-05 | 3.0s
  Fold 5 | Ep   4/50 | t_loss=0.1693 t_acc=0.604 | v_win_bal=0.517 v_rec_bal=0.571 | lr=1.0e-05 | 2.9s
  Fold 5 | Ep   5/50 | t_loss=0.1663 t_acc=0.682 | v_win_bal=0.474 v_rec_bal=0.310 | lr=1.0e-05 | 2.9s
  Fold 5 | Ep   6/50 | t_loss=0.1626 t_acc=0.646 | v_win_bal=0.518 v_rec_bal=0.532 | lr=9.9e-06 | 2.9s
  Fold 5 | Ep   7/50 | t_loss=0.1573 t_acc=0.681 | v_win_bal=0.548 v_rec_bal=0.571 | lr=9.8e-06 | 2.9s
  Fold 5 | Ep   8/50 | t_loss=0.1513 t_acc=0.711 | v_win_bal=0.544 v_rec_bal=0.476 | lr=9.7e-06 | 2.9s
  Fold 5 | Ep   9/50 | t_loss=0.1438 t_acc=0.734 | v_win_bal=0.496 v_rec_bal=0.476 | lr=9.6e-06 | 2.9s
  Fold 5 | Ep  10/50 | t_loss=0.1361 t_acc=0.773 | v_win_bal=0.543 v_rec_bal=0.659 | lr=9.5e-06 | 2.9s
  Fold 5 | Ep  11/50 | t_loss=0.1275 t_acc=0.809 | v_win_bal=0.554 v_rec_bal=0.571 | lr=9.3e-06 | 2.9s
  Fold 5 | Ep  12/50 | t_loss=0.1179 t_acc=0.834 | v_win_bal=0.551 v_rec_bal=0.643 | lr=9.1e-06 | 2.9s
  Fold 5 | Ep  13/50 | t_loss=0.1085 t_acc=0.860 | v_win_bal=0.532 v_rec_bal=0.548 | lr=8.9e-06 | 2.9s
  Fold 5 | Ep  14/50 | t_loss=0.0982 t_acc=0.870 | v_win_bal=0.580 v_rec_bal=0.659 | lr=8.7e-06 | 2.9s
  Fold 5 | Ep  15/50 | t_loss=0.0889 t_acc=0.886 | v_win_bal=0.560 v_rec_bal=0.587 | lr=8.5e-06 | 2.9s
  Fold 5 | Ep  16/50 | t_loss=0.0809 t_acc=0.900 | v_win_bal=0.546 v_rec_bal=0.659 | lr=8.2e-06 | 2.9s
  Fold 5 | Ep  17/50 | t_loss=0.0715 t_acc=0.909 | v_win_bal=0.548 v_rec_bal=0.659 | lr=8.0e-06 | 2.9s
  Fold 5 | Ep  18/50 | t_loss=0.0635 t_acc=0.923 | v_win_bal=0.546 v_rec_bal=0.659 | lr=7.7e-06 | 2.9s
  Fold 5 | Ep  19/50 | t_loss=0.0571 t_acc=0.927 | v_win_bal=0.520 v_rec_bal=0.603 | lr=7.4e-06 | 2.9s
  Fold 5 | Ep  20/50 | t_loss=0.0519 t_acc=0.941 | v_win_bal=0.528 v_rec_bal=0.659 | lr=7.1e-06 | 3.0s
  Fold 5 | Ep  21/50 | t_loss=0.0444 t_acc=0.944 | v_win_bal=0.541 v_rec_bal=0.659 | lr=6.8e-06 | 2.9s
  Fold 5 | Ep  22/50 | t_loss=0.0398 t_acc=0.957 | v_win_bal=0.518 v_rec_bal=0.563 | lr=6.5e-06 | 3.2s
  Fold 5 | Ep  23/50 | t_loss=0.0357 t_acc=0.959 | v_win_bal=0.538 v_rec_bal=0.659 | lr=6.2e-06 | 3.0s
  Fold 5 | Ep  24/50 | t_loss=0.0319 t_acc=0.965 | v_win_bal=0.519 v_rec_bal=0.659 | lr=5.8e-06 | 2.9s
  Fold 5 | Ep  25/50 | t_loss=0.0265 t_acc=0.972 | v_win_bal=0.520 v_rec_bal=0.659 | lr=5.5e-06 | 2.9s
  Fold 5 | Ep  26/50 | t_loss=0.0242 t_acc=0.974 | v_win_bal=0.520 v_rec_bal=0.603 | lr=5.2e-06 | 2.9s
  Fold 5 | Ep  27/50 | t_loss=0.0206 t_acc=0.980 | v_win_bal=0.548 v_rec_bal=0.516 | lr=4.8e-06 | 2.9s
  Fold 5 | Ep  28/50 | t_loss=0.0183 t_acc=0.985 | v_win_bal=0.533 v_rec_bal=0.587 | lr=4.5e-06 | 2.9s
  Fold 5 | Ep  29/50 | t_loss=0.0159 t_acc=0.984 | v_win_bal=0.523 v_rec_bal=0.659 | lr=4.2e-06 | 2.9s
  Fold 5 | Ep  30/50 | t_loss=0.0142 t_acc=0.988 | v_win_bal=0.538 v_rec_bal=0.516 | lr=3.8e-06 | 2.9s
  Fold 5 | Ep  31/50 | t_loss=0.0121 t_acc=0.992 | v_win_bal=0.534 v_rec_bal=0.659 | lr=3.5e-06 | 2.9s
  Fold 5 | Ep  32/50 | t_loss=0.0111 t_acc=0.993 | v_win_bal=0.512 v_rec_bal=0.516 | lr=3.2e-06 | 2.9s
  Fold 5 | Ep  33/50 | t_loss=0.0102 t_acc=0.992 | v_win_bal=0.524 v_rec_bal=0.516 | lr=2.9e-06 | 2.9s
  Early stop at epoch 33
  -> Test (best @ epoch 10): acc=0.4286, bal_acc=0.4286

============================================================
Global Results (5-Fold, subject-level CV)
Mode: FT | Extractor: labram | Loss: focal
============================================================
              acc: 0.4028
          bal_acc: 0.4028
               f1: 0.4017
            kappa: -0.1944
  Total predictions: 72 (should equal dataset size: 72)

Results saved to results/studies/exp27_paired_null/eegmat/perm_s27/
