/raid/jupyter-linjimmy1003.md10/.conda/envs/stress/lib/python3.11/site-packages/timm/models/layers/__init__.py:49: FutureWarning: Importing from timm.models.layers is deprecated, please import via timm.layers
  warnings.warn(f"Importing from {__name__} is deprecated, please import via timm.layers", FutureWarning)
Mode: FT | Extractor: labram | Folds: 5
LR: 1e-05 | WD: 0.05 | Beta2: 0.999 | Grad clip: 2.0
Head: hidden=128, dropout=0.0 | Norm: zscore | Loss: focal
Full FT: encoder_lr_scale=0.1
Augmentation: 75% overlap for increase class

Results → results/studies/exp27_paired_null/eegmat/perm_s24/
EEGMAT: 72 recordings from 36 subjects (rest=36, task=36)
EEGMAT: 72 recordings, 36 subjects (task=36, rest=36)
[permute-labels] Shuffled labels with rng seed 24. Class balance preserved: 36 pos / 36 neg

============================================================
Fold 1/5
============================================================
  Train:  44 samples, 22 subjects [0, 2, 4, 5, 8, 9, 10, 11, 13, 14, 16, 17, 19, 20, 21, 25, 26, 27, 28, 32, 34, 35], label_0=22, label_1=22
    Val:  14 samples,  7 subjects [3, 6, 12, 15, 18, 22, 24], label_0=7, label_1=7
   Test:  14 samples,  7 subjects [1, 7, 23, 29, 30, 31, 33], label_0=7, label_1=7
  Building window datasets...
    WindowDataset: 2504 windows (class_0=550, class_1=1954)
    WindowDataset: 336 windows (class_0=156, class_1=180)
    WindowDataset: 316 windows (class_0=184, class_1=132)
[LaBraM] Loaded 219/221 params from weights/labram-base/model.safetensors
[LaBraM] Missing: ['fc_norm.weight', 'fc_norm.bias']
  Trainable parameters: 5,871,779
  Class weights: [2.2763636112213135, 0.6407369375228882]
  Fold 1 | Ep   1/50 | t_loss=0.1863 t_acc=0.224 | v_win_bal=0.490 v_rec_bal=0.500 | lr=3.3e-06 | 5.2s
  Fold 1 | Ep   2/50 | t_loss=0.1709 t_acc=0.501 | v_win_bal=0.449 v_rec_bal=0.429 | lr=6.7e-06 | 3.1s
  Fold 1 | Ep   3/50 | t_loss=0.1647 t_acc=0.671 | v_win_bal=0.493 v_rec_bal=0.714 | lr=1.0e-05 | 3.0s
  Fold 1 | Ep   4/50 | t_loss=0.1537 t_acc=0.649 | v_win_bal=0.404 v_rec_bal=0.357 | lr=1.0e-05 | 3.0s
  Fold 1 | Ep   5/50 | t_loss=0.1427 t_acc=0.732 | v_win_bal=0.374 v_rec_bal=0.286 | lr=1.0e-05 | 3.0s
  Fold 1 | Ep   6/50 | t_loss=0.1344 t_acc=0.745 | v_win_bal=0.371 v_rec_bal=0.357 | lr=9.9e-06 | 3.0s
  Fold 1 | Ep   7/50 | t_loss=0.1252 t_acc=0.787 | v_win_bal=0.353 v_rec_bal=0.286 | lr=9.8e-06 | 3.0s
  Fold 1 | Ep   8/50 | t_loss=0.1172 t_acc=0.805 | v_win_bal=0.331 v_rec_bal=0.286 | lr=9.7e-06 | 3.0s
  Fold 1 | Ep   9/50 | t_loss=0.1074 t_acc=0.832 | v_win_bal=0.319 v_rec_bal=0.286 | lr=9.6e-06 | 3.0s
  Fold 1 | Ep  10/50 | t_loss=0.0995 t_acc=0.846 | v_win_bal=0.331 v_rec_bal=0.214 | lr=9.5e-06 | 3.0s
  Fold 1 | Ep  11/50 | t_loss=0.0904 t_acc=0.868 | v_win_bal=0.343 v_rec_bal=0.214 | lr=9.3e-06 | 3.0s
  Fold 1 | Ep  12/50 | t_loss=0.0843 t_acc=0.873 | v_win_bal=0.336 v_rec_bal=0.286 | lr=9.1e-06 | 3.0s
  Fold 1 | Ep  13/50 | t_loss=0.0774 t_acc=0.889 | v_win_bal=0.331 v_rec_bal=0.286 | lr=8.9e-06 | 3.0s
  Fold 1 | Ep  14/50 | t_loss=0.0702 t_acc=0.911 | v_win_bal=0.353 v_rec_bal=0.286 | lr=8.7e-06 | 3.0s
  Fold 1 | Ep  15/50 | t_loss=0.0617 t_acc=0.914 | v_win_bal=0.345 v_rec_bal=0.286 | lr=8.5e-06 | 3.0s
  Fold 1 | Ep  16/50 | t_loss=0.0554 t_acc=0.932 | v_win_bal=0.348 v_rec_bal=0.286 | lr=8.2e-06 | 3.0s
  Fold 1 | Ep  17/50 | t_loss=0.0512 t_acc=0.939 | v_win_bal=0.350 v_rec_bal=0.214 | lr=8.0e-06 | 3.0s
  Fold 1 | Ep  18/50 | t_loss=0.0475 t_acc=0.943 | v_win_bal=0.374 v_rec_bal=0.286 | lr=7.7e-06 | 3.0s
  Early stop at epoch 18
  -> Test (best @ epoch 3): acc=0.4286, bal_acc=0.4286

============================================================
Fold 2/5
============================================================
  Train:  42 samples, 21 subjects [0, 1, 3, 4, 5, 7, 8, 13, 16, 17, 19, 20, 21, 23, 24, 26, 27, 29, 30, 31, 33], label_0=22, label_1=20
    Val:  14 samples,  7 subjects [2, 6, 11, 18, 22, 25, 28], label_0=7, label_1=7
   Test:  16 samples,  8 subjects [9, 10, 12, 14, 15, 32, 34, 35], label_0=7, label_1=9
  Building window datasets...
    WindowDataset: 2222 windows (class_0=554, class_1=1668)
    WindowDataset: 336 windows (class_0=180, class_1=156)
    WindowDataset: 385 windows (class_0=156, class_1=229)
[LaBraM] Loaded 219/221 params from weights/labram-base/model.safetensors
[LaBraM] Missing: ['fc_norm.weight', 'fc_norm.bias']
  Fold 2 | Ep   1/50 | t_loss=0.1804 t_acc=0.249 | v_win_bal=0.477 v_rec_bal=0.500 | lr=3.3e-06 | 2.7s
  Fold 2 | Ep   2/50 | t_loss=0.1747 t_acc=0.409 | v_win_bal=0.388 v_rec_bal=0.286 | lr=6.7e-06 | 2.7s
  Fold 2 | Ep   3/50 | t_loss=0.1722 t_acc=0.600 | v_win_bal=0.412 v_rec_bal=0.357 | lr=1.0e-05 | 2.7s
  Fold 2 | Ep   4/50 | t_loss=0.1675 t_acc=0.659 | v_win_bal=0.474 v_rec_bal=0.571 | lr=1.0e-05 | 2.7s
  Fold 2 | Ep   5/50 | t_loss=0.1610 t_acc=0.671 | v_win_bal=0.480 v_rec_bal=0.571 | lr=1.0e-05 | 2.7s
  Fold 2 | Ep   6/50 | t_loss=0.1495 t_acc=0.726 | v_win_bal=0.470 v_rec_bal=0.500 | lr=9.9e-06 | 2.7s
  Fold 2 | Ep   7/50 | t_loss=0.1386 t_acc=0.747 | v_win_bal=0.467 v_rec_bal=0.571 | lr=9.8e-06 | 2.7s
  Fold 2 | Ep   8/50 | t_loss=0.1293 t_acc=0.773 | v_win_bal=0.457 v_rec_bal=0.571 | lr=9.7e-06 | 2.7s
  Fold 2 | Ep   9/50 | t_loss=0.1201 t_acc=0.784 | v_win_bal=0.456 v_rec_bal=0.571 | lr=9.6e-06 | 2.7s
  Fold 2 | Ep  10/50 | t_loss=0.1117 t_acc=0.811 | v_win_bal=0.447 v_rec_bal=0.571 | lr=9.5e-06 | 2.7s
  Fold 2 | Ep  11/50 | t_loss=0.1056 t_acc=0.819 | v_win_bal=0.458 v_rec_bal=0.571 | lr=9.3e-06 | 2.7s
  Fold 2 | Ep  12/50 | t_loss=0.0999 t_acc=0.839 | v_win_bal=0.461 v_rec_bal=0.571 | lr=9.1e-06 | 2.7s
  Fold 2 | Ep  13/50 | t_loss=0.0939 t_acc=0.846 | v_win_bal=0.425 v_rec_bal=0.429 | lr=8.9e-06 | 2.7s
  Fold 2 | Ep  14/50 | t_loss=0.0873 t_acc=0.861 | v_win_bal=0.423 v_rec_bal=0.286 | lr=8.7e-06 | 2.7s
  Fold 2 | Ep  15/50 | t_loss=0.0820 t_acc=0.876 | v_win_bal=0.436 v_rec_bal=0.357 | lr=8.5e-06 | 2.7s
  Fold 2 | Ep  16/50 | t_loss=0.0781 t_acc=0.882 | v_win_bal=0.458 v_rec_bal=0.500 | lr=8.2e-06 | 2.7s
  Fold 2 | Ep  17/50 | t_loss=0.0734 t_acc=0.892 | v_win_bal=0.472 v_rec_bal=0.500 | lr=8.0e-06 | 2.7s
  Fold 2 | Ep  18/50 | t_loss=0.0702 t_acc=0.899 | v_win_bal=0.409 v_rec_bal=0.286 | lr=7.7e-06 | 2.7s
  Fold 2 | Ep  19/50 | t_loss=0.0687 t_acc=0.894 | v_win_bal=0.456 v_rec_bal=0.500 | lr=7.4e-06 | 2.7s
  Fold 2 | Ep  20/50 | t_loss=0.0640 t_acc=0.915 | v_win_bal=0.459 v_rec_bal=0.500 | lr=7.1e-06 | 2.7s
  Fold 2 | Ep  21/50 | t_loss=0.0585 t_acc=0.918 | v_win_bal=0.436 v_rec_bal=0.429 | lr=6.8e-06 | 2.7s
  Fold 2 | Ep  22/50 | t_loss=0.0538 t_acc=0.924 | v_win_bal=0.432 v_rec_bal=0.429 | lr=6.5e-06 | 2.9s
  Fold 2 | Ep  23/50 | t_loss=0.0515 t_acc=0.930 | v_win_bal=0.406 v_rec_bal=0.286 | lr=6.2e-06 | 2.7s
  Fold 2 | Ep  24/50 | t_loss=0.0490 t_acc=0.934 | v_win_bal=0.444 v_rec_bal=0.500 | lr=5.8e-06 | 2.7s
  Early stop at epoch 24
  -> Test (best @ epoch 4): acc=0.5625, bal_acc=0.6111

============================================================
Fold 3/5
============================================================
  Train:  44 samples, 22 subjects [1, 2, 6, 7, 9, 10, 11, 12, 14, 15, 19, 21, 22, 23, 25, 26, 28, 30, 31, 32, 33, 34], label_0=22, label_1=22
    Val:  14 samples,  7 subjects [0, 3, 5, 13, 17, 29, 35], label_0=7, label_1=7
   Test:  14 samples,  7 subjects [4, 8, 16, 18, 20, 24, 27], label_0=7, label_1=7
  Building window datasets...
    WindowDataset: 2414 windows (class_0=556, class_1=1858)
    WindowDataset: 336 windows (class_0=132, class_1=204)
    WindowDataset: 334 windows (class_0=202, class_1=132)
[LaBraM] Loaded 219/221 params from weights/labram-base/model.safetensors
[LaBraM] Missing: ['fc_norm.weight', 'fc_norm.bias']
  Fold 3 | Ep   1/50 | t_loss=0.1734 t_acc=0.568 | v_win_bal=0.466 v_rec_bal=0.429 | lr=3.3e-06 | 2.9s
  Fold 3 | Ep   2/50 | t_loss=0.1712 t_acc=0.561 | v_win_bal=0.426 v_rec_bal=0.357 | lr=6.7e-06 | 2.9s
  Fold 3 | Ep   3/50 | t_loss=0.1671 t_acc=0.627 | v_win_bal=0.422 v_rec_bal=0.286 | lr=1.0e-05 | 2.9s
  Fold 3 | Ep   4/50 | t_loss=0.1591 t_acc=0.649 | v_win_bal=0.379 v_rec_bal=0.357 | lr=1.0e-05 | 2.9s
  Fold 3 | Ep   5/50 | t_loss=0.1495 t_acc=0.708 | v_win_bal=0.369 v_rec_bal=0.429 | lr=1.0e-05 | 2.9s
  Fold 3 | Ep   6/50 | t_loss=0.1397 t_acc=0.757 | v_win_bal=0.364 v_rec_bal=0.286 | lr=9.9e-06 | 2.9s
  Fold 3 | Ep   7/50 | t_loss=0.1318 t_acc=0.778 | v_win_bal=0.340 v_rec_bal=0.357 | lr=9.8e-06 | 2.9s
  Fold 3 | Ep   8/50 | t_loss=0.1236 t_acc=0.793 | v_win_bal=0.343 v_rec_bal=0.357 | lr=9.7e-06 | 2.9s
  Fold 3 | Ep   9/50 | t_loss=0.1169 t_acc=0.812 | v_win_bal=0.328 v_rec_bal=0.357 | lr=9.6e-06 | 2.9s
  Fold 3 | Ep  10/50 | t_loss=0.1106 t_acc=0.824 | v_win_bal=0.331 v_rec_bal=0.286 | lr=9.5e-06 | 2.9s
  Fold 3 | Ep  11/50 | t_loss=0.1028 t_acc=0.841 | v_win_bal=0.279 v_rec_bal=0.071 | lr=9.3e-06 | 2.9s
  Fold 3 | Ep  12/50 | t_loss=0.0947 t_acc=0.849 | v_win_bal=0.295 v_rec_bal=0.143 | lr=9.1e-06 | 2.9s
  Fold 3 | Ep  13/50 | t_loss=0.0875 t_acc=0.862 | v_win_bal=0.294 v_rec_bal=0.143 | lr=8.9e-06 | 2.9s
  Fold 3 | Ep  14/50 | t_loss=0.0798 t_acc=0.880 | v_win_bal=0.282 v_rec_bal=0.143 | lr=8.7e-06 | 2.9s
  Fold 3 | Ep  15/50 | t_loss=0.0727 t_acc=0.897 | v_win_bal=0.295 v_rec_bal=0.143 | lr=8.5e-06 | 2.9s
  Fold 3 | Ep  16/50 | t_loss=0.0657 t_acc=0.910 | v_win_bal=0.324 v_rec_bal=0.286 | lr=8.2e-06 | 2.9s
  Early stop at epoch 16
  -> Test (best @ epoch 1): acc=0.4286, bal_acc=0.4286

============================================================
Fold 4/5
============================================================
  Train:  44 samples, 22 subjects [2, 4, 5, 7, 8, 10, 14, 16, 18, 20, 21, 22, 24, 27, 28, 29, 30, 31, 32, 33, 34, 35], label_0=21, label_1=23
    Val:  14 samples,  7 subjects [0, 1, 6, 9, 12, 15, 23], label_0=7, label_1=7
   Test:  14 samples,  7 subjects [3, 11, 13, 17, 19, 25, 26], label_0=8, label_1=6
  Building window datasets...
    WindowDataset: 2445 windows (class_0=542, class_1=1903)
    WindowDataset: 336 windows (class_0=180, class_1=156)
    WindowDataset: 336 windows (class_0=168, class_1=168)
[LaBraM] Loaded 219/221 params from weights/labram-base/model.safetensors
[LaBraM] Missing: ['fc_norm.weight', 'fc_norm.bias']
  Fold 4 | Ep   1/50 | t_loss=0.1740 t_acc=0.615 | v_win_bal=0.440 v_rec_bal=0.500 | lr=3.3e-06 | 2.9s
  Fold 4 | Ep   2/50 | t_loss=0.1702 t_acc=0.612 | v_win_bal=0.479 v_rec_bal=0.571 | lr=6.7e-06 | 2.9s
  Fold 4 | Ep   3/50 | t_loss=0.1623 t_acc=0.644 | v_win_bal=0.491 v_rec_bal=0.500 | lr=1.0e-05 | 2.9s
  Fold 4 | Ep   4/50 | t_loss=0.1504 t_acc=0.686 | v_win_bal=0.497 v_rec_bal=0.571 | lr=1.0e-05 | 2.9s
  Fold 4 | Ep   5/50 | t_loss=0.1383 t_acc=0.725 | v_win_bal=0.498 v_rec_bal=0.500 | lr=1.0e-05 | 2.9s
  Fold 4 | Ep   6/50 | t_loss=0.1290 t_acc=0.732 | v_win_bal=0.510 v_rec_bal=0.571 | lr=9.9e-06 | 3.0s
  Fold 4 | Ep   7/50 | t_loss=0.1227 t_acc=0.785 | v_win_bal=0.486 v_rec_bal=0.500 | lr=9.8e-06 | 2.9s
  Fold 4 | Ep   8/50 | t_loss=0.1140 t_acc=0.794 | v_win_bal=0.468 v_rec_bal=0.500 | lr=9.7e-06 | 2.9s
  Fold 4 | Ep   9/50 | t_loss=0.1046 t_acc=0.819 | v_win_bal=0.466 v_rec_bal=0.429 | lr=9.6e-06 | 2.9s
  Fold 4 | Ep  10/50 | t_loss=0.0973 t_acc=0.855 | v_win_bal=0.458 v_rec_bal=0.429 | lr=9.5e-06 | 2.9s
  Fold 4 | Ep  11/50 | t_loss=0.0906 t_acc=0.863 | v_win_bal=0.459 v_rec_bal=0.286 | lr=9.3e-06 | 2.9s
  Fold 4 | Ep  12/50 | t_loss=0.0829 t_acc=0.873 | v_win_bal=0.440 v_rec_bal=0.357 | lr=9.1e-06 | 2.9s
  Fold 4 | Ep  13/50 | t_loss=0.0753 t_acc=0.892 | v_win_bal=0.422 v_rec_bal=0.286 | lr=8.9e-06 | 3.0s
  Fold 4 | Ep  14/50 | t_loss=0.0697 t_acc=0.896 | v_win_bal=0.462 v_rec_bal=0.500 | lr=8.7e-06 | 3.0s
  Fold 4 | Ep  15/50 | t_loss=0.0677 t_acc=0.909 | v_win_bal=0.430 v_rec_bal=0.429 | lr=8.5e-06 | 3.0s
  Fold 4 | Ep  16/50 | t_loss=0.0569 t_acc=0.924 | v_win_bal=0.394 v_rec_bal=0.214 | lr=8.2e-06 | 3.0s
  Fold 4 | Ep  17/50 | t_loss=0.0499 t_acc=0.938 | v_win_bal=0.418 v_rec_bal=0.357 | lr=8.0e-06 | 3.0s
  Fold 4 | Ep  18/50 | t_loss=0.0467 t_acc=0.939 | v_win_bal=0.399 v_rec_bal=0.214 | lr=7.7e-06 | 3.0s
  Fold 4 | Ep  19/50 | t_loss=0.0405 t_acc=0.951 | v_win_bal=0.406 v_rec_bal=0.214 | lr=7.4e-06 | 3.2s
  Early stop at epoch 19
  -> Test (best @ epoch 2): acc=0.5000, bal_acc=0.4583

============================================================
Fold 5/5
============================================================
  Train:  44 samples, 22 subjects [1, 3, 4, 7, 8, 11, 12, 13, 14, 15, 16, 18, 19, 23, 24, 25, 26, 29, 30, 32, 33, 34], label_0=22, label_1=22
    Val:  14 samples,  7 subjects [9, 10, 17, 20, 27, 31, 35], label_0=7, label_1=7
   Test:  14 samples,  7 subjects [0, 2, 5, 6, 21, 22, 28], label_0=7, label_1=7
  Building window datasets...
    WindowDataset: 2428 windows (class_0=574, class_1=1854)
    WindowDataset: 317 windows (class_0=136, class_1=181)
    WindowDataset: 336 windows (class_0=180, class_1=156)
[LaBraM] Loaded 219/221 params from weights/labram-base/model.safetensors
[LaBraM] Missing: ['fc_norm.weight', 'fc_norm.bias']
  Fold 5 | Ep   1/50 | t_loss=0.1730 t_acc=0.377 | v_win_bal=0.588 v_rec_bal=0.643 | lr=3.3e-06 | 2.9s
  Fold 5 | Ep   2/50 | t_loss=0.1708 t_acc=0.600 | v_win_bal=0.522 v_rec_bal=0.500 | lr=6.7e-06 | 2.9s
  Fold 5 | Ep   3/50 | t_loss=0.1665 t_acc=0.665 | v_win_bal=0.523 v_rec_bal=0.429 | lr=1.0e-05 | 2.9s
  Fold 5 | Ep   4/50 | t_loss=0.1600 t_acc=0.653 | v_win_bal=0.487 v_rec_bal=0.429 | lr=1.0e-05 | 2.9s
  Fold 5 | Ep   5/50 | t_loss=0.1514 t_acc=0.715 | v_win_bal=0.496 v_rec_bal=0.500 | lr=1.0e-05 | 2.9s
  Fold 5 | Ep   6/50 | t_loss=0.1456 t_acc=0.716 | v_win_bal=0.446 v_rec_bal=0.429 | lr=9.9e-06 | 2.9s
  Fold 5 | Ep   7/50 | t_loss=0.1393 t_acc=0.729 | v_win_bal=0.469 v_rec_bal=0.429 | lr=9.8e-06 | 2.9s
  Fold 5 | Ep   8/50 | t_loss=0.1341 t_acc=0.751 | v_win_bal=0.450 v_rec_bal=0.429 | lr=9.7e-06 | 2.9s
  Fold 5 | Ep   9/50 | t_loss=0.1268 t_acc=0.764 | v_win_bal=0.456 v_rec_bal=0.429 | lr=9.6e-06 | 2.9s
  Fold 5 | Ep  10/50 | t_loss=0.1217 t_acc=0.797 | v_win_bal=0.461 v_rec_bal=0.429 | lr=9.5e-06 | 2.9s
  Fold 5 | Ep  11/50 | t_loss=0.1162 t_acc=0.796 | v_win_bal=0.440 v_rec_bal=0.429 | lr=9.3e-06 | 2.9s
  Fold 5 | Ep  12/50 | t_loss=0.1093 t_acc=0.821 | v_win_bal=0.433 v_rec_bal=0.429 | lr=9.1e-06 | 2.9s
  Fold 5 | Ep  13/50 | t_loss=0.1034 t_acc=0.831 | v_win_bal=0.446 v_rec_bal=0.429 | lr=8.9e-06 | 2.9s
  Fold 5 | Ep  14/50 | t_loss=0.0976 t_acc=0.852 | v_win_bal=0.437 v_rec_bal=0.500 | lr=8.7e-06 | 2.9s
  Fold 5 | Ep  15/50 | t_loss=0.0915 t_acc=0.862 | v_win_bal=0.446 v_rec_bal=0.429 | lr=8.5e-06 | 2.9s
  Fold 5 | Ep  16/50 | t_loss=0.0863 t_acc=0.882 | v_win_bal=0.472 v_rec_bal=0.429 | lr=8.2e-06 | 2.9s
  Early stop at epoch 16
  -> Test (best @ epoch 1): acc=0.2143, bal_acc=0.2143

============================================================
Global Results (5-Fold, subject-level CV)
Mode: FT | Extractor: labram | Loss: focal
============================================================
              acc: 0.4306
          bal_acc: 0.4306
               f1: 0.4296
            kappa: -0.1389
  Total predictions: 72 (should equal dataset size: 72)

Results saved to results/studies/exp27_paired_null/eegmat/perm_s24/
