/raid/jupyter-linjimmy1003.md10/.conda/envs/stress/lib/python3.11/site-packages/timm/models/layers/__init__.py:49: FutureWarning: Importing from timm.models.layers is deprecated, please import via timm.layers
  warnings.warn(f"Importing from {__name__} is deprecated, please import via timm.layers", FutureWarning)
Mode: FT | Extractor: labram | Folds: 5
LR: 1e-05 | WD: 0.05 | Beta2: 0.999 | Grad clip: 2.0
Head: hidden=128, dropout=0.0 | Norm: zscore | Loss: focal
Full FT: encoder_lr_scale=0.1
Augmentation: 75% overlap for increase class

Results → results/studies/exp27_paired_null/eegmat/perm_s14/
EEGMAT: 72 recordings from 36 subjects (rest=36, task=36)
EEGMAT: 72 recordings, 36 subjects (task=36, rest=36)
[permute-labels] Shuffled labels with rng seed 14. Class balance preserved: 36 pos / 36 neg

============================================================
Fold 1/5
============================================================
  Train:  42 samples, 21 subjects [1, 3, 4, 5, 6, 7, 9, 10, 12, 13, 14, 19, 20, 21, 22, 24, 25, 26, 27, 29, 35], label_0=22, label_1=20
    Val:  16 samples,  8 subjects [8, 15, 17, 23, 30, 31, 32, 34], label_0=7, label_1=9
   Test:  14 samples,  7 subjects [0, 2, 11, 16, 18, 28, 33], label_0=7, label_1=7
  Building window datasets...
    WindowDataset: 2243 windows (class_0=575, class_1=1668)
    WindowDataset: 364 windows (class_0=156, class_1=208)
    WindowDataset: 336 windows (class_0=132, class_1=204)
[LaBraM] Loaded 219/221 params from weights/labram-base/model.safetensors
[LaBraM] Missing: ['fc_norm.weight', 'fc_norm.bias']
  Trainable parameters: 5,871,779
  Class weights: [1.9504348039627075, 0.6723620891571045]
  Fold 1 | Ep   1/50 | t_loss=0.1888 t_acc=0.259 | v_win_bal=0.507 v_rec_bal=0.500 | lr=3.3e-06 | 4.9s
  Fold 1 | Ep   2/50 | t_loss=0.1741 t_acc=0.483 | v_win_bal=0.534 v_rec_bal=0.444 | lr=6.7e-06 | 2.8s
  Fold 1 | Ep   3/50 | t_loss=0.1715 t_acc=0.619 | v_win_bal=0.502 v_rec_bal=0.444 | lr=1.0e-05 | 2.8s
  Fold 1 | Ep   4/50 | t_loss=0.1680 t_acc=0.610 | v_win_bal=0.524 v_rec_bal=0.548 | lr=1.0e-05 | 2.8s
  Fold 1 | Ep   5/50 | t_loss=0.1638 t_acc=0.653 | v_win_bal=0.514 v_rec_bal=0.421 | lr=1.0e-05 | 2.8s
  Fold 1 | Ep   6/50 | t_loss=0.1602 t_acc=0.649 | v_win_bal=0.501 v_rec_bal=0.421 | lr=9.9e-06 | 2.8s
  Fold 1 | Ep   7/50 | t_loss=0.1560 t_acc=0.658 | v_win_bal=0.488 v_rec_bal=0.333 | lr=9.8e-06 | 2.8s
  Fold 1 | Ep   8/50 | t_loss=0.1515 t_acc=0.696 | v_win_bal=0.501 v_rec_bal=0.492 | lr=9.7e-06 | 2.8s
  Fold 1 | Ep   9/50 | t_loss=0.1451 t_acc=0.719 | v_win_bal=0.508 v_rec_bal=0.389 | lr=9.6e-06 | 2.8s
  Fold 1 | Ep  10/50 | t_loss=0.1374 t_acc=0.743 | v_win_bal=0.502 v_rec_bal=0.389 | lr=9.5e-06 | 2.8s
  Fold 1 | Ep  11/50 | t_loss=0.1305 t_acc=0.763 | v_win_bal=0.510 v_rec_bal=0.460 | lr=9.3e-06 | 2.8s
  Fold 1 | Ep  12/50 | t_loss=0.1223 t_acc=0.791 | v_win_bal=0.518 v_rec_bal=0.563 | lr=9.1e-06 | 2.7s
  Fold 1 | Ep  13/50 | t_loss=0.1163 t_acc=0.792 | v_win_bal=0.510 v_rec_bal=0.444 | lr=8.9e-06 | 2.7s
  Fold 1 | Ep  14/50 | t_loss=0.1090 t_acc=0.812 | v_win_bal=0.526 v_rec_bal=0.619 | lr=8.7e-06 | 2.7s
  Fold 1 | Ep  15/50 | t_loss=0.1016 t_acc=0.831 | v_win_bal=0.517 v_rec_bal=0.563 | lr=8.5e-06 | 2.7s
  Fold 1 | Ep  16/50 | t_loss=0.0946 t_acc=0.845 | v_win_bal=0.506 v_rec_bal=0.476 | lr=8.2e-06 | 2.7s
  Fold 1 | Ep  17/50 | t_loss=0.0883 t_acc=0.858 | v_win_bal=0.505 v_rec_bal=0.619 | lr=8.0e-06 | 2.7s
  Fold 1 | Ep  18/50 | t_loss=0.0807 t_acc=0.873 | v_win_bal=0.512 v_rec_bal=0.619 | lr=7.7e-06 | 2.7s
  Fold 1 | Ep  19/50 | t_loss=0.0760 t_acc=0.883 | v_win_bal=0.527 v_rec_bal=0.619 | lr=7.4e-06 | 2.7s
  Fold 1 | Ep  20/50 | t_loss=0.0690 t_acc=0.897 | v_win_bal=0.497 v_rec_bal=0.333 | lr=7.1e-06 | 2.7s
  Fold 1 | Ep  21/50 | t_loss=0.0636 t_acc=0.911 | v_win_bal=0.509 v_rec_bal=0.563 | lr=6.8e-06 | 2.7s
  Fold 1 | Ep  22/50 | t_loss=0.0573 t_acc=0.918 | v_win_bal=0.506 v_rec_bal=0.548 | lr=6.5e-06 | 2.7s
  Fold 1 | Ep  23/50 | t_loss=0.0524 t_acc=0.929 | v_win_bal=0.510 v_rec_bal=0.532 | lr=6.2e-06 | 2.7s
  Fold 1 | Ep  24/50 | t_loss=0.0484 t_acc=0.932 | v_win_bal=0.505 v_rec_bal=0.492 | lr=5.8e-06 | 2.7s
  Fold 1 | Ep  25/50 | t_loss=0.0432 t_acc=0.943 | v_win_bal=0.506 v_rec_bal=0.563 | lr=5.5e-06 | 2.7s
  Fold 1 | Ep  26/50 | t_loss=0.0396 t_acc=0.950 | v_win_bal=0.527 v_rec_bal=0.563 | lr=5.2e-06 | 2.7s
  Fold 1 | Ep  27/50 | t_loss=0.0356 t_acc=0.958 | v_win_bal=0.514 v_rec_bal=0.492 | lr=4.8e-06 | 2.8s
  Fold 1 | Ep  28/50 | t_loss=0.0327 t_acc=0.961 | v_win_bal=0.512 v_rec_bal=0.675 | lr=4.5e-06 | 2.7s
  Fold 1 | Ep  29/50 | t_loss=0.0305 t_acc=0.967 | v_win_bal=0.524 v_rec_bal=0.563 | lr=4.2e-06 | 2.7s
  Fold 1 | Ep  30/50 | t_loss=0.0270 t_acc=0.971 | v_win_bal=0.502 v_rec_bal=0.492 | lr=3.8e-06 | 2.7s
  Fold 1 | Ep  31/50 | t_loss=0.0253 t_acc=0.975 | v_win_bal=0.502 v_rec_bal=0.563 | lr=3.5e-06 | 2.7s
  Fold 1 | Ep  32/50 | t_loss=0.0235 t_acc=0.972 | v_win_bal=0.521 v_rec_bal=0.563 | lr=3.2e-06 | 2.7s
  Fold 1 | Ep  33/50 | t_loss=0.0214 t_acc=0.978 | v_win_bal=0.506 v_rec_bal=0.492 | lr=2.9e-06 | 2.7s
  Fold 1 | Ep  34/50 | t_loss=0.0192 t_acc=0.983 | v_win_bal=0.510 v_rec_bal=0.548 | lr=2.6e-06 | 2.7s
  Early stop at epoch 34
  -> Test (best @ epoch 28): acc=0.4286, bal_acc=0.4286

============================================================
Fold 2/5
============================================================
  Train:  42 samples, 21 subjects [0, 2, 4, 6, 7, 8, 9, 11, 13, 16, 17, 18, 19, 21, 22, 23, 25, 27, 30, 34, 35], label_0=20, label_1=22
    Val:  14 samples,  7 subjects [5, 15, 20, 24, 28, 29, 33], label_0=7, label_1=7
   Test:  16 samples,  8 subjects [1, 3, 10, 12, 14, 26, 31, 32], label_0=9, label_1=7
  Building window datasets...
    WindowDataset: 2524 windows (class_0=478, class_1=2046)
    WindowDataset: 336 windows (class_0=156, class_1=180)
    WindowDataset: 365 windows (class_0=229, class_1=136)
[LaBraM] Loaded 219/221 params from weights/labram-base/model.safetensors
[LaBraM] Missing: ['fc_norm.weight', 'fc_norm.bias']
  Fold 2 | Ep   1/50 | t_loss=0.1736 t_acc=0.410 | v_win_bal=0.433 v_rec_bal=0.429 | lr=3.3e-06 | 3.5s
  Fold 2 | Ep   2/50 | t_loss=0.1716 t_acc=0.596 | v_win_bal=0.447 v_rec_bal=0.571 | lr=6.7e-06 | 3.3s
  Fold 2 | Ep   3/50 | t_loss=0.1690 t_acc=0.706 | v_win_bal=0.409 v_rec_bal=0.429 | lr=1.0e-05 | 3.3s
  Fold 2 | Ep   4/50 | t_loss=0.1634 t_acc=0.669 | v_win_bal=0.434 v_rec_bal=0.500 | lr=1.0e-05 | 3.2s
  Fold 2 | Ep   5/50 | t_loss=0.1541 t_acc=0.722 | v_win_bal=0.397 v_rec_bal=0.357 | lr=1.0e-05 | 3.2s
  Fold 2 | Ep   6/50 | t_loss=0.1441 t_acc=0.746 | v_win_bal=0.355 v_rec_bal=0.357 | lr=9.9e-06 | 3.2s
  Fold 2 | Ep   7/50 | t_loss=0.1339 t_acc=0.754 | v_win_bal=0.347 v_rec_bal=0.286 | lr=9.8e-06 | 3.2s
  Fold 2 | Ep   8/50 | t_loss=0.1264 t_acc=0.780 | v_win_bal=0.396 v_rec_bal=0.500 | lr=9.7e-06 | 3.2s
  Fold 2 | Ep   9/50 | t_loss=0.1194 t_acc=0.807 | v_win_bal=0.367 v_rec_bal=0.429 | lr=9.6e-06 | 3.1s
  Fold 2 | Ep  10/50 | t_loss=0.1114 t_acc=0.829 | v_win_bal=0.356 v_rec_bal=0.357 | lr=9.5e-06 | 3.2s
  Fold 2 | Ep  11/50 | t_loss=0.1042 t_acc=0.841 | v_win_bal=0.379 v_rec_bal=0.500 | lr=9.3e-06 | 3.2s
  Fold 2 | Ep  12/50 | t_loss=0.0976 t_acc=0.858 | v_win_bal=0.416 v_rec_bal=0.500 | lr=9.1e-06 | 3.1s
  Fold 2 | Ep  13/50 | t_loss=0.0920 t_acc=0.873 | v_win_bal=0.334 v_rec_bal=0.357 | lr=8.9e-06 | 3.1s
  Fold 2 | Ep  14/50 | t_loss=0.0849 t_acc=0.875 | v_win_bal=0.339 v_rec_bal=0.357 | lr=8.7e-06 | 3.1s
  Fold 2 | Ep  15/50 | t_loss=0.0787 t_acc=0.893 | v_win_bal=0.337 v_rec_bal=0.357 | lr=8.5e-06 | 3.2s
  Fold 2 | Ep  16/50 | t_loss=0.0728 t_acc=0.901 | v_win_bal=0.338 v_rec_bal=0.357 | lr=8.2e-06 | 3.2s
  Fold 2 | Ep  17/50 | t_loss=0.0662 t_acc=0.911 | v_win_bal=0.330 v_rec_bal=0.357 | lr=8.0e-06 | 3.1s
  Early stop at epoch 17
  -> Test (best @ epoch 2): acc=0.5000, bal_acc=0.5079

============================================================
Fold 3/5
============================================================
  Train:  42 samples, 21 subjects [0, 2, 3, 7, 8, 9, 10, 11, 13, 15, 16, 17, 20, 22, 23, 25, 26, 28, 29, 30, 31], label_0=23, label_1=19
    Val:  16 samples,  8 subjects [1, 5, 12, 14, 18, 32, 33, 34], label_0=7, label_1=9
   Test:  14 samples,  7 subjects [4, 6, 19, 21, 24, 27, 35], label_0=6, label_1=8
  Building window datasets...
    WindowDataset: 2204 windows (class_0=565, class_1=1639)
    WindowDataset: 384 windows (class_0=132, class_1=252)
    WindowDataset: 334 windows (class_0=166, class_1=168)
[LaBraM] Loaded 219/221 params from weights/labram-base/model.safetensors
[LaBraM] Missing: ['fc_norm.weight', 'fc_norm.bias']
  Fold 3 | Ep   1/50 | t_loss=0.1746 t_acc=0.297 | v_win_bal=0.503 v_rec_bal=0.500 | lr=3.3e-06 | 2.8s
  Fold 3 | Ep   2/50 | t_loss=0.1717 t_acc=0.556 | v_win_bal=0.511 v_rec_bal=0.524 | lr=6.7e-06 | 2.8s
  Fold 3 | Ep   3/50 | t_loss=0.1679 t_acc=0.597 | v_win_bal=0.501 v_rec_bal=0.413 | lr=1.0e-05 | 2.8s
  Fold 3 | Ep   4/50 | t_loss=0.1625 t_acc=0.646 | v_win_bal=0.457 v_rec_bal=0.413 | lr=1.0e-05 | 2.8s
  Fold 3 | Ep   5/50 | t_loss=0.1559 t_acc=0.647 | v_win_bal=0.493 v_rec_bal=0.476 | lr=1.0e-05 | 2.8s
  Fold 3 | Ep   6/50 | t_loss=0.1508 t_acc=0.689 | v_win_bal=0.482 v_rec_bal=0.508 | lr=9.9e-06 | 2.8s
  Fold 3 | Ep   7/50 | t_loss=0.1430 t_acc=0.733 | v_win_bal=0.444 v_rec_bal=0.365 | lr=9.8e-06 | 2.8s
  Fold 3 | Ep   8/50 | t_loss=0.1373 t_acc=0.747 | v_win_bal=0.434 v_rec_bal=0.421 | lr=9.7e-06 | 2.8s
  Fold 3 | Ep   9/50 | t_loss=0.1315 t_acc=0.759 | v_win_bal=0.437 v_rec_bal=0.437 | lr=9.6e-06 | 2.8s
  Fold 3 | Ep  10/50 | t_loss=0.1264 t_acc=0.786 | v_win_bal=0.426 v_rec_bal=0.397 | lr=9.5e-06 | 2.8s
  Fold 3 | Ep  11/50 | t_loss=0.1188 t_acc=0.807 | v_win_bal=0.427 v_rec_bal=0.381 | lr=9.3e-06 | 2.8s
  Fold 3 | Ep  12/50 | t_loss=0.1133 t_acc=0.813 | v_win_bal=0.429 v_rec_bal=0.397 | lr=9.1e-06 | 2.8s
  Fold 3 | Ep  13/50 | t_loss=0.1076 t_acc=0.836 | v_win_bal=0.435 v_rec_bal=0.437 | lr=8.9e-06 | 2.8s
  Fold 3 | Ep  14/50 | t_loss=0.0999 t_acc=0.844 | v_win_bal=0.447 v_rec_bal=0.437 | lr=8.7e-06 | 2.8s
  Fold 3 | Ep  15/50 | t_loss=0.0951 t_acc=0.849 | v_win_bal=0.442 v_rec_bal=0.437 | lr=8.5e-06 | 2.8s
  Fold 3 | Ep  16/50 | t_loss=0.0897 t_acc=0.867 | v_win_bal=0.431 v_rec_bal=0.437 | lr=8.2e-06 | 2.8s
  Fold 3 | Ep  17/50 | t_loss=0.0841 t_acc=0.877 | v_win_bal=0.428 v_rec_bal=0.437 | lr=8.0e-06 | 2.7s
  Early stop at epoch 17
  -> Test (best @ epoch 2): acc=0.4286, bal_acc=0.4375

============================================================
Fold 4/5
============================================================
  Train:  44 samples, 22 subjects [2, 3, 4, 5, 6, 7, 9, 10, 11, 12, 13, 14, 15, 16, 18, 26, 27, 28, 29, 31, 32, 35], label_0=21, label_1=23
    Val:  14 samples,  7 subjects [0, 1, 19, 20, 21, 24, 33], label_0=7, label_1=7
   Test:  14 samples,  7 subjects [8, 17, 22, 23, 25, 30, 34], label_0=8, label_1=6
  Building window datasets...
    WindowDataset: 2598 windows (class_0=491, class_1=2107)
    WindowDataset: 336 windows (class_0=180, class_1=156)
    WindowDataset: 336 windows (class_0=192, class_1=144)
[LaBraM] Loaded 219/221 params from weights/labram-base/model.safetensors
[LaBraM] Missing: ['fc_norm.weight', 'fc_norm.bias']
  Fold 4 | Ep   1/50 | t_loss=0.1745 t_acc=0.734 | v_win_bal=0.488 v_rec_bal=0.429 | lr=3.3e-06 | 3.2s
  Fold 4 | Ep   2/50 | t_loss=0.1707 t_acc=0.651 | v_win_bal=0.499 v_rec_bal=0.357 | lr=6.7e-06 | 3.2s
  Fold 4 | Ep   3/50 | t_loss=0.1664 t_acc=0.645 | v_win_bal=0.485 v_rec_bal=0.429 | lr=1.0e-05 | 3.3s
  Fold 4 | Ep   4/50 | t_loss=0.1628 t_acc=0.687 | v_win_bal=0.465 v_rec_bal=0.429 | lr=1.0e-05 | 3.3s
  Fold 4 | Ep   5/50 | t_loss=0.1574 t_acc=0.710 | v_win_bal=0.537 v_rec_bal=0.429 | lr=1.0e-05 | 3.4s
  Fold 4 | Ep   6/50 | t_loss=0.1532 t_acc=0.696 | v_win_bal=0.542 v_rec_bal=0.500 | lr=9.9e-06 | 3.3s
  Fold 4 | Ep   7/50 | t_loss=0.1464 t_acc=0.738 | v_win_bal=0.507 v_rec_bal=0.429 | lr=9.8e-06 | 3.4s
  Fold 4 | Ep   8/50 | t_loss=0.1399 t_acc=0.757 | v_win_bal=0.529 v_rec_bal=0.429 | lr=9.7e-06 | 3.2s
  Fold 4 | Ep   9/50 | t_loss=0.1318 t_acc=0.776 | v_win_bal=0.518 v_rec_bal=0.429 | lr=9.6e-06 | 3.2s
  Fold 4 | Ep  10/50 | t_loss=0.1244 t_acc=0.797 | v_win_bal=0.516 v_rec_bal=0.429 | lr=9.5e-06 | 3.1s
  Fold 4 | Ep  11/50 | t_loss=0.1156 t_acc=0.823 | v_win_bal=0.506 v_rec_bal=0.429 | lr=9.3e-06 | 3.2s
  Fold 4 | Ep  12/50 | t_loss=0.1071 t_acc=0.838 | v_win_bal=0.504 v_rec_bal=0.429 | lr=9.1e-06 | 3.1s
  Fold 4 | Ep  13/50 | t_loss=0.1000 t_acc=0.850 | v_win_bal=0.509 v_rec_bal=0.429 | lr=8.9e-06 | 3.2s
  Fold 4 | Ep  14/50 | t_loss=0.0950 t_acc=0.855 | v_win_bal=0.515 v_rec_bal=0.429 | lr=8.7e-06 | 3.1s
  Fold 4 | Ep  15/50 | t_loss=0.0857 t_acc=0.877 | v_win_bal=0.521 v_rec_bal=0.429 | lr=8.5e-06 | 3.2s
  Fold 4 | Ep  16/50 | t_loss=0.0792 t_acc=0.892 | v_win_bal=0.509 v_rec_bal=0.429 | lr=8.2e-06 | 3.2s
  Fold 4 | Ep  17/50 | t_loss=0.0720 t_acc=0.905 | v_win_bal=0.519 v_rec_bal=0.429 | lr=8.0e-06 | 3.1s
  Fold 4 | Ep  18/50 | t_loss=0.0657 t_acc=0.919 | v_win_bal=0.487 v_rec_bal=0.357 | lr=7.7e-06 | 3.2s
  Fold 4 | Ep  19/50 | t_loss=0.0584 t_acc=0.922 | v_win_bal=0.534 v_rec_bal=0.429 | lr=7.4e-06 | 3.1s
  Fold 4 | Ep  20/50 | t_loss=0.0527 t_acc=0.935 | v_win_bal=0.524 v_rec_bal=0.429 | lr=7.1e-06 | 3.1s
  Fold 4 | Ep  21/50 | t_loss=0.0483 t_acc=0.942 | v_win_bal=0.513 v_rec_bal=0.429 | lr=6.8e-06 | 3.1s
  Early stop at epoch 21
  -> Test (best @ epoch 6): acc=0.5714, bal_acc=0.6250

============================================================
Fold 5/5
============================================================
  Train:  44 samples, 22 subjects [0, 2, 3, 4, 6, 8, 11, 12, 14, 17, 18, 19, 21, 22, 24, 26, 27, 28, 31, 32, 33, 35], label_0=23, label_1=21
    Val:  14 samples,  7 subjects [1, 10, 16, 23, 25, 30, 34], label_0=7, label_1=7
   Test:  14 samples,  7 subjects [5, 7, 9, 13, 15, 20, 29], label_0=6, label_1=8
  Building window datasets...
    WindowDataset: 2531 windows (class_0=514, class_1=2017)
    WindowDataset: 337 windows (class_0=205, class_1=132)
    WindowDataset: 336 windows (class_0=144, class_1=192)
[LaBraM] Loaded 219/221 params from weights/labram-base/model.safetensors
[LaBraM] Missing: ['fc_norm.weight', 'fc_norm.bias']
  Fold 5 | Ep   1/50 | t_loss=0.1769 t_acc=0.234 | v_win_bal=0.505 v_rec_bal=0.500 | lr=3.3e-06 | 3.0s
  Fold 5 | Ep   2/50 | t_loss=0.1721 t_acc=0.569 | v_win_bal=0.501 v_rec_bal=0.429 | lr=6.7e-06 | 3.0s
  Fold 5 | Ep   3/50 | t_loss=0.1687 t_acc=0.622 | v_win_bal=0.468 v_rec_bal=0.357 | lr=1.0e-05 | 3.1s
  Fold 5 | Ep   4/50 | t_loss=0.1645 t_acc=0.631 | v_win_bal=0.472 v_rec_bal=0.429 | lr=1.0e-05 | 3.1s
  Fold 5 | Ep   5/50 | t_loss=0.1602 t_acc=0.653 | v_win_bal=0.499 v_rec_bal=0.500 | lr=1.0e-05 | 3.0s
  Fold 5 | Ep   6/50 | t_loss=0.1557 t_acc=0.647 | v_win_bal=0.537 v_rec_bal=0.500 | lr=9.9e-06 | 3.1s
  Fold 5 | Ep   7/50 | t_loss=0.1513 t_acc=0.693 | v_win_bal=0.525 v_rec_bal=0.500 | lr=9.8e-06 | 3.0s
  Fold 5 | Ep   8/50 | t_loss=0.1468 t_acc=0.698 | v_win_bal=0.552 v_rec_bal=0.429 | lr=9.7e-06 | 3.0s
  Fold 5 | Ep   9/50 | t_loss=0.1415 t_acc=0.703 | v_win_bal=0.550 v_rec_bal=0.429 | lr=9.6e-06 | 3.1s
  Fold 5 | Ep  10/50 | t_loss=0.1353 t_acc=0.742 | v_win_bal=0.552 v_rec_bal=0.500 | lr=9.5e-06 | 3.0s
  Fold 5 | Ep  11/50 | t_loss=0.1266 t_acc=0.759 | v_win_bal=0.562 v_rec_bal=0.643 | lr=9.3e-06 | 3.0s
  Fold 5 | Ep  12/50 | t_loss=0.1192 t_acc=0.778 | v_win_bal=0.513 v_rec_bal=0.429 | lr=9.1e-06 | 3.1s
  Fold 5 | Ep  13/50 | t_loss=0.1119 t_acc=0.801 | v_win_bal=0.551 v_rec_bal=0.643 | lr=8.9e-06 | 3.1s
  Fold 5 | Ep  14/50 | t_loss=0.1030 t_acc=0.824 | v_win_bal=0.525 v_rec_bal=0.429 | lr=8.7e-06 | 3.0s
  Fold 5 | Ep  15/50 | t_loss=0.0934 t_acc=0.849 | v_win_bal=0.513 v_rec_bal=0.500 | lr=8.5e-06 | 3.1s
  Fold 5 | Ep  16/50 | t_loss=0.0860 t_acc=0.868 | v_win_bal=0.519 v_rec_bal=0.429 | lr=8.2e-06 | 3.1s
  Fold 5 | Ep  17/50 | t_loss=0.0767 t_acc=0.878 | v_win_bal=0.497 v_rec_bal=0.429 | lr=8.0e-06 | 3.1s
  Fold 5 | Ep  18/50 | t_loss=0.0698 t_acc=0.900 | v_win_bal=0.492 v_rec_bal=0.571 | lr=7.7e-06 | 3.1s
  Fold 5 | Ep  19/50 | t_loss=0.0638 t_acc=0.914 | v_win_bal=0.495 v_rec_bal=0.429 | lr=7.4e-06 | 3.1s
  Fold 5 | Ep  20/50 | t_loss=0.0563 t_acc=0.922 | v_win_bal=0.494 v_rec_bal=0.571 | lr=7.1e-06 | 3.0s
  Fold 5 | Ep  21/50 | t_loss=0.0513 t_acc=0.937 | v_win_bal=0.506 v_rec_bal=0.429 | lr=6.8e-06 | 3.0s
  Fold 5 | Ep  22/50 | t_loss=0.0455 t_acc=0.939 | v_win_bal=0.494 v_rec_bal=0.429 | lr=6.5e-06 | 3.0s
  Fold 5 | Ep  23/50 | t_loss=0.0414 t_acc=0.953 | v_win_bal=0.498 v_rec_bal=0.500 | lr=6.2e-06 | 3.1s
  Fold 5 | Ep  24/50 | t_loss=0.0355 t_acc=0.957 | v_win_bal=0.509 v_rec_bal=0.500 | lr=5.8e-06 | 3.1s
  Fold 5 | Ep  25/50 | t_loss=0.0313 t_acc=0.967 | v_win_bal=0.487 v_rec_bal=0.500 | lr=5.5e-06 | 3.0s
  Fold 5 | Ep  26/50 | t_loss=0.0293 t_acc=0.966 | v_win_bal=0.496 v_rec_bal=0.500 | lr=5.2e-06 | 3.1s
  Fold 5 | Ep  27/50 | t_loss=0.0247 t_acc=0.975 | v_win_bal=0.482 v_rec_bal=0.429 | lr=4.8e-06 | 3.0s
  Fold 5 | Ep  28/50 | t_loss=0.0246 t_acc=0.977 | v_win_bal=0.506 v_rec_bal=0.500 | lr=4.5e-06 | 3.0s
  Early stop at epoch 28
  -> Test (best @ epoch 11): acc=0.4286, bal_acc=0.4792

============================================================
Global Results (5-Fold, subject-level CV)
Mode: FT | Extractor: labram | Loss: focal
============================================================
              acc: 0.4722
          bal_acc: 0.4722
               f1: 0.4685
            kappa: -0.0556
  Total predictions: 72 (should equal dataset size: 72)

Results saved to results/studies/exp27_paired_null/eegmat/perm_s14/
