/raid/jupyter-linjimmy1003.md10/.conda/envs/stress/lib/python3.11/site-packages/timm/models/layers/__init__.py:49: FutureWarning: Importing from timm.models.layers is deprecated, please import via timm.layers
  warnings.warn(f"Importing from {__name__} is deprecated, please import via timm.layers", FutureWarning)
Mode: FT | Extractor: labram | Folds: 5
LR: 1e-05 | WD: 0.05 | Beta2: 0.999 | Grad clip: 2.0
Head: hidden=128, dropout=0.0 | Norm: zscore | Loss: focal
Full FT: encoder_lr_scale=0.1
Augmentation: 75% overlap for increase class

Results → results/studies/exp27_paired_null/eegmat/perm_s18/
EEGMAT: 72 recordings from 36 subjects (rest=36, task=36)
EEGMAT: 72 recordings, 36 subjects (task=36, rest=36)
[permute-labels] Shuffled labels with rng seed 18. Class balance preserved: 36 pos / 36 neg

============================================================
Fold 1/5
============================================================
  Train:  44 samples, 22 subjects [0, 1, 2, 4, 5, 8, 9, 10, 12, 13, 14, 16, 21, 22, 23, 24, 25, 26, 28, 30, 31, 33], label_0=22, label_1=22
    Val:  14 samples,  7 subjects [6, 11, 18, 19, 20, 27, 34], label_0=7, label_1=7
   Test:  14 samples,  7 subjects [3, 7, 15, 17, 29, 32, 35], label_0=7, label_1=7
  Building window datasets...
    WindowDataset: 2622 windows (class_0=484, class_1=2138)
    WindowDataset: 336 windows (class_0=204, class_1=132)
    WindowDataset: 336 windows (class_0=156, class_1=180)
[LaBraM] Loaded 219/221 params from weights/labram-base/model.safetensors
[LaBraM] Missing: ['fc_norm.weight', 'fc_norm.bias']
  Trainable parameters: 5,871,779
  Class weights: [2.7086777687072754, 0.6131898760795593]
  Fold 1 | Ep   1/50 | t_loss=0.1891 t_acc=0.184 | v_win_bal=0.480 v_rec_bal=0.500 | lr=3.3e-06 | 5.3s
  Fold 1 | Ep   2/50 | t_loss=0.1757 t_acc=0.441 | v_win_bal=0.495 v_rec_bal=0.500 | lr=6.7e-06 | 3.2s
  Fold 1 | Ep   3/50 | t_loss=0.1718 t_acc=0.573 | v_win_bal=0.559 v_rec_bal=0.571 | lr=1.0e-05 | 3.2s
  Fold 1 | Ep   4/50 | t_loss=0.1665 t_acc=0.618 | v_win_bal=0.503 v_rec_bal=0.357 | lr=1.0e-05 | 3.2s
  Fold 1 | Ep   5/50 | t_loss=0.1611 t_acc=0.665 | v_win_bal=0.511 v_rec_bal=0.429 | lr=1.0e-05 | 3.2s
  Fold 1 | Ep   6/50 | t_loss=0.1542 t_acc=0.681 | v_win_bal=0.543 v_rec_bal=0.429 | lr=9.9e-06 | 3.2s
  Fold 1 | Ep   7/50 | t_loss=0.1461 t_acc=0.726 | v_win_bal=0.530 v_rec_bal=0.500 | lr=9.8e-06 | 3.2s
  Fold 1 | Ep   8/50 | t_loss=0.1370 t_acc=0.756 | v_win_bal=0.510 v_rec_bal=0.571 | lr=9.7e-06 | 3.2s
  Fold 1 | Ep   9/50 | t_loss=0.1274 t_acc=0.779 | v_win_bal=0.509 v_rec_bal=0.357 | lr=9.6e-06 | 3.2s
  Fold 1 | Ep  10/50 | t_loss=0.1188 t_acc=0.808 | v_win_bal=0.506 v_rec_bal=0.429 | lr=9.5e-06 | 3.1s
  Fold 1 | Ep  11/50 | t_loss=0.1097 t_acc=0.813 | v_win_bal=0.517 v_rec_bal=0.429 | lr=9.3e-06 | 3.1s
  Fold 1 | Ep  12/50 | t_loss=0.0995 t_acc=0.843 | v_win_bal=0.514 v_rec_bal=0.429 | lr=9.1e-06 | 3.1s
  Fold 1 | Ep  13/50 | t_loss=0.0876 t_acc=0.860 | v_win_bal=0.478 v_rec_bal=0.357 | lr=8.9e-06 | 3.1s
  Fold 1 | Ep  14/50 | t_loss=0.0792 t_acc=0.878 | v_win_bal=0.475 v_rec_bal=0.429 | lr=8.7e-06 | 3.1s
  Fold 1 | Ep  15/50 | t_loss=0.0737 t_acc=0.884 | v_win_bal=0.465 v_rec_bal=0.357 | lr=8.5e-06 | 3.1s
  Fold 1 | Ep  16/50 | t_loss=0.0643 t_acc=0.914 | v_win_bal=0.467 v_rec_bal=0.357 | lr=8.2e-06 | 3.1s
  Fold 1 | Ep  17/50 | t_loss=0.0564 t_acc=0.918 | v_win_bal=0.462 v_rec_bal=0.429 | lr=8.0e-06 | 3.1s
  Fold 1 | Ep  18/50 | t_loss=0.0485 t_acc=0.935 | v_win_bal=0.463 v_rec_bal=0.357 | lr=7.7e-06 | 3.1s
  Early stop at epoch 18
  -> Test (best @ epoch 3): acc=0.3571, bal_acc=0.3571

============================================================
Fold 2/5
============================================================
  Train:  42 samples, 21 subjects [2, 3, 5, 7, 9, 15, 16, 17, 18, 19, 20, 22, 23, 24, 26, 27, 28, 29, 32, 34, 35], label_0=22, label_1=20
    Val:  14 samples,  7 subjects [0, 6, 11, 12, 21, 25, 31], label_0=7, label_1=7
   Test:  16 samples,  8 subjects [1, 4, 8, 10, 13, 14, 30, 33], label_0=7, label_1=9
  Building window datasets...
    WindowDataset: 2388 windows (class_0=528, class_1=1860)
    WindowDataset: 316 windows (class_0=160, class_1=156)
    WindowDataset: 383 windows (class_0=156, class_1=227)
[LaBraM] Loaded 219/221 params from weights/labram-base/model.safetensors
[LaBraM] Missing: ['fc_norm.weight', 'fc_norm.bias']
  Fold 2 | Ep   1/50 | t_loss=0.1770 t_acc=0.229 | v_win_bal=0.526 v_rec_bal=0.500 | lr=3.3e-06 | 2.9s
  Fold 2 | Ep   2/50 | t_loss=0.1728 t_acc=0.527 | v_win_bal=0.433 v_rec_bal=0.286 | lr=6.7e-06 | 2.9s
  Fold 2 | Ep   3/50 | t_loss=0.1696 t_acc=0.610 | v_win_bal=0.381 v_rec_bal=0.286 | lr=1.0e-05 | 2.9s
  Fold 2 | Ep   4/50 | t_loss=0.1662 t_acc=0.703 | v_win_bal=0.449 v_rec_bal=0.571 | lr=1.0e-05 | 2.9s
  Fold 2 | Ep   5/50 | t_loss=0.1608 t_acc=0.670 | v_win_bal=0.333 v_rec_bal=0.357 | lr=1.0e-05 | 3.0s
  Fold 2 | Ep   6/50 | t_loss=0.1545 t_acc=0.712 | v_win_bal=0.351 v_rec_bal=0.357 | lr=9.9e-06 | 2.9s
  Fold 2 | Ep   7/50 | t_loss=0.1478 t_acc=0.700 | v_win_bal=0.346 v_rec_bal=0.214 | lr=9.8e-06 | 2.9s
  Fold 2 | Ep   8/50 | t_loss=0.1419 t_acc=0.765 | v_win_bal=0.382 v_rec_bal=0.429 | lr=9.7e-06 | 3.1s
  Fold 2 | Ep   9/50 | t_loss=0.1324 t_acc=0.765 | v_win_bal=0.381 v_rec_bal=0.357 | lr=9.6e-06 | 2.9s
  Fold 2 | Ep  10/50 | t_loss=0.1237 t_acc=0.781 | v_win_bal=0.414 v_rec_bal=0.500 | lr=9.5e-06 | 2.9s
  Fold 2 | Ep  11/50 | t_loss=0.1140 t_acc=0.817 | v_win_bal=0.406 v_rec_bal=0.357 | lr=9.3e-06 | 2.9s
  Fold 2 | Ep  12/50 | t_loss=0.1039 t_acc=0.840 | v_win_bal=0.436 v_rec_bal=0.500 | lr=9.1e-06 | 3.2s
  Fold 2 | Ep  13/50 | t_loss=0.0944 t_acc=0.856 | v_win_bal=0.466 v_rec_bal=0.571 | lr=8.9e-06 | 2.9s
  Fold 2 | Ep  14/50 | t_loss=0.0855 t_acc=0.885 | v_win_bal=0.454 v_rec_bal=0.429 | lr=8.7e-06 | 2.9s
  Fold 2 | Ep  15/50 | t_loss=0.0763 t_acc=0.897 | v_win_bal=0.461 v_rec_bal=0.500 | lr=8.5e-06 | 2.9s
  Fold 2 | Ep  16/50 | t_loss=0.0688 t_acc=0.905 | v_win_bal=0.468 v_rec_bal=0.571 | lr=8.2e-06 | 2.9s
  Early stop at epoch 16
  -> Test (best @ epoch 4): acc=0.4375, bal_acc=0.5000

============================================================
Fold 3/5
============================================================
  Train:  44 samples, 22 subjects [1, 2, 3, 4, 6, 7, 8, 10, 11, 13, 14, 15, 17, 19, 20, 24, 26, 27, 29, 33, 34, 35], label_0=22, label_1=22
    Val:  14 samples,  7 subjects [0, 21, 22, 25, 30, 31, 32], label_0=7, label_1=7
   Test:  14 samples,  7 subjects [5, 9, 12, 16, 18, 23, 28], label_0=7, label_1=7
  Building window datasets...
    WindowDataset: 2498 windows (class_0=552, class_1=1946)
    WindowDataset: 316 windows (class_0=136, class_1=180)
    WindowDataset: 336 windows (class_0=156, class_1=180)
[LaBraM] Loaded 219/221 params from weights/labram-base/model.safetensors
[LaBraM] Missing: ['fc_norm.weight', 'fc_norm.bias']
  Fold 3 | Ep   1/50 | t_loss=0.1821 t_acc=0.773 | v_win_bal=0.525 v_rec_bal=0.500 | lr=3.3e-06 | 3.0s
  Fold 3 | Ep   2/50 | t_loss=0.1727 t_acc=0.622 | v_win_bal=0.482 v_rec_bal=0.500 | lr=6.7e-06 | 3.0s
  Fold 3 | Ep   3/50 | t_loss=0.1686 t_acc=0.609 | v_win_bal=0.405 v_rec_bal=0.357 | lr=1.0e-05 | 3.0s
  Fold 3 | Ep   4/50 | t_loss=0.1625 t_acc=0.650 | v_win_bal=0.380 v_rec_bal=0.357 | lr=1.0e-05 | 3.0s
  Fold 3 | Ep   5/50 | t_loss=0.1563 t_acc=0.645 | v_win_bal=0.424 v_rec_bal=0.357 | lr=1.0e-05 | 3.0s
  Fold 3 | Ep   6/50 | t_loss=0.1504 t_acc=0.693 | v_win_bal=0.436 v_rec_bal=0.500 | lr=9.9e-06 | 3.0s
  Fold 3 | Ep   7/50 | t_loss=0.1429 t_acc=0.726 | v_win_bal=0.446 v_rec_bal=0.571 | lr=9.8e-06 | 3.0s
  Fold 3 | Ep   8/50 | t_loss=0.1348 t_acc=0.742 | v_win_bal=0.442 v_rec_bal=0.357 | lr=9.7e-06 | 3.0s
  Fold 3 | Ep   9/50 | t_loss=0.1286 t_acc=0.769 | v_win_bal=0.487 v_rec_bal=0.429 | lr=9.6e-06 | 3.0s
  Fold 3 | Ep  10/50 | t_loss=0.1225 t_acc=0.790 | v_win_bal=0.507 v_rec_bal=0.500 | lr=9.5e-06 | 3.0s
  Fold 3 | Ep  11/50 | t_loss=0.1163 t_acc=0.817 | v_win_bal=0.496 v_rec_bal=0.643 | lr=9.3e-06 | 3.0s
  Fold 3 | Ep  12/50 | t_loss=0.1073 t_acc=0.815 | v_win_bal=0.489 v_rec_bal=0.500 | lr=9.1e-06 | 3.0s
  Fold 3 | Ep  13/50 | t_loss=0.0997 t_acc=0.850 | v_win_bal=0.503 v_rec_bal=0.500 | lr=8.9e-06 | 3.3s
  Fold 3 | Ep  14/50 | t_loss=0.0944 t_acc=0.861 | v_win_bal=0.538 v_rec_bal=0.714 | lr=8.7e-06 | 3.0s
  Fold 3 | Ep  15/50 | t_loss=0.0856 t_acc=0.875 | v_win_bal=0.523 v_rec_bal=0.571 | lr=8.5e-06 | 3.0s
  Fold 3 | Ep  16/50 | t_loss=0.0788 t_acc=0.897 | v_win_bal=0.532 v_rec_bal=0.714 | lr=8.2e-06 | 3.0s
  Fold 3 | Ep  17/50 | t_loss=0.0722 t_acc=0.897 | v_win_bal=0.531 v_rec_bal=0.714 | lr=8.0e-06 | 3.0s
  Fold 3 | Ep  18/50 | t_loss=0.0651 t_acc=0.913 | v_win_bal=0.519 v_rec_bal=0.714 | lr=7.7e-06 | 3.0s
  Fold 3 | Ep  19/50 | t_loss=0.0597 t_acc=0.924 | v_win_bal=0.521 v_rec_bal=0.643 | lr=7.4e-06 | 3.0s
  Fold 3 | Ep  20/50 | t_loss=0.0527 t_acc=0.930 | v_win_bal=0.507 v_rec_bal=0.571 | lr=7.1e-06 | 3.0s
  Fold 3 | Ep  21/50 | t_loss=0.0488 t_acc=0.938 | v_win_bal=0.523 v_rec_bal=0.643 | lr=6.8e-06 | 3.0s
  Fold 3 | Ep  22/50 | t_loss=0.0420 t_acc=0.948 | v_win_bal=0.521 v_rec_bal=0.643 | lr=6.5e-06 | 3.0s
  Fold 3 | Ep  23/50 | t_loss=0.0392 t_acc=0.959 | v_win_bal=0.511 v_rec_bal=0.571 | lr=6.2e-06 | 3.0s
  Fold 3 | Ep  24/50 | t_loss=0.0332 t_acc=0.966 | v_win_bal=0.510 v_rec_bal=0.643 | lr=5.8e-06 | 3.0s
  Fold 3 | Ep  25/50 | t_loss=0.0293 t_acc=0.972 | v_win_bal=0.502 v_rec_bal=0.500 | lr=5.5e-06 | 3.0s
  Fold 3 | Ep  26/50 | t_loss=0.0254 t_acc=0.976 | v_win_bal=0.478 v_rec_bal=0.571 | lr=5.2e-06 | 3.0s
  Fold 3 | Ep  27/50 | t_loss=0.0229 t_acc=0.981 | v_win_bal=0.479 v_rec_bal=0.500 | lr=4.8e-06 | 3.0s
  Fold 3 | Ep  28/50 | t_loss=0.0219 t_acc=0.980 | v_win_bal=0.488 v_rec_bal=0.571 | lr=4.5e-06 | 3.0s
  Fold 3 | Ep  29/50 | t_loss=0.0175 t_acc=0.988 | v_win_bal=0.485 v_rec_bal=0.500 | lr=4.2e-06 | 3.0s
  Fold 3 | Ep  30/50 | t_loss=0.0148 t_acc=0.990 | v_win_bal=0.489 v_rec_bal=0.571 | lr=3.8e-06 | 3.0s
  Fold 3 | Ep  31/50 | t_loss=0.0134 t_acc=0.992 | v_win_bal=0.491 v_rec_bal=0.500 | lr=3.5e-06 | 3.0s
  Fold 3 | Ep  32/50 | t_loss=0.0114 t_acc=0.995 | v_win_bal=0.459 v_rec_bal=0.500 | lr=3.2e-06 | 3.0s
  Fold 3 | Ep  33/50 | t_loss=0.0103 t_acc=0.994 | v_win_bal=0.475 v_rec_bal=0.571 | lr=2.9e-06 | 3.0s
  Early stop at epoch 33
  -> Test (best @ epoch 14): acc=0.2143, bal_acc=0.2143

============================================================
Fold 4/5
============================================================
  Train:  44 samples, 22 subjects [0, 3, 4, 5, 6, 9, 10, 12, 13, 14, 15, 16, 17, 18, 23, 24, 26, 28, 29, 30, 33, 35], label_0=22, label_1=22
    Val:  14 samples,  7 subjects [1, 2, 7, 8, 21, 27, 32], label_0=7, label_1=7
   Test:  14 samples,  7 subjects [11, 19, 20, 22, 25, 31, 34], label_0=7, label_1=7
  Building window datasets...
    WindowDataset: 2714 windows (class_0=480, class_1=2234)
    WindowDataset: 336 windows (class_0=204, class_1=132)
    WindowDataset: 316 windows (class_0=160, class_1=156)
[LaBraM] Loaded 219/221 params from weights/labram-base/model.safetensors
[LaBraM] Missing: ['fc_norm.weight', 'fc_norm.bias']
  Fold 4 | Ep   1/50 | t_loss=0.1876 t_acc=0.822 | v_win_bal=0.489 v_rec_bal=0.500 | lr=3.3e-06 | 3.2s
  Fold 4 | Ep   2/50 | t_loss=0.1730 t_acc=0.685 | v_win_bal=0.427 v_rec_bal=0.429 | lr=6.7e-06 | 3.2s
  Fold 4 | Ep   3/50 | t_loss=0.1695 t_acc=0.636 | v_win_bal=0.463 v_rec_bal=0.429 | lr=1.0e-05 | 3.2s
  Fold 4 | Ep   4/50 | t_loss=0.1661 t_acc=0.559 | v_win_bal=0.473 v_rec_bal=0.429 | lr=1.0e-05 | 3.2s
  Fold 4 | Ep   5/50 | t_loss=0.1627 t_acc=0.641 | v_win_bal=0.499 v_rec_bal=0.643 | lr=1.0e-05 | 3.2s
  Fold 4 | Ep   6/50 | t_loss=0.1578 t_acc=0.671 | v_win_bal=0.502 v_rec_bal=0.571 | lr=9.9e-06 | 3.3s
  Fold 4 | Ep   7/50 | t_loss=0.1523 t_acc=0.699 | v_win_bal=0.542 v_rec_bal=0.500 | lr=9.8e-06 | 3.2s
  Fold 4 | Ep   8/50 | t_loss=0.1466 t_acc=0.718 | v_win_bal=0.552 v_rec_bal=0.571 | lr=9.7e-06 | 3.2s
  Fold 4 | Ep   9/50 | t_loss=0.1382 t_acc=0.758 | v_win_bal=0.489 v_rec_bal=0.429 | lr=9.6e-06 | 3.2s
  Fold 4 | Ep  10/50 | t_loss=0.1322 t_acc=0.784 | v_win_bal=0.530 v_rec_bal=0.500 | lr=9.5e-06 | 3.2s
  Fold 4 | Ep  11/50 | t_loss=0.1223 t_acc=0.791 | v_win_bal=0.522 v_rec_bal=0.500 | lr=9.3e-06 | 3.2s
  Fold 4 | Ep  12/50 | t_loss=0.1146 t_acc=0.828 | v_win_bal=0.517 v_rec_bal=0.571 | lr=9.1e-06 | 3.2s
  Fold 4 | Ep  13/50 | t_loss=0.1049 t_acc=0.826 | v_win_bal=0.490 v_rec_bal=0.429 | lr=8.9e-06 | 3.3s
  Fold 4 | Ep  14/50 | t_loss=0.0964 t_acc=0.866 | v_win_bal=0.494 v_rec_bal=0.429 | lr=8.7e-06 | 3.2s
  Fold 4 | Ep  15/50 | t_loss=0.0872 t_acc=0.878 | v_win_bal=0.461 v_rec_bal=0.500 | lr=8.5e-06 | 3.5s
  Fold 4 | Ep  16/50 | t_loss=0.0783 t_acc=0.898 | v_win_bal=0.484 v_rec_bal=0.429 | lr=8.2e-06 | 3.2s
  Fold 4 | Ep  17/50 | t_loss=0.0752 t_acc=0.904 | v_win_bal=0.476 v_rec_bal=0.429 | lr=8.0e-06 | 3.2s
  Fold 4 | Ep  18/50 | t_loss=0.0648 t_acc=0.914 | v_win_bal=0.480 v_rec_bal=0.357 | lr=7.7e-06 | 3.2s
  Fold 4 | Ep  19/50 | t_loss=0.0598 t_acc=0.921 | v_win_bal=0.507 v_rec_bal=0.500 | lr=7.4e-06 | 3.2s
  Fold 4 | Ep  20/50 | t_loss=0.0546 t_acc=0.928 | v_win_bal=0.481 v_rec_bal=0.357 | lr=7.1e-06 | 3.2s
  Fold 4 | Ep  21/50 | t_loss=0.0475 t_acc=0.942 | v_win_bal=0.456 v_rec_bal=0.286 | lr=6.8e-06 | 3.3s
  Fold 4 | Ep  22/50 | t_loss=0.0441 t_acc=0.942 | v_win_bal=0.448 v_rec_bal=0.286 | lr=6.5e-06 | 3.3s
  Early stop at epoch 22
  -> Test (best @ epoch 5): acc=0.3571, bal_acc=0.3571

============================================================
Fold 5/5
============================================================
  Train:  44 samples, 22 subjects [5, 7, 8, 9, 10, 12, 14, 15, 16, 17, 18, 20, 22, 23, 28, 29, 30, 31, 32, 33, 34, 35], label_0=21, label_1=23
    Val:  14 samples,  7 subjects [1, 3, 4, 11, 13, 19, 25], label_0=7, label_1=7
   Test:  14 samples,  7 subjects [0, 2, 6, 21, 24, 26, 27], label_0=8, label_1=6
  Building window datasets...
    WindowDataset: 2663 windows (class_0=472, class_1=2191)
    WindowDataset: 334 windows (class_0=156, class_1=178)
    WindowDataset: 336 windows (class_0=216, class_1=120)
[LaBraM] Loaded 219/221 params from weights/labram-base/model.safetensors
[LaBraM] Missing: ['fc_norm.weight', 'fc_norm.bias']
  Fold 5 | Ep   1/50 | t_loss=0.1760 t_acc=0.218 | v_win_bal=0.467 v_rec_bal=0.429 | lr=3.3e-06 | 3.5s
  Fold 5 | Ep   2/50 | t_loss=0.1730 t_acc=0.469 | v_win_bal=0.449 v_rec_bal=0.357 | lr=6.7e-06 | 3.2s
  Fold 5 | Ep   3/50 | t_loss=0.1706 t_acc=0.628 | v_win_bal=0.451 v_rec_bal=0.357 | lr=1.0e-05 | 3.2s
  Fold 5 | Ep   4/50 | t_loss=0.1661 t_acc=0.676 | v_win_bal=0.414 v_rec_bal=0.357 | lr=1.0e-05 | 3.2s
  Fold 5 | Ep   5/50 | t_loss=0.1602 t_acc=0.621 | v_win_bal=0.471 v_rec_bal=0.500 | lr=1.0e-05 | 3.2s
  Fold 5 | Ep   6/50 | t_loss=0.1539 t_acc=0.662 | v_win_bal=0.434 v_rec_bal=0.357 | lr=9.9e-06 | 3.2s
  Fold 5 | Ep   7/50 | t_loss=0.1450 t_acc=0.718 | v_win_bal=0.470 v_rec_bal=0.500 | lr=9.8e-06 | 3.2s
  Fold 5 | Ep   8/50 | t_loss=0.1373 t_acc=0.755 | v_win_bal=0.518 v_rec_bal=0.429 | lr=9.7e-06 | 3.2s
  Fold 5 | Ep   9/50 | t_loss=0.1267 t_acc=0.785 | v_win_bal=0.523 v_rec_bal=0.571 | lr=9.6e-06 | 3.2s
  Fold 5 | Ep  10/50 | t_loss=0.1183 t_acc=0.816 | v_win_bal=0.518 v_rec_bal=0.571 | lr=9.5e-06 | 3.2s
  Fold 5 | Ep  11/50 | t_loss=0.1115 t_acc=0.837 | v_win_bal=0.530 v_rec_bal=0.571 | lr=9.3e-06 | 3.2s
  Fold 5 | Ep  12/50 | t_loss=0.1044 t_acc=0.848 | v_win_bal=0.536 v_rec_bal=0.571 | lr=9.1e-06 | 3.2s
  Fold 5 | Ep  13/50 | t_loss=0.0977 t_acc=0.861 | v_win_bal=0.540 v_rec_bal=0.571 | lr=8.9e-06 | 3.3s
  Fold 5 | Ep  14/50 | t_loss=0.0911 t_acc=0.874 | v_win_bal=0.543 v_rec_bal=0.571 | lr=8.7e-06 | 3.2s
  Fold 5 | Ep  15/50 | t_loss=0.0819 t_acc=0.886 | v_win_bal=0.519 v_rec_bal=0.500 | lr=8.5e-06 | 3.2s
  Fold 5 | Ep  16/50 | t_loss=0.0762 t_acc=0.900 | v_win_bal=0.536 v_rec_bal=0.571 | lr=8.2e-06 | 3.2s
  Fold 5 | Ep  17/50 | t_loss=0.0718 t_acc=0.909 | v_win_bal=0.526 v_rec_bal=0.500 | lr=8.0e-06 | 3.2s
  Fold 5 | Ep  18/50 | t_loss=0.0622 t_acc=0.920 | v_win_bal=0.529 v_rec_bal=0.643 | lr=7.7e-06 | 3.2s
  Fold 5 | Ep  19/50 | t_loss=0.0569 t_acc=0.923 | v_win_bal=0.492 v_rec_bal=0.571 | lr=7.4e-06 | 3.2s
  Fold 5 | Ep  20/50 | t_loss=0.0521 t_acc=0.931 | v_win_bal=0.493 v_rec_bal=0.571 | lr=7.1e-06 | 3.2s
  Fold 5 | Ep  21/50 | t_loss=0.0458 t_acc=0.943 | v_win_bal=0.514 v_rec_bal=0.571 | lr=6.8e-06 | 3.2s
  Fold 5 | Ep  22/50 | t_loss=0.0417 t_acc=0.948 | v_win_bal=0.501 v_rec_bal=0.571 | lr=6.5e-06 | 3.2s
  Fold 5 | Ep  23/50 | t_loss=0.0374 t_acc=0.952 | v_win_bal=0.513 v_rec_bal=0.571 | lr=6.2e-06 | 3.2s
  Fold 5 | Ep  24/50 | t_loss=0.0331 t_acc=0.957 | v_win_bal=0.495 v_rec_bal=0.571 | lr=5.8e-06 | 3.2s
  Fold 5 | Ep  25/50 | t_loss=0.0282 t_acc=0.968 | v_win_bal=0.491 v_rec_bal=0.571 | lr=5.5e-06 | 3.2s
  Fold 5 | Ep  26/50 | t_loss=0.0261 t_acc=0.968 | v_win_bal=0.497 v_rec_bal=0.571 | lr=5.2e-06 | 3.2s
  Fold 5 | Ep  27/50 | t_loss=0.0237 t_acc=0.978 | v_win_bal=0.491 v_rec_bal=0.571 | lr=4.8e-06 | 3.2s
  Fold 5 | Ep  28/50 | t_loss=0.0197 t_acc=0.980 | v_win_bal=0.512 v_rec_bal=0.571 | lr=4.5e-06 | 3.2s
  Fold 5 | Ep  29/50 | t_loss=0.0184 t_acc=0.984 | v_win_bal=0.500 v_rec_bal=0.571 | lr=4.2e-06 | 3.6s
  Fold 5 | Ep  30/50 | t_loss=0.0149 t_acc=0.983 | v_win_bal=0.506 v_rec_bal=0.571 | lr=3.8e-06 | 3.4s
  Fold 5 | Ep  31/50 | t_loss=0.0138 t_acc=0.989 | v_win_bal=0.510 v_rec_bal=0.571 | lr=3.5e-06 | 3.2s
  Fold 5 | Ep  32/50 | t_loss=0.0125 t_acc=0.986 | v_win_bal=0.486 v_rec_bal=0.571 | lr=3.2e-06 | 3.2s
  Fold 5 | Ep  33/50 | t_loss=0.0109 t_acc=0.990 | v_win_bal=0.497 v_rec_bal=0.571 | lr=2.9e-06 | 3.2s
  Fold 5 | Ep  34/50 | t_loss=0.0093 t_acc=0.993 | v_win_bal=0.502 v_rec_bal=0.571 | lr=2.6e-06 | 3.2s
  Fold 5 | Ep  35/50 | t_loss=0.0086 t_acc=0.995 | v_win_bal=0.493 v_rec_bal=0.571 | lr=2.3e-06 | 3.2s
  Early stop at epoch 35
  -> Test (best @ epoch 18): acc=0.6429, bal_acc=0.6667

============================================================
Global Results (5-Fold, subject-level CV)
Mode: FT | Extractor: labram | Loss: focal
============================================================
              acc: 0.4028
          bal_acc: 0.4028
               f1: 0.4027
            kappa: -0.1944
  Total predictions: 72 (should equal dataset size: 72)

Results saved to results/studies/exp27_paired_null/eegmat/perm_s18/
