/raid/jupyter-linjimmy1003.md10/.conda/envs/stress/lib/python3.11/site-packages/timm/models/layers/__init__.py:49: FutureWarning: Importing from timm.models.layers is deprecated, please import via timm.layers
  warnings.warn(f"Importing from {__name__} is deprecated, please import via timm.layers", FutureWarning)
Mode: FT | Extractor: cbramod | Folds: 5
LR: 1e-05 | WD: 0.05 | Beta2: 0.999 | Grad clip: 2.0
Head: hidden=128, dropout=0.0 | Norm: none | Loss: focal
Full FT: encoder_lr_scale=0.1
Augmentation: 75% overlap for increase class

Results → results/features_cache/ft_cbramod_adftd/
ADFTD: 195 recordings from 65 subjects (AD=108, HC=87), 3 splits/subject
ADFTD: 195 recordings, 65 subjects (AD=108, HC=87)

============================================================
Fold 1/5
============================================================
  Train: 117 samples, 39 subjects [2, 5, 6, 8, 9, 10, 11, 12, 13, 14, 15, 16, 19, 21, 26, 27, 28, 29, 30, 32, 33, 35, 37, 38, 39, 40, 41, 42, 44, 46, 48, 51, 52, 56, 57, 58, 59, 63, 65], label_0=51, label_1=66
    Val:  39 samples, 13 subjects [1, 3, 4, 7, 22, 24, 31, 47, 49, 53, 55, 61, 62], label_0=18, label_1=21
   Test:  39 samples, 13 subjects [17, 18, 20, 23, 25, 34, 36, 43, 45, 50, 54, 60, 64], label_0=18, label_1=21
  Building window datasets...
    WindowDataset: 17325 windows (class_0=2899, class_1=14426)
    WindowDataset: 2005 windows (class_0=983, class_1=1022)
    WindowDataset: 2175 windows (class_0=989, class_1=1186)
[CBraMod] Loaded 209/209 params from weights/cbramod-base/pretrained_weights.pth
  Trainable parameters: 4,935,443
  Class weights: [2.9880993366241455, 0.6004782915115356]
  Fold 1 | Ep   1/50 | t_loss=0.1735 t_acc=0.833 | v_win_bal=0.518 v_rec_bal=0.500 | lr=3.3e-06 | 34.4s
  Fold 1 | Ep   2/50 | t_loss=0.1731 t_acc=0.740 | v_win_bal=0.335 v_rec_bal=0.274 | lr=6.7e-06 | 32.2s
  Fold 1 | Ep   3/50 | t_loss=0.1719 t_acc=0.589 | v_win_bal=0.322 v_rec_bal=0.337 | lr=1.0e-05 | 32.3s
  Fold 1 | Ep   4/50 | t_loss=0.1680 t_acc=0.651 | v_win_bal=0.393 v_rec_bal=0.405 | lr=1.0e-05 | 32.2s
  Fold 1 | Ep   5/50 | t_loss=0.1628 t_acc=0.656 | v_win_bal=0.502 v_rec_bal=0.500 | lr=1.0e-05 | 32.3s
  Fold 1 | Ep   6/50 | t_loss=0.1579 t_acc=0.686 | v_win_bal=0.519 v_rec_bal=0.500 | lr=9.9e-06 | 32.2s
  Fold 1 | Ep   7/50 | t_loss=0.1532 t_acc=0.696 | v_win_bal=0.524 v_rec_bal=0.500 | lr=9.8e-06 | 32.1s
  Fold 1 | Ep   8/50 | t_loss=0.1504 t_acc=0.711 | v_win_bal=0.542 v_rec_bal=0.500 | lr=9.7e-06 | 32.2s
  Fold 1 | Ep   9/50 | t_loss=0.1464 t_acc=0.719 | v_win_bal=0.523 v_rec_bal=0.500 | lr=9.6e-06 | 32.1s
  Fold 1 | Ep  10/50 | t_loss=0.1438 t_acc=0.727 | v_win_bal=0.545 v_rec_bal=0.500 | lr=9.5e-06 | 32.1s
  Fold 1 | Ep  11/50 | t_loss=0.1416 t_acc=0.739 | v_win_bal=0.551 v_rec_bal=0.500 | lr=9.3e-06 | 32.3s
  Fold 1 | Ep  12/50 | t_loss=0.1378 t_acc=0.747 | v_win_bal=0.564 v_rec_bal=0.500 | lr=9.1e-06 | 32.0s
  Fold 1 | Ep  13/50 | t_loss=0.1330 t_acc=0.755 | v_win_bal=0.578 v_rec_bal=0.528 | lr=8.9e-06 | 32.1s
  Fold 1 | Ep  14/50 | t_loss=0.1311 t_acc=0.763 | v_win_bal=0.541 v_rec_bal=0.500 | lr=8.7e-06 | 32.2s
  Fold 1 | Ep  15/50 | t_loss=0.1271 t_acc=0.771 | v_win_bal=0.558 v_rec_bal=0.500 | lr=8.5e-06 | 32.1s
  Fold 1 | Ep  16/50 | t_loss=0.1247 t_acc=0.779 | v_win_bal=0.558 v_rec_bal=0.500 | lr=8.2e-06 | 32.2s
  Fold 1 | Ep  17/50 | t_loss=0.1228 t_acc=0.777 | v_win_bal=0.542 v_rec_bal=0.500 | lr=8.0e-06 | 32.1s
  Fold 1 | Ep  18/50 | t_loss=0.1201 t_acc=0.788 | v_win_bal=0.554 v_rec_bal=0.500 | lr=7.7e-06 | 32.1s
  Fold 1 | Ep  19/50 | t_loss=0.1173 t_acc=0.794 | v_win_bal=0.560 v_rec_bal=0.500 | lr=7.4e-06 | 32.2s
  Fold 1 | Ep  20/50 | t_loss=0.1169 t_acc=0.795 | v_win_bal=0.551 v_rec_bal=0.500 | lr=7.1e-06 | 32.1s
  Fold 1 | Ep  21/50 | t_loss=0.1151 t_acc=0.804 | v_win_bal=0.548 v_rec_bal=0.500 | lr=6.8e-06 | 32.2s
  Fold 1 | Ep  22/50 | t_loss=0.1142 t_acc=0.807 | v_win_bal=0.560 v_rec_bal=0.500 | lr=6.5e-06 | 32.1s
  Fold 1 | Ep  23/50 | t_loss=0.1120 t_acc=0.810 | v_win_bal=0.557 v_rec_bal=0.500 | lr=6.2e-06 | 32.0s
  Fold 1 | Ep  24/50 | t_loss=0.1104 t_acc=0.813 | v_win_bal=0.556 v_rec_bal=0.500 | lr=5.8e-06 | 32.1s
  Fold 1 | Ep  25/50 | t_loss=0.1091 t_acc=0.817 | v_win_bal=0.580 v_rec_bal=0.528 | lr=5.5e-06 | 32.0s
  Fold 1 | Ep  26/50 | t_loss=0.1075 t_acc=0.819 | v_win_bal=0.580 v_rec_bal=0.528 | lr=5.2e-06 | 32.0s
  Fold 1 | Ep  27/50 | t_loss=0.1080 t_acc=0.819 | v_win_bal=0.560 v_rec_bal=0.500 | lr=4.8e-06 | 32.3s
  Fold 1 | Ep  28/50 | t_loss=0.1062 t_acc=0.825 | v_win_bal=0.585 v_rec_bal=0.528 | lr=4.5e-06 | 32.1s
  Fold 1 | Ep  29/50 | t_loss=0.1046 t_acc=0.824 | v_win_bal=0.573 v_rec_bal=0.500 | lr=4.2e-06 | 32.3s
  Fold 1 | Ep  30/50 | t_loss=0.1040 t_acc=0.829 | v_win_bal=0.575 v_rec_bal=0.500 | lr=3.8e-06 | 32.3s
  Fold 1 | Ep  31/50 | t_loss=0.1040 t_acc=0.825 | v_win_bal=0.568 v_rec_bal=0.500 | lr=3.5e-06 | 32.1s
  Fold 1 | Ep  32/50 | t_loss=0.1039 t_acc=0.830 | v_win_bal=0.575 v_rec_bal=0.500 | lr=3.2e-06 | 32.2s
  Fold 1 | Ep  33/50 | t_loss=0.1029 t_acc=0.827 | v_win_bal=0.566 v_rec_bal=0.500 | lr=2.9e-06 | 32.1s
  Fold 1 | Ep  34/50 | t_loss=0.1010 t_acc=0.833 | v_win_bal=0.588 v_rec_bal=0.556 | lr=2.6e-06 | 32.1s
  Fold 1 | Ep  35/50 | t_loss=0.1010 t_acc=0.831 | v_win_bal=0.583 v_rec_bal=0.556 | lr=2.3e-06 | 32.3s
  Fold 1 | Ep  36/50 | t_loss=0.0993 t_acc=0.839 | v_win_bal=0.577 v_rec_bal=0.528 | lr=2.0e-06 | 32.1s
  Fold 1 | Ep  37/50 | t_loss=0.1005 t_acc=0.834 | v_win_bal=0.588 v_rec_bal=0.556 | lr=1.8e-06 | 32.1s
  Fold 1 | Ep  38/50 | t_loss=0.0997 t_acc=0.837 | v_win_bal=0.588 v_rec_bal=0.556 | lr=1.5e-06 | 32.2s
  Fold 1 | Ep  39/50 | t_loss=0.0998 t_acc=0.840 | v_win_bal=0.585 v_rec_bal=0.556 | lr=1.3e-06 | 32.0s
  Fold 1 | Ep  40/50 | t_loss=0.0984 t_acc=0.840 | v_win_bal=0.585 v_rec_bal=0.556 | lr=1.1e-06 | 32.1s
  Fold 1 | Ep  41/50 | t_loss=0.1001 t_acc=0.836 | v_win_bal=0.581 v_rec_bal=0.556 | lr=8.8e-07 | 30.9s
  Fold 1 | Ep  42/50 | t_loss=0.0985 t_acc=0.839 | v_win_bal=0.586 v_rec_bal=0.556 | lr=7.0e-07 | 31.0s
  Fold 1 | Ep  43/50 | t_loss=0.0993 t_acc=0.838 | v_win_bal=0.590 v_rec_bal=0.583 | lr=5.4e-07 | 31.1s
  Fold 1 | Ep  44/50 | t_loss=0.0983 t_acc=0.840 | v_win_bal=0.587 v_rec_bal=0.583 | lr=4.0e-07 | 30.9s
  Fold 1 | Ep  45/50 | t_loss=0.0983 t_acc=0.839 | v_win_bal=0.590 v_rec_bal=0.583 | lr=2.8e-07 | 31.0s
  Fold 1 | Ep  46/50 | t_loss=0.0988 t_acc=0.839 | v_win_bal=0.593 v_rec_bal=0.583 | lr=1.8e-07 | 31.0s
  Fold 1 | Ep  47/50 | t_loss=0.0984 t_acc=0.837 | v_win_bal=0.588 v_rec_bal=0.583 | lr=1.0e-07 | 31.0s
  Fold 1 | Ep  48/50 | t_loss=0.0972 t_acc=0.843 | v_win_bal=0.589 v_rec_bal=0.583 | lr=1.0e-07 | 31.1s
  Fold 1 | Ep  49/50 | t_loss=0.0968 t_acc=0.846 | v_win_bal=0.588 v_rec_bal=0.583 | lr=1.0e-07 | 31.1s
  Fold 1 | Ep  50/50 | t_loss=0.0962 t_acc=0.844 | v_win_bal=0.590 v_rec_bal=0.583 | lr=1.0e-07 | 30.9s
  Extracting test-fold features (39 recordings)...
  Features shape: (39, 200)
  Saved features → results/features_cache/ft_cbramod_adftd/fold1_features.npz
  -> Test (best @ epoch 43): acc=0.6154, bal_acc=0.5833

============================================================
Fold 2/5
============================================================
  Train: 117 samples, 39 subjects [3, 6, 7, 11, 12, 13, 14, 16, 17, 18, 20, 21, 23, 26, 27, 28, 31, 33, 34, 35, 36, 37, 38, 39, 41, 42, 43, 44, 45, 46, 50, 52, 53, 57, 58, 59, 60, 64, 65], label_0=54, label_1=63
    Val:  39 samples, 13 subjects [2, 4, 5, 8, 15, 24, 25, 47, 51, 54, 55, 61, 63], label_0=18, label_1=21
   Test:  39 samples, 13 subjects [1, 9, 10, 19, 22, 29, 30, 32, 40, 48, 49, 56, 62], label_0=15, label_1=24
  Building window datasets...
    WindowDataset: 16774 windows (class_0=2979, class_1=13795)
    WindowDataset: 2064 windows (class_0=972, class_1=1092)
    WindowDataset: 2196 windows (class_0=920, class_1=1276)
[CBraMod] Loaded 209/209 params from weights/cbramod-base/pretrained_weights.pth
  Fold 2 | Ep   1/50 | t_loss=0.1774 t_acc=0.822 | v_win_bal=0.615 v_rec_bal=0.671 | lr=3.3e-06 | 31.6s
  Fold 2 | Ep   2/50 | t_loss=0.1731 t_acc=0.640 | v_win_bal=0.505 v_rec_bal=0.500 | lr=6.7e-06 | 31.6s
  Fold 2 | Ep   3/50 | t_loss=0.1723 t_acc=0.481 | v_win_bal=0.504 v_rec_bal=0.500 | lr=1.0e-05 | 31.6s
  Fold 2 | Ep   4/50 | t_loss=0.1712 t_acc=0.515 | v_win_bal=0.456 v_rec_bal=0.345 | lr=1.0e-05 | 31.5s
  Fold 2 | Ep   5/50 | t_loss=0.1695 t_acc=0.568 | v_win_bal=0.480 v_rec_bal=0.508 | lr=1.0e-05 | 31.5s
  Fold 2 | Ep   6/50 | t_loss=0.1653 t_acc=0.652 | v_win_bal=0.547 v_rec_bal=0.591 | lr=9.9e-06 | 31.5s
  Fold 2 | Ep   7/50 | t_loss=0.1608 t_acc=0.657 | v_win_bal=0.554 v_rec_bal=0.583 | lr=9.8e-06 | 31.5s
  Fold 2 | Ep   8/50 | t_loss=0.1576 t_acc=0.673 | v_win_bal=0.584 v_rec_bal=0.639 | lr=9.7e-06 | 31.5s
  Fold 2 | Ep   9/50 | t_loss=0.1556 t_acc=0.664 | v_win_bal=0.587 v_rec_bal=0.611 | lr=9.6e-06 | 31.6s
  Fold 2 | Ep  10/50 | t_loss=0.1528 t_acc=0.673 | v_win_bal=0.597 v_rec_bal=0.639 | lr=9.5e-06 | 31.5s
  Fold 2 | Ep  11/50 | t_loss=0.1501 t_acc=0.680 | v_win_bal=0.592 v_rec_bal=0.611 | lr=9.3e-06 | 31.5s
  Fold 2 | Ep  12/50 | t_loss=0.1484 t_acc=0.680 | v_win_bal=0.594 v_rec_bal=0.583 | lr=9.1e-06 | 31.6s
  Fold 2 | Ep  13/50 | t_loss=0.1464 t_acc=0.689 | v_win_bal=0.616 v_rec_bal=0.611 | lr=8.9e-06 | 31.6s
  Fold 2 | Ep  14/50 | t_loss=0.1459 t_acc=0.680 | v_win_bal=0.596 v_rec_bal=0.583 | lr=8.7e-06 | 31.6s
  Fold 2 | Ep  15/50 | t_loss=0.1442 t_acc=0.693 | v_win_bal=0.606 v_rec_bal=0.583 | lr=8.5e-06 | 31.6s
  Fold 2 | Ep  16/50 | t_loss=0.1432 t_acc=0.698 | v_win_bal=0.582 v_rec_bal=0.583 | lr=8.2e-06 | 31.6s
  Early stop at epoch 16
  Extracting test-fold features (39 recordings)...
  Features shape: (39, 200)
  Saved features → results/features_cache/ft_cbramod_adftd/fold2_features.npz
  -> Test (best @ epoch 1): acc=0.6154, bal_acc=0.5375

============================================================
Fold 3/5
============================================================
  Train: 117 samples, 39 subjects [3, 6, 9, 11, 12, 13, 14, 15, 16, 17, 18, 19, 20, 21, 25, 28, 29, 30, 32, 34, 35, 36, 37, 38, 39, 40, 41, 43, 45, 47, 49, 51, 52, 55, 56, 59, 60, 64, 65], label_0=51, label_1=66
    Val:  39 samples, 13 subjects [1, 4, 5, 10, 22, 23, 33, 48, 50, 53, 54, 61, 62], label_0=18, label_1=21
   Test:  39 samples, 13 subjects [2, 7, 8, 24, 26, 27, 31, 42, 44, 46, 57, 58, 63], label_0=18, label_1=21
  Building window datasets...
    WindowDataset: 16666 windows (class_0=2840, class_1=13826)
    WindowDataset: 2192 windows (class_0=1037, class_1=1155)
    WindowDataset: 2197 windows (class_0=994, class_1=1203)
[CBraMod] Loaded 209/209 params from weights/cbramod-base/pretrained_weights.pth
  Fold 3 | Ep   1/50 | t_loss=0.1734 t_acc=0.822 | v_win_bal=0.366 v_rec_bal=0.310 | lr=3.3e-06 | 31.4s
  Fold 3 | Ep   2/50 | t_loss=0.1729 t_acc=0.757 | v_win_bal=0.325 v_rec_bal=0.226 | lr=6.7e-06 | 31.4s
  Fold 3 | Ep   3/50 | t_loss=0.1714 t_acc=0.637 | v_win_bal=0.353 v_rec_bal=0.266 | lr=1.0e-05 | 32.3s
  Fold 3 | Ep   4/50 | t_loss=0.1686 t_acc=0.652 | v_win_bal=0.402 v_rec_bal=0.385 | lr=1.0e-05 | 32.3s
  Fold 3 | Ep   5/50 | t_loss=0.1670 t_acc=0.676 | v_win_bal=0.425 v_rec_bal=0.456 | lr=1.0e-05 | 32.5s
  Fold 3 | Ep   6/50 | t_loss=0.1658 t_acc=0.676 | v_win_bal=0.431 v_rec_bal=0.452 | lr=9.9e-06 | 32.4s
  Fold 3 | Ep   7/50 | t_loss=0.1648 t_acc=0.679 | v_win_bal=0.423 v_rec_bal=0.433 | lr=9.8e-06 | 32.3s
  Fold 3 | Ep   8/50 | t_loss=0.1630 t_acc=0.678 | v_win_bal=0.468 v_rec_bal=0.476 | lr=9.7e-06 | 32.3s
  Fold 3 | Ep   9/50 | t_loss=0.1602 t_acc=0.680 | v_win_bal=0.475 v_rec_bal=0.476 | lr=9.6e-06 | 32.4s
  Fold 3 | Ep  10/50 | t_loss=0.1577 t_acc=0.681 | v_win_bal=0.478 v_rec_bal=0.429 | lr=9.5e-06 | 32.4s
  Fold 3 | Ep  11/50 | t_loss=0.1550 t_acc=0.681 | v_win_bal=0.476 v_rec_bal=0.476 | lr=9.3e-06 | 32.4s
  Fold 3 | Ep  12/50 | t_loss=0.1530 t_acc=0.688 | v_win_bal=0.471 v_rec_bal=0.452 | lr=9.1e-06 | 32.4s
  Fold 3 | Ep  13/50 | t_loss=0.1510 t_acc=0.697 | v_win_bal=0.471 v_rec_bal=0.452 | lr=8.9e-06 | 32.4s
  Fold 3 | Ep  14/50 | t_loss=0.1502 t_acc=0.697 | v_win_bal=0.473 v_rec_bal=0.452 | lr=8.7e-06 | 32.5s
  Fold 3 | Ep  15/50 | t_loss=0.1493 t_acc=0.694 | v_win_bal=0.481 v_rec_bal=0.476 | lr=8.5e-06 | 32.4s
  Fold 3 | Ep  16/50 | t_loss=0.1473 t_acc=0.694 | v_win_bal=0.478 v_rec_bal=0.476 | lr=8.2e-06 | 32.4s
  Fold 3 | Ep  17/50 | t_loss=0.1463 t_acc=0.698 | v_win_bal=0.481 v_rec_bal=0.476 | lr=8.0e-06 | 32.4s
  Fold 3 | Ep  18/50 | t_loss=0.1445 t_acc=0.704 | v_win_bal=0.484 v_rec_bal=0.452 | lr=7.7e-06 | 32.4s
  Fold 3 | Ep  19/50 | t_loss=0.1448 t_acc=0.699 | v_win_bal=0.485 v_rec_bal=0.452 | lr=7.4e-06 | 32.4s
  Fold 3 | Ep  20/50 | t_loss=0.1446 t_acc=0.709 | v_win_bal=0.488 v_rec_bal=0.452 | lr=7.1e-06 | 32.5s
  Fold 3 | Ep  21/50 | t_loss=0.1427 t_acc=0.719 | v_win_bal=0.487 v_rec_bal=0.452 | lr=6.8e-06 | 32.5s
  Fold 3 | Ep  22/50 | t_loss=0.1415 t_acc=0.715 | v_win_bal=0.488 v_rec_bal=0.452 | lr=6.5e-06 | 32.4s
  Fold 3 | Ep  23/50 | t_loss=0.1405 t_acc=0.720 | v_win_bal=0.482 v_rec_bal=0.452 | lr=6.2e-06 | 32.3s
  Fold 3 | Ep  24/50 | t_loss=0.1410 t_acc=0.721 | v_win_bal=0.487 v_rec_bal=0.452 | lr=5.8e-06 | 32.2s
  Fold 3 | Ep  25/50 | t_loss=0.1392 t_acc=0.720 | v_win_bal=0.497 v_rec_bal=0.452 | lr=5.5e-06 | 31.4s
  Fold 3 | Ep  26/50 | t_loss=0.1382 t_acc=0.723 | v_win_bal=0.489 v_rec_bal=0.452 | lr=5.2e-06 | 31.5s
  Fold 3 | Ep  27/50 | t_loss=0.1388 t_acc=0.722 | v_win_bal=0.478 v_rec_bal=0.452 | lr=4.8e-06 | 31.9s
  Fold 3 | Ep  28/50 | t_loss=0.1370 t_acc=0.738 | v_win_bal=0.487 v_rec_bal=0.452 | lr=4.5e-06 | 32.3s
  Fold 3 | Ep  29/50 | t_loss=0.1379 t_acc=0.732 | v_win_bal=0.485 v_rec_bal=0.452 | lr=4.2e-06 | 32.4s
  Fold 3 | Ep  30/50 | t_loss=0.1352 t_acc=0.737 | v_win_bal=0.492 v_rec_bal=0.452 | lr=3.8e-06 | 32.4s
  Fold 3 | Ep  31/50 | t_loss=0.1346 t_acc=0.735 | v_win_bal=0.483 v_rec_bal=0.452 | lr=3.5e-06 | 32.3s
  Fold 3 | Ep  32/50 | t_loss=0.1346 t_acc=0.734 | v_win_bal=0.484 v_rec_bal=0.452 | lr=3.2e-06 | 31.6s
  Early stop at epoch 32
  Extracting test-fold features (39 recordings)...
  Features shape: (39, 200)
  Saved features → results/features_cache/ft_cbramod_adftd/fold3_features.npz
  -> Test (best @ epoch 8): acc=0.5385, bal_acc=0.5079

============================================================
Fold 4/5
============================================================
  Train: 117 samples, 39 subjects [2, 8, 9, 11, 13, 15, 17, 18, 19, 20, 22, 23, 24, 25, 28, 29, 30, 31, 32, 34, 35, 36, 38, 39, 40, 41, 42, 43, 44, 45, 48, 50, 53, 57, 58, 59, 60, 63, 64], label_0=51, label_1=66
    Val:  39 samples, 13 subjects [1, 5, 7, 10, 26, 27, 33, 46, 49, 54, 56, 61, 62], label_0=18, label_1=21
   Test:  39 samples, 13 subjects [3, 4, 6, 12, 14, 16, 21, 37, 47, 51, 52, 55, 65], label_0=18, label_1=21
  Building window datasets...
    WindowDataset: 17137 windows (class_0=2911, class_1=14226)
    WindowDataset: 2175 windows (class_0=995, class_1=1180)
    WindowDataset: 2043 windows (class_0=965, class_1=1078)
[CBraMod] Loaded 209/209 params from weights/cbramod-base/pretrained_weights.pth
  Fold 4 | Ep   1/50 | t_loss=0.1735 t_acc=0.809 | v_win_bal=0.717 v_rec_bal=0.782 | lr=3.3e-06 | 33.1s
  Fold 4 | Ep   2/50 | t_loss=0.1732 t_acc=0.568 | v_win_bal=0.522 v_rec_bal=0.532 | lr=6.7e-06 | 33.2s
  Fold 4 | Ep   3/50 | t_loss=0.1729 t_acc=0.493 | v_win_bal=0.448 v_rec_bal=0.512 | lr=1.0e-05 | 33.3s
  Fold 4 | Ep   4/50 | t_loss=0.1722 t_acc=0.506 | v_win_bal=0.434 v_rec_bal=0.440 | lr=1.0e-05 | 32.7s
  Fold 4 | Ep   5/50 | t_loss=0.1703 t_acc=0.559 | v_win_bal=0.479 v_rec_bal=0.484 | lr=1.0e-05 | 32.7s
  Fold 4 | Ep   6/50 | t_loss=0.1659 t_acc=0.619 | v_win_bal=0.513 v_rec_bal=0.500 | lr=9.9e-06 | 32.3s
  Fold 4 | Ep   7/50 | t_loss=0.1595 t_acc=0.661 | v_win_bal=0.543 v_rec_bal=0.476 | lr=9.8e-06 | 32.2s
  Fold 4 | Ep   8/50 | t_loss=0.1543 t_acc=0.676 | v_win_bal=0.528 v_rec_bal=0.500 | lr=9.7e-06 | 32.3s
  Fold 4 | Ep   9/50 | t_loss=0.1508 t_acc=0.686 | v_win_bal=0.552 v_rec_bal=0.556 | lr=9.6e-06 | 32.3s
  Fold 4 | Ep  10/50 | t_loss=0.1482 t_acc=0.693 | v_win_bal=0.540 v_rec_bal=0.528 | lr=9.5e-06 | 32.5s
  Fold 4 | Ep  11/50 | t_loss=0.1451 t_acc=0.708 | v_win_bal=0.520 v_rec_bal=0.500 | lr=9.3e-06 | 32.2s
  Fold 4 | Ep  12/50 | t_loss=0.1433 t_acc=0.706 | v_win_bal=0.535 v_rec_bal=0.528 | lr=9.1e-06 | 32.1s
  Fold 4 | Ep  13/50 | t_loss=0.1407 t_acc=0.716 | v_win_bal=0.520 v_rec_bal=0.500 | lr=8.9e-06 | 32.1s
  Fold 4 | Ep  14/50 | t_loss=0.1394 t_acc=0.718 | v_win_bal=0.519 v_rec_bal=0.476 | lr=8.7e-06 | 32.1s
  Fold 4 | Ep  15/50 | t_loss=0.1374 t_acc=0.726 | v_win_bal=0.515 v_rec_bal=0.476 | lr=8.5e-06 | 32.2s
  Fold 4 | Ep  16/50 | t_loss=0.1370 t_acc=0.729 | v_win_bal=0.529 v_rec_bal=0.504 | lr=8.2e-06 | 32.1s
  Early stop at epoch 16
  Extracting test-fold features (39 recordings)...
  Features shape: (39, 200)
  Saved features → results/features_cache/ft_cbramod_adftd/fold4_features.npz
  -> Test (best @ epoch 1): acc=0.4872, bal_acc=0.5079

============================================================
Fold 5/5
============================================================
  Train: 117 samples, 39 subjects [2, 6, 7, 9, 10, 12, 14, 16, 17, 18, 19, 20, 21, 22, 25, 26, 27, 29, 30, 32, 34, 36, 37, 40, 42, 43, 44, 45, 46, 47, 49, 51, 52, 56, 57, 58, 60, 64, 65], label_0=51, label_1=66
    Val:  39 samples, 13 subjects [1, 3, 4, 8, 23, 24, 31, 48, 50, 54, 55, 62, 63], label_0=18, label_1=21
   Test:  39 samples, 13 subjects [5, 11, 13, 15, 28, 33, 35, 38, 39, 41, 53, 59, 61], label_0=18, label_1=21
  Building window datasets...
    WindowDataset: 17456 windows (class_0=2826, class_1=14630)
    WindowDataset: 2078 windows (class_0=1042, class_1=1036)
    WindowDataset: 2124 windows (class_0=1003, class_1=1121)
[CBraMod] Loaded 209/209 params from weights/cbramod-base/pretrained_weights.pth
  Fold 5 | Ep   1/50 | t_loss=0.1749 t_acc=0.838 | v_win_bal=0.724 v_rec_bal=0.813 | lr=3.3e-06 | 32.7s
  Fold 5 | Ep   2/50 | t_loss=0.1731 t_acc=0.684 | v_win_bal=0.595 v_rec_bal=0.520 | lr=6.7e-06 | 32.7s
  Fold 5 | Ep   3/50 | t_loss=0.1724 t_acc=0.555 | v_win_bal=0.532 v_rec_bal=0.500 | lr=1.0e-05 | 32.6s
  Fold 5 | Ep   4/50 | t_loss=0.1704 t_acc=0.592 | v_win_bal=0.544 v_rec_bal=0.544 | lr=1.0e-05 | 33.1s
  Fold 5 | Ep   5/50 | t_loss=0.1656 t_acc=0.624 | v_win_bal=0.561 v_rec_bal=0.536 | lr=1.0e-05 | 33.6s
  Fold 5 | Ep   6/50 | t_loss=0.1588 t_acc=0.637 | v_win_bal=0.583 v_rec_bal=0.512 | lr=9.9e-06 | 33.7s
  Fold 5 | Ep   7/50 | t_loss=0.1552 t_acc=0.658 | v_win_bal=0.570 v_rec_bal=0.540 | lr=9.8e-06 | 33.6s
  Fold 5 | Ep   8/50 | t_loss=0.1530 t_acc=0.668 | v_win_bal=0.627 v_rec_bal=0.607 | lr=9.7e-06 | 33.6s
  Fold 5 | Ep   9/50 | t_loss=0.1505 t_acc=0.687 | v_win_bal=0.628 v_rec_bal=0.583 | lr=9.6e-06 | 33.6s
  Fold 5 | Ep  10/50 | t_loss=0.1494 t_acc=0.688 | v_win_bal=0.613 v_rec_bal=0.583 | lr=9.5e-06 | 33.7s
  Fold 5 | Ep  11/50 | t_loss=0.1475 t_acc=0.684 | v_win_bal=0.660 v_rec_bal=0.746 | lr=9.3e-06 | 33.7s
  Fold 5 | Ep  12/50 | t_loss=0.1465 t_acc=0.706 | v_win_bal=0.655 v_rec_bal=0.742 | lr=9.1e-06 | 33.7s
  Fold 5 | Ep  13/50 | t_loss=0.1435 t_acc=0.707 | v_win_bal=0.668 v_rec_bal=0.790 | lr=8.9e-06 | 33.7s
  Fold 5 | Ep  14/50 | t_loss=0.1419 t_acc=0.713 | v_win_bal=0.657 v_rec_bal=0.794 | lr=8.7e-06 | 32.9s
  Fold 5 | Ep  15/50 | t_loss=0.1408 t_acc=0.713 | v_win_bal=0.669 v_rec_bal=0.762 | lr=8.5e-06 | 32.5s
  Fold 5 | Ep  16/50 | t_loss=0.1382 t_acc=0.719 | v_win_bal=0.657 v_rec_bal=0.679 | lr=8.2e-06 | 32.5s
  Early stop at epoch 16
  Extracting test-fold features (39 recordings)...
  Features shape: (39, 200)
  Saved features → results/features_cache/ft_cbramod_adftd/fold5_features.npz
  -> Test (best @ epoch 1): acc=0.4103, bal_acc=0.3929

============================================================
Global Results (5-Fold, subject-level CV)
Mode: FT | Extractor: cbramod | Loss: focal
============================================================
              acc: 0.5333
          bal_acc: 0.5094
               f1: 0.5096
            kappa: 0.0196
  Total predictions: 195 (should equal dataset size: 195)

Results saved to results/features_cache/ft_cbramod_adftd/
