/raid/jupyter-linjimmy1003.md10/.conda/envs/stress/lib/python3.11/site-packages/timm/models/layers/__init__.py:49: FutureWarning: Importing from timm.models.layers is deprecated, please import via timm.layers
  warnings.warn(f"Importing from {__name__} is deprecated, please import via timm.layers", FutureWarning)
Mode: FT | Extractor: labram | Folds: 5
LR: 1e-05 | WD: 0.05 | Beta2: 0.999 | Grad clip: 2.0
Head: hidden=128, dropout=0.0 | Norm: zscore | Loss: focal
Full FT: encoder_lr_scale=1.0
Augmentation: 75% overlap for increase class

Results → results/hp_sweep/20260410_dass/labram/labram_encoderlrscale1.0_lr1e-5_s2024/
Dataset: 70 recordings loaded (14 increase, 56 normal)
Cache: 70 recordings ready (70 cached, 0 new)

============================================================
Fold 1/5
============================================================
  Train:  45 samples, 12 subjects [1, 2, 3, 6, 7, 9, 10, 12, 13, 14, 16, 18], label_0=34, label_1=11
    Val:  12 samples,  2 subjects [5, 11], label_0=11, label_1=1
   Test:  13 samples,  3 subjects [4, 8, 17], label_0=11, label_1=2
  Building window datasets...
    WindowDataset: 6044 windows (class_0=3001, class_1=3043)
    WindowDataset: 964 windows (class_0=903, class_1=61)
    WindowDataset: 824 windows (class_0=698, class_1=126)
[LaBraM] Loaded 221/223 params from weights/labram-base/model.safetensors
[LaBraM] Missing: ['fc_norm.weight', 'fc_norm.bias']
  Trainable parameters: 5,872,179
  Class weights: [1.0069977045059204, 0.9930989146232605]
  Fold 1 | Ep   1/50 | t_loss=0.1380 t_acc=0.730 | v_win_bal=0.360 v_rec_bal=0.091 | lr=3.3e-06 | 19.3s
  Fold 1 | Ep   2/50 | t_loss=0.0896 t_acc=0.855 | v_win_bal=0.430 v_rec_bal=0.682 | lr=6.7e-06 | 15.6s
  Fold 1 | Ep   3/50 | t_loss=0.0500 t_acc=0.929 | v_win_bal=0.473 v_rec_bal=0.500 | lr=1.0e-05 | 15.5s
  Fold 1 | Ep   4/50 | t_loss=0.0210 t_acc=0.972 | v_win_bal=0.519 v_rec_bal=0.455 | lr=1.0e-05 | 15.5s
  Fold 1 | Ep   5/50 | t_loss=0.0053 t_acc=0.994 | v_win_bal=0.495 v_rec_bal=0.455 | lr=1.0e-05 | 15.6s
  Fold 1 | Ep   6/50 | t_loss=0.0022 t_acc=0.997 | v_win_bal=0.645 v_rec_bal=0.955 | lr=9.9e-06 | 15.6s
  Fold 1 | Ep   7/50 | t_loss=0.0003 t_acc=0.999 | v_win_bal=0.619 v_rec_bal=0.955 | lr=9.8e-06 | 15.7s
  Fold 1 | Ep   8/50 | t_loss=0.0001 t_acc=1.000 | v_win_bal=0.655 v_rec_bal=0.955 | lr=9.7e-06 | 15.5s
  Fold 1 | Ep   9/50 | t_loss=0.0000 t_acc=1.000 | v_win_bal=0.658 v_rec_bal=0.955 | lr=9.6e-06 | 15.6s
  Fold 1 | Ep  10/50 | t_loss=0.0000 t_acc=1.000 | v_win_bal=0.664 v_rec_bal=0.955 | lr=9.5e-06 | 15.6s
  Fold 1 | Ep  11/50 | t_loss=0.0000 t_acc=1.000 | v_win_bal=0.658 v_rec_bal=0.955 | lr=9.3e-06 | 16.2s
  Fold 1 | Ep  12/50 | t_loss=0.0000 t_acc=1.000 | v_win_bal=0.659 v_rec_bal=0.955 | lr=9.1e-06 | 15.7s
  Fold 1 | Ep  13/50 | t_loss=0.0000 t_acc=1.000 | v_win_bal=0.660 v_rec_bal=0.955 | lr=8.9e-06 | 15.6s
  Fold 1 | Ep  14/50 | t_loss=0.0000 t_acc=1.000 | v_win_bal=0.659 v_rec_bal=0.955 | lr=8.7e-06 | 15.3s
  Fold 1 | Ep  15/50 | t_loss=0.0000 t_acc=1.000 | v_win_bal=0.659 v_rec_bal=0.955 | lr=8.5e-06 | 15.4s
  Fold 1 | Ep  16/50 | t_loss=0.0000 t_acc=1.000 | v_win_bal=0.658 v_rec_bal=0.955 | lr=8.2e-06 | 15.5s
  Fold 1 | Ep  17/50 | t_loss=0.0000 t_acc=1.000 | v_win_bal=0.658 v_rec_bal=0.909 | lr=8.0e-06 | 15.6s
  Fold 1 | Ep  18/50 | t_loss=0.0000 t_acc=1.000 | v_win_bal=0.659 v_rec_bal=0.955 | lr=7.7e-06 | 16.0s
  Fold 1 | Ep  19/50 | t_loss=0.0000 t_acc=1.000 | v_win_bal=0.659 v_rec_bal=0.909 | lr=7.4e-06 | 15.5s
  Fold 1 | Ep  20/50 | t_loss=0.0000 t_acc=1.000 | v_win_bal=0.658 v_rec_bal=0.955 | lr=7.1e-06 | 15.7s
  Fold 1 | Ep  21/50 | t_loss=0.0000 t_acc=1.000 | v_win_bal=0.660 v_rec_bal=0.955 | lr=6.8e-06 | 14.7s
  Fold 1 | Ep  22/50 | t_loss=0.0000 t_acc=1.000 | v_win_bal=0.659 v_rec_bal=0.909 | lr=6.5e-06 | 15.5s
  Fold 1 | Ep  23/50 | t_loss=0.0000 t_acc=1.000 | v_win_bal=0.658 v_rec_bal=0.909 | lr=6.2e-06 | 15.4s
  Early stop at epoch 23
  -> Test (best @ epoch 6): acc=0.3846, bal_acc=0.2273

============================================================
Fold 2/5
============================================================
  Train:  41 samples, 11 subjects [1, 2, 4, 6, 7, 8, 9, 10, 13, 14, 17], label_0=31, label_1=10
    Val:  17 samples,  4 subjects [3, 12, 16, 18], label_0=14, label_1=3
   Test:  12 samples,  2 subjects [5, 11], label_0=11, label_1=1
  Building window datasets...
    WindowDataset: 5268 windows (class_0=2478, class_1=2790)
    WindowDataset: 1411 windows (class_0=1221, class_1=190)
    WindowDataset: 964 windows (class_0=903, class_1=61)
[LaBraM] Loaded 221/223 params from weights/labram-base/model.safetensors
[LaBraM] Missing: ['fc_norm.weight', 'fc_norm.bias']
  Fold 2 | Ep   1/50 | t_loss=0.1548 t_acc=0.653 | v_win_bal=0.732 v_rec_bal=0.690 | lr=3.3e-06 | 14.4s
  Fold 2 | Ep   2/50 | t_loss=0.1063 t_acc=0.809 | v_win_bal=0.684 v_rec_bal=0.524 | lr=6.7e-06 | 14.4s
  Fold 2 | Ep   3/50 | t_loss=0.0425 t_acc=0.941 | v_win_bal=0.541 v_rec_bal=0.393 | lr=1.0e-05 | 14.3s
  Fold 2 | Ep   4/50 | t_loss=0.0250 t_acc=0.968 | v_win_bal=0.578 v_rec_bal=0.524 | lr=1.0e-05 | 14.5s
  Fold 2 | Ep   5/50 | t_loss=0.0128 t_acc=0.988 | v_win_bal=0.606 v_rec_bal=0.524 | lr=1.0e-05 | 14.7s
  Fold 2 | Ep   6/50 | t_loss=0.0011 t_acc=0.999 | v_win_bal=0.575 v_rec_bal=0.560 | lr=9.9e-06 | 14.4s
  Fold 2 | Ep   7/50 | t_loss=0.0022 t_acc=0.997 | v_win_bal=0.581 v_rec_bal=0.560 | lr=9.8e-06 | 14.4s
  Fold 2 | Ep   8/50 | t_loss=0.0020 t_acc=0.999 | v_win_bal=0.535 v_rec_bal=0.393 | lr=9.7e-06 | 14.4s
  Fold 2 | Ep   9/50 | t_loss=0.0005 t_acc=0.999 | v_win_bal=0.599 v_rec_bal=0.560 | lr=9.6e-06 | 15.0s
  Fold 2 | Ep  10/50 | t_loss=0.0002 t_acc=1.000 | v_win_bal=0.599 v_rec_bal=0.560 | lr=9.5e-06 | 14.4s
  Fold 2 | Ep  11/50 | t_loss=0.0004 t_acc=1.000 | v_win_bal=0.578 v_rec_bal=0.560 | lr=9.3e-06 | 14.4s
  Fold 2 | Ep  12/50 | t_loss=0.0017 t_acc=0.999 | v_win_bal=0.588 v_rec_bal=0.560 | lr=9.1e-06 | 14.3s
  Fold 2 | Ep  13/50 | t_loss=0.0008 t_acc=0.999 | v_win_bal=0.555 v_rec_bal=0.560 | lr=8.9e-06 | 14.5s
  Fold 2 | Ep  14/50 | t_loss=0.0000 t_acc=1.000 | v_win_bal=0.573 v_rec_bal=0.560 | lr=8.7e-06 | 14.6s
  Fold 2 | Ep  15/50 | t_loss=0.0000 t_acc=1.000 | v_win_bal=0.559 v_rec_bal=0.560 | lr=8.5e-06 | 14.3s
  Fold 2 | Ep  16/50 | t_loss=0.0000 t_acc=1.000 | v_win_bal=0.553 v_rec_bal=0.560 | lr=8.2e-06 | 14.4s
  Early stop at epoch 16
  -> Test (best @ epoch 1): acc=0.1667, bal_acc=0.5455

============================================================
Fold 3/5
============================================================
  Train:  44 samples, 10 subjects [1, 2, 3, 5, 6, 7, 11, 13, 16, 18], label_0=35, label_1=9
    Val:  13 samples,  3 subjects [4, 8, 17], label_0=11, label_1=2
   Test:  13 samples,  4 subjects [9, 10, 12, 14], label_0=10, label_1=3
  Building window datasets...
    WindowDataset: 4825 windows (class_0=2580, class_1=2245)
    WindowDataset: 824 windows (class_0=698, class_1=126)
    WindowDataset: 1586 windows (class_0=1324, class_1=262)
[LaBraM] Loaded 221/223 params from weights/labram-base/model.safetensors
[LaBraM] Missing: ['fc_norm.weight', 'fc_norm.bias']
  Fold 3 | Ep   1/50 | t_loss=0.1597 t_acc=0.624 | v_win_bal=0.341 v_rec_bal=0.182 | lr=3.3e-06 | 12.5s
  Fold 3 | Ep   2/50 | t_loss=0.1048 t_acc=0.822 | v_win_bal=0.317 v_rec_bal=0.227 | lr=6.7e-06 | 12.7s
  Fold 3 | Ep   3/50 | t_loss=0.0665 t_acc=0.892 | v_win_bal=0.322 v_rec_bal=0.273 | lr=1.0e-05 | 12.8s
  Fold 3 | Ep   4/50 | t_loss=0.0287 t_acc=0.965 | v_win_bal=0.358 v_rec_bal=0.409 | lr=1.0e-05 | 12.5s
  Fold 3 | Ep   5/50 | t_loss=0.0165 t_acc=0.981 | v_win_bal=0.352 v_rec_bal=0.409 | lr=1.0e-05 | 12.7s
  Fold 3 | Ep   6/50 | t_loss=0.0081 t_acc=0.991 | v_win_bal=0.392 v_rec_bal=0.409 | lr=9.9e-06 | 12.4s
  Fold 3 | Ep   7/50 | t_loss=0.0054 t_acc=0.995 | v_win_bal=0.415 v_rec_bal=0.409 | lr=9.8e-06 | 12.4s
  Fold 3 | Ep   8/50 | t_loss=0.0017 t_acc=0.998 | v_win_bal=0.420 v_rec_bal=0.409 | lr=9.7e-06 | 12.5s
  Fold 3 | Ep   9/50 | t_loss=0.0013 t_acc=0.999 | v_win_bal=0.409 v_rec_bal=0.409 | lr=9.6e-06 | 12.9s
  Fold 3 | Ep  10/50 | t_loss=0.0026 t_acc=0.999 | v_win_bal=0.344 v_rec_bal=0.318 | lr=9.5e-06 | 12.4s
  Fold 3 | Ep  11/50 | t_loss=0.0008 t_acc=0.999 | v_win_bal=0.419 v_rec_bal=0.409 | lr=9.3e-06 | 12.6s
  Fold 3 | Ep  12/50 | t_loss=0.0001 t_acc=1.000 | v_win_bal=0.395 v_rec_bal=0.409 | lr=9.1e-06 | 12.5s
  Fold 3 | Ep  13/50 | t_loss=0.0012 t_acc=0.999 | v_win_bal=0.386 v_rec_bal=0.409 | lr=8.9e-06 | 12.4s
  Fold 3 | Ep  14/50 | t_loss=0.0000 t_acc=1.000 | v_win_bal=0.366 v_rec_bal=0.364 | lr=8.7e-06 | 12.5s
  Fold 3 | Ep  15/50 | t_loss=0.0000 t_acc=1.000 | v_win_bal=0.397 v_rec_bal=0.409 | lr=8.5e-06 | 12.6s
  Fold 3 | Ep  16/50 | t_loss=0.0000 t_acc=1.000 | v_win_bal=0.397 v_rec_bal=0.409 | lr=8.2e-06 | 12.3s
  Fold 3 | Ep  17/50 | t_loss=0.0000 t_acc=1.000 | v_win_bal=0.392 v_rec_bal=0.409 | lr=8.0e-06 | 12.3s
  Fold 3 | Ep  18/50 | t_loss=0.0000 t_acc=1.000 | v_win_bal=0.394 v_rec_bal=0.409 | lr=7.7e-06 | 12.3s
  Fold 3 | Ep  19/50 | t_loss=0.0000 t_acc=1.000 | v_win_bal=0.394 v_rec_bal=0.409 | lr=7.4e-06 | 13.3s
  Fold 3 | Ep  20/50 | t_loss=0.0000 t_acc=1.000 | v_win_bal=0.392 v_rec_bal=0.409 | lr=7.1e-06 | 12.5s
  Fold 3 | Ep  21/50 | t_loss=0.0000 t_acc=1.000 | v_win_bal=0.390 v_rec_bal=0.409 | lr=6.8e-06 | 12.4s
  Early stop at epoch 21
  -> Test (best @ epoch 4): acc=0.8462, bal_acc=0.6667

============================================================
Fold 4/5
============================================================
  Train:  40 samples, 10 subjects [1, 2, 4, 5, 6, 8, 9, 10, 11, 14], label_0=31, label_1=9
    Val:  13 samples,  3 subjects [12, 17, 18], label_0=11, label_1=2
   Test:  17 samples,  4 subjects [3, 7, 13, 16], label_0=14, label_1=3
  Building window datasets...
    WindowDataset: 5020 windows (class_0=2487, class_1=2533)
    WindowDataset: 1166 windows (class_0=1040, class_1=126)
    WindowDataset: 1265 windows (class_0=1075, class_1=190)
[LaBraM] Loaded 221/223 params from weights/labram-base/model.safetensors
[LaBraM] Missing: ['fc_norm.weight', 'fc_norm.bias']
  Fold 4 | Ep   1/50 | t_loss=0.1633 t_acc=0.613 | v_win_bal=0.485 v_rec_bal=0.500 | lr=3.3e-06 | 13.3s
  Fold 4 | Ep   2/50 | t_loss=0.1154 t_acc=0.793 | v_win_bal=0.496 v_rec_bal=0.500 | lr=6.7e-06 | 13.3s
  Fold 4 | Ep   3/50 | t_loss=0.0609 t_acc=0.909 | v_win_bal=0.606 v_rec_bal=0.659 | lr=1.0e-05 | 14.0s
  Fold 4 | Ep   4/50 | t_loss=0.0262 t_acc=0.965 | v_win_bal=0.516 v_rec_bal=0.500 | lr=1.0e-05 | 13.5s
  Fold 4 | Ep   5/50 | t_loss=0.0168 t_acc=0.982 | v_win_bal=0.509 v_rec_bal=0.500 | lr=1.0e-05 | 13.3s
  Fold 4 | Ep   6/50 | t_loss=0.0025 t_acc=0.997 | v_win_bal=0.536 v_rec_bal=0.409 | lr=9.9e-06 | 13.3s
  Fold 4 | Ep   7/50 | t_loss=0.0038 t_acc=0.997 | v_win_bal=0.496 v_rec_bal=0.500 | lr=9.8e-06 | 13.5s
  Fold 4 | Ep   8/50 | t_loss=0.0014 t_acc=0.999 | v_win_bal=0.494 v_rec_bal=0.500 | lr=9.7e-06 | 13.2s
  Fold 4 | Ep   9/50 | t_loss=0.0000 t_acc=1.000 | v_win_bal=0.493 v_rec_bal=0.455 | lr=9.6e-06 | 13.3s
  Fold 4 | Ep  10/50 | t_loss=0.0000 t_acc=1.000 | v_win_bal=0.494 v_rec_bal=0.455 | lr=9.5e-06 | 13.4s
  Fold 4 | Ep  11/50 | t_loss=0.0000 t_acc=1.000 | v_win_bal=0.497 v_rec_bal=0.455 | lr=9.3e-06 | 13.7s
  Fold 4 | Ep  12/50 | t_loss=0.0000 t_acc=1.000 | v_win_bal=0.500 v_rec_bal=0.455 | lr=9.1e-06 | 12.7s
  Fold 4 | Ep  13/50 | t_loss=0.0000 t_acc=1.000 | v_win_bal=0.490 v_rec_bal=0.455 | lr=8.9e-06 | 13.5s
  Fold 4 | Ep  14/50 | t_loss=0.0000 t_acc=1.000 | v_win_bal=0.492 v_rec_bal=0.455 | lr=8.7e-06 | 13.5s
  Fold 4 | Ep  15/50 | t_loss=0.0000 t_acc=1.000 | v_win_bal=0.488 v_rec_bal=0.455 | lr=8.5e-06 | 13.3s
  Fold 4 | Ep  16/50 | t_loss=0.0000 t_acc=1.000 | v_win_bal=0.499 v_rec_bal=0.455 | lr=8.2e-06 | 13.2s
  Fold 4 | Ep  17/50 | t_loss=0.0000 t_acc=1.000 | v_win_bal=0.504 v_rec_bal=0.455 | lr=8.0e-06 | 13.5s
  Fold 4 | Ep  18/50 | t_loss=0.0000 t_acc=1.000 | v_win_bal=0.500 v_rec_bal=0.455 | lr=7.7e-06 | 13.4s
  Early stop at epoch 18
  -> Test (best @ epoch 3): acc=0.7059, bal_acc=0.5595

============================================================
Fold 5/5
============================================================
  Train:  43 samples, 11 subjects [3, 4, 7, 8, 9, 10, 12, 13, 14, 16, 17], label_0=35, label_1=8
    Val:  12 samples,  2 subjects [5, 11], label_0=11, label_1=1
   Test:  15 samples,  4 subjects [1, 2, 6, 18], label_0=10, label_1=5
  Building window datasets...
    WindowDataset: 5385 windows (class_0=3097, class_1=2288)
    WindowDataset: 964 windows (class_0=903, class_1=61)
    WindowDataset: 919 windows (class_0=602, class_1=317)
[LaBraM] Loaded 221/223 params from weights/labram-base/model.safetensors
[LaBraM] Missing: ['fc_norm.weight', 'fc_norm.bias']
  Fold 5 | Ep   1/50 | t_loss=0.1460 t_acc=0.695 | v_win_bal=0.378 v_rec_bal=0.136 | lr=3.3e-06 | 14.0s
  Fold 5 | Ep   2/50 | t_loss=0.0819 t_acc=0.869 | v_win_bal=0.366 v_rec_bal=0.318 | lr=6.7e-06 | 14.0s
  Fold 5 | Ep   3/50 | t_loss=0.0444 t_acc=0.938 | v_win_bal=0.460 v_rec_bal=0.455 | lr=1.0e-05 | 14.2s
  Fold 5 | Ep   4/50 | t_loss=0.0185 t_acc=0.977 | v_win_bal=0.453 v_rec_bal=0.455 | lr=1.0e-05 | 14.0s
  Fold 5 | Ep   5/50 | t_loss=0.0074 t_acc=0.992 | v_win_bal=0.444 v_rec_bal=0.500 | lr=1.0e-05 | 13.9s
  Fold 5 | Ep   6/50 | t_loss=0.0012 t_acc=0.999 | v_win_bal=0.476 v_rec_bal=0.500 | lr=9.9e-06 | 13.8s
  Fold 5 | Ep   7/50 | t_loss=0.0003 t_acc=0.999 | v_win_bal=0.491 v_rec_bal=0.500 | lr=9.8e-06 | 14.1s
  Fold 5 | Ep   8/50 | t_loss=0.0007 t_acc=0.999 | v_win_bal=0.463 v_rec_bal=0.500 | lr=9.7e-06 | 13.9s
  Fold 5 | Ep   9/50 | t_loss=0.0000 t_acc=1.000 | v_win_bal=0.482 v_rec_bal=0.500 | lr=9.6e-06 | 14.5s
  Fold 5 | Ep  10/50 | t_loss=0.0000 t_acc=1.000 | v_win_bal=0.485 v_rec_bal=0.500 | lr=9.5e-06 | 14.0s
  Fold 5 | Ep  11/50 | t_loss=0.0000 t_acc=1.000 | v_win_bal=0.482 v_rec_bal=0.500 | lr=9.3e-06 | 14.2s
  Fold 5 | Ep  12/50 | t_loss=0.0000 t_acc=1.000 | v_win_bal=0.484 v_rec_bal=0.500 | lr=9.1e-06 | 14.0s
  Fold 5 | Ep  13/50 | t_loss=0.0000 t_acc=1.000 | v_win_bal=0.485 v_rec_bal=0.500 | lr=8.9e-06 | 14.0s
  Fold 5 | Ep  14/50 | t_loss=0.0000 t_acc=1.000 | v_win_bal=0.484 v_rec_bal=0.500 | lr=8.7e-06 | 14.0s
  Fold 5 | Ep  15/50 | t_loss=0.0000 t_acc=1.000 | v_win_bal=0.487 v_rec_bal=0.500 | lr=8.5e-06 | 14.2s
  Fold 5 | Ep  16/50 | t_loss=0.0000 t_acc=1.000 | v_win_bal=0.487 v_rec_bal=0.500 | lr=8.2e-06 | 14.0s
  Fold 5 | Ep  17/50 | t_loss=0.0000 t_acc=1.000 | v_win_bal=0.487 v_rec_bal=0.500 | lr=8.0e-06 | 14.8s
  Fold 5 | Ep  18/50 | t_loss=0.0000 t_acc=1.000 | v_win_bal=0.489 v_rec_bal=0.500 | lr=7.7e-06 | 14.1s
  Fold 5 | Ep  19/50 | t_loss=0.0000 t_acc=1.000 | v_win_bal=0.488 v_rec_bal=0.500 | lr=7.4e-06 | 14.2s
  Fold 5 | Ep  20/50 | t_loss=0.0000 t_acc=1.000 | v_win_bal=0.488 v_rec_bal=0.500 | lr=7.1e-06 | 13.9s
  Fold 5 | Ep  21/50 | t_loss=0.0000 t_acc=1.000 | v_win_bal=0.496 v_rec_bal=0.500 | lr=6.8e-06 | 13.9s
  Fold 5 | Ep  22/50 | t_loss=0.0000 t_acc=1.000 | v_win_bal=0.488 v_rec_bal=0.500 | lr=6.5e-06 | 14.0s
  Early stop at epoch 22
  -> Test (best @ epoch 5): acc=0.6667, bal_acc=0.5500

============================================================
Global Results (5-Fold, subject-level CV)
Mode: FT | Extractor: labram | Loss: focal
============================================================
              acc: 0.5714
          bal_acc: 0.4643
               f1: 0.6068
            kappa: -0.0563
  Total predictions: 70 (should equal dataset size: 70)

Results saved to results/hp_sweep/20260410_dass/labram/labram_encoderlrscale1.0_lr1e-5_s2024/
