/raid/jupyter-linjimmy1003.md10/.conda/envs/stress/lib/python3.11/site-packages/timm/models/layers/__init__.py:49: FutureWarning: Importing from timm.models.layers is deprecated, please import via timm.layers
  warnings.warn(f"Importing from {__name__} is deprecated, please import via timm.layers", FutureWarning)
Mode: FT | Extractor: cbramod | Folds: 5
LR: 1e-05 | WD: 0.05 | Beta2: 0.999 | Grad clip: 2.0
Head: hidden=128, dropout=0.0 | Norm: none | Loss: focal
Full FT: encoder_lr_scale=0.1
Augmentation: 75% overlap for increase class

Results → results/studies/exp03_stress_erosion/ft_null_cbramod/perm_s1/
Dataset: 70 recordings loaded (14 increase, 56 normal)
Cache: 70 recordings ready (70 cached, 0 new)
[permute-labels] Shuffled labels with rng seed 1. Class balance preserved: 14 pos / 56 neg

============================================================
Fold 1/5
============================================================
  Train:  40 samples, 10 subjects [3, 5, 8, 10, 11, 13, 14, 16, 17, 18], label_0=32, label_1=8
    Val:  14 samples,  4 subjects [1, 2, 9, 12], label_0=11, label_1=3
   Test:  16 samples,  3 subjects [4, 6, 7], label_0=13, label_1=3
  Building window datasets...
    WindowDataset: 5609 windows (class_0=2465, class_1=3144)
    WindowDataset: 1341 windows (class_0=1038, class_1=303)
    WindowDataset: 960 windows (class_0=780, class_1=180)
[CBraMod] Loaded 209/209 params from weights/cbramod-base/pretrained_weights.pth
  Trainable parameters: 4,935,443
  Class weights: [1.137728214263916, 0.8920165300369263]
  Fold 1 | Ep   1/50 | t_loss=0.1735 t_acc=0.561 | v_win_bal=0.500 v_rec_bal=0.500 | lr=3.3e-06 | 15.7s
  Fold 1 | Ep   2/50 | t_loss=0.1733 t_acc=0.560 | v_win_bal=0.499 v_rec_bal=0.500 | lr=6.7e-06 | 13.5s
  Fold 1 | Ep   3/50 | t_loss=0.1732 t_acc=0.536 | v_win_bal=0.502 v_rec_bal=0.500 | lr=1.0e-05 | 16.9s
  Fold 1 | Ep   4/50 | t_loss=0.1731 t_acc=0.529 | v_win_bal=0.504 v_rec_bal=0.500 | lr=1.0e-05 | 15.3s
  Fold 1 | Ep   5/50 | t_loss=0.1730 t_acc=0.523 | v_win_bal=0.523 v_rec_bal=0.545 | lr=1.0e-05 | 13.6s
  Fold 1 | Ep   6/50 | t_loss=0.1728 t_acc=0.529 | v_win_bal=0.484 v_rec_bal=0.545 | lr=9.9e-06 | 14.4s
  Fold 1 | Ep   7/50 | t_loss=0.1726 t_acc=0.516 | v_win_bal=0.520 v_rec_bal=0.545 | lr=9.8e-06 | 15.2s
  Fold 1 | Ep   8/50 | t_loss=0.1723 t_acc=0.509 | v_win_bal=0.528 v_rec_bal=0.545 | lr=9.7e-06 | 13.4s
  Fold 1 | Ep   9/50 | t_loss=0.1721 t_acc=0.510 | v_win_bal=0.522 v_rec_bal=0.545 | lr=9.6e-06 | 15.8s
  Fold 1 | Ep  10/50 | t_loss=0.1719 t_acc=0.515 | v_win_bal=0.513 v_rec_bal=0.500 | lr=9.5e-06 | 14.4s
  Fold 1 | Ep  11/50 | t_loss=0.1717 t_acc=0.517 | v_win_bal=0.524 v_rec_bal=0.545 | lr=9.3e-06 | 13.8s
  Fold 1 | Ep  12/50 | t_loss=0.1714 t_acc=0.513 | v_win_bal=0.515 v_rec_bal=0.545 | lr=9.1e-06 | 13.6s
  Fold 1 | Ep  13/50 | t_loss=0.1713 t_acc=0.522 | v_win_bal=0.523 v_rec_bal=0.545 | lr=8.9e-06 | 12.8s
  Fold 1 | Ep  14/50 | t_loss=0.1710 t_acc=0.516 | v_win_bal=0.519 v_rec_bal=0.545 | lr=8.7e-06 | 14.6s
  Fold 1 | Ep  15/50 | t_loss=0.1708 t_acc=0.533 | v_win_bal=0.508 v_rec_bal=0.500 | lr=8.5e-06 | 15.6s
  Fold 1 | Ep  16/50 | t_loss=0.1702 t_acc=0.530 | v_win_bal=0.519 v_rec_bal=0.545 | lr=8.2e-06 | 14.6s
  Fold 1 | Ep  17/50 | t_loss=0.1700 t_acc=0.538 | v_win_bal=0.522 v_rec_bal=0.545 | lr=8.0e-06 | 15.6s
  Fold 1 | Ep  18/50 | t_loss=0.1693 t_acc=0.551 | v_win_bal=0.510 v_rec_bal=0.500 | lr=7.7e-06 | 14.7s
  Fold 1 | Ep  19/50 | t_loss=0.1687 t_acc=0.556 | v_win_bal=0.516 v_rec_bal=0.545 | lr=7.4e-06 | 17.4s
  Fold 1 | Ep  20/50 | t_loss=0.1677 t_acc=0.584 | v_win_bal=0.518 v_rec_bal=0.545 | lr=7.1e-06 | 16.3s
  Fold 1 | Ep  21/50 | t_loss=0.1662 t_acc=0.605 | v_win_bal=0.515 v_rec_bal=0.500 | lr=6.8e-06 | 12.9s
  Fold 1 | Ep  22/50 | t_loss=0.1647 t_acc=0.612 | v_win_bal=0.537 v_rec_bal=0.545 | lr=6.5e-06 | 13.5s
  Early stop at epoch 22
  -> Test (best @ epoch 5): acc=0.1875, bal_acc=0.5000

============================================================
Fold 2/5
============================================================
  Train:  42 samples, 10 subjects [1, 3, 5, 8, 9, 10, 11, 13, 16, 18], label_0=34, label_1=8
    Val:  16 samples,  3 subjects [4, 6, 7], label_0=13, label_1=3
   Test:  12 samples,  4 subjects [2, 12, 14, 17], label_0=9, label_1=3
  Building window datasets...
    WindowDataset: 5279 windows (class_0=2595, class_1=2684)
    WindowDataset: 960 windows (class_0=780, class_1=180)
    WindowDataset: 1326 windows (class_0=908, class_1=418)
[CBraMod] Loaded 209/209 params from weights/cbramod-base/pretrained_weights.pth
  Fold 2 | Ep   1/50 | t_loss=0.1737 t_acc=0.492 | v_win_bal=0.500 v_rec_bal=0.500 | lr=3.3e-06 | 13.5s
  Fold 2 | Ep   2/50 | t_loss=0.1734 t_acc=0.491 | v_win_bal=0.504 v_rec_bal=0.500 | lr=6.7e-06 | 14.8s
  Fold 2 | Ep   3/50 | t_loss=0.1733 t_acc=0.490 | v_win_bal=0.560 v_rec_bal=0.577 | lr=1.0e-05 | 13.4s
  Fold 2 | Ep   4/50 | t_loss=0.1733 t_acc=0.496 | v_win_bal=0.501 v_rec_bal=0.500 | lr=1.0e-05 | 14.7s
  Fold 2 | Ep   5/50 | t_loss=0.1733 t_acc=0.512 | v_win_bal=0.526 v_rec_bal=0.500 | lr=1.0e-05 | 12.4s
  Fold 2 | Ep   6/50 | t_loss=0.1733 t_acc=0.499 | v_win_bal=0.512 v_rec_bal=0.500 | lr=9.9e-06 | 13.0s
  Fold 2 | Ep   7/50 | t_loss=0.1732 t_acc=0.503 | v_win_bal=0.500 v_rec_bal=0.500 | lr=9.8e-06 | 14.0s
  Fold 2 | Ep   8/50 | t_loss=0.1732 t_acc=0.509 | v_win_bal=0.500 v_rec_bal=0.500 | lr=9.7e-06 | 12.5s
  Fold 2 | Ep   9/50 | t_loss=0.1733 t_acc=0.507 | v_win_bal=0.585 v_rec_bal=0.731 | lr=9.6e-06 | 11.6s
  Fold 2 | Ep  10/50 | t_loss=0.1732 t_acc=0.504 | v_win_bal=0.500 v_rec_bal=0.500 | lr=9.5e-06 | 13.7s
  Fold 2 | Ep  11/50 | t_loss=0.1732 t_acc=0.525 | v_win_bal=0.500 v_rec_bal=0.500 | lr=9.3e-06 | 13.6s
  Fold 2 | Ep  12/50 | t_loss=0.1731 t_acc=0.528 | v_win_bal=0.500 v_rec_bal=0.500 | lr=9.1e-06 | 11.9s
  Fold 2 | Ep  13/50 | t_loss=0.1731 t_acc=0.543 | v_win_bal=0.500 v_rec_bal=0.500 | lr=8.9e-06 | 14.0s
  Fold 2 | Ep  14/50 | t_loss=0.1731 t_acc=0.516 | v_win_bal=0.500 v_rec_bal=0.500 | lr=8.7e-06 | 12.9s
  Fold 2 | Ep  15/50 | t_loss=0.1730 t_acc=0.541 | v_win_bal=0.500 v_rec_bal=0.500 | lr=8.5e-06 | 14.8s
  Fold 2 | Ep  16/50 | t_loss=0.1729 t_acc=0.528 | v_win_bal=0.500 v_rec_bal=0.500 | lr=8.2e-06 | 12.6s
  Fold 2 | Ep  17/50 | t_loss=0.1729 t_acc=0.533 | v_win_bal=0.500 v_rec_bal=0.500 | lr=8.0e-06 | 13.8s
  Fold 2 | Ep  18/50 | t_loss=0.1728 t_acc=0.519 | v_win_bal=0.501 v_rec_bal=0.500 | lr=7.7e-06 | 13.1s
  Fold 2 | Ep  19/50 | t_loss=0.1726 t_acc=0.546 | v_win_bal=0.499 v_rec_bal=0.500 | lr=7.4e-06 | 13.8s
  Fold 2 | Ep  20/50 | t_loss=0.1724 t_acc=0.529 | v_win_bal=0.501 v_rec_bal=0.500 | lr=7.1e-06 | 11.8s
  Fold 2 | Ep  21/50 | t_loss=0.1722 t_acc=0.540 | v_win_bal=0.485 v_rec_bal=0.500 | lr=6.8e-06 | 12.8s
  Fold 2 | Ep  22/50 | t_loss=0.1721 t_acc=0.539 | v_win_bal=0.476 v_rec_bal=0.500 | lr=6.5e-06 | 12.9s
  Fold 2 | Ep  23/50 | t_loss=0.1717 t_acc=0.552 | v_win_bal=0.423 v_rec_bal=0.333 | lr=6.2e-06 | 13.1s
  Fold 2 | Ep  24/50 | t_loss=0.1713 t_acc=0.563 | v_win_bal=0.443 v_rec_bal=0.500 | lr=5.8e-06 | 13.2s
  Early stop at epoch 24
  -> Test (best @ epoch 9): acc=0.5000, bal_acc=0.5556

============================================================
Fold 3/5
============================================================
  Train:  41 samples, 11 subjects [2, 5, 6, 9, 11, 12, 13, 14, 16, 17, 18], label_0=32, label_1=9
    Val:  16 samples,  3 subjects [1, 4, 7], label_0=13, label_1=3
   Test:  13 samples,  3 subjects [3, 8, 10], label_0=11, label_1=2
  Building window datasets...
    WindowDataset: 6579 windows (class_0=2702, class_1=3877)
    WindowDataset: 980 windows (class_0=801, class_1=179)
    WindowDataset: 900 windows (class_0=780, class_1=120)
[CBraMod] Loaded 209/209 params from weights/cbramod-base/pretrained_weights.pth
  Fold 3 | Ep   1/50 | t_loss=0.1790 t_acc=0.590 | v_win_bal=0.500 v_rec_bal=0.500 | lr=3.3e-06 | 16.9s
  Fold 3 | Ep   2/50 | t_loss=0.1748 t_acc=0.590 | v_win_bal=0.507 v_rec_bal=0.500 | lr=6.7e-06 | 16.8s
  Fold 3 | Ep   3/50 | t_loss=0.1732 t_acc=0.525 | v_win_bal=0.511 v_rec_bal=0.538 | lr=1.0e-05 | 16.1s
  Fold 3 | Ep   4/50 | t_loss=0.1730 t_acc=0.538 | v_win_bal=0.507 v_rec_bal=0.500 | lr=1.0e-05 | 15.7s
  Fold 3 | Ep   5/50 | t_loss=0.1727 t_acc=0.564 | v_win_bal=0.509 v_rec_bal=0.500 | lr=1.0e-05 | 18.2s
  Fold 3 | Ep   6/50 | t_loss=0.1724 t_acc=0.549 | v_win_bal=0.506 v_rec_bal=0.500 | lr=9.9e-06 | 17.2s
  Fold 3 | Ep   7/50 | t_loss=0.1716 t_acc=0.576 | v_win_bal=0.503 v_rec_bal=0.500 | lr=9.8e-06 | 18.6s
  Fold 3 | Ep   8/50 | t_loss=0.1699 t_acc=0.599 | v_win_bal=0.459 v_rec_bal=0.500 | lr=9.7e-06 | 18.5s
  Fold 3 | Ep   9/50 | t_loss=0.1672 t_acc=0.630 | v_win_bal=0.405 v_rec_bal=0.333 | lr=9.6e-06 | 17.1s
  Fold 3 | Ep  10/50 | t_loss=0.1640 t_acc=0.638 | v_win_bal=0.370 v_rec_bal=0.372 | lr=9.5e-06 | 16.3s
  Fold 3 | Ep  11/50 | t_loss=0.1622 t_acc=0.655 | v_win_bal=0.402 v_rec_bal=0.372 | lr=9.3e-06 | 15.9s
  Fold 3 | Ep  12/50 | t_loss=0.1610 t_acc=0.664 | v_win_bal=0.395 v_rec_bal=0.372 | lr=9.1e-06 | 18.2s
  Fold 3 | Ep  13/50 | t_loss=0.1597 t_acc=0.670 | v_win_bal=0.394 v_rec_bal=0.372 | lr=8.9e-06 | 17.2s
  Fold 3 | Ep  14/50 | t_loss=0.1590 t_acc=0.669 | v_win_bal=0.381 v_rec_bal=0.372 | lr=8.7e-06 | 14.7s
  Fold 3 | Ep  15/50 | t_loss=0.1584 t_acc=0.677 | v_win_bal=0.381 v_rec_bal=0.372 | lr=8.5e-06 | 15.1s
  Fold 3 | Ep  16/50 | t_loss=0.1579 t_acc=0.677 | v_win_bal=0.393 v_rec_bal=0.372 | lr=8.2e-06 | 16.9s
  Fold 3 | Ep  17/50 | t_loss=0.1571 t_acc=0.679 | v_win_bal=0.389 v_rec_bal=0.372 | lr=8.0e-06 | 18.1s
  Fold 3 | Ep  18/50 | t_loss=0.1571 t_acc=0.681 | v_win_bal=0.385 v_rec_bal=0.410 | lr=7.7e-06 | 18.2s
  Early stop at epoch 18
  -> Test (best @ epoch 3): acc=0.1538, bal_acc=0.5000

============================================================
Fold 4/5
============================================================
  Train:  39 samples, 11 subjects [2, 3, 5, 8, 9, 10, 12, 13, 14, 16, 17], label_0=31, label_1=8
    Val:  16 samples,  3 subjects [4, 6, 7], label_0=13, label_1=3
   Test:  15 samples,  3 subjects [1, 11, 18], label_0=12, label_1=3
  Building window datasets...
    WindowDataset: 5967 windows (class_0=2603, class_1=3364)
    WindowDataset: 960 windows (class_0=780, class_1=180)
    WindowDataset: 1148 windows (class_0=900, class_1=248)
[CBraMod] Loaded 209/209 params from weights/cbramod-base/pretrained_weights.pth
  Fold 4 | Ep   1/50 | t_loss=0.1734 t_acc=0.564 | v_win_bal=0.504 v_rec_bal=0.500 | lr=3.3e-06 | 15.8s
  Fold 4 | Ep   2/50 | t_loss=0.1732 t_acc=0.565 | v_win_bal=0.501 v_rec_bal=0.500 | lr=6.7e-06 | 17.6s
  Fold 4 | Ep   3/50 | t_loss=0.1729 t_acc=0.558 | v_win_bal=0.515 v_rec_bal=0.500 | lr=1.0e-05 | 13.7s
  Fold 4 | Ep   4/50 | t_loss=0.1724 t_acc=0.567 | v_win_bal=0.629 v_rec_bal=0.654 | lr=1.0e-05 | 16.4s
  Fold 4 | Ep   5/50 | t_loss=0.1710 t_acc=0.574 | v_win_bal=0.528 v_rec_bal=0.500 | lr=1.0e-05 | 17.5s
  Fold 4 | Ep   6/50 | t_loss=0.1688 t_acc=0.577 | v_win_bal=0.596 v_rec_bal=0.615 | lr=9.9e-06 | 18.2s
  Fold 4 | Ep   7/50 | t_loss=0.1663 t_acc=0.589 | v_win_bal=0.549 v_rec_bal=0.577 | lr=9.8e-06 | 14.0s
  Fold 4 | Ep   8/50 | t_loss=0.1637 t_acc=0.616 | v_win_bal=0.492 v_rec_bal=0.372 | lr=9.7e-06 | 14.9s
  Fold 4 | Ep   9/50 | t_loss=0.1609 t_acc=0.639 | v_win_bal=0.467 v_rec_bal=0.500 | lr=9.6e-06 | 14.8s
  Fold 4 | Ep  10/50 | t_loss=0.1599 t_acc=0.645 | v_win_bal=0.434 v_rec_bal=0.333 | lr=9.5e-06 | 16.9s
  Fold 4 | Ep  11/50 | t_loss=0.1586 t_acc=0.656 | v_win_bal=0.421 v_rec_bal=0.333 | lr=9.3e-06 | 17.8s
  Fold 4 | Ep  12/50 | t_loss=0.1583 t_acc=0.654 | v_win_bal=0.463 v_rec_bal=0.500 | lr=9.1e-06 | 15.4s
  Fold 4 | Ep  13/50 | t_loss=0.1580 t_acc=0.656 | v_win_bal=0.468 v_rec_bal=0.500 | lr=8.9e-06 | 16.7s
  Fold 4 | Ep  14/50 | t_loss=0.1574 t_acc=0.662 | v_win_bal=0.463 v_rec_bal=0.500 | lr=8.7e-06 | 14.2s
  Fold 4 | Ep  15/50 | t_loss=0.1575 t_acc=0.658 | v_win_bal=0.472 v_rec_bal=0.500 | lr=8.5e-06 | 14.1s
  Fold 4 | Ep  16/50 | t_loss=0.1570 t_acc=0.665 | v_win_bal=0.465 v_rec_bal=0.500 | lr=8.2e-06 | 16.7s
  Fold 4 | Ep  17/50 | t_loss=0.1563 t_acc=0.668 | v_win_bal=0.488 v_rec_bal=0.500 | lr=8.0e-06 | 16.8s
  Fold 4 | Ep  18/50 | t_loss=0.1561 t_acc=0.671 | v_win_bal=0.477 v_rec_bal=0.500 | lr=7.7e-06 | 14.3s
  Fold 4 | Ep  19/50 | t_loss=0.1568 t_acc=0.664 | v_win_bal=0.484 v_rec_bal=0.500 | lr=7.4e-06 | 17.7s
  Fold 4 | Ep  20/50 | t_loss=0.1559 t_acc=0.671 | v_win_bal=0.487 v_rec_bal=0.500 | lr=7.1e-06 | 14.9s
  Fold 4 | Ep  21/50 | t_loss=0.1559 t_acc=0.675 | v_win_bal=0.495 v_rec_bal=0.500 | lr=6.8e-06 | 13.7s
  Early stop at epoch 21
  -> Test (best @ epoch 4): acc=0.2000, bal_acc=0.5000

============================================================
Fold 5/5
============================================================
  Train:  41 samples, 10 subjects [2, 3, 6, 7, 10, 11, 12, 14, 17, 18], label_0=32, label_1=9
    Val:  15 samples,  3 subjects [1, 4, 8], label_0=13, label_1=2
   Test:  14 samples,  4 subjects [5, 9, 13, 16], label_0=11, label_1=3
  Building window datasets...
    WindowDataset: 5884 windows (class_0=2535, class_1=3349)
    WindowDataset: 955 windows (class_0=833, class_1=122)
    WindowDataset: 1224 windows (class_0=915, class_1=309)
[CBraMod] Loaded 209/209 params from weights/cbramod-base/pretrained_weights.pth
  Fold 5 | Ep   1/50 | t_loss=0.1739 t_acc=0.431 | v_win_bal=0.500 v_rec_bal=0.500 | lr=3.3e-06 | 14.6s
  Fold 5 | Ep   2/50 | t_loss=0.1734 t_acc=0.432 | v_win_bal=0.500 v_rec_bal=0.500 | lr=6.7e-06 | 13.8s
  Fold 5 | Ep   3/50 | t_loss=0.1732 t_acc=0.467 | v_win_bal=0.463 v_rec_bal=0.500 | lr=1.0e-05 | 12.6s
  Fold 5 | Ep   4/50 | t_loss=0.1731 t_acc=0.558 | v_win_bal=0.508 v_rec_bal=0.500 | lr=1.0e-05 | 12.7s
  Fold 5 | Ep   5/50 | t_loss=0.1730 t_acc=0.552 | v_win_bal=0.512 v_rec_bal=0.500 | lr=1.0e-05 | 12.9s
  Fold 5 | Ep   6/50 | t_loss=0.1729 t_acc=0.573 | v_win_bal=0.500 v_rec_bal=0.500 | lr=9.9e-06 | 12.7s
  Fold 5 | Ep   7/50 | t_loss=0.1725 t_acc=0.549 | v_win_bal=0.498 v_rec_bal=0.500 | lr=9.8e-06 | 12.9s
  Fold 5 | Ep   8/50 | t_loss=0.1719 t_acc=0.537 | v_win_bal=0.500 v_rec_bal=0.500 | lr=9.7e-06 | 12.8s
  Fold 5 | Ep   9/50 | t_loss=0.1708 t_acc=0.600 | v_win_bal=0.496 v_rec_bal=0.500 | lr=9.6e-06 | 13.5s
  Fold 5 | Ep  10/50 | t_loss=0.1692 t_acc=0.599 | v_win_bal=0.493 v_rec_bal=0.500 | lr=9.5e-06 | 13.0s
  Fold 5 | Ep  11/50 | t_loss=0.1674 t_acc=0.612 | v_win_bal=0.493 v_rec_bal=0.500 | lr=9.3e-06 | 12.7s
  Fold 5 | Ep  12/50 | t_loss=0.1658 t_acc=0.620 | v_win_bal=0.485 v_rec_bal=0.500 | lr=9.1e-06 | 12.8s
  Fold 5 | Ep  13/50 | t_loss=0.1640 t_acc=0.626 | v_win_bal=0.483 v_rec_bal=0.500 | lr=8.9e-06 | 13.1s
  Fold 5 | Ep  14/50 | t_loss=0.1626 t_acc=0.630 | v_win_bal=0.465 v_rec_bal=0.500 | lr=8.7e-06 | 12.5s
  Fold 5 | Ep  15/50 | t_loss=0.1607 t_acc=0.641 | v_win_bal=0.459 v_rec_bal=0.500 | lr=8.5e-06 | 13.3s
  Fold 5 | Ep  16/50 | t_loss=0.1608 t_acc=0.639 | v_win_bal=0.459 v_rec_bal=0.500 | lr=8.2e-06 | 13.0s
  Early stop at epoch 16
  -> Test (best @ epoch 1): acc=0.7857, bal_acc=0.5000

============================================================
Global Results (5-Fold, subject-level CV)
Mode: FT | Extractor: cbramod | Loss: focal
============================================================
              acc: 0.3571
          bal_acc: 0.4911
               f1: 0.3815
            kappa: -0.0090
  Total predictions: 70 (should equal dataset size: 70)

Results saved to results/studies/exp03_stress_erosion/ft_null_cbramod/perm_s1/
