/raid/jupyter-linjimmy1003.md10/.conda/envs/stress/lib/python3.11/site-packages/timm/models/layers/__init__.py:49: FutureWarning: Importing from timm.models.layers is deprecated, please import via timm.layers
  warnings.warn(f"Importing from {__name__} is deprecated, please import via timm.layers", FutureWarning)
Mode: FT | Extractor: cbramod | Folds: 5
LR: 1e-05 | WD: 0.05 | Beta2: 0.999 | Grad clip: 2.0
Head: hidden=128, dropout=0.0 | Norm: none | Loss: focal
Full FT: encoder_lr_scale=0.1
Augmentation: 75% overlap for increase class

Results → results/studies/exp03_stress_erosion/ft_null_cbramod/perm_s8/
Dataset: 70 recordings loaded (14 increase, 56 normal)
Cache: 70 recordings ready (70 cached, 0 new)
[permute-labels] Shuffled labels with rng seed 8. Class balance preserved: 14 pos / 56 neg

============================================================
Fold 1/5
============================================================
  Train:  43 samples, 10 subjects [3, 5, 6, 7, 8, 9, 11, 14, 17, 18], label_0=34, label_1=9
    Val:  15 samples,  4 subjects [4, 10, 13, 16], label_0=12, label_1=3
   Test:  12 samples,  3 subjects [1, 2, 12], label_0=10, label_1=2
  Building window datasets...
    WindowDataset: 4911 windows (class_0=2650, class_1=2261)
    WindowDataset: 1234 windows (class_0=965, class_1=269)
    WindowDataset: 1102 windows (class_0=979, class_1=123)
[CBraMod] Loaded 209/209 params from weights/cbramod-base/pretrained_weights.pth
  Trainable parameters: 4,935,443
  Class weights: [0.9266037940979004, 1.0860239267349243]
  Fold 1 | Ep   1/50 | t_loss=0.1734 t_acc=0.460 | v_win_bal=0.500 v_rec_bal=0.500 | lr=3.3e-06 | 13.5s
  Fold 1 | Ep   2/50 | t_loss=0.1726 t_acc=0.477 | v_win_bal=0.431 v_rec_bal=0.500 | lr=6.7e-06 | 10.8s
  Fold 1 | Ep   3/50 | t_loss=0.1696 t_acc=0.674 | v_win_bal=0.407 v_rec_bal=0.500 | lr=1.0e-05 | 10.5s
  Fold 1 | Ep   4/50 | t_loss=0.1563 t_acc=0.681 | v_win_bal=0.423 v_rec_bal=0.500 | lr=1.0e-05 | 10.8s
  Fold 1 | Ep   5/50 | t_loss=0.1501 t_acc=0.686 | v_win_bal=0.439 v_rec_bal=0.542 | lr=1.0e-05 | 10.4s
  Fold 1 | Ep   6/50 | t_loss=0.1495 t_acc=0.689 | v_win_bal=0.452 v_rec_bal=0.583 | lr=9.9e-06 | 10.8s
  Fold 1 | Ep   7/50 | t_loss=0.1489 t_acc=0.690 | v_win_bal=0.515 v_rec_bal=0.750 | lr=9.8e-06 | 11.1s
  Fold 1 | Ep   8/50 | t_loss=0.1486 t_acc=0.694 | v_win_bal=0.528 v_rec_bal=0.750 | lr=9.7e-06 | 10.9s
  Fold 1 | Ep   9/50 | t_loss=0.1487 t_acc=0.688 | v_win_bal=0.544 v_rec_bal=0.750 | lr=9.6e-06 | 12.5s
  Fold 1 | Ep  10/50 | t_loss=0.1482 t_acc=0.695 | v_win_bal=0.562 v_rec_bal=0.750 | lr=9.5e-06 | 10.4s
  Fold 1 | Ep  11/50 | t_loss=0.1483 t_acc=0.691 | v_win_bal=0.560 v_rec_bal=0.750 | lr=9.3e-06 | 11.0s
  Fold 1 | Ep  12/50 | t_loss=0.1482 t_acc=0.693 | v_win_bal=0.595 v_rec_bal=0.750 | lr=9.1e-06 | 10.4s
  Fold 1 | Ep  13/50 | t_loss=0.1480 t_acc=0.698 | v_win_bal=0.610 v_rec_bal=0.750 | lr=8.9e-06 | 10.8s
  Fold 1 | Ep  14/50 | t_loss=0.1475 t_acc=0.697 | v_win_bal=0.615 v_rec_bal=0.708 | lr=8.7e-06 | 10.8s
  Fold 1 | Ep  15/50 | t_loss=0.1476 t_acc=0.695 | v_win_bal=0.608 v_rec_bal=0.667 | lr=8.5e-06 | 10.7s
  Fold 1 | Ep  16/50 | t_loss=0.1472 t_acc=0.700 | v_win_bal=0.608 v_rec_bal=0.667 | lr=8.2e-06 | 10.5s
  Fold 1 | Ep  17/50 | t_loss=0.1469 t_acc=0.700 | v_win_bal=0.609 v_rec_bal=0.667 | lr=8.0e-06 | 11.0s
  Fold 1 | Ep  18/50 | t_loss=0.1468 t_acc=0.699 | v_win_bal=0.595 v_rec_bal=0.625 | lr=7.7e-06 | 10.6s
  Fold 1 | Ep  19/50 | t_loss=0.1465 t_acc=0.699 | v_win_bal=0.606 v_rec_bal=0.667 | lr=7.4e-06 | 10.7s
  Fold 1 | Ep  20/50 | t_loss=0.1463 t_acc=0.702 | v_win_bal=0.593 v_rec_bal=0.625 | lr=7.1e-06 | 10.9s
  Fold 1 | Ep  21/50 | t_loss=0.1464 t_acc=0.699 | v_win_bal=0.599 v_rec_bal=0.667 | lr=6.8e-06 | 10.2s
  Fold 1 | Ep  22/50 | t_loss=0.1461 t_acc=0.701 | v_win_bal=0.544 v_rec_bal=0.542 | lr=6.5e-06 | 10.3s
  Fold 1 | Ep  23/50 | t_loss=0.1461 t_acc=0.705 | v_win_bal=0.552 v_rec_bal=0.542 | lr=6.2e-06 | 10.3s
  Fold 1 | Ep  24/50 | t_loss=0.1455 t_acc=0.703 | v_win_bal=0.533 v_rec_bal=0.500 | lr=5.8e-06 | 10.7s
  Early stop at epoch 24
  -> Test (best @ epoch 7): acc=0.4167, bal_acc=0.2500

============================================================
Fold 2/5
============================================================
  Train:  40 samples,  9 subjects [1, 2, 4, 7, 8, 11, 12, 17, 18], label_0=34, label_1=6
    Val:  15 samples,  4 subjects [5, 10, 13, 16], label_0=12, label_1=3
   Test:  15 samples,  4 subjects [3, 6, 9, 14], label_0=10, label_1=5
  Building window datasets...
    WindowDataset: 4196 windows (class_0=2662, class_1=1534)
    WindowDataset: 1247 windows (class_0=984, class_1=263)
    WindowDataset: 1261 windows (class_0=948, class_1=313)
[CBraMod] Loaded 209/209 params from weights/cbramod-base/pretrained_weights.pth
  Fold 2 | Ep   1/50 | t_loss=0.1742 t_acc=0.635 | v_win_bal=0.500 v_rec_bal=0.500 | lr=3.3e-06 | 9.3s
  Fold 2 | Ep   2/50 | t_loss=0.1737 t_acc=0.635 | v_win_bal=0.500 v_rec_bal=0.500 | lr=6.7e-06 | 9.4s
  Fold 2 | Ep   3/50 | t_loss=0.1734 t_acc=0.611 | v_win_bal=0.500 v_rec_bal=0.500 | lr=1.0e-05 | 9.1s
  Fold 2 | Ep   4/50 | t_loss=0.1732 t_acc=0.562 | v_win_bal=0.503 v_rec_bal=0.500 | lr=1.0e-05 | 9.2s
  Fold 2 | Ep   5/50 | t_loss=0.1731 t_acc=0.589 | v_win_bal=0.501 v_rec_bal=0.500 | lr=1.0e-05 | 9.0s
  Fold 2 | Ep   6/50 | t_loss=0.1729 t_acc=0.520 | v_win_bal=0.501 v_rec_bal=0.500 | lr=9.9e-06 | 9.1s
  Fold 2 | Ep   7/50 | t_loss=0.1726 t_acc=0.469 | v_win_bal=0.500 v_rec_bal=0.500 | lr=9.8e-06 | 9.4s
  Fold 2 | Ep   8/50 | t_loss=0.1720 t_acc=0.616 | v_win_bal=0.502 v_rec_bal=0.500 | lr=9.7e-06 | 9.2s
  Fold 2 | Ep   9/50 | t_loss=0.1708 t_acc=0.567 | v_win_bal=0.500 v_rec_bal=0.500 | lr=9.6e-06 | 9.4s
  Fold 2 | Ep  10/50 | t_loss=0.1681 t_acc=0.619 | v_win_bal=0.486 v_rec_bal=0.500 | lr=9.5e-06 | 9.3s
  Fold 2 | Ep  11/50 | t_loss=0.1639 t_acc=0.651 | v_win_bal=0.445 v_rec_bal=0.625 | lr=9.3e-06 | 9.3s
  Fold 2 | Ep  12/50 | t_loss=0.1616 t_acc=0.658 | v_win_bal=0.441 v_rec_bal=0.583 | lr=9.1e-06 | 9.2s
  Fold 2 | Ep  13/50 | t_loss=0.1600 t_acc=0.654 | v_win_bal=0.442 v_rec_bal=0.583 | lr=8.9e-06 | 9.6s
  Fold 2 | Ep  14/50 | t_loss=0.1591 t_acc=0.664 | v_win_bal=0.441 v_rec_bal=0.583 | lr=8.7e-06 | 9.7s
  Fold 2 | Ep  15/50 | t_loss=0.1588 t_acc=0.671 | v_win_bal=0.442 v_rec_bal=0.583 | lr=8.5e-06 | 9.6s
  Fold 2 | Ep  16/50 | t_loss=0.1586 t_acc=0.668 | v_win_bal=0.441 v_rec_bal=0.583 | lr=8.2e-06 | 9.6s
  Fold 2 | Ep  17/50 | t_loss=0.1577 t_acc=0.672 | v_win_bal=0.441 v_rec_bal=0.583 | lr=8.0e-06 | 9.4s
  Fold 2 | Ep  18/50 | t_loss=0.1575 t_acc=0.672 | v_win_bal=0.441 v_rec_bal=0.583 | lr=7.7e-06 | 9.4s
  Fold 2 | Ep  19/50 | t_loss=0.1571 t_acc=0.672 | v_win_bal=0.442 v_rec_bal=0.583 | lr=7.4e-06 | 9.3s
  Fold 2 | Ep  20/50 | t_loss=0.1572 t_acc=0.673 | v_win_bal=0.442 v_rec_bal=0.583 | lr=7.1e-06 | 9.4s
  Fold 2 | Ep  21/50 | t_loss=0.1573 t_acc=0.676 | v_win_bal=0.441 v_rec_bal=0.583 | lr=6.8e-06 | 9.8s
  Fold 2 | Ep  22/50 | t_loss=0.1563 t_acc=0.682 | v_win_bal=0.439 v_rec_bal=0.583 | lr=6.5e-06 | 9.4s
  Fold 2 | Ep  23/50 | t_loss=0.1565 t_acc=0.678 | v_win_bal=0.439 v_rec_bal=0.583 | lr=6.2e-06 | 9.5s
  Fold 2 | Ep  24/50 | t_loss=0.1566 t_acc=0.678 | v_win_bal=0.440 v_rec_bal=0.583 | lr=5.8e-06 | 9.5s
  Fold 2 | Ep  25/50 | t_loss=0.1559 t_acc=0.685 | v_win_bal=0.444 v_rec_bal=0.583 | lr=5.5e-06 | 9.4s
  Fold 2 | Ep  26/50 | t_loss=0.1562 t_acc=0.681 | v_win_bal=0.440 v_rec_bal=0.583 | lr=5.2e-06 | 9.6s
  Fold 2 | Ep  27/50 | t_loss=0.1559 t_acc=0.685 | v_win_bal=0.440 v_rec_bal=0.583 | lr=4.8e-06 | 9.5s
  Fold 2 | Ep  28/50 | t_loss=0.1565 t_acc=0.684 | v_win_bal=0.439 v_rec_bal=0.583 | lr=4.5e-06 | 9.2s
  Early stop at epoch 28
  -> Test (best @ epoch 11): acc=0.8000, bal_acc=0.7500

============================================================
Fold 3/5
============================================================
  Train:  41 samples, 10 subjects [1, 3, 6, 8, 9, 11, 12, 14, 16, 18], label_0=32, label_1=9
    Val:  15 samples,  4 subjects [2, 4, 10, 13], label_0=12, label_1=3
   Test:  14 samples,  3 subjects [5, 7, 17], label_0=12, label_1=2
  Building window datasets...
    WindowDataset: 5190 windows (class_0=2885, class_1=2305)
    WindowDataset: 1228 windows (class_0=959, class_1=269)
    WindowDataset: 862 windows (class_0=750, class_1=112)
[CBraMod] Loaded 209/209 params from weights/cbramod-base/pretrained_weights.pth
  Fold 3 | Ep   1/50 | t_loss=0.1733 t_acc=0.557 | v_win_bal=0.499 v_rec_bal=0.500 | lr=3.3e-06 | 11.0s
  Fold 3 | Ep   2/50 | t_loss=0.1731 t_acc=0.593 | v_win_bal=0.501 v_rec_bal=0.500 | lr=6.7e-06 | 10.9s
  Fold 3 | Ep   3/50 | t_loss=0.1724 t_acc=0.611 | v_win_bal=0.500 v_rec_bal=0.583 | lr=1.0e-05 | 11.0s
  Fold 3 | Ep   4/50 | t_loss=0.1692 t_acc=0.617 | v_win_bal=0.407 v_rec_bal=0.458 | lr=1.0e-05 | 10.9s
  Fold 3 | Ep   5/50 | t_loss=0.1627 t_acc=0.651 | v_win_bal=0.415 v_rec_bal=0.542 | lr=1.0e-05 | 10.9s
  Fold 3 | Ep   6/50 | t_loss=0.1607 t_acc=0.654 | v_win_bal=0.434 v_rec_bal=0.542 | lr=9.9e-06 | 11.0s
  Fold 3 | Ep   7/50 | t_loss=0.1603 t_acc=0.656 | v_win_bal=0.453 v_rec_bal=0.583 | lr=9.8e-06 | 11.5s
  Fold 3 | Ep   8/50 | t_loss=0.1598 t_acc=0.658 | v_win_bal=0.465 v_rec_bal=0.583 | lr=9.7e-06 | 11.3s
  Fold 3 | Ep   9/50 | t_loss=0.1593 t_acc=0.658 | v_win_bal=0.468 v_rec_bal=0.542 | lr=9.6e-06 | 11.1s
  Fold 3 | Ep  10/50 | t_loss=0.1590 t_acc=0.658 | v_win_bal=0.489 v_rec_bal=0.542 | lr=9.5e-06 | 11.7s
  Fold 3 | Ep  11/50 | t_loss=0.1590 t_acc=0.659 | v_win_bal=0.549 v_rec_bal=0.708 | lr=9.3e-06 | 11.4s
  Fold 3 | Ep  12/50 | t_loss=0.1586 t_acc=0.660 | v_win_bal=0.551 v_rec_bal=0.708 | lr=9.1e-06 | 11.3s
  Fold 3 | Ep  13/50 | t_loss=0.1582 t_acc=0.662 | v_win_bal=0.585 v_rec_bal=0.708 | lr=8.9e-06 | 11.4s
  Fold 3 | Ep  14/50 | t_loss=0.1578 t_acc=0.665 | v_win_bal=0.588 v_rec_bal=0.708 | lr=8.7e-06 | 11.4s
  Fold 3 | Ep  15/50 | t_loss=0.1576 t_acc=0.663 | v_win_bal=0.597 v_rec_bal=0.667 | lr=8.5e-06 | 10.9s
  Fold 3 | Ep  16/50 | t_loss=0.1573 t_acc=0.664 | v_win_bal=0.566 v_rec_bal=0.625 | lr=8.2e-06 | 11.3s
  Fold 3 | Ep  17/50 | t_loss=0.1573 t_acc=0.664 | v_win_bal=0.563 v_rec_bal=0.625 | lr=8.0e-06 | 11.4s
  Fold 3 | Ep  18/50 | t_loss=0.1571 t_acc=0.663 | v_win_bal=0.552 v_rec_bal=0.583 | lr=7.7e-06 | 11.4s
  Fold 3 | Ep  19/50 | t_loss=0.1566 t_acc=0.664 | v_win_bal=0.539 v_rec_bal=0.458 | lr=7.4e-06 | 11.2s
  Fold 3 | Ep  20/50 | t_loss=0.1561 t_acc=0.670 | v_win_bal=0.526 v_rec_bal=0.458 | lr=7.1e-06 | 12.3s
  Fold 3 | Ep  21/50 | t_loss=0.1560 t_acc=0.680 | v_win_bal=0.490 v_rec_bal=0.458 | lr=6.8e-06 | 11.8s
  Fold 3 | Ep  22/50 | t_loss=0.1558 t_acc=0.677 | v_win_bal=0.486 v_rec_bal=0.458 | lr=6.5e-06 | 12.4s
  Fold 3 | Ep  23/50 | t_loss=0.1556 t_acc=0.688 | v_win_bal=0.482 v_rec_bal=0.417 | lr=6.2e-06 | 11.8s
  Fold 3 | Ep  24/50 | t_loss=0.1554 t_acc=0.693 | v_win_bal=0.471 v_rec_bal=0.375 | lr=5.8e-06 | 11.9s
  Fold 3 | Ep  25/50 | t_loss=0.1549 t_acc=0.693 | v_win_bal=0.471 v_rec_bal=0.375 | lr=5.5e-06 | 12.3s
  Fold 3 | Ep  26/50 | t_loss=0.1546 t_acc=0.695 | v_win_bal=0.486 v_rec_bal=0.500 | lr=5.2e-06 | 11.7s
  Fold 3 | Ep  27/50 | t_loss=0.1543 t_acc=0.694 | v_win_bal=0.497 v_rec_bal=0.500 | lr=4.8e-06 | 11.4s
  Fold 3 | Ep  28/50 | t_loss=0.1546 t_acc=0.692 | v_win_bal=0.499 v_rec_bal=0.500 | lr=4.5e-06 | 11.9s
  Early stop at epoch 28
  -> Test (best @ epoch 11): acc=0.2143, bal_acc=0.5417

============================================================
Fold 4/5
============================================================
  Train:  42 samples, 11 subjects [1, 2, 3, 5, 6, 7, 9, 12, 14, 16, 17], label_0=33, label_1=9
    Val:  14 samples,  3 subjects [4, 10, 13], label_0=11, label_1=3
   Test:  14 samples,  3 subjects [8, 11, 18], label_0=12, label_1=2
  Building window datasets...
    WindowDataset: 4903 windows (class_0=2738, class_1=2165)
    WindowDataset: 1173 windows (class_0=904, class_1=269)
    WindowDataset: 1099 windows (class_0=952, class_1=147)
[CBraMod] Loaded 209/209 params from weights/cbramod-base/pretrained_weights.pth
  Fold 4 | Ep   1/50 | t_loss=0.1757 t_acc=0.558 | v_win_bal=0.500 v_rec_bal=0.500 | lr=3.3e-06 | 11.3s
  Fold 4 | Ep   2/50 | t_loss=0.1742 t_acc=0.559 | v_win_bal=0.500 v_rec_bal=0.500 | lr=6.7e-06 | 11.2s
  Fold 4 | Ep   3/50 | t_loss=0.1720 t_acc=0.625 | v_win_bal=0.437 v_rec_bal=0.576 | lr=1.0e-05 | 11.3s
  Fold 4 | Ep   4/50 | t_loss=0.1638 t_acc=0.678 | v_win_bal=0.452 v_rec_bal=0.576 | lr=1.0e-05 | 11.3s
  Fold 4 | Ep   5/50 | t_loss=0.1497 t_acc=0.713 | v_win_bal=0.463 v_rec_bal=0.576 | lr=1.0e-05 | 11.2s
  Fold 4 | Ep   6/50 | t_loss=0.1472 t_acc=0.716 | v_win_bal=0.473 v_rec_bal=0.576 | lr=9.9e-06 | 11.1s
  Fold 4 | Ep   7/50 | t_loss=0.1463 t_acc=0.720 | v_win_bal=0.514 v_rec_bal=0.576 | lr=9.8e-06 | 11.6s
  Fold 4 | Ep   8/50 | t_loss=0.1458 t_acc=0.723 | v_win_bal=0.544 v_rec_bal=0.576 | lr=9.7e-06 | 11.1s
  Fold 4 | Ep   9/50 | t_loss=0.1450 t_acc=0.722 | v_win_bal=0.607 v_rec_bal=0.742 | lr=9.6e-06 | 11.2s
  Fold 4 | Ep  10/50 | t_loss=0.1447 t_acc=0.724 | v_win_bal=0.597 v_rec_bal=0.742 | lr=9.5e-06 | 11.3s
  Fold 4 | Ep  11/50 | t_loss=0.1438 t_acc=0.722 | v_win_bal=0.614 v_rec_bal=0.742 | lr=9.3e-06 | 11.1s
  Fold 4 | Ep  12/50 | t_loss=0.1431 t_acc=0.724 | v_win_bal=0.622 v_rec_bal=0.742 | lr=9.1e-06 | 11.2s
  Fold 4 | Ep  13/50 | t_loss=0.1420 t_acc=0.725 | v_win_bal=0.627 v_rec_bal=0.742 | lr=8.9e-06 | 10.9s
  Fold 4 | Ep  14/50 | t_loss=0.1402 t_acc=0.726 | v_win_bal=0.629 v_rec_bal=0.742 | lr=8.7e-06 | 11.0s
  Fold 4 | Ep  15/50 | t_loss=0.1383 t_acc=0.729 | v_win_bal=0.650 v_rec_bal=0.742 | lr=8.5e-06 | 11.0s
  Fold 4 | Ep  16/50 | t_loss=0.1366 t_acc=0.730 | v_win_bal=0.652 v_rec_bal=0.742 | lr=8.2e-06 | 11.1s
  Fold 4 | Ep  17/50 | t_loss=0.1345 t_acc=0.753 | v_win_bal=0.644 v_rec_bal=0.697 | lr=8.0e-06 | 11.3s
  Fold 4 | Ep  18/50 | t_loss=0.1328 t_acc=0.756 | v_win_bal=0.657 v_rec_bal=0.742 | lr=7.7e-06 | 11.5s
  Fold 4 | Ep  19/50 | t_loss=0.1316 t_acc=0.757 | v_win_bal=0.646 v_rec_bal=0.697 | lr=7.4e-06 | 11.1s
  Fold 4 | Ep  20/50 | t_loss=0.1302 t_acc=0.761 | v_win_bal=0.643 v_rec_bal=0.697 | lr=7.1e-06 | 11.3s
  Fold 4 | Ep  21/50 | t_loss=0.1287 t_acc=0.751 | v_win_bal=0.647 v_rec_bal=0.697 | lr=6.8e-06 | 12.0s
  Fold 4 | Ep  22/50 | t_loss=0.1279 t_acc=0.752 | v_win_bal=0.639 v_rec_bal=0.697 | lr=6.5e-06 | 11.4s
  Fold 4 | Ep  23/50 | t_loss=0.1274 t_acc=0.749 | v_win_bal=0.634 v_rec_bal=0.697 | lr=6.2e-06 | 11.2s
  Fold 4 | Ep  24/50 | t_loss=0.1268 t_acc=0.750 | v_win_bal=0.627 v_rec_bal=0.652 | lr=5.8e-06 | 11.3s
  Fold 4 | Ep  25/50 | t_loss=0.1253 t_acc=0.751 | v_win_bal=0.631 v_rec_bal=0.697 | lr=5.5e-06 | 11.0s
  Fold 4 | Ep  26/50 | t_loss=0.1254 t_acc=0.753 | v_win_bal=0.621 v_rec_bal=0.652 | lr=5.2e-06 | 11.2s
  Early stop at epoch 26
  -> Test (best @ epoch 9): acc=0.5000, bal_acc=0.2917

============================================================
Fold 5/5
============================================================
  Train:  40 samples,  9 subjects [1, 3, 5, 7, 8, 9, 11, 14, 18], label_0=34, label_1=6
    Val:  15 samples,  4 subjects [2, 6, 12, 17], label_0=10, label_1=5
   Test:  15 samples,  4 subjects [4, 10, 13, 16], label_0=12, label_1=3
  Building window datasets...
    WindowDataset: 4199 windows (class_0=2669, class_1=1530)
    WindowDataset: 1268 windows (class_0=960, class_1=308)
    WindowDataset: 1234 windows (class_0=965, class_1=269)
[CBraMod] Loaded 209/209 params from weights/cbramod-base/pretrained_weights.pth
  Fold 5 | Ep   1/50 | t_loss=0.1732 t_acc=0.442 | v_win_bal=0.579 v_rec_bal=0.450 | lr=3.3e-06 | 9.9s
  Fold 5 | Ep   2/50 | t_loss=0.1731 t_acc=0.513 | v_win_bal=0.661 v_rec_bal=0.650 | lr=6.7e-06 | 10.0s
  Fold 5 | Ep   3/50 | t_loss=0.1730 t_acc=0.464 | v_win_bal=0.679 v_rec_bal=0.800 | lr=1.0e-05 | 10.0s
  Fold 5 | Ep   4/50 | t_loss=0.1726 t_acc=0.498 | v_win_bal=0.614 v_rec_bal=0.600 | lr=1.0e-05 | 9.8s
  Fold 5 | Ep   5/50 | t_loss=0.1719 t_acc=0.586 | v_win_bal=0.556 v_rec_bal=0.600 | lr=1.0e-05 | 10.2s
  Fold 5 | Ep   6/50 | t_loss=0.1707 t_acc=0.598 | v_win_bal=0.545 v_rec_bal=0.600 | lr=9.9e-06 | 9.8s
  Fold 5 | Ep   7/50 | t_loss=0.1695 t_acc=0.605 | v_win_bal=0.543 v_rec_bal=0.600 | lr=9.8e-06 | 10.0s
  Fold 5 | Ep   8/50 | t_loss=0.1687 t_acc=0.613 | v_win_bal=0.573 v_rec_bal=0.600 | lr=9.7e-06 | 9.8s
  Fold 5 | Ep   9/50 | t_loss=0.1678 t_acc=0.611 | v_win_bal=0.579 v_rec_bal=0.500 | lr=9.6e-06 | 10.2s
  Fold 5 | Ep  10/50 | t_loss=0.1673 t_acc=0.633 | v_win_bal=0.577 v_rec_bal=0.550 | lr=9.5e-06 | 10.2s
  Fold 5 | Ep  11/50 | t_loss=0.1666 t_acc=0.628 | v_win_bal=0.615 v_rec_bal=0.650 | lr=9.3e-06 | 10.1s
  Fold 5 | Ep  12/50 | t_loss=0.1659 t_acc=0.622 | v_win_bal=0.638 v_rec_bal=0.700 | lr=9.1e-06 | 10.2s
  Fold 5 | Ep  13/50 | t_loss=0.1654 t_acc=0.630 | v_win_bal=0.640 v_rec_bal=0.700 | lr=8.9e-06 | 10.0s
  Fold 5 | Ep  14/50 | t_loss=0.1647 t_acc=0.626 | v_win_bal=0.613 v_rec_bal=0.700 | lr=8.7e-06 | 9.7s
  Fold 5 | Ep  15/50 | t_loss=0.1641 t_acc=0.630 | v_win_bal=0.625 v_rec_bal=0.650 | lr=8.5e-06 | 10.0s
  Fold 5 | Ep  16/50 | t_loss=0.1637 t_acc=0.621 | v_win_bal=0.608 v_rec_bal=0.650 | lr=8.2e-06 | 10.1s
  Fold 5 | Ep  17/50 | t_loss=0.1634 t_acc=0.631 | v_win_bal=0.586 v_rec_bal=0.650 | lr=8.0e-06 | 10.0s
  Fold 5 | Ep  18/50 | t_loss=0.1626 t_acc=0.629 | v_win_bal=0.570 v_rec_bal=0.650 | lr=7.7e-06 | 10.2s
  Fold 5 | Ep  19/50 | t_loss=0.1621 t_acc=0.630 | v_win_bal=0.564 v_rec_bal=0.650 | lr=7.4e-06 | 9.9s
  Fold 5 | Ep  20/50 | t_loss=0.1617 t_acc=0.626 | v_win_bal=0.554 v_rec_bal=0.650 | lr=7.1e-06 | 10.0s
  Fold 5 | Ep  21/50 | t_loss=0.1609 t_acc=0.621 | v_win_bal=0.552 v_rec_bal=0.550 | lr=6.8e-06 | 9.8s
  Fold 5 | Ep  22/50 | t_loss=0.1609 t_acc=0.640 | v_win_bal=0.542 v_rec_bal=0.550 | lr=6.5e-06 | 9.7s
  Fold 5 | Ep  23/50 | t_loss=0.1603 t_acc=0.630 | v_win_bal=0.540 v_rec_bal=0.450 | lr=6.2e-06 | 9.7s
  Fold 5 | Ep  24/50 | t_loss=0.1599 t_acc=0.635 | v_win_bal=0.537 v_rec_bal=0.450 | lr=5.8e-06 | 9.9s
  Fold 5 | Ep  25/50 | t_loss=0.1595 t_acc=0.633 | v_win_bal=0.539 v_rec_bal=0.450 | lr=5.5e-06 | 9.6s
  Fold 5 | Ep  26/50 | t_loss=0.1591 t_acc=0.638 | v_win_bal=0.536 v_rec_bal=0.450 | lr=5.2e-06 | 9.8s
  Fold 5 | Ep  27/50 | t_loss=0.1591 t_acc=0.644 | v_win_bal=0.532 v_rec_bal=0.450 | lr=4.8e-06 | 9.8s
  Fold 5 | Ep  28/50 | t_loss=0.1589 t_acc=0.637 | v_win_bal=0.535 v_rec_bal=0.450 | lr=4.5e-06 | 9.5s
  Fold 5 | Ep  29/50 | t_loss=0.1584 t_acc=0.647 | v_win_bal=0.523 v_rec_bal=0.450 | lr=4.2e-06 | 9.8s
  Early stop at epoch 29
  -> Test (best @ epoch 3): acc=0.7333, bal_acc=0.5833

============================================================
Global Results (5-Fold, subject-level CV)
Mode: FT | Extractor: cbramod | Loss: focal
============================================================
              acc: 0.5429
          bal_acc: 0.5000
               f1: 0.5879
            kappa: 0.0000
  Total predictions: 70 (should equal dataset size: 70)

Results saved to results/studies/exp03_stress_erosion/ft_null_cbramod/perm_s8/
