/raid/jupyter-linjimmy1003.md10/.conda/envs/stress/lib/python3.11/site-packages/timm/models/layers/__init__.py:49: FutureWarning: Importing from timm.models.layers is deprecated, please import via timm.layers
  warnings.warn(f"Importing from {__name__} is deprecated, please import via timm.layers", FutureWarning)
Mode: FT | Extractor: labram | Folds: 5
LR: 1e-05 | WD: 0.05 | Beta2: 0.999 | Grad clip: 2.0
Head: hidden=128, dropout=0.0 | Norm: zscore | Loss: focal
Full FT: encoder_lr_scale=0.1
Augmentation: 75% overlap for increase class

Results → results/lin_compare/drift_check/labram_subjectdass_canonical_s42/
Dataset: 70 recordings loaded (14 increase, 56 normal)
Cache: 70 recordings ready (70 cached, 0 new)
Subject-DASS labels: increase=23 (5 subjects), normal=47

============================================================
Fold 1/5
============================================================
  Train:  43 samples, 10 subjects [2, 3, 5, 6, 7, 9, 11, 13, 17, 18], label_0=28, label_1=15
    Val:  13 samples,  3 subjects [4, 8, 10], label_0=10, label_1=3
   Test:  14 samples,  4 subjects [1, 12, 14, 16], label_0=9, label_1=5
  Building window datasets...
    WindowDataset: 6561 windows (class_0=2058, class_1=4503)
    WindowDataset: 900 windows (class_0=638, class_1=262)
    WindowDataset: 1463 windows (class_0=1146, class_1=317)
[LaBraM] Loaded 221/223 params from weights/labram-base/model.safetensors
[LaBraM] Missing: ['fc_norm.weight', 'fc_norm.bias']
  Trainable parameters: 5,872,179
  Class weights: [1.59402334690094, 0.7285143136978149]
  Fold 1 | Ep   1/50 | t_loss=0.1789 t_acc=0.438 | v_win_bal=0.596 v_rec_bal=0.533 | lr=3.3e-06 | 10.7s
  Fold 1 | Ep   2/50 | t_loss=0.1565 t_acc=0.675 | v_win_bal=0.632 v_rec_bal=0.533 | lr=6.7e-06 | 8.7s
  Fold 1 | Ep   3/50 | t_loss=0.1361 t_acc=0.752 | v_win_bal=0.635 v_rec_bal=0.533 | lr=1.0e-05 | 8.3s
  Fold 1 | Ep   4/50 | t_loss=0.1088 t_acc=0.834 | v_win_bal=0.615 v_rec_bal=0.483 | lr=1.0e-05 | 8.1s
  Fold 1 | Ep   5/50 | t_loss=0.0853 t_acc=0.875 | v_win_bal=0.655 v_rec_bal=0.483 | lr=1.0e-05 | 8.1s
  Fold 1 | Ep   6/50 | t_loss=0.0628 t_acc=0.914 | v_win_bal=0.674 v_rec_bal=0.483 | lr=9.9e-06 | 8.1s
  Fold 1 | Ep   7/50 | t_loss=0.0473 t_acc=0.938 | v_win_bal=0.661 v_rec_bal=0.650 | lr=9.8e-06 | 8.1s
  Fold 1 | Ep   8/50 | t_loss=0.0350 t_acc=0.958 | v_win_bal=0.676 v_rec_bal=0.483 | lr=9.7e-06 | 8.1s
  Fold 1 | Ep   9/50 | t_loss=0.0271 t_acc=0.967 | v_win_bal=0.661 v_rec_bal=0.650 | lr=9.6e-06 | 8.0s
  Fold 1 | Ep  10/50 | t_loss=0.0206 t_acc=0.978 | v_win_bal=0.650 v_rec_bal=0.650 | lr=9.5e-06 | 8.1s
  Fold 1 | Ep  11/50 | t_loss=0.0177 t_acc=0.982 | v_win_bal=0.663 v_rec_bal=0.483 | lr=9.3e-06 | 8.2s
  Fold 1 | Ep  12/50 | t_loss=0.0133 t_acc=0.986 | v_win_bal=0.663 v_rec_bal=0.483 | lr=9.1e-06 | 8.1s
  Fold 1 | Ep  13/50 | t_loss=0.0111 t_acc=0.989 | v_win_bal=0.649 v_rec_bal=0.650 | lr=8.9e-06 | 8.1s
  Fold 1 | Ep  14/50 | t_loss=0.0080 t_acc=0.992 | v_win_bal=0.656 v_rec_bal=0.650 | lr=8.7e-06 | 8.1s
  Fold 1 | Ep  15/50 | t_loss=0.0063 t_acc=0.995 | v_win_bal=0.660 v_rec_bal=0.650 | lr=8.5e-06 | 8.1s
  Fold 1 | Ep  16/50 | t_loss=0.0052 t_acc=0.996 | v_win_bal=0.660 v_rec_bal=0.650 | lr=8.2e-06 | 8.3s
  Fold 1 | Ep  17/50 | t_loss=0.0034 t_acc=0.997 | v_win_bal=0.664 v_rec_bal=0.650 | lr=8.0e-06 | 8.0s
  Fold 1 | Ep  18/50 | t_loss=0.0026 t_acc=0.998 | v_win_bal=0.665 v_rec_bal=0.483 | lr=7.7e-06 | 8.1s
  Fold 1 | Ep  19/50 | t_loss=0.0022 t_acc=0.998 | v_win_bal=0.660 v_rec_bal=0.650 | lr=7.4e-06 | 8.0s
  Fold 1 | Ep  20/50 | t_loss=0.0013 t_acc=0.999 | v_win_bal=0.675 v_rec_bal=0.650 | lr=7.1e-06 | 8.1s
  Fold 1 | Ep  21/50 | t_loss=0.0009 t_acc=1.000 | v_win_bal=0.664 v_rec_bal=0.650 | lr=6.8e-06 | 8.1s
  Fold 1 | Ep  22/50 | t_loss=0.0008 t_acc=1.000 | v_win_bal=0.668 v_rec_bal=0.650 | lr=6.5e-06 | 8.1s
  Fold 1 | Ep  23/50 | t_loss=0.0006 t_acc=1.000 | v_win_bal=0.667 v_rec_bal=0.650 | lr=6.2e-06 | 8.1s
  Fold 1 | Ep  24/50 | t_loss=0.0005 t_acc=1.000 | v_win_bal=0.661 v_rec_bal=0.650 | lr=5.8e-06 | 8.0s
  Fold 1 | Ep  25/50 | t_loss=0.0002 t_acc=1.000 | v_win_bal=0.660 v_rec_bal=0.650 | lr=5.5e-06 | 8.0s
  Fold 1 | Ep  26/50 | t_loss=0.0001 t_acc=1.000 | v_win_bal=0.665 v_rec_bal=0.650 | lr=5.2e-06 | 8.1s
  Fold 1 | Ep  27/50 | t_loss=0.0000 t_acc=1.000 | v_win_bal=0.662 v_rec_bal=0.650 | lr=4.8e-06 | 8.0s
  Fold 1 | Ep  28/50 | t_loss=0.0000 t_acc=1.000 | v_win_bal=0.667 v_rec_bal=0.650 | lr=4.5e-06 | 8.0s
  Fold 1 | Ep  29/50 | t_loss=0.0000 t_acc=1.000 | v_win_bal=0.662 v_rec_bal=0.650 | lr=4.2e-06 | 8.6s
  Fold 1 | Ep  30/50 | t_loss=0.0000 t_acc=1.000 | v_win_bal=0.662 v_rec_bal=0.650 | lr=3.8e-06 | 8.0s
  Early stop at epoch 30
  -> Test (best @ epoch 7): acc=0.7857, bal_acc=0.7000

============================================================
Fold 2/5
============================================================
  Train:  43 samples, 10 subjects [3, 4, 6, 7, 11, 13, 14, 16, 17, 18], label_0=28, label_1=15
    Val:  14 samples,  4 subjects [1, 2, 9, 12], label_0=9, label_1=5
   Test:  13 samples,  3 subjects [5, 8, 10], label_0=10, label_1=3
  Building window datasets...
    WindowDataset: 6670 windows (class_0=2167, class_1=4503)
    WindowDataset: 1341 windows (class_0=1024, class_1=317)
    WindowDataset: 913 windows (class_0=651, class_1=262)
[LaBraM] Loaded 221/223 params from weights/labram-base/model.safetensors
[LaBraM] Missing: ['fc_norm.weight', 'fc_norm.bias']
  Fold 2 | Ep   1/50 | t_loss=0.1727 t_acc=0.608 | v_win_bal=0.648 v_rec_bal=0.678 | lr=3.3e-06 | 8.7s
  Fold 2 | Ep   2/50 | t_loss=0.1507 t_acc=0.700 | v_win_bal=0.704 v_rec_bal=0.689 | lr=6.7e-06 | 8.7s
  Fold 2 | Ep   3/50 | t_loss=0.1215 t_acc=0.766 | v_win_bal=0.714 v_rec_bal=0.744 | lr=1.0e-05 | 8.7s
  Fold 2 | Ep   4/50 | t_loss=0.0928 t_acc=0.836 | v_win_bal=0.674 v_rec_bal=0.744 | lr=1.0e-05 | 8.7s
  Fold 2 | Ep   5/50 | t_loss=0.0691 t_acc=0.894 | v_win_bal=0.676 v_rec_bal=0.744 | lr=1.0e-05 | 8.6s
  Fold 2 | Ep   6/50 | t_loss=0.0520 t_acc=0.926 | v_win_bal=0.691 v_rec_bal=0.689 | lr=9.9e-06 | 8.7s
  Fold 2 | Ep   7/50 | t_loss=0.0392 t_acc=0.951 | v_win_bal=0.686 v_rec_bal=0.744 | lr=9.8e-06 | 8.7s
  Fold 2 | Ep   8/50 | t_loss=0.0305 t_acc=0.963 | v_win_bal=0.693 v_rec_bal=0.744 | lr=9.7e-06 | 8.7s
  Fold 2 | Ep   9/50 | t_loss=0.0222 t_acc=0.973 | v_win_bal=0.638 v_rec_bal=0.544 | lr=9.6e-06 | 8.6s
  Fold 2 | Ep  10/50 | t_loss=0.0197 t_acc=0.979 | v_win_bal=0.614 v_rec_bal=0.544 | lr=9.5e-06 | 8.6s
  Fold 2 | Ep  11/50 | t_loss=0.0173 t_acc=0.983 | v_win_bal=0.690 v_rec_bal=0.689 | lr=9.3e-06 | 8.7s
  Fold 2 | Ep  12/50 | t_loss=0.0129 t_acc=0.989 | v_win_bal=0.662 v_rec_bal=0.644 | lr=9.1e-06 | 8.6s
  Fold 2 | Ep  13/50 | t_loss=0.0096 t_acc=0.991 | v_win_bal=0.678 v_rec_bal=0.644 | lr=8.9e-06 | 8.9s
  Fold 2 | Ep  14/50 | t_loss=0.0085 t_acc=0.993 | v_win_bal=0.634 v_rec_bal=0.544 | lr=8.7e-06 | 9.1s
  Fold 2 | Ep  15/50 | t_loss=0.0071 t_acc=0.995 | v_win_bal=0.660 v_rec_bal=0.644 | lr=8.5e-06 | 9.1s
  Fold 2 | Ep  16/50 | t_loss=0.0059 t_acc=0.996 | v_win_bal=0.638 v_rec_bal=0.544 | lr=8.2e-06 | 9.0s
  Fold 2 | Ep  17/50 | t_loss=0.0045 t_acc=0.997 | v_win_bal=0.637 v_rec_bal=0.544 | lr=8.0e-06 | 9.0s
  Fold 2 | Ep  18/50 | t_loss=0.0036 t_acc=0.998 | v_win_bal=0.684 v_rec_bal=0.589 | lr=7.7e-06 | 9.0s
  Fold 2 | Ep  19/50 | t_loss=0.0026 t_acc=0.998 | v_win_bal=0.668 v_rec_bal=0.644 | lr=7.4e-06 | 9.0s
  Fold 2 | Ep  20/50 | t_loss=0.0020 t_acc=0.998 | v_win_bal=0.703 v_rec_bal=0.789 | lr=7.1e-06 | 9.0s
  Early stop at epoch 20
  -> Test (best @ epoch 20): acc=0.4615, bal_acc=0.6500

============================================================
Fold 3/5
============================================================
  Train:  40 samples, 10 subjects [4, 5, 8, 9, 10, 11, 13, 16, 17, 18], label_0=28, label_1=12
    Val:  14 samples,  4 subjects [1, 2, 12, 14], label_0=9, label_1=5
   Test:  16 samples,  3 subjects [3, 6, 7], label_0=10, label_1=6
  Building window datasets...
    WindowDataset: 6192 windows (class_0=2112, class_1=4080)
    WindowDataset: 1457 windows (class_0=1140, class_1=317)
    WindowDataset: 960 windows (class_0=590, class_1=370)
[LaBraM] Loaded 221/223 params from weights/labram-base/model.safetensors
[LaBraM] Missing: ['fc_norm.weight', 'fc_norm.bias']
  Fold 3 | Ep   1/50 | t_loss=0.1723 t_acc=0.494 | v_win_bal=0.638 v_rec_bal=0.744 | lr=3.3e-06 | 8.4s
  Fold 3 | Ep   2/50 | t_loss=0.1582 t_acc=0.635 | v_win_bal=0.715 v_rec_bal=0.744 | lr=6.7e-06 | 8.5s
  Fold 3 | Ep   3/50 | t_loss=0.1366 t_acc=0.734 | v_win_bal=0.591 v_rec_bal=0.444 | lr=1.0e-05 | 8.4s
  Fold 3 | Ep   4/50 | t_loss=0.0985 t_acc=0.850 | v_win_bal=0.629 v_rec_bal=0.644 | lr=1.0e-05 | 8.4s
  Fold 3 | Ep   5/50 | t_loss=0.0649 t_acc=0.911 | v_win_bal=0.621 v_rec_bal=0.644 | lr=1.0e-05 | 8.5s
  Fold 3 | Ep   6/50 | t_loss=0.0398 t_acc=0.949 | v_win_bal=0.646 v_rec_bal=0.644 | lr=9.9e-06 | 8.5s
  Fold 3 | Ep   7/50 | t_loss=0.0244 t_acc=0.971 | v_win_bal=0.669 v_rec_bal=0.644 | lr=9.8e-06 | 8.4s
  Fold 3 | Ep   8/50 | t_loss=0.0143 t_acc=0.983 | v_win_bal=0.694 v_rec_bal=0.744 | lr=9.7e-06 | 8.5s
  Fold 3 | Ep   9/50 | t_loss=0.0076 t_acc=0.991 | v_win_bal=0.695 v_rec_bal=0.744 | lr=9.6e-06 | 8.4s
  Fold 3 | Ep  10/50 | t_loss=0.0040 t_acc=0.995 | v_win_bal=0.724 v_rec_bal=0.744 | lr=9.5e-06 | 8.4s
  Fold 3 | Ep  11/50 | t_loss=0.0020 t_acc=0.998 | v_win_bal=0.700 v_rec_bal=0.744 | lr=9.3e-06 | 8.7s
  Fold 3 | Ep  12/50 | t_loss=0.0011 t_acc=0.999 | v_win_bal=0.738 v_rec_bal=0.844 | lr=9.1e-06 | 8.9s
  Fold 3 | Ep  13/50 | t_loss=0.0006 t_acc=0.999 | v_win_bal=0.755 v_rec_bal=0.844 | lr=8.9e-06 | 8.3s
  Fold 3 | Ep  14/50 | t_loss=0.0002 t_acc=1.000 | v_win_bal=0.718 v_rec_bal=0.744 | lr=8.7e-06 | 8.6s
  Fold 3 | Ep  15/50 | t_loss=0.0001 t_acc=1.000 | v_win_bal=0.744 v_rec_bal=0.844 | lr=8.5e-06 | 8.3s
  Fold 3 | Ep  16/50 | t_loss=0.0000 t_acc=1.000 | v_win_bal=0.737 v_rec_bal=0.844 | lr=8.2e-06 | 8.2s
  Fold 3 | Ep  17/50 | t_loss=0.0000 t_acc=1.000 | v_win_bal=0.738 v_rec_bal=0.844 | lr=8.0e-06 | 8.2s
  Fold 3 | Ep  18/50 | t_loss=0.0000 t_acc=1.000 | v_win_bal=0.740 v_rec_bal=0.844 | lr=7.7e-06 | 8.2s
  Fold 3 | Ep  19/50 | t_loss=0.0000 t_acc=1.000 | v_win_bal=0.736 v_rec_bal=0.844 | lr=7.4e-06 | 8.2s
  Fold 3 | Ep  20/50 | t_loss=0.0000 t_acc=1.000 | v_win_bal=0.741 v_rec_bal=0.844 | lr=7.1e-06 | 8.2s
  Fold 3 | Ep  21/50 | t_loss=0.0000 t_acc=1.000 | v_win_bal=0.745 v_rec_bal=0.844 | lr=6.8e-06 | 8.2s
  Fold 3 | Ep  22/50 | t_loss=0.0000 t_acc=1.000 | v_win_bal=0.736 v_rec_bal=0.844 | lr=6.5e-06 | 8.2s
  Fold 3 | Ep  23/50 | t_loss=0.0000 t_acc=1.000 | v_win_bal=0.733 v_rec_bal=0.844 | lr=6.2e-06 | 8.2s
  Fold 3 | Ep  24/50 | t_loss=0.0000 t_acc=1.000 | v_win_bal=0.735 v_rec_bal=0.844 | lr=5.8e-06 | 8.1s
  Fold 3 | Ep  25/50 | t_loss=0.0000 t_acc=1.000 | v_win_bal=0.736 v_rec_bal=0.844 | lr=5.5e-06 | 8.2s
  Fold 3 | Ep  26/50 | t_loss=0.0000 t_acc=1.000 | v_win_bal=0.738 v_rec_bal=0.844 | lr=5.2e-06 | 8.2s
  Fold 3 | Ep  27/50 | t_loss=0.0000 t_acc=1.000 | v_win_bal=0.740 v_rec_bal=0.844 | lr=4.8e-06 | 8.2s
  Fold 3 | Ep  28/50 | t_loss=0.0000 t_acc=1.000 | v_win_bal=0.742 v_rec_bal=0.844 | lr=4.5e-06 | 8.2s
  Fold 3 | Ep  29/50 | t_loss=0.0000 t_acc=1.000 | v_win_bal=0.740 v_rec_bal=0.844 | lr=4.2e-06 | 8.2s
  Fold 3 | Ep  30/50 | t_loss=0.0000 t_acc=1.000 | v_win_bal=0.741 v_rec_bal=0.844 | lr=3.8e-06 | 8.3s
  Fold 3 | Ep  31/50 | t_loss=0.0000 t_acc=1.000 | v_win_bal=0.736 v_rec_bal=0.844 | lr=3.5e-06 | 8.2s
  Fold 3 | Ep  32/50 | t_loss=0.0000 t_acc=1.000 | v_win_bal=0.735 v_rec_bal=0.844 | lr=3.2e-06 | 8.4s
  Early stop at epoch 32
  -> Test (best @ epoch 12): acc=0.4375, bal_acc=0.4500

============================================================
Fold 4/5
============================================================
  Train:  39 samples, 11 subjects [1, 2, 4, 5, 8, 9, 10, 12, 14, 16, 17], label_0=28, label_1=11
    Val:  16 samples,  3 subjects [3, 6, 7], label_0=10, label_1=6
   Test:  15 samples,  3 subjects [11, 13, 18], label_0=9, label_1=6
  Building window datasets...
    WindowDataset: 5488 windows (class_0=2461, class_1=3027)
    WindowDataset: 960 windows (class_0=590, class_1=370)
    WindowDataset: 1372 windows (class_0=791, class_1=581)
[LaBraM] Loaded 221/223 params from weights/labram-base/model.safetensors
[LaBraM] Missing: ['fc_norm.weight', 'fc_norm.bias']
  Fold 4 | Ep   1/50 | t_loss=0.1796 t_acc=0.433 | v_win_bal=0.486 v_rec_bal=0.500 | lr=3.3e-06 | 6.9s
  Fold 4 | Ep   2/50 | t_loss=0.1624 t_acc=0.628 | v_win_bal=0.663 v_rec_bal=0.700 | lr=6.7e-06 | 6.9s
  Fold 4 | Ep   3/50 | t_loss=0.1432 t_acc=0.723 | v_win_bal=0.682 v_rec_bal=0.800 | lr=1.0e-05 | 7.0s
  Fold 4 | Ep   4/50 | t_loss=0.1121 t_acc=0.812 | v_win_bal=0.600 v_rec_bal=0.700 | lr=1.0e-05 | 7.0s
  Fold 4 | Ep   5/50 | t_loss=0.0774 t_acc=0.886 | v_win_bal=0.527 v_rec_bal=0.450 | lr=1.0e-05 | 7.0s
  Fold 4 | Ep   6/50 | t_loss=0.0512 t_acc=0.931 | v_win_bal=0.481 v_rec_bal=0.367 | lr=9.9e-06 | 7.0s
  Fold 4 | Ep   7/50 | t_loss=0.0356 t_acc=0.952 | v_win_bal=0.446 v_rec_bal=0.367 | lr=9.8e-06 | 7.0s
  Fold 4 | Ep   8/50 | t_loss=0.0236 t_acc=0.967 | v_win_bal=0.428 v_rec_bal=0.417 | lr=9.7e-06 | 7.0s
  Fold 4 | Ep   9/50 | t_loss=0.0157 t_acc=0.979 | v_win_bal=0.442 v_rec_bal=0.467 | lr=9.6e-06 | 7.0s
  Fold 4 | Ep  10/50 | t_loss=0.0101 t_acc=0.988 | v_win_bal=0.430 v_rec_bal=0.417 | lr=9.5e-06 | 7.0s
  Fold 4 | Ep  11/50 | t_loss=0.0072 t_acc=0.991 | v_win_bal=0.463 v_rec_bal=0.517 | lr=9.3e-06 | 7.0s
  Fold 4 | Ep  12/50 | t_loss=0.0039 t_acc=0.996 | v_win_bal=0.435 v_rec_bal=0.417 | lr=9.1e-06 | 7.0s
  Fold 4 | Ep  13/50 | t_loss=0.0026 t_acc=0.997 | v_win_bal=0.448 v_rec_bal=0.467 | lr=8.9e-06 | 7.0s
  Fold 4 | Ep  14/50 | t_loss=0.0017 t_acc=0.999 | v_win_bal=0.422 v_rec_bal=0.417 | lr=8.7e-06 | 7.0s
  Fold 4 | Ep  15/50 | t_loss=0.0007 t_acc=0.999 | v_win_bal=0.452 v_rec_bal=0.467 | lr=8.5e-06 | 7.0s
  Fold 4 | Ep  16/50 | t_loss=0.0007 t_acc=1.000 | v_win_bal=0.430 v_rec_bal=0.417 | lr=8.2e-06 | 7.2s
  Fold 4 | Ep  17/50 | t_loss=0.0003 t_acc=1.000 | v_win_bal=0.432 v_rec_bal=0.467 | lr=8.0e-06 | 7.0s
  Fold 4 | Ep  18/50 | t_loss=0.0002 t_acc=1.000 | v_win_bal=0.429 v_rec_bal=0.417 | lr=7.7e-06 | 7.0s
  Fold 4 | Ep  19/50 | t_loss=0.0001 t_acc=1.000 | v_win_bal=0.432 v_rec_bal=0.467 | lr=7.4e-06 | 7.0s
  Early stop at epoch 19
  -> Test (best @ epoch 3): acc=0.5333, bal_acc=0.4444

============================================================
Fold 5/5
============================================================
  Train:  44 samples,  9 subjects [3, 5, 6, 7, 8, 10, 11, 13, 18], label_0=29, label_1=15
    Val:  14 samples,  4 subjects [1, 12, 14, 16], label_0=9, label_1=5
   Test:  12 samples,  4 subjects [2, 4, 9, 17], label_0=9, label_1=3
  Building window datasets...
    WindowDataset: 6839 windows (class_0=2032, class_1=4807)
    WindowDataset: 1463 windows (class_0=1146, class_1=317)
    WindowDataset: 850 windows (class_0=664, class_1=186)
[LaBraM] Loaded 221/223 params from weights/labram-base/model.safetensors
[LaBraM] Missing: ['fc_norm.weight', 'fc_norm.bias']
  Fold 5 | Ep   1/50 | t_loss=0.1791 t_acc=0.707 | v_win_bal=0.686 v_rec_bal=0.689 | lr=3.3e-06 | 9.1s
  Fold 5 | Ep   2/50 | t_loss=0.1407 t_acc=0.743 | v_win_bal=0.752 v_rec_bal=0.744 | lr=6.7e-06 | 9.2s
  Fold 5 | Ep   3/50 | t_loss=0.1168 t_acc=0.799 | v_win_bal=0.794 v_rec_bal=0.844 | lr=1.0e-05 | 9.3s
  Fold 5 | Ep   4/50 | t_loss=0.0843 t_acc=0.871 | v_win_bal=0.787 v_rec_bal=0.844 | lr=1.0e-05 | 9.3s
  Fold 5 | Ep   5/50 | t_loss=0.0585 t_acc=0.910 | v_win_bal=0.783 v_rec_bal=0.800 | lr=1.0e-05 | 9.1s
  Fold 5 | Ep   6/50 | t_loss=0.0429 t_acc=0.938 | v_win_bal=0.798 v_rec_bal=0.844 | lr=9.9e-06 | 9.0s
  Fold 5 | Ep   7/50 | t_loss=0.0321 t_acc=0.956 | v_win_bal=0.781 v_rec_bal=0.800 | lr=9.8e-06 | 9.0s
  Fold 5 | Ep   8/50 | t_loss=0.0264 t_acc=0.965 | v_win_bal=0.794 v_rec_bal=0.844 | lr=9.7e-06 | 9.2s
  Fold 5 | Ep   9/50 | t_loss=0.0207 t_acc=0.973 | v_win_bal=0.809 v_rec_bal=0.844 | lr=9.6e-06 | 8.9s
  Fold 5 | Ep  10/50 | t_loss=0.0184 t_acc=0.978 | v_win_bal=0.797 v_rec_bal=0.744 | lr=9.5e-06 | 8.9s
  Fold 5 | Ep  11/50 | t_loss=0.0154 t_acc=0.982 | v_win_bal=0.805 v_rec_bal=0.844 | lr=9.3e-06 | 9.0s
  Fold 5 | Ep  12/50 | t_loss=0.0132 t_acc=0.987 | v_win_bal=0.817 v_rec_bal=0.844 | lr=9.1e-06 | 9.0s
  Fold 5 | Ep  13/50 | t_loss=0.0114 t_acc=0.990 | v_win_bal=0.796 v_rec_bal=0.744 | lr=8.9e-06 | 8.9s
  Fold 5 | Ep  14/50 | t_loss=0.0093 t_acc=0.991 | v_win_bal=0.788 v_rec_bal=0.800 | lr=8.7e-06 | 9.0s
  Fold 5 | Ep  15/50 | t_loss=0.0072 t_acc=0.995 | v_win_bal=0.787 v_rec_bal=0.800 | lr=8.5e-06 | 8.9s
  Fold 5 | Ep  16/50 | t_loss=0.0064 t_acc=0.996 | v_win_bal=0.805 v_rec_bal=0.844 | lr=8.2e-06 | 8.9s
  Fold 5 | Ep  17/50 | t_loss=0.0043 t_acc=0.998 | v_win_bal=0.814 v_rec_bal=0.844 | lr=8.0e-06 | 9.2s
  Fold 5 | Ep  18/50 | t_loss=0.0038 t_acc=0.998 | v_win_bal=0.822 v_rec_bal=0.844 | lr=7.7e-06 | 9.3s
  Fold 5 | Ep  19/50 | t_loss=0.0031 t_acc=0.999 | v_win_bal=0.804 v_rec_bal=0.844 | lr=7.4e-06 | 8.9s
  Fold 5 | Ep  20/50 | t_loss=0.0028 t_acc=0.999 | v_win_bal=0.811 v_rec_bal=0.844 | lr=7.1e-06 | 8.9s
  Fold 5 | Ep  21/50 | t_loss=0.0026 t_acc=0.999 | v_win_bal=0.796 v_rec_bal=0.800 | lr=6.8e-06 | 8.9s
  Fold 5 | Ep  22/50 | t_loss=0.0024 t_acc=0.999 | v_win_bal=0.809 v_rec_bal=0.844 | lr=6.5e-06 | 8.9s
  Fold 5 | Ep  23/50 | t_loss=0.0023 t_acc=0.999 | v_win_bal=0.797 v_rec_bal=0.900 | lr=6.2e-06 | 8.9s
  Fold 5 | Ep  24/50 | t_loss=0.0022 t_acc=0.999 | v_win_bal=0.815 v_rec_bal=0.844 | lr=5.8e-06 | 8.9s
  Fold 5 | Ep  25/50 | t_loss=0.0020 t_acc=0.999 | v_win_bal=0.805 v_rec_bal=0.900 | lr=5.5e-06 | 8.9s
  Fold 5 | Ep  26/50 | t_loss=0.0019 t_acc=0.999 | v_win_bal=0.807 v_rec_bal=0.844 | lr=5.2e-06 | 9.2s
  Fold 5 | Ep  27/50 | t_loss=0.0013 t_acc=0.999 | v_win_bal=0.800 v_rec_bal=0.900 | lr=4.8e-06 | 9.0s
  Fold 5 | Ep  28/50 | t_loss=0.0011 t_acc=0.999 | v_win_bal=0.812 v_rec_bal=0.844 | lr=4.5e-06 | 9.0s
  Fold 5 | Ep  29/50 | t_loss=0.0010 t_acc=1.000 | v_win_bal=0.806 v_rec_bal=0.844 | lr=4.2e-06 | 8.9s
  Fold 5 | Ep  30/50 | t_loss=0.0008 t_acc=1.000 | v_win_bal=0.794 v_rec_bal=0.800 | lr=3.8e-06 | 9.0s
  Fold 5 | Ep  31/50 | t_loss=0.0007 t_acc=1.000 | v_win_bal=0.809 v_rec_bal=0.844 | lr=3.5e-06 | 9.0s
  Fold 5 | Ep  32/50 | t_loss=0.0005 t_acc=1.000 | v_win_bal=0.812 v_rec_bal=0.844 | lr=3.2e-06 | 9.0s
  Fold 5 | Ep  33/50 | t_loss=0.0004 t_acc=1.000 | v_win_bal=0.797 v_rec_bal=0.800 | lr=2.9e-06 | 9.0s
  Fold 5 | Ep  34/50 | t_loss=0.0002 t_acc=1.000 | v_win_bal=0.813 v_rec_bal=0.844 | lr=2.6e-06 | 9.0s
  Fold 5 | Ep  35/50 | t_loss=0.0002 t_acc=1.000 | v_win_bal=0.812 v_rec_bal=0.844 | lr=2.3e-06 | 9.0s
  Fold 5 | Ep  36/50 | t_loss=0.0000 t_acc=1.000 | v_win_bal=0.814 v_rec_bal=0.844 | lr=2.0e-06 | 9.0s
  Fold 5 | Ep  37/50 | t_loss=0.0000 t_acc=1.000 | v_win_bal=0.818 v_rec_bal=0.844 | lr=1.8e-06 | 9.0s
  Fold 5 | Ep  38/50 | t_loss=0.0000 t_acc=1.000 | v_win_bal=0.805 v_rec_bal=0.900 | lr=1.5e-06 | 9.1s
  Fold 5 | Ep  39/50 | t_loss=0.0000 t_acc=1.000 | v_win_bal=0.807 v_rec_bal=0.844 | lr=1.3e-06 | 9.5s
  Fold 5 | Ep  40/50 | t_loss=0.0000 t_acc=1.000 | v_win_bal=0.809 v_rec_bal=0.844 | lr=1.1e-06 | 9.0s
  Early stop at epoch 40
  -> Test (best @ epoch 23): acc=0.1667, bal_acc=0.1111

============================================================
Global Results (5-Fold, subject-level CV)
Mode: FT | Extractor: labram | Loss: focal
============================================================
              acc: 0.4857
          bal_acc: 0.4505
               f1: 0.4979
            kappa: -0.0928
  Total predictions: 70 (should equal dataset size: 70)

Results saved to results/lin_compare/drift_check/labram_subjectdass_canonical_s42/
