/raid/jupyter-linjimmy1003.md10/.conda/envs/stress/lib/python3.11/site-packages/timm/models/layers/__init__.py:49: FutureWarning: Importing from timm.models.layers is deprecated, please import via timm.layers
  warnings.warn(f"Importing from {__name__} is deprecated, please import via timm.layers", FutureWarning)
Mode: FT | Extractor: labram | Folds: 5
LR: 1e-05 | WD: 0.05 | Beta2: 0.999 | Grad clip: 2.0
Head: hidden=128, dropout=0.0 | Norm: zscore | Loss: focal
Full FT: encoder_lr_scale=0.1, LLRD=0.65
Augmentation: 75% overlap for increase class

Results → results/lin_compare/labram_dass_llrd0.65_s42/
Dataset: 70 recordings loaded (14 increase, 56 normal)
Cache: 70 recordings ready (70 cached, 0 new)

============================================================
Fold 1/5
============================================================
  Train:  45 samples, 12 subjects [1, 2, 3, 4, 6, 7, 9, 10, 13, 14, 16, 18], label_0=34, label_1=11
    Val:  12 samples,  2 subjects [5, 11], label_0=11, label_1=1
   Test:  13 samples,  3 subjects [8, 12, 17], label_0=11, label_1=2
  Building window datasets...
    WindowDataset: 5684 windows (class_0=2641, class_1=3043)
    WindowDataset: 964 windows (class_0=903, class_1=61)
    WindowDataset: 1184 windows (class_0=1058, class_1=126)
[LaBraM] Loaded 221/223 params from weights/labram-base/model.safetensors
[LaBraM] Missing: ['fc_norm.weight', 'fc_norm.bias']
  Trainable parameters: 5,872,179
  Class weights: [1.0761075019836426, 0.9339467883110046]
  LLRD: 14 layer groups, LR range [3.70e-09, 1.00e-06]
  Fold 1 | Ep   1/50 | t_loss=0.1849 t_acc=0.480 | v_win_bal=0.410 v_rec_bal=0.455 | lr=3.3e-06 | 14.0s
  Fold 1 | Ep   2/50 | t_loss=0.1596 t_acc=0.633 | v_win_bal=0.391 v_rec_bal=0.136 | lr=6.7e-06 | 11.5s
  Fold 1 | Ep   3/50 | t_loss=0.1465 t_acc=0.719 | v_win_bal=0.335 v_rec_bal=0.136 | lr=1.0e-05 | 9.3s
  Fold 1 | Ep   4/50 | t_loss=0.1359 t_acc=0.752 | v_win_bal=0.357 v_rec_bal=0.136 | lr=1.0e-05 | 14.3s
  Fold 1 | Ep   5/50 | t_loss=0.1286 t_acc=0.770 | v_win_bal=0.347 v_rec_bal=0.136 | lr=1.0e-05 | 12.9s
  Fold 1 | Ep   6/50 | t_loss=0.1236 t_acc=0.784 | v_win_bal=0.357 v_rec_bal=0.136 | lr=9.9e-06 | 12.1s
  Fold 1 | Ep   7/50 | t_loss=0.1193 t_acc=0.793 | v_win_bal=0.359 v_rec_bal=0.136 | lr=9.8e-06 | 15.6s
  Fold 1 | Ep   8/50 | t_loss=0.1159 t_acc=0.805 | v_win_bal=0.381 v_rec_bal=0.136 | lr=9.7e-06 | 10.1s
  Fold 1 | Ep   9/50 | t_loss=0.1128 t_acc=0.809 | v_win_bal=0.394 v_rec_bal=0.136 | lr=9.6e-06 | 13.7s
  Fold 1 | Ep  10/50 | t_loss=0.1102 t_acc=0.815 | v_win_bal=0.415 v_rec_bal=0.136 | lr=9.5e-06 | 13.0s
  Fold 1 | Ep  11/50 | t_loss=0.1080 t_acc=0.821 | v_win_bal=0.442 v_rec_bal=0.636 | lr=9.3e-06 | 10.0s
  Fold 1 | Ep  12/50 | t_loss=0.1057 t_acc=0.825 | v_win_bal=0.449 v_rec_bal=0.636 | lr=9.1e-06 | 10.9s
  Fold 1 | Ep  13/50 | t_loss=0.1035 t_acc=0.827 | v_win_bal=0.452 v_rec_bal=0.636 | lr=8.9e-06 | 10.9s
  Fold 1 | Ep  14/50 | t_loss=0.1020 t_acc=0.831 | v_win_bal=0.455 v_rec_bal=0.636 | lr=8.7e-06 | 12.2s
  Fold 1 | Ep  15/50 | t_loss=0.1002 t_acc=0.837 | v_win_bal=0.463 v_rec_bal=0.591 | lr=8.5e-06 | 17.3s
  Fold 1 | Ep  16/50 | t_loss=0.0987 t_acc=0.839 | v_win_bal=0.474 v_rec_bal=0.682 | lr=8.2e-06 | 12.1s
  Fold 1 | Ep  17/50 | t_loss=0.0972 t_acc=0.843 | v_win_bal=0.470 v_rec_bal=0.682 | lr=8.0e-06 | 8.1s
  Fold 1 | Ep  18/50 | t_loss=0.0958 t_acc=0.845 | v_win_bal=0.495 v_rec_bal=0.591 | lr=7.7e-06 | 10.5s
  Fold 1 | Ep  19/50 | t_loss=0.0944 t_acc=0.848 | v_win_bal=0.479 v_rec_bal=0.682 | lr=7.4e-06 | 13.4s
  Fold 1 | Ep  20/50 | t_loss=0.0931 t_acc=0.853 | v_win_bal=0.493 v_rec_bal=0.636 | lr=7.1e-06 | 9.4s
  Fold 1 | Ep  21/50 | t_loss=0.0919 t_acc=0.855 | v_win_bal=0.491 v_rec_bal=0.636 | lr=6.8e-06 | 10.9s
  Fold 1 | Ep  22/50 | t_loss=0.0906 t_acc=0.857 | v_win_bal=0.505 v_rec_bal=0.591 | lr=6.5e-06 | 10.9s
  Fold 1 | Ep  23/50 | t_loss=0.0899 t_acc=0.858 | v_win_bal=0.500 v_rec_bal=0.636 | lr=6.2e-06 | 8.0s
  Fold 1 | Ep  24/50 | t_loss=0.0887 t_acc=0.861 | v_win_bal=0.509 v_rec_bal=0.636 | lr=5.8e-06 | 11.5s
  Fold 1 | Ep  25/50 | t_loss=0.0877 t_acc=0.864 | v_win_bal=0.500 v_rec_bal=0.636 | lr=5.5e-06 | 10.4s
  Fold 1 | Ep  26/50 | t_loss=0.0866 t_acc=0.864 | v_win_bal=0.501 v_rec_bal=0.682 | lr=5.2e-06 | 9.7s
  Fold 1 | Ep  27/50 | t_loss=0.0859 t_acc=0.868 | v_win_bal=0.519 v_rec_bal=0.636 | lr=4.8e-06 | 11.9s
  Fold 1 | Ep  28/50 | t_loss=0.0852 t_acc=0.869 | v_win_bal=0.524 v_rec_bal=0.636 | lr=4.5e-06 | 11.0s
  Fold 1 | Ep  29/50 | t_loss=0.0842 t_acc=0.872 | v_win_bal=0.526 v_rec_bal=0.636 | lr=4.2e-06 | 10.2s
  Fold 1 | Ep  30/50 | t_loss=0.0835 t_acc=0.875 | v_win_bal=0.512 v_rec_bal=0.636 | lr=3.8e-06 | 9.2s
  Fold 1 | Ep  31/50 | t_loss=0.0831 t_acc=0.874 | v_win_bal=0.529 v_rec_bal=0.636 | lr=3.5e-06 | 10.8s
  Fold 1 | Ep  32/50 | t_loss=0.0824 t_acc=0.876 | v_win_bal=0.518 v_rec_bal=0.636 | lr=3.2e-06 | 9.5s
  Early stop at epoch 32
  -> Test (best @ epoch 16): acc=0.8462, bal_acc=0.5000

============================================================
Fold 2/5
============================================================
  Train:  41 samples, 11 subjects [1, 2, 4, 6, 7, 9, 10, 13, 14, 17, 18], label_0=31, label_1=10
    Val:  17 samples,  4 subjects [3, 8, 12, 16], label_0=14, label_1=3
   Test:  12 samples,  2 subjects [5, 11], label_0=11, label_1=1
  Building window datasets...
    WindowDataset: 5250 windows (class_0=2460, class_1=2790)
    WindowDataset: 1429 windows (class_0=1239, class_1=190)
    WindowDataset: 964 windows (class_0=903, class_1=61)
[LaBraM] Loaded 221/223 params from weights/labram-base/model.safetensors
[LaBraM] Missing: ['fc_norm.weight', 'fc_norm.bias']
  LLRD: 14 layer groups, LR range [3.70e-09, 1.00e-06]
  Fold 2 | Ep   1/50 | t_loss=0.1761 t_acc=0.493 | v_win_bal=0.461 v_rec_bal=0.393 | lr=3.3e-06 | 16.1s
  Fold 2 | Ep   2/50 | t_loss=0.1650 t_acc=0.610 | v_win_bal=0.557 v_rec_bal=0.488 | lr=6.7e-06 | 13.9s
  Fold 2 | Ep   3/50 | t_loss=0.1548 t_acc=0.671 | v_win_bal=0.687 v_rec_bal=0.857 | lr=1.0e-05 | 8.4s
  Fold 2 | Ep   4/50 | t_loss=0.1447 t_acc=0.702 | v_win_bal=0.703 v_rec_bal=0.690 | lr=1.0e-05 | 11.1s
  Fold 2 | Ep   5/50 | t_loss=0.1376 t_acc=0.720 | v_win_bal=0.756 v_rec_bal=0.857 | lr=1.0e-05 | 11.7s
  Fold 2 | Ep   6/50 | t_loss=0.1322 t_acc=0.737 | v_win_bal=0.749 v_rec_bal=0.857 | lr=9.9e-06 | 9.0s
  Fold 2 | Ep   7/50 | t_loss=0.1279 t_acc=0.753 | v_win_bal=0.756 v_rec_bal=0.857 | lr=9.8e-06 | 11.3s
  Fold 2 | Ep   8/50 | t_loss=0.1238 t_acc=0.766 | v_win_bal=0.762 v_rec_bal=0.857 | lr=9.7e-06 | 23.0s
  Fold 2 | Ep   9/50 | t_loss=0.1201 t_acc=0.775 | v_win_bal=0.773 v_rec_bal=0.857 | lr=9.6e-06 | 12.3s
  Fold 2 | Ep  10/50 | t_loss=0.1168 t_acc=0.783 | v_win_bal=0.764 v_rec_bal=0.857 | lr=9.5e-06 | 10.6s
  Fold 2 | Ep  11/50 | t_loss=0.1137 t_acc=0.793 | v_win_bal=0.768 v_rec_bal=0.857 | lr=9.3e-06 | 13.6s
  Fold 2 | Ep  12/50 | t_loss=0.1110 t_acc=0.800 | v_win_bal=0.783 v_rec_bal=0.857 | lr=9.1e-06 | 11.7s
  Fold 2 | Ep  13/50 | t_loss=0.1080 t_acc=0.808 | v_win_bal=0.780 v_rec_bal=0.857 | lr=8.9e-06 | 10.0s
  Fold 2 | Ep  14/50 | t_loss=0.1055 t_acc=0.811 | v_win_bal=0.774 v_rec_bal=0.857 | lr=8.7e-06 | 9.0s
  Fold 2 | Ep  15/50 | t_loss=0.1032 t_acc=0.820 | v_win_bal=0.775 v_rec_bal=0.857 | lr=8.5e-06 | 10.5s
  Fold 2 | Ep  16/50 | t_loss=0.1009 t_acc=0.824 | v_win_bal=0.772 v_rec_bal=0.857 | lr=8.2e-06 | 9.5s
  Fold 2 | Ep  17/50 | t_loss=0.0988 t_acc=0.828 | v_win_bal=0.776 v_rec_bal=0.857 | lr=8.0e-06 | 10.4s
  Fold 2 | Ep  18/50 | t_loss=0.0967 t_acc=0.830 | v_win_bal=0.773 v_rec_bal=0.857 | lr=7.7e-06 | 13.7s
  Fold 2 | Ep  19/50 | t_loss=0.0950 t_acc=0.836 | v_win_bal=0.777 v_rec_bal=0.857 | lr=7.4e-06 | 9.6s
  Fold 2 | Ep  20/50 | t_loss=0.0931 t_acc=0.839 | v_win_bal=0.777 v_rec_bal=0.857 | lr=7.1e-06 | 11.4s
  Fold 2 | Ep  21/50 | t_loss=0.0915 t_acc=0.842 | v_win_bal=0.776 v_rec_bal=0.857 | lr=6.8e-06 | 9.6s
  Fold 2 | Ep  22/50 | t_loss=0.0898 t_acc=0.847 | v_win_bal=0.780 v_rec_bal=0.857 | lr=6.5e-06 | 12.1s
  Early stop at epoch 22
  -> Test (best @ epoch 3): acc=0.0833, bal_acc=0.5000

============================================================
Fold 3/5
============================================================
  Train:  45 samples, 11 subjects [1, 2, 3, 5, 6, 7, 8, 13, 16, 17, 18], label_0=35, label_1=10
    Val:  12 samples,  2 subjects [11, 12], label_0=11, label_1=1
   Test:  13 samples,  4 subjects [4, 9, 10, 14], label_0=10, label_1=3
  Building window datasets...
    WindowDataset: 4890 windows (class_0=2388, class_1=2502)
    WindowDataset: 1311 windows (class_0=1250, class_1=61)
    WindowDataset: 1226 windows (class_0=964, class_1=262)
[LaBraM] Loaded 221/223 params from weights/labram-base/model.safetensors
[LaBraM] Missing: ['fc_norm.weight', 'fc_norm.bias']
  LLRD: 14 layer groups, LR range [3.70e-09, 1.00e-06]
  Fold 3 | Ep   1/50 | t_loss=0.1790 t_acc=0.510 | v_win_bal=0.546 v_rec_bal=0.591 | lr=3.3e-06 | 8.9s
  Fold 3 | Ep   2/50 | t_loss=0.1740 t_acc=0.543 | v_win_bal=0.558 v_rec_bal=0.727 | lr=6.7e-06 | 9.0s
  Fold 3 | Ep   3/50 | t_loss=0.1678 t_acc=0.596 | v_win_bal=0.574 v_rec_bal=0.682 | lr=1.0e-05 | 10.2s
  Fold 3 | Ep   4/50 | t_loss=0.1609 t_acc=0.635 | v_win_bal=0.582 v_rec_bal=0.682 | lr=1.0e-05 | 9.1s
  Fold 3 | Ep   5/50 | t_loss=0.1550 t_acc=0.659 | v_win_bal=0.597 v_rec_bal=0.773 | lr=1.0e-05 | 19.2s
  Fold 3 | Ep   6/50 | t_loss=0.1499 t_acc=0.677 | v_win_bal=0.611 v_rec_bal=0.773 | lr=9.9e-06 | 10.6s
  Fold 3 | Ep   7/50 | t_loss=0.1453 t_acc=0.690 | v_win_bal=0.633 v_rec_bal=0.773 | lr=9.8e-06 | 7.6s
  Fold 3 | Ep   8/50 | t_loss=0.1409 t_acc=0.705 | v_win_bal=0.666 v_rec_bal=0.773 | lr=9.7e-06 | 11.6s
  Fold 3 | Ep   9/50 | t_loss=0.1369 t_acc=0.719 | v_win_bal=0.670 v_rec_bal=0.773 | lr=9.6e-06 | 11.1s
  Fold 3 | Ep  10/50 | t_loss=0.1330 t_acc=0.740 | v_win_bal=0.689 v_rec_bal=0.773 | lr=9.5e-06 | 7.5s
  Fold 3 | Ep  11/50 | t_loss=0.1297 t_acc=0.746 | v_win_bal=0.699 v_rec_bal=0.909 | lr=9.3e-06 | 9.8s
  Fold 3 | Ep  12/50 | t_loss=0.1265 t_acc=0.759 | v_win_bal=0.714 v_rec_bal=0.818 | lr=9.1e-06 | 9.6s
  Fold 3 | Ep  13/50 | t_loss=0.1234 t_acc=0.769 | v_win_bal=0.712 v_rec_bal=0.818 | lr=8.9e-06 | 8.3s
  Fold 3 | Ep  14/50 | t_loss=0.1211 t_acc=0.773 | v_win_bal=0.714 v_rec_bal=0.818 | lr=8.7e-06 | 9.3s
  Fold 3 | Ep  15/50 | t_loss=0.1186 t_acc=0.777 | v_win_bal=0.727 v_rec_bal=0.864 | lr=8.5e-06 | 11.4s
  Fold 3 | Ep  16/50 | t_loss=0.1164 t_acc=0.783 | v_win_bal=0.746 v_rec_bal=0.864 | lr=8.2e-06 | 9.9s
  Fold 3 | Ep  17/50 | t_loss=0.1139 t_acc=0.791 | v_win_bal=0.738 v_rec_bal=0.773 | lr=8.0e-06 | 8.6s
  Fold 3 | Ep  18/50 | t_loss=0.1125 t_acc=0.791 | v_win_bal=0.743 v_rec_bal=0.909 | lr=7.7e-06 | 9.5s
  Fold 3 | Ep  19/50 | t_loss=0.1108 t_acc=0.793 | v_win_bal=0.741 v_rec_bal=0.864 | lr=7.4e-06 | 11.5s
  Fold 3 | Ep  20/50 | t_loss=0.1091 t_acc=0.796 | v_win_bal=0.741 v_rec_bal=0.818 | lr=7.1e-06 | 9.2s
  Fold 3 | Ep  21/50 | t_loss=0.1075 t_acc=0.801 | v_win_bal=0.729 v_rec_bal=0.864 | lr=6.8e-06 | 10.8s
  Fold 3 | Ep  22/50 | t_loss=0.1060 t_acc=0.806 | v_win_bal=0.724 v_rec_bal=0.864 | lr=6.5e-06 | 19.8s
  Fold 3 | Ep  23/50 | t_loss=0.1050 t_acc=0.803 | v_win_bal=0.722 v_rec_bal=0.909 | lr=6.2e-06 | 9.2s
  Fold 3 | Ep  24/50 | t_loss=0.1036 t_acc=0.810 | v_win_bal=0.719 v_rec_bal=0.909 | lr=5.8e-06 | 12.9s
  Fold 3 | Ep  25/50 | t_loss=0.1025 t_acc=0.809 | v_win_bal=0.750 v_rec_bal=0.818 | lr=5.5e-06 | 10.4s
  Fold 3 | Ep  26/50 | t_loss=0.1013 t_acc=0.814 | v_win_bal=0.720 v_rec_bal=0.864 | lr=5.2e-06 | 7.2s
  Fold 3 | Ep  27/50 | t_loss=0.1005 t_acc=0.815 | v_win_bal=0.718 v_rec_bal=0.818 | lr=4.8e-06 | 11.0s
  Fold 3 | Ep  28/50 | t_loss=0.0996 t_acc=0.817 | v_win_bal=0.734 v_rec_bal=0.818 | lr=4.5e-06 | 8.7s
  Fold 3 | Ep  29/50 | t_loss=0.0987 t_acc=0.820 | v_win_bal=0.726 v_rec_bal=0.818 | lr=4.2e-06 | 8.5s
  Fold 3 | Ep  30/50 | t_loss=0.0979 t_acc=0.821 | v_win_bal=0.733 v_rec_bal=0.818 | lr=3.8e-06 | 12.4s
  Fold 3 | Ep  31/50 | t_loss=0.0972 t_acc=0.824 | v_win_bal=0.724 v_rec_bal=0.864 | lr=3.5e-06 | 20.3s
  Fold 3 | Ep  32/50 | t_loss=0.0965 t_acc=0.823 | v_win_bal=0.718 v_rec_bal=0.818 | lr=3.2e-06 | 10.4s
  Fold 3 | Ep  33/50 | t_loss=0.0954 t_acc=0.827 | v_win_bal=0.731 v_rec_bal=0.864 | lr=2.9e-06 | 8.8s
  Fold 3 | Ep  34/50 | t_loss=0.0952 t_acc=0.828 | v_win_bal=0.724 v_rec_bal=0.864 | lr=2.6e-06 | 9.8s
  Fold 3 | Ep  35/50 | t_loss=0.0948 t_acc=0.828 | v_win_bal=0.726 v_rec_bal=0.864 | lr=2.3e-06 | 9.5s
  Fold 3 | Ep  36/50 | t_loss=0.0944 t_acc=0.830 | v_win_bal=0.722 v_rec_bal=0.818 | lr=2.0e-06 | 12.0s
  Fold 3 | Ep  37/50 | t_loss=0.0944 t_acc=0.829 | v_win_bal=0.720 v_rec_bal=0.818 | lr=1.8e-06 | 10.8s
  Fold 3 | Ep  38/50 | t_loss=0.0939 t_acc=0.834 | v_win_bal=0.722 v_rec_bal=0.864 | lr=1.5e-06 | 7.7s
  Fold 3 | Ep  39/50 | t_loss=0.0935 t_acc=0.834 | v_win_bal=0.723 v_rec_bal=0.864 | lr=1.3e-06 | 10.0s
  Early stop at epoch 39
  -> Test (best @ epoch 11): acc=0.3077, bal_acc=0.4333

============================================================
Fold 4/5
============================================================
  Train:  40 samples, 10 subjects [1, 2, 4, 5, 9, 10, 11, 13, 14, 18], label_0=31, label_1=9
    Val:  13 samples,  3 subjects [8, 12, 17], label_0=11, label_1=2
   Test:  17 samples,  4 subjects [3, 6, 7, 16], label_0=14, label_1=3
  Building window datasets...
    WindowDataset: 5246 windows (class_0=2713, class_1=2533)
    WindowDataset: 1184 windows (class_0=1058, class_1=126)
    WindowDataset: 1021 windows (class_0=831, class_1=190)
[LaBraM] Loaded 221/223 params from weights/labram-base/model.safetensors
[LaBraM] Missing: ['fc_norm.weight', 'fc_norm.bias']
  LLRD: 14 layer groups, LR range [3.70e-09, 1.00e-06]
  Fold 4 | Ep   1/50 | t_loss=0.1696 t_acc=0.574 | v_win_bal=0.465 v_rec_bal=0.500 | lr=3.3e-06 | 12.5s
  Fold 4 | Ep   2/50 | t_loss=0.1635 t_acc=0.634 | v_win_bal=0.489 v_rec_bal=0.500 | lr=6.7e-06 | 9.2s
  Fold 4 | Ep   3/50 | t_loss=0.1554 t_acc=0.682 | v_win_bal=0.495 v_rec_bal=0.500 | lr=1.0e-05 | 13.1s
  Fold 4 | Ep   4/50 | t_loss=0.1478 t_acc=0.707 | v_win_bal=0.496 v_rec_bal=0.500 | lr=1.0e-05 | 9.3s
  Fold 4 | Ep   5/50 | t_loss=0.1410 t_acc=0.724 | v_win_bal=0.523 v_rec_bal=0.500 | lr=1.0e-05 | 10.4s
  Fold 4 | Ep   6/50 | t_loss=0.1354 t_acc=0.739 | v_win_bal=0.509 v_rec_bal=0.500 | lr=9.9e-06 | 11.5s
  Fold 4 | Ep   7/50 | t_loss=0.1303 t_acc=0.754 | v_win_bal=0.520 v_rec_bal=0.500 | lr=9.8e-06 | 8.3s
  Fold 4 | Ep   8/50 | t_loss=0.1254 t_acc=0.763 | v_win_bal=0.523 v_rec_bal=0.500 | lr=9.7e-06 | 8.7s
  Fold 4 | Ep   9/50 | t_loss=0.1214 t_acc=0.774 | v_win_bal=0.524 v_rec_bal=0.500 | lr=9.6e-06 | 10.6s
  Fold 4 | Ep  10/50 | t_loss=0.1177 t_acc=0.782 | v_win_bal=0.522 v_rec_bal=0.500 | lr=9.5e-06 | 9.5s
  Fold 4 | Ep  11/50 | t_loss=0.1143 t_acc=0.792 | v_win_bal=0.521 v_rec_bal=0.500 | lr=9.3e-06 | 25.6s
  Fold 4 | Ep  12/50 | t_loss=0.1117 t_acc=0.798 | v_win_bal=0.526 v_rec_bal=0.500 | lr=9.1e-06 | 8.5s
  Fold 4 | Ep  13/50 | t_loss=0.1085 t_acc=0.804 | v_win_bal=0.531 v_rec_bal=0.500 | lr=8.9e-06 | 10.5s
  Fold 4 | Ep  14/50 | t_loss=0.1067 t_acc=0.808 | v_win_bal=0.535 v_rec_bal=0.500 | lr=8.7e-06 | 10.9s
  Fold 4 | Ep  15/50 | t_loss=0.1046 t_acc=0.812 | v_win_bal=0.537 v_rec_bal=0.500 | lr=8.5e-06 | 8.6s
  Fold 4 | Ep  16/50 | t_loss=0.1022 t_acc=0.819 | v_win_bal=0.543 v_rec_bal=0.500 | lr=8.2e-06 | 10.0s
  Early stop at epoch 16
  -> Test (best @ epoch 1): acc=0.7059, bal_acc=0.4286

============================================================
Fold 5/5
============================================================
  Train:  43 samples, 11 subjects [3, 4, 5, 6, 7, 8, 9, 10, 14, 16, 17], label_0=35, label_1=8
    Val:  12 samples,  2 subjects [11, 12], label_0=11, label_1=1
   Test:  15 samples,  4 subjects [1, 2, 13, 18], label_0=10, label_1=5
  Building window datasets...
    WindowDataset: 4794 windows (class_0=2506, class_1=2288)
    WindowDataset: 1311 windows (class_0=1250, class_1=61)
    WindowDataset: 1163 windows (class_0=846, class_1=317)
[LaBraM] Loaded 221/223 params from weights/labram-base/model.safetensors
[LaBraM] Missing: ['fc_norm.weight', 'fc_norm.bias']
  LLRD: 14 layer groups, LR range [3.70e-09, 1.00e-06]
  Fold 5 | Ep   1/50 | t_loss=0.1764 t_acc=0.518 | v_win_bal=0.572 v_rec_bal=0.864 | lr=3.3e-06 | 9.8s
  Fold 5 | Ep   2/50 | t_loss=0.1700 t_acc=0.565 | v_win_bal=0.566 v_rec_bal=0.455 | lr=6.7e-06 | 9.8s
  Fold 5 | Ep   3/50 | t_loss=0.1610 t_acc=0.642 | v_win_bal=0.564 v_rec_bal=0.500 | lr=1.0e-05 | 8.6s
  Fold 5 | Ep   4/50 | t_loss=0.1516 t_acc=0.690 | v_win_bal=0.542 v_rec_bal=0.500 | lr=1.0e-05 | 7.9s
  Fold 5 | Ep   5/50 | t_loss=0.1443 t_acc=0.710 | v_win_bal=0.523 v_rec_bal=0.500 | lr=1.0e-05 | 9.5s
  Fold 5 | Ep   6/50 | t_loss=0.1387 t_acc=0.731 | v_win_bal=0.511 v_rec_bal=0.500 | lr=9.9e-06 | 7.7s
  Fold 5 | Ep   7/50 | t_loss=0.1338 t_acc=0.745 | v_win_bal=0.510 v_rec_bal=0.500 | lr=9.8e-06 | 8.5s
  Fold 5 | Ep   8/50 | t_loss=0.1298 t_acc=0.755 | v_win_bal=0.520 v_rec_bal=0.500 | lr=9.7e-06 | 8.6s
  Fold 5 | Ep   9/50 | t_loss=0.1260 t_acc=0.767 | v_win_bal=0.501 v_rec_bal=0.500 | lr=9.6e-06 | 13.3s
  Fold 5 | Ep  10/50 | t_loss=0.1229 t_acc=0.774 | v_win_bal=0.531 v_rec_bal=0.500 | lr=9.5e-06 | 7.7s
  Fold 5 | Ep  11/50 | t_loss=0.1195 t_acc=0.781 | v_win_bal=0.483 v_rec_bal=0.500 | lr=9.3e-06 | 10.5s
  Fold 5 | Ep  12/50 | t_loss=0.1169 t_acc=0.789 | v_win_bal=0.549 v_rec_bal=0.500 | lr=9.1e-06 | 10.8s
  Fold 5 | Ep  13/50 | t_loss=0.1142 t_acc=0.797 | v_win_bal=0.526 v_rec_bal=0.500 | lr=8.9e-06 | 8.4s
  Fold 5 | Ep  14/50 | t_loss=0.1117 t_acc=0.804 | v_win_bal=0.540 v_rec_bal=0.500 | lr=8.7e-06 | 10.5s
  Fold 5 | Ep  15/50 | t_loss=0.1096 t_acc=0.809 | v_win_bal=0.538 v_rec_bal=0.500 | lr=8.5e-06 | 9.7s
  Fold 5 | Ep  16/50 | t_loss=0.1074 t_acc=0.814 | v_win_bal=0.548 v_rec_bal=0.500 | lr=8.2e-06 | 8.2s
  Early stop at epoch 16
  -> Test (best @ epoch 1): acc=0.8667, bal_acc=0.8500

============================================================
Global Results (5-Fold, subject-level CV)
Mode: FT | Extractor: labram | Loss: focal
============================================================
              acc: 0.5857
          bal_acc: 0.5536
               f1: 0.6259
            kappa: 0.0764
  Total predictions: 70 (should equal dataset size: 70)

Results saved to results/lin_compare/labram_dass_llrd0.65_s42/
