CMD: /raid/jupyter-linjimmy1003.md10/.conda/envs/stress/bin/python train_ft.py --mode ft --extractor labram --folds 5 --epochs 50 --patience 15 --lr 1e-5 --batch-size 32 --seed 42 --label dass --loss focal --head-hidden 128 --norm zscore --csv data/comprehensive_labels.csv --weight-decay 0.05 --grad-clip 2.0 --warmup-epochs 3 --encoder-lr-scale 0.1 --warmup-freeze-epochs 1 --aug-overlap 0.75 --llrd 1.0 --device cuda:7 --run-id lin_compare/perm_null/perm_s3 --permute-labels 3

/raid/jupyter-linjimmy1003.md10/.conda/envs/stress/lib/python3.11/site-packages/timm/models/layers/__init__.py:49: FutureWarning: Importing from timm.models.layers is deprecated, please import via timm.layers
  warnings.warn(f"Importing from {__name__} is deprecated, please import via timm.layers", FutureWarning)
Mode: FT | Extractor: labram | Folds: 5
LR: 1e-05 | WD: 0.05 | Beta2: 0.999 | Grad clip: 2.0
Head: hidden=128, dropout=0.0 | Norm: zscore | Loss: focal
Full FT: encoder_lr_scale=0.1
Augmentation: 75% overlap for increase class

Results → results/lin_compare/perm_null/perm_s3/
Dataset: 70 recordings loaded (14 increase, 56 normal)
Cache: 70 recordings ready (70 cached, 0 new)
[permute-labels] Shuffled labels with rng seed 3. Class balance preserved: 14 pos / 56 neg

============================================================
Fold 1/5
============================================================
  Train:  40 samples, 11 subjects [2, 3, 5, 6, 8, 9, 12, 14, 16, 17, 18], label_0=32, label_1=8
    Val:  16 samples,  3 subjects [4, 7, 13], label_0=12, label_1=4
   Test:  14 samples,  3 subjects [1, 10, 11], label_0=12, label_1=2
  Building window datasets...
    WindowDataset: 5381 windows (class_0=2457, class_1=2924)
    WindowDataset: 1204 windows (class_0=976, class_1=228)
    WindowDataset: 1160 windows (class_0=909, class_1=251)
[LaBraM] Loaded 221/223 params from weights/labram-base/model.safetensors
[LaBraM] Missing: ['fc_norm.weight', 'fc_norm.bias']
  Trainable parameters: 5,872,179
  Class weights: [1.0950345993041992, 0.9201436638832092]
  Fold 1 | Ep   1/50 | t_loss=0.1881 t_acc=0.478 | v_win_bal=0.523 v_rec_bal=0.542 | lr=3.3e-06 | 9.2s
  Fold 1 | Ep   2/50 | t_loss=0.1706 t_acc=0.553 | v_win_bal=0.590 v_rec_bal=0.708 | lr=6.7e-06 | 7.2s
  Fold 1 | Ep   3/50 | t_loss=0.1656 t_acc=0.616 | v_win_bal=0.605 v_rec_bal=0.667 | lr=1.0e-05 | 7.2s
  Fold 1 | Ep   4/50 | t_loss=0.1587 t_acc=0.651 | v_win_bal=0.636 v_rec_bal=0.667 | lr=1.0e-05 | 7.3s
  Fold 1 | Ep   5/50 | t_loss=0.1477 t_acc=0.702 | v_win_bal=0.628 v_rec_bal=0.583 | lr=1.0e-05 | 7.3s
  Fold 1 | Ep   6/50 | t_loss=0.1358 t_acc=0.742 | v_win_bal=0.603 v_rec_bal=0.583 | lr=9.9e-06 | 7.3s
  Fold 1 | Ep   7/50 | t_loss=0.1213 t_acc=0.783 | v_win_bal=0.580 v_rec_bal=0.583 | lr=9.8e-06 | 7.3s
  Fold 1 | Ep   8/50 | t_loss=0.1045 t_acc=0.828 | v_win_bal=0.540 v_rec_bal=0.500 | lr=9.7e-06 | 7.3s
  Fold 1 | Ep   9/50 | t_loss=0.0862 t_acc=0.864 | v_win_bal=0.507 v_rec_bal=0.458 | lr=9.6e-06 | 7.3s
  Fold 1 | Ep  10/50 | t_loss=0.0674 t_acc=0.902 | v_win_bal=0.492 v_rec_bal=0.458 | lr=9.5e-06 | 7.3s
  Fold 1 | Ep  11/50 | t_loss=0.0516 t_acc=0.929 | v_win_bal=0.482 v_rec_bal=0.458 | lr=9.3e-06 | 7.3s
  Fold 1 | Ep  12/50 | t_loss=0.0384 t_acc=0.949 | v_win_bal=0.483 v_rec_bal=0.458 | lr=9.1e-06 | 7.5s
  Fold 1 | Ep  13/50 | t_loss=0.0271 t_acc=0.965 | v_win_bal=0.457 v_rec_bal=0.458 | lr=8.9e-06 | 7.3s
  Fold 1 | Ep  14/50 | t_loss=0.0208 t_acc=0.975 | v_win_bal=0.472 v_rec_bal=0.500 | lr=8.7e-06 | 7.3s
  Fold 1 | Ep  15/50 | t_loss=0.0150 t_acc=0.982 | v_win_bal=0.471 v_rec_bal=0.500 | lr=8.5e-06 | 7.3s
  Fold 1 | Ep  16/50 | t_loss=0.0100 t_acc=0.989 | v_win_bal=0.464 v_rec_bal=0.458 | lr=8.2e-06 | 7.3s
  Fold 1 | Ep  17/50 | t_loss=0.0069 t_acc=0.994 | v_win_bal=0.455 v_rec_bal=0.458 | lr=8.0e-06 | 7.2s
  Fold 1 | Ep  18/50 | t_loss=0.0041 t_acc=0.996 | v_win_bal=0.471 v_rec_bal=0.542 | lr=7.7e-06 | 7.3s
  Fold 1 | Ep  19/50 | t_loss=0.0028 t_acc=0.997 | v_win_bal=0.472 v_rec_bal=0.542 | lr=7.4e-06 | 7.3s
  Early stop at epoch 19
  -> Test (best @ epoch 2): acc=0.7143, bal_acc=0.4167

============================================================
Fold 2/5
============================================================
  Train:  40 samples, 11 subjects [1, 2, 3, 5, 6, 8, 10, 14, 16, 17, 18], label_0=33, label_1=7
    Val:  14 samples,  3 subjects [9, 11, 12], label_0=11, label_1=3
   Test:  16 samples,  3 subjects [4, 7, 13], label_0=12, label_1=4
  Building window datasets...
    WindowDataset: 4496 windows (class_0=2233, class_1=2263)
    WindowDataset: 1550 windows (class_0=1133, class_1=417)
    WindowDataset: 1204 windows (class_0=976, class_1=228)
[LaBraM] Loaded 221/223 params from weights/labram-base/model.safetensors
[LaBraM] Missing: ['fc_norm.weight', 'fc_norm.bias']
  Fold 2 | Ep   1/50 | t_loss=0.1808 t_acc=0.517 | v_win_bal=0.465 v_rec_bal=0.348 | lr=3.3e-06 | 6.4s
  Fold 2 | Ep   2/50 | t_loss=0.1690 t_acc=0.578 | v_win_bal=0.457 v_rec_bal=0.409 | lr=6.7e-06 | 6.5s
  Fold 2 | Ep   3/50 | t_loss=0.1644 t_acc=0.606 | v_win_bal=0.460 v_rec_bal=0.455 | lr=1.0e-05 | 6.5s
  Fold 2 | Ep   4/50 | t_loss=0.1588 t_acc=0.639 | v_win_bal=0.451 v_rec_bal=0.409 | lr=1.0e-05 | 6.5s
  Fold 2 | Ep   5/50 | t_loss=0.1528 t_acc=0.669 | v_win_bal=0.460 v_rec_bal=0.455 | lr=1.0e-05 | 6.5s
  Fold 2 | Ep   6/50 | t_loss=0.1447 t_acc=0.704 | v_win_bal=0.446 v_rec_bal=0.318 | lr=9.9e-06 | 6.5s
  Fold 2 | Ep   7/50 | t_loss=0.1352 t_acc=0.736 | v_win_bal=0.429 v_rec_bal=0.318 | lr=9.8e-06 | 6.5s
  Fold 2 | Ep   8/50 | t_loss=0.1232 t_acc=0.772 | v_win_bal=0.422 v_rec_bal=0.318 | lr=9.7e-06 | 6.5s
  Fold 2 | Ep   9/50 | t_loss=0.1110 t_acc=0.804 | v_win_bal=0.408 v_rec_bal=0.318 | lr=9.6e-06 | 6.5s
  Fold 2 | Ep  10/50 | t_loss=0.0986 t_acc=0.833 | v_win_bal=0.405 v_rec_bal=0.318 | lr=9.5e-06 | 6.7s
  Fold 2 | Ep  11/50 | t_loss=0.0864 t_acc=0.859 | v_win_bal=0.410 v_rec_bal=0.318 | lr=9.3e-06 | 6.5s
  Fold 2 | Ep  12/50 | t_loss=0.0750 t_acc=0.883 | v_win_bal=0.410 v_rec_bal=0.318 | lr=9.1e-06 | 6.4s
  Fold 2 | Ep  13/50 | t_loss=0.0622 t_acc=0.904 | v_win_bal=0.407 v_rec_bal=0.273 | lr=8.9e-06 | 6.5s
  Fold 2 | Ep  14/50 | t_loss=0.0518 t_acc=0.922 | v_win_bal=0.412 v_rec_bal=0.318 | lr=8.7e-06 | 6.5s
  Fold 2 | Ep  15/50 | t_loss=0.0407 t_acc=0.942 | v_win_bal=0.409 v_rec_bal=0.273 | lr=8.5e-06 | 6.5s
  Fold 2 | Ep  16/50 | t_loss=0.0329 t_acc=0.957 | v_win_bal=0.414 v_rec_bal=0.318 | lr=8.2e-06 | 6.5s
  Fold 2 | Ep  17/50 | t_loss=0.0254 t_acc=0.969 | v_win_bal=0.416 v_rec_bal=0.273 | lr=8.0e-06 | 6.5s
  Fold 2 | Ep  18/50 | t_loss=0.0195 t_acc=0.977 | v_win_bal=0.416 v_rec_bal=0.364 | lr=7.7e-06 | 6.5s
  Fold 2 | Ep  19/50 | t_loss=0.0151 t_acc=0.984 | v_win_bal=0.419 v_rec_bal=0.364 | lr=7.4e-06 | 6.5s
  Fold 2 | Ep  20/50 | t_loss=0.0103 t_acc=0.990 | v_win_bal=0.411 v_rec_bal=0.318 | lr=7.1e-06 | 6.5s
  Early stop at epoch 20
  -> Test (best @ epoch 3): acc=0.7500, bal_acc=0.5000

============================================================
Fold 3/5
============================================================
  Train:  39 samples, 11 subjects [1, 2, 3, 4, 5, 9, 10, 14, 16, 17, 18], label_0=31, label_1=8
    Val:  16 samples,  3 subjects [7, 11, 13], label_0=12, label_1=4
   Test:  15 samples,  3 subjects [6, 8, 12], label_0=13, label_1=2
  Building window datasets...
    WindowDataset: 5071 windows (class_0=2099, class_1=2972)
    WindowDataset: 1415 windows (class_0=1187, class_1=228)
    WindowDataset: 1295 windows (class_0=1056, class_1=239)
[LaBraM] Loaded 221/223 params from weights/labram-base/model.safetensors
[LaBraM] Missing: ['fc_norm.weight', 'fc_norm.bias']
  Fold 3 | Ep   1/50 | t_loss=0.1856 t_acc=0.580 | v_win_bal=0.440 v_rec_bal=0.333 | lr=3.3e-06 | 7.1s
  Fold 3 | Ep   2/50 | t_loss=0.1685 t_acc=0.576 | v_win_bal=0.442 v_rec_bal=0.417 | lr=6.7e-06 | 7.2s
  Fold 3 | Ep   3/50 | t_loss=0.1627 t_acc=0.623 | v_win_bal=0.463 v_rec_bal=0.583 | lr=1.0e-05 | 7.1s
  Fold 3 | Ep   4/50 | t_loss=0.1559 t_acc=0.653 | v_win_bal=0.469 v_rec_bal=0.458 | lr=1.0e-05 | 7.4s
  Fold 3 | Ep   5/50 | t_loss=0.1498 t_acc=0.678 | v_win_bal=0.474 v_rec_bal=0.458 | lr=1.0e-05 | 7.1s
  Fold 3 | Ep   6/50 | t_loss=0.1422 t_acc=0.715 | v_win_bal=0.486 v_rec_bal=0.542 | lr=9.9e-06 | 7.2s
  Fold 3 | Ep   7/50 | t_loss=0.1330 t_acc=0.744 | v_win_bal=0.471 v_rec_bal=0.458 | lr=9.8e-06 | 7.1s
  Fold 3 | Ep   8/50 | t_loss=0.1231 t_acc=0.775 | v_win_bal=0.466 v_rec_bal=0.458 | lr=9.7e-06 | 7.1s
  Fold 3 | Ep   9/50 | t_loss=0.1110 t_acc=0.805 | v_win_bal=0.468 v_rec_bal=0.583 | lr=9.6e-06 | 7.1s
  Fold 3 | Ep  10/50 | t_loss=0.0980 t_acc=0.835 | v_win_bal=0.468 v_rec_bal=0.542 | lr=9.5e-06 | 7.2s
  Fold 3 | Ep  11/50 | t_loss=0.0837 t_acc=0.863 | v_win_bal=0.460 v_rec_bal=0.458 | lr=9.3e-06 | 7.1s
  Fold 3 | Ep  12/50 | t_loss=0.0693 t_acc=0.893 | v_win_bal=0.456 v_rec_bal=0.500 | lr=9.1e-06 | 7.2s
  Fold 3 | Ep  13/50 | t_loss=0.0581 t_acc=0.911 | v_win_bal=0.455 v_rec_bal=0.375 | lr=8.9e-06 | 7.2s
  Fold 3 | Ep  14/50 | t_loss=0.0469 t_acc=0.931 | v_win_bal=0.431 v_rec_bal=0.417 | lr=8.7e-06 | 7.2s
  Fold 3 | Ep  15/50 | t_loss=0.0382 t_acc=0.946 | v_win_bal=0.422 v_rec_bal=0.375 | lr=8.5e-06 | 7.2s
  Fold 3 | Ep  16/50 | t_loss=0.0291 t_acc=0.964 | v_win_bal=0.378 v_rec_bal=0.417 | lr=8.2e-06 | 7.2s
  Fold 3 | Ep  17/50 | t_loss=0.0222 t_acc=0.972 | v_win_bal=0.398 v_rec_bal=0.375 | lr=8.0e-06 | 7.2s
  Fold 3 | Ep  18/50 | t_loss=0.0173 t_acc=0.980 | v_win_bal=0.365 v_rec_bal=0.333 | lr=7.7e-06 | 7.2s
  Fold 3 | Ep  19/50 | t_loss=0.0127 t_acc=0.986 | v_win_bal=0.352 v_rec_bal=0.417 | lr=7.4e-06 | 7.2s
  Fold 3 | Ep  20/50 | t_loss=0.0096 t_acc=0.991 | v_win_bal=0.378 v_rec_bal=0.458 | lr=7.1e-06 | 6.9s
  Fold 3 | Ep  21/50 | t_loss=0.0065 t_acc=0.993 | v_win_bal=0.350 v_rec_bal=0.417 | lr=6.8e-06 | 6.9s
  Fold 3 | Ep  22/50 | t_loss=0.0048 t_acc=0.994 | v_win_bal=0.355 v_rec_bal=0.375 | lr=6.5e-06 | 6.9s
  Fold 3 | Ep  23/50 | t_loss=0.0034 t_acc=0.997 | v_win_bal=0.359 v_rec_bal=0.417 | lr=6.2e-06 | 6.9s
  Fold 3 | Ep  24/50 | t_loss=0.0025 t_acc=0.998 | v_win_bal=0.340 v_rec_bal=0.417 | lr=5.8e-06 | 6.9s
  Fold 3 | Ep  25/50 | t_loss=0.0019 t_acc=0.998 | v_win_bal=0.360 v_rec_bal=0.417 | lr=5.5e-06 | 6.8s
  Early stop at epoch 25
  -> Test (best @ epoch 9): acc=0.5333, bal_acc=0.5192

============================================================
Fold 4/5
============================================================
  Train:  41 samples, 10 subjects [1, 2, 4, 5, 6, 8, 9, 10, 12, 17], label_0=34, label_1=7
    Val:  16 samples,  3 subjects [7, 11, 13], label_0=12, label_1=4
   Test:  13 samples,  4 subjects [3, 14, 16, 18], label_0=10, label_1=3
  Building window datasets...
    WindowDataset: 5492 windows (class_0=2305, class_1=3187)
    WindowDataset: 1415 windows (class_0=1187, class_1=228)
    WindowDataset: 1036 windows (class_0=850, class_1=186)
[LaBraM] Loaded 221/223 params from weights/labram-base/model.safetensors
[LaBraM] Missing: ['fc_norm.weight', 'fc_norm.bias']
  Fold 4 | Ep   1/50 | t_loss=0.1760 t_acc=0.496 | v_win_bal=0.501 v_rec_bal=0.500 | lr=3.3e-06 | 7.3s
  Fold 4 | Ep   2/50 | t_loss=0.1697 t_acc=0.562 | v_win_bal=0.485 v_rec_bal=0.500 | lr=6.7e-06 | 7.3s
  Fold 4 | Ep   3/50 | t_loss=0.1615 t_acc=0.616 | v_win_bal=0.530 v_rec_bal=0.458 | lr=1.0e-05 | 7.3s
  Fold 4 | Ep   4/50 | t_loss=0.1521 t_acc=0.670 | v_win_bal=0.516 v_rec_bal=0.458 | lr=1.0e-05 | 7.3s
  Fold 4 | Ep   5/50 | t_loss=0.1419 t_acc=0.713 | v_win_bal=0.534 v_rec_bal=0.542 | lr=1.0e-05 | 7.4s
  Fold 4 | Ep   6/50 | t_loss=0.1322 t_acc=0.745 | v_win_bal=0.486 v_rec_bal=0.542 | lr=9.9e-06 | 7.4s
  Fold 4 | Ep   7/50 | t_loss=0.1182 t_acc=0.786 | v_win_bal=0.469 v_rec_bal=0.333 | lr=9.8e-06 | 7.3s
  Fold 4 | Ep   8/50 | t_loss=0.1019 t_acc=0.823 | v_win_bal=0.462 v_rec_bal=0.542 | lr=9.7e-06 | 7.3s
  Fold 4 | Ep   9/50 | t_loss=0.0840 t_acc=0.866 | v_win_bal=0.442 v_rec_bal=0.375 | lr=9.6e-06 | 7.3s
  Fold 4 | Ep  10/50 | t_loss=0.0666 t_acc=0.899 | v_win_bal=0.440 v_rec_bal=0.375 | lr=9.5e-06 | 7.4s
  Fold 4 | Ep  11/50 | t_loss=0.0501 t_acc=0.929 | v_win_bal=0.417 v_rec_bal=0.375 | lr=9.3e-06 | 7.5s
  Fold 4 | Ep  12/50 | t_loss=0.0364 t_acc=0.952 | v_win_bal=0.438 v_rec_bal=0.458 | lr=9.1e-06 | 7.5s
  Fold 4 | Ep  13/50 | t_loss=0.0281 t_acc=0.966 | v_win_bal=0.418 v_rec_bal=0.417 | lr=8.9e-06 | 7.3s
  Fold 4 | Ep  14/50 | t_loss=0.0203 t_acc=0.974 | v_win_bal=0.425 v_rec_bal=0.375 | lr=8.7e-06 | 7.3s
  Fold 4 | Ep  15/50 | t_loss=0.0131 t_acc=0.987 | v_win_bal=0.419 v_rec_bal=0.375 | lr=8.5e-06 | 7.3s
  Fold 4 | Ep  16/50 | t_loss=0.0096 t_acc=0.989 | v_win_bal=0.424 v_rec_bal=0.333 | lr=8.2e-06 | 7.3s
  Fold 4 | Ep  17/50 | t_loss=0.0063 t_acc=0.993 | v_win_bal=0.437 v_rec_bal=0.417 | lr=8.0e-06 | 7.3s
  Fold 4 | Ep  18/50 | t_loss=0.0042 t_acc=0.995 | v_win_bal=0.426 v_rec_bal=0.417 | lr=7.7e-06 | 7.3s
  Fold 4 | Ep  19/50 | t_loss=0.0029 t_acc=0.997 | v_win_bal=0.434 v_rec_bal=0.500 | lr=7.4e-06 | 7.3s
  Fold 4 | Ep  20/50 | t_loss=0.0019 t_acc=0.999 | v_win_bal=0.438 v_rec_bal=0.542 | lr=7.1e-06 | 7.3s
  Fold 4 | Ep  21/50 | t_loss=0.0012 t_acc=0.999 | v_win_bal=0.428 v_rec_bal=0.333 | lr=6.8e-06 | 7.3s
  Early stop at epoch 21
  -> Test (best @ epoch 5): acc=0.7692, bal_acc=0.6167

============================================================
Fold 5/5
============================================================
  Train:  42 samples, 10 subjects [3, 6, 8, 10, 11, 12, 13, 14, 16, 18], label_0=35, label_1=7
    Val:  16 samples,  3 subjects [1, 4, 7], label_0=12, label_1=4
   Test:  12 samples,  4 subjects [2, 5, 9, 17], label_0=9, label_1=3
  Building window datasets...
    WindowDataset: 5719 windows (class_0=3040, class_1=2679)
    WindowDataset: 980 windows (class_0=751, class_1=229)
    WindowDataset: 863 windows (class_0=551, class_1=312)
[LaBraM] Loaded 221/223 params from weights/labram-base/model.safetensors
[LaBraM] Missing: ['fc_norm.weight', 'fc_norm.bias']
  Fold 5 | Ep   1/50 | t_loss=0.1770 t_acc=0.498 | v_win_bal=0.473 v_rec_bal=0.375 | lr=3.3e-06 | 7.2s
  Fold 5 | Ep   2/50 | t_loss=0.1709 t_acc=0.544 | v_win_bal=0.515 v_rec_bal=0.500 | lr=6.7e-06 | 7.2s
  Fold 5 | Ep   3/50 | t_loss=0.1640 t_acc=0.597 | v_win_bal=0.546 v_rec_bal=0.583 | lr=1.0e-05 | 7.2s
  Fold 5 | Ep   4/50 | t_loss=0.1566 t_acc=0.642 | v_win_bal=0.577 v_rec_bal=0.500 | lr=1.0e-05 | 7.2s
  Fold 5 | Ep   5/50 | t_loss=0.1495 t_acc=0.673 | v_win_bal=0.564 v_rec_bal=0.583 | lr=1.0e-05 | 7.2s
  Fold 5 | Ep   6/50 | t_loss=0.1416 t_acc=0.703 | v_win_bal=0.537 v_rec_bal=0.500 | lr=9.9e-06 | 7.2s
  Fold 5 | Ep   7/50 | t_loss=0.1324 t_acc=0.735 | v_win_bal=0.540 v_rec_bal=0.583 | lr=9.8e-06 | 7.4s
  Fold 5 | Ep   8/50 | t_loss=0.1159 t_acc=0.783 | v_win_bal=0.485 v_rec_bal=0.542 | lr=9.7e-06 | 7.2s
  Fold 5 | Ep   9/50 | t_loss=0.0941 t_acc=0.837 | v_win_bal=0.453 v_rec_bal=0.458 | lr=9.6e-06 | 7.2s
  Fold 5 | Ep  10/50 | t_loss=0.0739 t_acc=0.884 | v_win_bal=0.418 v_rec_bal=0.458 | lr=9.5e-06 | 7.3s
  Fold 5 | Ep  11/50 | t_loss=0.0557 t_acc=0.918 | v_win_bal=0.433 v_rec_bal=0.458 | lr=9.3e-06 | 7.2s
  Fold 5 | Ep  12/50 | t_loss=0.0433 t_acc=0.938 | v_win_bal=0.429 v_rec_bal=0.458 | lr=9.1e-06 | 7.3s
  Fold 5 | Ep  13/50 | t_loss=0.0301 t_acc=0.957 | v_win_bal=0.427 v_rec_bal=0.458 | lr=8.9e-06 | 7.5s
  Fold 5 | Ep  14/50 | t_loss=0.0197 t_acc=0.972 | v_win_bal=0.445 v_rec_bal=0.458 | lr=8.7e-06 | 7.5s
  Fold 5 | Ep  15/50 | t_loss=0.0151 t_acc=0.980 | v_win_bal=0.425 v_rec_bal=0.458 | lr=8.5e-06 | 7.3s
  Fold 5 | Ep  16/50 | t_loss=0.0094 t_acc=0.988 | v_win_bal=0.435 v_rec_bal=0.458 | lr=8.2e-06 | 7.2s
  Fold 5 | Ep  17/50 | t_loss=0.0066 t_acc=0.992 | v_win_bal=0.437 v_rec_bal=0.458 | lr=8.0e-06 | 7.2s
  Fold 5 | Ep  18/50 | t_loss=0.0037 t_acc=0.996 | v_win_bal=0.426 v_rec_bal=0.458 | lr=7.7e-06 | 7.2s
  Fold 5 | Ep  19/50 | t_loss=0.0022 t_acc=0.998 | v_win_bal=0.449 v_rec_bal=0.458 | lr=7.4e-06 | 7.2s
  Fold 5 | Ep  20/50 | t_loss=0.0015 t_acc=0.999 | v_win_bal=0.454 v_rec_bal=0.458 | lr=7.1e-06 | 7.3s
  Early stop at epoch 20
  -> Test (best @ epoch 3): acc=0.3333, bal_acc=0.3333

============================================================
Global Results (5-Fold, subject-level CV)
Mode: FT | Extractor: labram | Loss: focal
============================================================
              acc: 0.6286
          bal_acc: 0.4732
               f1: 0.6449
            kappa: -0.0484
  Total predictions: 70 (should equal dataset size: 70)

Results saved to results/lin_compare/perm_null/perm_s3/
