CMD: /raid/jupyter-linjimmy1003.md10/.conda/envs/stress/bin/python train_ft.py --mode ft --extractor labram --folds 5 --epochs 50 --patience 15 --lr 1e-5 --batch-size 32 --seed 42 --label dass --loss focal --head-hidden 128 --norm zscore --csv data/comprehensive_labels.csv --weight-decay 0.05 --grad-clip 2.0 --warmup-epochs 3 --encoder-lr-scale 0.1 --warmup-freeze-epochs 1 --aug-overlap 0.75 --llrd 1.0 --device cuda:6 --run-id lin_compare/perm_null/perm_s0 --permute-labels 0

/raid/jupyter-linjimmy1003.md10/.conda/envs/stress/lib/python3.11/site-packages/timm/models/layers/__init__.py:49: FutureWarning: Importing from timm.models.layers is deprecated, please import via timm.layers
  warnings.warn(f"Importing from {__name__} is deprecated, please import via timm.layers", FutureWarning)
Mode: FT | Extractor: labram | Folds: 5
LR: 1e-05 | WD: 0.05 | Beta2: 0.999 | Grad clip: 2.0
Head: hidden=128, dropout=0.0 | Norm: zscore | Loss: focal
Full FT: encoder_lr_scale=0.1
Augmentation: 75% overlap for increase class

Results → results/lin_compare/perm_null/perm_s0/
Dataset: 70 recordings loaded (14 increase, 56 normal)
Cache: 70 recordings ready (70 cached, 0 new)
[permute-labels] Shuffled labels with rng seed 0. Class balance preserved: 14 pos / 56 neg

============================================================
Fold 1/5
============================================================
  Train:  45 samples, 11 subjects [2, 3, 4, 6, 8, 9, 10, 11, 12, 13, 16], label_0=34, label_1=11
    Val:  13 samples,  3 subjects [1, 5, 14], label_0=11, label_1=2
   Test:  12 samples,  3 subjects [7, 17, 18], label_0=11, label_1=1
  Building window datasets...
    WindowDataset: 6093 windows (class_0=2990, class_1=3103)
    WindowDataset: 1055 windows (class_0=913, class_1=142)
    WindowDataset: 729 windows (class_0=667, class_1=62)
[LaBraM] Loaded 221/223 params from weights/labram-base/model.safetensors
[LaBraM] Missing: ['fc_norm.weight', 'fc_norm.bias']
  Trainable parameters: 5,872,179
  Class weights: [1.0188963413238525, 0.9817917943000793]
  Fold 1 | Ep   1/50 | t_loss=0.1870 t_acc=0.507 | v_win_bal=0.562 v_rec_bal=0.682 | lr=3.3e-06 | 9.8s
  Fold 1 | Ep   2/50 | t_loss=0.1688 t_acc=0.587 | v_win_bal=0.467 v_rec_bal=0.318 | lr=6.7e-06 | 8.1s
  Fold 1 | Ep   3/50 | t_loss=0.1631 t_acc=0.622 | v_win_bal=0.505 v_rec_bal=0.614 | lr=1.0e-05 | 7.7s
  Fold 1 | Ep   4/50 | t_loss=0.1559 t_acc=0.658 | v_win_bal=0.566 v_rec_bal=0.773 | lr=1.0e-05 | 7.7s
  Fold 1 | Ep   5/50 | t_loss=0.1448 t_acc=0.710 | v_win_bal=0.603 v_rec_bal=0.682 | lr=1.0e-05 | 7.7s
  Fold 1 | Ep   6/50 | t_loss=0.1305 t_acc=0.758 | v_win_bal=0.679 v_rec_bal=0.818 | lr=9.9e-06 | 7.7s
  Fold 1 | Ep   7/50 | t_loss=0.1154 t_acc=0.802 | v_win_bal=0.637 v_rec_bal=0.773 | lr=9.8e-06 | 7.7s
  Fold 1 | Ep   8/50 | t_loss=0.0992 t_acc=0.835 | v_win_bal=0.565 v_rec_bal=0.568 | lr=9.7e-06 | 7.6s
  Fold 1 | Ep   9/50 | t_loss=0.0842 t_acc=0.867 | v_win_bal=0.587 v_rec_bal=0.614 | lr=9.6e-06 | 7.7s
  Fold 1 | Ep  10/50 | t_loss=0.0725 t_acc=0.887 | v_win_bal=0.575 v_rec_bal=0.568 | lr=9.5e-06 | 7.6s
  Fold 1 | Ep  11/50 | t_loss=0.0611 t_acc=0.912 | v_win_bal=0.534 v_rec_bal=0.364 | lr=9.3e-06 | 7.7s
  Fold 1 | Ep  12/50 | t_loss=0.0525 t_acc=0.921 | v_win_bal=0.543 v_rec_bal=0.614 | lr=9.1e-06 | 7.6s
  Fold 1 | Ep  13/50 | t_loss=0.0426 t_acc=0.939 | v_win_bal=0.530 v_rec_bal=0.614 | lr=8.9e-06 | 7.7s
  Fold 1 | Ep  14/50 | t_loss=0.0359 t_acc=0.948 | v_win_bal=0.535 v_rec_bal=0.614 | lr=8.7e-06 | 7.7s
  Fold 1 | Ep  15/50 | t_loss=0.0286 t_acc=0.963 | v_win_bal=0.534 v_rec_bal=0.409 | lr=8.5e-06 | 7.6s
  Fold 1 | Ep  16/50 | t_loss=0.0233 t_acc=0.969 | v_win_bal=0.533 v_rec_bal=0.409 | lr=8.2e-06 | 7.6s
  Fold 1 | Ep  17/50 | t_loss=0.0191 t_acc=0.975 | v_win_bal=0.527 v_rec_bal=0.409 | lr=8.0e-06 | 7.7s
  Fold 1 | Ep  18/50 | t_loss=0.0148 t_acc=0.980 | v_win_bal=0.524 v_rec_bal=0.409 | lr=7.7e-06 | 7.6s
  Fold 1 | Ep  19/50 | t_loss=0.0132 t_acc=0.984 | v_win_bal=0.529 v_rec_bal=0.455 | lr=7.4e-06 | 7.8s
  Fold 1 | Ep  20/50 | t_loss=0.0112 t_acc=0.988 | v_win_bal=0.537 v_rec_bal=0.614 | lr=7.1e-06 | 7.7s
  Fold 1 | Ep  21/50 | t_loss=0.0105 t_acc=0.989 | v_win_bal=0.535 v_rec_bal=0.568 | lr=6.8e-06 | 7.7s
  Early stop at epoch 21
  -> Test (best @ epoch 6): acc=0.8333, bal_acc=0.4545

============================================================
Fold 2/5
============================================================
  Train:  40 samples, 10 subjects [4, 6, 9, 11, 12, 13, 14, 16, 17, 18], label_0=32, label_1=8
    Val:  17 samples,  4 subjects [1, 2, 3, 7], label_0=13, label_1=4
   Test:  13 samples,  3 subjects [5, 8, 10], label_0=11, label_1=2
  Building window datasets...
    WindowDataset: 5389 windows (class_0=3009, class_1=2380)
    WindowDataset: 1035 windows (class_0=790, class_1=245)
    WindowDataset: 913 windows (class_0=771, class_1=142)
[LaBraM] Loaded 221/223 params from weights/labram-base/model.safetensors
[LaBraM] Missing: ['fc_norm.weight', 'fc_norm.bias']
  Fold 2 | Ep   1/50 | t_loss=0.1829 t_acc=0.547 | v_win_bal=0.506 v_rec_bal=0.548 | lr=3.3e-06 | 7.2s
  Fold 2 | Ep   2/50 | t_loss=0.1693 t_acc=0.569 | v_win_bal=0.489 v_rec_bal=0.462 | lr=6.7e-06 | 6.9s
  Fold 2 | Ep   3/50 | t_loss=0.1619 t_acc=0.637 | v_win_bal=0.464 v_rec_bal=0.587 | lr=1.0e-05 | 7.0s
  Fold 2 | Ep   4/50 | t_loss=0.1521 t_acc=0.691 | v_win_bal=0.442 v_rec_bal=0.462 | lr=1.0e-05 | 7.0s
  Fold 2 | Ep   5/50 | t_loss=0.1389 t_acc=0.740 | v_win_bal=0.444 v_rec_bal=0.462 | lr=1.0e-05 | 7.0s
  Fold 2 | Ep   6/50 | t_loss=0.1189 t_acc=0.799 | v_win_bal=0.429 v_rec_bal=0.462 | lr=9.9e-06 | 7.0s
  Fold 2 | Ep   7/50 | t_loss=0.0942 t_acc=0.849 | v_win_bal=0.472 v_rec_bal=0.462 | lr=9.8e-06 | 7.0s
  Fold 2 | Ep   8/50 | t_loss=0.0708 t_acc=0.895 | v_win_bal=0.510 v_rec_bal=0.500 | lr=9.7e-06 | 7.0s
  Fold 2 | Ep   9/50 | t_loss=0.0541 t_acc=0.924 | v_win_bal=0.508 v_rec_bal=0.500 | lr=9.6e-06 | 7.0s
  Fold 2 | Ep  10/50 | t_loss=0.0427 t_acc=0.944 | v_win_bal=0.508 v_rec_bal=0.500 | lr=9.5e-06 | 7.0s
  Fold 2 | Ep  11/50 | t_loss=0.0321 t_acc=0.960 | v_win_bal=0.502 v_rec_bal=0.500 | lr=9.3e-06 | 7.0s
  Fold 2 | Ep  12/50 | t_loss=0.0229 t_acc=0.971 | v_win_bal=0.493 v_rec_bal=0.462 | lr=9.1e-06 | 7.0s
  Fold 2 | Ep  13/50 | t_loss=0.0160 t_acc=0.983 | v_win_bal=0.481 v_rec_bal=0.462 | lr=8.9e-06 | 7.0s
  Fold 2 | Ep  14/50 | t_loss=0.0107 t_acc=0.989 | v_win_bal=0.484 v_rec_bal=0.462 | lr=8.7e-06 | 7.0s
  Fold 2 | Ep  15/50 | t_loss=0.0083 t_acc=0.992 | v_win_bal=0.481 v_rec_bal=0.462 | lr=8.5e-06 | 7.0s
  Fold 2 | Ep  16/50 | t_loss=0.0048 t_acc=0.996 | v_win_bal=0.478 v_rec_bal=0.462 | lr=8.2e-06 | 7.0s
  Early stop at epoch 16
  -> Test (best @ epoch 3): acc=0.5385, bal_acc=0.3182

============================================================
Fold 3/5
============================================================
  Train:  38 samples,  9 subjects [4, 5, 7, 8, 9, 10, 13, 17, 18], label_0=32, label_1=6
    Val:  16 samples,  3 subjects [1, 3, 6], label_0=12, label_1=4
   Test:  16 samples,  5 subjects [2, 11, 12, 14, 16], label_0=12, label_1=4
  Building window datasets...
    WindowDataset: 3911 windows (class_0=2413, class_1=1498)
    WindowDataset: 984 windows (class_0=738, class_1=246)
    WindowDataset: 1782 windows (class_0=1419, class_1=363)
[LaBraM] Loaded 221/223 params from weights/labram-base/model.safetensors
[LaBraM] Missing: ['fc_norm.weight', 'fc_norm.bias']
  Fold 3 | Ep   1/50 | t_loss=0.1761 t_acc=0.587 | v_win_bal=0.516 v_rec_bal=0.542 | lr=3.3e-06 | 5.2s
  Fold 3 | Ep   2/50 | t_loss=0.1635 t_acc=0.620 | v_win_bal=0.544 v_rec_bal=0.667 | lr=6.7e-06 | 5.2s
  Fold 3 | Ep   3/50 | t_loss=0.1559 t_acc=0.657 | v_win_bal=0.551 v_rec_bal=0.667 | lr=1.0e-05 | 5.2s
  Fold 3 | Ep   4/50 | t_loss=0.1469 t_acc=0.692 | v_win_bal=0.476 v_rec_bal=0.292 | lr=1.0e-05 | 5.2s
  Fold 3 | Ep   5/50 | t_loss=0.1366 t_acc=0.731 | v_win_bal=0.522 v_rec_bal=0.417 | lr=1.0e-05 | 5.6s
  Fold 3 | Ep   6/50 | t_loss=0.1283 t_acc=0.749 | v_win_bal=0.558 v_rec_bal=0.542 | lr=9.9e-06 | 5.2s
  Fold 3 | Ep   7/50 | t_loss=0.1168 t_acc=0.787 | v_win_bal=0.539 v_rec_bal=0.458 | lr=9.8e-06 | 5.2s
  Fold 3 | Ep   8/50 | t_loss=0.1073 t_acc=0.811 | v_win_bal=0.541 v_rec_bal=0.458 | lr=9.7e-06 | 5.2s
  Fold 3 | Ep   9/50 | t_loss=0.0980 t_acc=0.829 | v_win_bal=0.529 v_rec_bal=0.500 | lr=9.6e-06 | 5.5s
  Fold 3 | Ep  10/50 | t_loss=0.0894 t_acc=0.853 | v_win_bal=0.534 v_rec_bal=0.583 | lr=9.5e-06 | 5.2s
  Fold 3 | Ep  11/50 | t_loss=0.0802 t_acc=0.871 | v_win_bal=0.508 v_rec_bal=0.500 | lr=9.3e-06 | 5.2s
  Fold 3 | Ep  12/50 | t_loss=0.0722 t_acc=0.891 | v_win_bal=0.528 v_rec_bal=0.542 | lr=9.1e-06 | 5.2s
  Fold 3 | Ep  13/50 | t_loss=0.0632 t_acc=0.900 | v_win_bal=0.503 v_rec_bal=0.500 | lr=8.9e-06 | 5.2s
  Fold 3 | Ep  14/50 | t_loss=0.0552 t_acc=0.921 | v_win_bal=0.505 v_rec_bal=0.500 | lr=8.7e-06 | 5.4s
  Fold 3 | Ep  15/50 | t_loss=0.0485 t_acc=0.932 | v_win_bal=0.497 v_rec_bal=0.500 | lr=8.5e-06 | 5.4s
  Fold 3 | Ep  16/50 | t_loss=0.0416 t_acc=0.942 | v_win_bal=0.484 v_rec_bal=0.458 | lr=8.2e-06 | 5.4s
  Fold 3 | Ep  17/50 | t_loss=0.0349 t_acc=0.953 | v_win_bal=0.496 v_rec_bal=0.500 | lr=8.0e-06 | 5.4s
  Fold 3 | Ep  18/50 | t_loss=0.0296 t_acc=0.962 | v_win_bal=0.486 v_rec_bal=0.458 | lr=7.7e-06 | 5.4s
  Early stop at epoch 18
  -> Test (best @ epoch 2): acc=0.3750, bal_acc=0.3333

============================================================
Fold 4/5
============================================================
  Train:  41 samples, 11 subjects [2, 3, 5, 8, 10, 11, 13, 14, 16, 17, 18], label_0=34, label_1=7
    Val:  16 samples,  3 subjects [1, 7, 12], label_0=12, label_1=4
   Test:  13 samples,  3 subjects [4, 6, 9], label_0=10, label_1=3
  Building window datasets...
    WindowDataset: 4641 windows (class_0=2862, class_1=1779)
    WindowDataset: 1340 windows (class_0=976, class_1=364)
    WindowDataset: 906 windows (class_0=732, class_1=174)
[LaBraM] Loaded 221/223 params from weights/labram-base/model.safetensors
[LaBraM] Missing: ['fc_norm.weight', 'fc_norm.bias']
  Fold 4 | Ep   1/50 | t_loss=0.1704 t_acc=0.506 | v_win_bal=0.453 v_rec_bal=0.458 | lr=3.3e-06 | 6.5s
  Fold 4 | Ep   2/50 | t_loss=0.1590 t_acc=0.652 | v_win_bal=0.459 v_rec_bal=0.458 | lr=6.7e-06 | 6.6s
  Fold 4 | Ep   3/50 | t_loss=0.1494 t_acc=0.691 | v_win_bal=0.468 v_rec_bal=0.458 | lr=1.0e-05 | 6.5s
  Fold 4 | Ep   4/50 | t_loss=0.1389 t_acc=0.730 | v_win_bal=0.448 v_rec_bal=0.458 | lr=1.0e-05 | 6.5s
  Fold 4 | Ep   5/50 | t_loss=0.1288 t_acc=0.759 | v_win_bal=0.437 v_rec_bal=0.417 | lr=1.0e-05 | 6.5s
  Fold 4 | Ep   6/50 | t_loss=0.1186 t_acc=0.792 | v_win_bal=0.434 v_rec_bal=0.458 | lr=9.9e-06 | 6.5s
  Fold 4 | Ep   7/50 | t_loss=0.1074 t_acc=0.817 | v_win_bal=0.438 v_rec_bal=0.458 | lr=9.8e-06 | 6.3s
  Fold 4 | Ep   8/50 | t_loss=0.0963 t_acc=0.841 | v_win_bal=0.462 v_rec_bal=0.500 | lr=9.7e-06 | 6.3s
  Fold 4 | Ep   9/50 | t_loss=0.0853 t_acc=0.861 | v_win_bal=0.480 v_rec_bal=0.500 | lr=9.6e-06 | 6.3s
  Fold 4 | Ep  10/50 | t_loss=0.0745 t_acc=0.878 | v_win_bal=0.482 v_rec_bal=0.500 | lr=9.5e-06 | 6.3s
  Fold 4 | Ep  11/50 | t_loss=0.0659 t_acc=0.892 | v_win_bal=0.499 v_rec_bal=0.500 | lr=9.3e-06 | 6.3s
  Fold 4 | Ep  12/50 | t_loss=0.0597 t_acc=0.901 | v_win_bal=0.493 v_rec_bal=0.500 | lr=9.1e-06 | 6.3s
  Fold 4 | Ep  13/50 | t_loss=0.0501 t_acc=0.921 | v_win_bal=0.503 v_rec_bal=0.500 | lr=8.9e-06 | 6.5s
  Fold 4 | Ep  14/50 | t_loss=0.0438 t_acc=0.934 | v_win_bal=0.499 v_rec_bal=0.500 | lr=8.7e-06 | 6.3s
  Fold 4 | Ep  15/50 | t_loss=0.0372 t_acc=0.948 | v_win_bal=0.504 v_rec_bal=0.500 | lr=8.5e-06 | 6.3s
  Fold 4 | Ep  16/50 | t_loss=0.0312 t_acc=0.955 | v_win_bal=0.501 v_rec_bal=0.500 | lr=8.2e-06 | 6.3s
  Fold 4 | Ep  17/50 | t_loss=0.0249 t_acc=0.966 | v_win_bal=0.515 v_rec_bal=0.500 | lr=8.0e-06 | 6.3s
  Fold 4 | Ep  18/50 | t_loss=0.0234 t_acc=0.970 | v_win_bal=0.509 v_rec_bal=0.500 | lr=7.7e-06 | 6.3s
  Fold 4 | Ep  19/50 | t_loss=0.0173 t_acc=0.980 | v_win_bal=0.504 v_rec_bal=0.500 | lr=7.4e-06 | 6.3s
  Fold 4 | Ep  20/50 | t_loss=0.0135 t_acc=0.986 | v_win_bal=0.514 v_rec_bal=0.500 | lr=7.1e-06 | 6.3s
  Fold 4 | Ep  21/50 | t_loss=0.0109 t_acc=0.988 | v_win_bal=0.508 v_rec_bal=0.500 | lr=6.8e-06 | 6.3s
  Fold 4 | Ep  22/50 | t_loss=0.0090 t_acc=0.990 | v_win_bal=0.507 v_rec_bal=0.500 | lr=6.5e-06 | 6.3s
  Fold 4 | Ep  23/50 | t_loss=0.0076 t_acc=0.993 | v_win_bal=0.516 v_rec_bal=0.500 | lr=6.2e-06 | 6.3s
  Fold 4 | Ep  24/50 | t_loss=0.0062 t_acc=0.994 | v_win_bal=0.519 v_rec_bal=0.500 | lr=5.8e-06 | 6.3s
  Fold 4 | Ep  25/50 | t_loss=0.0049 t_acc=0.995 | v_win_bal=0.511 v_rec_bal=0.500 | lr=5.5e-06 | 6.3s
  Early stop at epoch 25
  -> Test (best @ epoch 8): acc=0.7692, bal_acc=0.5000

============================================================
Fold 5/5
============================================================
  Train:  41 samples, 11 subjects [2, 4, 6, 7, 9, 11, 12, 14, 16, 17, 18], label_0=33, label_1=8
    Val:  13 samples,  3 subjects [5, 8, 10], label_0=11, label_1=2
   Test:  16 samples,  3 subjects [1, 3, 13], label_0=12, label_1=4
  Building window datasets...
    WindowDataset: 5190 windows (class_0=2818, class_1=2372)
    WindowDataset: 913 windows (class_0=771, class_1=142)
    WindowDataset: 1228 windows (class_0=981, class_1=247)
[LaBraM] Loaded 221/223 params from weights/labram-base/model.safetensors
[LaBraM] Missing: ['fc_norm.weight', 'fc_norm.bias']
  Fold 5 | Ep   1/50 | t_loss=0.1760 t_acc=0.501 | v_win_bal=0.547 v_rec_bal=0.682 | lr=3.3e-06 | 6.7s
  Fold 5 | Ep   2/50 | t_loss=0.1676 t_acc=0.593 | v_win_bal=0.461 v_rec_bal=0.318 | lr=6.7e-06 | 6.7s
  Fold 5 | Ep   3/50 | t_loss=0.1597 t_acc=0.647 | v_win_bal=0.417 v_rec_bal=0.364 | lr=1.0e-05 | 6.7s
  Fold 5 | Ep   4/50 | t_loss=0.1522 t_acc=0.678 | v_win_bal=0.418 v_rec_bal=0.409 | lr=1.0e-05 | 6.7s
  Fold 5 | Ep   5/50 | t_loss=0.1445 t_acc=0.712 | v_win_bal=0.503 v_rec_bal=0.318 | lr=1.0e-05 | 6.7s
  Fold 5 | Ep   6/50 | t_loss=0.1289 t_acc=0.766 | v_win_bal=0.518 v_rec_bal=0.568 | lr=9.9e-06 | 6.7s
  Fold 5 | Ep   7/50 | t_loss=0.1085 t_acc=0.816 | v_win_bal=0.587 v_rec_bal=0.432 | lr=9.8e-06 | 6.7s
  Fold 5 | Ep   8/50 | t_loss=0.0876 t_acc=0.861 | v_win_bal=0.595 v_rec_bal=0.477 | lr=9.7e-06 | 6.7s
  Fold 5 | Ep   9/50 | t_loss=0.0664 t_acc=0.900 | v_win_bal=0.593 v_rec_bal=0.477 | lr=9.6e-06 | 6.7s
  Fold 5 | Ep  10/50 | t_loss=0.0510 t_acc=0.926 | v_win_bal=0.583 v_rec_bal=0.477 | lr=9.5e-06 | 6.7s
  Fold 5 | Ep  11/50 | t_loss=0.0380 t_acc=0.946 | v_win_bal=0.568 v_rec_bal=0.568 | lr=9.3e-06 | 6.9s
  Fold 5 | Ep  12/50 | t_loss=0.0275 t_acc=0.963 | v_win_bal=0.593 v_rec_bal=0.523 | lr=9.1e-06 | 6.9s
  Fold 5 | Ep  13/50 | t_loss=0.0195 t_acc=0.976 | v_win_bal=0.604 v_rec_bal=0.477 | lr=8.9e-06 | 6.7s
  Fold 5 | Ep  14/50 | t_loss=0.0147 t_acc=0.985 | v_win_bal=0.593 v_rec_bal=0.523 | lr=8.7e-06 | 6.8s
  Fold 5 | Ep  15/50 | t_loss=0.0096 t_acc=0.989 | v_win_bal=0.567 v_rec_bal=0.523 | lr=8.5e-06 | 6.7s
  Fold 5 | Ep  16/50 | t_loss=0.0063 t_acc=0.994 | v_win_bal=0.579 v_rec_bal=0.523 | lr=8.2e-06 | 6.7s
  Early stop at epoch 16
  -> Test (best @ epoch 1): acc=0.6250, bal_acc=0.6667

============================================================
Global Results (5-Fold, subject-level CV)
Mode: FT | Extractor: labram | Loss: focal
============================================================
              acc: 0.6143
          bal_acc: 0.4911
               f1: 0.6400
            kappa: -0.0150
  Total predictions: 70 (should equal dataset size: 70)

Results saved to results/lin_compare/perm_null/perm_s0/
