CMD: /raid/jupyter-linjimmy1003.md10/.conda/envs/stress/bin/python train_ft.py --mode ft --extractor labram --folds 5 --epochs 50 --patience 15 --lr 1e-5 --batch-size 32 --seed 42 --label dass --loss focal --head-hidden 128 --norm zscore --csv data/comprehensive_labels.csv --weight-decay 0.05 --grad-clip 2.0 --warmup-epochs 3 --encoder-lr-scale 0.1 --warmup-freeze-epochs 1 --aug-overlap 0.75 --llrd 1.0 --device cuda:6 --run-id lin_compare/perm_null/perm_s6 --permute-labels 6

/raid/jupyter-linjimmy1003.md10/.conda/envs/stress/lib/python3.11/site-packages/timm/models/layers/__init__.py:49: FutureWarning: Importing from timm.models.layers is deprecated, please import via timm.layers
  warnings.warn(f"Importing from {__name__} is deprecated, please import via timm.layers", FutureWarning)
Mode: FT | Extractor: labram | Folds: 5
LR: 1e-05 | WD: 0.05 | Beta2: 0.999 | Grad clip: 2.0
Head: hidden=128, dropout=0.0 | Norm: zscore | Loss: focal
Full FT: encoder_lr_scale=0.1
Augmentation: 75% overlap for increase class

Results → results/lin_compare/perm_null/perm_s6/
Dataset: 70 recordings loaded (14 increase, 56 normal)
Cache: 70 recordings ready (70 cached, 0 new)
[permute-labels] Shuffled labels with rng seed 6. Class balance preserved: 14 pos / 56 neg

============================================================
Fold 1/5
============================================================
  Train:  39 samples, 10 subjects [1, 2, 3, 6, 9, 11, 12, 13, 14, 16], label_0=30, label_1=9
    Val:  15 samples,  3 subjects [5, 7, 8], label_0=13, label_1=2
   Test:  16 samples,  4 subjects [4, 10, 17, 18], label_0=13, label_1=3
  Building window datasets...
    WindowDataset: 5931 windows (class_0=2742, class_1=3189)
    WindowDataset: 944 windows (class_0=807, class_1=137)
    WindowDataset: 1068 windows (class_0=882, class_1=186)
[LaBraM] Loaded 221/223 params from weights/labram-base/model.safetensors
[LaBraM] Missing: ['fc_norm.weight', 'fc_norm.bias']
  Trainable parameters: 5,872,179
  Class weights: [1.0815098285675049, 0.9299153089523315]
  Fold 1 | Ep   1/50 | t_loss=0.1810 t_acc=0.522 | v_win_bal=0.625 v_rec_bal=0.635 | lr=3.3e-06 | 9.7s
  Fold 1 | Ep   2/50 | t_loss=0.1602 t_acc=0.630 | v_win_bal=0.684 v_rec_bal=0.846 | lr=6.7e-06 | 7.4s
  Fold 1 | Ep   3/50 | t_loss=0.1504 t_acc=0.677 | v_win_bal=0.664 v_rec_bal=0.519 | lr=1.0e-05 | 7.5s
  Fold 1 | Ep   4/50 | t_loss=0.1378 t_acc=0.720 | v_win_bal=0.594 v_rec_bal=0.673 | lr=1.0e-05 | 7.4s
  Fold 1 | Ep   5/50 | t_loss=0.1232 t_acc=0.766 | v_win_bal=0.592 v_rec_bal=0.385 | lr=1.0e-05 | 7.4s
  Fold 1 | Ep   6/50 | t_loss=0.1059 t_acc=0.814 | v_win_bal=0.666 v_rec_bal=0.808 | lr=9.9e-06 | 7.4s
  Fold 1 | Ep   7/50 | t_loss=0.0905 t_acc=0.846 | v_win_bal=0.648 v_rec_bal=0.846 | lr=9.8e-06 | 7.6s
  Fold 1 | Ep   8/50 | t_loss=0.0773 t_acc=0.874 | v_win_bal=0.643 v_rec_bal=0.635 | lr=9.7e-06 | 7.4s
  Fold 1 | Ep   9/50 | t_loss=0.0655 t_acc=0.902 | v_win_bal=0.588 v_rec_bal=0.500 | lr=9.6e-06 | 7.4s
  Fold 1 | Ep  10/50 | t_loss=0.0547 t_acc=0.917 | v_win_bal=0.580 v_rec_bal=0.500 | lr=9.5e-06 | 7.4s
  Fold 1 | Ep  11/50 | t_loss=0.0450 t_acc=0.933 | v_win_bal=0.657 v_rec_bal=0.923 | lr=9.3e-06 | 7.4s
  Fold 1 | Ep  12/50 | t_loss=0.0373 t_acc=0.948 | v_win_bal=0.651 v_rec_bal=0.750 | lr=9.1e-06 | 7.3s
  Fold 1 | Ep  13/50 | t_loss=0.0291 t_acc=0.960 | v_win_bal=0.651 v_rec_bal=0.712 | lr=8.9e-06 | 7.4s
  Fold 1 | Ep  14/50 | t_loss=0.0243 t_acc=0.967 | v_win_bal=0.646 v_rec_bal=0.462 | lr=8.7e-06 | 7.3s
  Fold 1 | Ep  15/50 | t_loss=0.0190 t_acc=0.976 | v_win_bal=0.616 v_rec_bal=0.500 | lr=8.5e-06 | 7.4s
  Fold 1 | Ep  16/50 | t_loss=0.0145 t_acc=0.982 | v_win_bal=0.596 v_rec_bal=0.500 | lr=8.2e-06 | 7.3s
  Fold 1 | Ep  17/50 | t_loss=0.0123 t_acc=0.988 | v_win_bal=0.622 v_rec_bal=0.500 | lr=8.0e-06 | 7.4s
  Fold 1 | Ep  18/50 | t_loss=0.0089 t_acc=0.993 | v_win_bal=0.631 v_rec_bal=0.462 | lr=7.7e-06 | 7.4s
  Fold 1 | Ep  19/50 | t_loss=0.0072 t_acc=0.993 | v_win_bal=0.651 v_rec_bal=0.462 | lr=7.4e-06 | 7.3s
  Fold 1 | Ep  20/50 | t_loss=0.0053 t_acc=0.996 | v_win_bal=0.618 v_rec_bal=0.462 | lr=7.1e-06 | 7.4s
  Fold 1 | Ep  21/50 | t_loss=0.0042 t_acc=0.996 | v_win_bal=0.640 v_rec_bal=0.462 | lr=6.8e-06 | 7.3s
  Fold 1 | Ep  22/50 | t_loss=0.0029 t_acc=0.998 | v_win_bal=0.605 v_rec_bal=0.500 | lr=6.5e-06 | 7.3s
  Fold 1 | Ep  23/50 | t_loss=0.0025 t_acc=0.998 | v_win_bal=0.589 v_rec_bal=0.500 | lr=6.2e-06 | 7.3s
  Fold 1 | Ep  24/50 | t_loss=0.0021 t_acc=0.999 | v_win_bal=0.602 v_rec_bal=0.462 | lr=5.8e-06 | 7.4s
  Fold 1 | Ep  25/50 | t_loss=0.0018 t_acc=0.999 | v_win_bal=0.637 v_rec_bal=0.462 | lr=5.5e-06 | 7.3s
  Fold 1 | Ep  26/50 | t_loss=0.0016 t_acc=0.999 | v_win_bal=0.642 v_rec_bal=0.462 | lr=5.2e-06 | 7.3s
  Fold 1 | Ep  27/50 | t_loss=0.0013 t_acc=0.999 | v_win_bal=0.637 v_rec_bal=0.462 | lr=4.8e-06 | 7.3s
  Fold 1 | Ep  28/50 | t_loss=0.0013 t_acc=0.999 | v_win_bal=0.630 v_rec_bal=0.462 | lr=4.5e-06 | 7.5s
  Early stop at epoch 28
  -> Test (best @ epoch 11): acc=0.2500, bal_acc=0.1538

============================================================
Fold 2/5
============================================================
  Train:  41 samples, 11 subjects [1, 2, 3, 6, 7, 10, 12, 14, 16, 17, 18], label_0=32, label_1=9
    Val:  14 samples,  3 subjects [4, 5, 9], label_0=11, label_1=3
   Test:  15 samples,  3 subjects [8, 11, 13], label_0=13, label_1=2
  Building window datasets...
    WindowDataset: 4835 windows (class_0=2614, class_1=2221)
    WindowDataset: 992 windows (class_0=677, class_1=315)
    WindowDataset: 1390 windows (class_0=1140, class_1=250)
[LaBraM] Loaded 221/223 params from weights/labram-base/model.safetensors
[LaBraM] Missing: ['fc_norm.weight', 'fc_norm.bias']
  Fold 2 | Ep   1/50 | t_loss=0.1956 t_acc=0.538 | v_win_bal=0.428 v_rec_bal=0.227 | lr=3.3e-06 | 6.2s
  Fold 2 | Ep   2/50 | t_loss=0.1723 t_acc=0.532 | v_win_bal=0.403 v_rec_bal=0.227 | lr=6.7e-06 | 6.2s
  Fold 2 | Ep   3/50 | t_loss=0.1680 t_acc=0.595 | v_win_bal=0.392 v_rec_bal=0.379 | lr=1.0e-05 | 6.2s
  Fold 2 | Ep   4/50 | t_loss=0.1622 t_acc=0.631 | v_win_bal=0.392 v_rec_bal=0.348 | lr=1.0e-05 | 6.2s
  Fold 2 | Ep   5/50 | t_loss=0.1553 t_acc=0.665 | v_win_bal=0.380 v_rec_bal=0.182 | lr=1.0e-05 | 6.2s
  Fold 2 | Ep   6/50 | t_loss=0.1466 t_acc=0.698 | v_win_bal=0.403 v_rec_bal=0.348 | lr=9.9e-06 | 6.3s
  Fold 2 | Ep   7/50 | t_loss=0.1375 t_acc=0.730 | v_win_bal=0.343 v_rec_bal=0.182 | lr=9.8e-06 | 6.2s
  Fold 2 | Ep   8/50 | t_loss=0.1268 t_acc=0.759 | v_win_bal=0.334 v_rec_bal=0.182 | lr=9.7e-06 | 6.2s
  Fold 2 | Ep   9/50 | t_loss=0.1161 t_acc=0.788 | v_win_bal=0.394 v_rec_bal=0.318 | lr=9.6e-06 | 6.2s
  Fold 2 | Ep  10/50 | t_loss=0.1026 t_acc=0.821 | v_win_bal=0.368 v_rec_bal=0.318 | lr=9.5e-06 | 6.2s
  Fold 2 | Ep  11/50 | t_loss=0.0910 t_acc=0.849 | v_win_bal=0.378 v_rec_bal=0.318 | lr=9.3e-06 | 6.2s
  Fold 2 | Ep  12/50 | t_loss=0.0806 t_acc=0.867 | v_win_bal=0.379 v_rec_bal=0.318 | lr=9.1e-06 | 6.5s
  Fold 2 | Ep  13/50 | t_loss=0.0702 t_acc=0.887 | v_win_bal=0.391 v_rec_bal=0.318 | lr=8.9e-06 | 6.2s
  Fold 2 | Ep  14/50 | t_loss=0.0616 t_acc=0.903 | v_win_bal=0.386 v_rec_bal=0.318 | lr=8.7e-06 | 6.2s
  Fold 2 | Ep  15/50 | t_loss=0.0541 t_acc=0.915 | v_win_bal=0.403 v_rec_bal=0.318 | lr=8.5e-06 | 6.2s
  Fold 2 | Ep  16/50 | t_loss=0.0465 t_acc=0.930 | v_win_bal=0.395 v_rec_bal=0.318 | lr=8.2e-06 | 6.2s
  Fold 2 | Ep  17/50 | t_loss=0.0404 t_acc=0.940 | v_win_bal=0.394 v_rec_bal=0.318 | lr=8.0e-06 | 6.2s
  Fold 2 | Ep  18/50 | t_loss=0.0342 t_acc=0.949 | v_win_bal=0.404 v_rec_bal=0.364 | lr=7.7e-06 | 6.2s
  Fold 2 | Ep  19/50 | t_loss=0.0291 t_acc=0.959 | v_win_bal=0.400 v_rec_bal=0.318 | lr=7.4e-06 | 6.2s
  Fold 2 | Ep  20/50 | t_loss=0.0248 t_acc=0.968 | v_win_bal=0.396 v_rec_bal=0.318 | lr=7.1e-06 | 6.2s
  Fold 2 | Ep  21/50 | t_loss=0.0213 t_acc=0.972 | v_win_bal=0.411 v_rec_bal=0.364 | lr=6.8e-06 | 6.2s
  Fold 2 | Ep  22/50 | t_loss=0.0169 t_acc=0.980 | v_win_bal=0.374 v_rec_bal=0.318 | lr=6.5e-06 | 6.2s
  Fold 2 | Ep  23/50 | t_loss=0.0137 t_acc=0.984 | v_win_bal=0.387 v_rec_bal=0.364 | lr=6.2e-06 | 6.3s
  Fold 2 | Ep  24/50 | t_loss=0.0117 t_acc=0.987 | v_win_bal=0.385 v_rec_bal=0.273 | lr=5.8e-06 | 6.4s
  Fold 2 | Ep  25/50 | t_loss=0.0093 t_acc=0.992 | v_win_bal=0.404 v_rec_bal=0.364 | lr=5.5e-06 | 6.2s
  Fold 2 | Ep  26/50 | t_loss=0.0071 t_acc=0.992 | v_win_bal=0.378 v_rec_bal=0.318 | lr=5.2e-06 | 6.2s
  Fold 2 | Ep  27/50 | t_loss=0.0062 t_acc=0.994 | v_win_bal=0.385 v_rec_bal=0.318 | lr=4.8e-06 | 6.2s
  Fold 2 | Ep  28/50 | t_loss=0.0051 t_acc=0.996 | v_win_bal=0.391 v_rec_bal=0.364 | lr=4.5e-06 | 6.4s
  Fold 2 | Ep  29/50 | t_loss=0.0038 t_acc=0.997 | v_win_bal=0.387 v_rec_bal=0.318 | lr=4.2e-06 | 6.2s
  Fold 2 | Ep  30/50 | t_loss=0.0033 t_acc=0.997 | v_win_bal=0.397 v_rec_bal=0.318 | lr=3.8e-06 | 6.2s
  Fold 2 | Ep  31/50 | t_loss=0.0028 t_acc=0.998 | v_win_bal=0.382 v_rec_bal=0.273 | lr=3.5e-06 | 6.2s
  Fold 2 | Ep  32/50 | t_loss=0.0023 t_acc=0.998 | v_win_bal=0.411 v_rec_bal=0.409 | lr=3.2e-06 | 6.2s
  Fold 2 | Ep  33/50 | t_loss=0.0019 t_acc=0.998 | v_win_bal=0.391 v_rec_bal=0.318 | lr=2.9e-06 | 6.2s
  Fold 2 | Ep  34/50 | t_loss=0.0015 t_acc=0.999 | v_win_bal=0.403 v_rec_bal=0.364 | lr=2.6e-06 | 6.2s
  Fold 2 | Ep  35/50 | t_loss=0.0016 t_acc=0.999 | v_win_bal=0.401 v_rec_bal=0.364 | lr=2.3e-06 | 6.2s
  Fold 2 | Ep  36/50 | t_loss=0.0013 t_acc=0.999 | v_win_bal=0.393 v_rec_bal=0.318 | lr=2.0e-06 | 6.2s
  Fold 2 | Ep  37/50 | t_loss=0.0011 t_acc=0.999 | v_win_bal=0.391 v_rec_bal=0.318 | lr=1.8e-06 | 6.2s
  Fold 2 | Ep  38/50 | t_loss=0.0010 t_acc=0.999 | v_win_bal=0.415 v_rec_bal=0.409 | lr=1.5e-06 | 6.2s
  Fold 2 | Ep  39/50 | t_loss=0.0010 t_acc=0.999 | v_win_bal=0.397 v_rec_bal=0.364 | lr=1.3e-06 | 6.2s
  Fold 2 | Ep  40/50 | t_loss=0.0009 t_acc=1.000 | v_win_bal=0.398 v_rec_bal=0.364 | lr=1.1e-06 | 6.2s
  Fold 2 | Ep  41/50 | t_loss=0.0009 t_acc=1.000 | v_win_bal=0.399 v_rec_bal=0.364 | lr=8.8e-07 | 6.2s
  Fold 2 | Ep  42/50 | t_loss=0.0007 t_acc=1.000 | v_win_bal=0.396 v_rec_bal=0.409 | lr=7.0e-07 | 6.2s
  Fold 2 | Ep  43/50 | t_loss=0.0007 t_acc=1.000 | v_win_bal=0.392 v_rec_bal=0.364 | lr=5.4e-07 | 6.2s
  Fold 2 | Ep  44/50 | t_loss=0.0007 t_acc=1.000 | v_win_bal=0.396 v_rec_bal=0.364 | lr=4.0e-07 | 6.2s
  Fold 2 | Ep  45/50 | t_loss=0.0007 t_acc=1.000 | v_win_bal=0.396 v_rec_bal=0.364 | lr=2.8e-07 | 6.2s
  Fold 2 | Ep  46/50 | t_loss=0.0008 t_acc=1.000 | v_win_bal=0.400 v_rec_bal=0.364 | lr=1.8e-07 | 6.2s
  Fold 2 | Ep  47/50 | t_loss=0.0006 t_acc=1.000 | v_win_bal=0.399 v_rec_bal=0.364 | lr=1.0e-07 | 6.2s
  Fold 2 | Ep  48/50 | t_loss=0.0007 t_acc=1.000 | v_win_bal=0.401 v_rec_bal=0.364 | lr=1.0e-07 | 6.2s
  Fold 2 | Ep  49/50 | t_loss=0.0007 t_acc=1.000 | v_win_bal=0.397 v_rec_bal=0.409 | lr=1.0e-07 | 6.3s
  Fold 2 | Ep  50/50 | t_loss=0.0007 t_acc=1.000 | v_win_bal=0.404 v_rec_bal=0.364 | lr=1.0e-07 | 6.3s
  -> Test (best @ epoch 32): acc=0.8667, bal_acc=0.5000

============================================================
Fold 3/5
============================================================
  Train:  43 samples, 11 subjects [1, 2, 3, 6, 8, 10, 12, 13, 16, 17, 18], label_0=34, label_1=9
    Val:  12 samples,  2 subjects [4, 11], label_0=10, label_1=2
   Test:  15 samples,  4 subjects [5, 7, 9, 14], label_0=12, label_1=3
  Building window datasets...
    WindowDataset: 4996 windows (class_0=2775, class_1=2221)
    WindowDataset: 951 windows (class_0=701, class_1=250)
    WindowDataset: 1270 windows (class_0=955, class_1=315)
[LaBraM] Loaded 221/223 params from weights/labram-base/model.safetensors
[LaBraM] Missing: ['fc_norm.weight', 'fc_norm.bias']
  Fold 3 | Ep   1/50 | t_loss=0.1747 t_acc=0.526 | v_win_bal=0.450 v_rec_bal=0.500 | lr=3.3e-06 | 6.6s
  Fold 3 | Ep   2/50 | t_loss=0.1707 t_acc=0.562 | v_win_bal=0.446 v_rec_bal=0.500 | lr=6.7e-06 | 6.6s
  Fold 3 | Ep   3/50 | t_loss=0.1643 t_acc=0.625 | v_win_bal=0.381 v_rec_bal=0.500 | lr=1.0e-05 | 6.6s
  Fold 3 | Ep   4/50 | t_loss=0.1549 t_acc=0.666 | v_win_bal=0.316 v_rec_bal=0.050 | lr=1.0e-05 | 6.6s
  Fold 3 | Ep   5/50 | t_loss=0.1453 t_acc=0.696 | v_win_bal=0.292 v_rec_bal=0.000 | lr=1.0e-05 | 6.9s
  Fold 3 | Ep   6/50 | t_loss=0.1350 t_acc=0.725 | v_win_bal=0.259 v_rec_bal=0.050 | lr=9.9e-06 | 6.6s
  Fold 3 | Ep   7/50 | t_loss=0.1251 t_acc=0.755 | v_win_bal=0.244 v_rec_bal=0.000 | lr=9.8e-06 | 6.7s
  Fold 3 | Ep   8/50 | t_loss=0.1151 t_acc=0.781 | v_win_bal=0.295 v_rec_bal=0.200 | lr=9.7e-06 | 6.4s
  Fold 3 | Ep   9/50 | t_loss=0.1049 t_acc=0.808 | v_win_bal=0.249 v_rec_bal=0.100 | lr=9.6e-06 | 6.4s
  Fold 3 | Ep  10/50 | t_loss=0.0954 t_acc=0.830 | v_win_bal=0.270 v_rec_bal=0.150 | lr=9.5e-06 | 6.4s
  Fold 3 | Ep  11/50 | t_loss=0.0853 t_acc=0.848 | v_win_bal=0.296 v_rec_bal=0.300 | lr=9.3e-06 | 6.3s
  Fold 3 | Ep  12/50 | t_loss=0.0757 t_acc=0.869 | v_win_bal=0.278 v_rec_bal=0.200 | lr=9.1e-06 | 6.3s
  Fold 3 | Ep  13/50 | t_loss=0.0685 t_acc=0.889 | v_win_bal=0.335 v_rec_bal=0.350 | lr=8.9e-06 | 6.4s
  Fold 3 | Ep  14/50 | t_loss=0.0615 t_acc=0.902 | v_win_bal=0.321 v_rec_bal=0.350 | lr=8.7e-06 | 6.3s
  Fold 3 | Ep  15/50 | t_loss=0.0525 t_acc=0.914 | v_win_bal=0.310 v_rec_bal=0.350 | lr=8.5e-06 | 6.3s
  Fold 3 | Ep  16/50 | t_loss=0.0485 t_acc=0.923 | v_win_bal=0.362 v_rec_bal=0.400 | lr=8.2e-06 | 6.4s
  Early stop at epoch 16
  -> Test (best @ epoch 1): acc=0.3333, bal_acc=0.4583

============================================================
Fold 4/5
============================================================
  Train:  44 samples, 11 subjects [1, 3, 7, 8, 9, 10, 11, 13, 16, 17, 18], label_0=35, label_1=9
    Val:  14 samples,  3 subjects [4, 5, 14], label_0=12, label_1=2
   Test:  12 samples,  3 subjects [2, 6, 12], label_0=9, label_1=3
  Building window datasets...
    WindowDataset: 5753 windows (class_0=2564, class_1=3189)
    WindowDataset: 1108 windows (class_0=971, class_1=137)
    WindowDataset: 1082 windows (class_0=896, class_1=186)
[LaBraM] Loaded 221/223 params from weights/labram-base/model.safetensors
[LaBraM] Missing: ['fc_norm.weight', 'fc_norm.bias']
  Fold 4 | Ep   1/50 | t_loss=0.1786 t_acc=0.501 | v_win_bal=0.638 v_rec_bal=0.667 | lr=3.3e-06 | 7.4s
  Fold 4 | Ep   2/50 | t_loss=0.1686 t_acc=0.581 | v_win_bal=0.546 v_rec_bal=0.583 | lr=6.7e-06 | 7.4s
  Fold 4 | Ep   3/50 | t_loss=0.1598 t_acc=0.624 | v_win_bal=0.466 v_rec_bal=0.333 | lr=1.0e-05 | 7.3s
  Fold 4 | Ep   4/50 | t_loss=0.1513 t_acc=0.663 | v_win_bal=0.391 v_rec_bal=0.292 | lr=1.0e-05 | 7.4s
  Fold 4 | Ep   5/50 | t_loss=0.1411 t_acc=0.702 | v_win_bal=0.433 v_rec_bal=0.500 | lr=1.0e-05 | 7.3s
  Fold 4 | Ep   6/50 | t_loss=0.1294 t_acc=0.754 | v_win_bal=0.454 v_rec_bal=0.250 | lr=9.9e-06 | 7.3s
  Fold 4 | Ep   7/50 | t_loss=0.1179 t_acc=0.793 | v_win_bal=0.462 v_rec_bal=0.250 | lr=9.8e-06 | 7.4s
  Fold 4 | Ep   8/50 | t_loss=0.1066 t_acc=0.820 | v_win_bal=0.507 v_rec_bal=0.500 | lr=9.7e-06 | 7.3s
  Fold 4 | Ep   9/50 | t_loss=0.0933 t_acc=0.853 | v_win_bal=0.573 v_rec_bal=0.458 | lr=9.6e-06 | 7.3s
  Fold 4 | Ep  10/50 | t_loss=0.0811 t_acc=0.878 | v_win_bal=0.611 v_rec_bal=0.542 | lr=9.5e-06 | 7.3s
  Fold 4 | Ep  11/50 | t_loss=0.0674 t_acc=0.905 | v_win_bal=0.624 v_rec_bal=0.792 | lr=9.3e-06 | 7.3s
  Fold 4 | Ep  12/50 | t_loss=0.0558 t_acc=0.923 | v_win_bal=0.633 v_rec_bal=0.833 | lr=9.1e-06 | 7.4s
  Fold 4 | Ep  13/50 | t_loss=0.0453 t_acc=0.940 | v_win_bal=0.670 v_rec_bal=0.667 | lr=8.9e-06 | 7.3s
  Fold 4 | Ep  14/50 | t_loss=0.0365 t_acc=0.954 | v_win_bal=0.624 v_rec_bal=0.833 | lr=8.7e-06 | 7.3s
  Fold 4 | Ep  15/50 | t_loss=0.0293 t_acc=0.965 | v_win_bal=0.638 v_rec_bal=0.792 | lr=8.5e-06 | 7.3s
  Fold 4 | Ep  16/50 | t_loss=0.0245 t_acc=0.973 | v_win_bal=0.635 v_rec_bal=0.833 | lr=8.2e-06 | 7.3s
  Fold 4 | Ep  17/50 | t_loss=0.0189 t_acc=0.978 | v_win_bal=0.577 v_rec_bal=0.542 | lr=8.0e-06 | 7.3s
  Fold 4 | Ep  18/50 | t_loss=0.0149 t_acc=0.983 | v_win_bal=0.590 v_rec_bal=0.583 | lr=7.7e-06 | 7.3s
  Fold 4 | Ep  19/50 | t_loss=0.0116 t_acc=0.988 | v_win_bal=0.613 v_rec_bal=0.625 | lr=7.4e-06 | 7.4s
  Fold 4 | Ep  20/50 | t_loss=0.0090 t_acc=0.990 | v_win_bal=0.604 v_rec_bal=0.583 | lr=7.1e-06 | 7.3s
  Fold 4 | Ep  21/50 | t_loss=0.0073 t_acc=0.993 | v_win_bal=0.614 v_rec_bal=0.583 | lr=6.8e-06 | 7.3s
  Fold 4 | Ep  22/50 | t_loss=0.0050 t_acc=0.995 | v_win_bal=0.582 v_rec_bal=0.583 | lr=6.5e-06 | 7.4s
  Fold 4 | Ep  23/50 | t_loss=0.0039 t_acc=0.996 | v_win_bal=0.618 v_rec_bal=0.792 | lr=6.2e-06 | 7.4s
  Fold 4 | Ep  24/50 | t_loss=0.0031 t_acc=0.998 | v_win_bal=0.595 v_rec_bal=0.583 | lr=5.8e-06 | 7.3s
  Fold 4 | Ep  25/50 | t_loss=0.0029 t_acc=0.998 | v_win_bal=0.598 v_rec_bal=0.542 | lr=5.5e-06 | 7.3s
  Fold 4 | Ep  26/50 | t_loss=0.0020 t_acc=0.999 | v_win_bal=0.571 v_rec_bal=0.417 | lr=5.2e-06 | 7.5s
  Fold 4 | Ep  27/50 | t_loss=0.0020 t_acc=0.999 | v_win_bal=0.587 v_rec_bal=0.542 | lr=4.8e-06 | 7.3s
  Fold 4 | Ep  28/50 | t_loss=0.0016 t_acc=0.999 | v_win_bal=0.605 v_rec_bal=0.625 | lr=4.5e-06 | 7.4s
  Fold 4 | Ep  29/50 | t_loss=0.0014 t_acc=0.999 | v_win_bal=0.594 v_rec_bal=0.542 | lr=4.2e-06 | 7.3s
  Fold 4 | Ep  30/50 | t_loss=0.0011 t_acc=0.999 | v_win_bal=0.598 v_rec_bal=0.542 | lr=3.8e-06 | 7.4s
  Fold 4 | Ep  31/50 | t_loss=0.0006 t_acc=0.999 | v_win_bal=0.601 v_rec_bal=0.542 | lr=3.5e-06 | 7.3s
  Early stop at epoch 31
  -> Test (best @ epoch 12): acc=0.6667, bal_acc=0.4444

============================================================
Fold 5/5
============================================================
  Train:  44 samples, 11 subjects [2, 5, 6, 7, 8, 10, 12, 13, 14, 17, 18], label_0=36, label_1=8
    Val:  14 samples,  3 subjects [4, 9, 11], label_0=11, label_1=3
   Test:  12 samples,  3 subjects [1, 3, 16], label_0=9, label_1=3
  Building window datasets...
    WindowDataset: 5123 windows (class_0=3111, class_1=2012)
    WindowDataset: 1190 windows (class_0=762, class_1=428)
    WindowDataset: 748 windows (class_0=558, class_1=190)
[LaBraM] Loaded 221/223 params from weights/labram-base/model.safetensors
[LaBraM] Missing: ['fc_norm.weight', 'fc_norm.bias']
  Fold 5 | Ep   1/50 | t_loss=0.1843 t_acc=0.572 | v_win_bal=0.423 v_rec_bal=0.303 | lr=3.3e-06 | 6.7s
  Fold 5 | Ep   2/50 | t_loss=0.1688 t_acc=0.599 | v_win_bal=0.398 v_rec_bal=0.136 | lr=6.7e-06 | 6.7s
  Fold 5 | Ep   3/50 | t_loss=0.1596 t_acc=0.666 | v_win_bal=0.353 v_rec_bal=0.333 | lr=1.0e-05 | 6.7s
  Fold 5 | Ep   4/50 | t_loss=0.1493 t_acc=0.687 | v_win_bal=0.296 v_rec_bal=0.091 | lr=1.0e-05 | 6.7s
  Fold 5 | Ep   5/50 | t_loss=0.1363 t_acc=0.740 | v_win_bal=0.276 v_rec_bal=0.091 | lr=1.0e-05 | 6.7s
  Fold 5 | Ep   6/50 | t_loss=0.1214 t_acc=0.786 | v_win_bal=0.259 v_rec_bal=0.136 | lr=9.9e-06 | 6.7s
  Fold 5 | Ep   7/50 | t_loss=0.1054 t_acc=0.827 | v_win_bal=0.267 v_rec_bal=0.136 | lr=9.8e-06 | 6.7s
  Fold 5 | Ep   8/50 | t_loss=0.0902 t_acc=0.854 | v_win_bal=0.259 v_rec_bal=0.182 | lr=9.7e-06 | 6.7s
  Fold 5 | Ep   9/50 | t_loss=0.0763 t_acc=0.878 | v_win_bal=0.299 v_rec_bal=0.227 | lr=9.6e-06 | 6.7s
  Fold 5 | Ep  10/50 | t_loss=0.0640 t_acc=0.901 | v_win_bal=0.278 v_rec_bal=0.227 | lr=9.5e-06 | 6.7s
  Fold 5 | Ep  11/50 | t_loss=0.0525 t_acc=0.924 | v_win_bal=0.303 v_rec_bal=0.227 | lr=9.3e-06 | 6.7s
  Fold 5 | Ep  12/50 | t_loss=0.0439 t_acc=0.940 | v_win_bal=0.299 v_rec_bal=0.227 | lr=9.1e-06 | 6.7s
  Fold 5 | Ep  13/50 | t_loss=0.0352 t_acc=0.952 | v_win_bal=0.321 v_rec_bal=0.318 | lr=8.9e-06 | 6.7s
  Fold 5 | Ep  14/50 | t_loss=0.0290 t_acc=0.962 | v_win_bal=0.356 v_rec_bal=0.364 | lr=8.7e-06 | 6.7s
  Fold 5 | Ep  15/50 | t_loss=0.0227 t_acc=0.972 | v_win_bal=0.354 v_rec_bal=0.364 | lr=8.5e-06 | 6.6s
  Fold 5 | Ep  16/50 | t_loss=0.0187 t_acc=0.977 | v_win_bal=0.365 v_rec_bal=0.364 | lr=8.2e-06 | 6.9s
  Fold 5 | Ep  17/50 | t_loss=0.0138 t_acc=0.983 | v_win_bal=0.376 v_rec_bal=0.364 | lr=8.0e-06 | 7.0s
  Fold 5 | Ep  18/50 | t_loss=0.0098 t_acc=0.989 | v_win_bal=0.379 v_rec_bal=0.364 | lr=7.7e-06 | 6.9s
  Fold 5 | Ep  19/50 | t_loss=0.0073 t_acc=0.993 | v_win_bal=0.411 v_rec_bal=0.455 | lr=7.4e-06 | 6.8s
  Fold 5 | Ep  20/50 | t_loss=0.0053 t_acc=0.993 | v_win_bal=0.356 v_rec_bal=0.364 | lr=7.1e-06 | 6.7s
  Fold 5 | Ep  21/50 | t_loss=0.0041 t_acc=0.995 | v_win_bal=0.351 v_rec_bal=0.318 | lr=6.8e-06 | 6.6s
  Fold 5 | Ep  22/50 | t_loss=0.0029 t_acc=0.997 | v_win_bal=0.373 v_rec_bal=0.364 | lr=6.5e-06 | 6.6s
  Fold 5 | Ep  23/50 | t_loss=0.0026 t_acc=0.998 | v_win_bal=0.378 v_rec_bal=0.364 | lr=6.2e-06 | 6.8s
  Fold 5 | Ep  24/50 | t_loss=0.0017 t_acc=0.999 | v_win_bal=0.393 v_rec_bal=0.364 | lr=5.8e-06 | 6.9s
  Fold 5 | Ep  25/50 | t_loss=0.0013 t_acc=0.999 | v_win_bal=0.385 v_rec_bal=0.364 | lr=5.5e-06 | 7.0s
  Fold 5 | Ep  26/50 | t_loss=0.0009 t_acc=0.999 | v_win_bal=0.398 v_rec_bal=0.364 | lr=5.2e-06 | 6.9s
  Fold 5 | Ep  27/50 | t_loss=0.0009 t_acc=0.999 | v_win_bal=0.394 v_rec_bal=0.364 | lr=4.8e-06 | 6.9s
  Fold 5 | Ep  28/50 | t_loss=0.0007 t_acc=0.999 | v_win_bal=0.378 v_rec_bal=0.364 | lr=4.5e-06 | 6.9s
  Fold 5 | Ep  29/50 | t_loss=0.0005 t_acc=1.000 | v_win_bal=0.393 v_rec_bal=0.364 | lr=4.2e-06 | 7.0s
  Fold 5 | Ep  30/50 | t_loss=0.0004 t_acc=1.000 | v_win_bal=0.377 v_rec_bal=0.364 | lr=3.8e-06 | 7.2s
  Fold 5 | Ep  31/50 | t_loss=0.0004 t_acc=1.000 | v_win_bal=0.397 v_rec_bal=0.364 | lr=3.5e-06 | 6.7s
  Fold 5 | Ep  32/50 | t_loss=0.0003 t_acc=1.000 | v_win_bal=0.381 v_rec_bal=0.364 | lr=3.2e-06 | 6.7s
  Fold 5 | Ep  33/50 | t_loss=0.0003 t_acc=1.000 | v_win_bal=0.385 v_rec_bal=0.364 | lr=2.9e-06 | 6.7s
  Fold 5 | Ep  34/50 | t_loss=0.0003 t_acc=1.000 | v_win_bal=0.387 v_rec_bal=0.364 | lr=2.6e-06 | 6.7s
  Early stop at epoch 34
  -> Test (best @ epoch 19): acc=0.4167, bal_acc=0.2778

============================================================
Global Results (5-Fold, subject-level CV)
Mode: FT | Extractor: labram | Loss: focal
============================================================
              acc: 0.5000
          bal_acc: 0.3661
               f1: 0.5433
            kappa: -0.2069
  Total predictions: 70 (should equal dataset size: 70)

Results saved to results/lin_compare/perm_null/perm_s6/
