/raid/jupyter-linjimmy1003.md10/.conda/envs/stress/lib/python3.11/site-packages/timm/models/layers/__init__.py:49: FutureWarning: Importing from timm.models.layers is deprecated, please import via timm.layers
  warnings.warn(f"Importing from {__name__} is deprecated, please import via timm.layers", FutureWarning)
Mode: FT | Extractor: reve | Folds: 5
LR: 3e-05 | WD: 0.05 | Beta2: 0.999 | Grad clip: 2.0
Head: hidden=128, dropout=0.0 | Norm: none | Loss: focal
Full FT: encoder_lr_scale=0.1
Augmentation: 75% overlap for increase class

Results → results/studies/exp03_stress_erosion/ft_null_reve/perm_s3/
Dataset: 70 recordings loaded (14 increase, 56 normal)
Cache: 70 recordings ready (70 cached, 0 new)
[permute-labels] Shuffled labels with rng seed 3. Class balance preserved: 14 pos / 56 neg

============================================================
Fold 1/5
============================================================
  Train:  40 samples, 11 subjects [2, 3, 5, 6, 8, 9, 12, 14, 16, 17, 18], label_0=32, label_1=8
    Val:  16 samples,  3 subjects [4, 7, 13], label_0=12, label_1=4
   Test:  14 samples,  3 subjects [1, 10, 11], label_0=12, label_1=2
  Building window datasets...
    WindowDataset: 2659 windows (class_0=1219, class_1=1440)
    WindowDataset: 598 windows (class_0=485, class_1=113)
    WindowDataset: 575 windows (class_0=450, class_1=125)
[PosBank] Loaded 543 positions from weights/reve-positions
[REVE] Loaded 140/140 encoder params from weights/reve-base/model.safetensors
  Trainable parameters: 69,321,347
  Class weights: [1.0906480550765991, 0.9232639074325562]
  Fold 1 | Ep   1/50 | t_loss=0.2813 t_acc=0.499 | v_win_bal=0.563 v_rec_bal=0.833 | lr=1.0e-05 | 12.8s
  Fold 1 | Ep   2/50 | t_loss=0.1957 t_acc=0.556 | v_win_bal=0.588 v_rec_bal=0.625 | lr=2.0e-05 | 13.0s
  Fold 1 | Ep   3/50 | t_loss=0.1616 t_acc=0.627 | v_win_bal=0.648 v_rec_bal=0.792 | lr=3.0e-05 | 12.7s
  Fold 1 | Ep   4/50 | t_loss=0.1327 t_acc=0.752 | v_win_bal=0.553 v_rec_bal=0.417 | lr=3.0e-05 | 12.8s
  Fold 1 | Ep   5/50 | t_loss=0.0980 t_acc=0.863 | v_win_bal=0.519 v_rec_bal=0.375 | lr=3.0e-05 | 12.7s
  Fold 1 | Ep   6/50 | t_loss=0.0597 t_acc=0.925 | v_win_bal=0.475 v_rec_bal=0.417 | lr=3.0e-05 | 11.7s
  Fold 1 | Ep   7/50 | t_loss=0.0270 t_acc=0.977 | v_win_bal=0.464 v_rec_bal=0.417 | lr=2.9e-05 | 10.7s
  Fold 1 | Ep   8/50 | t_loss=0.0102 t_acc=0.994 | v_win_bal=0.446 v_rec_bal=0.417 | lr=2.9e-05 | 15.6s
  Fold 1 | Ep   9/50 | t_loss=0.0039 t_acc=1.000 | v_win_bal=0.447 v_rec_bal=0.417 | lr=2.9e-05 | 15.4s
  Fold 1 | Ep  10/50 | t_loss=0.0018 t_acc=1.000 | v_win_bal=0.450 v_rec_bal=0.417 | lr=2.8e-05 | 16.5s
  Fold 1 | Ep  11/50 | t_loss=0.0010 t_acc=1.000 | v_win_bal=0.445 v_rec_bal=0.417 | lr=2.8e-05 | 12.3s
  Fold 1 | Ep  12/50 | t_loss=0.0007 t_acc=1.000 | v_win_bal=0.453 v_rec_bal=0.417 | lr=2.7e-05 | 11.2s
  Fold 1 | Ep  13/50 | t_loss=0.0005 t_acc=1.000 | v_win_bal=0.446 v_rec_bal=0.417 | lr=2.7e-05 | 11.1s
  Fold 1 | Ep  14/50 | t_loss=0.0003 t_acc=1.000 | v_win_bal=0.452 v_rec_bal=0.417 | lr=2.6e-05 | 12.2s
  Fold 1 | Ep  15/50 | t_loss=0.0003 t_acc=1.000 | v_win_bal=0.453 v_rec_bal=0.417 | lr=2.5e-05 | 14.0s
  Fold 1 | Ep  16/50 | t_loss=0.0002 t_acc=1.000 | v_win_bal=0.449 v_rec_bal=0.417 | lr=2.5e-05 | 11.5s
  Early stop at epoch 16
  -> Test (best @ epoch 1): acc=0.4286, bal_acc=0.4583

============================================================
Fold 2/5
============================================================
  Train:  40 samples, 11 subjects [1, 2, 3, 5, 6, 8, 10, 14, 16, 17, 18], label_0=33, label_1=7
    Val:  14 samples,  3 subjects [9, 11, 12], label_0=11, label_1=3
   Test:  16 samples,  3 subjects [4, 7, 13], label_0=12, label_1=4
  Building window datasets...
    WindowDataset: 2218 windows (class_0=1107, class_1=1111)
    WindowDataset: 770 windows (class_0=562, class_1=208)
    WindowDataset: 598 windows (class_0=485, class_1=113)
[PosBank] Loaded 543 positions from weights/reve-positions
[REVE] Loaded 140/140 encoder params from weights/reve-base/model.safetensors
  Fold 2 | Ep   1/50 | t_loss=0.6625 t_acc=0.503 | v_win_bal=0.564 v_rec_bal=0.621 | lr=1.0e-05 | 10.4s
  Fold 2 | Ep   2/50 | t_loss=0.2091 t_acc=0.569 | v_win_bal=0.515 v_rec_bal=0.439 | lr=2.0e-05 | 10.9s
  Fold 2 | Ep   3/50 | t_loss=0.1622 t_acc=0.648 | v_win_bal=0.504 v_rec_bal=0.348 | lr=3.0e-05 | 11.4s
  Fold 2 | Ep   4/50 | t_loss=0.1309 t_acc=0.750 | v_win_bal=0.412 v_rec_bal=0.409 | lr=3.0e-05 | 11.3s
  Fold 2 | Ep   5/50 | t_loss=0.1016 t_acc=0.836 | v_win_bal=0.404 v_rec_bal=0.364 | lr=3.0e-05 | 10.5s
  Fold 2 | Ep   6/50 | t_loss=0.0761 t_acc=0.892 | v_win_bal=0.396 v_rec_bal=0.364 | lr=3.0e-05 | 11.1s
  Fold 2 | Ep   7/50 | t_loss=0.0528 t_acc=0.941 | v_win_bal=0.416 v_rec_bal=0.273 | lr=2.9e-05 | 11.8s
  Fold 2 | Ep   8/50 | t_loss=0.0330 t_acc=0.966 | v_win_bal=0.424 v_rec_bal=0.227 | lr=2.9e-05 | 12.5s
  Fold 2 | Ep   9/50 | t_loss=0.0179 t_acc=0.989 | v_win_bal=0.439 v_rec_bal=0.273 | lr=2.9e-05 | 11.7s
  Fold 2 | Ep  10/50 | t_loss=0.0089 t_acc=0.996 | v_win_bal=0.429 v_rec_bal=0.318 | lr=2.8e-05 | 11.4s
  Fold 2 | Ep  11/50 | t_loss=0.0041 t_acc=1.000 | v_win_bal=0.426 v_rec_bal=0.318 | lr=2.8e-05 | 12.9s
  Fold 2 | Ep  12/50 | t_loss=0.0024 t_acc=1.000 | v_win_bal=0.433 v_rec_bal=0.318 | lr=2.7e-05 | 12.9s
  Fold 2 | Ep  13/50 | t_loss=0.0015 t_acc=1.000 | v_win_bal=0.430 v_rec_bal=0.318 | lr=2.7e-05 | 16.8s
  Fold 2 | Ep  14/50 | t_loss=0.0010 t_acc=1.000 | v_win_bal=0.426 v_rec_bal=0.318 | lr=2.6e-05 | 13.3s
  Fold 2 | Ep  15/50 | t_loss=0.0007 t_acc=1.000 | v_win_bal=0.425 v_rec_bal=0.318 | lr=2.5e-05 | 12.8s
  Fold 2 | Ep  16/50 | t_loss=0.0005 t_acc=1.000 | v_win_bal=0.426 v_rec_bal=0.318 | lr=2.5e-05 | 18.3s
  Early stop at epoch 16
  -> Test (best @ epoch 1): acc=0.6250, bal_acc=0.4167

============================================================
Fold 3/5
============================================================
  Train:  39 samples, 11 subjects [1, 2, 3, 4, 5, 9, 10, 14, 16, 17, 18], label_0=31, label_1=8
    Val:  16 samples,  3 subjects [7, 11, 13], label_0=12, label_1=4
   Test:  15 samples,  3 subjects [6, 8, 12], label_0=13, label_1=2
  Building window datasets...
    WindowDataset: 2504 windows (class_0=1040, class_1=1464)
    WindowDataset: 703 windows (class_0=590, class_1=113)
    WindowDataset: 643 windows (class_0=524, class_1=119)
[PosBank] Loaded 543 positions from weights/reve-positions
[REVE] Loaded 140/140 encoder params from weights/reve-base/model.safetensors
  Fold 3 | Ep   1/50 | t_loss=0.2389 t_acc=0.534 | v_win_bal=0.470 v_rec_bal=0.583 | lr=1.0e-05 | 17.8s
  Fold 3 | Ep   2/50 | t_loss=0.2021 t_acc=0.567 | v_win_bal=0.457 v_rec_bal=0.375 | lr=2.0e-05 | 14.6s
  Fold 3 | Ep   3/50 | t_loss=0.1613 t_acc=0.657 | v_win_bal=0.398 v_rec_bal=0.333 | lr=3.0e-05 | 14.6s
  Fold 3 | Ep   4/50 | t_loss=0.1245 t_acc=0.762 | v_win_bal=0.357 v_rec_bal=0.375 | lr=3.0e-05 | 15.8s
  Fold 3 | Ep   5/50 | t_loss=0.0837 t_acc=0.874 | v_win_bal=0.352 v_rec_bal=0.375 | lr=3.0e-05 | 12.6s
  Fold 3 | Ep   6/50 | t_loss=0.0452 t_acc=0.942 | v_win_bal=0.417 v_rec_bal=0.458 | lr=3.0e-05 | 12.4s
  Fold 3 | Ep   7/50 | t_loss=0.0182 t_acc=0.983 | v_win_bal=0.411 v_rec_bal=0.458 | lr=2.9e-05 | 12.8s
  Fold 3 | Ep   8/50 | t_loss=0.0070 t_acc=0.997 | v_win_bal=0.403 v_rec_bal=0.458 | lr=2.9e-05 | 13.9s
  Fold 3 | Ep   9/50 | t_loss=0.0028 t_acc=1.000 | v_win_bal=0.401 v_rec_bal=0.458 | lr=2.9e-05 | 11.5s
  Fold 3 | Ep  10/50 | t_loss=0.0013 t_acc=1.000 | v_win_bal=0.399 v_rec_bal=0.458 | lr=2.8e-05 | 14.6s
  Fold 3 | Ep  11/50 | t_loss=0.0008 t_acc=1.000 | v_win_bal=0.396 v_rec_bal=0.458 | lr=2.8e-05 | 12.6s
  Fold 3 | Ep  12/50 | t_loss=0.0005 t_acc=1.000 | v_win_bal=0.400 v_rec_bal=0.458 | lr=2.7e-05 | 13.2s
  Fold 3 | Ep  13/50 | t_loss=0.0004 t_acc=1.000 | v_win_bal=0.403 v_rec_bal=0.458 | lr=2.7e-05 | 14.9s
  Fold 3 | Ep  14/50 | t_loss=0.0003 t_acc=1.000 | v_win_bal=0.405 v_rec_bal=0.458 | lr=2.6e-05 | 17.5s
  Fold 3 | Ep  15/50 | t_loss=0.0002 t_acc=1.000 | v_win_bal=0.400 v_rec_bal=0.458 | lr=2.5e-05 | 13.2s
  Fold 3 | Ep  16/50 | t_loss=0.0002 t_acc=1.000 | v_win_bal=0.404 v_rec_bal=0.458 | lr=2.5e-05 | 13.4s
  Early stop at epoch 16
  -> Test (best @ epoch 1): acc=0.5333, bal_acc=0.3077

============================================================
Fold 4/5
============================================================
  Train:  41 samples, 10 subjects [1, 2, 4, 5, 6, 8, 9, 10, 12, 17], label_0=34, label_1=7
    Val:  16 samples,  3 subjects [7, 11, 13], label_0=12, label_1=4
   Test:  13 samples,  4 subjects [3, 14, 16, 18], label_0=10, label_1=3
  Building window datasets...
    WindowDataset: 2717 windows (class_0=1142, class_1=1575)
    WindowDataset: 703 windows (class_0=590, class_1=113)
    WindowDataset: 514 windows (class_0=422, class_1=92)
[PosBank] Loaded 543 positions from weights/reve-positions
[REVE] Loaded 140/140 encoder params from weights/reve-base/model.safetensors
  Fold 4 | Ep   1/50 | t_loss=0.2390 t_acc=0.515 | v_win_bal=0.500 v_rec_bal=0.417 | lr=1.0e-05 | 16.2s
  Fold 4 | Ep   2/50 | t_loss=0.1827 t_acc=0.592 | v_win_bal=0.470 v_rec_bal=0.458 | lr=2.0e-05 | 17.8s
  Fold 4 | Ep   3/50 | t_loss=0.1451 t_acc=0.697 | v_win_bal=0.513 v_rec_bal=0.417 | lr=3.0e-05 | 20.5s
  Fold 4 | Ep   4/50 | t_loss=0.1139 t_acc=0.811 | v_win_bal=0.452 v_rec_bal=0.375 | lr=3.0e-05 | 18.2s
  Fold 4 | Ep   5/50 | t_loss=0.0833 t_acc=0.891 | v_win_bal=0.377 v_rec_bal=0.375 | lr=3.0e-05 | 16.0s
  Fold 4 | Ep   6/50 | t_loss=0.0483 t_acc=0.948 | v_win_bal=0.362 v_rec_bal=0.417 | lr=3.0e-05 | 15.2s
  Fold 4 | Ep   7/50 | t_loss=0.0230 t_acc=0.979 | v_win_bal=0.372 v_rec_bal=0.458 | lr=2.9e-05 | 13.7s
  Fold 4 | Ep   8/50 | t_loss=0.0085 t_acc=0.994 | v_win_bal=0.387 v_rec_bal=0.458 | lr=2.9e-05 | 13.5s
  Fold 4 | Ep   9/50 | t_loss=0.0031 t_acc=1.000 | v_win_bal=0.404 v_rec_bal=0.500 | lr=2.9e-05 | 17.3s
  Fold 4 | Ep  10/50 | t_loss=0.0014 t_acc=1.000 | v_win_bal=0.422 v_rec_bal=0.500 | lr=2.8e-05 | 16.6s
  Fold 4 | Ep  11/50 | t_loss=0.0008 t_acc=1.000 | v_win_bal=0.422 v_rec_bal=0.500 | lr=2.8e-05 | 15.1s
  Fold 4 | Ep  12/50 | t_loss=0.0005 t_acc=1.000 | v_win_bal=0.422 v_rec_bal=0.500 | lr=2.7e-05 | 15.4s
  Fold 4 | Ep  13/50 | t_loss=0.0004 t_acc=1.000 | v_win_bal=0.427 v_rec_bal=0.500 | lr=2.7e-05 | 15.1s
  Fold 4 | Ep  14/50 | t_loss=0.0003 t_acc=1.000 | v_win_bal=0.423 v_rec_bal=0.500 | lr=2.6e-05 | 15.5s
  Fold 4 | Ep  15/50 | t_loss=0.0002 t_acc=1.000 | v_win_bal=0.424 v_rec_bal=0.500 | lr=2.5e-05 | 13.7s
  Fold 4 | Ep  16/50 | t_loss=0.0002 t_acc=1.000 | v_win_bal=0.427 v_rec_bal=0.500 | lr=2.5e-05 | 15.4s
  Fold 4 | Ep  17/50 | t_loss=0.0002 t_acc=1.000 | v_win_bal=0.429 v_rec_bal=0.500 | lr=2.4e-05 | 15.0s
  Fold 4 | Ep  18/50 | t_loss=0.0001 t_acc=1.000 | v_win_bal=0.421 v_rec_bal=0.500 | lr=2.3e-05 | 15.5s
  Fold 4 | Ep  19/50 | t_loss=0.0001 t_acc=1.000 | v_win_bal=0.424 v_rec_bal=0.500 | lr=2.2e-05 | 14.4s
  Fold 4 | Ep  20/50 | t_loss=0.0001 t_acc=1.000 | v_win_bal=0.422 v_rec_bal=0.500 | lr=2.1e-05 | 16.7s
  Fold 4 | Ep  21/50 | t_loss=0.0001 t_acc=1.000 | v_win_bal=0.425 v_rec_bal=0.500 | lr=2.0e-05 | 14.5s
  Fold 4 | Ep  22/50 | t_loss=0.0001 t_acc=1.000 | v_win_bal=0.425 v_rec_bal=0.500 | lr=1.9e-05 | 15.4s
  Fold 4 | Ep  23/50 | t_loss=0.0001 t_acc=1.000 | v_win_bal=0.426 v_rec_bal=0.500 | lr=1.8e-05 | 18.1s
  Fold 4 | Ep  24/50 | t_loss=0.0001 t_acc=1.000 | v_win_bal=0.425 v_rec_bal=0.500 | lr=1.7e-05 | 14.9s
  Fold 4 | Ep  25/50 | t_loss=0.0001 t_acc=1.000 | v_win_bal=0.424 v_rec_bal=0.500 | lr=1.7e-05 | 16.2s
  Fold 4 | Ep  26/50 | t_loss=0.0001 t_acc=1.000 | v_win_bal=0.427 v_rec_bal=0.500 | lr=1.6e-05 | 16.0s
  Early stop at epoch 26
  -> Test (best @ epoch 9): acc=0.6154, bal_acc=0.5167

============================================================
Fold 5/5
============================================================
  Train:  42 samples, 10 subjects [3, 6, 8, 10, 11, 12, 13, 14, 16, 18], label_0=35, label_1=7
    Val:  16 samples,  3 subjects [1, 4, 7], label_0=12, label_1=4
   Test:  12 samples,  4 subjects [2, 5, 9, 17], label_0=9, label_1=3
  Building window datasets...
    WindowDataset: 2829 windows (class_0=1510, class_1=1319)
    WindowDataset: 485 windows (class_0=371, class_1=114)
    WindowDataset: 428 windows (class_0=273, class_1=155)
[PosBank] Loaded 543 positions from weights/reve-positions
[REVE] Loaded 140/140 encoder params from weights/reve-base/model.safetensors
  Fold 5 | Ep   1/50 | t_loss=0.3675 t_acc=0.479 | v_win_bal=0.503 v_rec_bal=0.625 | lr=1.0e-05 | 15.7s
  Fold 5 | Ep   2/50 | t_loss=0.1995 t_acc=0.545 | v_win_bal=0.490 v_rec_bal=0.542 | lr=2.0e-05 | 23.1s
  Fold 5 | Ep   3/50 | t_loss=0.1521 t_acc=0.675 | v_win_bal=0.487 v_rec_bal=0.625 | lr=3.0e-05 | 14.9s
  Fold 5 | Ep   4/50 | t_loss=0.1090 t_acc=0.817 | v_win_bal=0.443 v_rec_bal=0.458 | lr=3.0e-05 | 14.1s
  Fold 5 | Ep   5/50 | t_loss=0.0623 t_acc=0.919 | v_win_bal=0.400 v_rec_bal=0.417 | lr=3.0e-05 | 16.0s
  Fold 5 | Ep   6/50 | t_loss=0.0302 t_acc=0.964 | v_win_bal=0.309 v_rec_bal=0.333 | lr=3.0e-05 | 14.5s
  Fold 5 | Ep   7/50 | t_loss=0.0127 t_acc=0.991 | v_win_bal=0.333 v_rec_bal=0.375 | lr=2.9e-05 | 12.9s
  Fold 5 | Ep   8/50 | t_loss=0.0051 t_acc=1.000 | v_win_bal=0.336 v_rec_bal=0.375 | lr=2.9e-05 | 12.9s
  Fold 5 | Ep   9/50 | t_loss=0.0022 t_acc=1.000 | v_win_bal=0.341 v_rec_bal=0.333 | lr=2.9e-05 | 11.6s
  Fold 5 | Ep  10/50 | t_loss=0.0012 t_acc=1.000 | v_win_bal=0.360 v_rec_bal=0.375 | lr=2.8e-05 | 11.5s
  Fold 5 | Ep  11/50 | t_loss=0.0008 t_acc=1.000 | v_win_bal=0.352 v_rec_bal=0.375 | lr=2.8e-05 | 12.6s
  Fold 5 | Ep  12/50 | t_loss=0.0005 t_acc=1.000 | v_win_bal=0.353 v_rec_bal=0.375 | lr=2.7e-05 | 12.2s
  Fold 5 | Ep  13/50 | t_loss=0.0004 t_acc=1.000 | v_win_bal=0.361 v_rec_bal=0.375 | lr=2.7e-05 | 12.6s
  Fold 5 | Ep  14/50 | t_loss=0.0003 t_acc=1.000 | v_win_bal=0.345 v_rec_bal=0.375 | lr=2.6e-05 | 13.3s
  Fold 5 | Ep  15/50 | t_loss=0.0002 t_acc=1.000 | v_win_bal=0.348 v_rec_bal=0.375 | lr=2.5e-05 | 12.3s
  Fold 5 | Ep  16/50 | t_loss=0.0002 t_acc=1.000 | v_win_bal=0.351 v_rec_bal=0.375 | lr=2.5e-05 | 12.5s
  Early stop at epoch 16
  -> Test (best @ epoch 1): acc=0.8333, bal_acc=0.7778

============================================================
Global Results (5-Fold, subject-level CV)
Mode: FT | Extractor: reve | Loss: focal
============================================================
              acc: 0.6000
          bal_acc: 0.4821
               f1: 0.6291
            kappa: -0.0294
  Total predictions: 70 (should equal dataset size: 70)

Results saved to results/studies/exp03_stress_erosion/ft_null_reve/perm_s3/
