/raid/jupyter-linjimmy1003.md10/.conda/envs/stress/lib/python3.11/site-packages/timm/models/layers/__init__.py:49: FutureWarning: Importing from timm.models.layers is deprecated, please import via timm.layers
  warnings.warn(f"Importing from {__name__} is deprecated, please import via timm.layers", FutureWarning)
Mode: FT | Extractor: reve | Folds: 5
LR: 3e-05 | WD: 0.05 | Beta2: 0.999 | Grad clip: 2.0
Head: hidden=128, dropout=0.0 | Norm: none | Loss: focal
Full FT: encoder_lr_scale=0.1
Augmentation: 75% overlap for increase class

Results → results/studies/exp03_stress_erosion/ft_null_reve/perm_s9/
Dataset: 70 recordings loaded (14 increase, 56 normal)
Cache: 70 recordings ready (70 cached, 0 new)
[permute-labels] Shuffled labels with rng seed 9. Class balance preserved: 14 pos / 56 neg

============================================================
Fold 1/5
============================================================
  Train:  39 samples, 11 subjects [1, 2, 4, 5, 6, 8, 9, 10, 14, 16, 18], label_0=31, label_1=8
    Val:  17 samples,  3 subjects [3, 11, 13], label_0=13, label_1=4
   Test:  14 samples,  3 subjects [7, 12, 17], label_0=12, label_1=2
  Building window datasets...
    WindowDataset: 2140 windows (class_0=1168, class_1=972)
    WindowDataset: 741 windows (class_0=439, class_1=302)
    WindowDataset: 600 windows (class_0=539, class_1=61)
[PosBank] Loaded 543 positions from weights/reve-positions
[REVE] Loaded 140/140 encoder params from weights/reve-base/model.safetensors
  Trainable parameters: 69,321,347
  Class weights: [0.9160959124565125, 1.1008230447769165]
  Fold 1 | Ep   1/50 | t_loss=0.2909 t_acc=0.502 | v_win_bal=0.508 v_rec_bal=0.587 | lr=1.0e-05 | 11.2s
  Fold 1 | Ep   2/50 | t_loss=0.2052 t_acc=0.562 | v_win_bal=0.480 v_rec_bal=0.510 | lr=2.0e-05 | 9.8s
  Fold 1 | Ep   3/50 | t_loss=0.1656 t_acc=0.633 | v_win_bal=0.479 v_rec_bal=0.394 | lr=3.0e-05 | 10.4s
  Fold 1 | Ep   4/50 | t_loss=0.1342 t_acc=0.741 | v_win_bal=0.495 v_rec_bal=0.510 | lr=3.0e-05 | 10.1s
  Fold 1 | Ep   5/50 | t_loss=0.1064 t_acc=0.830 | v_win_bal=0.488 v_rec_bal=0.548 | lr=3.0e-05 | 10.8s
  Fold 1 | Ep   6/50 | t_loss=0.0764 t_acc=0.892 | v_win_bal=0.509 v_rec_bal=0.423 | lr=3.0e-05 | 10.0s
  Fold 1 | Ep   7/50 | t_loss=0.0484 t_acc=0.942 | v_win_bal=0.519 v_rec_bal=0.423 | lr=2.9e-05 | 9.9s
  Fold 1 | Ep   8/50 | t_loss=0.0295 t_acc=0.964 | v_win_bal=0.522 v_rec_bal=0.423 | lr=2.9e-05 | 9.2s
  Fold 1 | Ep   9/50 | t_loss=0.0155 t_acc=0.985 | v_win_bal=0.521 v_rec_bal=0.423 | lr=2.9e-05 | 9.6s
  Fold 1 | Ep  10/50 | t_loss=0.0075 t_acc=0.996 | v_win_bal=0.526 v_rec_bal=0.548 | lr=2.8e-05 | 10.7s
  Fold 1 | Ep  11/50 | t_loss=0.0035 t_acc=1.000 | v_win_bal=0.527 v_rec_bal=0.462 | lr=2.8e-05 | 9.7s
  Fold 1 | Ep  12/50 | t_loss=0.0018 t_acc=1.000 | v_win_bal=0.520 v_rec_bal=0.462 | lr=2.7e-05 | 9.9s
  Fold 1 | Ep  13/50 | t_loss=0.0011 t_acc=1.000 | v_win_bal=0.518 v_rec_bal=0.462 | lr=2.7e-05 | 10.2s
  Fold 1 | Ep  14/50 | t_loss=0.0008 t_acc=1.000 | v_win_bal=0.526 v_rec_bal=0.462 | lr=2.6e-05 | 10.2s
  Fold 1 | Ep  15/50 | t_loss=0.0006 t_acc=1.000 | v_win_bal=0.530 v_rec_bal=0.587 | lr=2.5e-05 | 10.0s
  Fold 1 | Ep  16/50 | t_loss=0.0004 t_acc=1.000 | v_win_bal=0.531 v_rec_bal=0.587 | lr=2.5e-05 | 9.9s
  Early stop at epoch 16
  -> Test (best @ epoch 1): acc=0.6429, bal_acc=0.3750

============================================================
Fold 2/5
============================================================
  Train:  40 samples, 10 subjects [1, 5, 6, 7, 9, 10, 11, 16, 17, 18], label_0=32, label_1=8
    Val:  14 samples,  3 subjects [4, 12, 14], label_0=11, label_1=3
   Test:  16 samples,  4 subjects [2, 3, 8, 13], label_0=13, label_1=3
  Building window datasets...
    WindowDataset: 2331 windows (class_0=1111, class_1=1220)
    WindowDataset: 723 windows (class_0=633, class_1=90)
    WindowDataset: 613 windows (class_0=402, class_1=211)
[PosBank] Loaded 543 positions from weights/reve-positions
[REVE] Loaded 140/140 encoder params from weights/reve-base/model.safetensors
  Fold 2 | Ep   1/50 | t_loss=0.8212 t_acc=0.483 | v_win_bal=0.477 v_rec_bal=0.500 | lr=1.0e-05 | 10.5s
  Fold 2 | Ep   2/50 | t_loss=0.2194 t_acc=0.590 | v_win_bal=0.453 v_rec_bal=0.500 | lr=2.0e-05 | 10.9s
  Fold 2 | Ep   3/50 | t_loss=0.1601 t_acc=0.661 | v_win_bal=0.492 v_rec_bal=0.500 | lr=3.0e-05 | 11.5s
  Fold 2 | Ep   4/50 | t_loss=0.1262 t_acc=0.749 | v_win_bal=0.497 v_rec_bal=0.500 | lr=3.0e-05 | 11.3s
  Fold 2 | Ep   5/50 | t_loss=0.1038 t_acc=0.817 | v_win_bal=0.506 v_rec_bal=0.500 | lr=3.0e-05 | 11.8s
  Fold 2 | Ep   6/50 | t_loss=0.0821 t_acc=0.873 | v_win_bal=0.510 v_rec_bal=0.500 | lr=3.0e-05 | 13.4s
  Fold 2 | Ep   7/50 | t_loss=0.0609 t_acc=0.925 | v_win_bal=0.509 v_rec_bal=0.500 | lr=2.9e-05 | 10.5s
  Fold 2 | Ep   8/50 | t_loss=0.0400 t_acc=0.963 | v_win_bal=0.507 v_rec_bal=0.500 | lr=2.9e-05 | 11.7s
  Fold 2 | Ep   9/50 | t_loss=0.0229 t_acc=0.983 | v_win_bal=0.595 v_rec_bal=0.667 | lr=2.9e-05 | 12.0s
  Fold 2 | Ep  10/50 | t_loss=0.0124 t_acc=0.994 | v_win_bal=0.632 v_rec_bal=0.667 | lr=2.8e-05 | 16.4s
  Fold 2 | Ep  11/50 | t_loss=0.0069 t_acc=0.999 | v_win_bal=0.623 v_rec_bal=0.667 | lr=2.8e-05 | 10.4s
  Fold 2 | Ep  12/50 | t_loss=0.0038 t_acc=1.000 | v_win_bal=0.631 v_rec_bal=0.667 | lr=2.7e-05 | 11.9s
  Fold 2 | Ep  13/50 | t_loss=0.0023 t_acc=1.000 | v_win_bal=0.644 v_rec_bal=0.667 | lr=2.7e-05 | 11.3s
  Fold 2 | Ep  14/50 | t_loss=0.0016 t_acc=1.000 | v_win_bal=0.648 v_rec_bal=0.667 | lr=2.6e-05 | 13.0s
  Fold 2 | Ep  15/50 | t_loss=0.0012 t_acc=1.000 | v_win_bal=0.648 v_rec_bal=0.667 | lr=2.5e-05 | 12.8s
  Fold 2 | Ep  16/50 | t_loss=0.0009 t_acc=1.000 | v_win_bal=0.647 v_rec_bal=0.667 | lr=2.5e-05 | 12.2s
  Fold 2 | Ep  17/50 | t_loss=0.0007 t_acc=1.000 | v_win_bal=0.636 v_rec_bal=0.667 | lr=2.4e-05 | 25.9s
  Fold 2 | Ep  18/50 | t_loss=0.0006 t_acc=1.000 | v_win_bal=0.632 v_rec_bal=0.667 | lr=2.3e-05 | 14.6s
  Fold 2 | Ep  19/50 | t_loss=0.0005 t_acc=1.000 | v_win_bal=0.632 v_rec_bal=0.667 | lr=2.2e-05 | 12.4s
  Fold 2 | Ep  20/50 | t_loss=0.0004 t_acc=1.000 | v_win_bal=0.649 v_rec_bal=0.667 | lr=2.1e-05 | 12.3s
  Fold 2 | Ep  21/50 | t_loss=0.0003 t_acc=1.000 | v_win_bal=0.649 v_rec_bal=0.667 | lr=2.0e-05 | 11.3s
  Fold 2 | Ep  22/50 | t_loss=0.0003 t_acc=1.000 | v_win_bal=0.646 v_rec_bal=0.667 | lr=1.9e-05 | 10.9s
  Fold 2 | Ep  23/50 | t_loss=0.0003 t_acc=1.000 | v_win_bal=0.651 v_rec_bal=0.667 | lr=1.8e-05 | 12.4s
  Fold 2 | Ep  24/50 | t_loss=0.0002 t_acc=1.000 | v_win_bal=0.657 v_rec_bal=0.667 | lr=1.7e-05 | 12.1s
  Fold 2 | Ep  25/50 | t_loss=0.0002 t_acc=1.000 | v_win_bal=0.646 v_rec_bal=0.667 | lr=1.7e-05 | 12.3s
  Fold 2 | Ep  26/50 | t_loss=0.0002 t_acc=1.000 | v_win_bal=0.652 v_rec_bal=0.667 | lr=1.6e-05 | 11.2s
  Early stop at epoch 26
  -> Test (best @ epoch 9): acc=0.7500, bal_acc=0.4615

============================================================
Fold 3/5
============================================================
  Train:  41 samples, 10 subjects [1, 2, 3, 4, 5, 6, 8, 9, 13, 16], label_0=32, label_1=9
    Val:  14 samples,  3 subjects [7, 12, 17], label_0=12, label_1=2
   Test:  15 samples,  4 subjects [10, 11, 14, 18], label_0=12, label_1=3
  Building window datasets...
    WindowDataset: 2603 windows (class_0=1042, class_1=1561)
    WindowDataset: 600 windows (class_0=539, class_1=61)
    WindowDataset: 719 windows (class_0=565, class_1=154)
[PosBank] Loaded 543 positions from weights/reve-positions
[REVE] Loaded 140/140 encoder params from weights/reve-base/model.safetensors
  Fold 3 | Ep   1/50 | t_loss=0.2947 t_acc=0.476 | v_win_bal=0.634 v_rec_bal=0.958 | lr=1.0e-05 | 11.4s
  Fold 3 | Ep   2/50 | t_loss=0.2321 t_acc=0.519 | v_win_bal=0.604 v_rec_bal=0.833 | lr=2.0e-05 | 12.3s
  Fold 3 | Ep   3/50 | t_loss=0.1766 t_acc=0.595 | v_win_bal=0.535 v_rec_bal=0.667 | lr=3.0e-05 | 12.9s
  Fold 3 | Ep   4/50 | t_loss=0.1432 t_acc=0.689 | v_win_bal=0.489 v_rec_bal=0.542 | lr=3.0e-05 | 12.7s
  Fold 3 | Ep   5/50 | t_loss=0.1175 t_acc=0.770 | v_win_bal=0.471 v_rec_bal=0.375 | lr=3.0e-05 | 11.0s
  Fold 3 | Ep   6/50 | t_loss=0.0930 t_acc=0.837 | v_win_bal=0.485 v_rec_bal=0.333 | lr=3.0e-05 | 11.0s
  Fold 3 | Ep   7/50 | t_loss=0.0644 t_acc=0.907 | v_win_bal=0.382 v_rec_bal=0.458 | lr=2.9e-05 | 10.9s
  Fold 3 | Ep   8/50 | t_loss=0.0388 t_acc=0.957 | v_win_bal=0.408 v_rec_bal=0.458 | lr=2.9e-05 | 11.5s
  Fold 3 | Ep   9/50 | t_loss=0.0215 t_acc=0.982 | v_win_bal=0.400 v_rec_bal=0.458 | lr=2.9e-05 | 11.5s
  Fold 3 | Ep  10/50 | t_loss=0.0110 t_acc=0.995 | v_win_bal=0.431 v_rec_bal=0.458 | lr=2.8e-05 | 11.7s
  Fold 3 | Ep  11/50 | t_loss=0.0050 t_acc=1.000 | v_win_bal=0.452 v_rec_bal=0.500 | lr=2.8e-05 | 13.1s
  Fold 3 | Ep  12/50 | t_loss=0.0026 t_acc=1.000 | v_win_bal=0.440 v_rec_bal=0.500 | lr=2.7e-05 | 11.9s
  Fold 3 | Ep  13/50 | t_loss=0.0015 t_acc=1.000 | v_win_bal=0.436 v_rec_bal=0.458 | lr=2.7e-05 | 12.4s
  Fold 3 | Ep  14/50 | t_loss=0.0010 t_acc=1.000 | v_win_bal=0.432 v_rec_bal=0.458 | lr=2.6e-05 | 24.8s
  Fold 3 | Ep  15/50 | t_loss=0.0007 t_acc=1.000 | v_win_bal=0.434 v_rec_bal=0.458 | lr=2.5e-05 | 18.9s
  Fold 3 | Ep  16/50 | t_loss=0.0006 t_acc=1.000 | v_win_bal=0.442 v_rec_bal=0.500 | lr=2.5e-05 | 13.7s
  Early stop at epoch 16
  -> Test (best @ epoch 1): acc=0.5333, bal_acc=0.3333

============================================================
Fold 4/5
============================================================
  Train:  41 samples, 11 subjects [1, 2, 3, 7, 8, 9, 10, 11, 14, 17, 18], label_0=33, label_1=8
    Val:  16 samples,  3 subjects [6, 12, 13], label_0=13, label_1=3
   Test:  13 samples,  3 subjects [4, 5, 16], label_0=10, label_1=3
  Building window datasets...
    WindowDataset: 2475 windows (class_0=1267, class_1=1208)
    WindowDataset: 780 windows (class_0=571, class_1=209)
    WindowDataset: 403 windows (class_0=308, class_1=95)
[PosBank] Loaded 543 positions from weights/reve-positions
[REVE] Loaded 140/140 encoder params from weights/reve-base/model.safetensors
  Fold 4 | Ep   1/50 | t_loss=0.2318 t_acc=0.521 | v_win_bal=0.499 v_rec_bal=0.436 | lr=1.0e-05 | 11.8s
  Fold 4 | Ep   2/50 | t_loss=0.1887 t_acc=0.589 | v_win_bal=0.482 v_rec_bal=0.474 | lr=2.0e-05 | 12.9s
  Fold 4 | Ep   3/50 | t_loss=0.1460 t_acc=0.715 | v_win_bal=0.466 v_rec_bal=0.346 | lr=3.0e-05 | 14.7s
  Fold 4 | Ep   4/50 | t_loss=0.1175 t_acc=0.800 | v_win_bal=0.456 v_rec_bal=0.385 | lr=3.0e-05 | 13.7s
  Fold 4 | Ep   5/50 | t_loss=0.0941 t_acc=0.858 | v_win_bal=0.457 v_rec_bal=0.513 | lr=3.0e-05 | 13.6s
  Fold 4 | Ep   6/50 | t_loss=0.0740 t_acc=0.892 | v_win_bal=0.454 v_rec_bal=0.474 | lr=3.0e-05 | 12.2s
  Fold 4 | Ep   7/50 | t_loss=0.0541 t_acc=0.942 | v_win_bal=0.434 v_rec_bal=0.423 | lr=2.9e-05 | 13.4s
  Fold 4 | Ep   8/50 | t_loss=0.0351 t_acc=0.970 | v_win_bal=0.452 v_rec_bal=0.385 | lr=2.9e-05 | 13.0s
  Fold 4 | Ep   9/50 | t_loss=0.0201 t_acc=0.985 | v_win_bal=0.442 v_rec_bal=0.423 | lr=2.9e-05 | 12.5s
  Fold 4 | Ep  10/50 | t_loss=0.0102 t_acc=0.997 | v_win_bal=0.452 v_rec_bal=0.423 | lr=2.8e-05 | 13.1s
  Fold 4 | Ep  11/50 | t_loss=0.0047 t_acc=0.999 | v_win_bal=0.448 v_rec_bal=0.423 | lr=2.8e-05 | 12.5s
  Fold 4 | Ep  12/50 | t_loss=0.0028 t_acc=1.000 | v_win_bal=0.449 v_rec_bal=0.423 | lr=2.7e-05 | 14.5s
  Fold 4 | Ep  13/50 | t_loss=0.0016 t_acc=1.000 | v_win_bal=0.449 v_rec_bal=0.423 | lr=2.7e-05 | 12.5s
  Fold 4 | Ep  14/50 | t_loss=0.0011 t_acc=1.000 | v_win_bal=0.447 v_rec_bal=0.423 | lr=2.6e-05 | 10.7s
  Fold 4 | Ep  15/50 | t_loss=0.0008 t_acc=1.000 | v_win_bal=0.448 v_rec_bal=0.423 | lr=2.5e-05 | 12.3s
  Fold 4 | Ep  16/50 | t_loss=0.0006 t_acc=1.000 | v_win_bal=0.447 v_rec_bal=0.423 | lr=2.5e-05 | 13.4s
  Fold 4 | Ep  17/50 | t_loss=0.0005 t_acc=1.000 | v_win_bal=0.448 v_rec_bal=0.423 | lr=2.4e-05 | 12.5s
  Fold 4 | Ep  18/50 | t_loss=0.0004 t_acc=1.000 | v_win_bal=0.447 v_rec_bal=0.423 | lr=2.3e-05 | 17.7s
  Fold 4 | Ep  19/50 | t_loss=0.0004 t_acc=1.000 | v_win_bal=0.443 v_rec_bal=0.423 | lr=2.2e-05 | 12.6s
  Fold 4 | Ep  20/50 | t_loss=0.0003 t_acc=1.000 | v_win_bal=0.446 v_rec_bal=0.423 | lr=2.1e-05 | 12.7s
  Fold 4 | Ep  21/50 | t_loss=0.0003 t_acc=1.000 | v_win_bal=0.442 v_rec_bal=0.423 | lr=2.0e-05 | 12.5s
  Fold 4 | Ep  22/50 | t_loss=0.0002 t_acc=1.000 | v_win_bal=0.445 v_rec_bal=0.423 | lr=1.9e-05 | 13.1s
  Early stop at epoch 22
  -> Test (best @ epoch 5): acc=0.8462, bal_acc=0.6667

============================================================
Fold 5/5
============================================================
  Train:  43 samples,  9 subjects [3, 4, 5, 7, 10, 11, 13, 14, 18], label_0=34, label_1=9
    Val:  15 samples,  5 subjects [2, 8, 12, 16, 17], label_0=13, label_1=2
   Test:  12 samples,  3 subjects [1, 6, 9], label_0=9, label_1=3
  Building window datasets...
    WindowDataset: 3037 windows (class_0=1232, class_1=1805)
    WindowDataset: 645 windows (class_0=582, class_1=63)
    WindowDataset: 423 windows (class_0=332, class_1=91)
[PosBank] Loaded 543 positions from weights/reve-positions
[REVE] Loaded 140/140 encoder params from weights/reve-base/model.safetensors
  Fold 5 | Ep   1/50 | t_loss=0.2961 t_acc=0.484 | v_win_bal=0.496 v_rec_bal=0.442 | lr=1.0e-05 | 14.3s
  Fold 5 | Ep   2/50 | t_loss=0.1842 t_acc=0.592 | v_win_bal=0.481 v_rec_bal=0.385 | lr=2.0e-05 | 14.9s
  Fold 5 | Ep   3/50 | t_loss=0.1521 t_acc=0.666 | v_win_bal=0.476 v_rec_bal=0.635 | lr=3.0e-05 | 17.2s
  Fold 5 | Ep   4/50 | t_loss=0.1291 t_acc=0.741 | v_win_bal=0.498 v_rec_bal=0.519 | lr=3.0e-05 | 17.0s
  Fold 5 | Ep   5/50 | t_loss=0.1104 t_acc=0.800 | v_win_bal=0.474 v_rec_bal=0.481 | lr=3.0e-05 | 22.5s
  Fold 5 | Ep   6/50 | t_loss=0.0880 t_acc=0.867 | v_win_bal=0.565 v_rec_bal=0.712 | lr=3.0e-05 | 16.8s
  Fold 5 | Ep   7/50 | t_loss=0.0605 t_acc=0.921 | v_win_bal=0.532 v_rec_bal=0.462 | lr=2.9e-05 | 14.1s
  Fold 5 | Ep   8/50 | t_loss=0.0340 t_acc=0.966 | v_win_bal=0.539 v_rec_bal=0.500 | lr=2.9e-05 | 14.6s
  Fold 5 | Ep   9/50 | t_loss=0.0155 t_acc=0.993 | v_win_bal=0.567 v_rec_bal=0.712 | lr=2.9e-05 | 15.2s
  Fold 5 | Ep  10/50 | t_loss=0.0066 t_acc=0.999 | v_win_bal=0.556 v_rec_bal=0.750 | lr=2.8e-05 | 13.5s
  Fold 5 | Ep  11/50 | t_loss=0.0027 t_acc=1.000 | v_win_bal=0.531 v_rec_bal=0.500 | lr=2.8e-05 | 14.4s
  Fold 5 | Ep  12/50 | t_loss=0.0015 t_acc=1.000 | v_win_bal=0.540 v_rec_bal=0.500 | lr=2.7e-05 | 13.1s
  Fold 5 | Ep  13/50 | t_loss=0.0009 t_acc=1.000 | v_win_bal=0.549 v_rec_bal=0.500 | lr=2.7e-05 | 14.4s
  Fold 5 | Ep  14/50 | t_loss=0.0006 t_acc=1.000 | v_win_bal=0.541 v_rec_bal=0.500 | lr=2.6e-05 | 14.1s
  Fold 5 | Ep  15/50 | t_loss=0.0005 t_acc=1.000 | v_win_bal=0.548 v_rec_bal=0.750 | lr=2.5e-05 | 15.2s
  Fold 5 | Ep  16/50 | t_loss=0.0003 t_acc=1.000 | v_win_bal=0.544 v_rec_bal=0.500 | lr=2.5e-05 | 15.8s
  Fold 5 | Ep  17/50 | t_loss=0.0003 t_acc=1.000 | v_win_bal=0.544 v_rec_bal=0.500 | lr=2.4e-05 | 20.3s
  Fold 5 | Ep  18/50 | t_loss=0.0002 t_acc=1.000 | v_win_bal=0.544 v_rec_bal=0.500 | lr=2.3e-05 | 16.1s
  Fold 5 | Ep  19/50 | t_loss=0.0002 t_acc=1.000 | v_win_bal=0.543 v_rec_bal=0.500 | lr=2.2e-05 | 16.1s
  Fold 5 | Ep  20/50 | t_loss=0.0002 t_acc=1.000 | v_win_bal=0.541 v_rec_bal=0.500 | lr=2.1e-05 | 15.4s
  Fold 5 | Ep  21/50 | t_loss=0.0001 t_acc=1.000 | v_win_bal=0.544 v_rec_bal=0.500 | lr=2.0e-05 | 16.5s
  Fold 5 | Ep  22/50 | t_loss=0.0001 t_acc=1.000 | v_win_bal=0.543 v_rec_bal=0.500 | lr=1.9e-05 | 17.2s
  Fold 5 | Ep  23/50 | t_loss=0.0001 t_acc=1.000 | v_win_bal=0.543 v_rec_bal=0.500 | lr=1.8e-05 | 16.1s
  Fold 5 | Ep  24/50 | t_loss=0.0001 t_acc=1.000 | v_win_bal=0.543 v_rec_bal=0.500 | lr=1.7e-05 | 15.2s
  Fold 5 | Ep  25/50 | t_loss=0.0001 t_acc=1.000 | v_win_bal=0.543 v_rec_bal=0.500 | lr=1.7e-05 | 16.4s
  Early stop at epoch 25
  -> Test (best @ epoch 10): acc=0.3333, bal_acc=0.4444

============================================================
Global Results (5-Fold, subject-level CV)
Mode: FT | Extractor: reve | Loss: focal
============================================================
              acc: 0.6286
          bal_acc: 0.4732
               f1: 0.6449
            kappa: -0.0484
  Total predictions: 70 (should equal dataset size: 70)

Results saved to results/studies/exp03_stress_erosion/ft_null_reve/perm_s9/
