/raid/jupyter-linjimmy1003.md10/.conda/envs/stress/lib/python3.11/site-packages/timm/models/layers/__init__.py:49: FutureWarning: Importing from timm.models.layers is deprecated, please import via timm.layers
  warnings.warn(f"Importing from {__name__} is deprecated, please import via timm.layers", FutureWarning)
Mode: FT | Extractor: reve | Folds: 5
LR: 3e-05 | WD: 0.05 | Beta2: 0.999 | Grad clip: 2.0
Head: hidden=128, dropout=0.0 | Norm: none | Loss: focal
Full FT: encoder_lr_scale=0.1
Augmentation: 75% overlap for increase class

Results → results/studies/exp03_stress_erosion/ft_null_reve/perm_s2/
Dataset: 70 recordings loaded (14 increase, 56 normal)
Cache: 70 recordings ready (70 cached, 0 new)
[permute-labels] Shuffled labels with rng seed 2. Class balance preserved: 14 pos / 56 neg

============================================================
Fold 1/5
============================================================
  Train:  42 samples, 11 subjects [2, 4, 5, 9, 11, 12, 13, 14, 16, 17, 18], label_0=33, label_1=9
    Val:  13 samples,  3 subjects [1, 6, 10], label_0=11, label_1=2
   Test:  15 samples,  3 subjects [3, 7, 8], label_0=12, label_1=3
  Building window datasets...
    WindowDataset: 3306 windows (class_0=1373, class_1=1933)
    WindowDataset: 434 windows (class_0=315, class_1=119)
    WindowDataset: 461 windows (class_0=362, class_1=99)
[PosBank] Loaded 543 positions from weights/reve-positions
[REVE] Loaded 140/140 encoder params from weights/reve-base/model.safetensors
  Trainable parameters: 69,321,347
  Class weights: [1.2039330005645752, 0.8551474213600159]
  Fold 1 | Ep   1/50 | t_loss=0.2626 t_acc=0.493 | v_win_bal=0.549 v_rec_bal=0.705 | lr=1.0e-05 | 14.2s
  Fold 1 | Ep   2/50 | t_loss=0.1774 t_acc=0.608 | v_win_bal=0.583 v_rec_bal=0.455 | lr=2.0e-05 | 13.4s
  Fold 1 | Ep   3/50 | t_loss=0.1367 t_acc=0.726 | v_win_bal=0.591 v_rec_bal=0.455 | lr=3.0e-05 | 12.6s
  Fold 1 | Ep   4/50 | t_loss=0.1038 t_acc=0.807 | v_win_bal=0.596 v_rec_bal=0.500 | lr=3.0e-05 | 13.9s
  Fold 1 | Ep   5/50 | t_loss=0.0574 t_acc=0.918 | v_win_bal=0.528 v_rec_bal=0.500 | lr=3.0e-05 | 12.9s
  Fold 1 | Ep   6/50 | t_loss=0.0185 t_acc=0.981 | v_win_bal=0.521 v_rec_bal=0.500 | lr=3.0e-05 | 13.3s
  Fold 1 | Ep   7/50 | t_loss=0.0059 t_acc=0.996 | v_win_bal=0.514 v_rec_bal=0.500 | lr=2.9e-05 | 13.6s
  Fold 1 | Ep   8/50 | t_loss=0.0021 t_acc=1.000 | v_win_bal=0.521 v_rec_bal=0.500 | lr=2.9e-05 | 13.5s
  Fold 1 | Ep   9/50 | t_loss=0.0009 t_acc=1.000 | v_win_bal=0.515 v_rec_bal=0.500 | lr=2.9e-05 | 13.0s
  Fold 1 | Ep  10/50 | t_loss=0.0005 t_acc=1.000 | v_win_bal=0.515 v_rec_bal=0.500 | lr=2.8e-05 | 13.4s
  Fold 1 | Ep  11/50 | t_loss=0.0003 t_acc=1.000 | v_win_bal=0.514 v_rec_bal=0.500 | lr=2.8e-05 | 13.4s
  Fold 1 | Ep  12/50 | t_loss=0.0002 t_acc=1.000 | v_win_bal=0.509 v_rec_bal=0.500 | lr=2.7e-05 | 12.7s
  Fold 1 | Ep  13/50 | t_loss=0.0002 t_acc=1.000 | v_win_bal=0.511 v_rec_bal=0.500 | lr=2.7e-05 | 13.8s
  Fold 1 | Ep  14/50 | t_loss=0.0001 t_acc=1.000 | v_win_bal=0.514 v_rec_bal=0.500 | lr=2.6e-05 | 14.0s
  Fold 1 | Ep  15/50 | t_loss=0.0001 t_acc=1.000 | v_win_bal=0.507 v_rec_bal=0.500 | lr=2.5e-05 | 16.9s
  Fold 1 | Ep  16/50 | t_loss=0.0001 t_acc=1.000 | v_win_bal=0.509 v_rec_bal=0.500 | lr=2.5e-05 | 14.9s
  Early stop at epoch 16
  -> Test (best @ epoch 1): acc=0.4000, bal_acc=0.2500

============================================================
Fold 2/5
============================================================
  Train:  42 samples, 11 subjects [2, 4, 5, 7, 9, 11, 12, 14, 16, 17, 18], label_0=33, label_1=9
    Val:  15 samples,  3 subjects [3, 6, 8], label_0=12, label_1=3
   Test:  13 samples,  3 subjects [1, 10, 13], label_0=11, label_1=2
  Building window datasets...
    WindowDataset: 3181 windows (class_0=1248, class_1=1933)
    WindowDataset: 463 windows (class_0=370, class_1=93)
    WindowDataset: 557 windows (class_0=432, class_1=125)
[PosBank] Loaded 543 positions from weights/reve-positions
[REVE] Loaded 140/140 encoder params from weights/reve-base/model.safetensors
  Fold 2 | Ep   1/50 | t_loss=0.4770 t_acc=0.436 | v_win_bal=0.548 v_rec_bal=0.583 | lr=1.0e-05 | 14.1s
  Fold 2 | Ep   2/50 | t_loss=0.1843 t_acc=0.604 | v_win_bal=0.538 v_rec_bal=0.583 | lr=2.0e-05 | 15.2s
  Fold 2 | Ep   3/50 | t_loss=0.1364 t_acc=0.729 | v_win_bal=0.577 v_rec_bal=0.583 | lr=3.0e-05 | 15.6s
  Fold 2 | Ep   4/50 | t_loss=0.0970 t_acc=0.832 | v_win_bal=0.549 v_rec_bal=0.542 | lr=3.0e-05 | 15.1s
  Fold 2 | Ep   5/50 | t_loss=0.0561 t_acc=0.917 | v_win_bal=0.543 v_rec_bal=0.458 | lr=3.0e-05 | 13.6s
  Fold 2 | Ep   6/50 | t_loss=0.0232 t_acc=0.973 | v_win_bal=0.480 v_rec_bal=0.333 | lr=3.0e-05 | 16.6s
  Fold 2 | Ep   7/50 | t_loss=0.0084 t_acc=0.992 | v_win_bal=0.486 v_rec_bal=0.333 | lr=2.9e-05 | 15.7s
  Fold 2 | Ep   8/50 | t_loss=0.0027 t_acc=1.000 | v_win_bal=0.467 v_rec_bal=0.333 | lr=2.9e-05 | 13.4s
  Fold 2 | Ep   9/50 | t_loss=0.0014 t_acc=1.000 | v_win_bal=0.483 v_rec_bal=0.500 | lr=2.9e-05 | 14.5s
  Fold 2 | Ep  10/50 | t_loss=0.0008 t_acc=1.000 | v_win_bal=0.483 v_rec_bal=0.500 | lr=2.8e-05 | 13.9s
  Fold 2 | Ep  11/50 | t_loss=0.0005 t_acc=1.000 | v_win_bal=0.483 v_rec_bal=0.500 | lr=2.8e-05 | 14.4s
  Fold 2 | Ep  12/50 | t_loss=0.0004 t_acc=1.000 | v_win_bal=0.468 v_rec_bal=0.500 | lr=2.7e-05 | 12.9s
  Fold 2 | Ep  13/50 | t_loss=0.0003 t_acc=1.000 | v_win_bal=0.474 v_rec_bal=0.500 | lr=2.7e-05 | 13.9s
  Fold 2 | Ep  14/50 | t_loss=0.0002 t_acc=1.000 | v_win_bal=0.482 v_rec_bal=0.500 | lr=2.6e-05 | 13.2s
  Fold 2 | Ep  15/50 | t_loss=0.0002 t_acc=1.000 | v_win_bal=0.478 v_rec_bal=0.500 | lr=2.5e-05 | 13.4s
  Fold 2 | Ep  16/50 | t_loss=0.0001 t_acc=1.000 | v_win_bal=0.478 v_rec_bal=0.500 | lr=2.5e-05 | 12.6s
  Fold 2 | Ep  17/50 | t_loss=0.0001 t_acc=1.000 | v_win_bal=0.471 v_rec_bal=0.500 | lr=2.4e-05 | 15.2s
  Fold 2 | Ep  18/50 | t_loss=0.0001 t_acc=1.000 | v_win_bal=0.483 v_rec_bal=0.500 | lr=2.3e-05 | 15.5s
  Early stop at epoch 18
  -> Test (best @ epoch 2): acc=0.7692, bal_acc=0.6591

============================================================
Fold 3/5
============================================================
  Train:  41 samples, 11 subjects [1, 2, 4, 5, 8, 9, 10, 11, 13, 14, 16], label_0=33, label_1=8
    Val:  17 samples,  3 subjects [3, 7, 12], label_0=13, label_1=4
   Test:  12 samples,  3 subjects [6, 17, 18], label_0=10, label_1=2
  Building window datasets...
    WindowDataset: 2730 windows (class_0=1354, class_1=1376)
    WindowDataset: 691 windows (class_0=389, class_1=302)
    WindowDataset: 363 windows (class_0=307, class_1=56)
[PosBank] Loaded 543 positions from weights/reve-positions
[REVE] Loaded 140/140 encoder params from weights/reve-base/model.safetensors
  Fold 3 | Ep   1/50 | t_loss=0.6543 t_acc=0.509 | v_win_bal=0.532 v_rec_bal=0.558 | lr=1.0e-05 | 13.8s
  Fold 3 | Ep   2/50 | t_loss=0.2038 t_acc=0.554 | v_win_bal=0.496 v_rec_bal=0.442 | lr=2.0e-05 | 12.6s
  Fold 3 | Ep   3/50 | t_loss=0.1460 t_acc=0.707 | v_win_bal=0.468 v_rec_bal=0.365 | lr=3.0e-05 | 13.0s
  Fold 3 | Ep   4/50 | t_loss=0.1005 t_acc=0.834 | v_win_bal=0.463 v_rec_bal=0.442 | lr=3.0e-05 | 15.4s
  Fold 3 | Ep   5/50 | t_loss=0.0577 t_acc=0.918 | v_win_bal=0.414 v_rec_bal=0.433 | lr=3.0e-05 | 14.1s
  Fold 3 | Ep   6/50 | t_loss=0.0257 t_acc=0.975 | v_win_bal=0.430 v_rec_bal=0.548 | lr=3.0e-05 | 13.3s
  Fold 3 | Ep   7/50 | t_loss=0.0103 t_acc=0.991 | v_win_bal=0.448 v_rec_bal=0.548 | lr=2.9e-05 | 14.8s
  Fold 3 | Ep   8/50 | t_loss=0.0038 t_acc=0.999 | v_win_bal=0.459 v_rec_bal=0.635 | lr=2.9e-05 | 12.4s
  Fold 3 | Ep   9/50 | t_loss=0.0017 t_acc=1.000 | v_win_bal=0.457 v_rec_bal=0.596 | lr=2.9e-05 | 13.4s
  Fold 3 | Ep  10/50 | t_loss=0.0009 t_acc=1.000 | v_win_bal=0.463 v_rec_bal=0.635 | lr=2.8e-05 | 14.8s
  Fold 3 | Ep  11/50 | t_loss=0.0006 t_acc=1.000 | v_win_bal=0.463 v_rec_bal=0.596 | lr=2.8e-05 | 13.8s
  Fold 3 | Ep  12/50 | t_loss=0.0004 t_acc=1.000 | v_win_bal=0.466 v_rec_bal=0.596 | lr=2.7e-05 | 13.8s
  Fold 3 | Ep  13/50 | t_loss=0.0003 t_acc=1.000 | v_win_bal=0.466 v_rec_bal=0.596 | lr=2.7e-05 | 17.0s
  Fold 3 | Ep  14/50 | t_loss=0.0002 t_acc=1.000 | v_win_bal=0.466 v_rec_bal=0.596 | lr=2.6e-05 | 11.1s
  Fold 3 | Ep  15/50 | t_loss=0.0002 t_acc=1.000 | v_win_bal=0.467 v_rec_bal=0.596 | lr=2.5e-05 | 11.9s
  Fold 3 | Ep  16/50 | t_loss=0.0001 t_acc=1.000 | v_win_bal=0.471 v_rec_bal=0.635 | lr=2.5e-05 | 13.3s
  Fold 3 | Ep  17/50 | t_loss=0.0001 t_acc=1.000 | v_win_bal=0.466 v_rec_bal=0.596 | lr=2.4e-05 | 15.8s
  Fold 3 | Ep  18/50 | t_loss=0.0001 t_acc=1.000 | v_win_bal=0.471 v_rec_bal=0.596 | lr=2.3e-05 | 15.8s
  Fold 3 | Ep  19/50 | t_loss=0.0001 t_acc=1.000 | v_win_bal=0.470 v_rec_bal=0.596 | lr=2.2e-05 | 13.7s
  Fold 3 | Ep  20/50 | t_loss=0.0001 t_acc=1.000 | v_win_bal=0.470 v_rec_bal=0.596 | lr=2.1e-05 | 16.4s
  Fold 3 | Ep  21/50 | t_loss=0.0001 t_acc=1.000 | v_win_bal=0.470 v_rec_bal=0.596 | lr=2.0e-05 | 13.2s
  Fold 3 | Ep  22/50 | t_loss=0.0001 t_acc=1.000 | v_win_bal=0.468 v_rec_bal=0.596 | lr=1.9e-05 | 13.8s
  Fold 3 | Ep  23/50 | t_loss=0.0001 t_acc=1.000 | v_win_bal=0.470 v_rec_bal=0.596 | lr=1.8e-05 | 16.8s
  Fold 3 | Ep  24/50 | t_loss=0.0001 t_acc=1.000 | v_win_bal=0.470 v_rec_bal=0.596 | lr=1.7e-05 | 14.9s
  Fold 3 | Ep  25/50 | t_loss=0.0000 t_acc=1.000 | v_win_bal=0.470 v_rec_bal=0.596 | lr=1.7e-05 | 14.4s
  Early stop at epoch 25
  -> Test (best @ epoch 8): acc=0.8333, bal_acc=0.5000

============================================================
Fold 4/5
============================================================
  Train:  39 samples, 11 subjects [1, 2, 4, 6, 7, 8, 9, 10, 16, 17, 18], label_0=32, label_1=7
    Val:  17 samples,  3 subjects [3, 12, 13], label_0=13, label_1=4
   Test:  14 samples,  3 subjects [5, 11, 14], label_0=11, label_1=3
  Building window datasets...
    WindowDataset: 2103 windows (class_0=1008, class_1=1095)
    WindowDataset: 816 windows (class_0=514, class_1=302)
    WindowDataset: 655 windows (class_0=528, class_1=127)
[PosBank] Loaded 543 positions from weights/reve-positions
[REVE] Loaded 140/140 encoder params from weights/reve-base/model.safetensors
  Fold 4 | Ep   1/50 | t_loss=0.3087 t_acc=0.480 | v_win_bal=0.560 v_rec_bal=0.615 | lr=1.0e-05 | 11.6s
  Fold 4 | Ep   2/50 | t_loss=0.2109 t_acc=0.545 | v_win_bal=0.527 v_rec_bal=0.433 | lr=2.0e-05 | 11.6s
  Fold 4 | Ep   3/50 | t_loss=0.1600 t_acc=0.655 | v_win_bal=0.517 v_rec_bal=0.394 | lr=3.0e-05 | 16.1s
  Fold 4 | Ep   4/50 | t_loss=0.1253 t_acc=0.756 | v_win_bal=0.515 v_rec_bal=0.394 | lr=3.0e-05 | 11.6s
  Fold 4 | Ep   5/50 | t_loss=0.0975 t_acc=0.842 | v_win_bal=0.482 v_rec_bal=0.346 | lr=3.0e-05 | 11.9s
  Fold 4 | Ep   6/50 | t_loss=0.0696 t_acc=0.912 | v_win_bal=0.487 v_rec_bal=0.308 | lr=3.0e-05 | 11.0s
  Fold 4 | Ep   7/50 | t_loss=0.0423 t_acc=0.960 | v_win_bal=0.444 v_rec_bal=0.385 | lr=2.9e-05 | 13.6s
  Fold 4 | Ep   8/50 | t_loss=0.0213 t_acc=0.985 | v_win_bal=0.437 v_rec_bal=0.385 | lr=2.9e-05 | 11.6s
  Fold 4 | Ep   9/50 | t_loss=0.0098 t_acc=0.998 | v_win_bal=0.431 v_rec_bal=0.346 | lr=2.9e-05 | 11.0s
  Fold 4 | Ep  10/50 | t_loss=0.0054 t_acc=0.999 | v_win_bal=0.426 v_rec_bal=0.385 | lr=2.8e-05 | 10.2s
  Fold 4 | Ep  11/50 | t_loss=0.0028 t_acc=1.000 | v_win_bal=0.433 v_rec_bal=0.385 | lr=2.8e-05 | 9.1s
  Fold 4 | Ep  12/50 | t_loss=0.0017 t_acc=1.000 | v_win_bal=0.436 v_rec_bal=0.385 | lr=2.7e-05 | 12.2s
  Fold 4 | Ep  13/50 | t_loss=0.0012 t_acc=1.000 | v_win_bal=0.432 v_rec_bal=0.385 | lr=2.7e-05 | 16.7s
  Fold 4 | Ep  14/50 | t_loss=0.0009 t_acc=1.000 | v_win_bal=0.436 v_rec_bal=0.385 | lr=2.6e-05 | 11.6s
  Fold 4 | Ep  15/50 | t_loss=0.0007 t_acc=1.000 | v_win_bal=0.433 v_rec_bal=0.385 | lr=2.5e-05 | 13.3s
  Fold 4 | Ep  16/50 | t_loss=0.0005 t_acc=1.000 | v_win_bal=0.430 v_rec_bal=0.385 | lr=2.5e-05 | 10.5s
  Early stop at epoch 16
  -> Test (best @ epoch 1): acc=0.2857, bal_acc=0.3030

============================================================
Fold 5/5
============================================================
  Train:  39 samples,  9 subjects [1, 5, 7, 10, 11, 13, 14, 17, 18], label_0=32, label_1=7
    Val:  15 samples,  3 subjects [3, 6, 8], label_0=12, label_1=3
   Test:  16 samples,  5 subjects [2, 4, 9, 12, 16], label_0=12, label_1=4
  Building window datasets...
    WindowDataset: 2494 windows (class_0=1259, class_1=1235)
    WindowDataset: 463 windows (class_0=370, class_1=93)
    WindowDataset: 722 windows (class_0=421, class_1=301)
[PosBank] Loaded 543 positions from weights/reve-positions
[REVE] Loaded 140/140 encoder params from weights/reve-base/model.safetensors
  Fold 5 | Ep   1/50 | t_loss=0.3130 t_acc=0.523 | v_win_bal=0.507 v_rec_bal=0.500 | lr=1.0e-05 | 11.7s
  Fold 5 | Ep   2/50 | t_loss=0.1745 t_acc=0.630 | v_win_bal=0.387 v_rec_bal=0.250 | lr=2.0e-05 | 10.9s
  Fold 5 | Ep   3/50 | t_loss=0.1373 t_acc=0.732 | v_win_bal=0.402 v_rec_bal=0.417 | lr=3.0e-05 | 11.5s
  Fold 5 | Ep   4/50 | t_loss=0.1097 t_acc=0.810 | v_win_bal=0.436 v_rec_bal=0.458 | lr=3.0e-05 | 11.0s
  Fold 5 | Ep   5/50 | t_loss=0.0830 t_acc=0.875 | v_win_bal=0.428 v_rec_bal=0.458 | lr=3.0e-05 | 12.9s
  Fold 5 | Ep   6/50 | t_loss=0.0595 t_acc=0.918 | v_win_bal=0.489 v_rec_bal=0.458 | lr=3.0e-05 | 13.6s
  Fold 5 | Ep   7/50 | t_loss=0.0358 t_acc=0.963 | v_win_bal=0.468 v_rec_bal=0.458 | lr=2.9e-05 | 10.6s
  Fold 5 | Ep   8/50 | t_loss=0.0188 t_acc=0.984 | v_win_bal=0.480 v_rec_bal=0.458 | lr=2.9e-05 | 11.2s
  Fold 5 | Ep   9/50 | t_loss=0.0082 t_acc=0.996 | v_win_bal=0.484 v_rec_bal=0.458 | lr=2.9e-05 | 10.9s
  Fold 5 | Ep  10/50 | t_loss=0.0039 t_acc=1.000 | v_win_bal=0.494 v_rec_bal=0.458 | lr=2.8e-05 | 10.8s
  Fold 5 | Ep  11/50 | t_loss=0.0021 t_acc=1.000 | v_win_bal=0.487 v_rec_bal=0.458 | lr=2.8e-05 | 11.4s
  Fold 5 | Ep  12/50 | t_loss=0.0012 t_acc=1.000 | v_win_bal=0.494 v_rec_bal=0.458 | lr=2.7e-05 | 11.8s
  Fold 5 | Ep  13/50 | t_loss=0.0008 t_acc=1.000 | v_win_bal=0.499 v_rec_bal=0.458 | lr=2.7e-05 | 10.8s
  Fold 5 | Ep  14/50 | t_loss=0.0006 t_acc=1.000 | v_win_bal=0.498 v_rec_bal=0.458 | lr=2.6e-05 | 11.4s
  Fold 5 | Ep  15/50 | t_loss=0.0004 t_acc=1.000 | v_win_bal=0.499 v_rec_bal=0.458 | lr=2.5e-05 | 11.0s
  Fold 5 | Ep  16/50 | t_loss=0.0003 t_acc=1.000 | v_win_bal=0.499 v_rec_bal=0.458 | lr=2.5e-05 | 11.7s
  Early stop at epoch 16
  -> Test (best @ epoch 1): acc=0.2500, bal_acc=0.4167

============================================================
Global Results (5-Fold, subject-level CV)
Mode: FT | Extractor: reve | Loss: focal
============================================================
              acc: 0.4857
          bal_acc: 0.4375
               f1: 0.5371
            kappa: -0.0843
  Total predictions: 70 (should equal dataset size: 70)

Results saved to results/studies/exp03_stress_erosion/ft_null_reve/perm_s2/
