/raid/jupyter-linjimmy1003.md10/.conda/envs/stress/lib/python3.11/site-packages/timm/models/layers/__init__.py:49: FutureWarning: Importing from timm.models.layers is deprecated, please import via timm.layers
  warnings.warn(f"Importing from {__name__} is deprecated, please import via timm.layers", FutureWarning)
Mode: FT | Extractor: reve | Folds: 5
LR: 3e-05 | WD: 0.05 | Beta2: 0.999 | Grad clip: 2.0
Head: hidden=128, dropout=0.0 | Norm: none | Loss: focal
Full FT: encoder_lr_scale=0.1
Augmentation: 75% overlap for increase class

Results → results/studies/exp03_stress_erosion/ft_null_reve/perm_s6/
Dataset: 70 recordings loaded (14 increase, 56 normal)
Cache: 70 recordings ready (70 cached, 0 new)
[permute-labels] Shuffled labels with rng seed 6. Class balance preserved: 14 pos / 56 neg

============================================================
Fold 1/5
============================================================
  Train:  39 samples, 10 subjects [1, 2, 3, 6, 9, 11, 12, 13, 14, 16], label_0=30, label_1=9
    Val:  15 samples,  3 subjects [5, 7, 8], label_0=13, label_1=2
   Test:  16 samples,  4 subjects [4, 10, 17, 18], label_0=13, label_1=3
  Building window datasets...
    WindowDataset: 2931 windows (class_0=1362, class_1=1569)
    WindowDataset: 468 windows (class_0=400, class_1=68)
    WindowDataset: 529 windows (class_0=437, class_1=92)
[PosBank] Loaded 543 positions from weights/reve-positions
[REVE] Loaded 140/140 encoder params from weights/reve-base/model.safetensors
  Trainable parameters: 69,321,347
  Class weights: [1.075991153717041, 0.9340344071388245]
  Fold 1 | Ep   1/50 | t_loss=0.2572 t_acc=0.565 | v_win_bal=0.608 v_rec_bal=0.923 | lr=1.0e-05 | 11.9s
  Fold 1 | Ep   2/50 | t_loss=0.1803 t_acc=0.632 | v_win_bal=0.677 v_rec_bal=0.885 | lr=2.0e-05 | 11.0s
  Fold 1 | Ep   3/50 | t_loss=0.1358 t_acc=0.729 | v_win_bal=0.690 v_rec_bal=0.673 | lr=3.0e-05 | 11.0s
  Fold 1 | Ep   4/50 | t_loss=0.1008 t_acc=0.843 | v_win_bal=0.730 v_rec_bal=0.885 | lr=3.0e-05 | 11.2s
  Fold 1 | Ep   5/50 | t_loss=0.0676 t_acc=0.906 | v_win_bal=0.662 v_rec_bal=0.712 | lr=3.0e-05 | 11.5s
  Fold 1 | Ep   6/50 | t_loss=0.0411 t_acc=0.952 | v_win_bal=0.570 v_rec_bal=0.462 | lr=3.0e-05 | 11.1s
  Fold 1 | Ep   7/50 | t_loss=0.0221 t_acc=0.978 | v_win_bal=0.605 v_rec_bal=0.462 | lr=2.9e-05 | 12.4s
  Fold 1 | Ep   8/50 | t_loss=0.0108 t_acc=0.992 | v_win_bal=0.593 v_rec_bal=0.462 | lr=2.9e-05 | 12.0s
  Fold 1 | Ep   9/50 | t_loss=0.0051 t_acc=0.999 | v_win_bal=0.591 v_rec_bal=0.462 | lr=2.9e-05 | 11.8s
  Fold 1 | Ep  10/50 | t_loss=0.0027 t_acc=1.000 | v_win_bal=0.588 v_rec_bal=0.462 | lr=2.8e-05 | 12.7s
  Fold 1 | Ep  11/50 | t_loss=0.0016 t_acc=1.000 | v_win_bal=0.600 v_rec_bal=0.462 | lr=2.8e-05 | 11.4s
  Fold 1 | Ep  12/50 | t_loss=0.0011 t_acc=1.000 | v_win_bal=0.609 v_rec_bal=0.462 | lr=2.7e-05 | 12.2s
  Fold 1 | Ep  13/50 | t_loss=0.0008 t_acc=1.000 | v_win_bal=0.615 v_rec_bal=0.462 | lr=2.7e-05 | 12.1s
  Fold 1 | Ep  14/50 | t_loss=0.0006 t_acc=1.000 | v_win_bal=0.613 v_rec_bal=0.462 | lr=2.6e-05 | 11.8s
  Fold 1 | Ep  15/50 | t_loss=0.0004 t_acc=1.000 | v_win_bal=0.617 v_rec_bal=0.462 | lr=2.5e-05 | 12.0s
  Fold 1 | Ep  16/50 | t_loss=0.0003 t_acc=1.000 | v_win_bal=0.602 v_rec_bal=0.462 | lr=2.5e-05 | 12.0s
  Early stop at epoch 16
  -> Test (best @ epoch 1): acc=0.7500, bal_acc=0.4615

============================================================
Fold 2/5
============================================================
  Train:  41 samples, 11 subjects [1, 2, 3, 6, 7, 10, 12, 14, 16, 17, 18], label_0=32, label_1=9
    Val:  14 samples,  3 subjects [4, 5, 9], label_0=11, label_1=3
   Test:  15 samples,  3 subjects [8, 11, 13], label_0=13, label_1=2
  Building window datasets...
    WindowDataset: 2382 windows (class_0=1297, class_1=1085)
    WindowDataset: 492 windows (class_0=335, class_1=157)
    WindowDataset: 691 windows (class_0=567, class_1=124)
[PosBank] Loaded 543 positions from weights/reve-positions
[REVE] Loaded 140/140 encoder params from weights/reve-base/model.safetensors
  Fold 2 | Ep   1/50 | t_loss=0.7225 t_acc=0.539 | v_win_bal=0.567 v_rec_bal=0.500 | lr=1.0e-05 | 10.0s
  Fold 2 | Ep   2/50 | t_loss=0.2259 t_acc=0.543 | v_win_bal=0.529 v_rec_bal=0.667 | lr=2.0e-05 | 9.6s
  Fold 2 | Ep   3/50 | t_loss=0.1638 t_acc=0.666 | v_win_bal=0.501 v_rec_bal=0.409 | lr=3.0e-05 | 10.2s
  Fold 2 | Ep   4/50 | t_loss=0.1217 t_acc=0.789 | v_win_bal=0.430 v_rec_bal=0.318 | lr=3.0e-05 | 9.7s
  Fold 2 | Ep   5/50 | t_loss=0.0874 t_acc=0.863 | v_win_bal=0.393 v_rec_bal=0.439 | lr=3.0e-05 | 9.8s
  Fold 2 | Ep   6/50 | t_loss=0.0604 t_acc=0.912 | v_win_bal=0.386 v_rec_bal=0.318 | lr=3.0e-05 | 10.2s
  Fold 2 | Ep   7/50 | t_loss=0.0404 t_acc=0.952 | v_win_bal=0.362 v_rec_bal=0.318 | lr=2.9e-05 | 9.3s
  Fold 2 | Ep   8/50 | t_loss=0.0259 t_acc=0.975 | v_win_bal=0.418 v_rec_bal=0.409 | lr=2.9e-05 | 12.3s
  Fold 2 | Ep   9/50 | t_loss=0.0162 t_acc=0.988 | v_win_bal=0.406 v_rec_bal=0.364 | lr=2.9e-05 | 10.7s
  Fold 2 | Ep  10/50 | t_loss=0.0099 t_acc=0.995 | v_win_bal=0.385 v_rec_bal=0.318 | lr=2.8e-05 | 9.5s
  Fold 2 | Ep  11/50 | t_loss=0.0064 t_acc=0.998 | v_win_bal=0.393 v_rec_bal=0.318 | lr=2.8e-05 | 10.1s
  Fold 2 | Ep  12/50 | t_loss=0.0042 t_acc=1.000 | v_win_bal=0.389 v_rec_bal=0.318 | lr=2.7e-05 | 10.1s
  Fold 2 | Ep  13/50 | t_loss=0.0028 t_acc=1.000 | v_win_bal=0.413 v_rec_bal=0.409 | lr=2.7e-05 | 11.1s
  Fold 2 | Ep  14/50 | t_loss=0.0019 t_acc=1.000 | v_win_bal=0.408 v_rec_bal=0.409 | lr=2.6e-05 | 10.3s
  Fold 2 | Ep  15/50 | t_loss=0.0014 t_acc=1.000 | v_win_bal=0.394 v_rec_bal=0.364 | lr=2.5e-05 | 9.5s
  Fold 2 | Ep  16/50 | t_loss=0.0011 t_acc=1.000 | v_win_bal=0.410 v_rec_bal=0.409 | lr=2.5e-05 | 10.2s
  Fold 2 | Ep  17/50 | t_loss=0.0008 t_acc=1.000 | v_win_bal=0.403 v_rec_bal=0.409 | lr=2.4e-05 | 10.1s
  Early stop at epoch 17
  -> Test (best @ epoch 2): acc=0.6000, bal_acc=0.5577

============================================================
Fold 3/5
============================================================
  Train:  43 samples, 11 subjects [1, 2, 3, 6, 8, 10, 12, 13, 16, 17, 18], label_0=34, label_1=9
    Val:  12 samples,  2 subjects [4, 11], label_0=10, label_1=2
   Test:  15 samples,  4 subjects [5, 7, 9, 14], label_0=12, label_1=3
  Building window datasets...
    WindowDataset: 2463 windows (class_0=1378, class_1=1085)
    WindowDataset: 471 windows (class_0=347, class_1=124)
    WindowDataset: 631 windows (class_0=474, class_1=157)
[PosBank] Loaded 543 positions from weights/reve-positions
[REVE] Loaded 140/140 encoder params from weights/reve-base/model.safetensors
  Fold 3 | Ep   1/50 | t_loss=0.4948 t_acc=0.440 | v_win_bal=0.450 v_rec_bal=0.300 | lr=1.0e-05 | 10.5s
  Fold 3 | Ep   2/50 | t_loss=0.2120 t_acc=0.552 | v_win_bal=0.575 v_rec_bal=0.750 | lr=2.0e-05 | 10.1s
  Fold 3 | Ep   3/50 | t_loss=0.1615 t_acc=0.660 | v_win_bal=0.646 v_rec_bal=0.800 | lr=3.0e-05 | 10.4s
  Fold 3 | Ep   4/50 | t_loss=0.1234 t_acc=0.786 | v_win_bal=0.653 v_rec_bal=0.600 | lr=3.0e-05 | 10.4s
  Fold 3 | Ep   5/50 | t_loss=0.0918 t_acc=0.866 | v_win_bal=0.647 v_rec_bal=0.800 | lr=3.0e-05 | 10.8s
  Fold 3 | Ep   6/50 | t_loss=0.0655 t_acc=0.912 | v_win_bal=0.710 v_rec_bal=0.750 | lr=3.0e-05 | 10.2s
  Fold 3 | Ep   7/50 | t_loss=0.0443 t_acc=0.951 | v_win_bal=0.638 v_rec_bal=0.750 | lr=2.9e-05 | 10.6s
  Fold 3 | Ep   8/50 | t_loss=0.0280 t_acc=0.976 | v_win_bal=0.663 v_rec_bal=0.900 | lr=2.9e-05 | 10.8s
  Fold 3 | Ep   9/50 | t_loss=0.0164 t_acc=0.990 | v_win_bal=0.623 v_rec_bal=0.700 | lr=2.9e-05 | 10.4s
  Fold 3 | Ep  10/50 | t_loss=0.0095 t_acc=0.995 | v_win_bal=0.627 v_rec_bal=0.900 | lr=2.8e-05 | 10.9s
  Fold 3 | Ep  11/50 | t_loss=0.0055 t_acc=1.000 | v_win_bal=0.620 v_rec_bal=0.650 | lr=2.8e-05 | 11.2s
  Fold 3 | Ep  12/50 | t_loss=0.0035 t_acc=1.000 | v_win_bal=0.626 v_rec_bal=0.900 | lr=2.7e-05 | 10.5s
  Fold 3 | Ep  13/50 | t_loss=0.0024 t_acc=1.000 | v_win_bal=0.602 v_rec_bal=0.650 | lr=2.7e-05 | 10.5s
  Fold 3 | Ep  14/50 | t_loss=0.0016 t_acc=1.000 | v_win_bal=0.611 v_rec_bal=0.650 | lr=2.6e-05 | 10.1s
  Fold 3 | Ep  15/50 | t_loss=0.0012 t_acc=1.000 | v_win_bal=0.615 v_rec_bal=0.650 | lr=2.5e-05 | 10.9s
  Fold 3 | Ep  16/50 | t_loss=0.0009 t_acc=1.000 | v_win_bal=0.605 v_rec_bal=0.650 | lr=2.5e-05 | 11.5s
  Fold 3 | Ep  17/50 | t_loss=0.0007 t_acc=1.000 | v_win_bal=0.604 v_rec_bal=0.650 | lr=2.4e-05 | 14.7s
  Fold 3 | Ep  18/50 | t_loss=0.0006 t_acc=1.000 | v_win_bal=0.606 v_rec_bal=0.650 | lr=2.3e-05 | 10.7s
  Fold 3 | Ep  19/50 | t_loss=0.0005 t_acc=1.000 | v_win_bal=0.611 v_rec_bal=0.650 | lr=2.2e-05 | 11.1s
  Fold 3 | Ep  20/50 | t_loss=0.0004 t_acc=1.000 | v_win_bal=0.607 v_rec_bal=0.650 | lr=2.1e-05 | 10.5s
  Fold 3 | Ep  21/50 | t_loss=0.0004 t_acc=1.000 | v_win_bal=0.609 v_rec_bal=0.650 | lr=2.0e-05 | 10.6s
  Fold 3 | Ep  22/50 | t_loss=0.0003 t_acc=1.000 | v_win_bal=0.607 v_rec_bal=0.650 | lr=1.9e-05 | 10.2s
  Fold 3 | Ep  23/50 | t_loss=0.0003 t_acc=1.000 | v_win_bal=0.604 v_rec_bal=0.650 | lr=1.8e-05 | 10.5s
  Fold 3 | Ep  24/50 | t_loss=0.0003 t_acc=1.000 | v_win_bal=0.614 v_rec_bal=0.650 | lr=1.7e-05 | 10.9s
  Fold 3 | Ep  25/50 | t_loss=0.0002 t_acc=1.000 | v_win_bal=0.610 v_rec_bal=0.650 | lr=1.7e-05 | 9.8s
  Early stop at epoch 25
  -> Test (best @ epoch 8): acc=0.8000, bal_acc=0.5000

============================================================
Fold 4/5
============================================================
  Train:  44 samples, 11 subjects [1, 3, 7, 8, 9, 10, 11, 13, 16, 17, 18], label_0=35, label_1=9
    Val:  14 samples,  3 subjects [4, 5, 14], label_0=12, label_1=2
   Test:  12 samples,  3 subjects [2, 6, 12], label_0=9, label_1=3
  Building window datasets...
    WindowDataset: 2841 windows (class_0=1272, class_1=1569)
    WindowDataset: 550 windows (class_0=482, class_1=68)
    WindowDataset: 537 windows (class_0=445, class_1=92)
[PosBank] Loaded 543 positions from weights/reve-positions
[REVE] Loaded 140/140 encoder params from weights/reve-base/model.safetensors
  Fold 4 | Ep   1/50 | t_loss=0.2338 t_acc=0.517 | v_win_bal=0.526 v_rec_bal=0.500 | lr=1.0e-05 | 11.1s
  Fold 4 | Ep   2/50 | t_loss=0.1880 t_acc=0.592 | v_win_bal=0.556 v_rec_bal=0.583 | lr=2.0e-05 | 13.5s
  Fold 4 | Ep   3/50 | t_loss=0.1520 t_acc=0.689 | v_win_bal=0.611 v_rec_bal=0.667 | lr=3.0e-05 | 11.8s
  Fold 4 | Ep   4/50 | t_loss=0.1224 t_acc=0.782 | v_win_bal=0.562 v_rec_bal=0.667 | lr=3.0e-05 | 13.0s
  Fold 4 | Ep   5/50 | t_loss=0.0939 t_acc=0.856 | v_win_bal=0.531 v_rec_bal=0.417 | lr=3.0e-05 | 12.3s
  Fold 4 | Ep   6/50 | t_loss=0.0644 t_acc=0.917 | v_win_bal=0.559 v_rec_bal=0.458 | lr=3.0e-05 | 12.0s
  Fold 4 | Ep   7/50 | t_loss=0.0395 t_acc=0.958 | v_win_bal=0.538 v_rec_bal=0.458 | lr=2.9e-05 | 11.9s
  Fold 4 | Ep   8/50 | t_loss=0.0215 t_acc=0.982 | v_win_bal=0.543 v_rec_bal=0.500 | lr=2.9e-05 | 12.6s
  Fold 4 | Ep   9/50 | t_loss=0.0113 t_acc=0.995 | v_win_bal=0.523 v_rec_bal=0.500 | lr=2.9e-05 | 13.7s
  Fold 4 | Ep  10/50 | t_loss=0.0055 t_acc=0.999 | v_win_bal=0.524 v_rec_bal=0.500 | lr=2.8e-05 | 13.4s
  Fold 4 | Ep  11/50 | t_loss=0.0029 t_acc=1.000 | v_win_bal=0.521 v_rec_bal=0.500 | lr=2.8e-05 | 11.5s
  Fold 4 | Ep  12/50 | t_loss=0.0018 t_acc=1.000 | v_win_bal=0.513 v_rec_bal=0.500 | lr=2.7e-05 | 12.4s
  Fold 4 | Ep  13/50 | t_loss=0.0012 t_acc=1.000 | v_win_bal=0.508 v_rec_bal=0.500 | lr=2.7e-05 | 17.2s
  Fold 4 | Ep  14/50 | t_loss=0.0008 t_acc=1.000 | v_win_bal=0.514 v_rec_bal=0.500 | lr=2.6e-05 | 15.0s
  Fold 4 | Ep  15/50 | t_loss=0.0006 t_acc=1.000 | v_win_bal=0.510 v_rec_bal=0.500 | lr=2.5e-05 | 13.6s
  Fold 4 | Ep  16/50 | t_loss=0.0005 t_acc=1.000 | v_win_bal=0.502 v_rec_bal=0.458 | lr=2.5e-05 | 11.9s
  Fold 4 | Ep  17/50 | t_loss=0.0004 t_acc=1.000 | v_win_bal=0.504 v_rec_bal=0.500 | lr=2.4e-05 | 13.5s
  Fold 4 | Ep  18/50 | t_loss=0.0003 t_acc=1.000 | v_win_bal=0.506 v_rec_bal=0.500 | lr=2.3e-05 | 11.6s
  Fold 4 | Ep  19/50 | t_loss=0.0003 t_acc=1.000 | v_win_bal=0.504 v_rec_bal=0.500 | lr=2.2e-05 | 12.5s
  Early stop at epoch 19
  -> Test (best @ epoch 3): acc=0.5833, bal_acc=0.6111

============================================================
Fold 5/5
============================================================
  Train:  44 samples, 11 subjects [2, 5, 6, 7, 8, 10, 12, 13, 14, 17, 18], label_0=36, label_1=8
    Val:  14 samples,  3 subjects [4, 9, 11], label_0=11, label_1=3
   Test:  12 samples,  3 subjects [1, 3, 16], label_0=9, label_1=3
  Building window datasets...
    WindowDataset: 2530 windows (class_0=1546, class_1=984)
    WindowDataset: 590 windows (class_0=377, class_1=213)
    WindowDataset: 370 windows (class_0=276, class_1=94)
[PosBank] Loaded 543 positions from weights/reve-positions
[REVE] Loaded 140/140 encoder params from weights/reve-base/model.safetensors
  Fold 5 | Ep   1/50 | t_loss=0.2448 t_acc=0.508 | v_win_bal=0.549 v_rec_bal=0.667 | lr=1.0e-05 | 11.2s
  Fold 5 | Ep   2/50 | t_loss=0.2004 t_acc=0.592 | v_win_bal=0.529 v_rec_bal=0.530 | lr=2.0e-05 | 12.2s
  Fold 5 | Ep   3/50 | t_loss=0.1530 t_acc=0.710 | v_win_bal=0.521 v_rec_bal=0.394 | lr=3.0e-05 | 11.8s
  Fold 5 | Ep   4/50 | t_loss=0.1088 t_acc=0.815 | v_win_bal=0.528 v_rec_bal=0.439 | lr=3.0e-05 | 11.9s
  Fold 5 | Ep   5/50 | t_loss=0.0655 t_acc=0.909 | v_win_bal=0.467 v_rec_bal=0.439 | lr=3.0e-05 | 11.0s
  Fold 5 | Ep   6/50 | t_loss=0.0357 t_acc=0.954 | v_win_bal=0.465 v_rec_bal=0.394 | lr=3.0e-05 | 10.5s
  Fold 5 | Ep   7/50 | t_loss=0.0183 t_acc=0.981 | v_win_bal=0.489 v_rec_bal=0.485 | lr=2.9e-05 | 14.0s
  Fold 5 | Ep   8/50 | t_loss=0.0094 t_acc=0.993 | v_win_bal=0.506 v_rec_bal=0.530 | lr=2.9e-05 | 10.0s
  Fold 5 | Ep   9/50 | t_loss=0.0050 t_acc=0.999 | v_win_bal=0.528 v_rec_bal=0.530 | lr=2.9e-05 | 12.8s
  Fold 5 | Ep  10/50 | t_loss=0.0032 t_acc=0.999 | v_win_bal=0.529 v_rec_bal=0.530 | lr=2.8e-05 | 11.2s
  Fold 5 | Ep  11/50 | t_loss=0.0020 t_acc=1.000 | v_win_bal=0.540 v_rec_bal=0.530 | lr=2.8e-05 | 10.4s
  Fold 5 | Ep  12/50 | t_loss=0.0014 t_acc=1.000 | v_win_bal=0.552 v_rec_bal=0.576 | lr=2.7e-05 | 11.9s
  Fold 5 | Ep  13/50 | t_loss=0.0010 t_acc=1.000 | v_win_bal=0.556 v_rec_bal=0.576 | lr=2.7e-05 | 12.3s
  Fold 5 | Ep  14/50 | t_loss=0.0008 t_acc=1.000 | v_win_bal=0.550 v_rec_bal=0.576 | lr=2.6e-05 | 11.1s
  Fold 5 | Ep  15/50 | t_loss=0.0006 t_acc=1.000 | v_win_bal=0.548 v_rec_bal=0.576 | lr=2.5e-05 | 12.5s
  Fold 5 | Ep  16/50 | t_loss=0.0005 t_acc=1.000 | v_win_bal=0.555 v_rec_bal=0.576 | lr=2.5e-05 | 13.0s
  Early stop at epoch 16
  -> Test (best @ epoch 1): acc=0.3333, bal_acc=0.3333

============================================================
Global Results (5-Fold, subject-level CV)
Mode: FT | Extractor: reve | Loss: focal
============================================================
              acc: 0.6286
          bal_acc: 0.5000
               f1: 0.6508
            kappa: 0.0000
  Total predictions: 70 (should equal dataset size: 70)

Results saved to results/studies/exp03_stress_erosion/ft_null_reve/perm_s6/
