/raid/jupyter-linjimmy1003.md10/.conda/envs/stress/lib/python3.11/site-packages/timm/models/layers/__init__.py:49: FutureWarning: Importing from timm.models.layers is deprecated, please import via timm.layers
  warnings.warn(f"Importing from {__name__} is deprecated, please import via timm.layers", FutureWarning)
Mode: FT | Extractor: reve | Folds: 5
LR: 3e-05 | WD: 0.05 | Beta2: 0.999 | Grad clip: 2.0
Head: hidden=128, dropout=0.0 | Norm: none | Loss: focal
Full FT: encoder_lr_scale=0.1
Augmentation: 75% overlap for increase class

Results → results/hp_sweep/20260410_dass/reve/reve_encoderlrscale0.1_lr3e-5_s123/
Dataset: 70 recordings loaded (14 increase, 56 normal)
Cache: 70 recordings ready (70 cached, 0 new)

============================================================
Fold 1/5
============================================================
  Train:  45 samples, 12 subjects [1, 2, 3, 4, 6, 7, 9, 10, 13, 14, 16, 18], label_0=34, label_1=11
    Val:  12 samples,  2 subjects [11, 12], label_0=11, label_1=1
   Test:  13 samples,  3 subjects [5, 8, 17], label_0=11, label_1=2
  Building window datasets...
    WindowDataset: 2802 windows (class_0=1311, class_1=1491)
    WindowDataset: 651 windows (class_0=621, class_1=30)
    WindowDataset: 415 windows (class_0=353, class_1=62)
[PosBank] Loaded 543 positions from weights/reve-positions
[REVE] Loaded 140/140 encoder params from weights/reve-base/model.safetensors
  Trainable parameters: 69,321,347
  Class weights: [1.0686498880386353, 0.9396378397941589]
  Fold 1 | Ep   1/50 | t_loss=0.2389 t_acc=0.503 | v_win_bal=0.554 v_rec_bal=0.773 | lr=1.0e-05 | 22.1s
  Fold 1 | Ep   2/50 | t_loss=0.1519 t_acc=0.716 | v_win_bal=0.730 v_rec_bal=0.818 | lr=2.0e-05 | 20.7s
  Fold 1 | Ep   3/50 | t_loss=0.1084 t_acc=0.820 | v_win_bal=0.747 v_rec_bal=0.818 | lr=3.0e-05 | 20.7s
  Fold 1 | Ep   4/50 | t_loss=0.0806 t_acc=0.879 | v_win_bal=0.700 v_rec_bal=0.818 | lr=3.0e-05 | 20.7s
  Fold 1 | Ep   5/50 | t_loss=0.0557 t_acc=0.923 | v_win_bal=0.627 v_rec_bal=0.864 | lr=3.0e-05 | 20.3s
  Fold 1 | Ep   6/50 | t_loss=0.0326 t_acc=0.960 | v_win_bal=0.553 v_rec_bal=0.364 | lr=3.0e-05 | 19.9s
  Fold 1 | Ep   7/50 | t_loss=0.0172 t_acc=0.982 | v_win_bal=0.501 v_rec_bal=0.364 | lr=2.9e-05 | 20.2s
  Fold 1 | Ep   8/50 | t_loss=0.0071 t_acc=0.997 | v_win_bal=0.470 v_rec_bal=0.364 | lr=2.9e-05 | 21.2s
  Fold 1 | Ep   9/50 | t_loss=0.0031 t_acc=0.999 | v_win_bal=0.518 v_rec_bal=0.364 | lr=2.9e-05 | 23.2s
  Fold 1 | Ep  10/50 | t_loss=0.0014 t_acc=1.000 | v_win_bal=0.522 v_rec_bal=0.364 | lr=2.8e-05 | 22.9s
  Fold 1 | Ep  11/50 | t_loss=0.0008 t_acc=1.000 | v_win_bal=0.520 v_rec_bal=0.364 | lr=2.8e-05 | 23.2s
  Fold 1 | Ep  12/50 | t_loss=0.0005 t_acc=1.000 | v_win_bal=0.521 v_rec_bal=0.364 | lr=2.7e-05 | 23.3s
  Fold 1 | Ep  13/50 | t_loss=0.0004 t_acc=1.000 | v_win_bal=0.521 v_rec_bal=0.364 | lr=2.7e-05 | 23.2s
  Fold 1 | Ep  14/50 | t_loss=0.0003 t_acc=1.000 | v_win_bal=0.522 v_rec_bal=0.364 | lr=2.6e-05 | 23.4s
  Fold 1 | Ep  15/50 | t_loss=0.0002 t_acc=1.000 | v_win_bal=0.506 v_rec_bal=0.364 | lr=2.5e-05 | 22.8s
  Fold 1 | Ep  16/50 | t_loss=0.0002 t_acc=1.000 | v_win_bal=0.505 v_rec_bal=0.364 | lr=2.5e-05 | 20.4s
  Fold 1 | Ep  17/50 | t_loss=0.0001 t_acc=1.000 | v_win_bal=0.523 v_rec_bal=0.364 | lr=2.4e-05 | 20.4s
  Fold 1 | Ep  18/50 | t_loss=0.0001 t_acc=1.000 | v_win_bal=0.507 v_rec_bal=0.364 | lr=2.3e-05 | 20.3s
  Fold 1 | Ep  19/50 | t_loss=0.0001 t_acc=1.000 | v_win_bal=0.524 v_rec_bal=0.364 | lr=2.2e-05 | 20.4s
  Fold 1 | Ep  20/50 | t_loss=0.0001 t_acc=1.000 | v_win_bal=0.524 v_rec_bal=0.364 | lr=2.1e-05 | 20.1s
  Early stop at epoch 20
  -> Test (best @ epoch 5): acc=0.5385, bal_acc=0.5227

============================================================
Fold 2/5
============================================================
  Train:  41 samples, 11 subjects [1, 2, 4, 6, 7, 8, 9, 10, 13, 14, 17], label_0=31, label_1=10
    Val:  17 samples,  4 subjects [3, 5, 16, 18], label_0=14, label_1=3
   Test:  12 samples,  2 subjects [11, 12], label_0=11, label_1=1
  Building window datasets...
    WindowDataset: 2597 windows (class_0=1231, class_1=1366)
    WindowDataset: 527 windows (class_0=433, class_1=94)
    WindowDataset: 651 windows (class_0=621, class_1=30)
[PosBank] Loaded 543 positions from weights/reve-positions
[REVE] Loaded 140/140 encoder params from weights/reve-base/model.safetensors
  Fold 2 | Ep   1/50 | t_loss=0.2328 t_acc=0.492 | v_win_bal=0.511 v_rec_bal=0.476 | lr=1.0e-05 | 18.7s
  Fold 2 | Ep   2/50 | t_loss=0.1544 t_acc=0.670 | v_win_bal=0.534 v_rec_bal=0.643 | lr=2.0e-05 | 18.7s
  Fold 2 | Ep   3/50 | t_loss=0.0973 t_acc=0.848 | v_win_bal=0.505 v_rec_bal=0.512 | lr=3.0e-05 | 18.7s
  Fold 2 | Ep   4/50 | t_loss=0.0586 t_acc=0.926 | v_win_bal=0.434 v_rec_bal=0.310 | lr=3.0e-05 | 18.5s
  Fold 2 | Ep   5/50 | t_loss=0.0311 t_acc=0.965 | v_win_bal=0.433 v_rec_bal=0.310 | lr=3.0e-05 | 18.6s
  Fold 2 | Ep   6/50 | t_loss=0.0139 t_acc=0.987 | v_win_bal=0.378 v_rec_bal=0.143 | lr=3.0e-05 | 18.5s
  Fold 2 | Ep   7/50 | t_loss=0.0058 t_acc=0.996 | v_win_bal=0.377 v_rec_bal=0.143 | lr=2.9e-05 | 18.7s
  Fold 2 | Ep   8/50 | t_loss=0.0024 t_acc=1.000 | v_win_bal=0.375 v_rec_bal=0.143 | lr=2.9e-05 | 18.8s
  Fold 2 | Ep   9/50 | t_loss=0.0013 t_acc=1.000 | v_win_bal=0.372 v_rec_bal=0.179 | lr=2.9e-05 | 18.7s
  Fold 2 | Ep  10/50 | t_loss=0.0008 t_acc=1.000 | v_win_bal=0.372 v_rec_bal=0.214 | lr=2.8e-05 | 17.9s
  Fold 2 | Ep  11/50 | t_loss=0.0005 t_acc=1.000 | v_win_bal=0.368 v_rec_bal=0.179 | lr=2.8e-05 | 12.7s
  Fold 2 | Ep  12/50 | t_loss=0.0004 t_acc=1.000 | v_win_bal=0.371 v_rec_bal=0.179 | lr=2.7e-05 | 15.5s
  Fold 2 | Ep  13/50 | t_loss=0.0003 t_acc=1.000 | v_win_bal=0.376 v_rec_bal=0.310 | lr=2.7e-05 | 18.7s
  Fold 2 | Ep  14/50 | t_loss=0.0002 t_acc=1.000 | v_win_bal=0.366 v_rec_bal=0.179 | lr=2.6e-05 | 18.6s
  Fold 2 | Ep  15/50 | t_loss=0.0002 t_acc=1.000 | v_win_bal=0.374 v_rec_bal=0.179 | lr=2.5e-05 | 18.5s
  Fold 2 | Ep  16/50 | t_loss=0.0001 t_acc=1.000 | v_win_bal=0.381 v_rec_bal=0.345 | lr=2.5e-05 | 18.6s
  Fold 2 | Ep  17/50 | t_loss=0.0001 t_acc=1.000 | v_win_bal=0.385 v_rec_bal=0.345 | lr=2.4e-05 | 18.6s
  Early stop at epoch 17
  -> Test (best @ epoch 2): acc=0.5833, bal_acc=0.7727

============================================================
Fold 3/5
============================================================
  Train:  45 samples, 11 subjects [1, 2, 3, 5, 6, 7, 8, 13, 16, 17, 18], label_0=35, label_1=10
    Val:  12 samples,  2 subjects [11, 12], label_0=11, label_1=1
   Test:  13 samples,  4 subjects [4, 9, 10, 14], label_0=10, label_1=3
  Building window datasets...
    WindowDataset: 2407 windows (class_0=1185, class_1=1222)
    WindowDataset: 651 windows (class_0=621, class_1=30)
    WindowDataset: 609 windows (class_0=479, class_1=130)
[PosBank] Loaded 543 positions from weights/reve-positions
[REVE] Loaded 140/140 encoder params from weights/reve-base/model.safetensors
  Fold 3 | Ep   1/50 | t_loss=0.2465 t_acc=0.508 | v_win_bal=0.529 v_rec_bal=0.682 | lr=1.0e-05 | 17.7s
  Fold 3 | Ep   2/50 | t_loss=0.1810 t_acc=0.593 | v_win_bal=0.696 v_rec_bal=0.773 | lr=2.0e-05 | 17.9s
  Fold 3 | Ep   3/50 | t_loss=0.1359 t_acc=0.733 | v_win_bal=0.705 v_rec_bal=0.909 | lr=3.0e-05 | 17.9s
  Fold 3 | Ep   4/50 | t_loss=0.0973 t_acc=0.840 | v_win_bal=0.663 v_rec_bal=0.909 | lr=3.0e-05 | 18.4s
  Fold 3 | Ep   5/50 | t_loss=0.0653 t_acc=0.903 | v_win_bal=0.669 v_rec_bal=0.818 | lr=3.0e-05 | 18.7s
  Fold 3 | Ep   6/50 | t_loss=0.0408 t_acc=0.950 | v_win_bal=0.542 v_rec_bal=0.364 | lr=3.0e-05 | 18.0s
  Fold 3 | Ep   7/50 | t_loss=0.0222 t_acc=0.980 | v_win_bal=0.478 v_rec_bal=0.364 | lr=2.9e-05 | 18.0s
  Fold 3 | Ep   8/50 | t_loss=0.0114 t_acc=0.993 | v_win_bal=0.459 v_rec_bal=0.364 | lr=2.9e-05 | 18.2s
  Fold 3 | Ep   9/50 | t_loss=0.0053 t_acc=0.999 | v_win_bal=0.463 v_rec_bal=0.409 | lr=2.9e-05 | 18.0s
  Fold 3 | Ep  10/50 | t_loss=0.0028 t_acc=1.000 | v_win_bal=0.463 v_rec_bal=0.364 | lr=2.8e-05 | 18.0s
  Fold 3 | Ep  11/50 | t_loss=0.0017 t_acc=1.000 | v_win_bal=0.468 v_rec_bal=0.409 | lr=2.8e-05 | 17.9s
  Fold 3 | Ep  12/50 | t_loss=0.0011 t_acc=1.000 | v_win_bal=0.467 v_rec_bal=0.409 | lr=2.7e-05 | 17.9s
  Fold 3 | Ep  13/50 | t_loss=0.0008 t_acc=1.000 | v_win_bal=0.463 v_rec_bal=0.409 | lr=2.7e-05 | 17.9s
  Fold 3 | Ep  14/50 | t_loss=0.0006 t_acc=1.000 | v_win_bal=0.467 v_rec_bal=0.409 | lr=2.6e-05 | 18.0s
  Fold 3 | Ep  15/50 | t_loss=0.0005 t_acc=1.000 | v_win_bal=0.464 v_rec_bal=0.409 | lr=2.5e-05 | 18.7s
  Fold 3 | Ep  16/50 | t_loss=0.0003 t_acc=1.000 | v_win_bal=0.465 v_rec_bal=0.409 | lr=2.5e-05 | 18.5s
  Fold 3 | Ep  17/50 | t_loss=0.0003 t_acc=1.000 | v_win_bal=0.464 v_rec_bal=0.409 | lr=2.4e-05 | 18.8s
  Fold 3 | Ep  18/50 | t_loss=0.0002 t_acc=1.000 | v_win_bal=0.464 v_rec_bal=0.409 | lr=2.3e-05 | 17.8s
  Fold 3 | Ep  19/50 | t_loss=0.0002 t_acc=1.000 | v_win_bal=0.467 v_rec_bal=0.409 | lr=2.2e-05 | 18.7s
  Fold 3 | Ep  20/50 | t_loss=0.0002 t_acc=1.000 | v_win_bal=0.464 v_rec_bal=0.409 | lr=2.1e-05 | 18.2s
  Early stop at epoch 20
  -> Test (best @ epoch 3): acc=0.7692, bal_acc=0.6167

============================================================
Fold 4/5
============================================================
  Train:  41 samples, 11 subjects [1, 2, 4, 5, 7, 8, 9, 10, 14, 17, 18], label_0=31, label_1=10
    Val:  12 samples,  2 subjects [11, 12], label_0=11, label_1=1
   Test:  17 samples,  4 subjects [3, 6, 13, 16], label_0=14, label_1=3
  Building window datasets...
    WindowDataset: 2494 windows (class_0=1128, class_1=1366)
    WindowDataset: 651 windows (class_0=621, class_1=30)
    WindowDataset: 630 windows (class_0=536, class_1=94)
[PosBank] Loaded 543 positions from weights/reve-positions
[REVE] Loaded 140/140 encoder params from weights/reve-base/model.safetensors
  Fold 4 | Ep   1/50 | t_loss=0.3199 t_acc=0.502 | v_win_bal=0.591 v_rec_bal=0.727 | lr=1.0e-05 | 18.2s
  Fold 4 | Ep   2/50 | t_loss=0.1829 t_acc=0.621 | v_win_bal=0.645 v_rec_bal=0.773 | lr=2.0e-05 | 18.2s
  Fold 4 | Ep   3/50 | t_loss=0.1215 t_acc=0.779 | v_win_bal=0.637 v_rec_bal=0.818 | lr=3.0e-05 | 18.2s
  Fold 4 | Ep   4/50 | t_loss=0.0635 t_acc=0.923 | v_win_bal=0.640 v_rec_bal=0.909 | lr=3.0e-05 | 18.3s
  Fold 4 | Ep   5/50 | t_loss=0.0286 t_acc=0.969 | v_win_bal=0.635 v_rec_bal=0.864 | lr=3.0e-05 | 18.6s
  Fold 4 | Ep   6/50 | t_loss=0.0116 t_acc=0.992 | v_win_bal=0.598 v_rec_bal=0.364 | lr=3.0e-05 | 18.3s
  Fold 4 | Ep   7/50 | t_loss=0.0049 t_acc=0.998 | v_win_bal=0.623 v_rec_bal=0.409 | lr=2.9e-05 | 18.3s
  Fold 4 | Ep   8/50 | t_loss=0.0022 t_acc=1.000 | v_win_bal=0.577 v_rec_bal=0.409 | lr=2.9e-05 | 18.2s
  Fold 4 | Ep   9/50 | t_loss=0.0013 t_acc=1.000 | v_win_bal=0.621 v_rec_bal=0.409 | lr=2.9e-05 | 18.6s
  Fold 4 | Ep  10/50 | t_loss=0.0008 t_acc=1.000 | v_win_bal=0.622 v_rec_bal=0.409 | lr=2.8e-05 | 18.3s
  Fold 4 | Ep  11/50 | t_loss=0.0006 t_acc=1.000 | v_win_bal=0.620 v_rec_bal=0.409 | lr=2.8e-05 | 18.2s
  Fold 4 | Ep  12/50 | t_loss=0.0004 t_acc=1.000 | v_win_bal=0.624 v_rec_bal=0.409 | lr=2.7e-05 | 18.3s
  Fold 4 | Ep  13/50 | t_loss=0.0003 t_acc=1.000 | v_win_bal=0.621 v_rec_bal=0.409 | lr=2.7e-05 | 18.4s
  Fold 4 | Ep  14/50 | t_loss=0.0003 t_acc=1.000 | v_win_bal=0.590 v_rec_bal=0.409 | lr=2.6e-05 | 18.2s
  Fold 4 | Ep  15/50 | t_loss=0.0002 t_acc=1.000 | v_win_bal=0.603 v_rec_bal=0.409 | lr=2.5e-05 | 18.2s
  Fold 4 | Ep  16/50 | t_loss=0.0002 t_acc=1.000 | v_win_bal=0.587 v_rec_bal=0.409 | lr=2.5e-05 | 18.3s
  Fold 4 | Ep  17/50 | t_loss=0.0001 t_acc=1.000 | v_win_bal=0.590 v_rec_bal=0.409 | lr=2.4e-05 | 18.2s
  Fold 4 | Ep  18/50 | t_loss=0.0001 t_acc=1.000 | v_win_bal=0.588 v_rec_bal=0.409 | lr=2.3e-05 | 18.4s
  Fold 4 | Ep  19/50 | t_loss=0.0001 t_acc=1.000 | v_win_bal=0.588 v_rec_bal=0.409 | lr=2.2e-05 | 18.6s
  Fold 4 | Ep  20/50 | t_loss=0.0001 t_acc=1.000 | v_win_bal=0.589 v_rec_bal=0.409 | lr=2.1e-05 | 18.2s
  Early stop at epoch 20
  -> Test (best @ epoch 4): acc=0.8235, bal_acc=0.6310

============================================================
Fold 5/5
============================================================
  Train:  43 samples, 11 subjects [3, 4, 5, 6, 8, 9, 10, 13, 14, 16, 17], label_0=35, label_1=8
    Val:  12 samples,  2 subjects [11, 12], label_0=11, label_1=1
   Test:  15 samples,  4 subjects [1, 2, 7, 18], label_0=10, label_1=5
  Building window datasets...
    WindowDataset: 2488 windows (class_0=1368, class_1=1120)
    WindowDataset: 651 windows (class_0=621, class_1=30)
    WindowDataset: 453 windows (class_0=296, class_1=157)
[PosBank] Loaded 543 positions from weights/reve-positions
[REVE] Loaded 140/140 encoder params from weights/reve-base/model.safetensors
  Fold 5 | Ep   1/50 | t_loss=0.3384 t_acc=0.484 | v_win_bal=0.438 v_rec_bal=0.227 | lr=1.0e-05 | 18.2s
  Fold 5 | Ep   2/50 | t_loss=0.1772 t_acc=0.629 | v_win_bal=0.621 v_rec_bal=0.727 | lr=2.0e-05 | 18.2s
  Fold 5 | Ep   3/50 | t_loss=0.1226 t_acc=0.779 | v_win_bal=0.612 v_rec_bal=0.364 | lr=3.0e-05 | 18.1s
  Fold 5 | Ep   4/50 | t_loss=0.0775 t_acc=0.887 | v_win_bal=0.450 v_rec_bal=0.455 | lr=3.0e-05 | 18.2s
  Fold 5 | Ep   5/50 | t_loss=0.0448 t_acc=0.940 | v_win_bal=0.443 v_rec_bal=0.455 | lr=3.0e-05 | 18.1s
  Fold 5 | Ep   6/50 | t_loss=0.0225 t_acc=0.976 | v_win_bal=0.439 v_rec_bal=0.455 | lr=3.0e-05 | 18.2s
  Fold 5 | Ep   7/50 | t_loss=0.0096 t_acc=0.994 | v_win_bal=0.445 v_rec_bal=0.455 | lr=2.9e-05 | 18.3s
  Fold 5 | Ep   8/50 | t_loss=0.0041 t_acc=0.999 | v_win_bal=0.433 v_rec_bal=0.455 | lr=2.9e-05 | 18.2s
  Fold 5 | Ep   9/50 | t_loss=0.0022 t_acc=1.000 | v_win_bal=0.436 v_rec_bal=0.455 | lr=2.9e-05 | 18.2s
  Fold 5 | Ep  10/50 | t_loss=0.0012 t_acc=1.000 | v_win_bal=0.445 v_rec_bal=0.455 | lr=2.8e-05 | 18.1s
  Fold 5 | Ep  11/50 | t_loss=0.0007 t_acc=1.000 | v_win_bal=0.444 v_rec_bal=0.455 | lr=2.8e-05 | 18.3s
  Fold 5 | Ep  12/50 | t_loss=0.0005 t_acc=1.000 | v_win_bal=0.446 v_rec_bal=0.455 | lr=2.7e-05 | 18.2s
  Fold 5 | Ep  13/50 | t_loss=0.0003 t_acc=1.000 | v_win_bal=0.447 v_rec_bal=0.455 | lr=2.7e-05 | 18.3s
  Fold 5 | Ep  14/50 | t_loss=0.0003 t_acc=1.000 | v_win_bal=0.447 v_rec_bal=0.455 | lr=2.6e-05 | 18.4s
  Fold 5 | Ep  15/50 | t_loss=0.0002 t_acc=1.000 | v_win_bal=0.447 v_rec_bal=0.455 | lr=2.5e-05 | 18.1s
  Fold 5 | Ep  16/50 | t_loss=0.0002 t_acc=1.000 | v_win_bal=0.447 v_rec_bal=0.455 | lr=2.5e-05 | 17.9s
  Fold 5 | Ep  17/50 | t_loss=0.0001 t_acc=1.000 | v_win_bal=0.447 v_rec_bal=0.455 | lr=2.4e-05 | 18.3s
  Fold 5 | Ep  18/50 | t_loss=0.0001 t_acc=1.000 | v_win_bal=0.447 v_rec_bal=0.455 | lr=2.3e-05 | 18.3s
  Fold 5 | Ep  19/50 | t_loss=0.0001 t_acc=1.000 | v_win_bal=0.447 v_rec_bal=0.455 | lr=2.2e-05 | 18.2s
  Early stop at epoch 19
  -> Test (best @ epoch 2): acc=0.8000, bal_acc=0.7500

============================================================
Global Results (5-Fold, subject-level CV)
Mode: FT | Extractor: reve | Loss: focal
============================================================
              acc: 0.7143
          bal_acc: 0.6339
               f1: 0.7314
            kappa: 0.2308
  Total predictions: 70 (should equal dataset size: 70)

Results saved to results/hp_sweep/20260410_dass/reve/reve_encoderlrscale0.1_lr3e-5_s123/
