/raid/jupyter-linjimmy1003.md10/.conda/envs/stress/lib/python3.11/site-packages/timm/models/layers/__init__.py:49: FutureWarning: Importing from timm.models.layers is deprecated, please import via timm.layers
  warnings.warn(f"Importing from {__name__} is deprecated, please import via timm.layers", FutureWarning)
Mode: FT | Extractor: cbramod | Folds: 5
LR: 1e-05 | WD: 0.05 | Beta2: 0.999 | Grad clip: 2.0
Head: hidden=128, dropout=0.0 | Norm: none | Loss: focal
Full FT: encoder_lr_scale=0.1
Augmentation: 75% overlap for increase class

Results → results/features_cache/ft_cbramod_tdbrain/
TDBRAIN: 734 recordings from 359 subjects (MDD=640, HC=94, condition=EO+EC)

============================================================
Fold 1/5
============================================================
  Train: 440 samples, 216 subjects [87974665, 87974709, 87974841, 87976193, 87976413, 87976457, 87976461, 87976505, 87976641, 87976773, 87977045, 87980241, 87980329, 87980689, 87980913, 87982225, 87999321, 88000181, 88001661, 88005849, 88005893, 88005941, 88005985, 88006117, 88006209, 88008681, 88009901, 88010033, 88010709, 88010753, 88010929, 88011333, 88011833, 88012461, 88013177, 88013813, 88016105, 88016465, 88017765, 88018941, 88018989, 88019393, 88019569, 88019973, 88020153, 88020381, 88020873, 88021101, 88021145, 88021277, 88021321, 88022001, 88022133, 88022765, 88023125, 88023485, 88023529, 88024697, 88024789, 88024833, 88025013, 88025057, 88025061, 88025105, 88025281, 88025465, 88025685, 88025873, 88026005, 88026321, 88026409, 88026593, 88026769, 88026857, 88027173, 88028565, 88029381, 88029513, 88029601, 88029645, 88029777, 88029833, 88030281, 88030369, 88032569, 88032973, 88033201, 88033377, 88033561, 88033925, 88034061, 88034105, 88035677, 88035721, 88036037, 88036217, 88038069, 88039057, 88039465, 88040449, 88041397, 88041805, 88041941, 88042837, 88042969, 88043021, 88043065, 88043153, 88043373, 88043381, 88043425, 88043873, 88044497, 88044501, 88044681, 88045353, 88045713, 88045989, 88046033, 88046349, 88046437, 88046569, 88046885, 88047377, 88047517, 88047737, 88047921, 88048325, 88048953, 88049089, 88049405, 88049493, 88049537, 88049813, 88049905, 88050037, 88050169, 88052013, 88052197, 88052285, 88052465, 88052509, 88052869, 88053317, 88053453, 88053545, 88053997, 88054181, 88054313, 88054629, 88055077, 88055121, 88055749, 88056785, 88057461, 88057913, 88058001, 88058229, 88058633, 88058993, 88059397, 88061105, 88061597, 88061729, 88061961, 88062141, 88063221, 88064837, 88065241, 88065329, 88065425, 88066281, 88066729, 88067177, 88067357, 88067853, 88067989, 88068213, 88068525, 88068885, 88069069, 88069473, 88069517, 88069605, 88069649, 88069741, 88069793, 88069837, 88069925, 88070061, 88070149, 88071005, 88071409, 88071677, 88071949, 88072265, 88072573, 88072581, 88072933, 88073029, 88073433, 88073797, 88074201, 88074425, 88075053, 88075233, 88075457, 88075725, 88075769, 88076401, 88076445, 88076629, 88076941, 88077345, 88077569, 88077613], label_0=56, label_1=384
    Val: 146 samples, 71 subjects [87974617, 87974621, 87974973, 87976817, 87976953, 87980197, 87980417, 87982849, 88000313, 88000489, 88000533, 88002789, 88003869, 88004853, 88006477, 88006837, 88008321, 88012817, 88015249, 88017137, 88017409, 88018717, 88018937, 88020017, 88020021, 88020737, 88022089, 88025641, 88026233, 88027713, 88028253, 88029689, 88029789, 88032621, 88032841, 88034733, 88034781, 88035185, 88035501, 88035589, 88038921, 88039325, 88042749, 88044905, 88046257, 88046981, 88047245, 88047789, 88048281, 88048461, 88048817, 88049585, 88049857, 88052061, 88059125, 88059169, 88059349, 88059573, 88060429, 88064565, 88064657, 88066145, 88066325, 88066773, 88066865, 88069737, 88071993, 88072081, 88072125, 88076761, 88077525], label_0=18, label_1=128
   Test: 148 samples, 72 subjects [87976369, 87980373, 87980869, 88005805, 88005937, 88006161, 88008997, 88010981, 88012053, 88013905, 88015029, 88015205, 88015477, 88017821, 88017865, 88020109, 88020425, 88020557, 88020917, 88021053, 88024965, 88025597, 88027129, 88030193, 88030549, 88030641, 88032665, 88034645, 88035049, 88035229, 88035497, 88039417, 88039773, 88039957, 88041261, 88041665, 88041893, 88044545, 88045085, 88045809, 88046665, 88046797, 88048729, 88050713, 88051073, 88052329, 88054357, 88054577, 88055301, 88056017, 88057769, 88057869, 88059665, 88060249, 88061061, 88062409, 88062545, 88063445, 88064793, 88065197, 88066053, 88067181, 88067225, 88068481, 88068665, 88068841, 88070285, 88071589, 88071857, 88072889, 88075817, 88076849], label_0=20, label_1=128
  Building window datasets...
    WindowDataset: 36752 windows (class_0=1328, class_1=35424)
    WindowDataset: 3476 windows (class_0=432, class_1=3044)
    WindowDataset: 3509 windows (class_0=476, class_1=3033)
[CBraMod] Loaded 209/209 params from weights/cbramod-base/pretrained_weights.pth
  Trainable parameters: 4,935,443
  Class weights: [13.837348937988281, 0.5187443494796753]
  Fold 1 | Ep   1/50 | t_loss=0.1862 t_acc=0.963 | v_win_bal=0.500 v_rec_bal=0.500 | lr=3.3e-06 | 69.0s
  Fold 1 | Ep   2/50 | t_loss=0.1754 t_acc=0.943 | v_win_bal=0.500 v_rec_bal=0.500 | lr=6.7e-06 | 66.2s
  Fold 1 | Ep   3/50 | t_loss=0.1737 t_acc=0.934 | v_win_bal=0.500 v_rec_bal=0.500 | lr=1.0e-05 | 66.0s
  Fold 1 | Ep   4/50 | t_loss=0.1717 t_acc=0.882 | v_win_bal=0.477 v_rec_bal=0.477 | lr=1.0e-05 | 65.3s
  Fold 1 | Ep   5/50 | t_loss=0.1713 t_acc=0.870 | v_win_bal=0.544 v_rec_bal=0.546 | lr=1.0e-05 | 65.0s
  Fold 1 | Ep   6/50 | t_loss=0.1704 t_acc=0.832 | v_win_bal=0.477 v_rec_bal=0.477 | lr=9.9e-06 | 65.0s
  Fold 1 | Ep   7/50 | t_loss=0.1706 t_acc=0.820 | v_win_bal=0.516 v_rec_bal=0.516 | lr=9.8e-06 | 65.2s
  Fold 1 | Ep   8/50 | t_loss=0.1713 t_acc=0.846 | v_win_bal=0.531 v_rec_bal=0.532 | lr=9.7e-06 | 65.2s
  Fold 1 | Ep   9/50 | t_loss=0.1698 t_acc=0.816 | v_win_bal=0.564 v_rec_bal=0.564 | lr=9.6e-06 | 65.2s
  Fold 1 | Ep  10/50 | t_loss=0.1694 t_acc=0.835 | v_win_bal=0.544 v_rec_bal=0.546 | lr=9.5e-06 | 65.1s
  Fold 1 | Ep  11/50 | t_loss=0.1679 t_acc=0.799 | v_win_bal=0.529 v_rec_bal=0.533 | lr=9.3e-06 | 65.3s
  Fold 1 | Ep  12/50 | t_loss=0.1689 t_acc=0.841 | v_win_bal=0.526 v_rec_bal=0.524 | lr=9.1e-06 | 65.3s
  Fold 1 | Ep  13/50 | t_loss=0.1688 t_acc=0.836 | v_win_bal=0.568 v_rec_bal=0.570 | lr=8.9e-06 | 65.3s
  Fold 1 | Ep  14/50 | t_loss=0.1666 t_acc=0.836 | v_win_bal=0.602 v_rec_bal=0.609 | lr=8.7e-06 | 65.5s
  Fold 1 | Ep  15/50 | t_loss=0.1660 t_acc=0.835 | v_win_bal=0.618 v_rec_bal=0.625 | lr=8.5e-06 | 65.0s
  Fold 1 | Ep  16/50 | t_loss=0.1661 t_acc=0.861 | v_win_bal=0.555 v_rec_bal=0.557 | lr=8.2e-06 | 65.0s
  Fold 1 | Ep  17/50 | t_loss=0.1644 t_acc=0.857 | v_win_bal=0.574 v_rec_bal=0.577 | lr=8.0e-06 | 65.1s
  Fold 1 | Ep  18/50 | t_loss=0.1622 t_acc=0.841 | v_win_bal=0.504 v_rec_bal=0.506 | lr=7.7e-06 | 66.3s
  Fold 1 | Ep  19/50 | t_loss=0.1593 t_acc=0.834 | v_win_bal=0.499 v_rec_bal=0.498 | lr=7.4e-06 | 65.4s
  Fold 1 | Ep  20/50 | t_loss=0.1589 t_acc=0.855 | v_win_bal=0.470 v_rec_bal=0.474 | lr=7.1e-06 | 65.2s
  Fold 1 | Ep  21/50 | t_loss=0.1570 t_acc=0.826 | v_win_bal=0.496 v_rec_bal=0.490 | lr=6.8e-06 | 67.5s
  Fold 1 | Ep  22/50 | t_loss=0.1540 t_acc=0.832 | v_win_bal=0.443 v_rec_bal=0.439 | lr=6.5e-06 | 65.6s
  Fold 1 | Ep  23/50 | t_loss=0.1504 t_acc=0.807 | v_win_bal=0.456 v_rec_bal=0.442 | lr=6.2e-06 | 65.1s
  Fold 1 | Ep  24/50 | t_loss=0.1493 t_acc=0.821 | v_win_bal=0.469 v_rec_bal=0.462 | lr=5.8e-06 | 65.0s
  Fold 1 | Ep  25/50 | t_loss=0.1489 t_acc=0.832 | v_win_bal=0.470 v_rec_bal=0.475 | lr=5.5e-06 | 64.8s
  Fold 1 | Ep  26/50 | t_loss=0.1466 t_acc=0.837 | v_win_bal=0.479 v_rec_bal=0.467 | lr=5.2e-06 | 65.1s
  Fold 1 | Ep  27/50 | t_loss=0.1460 t_acc=0.841 | v_win_bal=0.435 v_rec_bal=0.427 | lr=4.8e-06 | 65.0s
  Fold 1 | Ep  28/50 | t_loss=0.1431 t_acc=0.846 | v_win_bal=0.448 v_rec_bal=0.442 | lr=4.5e-06 | 64.9s
  Fold 1 | Ep  29/50 | t_loss=0.1437 t_acc=0.862 | v_win_bal=0.447 v_rec_bal=0.431 | lr=4.2e-06 | 65.1s
  Fold 1 | Ep  30/50 | t_loss=0.1418 t_acc=0.863 | v_win_bal=0.447 v_rec_bal=0.450 | lr=3.8e-06 | 64.9s
  Early stop at epoch 30
  Extracting test-fold features (148 recordings)...
  Features shape: (148, 200)
  Saved features → results/features_cache/ft_cbramod_tdbrain/fold1_features.npz
  -> Test (best @ epoch 15): acc=0.7230, bal_acc=0.4180

============================================================
Fold 2/5
============================================================
  Train: 440 samples, 216 subjects [87974617, 87974665, 87974709, 87974841, 87974973, 87976369, 87976413, 87976457, 87976505, 87976773, 87980197, 87980241, 87980373, 87980869, 87980913, 87982225, 87982849, 87999321, 88000181, 88000313, 88000489, 88000533, 88001661, 88002789, 88003869, 88004853, 88005849, 88005893, 88005937, 88005941, 88005985, 88006477, 88008321, 88008997, 88010753, 88010929, 88010981, 88011333, 88011833, 88012053, 88012461, 88012817, 88013813, 88013905, 88015029, 88015205, 88016465, 88017137, 88017765, 88017821, 88017865, 88018717, 88018941, 88018989, 88019393, 88020021, 88020109, 88020153, 88020425, 88020557, 88020917, 88021053, 88021101, 88021145, 88021277, 88022001, 88022089, 88022133, 88023485, 88023529, 88024789, 88024833, 88024965, 88025061, 88025281, 88025597, 88025873, 88026005, 88026409, 88026593, 88027129, 88027173, 88028565, 88029381, 88029513, 88029645, 88029689, 88029777, 88029789, 88030193, 88030281, 88030549, 88030641, 88032569, 88032621, 88032973, 88033561, 88033925, 88034645, 88034781, 88035049, 88035185, 88035229, 88035501, 88035721, 88036217, 88038069, 88038921, 88039325, 88039417, 88039465, 88039957, 88041397, 88041665, 88041893, 88041941, 88042749, 88043021, 88043153, 88043873, 88044497, 88044545, 88044681, 88044905, 88045085, 88045353, 88045713, 88045809, 88045989, 88046033, 88046257, 88046437, 88046665, 88046797, 88046885, 88046981, 88047245, 88047517, 88047737, 88048281, 88049405, 88049493, 88049585, 88049857, 88049905, 88050037, 88050713, 88052061, 88052285, 88052329, 88052465, 88052509, 88053317, 88053545, 88054357, 88054577, 88054629, 88055077, 88055301, 88055749, 88056017, 88056785, 88057769, 88057869, 88058001, 88058229, 88058993, 88059125, 88059349, 88059573, 88059665, 88061061, 88061729, 88061961, 88062141, 88062409, 88063221, 88064565, 88064657, 88064837, 88066053, 88066145, 88066325, 88066729, 88066865, 88067177, 88067181, 88067853, 88068213, 88068525, 88068665, 88068841, 88069473, 88069517, 88069737, 88069793, 88069925, 88070061, 88070285, 88071589, 88071677, 88071949, 88072889, 88073029, 88074201, 88074425, 88075725, 88075817, 88076401, 88076445, 88076629, 88076761, 88077345, 88077525, 88077569, 88077613], label_0=56, label_1=384
    Val: 148 samples, 72 subjects [87974621, 87976193, 87977045, 87980417, 88005805, 88006117, 88006161, 88013177, 88015249, 88015477, 88017409, 88018937, 88020381, 88020737, 88025013, 88025465, 88025641, 88026857, 88027713, 88029601, 88030369, 88032665, 88033201, 88034733, 88035497, 88035677, 88036037, 88039057, 88039773, 88041261, 88041805, 88042837, 88042969, 88044501, 88046349, 88048325, 88048461, 88048729, 88048817, 88049537, 88051073, 88052013, 88053453, 88054313, 88057913, 88058633, 88060249, 88061105, 88062545, 88063445, 88064793, 88065197, 88066281, 88067225, 88067357, 88068481, 88068885, 88069069, 88069605, 88069837, 88071005, 88071857, 88072081, 88072125, 88072573, 88072581, 88073797, 88075053, 88075457, 88075769, 88076849, 88076941], label_0=20, label_1=128
   Test: 146 samples, 71 subjects [87976461, 87976641, 87976817, 87976953, 87980329, 87980689, 88006209, 88006837, 88008681, 88009901, 88010033, 88010709, 88016105, 88019569, 88019973, 88020017, 88020873, 88021321, 88022765, 88023125, 88024697, 88025057, 88025105, 88025685, 88026233, 88026321, 88026769, 88028253, 88029833, 88032841, 88033377, 88034061, 88034105, 88035589, 88040449, 88043065, 88043373, 88043381, 88043425, 88046569, 88047377, 88047789, 88047921, 88048953, 88049089, 88049813, 88050169, 88052197, 88052869, 88053997, 88054181, 88055121, 88057461, 88059169, 88059397, 88060429, 88061597, 88065241, 88065329, 88065425, 88066773, 88067989, 88069649, 88069741, 88070149, 88071409, 88071993, 88072265, 88072933, 88073433, 88075233], label_0=18, label_1=128
  Building window datasets...
    WindowDataset: 36712 windows (class_0=1336, class_1=35376)
    WindowDataset: 3519 windows (class_0=474, class_1=3045)
    WindowDataset: 3470 windows (class_0=426, class_1=3044)
[CBraMod] Loaded 209/209 params from weights/cbramod-base/pretrained_weights.pth
  Fold 2 | Ep   1/50 | t_loss=0.1711 t_acc=0.658 | v_win_bal=0.548 v_rec_bal=0.545 | lr=3.3e-06 | 70.5s
  Fold 2 | Ep   2/50 | t_loss=0.1713 t_acc=0.893 | v_win_bal=0.539 v_rec_bal=0.534 | lr=6.7e-06 | 72.2s
  Fold 2 | Ep   3/50 | t_loss=0.1702 t_acc=0.856 | v_win_bal=0.544 v_rec_bal=0.541 | lr=1.0e-05 | 72.1s
  Fold 2 | Ep   4/50 | t_loss=0.1697 t_acc=0.822 | v_win_bal=0.500 v_rec_bal=0.500 | lr=1.0e-05 | 71.7s
  Fold 2 | Ep   5/50 | t_loss=0.1699 t_acc=0.810 | v_win_bal=0.483 v_rec_bal=0.481 | lr=1.0e-05 | 71.6s
  Fold 2 | Ep   6/50 | t_loss=0.1692 t_acc=0.791 | v_win_bal=0.486 v_rec_bal=0.487 | lr=9.9e-06 | 69.4s
  Fold 2 | Ep   7/50 | t_loss=0.1695 t_acc=0.774 | v_win_bal=0.492 v_rec_bal=0.492 | lr=9.8e-06 | 69.1s
  Fold 2 | Ep   8/50 | t_loss=0.1689 t_acc=0.790 | v_win_bal=0.433 v_rec_bal=0.432 | lr=9.7e-06 | 69.2s
  Fold 2 | Ep   9/50 | t_loss=0.1685 t_acc=0.768 | v_win_bal=0.430 v_rec_bal=0.428 | lr=9.6e-06 | 69.3s
  Fold 2 | Ep  10/50 | t_loss=0.1682 t_acc=0.776 | v_win_bal=0.419 v_rec_bal=0.420 | lr=9.5e-06 | 69.5s
  Fold 2 | Ep  11/50 | t_loss=0.1672 t_acc=0.753 | v_win_bal=0.458 v_rec_bal=0.459 | lr=9.3e-06 | 71.7s
  Fold 2 | Ep  12/50 | t_loss=0.1670 t_acc=0.787 | v_win_bal=0.493 v_rec_bal=0.493 | lr=9.1e-06 | 72.2s
  Fold 2 | Ep  13/50 | t_loss=0.1648 t_acc=0.737 | v_win_bal=0.492 v_rec_bal=0.492 | lr=8.9e-06 | 72.1s
  Fold 2 | Ep  14/50 | t_loss=0.1659 t_acc=0.784 | v_win_bal=0.471 v_rec_bal=0.477 | lr=8.7e-06 | 69.8s
  Fold 2 | Ep  15/50 | t_loss=0.1653 t_acc=0.780 | v_win_bal=0.498 v_rec_bal=0.497 | lr=8.5e-06 | 69.7s
  Fold 2 | Ep  16/50 | t_loss=0.1649 t_acc=0.748 | v_win_bal=0.507 v_rec_bal=0.509 | lr=8.2e-06 | 69.6s
  Early stop at epoch 16
  Extracting test-fold features (146 recordings)...
  Features shape: (146, 200)
  Saved features → results/features_cache/ft_cbramod_tdbrain/fold2_features.npz
  -> Test (best @ epoch 1): acc=0.8288, bal_acc=0.6159

============================================================
Fold 3/5
============================================================
  Train: 440 samples, 216 subjects [87974617, 87974621, 87974841, 87974973, 87976193, 87976369, 87976461, 87976505, 87976641, 87976953, 87980197, 87980241, 87980329, 87980373, 87980417, 87980689, 88000181, 88000313, 88000533, 88001661, 88005805, 88005937, 88005985, 88006117, 88006161, 88006209, 88006837, 88008321, 88008997, 88010033, 88010709, 88010753, 88010981, 88011333, 88011833, 88012053, 88012817, 88013813, 88015029, 88015205, 88015249, 88015477, 88017137, 88017765, 88017821, 88017865, 88018717, 88018989, 88019569, 88019973, 88020017, 88020109, 88020153, 88020425, 88020557, 88020737, 88020873, 88020917, 88021145, 88021277, 88023125, 88023485, 88023529, 88024697, 88024965, 88025013, 88025057, 88025105, 88025597, 88025685, 88026233, 88026321, 88026409, 88027173, 88027713, 88028253, 88028565, 88029381, 88029601, 88029833, 88030193, 88030281, 88030549, 88030641, 88032665, 88032841, 88032973, 88033201, 88033377, 88033561, 88034061, 88034645, 88035049, 88035229, 88035497, 88035501, 88035589, 88036217, 88038069, 88039325, 88039417, 88039773, 88040449, 88041397, 88041665, 88041805, 88041893, 88042837, 88043065, 88043153, 88043373, 88043381, 88043425, 88044501, 88044545, 88044681, 88044905, 88045353, 88045713, 88045809, 88046257, 88046569, 88046665, 88046797, 88047377, 88047517, 88047921, 88048281, 88048325, 88048729, 88049089, 88049405, 88049493, 88049537, 88049813, 88049857, 88050037, 88051073, 88052197, 88052329, 88052465, 88052509, 88052869, 88053317, 88053545, 88053997, 88054181, 88054313, 88054357, 88054577, 88054629, 88055077, 88055121, 88056017, 88056785, 88057461, 88057769, 88057913, 88058229, 88059125, 88059397, 88059665, 88060249, 88061061, 88061597, 88061961, 88062141, 88062409, 88063221, 88063445, 88064565, 88064657, 88065197, 88065241, 88065329, 88066145, 88066729, 88066773, 88066865, 88067181, 88067225, 88067853, 88067989, 88068213, 88068665, 88068841, 88069069, 88069605, 88069649, 88069741, 88069793, 88070149, 88070285, 88071005, 88071409, 88071857, 88071949, 88071993, 88072125, 88072265, 88072573, 88073029, 88073797, 88075053, 88075233, 88075457, 88075725, 88076401, 88076445, 88076629, 88076761, 88076849, 88076941, 88077345, 88077569, 88077613], label_0=56, label_1=384
    Val: 148 samples, 72 subjects [87974709, 87976773, 87976817, 87980869, 87980913, 87982849, 88005849, 88005893, 88005941, 88008681, 88009901, 88010929, 88013905, 88016105, 88018941, 88021053, 88021321, 88022089, 88022133, 88022765, 88025641, 88025873, 88026593, 88026769, 88027129, 88029513, 88029777, 88032569, 88034105, 88035677, 88035721, 88038921, 88039057, 88039465, 88039957, 88041261, 88042969, 88045085, 88046437, 88047789, 88048461, 88048953, 88049905, 88050169, 88050713, 88052285, 88053453, 88055301, 88057869, 88059169, 88059573, 88060429, 88061105, 88061729, 88062545, 88064793, 88065425, 88066053, 88066325, 88067357, 88068481, 88068525, 88069517, 88069737, 88070061, 88071589, 88072889, 88072933, 88073433, 88074201, 88075769, 88075817], label_0=20, label_1=128
   Test: 146 samples, 71 subjects [87974665, 87976413, 87976457, 87977045, 87982225, 87999321, 88000489, 88002789, 88003869, 88004853, 88006477, 88012461, 88013177, 88016465, 88017409, 88018937, 88019393, 88020021, 88020381, 88021101, 88022001, 88024789, 88024833, 88025061, 88025281, 88025465, 88026005, 88026857, 88029645, 88029689, 88029789, 88030369, 88032621, 88033925, 88034733, 88034781, 88035185, 88036037, 88041941, 88042749, 88043021, 88043873, 88044497, 88045989, 88046033, 88046349, 88046885, 88046981, 88047245, 88047737, 88048817, 88049585, 88052013, 88052061, 88055749, 88058001, 88058633, 88058993, 88059349, 88064837, 88066281, 88067177, 88068885, 88069473, 88069837, 88069925, 88071677, 88072081, 88072581, 88074425, 88077525], label_0=18, label_1=128
  Building window datasets...
    WindowDataset: 36680 windows (class_0=1336, class_1=35344)
    WindowDataset: 3517 windows (class_0=472, class_1=3045)
    WindowDataset: 3480 windows (class_0=428, class_1=3052)
[CBraMod] Loaded 209/209 params from weights/cbramod-base/pretrained_weights.pth
  Fold 3 | Ep   1/50 | t_loss=0.2347 t_acc=0.964 | v_win_bal=0.500 v_rec_bal=0.500 | lr=3.3e-06 | 69.4s
  Fold 3 | Ep   2/50 | t_loss=0.1809 t_acc=0.964 | v_win_bal=0.500 v_rec_bal=0.500 | lr=6.7e-06 | 69.0s
  Fold 3 | Ep   3/50 | t_loss=0.1736 t_acc=0.940 | v_win_bal=0.476 v_rec_bal=0.477 | lr=1.0e-05 | 69.1s
  Fold 3 | Ep   4/50 | t_loss=0.1724 t_acc=0.896 | v_win_bal=0.476 v_rec_bal=0.477 | lr=1.0e-05 | 69.4s
  Fold 3 | Ep   5/50 | t_loss=0.1720 t_acc=0.893 | v_win_bal=0.483 v_rec_bal=0.487 | lr=1.0e-05 | 71.6s
  Fold 3 | Ep   6/50 | t_loss=0.1701 t_acc=0.865 | v_win_bal=0.461 v_rec_bal=0.457 | lr=9.9e-06 | 71.7s
  Fold 3 | Ep   7/50 | t_loss=0.1689 t_acc=0.853 | v_win_bal=0.398 v_rec_bal=0.395 | lr=9.8e-06 | 71.6s
  Fold 3 | Ep   8/50 | t_loss=0.1690 t_acc=0.847 | v_win_bal=0.456 v_rec_bal=0.453 | lr=9.7e-06 | 71.6s
  Fold 3 | Ep   9/50 | t_loss=0.1704 t_acc=0.874 | v_win_bal=0.551 v_rec_bal=0.532 | lr=9.6e-06 | 71.6s
  Fold 3 | Ep  10/50 | t_loss=0.1686 t_acc=0.841 | v_win_bal=0.569 v_rec_bal=0.568 | lr=9.5e-06 | 71.8s
  Fold 3 | Ep  11/50 | t_loss=0.1675 t_acc=0.857 | v_win_bal=0.558 v_rec_bal=0.555 | lr=9.3e-06 | 71.7s
  Fold 3 | Ep  12/50 | t_loss=0.1688 t_acc=0.860 | v_win_bal=0.455 v_rec_bal=0.457 | lr=9.1e-06 | 71.8s
  Fold 3 | Ep  13/50 | t_loss=0.1676 t_acc=0.863 | v_win_bal=0.459 v_rec_bal=0.460 | lr=8.9e-06 | 71.7s
  Fold 3 | Ep  14/50 | t_loss=0.1681 t_acc=0.871 | v_win_bal=0.440 v_rec_bal=0.438 | lr=8.7e-06 | 71.7s
  Fold 3 | Ep  15/50 | t_loss=0.1659 t_acc=0.873 | v_win_bal=0.477 v_rec_bal=0.476 | lr=8.5e-06 | 71.9s
  Fold 3 | Ep  16/50 | t_loss=0.1641 t_acc=0.867 | v_win_bal=0.450 v_rec_bal=0.448 | lr=8.2e-06 | 71.8s
  Fold 3 | Ep  17/50 | t_loss=0.1617 t_acc=0.867 | v_win_bal=0.420 v_rec_bal=0.418 | lr=8.0e-06 | 71.7s
  Fold 3 | Ep  18/50 | t_loss=0.1640 t_acc=0.868 | v_win_bal=0.488 v_rec_bal=0.498 | lr=7.7e-06 | 71.7s
  Fold 3 | Ep  19/50 | t_loss=0.1612 t_acc=0.856 | v_win_bal=0.449 v_rec_bal=0.445 | lr=7.4e-06 | 71.7s
  Fold 3 | Ep  20/50 | t_loss=0.1620 t_acc=0.853 | v_win_bal=0.414 v_rec_bal=0.420 | lr=7.1e-06 | 69.8s
  Fold 3 | Ep  21/50 | t_loss=0.1612 t_acc=0.851 | v_win_bal=0.411 v_rec_bal=0.416 | lr=6.8e-06 | 69.3s
  Fold 3 | Ep  22/50 | t_loss=0.1576 t_acc=0.818 | v_win_bal=0.393 v_rec_bal=0.394 | lr=6.5e-06 | 69.3s
  Fold 3 | Ep  23/50 | t_loss=0.1590 t_acc=0.821 | v_win_bal=0.404 v_rec_bal=0.401 | lr=6.2e-06 | 69.1s
  Fold 3 | Ep  24/50 | t_loss=0.1573 t_acc=0.804 | v_win_bal=0.403 v_rec_bal=0.402 | lr=5.8e-06 | 69.3s
  Fold 3 | Ep  25/50 | t_loss=0.1576 t_acc=0.817 | v_win_bal=0.395 v_rec_bal=0.398 | lr=5.5e-06 | 69.0s
  Fold 3 | Ep  26/50 | t_loss=0.1566 t_acc=0.802 | v_win_bal=0.440 v_rec_bal=0.444 | lr=5.2e-06 | 70.3s
  Early stop at epoch 26
  Extracting test-fold features (146 recordings)...
  Features shape: (146, 200)
  Saved features → results/features_cache/ft_cbramod_tdbrain/fold3_features.npz
  -> Test (best @ epoch 10): acc=0.6918, bal_acc=0.3945

============================================================
Fold 4/5
============================================================
  Train: 440 samples, 215 subjects [87974617, 87974621, 87974665, 87974709, 87976457, 87976461, 87976505, 87976641, 87976817, 87976953, 87980241, 87980329, 87980373, 87980417, 87980869, 87982225, 87999321, 88000181, 88000489, 88001661, 88002789, 88003869, 88005805, 88005937, 88005985, 88006117, 88006161, 88006209, 88006477, 88008681, 88008997, 88010033, 88011333, 88011833, 88012053, 88012461, 88015029, 88015205, 88015477, 88016105, 88016465, 88017409, 88017765, 88017865, 88019393, 88019569, 88019973, 88020017, 88020021, 88020109, 88020153, 88020381, 88020425, 88020873, 88020917, 88021101, 88021145, 88021277, 88021321, 88022001, 88022089, 88022765, 88023125, 88023485, 88024697, 88024833, 88024965, 88025013, 88025057, 88025061, 88025281, 88025465, 88025597, 88025685, 88026005, 88026233, 88026769, 88026857, 88027129, 88028253, 88029381, 88029601, 88029645, 88029777, 88029789, 88029833, 88030193, 88030281, 88030369, 88030641, 88032569, 88032665, 88032841, 88033201, 88033377, 88033561, 88033925, 88034105, 88034645, 88034781, 88035049, 88035185, 88035497, 88035589, 88036037, 88036217, 88039057, 88039417, 88039773, 88039957, 88040449, 88041261, 88041893, 88041941, 88042749, 88042969, 88043021, 88043065, 88043373, 88043425, 88043873, 88044497, 88044501, 88044681, 88045353, 88045809, 88045989, 88046257, 88046569, 88046797, 88046885, 88046981, 88047377, 88047789, 88047921, 88048281, 88048729, 88048817, 88048953, 88049813, 88049857, 88049905, 88050169, 88050713, 88051073, 88052013, 88052061, 88052197, 88052285, 88052329, 88052509, 88052869, 88053453, 88053997, 88054181, 88054357, 88055301, 88056785, 88057461, 88057869, 88058001, 88058633, 88058993, 88059125, 88059665, 88060429, 88061061, 88061597, 88062141, 88062409, 88062545, 88063445, 88064793, 88064837, 88065241, 88065329, 88065425, 88066053, 88066281, 88066865, 88067177, 88067181, 88067225, 88068481, 88068665, 88068841, 88069473, 88069517, 88069605, 88069649, 88069741, 88069837, 88070149, 88070285, 88071005, 88071409, 88071589, 88071677, 88071857, 88071949, 88071993, 88072265, 88072889, 88072933, 88073433, 88073797, 88074201, 88074425, 88075233, 88076401, 88076629, 88076849, 88076941, 88077525, 88077613], label_0=56, label_1=384
    Val: 148 samples, 72 subjects [87976193, 87976369, 87976413, 87977045, 87980689, 87980913, 88004853, 88005849, 88005893, 88006837, 88009901, 88010709, 88010929, 88010981, 88012817, 88013177, 88013905, 88017821, 88018717, 88018937, 88020557, 88021053, 88024789, 88025105, 88025873, 88026321, 88027713, 88029689, 88030549, 88032621, 88034061, 88034733, 88035229, 88035721, 88041397, 88041665, 88043381, 88044545, 88045085, 88046033, 88046349, 88046437, 88046665, 88047245, 88047737, 88049089, 88049537, 88049585, 88054577, 88055121, 88055749, 88056017, 88057769, 88057913, 88059169, 88059349, 88059397, 88060249, 88061961, 88065197, 88066729, 88066773, 88067357, 88067989, 88068525, 88068885, 88069737, 88069925, 88072081, 88072125, 88072581, 88075817], label_0=20, label_1=128
   Test: 146 samples, 72 subjects [87974841, 87974973, 87976773, 87980197, 87982849, 88000313, 88000533, 88005941, 88008321, 88010753, 88013813, 88015249, 88017137, 88018941, 88018989, 88020737, 88022133, 88023529, 88025641, 88026409, 88026593, 88027173, 88028565, 88029513, 88032973, 88035501, 88035677, 88038069, 88038921, 88039325, 88039465, 88041805, 88042837, 88043153, 88044905, 88045713, 88047517, 88048325, 88048461, 88049405, 88049493, 88050037, 88052465, 88053317, 88053545, 88054313, 88054629, 88055077, 88058229, 88059573, 88061105, 88061729, 88063221, 88064565, 88064657, 88066145, 88066325, 88067853, 88068213, 88069069, 88069793, 88070061, 88072573, 88073029, 88075053, 88075457, 88075725, 88075769, 88076445, 88076761, 88077345, 88077569], label_0=18, label_1=128
  Building window datasets...
    WindowDataset: 36740 windows (class_0=1332, class_1=35408)
    WindowDataset: 3514 windows (class_0=474, class_1=3040)
    WindowDataset: 3471 windows (class_0=430, class_1=3041)
[CBraMod] Loaded 209/209 params from weights/cbramod-base/pretrained_weights.pth
  Fold 4 | Ep   1/50 | t_loss=0.2090 t_acc=0.129 | v_win_bal=0.555 v_rec_bal=0.560 | lr=3.3e-06 | 71.8s
  Fold 4 | Ep   2/50 | t_loss=0.1709 t_acc=0.849 | v_win_bal=0.541 v_rec_bal=0.542 | lr=6.7e-06 | 71.8s
  Fold 4 | Ep   3/50 | t_loss=0.1718 t_acc=0.873 | v_win_bal=0.553 v_rec_bal=0.545 | lr=1.0e-05 | 71.7s
  Fold 4 | Ep   4/50 | t_loss=0.1721 t_acc=0.856 | v_win_bal=0.603 v_rec_bal=0.613 | lr=1.0e-05 | 71.6s
  Fold 4 | Ep   5/50 | t_loss=0.1711 t_acc=0.796 | v_win_bal=0.613 v_rec_bal=0.613 | lr=1.0e-05 | 72.3s
  Fold 4 | Ep   6/50 | t_loss=0.1729 t_acc=0.843 | v_win_bal=0.485 v_rec_bal=0.484 | lr=9.9e-06 | 72.1s
  Fold 4 | Ep   7/50 | t_loss=0.1732 t_acc=0.820 | v_win_bal=0.485 v_rec_bal=0.484 | lr=9.8e-06 | 72.0s
  Fold 4 | Ep   8/50 | t_loss=0.1743 t_acc=0.856 | v_win_bal=0.488 v_rec_bal=0.495 | lr=9.7e-06 | 72.1s
  Fold 4 | Ep   9/50 | t_loss=0.1712 t_acc=0.801 | v_win_bal=0.492 v_rec_bal=0.495 | lr=9.6e-06 | 72.1s
  Fold 4 | Ep  10/50 | t_loss=0.1711 t_acc=0.784 | v_win_bal=0.439 v_rec_bal=0.433 | lr=9.5e-06 | 72.1s
  Fold 4 | Ep  11/50 | t_loss=0.1716 t_acc=0.811 | v_win_bal=0.546 v_rec_bal=0.540 | lr=9.3e-06 | 72.0s
  Fold 4 | Ep  12/50 | t_loss=0.1692 t_acc=0.785 | v_win_bal=0.418 v_rec_bal=0.421 | lr=9.1e-06 | 72.1s
  Fold 4 | Ep  13/50 | t_loss=0.1702 t_acc=0.826 | v_win_bal=0.449 v_rec_bal=0.448 | lr=8.9e-06 | 72.1s
  Fold 4 | Ep  14/50 | t_loss=0.1678 t_acc=0.826 | v_win_bal=0.512 v_rec_bal=0.509 | lr=8.7e-06 | 72.0s
  Fold 4 | Ep  15/50 | t_loss=0.1695 t_acc=0.864 | v_win_bal=0.506 v_rec_bal=0.495 | lr=8.5e-06 | 72.2s
  Fold 4 | Ep  16/50 | t_loss=0.1673 t_acc=0.841 | v_win_bal=0.564 v_rec_bal=0.559 | lr=8.2e-06 | 70.5s
  Fold 4 | Ep  17/50 | t_loss=0.1644 t_acc=0.781 | v_win_bal=0.442 v_rec_bal=0.427 | lr=8.0e-06 | 69.4s
  Fold 4 | Ep  18/50 | t_loss=0.1662 t_acc=0.844 | v_win_bal=0.522 v_rec_bal=0.512 | lr=7.7e-06 | 69.6s
  Fold 4 | Ep  19/50 | t_loss=0.1642 t_acc=0.822 | v_win_bal=0.513 v_rec_bal=0.512 | lr=7.4e-06 | 69.4s
  Fold 4 | Ep  20/50 | t_loss=0.1668 t_acc=0.841 | v_win_bal=0.580 v_rec_bal=0.577 | lr=7.1e-06 | 69.4s
  Early stop at epoch 20
  Extracting test-fold features (146 recordings)...
  Features shape: (146, 200)
  Saved features → results/features_cache/ft_cbramod_tdbrain/fold4_features.npz
  -> Test (best @ epoch 4): acc=0.6849, bal_acc=0.5339

============================================================
Fold 5/5
============================================================
  Train: 438 samples, 214 subjects [87974841, 87974973, 87976457, 87976461, 87976641, 87976773, 87976817, 87977045, 87980197, 87980373, 87980689, 87980869, 87982225, 87982849, 88000313, 88000489, 88000533, 88002789, 88004853, 88005937, 88005941, 88006161, 88006209, 88006837, 88008321, 88008681, 88008997, 88009901, 88010033, 88010753, 88010981, 88013177, 88015029, 88015205, 88015477, 88016105, 88017409, 88017865, 88018937, 88018941, 88018989, 88019393, 88019569, 88019973, 88020021, 88020109, 88020381, 88020425, 88020557, 88020737, 88021053, 88021101, 88022133, 88022765, 88023125, 88023529, 88024697, 88025057, 88025105, 88025281, 88025465, 88025597, 88025641, 88025685, 88026005, 88026233, 88026321, 88026409, 88026593, 88026857, 88027129, 88027173, 88028253, 88028565, 88029645, 88029689, 88029789, 88029833, 88030193, 88030549, 88032621, 88032665, 88032973, 88033925, 88034061, 88034105, 88034645, 88034733, 88034781, 88035049, 88035185, 88035229, 88035497, 88035589, 88035677, 88036037, 88038921, 88039417, 88039773, 88039957, 88040449, 88041261, 88041665, 88041805, 88041893, 88042749, 88042837, 88043021, 88043065, 88043153, 88043373, 88043381, 88043425, 88043873, 88044497, 88045085, 88045809, 88045989, 88046569, 88046797, 88046981, 88047377, 88047517, 88047737, 88047789, 88048325, 88048461, 88048729, 88048817, 88048953, 88049089, 88049405, 88049493, 88049585, 88049813, 88050037, 88052013, 88052061, 88052869, 88053317, 88054181, 88054313, 88054357, 88054577, 88055121, 88055301, 88055749, 88057461, 88057769, 88057869, 88058001, 88058229, 88058633, 88059349, 88059665, 88060429, 88061597, 88061729, 88062409, 88062545, 88063221, 88064565, 88064657, 88064793, 88064837, 88065197, 88065241, 88065329, 88065425, 88066053, 88066145, 88066281, 88066773, 88067177, 88067181, 88067225, 88067853, 88067989, 88068213, 88068481, 88068665, 88069069, 88069473, 88069649, 88069793, 88069837, 88069925, 88070061, 88070149, 88070285, 88071409, 88071677, 88071857, 88071993, 88072081, 88072265, 88072573, 88072581, 88072889, 88072933, 88073029, 88073433, 88074425, 88075053, 88075233, 88075457, 88075725, 88075769, 88075817, 88076445, 88076761, 88076849, 88077345, 88077569], label_0=54, label_1=384
    Val: 148 samples, 72 subjects [87974665, 87976369, 87976413, 87976953, 87980329, 87999321, 88003869, 88005805, 88006477, 88010709, 88012053, 88012461, 88013813, 88013905, 88015249, 88016465, 88017137, 88017821, 88020017, 88020873, 88020917, 88021321, 88022001, 88024789, 88024833, 88024965, 88025061, 88026769, 88029513, 88030369, 88030641, 88032841, 88033377, 88035501, 88038069, 88039325, 88039465, 88041941, 88044545, 88044905, 88045713, 88046033, 88046349, 88046665, 88046885, 88047245, 88047921, 88050169, 88050713, 88051073, 88052197, 88052329, 88052465, 88053545, 88053997, 88054629, 88055077, 88056017, 88058993, 88059169, 88059397, 88059573, 88060249, 88061061, 88061105, 88063445, 88066325, 88068841, 88068885, 88069741, 88071589, 88077525], label_0=20, label_1=128
   Test: 148 samples, 73 subjects [87974617, 87974621, 87974709, 87976193, 87976505, 87980241, 87980417, 87980913, 88000181, 88001661, 88005849, 88005893, 88005985, 88006117, 88010929, 88011333, 88011833, 88012817, 88017765, 88018717, 88020153, 88021145, 88021277, 88022089, 88023485, 88025013, 88025873, 88027713, 88029381, 88029601, 88029777, 88030281, 88032569, 88033201, 88033561, 88035721, 88036217, 88039057, 88041397, 88042969, 88044501, 88044681, 88045353, 88046257, 88046437, 88048281, 88049537, 88049857, 88049905, 88052285, 88052509, 88053453, 88056785, 88057913, 88059125, 88061961, 88062141, 88066729, 88066865, 88067357, 88068525, 88069517, 88069605, 88069737, 88071005, 88071949, 88072125, 88073797, 88074201, 88076401, 88076629, 88076941, 88077613], label_0=20, label_1=128
  Building window datasets...
    WindowDataset: 36672 windows (class_0=1284, class_1=35388)
    WindowDataset: 3511 windows (class_0=476, class_1=3035)
    WindowDataset: 3527 windows (class_0=476, class_1=3051)
[CBraMod] Loaded 209/209 params from weights/cbramod-base/pretrained_weights.pth
  Fold 5 | Ep   1/50 | t_loss=0.1757 t_acc=0.389 | v_win_bal=0.482 v_rec_bal=0.480 | lr=3.3e-06 | 71.7s
  Fold 5 | Ep   2/50 | t_loss=0.1739 t_acc=0.936 | v_win_bal=0.610 v_rec_bal=0.611 | lr=6.7e-06 | 71.9s
  Fold 5 | Ep   3/50 | t_loss=0.1685 t_acc=0.887 | v_win_bal=0.610 v_rec_bal=0.611 | lr=1.0e-05 | 73.4s
  Fold 5 | Ep   4/50 | t_loss=0.1673 t_acc=0.877 | v_win_bal=0.554 v_rec_bal=0.556 | lr=1.0e-05 | 72.7s
  Fold 5 | Ep   5/50 | t_loss=0.1665 t_acc=0.863 | v_win_bal=0.561 v_rec_bal=0.561 | lr=1.0e-05 | 72.6s
  Fold 5 | Ep   6/50 | t_loss=0.1667 t_acc=0.847 | v_win_bal=0.473 v_rec_bal=0.470 | lr=9.9e-06 | 72.7s
  Fold 5 | Ep   7/50 | t_loss=0.1667 t_acc=0.818 | v_win_bal=0.610 v_rec_bal=0.611 | lr=9.8e-06 | 72.7s
  Fold 5 | Ep   8/50 | t_loss=0.1655 t_acc=0.828 | v_win_bal=0.551 v_rec_bal=0.548 | lr=9.7e-06 | 72.7s
  Fold 5 | Ep   9/50 | t_loss=0.1666 t_acc=0.842 | v_win_bal=0.558 v_rec_bal=0.557 | lr=9.6e-06 | 72.5s
  Fold 5 | Ep  10/50 | t_loss=0.1651 t_acc=0.814 | v_win_bal=0.516 v_rec_bal=0.518 | lr=9.5e-06 | 72.4s
  Fold 5 | Ep  11/50 | t_loss=0.1655 t_acc=0.798 | v_win_bal=0.539 v_rec_bal=0.541 | lr=9.3e-06 | 72.5s
  Fold 5 | Ep  12/50 | t_loss=0.1651 t_acc=0.814 | v_win_bal=0.506 v_rec_bal=0.506 | lr=9.1e-06 | 72.4s
  Fold 5 | Ep  13/50 | t_loss=0.1656 t_acc=0.814 | v_win_bal=0.518 v_rec_bal=0.522 | lr=8.9e-06 | 72.4s
  Fold 5 | Ep  14/50 | t_loss=0.1660 t_acc=0.826 | v_win_bal=0.408 v_rec_bal=0.402 | lr=8.7e-06 | 72.4s
  Fold 5 | Ep  15/50 | t_loss=0.1645 t_acc=0.817 | v_win_bal=0.428 v_rec_bal=0.425 | lr=8.5e-06 | 72.4s
  Fold 5 | Ep  16/50 | t_loss=0.1653 t_acc=0.844 | v_win_bal=0.509 v_rec_bal=0.515 | lr=8.2e-06 | 72.4s
  Fold 5 | Ep  17/50 | t_loss=0.1645 t_acc=0.830 | v_win_bal=0.502 v_rec_bal=0.505 | lr=8.0e-06 | 72.5s
  Fold 5 | Ep  18/50 | t_loss=0.1648 t_acc=0.843 | v_win_bal=0.394 v_rec_bal=0.387 | lr=7.7e-06 | 72.4s
  Fold 5 | Ep  19/50 | t_loss=0.1644 t_acc=0.860 | v_win_bal=0.443 v_rec_bal=0.442 | lr=7.4e-06 | 72.1s
  Early stop at epoch 19
  Extracting test-fold features (148 recordings)...
  Features shape: (148, 200)
  Saved features → results/features_cache/ft_cbramod_tdbrain/fold5_features.npz
  -> Test (best @ epoch 2): acc=0.8176, bal_acc=0.5359

============================================================
Global Results (5-Fold, subject-level CV)
Mode: FT | Extractor: cbramod | Loss: focal
============================================================
              acc: 0.7493
          bal_acc: 0.4978
               f1: 0.7619
            kappa: -0.0040
  Total predictions: 734 (should equal dataset size: 734)

Results saved to results/features_cache/ft_cbramod_tdbrain/
