/raid/jupyter-linjimmy1003.md10/.conda/envs/stress/lib/python3.11/site-packages/timm/models/layers/__init__.py:49: FutureWarning: Importing from timm.models.layers is deprecated, please import via timm.layers
  warnings.warn(f"Importing from {__name__} is deprecated, please import via timm.layers", FutureWarning)
Mode: FT | Extractor: cbramod | Folds: 5
LR: 0.0001 | WD: 0.05 | Beta2: 0.999 | Grad clip: 2.0
Head: hidden=128, dropout=0.0 | Norm: none | Loss: focal
Full FT: encoder_lr_scale=0.1
Augmentation: 75% overlap for increase class

Results → results/hp_sweep/20260410_dass/cbramod/cbramod_encoderlrscale0.1_lr1e-4_s42/
Dataset: 70 recordings loaded (14 increase, 56 normal)
Cache: 70 recordings ready (70 cached, 0 new)

============================================================
Fold 1/5
============================================================
  Train:  45 samples, 12 subjects [1, 2, 3, 4, 6, 7, 9, 10, 13, 14, 16, 18], label_0=34, label_1=11
    Val:  12 samples,  2 subjects [5, 11], label_0=11, label_1=1
   Test:  13 samples,  3 subjects [8, 12, 17], label_0=11, label_1=2
  Building window datasets...
    WindowDataset: 5684 windows (class_0=2641, class_1=3043)
    WindowDataset: 964 windows (class_0=903, class_1=61)
    WindowDataset: 1184 windows (class_0=1058, class_1=126)
[CBraMod] Loaded 209/209 params from weights/cbramod-base/pretrained_weights.pth
  Trainable parameters: 4,935,443
  Class weights: [1.0761075019836426, 0.9339467883110046]
  Fold 1 | Ep   1/50 | t_loss=0.1727 t_acc=0.559 | v_win_bal=0.327 v_rec_bal=0.273 | lr=3.3e-05 | 15.0s
  Fold 1 | Ep   2/50 | t_loss=0.1473 t_acc=0.701 | v_win_bal=0.479 v_rec_bal=0.500 | lr=6.7e-05 | 12.3s
  Fold 1 | Ep   3/50 | t_loss=0.1208 t_acc=0.792 | v_win_bal=0.358 v_rec_bal=0.273 | lr=1.0e-04 | 12.4s
  Fold 1 | Ep   4/50 | t_loss=0.1196 t_acc=0.794 | v_win_bal=0.373 v_rec_bal=0.273 | lr=1.0e-04 | 12.3s
  Fold 1 | Ep   5/50 | t_loss=0.1137 t_acc=0.812 | v_win_bal=0.438 v_rec_bal=0.500 | lr=1.0e-04 | 12.7s
  Fold 1 | Ep   6/50 | t_loss=0.1102 t_acc=0.824 | v_win_bal=0.447 v_rec_bal=0.500 | lr=9.9e-05 | 12.4s
  Fold 1 | Ep   7/50 | t_loss=0.1101 t_acc=0.817 | v_win_bal=0.450 v_rec_bal=0.500 | lr=9.8e-05 | 12.4s
  Fold 1 | Ep   8/50 | t_loss=0.1080 t_acc=0.823 | v_win_bal=0.459 v_rec_bal=0.500 | lr=9.7e-05 | 12.4s
  Fold 1 | Ep   9/50 | t_loss=0.1010 t_acc=0.839 | v_win_bal=0.474 v_rec_bal=0.500 | lr=9.6e-05 | 12.4s
  Fold 1 | Ep  10/50 | t_loss=0.0981 t_acc=0.847 | v_win_bal=0.470 v_rec_bal=0.500 | lr=9.5e-05 | 12.3s
  Fold 1 | Ep  11/50 | t_loss=0.0967 t_acc=0.843 | v_win_bal=0.477 v_rec_bal=0.500 | lr=9.3e-05 | 12.3s
  Fold 1 | Ep  12/50 | t_loss=0.0926 t_acc=0.856 | v_win_bal=0.493 v_rec_bal=0.500 | lr=9.1e-05 | 12.4s
  Fold 1 | Ep  13/50 | t_loss=0.0862 t_acc=0.859 | v_win_bal=0.498 v_rec_bal=0.500 | lr=8.9e-05 | 12.3s
  Fold 1 | Ep  14/50 | t_loss=0.0801 t_acc=0.870 | v_win_bal=0.499 v_rec_bal=0.500 | lr=8.7e-05 | 12.5s
  Fold 1 | Ep  15/50 | t_loss=0.0751 t_acc=0.879 | v_win_bal=0.434 v_rec_bal=0.500 | lr=8.5e-05 | 12.4s
  Fold 1 | Ep  16/50 | t_loss=0.0695 t_acc=0.886 | v_win_bal=0.380 v_rec_bal=0.318 | lr=8.2e-05 | 12.3s
  Fold 1 | Ep  17/50 | t_loss=0.0691 t_acc=0.892 | v_win_bal=0.370 v_rec_bal=0.318 | lr=8.0e-05 | 12.4s
  Fold 1 | Ep  18/50 | t_loss=0.0660 t_acc=0.900 | v_win_bal=0.355 v_rec_bal=0.273 | lr=7.7e-05 | 12.3s
  Fold 1 | Ep  19/50 | t_loss=0.0655 t_acc=0.896 | v_win_bal=0.330 v_rec_bal=0.273 | lr=7.4e-05 | 12.2s
  Fold 1 | Ep  20/50 | t_loss=0.0648 t_acc=0.899 | v_win_bal=0.327 v_rec_bal=0.227 | lr=7.1e-05 | 12.3s
  Fold 1 | Ep  21/50 | t_loss=0.0631 t_acc=0.900 | v_win_bal=0.310 v_rec_bal=0.227 | lr=6.8e-05 | 12.3s
  Fold 1 | Ep  22/50 | t_loss=0.0613 t_acc=0.908 | v_win_bal=0.355 v_rec_bal=0.273 | lr=6.5e-05 | 12.3s
  Early stop at epoch 22
  -> Test (best @ epoch 2): acc=0.8462, bal_acc=0.5000

============================================================
Fold 2/5
============================================================
  Train:  41 samples, 11 subjects [1, 2, 4, 6, 7, 9, 10, 13, 14, 17, 18], label_0=31, label_1=10
    Val:  17 samples,  4 subjects [3, 8, 12, 16], label_0=14, label_1=3
   Test:  12 samples,  2 subjects [5, 11], label_0=11, label_1=1
  Building window datasets...
    WindowDataset: 5250 windows (class_0=2460, class_1=2790)
    WindowDataset: 1429 windows (class_0=1239, class_1=190)
    WindowDataset: 964 windows (class_0=903, class_1=61)
[CBraMod] Loaded 209/209 params from weights/cbramod-base/pretrained_weights.pth
  Fold 2 | Ep   1/50 | t_loss=0.1728 t_acc=0.518 | v_win_bal=0.577 v_rec_bal=0.595 | lr=3.3e-05 | 12.1s
  Fold 2 | Ep   2/50 | t_loss=0.1487 t_acc=0.689 | v_win_bal=0.795 v_rec_bal=0.821 | lr=6.7e-05 | 13.2s
  Fold 2 | Ep   3/50 | t_loss=0.1248 t_acc=0.758 | v_win_bal=0.598 v_rec_bal=0.679 | lr=1.0e-04 | 12.2s
  Fold 2 | Ep   4/50 | t_loss=0.1120 t_acc=0.789 | v_win_bal=0.504 v_rec_bal=0.464 | lr=1.0e-04 | 12.3s
  Fold 2 | Ep   5/50 | t_loss=0.0922 t_acc=0.842 | v_win_bal=0.488 v_rec_bal=0.464 | lr=1.0e-04 | 12.4s
  Fold 2 | Ep   6/50 | t_loss=0.0781 t_acc=0.875 | v_win_bal=0.490 v_rec_bal=0.500 | lr=9.9e-05 | 12.4s
  Fold 2 | Ep   7/50 | t_loss=0.0765 t_acc=0.877 | v_win_bal=0.495 v_rec_bal=0.500 | lr=9.8e-05 | 12.3s
  Fold 2 | Ep   8/50 | t_loss=0.0739 t_acc=0.885 | v_win_bal=0.490 v_rec_bal=0.500 | lr=9.7e-05 | 12.2s
  Fold 2 | Ep   9/50 | t_loss=0.0671 t_acc=0.895 | v_win_bal=0.493 v_rec_bal=0.500 | lr=9.6e-05 | 12.5s
  Fold 2 | Ep  10/50 | t_loss=0.0677 t_acc=0.891 | v_win_bal=0.494 v_rec_bal=0.500 | lr=9.5e-05 | 12.2s
  Fold 2 | Ep  11/50 | t_loss=0.0657 t_acc=0.897 | v_win_bal=0.489 v_rec_bal=0.500 | lr=9.3e-05 | 12.2s
  Fold 2 | Ep  12/50 | t_loss=0.0630 t_acc=0.901 | v_win_bal=0.494 v_rec_bal=0.500 | lr=9.1e-05 | 12.1s
  Fold 2 | Ep  13/50 | t_loss=0.0642 t_acc=0.903 | v_win_bal=0.490 v_rec_bal=0.500 | lr=8.9e-05 | 12.1s
  Fold 2 | Ep  14/50 | t_loss=0.0626 t_acc=0.905 | v_win_bal=0.490 v_rec_bal=0.500 | lr=8.7e-05 | 12.9s
  Fold 2 | Ep  15/50 | t_loss=0.0630 t_acc=0.904 | v_win_bal=0.486 v_rec_bal=0.500 | lr=8.5e-05 | 12.2s
  Fold 2 | Ep  16/50 | t_loss=0.0584 t_acc=0.908 | v_win_bal=0.490 v_rec_bal=0.500 | lr=8.2e-05 | 12.1s
  Fold 2 | Ep  17/50 | t_loss=0.0561 t_acc=0.910 | v_win_bal=0.490 v_rec_bal=0.500 | lr=8.0e-05 | 12.0s
  Early stop at epoch 17
  -> Test (best @ epoch 2): acc=0.0833, bal_acc=0.5000

============================================================
Fold 3/5
============================================================
  Train:  45 samples, 11 subjects [1, 2, 3, 5, 6, 7, 8, 13, 16, 17, 18], label_0=35, label_1=10
    Val:  12 samples,  2 subjects [11, 12], label_0=11, label_1=1
   Test:  13 samples,  4 subjects [4, 9, 10, 14], label_0=10, label_1=3
  Building window datasets...
    WindowDataset: 4890 windows (class_0=2388, class_1=2502)
    WindowDataset: 1311 windows (class_0=1250, class_1=61)
    WindowDataset: 1226 windows (class_0=964, class_1=262)
[CBraMod] Loaded 209/209 params from weights/cbramod-base/pretrained_weights.pth
  Fold 3 | Ep   1/50 | t_loss=0.1743 t_acc=0.502 | v_win_bal=0.491 v_rec_bal=0.455 | lr=3.3e-05 | 11.2s
  Fold 3 | Ep   2/50 | t_loss=0.1670 t_acc=0.586 | v_win_bal=0.556 v_rec_bal=0.318 | lr=6.7e-05 | 11.2s
  Fold 3 | Ep   3/50 | t_loss=0.1522 t_acc=0.640 | v_win_bal=0.614 v_rec_bal=0.591 | lr=1.0e-04 | 11.3s
  Fold 3 | Ep   4/50 | t_loss=0.1419 t_acc=0.681 | v_win_bal=0.624 v_rec_bal=0.545 | lr=1.0e-04 | 11.2s
  Fold 3 | Ep   5/50 | t_loss=0.1316 t_acc=0.723 | v_win_bal=0.677 v_rec_bal=0.682 | lr=1.0e-04 | 11.2s
  Fold 3 | Ep   6/50 | t_loss=0.1228 t_acc=0.746 | v_win_bal=0.678 v_rec_bal=0.773 | lr=9.9e-05 | 11.3s
  Fold 3 | Ep   7/50 | t_loss=0.1167 t_acc=0.769 | v_win_bal=0.660 v_rec_bal=0.773 | lr=9.8e-05 | 10.6s
  Fold 3 | Ep   8/50 | t_loss=0.1104 t_acc=0.794 | v_win_bal=0.693 v_rec_bal=0.773 | lr=9.7e-05 | 10.1s
  Fold 3 | Ep   9/50 | t_loss=0.1042 t_acc=0.813 | v_win_bal=0.656 v_rec_bal=0.727 | lr=9.6e-05 | 10.1s
  Fold 3 | Ep  10/50 | t_loss=0.0969 t_acc=0.832 | v_win_bal=0.680 v_rec_bal=0.818 | lr=9.5e-05 | 10.2s
  Fold 3 | Ep  11/50 | t_loss=0.0914 t_acc=0.840 | v_win_bal=0.718 v_rec_bal=0.773 | lr=9.3e-05 | 10.1s
  Fold 3 | Ep  12/50 | t_loss=0.0855 t_acc=0.854 | v_win_bal=0.649 v_rec_bal=0.682 | lr=9.1e-05 | 10.0s
  Fold 3 | Ep  13/50 | t_loss=0.0834 t_acc=0.854 | v_win_bal=0.656 v_rec_bal=0.864 | lr=8.9e-05 | 10.6s
  Fold 3 | Ep  14/50 | t_loss=0.0772 t_acc=0.870 | v_win_bal=0.722 v_rec_bal=0.864 | lr=8.7e-05 | 10.1s
  Fold 3 | Ep  15/50 | t_loss=0.0753 t_acc=0.874 | v_win_bal=0.666 v_rec_bal=0.864 | lr=8.5e-05 | 10.3s
  Fold 3 | Ep  16/50 | t_loss=0.0707 t_acc=0.885 | v_win_bal=0.625 v_rec_bal=0.909 | lr=8.2e-05 | 10.1s
  Fold 3 | Ep  17/50 | t_loss=0.0662 t_acc=0.890 | v_win_bal=0.733 v_rec_bal=0.864 | lr=8.0e-05 | 10.1s
  Fold 3 | Ep  18/50 | t_loss=0.0718 t_acc=0.878 | v_win_bal=0.758 v_rec_bal=0.909 | lr=7.7e-05 | 10.1s
  Fold 3 | Ep  19/50 | t_loss=0.0653 t_acc=0.893 | v_win_bal=0.687 v_rec_bal=0.909 | lr=7.4e-05 | 10.1s
  Fold 3 | Ep  20/50 | t_loss=0.0614 t_acc=0.905 | v_win_bal=0.675 v_rec_bal=0.909 | lr=7.1e-05 | 10.1s
  Fold 3 | Ep  21/50 | t_loss=0.0580 t_acc=0.905 | v_win_bal=0.636 v_rec_bal=0.955 | lr=6.8e-05 | 10.4s
  Fold 3 | Ep  22/50 | t_loss=0.0582 t_acc=0.907 | v_win_bal=0.678 v_rec_bal=0.909 | lr=6.5e-05 | 10.1s
  Fold 3 | Ep  23/50 | t_loss=0.0553 t_acc=0.914 | v_win_bal=0.674 v_rec_bal=0.909 | lr=6.2e-05 | 9.8s
  Fold 3 | Ep  24/50 | t_loss=0.0500 t_acc=0.922 | v_win_bal=0.652 v_rec_bal=0.909 | lr=5.8e-05 | 9.8s
  Fold 3 | Ep  25/50 | t_loss=0.0517 t_acc=0.917 | v_win_bal=0.638 v_rec_bal=0.909 | lr=5.5e-05 | 9.8s
  Fold 3 | Ep  26/50 | t_loss=0.0496 t_acc=0.921 | v_win_bal=0.574 v_rec_bal=0.455 | lr=5.2e-05 | 9.9s
  Fold 3 | Ep  27/50 | t_loss=0.0517 t_acc=0.918 | v_win_bal=0.647 v_rec_bal=0.909 | lr=4.8e-05 | 9.8s
  Fold 3 | Ep  28/50 | t_loss=0.0483 t_acc=0.920 | v_win_bal=0.655 v_rec_bal=0.909 | lr=4.5e-05 | 9.8s
  Fold 3 | Ep  29/50 | t_loss=0.0428 t_acc=0.931 | v_win_bal=0.599 v_rec_bal=0.455 | lr=4.2e-05 | 9.8s
  Fold 3 | Ep  30/50 | t_loss=0.0468 t_acc=0.930 | v_win_bal=0.615 v_rec_bal=0.955 | lr=3.8e-05 | 9.8s
  Fold 3 | Ep  31/50 | t_loss=0.0429 t_acc=0.933 | v_win_bal=0.676 v_rec_bal=0.864 | lr=3.5e-05 | 9.8s
  Fold 3 | Ep  32/50 | t_loss=0.0422 t_acc=0.935 | v_win_bal=0.660 v_rec_bal=0.909 | lr=3.2e-05 | 9.8s
  Fold 3 | Ep  33/50 | t_loss=0.0397 t_acc=0.939 | v_win_bal=0.707 v_rec_bal=0.909 | lr=2.9e-05 | 9.8s
  Fold 3 | Ep  34/50 | t_loss=0.0384 t_acc=0.942 | v_win_bal=0.622 v_rec_bal=0.909 | lr=2.6e-05 | 9.8s
  Fold 3 | Ep  35/50 | t_loss=0.0381 t_acc=0.942 | v_win_bal=0.593 v_rec_bal=0.955 | lr=2.3e-05 | 9.8s
  Fold 3 | Ep  36/50 | t_loss=0.0390 t_acc=0.947 | v_win_bal=0.624 v_rec_bal=0.909 | lr=2.0e-05 | 9.8s
  Early stop at epoch 36
  -> Test (best @ epoch 21): acc=0.6923, bal_acc=0.4500

============================================================
Fold 4/5
============================================================
  Train:  40 samples, 10 subjects [1, 2, 4, 5, 9, 10, 11, 13, 14, 18], label_0=31, label_1=9
    Val:  13 samples,  3 subjects [8, 12, 17], label_0=11, label_1=2
   Test:  17 samples,  4 subjects [3, 6, 7, 16], label_0=14, label_1=3
  Building window datasets...
    WindowDataset: 5246 windows (class_0=2713, class_1=2533)
    WindowDataset: 1184 windows (class_0=1058, class_1=126)
    WindowDataset: 1021 windows (class_0=831, class_1=190)
[CBraMod] Loaded 209/209 params from weights/cbramod-base/pretrained_weights.pth
  Fold 4 | Ep   1/50 | t_loss=0.1729 t_acc=0.503 | v_win_bal=0.500 v_rec_bal=0.500 | lr=3.3e-05 | 10.3s
  Fold 4 | Ep   2/50 | t_loss=0.1634 t_acc=0.625 | v_win_bal=0.495 v_rec_bal=0.500 | lr=6.7e-05 | 10.3s
  Fold 4 | Ep   3/50 | t_loss=0.1447 t_acc=0.713 | v_win_bal=0.610 v_rec_bal=0.659 | lr=1.0e-04 | 10.2s
  Fold 4 | Ep   4/50 | t_loss=0.1316 t_acc=0.748 | v_win_bal=0.512 v_rec_bal=0.500 | lr=1.0e-04 | 10.3s
  Fold 4 | Ep   5/50 | t_loss=0.1132 t_acc=0.802 | v_win_bal=0.500 v_rec_bal=0.500 | lr=1.0e-04 | 10.3s
  Fold 4 | Ep   6/50 | t_loss=0.0963 t_acc=0.837 | v_win_bal=0.500 v_rec_bal=0.500 | lr=9.9e-05 | 10.3s
  Fold 4 | Ep   7/50 | t_loss=0.0978 t_acc=0.829 | v_win_bal=0.500 v_rec_bal=0.500 | lr=9.8e-05 | 10.2s
  Fold 4 | Ep   8/50 | t_loss=0.0911 t_acc=0.849 | v_win_bal=0.500 v_rec_bal=0.500 | lr=9.7e-05 | 11.0s
  Fold 4 | Ep   9/50 | t_loss=0.0878 t_acc=0.861 | v_win_bal=0.500 v_rec_bal=0.500 | lr=9.6e-05 | 12.6s
  Fold 4 | Ep  10/50 | t_loss=0.0812 t_acc=0.871 | v_win_bal=0.500 v_rec_bal=0.500 | lr=9.5e-05 | 12.0s
  Fold 4 | Ep  11/50 | t_loss=0.0792 t_acc=0.875 | v_win_bal=0.500 v_rec_bal=0.500 | lr=9.3e-05 | 11.9s
  Fold 4 | Ep  12/50 | t_loss=0.0759 t_acc=0.877 | v_win_bal=0.500 v_rec_bal=0.500 | lr=9.1e-05 | 11.8s
  Fold 4 | Ep  13/50 | t_loss=0.0738 t_acc=0.885 | v_win_bal=0.500 v_rec_bal=0.500 | lr=8.9e-05 | 11.8s
  Fold 4 | Ep  14/50 | t_loss=0.0720 t_acc=0.884 | v_win_bal=0.500 v_rec_bal=0.500 | lr=8.7e-05 | 11.8s
  Fold 4 | Ep  15/50 | t_loss=0.0723 t_acc=0.885 | v_win_bal=0.500 v_rec_bal=0.500 | lr=8.5e-05 | 11.8s
  Fold 4 | Ep  16/50 | t_loss=0.0697 t_acc=0.888 | v_win_bal=0.500 v_rec_bal=0.500 | lr=8.2e-05 | 11.8s
  Fold 4 | Ep  17/50 | t_loss=0.0669 t_acc=0.895 | v_win_bal=0.500 v_rec_bal=0.500 | lr=8.0e-05 | 11.8s
  Fold 4 | Ep  18/50 | t_loss=0.0664 t_acc=0.900 | v_win_bal=0.500 v_rec_bal=0.500 | lr=7.7e-05 | 11.7s
  Early stop at epoch 18
  -> Test (best @ epoch 3): acc=0.7059, bal_acc=0.8214

============================================================
Fold 5/5
============================================================
  Train:  43 samples, 11 subjects [3, 4, 5, 6, 7, 8, 9, 10, 14, 16, 17], label_0=35, label_1=8
    Val:  12 samples,  2 subjects [11, 12], label_0=11, label_1=1
   Test:  15 samples,  4 subjects [1, 2, 13, 18], label_0=10, label_1=5
  Building window datasets...
    WindowDataset: 4794 windows (class_0=2506, class_1=2288)
    WindowDataset: 1311 windows (class_0=1250, class_1=61)
    WindowDataset: 1163 windows (class_0=846, class_1=317)
[CBraMod] Loaded 209/209 params from weights/cbramod-base/pretrained_weights.pth
  Fold 5 | Ep   1/50 | t_loss=0.1732 t_acc=0.516 | v_win_bal=0.598 v_rec_bal=0.818 | lr=3.3e-05 | 11.0s
  Fold 5 | Ep   2/50 | t_loss=0.1683 t_acc=0.602 | v_win_bal=0.573 v_rec_bal=0.545 | lr=6.7e-05 | 11.0s
  Fold 5 | Ep   3/50 | t_loss=0.1445 t_acc=0.711 | v_win_bal=0.509 v_rec_bal=0.591 | lr=1.0e-04 | 11.0s
  Fold 5 | Ep   4/50 | t_loss=0.1338 t_acc=0.737 | v_win_bal=0.497 v_rec_bal=0.500 | lr=1.0e-04 | 11.0s
  Fold 5 | Ep   5/50 | t_loss=0.1305 t_acc=0.751 | v_win_bal=0.498 v_rec_bal=0.500 | lr=1.0e-04 | 11.0s
  Fold 5 | Ep   6/50 | t_loss=0.1281 t_acc=0.763 | v_win_bal=0.497 v_rec_bal=0.500 | lr=9.9e-05 | 11.0s
  Fold 5 | Ep   7/50 | t_loss=0.1196 t_acc=0.780 | v_win_bal=0.487 v_rec_bal=0.500 | lr=9.8e-05 | 10.9s
  Fold 5 | Ep   8/50 | t_loss=0.1202 t_acc=0.776 | v_win_bal=0.490 v_rec_bal=0.500 | lr=9.7e-05 | 11.0s
  Fold 5 | Ep   9/50 | t_loss=0.1115 t_acc=0.794 | v_win_bal=0.499 v_rec_bal=0.500 | lr=9.6e-05 | 11.0s
  Fold 5 | Ep  10/50 | t_loss=0.0975 t_acc=0.826 | v_win_bal=0.495 v_rec_bal=0.500 | lr=9.5e-05 | 11.0s
  Fold 5 | Ep  11/50 | t_loss=0.0935 t_acc=0.834 | v_win_bal=0.501 v_rec_bal=0.500 | lr=9.3e-05 | 10.9s
  Fold 5 | Ep  12/50 | t_loss=0.0855 t_acc=0.851 | v_win_bal=0.493 v_rec_bal=0.500 | lr=9.1e-05 | 11.0s
  Fold 5 | Ep  13/50 | t_loss=0.0827 t_acc=0.863 | v_win_bal=0.496 v_rec_bal=0.500 | lr=8.9e-05 | 11.0s
  Fold 5 | Ep  14/50 | t_loss=0.0762 t_acc=0.875 | v_win_bal=0.497 v_rec_bal=0.500 | lr=8.7e-05 | 11.1s
  Fold 5 | Ep  15/50 | t_loss=0.0811 t_acc=0.871 | v_win_bal=0.493 v_rec_bal=0.500 | lr=8.5e-05 | 11.0s
  Fold 5 | Ep  16/50 | t_loss=0.0702 t_acc=0.888 | v_win_bal=0.495 v_rec_bal=0.500 | lr=8.2e-05 | 11.3s
  Early stop at epoch 16
  -> Test (best @ epoch 1): acc=0.8000, bal_acc=0.7500

============================================================
Global Results (5-Fold, subject-level CV)
Mode: FT | Extractor: cbramod | Loss: focal
============================================================
              acc: 0.6429
          bal_acc: 0.5893
               f1: 0.6738
            kappa: 0.1379
  Total predictions: 70 (should equal dataset size: 70)

Results saved to results/hp_sweep/20260410_dass/cbramod/cbramod_encoderlrscale0.1_lr1e-4_s42/
1_lr1e-4_s42/
